15:15:03: local_reinforcement_logger.log_message +32: INFO     starting an RL run
15:15:04: local_reinforcement_logger.timestep_report +41: INFO     
 Step 0   Fraction valid SMILES: 100.0   Score: 0.5000   Time elapsed: 0   Time left: 0.0
  Agent     Prior     Target     Score     SMILES
-24.61    -24.61    -11.91      0.40      c1(OC)ccc(C(n2c(C)ccc2C)=CC(=O)OC)cc1
-31.23    -31.23    -19.57      0.36      O(C(=O)c1ccc([N+](=O)[O-])cc1C=CC=CC)C
-36.39    -36.39    -33.02      0.11      O1CCCOc2ccc(CN(CCCC3CCC(NC(c4ccc(C)c(Br)c4)=O)CC3)C)cc21
-30.72    -30.72    -14.99      0.49      c1c2c([nH]ccc2=NCCCCCCCCCN=c2cc[nH]cc2)ccc1S(Nc1ccccc1)(=O)=O
-30.68    -30.68    -28.65      0.06      c12c(=Nc3ccc(NS(CCNC(=NC#N)NCCCN(C)C)(=O)=O)cc3)c3ccccc3[nH]c1c(C)ccc2
-16.17    -16.17      6.40      0.71      O=[N+]([O-])C=Cc1ccccc1
-33.02    -33.02    -14.88      0.57      c1c2c([nH]c(=O)c1)ncc(F)c2OCc1ccccc1Br
-34.88    -34.88    -28.17      0.21      Cc1ccc(Oc2c3c(cccc3)nc(C)c2)cc1NC(=O)Cc1ccccn1
-23.59    -23.59    -15.13      0.26      C(Cc1ccccc1)NC(COC(CNS(c1ccc(C)c(C)c1)(=O)=O)=O)=O
-20.92    -20.92      1.69      0.71      c1(NC2CCCC2)cc(Cl)c(Cl)cc1
Human-Component   raw_Human-Component
0.39677420258522034   0.39677420258522034   
0.36451613903045654   0.36451613903045654   
0.10537634044885635   0.10537634044885635   
0.4913978576660156   0.4913978576660156   
0.06344085931777954   0.06344085931777954   
0.7053763270378113   0.7053763270378113   
0.5666666626930237   0.5666666626930237   
0.20967741310596466   0.20967741310596466   
0.26451611518859863   0.26451611518859863   
0.7064515948295593   0.7064515948295593   

15:15:05: local_reinforcement_logger.timestep_report +41: INFO     
 Step 1   Fraction valid SMILES: 93.8   Score: 0.4688   Time elapsed: 2   Time left: 49.0
  Agent     Prior     Target     Score     SMILES
-41.82    -41.79    -37.38      0.14      c1cc(Cn2c3cc(Cl)c(C(NC(C(=O)O)Cc4ccc(-c5c(=O)n(C)ncc5)cc4)=O)cc3nc2CCCC)ccc1-c1ccccc1-c1n[nH]nn1
-29.87    -29.80    -19.16      0.33      c1c(CC(C(N)=O)N)ccc(NS(C2CCCCC2)(=O)=O)c1
-22.56    -22.56    -20.12      0.08      c1cc(C(=O)Nc2cc3c(C)cc(N4CCOCC4)nc3cc2)cc(OC)c1OC
-21.31    -21.32     -4.65      0.52      c1(=O)cc(N2CCOCC2)[nH]c(CO)n1
-31.71    -31.72    -11.35      0.64      C1CC(NC(=O)c2c(F)cccc2F)CCC1NC(c1c(Oc2cc(-c3ncccc3)ccc2)ncc(F)c1)=O
-16.30    -16.28      6.97      0.73      C1C(O)C2(C)C(C3CCc4c(ccc(O)c4)C3CC2)C1
-19.62    -19.58      1.66      0.66      c1(Cl)c(C2SCC(=O)N2n2cnnc2)ccc(Cl)c1
-22.61    -22.61     -6.49      0.50      c1cccc(C(OCCc2sc[n+](CC(=O)c3ccc(F)cc3)c2C)=O)c1
-24.79    -24.73    -10.31      0.45      c1c(C(C)C)ccc(NC(=O)N2CC=C(c3ncc(C(=O)C)s3)CC2)c1
-26.02    -25.99    -17.48      0.27      c1(NC(Nc2ccc(Oc3cccc(C(=O)Nc4cccc(C)c4)c3)cc2)=O)ccc(OC)cc1
Human-Component   raw_Human-Component
0.13793103396892548   0.13793103396892548   
0.3325123190879822   0.3325123190879822   
0.07635468244552612   0.07635468244552612   
0.5209359526634216   0.5209359526634216   
0.6366994976997375   0.6366994976997375   
0.7266010046005249   0.7266010046005249   
0.6637930870056152   0.6637930870056152   
0.5036945939064026   0.5036945939064026   
0.45073890686035156   0.45073890686035156   
0.2660098373889923   0.2660098373889923   

15:15:06: local_reinforcement_logger.timestep_report +41: INFO     
 Step 2   Fraction valid SMILES: 100.0   Score: 0.5000   Time elapsed: 3   Time left: 48.0
  Agent     Prior     Target     Score     SMILES
-24.95    -24.91     -1.96      0.72      n1nnn(C2CCCC2)c1C(c1cc(C)cc(C)c1)N1CCN(Cc2ccc3c(c2)OCO3)CC1
-29.34    -29.40    -13.02      0.51      O=C(O)c1ccc2c(c1)n(C)cc2C(=O)C(=O)N1CCC(Cc2ccccc2)CC1
-20.84    -20.95    -17.17      0.12      O=C(Nc1ccccc1)CSc1n(CC)c(CNc2ccc(F)cc2)nn1
-23.18    -23.23     -8.29      0.47      c1(CNC(=O)C2CCCC2C#N)ccc(OC)cc1
-19.27    -19.28      1.20      0.64      COc1c(OC)c(OC)cc(C(=O)NC2c3c(cccc3)CCC2)c1
-39.54    -39.39    -19.50      0.62      C(c1cccc(-c2nc(-c3[nH]c4ccc(C#N)cc4c3)nn2C)c1)c1cc(C(F)(F)F)ccc1
-26.18    -26.22    -16.76      0.30      c1c2c(ccc1)N(C(=O)CCC(=O)NCc1cc(OC)c(OC)cc1)CC(C(OCC)=O)O2
-24.90    -25.04     -5.74      0.60      c12ccc(OC(F)(F)F)cc1C(NCCN(CC)CC)c1c-2cccc1
-22.54    -22.51     -5.27      0.54      c1c(O)c(O)c(O)c2c(=O)c3c(O)c(OC)c(O)cc3oc12
-29.52    -29.51    -22.28      0.23      C(c1ccc2c(oc(CCc3ccc(C)cc3)n2)c1)(Nc1ccc(OC)cc1)=O
Human-Component   raw_Human-Component
0.7172042727470398   0.7172042727470398   
0.5118279457092285   0.5118279457092285   
0.11827956885099411   0.11827956885099411   
0.46666666865348816   0.46666666865348816   
0.6397849321365356   0.6397849321365356   
0.6215053796768188   0.6215053796768188   
0.2956989109516144   0.2956989109516144   
0.603225827217102   0.603225827217102   
0.5387097001075745   0.5387097001075745   
0.22580644488334656   0.22580644488334656   

15:15:07: local_reinforcement_logger.timestep_report +41: INFO     
 Step 3   Fraction valid SMILES: 100.0   Score: 0.5000   Time elapsed: 4   Time left: 47.0
  Agent     Prior     Target     Score     SMILES
-27.05    -27.21    -10.97      0.51      Oc1cc(C(O)N(c2ccccc2)CCc2ccccc2)cc(O)c1
-19.89    -19.95     -4.12      0.49      FC1C(n2cc(F)c(=N)[nH]c2=O)OC(CO)C1
-24.64    -24.54     -4.06      0.64      c1(C23CC4CC(CC(C4)C2)C3)nnc(SCc2nnc(-c3ccccc3)o2)n1C
-20.24    -20.27    -12.32      0.25      O=S(c1ccc(C)cc1)(=O)N1CC2CC(C1)CNC2
-20.62    -20.60     -2.88      0.55      O=C(c1[nH]c(C(=O)O)cc(=O)c1)O
-32.42    -32.25    -22.55      0.30      c1c(Oc2cc3c(cc2)c(-c2ccncc2)n[nH]3)cc(C(=O)N(CC)CC)cc1
-29.92    -29.96    -16.03      0.44      C1CCN(C2(C)CN(c3c(F)cc4c(=O)c(C(O)=O)cn(C5CC5)c4c3F)CC2C(=O)N2CCCC2)C1
-27.20    -26.99     -8.62      0.57      n1c(C)n(C2CCCN(c3ncnc4c3CCC4)C2)cn1
-25.04    -24.94    -11.38      0.42      C(C(NCCc1c2c([nH]c1)ccc(O)c2)=O)N(CC)CC
-37.17    -37.05    -17.75      0.60      C(c1c(F)c(F)c(F)c(F)c1F)N(Cc1c2ccc3cccc4ccc(cc2)c3c4cc1)CCO
Human-Component   raw_Human-Component
0.5075268745422363   0.5075268745422363   
0.49462366104125977   0.49462366104125977   
0.6397849321365356   0.6397849321365356   
0.24838709831237793   0.24838709831237793   
0.5537634491920471   0.5537634491920471   
0.3032258152961731   0.3032258152961731   
0.4354838728904724   0.4354838728904724   
0.57419353723526   0.57419353723526   
0.4236559271812439   0.4236559271812439   
0.603225827217102   0.603225827217102   

15:15:08: local_reinforcement_logger.timestep_report +41: INFO     
 Step 4   Fraction valid SMILES: 100.0   Score: 0.5000   Time elapsed: 5   Time left: 46.0
  Agent     Prior     Target     Score     SMILES
-33.73    -33.92    -11.90      0.69      O=C(OCC1OC(c2cc(Cl)c(Cl)cc2)C(CC=CCCC(O)=O)CO1)CCC#C
-39.55    -39.60    -18.17      0.67      c1(OC)nc2c(cc1)N(C(=O)CN1CCC(C#N)(N3CCCC3)CC1)c1c(cccc1)CC2
-30.28    -30.22    -19.07      0.35      Cn1c(-c2csc(=NC(=O)c3ccccc3OCC)[nH]2)ncn1
-20.97    -20.93     -5.79      0.47      CCCCCC(Nc1c(O)occ1)=O
-35.97    -35.86    -23.68      0.38      O=C1CCC(c2ccncc2NC(c2nc(-c3c(F)cccc3F)c(F)cc2)=O)OC1C1CCN(C(C)=O)CC1
-20.48    -20.30     -1.37      0.59      c1(C(F)(F)F)cc(-n2c(=O)oc3c(cc(Cl)cc3)c2=O)ccc1
-25.22    -25.21    -10.00      0.48      S1C(=S)N(CC(NCCc2ccc(OC)cc2)=O)C(=O)C1=Cc1cc(OC)c(OC)cc1
-37.62    -37.52    -18.26      0.60      c12nc(C(C)C)c3c(c1c1c(cc(C)cc1)s2)NNC3
-30.48    -30.24    -15.20      0.47      c1(C2C(C(=NO)O)C2c2ccc(-c3ncc(C#N)cc3)cc2)ccc(-c2cocc2)cc1
-29.11    -29.11     -9.77      0.60      N1(C)CCN(CCCN(C(c2ccc([N+]([O-])=O)cc2)=O)Cc2c(=O)[nH]c3ccc(C)cc3c2)CC1
Human-Component   raw_Human-Component
0.6881720423698425   0.6881720423698425   
0.6698924899101257   0.6698924899101257   
0.34838709235191345   0.34838709235191345   
0.47311827540397644   0.47311827540397644   
0.38064515590667725   0.38064515590667725   
0.5913978219032288   0.5913978219032288   
0.47526881098747253   0.47526881098747253   
0.602150559425354   0.602150559425354   
0.4698924720287323   0.4698924720287323   
0.6043010950088501   0.6043010950088501   

15:15:09: local_reinforcement_logger.timestep_report +41: INFO     
 Step 5   Fraction valid SMILES: 93.8   Score: 0.4688   Time elapsed: 6   Time left: 45.0
  Agent     Prior     Target     Score     SMILES
-31.90    -31.58    -12.27      0.60      C(c1ccc(C)[nH]c1=O)CCc1c(C)[nH]c(=N)[nH]c1=O
-33.18    -32.96    -14.43      0.58      N(C(=O)N1CCC(N(C)C(NCc2ccon2)=O)CC1)c1ccc(F)c(Cl)c1
-41.69    -41.69    -26.75      0.47      N=c1c(-c2ccc(C(=O)NC(CO)c3cc(C)ccc3)c(F)c2)cnc(N2CCC(C(C)C)CC2)n1-c1ccccc1
-33.48    -33.39    -33.39      0.00      n1c(N2CCC(N3CCCC3)CC2)c2c(c(Cc3ccccc3)[nH]1)c(=O)[nH]cn2
-19.69    -19.64     -6.83      0.40      n1(-c2ccccc2)cc(C=NNC(=O)N)c(-c2ccc(OC)cc2)n1
-26.90    -27.04     -5.05      0.69      C1SCc2nc(N3CCN(c4c(Cl)cccc4)CC3)ncc21
-29.61    -29.86     -9.48      0.64      C(COc1cccc(N=c2nc(N=c3cc(C4CC4)[nH][nH]3)cc[nH]2)c1)N1CCC(O)C1
-29.85    -29.81    -10.62      0.60      FC(F)(F)Oc1cc2c(cc1C(NCC1N(CC)CCC1)=O)OCO2
-25.90    -25.95     -8.26      0.55      c1cc(OC)c(N2CCN(C(=O)CCC(c3cccc(F)c3)=O)CC2)cc1
-20.31    -20.51     -4.59      0.50      O=C(OC)C12CCC(C)(C)CC1C1=CCC3C(C)(C1(C)CC2)CCC1C(C)(C)C(O)CCC13C
Human-Component   raw_Human-Component
0.6034482717514038   0.6034482717514038   
0.5788177251815796   0.5788177251815796   
0.46674877405166626   0.46674877405166626   
0.0   0.0   
0.4002462923526764   0.4002462923526764   
0.6871921420097351   0.6871921420097351   
0.6366994976997375   0.6366994976997375   
0.5997536778450012   0.5997536778450012   
0.552955687046051   0.552955687046051   
0.49753695726394653   0.49753695726394653   

15:15:11: local_reinforcement_logger.timestep_report +41: INFO     
 Step 6   Fraction valid SMILES: 100.0   Score: 0.5000   Time elapsed: 7   Time left: 44.0
  Agent     Prior     Target     Score     SMILES
-38.11    -37.89    -19.83      0.56      O(N1C(NC(Oc2ccccc2)=O)C(C)(C)N(OC(CCCC)=O)C1=O)C
-32.23    -32.53     -9.79      0.71      c1ccc(CN2CC(CNC(Cc3ccc(O)cc3)=O)N(C(NCCC)=S)CC2)cc1
-59.00    -59.14    -50.36      0.27      O1C2(CC3C(C)(C4CCC5(C)C(CCC5C(C(C)=O)CCSCCC(C)(C)O)C4CC3=C)C(=O)C2)OCC(C)(O)C1
-36.02    -36.15    -28.41      0.24      O=C1C2(C)C(=CC(=O)Nc3c2cc2c(c3)OCO2)c2cc(OC)c(OC)cc2C1
-38.46    -38.07    -28.43      0.30      C(=O)(O)Cc1c(-c2ccc(OCCCc3ccccc3)c(S(=O)(=O)c3ccc(Br)cc3)c2)sc2c1cccc2
-30.13    -30.21     -7.33      0.72      C(NCc1cccc(Cl)c1)C1(O)CCCN(Cc2nc3c(cccc3)n2C)C1
-36.89    -36.88    -26.90      0.31      c12c(snc1)c(OCCO)ccc2-n1c(=O)n(C(F)F)c(C)n1
-33.19    -33.02    -26.27      0.21      c1c(OCC)cc(N(CC(Nc2ccc(OCc3ccccc3)cc2)=O)S(C)(=O)=O)cc1Cl
-25.20    -25.24     -3.46      0.68      O(C)c1c(OC)cc(C2C3C(C(n4nnc(CNc5c(F)cccc5)c4)c4cc5c(cc42)OCO5)COC3=O)cc1OC
-59.13    -59.18    -38.43      0.65      O(C)c1c2c(c3c(c1OC)CCN(C)C3)C(=O)N1CC34C(=C1)C(C2)C(O)C4(C(C)=O)O3
Human-Component   raw_Human-Component
0.5645161271095276   0.5645161271095276   
0.7107526659965515   0.7107526659965515   
0.27419355511665344   0.27419355511665344   
0.24193547666072845   0.24193547666072845   
0.301075279712677   0.301075279712677   
0.7150537371635437   0.7150537371635437   
0.31182795763015747   0.31182795763015747   
0.2107526808977127   0.2107526808977127   
0.6806451678276062   0.6806451678276062   
0.64838707447052   0.64838707447052   

15:15:12: local_reinforcement_logger.timestep_report +41: INFO     
 Step 7   Fraction valid SMILES: 100.0   Score: 0.5000   Time elapsed: 8   Time left: 43.0
  Agent     Prior     Target     Score     SMILES
-37.27    -37.02    -23.85      0.41      c1c(COc2nc(-c3cc(OC)ccc3)cs2)nc(-n2c(C)c(Cl)c(C)n2)cc1
-21.24    -21.19    -14.38      0.21      c1(C=NNC(=O)Cn2c(C)ncc2[N+]([O-])=O)cc(OC)ccc1
-33.53    -33.63    -11.30      0.70      OC(C)C1(O)OC1C(c1ccc(OC)c(O)c1)O
-21.84    -21.88     -0.89      0.66      n1(C2CC(CO)CC2)c2c(nc1)c(=NC1CC1)[nH]cn2
-48.97    -48.95    -29.79      0.60      C1C(C(NC(CCCN=C(N)N)C(=O)NC(=O)C(NC)Cc2ccccc2)c2nc(CCCC)c[nH]2)=Cc2ccccc21
-24.80    -24.80     -5.19      0.61      c1ccc(N2CCN(C(C(=C)C)=O)CC2)c([N+]([O-])=O)c1
-28.74    -28.69    -10.24      0.58      c1c(F)cc(F)c(C(Cn2ncnc2)(O)CN(Cc2ccccn2)CCc2ccc(OC)cc2)c1
-31.04    -31.19    -23.69      0.23      c1(C(O)=O)cc(NS(=O)(=O)C)ccc1Oc1ccc(C=C2SC(=S)NC2=O)cc1OC
-24.83    -24.78    -18.31      0.20      N(C(COC(c1c(=Nc2ccc(OC)cc2)[nH]ccc1)=O)=O)Cc1ccc(OC)cc1
-25.10    -25.12     -6.13      0.59      c1(SC2=NCCN2)nnc(-c2ccncc2)s1
Human-Component   raw_Human-Component
0.411827951669693   0.411827951669693   
0.21290323138237   0.21290323138237   
0.697849452495575   0.697849452495575   
0.6559139490127563   0.6559139490127563   
0.5989247560501099   0.5989247560501099   
0.6129032373428345   0.6129032373428345   
0.5763440728187561   0.5763440728187561   
0.23440860211849213   0.23440860211849213   
0.20215053856372833   0.20215053856372833   
0.5935483574867249   0.5935483574867249   

15:15:13: local_reinforcement_logger.timestep_report +41: INFO     
 Step 8   Fraction valid SMILES: 96.9   Score: 0.4844   Time elapsed: 9   Time left: 42.0
  Agent     Prior     Target     Score     SMILES
-52.39    -51.85    -46.07      0.18      N(C)(CCCNC(=N)c1cc([N+](=O)[O-])c(C)cc1Cl)CCN(c1cc2ccccc2cc1)Cc1ccc(Br)cc1
-24.18    -24.07      0.50      0.77      C1c2c(cccc2)N(C(Nc2ccc(N(CC)CC)cc2)=S)CC1
-27.21    -27.31     -3.51      0.74      n1(C)c(=O)c(=O)c(=C)[nH]c1=Cc1cccc(Cl)c1Cl
-21.36    -21.68      1.71      0.73      C12(C)c3cc(C)c(O)cc3CCC1C(C)(CO)C(O)CC2
-28.66    -28.83     -8.01      0.65      c1ccc(Cl)c(-c2c(N)c(-c3ccccc3)c[nH]c2=O)c1
-29.63    -29.62    -13.87      0.49      o1c(-c2ccc(OC)cc2)nc(C)c1-c1scc(Br)c1
-32.13    -31.87    -10.36      0.67      OC1C(NC(CCCCCNC(=O)c2cc3c(cn2)cccc3)=O)OC(CO)C(O)C1O
-21.81    -21.95     -1.50      0.64      [nH]1c(SCC)nc2c1c(=N)[nH]cn2
-41.64    -41.55    -26.73      0.46      OC(=O)C(NC(C(NC(C(CC(O)=O)NC(C(NC(=O)C)CC(C)C)=O)=O)CCCCN=C(N)N)O)Cc1c[nH]c2ccccc21
-38.07    -38.26    -18.54      0.62      O=[N+]([O-])c1ccc2c3c(ncnc3N3CCN(C4CCC(c5ccc(F)cc5)C(N)C4)CC3)[nH]c2c1
Human-Component   raw_Human-Component
0.18045976758003235   0.18045976758003235   
0.7678160667419434   0.7678160667419434   
0.7436781525611877   0.7436781525611877   
0.7310344576835632   0.7310344576835632   
0.6505746841430664   0.6505746841430664   
0.4919540286064148   0.4919540286064148   
0.6724137663841248   0.6724137663841248   
0.6390804648399353   0.6390804648399353   
0.4632183909416199   0.4632183909416199   
0.6160919666290283   0.6160919666290283   

15:15:14: local_reinforcement_logger.timestep_report +41: INFO     
 Step 9   Fraction valid SMILES: 96.9   Score: 0.4844   Time elapsed: 10   Time left: 41.0
  Agent     Prior     Target     Score     SMILES
-25.34    -25.22     -0.65      0.77      c1(-c2c(F)cc(CC(NC(=O)C3C4CCC(C4)N3)C#N)cc2)cccc(Cl)c1
-26.08    -26.51     -6.58      0.62      N1(C)CCC(C(C(N(C2CCCCC2)C)=O)c2ccccc2)CC1
-24.30    -23.94     -1.29      0.71      C(c1ccc(Cl)cc1)(c1ccc(OCCNCCCCCCCCCCCC)cc1)=O
-51.34    -51.65    -38.12      0.42      C(C1C(C)(CCc2cc3c(cc2)OCO3)C(C(OC)=O)(O)C(OC)C(=O)C12OC(C)=O)OC2=O
-25.41    -24.66     -8.81      0.50      C(CC)CCCCCCCCCCCCCCC(=O)OCc1oc(O)c(-c2ccc(O)c(O)c2)c1
-40.14    -40.53    -26.77      0.43      O=C(COC)NC(c1sc2ccccc2n1)C(C)(CCO)C
-37.39    -37.74    -30.68      0.22      c1cc(C(OCC(C2CCC3C2(C)CCC2C4(C)C(CC(OC(C)=O)CC4)C(OC(C=Cc4ccccc4)=O)CC23)O)=O)ccc1
-32.03    -32.09    -20.40      0.37      c1ccc2c(CN(Cc3cc(O)c(OCc4ccccc4)cc3)Cc3cc(OC)c(OC)c(OC)c3)cccc2c1
-26.56    -26.18     -7.46      0.59      c1(SC2CCN(c3c(F)cc4c(=O)c(C(=O)O)cn(C5CC5)c4n3)CC2)nnnn1-c1ccccc1
-24.20    -24.41     -2.08      0.70      O(C)c1cccc(CN2CCN(C(Nc3ccccc3OC)=S)CC2)c1
Human-Component   raw_Human-Component
0.7678160667419434   0.7678160667419434   
0.6229885220527649   0.6229885220527649   
0.7080459594726562   0.7080459594726562   
0.42298850417137146   0.42298850417137146   
0.4954023063182831   0.4954023063182831   
0.42988505959510803   0.42988505959510803   
0.22068965435028076   0.22068965435028076   
0.3655172288417816   0.3655172288417816   
0.5850574970245361   0.5850574970245361   
0.6977011561393738   0.6977011561393738   

15:15:15: local_reinforcement_logger.log_message +32: INFO     Resetting Agent
15:15:15: local_reinforcement_logger.log_message +32: INFO     Adjusting sigma to: 82
15:15:15: local_reinforcement_logger.timestep_report +41: INFO     
 Step 10   Fraction valid SMILES: 93.8   Score: 0.4688   Time elapsed: 11   Time left: 40.0
  Agent     Prior     Target     Score     SMILES
-41.35    -41.29    -26.83      0.45      C(CN1CCN(C(c2cc(C3CC3)nn2-c2ccccc2)=O)C2C3C(CCCN3CCC2)C1)(C)C
-19.89    -19.71    -10.13      0.30      c1cccc(CNc2cc3c(cc2)n(-c2ccc(OC)cc2)cn3)c1
-27.61    -27.64    -20.55      0.22      C1CC(CC(=O)O)(CN=C(SCc2ccccc2)NC#N)CCC1
-15.43    -15.58      8.93      0.77      c1c(C=CC(C)=O)cccc1
-30.08    -29.87    -17.81      0.38      c1cc(OCC(=O)N2CCCC(n3nc(C)nc3C)C2)cc(F)c1OC
-26.77    -26.63     -3.26      0.73      c1(-c2ccc(C(OCC(=O)N=c3ccc(Cl)c[nH]3)=O)cc2)nc2ccccc2s1
-40.22    -40.10    -18.31      0.68      C(CN1Cc2cc(CO)ccc2OC1)CCn1c(CNc2ccccc2)nc2ccccc12
-24.32    -23.99     -9.49      0.45      C(=O)(CN(C)CC(=O)Nc1ccc(OC)cc1)Nc1c(SC)cccc1
-23.91    -23.79     -4.36      0.61      FC(F)(F)c1cc(NC(CCCN2C(=O)CSc3ccccc32)=O)c(Cl)cc1
-30.72    -30.69    -10.67      0.63      c1c(-c2c(C)occ2)cc(-c2c3ccccc3ccc2)nc1SC
Human-Component   raw_Human-Component
0.4519704580307007   0.4519704580307007   
0.29926109313964844   0.29926109313964844   
0.2216748744249344   0.2216748744249344   
0.7660098671913147   0.7660098671913147   
0.3768472969532013   0.3768472969532013   
0.7302955389022827   0.7302955389022827   
0.681034505367279   0.681034505367279   
0.4532019793987274   0.4532019793987274   
0.6071428656578064   0.6071428656578064   
0.6256157755851746   0.6256157755851746   

15:15:16: local_reinforcement_logger.timestep_report +41: INFO     
 Step 11   Fraction valid SMILES: 96.9   Score: 0.4844   Time elapsed: 13   Time left: 42.2
  Agent     Prior     Target     Score     SMILES
-34.24    -34.24     24.01      0.71      C(CCCCCCCCCCCc1cn(CC(O)COCCOCC(CCCCCCCCCCCCCC)O)nn1)CCCCCCO
-28.79    -28.79     13.72      0.52      C(C(=O)OC)n1ccc(=NNC(=O)c2ccccc2)[nH]c1=O
-29.20    -29.20    -14.31      0.18      OC(Cc1c(C)nn(Cc2ccc(NC(CCc3ccc(=N)[nH]n3)=O)cc2)c1C)=O
-40.31    -40.31      8.61      0.60      C1C2(O)C3(C)C(O)(C(O)CC4C(C)(C)C(O)CCC43C)CCC2(C)C2C3(C1C(C)(C)CCC3)CC2
-26.87    -26.87     19.32      0.56      C1(C)CC2(OC(CCCCCCCC)=O)CC3CC1CC(C3)C2
-35.78    -35.78    -13.15      0.28      c1(C(C(NC(=O)C(NC(c2sccc2Cl)=O)CCCN=C(N)N)Cc2ccccc2)=O)sccn1
-24.89    -24.89     29.02      0.66      c1cc(C2CCN(CCCOc3ccc(C(C)=O)cc3OC)CC2)cc(O)c1
-23.09    -23.09     21.59      0.54      C(C(O)=O)N1C(=O)C(=Cc2c(O)cccc2)SC1=O
-25.28    -25.28      2.71      0.34      O=C(n1c(=N)[nH]c(-c2ccc(-c3ccccc3)cc2)n1)Nc1ccc(Br)cc1
-19.28    -19.28     19.37      0.47      C1CCCCN(Cc2coc(-c3ccc(C)cc3)n2)C1
Human-Component   raw_Human-Component
0.7103448510169983   0.7103448510169983   
0.5183908343315125   0.5183908343315125   
0.18160919845104218   0.18160919845104218   
0.5965517163276672   0.5965517163276672   
0.5632184147834778   0.5632184147834778   
0.27586206793785095   0.27586206793785095   
0.657471239566803   0.657471239566803   
0.5448275804519653   0.5448275804519653   
0.341379314661026   0.341379314661026   
0.4712643623352051   0.4712643623352051   

15:15:18: local_reinforcement_logger.timestep_report +41: INFO     
 Step 12   Fraction valid SMILES: 96.9   Score: 0.4844   Time elapsed: 15   Time left: 43.8
  Agent     Prior     Target     Score     SMILES
-43.03    -42.93    -39.34      0.04      n1nn(C(Cc2ccccc2)C(=O)Nc2ccc(C(=O)C)cc2)cc1Cn1c(=O)n(N)cc1-c1ccc(-c2ccccc2)cc1
-29.08    -29.02     34.97      0.78      c1(CN2CCC(Oc3cccnc3)CC2)nc(-c2ccc(F)cc2Br)oc1
-49.58    -49.40    -38.37      0.13      c1(C(Nc2cc(C3(C)C(F)(F)C(F)(F)COC=N3)n(CCC(F)(F)F)c2)=O)c(=O)n(-c2ccccc2Cl)ccc1
-37.01    -37.04      8.86      0.56      c12c(C=O)cccc1occ(-c1ccc(OCC)c(OCCC)c1)c2=O
-30.73    -30.72     32.15      0.77      N1(c2cc3c(cc2)COC3)CCN(C(c2cn(-c3c(Cl)cccc3)c(O)c2)O)CC1
-29.78    -29.76     27.83      0.70      c1(C=c2sc3n(c2=O)C(c2ccc(Br)cc2)C2=C(N=3)c3c(cccc3)CC2)c(Br)cc(O)c(O)c1
-35.16    -35.18     18.73      0.66      C12C(C)(CC(=O)C3C4(C)C(CC=C13)CC(=O)CC4)C(O)(C(CC)O)CC2
-26.58    -26.55     21.89      0.59      C1N(CCCN(C(=O)Nc2ccc(F)c(Cl)c2)N2CCCCCC2)CCOC1
-28.48    -28.48      1.69      0.37      n1cc(=Nc2ccc(C(N=c3[nH]nc(-c4ccc(C)o4)s3)=O)cc2)[nH]cc1
-30.74    -30.72      4.82      0.43      c12c(n(CCCc3cc(C(F)(F)F)ccc3)c(C)c1C(=O)C(=O)N)cccc2
Human-Component   raw_Human-Component
0.0436781607568264   0.0436781607568264   
0.7804597616195679   0.7804597616195679   
0.1344827562570572   0.1344827562570572   
0.5597701072692871   0.5597701072692871   
0.7666666507720947   0.7666666507720947   
0.7022988796234131   0.7022988796234131   
0.657471239566803   0.657471239566803   
0.5908045768737793   0.5908045768737793   
0.36781609058380127   0.36781609058380127   
0.4333333373069763   0.4333333373069763   

15:15:19: local_reinforcement_logger.timestep_report +41: INFO     
 Step 13   Fraction valid SMILES: 93.8   Score: 0.4688   Time elapsed: 16   Time left: 42.3
  Agent     Prior     Target     Score     SMILES
-26.54    -26.43    -23.00      0.04      CC(NC(=O)CSc1cc(Cl)c(C)cc1S(=O)(c1ccccc1)=O)C
-25.71    -25.80     10.56      0.44      n1c(C)nc(C2CN(CC(=O)NC)CCO2)cc1
-51.21    -51.09    -51.09      0.00      C(CCl)(Nc1ccc(S(N2CC3c4c(c(O)n(C)c4O)C4C3C(O)N4C(=O)N2)=O)cc1)(=S)[O-]
-22.30    -22.26     39.84      0.76      Fc1c(F)cc(C(=O)Nc2ccc(-c3ccc(OC4CCN(C)CC4)cc3)cc2)cc1F
-21.48    -21.53     27.45      0.60      c1(Oc2ccccc2)cccc(C=CCN(C(C)C)C(C)C)c1
-38.79    -38.86     16.28      0.67      CC(C(NCCN(C1CC1)C)c1ccccc1C)N
-22.81    -22.90     28.20      0.62      CN(c1c2sccc2ncn1)Cc1ccccc1
-21.74    -21.72     28.97      0.62      c12c(n(C3CC(O)C(CO)O3)cn1)c(SC)ncn2
-20.95    -20.97     -0.77      0.25      O=S(N1CCOCC1)(=O)c1cc(C(=O)NN=Cc2cccnc2)ccc1
-31.09    -31.07     13.26      0.54      c1(-c2nc3c([nH]cc3)nc2)ccc(NC(Nc2ccccc2OC)=O)c(Cl)c1
Human-Component   raw_Human-Component
0.041871920228004456   0.041871920228004456   
0.4433497488498688   0.4433497488498688   
0.0   0.0   
0.7573891878128052   0.7573891878128052   
0.5972906351089478   0.5972906351089478   
0.6724137663841248   0.6724137663841248   
0.6231527328491211   0.6231527328491211   
0.6182265877723694   0.6182265877723694   
0.2463054209947586   0.2463054209947586   
0.5406404137611389   0.5406404137611389   

15:15:21: local_reinforcement_logger.timestep_report +41: INFO     
 Step 14   Fraction valid SMILES: 96.9   Score: 0.4844   Time elapsed: 17   Time left: 40.8
  Agent     Prior     Target     Score     SMILES
-24.74    -24.36     28.43      0.64      c1(-c2cc(Cl)cc(Cl)c2)c(C=O)c(O)c(OC)cc1
-32.43    -32.35     -6.71      0.31      c1(OC)cc(NC(c2c(NC(CC)=O)ccc(=O)[nH]2)=O)cc(OC)c1
-38.92    -38.95    -22.55      0.20      CC(C)(OC(NC(Cn1nnc(-c2ncc3cc(C(=O)OC)[nH]c3c2)c1)c1ccccc1)=O)C
-24.40    -24.36    -13.43      0.13      Clc1cc(S(=O)(N2CCC(C(OCC(NCc3occc3)=O)=O)CC2)=O)c(Cl)cc1
-21.33    -21.43     27.68      0.60      s1c(=NC(N)=S)[nH]c(C(=O)O)c1
-32.55    -32.46      1.56      0.41      c1(-c2nc(OCCCCC(C(=O)O)C)c(CC(C)(C)C)o2)ncccc1
-26.28    -26.25     14.37      0.50      N=C(N=c1[nH]ccc(CC)c1)NCC
-22.04    -22.20      4.75      0.33      C1CCCCC1NC(=O)NCc1cc(C)ccc1
-19.00    -19.04     35.91      0.67      [nH]1c(=S)n(N=Cc2ccccc2)c(COc2ccccc2)n1
-29.08    -29.02     23.20      0.64      c1(F)c(-c2cnc(-c3cc(CN4CC(C(=O)O)C4)ccc3)nc2)cccc1
Human-Component   raw_Human-Component
0.6436781883239746   0.6436781883239746   
0.3126436769962311   0.3126436769962311   
0.20000000298023224   0.20000000298023224   
0.13333334028720856   0.13333334028720856   
0.5988505482673645   0.5988505482673645   
0.41494253277778625   0.41494253277778625   
0.4954023063182831   0.4954023063182831   
0.3287356197834015   0.3287356197834015   
0.6701149344444275   0.6701149344444275   
0.636781632900238   0.636781632900238   

15:15:22: local_reinforcement_logger.timestep_report +41: INFO     
 Step 15   Fraction valid SMILES: 100.0   Score: 0.5000   Time elapsed: 19   Time left: 41.6
  Agent     Prior     Target     Score     SMILES
-30.65    -30.80     -0.83      0.37      C1CCC(N=c2[nH]c(=NCC3CCCCC3)[nH]cc2)C(NC(c2cc(Cl)ccc2)=O)C1
-21.94    -22.05     33.32      0.68      c1(C(C#N)N2CCN(C(CC(c3ccccc3)c3ccccc3)=O)CC2)c(O)cccc1
-26.99    -26.88     27.44      0.66      c1([N+](=O)[O-])cc2cc(-c3nc(N4CCN(C)CC4)sc3)c(=O)oc2cc1
-24.33    -24.38      9.48      0.41      O=c1c(C(COc2ccc(Cl)c(C)c2)=O)c(N)n(Cc2ccccc2)c(=O)n1C
-23.15    -23.16     -7.29      0.19      OC(c1ccc(C=Cc2cc3c(cc2)OCO3)s1)=O
-28.05    -28.15    -17.57      0.13      N(c1c(C)cccc1)C(NNC(=O)c1c2ccccc2c(=O)n(-c2ccccc2)n1)=S
-27.68    -27.55     13.37      0.50      CC(NC(=O)N=c1[nH]nc(-c2cccs2)s1)c1ccc2c(c1)OCO2
-20.61    -20.76     28.18      0.60      C(CCNC(=O)c1ccccc1)NC(c1ccc(OC)cc1)=O
-29.98    -29.79     25.31      0.67      O=C(OCC)C1C(=O)CCC2=C1CCN(Cc1ccc(F)cc1)C2
-35.76    -35.85      5.95      0.51      c1(C)n(CCOC)c(C)c(CN2CC(O)C2Cc2ccc(C(F)(F)F)cc2)c1
Human-Component   raw_Human-Component
0.3655914068222046   0.3655914068222046   
0.675268828868866   0.675268828868866   
0.6623656153678894   0.6623656153678894   
0.41290321946144104   0.41290321946144104   
0.19354838132858276   0.19354838132858276   
0.12903225421905518   0.12903225421905518   
0.49892473220825195   0.49892473220825195   
0.5967742204666138   0.5967742204666138   
0.6720430254936218   0.6720430254936218   
0.5096774101257324   0.5096774101257324   

15:15:24: local_reinforcement_logger.timestep_report +41: INFO     
 Step 16   Fraction valid SMILES: 100.0   Score: 0.5000   Time elapsed: 20   Time left: 40.0
  Agent     Prior     Target     Score     SMILES
-21.62    -21.52     10.84      0.39      c1(CC(NC(=O)c2ccc(C)cc2)C(O)=O)ccc(-c2c(OC)cccc2OC)cc1
-28.02    -28.36     27.90      0.69      C(C1CCCO1)N1COc2c(cc3ccc(C)nc3c2)C1
-31.08    -30.92     17.49      0.59      [nH]1c(-c2ccc(S(=O)(C)=O)cc2)cc(C(N=c2[nH]cc(C3CCNCC3)cc2)=O)c1
-31.98    -32.07     21.27      0.65      C1CNC(C(C2CCC3N(C2)C(=O)CCC3)=O)C1
-31.64    -31.79     11.94      0.53      O(C(c1ccc(O)cc1)=O)CC1C(C)(C)C1C=C(N(C)C)C
-28.08    -28.06     19.20      0.58      C(c1sc(-c2sc(Cl)cc2)nc1C)(NCc1ccc(Cl)cc1)=O
-34.46    -34.33     -1.09      0.41      C(NC1CC2CNCC(C1)C2)(C(CC(C)C)NC(=O)Nc1ccc(OC)cc1)=O
-21.14    -21.19      4.03      0.31      c1(C(OCC)=O)c(NC(=O)c2c(Cl)cccc2)cccc1
-30.53    -30.60      9.87      0.49      C1(CC)(C=CCC2NCCCC2)C(=O)NC(=O)NC1=O
-26.07    -25.88     13.27      0.48      c1(-c2n[nH]c3c2[nH]c(=S)n(N)c3=N)ccccc1
Human-Component   raw_Human-Component
0.39462366700172424   0.39462366700172424   
0.6860215067863464   0.6860215067863464   
0.5903225541114807   0.5903225541114807   
0.6505376100540161   0.6505376100540161   
0.5333333611488342   0.5333333611488342   
0.5763440728187561   0.5763440728187561   
0.4053763449192047   0.4053763449192047   
0.3075268864631653   0.3075268864631653   
0.4935483932495117   0.4935483932495117   
0.47741934657096863   0.47741934657096863   

15:15:26: local_reinforcement_logger.timestep_report +41: INFO     
 Step 17   Fraction valid SMILES: 100.0   Score: 0.5000   Time elapsed: 23   Time left: 42.2
  Agent     Prior     Target     Score     SMILES
-28.45    -28.80     13.08      0.51      C1NCCN(c2cccc(S(Nc3ccccc3C(OC)=O)(=O)=O)c2)C1
-17.81    -17.84     40.61      0.71      c1c(C2=CC3CC(CNC3)C2)cccc1
-22.32    -22.42     25.54      0.58      c1cccc(C2N(C(Nc3ccc(C)cc3)=S)N=C(c3ccc(Cl)cc3)C2)c1
-24.28    -24.20      1.29      0.31      C(=O)(c1ccccc1)NC(c1cc(OC)c(OC)c(OC)c1)CC
-34.01    -33.84     10.25      0.54      C(CCCCNCC(c1cc(NS(=O)(C)=O)c(O)cc1)O)c1cccc(NS(=O)(c2ccc(Cl)cc2Cl)=O)c1
-28.32    -28.14      3.60      0.39      c1(OCC)cc(CCNC(CCCCC(=NO)O)=O)ccc1OC(C)=O
-28.65    -28.61     -5.51      0.28      c1ccc(NN=C2C(C)(C(C)=O)C(=O)CC2)cc1
-39.24    -39.15     -5.82      0.41      c12ccc(C(Nc3cccc(F)c3)=O)c(=N)c(O)c1nc[nH]c2=O
-24.05    -23.99     29.00      0.65      c1(=NCCCNC(c2[nH]c3c(c2)cccc3)=O)cc[nH]c2cc(Cl)ccc12
-23.35    -23.27     15.62      0.47      c1cc(Br)ccc1S(Nc1cc(N(C)S(=O)(C)=O)ccc1)(=O)=O
Human-Component   raw_Human-Component
0.5107526779174805   0.5107526779174805   
0.7129032015800476   0.7129032015800476   
0.5849462151527405   0.5849462151527405   
0.3107526898384094   0.3107526898384094   
0.5376344323158264   0.5376344323158264   
0.3870967626571655   0.3870967626571655   
0.28172042965888977   0.28172042965888977   
0.40645161271095276   0.40645161271095276   
0.6462365388870239   0.6462365388870239   
0.4741935431957245   0.4741935431957245   

15:15:28: local_reinforcement_logger.timestep_report +41: INFO     
 Step 18   Fraction valid SMILES: 96.9   Score: 0.4844   Time elapsed: 24   Time left: 40.4
  Agent     Prior     Target     Score     SMILES
-34.91    -35.15     25.46      0.74      C(C=C)c1cccc(C=NN=c2[nH]c(=Nc3ccccc3)[nH]c(=NN=Cc3ccc(O)c(O)c3)[nH]2)c1O
-36.66    -36.71     19.56      0.69      C1C(O)C(O)C(O)C(CO)N1CCCCN(C1C(C)CCCC1)C(=O)CCC=CCCC(O)=O
-29.39    -29.25    -20.10      0.11      O(C)c1cc(OC)ccc1S(N(c1ccc(OC(c2occc2)=O)cc1)Cc1ccccc1)(=O)=O
-24.97    -25.06     15.84      0.50      c1c(OC)ccc(COc2nc(=O)n(C(C)(C)C)cc2)c1
-36.19    -36.21     20.90      0.70      C1N(C(C)=O)c2ccc(S(=O)(c3cccc(F)c3)=O)cc2C1NC(=NO)O
-41.46    -41.07    -11.57      0.36      c1sc(C23CC4CC(CC(C2)C4)C3)c(C(c2nccc3c2[nH]c2ccc(O)cc23)=O)c1
-35.91    -36.02     16.47      0.64      C1C(C(=O)N=c2nc[nH]c(-n3cncc3)c2)COc2c(Br)cccc21
-23.65    -23.84     20.83      0.54      C1(=O)C2C(c3ccco3)Nc3c(cccc3)N=C2CC(c2ccccc2)C1
-22.54    -22.72     23.18      0.56      C1CCCCc2c1sc1nc(SC)n(CC=C)c(=O)c12
-27.40    -27.43    -27.43      0.00      C1CC(n2c(=O)nc3sc4c(cccc4)nc-3c2)CCC1
Human-Component   raw_Human-Component
0.7390804886817932   0.7390804886817932   
0.6862068772315979   0.6862068772315979   
0.11149425059556961   0.11149425059556961   
0.49885058403015137   0.49885058403015137   
0.6965517401695251   0.6965517401695251   
0.35977011919021606   0.35977011919021606   
0.6402298808097839   0.6402298808097839   
0.5448275804519653   0.5448275804519653   
0.5597701072692871   0.5597701072692871   
0.0   0.0   

15:15:30: local_reinforcement_logger.timestep_report +41: INFO     
 Step 19   Fraction valid SMILES: 100.0   Score: 0.5000   Time elapsed: 26   Time left: 40.3
  Agent     Prior     Target     Score     SMILES
-26.51    -26.63     27.78      0.66      c1c(C(N=c2ccn(CCC#N)[nH]2)O)c[nH]c(=O)c1
-24.99    -25.21      5.03      0.37      C1(C)N(CCCOc2cc3c(nc4c(c3)Cn3c-4cc4c(c3=O)COC(=O)C4(CC)O)cc2)CCC1
-23.46    -23.31     -7.70      0.19      C1(C(=O)OCC(Nc2cc(S(N(c3ccccc3)C)(=O)=O)ccc2)=O)CCC1
-39.69    -39.78    -28.85      0.13      c1c(NC(C(CC)C(C(O)=O)CCCCN)=S)ccc(C(N)=N)c1
-34.03    -33.96     26.17      0.73      n12c(-c3cccc(CCN4C(C)COCC4)c3)nnc1-c1ccccc1Nc1c-2cccc1
-36.16    -36.19      7.54      0.53      c1c2c(ccc1)-c1ccccc1-n1cnc(-c3noc(CNC4CCCCC4)n3)c1-2
-21.40    -21.41     -3.95      0.21      c1(C(Nc2c(C)cccc2C)=O)c(=O)oc2ccc(C)cc2c1
-25.30    -25.53      1.19      0.33      c1(CC)cc(NC(CN2CCCCC2)=O)ccc1OC
-23.78    -23.88     36.61      0.74      N1(c2ccccc2)NCCc2c1[nH]c1ccc(OC)cc21
-31.13    -31.80     20.13      0.63      CCN(CC)CCNC1CN(C2CCN(C(c3ccc4ccccc4c3)=O)CC2)CCC1
Human-Component   raw_Human-Component
0.6634408831596375   0.6634408831596375   
0.36881721019744873   0.36881721019744873   
0.19032257795333862   0.19032257795333862   
0.13333334028720856   0.13333334028720856   
0.7333333492279053   0.7333333492279053   
0.5333333611488342   0.5333333611488342   
0.21290323138237   0.21290323138237   
0.3258064389228821   0.3258064389228821   
0.7376344203948975   0.7376344203948975   
0.6333333253860474   0.6333333253860474   

15:15:32: local_reinforcement_logger.timestep_report +41: INFO     
 Step 20   Fraction valid SMILES: 96.9   Score: 0.4844   Time elapsed: 28   Time left: 40.0
  Agent     Prior     Target     Score     SMILES
-39.71    -39.82     18.99      0.72      O=C(c1cc2c(C(C(Nc3cccc(Cl)c3)=O)=O)c(C)n(CCN3CCCCC3)c2cc1)O
-35.66    -35.20    -15.03      0.25      c1(-c2ccc(C(=NCCCCCCCCCCN=C(SC)N)N)cc2)ccc(-c2ccc(N=C(N)c3nccnc3)cc2OC(C)C)o1
-34.35    -34.68    -13.19      0.26      N(C(=O)c1c(N)cccc1C(O)=O)NC(c1ccc(Cn2ncc(Cl)c2)cc1)=O
-26.21    -26.13     28.92      0.67      COc1cc(C=CC(=O)NCC2c3c(cccc3)CCC2)cc(OC)c1
-48.16    -48.54     -1.70      0.57      CCC1(O)CCCc2c(O)c(-c3cn4c(=O)n(C5OC(CO)C(O)C5)ccc4n3)ccc21
-25.94    -26.32     17.79      0.54      c1(Cl)cc(Cl)c(C2c3c(cc(C)c(O)c3C)OC(=O)C2)cc1
-34.07    -34.18     -2.04      0.39      c1cc2cc(C(NCCCCNC(=O)N3CCN(C(=O)NCc4ccc(NC(N)=N)cc4)CC3)=O)cnc2cc1
-21.62    -21.89     35.60      0.70      C1c2c(cccc2)C(Cl)=C(C(NC2CC2)=O)C1
-42.01    -41.72    -41.72      0.00      c1n(-c2ccc3c4c(cc(O)c(C(=O)O)cc24)CC3)nnc1-c1c(OC)cccc1
-29.02    -29.61     18.74      0.59      C1C(C(CC(C)C)NC(C2CCN2C)=O)C1
Human-Component   raw_Human-Component
0.7172414064407349   0.7172414064407349   
0.2459770143032074   0.2459770143032074   
0.2620689570903778   0.2620689570903778   
0.6712643504142761   0.6712643504142761   
0.571264386177063   0.571264386177063   
0.5379310250282288   0.5379310250282288   
0.3919540345668793   0.3919540345668793   
0.7011494040489197   0.7011494040489197   
0.0   0.0   
0.5896551609039307   0.5896551609039307   

15:15:34: local_reinforcement_logger.timestep_report +41: INFO     
 Step 21   Fraction valid SMILES: 96.9   Score: 0.4844   Time elapsed: 30   Time left: 39.5
  Agent     Prior     Target     Score     SMILES
-28.26    -28.38     19.88      0.59      c12ccccc1[nH]c(=S)n2Cc1ccccc1C(C)(C)C
-22.60    -22.84     23.91      0.57      c1[nH]c2ncccc2c1C=c1c(=C)[nH]c2c1cccc2
-25.50    -25.51      5.69      0.38      c1(=O)oc2ccc(C)cc2cc1C(=O)Cc1ccncc1
-31.67    -31.28     21.50      0.64      COc1c(=O)cc2c(cc1)-c1c(OC)c(OC)c(OC)c(Cl)c1CCC2NC(=O)C(OCC)C(C)C
-21.99    -22.35     14.40      0.45      c1ccc(Cn2c(C)cc3nc(C)cc(C)c3c2=O)cc1
-20.96    -21.28      0.68      0.27      c1(C)c(S(=O)(=O)NCC2CCCO2)cc(C)cc1
-53.65    -53.73     -2.55      0.62      c1ccc(C(c2sc(=O)c(C#N)c(-c3ccc(Cl)cc3)c2)c2c(NC(OCCCl)=O)ccc(C)c2)n1-c1ccccc1C
-35.01    -35.46     10.15      0.56      O1C(c2ccccc2)C(C)(C)C2C3N(CCc4c5ccccc5[nH]c43)C12
-31.03    -31.21     12.90      0.54      C12=NC3=C(C(c4cc(F)c(O)cc4)C1C(=O)CO2)CNCC3
-36.09    -36.24     -3.63      0.40      c1cnc(C(=O)N2CCC3C(CN4CCOCC4)COCC3C2)c(=NC)[nH]1
Human-Component   raw_Human-Component
0.588505744934082   0.588505744934082   
0.5701149702072144   0.5701149702072144   
0.3804597556591034   0.3804597556591034   
0.6436781883239746   0.6436781883239746   
0.4482758641242981   0.4482758641242981   
0.26781609654426575   0.26781609654426575   
0.6241379380226135   0.6241379380226135   
0.5563218593597412   0.5563218593597412   
0.5379310250282288   0.5379310250282288   
0.3977011442184448   0.3977011442184448   

15:15:38: local_reinforcement_logger.timestep_report +41: INFO     
 Step 22   Fraction valid SMILES: 100.0   Score: 0.5000   Time elapsed: 34   Time left: 41.4
  Agent     Prior     Target     Score     SMILES
-16.98    -17.35     38.64      0.68      OC1C(O)C(n2cnc3c2ncnc3SC)OC1CO
-20.11    -20.08      1.26      0.26      O=C(C=Cc1cc(OC)c(OC)cc1)Nc1ccc(N2CCOCC2)cc1
-28.31    -28.25     16.54      0.55      C(COc1ccc(N=c2[nH]cc([N+]([O-])=O)cc2[N+]([O-])=O)cc1)(F)(F)F
-27.57    -27.40     19.25      0.57      n1(C)c(C)c(N=c2[nH]c(=NCC)c(C#N)c(-c3ccncc3)[nH]2)c(C)n1
-28.78    -28.59     12.59      0.50      c1ccc(OC)c(N2CCN(c3nc4ccc(NC(=O)NC5CCCC5)cc4c(C)c3)CC2)c1
-37.59    -36.47    -20.51      0.19      c1(-c2ccon2)cc(=NC(C)c2cc(OCC(=O)NC(CC)C)cc(OC)c2)nc(C)[nH]1
-39.94    -40.38     -4.41      0.44      s1c(C(C)C)c(C(c2ccc(OC)cc2)O)c(Oc2cccc(C)c2)c1C
-27.37    -27.93    -14.08      0.17      CC(c1ccccc1)NC(c1ncc(CNS(=O)(=O)C)o1)=O
-21.53    -21.69     25.75      0.58      Oc1cc2c(cc1)[nH]c1c(c2=O)CCC1
-22.57    -23.11     26.62      0.61      c12c(nccc1)Sc1c(cccc1)N2C(c1ccc(Cl)cc1)=O
Human-Component   raw_Human-Component
0.6827957034111023   0.6827957034111023   
0.26021504402160645   0.26021504402160645   
0.5462365746498108   0.5462365746498108   
0.5688171982765198   0.5688171982765198   
0.5021505355834961   0.5021505355834961   
0.1946236491203308   0.1946236491203308   
0.43870967626571655   0.43870967626571655   
0.1688172072172165   0.1688172072172165   
0.5784946084022522   0.5784946084022522   
0.6064516305923462   0.6064516305923462   

15:15:42: local_reinforcement_logger.timestep_report +41: INFO     
 Step 23   Fraction valid SMILES: 100.0   Score: 0.5000   Time elapsed: 38   Time left: 42.8
  Agent     Prior     Target     Score     SMILES
-39.91    -39.17    -27.53      0.14      OC1C(O)C(O)C(OCCCC(C(O)=O)=Cc2c(C)c(O)c3c(c2O)c(O)cc(O)c3)OC1C(=O)O
-21.66    -22.19     12.37      0.42      CC1(C)CCc2cc(OCC(OC)=O)ccc2O1
-36.75    -36.95     23.71      0.74      c1ccc2c3c(cccc13)C(=O)OC2(C1=C(c2c(Cl)cc(Cl)cc2)CCCC1)O
-20.73    -21.05     17.75      0.47      Clc1ccccc1NC(=O)C1(c2ccccc2)CCCC1
-22.64    -23.40     24.21      0.58      OC1C(O)C(CN=[N+]=[N-])OC1n1cnc2c(Cl)ncnc12
-19.85    -20.00     -7.74      0.15      O=S(c1ccc(C)cc1)(NOCc1ccccc1)=O
-28.06    -27.99     18.21      0.56      c1ccc(C2=CSC3=NC(C)(C)CN32)c(CC)c1
-28.82    -28.62     31.60      0.73      c1c(O)cc2c(c1)CCc1c-2n(Cc2ccc(C(O)=O)cc2)c2ccccc12
-23.69    -23.88     34.22      0.71      c1(CN2c3c(cc(C=CC(=NO)O)cc3)CCC2)ccc(F)cc1
-30.45    -30.46     25.53      0.68      N1(CCCOc2cc3c(cc2)[nH]cc3CC(C(O)=O)NS(=O)(c2cccc3c2nccc3)=O)CCOCC1
Human-Component   raw_Human-Component
0.14193548262119293   0.14193548262119293   
0.4215053617954254   0.4215053617954254   
0.7397849559783936   0.7397849559783936   
0.47311827540397644   0.47311827540397644   
0.5806451439857483   0.5806451439857483   
0.14946237206459045   0.14946237206459045   
0.5634408593177795   0.5634408593177795   
0.7344086170196533   0.7344086170196533   
0.7086021304130554   0.7086021304130554   
0.6827957034111023   0.6827957034111023   

15:15:46: local_reinforcement_logger.timestep_report +41: INFO     
 Step 24   Fraction valid SMILES: 100.0   Score: 0.5000   Time elapsed: 42   Time left: 43.7
  Agent     Prior     Target     Score     SMILES
-31.20    -31.91     30.43      0.76      CC1(C)C2CC3OC34C(O)CC(C)C4(C2)CCC1=O
-27.76    -28.07     29.78      0.71      c1ccsc1-c1nc2n(c1NCCCOC)cc(Cl)cc2
-28.19    -28.13     28.83      0.69      C(=NN=Cc1c(-c2ccc(OC)cc2)[nH]nc1)c1cccc(O)c1
-23.04    -22.72     30.45      0.65      C(F)(F)(F)C1(O)c2c(ccc(-c3ccc(C#N)n3C)c2)-c2ccccc21
-28.48    -28.51     21.66      0.61      c1cccc(Cn2nnc(-c3ccc4c(cc(-c5cn(C)nc5)cc4O)c3)c2)c1
-26.66    -27.32     13.59      0.50      C1COCCN1c1ccc(N=c2[nH]ccc(C)c2)cc1C
-41.40    -41.54     -3.28      0.47      c12c(nccc1)c1ccc(CN3CCN(S(=O)(c4ccc5c(c4)[nH]c(O)c5)=O)CC3)cc1n2C
-41.49    -41.56    -15.20      0.32      n1(C)nc(C)c2c1NC1(C(C(=O)Nc3cc(F)ccc3)CCC1)C2=O
-23.98    -24.35     -0.63      0.29      C1CN(C(=O)c2ccc(NC(Nc3ccc(-c4nc5ncccc5o4)cc3)=O)cc2)CCN1C
-17.91    -18.49     27.27      0.56      c1(C(C)C)ccccc1Sc1c(C(C)C)cccc1
Human-Component   raw_Human-Component
0.7602150440216064   0.7602150440216064   
0.7053763270378113   0.7053763270378113   
0.6946236491203308   0.6946236491203308   
0.64838707447052   0.64838707447052   
0.6118279695510864   0.6118279695510864   
0.49892473220825195   0.49892473220825195   
0.46666666865348816   0.46666666865348816   
0.3215053677558899   0.3215053677558899   
0.2892473042011261   0.2892473042011261   
0.5580645203590393   0.5580645203590393   

15:15:50: local_reinforcement_logger.timestep_report +41: INFO     
 Step 25   Fraction valid SMILES: 96.9   Score: 0.4844   Time elapsed: 47   Time left: 45.2
  Agent     Prior     Target     Score     SMILES
-25.02    -24.46     25.12      0.60      C(C(Nc1ccc2c(c1)C(=O)c1c(ccc(NC(=O)CCN3CCN(CCO)CC3)c1)C2=O)=O)C
-21.19    -21.33     33.24      0.67      O=[N+]([O-])c1ccc2c(c1)CC(O)CC(c1ccccc1)N2
-39.93    -40.10    -23.88      0.20      O=c1c(C2(C#N)C3CCC(CC3)C2)coc2c(CC=C)c(OC)ccc12
-31.16    -31.16     -7.31      0.29      c1cc2cccc(OCc3onc(C(N(c4c(C)cccc4)CCC)=O)c3)c2cc1
-38.56    -38.21    -38.21      0.00      c1(=S)n(Nc2ccccc2)c(O)cn1Cc1c(C#N)[n+]([O-])o[nH]1
-34.01    -33.90     -3.45      0.37      n1c2c(cccc2)nn1-c1c(Cl)cc(NC(=O)CCC2CCCCC2)cc1Cl
-18.27    -18.86     22.71      0.51      c1(CCCCc2n[nH]c(=NC(Cc3ccccc3)=O)s2)ccc(=NC(Cc2ccccc2)=O)[nH]n1
-36.83    -37.03     17.07      0.66      c1ccccc1-c1ccc(C(NC(CN2CCC(n3c4c([nH]c3=O)cc(F)cn4)CC2)c2ccc(F)cc2)=O)cc1
-25.86    -25.63     20.65      0.56      CCCCNC(=O)Nc1cc(Cl)cc2[nH]ncc21
-29.24    -29.17     -3.72      0.31      C12CCC3(C)C4(C)C(=CCC3C1(C)CC(O)C1(C(O)=O)CCC(C)(C)C(O)C12)C1C(C)C(C)CCC1(C(=O)O)CC4
Human-Component   raw_Human-Component
0.6045976877212524   0.6045976877212524   
0.665517270565033   0.665517270565033   
0.19770115613937378   0.19770115613937378   
0.29080459475517273   0.29080459475517273   
0.0   0.0   
0.37126436829566956   0.37126436829566956   
0.5068965554237366   0.5068965554237366   
0.659770131111145   0.659770131111145   
0.5643678307533264   0.5643678307533264   
0.3103448152542114   0.3103448152542114   

15:15:55: local_reinforcement_logger.timestep_report +41: INFO     
 Step 26   Fraction valid SMILES: 100.0   Score: 0.5000   Time elapsed: 51   Time left: 45.3
  Agent     Prior     Target     Score     SMILES
-21.01    -21.40     27.89      0.60      c1cc(Br)sc1C=NNC(c1ccccc1O)=O
-28.10    -27.78     21.59      0.60      c1c(-c2nc(=Nc3ccc(-c4cnn(C)c4)cc3)[nH]c3ccccc32)nccc1
-27.48    -27.55     12.57      0.49      c12n(cc(NC(C)=O)n1)ccc(-c1ccccc1C(F)(F)F)c2
-32.04    -31.31    -11.03      0.25      O(C)C(=O)c1cc2nc(-c3ccc(NC(=O)c4c(OCC)cccc4)cc3)n(CC)c2cc1
-22.03    -22.01     -0.93      0.26      CC(C=NC(C1C(C(=O)Nc2ccc(Br)cc2)C2CCC1C21CC1)=O)C
-25.59    -26.18     33.25      0.72      C1CN(C2CCOCC2)CCc2sc3c(c21)cccc3
-23.40    -23.55     32.70      0.69      n1c(Cl)c(Cl)c(C(Cl)(Cl)Cl)nc1C#N
-19.15    -19.37     32.83      0.64      c12c(cccc1)CCC2=C(C#N)C#N
-20.54    -21.07     20.02      0.50      Cc1cc(=NCC2CCC(NC(c3c(Cl)ccc(C(F)(F)F)c3)=O)CC2)cc[nH]1
-40.22    -39.81    -18.39      0.26      O=C1c2c(oc3ccc(S(=O)(n4c5cc(C)ccc5c(C)c4)=O)cc32)CC2C(N)CCCN12
Human-Component   raw_Human-Component
0.601075291633606   0.601075291633606   
0.602150559425354   0.602150559425354   
0.48924732208251953   0.48924732208251953   
0.24731183052062988   0.24731183052062988   
0.2569892406463623   0.2569892406463623   
0.7247312068939209   0.7247312068939209   
0.6860215067863464   0.6860215067863464   
0.6365591287612915   0.6365591287612915   
0.501075267791748   0.501075267791748   
0.2612903118133545   0.2612903118133545   

15:15:59: local_reinforcement_logger.timestep_report +41: INFO     
 Step 27   Fraction valid SMILES: 100.0   Score: 0.5000   Time elapsed: 55   Time left: 45.2
  Agent     Prior     Target     Score     SMILES
-22.37    -22.25     42.12      0.78      C(c1c(=N)[nH]c(SCC)c(C#N)c1)#N
-22.91    -23.86     37.42      0.75      C1(c2ccccc2)N(C)N=C(c2ccccc2)C1CN1CCCCC1
-29.92    -30.19     28.18      0.71      C1CN(c2ncc(C(=O)NCCC)nc2OCC2CC2)CC1N(C)C
-36.54    -36.62      9.85      0.57      O1C(COc2cc3c(cc2)CC2C(=O)N(C4CN(S(=O)(c5ccccc5C(F)(F)F)=O)CCC4)CC(=O)N2C3)CC1
-41.73    -42.07      1.76      0.53      C(Nc1ccc2ccn(CCN3CCOCC3)c2c1)(=O)N1CC(c2ccccc2)(CCN2CCC(N(C(OCc3ccccc3)=O)CC)CC2)CC1
-46.08    -45.89      6.39      0.64      C1C2CN(c3c(=O)n(C4CC5CCC(C4)N5CCC(c4cc(F)ccc4)NC(C(N)CCO)=O)ccn3)C(C1)CC2
-30.65    -29.69     22.86      0.64      O(c1c(-c2ccc3c(c2)CCC(CCc2nn[nH]n2)O3)cc(C(F)(F)F)cc1)C(F)(F)F
-22.99    -23.10     26.81      0.61      c1c2c(ccc1)N(C(=O)COC(=O)CN1C(=O)C3(CCCC3)NC1=O)CC2
-21.43    -21.29     23.33      0.54      Clc1c(C(NN=Cc2c(O)c(Br)c(O)c(Br)c2)=O)ccc(Cl)c1
-30.72    -30.56     14.76      0.55      N1(C)CCN(CC2(O)CN(S(=O)(=O)c3ccc(Cl)cc3)CC3(C2)CC3)CC1
Human-Component   raw_Human-Component
0.7849462628364563   0.7849462628364563   
0.7473118305206299   0.7473118305206299   
0.7118279337882996   0.7118279337882996   
0.5666666626930237   0.5666666626930237   
0.5344086289405823   0.5344086289405823   
0.6376343965530396   0.6376343965530396   
0.6408601999282837   0.6408601999282837   
0.6086021661758423   0.6086021661758423   
0.5440860390663147   0.5440860390663147   
0.5526881814002991   0.5526881814002991   

15:16:03: local_reinforcement_logger.timestep_report +41: INFO     
 Step 28   Fraction valid SMILES: 100.0   Score: 0.5000   Time elapsed: 60   Time left: 45.5
  Agent     Prior     Target     Score     SMILES
-30.04    -29.85     24.29      0.66      n12c(ccc1)C(=O)c1c-2n(CCCCl)c(=O)c2ccccc12
-21.17    -21.59     21.97      0.53      c1(CC(C)C)cc(-c2ccc(Cl)cc2)n(-c2ccc(S(=O)(=O)N)cc2)n1
-42.34    -42.97      7.82      0.62      C1N(c2cccc(CCc3ccc4ncsc4c3)c2)C(=O)c2n(c3c(c2CC)cccc3)C1
-24.32    -24.33     31.30      0.68      c1(O)c(C(c2oc(-c3ccc(Cl)cc3)cc2)=O)ccc(O)c1
-36.95    -36.53     22.11      0.72      c1c(CCN2C(c3ccc(OC)cc3)C(Cc3ccc4[nH]ncc4c3)CC2)ccnc1
-19.62    -19.90     27.27      0.58      c1cc(C(C)=O)ccc1OCc1ccc(C(=O)OC)cc1
-31.02    -30.94     24.08      0.67      C(=NO)C1=Nc2n(nnc2)C2C1CCC2
-29.90    -29.64     14.35      0.54      c1(C(N2CCN(C3CCCCC3)CC2)c2c3c(ccc2)cccc3)cc2c(cc1)OCO2
-23.54    -23.44     24.26      0.58      c1c(C)cc(C(=O)CCn2cnnn2)cc1C
-27.91    -28.35     19.70      0.59      OCCN(C)C1CCCC(Oc2ccc(C#N)cc2)C1
Human-Component   raw_Human-Component
0.6602150797843933   0.6602150797843933   
0.5311827659606934   0.5311827659606934   
0.6193548440933228   0.6193548440933228   
0.6784946322441101   0.6784946322441101   
0.7150537371635437   0.7150537371635437   
0.5752688050270081   0.5752688050270081   
0.6709677577018738   0.6709677577018738   
0.5365591645240784   0.5365591645240784   
0.5817204117774963   0.5817204117774963   
0.5860214829444885   0.5860214829444885   

15:16:06: local_reinforcement_logger.timestep_report +41: INFO     
 Step 29   Fraction valid SMILES: 100.0   Score: 0.5000   Time elapsed: 63   Time left: 44.1
  Agent     Prior     Target     Score     SMILES
-32.24    -32.12     12.67      0.55      O=C(c1ccc(Oc2ccc(Br)cc2)cc1)N=c1n(-c2ccccc2)[nH]c(C(NCc2ccncc2)=O)c1
-25.48    -25.21     23.55      0.59      c1(-c2c(C)c3c(n2-c2ccc(Cl)cc2Cl)CCN(c2ccc(C(C)=O)cc2)C3=O)ccc(Cl)cc1
-37.26    -37.83     11.99      0.61      C1N(c2onc(-c3ccc(OC)cc3Cl)n2)CCC1N(C)c1ccc(C(O)=O)cc1
-33.30    -33.11     12.30      0.55      c1c(N=C(C)c2c(O)[nH]c(=O)[nH]c2=O)cc(OC)c(-c2ccc(C(C)C)cc2)c1
-25.54    -25.56     15.53      0.50      c1(=O)c2c(cc(OCC)cc2)c2ccccc2[nH]1
-32.34    -32.08    -17.80      0.17      C1N(C(=S)SCC(NC(=O)NCc2cccs2)C(OC)=O)CCOC1
-30.71    -30.79      4.04      0.42      O=C(N1C(C(N2CCC3(C)c4ccccc4CC2C3(C)C)=O)CCCC1)C(N)CCCNC(=N)N
-39.03    -38.93      3.74      0.52      C(C)CC1OC2C(C(COCC)O)(C(=C)C(=O)O2)C1
-29.80    -29.52     -2.72      0.33      c1(Cl)c(C(Nc2cc3c(cc2)CCc2c(C(=O)N)nn(-c4ccc(O)cc4)c2-3)=O)cc(OCC)cc1
-30.76    -31.29     -0.87      0.37      c1(-c2c(C=Cc3nc4c(nccc4)o3)nc3ccccc3n2)ccccc1
Human-Component   raw_Human-Component
0.5462365746498108   0.5462365746498108   
0.5946236848831177   0.5946236848831177   
0.6075268983840942   0.6075268983840942   
0.5537634491920471   0.5537634491920471   
0.501075267791748   0.501075267791748   
0.17419354617595673   0.17419354617595673   
0.42473119497299194   0.42473119497299194   
0.5204300880432129   0.5204300880432129   
0.3268817067146301   0.3268817067146301   
0.3709677457809448   0.3709677457809448   

15:16:08: local_reinforcement_logger.timestep_report +41: INFO     
 Step 30   Fraction valid SMILES: 100.0   Score: 0.5000   Time elapsed: 65   Time left: 41.9
  Agent     Prior     Target     Score     SMILES
-34.39    -35.28    -11.91      0.28      c1cc(C2(C(C(NS(=O)(c3ccc(Cl)cc3)=O)=O)c3ccc(C)cc3)CCN(C)CC2)ccc1Cl
-28.18    -28.28     28.76      0.70      OC1C(=O)N(CCCC)C2CC=CCC12
-31.98    -31.98     11.05      0.52      CN(C)c1ncnc(N(NC(=O)Nc2ccccc2OC)CCC#N)c1
-29.80    -29.41     16.44      0.56      O=S1(=O)c2c(cccc2)OC2(CCN(C(=O)c3ccoc3)CC2)CN1CC
-28.21    -28.47      5.65      0.42      c1(C(O)O)cc(NC(c2ccc(N)cc2)=O)c(N2CCCCC2)cc1
-21.26    -21.69      5.46      0.33      C1N(c2cnccn2)CCN(C(c2c(C)oc(C)c2C)=O)C1
-28.01    -28.05     19.30      0.58      O=S(=O)(N1CCN(c2cccc(Cl)c2)CC1)c1ccc(OCC)c(NC(C=Cc2ccc(OC)c(OC)c2)=O)c1
-31.86    -32.51     13.25      0.56      c1(C#N)cc2nc(C(c3ncc(Cl)cc3)(N)C)n(-c3ccccc3)c2cc1
-18.10    -18.12     18.64      0.45      c1(NCC(=O)NN=Cc2c(Cl)cncc2Cl)ccc(Cl)cc1
-48.94    -47.91    -27.89      0.24      C(C)C1(C(NC(c2cnc(N3CCN(S(=O)(c4ccc(C)cc4)=O)CC3)cc2)C(=NO)O)=O)COC1
Human-Component   raw_Human-Component
0.2849462330341339   0.2849462330341339   
0.6956989169120789   0.6956989169120789   
0.5247311592102051   0.5247311592102051   
0.5591397881507874   0.5591397881507874   
0.4161290228366852   0.4161290228366852   
0.3311828076839447   0.3311828076839447   
0.5774193406105042   0.5774193406105042   
0.5580645203590393   0.5580645203590393   
0.448387086391449   0.448387086391449   
0.24408602714538574   0.24408602714538574   

15:16:13: local_reinforcement_logger.timestep_report +41: INFO     
 Step 31   Fraction valid SMILES: 96.9   Score: 0.4844   Time elapsed: 69   Time left: 41.0
  Agent     Prior     Target     Score     SMILES
-23.73    -24.39     36.97      0.75      c1cc(CN2CCC(CC3OCCc4cc(Cl)ccc43)CC2)ccc1
-35.59    -36.28     18.20      0.66      c1ccccc1C(c1ccccc1)OC(O)C(C(OC)C1CCCCC1)=NO
-23.40    -23.46     30.92      0.66      c12c(ccc(Cl)c1)NC(=O)C2=Cc1c[nH]c2ccc(C#N)cc12
-21.07    -21.21     12.91      0.42      c1(NC(NN2CCOCC2)=S)ccccc1C(F)(F)F
-28.81    -29.49      4.53      0.41      c1cc(O)ccc1CCCOC(CC12CCC3(C)C4(C)CCC5C(C)(CCC(O)C5(C)C)C4CC=C3C1C(C)C(C)CC2)=O
-42.92    -42.36    -22.28      0.24      c1(-c2n(CC(=O)O)nc(C)c2C2C(Cl)CC(C)(C)C(CCCCCC)=C2)ccccc1
-27.10    -26.59     -2.55      0.29      n1(C)c2c(c(=O)n1CC(NCC(=O)OCC)=O)cccc2
-17.96    -18.19     19.51      0.46      Cc1o[nH]c(=NC(c2ccc(OC)cc2)=O)c1
-31.60    -31.47    -14.41      0.21      [N+](c1cc(S(N2CC3COCC3(COCC3CC3)C2)(=O)=O)ccc1C)([O-])=O
-17.86    -18.13     43.14      0.75      c12cc(O)c(O)cc1cccc2
Human-Component   raw_Human-Component
0.748275876045227   0.748275876045227   
0.6643677949905396   0.6643677949905396   
0.6632183790206909   0.6632183790206909   
0.4160919487476349   0.4160919487476349   
0.41494253277778625   0.41494253277778625   
0.24482758343219757   0.24482758343219757   
0.2931034564971924   0.2931034564971924   
0.4597701132297516   0.4597701132297516   
0.20804597437381744   0.20804597437381744   
0.7471264600753784   0.7471264600753784   

15:16:17: local_reinforcement_logger.timestep_report +41: INFO     
 Step 32   Fraction valid SMILES: 100.0   Score: 0.5000   Time elapsed: 74   Time left: 40.4
  Agent     Prior     Target     Score     SMILES
-20.96    -21.72     35.15      0.69      c1(CN2CCN(Cc3ccc(OC)cc3)CC2)cc(OC)c(O)cc1
-28.29    -28.21    -19.57      0.11      C1N(S(c2cc(-c3nc(C(C)C)no3)cc(C(F)(F)F)c2)(=O)=O)CCOC1
-20.91    -21.47     26.67      0.59      C=CCc1cccc2c1cccn2
-22.75    -22.83     23.46      0.56      c12c(ccc(C=NNC(Cc3c4c(ccc3)cccc4)=O)c1)OCO2
-48.42    -48.14     -0.79      0.58      N#CN(C)C12CSc3ccccc1C(=O)C2CCC3
-48.76    -49.29    -29.36      0.24      C1C(C)CC(OCC(O)CON=C2c3ccccc3C(=O)c3ccccc32)CC1OC(C=Cc1ccc(O)c(O)c1OC)=O
-18.82    -18.96     24.42      0.53      c1ccc2c([nH]c(SCC=C)nc2=N)c1
-35.37    -35.18    -16.57      0.23      O(c1ccc(-c2nc(C)ncc2CC)cc1S(=O)(Nc1cc(-c2nn[nH]n2)ccc1)=O)C
-33.31    -33.54     17.24      0.62      c1c(Cl)ccc(Cc2c(=O)[nH]c3c(c4ccccc4cc3)c2-c2ccc(C(F)(F)F)cc2)c1
-22.69    -22.84      1.76      0.30      c1c2c(ccc1)C(=O)C(C)=C2Sc1ccccc1
Human-Component   raw_Human-Component
0.6935483813285828   0.6935483813285828   
0.10537634044885635   0.10537634044885635   
0.5870967507362366   0.5870967507362366   
0.5645161271095276   0.5645161271095276   
0.5774193406105042   0.5774193406105042   
0.2430107593536377   0.2430107593536377   
0.5290322303771973   0.5290322303771973   
0.2268817275762558   0.2268817275762558   
0.6193548440933228   0.6193548440933228   
0.30000001192092896   0.30000001192092896   

15:16:19: local_reinforcement_logger.timestep_report +41: INFO     
 Step 33   Fraction valid SMILES: 100.0   Score: 0.5000   Time elapsed: 76   Time left: 38.0
  Agent     Prior     Target     Score     SMILES
-28.34    -28.08     18.74      0.57      c1cccc2c1C(=O)N(CCC[N+](C)(C)CCCCCC[N+](C)(CC#CC)CCC)C2=O
-28.40    -28.11     28.41      0.69      c1c(-c2ccccc2)sc(=NC(c2ccc3nsnc3c2)=O)[nH]1
-35.19    -35.34    -18.32      0.21      c1cc(C)ccc1N(C(=O)c1ccc(Nc2ccc([N+]([O-])=O)cc2)cc1)Cc1ccc(C)cc1
-34.17    -34.29     -1.31      0.40      C(n1c(CNc2ccc(C(NCCN(CC)CC)=O)c3c2cccc3)nc2ncccc21)CCC
-41.24    -40.67      6.24      0.57      N1C(=N)c2c(F)c3c(=O)[nH]c(=O)cnc3cc2C12CC(O)CC2
-32.39    -32.45     18.07      0.62      FC(F)(F)C(=O)c1sc(NC)c(-c2cccc(F)c2)c1
-24.31    -24.47     29.49      0.66      c1ccc(Cl)cc1-c1ncc2c(c1)n(C)c(=O)[nH]2
-28.67    -29.08     10.42      0.48      c1nc(-c2ccccc2)cc(-c2[nH]c3ccc(C(=O)C)cc3n2)c1
-26.70    -27.66     24.19      0.63      C1(CN2CCN(Cc3cccc(Cl)c3)C2c2ccccc2)CCOCC1
-20.19    -20.16     26.04      0.56      c1(=NC(=O)CNC(c2ccccc2)=O)cc[nH]cc1
Human-Component   raw_Human-Component
0.5709677338600159   0.5709677338600159   
0.6892473101615906   0.6892473101615906   
0.20752687752246857   0.20752687752246857   
0.40215054154396057   0.40215054154396057   
0.5720430016517639   0.5720430016517639   
0.6161290407180786   0.6161290407180786   
0.6580645442008972   0.6580645442008972   
0.4817204177379608   0.4817204177379608   
0.6322580575942993   0.6322580575942993   
0.5634408593177795   0.5634408593177795   

15:16:22: local_reinforcement_logger.timestep_report +41: INFO     
 Step 34   Fraction valid SMILES: 100.0   Score: 0.5000   Time elapsed: 78   Time left: 35.7
  Agent     Prior     Target     Score     SMILES
-20.19    -20.52     41.03      0.75      c1cc(C2(O)CCCCC2N2CCC3(C(=O)NCN3c3ccccc3)CC2)ccc1Cl
-28.18    -28.51     30.57      0.72      C(O)(=O)C1N(c2nc3ccccc3o2)Cc2ccccc2C1
-19.93    -20.31     18.84      0.48      O=c1cc(-c2cc(C)ccc2)oc2cc(O)cc(O)c21
-18.14    -18.26     36.93      0.67      C1(OS(N)(=O)=O)CCCCC1
-39.69    -39.74     -6.41      0.41      c1c(Cc2cnc(CCOCc3ccc(C#N)cc3)cc2)ccc(CNCCCC(O)=O)c1
-23.46    -23.65      0.77      0.30      N1(CC)C(CNC(c2c(C)c(CC)nc3ccccc32)=O)CCC1
-28.34    -28.71     26.84      0.68      c1cc2c(cc1)C(N1CC(N=c3c4cc(OC)c(OC)cc4[nH]cn3)CCC1)c1c-2cccc1
-25.89    -26.33      6.39      0.40      C1CN(C2CCN(c3c(C=C(C#N)C#N)cc(OC)cc3)C2=O)CCO1
-22.51    -22.88     17.41      0.49      c1cccc(NC(c2cccnc2)=O)c1-n1ccnc1
-31.53    -32.25     23.48      0.68      c1cc(C2(C)CCCO2)n(C2CC2)c1CN1CCN(c2ccccc2OC)CC1
Human-Component   raw_Human-Component
0.750537633895874   0.750537633895874   
0.7204301357269287   0.7204301357269287   
0.47741934657096863   0.47741934657096863   
0.6731182932853699   0.6731182932853699   
0.40645161271095276   0.40645161271095276   
0.29784947633743286   0.29784947633743286   
0.6774193644523621   0.6774193644523621   
0.39892473816871643   0.39892473816871643   
0.4913978576660156   0.4913978576660156   
0.6795699000358582   0.6795699000358582   

15:16:23: local_reinforcement_logger.timestep_report +41: INFO     
 Step 35   Fraction valid SMILES: 96.9   Score: 0.4844   Time elapsed: 79   Time left: 32.9
  Agent     Prior     Target     Score     SMILES
-19.20    -19.36     43.13      0.76      c12c3c(O)c(O)cc1CCN(C)C2CCC3
-23.02    -23.07     34.89      0.71      [nH]1c(=Nc2cccc(SC)c2)c2c(cccc2)o1
-27.80    -28.00     27.51      0.68      c1ccccc1CC(N1CC2(CN(CC3CC3)CC2)OCC1)=O
-32.62    -32.90     20.17      0.65      C1CC(Sc2c(Cl)cc3c(c2)OCCC3=O)CCN1
-22.31    -22.47     27.11      0.60      C1(NS(=O)(O)=O)C(O)C(O)C(O)C(CO)O1
-40.68    -41.23     -0.89      0.49      Oc1cc(C)cc2c(=O)c1Oc1c(c(CO)cc(O)c1C=CC(C)C)O2
-29.31    -29.65     -6.18      0.29      O1c2c(ccc(NC(CN3c4ccccc4N=C(C)CC3C)=O)c2)OCC1
-36.43    -36.34     11.07      0.58      C(=O)(Cc1c(-c2ccc(Cl)cc2)nn2nc(-c3ccc(F)cc3)ccc12)NC(CC)(C)C
-23.41    -23.80    -23.80      0.00      c12nn(C3CCOCC3)cc1c[nH]c(=Nc1ccccc1)n2
-44.35    -44.29     -0.27      0.54      O=C(OC1C2(C)C(C3(C)C(CO)(C(OC(=O)c4cnccc4)CCC32)CC1)C)c1ccccc1
Human-Component   raw_Human-Component
0.7620689868927002   0.7620689868927002   
0.7068965435028076   0.7068965435028076   
0.6770114898681641   0.6770114898681641   
0.6471264362335205   0.6471264362335205   
0.6045976877212524   0.6045976877212524   
0.4919540286064148   0.4919540286064148   
0.2862069010734558   0.2862069010734558   
0.5781609416007996   0.5781609416007996   
0.0   0.0   
0.5367816090583801   0.5367816090583801   

15:16:24: local_reinforcement_logger.timestep_report +41: INFO     
 Step 36   Fraction valid SMILES: 100.0   Score: 0.5000   Time elapsed: 80   Time left: 30.3
  Agent     Prior     Target     Score     SMILES
-33.42    -33.39     27.71      0.75      C1(c2coc(O)c2)CCN(CCCn2c(=O)oc3ccccc23)CC1
-25.12    -25.44     -6.57      0.23      n1c(CC)cc(SCc2ccccc2)c(=O)[nH]1
-16.30    -16.25     40.80      0.70      C1CCCC(n2[nH]c(C)cc2=O)C1
-30.16    -30.95     19.39      0.61      n1(Cc2ccccc2OC)c(-c2ccc(OC)cc2)c(C#N)c(Cl)c(C#N)c1=O
-24.32    -24.01    -10.16      0.17      c1(-c2nc(-c3ccc(NC(CCC)=O)cc3)no2)ccc(OC)cc1
-19.70    -19.58     37.47      0.70      c1ncn(CCC(Nc2ccc(Cl)cc2)=O)c1
-41.40    -41.30    -25.78      0.19      c1ccc(CC(N)C(=O)Nc2ccc(-c3ccc(OCC(C)C)cc3)cc2)cc1C(=O)NCc1ccccc1
-26.04    -25.77     22.37      0.59      n1c(C=CC(C=Cc2nccn2C)=O)n(C)c2c(=O)n(C)c(=O)n(C)c12
-36.12    -37.16     18.03      0.67      CN1C2(CNC(c3ccc(CC)cc3)N1)OC(C)CC2
-26.37    -26.64     22.56      0.60      C(CCN(C)C)NCc1ccc(-c2cccc(CNCCC)c2)cc1
Human-Component   raw_Human-Component
0.7451612949371338   0.7451612949371338   
0.23010753095149994   0.23010753095149994   
0.6956989169120789   0.6956989169120789   
0.6139785051345825   0.6139785051345825   
0.1688172072172165   0.1688172072172165   
0.6956989169120789   0.6956989169120789   
0.18924731016159058   0.18924731016159058   
0.5870967507362366   0.5870967507362366   
0.6731182932853699   0.6731182932853699   
0.6000000238418579   0.6000000238418579   

15:16:25: local_reinforcement_logger.timestep_report +41: INFO     
 Step 37   Fraction valid SMILES: 93.8   Score: 0.4457   Time elapsed: 82   Time left: 28.1
  Agent     Prior     Target     Score     SMILES
-22.18    -22.46     26.22      0.59      o1c(O)c2ccc(CCC)cc2c1
-20.41    -20.67     42.85      0.77      Oc1c(OC)cc(C2N(C)CCC2)cc1
-30.09    -30.10      2.41      0.40      c1c(OC)ccc(-c2oc(CNCC3N(c4ccnc(C#N)n4)CCC3)nc2)c1
-25.57    -26.53     32.65      0.72      c1(C)cccc(N2CCN(C3CCN(Cc4c(C)cccc4)CC3O)CC2)c1
-29.15    -29.58      6.17      0.44      c1(C(F)(F)F)cccc(CN(c2cccc(C(F)(F)F)c2)CCNCC)c1
-46.35    -45.56    -18.80      0.33      n1c2c(c(-c3ccc(N(C(c4ccccc4Cl)=O)C(CCN4C(=O)c5ccccc5S4(=O)=O)=O)cc3)c(O)[nH]2)ccc1
-18.91    -18.62    -18.62      0.00      NC(=NCc1cc(Br)cc(Br)c1)N
-21.97    -22.31     26.46      0.59      Oc1ccc(O)n1-c1cccc(C(=O)N(Cc2ccccc2)C)c1
-22.25    -22.85     32.08      0.67      O=C(c1ccc(Cl)cc1Cl)N=c1nn[nH]n1CCCC
-26.75    -27.48     23.82      0.63      c1(C(O)=O)c2c(nc(-c3ccc(Cl)cc3Cl)n2CCCC)ccc1
Human-Component   raw_Human-Component
0.5935960412025452   0.5935960412025452   
0.7746305465698242   0.7746305465698242   
0.3965517282485962   0.3965517282485962   
0.7216748595237732   0.7216748595237732   
0.435960590839386   0.435960590839386   
0.3263546824455261   0.3263546824455261   
0.7376847267150879   0.7376847267150879   
0.5948275923728943   0.5948275923728943   
0.6699507236480713   0.6699507236480713   
0.6256157755851746   0.6256157755851746   

15:16:26: local_reinforcement_logger.timestep_report +41: INFO     
 Step 38   Fraction valid SMILES: 100.0   Score: 0.4653   Time elapsed: 83   Time left: 25.5
  Agent     Prior     Target     Score     SMILES
-24.73    -25.26     16.36      0.51      C1CC1COc1cc2oc(=O)cc(O)c2cc1
-25.22    -24.90     21.12      0.56      CN1CCN(S(c2c(C)cc(C)c(N(S(=O)(=O)C)C)c2C)(=O)=O)CC1
-19.30    -20.54     40.74      0.75      C1CN(c2ccc(Br)cc2)CCN1CCO
-23.98    -25.21     33.43      0.72      C1(CN2CCCC3(CN(C)CC3)C2)COc2c(cccc2)O1
-21.70    -22.13     24.95      0.57      c1(CNC(=O)c2cnc(N(C)C)cc2)ccncc1
-17.89    -18.96      6.17      0.31      c1c(S(c2ccccc2)(=O)=O)ccc(C)c1
-17.58    -18.34    -18.34      0.00      COCCNCC(COc1ccccc1)O
-18.64    -18.45      3.50      0.27      c1cccc(C2C(C(=O)OCC)=C(C)N=C(C)C2C(=O)OCC)c1
-37.49    -36.49    -17.18      0.24      c1c2c(oc(=NC3=NC(c4ccccn4)C4CCCCC4(O)C3)c1C(C)=O)cccc2
-31.79    -32.35    -15.69      0.20      O=S(c1ccc(Cl)cc1)(NC(c1ccc(Br)cc1)CC(=O)NC(Cc1ccccc1)C=O)=O
Human-Component   raw_Human-Component
0.5075268745422363   0.5075268745422363   
0.5612903237342834   0.5612903237342834   
0.7473118305206299   0.7473118305206299   
0.7150537371635437   0.7150537371635437   
0.57419353723526   0.57419353723526   
0.30645161867141724   0.30645161867141724   
0.6516128778457642   0.6516128778457642   
0.26774194836616516   0.26774194836616516   
0.23548386991024017   0.23548386991024017   
0.20322580635547638   0.20322580635547638   

15:16:27: local_reinforcement_logger.timestep_report +41: INFO     
 Step 39   Fraction valid SMILES: 93.8   Score: 0.4688   Time elapsed: 84   Time left: 23.1
  Agent     Prior     Target     Score     SMILES
-27.64    -27.69     20.38      0.59      C(C(=O)O)SN1C(=O)C(=Cc2ccc(O)cc2)SC1=O
-30.40    -29.99    -12.92      0.21      C1CC(C(NCCSCc2ccccc2)=O)CCN1c1cc(-c2ncccc2C)c(Cl)cn1
-26.88    -26.89     29.76      0.69      c1ncc(C2=NN(CN3CCCCC3)C(=O)C3C2CCCC3)cc1
-35.03    -34.83     14.85      0.61      C(CC1(c2ccc(F)cc2)c2ccc(-c3cc(C(F)(F)F)cc(F)c3)cc2CO1)O[N+](=O)[O-]
-37.34    -37.54     10.83      0.59      c1(NC(=O)c2c(Oc3c(C)nccc3)ccc(N3CCN(C)CC3)n2)ccc(Cl)c(CC(O)=O)c1
-23.83    -23.31      7.49      0.38      n1c2c(cc[nH]2)c2nc(-c3occ(C)n3)[nH]c2c1
-34.14    -34.60     -4.00      0.37      c1(NC(=O)c2cc3ccc(Cl)cc3c(-c3ccc(Cl)cc3)n2)ccccc1F
-36.15    -37.37    -37.37      0.00      C1Oc2cc(-c3ccccc3)ccc2-c2cc(=N)cc(CCC)[nH]c21
-61.18    -61.68    -44.71      0.21      O=C(OC1OC2(C(C)=C)C(C1)C1(C)C(C(C)(C)CCC1)CC2=O)COc1c(C)c(C2COC(C)(C)O2)coc1=O
-40.67    -40.49    -26.35      0.17      c1cc(NC(=O)c2cc(-c3cc(Cl)c(Cl)cc3)on2)c(C(C(F)(F)C)C)cc1
Human-Component   raw_Human-Component
0.5862069129943848   0.5862069129943848   
0.20812807977199554   0.20812807977199554   
0.6908866763114929   0.6908866763114929   
0.6059113144874573   0.6059113144874573   
0.5899015069007874   0.5899015069007874   
0.37561577558517456   0.37561577558517456   
0.3731527030467987   0.3731527030467987   
0.0   0.0   
0.2068965584039688   0.2068965584039688   
0.17241379618644714   0.17241379618644714   

15:16:29: local_reinforcement_logger.timestep_report +41: INFO     
 Step 40   Fraction valid SMILES: 100.0   Score: 0.4808   Time elapsed: 85   Time left: 20.7
  Agent     Prior     Target     Score     SMILES
-18.55    -19.01     33.54      0.64      Oc1ccc(-c2c(=O)c3c(cc(OC)cc3O)oc2)cc1O
-31.36    -31.75     13.57      0.55      CCn1c(=O)c2c(cccc2)nc1C=Cc1cc(C#N)ncc1
-65.78    -65.97    -19.85      0.56      O(CC1C(O)C(O)C(O)C(OC2C3C(C)C(OC(=O)C)C4C(OCC5C(O)C(O)OCO5)(C32COC(=O)c2ccccc2)C4)O1)c1ccccc1
-37.63    -38.16     -5.98      0.39      C1OCCC1c1ccc(-c2cn3c(c(N(C)CCN(CC)CC)ncc3)n2)cc1
-53.13    -53.61      0.44      0.66      C1=C2C3C(C)(CCC3(C)CCC(C(C)=C)C2(CC#CC(CO)NC(=O)C(C)N)C)CC1
-20.99    -21.42     27.69      0.60      c1(-c2n(CC=C)c(=O)c3cccnc3n2)ccccc1
-21.22    -20.53      2.66      0.28      c1(NC(=O)CSc2nc(=N)[nH][nH]2)cc(OC)c(OC)cc1
-21.11    -21.95     35.53      0.70      c12ccccc1-c1c(-c3cnn(CCO)c3)cc(F)cc1C2(C(F)(F)F)O
-37.70    -37.31     16.21      0.65      S(OCCCCCCCCCCCCCC)(CC1OC(n2cnc3c2nc[nH]c3=N)C(O)C1O)(=N)C
-31.04    -30.82     17.15      0.58      n1c2nc(-c3cc(OC)c(Cl)c(OC)c3)cn2c(C)cc1
Human-Component   raw_Human-Component
0.6408601999282837   0.6408601999282837   
0.5526881814002991   0.5526881814002991   
0.5623655915260315   0.5623655915260315   
0.39247313141822815   0.39247313141822815   
0.6591398119926453   0.6591398119926453   
0.5989247560501099   0.5989247560501099   
0.2827956974506378   0.2827956974506378   
0.7010752558708191   0.7010752558708191   
0.6526881456375122   0.6526881456375122   
0.5849462151527405   0.5849462151527405   

15:16:31: local_reinforcement_logger.timestep_report +41: INFO     
 Step 41   Fraction valid SMILES: 100.0   Score: 0.4868   Time elapsed: 87   Time left: 18.6
  Agent     Prior     Target     Score     SMILES
-32.65    -31.76      5.98      0.46      c1(C(C)(C)C)noc(C)c1C(N1CCCC(Nc2ccc(C(C)=O)cc2)C1)=O
-37.81    -37.59    -11.58      0.32      C(c1sccc1)NC(=O)C1(CC2COCCC2)C(=O)NC(=O)N1
-31.05    -31.79      4.37      0.44      OC1C(O)C(O)C(Oc2cc3ccc(=O)oc3cc2)OC1COc1ccc(OCOC)cc1
-26.15    -25.51    -17.49      0.10      n12[nH]cc(C(=O)N)c(=NC3CN(C(=O)C4(C#N)CC4)CC3CC)c1nc(-c1cc3ccccc3nc1)c2
-27.91    -27.67     -4.04      0.29      O(c1nc(=NC(NS(=O)(c2ccccc2C)=O)=O)[nH]cc1C#N)CCCC
-38.36    -38.87     21.00      0.73      C(C1CC1)N1CC(CO)=CC2(C(c3cccc4ccccc43)C2)C1
-34.68    -34.58     17.44      0.63      s1c2c(cc1C(=O)Nc1cc(OC3CCN(C(c4ccc(OC)cc4)=O)CC3)ccc1)CN(C)CC2
-30.02    -29.94     -8.25      0.26      N(CCCOc1cc2nc[nH]c(=Nc3ccc(NC(=O)Nc4ccc(Cl)c(Cl)c4)cc3)c2cc1OC)(C)C
-35.80    -36.05     15.36      0.63      N1(C2CCC(C(C)C)(C(O)(C)C)C2)CCN(C(CCOC)=O)CC1
-31.28    -30.99     15.57      0.57      c1c(C#CC#Cc2c(CO)cc(S(=O)(=O)N)cc2)ccc(CCC(O)=O)c1
Human-Component   raw_Human-Component
0.4602150619029999   0.4602150619029999   
0.3172042965888977   0.3172042965888977   
0.44086021184921265   0.44086021184921265   
0.09784946590662003   0.09784946590662003   
0.28817203640937805   0.28817203640937805   
0.7301075458526611   0.7301075458526611   
0.6344085931777954   0.6344085931777954   
0.26451611518859863   0.26451611518859863   
0.6268817186355591   0.6268817186355591   
0.5677419304847717   0.5677419304847717   

15:16:32: local_reinforcement_logger.timestep_report +41: INFO     
 Step 42   Fraction valid SMILES: 96.9   Score: 0.4844   Time elapsed: 88   Time left: 16.4
  Agent     Prior     Target     Score     SMILES
-21.97    -22.94     35.40      0.71      C1C(CCN2C(=O)CCC2)N(CC)CCC1
-21.73    -21.94     29.80      0.63      CC1OC(C)CN(CCCOc2c([N+]([O-])=O)cccc2)C1
-24.07    -24.25     27.31      0.63      Cc1ccc2c3c([nH]c2c1)c1[nH]c2c(cccc2)c1c1c3C(=O)NC1=O
-26.37    -27.61     30.64      0.71      c1(-c2ccc(NCc3ccc(F)cc3)cc2)ccc2c(cccc2)c1
-35.63    -35.81     12.45      0.59      C1C2(C)C3C(=CC(=O)C2(C)O)C(=O)CC3C2(C)CCC(OC(C)=O)C(C)(C)C2C1
-26.37    -26.25     27.95      0.66      O=c1n(CC(=O)N2CCN(C)CC2)c2c(cc1)cc(S(=O)(N(C)C)=O)cc2
-25.31    -25.90     24.15      0.61      c1ccccc1S(=O)(N1C(c2ccccc2)CN(CC(O)=O)CC1)=O
-30.89    -30.30     12.68      0.52      c1ccc(OC(=O)CCC)c(NC(=O)C(N2CCN(C)CC2)C)c1
-34.05    -34.14     11.19      0.55      C(C)(c1csc(=Nc2ccccc2S(C)(=O)=O)n1C)(C)C
-24.48    -24.94     18.79      0.53      c1(OCCCN2CCN(C)CC2)c(OC)cc2c(Oc3c(F)cc(NC(c4c5c(cccc5)ccc4)=O)cc3)ccnc2c1
Human-Component   raw_Human-Component
0.7114942669868469   0.7114942669868469   
0.6310344934463501   0.6310344934463501   
0.6287356615066528   0.6287356615066528   
0.7103448510169983   0.7103448510169983   
0.588505744934082   0.588505744934082   
0.6609195470809937   0.6609195470809937   
0.6103448271751404   0.6103448271751404   
0.5241379141807556   0.5241379141807556   
0.5528735518455505   0.5528735518455505   
0.5333333611488342   0.5333333611488342   

15:16:33: local_reinforcement_logger.timestep_report +41: INFO     
 Step 43   Fraction valid SMILES: 96.9   Score: 0.4844   Time elapsed: 90   Time left: 14.3
  Agent     Prior     Target     Score     SMILES
-27.89    -26.87     18.75      0.56      CCCCCCCN(CC(c1cc(-c2ccc(Cl)c(Cl)c2)cc2c1cc(OC)cc2)O)CCCCCCC
-30.70    -31.99     22.58      0.67      O(c1cc2ccccc2cc1)CCCCOc1cc2c(cc1)CCC1C3C(C)(C(O)CC3)CCC21
-29.54    -29.47     20.20      0.61      Cc1cccc(N2CCN(C(=O)Cc3noc(-c4ccccc4)n3)CC2)c1C
-26.19    -26.85     17.54      0.54      c1(-c2nn(C(C)C)c(-c3ccc(OC)cc3)c2)ccc(F)cc1
-19.57    -19.71     23.74      0.53      c12c(cccc1)N(C(=O)CSc1ncccn1)c1c(cccc1)S2
-31.51    -31.37     -9.60      0.27      CCCNCc1c(C)n(Cc2ccc(OC)cc2)c(=O)n1Cc1ccc(-c2ccccc2-c2[nH]oc(=O)n2)cc1
-30.85    -30.34     10.19      0.49      C(C(=O)NCc1ccccc1C)N(c1ccc2ncc(-c3cn(C)nc3)nc2c1)C
-26.39    -25.36     -6.79      0.23      C(OCC(=O)Nc1ccc(Br)cc1)(=O)c1c(NC(=O)c2occc2)cccc1
-31.88    -31.55      0.03      0.39      c1c2c(c(=Nc3ccc[n+](C)c3)c([N+](=O)[O-])c[nH]2)ccc1C(F)(F)F
-25.56    -26.58     12.16      0.47      C1OCCN(C(O)=c2ccccc2=C(O)N2CCCCC2)C1
Human-Component   raw_Human-Component
0.5563218593597412   0.5563218593597412   
0.665517270565033   0.665517270565033   
0.6057471036911011   0.6057471036911011   
0.5413793325424194   0.5413793325424194   
0.5298850536346436   0.5298850536346436   
0.2655172348022461   0.2655172348022461   
0.49425286054611206   0.49425286054611206   
0.2264367789030075   0.2264367789030075   
0.3850574791431427   0.3850574791431427   
0.4724137783050537   0.4724137783050537   

15:16:34: local_reinforcement_logger.timestep_report +41: INFO     
 Step 44   Fraction valid SMILES: 96.9   Score: 0.4629   Time elapsed: 91   Time left: 12.1
  Agent     Prior     Target     Score     SMILES
-25.05    -25.45    -25.45      0.00      CCNN=Cc1cc(OC)c(OC(C)=O)cc1
-24.65    -24.93      7.87      0.40      c1cc(SC)ccc1-c1oc(C)c(CN2CC(C(OCC)=O)CCC2)n1
-29.45    -28.88     -4.28      0.30      C(=O)(c1cc2c(cc1OC)[nH]cnc2=Nc1cc(Br)ccc1)Nc1c(F)cccc1F
-30.11    -30.24     13.12      0.53      CN(C)c1cccc(C(F)(F)F)c1N=c1scc(-c2cc(OC)c(OC)c(OC)c2)[nH]1
-28.62    -28.08     10.00      0.46      Cc1cccc(=NC(=S)NC(=N)c2ccc(Br)cc2)[nH]1
-35.82    -36.28      4.06      0.49      C12=CC(=O)OC13CC(OC)OCC3=CCC2=O
-30.79    -30.43     -8.19      0.27      O=C(c1ccc(Br)o1)Oc1c(OC)cc(C=CC(OCCCC[N+](C)(C)C)=O)cc1
-33.84    -33.95     23.64      0.70      n12c(nc3ccc(N4CCN(C)CC4)cc3c1=O)c1ccccc1c(=O)n2CCCn1cncc1
-22.52    -22.68      5.41      0.34      c1ccc(SC)cc1NC(c1ccc(C)s1)=O
-28.14    -27.48     -3.35      0.29      c1cc2c(cc[nH]2)cc1C(NC1CCC(C(N2CCOCC2)=O)CC1)=O
Human-Component   raw_Human-Component
0.6873562932014465   0.6873562932014465   
0.4000000059604645   0.4000000059604645   
0.30000001192092896   0.30000001192092896   
0.5287356376647949   0.5287356376647949   
0.4643678069114685   0.4643678069114685   
0.4919540286064148   0.4919540286064148   
0.27126437425613403   0.27126437425613403   
0.7022988796234131   0.7022988796234131   
0.34252873063087463   0.34252873063087463   
0.294252872467041   0.294252872467041   

15:16:35: local_reinforcement_logger.timestep_report +41: INFO     
 Step 45   Fraction valid SMILES: 96.9   Score: 0.4742   Time elapsed: 92   Time left: 10.0
  Agent     Prior     Target     Score     SMILES
-19.14    -19.42     41.56      0.74      c1c(Cl)ccc(C2=NN(C(=O)C)C(c3occc3)C2)c1
-42.49    -42.09    -42.09      0.00      c12c(O)c3c4c(O)c(O)c(=CCC=O)c(O)c4c(O)cc3c1=C(C(=O)OC)CC=2
-41.67    -42.35      6.94      0.60      C(=O)(O)C1C(C)(C)C1C=CC(C(C(C)C)CC)C(C(=O)NC1CCCCC1CC)O
-23.70    -24.05     24.87      0.60      n1(C)cc2cc(C(O)=O)nc(C)c2n1
-22.29    -21.96     -5.09      0.21      C(c1cc2n(n1)CCCN(C(c1occc1C)=O)C2)N(C)C
-56.14    -55.30    -30.23      0.31      O=C(c1ccc2c(c(Nc3cccc(-c4c(C)c(C)c(=N)[nH]c4)c3)ccn2)c1)NCc1cnc(C2CN(C)CCC2)o1
-23.62    -23.77     19.97      0.53      Cc1ccc(N2C(=O)CSC2c2sccc2)cc1Cl
-34.81    -34.79     15.92      0.62      C1CN(c2oc(CCC)nn2)CC1CNS(c1c2c(cncc2)ccc1)(=O)=O
-22.35    -22.81     32.61      0.68      c1(OC)ccccc1N1CCN(c2nn3cc(-c4ccc(OC)cc4)nc3s2)CC1
-26.66    -27.51     23.86      0.63      c1ccccc1CCN(CCc1ccccc1)Cc1ccc(N=c2c3ccc(Cl)cc3[nH]cc2)cc1
Human-Component   raw_Human-Component
0.7436781525611877   0.7436781525611877   
0.0   0.0   
0.6011494398117065   0.6011494398117065   
0.5965517163276672   0.5965517163276672   
0.20574712753295898   0.20574712753295898   
0.3057471215724945   0.3057471215724945   
0.5333333611488342   0.5333333611488342   
0.6183907985687256   0.6183907985687256   
0.6758620738983154   0.6758620738983154   
0.6264367699623108   0.6264367699623108   

15:16:36: local_reinforcement_logger.timestep_report +41: INFO     
 Step 46   Fraction valid SMILES: 96.9   Score: 0.4844   Time elapsed: 93   Time left: 7.9
  Agent     Prior     Target     Score     SMILES
-20.41    -21.07     39.63      0.74      O(c1ccc(C#N)cc1)C1CCN(S(=O)(C)=O)CC1
-23.82    -24.51     30.54      0.67      c1ccccc1CCOc1c2c(ccc1OC)CC1N(C)CCC23CC(=O)C(OC)=CC13
-30.37    -30.71     16.61      0.58      CC#Cc1oc2c(cn(-c3cc(F)ccc3)n2)c(=O)c1
-32.74    -32.27     20.23      0.64      OC(c1cc2c(occ2)cc1C(CCCCCCCCCCCCCCC)=O)=O
-60.92    -61.12    -61.12      0.00      OC1C2=CC(O)C3c4c(c(O)oc4O)C4(N5C(CCCC5)OCC=4)CCCC32CC1
-24.81    -25.77     20.98      0.57      C1N2C(=NCC2)c2c(cc3ccccc3c2)C1
-30.39    -30.51      9.55      0.49      C1NCCCC1N=c1nc(-n2c3ccc(F)cc3[nH]c2=Nc2ccc(OC)nc2)cc[nH]1
-25.43    -26.05     21.17      0.58      c1c(SC(c2c(OC)cccc2)C2CNCCO2)ccc(F)c1
-23.85    -23.83      1.33      0.31      c1c(-c2nc(N3CCOCC3)c3cnn(C4CCN(C(=O)OCC)CC4)c3n2)ccc(NC(NCC)=O)c1
-22.12    -22.78      9.74      0.40      c1(C)[nH]c(=O)c(CCc2ccccc2)cc1CCC
Human-Component   raw_Human-Component
0.7402299046516418   0.7402299046516418   
0.6712643504142761   0.6712643504142761   
0.5770114660263062   0.5770114660263062   
0.6402298808097839   0.6402298808097839   
0.0   0.0   
0.5701149702072144   0.5701149702072144   
0.4885057508945465   0.4885057508945465   
0.5758620500564575   0.5758620500564575   
0.30689653754234314   0.30689653754234314   
0.3965517282485962   0.3965517282485962   

15:16:38: local_reinforcement_logger.timestep_report +41: INFO     
 Step 47   Fraction valid SMILES: 100.0   Score: 0.4875   Time elapsed: 94   Time left: 5.9
  Agent     Prior     Target     Score     SMILES
-23.42    -23.15     -9.22      0.17      CC(NC(=O)Nc1ccc(-c2nocn2)cc1)C
-24.47    -25.49     11.54      0.45      O(C)c1ccc(COC(O)c2ccccc2)cc1
-30.64    -31.19     29.29      0.74      c1c(-c2c(F)ncc(C3COC4(C=CC(OC)O4)CC3)n2)cncn1
-32.15    -31.94     15.41      0.58      c1cccc2c1cc(CCC1CCN(S(=O)(CC3(N(O)C=O)CCN(C(=O)C4(O)CC4)CC3)=O)CC1)cc2
-19.98    -20.24     15.73      0.44      c1c(-c2cc(OC)c(O)c(OC)c2)ccc2c1OCO2
-15.84    -16.12     20.47      0.45      Cc1c(Sc2ccccc2)n(COCCO)c(=O)[nH]c1=O
-53.27    -54.60      2.89      0.70      C1(CO)NC2C3(O)CN(C)C4(C51c1c(c(O)ccc1C2)C4)CC5N(CC1CCC1)CC3
-49.39    -49.21     -0.80      0.59      c1(-c2cc(OC3CCC(NC(=O)C=C)CC3)cc(F)c2)nc(C(OCCOc2ccccc2)=O)c[nH]1
-20.72    -21.19     12.76      0.41      n1nc(-c2ccc(OC)cc2)n2c1sc(-c1ccc(OC)cc1)n2
-34.01    -34.83     -6.35      0.35      c1cc(NC2CCC3(OCCO3)CC2)ccc1CCc1[nH]cc(-c2ccc(C)cc2)n1
Human-Component   raw_Human-Component
0.16989247500896454   0.16989247500896454   
0.4516128897666931   0.4516128897666931   
0.7376344203948975   0.7376344203948975   
0.5774193406105042   0.5774193406105042   
0.43870967626571655   0.43870967626571655   
0.4462365508079529   0.4462365508079529   
0.7010752558708191   0.7010752558708191   
0.5903225541114807   0.5903225541114807   
0.4139784872531891   0.4139784872531891   
0.3473118245601654   0.3473118245601654   

15:16:39: local_reinforcement_logger.timestep_report +41: INFO     
 Step 48   Fraction valid SMILES: 100.0   Score: 0.4844   Time elapsed: 96   Time left: 3.9
  Agent     Prior     Target     Score     SMILES
-23.75    -24.12     13.18      0.45      COc1ccc(C(N)=N)cc1Oc1ccc(C(C)(C)C)cc1
-28.46    -28.40     20.80      0.60      c1(F)c(C(=O)Cn2c(-c3ccccn3)nc3ccccc32)ccc(F)c1
-39.97    -39.96    -19.86      0.25      C12C34OOC(C)(O1)OC3OC(=O)C(C([N+]([O-])=O)c1ccccc1)=C(C)C4CC2
-41.18    -41.51     20.65      0.76      C12Oc3c(O)ccc4c3C13C(O)(C3)C(N(CC1CC1)CC4)C(O)C2CC1C(C)O1
-18.95    -19.13     -9.78      0.11      c1(NN=Cc2c(C)nn(-c3ccccc3)c2Cl)ccccc1
-28.68    -29.60     30.98      0.74      c1n(C)nc(N2CCC(CNCc3nc(C)ccc3)C2)c1
-33.51    -33.42     24.42      0.71      C(O)COCCOCCOC1C(OCCCCCCCCCCC)C(OC)OCC1OCCCCCCCCCCCC
-26.27    -27.02     15.04      0.51      [nH]1cnc2c(cc(C#Cc3ccccc3)[nH]c2=N)c1=NCC(C)N
-37.65    -40.56     14.19      0.67      C1CN(C(=O)Cn2c(=O)c(=NCCc3ccc(F)cc3Cl)[nH]cc2CC)CCN1c1cccc(Cl)c1
-23.26    -22.59     29.17      0.63      CC(C)C(=O)N1C(C(F)(F)F)(O)CC(CCC)=N1
Human-Component   raw_Human-Component
0.45483872294425964   0.45483872294425964   
0.6000000238418579   0.6000000238418579   
0.2451612949371338   0.2451612949371338   
0.7580645084381104   0.7580645084381104   
0.11397849768400192   0.11397849768400192   
0.7387096881866455   0.7387096881866455   
0.7053763270378113   0.7053763270378113   
0.5129032135009766   0.5129032135009766   
0.6677419543266296   0.6677419543266296   
0.6311827898025513   0.6311827898025513   

15:16:41: local_reinforcement_logger.timestep_report +41: INFO     
 Step 49   Fraction valid SMILES: 100.0   Score: 0.4847   Time elapsed: 97   Time left: 1.9
  Agent     Prior     Target     Score     SMILES
-25.26    -25.79     19.35      0.55      N1(c2[nH]c(C)c(CCOC(C)C)c(=N)n2)CCOCC1
-34.75    -34.55      9.80      0.54      N(C(=O)c1sc2c(cccn2)c1-n1cccc1)C1c2cnn(C)c2CC1
-29.74    -30.20      8.51      0.47      c1(=NC2CCOC3(CCCC3)C2)[nH]cccc1-c1[nH]c2c(n1)cccc2
-57.18    -57.03     -7.57      0.60      C1(=O)CCC23C(C(C(=O)C1)C1(O)CCC(C4(O)C(O)C(O)(C(C)C)C4)OC2CC1)C3
-23.92    -25.32     18.06      0.53      c1(-c2c[nH]c(=N)cn2)ccc(-c2ccccc2Sc2ccc(COC)cc2)cc1F
-18.83    -19.65     24.97      0.54      C1CCOC1CNCCCN(C)C
-24.19    -24.74     26.05      0.62      c1(CN2CCC(C(=O)OCC)(Cc3ccc(Cl)cc3)CC2)ccc(CC)cc1
-16.47    -17.42     30.73      0.59      c1cc(C2(CN)CCOCC2)ccc1
-20.01    -20.87     27.72      0.59      c1cc(OCc2ccc(CN3CCCCC3)cc2)ccc1-n1ccnc1
-22.52    -23.08     16.59      0.48      CCOc1ccc(N2CC(c3nc4c(cccc4)n3CCN(C)C)CC2=O)cc1
Human-Component   raw_Human-Component
0.550537645816803   0.550537645816803   
0.5408602356910706   0.5408602356910706   
0.4720430076122284   0.4720430076122284   
0.603225827217102   0.603225827217102   
0.5290322303771973   0.5290322303771973   
0.5440860390663147   0.5440860390663147   
0.6193548440933228   0.6193548440933228   
0.5870967507362366   0.5870967507362366   
0.5924730896949768   0.5924730896949768   
0.4838709533214569   0.4838709533214569   

