16:05:55: local_reinforcement_logger.log_message +32: INFO     starting an RL run
16:05:57: local_reinforcement_logger.timestep_report +41: INFO     
 Step 0   Fraction valid SMILES: 96.9   Score: 0.4844   Time elapsed: 2   Time left: 100.0
  Agent     Prior     Target     Score     SMILES
-24.40    -24.40     -0.78      0.74      c1cc(-n2c(SCC#N)nc3c(c2=O)sc2ccccc23)ccc1F
-29.89    -29.89    -18.23      0.36      c1(C)ccc(C(C)C)c(NC(C(n2c(=O)cccc2)C)=O)c1C
-28.25    -28.25     -6.96      0.67      N(CC)(CC)CCCCCN=c1c2c3cc(OC)ccc3n(C)c2cc[nH]1
-22.84    -22.84    -11.73      0.35      c1c(N(S(=O)(C)=O)CC(=O)NCc2ccc(C)cc2)cc(Cl)c(OC)c1
-23.72    -23.72     -2.46      0.66      c1c(O)ccc2c1S(=O)(=O)CC(c1ccccc1)=C2c1ccccc1
-27.39    -27.39    -10.91      0.51      CCc1c(C(N(CCC(C)C)C2CNCC2)=O)cccn1
-24.29    -24.29     -2.47      0.68      c1cccc(-n2cnnc2CCCN2CCCCC2)c1
-25.32    -25.32     -6.16      0.60      C1CCCCN1CC(N(C)c1ccc(NC(C)=O)cc1)=O
-21.28    -21.28     -1.60      0.61      c1(-c2cccc(CNCC3C(c4ccccc4)C3)c2)ccccc1
-28.16    -28.16    -11.10      0.53      O=C(c1ccc(Cl)cc1)c1c(C(Oc2ccc(NC(C)=O)cc2)=O)cccc1
Human-Component   raw_Human-Component
0.7379310131072998   0.7379310131072998   
0.364367812871933   0.364367812871933   
0.665517270565033   0.665517270565033   
0.34712642431259155   0.34712642431259155   
0.6643677949905396   0.6643677949905396   
0.5149425268173218   0.5149425268173218   
0.6816092133522034   0.6816092133522034   
0.5988505482673645   0.5988505482673645   
0.6149425506591797   0.6149425506591797   
0.5333333611488342   0.5333333611488342   

16:05:59: local_reinforcement_logger.timestep_report +41: INFO     
 Step 1   Fraction valid SMILES: 100.0   Score: 0.5000   Time elapsed: 4   Time left: 98.0
  Agent     Prior     Target     Score     SMILES
-27.58    -27.69    -22.84      0.15      c1cc(Cn2c(=O)cccc2)oc1C(=O)N1CCN(C(C)C)CC1
-32.58    -32.57     -9.07      0.73      C1(C(=O)NC2CCC(N3CCCC3=O)CC2)CC(F)(F)CN(C(c2ccc(Cl)cc2)=O)C1
-21.14    -21.23      1.86      0.72      C1(c2ccc(Cl)cc2)CCNCC1COc1ccc2c(c1)OCO2
-21.00    -21.04     -1.29      0.62      C1CCC(C(=O)NC(CC(=O)N)C#N)C1
-20.08    -20.06      0.96      0.66      c1c(Cl)c(C=CC(=O)c2ccncc2)ccc1Cl
-20.90    -20.95     -3.67      0.54      [nH]1c(=N)c(C#N)c(-c2ccccc2Cl)cc1-c1occc1
-25.63    -25.66     -5.91      0.62      C1N(c2ccc3n(c(-c4cccc5[nH]ccc54)nn3)n2)CCNC1
-23.10    -23.06    -11.95      0.35      c1(C(=O)NC(=S)Nc2cc(C(C)(C)C)ccc2)sccc1
-38.39    -38.43    -20.22      0.57      CC(C1CCC2(OC(Cc3cc(Cl)c(OC)cc3)CO2)C1)(O)C
-30.31    -30.35    -16.31      0.44      c1(C(F)F)n2c(c(C(Nc3cccc4ccnn34)=O)c1)CCCC2
Human-Component   raw_Human-Component
0.15161290764808655   0.15161290764808655   
0.7344086170196533   0.7344086170196533   
0.7215054035186768   0.7215054035186768   
0.6172043085098267   0.6172043085098267   
0.6569892764091492   0.6569892764091492   
0.5397849678993225   0.5397849678993225   
0.6172043085098267   0.6172043085098267   
0.3473118245601654   0.3473118245601654   
0.5688171982765198   0.5688171982765198   
0.43870967626571655   0.43870967626571655   

16:06:01: local_reinforcement_logger.timestep_report +41: INFO     
 Step 2   Fraction valid SMILES: 93.8   Score: 0.4688   Time elapsed: 6   Time left: 96.0
  Agent     Prior     Target     Score     SMILES
-27.22    -27.20     -3.87      0.73      c1c2[n+]([O-])c(=NCCc3cccc(F)c3)[nH][n+]([O-])c2ccc1Cl
-38.11    -37.96    -37.96      0.00      C(NCCOC(C)C)(N1C(c2oc(C)ccc2)c2c(c3c([nH]2)cccc3)CC1)=O
-21.27    -21.33    -12.90      0.26      c1c(C(=O)N(CC(=O)Nc2c(F)cccc2F)CC)ccc(N2CCCC2=O)c1
-31.21    -31.12    -31.12      0.00      c1(=O)n2c(sn1)nc1sc(C)nc1c2O
-24.70    -24.74     -7.71      0.53      c1(-c2cscc2)noc(CCC(N2CCC(C)CC2)=O)n1
-28.03    -28.09     -5.86      0.69      c1c(N)ccc2c1n(Cc1cc(Cl)ccc1)c1ccccc21
-21.07    -21.00    -12.05      0.28      [nH]1c(=NCc2ccc(C)cc2)n(C2OC(CO)C(O)C2O)c2nc[nH]c(=N)c12
-43.38    -43.41    -22.25      0.66      C1=NN2N(CC)C(=O)[N+](CCN3CCCCC3)=C(C#N)C12
-39.95    -39.92    -19.86      0.63      N1(CCC)c2c(c(C)cc(C)n2)N(c2c(Cl)cccc2Cl)c2c1cccc2
-26.98    -26.96    -18.33      0.27      c1(O)c(OCc2ccccc2)c(OCC=C)cc2c1C(=O)c1c(cc(C)cc1O)C2=O
Human-Component   raw_Human-Component
0.7290640473365784   0.7290640473365784   
0.0   0.0   
0.26354679465293884   0.26354679465293884   
0.0   0.0   
0.5320196747779846   0.5320196747779846   
0.6945812702178955   0.6945812702178955   
0.27955666184425354   0.27955666184425354   
0.6613300442695618   0.6613300442695618   
0.6268472671508789   0.6268472671508789   
0.2697044312953949   0.2697044312953949   

16:06:03: local_reinforcement_logger.timestep_report +41: INFO     
 Step 3   Fraction valid SMILES: 96.9   Score: 0.4844   Time elapsed: 8   Time left: 94.0
  Agent     Prior     Target     Score     SMILES
-24.74    -24.70     -2.63      0.69      C(N(S(=O)(C)=O)C1CS(=O)(=O)CC1)c1cccs1
-20.29    -20.33     -7.93      0.39      c1cc(Cn2nnc(COc3ccc(C)cc3)c2)ccc1OC
-37.52    -37.46    -17.01      0.64      O1C(=Cc2occc2)C(=O)C(=O)N(c2ccccc2F)C1O
-36.32    -36.47    -15.29      0.66      c1c2c(cc(OCCC3CC3)c1)C(c1ccc(OCCN3CCCCCC3)cc1)C(c1ccccc1)C1C2C1
-22.22    -22.20    -11.32      0.34      CC(C(N=c1cccc(C)[nH]1)=O)Oc1c(Cl)cc(Cl)cc1
-27.27    -27.17    -11.57      0.49      c1(Cc2c(=O)n(C3CCCC3)[nH]c2C(C)C)c(O)cccc1
-27.47    -27.53    -10.10      0.54      C(C(=O)NC1C2CC3(F)CC1CC(C3)C2)N
-37.19    -37.26    -23.06      0.44      c1c(Cl)ncc2sc(C(=O)NCc3ccc(N4CCN(C)C4=O)cc3)cc12
-29.16    -29.25    -10.42      0.59      c1c(C#N)ccc(N2CCC(NC(=O)Nc3ccc4c(cccc4)c3)CC2)c1
-38.61    -38.50    -27.65      0.34      c1(C)c(NC(c2nc(-c3ccc(OC4CC(OC(=O)C)C(O)C4O)cc3)sc2)=O)c(C)ccc1
Human-Component   raw_Human-Component
0.6896551847457886   0.6896551847457886   
0.38735631108283997   0.38735631108283997   
0.6390804648399353   0.6390804648399353   
0.6620689630508423   0.6620689630508423   
0.34022989869117737   0.34022989869117737   
0.4873563349246979   0.4873563349246979   
0.5448275804519653   0.5448275804519653   
0.4436781704425812   0.4436781704425812   
0.588505744934082   0.588505744934082   
0.33908045291900635   0.33908045291900635   

16:06:05: local_reinforcement_logger.timestep_report +41: INFO     
 Step 4   Fraction valid SMILES: 96.9   Score: 0.4844   Time elapsed: 10   Time left: 92.0
  Agent     Prior     Target     Score     SMILES
-23.84    -23.70     -4.28      0.61      c1ccc(CC2C(=O)N(Cc3ccc(OC)cc3)c3ccccc3OC2)cc1
-41.04    -41.04    -27.24      0.43      c12[nH]ncc1c(OCC(F)(F)F)nc(N1CCN(S(=O)(NC3(C(O)=O)CCC3)=O)CC1)n2
-36.30    -35.83    -19.65      0.51      c1c(-c2c(CN3C(=O)C4(N=C3N)c3cc(Br)ccc3CC43CCC(OC)CC3)cc(C(F)(F)F)cc2)c(OC)ncc1
-42.18    -42.21    -20.29      0.69      [nH]1c2c(c(=Nc3cc(Cl)cc(Cl)c3)cc1N1CCN(C)CC1)cc(C=CCCN1CCCCC1)c(O)c2
-36.84    -36.66    -15.95      0.65      c1cc(-c2sc3c(cc(OC)cc3)c(=NC(C3CCN(Cc4ccc(C)c(C)c4)CC3)=O)c2)ccc1
-35.86    -36.03    -16.50      0.61      C12C3OC1CCC2N(CC=O)CC3
-42.86    -42.88    -27.47      0.48      c12cccc(C(Nc3cccnc3C(Nc3cnc(N4CCOCC4)cc3)=O)=O)c1CCN(C1CCC1)C2
-22.35    -22.29     -5.82      0.51      c1(F)c(C(NN=Cc2ccc(Br)cc2)=O)c(F)c(F)c(F)c1F
-28.15    -28.22    -15.46      0.40      c1c(C)cn(CC(=O)N2CCN(Cc3ccccc3C)CC2)c(=O)c1N
-45.83    -45.85    -34.74      0.35      c1cc(C(=O)c2c(=N)n(-c3ccc4[nH]c(C)nc4c3)[nH]c2)cc(C(C(C(C)O)=O)=NNC(=O)N)c1
Human-Component   raw_Human-Component
0.6068965792655945   0.6068965792655945   
0.43103447556495667   0.43103447556495667   
0.5057471394538879   0.5057471394538879   
0.6850574612617493   0.6850574612617493   
0.6471264362335205   0.6471264362335205   
0.6103448271751404   0.6103448271751404   
0.48160919547080994   0.48160919547080994   
0.5149425268173218   0.5149425268173218   
0.39885056018829346   0.39885056018829346   
0.34712642431259155   0.34712642431259155   

16:06:08: local_reinforcement_logger.timestep_report +41: INFO     
 Step 5   Fraction valid SMILES: 100.0   Score: 0.5000   Time elapsed: 13   Time left: 97.5
  Agent     Prior     Target     Score     SMILES
-21.72    -21.55     -3.76      0.56      C(=Cc1cc(=O)c2c(o1)cccc2)c1ccc(O)cc1
-32.29    -32.32    -10.64      0.68      C(CN1CC2C(CC1)N(Cc1ccc3c(c1)OCO3)C(=O)C2C)CCCN
-19.07    -18.96     -9.78      0.29      c1(C(=O)O)cc(S(=O)(=O)N2CCCC2)ccc1Cl
-22.18    -22.28     -4.15      0.57      c1ccc(NC(=O)Nc2ccccc2)cc1-c1nc(N2CCCC2)cnc1
-23.51    -23.68    -11.01      0.40      c12ccc(NCc3n(Cc4ccc(C#N)cc4)cnc3)cc1OCc1c(cccc1)C2=O
-25.37    -25.45    -17.81      0.24      N(C(N(Cc1cccc([N+]([O-])=O)c1)CCC#N)=S)C1CCCCC1
-35.34    -35.24    -21.17      0.44      c1ccc(NC(NC(c2cc3c(cncc3)o2)(C)C)=O)cc1C(=O)c1ccccc1
-22.40    -22.44     -7.85      0.46      c1ccc(CN(C(c2c(O)cc3c(c2)cccn3)=O)C)cc1
-22.87    -22.79    -12.30      0.33      c1ccc(NC(=O)c2ccc(S(=O)(N(C)C)=O)cc2)c(F)c1
-29.50    -29.54     -8.75      0.65      c1(Cc2sc(-c3cscc3)cn2)cccc(C(N)=NO)c1
Human-Component   raw_Human-Component
0.5559139847755432   0.5559139847755432   
0.6774193644523621   0.6774193644523621   
0.28709676861763   0.28709676861763   
0.5666666626930237   0.5666666626930237   
0.3956989347934723   0.3956989347934723   
0.23870967328548431   0.23870967328548431   
0.4397849440574646   0.4397849440574646   
0.4559139907360077   0.4559139907360077   
0.3279569745063782   0.3279569745063782   
0.6494623422622681   0.6494623422622681   

16:06:11: local_reinforcement_logger.timestep_report +41: INFO     
 Step 6   Fraction valid SMILES: 100.0   Score: 0.5000   Time elapsed: 15   Time left: 94.3
  Agent     Prior     Target     Score     SMILES
-29.24    -29.32     -5.82      0.73      O=C(NC1CCC1)C1(C)CCN1C(Cc1cc(F)cc(F)c1)=O
-33.42    -33.26    -12.82      0.64      C(C)(=CCSCCC(=O)O)C=CC=CC=CCCC(O)C
-21.94    -21.95    -17.51      0.14      c1(F)cc(F)ccc1OCc1cc(C(NCc2occc2)=O)no1
-27.53    -27.58     -7.73      0.62      c1(CC)c(NC(NCCC)=O)cc(OC)c(C#N)c1
-36.07    -36.03    -19.69      0.51      Cc1c([N+](=O)[O-])cc(C(=O)Nc2cc(N(C)CCN3CCOCC3)ccc2)s1
-24.75    -24.73     -3.61      0.66      N(CC)(C(c1ccc(OC2CCN(Cc3ccc(N(C)C)cc3)CC2)cc1)=O)CC
-24.70    -24.75     -4.76      0.62      c1(C)nn2c(s1)nc(-c1cc(NC(=O)c3c(Br)cccc3)ccc1)c2
-30.55    -30.51    -14.41      0.50      C(CC)n1c(C)c(C(OCC)=O)cc1C(C(Nc1ccc(OCC)cc1)=O)=O
-33.55    -33.51    -16.30      0.54      c1ncc(CNC(=O)C(Oc2ncnc3c2c2c(s3)CC(C(O)=O)CC2)C)cc1
-31.43    -31.61    -16.88      0.46      N(NC(Cc1ccccc1Cl)=O)C(Nc1c(Cl)cc(Br)cc1)=O
Human-Component   raw_Human-Component
0.7344086170196533   0.7344086170196533   
0.6387096643447876   0.6387096643447876   
0.1387096792459488   0.1387096792459488   
0.6204301118850708   0.6204301118850708   
0.5107526779174805   0.5107526779174805   
0.6602150797843933   0.6602150797843933   
0.624731183052063   0.624731183052063   
0.5032258033752441   0.5032258033752441   
0.5376344323158264   0.5376344323158264   
0.4602150619029999   0.4602150619029999   

16:06:16: local_reinforcement_logger.timestep_report +41: INFO     
 Step 7   Fraction valid SMILES: 100.0   Score: 0.5000   Time elapsed: 20   Time left: 107.5
  Agent     Prior     Target     Score     SMILES
-27.32    -27.48    -16.05      0.36      C1CC(NC(OC(C)(C)C)=O)(Cc2ccccc2)C=C1
-39.45    -39.71    -16.76      0.72      C1=CC(C(CCCC(N(CCCC)C)C)O)CCO1
-31.58    -31.65     -9.73      0.68      c1c(C(N(CC(NC2CCCC2)=O)CCCc2cc(OC)c(OC)cc2)=O)c(O)ccc1
-64.45    -63.56    -58.40      0.16      c1c(C=NO)cc[n+]2n(CCCC)c(-c3oc4c(c(OC(C)=O)cc([N+]([O-])=O)c4)c3Oc3ccc(C)cc3)cc12
-24.28    -24.39     -7.60      0.52      c1(Cl)cc(S(NC(NCc2ccccc2)=N)(=O)=O)c(Cl)cc1
-26.99    -27.10    -18.60      0.27      c1c2c(sc(NC(Nc3cnccc3)=O)c2C(OCC)=O)cc(C)c1
-38.20    -37.91    -33.26      0.15      O=C(C(CC(O)=O)C(NC(OCc1ccccc1)=O)C)Nc1ccc([N+]([O-])=O)cc1C
-27.42    -27.43    -21.41      0.19      S(N(C)C)(c1c(Cl)ccc(NC(=O)c2nn(CC)cc2Cl)c1)(=O)=O
-26.16    -26.23     -6.86      0.61      c1(N=c2[nH]cc(Cc3c(F)cccc3F)o2)ccc(Cl)c(Oc2ccccc2)c1
-31.81    -31.85    -22.42      0.29      O1C2(CCC(C(Nc3ccc4[nH]cnc(=Nc5cccc(Br)c5)c4c3)=O)CC2)OOC12C(C)CCC(C(C)C)O2
Human-Component   raw_Human-Component
0.3569892346858978   0.3569892346858978   
0.7172042727470398   0.7172042727470398   
0.6849462389945984   0.6849462389945984   
0.16129031777381897   0.16129031777381897   
0.5247311592102051   0.5247311592102051   
0.2655913829803467   0.2655913829803467   
0.14516128599643707   0.14516128599643707   
0.18817204236984253   0.18817204236984253   
0.6053763628005981   0.6053763628005981   
0.29462364315986633   0.29462364315986633   

16:06:21: local_reinforcement_logger.timestep_report +41: INFO     
 Step 8   Fraction valid SMILES: 96.9   Score: 0.4844   Time elapsed: 26   Time left: 121.3
  Agent     Prior     Target     Score     SMILES
-46.33    -46.30    -46.30      0.00      C(c1n2c(nc1)n1cccc(OCC(=O)O)c1c(C)c2CCCC)(=O)O
-35.49    -35.72    -19.13      0.52      c12c(cc(Br)cc1)-n1c(c(C)nn1)CN2CC(=O)Nc1cccc(Cl)c1
-19.61    -19.87      3.59      0.73      C(n1c2cc(Cl)c(Cl)cc2nc1C1CCNCC1)CC
-24.56    -24.57     -2.61      0.69      c1(OC)c(C(=O)N=c2n(C3CCN(C4CCCCC4)CC3)[nH]cc2)cc(Cl)cc1
-32.84    -32.91    -26.07      0.21      N#Cc1c(NC(C(OCC)=O)(Nc2ccccc2)C#N)snc1SCc1ccccc1
-20.71    -20.96      0.22      0.66      c1cc(-n2c3c(cccc3)nn2)cc(Cl)c1
-21.94    -22.21     -2.39      0.62      c1ccnc(N2CCN(C(CN3C(=O)COc4ccccc43)=O)CC2)n1
-28.04    -27.74     -9.06      0.58      c1(C(CO)NCc2coc(-c3cc(OC)ccc3)n2)ccc(SC)cc1
-24.49    -24.44    -12.23      0.38      Cc1c(C)c2c(=O)n(CC(=O)NCC3OCCC3)ncn2n1
-23.30    -23.24     -4.56      0.58      N(C(=O)C)(c1cc(F)ccc1)C1C=CS(=O)(=O)C1
Human-Component   raw_Human-Component
0.0   0.0   
0.5183908343315125   0.5183908343315125   
0.7333333492279053   0.7333333492279053   
0.6862068772315979   0.6862068772315979   
0.2137930989265442   0.2137930989265442   
0.6620689630508423   0.6620689630508423   
0.6195402145385742   0.6195402145385742   
0.5839080214500427   0.5839080214500427   
0.3816092014312744   0.3816092014312744   
0.5839080214500427   0.5839080214500427   

16:06:27: local_reinforcement_logger.timestep_report +41: INFO     
 Step 9   Fraction valid SMILES: 100.0   Score: 0.5000   Time elapsed: 31   Time left: 127.1
  Agent     Prior     Target     Score     SMILES
-19.53    -19.81      0.83      0.65      c1ccccc1C1CC(NC(C)C)Cc2ccccc21
-21.55    -21.86     -5.89      0.50      CNC(NCCN=c1ccc(C#N)c[nH]1)=O
-20.80    -20.87     -5.94      0.47      CC(NC(=O)c1ccc(OC)cc1)c1ccc(F)cc1
-34.36    -34.40    -18.33      0.50      N(C(=O)c1c(Cl)cccc1Cl)(c1c(N2CC3(C(=O)O)CC3C2)nccc1)C
-28.99    -28.88    -15.26      0.43      c1(C(=O)OCc2nc3sc(-c4ccc(Cl)cc4Cl)nn3c(=O)c2)cccs1
-21.67    -21.64     -7.91      0.43      Cc1n(C2CN(C(CCCc3ccccc3)=O)CCC2)nc(C)n1
-33.26    -33.48    -24.77      0.27      c1ccccc1NC(c1c(NC(=O)c2ccc(C(N3CCN(C)CC3)=N)cc2)n(C)nc1)=O
-22.66    -23.04     -6.87      0.51      c1(=Nc2c(C)cc(C)cc2C)[nH]c(C#N)c(Cl)s1
-34.49    -34.21    -28.67      0.17      CC(c1ccc(-c2c3ccc(S(N=c4[nH]ncs4)(=O)=O)cc3ncn2)c(OCCC)c1)(C)C
-32.56    -32.75    -26.42      0.20      c1(Cl)c(Cl)cc(C(N2CCc3sc(NC(COc4ccc(F)cc4)=O)c(C#N)c3C2)=O)cc1
Human-Component   raw_Human-Component
0.6451612710952759   0.6451612710952759   
0.49892473220825195   0.49892473220825195   
0.46666666865348816   0.46666666865348816   
0.5021505355834961   0.5021505355834961   
0.42580646276474   0.42580646276474   
0.42903226613998413   0.42903226613998413   
0.27204301953315735   0.27204301953315735   
0.5053763389587402   0.5053763389587402   
0.17311827838420868   0.17311827838420868   
0.19784946739673615   0.19784946739673615   

16:06:33: local_reinforcement_logger.log_message +32: INFO     Resetting Agent
16:06:33: local_reinforcement_logger.log_message +32: INFO     Adjusting sigma to: 82
16:06:33: local_reinforcement_logger.timestep_report +41: INFO     
 Step 10   Fraction valid SMILES: 100.0   Score: 0.5000   Time elapsed: 38   Time left: 138.2
  Agent     Prior     Target     Score     SMILES
-27.50    -28.21     -9.50      0.58      c1c(NC(c2ccc(Cn3c4c(cncc4)nc3C)cc2)=O)ccc(F)c1
-39.59    -39.45    -31.23      0.26      C(COc1ccc(C(=O)COC(=O)CC(NC(c2ccccc2)=O)c2ccccc2)cc1OC)(=O)N
-30.11    -29.89     -9.45      0.64      O=C1C(=Cc2cc(OC)c(O)c(OC)c2)C(=O)N(C2CCCCC2)N1CC(C)C
-21.94    -22.24     -9.79      0.39      c12cc(NC(Nc3ccc4c(c3)OCO4)=O)ccc1oc(=O)cc2
-41.24    -41.43    -32.07      0.29      n1c2cc(OCCOCCCNCC3CCOCC3)c(OC)cc2[nH]c(=NC(NCC)=O)c1
-23.31    -23.38     -2.01      0.67      c1cccc2c1CCC2=NNC(c1cc(Br)ccc1O)=O
-68.95    -68.79    -53.48      0.48      [nH]1c(-c2ncccc2)nc2cc(-n3c(=O)[nH]c(C(C)c4cc5c(Cl)c(C#N)c(C#N)nc5c(CCC(C)C)c4)c3)c(N(C)S(=O)(=O)C)cc12
-25.14    -25.19     -5.03      0.63      c12c(nn(C)c1)-c1c(C)c(CN(C)C)sc1CC2
-22.23    -22.51     -7.17      0.48      C(Oc1cc2c(cc1)N=C(c1ccccc1)CC(=O)N2)C
-25.19    -25.31    -15.85      0.30      N(C(=O)c1sc2n(CC)c(=O)n(CC)c(=O)c2c1)CC1CCCO1
Human-Component   raw_Human-Component
0.5849462151527405   0.5849462151527405   
0.2569892406463623   0.2569892406463623   
0.6387096643447876   0.6387096643447876   
0.3892472982406616   0.3892472982406616   
0.29247310757637024   0.29247310757637024   
0.6677419543266296   0.6677419543266296   
0.4784946143627167   0.4784946143627167   
0.6301075220108032   0.6301075220108032   
0.4795698821544647   0.4795698821544647   
0.2956989109516144   0.2956989109516144   

16:06:43: local_reinforcement_logger.timestep_report +41: INFO     
 Step 11   Fraction valid SMILES: 100.0   Score: 0.5000   Time elapsed: 48   Time left: 156.0
  Agent     Prior     Target     Score     SMILES
-32.10    -32.10     28.83      0.74      c1(C2C(C)C(=NN=c3[nH]c(C(F)(F)F)cc(-c4ccc(Br)cc4)n3)CC(=O)C2)ccc(Cl)cc1
-23.47    -23.47     32.52      0.68      c1cc2c(cc1)OCC(C(=O)NC1CCC(CCN3CCC(c4c5c(ccc4)OCO5)CC3)CC1)O2
-43.99    -43.99    -33.85      0.12      c1(OCC(O)CNC(C)(C)C)ccc(S(=O)(=O)NC(=O)Cc2ccc3[nH]c(C(OCC)=O)cc(=O)c3c2)cc1OC
-40.21    -40.21      8.20      0.59      C(NC(C(NC(C=O)C(=O)O)=O)CCSC)(C(NC(C)=O)CCC1CCNCC1)=O
-20.68    -20.68     36.10      0.69      c1c(F)ccc(OC(C)C(N2CCN(c3ccccc3)CC2)=O)c1
-36.69    -36.69    -16.41      0.25      c1c(C)c2[nH]cc(C(=O)OCC)c(=Nc3c(C)ccc(OS(C)(=O)=O)c3)c2cc1Cl
-33.10    -33.10     22.80      0.68      C(CNC(c1nc(NC(=O)c2n(C)cc(NC(c3ncccc3)=O)c2)sc1C(C)=O)=O)CN(C)C
-25.87    -25.87      6.75      0.40      c1(C)c(C(N=c2sc(S(N(C)Cc3occc3)(=O)=O)n[nH]2)=O)cco1
-35.11    -35.11    -14.39      0.25      O(c1ccc(CCC(OCC(O)COC(=O)c2cc(OC)c(OCc3ccccc3)cc2)=O)cc1)c1ccccc1
-29.31    -29.31     14.33      0.53      C(C1(CO)CCN(S(=O)(=O)c2c(C#N)cccc2)CC1)CO
Human-Component   raw_Human-Component
0.7430107593536377   0.7430107593536377   
0.6827957034111023   0.6827957034111023   
0.12365591526031494   0.12365591526031494   
0.5903225541114807   0.5903225541114807   
0.6924731135368347   0.6924731135368347   
0.24731183052062988   0.24731183052062988   
0.6817204356193542   0.6817204356193542   
0.3978494703769684   0.3978494703769684   
0.2526881694793701   0.2526881694793701   
0.5322580933570862   0.5322580933570862   

16:06:49: local_reinforcement_logger.timestep_report +41: INFO     
 Step 12   Fraction valid SMILES: 100.0   Score: 0.5000   Time elapsed: 54   Time left: 157.8
  Agent     Prior     Target     Score     SMILES
-28.28    -28.31     31.82      0.73      FC(F)(F)c1ccc(CN2C(CCO)CN(Cc3nc(-c4cccs4)sc3)CC2)cc1
-28.80    -28.79     25.44      0.66      C1N(C(=O)C2CC2)Cc2c(n(C)nc2)N1CCc1ccccn1
-25.06    -25.08     -8.77      0.20      c1cc(C)ccc1S(c1[nH]c(OCC)c(Br)c(=N)c1C#N)(=O)=O
-30.55    -30.59    -12.69      0.22      O=S(NCC(NCC)=O)(=O)CCNC(c1c(OC)cccc1)=O
-32.30    -32.30     25.19      0.70      CC12C(=CC(=O)CC1C=O)C1CCC3CC(=O)C(F)=CC3(C)C1(F)C(O)C2
-23.96    -23.90     -1.15      0.28      n1(CCNCC(OCC)=O)ncc(C)c1
-33.74    -33.82     -2.34      0.38      C(c1ccc(N)cc1)Sc1nnc(-c2ccc(OC)cc2)c(C)c1C(O)=O
-31.87    -31.86     25.80      0.70      C1C(=c2cc3c(cc2)=NCC2C=NC=CC23)OCc2c1cccc2
-22.82    -22.84     28.22      0.62      C(N=c1[nH]c(=O)c2c(c[nH]n2)[nH]1)(C)C
-26.27    -26.26     26.90      0.65      c1ccc(C)c(C(c2c(C)onc2-c2c(Cl)cccc2Cl)C)c1
Human-Component   raw_Human-Component
0.7333333492279053   0.7333333492279053   
0.6612903475761414   0.6612903475761414   
0.1989247351884842   0.1989247351884842   
0.21827957034111023   0.21827957034111023   
0.7010752558708191   0.7010752558708191   
0.2774193584918976   0.2774193584918976   
0.3838709592819214   0.3838709592819214   
0.7032257914543152   0.7032257914543152   
0.6225806474685669   0.6225806474685669   
0.64838707447052   0.64838707447052   

16:06:53: local_reinforcement_logger.timestep_report +41: INFO     
 Step 13   Fraction valid SMILES: 96.9   Score: 0.4844   Time elapsed: 57   Time left: 150.6
  Agent     Prior     Target     Score     SMILES
-33.22    -33.23     26.53      0.73      c1c2ncc(-c3ccc(-c4cn(CCN5CCC5)nc4)cc3)cc2c[nH]c1=NC1CC1
-36.07    -36.07     18.97      0.67      c1(O)c(C=C2c3c(cc(F)cc3)C(CC(N3CCN(CCCN(C)C)CC3)=O)=C2)cc(O)cc1
-45.35    -45.21    -25.04      0.25      N1(c2nc(N3CC(N(C(=O)c4scnc4C)CC)CC3)c3c(-c4ccc5c(c4)OCO5)cccc3n2)CCOCC1
-30.22    -30.21     14.28      0.54      c1c(N=C(NNc2c(F)cccc2)SC)c(Cl)ccc1C
-22.63    -22.55     30.71      0.65      C1C(C(=O)OCC)CN(CCOc2ccccc2OC)CC1
-25.38    -25.40      5.42      0.38      c1cc([N+]([O-])=O)ccc1NC(=O)NC1CC2N(C3CCCCCCC3)C(CCC2)C1
-20.97    -20.97     24.36      0.55      c1n(C)c(C(=O)OC)cc1S(c1ccccc1)(=O)=O
-29.30    -29.19      2.01      0.38      O1C(C)(C)C=Cc2c(OC(=O)c3cc(OC)c(OC)cc3)cc3c(c21)C=CC(C)(C)O3
-25.47    -25.41     -7.03      0.22      o1c(C)c(C(Nc2cccc(Cc3c4c(c(=O)[nH]n3)CCCN4)c2)=O)cc1
-38.74    -38.66    -19.81      0.23      C(=CC=C(c1ccc(C)cc1)Sc1ccccc1Cl)Cc1c(OCc2ccccc2)cccc1
Human-Component   raw_Human-Component
0.728735625743866   0.728735625743866   
0.6712643504142761   0.6712643504142761   
0.2459770143032074   0.2459770143032074   
0.5425287485122681   0.5425287485122681   
0.6494252681732178   0.6494252681732178   
0.3758620619773865   0.3758620619773865   
0.5528735518455505   0.5528735518455505   
0.3804597556591034   0.3804597556591034   
0.22413793206214905   0.22413793206214905   
0.2298850566148758   0.2298850566148758   

16:06:57: local_reinforcement_logger.timestep_report +41: INFO     
 Step 14   Fraction valid SMILES: 96.9   Score: 0.4844   Time elapsed: 62   Time left: 148.8
  Agent     Prior     Target     Score     SMILES
-24.77    -24.85     34.16      0.72      O=C(C1(C)N(C(=O)c2c(Cl)cc(Cl)cc2)CC1)N
-44.74    -44.78     10.36      0.67      FC(C(F)(F)c1c2c(nc(C(F)(F)F)c1)nnn2-c1cc(F)ccc1[N+](=O)[O-])F
-26.80    -26.83     24.53      0.63      O=C1OC(OCc2ccc(Cl)cc2)(Cn2cncc2)C1
-25.70    -25.66     -5.11      0.25      C(Nc1ccc(C(OCC)=O)cc1)(CN(C)C(=O)c1nc(Cl)ccc1Cl)=O
-29.78    -29.68      3.88      0.41      c1(C(=O)Cn2nc(C(=O)O)c3c(cccc3)c2=O)c(C)n(CC2CCCCC2)c(C)c1
-22.74    -22.74     26.75      0.60      c1cc(C=C2SC(=O)N(C(=O)c3ccccc3)C2=O)ccc1
-21.31    -21.27     12.66      0.41      Clc1ccc(N(S(=O)(c2ccc(C)cc2)=O)Cc2ccccc2)cc1
-22.46    -22.40     27.65      0.61      C(n1c(Cl)c(C=O)c2ccccc12)C=C
-22.16    -22.09      1.38      0.29      C(C(NC1CCCC1)=O)OC(=O)COc1c(C)cc(C)cc1C
-25.52    -25.56     12.89      0.47      c12c(cc(NC(=O)CCc3oc(CC)cc3)cc1)COC2=O
Human-Component   raw_Human-Component
0.7195402383804321   0.7195402383804321   
0.6724137663841248   0.6724137663841248   
0.6264367699623108   0.6264367699623108   
0.2505747079849243   0.2505747079849243   
0.4091953933238983   0.4091953933238983   
0.6034482717514038   0.6034482717514038   
0.4137931168079376   0.4137931168079376   
0.6103448271751404   0.6103448271751404   
0.2862069010734558   0.2862069010734558   
0.4689655303955078   0.4689655303955078   

16:07:01: local_reinforcement_logger.timestep_report +41: INFO     
 Step 15   Fraction valid SMILES: 100.0   Score: 0.5000   Time elapsed: 66   Time left: 144.4
  Agent     Prior     Target     Score     SMILES
-23.64    -23.68     28.61      0.64      COC(=O)c1c(N2CCCC2)nc2c(c1)cccc2
-19.17    -19.24     41.69      0.74      OC(CN1CCCCC1)(c1ccc(F)cc1)c1ccc(F)cc1
-29.63    -29.56    -17.65      0.15      c1cc(NC(CNC(c2c([N+](=O)[O-])cc3c(c2)OCO3)=O)=O)ccc1C(OC)=O
-36.14    -36.19     11.51      0.58      c1c(F)ccc(-c2oc3c(c(=O)c2)ccc(-n2c(C)nc(C)c2C#N)c3)c1
-41.51    -41.30    -13.09      0.34      C1C(N=c2c([S+](C)[O-])c[nH]c(C3CCN(C(C4CC(C)(C)C4)=O)CC3)n2)CCOC1
-45.08    -45.06     15.16      0.73      n1c2n(cn1)C1N(N=C1)C=NC(c1c(Cl)cccc1)N2
-24.42    -24.39     19.43      0.53      CCOC(=O)c1c(=Nc2cc(C(F)(F)F)ccc2)c2cc(F)ccc2[nH]c1
-25.72    -25.82     13.33      0.48      c1c(F)c(F)ccc1N=c1c2c(nc[nH]1)Oc1c(ccc3ccccc13)C2c1ccc(OC)cc1
-34.20    -34.26     15.30      0.60      O=C(C1SCCN1C(CCCCOc1ccc(Cl)cc1)=O)NCc1ccc(C(N)=N)cc1
-22.44    -22.53     32.14      0.67      C(N1c2c(cccc2)CC1)CCCCCCCCC
Human-Component   raw_Human-Component
0.6376343965530396   0.6376343965530396   
0.7430107593536377   0.7430107593536377   
0.14516128599643707   0.14516128599643707   
0.5817204117774963   0.5817204117774963   
0.34408602118492126   0.34408602118492126   
0.7344086170196533   0.7344086170196533   
0.5344086289405823   0.5344086289405823   
0.47741934657096863   0.47741934657096863   
0.6043010950088501   0.6043010950088501   
0.6666666865348816   0.6666666865348816   

16:07:04: local_reinforcement_logger.timestep_report +41: INFO     
 Step 16   Fraction valid SMILES: 100.0   Score: 0.5000   Time elapsed: 69   Time left: 138.0
  Agent     Prior     Target     Score     SMILES
-16.70    -16.73     42.17      0.72      c1cc(-c2n[nH]nn2)ccc1OC
-22.01    -22.12     -5.81      0.20      c1cc(CN=c2[nH]c(Cl)nc3c2ncn3C2C(O)C(O)C(c3nn(CC)nn3)O2)ccc1
-39.82    -39.80      8.70      0.59      C1C(C(O)=O)CCC(Oc2c(-c3n4nc(-c5ccccc5)cc4nc(Cl)c3Cc3ccccc3)cccc2)C1
-41.02    -40.62      1.70      0.52      CC(=O)OC1(C#C)C(C)(C)C(NC(=O)C(C#N)=NO)=CC1
-23.03    -23.11     32.44      0.68      C(=NN=c1c2c(sc3c2CCC(C)C3)nc[nH]1)c1ccc(Cl)cc1
-29.57    -29.81     22.74      0.64      c1(Oc2ncc3c(c(=Nc4cc(Cl)c(F)cc4)cc[nH]3)c2)ccccc1C(C)(C)C
-24.94    -24.95     13.05      0.46      O=S(c1ccccc1)(C(S(c1ccccc1)(=O)=O)=Cc1ccc([N+](=O)[O-])cc1)=O
-27.09    -26.98     -8.47      0.23      c12c(sc(C(Nc3ccc(C4=NCCN4)cc3)=O)c1)cc(C(=N)NC(C)C)cc2
-41.13    -41.13    -21.82      0.24      c1cc(S(NC2CCN(C#N)C2)(=O)=O)ccc1NC(C1C(O)CCC2C1CCC1C3CCC(O)C3(C)CCC12)=O
-32.19    -32.33    -12.22      0.25      c1(NC(=O)c2ncc(Cl)cc2)cccc(-c2cnc3c(=NC(c4cc(Cl)cc(Cl)c4)=O)[nH]ccc3c2)c1
Human-Component   raw_Human-Component
0.7182795405387878   0.7182795405387878   
0.1989247351884842   0.1989247351884842   
0.5913978219032288   0.5913978219032288   
0.5161290168762207   0.5161290168762207   
0.6774193644523621   0.6774193644523621   
0.6408601999282837   0.6408601999282837   
0.463440865278244   0.463440865278244   
0.22580644488334656   0.22580644488334656   
0.23548386991024017   0.23548386991024017   
0.2451612949371338   0.2451612949371338   

16:07:08: local_reinforcement_logger.timestep_report +41: INFO     
 Step 17   Fraction valid SMILES: 100.0   Score: 0.5000   Time elapsed: 73   Time left: 133.8
  Agent     Prior     Target     Score     SMILES
-49.24    -49.54    -14.45      0.43      O(CC(c1ccc(Cl)cc1Cl)=C)c1c(O)c2c(c(O)c1C)N1C(OC)(C3C(C1)N3C)CC1=NC(C)(C)CN1C2=O
-21.24    -21.43     29.18      0.62      c1ccc(C#N)cc1NCc1ccc(C)cc1
-20.69    -20.93      3.58      0.30      c1ccc(SCC2(c3ccccc3)OC(=O)C(SCc3ccccc3)C(=O)C2)cc1
-44.71    -44.91    -29.48      0.19      c1c(OCC)c(C)n(C)c(=O)c1-c1cc(NC(=O)c2ccccc2)ccc1Oc1cc(F)cc(F)c1
-24.19    -24.30     31.69      0.68      N=c1[nH]c(=N)[nH]c2c1NC(C(C)(C)C)CN2
-25.23    -25.46     33.00      0.71      N1=C(N)N=C(N)NC1(C)c1cc(C(C)(C)C)ccc1
-35.07    -35.05     22.70      0.70      C(C)C(Cn1c(CN2CCCC2)nnn1)(c1ccccc1)F
-25.48    -25.45     30.45      0.68      c1cc(C=CC(=O)NC(CN2CCN(c3c(OC)cccc3)CC2)C)ccc1OC
-25.41    -25.57     28.04      0.65      c1cc2n(Cc3c(Cl)cccc3Cl)nc(-c3ccc(C#N)cc3)c2cc1
-19.80    -19.68     32.08      0.63      C(C(COCc1ccccc1)O)OCc1ccccc1
Human-Component   raw_Human-Component
0.4279569983482361   0.4279569983482361   
0.6172043085098267   0.6172043085098267   
0.2989247441291809   0.2989247441291809   
0.18817204236984253   0.18817204236984253   
0.6827957034111023   0.6827957034111023   
0.7129032015800476   0.7129032015800476   
0.7043010592460632   0.7043010592460632   
0.6817204356193542   0.6817204356193542   
0.6537634134292603   0.6537634134292603   
0.6311827898025513   0.6311827898025513   

16:07:11: local_reinforcement_logger.timestep_report +41: INFO     
 Step 18   Fraction valid SMILES: 96.9   Score: 0.4844   Time elapsed: 76   Time left: 128.0
  Agent     Prior     Target     Score     SMILES
-22.08    -22.30     30.86      0.65      C1(COC)N(CCC(=O)Nc2ccccc2)CCCC1
-26.28    -26.22      8.37      0.42      c1c(C=c2sc3n(c4ccccc4n3)c2=O)cccc1-c1ccccc1
-27.94    -27.80      4.06      0.39      c1c(C=Cc2oc(=O)cc(OC)c2)ccc(Oc2ccc(C=CC(O)=O)cc2)c1
-26.66    -26.61     30.32      0.69      OC1C(CCCc2ccccc2)=CC(O)C(O)C1O
-37.43    -37.23      3.68      0.50      C(n1c(=O)c(Oc2ccc(F)cc2)c(C(C)C)[nH]c1=Nc1ccc(F)cc1)C(O)CC
-32.61    -32.65      5.52      0.47      O(C)c1c(OC)c(OC)cc(NC(=O)CCC(NCCCc2ccc(O)c(O)c2)=O)c1
-30.41    -30.49      7.68      0.47      N1C(c2ccccc2)=NC(=O)C1=Cc1cc2c(cccc2)n1S(=O)(=O)c1ccccc1
-38.67    -38.67      5.34      0.54      N1(c2cc(NS(c3ccc(C(C)(C)C)cc3)(=O)=O)ccc2)c2c(c(-c3ccc(F)cc3)c3ccccc3n2)CC1
-23.70    -23.79     27.49      0.63      C(Oc1ccc(Cl)cc1)CCNCCCc1c[nH]cn1
-33.41    -33.54      6.05      0.48      n1c(-c2oc(OC)c(Cl)c2Cl)[nH]c(=O)c2c1sc1c2CCCC1
Human-Component   raw_Human-Component
0.6482758522033691   0.6482758522033691   
0.4218390882015228   0.4218390882015228   
0.388505756855011   0.388505756855011   
0.6942528486251831   0.6942528486251831   
0.49885058403015137   0.49885058403015137   
0.4655172526836395   0.4655172526836395   
0.4655172526836395   0.4655172526836395   
0.5367816090583801   0.5367816090583801   
0.6252873539924622   0.6252873539924622   
0.48275861144065857   0.48275861144065857   

16:07:15: local_reinforcement_logger.timestep_report +41: INFO     
 Step 19   Fraction valid SMILES: 100.0   Score: 0.5000   Time elapsed: 80   Time left: 124.0
  Agent     Prior     Target     Score     SMILES
-30.78    -31.03     22.57      0.65      c1(CN(CC)CC)ccccc1NC(NCC12CC3CC(C1)CC(C3)C2)=O
-23.86    -23.87      5.58      0.36      c1(-c2n(N3C(=O)c4c(cccc4)C3=O)c(=S)[nH]n2)ccc(Br)cc1
-32.00    -32.19     24.32      0.69      CCCN(N=Nc1c(Cl)cccc1C(=O)N)c1ccccc1C(F)(F)F
-22.46    -22.77     38.25      0.74      c12c(cccc1)CCN(C(=O)CN1C(=O)SC(=Cc3ccc(F)cc3)C1=O)C2
-36.10    -36.28      2.34      0.47      c1ccccc1N1CCCN(C(=O)c2oc3c(c2C)C(=O)C(=O)c2cc(Cl)ccc2-3)CC1
-30.72    -30.77     23.63      0.66      O=C(N(CCC)CC)C1N(C(CN2CCCCC2)=O)CCC1
-24.47    -24.49     27.09      0.63      c1cc(-c2cn3c(ccc(C)c3)n2)ccc1NS(=O)(=O)c1ccc(Cl)s1
-25.21    -25.11     28.68      0.66      c1(C(F)(F)F)c(CC)c(=O)[nH]c(=O)n1C
-36.08    -35.90     12.33      0.59      C(c1noc(C(=O)N(C)Cc2cnccc2)c1)C1(O)c2c(cccc2)NC1=O
-27.68    -27.63     20.25      0.58      c1c(C2CC2)n[nH]c1C1(NC(=O)COC)CC1
Human-Component   raw_Human-Component
0.6537634134292603   0.6537634134292603   
0.3591397702693939   0.3591397702693939   
0.6892473101615906   0.6892473101615906   
0.7440860271453857   0.7440860271453857   
0.47096773982048035   0.47096773982048035   
0.6634408831596375   0.6634408831596375   
0.6290322542190552   0.6290322542190552   
0.6559139490127563   0.6559139490127563   
0.5881720185279846   0.5881720185279846   
0.5838709473609924   0.5838709473609924   

16:07:18: local_reinforcement_logger.timestep_report +41: INFO     
 Step 20   Fraction valid SMILES: 100.0   Score: 0.5000   Time elapsed: 82   Time left: 117.1
  Agent     Prior     Target     Score     SMILES
-24.53    -24.66     25.43      0.61      S(=O)(=O)(N1CCCCC1)CCNC(=O)COc1c(F)cccc1
-22.50    -22.51      7.38      0.36      C1N(C(c2cc(C)oc2C)=O)c2c(cccc2)NC1=O
-29.53    -28.99    -18.41      0.13      N(C(CCC(Nc1c(OC2CCOC2)cc2nc[nH]c(=Nc3ccc(Br)cc3F)c2c1)=O)=O)C
-21.67    -21.91     25.88      0.58      C(F)(F)Oc1c(NC(C)=O)cccc1
-34.26    -33.79    -13.34      0.25      C(=O)(CC(CSC(c1ccc(C#N)cc1)=O)NC(CCCCC)=O)O
-24.30    -24.35     16.03      0.49      Cc1cn(CC2CN(C(=O)c3ccncc3)CCO2)nc1
-21.06    -21.03     24.55      0.56      N(C(Cc1ccc(Br)cc1)=O)CCc1ccc(S(=O)(=O)N)cc1
-32.34    -32.32     -4.02      0.35      C1C2CC(CC(c3[nH]ccn3)C2)CC1n1cc(C(N)=O)c(=Nc2ccccc2)[nH]1
-23.85    -23.97     14.82      0.47      C1(O)C(O)C(n2cc(-c3scnc3)c3c2nc[nH]c3=N)OC1CO
-29.67    -29.83    -16.17      0.17      c1ccc(OC)cc1-c1cc(C(=O)Nc2ccc(S(N=c3[nH]cccn3)(=O)=O)cc2)c2cnn(C(C)C)c2n1
Human-Component   raw_Human-Component
0.6107527017593384   0.6107527017593384   
0.36451613903045654   0.36451613903045654   
0.12903225421905518   0.12903225421905518   
0.5827956795692444   0.5827956795692444   
0.24946236610412598   0.24946236610412598   
0.49247312545776367   0.49247312545776367   
0.5559139847755432   0.5559139847755432   
0.3451612889766693   0.3451612889766693   
0.47311827540397644   0.47311827540397644   
0.1666666716337204   0.1666666716337204   

16:07:21: local_reinforcement_logger.timestep_report +41: INFO     
 Step 21   Fraction valid SMILES: 96.9   Score: 0.4844   Time elapsed: 86   Time left: 113.4
  Agent     Prior     Target     Score     SMILES
-25.20    -25.32     -1.38      0.29      C12C34C(C(C)CC1)CCC(C)(OC3OC(=O)C2CN1C(=O)c2ccccc2C1=O)OO4
-33.43    -33.24    -14.86      0.22      N(=c1[nH]c2cc(C(N3CCN(C)CC3)=O)c(=O)n(C3CCCC3)c2cc1)CCN1CCOCC1
-24.36    -24.41    -13.01      0.14      c1cc(NC(N(CCOC(C)=O)Cc2ccccc2)=S)ccc1
-32.57    -32.77      0.98      0.41      C12C(C)(C)C(OCc3ccccc3)CCC13CC31C(C3(C)C(C)(C4=CC(=O)C=CC4=CC3)CC1)CC2
-20.27    -20.55     38.74      0.72      c1cc(C(F)(F)F)ccc1CN1S(=O)(=O)c2ccccc2C1
-37.72    -37.38      7.76      0.55      c1c(OCCCNC)cc2c(n(-c3ccc(CCC(O)=O)cc3)cc2CCc2ccccc2)c1
-23.31    -23.12     25.89      0.60      O(C)CC1(COC)C(=N)NC(=S)NC1c1cccc(Cl)c1
-21.13    -21.32     24.96      0.56      n1c(-c2ccccc2)nsc1SCc1ccc(C)cc1
-24.75    -24.98      6.50      0.38      C(O)(=O)CN(C)NC(Cc1ccc(O)cc1)=O
-35.07    -35.14    -16.29      0.23      c1(O)c(C)c(=O)n(CC(C)C)c(=O)n1Cc1csc(-c2cccs2)n1
Human-Component   raw_Human-Component
0.29195401072502136   0.29195401072502136   
0.22413793206214905   0.22413793206214905   
0.1390804648399353   0.1390804648399353   
0.41149425506591797   0.41149425506591797   
0.722988486289978   0.722988486289978   
0.5505747199058533   0.5505747199058533   
0.5977011322975159   0.5977011322975159   
0.5643678307533264   0.5643678307533264   
0.3839080333709717   0.3839080333709717   
0.2298850566148758   0.2298850566148758   

16:07:25: local_reinforcement_logger.timestep_report +41: INFO     
 Step 22   Fraction valid SMILES: 96.9   Score: 0.4844   Time elapsed: 90   Time left: 109.6
  Agent     Prior     Target     Score     SMILES
-30.34    -30.06      2.27      0.39      O(CC)C(=O)C(C#N)C(C(=O)Nc1ccc(F)cc1)C#N
-26.91    -26.80     -3.14      0.29      c1c(CC(NC(C(CCCNC(N)=N)N)=O)C(NC(C(O)=O)CCCNC(N)=N)=O)cccc1
-27.43    -27.32     34.23      0.75      O=c1[nH]c(O)c(C(=O)CCC)c(=O)n1CCCCCCC
-27.74    -28.08     30.73      0.72      c1c(C(=O)c2c[nH]c(=N)cc2)c2ccccc2n1CCN1CCCCC1
-26.75    -27.00     24.18      0.62      c1ccsc1C(=O)N1C2CN(Cc3occc3)CC(C1)CC2
-38.19    -37.94     15.12      0.65      c1c(Cl)cc(-c2cc(COc3cc4c(cc3)C3C(C5C(C)(C(C#CC)(O)CC5)CC3)CC4)c(OC)cc2)cc1
-31.79    -31.53     18.05      0.60      C(C(c1ccccc1)c1ccccc1)NCCCCN(C1Cc2c(ccc(OS(=O)(=O)N)c2)CC1)CCC
-34.01    -33.94     14.04      0.59      C12(C(=O)N(C)CN(c3cc(C)ccc3)C1=O)NN=C(c1ccc(Cl)cc1)S2
-29.07    -29.08      3.15      0.39      FC(F)(F)c1ccc(Cl)c(NC(=O)Nc2ccc(CC(NCc3ccc(C(=O)O)cc3)=O)cc2)c1
-29.73    -29.80      1.77      0.39      c1cccc(C(=Nc2c3c(ccc2)-c2c(c(-c4cccs4)n[nH]2)C3=O)C)c1
Human-Component   raw_Human-Component
0.39425286650657654   0.39425286650657654   
0.2885057330131531   0.2885057330131531   
0.7505747079849243   0.7505747079849243   
0.7172414064407349   0.7172414064407349   
0.6241379380226135   0.6241379380226135   
0.6471264362335205   0.6471264362335205   
0.6045976877212524   0.6045976877212524   
0.5850574970245361   0.5850574970245361   
0.3931034505367279   0.3931034505367279   
0.3850574791431427   0.3850574791431427   

16:07:28: local_reinforcement_logger.timestep_report +41: INFO     
 Step 23   Fraction valid SMILES: 100.0   Score: 0.5000   Time elapsed: 93   Time left: 104.6
  Agent     Prior     Target     Score     SMILES
-25.28    -25.92      3.26      0.36      c1ccccc1C1=C(C(=O)O)C(c2cc3c(cc2)OCO3)Oc2c1cc(OC1CCCC1)cc2
-23.88    -23.88     23.38      0.58      O=C(N1CCN(C2CCCCCC2)CC1)c1ccc(C(OC)=O)cc1
-21.06    -21.50     35.81      0.70      c1c(CN(CCCN)CCCN)cccc1OC
-21.10    -21.42      7.85      0.36      c12ccccc1cc(C(=O)Nc1ccc(C3CNCCO3)cc1)cc2
-27.79    -27.19     14.43      0.51      O=c1n(-c2ccc(N3CCOCC3=O)nc2)cc(O)c(=O)[nH]1
-21.06    -21.45     19.64      0.50      c1(O)n(C)c(O)c2c1C(C)(C(=O)OC)NC2c1sccc1
-23.15    -23.00     37.13      0.73      C(C1CCN(CCCCCNC(C=Cc2cc(Cl)c(Cl)cc2)=O)CC1)(=O)OC
-36.98    -36.82      5.50      0.52      c1(-c2ccccc2OCCO)nn(CCNCCN(CC)CC)c2c1CN(S(=O)(C)=O)CC2
-19.44    -19.89     27.19      0.57      c1cnccc1-c1[nH][nH]c(=N)c1-c1ccncc1
-35.51    -35.49     -1.89      0.41      c1c(S(=O)(=O)n2cc3cc(SC)ccc3n2)cc(NC(C)=O)cc1
Human-Component   raw_Human-Component
0.3559139668941498   0.3559139668941498   
0.5763440728187561   0.5763440728187561   
0.698924720287323   0.698924720287323   
0.3569892346858978   0.3569892346858978   
0.5075268745422363   0.5075268745422363   
0.501075267791748   0.501075267791748   
0.7333333492279053   0.7333333492279053   
0.5161290168762207   0.5161290168762207   
0.57419353723526   0.57419353723526   
0.4096774160861969   0.4096774160861969   

16:07:34: local_reinforcement_logger.timestep_report +41: INFO     
 Step 24   Fraction valid SMILES: 96.9   Score: 0.4844   Time elapsed: 99   Time left: 103.0
  Agent     Prior     Target     Score     SMILES
-25.70    -26.06     31.90      0.71      c1ccc(Cl)c(CNCC2Cn3ccnc3NC2)c1
-21.48    -21.56     23.02      0.54      C1N(C2=NC(=O)C(=Cc3ccc(OC)cc3)S2)c2ccccc2OC1
-23.13    -23.62      5.69      0.36      O=S(C)(=O)NCCNCc1ccc(OC)c(Br)c1
-31.56    -32.11     25.58      0.70      C1N(C2CCOC2)CCN(c2nc3onc(C)c3cc2)C1
-27.65    -27.70     28.67      0.69      O(c1cc(Cl)ccc1OCC(N1CCN(Cc2c(OC)cc(OC)cc2)CC1)=O)C
-24.99    -24.85     26.61      0.63      N1(c2ccc(C=C(c3[nH]c4c(ccnc4)n3)C#N)cc2)CCOCC1
-25.37    -25.24     -4.69      0.25      O=[N+]([O-])c1ccc(C2C(C(Nc3ccccc3)=O)C(C)=NC(SCc3c(F)cccc3)=N2)cc1
-29.00    -28.87     25.99      0.67      Fc1ccc(OCCCN2CC3CN(CCNS(=O)(c4ccc(C#N)cc4)=O)CC(C3)C2)c(C#N)c1
-20.14    -20.23     17.28      0.46      c1c2[nH]c(-c3cc(-c4cccc(CNCCNC)c4)ccc3)nc2ccc1
-32.99    -33.51     19.46      0.65      c1(F)c2c(cc(F)c1F)n(C)c1c(cc(C=O)cc1)c2=O
Human-Component   raw_Human-Component
0.7068965435028076   0.7068965435028076   
0.5436781644821167   0.5436781644821167   
0.3574712574481964   0.3574712574481964   
0.7034482955932617   0.7034482955932617   
0.6873562932014465   0.6873562932014465   
0.6275861859321594   0.6275861859321594   
0.2505747079849243   0.2505747079849243   
0.6689655184745789   0.6689655184745789   
0.45747125148773193   0.45747125148773193   
0.6459770202636719   0.6459770202636719   

16:07:51: local_reinforcement_logger.timestep_report +41: INFO     
 Step 25   Fraction valid SMILES: 100.0   Score: 0.5000   Time elapsed: 116   Time left: 111.5
  Agent     Prior     Target     Score     SMILES
-26.05    -26.19     28.91      0.67      C(O[N+](=O)[O-])COc1ccc(Cl)cc1C(c1ccccc1)=O
-21.92    -21.99    -14.93      0.09      c1c(NC(=O)c2nn(-c3ccccc3)c(C)c2)ccc(C2CNCCO2)c1
-22.45    -22.71    -13.54      0.11      c1(Cl)c(Cl)cc(-c2ncnc3[nH]cc(C(=O)OCC)c23)cc1
-26.55    -26.06     22.62      0.59      C1(OCCCc2cc(OC)c(O)c(OC)c2)OC(COC(=O)C=Cc2ccc(O)c(OC)c2)C(O)C(O)C1O
-19.16    -19.18     37.69      0.69      c1(OC2C(O)C(O)C(O)C(CO)O2)ccc(CC=C)cc1
-26.80    -26.71     26.81      0.65      N(c1ccc(F)cc1)=C1SC(=Cc2ccc(-c3c(C(=O)O)cccc3)s2)C(=O)N1C
-24.80    -25.33     25.55      0.62      c1c(C)cc(C)cc1OCCN1S(=O)(=O)COCC1
-33.17    -33.40      5.75      0.48      c1cccc2c1c(-c1cc[n+]([O-])cc1)ccc2S(N=c1snc[nH]1)(=O)=O
-32.90    -33.46    -10.71      0.28      c1(Cl)ccc(-c2cc3c(cc2)oc(-c2cc(N4C(=O)c5ccc(C(O)=O)cc5C4=O)cs2)n3)cc1Cl
-20.49    -20.85      5.16      0.32      c1cc(NCc2coc(-c3ccccc3)n2)ccc1OC
Human-Component   raw_Human-Component
0.6720430254936218   0.6720430254936218   
0.08602150529623032   0.08602150529623032   
0.11182795464992523   0.11182795464992523   
0.5935483574867249   0.5935483574867249   
0.6935483813285828   0.6935483813285828   
0.6526881456375122   0.6526881456375122   
0.6204301118850708   0.6204301118850708   
0.47741934657096863   0.47741934657096863   
0.2774193584918976   0.2774193584918976   
0.3172042965888977   0.3172042965888977   

16:08:06: local_reinforcement_logger.timestep_report +41: INFO     
 Step 26   Fraction valid SMILES: 96.9   Score: 0.4719   Time elapsed: 130   Time left: 115.6
  Agent     Prior     Target     Score     SMILES
-27.17    -27.24     18.85      0.56      CC(C)CN(C1CCS(=O)(=O)C1)C(=O)CCn1c(=S)[nH]c2ccccc2c1=O
-25.68    -26.26     29.64      0.68      C1(CN=c2[nH]c(=NCc3ccc(Cl)cc3)c3cnn(C)c3[nH]2)CCC1
-40.85    -40.76    -40.76      0.00      c1(C)cc(=Nc2ccc(C(=O)n3cc(F)c(=O)[nH]c3=O)nc2)c2cn[nH]c2n1
-36.34    -36.00    -28.18      0.10      C(F)C(c1c2c(n(CC(N3CCOCC3)=O)c1)cccc2)C(=O)NC1(c2ccccc2)CCC1
-38.10    -38.30    -17.85      0.25      c1ncc2c([nH]cn2)c1-c1ccc(N(C(=O)c2cc(C#N)ccc2C)CCCC)cc1
-29.30    -29.12     16.40      0.56      c1cc(NC(N2N=C(c3c(O)cc4c(c3)OCO4)CC2c2cc(OC)c(OC)cc2)=S)ccc1
-26.32    -26.69     -0.01      0.33      O=C(NCC#Cc1cc2c(=NC)[nH]cnc2cc1)c1c(=N)n(-c2ccccc2)[nH]c1
-21.48    -21.24     15.05      0.44      C1N(c2ccc(NC(=S)NC(C(C)(C)C)=O)cc2)CCCC1
-27.54    -28.46     27.34      0.68      c1c(Cc2ccccc2)ccc2c1c(Sc1ccc(Cl)cc1)c(CC)[nH]2
-19.51    -20.17     29.69      0.61      N1(S(=O)(c2ccc(C)cc2)=O)CCCc2c1cccc2
Human-Component   raw_Human-Component
0.5620689392089844   0.5620689392089844   
0.6816092133522034   0.6816092133522034   
0.0   0.0   
0.0954023003578186   0.0954023003578186   
0.24942529201507568   0.24942529201507568   
0.5551724433898926   0.5551724433898926   
0.3252873420715332   0.3252873420715332   
0.44252872467041016   0.44252872467041016   
0.6804597973823547   0.6804597973823547   
0.6080459952354431   0.6080459952354431   

16:08:13: local_reinforcement_logger.timestep_report +41: INFO     
 Step 27   Fraction valid SMILES: 100.0   Score: 0.4886   Time elapsed: 138   Time left: 113.4
  Agent     Prior     Target     Score     SMILES
-32.12    -32.45     24.43      0.69      C1(OCCc2ccccc2)OC(c2ccccc2)CC1c1ccc(OC)cc1
-32.13    -32.10      5.99      0.46      C1COCCN1Cc1csc2sc(C(N(CCN(C)C)C)=O)c(C)c21
-26.72    -26.45      5.20      0.39      C(C(C)C)C(NC(OC(C)(C)C)=O)C(NC(Cc1c2ccccc2[nH]c1)c1nc(C(=O)O)c(C)o1)=O
-35.14    -34.93     -5.92      0.35      COc1c2c(cc3c1OCO3)C(OC(=O)CCC(O)=O)C1C(C2c2cc(OC)c(OC)c(OC)c2)C(C)C(=O)O1
-24.36    -24.18     -6.37      0.22      c1(=Nc2ccc(OCc3cccc(F)c3)c(Cl)c2)scc(O)n1Cc1occc1
-26.82    -27.12      2.77      0.36      C1C(=O)CC(=NS(=O)(=O)c2ccc(C(N)=O)cc2)CC1=O
-21.73    -21.80     23.61      0.55      c1([S+]([O-])C)ccc(C=C2c3cc(Cl)ccc3NC2=O)cc1
-44.24    -44.10     11.09      0.67      c1c(CN2Cc3cc(C(=O)N(CC4CC4)c4ccc(N5CCCC5)nc4)c(F)cc3OCC2)cnn1C
-32.72    -32.56     17.61      0.61      OC1(C2SCC(C(O)O)O2)c2ccccc2C(=O)c2ccccc21
-18.21    -18.48     30.37      0.60      c12c(cc(O)c(O)c1)oc1ccccc1c2=O
Human-Component   raw_Human-Component
0.6935483813285828   0.6935483813285828   
0.46451613306999207   0.46451613306999207   
0.3860214948654175   0.3860214948654175   
0.3537634313106537   0.3537634313106537   
0.21720430254936218   0.21720430254936218   
0.36451613903045654   0.36451613903045654   
0.5537634491920471   0.5537634491920471   
0.6731182932853699   0.6731182932853699   
0.6118279695510864   0.6118279695510864   
0.5956989526748657   0.5956989526748657   

16:08:19: local_reinforcement_logger.timestep_report +41: INFO     
 Step 28   Fraction valid SMILES: 100.0   Score: 0.4821   Time elapsed: 144   Time left: 109.2
  Agent     Prior     Target     Score     SMILES
-46.16    -45.31     -1.84      0.53      c1nc(C(=O)O)cnc1N(CCN(c1ccc(C(O)=O)cn1)CC)Cc1ccc(Oc2c(OC)ccc(Cl)c2)cc1
-21.20    -21.67     36.00      0.70      O=C(N1N=C(c2ccc(Cl)cc2)CC1c1ccccc1)CN(C)C
-23.13    -23.45     25.84      0.60      c1(NC(=O)CNCc2cccs2)c(Cl)cc(F)cc1
-28.04    -28.43     29.06      0.70      c1c(Br)c(Br)cc2c(=NCCN(C)C)c3c([nH]c12)cc(Cl)cc3
-36.90    -36.72    -23.76      0.16      C1N(C(c2ncc(C(=O)NC(C(=O)N)C(C)C)cc2)=O)C(C(=O)NCc2ccc(C(=N)N)cc2)CC1
-43.29    -43.64     10.06      0.65      C(CC1CCN(CCOC)CC1)(C(=O)NC(Cc1ccccc1)C(NCc1cc(F)ccc1)=O)C1CCCCC1
-32.49    -32.05     22.88      0.67      C(COc1ccc(C(=C(C)c2ccccc2)c2ccc(OCCNCC)cc2)cc1)OCC=C
-36.42    -36.21     13.61      0.61      C(C1CCN(C(=O)CCCn2nccc2)CC1)(C(=O)OCC)CCCC
-23.53    -23.44     18.71      0.51      C1C(c2ccccc2)NC(CC(C)C)(C(OC)=O)c2c1c(O)n(CC)c2O
-24.10    -24.50     14.29      0.47      N1(C(=O)COC)CCC2(NC(=O)CC23CCCCC3)CC1
Human-Component   raw_Human-Component
0.5301074981689453   0.5301074981689453   
0.7032257914543152   0.7032257914543152   
0.601075291633606   0.601075291633606   
0.7010752558708191   0.7010752558708191   
0.15806451439857483   0.15806451439857483   
0.6548386812210083   0.6548386812210083   
0.6698924899101257   0.6698924899101257   
0.6075268983840942   0.6075268983840942   
0.5139784812927246   0.5139784812927246   
0.47311827540397644   0.47311827540397644   

16:08:28: local_reinforcement_logger.timestep_report +41: INFO     
 Step 29   Fraction valid SMILES: 100.0   Score: 0.5000   Time elapsed: 153   Time left: 107.1
  Agent     Prior     Target     Score     SMILES
-37.52    -37.17     23.40      0.74      BrCCOc1ccc(CC(=O)N(CCCC)c2nc3c(s2)CCc2c-3cccc2)cc1
-38.85    -38.50     -4.73      0.41      c1cc2c([nH]ccc2=NNC(CN2CCC(n3c4c(cc(C)c(O)c4)nn3)CC2)=O)cc1Cl
-29.34    -28.97     29.13      0.71      Fc1cc(F)c(CN2CCN(C(=O)c3c(C)c4c(cc(C)cc4)o3)CC2)cc1
-38.62    -38.07    -28.37      0.12      O(Cc1c(NC(=O)C)nc(C#N)[nH]c1=NCc1ccc(OC)c(Cl)c1)C(=O)C
-21.74    -22.16      3.33      0.31      C1(c2ccccc2)=NN(C(=S)NCc2ccco2)CC1
-25.26    -25.76     32.87      0.72      O(CCC)c1ccc(-c2nc3cc(Cl)ccc3c(=O)n2C)cc1
-23.83    -24.58     30.97      0.68      CC1CN(C2=NCCCS2)CCC1
-19.93    -20.40     33.12      0.65      c1(Cl)ccc(-c2nc(N3CCOCC3)sc2)cc1Cl
-32.91    -32.89     11.98      0.55      C1(C(Nc2c(=O)n(C)c3ccccc3c2-c2ccco2)=O)CCN(Cc2ccccc2)CC1
-33.08    -33.72     17.34      0.62      N1(c2cc3c(cc2)c(=O)c(C(=O)O)cn3C2CC2)CCC2=C(C1)C(=O)c1ccccc1C2
Human-Component   raw_Human-Component
0.7387096881866455   0.7387096881866455   
0.411827951669693   0.411827951669693   
0.7086021304130554   0.7086021304130554   
0.11827956885099411   0.11827956885099411   
0.3107526898384094   0.3107526898384094   
0.7150537371635437   0.7150537371635437   
0.6774193644523621   0.6774193644523621   
0.6526881456375122   0.6526881456375122   
0.5473118424415588   0.5473118424415588   
0.6225806474685669   0.6225806474685669   

16:08:35: local_reinforcement_logger.timestep_report +41: INFO     
 Step 30   Fraction valid SMILES: 93.8   Score: 0.4688   Time elapsed: 160   Time left: 103.2
  Agent     Prior     Target     Score     SMILES
-24.54    -25.00     39.33      0.78      c1ccc2c(c3c(o2)ccc(OCCCCN)c3)c1
-18.86    -19.04     39.33      0.71      C1(=O)C(=Cc2ccc(O)cc2)SC(=S)N1CCC(=O)O
-21.23    -21.26     29.84      0.62      [N+](c1cc2sc(=NC(=O)OC)[nH]c2cc1)(=O)[O-]
-21.21    -21.60      1.82      0.29      c1cc(N2CCOCC2)ccc1NC(=O)c1ncoc1-c1ccccc1
-25.20    -25.63     31.12      0.69      c1(O)cc(C23CC(c4ccccc4)(CCC2)C3)ccc1O
-23.07    -23.40     22.65      0.56      c1c(NC(=O)c2cc(Cl)ccc2OC)ccc(S(=O)(N2CCCCC2C)=O)c1
-41.67    -41.16    -41.16      0.00      c1ccc(-n2c3c(cc(NC(=O)c4ccc(OC)c(Br)c4)c2)C2CCC3C2)cc1C(=O)O
-22.83    -23.19     13.97      0.45      Cc1nc(C)nn1C1CN(C(=O)c2sccc2CC)CCC1
-22.66    -22.86     20.26      0.53      c1(=O)nc(SCC(O)=O)[nH]c2ccc(Br)cc12
-39.89    -39.44    -39.44      0.00      c1c2c3c(cc1)c(-c1c(N(CC)C(C)C)c(=N)nc[nH]1)ccc3[nH]n2
Human-Component   raw_Human-Component
0.7844827771186829   0.7844827771186829   
0.7118226885795593   0.7118226885795593   
0.6231527328491211   0.6231527328491211   
0.2857142984867096   0.2857142984867096   
0.692118227481842   0.692118227481842   
0.5615763664245605   0.5615763664245605   
0.0   0.0   
0.4532019793987274   0.4532019793987274   
0.5258620977401733   0.5258620977401733   
0.0   0.0   

16:08:45: local_reinforcement_logger.timestep_report +41: INFO     
 Step 31   Fraction valid SMILES: 96.9   Score: 0.4744   Time elapsed: 170   Time left: 100.9
  Agent     Prior     Target     Score     SMILES
-38.64    -38.69    -38.69      0.00      C1CC(CNS(=O)(c2ccc(NCC)cc2)=O)CCC1CNC(Cn1c(=O)c(=NCC(F)(c2cccc[n+]2[O-])(F)F)[nH]cc1Cl)=O
-25.49    -25.90     39.04      0.79      C(c1cccs1)NCCCCCCCNCCCCN
-26.84    -26.51     12.32      0.47      C(CCC(N1CCN(CC(Nc2ccc(F)cc2)=O)CC1)=O)(N=c1cc(C)o[nH]1)=O
-28.97    -28.60    -18.89      0.12      C(C)OC(C1=C(C)N=C(C)C(C(OCC)=O)C1c1c(Cl)n(-c2ccc(NC(C)=O)cc2)nn1)=O
-27.24    -27.20     35.48      0.76      c1(C2N(CC)CCCC2C(=O)O)cccc(Cl)c1
-30.27    -30.68     31.15      0.75      c1[nH]c2c(n1)ccc(-c1n[nH]c3ccc(-c4nc(C)no4)cc13)c2
-32.05    -32.11      3.04      0.43      c1(-n2nc(C)c3c2OCCN3S(=O)(c2cc3sc(C)nc3cc2)=O)ccccc1
-22.12    -22.72     35.44      0.71      c1c2ccccc2c(NC(N2CCc3ccccc3C2)=O)cc1
-25.20    -25.53     28.57      0.66      C1(c2ccc(Cl)cc2)C=C(c2ccc(C)cc2)C(C=O)C=C1
-19.71    -19.68     32.06      0.63      c1(C)cc(C(=O)O)cn1-c1ccccc1
Human-Component   raw_Human-Component
0.0   0.0   
0.7919540405273438   0.7919540405273438   
0.47356322407722473   0.47356322407722473   
0.11839080601930618   0.11839080601930618   
0.7643678188323975   0.7643678188323975   
0.754023015499115   0.754023015499115   
0.4287356436252594   0.4287356436252594   
0.7091953754425049   0.7091953754425049   
0.659770131111145   0.659770131111145   
0.6310344934463501   0.6310344934463501   

16:08:53: local_reinforcement_logger.timestep_report +41: INFO     
 Step 32   Fraction valid SMILES: 100.0   Score: 0.4830   Time elapsed: 177   Time left: 96.5
  Agent     Prior     Target     Score     SMILES
-30.62    -30.50     33.42      0.78      c1ccc(OCCCS(=O)(CC(N2CCc3c(cccc3)C2)=O)=O)c(OC)c1
-25.26    -25.61     35.06      0.74      O(C)c1ccc(N2NC(=O)CCC2)c2ccccc21
-20.35    -19.51     10.64      0.37      c1c(OC)cc(=O)oc1C=Cc1cc(OC)c(OC)c(OC)c1
-24.12    -24.13     33.45      0.70      n1ccc(C(=O)N=c2cc[nH]cc2)cc1-c1ccc(Cl)cc1
-26.04    -26.03     12.06      0.46      c1cc(C(F)(F)F)c(C(N2CCC3(CC2)CCN(c2ccccc2)CC3)=O)cc1
-35.01    -36.11     18.03      0.66      C1NCCN2c3cccnc3NC(c3ncccc3)(c3cc(Cl)ccc3)C12
-25.54    -26.30     26.60      0.65      c1cccc(Cl)c1CNCc1cc(C2CC2)[nH]c1
-22.00    -23.27     28.23      0.63      C1C(c2cnccc2)N(Cc2ccccc2F)CCC1
-20.29    -19.94    -19.94      0.00      C(C(=O)Nc1ccccc1OCC)=CC(=O)O
-27.75    -28.32     16.91      0.55      c1c(CN2CCN(c3cnccc3)CC2)c(O)c(O)cc1O
Human-Component   raw_Human-Component
0.7795698642730713   0.7795698642730713   
0.7397849559783936   0.7397849559783936   
0.3677419424057007   0.3677419424057007   
0.7021505236625671   0.7021505236625671   
0.46451613306999207   0.46451613306999207   
0.6602150797843933   0.6602150797843933   
0.6451612710952759   0.6451612710952759   
0.6279569864273071   0.6279569864273071   
0.5451613068580627   0.5451613068580627   
0.551612913608551   0.551612913608551   

16:08:56: local_reinforcement_logger.timestep_report +41: INFO     
 Step 33   Fraction valid SMILES: 100.0   Score: 0.4836   Time elapsed: 180   Time left: 90.0
  Agent     Prior     Target     Score     SMILES
-24.18    -23.89     17.64      0.51      S(Cc1cc(=O)[nH]c(=O)n1COCc1ccccc1)c1ccc(C)cc1
-27.10    -27.33     11.55      0.47      C1(=O)c2cc(C)n(-c3ccccc3)c2C(=O)c2c1ccnc2
-23.78    -23.79      8.48      0.39      O=C(N1CCC(Cc2ccccc2)CC1)Cn1c(=O)c2c(cccc2)c(Cc2cnccc2)n1
-22.55    -22.47     37.31      0.73      Oc1cc(C(O)N(c2ccccc2)C)cn1-c1c(C)cccc1
-20.05    -20.21     19.55      0.48      c1(=N)[nH]c(-c2ccco2)cc(-c2cccs2)c1C#N
-27.01    -27.44     22.37      0.61      Clc1ccc(S(=O)(=O)NCc2cc3cc4ccccc4cc3cc2)cc1
-37.08    -37.59     11.52      0.60      C(C)C1(C)C2c3c(cccc3)C(c3ccccc3)C1(C)CCC(=O)N2
-35.30    -35.68     11.31      0.57      O(CC1NCC1)c1cc(OC)c(Oc2ccc(C)cc2)c(CN(CC)CC)c1
-36.80    -36.77     -6.44      0.37      c1nc(C)cnc1C(NC(c1ccccc1)CCN1CC2(CCC1)CNS2(=O)=O)=O
-25.92    -26.16     19.69      0.56      FC(F)(c1nc2c([nH]c(-c3ccccc3)nc2=N)n1C)F
Human-Component   raw_Human-Component
0.5064516067504883   0.5064516067504883   
0.4741935431957245   0.4741935431957245   
0.3935483992099762   0.3935483992099762   
0.7290322780609131   0.7290322780609131   
0.48494625091552734   0.48494625091552734   
0.6075268983840942   0.6075268983840942   
0.5989247560501099   0.5989247560501099   
0.573118269443512   0.573118269443512   
0.3698924779891968   0.3698924779891968   
0.5591397881507874   0.5591397881507874   

16:08:57: local_reinforcement_logger.timestep_report +41: INFO     
 Step 34   Fraction valid SMILES: 100.0   Score: 0.4888   Time elapsed: 182   Time left: 83.2
  Agent     Prior     Target     Score     SMILES
-28.12    -28.22     26.36      0.67      C1(C(=C)C)C2C3CCC4C(C)(CCC5C(C)(C)C(OC(=O)CC(C)(C)CC(=O)O)CCC45C)C3(C)CCC2(C)CC1
-21.86    -21.76     30.17      0.63      c1(=Nc2ccc(F)cc2)c(C(N2CCCC2)=O)ccc[nH]1
-32.06    -31.68     19.55      0.62      c1(OCC2C3C(OC(C)(C)O3)C(CNCc3ccc(C(F)(F)F)cc3)O2)c(C)cccc1
-24.08    -24.44     23.70      0.59      N1([S+](C(C)(C)C)[O-])CCN(C(c2cccs2)=O)CC1
-22.53    -22.47     -9.95      0.15      c1cc(C(N=c2[nH]c(C)cs2)=O)ccc1NC(Cc1ccccc1)=O
-27.54    -27.54     22.37      0.61      C(N1CCN(c2c3[nH]c4ccc(CC)cc4c3ncn2)CC1)(=O)C
-21.26    -21.02      5.79      0.33      O=C(NCc1ccccc1)C(NC(=O)c1cc(OC)cc(OC)c1)C(C)C
-28.85    -28.45      0.47      0.35      [O-][N+](c1cc(C(O)=O)c2c(c(C)cc(C)n2)c1)=O
-25.95    -26.27     26.46      0.64      [nH]1c(=N)ncc(-c2ccc(-c3n(C)ncn3)cc2OC)c1
-37.57    -37.68    -37.68      0.00      C(N)(=O)CNC(C)C(NC(C(O)=O)CSSCC(NC(OCc1ccccc1)=O)C(=O)O)=O
Human-Component   raw_Human-Component
0.6655914187431335   0.6655914187431335   
0.6333333253860474   0.6333333253860474   
0.624731183052063   0.624731183052063   
0.5870967507362366   0.5870967507362366   
0.1526881754398346   0.1526881754398346   
0.6086021661758423   0.6086021661758423   
0.3268817067146301   0.3268817067146301   
0.35268816351890564   0.35268816351890564   
0.6430107355117798   0.6430107355117798   
0.3569892346858978   0.3569892346858978   

16:09:05: local_reinforcement_logger.timestep_report +41: INFO     
 Step 35   Fraction valid SMILES: 100.0   Score: 0.5000   Time elapsed: 189   Time left: 78.8
  Agent     Prior     Target     Score     SMILES
-28.11    -27.64    -14.68      0.16      CC(C)(c1nc2n(c(-c3ccc(C(O)=O)cc3)cs2)c1)C
-27.45    -28.48      6.08      0.42      Fc1ccc(F)cc1NC(=O)Cn1cc(S(=O)(=O)Nc2ccccc2)ccc1=O
-19.21    -19.53     41.04      0.74      C(CCC)CCCCCCCCNC(C)=O
-24.64    -25.25     19.72      0.55      C(NC1CC1c1ccccc1)(CC1CCCCC1)CNC
-38.62    -38.25     -6.51      0.39      c1c(S(=O)(C)=O)ccc(-n2c(=O)n(Cc3n(CCC(C)(C)C)c4c(c3-c3ccccc3)cccc4)nc2)c1
-33.31    -33.24    -20.55      0.15      c1(S(=O)(=O)N=c2nc[nH]cc2)cc2c(c(=O)c(C(NCCc3ccccc3)=O)cn2CC)cc1F
-39.46    -39.12     19.86      0.72      c1c(OC)cc2c(C(c3c4c([nH]c5c4cccc5)c(C4CCN(CCN5CCNC5=O)CC4)cc3)=O)c[nH]c2c1
-25.24    -25.19     14.58      0.48      S1C(=S)N(c2c(C(F)(F)F)cccc2)C(=O)C1=Cc1ccc(-c2ccc(Cl)c(C(O)=O)c2)o1
-24.87    -25.51     20.43      0.56      c1cccc(COCCC2OC(OC)CC2OCc2ccccc2)c1
-24.66    -25.49     32.79      0.71      N=c1[nH]c2c(c3c1cc(CC)s3)cc(Cl)cc2
Human-Component   raw_Human-Component
0.15806451439857483   0.15806451439857483   
0.4215053617954254   0.4215053617954254   
0.7387096881866455   0.7387096881866455   
0.5483871102333069   0.5483871102333069   
0.3870967626571655   0.3870967626571655   
0.1548387110233307   0.1548387110233307   
0.7193548679351807   0.7193548679351807   
0.48494625091552734   0.48494625091552734   
0.5602150559425354   0.5602150559425354   
0.7107526659965515   0.7107526659965515   

16:09:13: local_reinforcement_logger.timestep_report +41: INFO     
 Step 36   Fraction valid SMILES: 100.0   Score: 0.5000   Time elapsed: 198   Time left: 74.9
  Agent     Prior     Target     Score     SMILES
-24.92    -24.65    -15.21      0.12      c1c(NS(=O)(CC(C)C)=O)ccc(C=CC(=NO)O)c1
-34.38    -33.46     13.09      0.57      C(CC)Cc1nc(Cl)c(-c2ccnc(N(C)C3CCOCC3)n2)n1CC
-39.33    -39.74     23.04      0.77      N(C(CN1c2c(C)cccc2CCC1)c1cccc(Cl)c1)C(CCCC)=O
-17.52    -18.10     20.87      0.48      c1cc(N=c2[nH]cnc3[nH]cnc23)ccc1
-20.18    -20.02     38.35      0.71      c1c2c(cc(C3C(C(=O)OC)C4N(C)C(CC4)C3)c1)cccc2
-26.86    -26.54     -4.23      0.27      c12cc(N(CC)CC)ccc1cc(C(=O)OC)c(C)n2
-28.81    -29.21      4.74      0.41      O=C(C1NCC(C)CC1)NC1c2cc(=O)c(OC)ccc2-c2c(cc(OC)c(OC)c2OC)CC1
-28.10    -28.59     31.27      0.73      c1(Cc2ccc(F)cc2)cc2c(cn1)C(C)(C)CN2C(CN1C(CN2CCCC2)CN(C)CC1)=O
-29.75    -30.40     22.85      0.65      FC(F)(c1cc2cc(-c3[nH]c(-c4cnccc4)c(-c4ccncc4)c3)[nH]c2cc1)F
-26.89    -26.96     14.04      0.50      C12(C)C(C3C(C4(C)C(=CC3)CC(OC(=O)COc3ccccc3)CC4)CC1)CCC2C(C)CCCC(C)C
Human-Component   raw_Human-Component
0.11505376547574997   0.11505376547574997   
0.5677419304847717   0.5677419304847717   
0.7655913829803467   0.7655913829803467   
0.47526881098747253   0.47526881098747253   
0.7118279337882996   0.7118279337882996   
0.27204301953315735   0.27204301953315735   
0.4139784872531891   0.4139784872531891   
0.7301075458526611   0.7301075458526611   
0.6494623422622681   0.6494623422622681   
0.5   0.5   

16:09:21: local_reinforcement_logger.timestep_report +41: INFO     
 Step 37   Fraction valid SMILES: 93.8   Score: 0.4688   Time elapsed: 205   Time left: 70.1
  Agent     Prior     Target     Score     SMILES
-25.93    -26.05    -23.02      0.04      c1ccccc1OCC(NNC(OCOC(=O)C(C)(C)C)=O)=O
-30.19    -30.21     19.58      0.61      c1c(-n2c(O)c3c(c2O)-c2c(c4ccccc4[nH]2)C2CCC(O)N23)cccc1C
-26.53    -26.14     35.26      0.75      C1(C(=O)NCCO)(C(F)(F)F)c2c(ccc(Cl)c2)NC(=O)O1
-27.36    -26.96    -19.39      0.09      C(=O)(Cc1ccc(Br)cc1)NNC(c1cc(OC)ccc1Br)=O
-21.18    -20.81     38.16      0.72      c1ccc(C(Nc2c(C(O)=O)ccc(Cl)c2)=O)c(C)c1
-34.89    -33.89     23.67      0.70      c1c(C(c2ccc(-c3ccccc3)cc2)(O)C2CC2)cc2c(c1C)OCO2
-23.75    -23.56     26.42      0.61      CN(C)C(=O)c1ccccc1SSc1cc(C(=O)O)ccc1
-32.07    -32.36     10.35      0.52      c1ccccc1Oc1cc(CN(Cn2c(O)c3c(c2O)CC=CC3)Cc2ccc(OC)cc2)ccc1
-20.94    -21.90     27.68      0.60      c1ncccc1C(=O)c1ccc2c(c1)OCO2
-45.95    -45.78      6.32      0.64      c1ccc2c(c1N1CCN(CCCCCC(NC3CCc4c(ccc(OC)c4)C3)=O)CC1)n(CC)c(COc1ccc(C(C=Cc3sccc3)=O)cc1)c2
Human-Component   raw_Human-Component
0.03694581240415573   0.03694581240415573   
0.6071428656578064   0.6071428656578064   
0.7487684488296509   0.7487684488296509   
0.09236453473567963   0.09236453473567963   
0.7192118167877197   0.7192118167877197   
0.7019704580307007   0.7019704580307007   
0.6096059083938599   0.6096059083938599   
0.5209359526634216   0.5209359526634216   
0.6046798229217529   0.6046798229217529   
0.6354680061340332   0.6354680061340332   

16:09:29: local_reinforcement_logger.timestep_report +41: INFO     
 Step 38   Fraction valid SMILES: 100.0   Score: 0.4779   Time elapsed: 214   Time left: 65.8
  Agent     Prior     Target     Score     SMILES
-23.85    -24.04     18.90      0.52      C1C(n2c3c(c(=O)c(C(=O)O)c2)cc(F)c(N2CC(=NOC)C(CN)C2)n3)CC1
-36.09    -35.21    -11.58      0.29      c1(C(c2ccccc2)(OCCNC(=O)C)c2cccc(O)c2)cnccn1
-29.02    -28.65     27.43      0.68      C1N(C(N2CCC(C(=O)NC3CS(=O)(=O)CC3)C2)=O)Cc2c(cccc2)C1
-19.13    -19.28     35.74      0.67      Oc1c(C=NCCN=Cc2c(O)cccc2)cccc1
-22.14    -22.11      4.43      0.32      C1C(CCC(N=c2scc(CC(=O)OCC)[nH]2)=O)CCC1
-23.53    -23.59     -9.40      0.17      C1CN(C(=O)C2CCC2)CCN1c1ccc(NC(=O)c2oc([N+](=O)[O-])cc2)cc1
-25.13    -24.74    -13.19      0.14      O(c1ccc(NC(CCSCc2cc(C)ccc2C)=O)cc1)C
-18.22    -18.49    -18.49      0.00      COc1cccc(OC)c1OCC
-19.48    -20.93     16.37      0.45      c12ncccc1cccc2NC(=O)c1ccccc1Cl
-18.93    -18.75      0.56      0.24      c1(OC)ccc(NC(=O)c2c(=O)n(C)c(=O)n(C)c2O)cc1
Human-Component   raw_Human-Component
0.523655891418457   0.523655891418457   
0.28817203640937805   0.28817203640937805   
0.6838709712028503   0.6838709712028503   
0.6709677577018738   0.6709677577018738   
0.323655903339386   0.323655903339386   
0.17311827838420868   0.17311827838420868   
0.14086021482944489   0.14086021482944489   
0.7064515948295593   0.7064515948295593   
0.45483872294425964   0.45483872294425964   
0.23548386991024017   0.23548386991024017   

16:09:35: local_reinforcement_logger.timestep_report +41: INFO     
 Step 39   Fraction valid SMILES: 100.0   Score: 0.4855   Time elapsed: 219   Time left: 60.2
  Agent     Prior     Target     Score     SMILES
-26.55    -25.97    -25.97      0.00      O(CC(N(C)Cc1cccs1)=O)C(CSc1ccccc1)=O
-27.84    -27.97      4.47      0.40      c12scnc1ccc(NS(=O)(c1ccc(Cc3ccncc3)cc1)=O)c2
-23.16    -24.00     39.48      0.77      C1CN(c2cc(OC)c(N=c3[nH]cc4c(n3)n(C)c(=O)c(-c3c(Cl)cccc3Cl)c4)cc2)CCC1N
-29.66    -29.58     33.11      0.76      C1N(CCc2c3c(ccc2)N(C)C(=O)C(CCSC)N3)CCC(c2ccccc2)C1
-29.83    -28.96    -13.61      0.19      Cc1c(C2Oc3ccccc3C(=O)N2)cc(C(=O)O)c(N)c1
-25.03    -25.60     35.24      0.74      c1ccc(F)c(N2CCN(Cc3cc(N=c4cc[nH]c5c4ccc(Cl)c5)ccc3O)CC2)c1
-42.42    -42.80     17.34      0.73      c1c(N2CCC(C(N(C)C)=O)CC2)ccc(-c2ccc3c(c2)CNC3Cc2ccc(F)cc2)c1
-20.18    -20.84     26.15      0.57      c1(C(=O)N2CC3CN(c4nc5ccccc5nc4)CC3C2)c(-n2nccn2)cccc1
-31.30    -32.22     24.56      0.69      C1COc2c(Cl)cc(CCc3nc(CC(C)(CC)C)c[nH]3)cc2C1
-35.62    -35.27     19.84      0.67      N(C(c1ccc(Cl)s1)=O)N=C1CC2C(=CCC2)C(=O)C1
Human-Component   raw_Human-Component
0.0   0.0   
0.3956989347934723   0.3956989347934723   
0.774193525314331   0.774193525314331   
0.7645161151885986   0.7645161151885986   
0.18709677457809448   0.18709677457809448   
0.7419354915618896   0.7419354915618896   
0.7333333492279053   0.7333333492279053   
0.573118269443512   0.573118269443512   
0.6924731135368347   0.6924731135368347   
0.6720430254936218   0.6720430254936218   

16:09:42: local_reinforcement_logger.timestep_report +41: INFO     
 Step 40   Fraction valid SMILES: 100.0   Score: 0.4824   Time elapsed: 227   Time left: 55.4
  Agent     Prior     Target     Score     SMILES
-30.14    -30.92     23.40      0.66      c1cccc2sc(C(=O)CN3CCN(c4cccc(Br)c4)CC3)cc12
-19.87    -20.85     22.71      0.53      c1cccc2nc(C)n(-c3c(F)cc(F)cc3)c(=O)c12
-29.98    -29.94      0.83      0.38      CSc1nnc(N2CCN(C(Nc3ccc(N4CCCCC4)cc3)=O)CC2)cc1
-47.14    -46.90    -38.97      0.10      C1(O)C(NCC(=O)Nc2ccc(Br)c3ccccc23)C(C(NCc2ccccc2)=O)OC(O)C1O
-22.97    -23.12    -13.33      0.12      c1cc(SC(C(C#N)c2nc3ccccc3n2C)=O)ccc1C
-44.72    -43.43    -29.15      0.17      c1(C#N)ccc(C=CC(C2C(=O)OC(C)(CC(=O)NCC(=O)C(O)O)C2)=O)cc1
-33.35    -32.89     -6.88      0.32      c1(Cl)cc2c(cc1)[nH]c(O)c(C(=O)NC(Nc1cc(OC)c(OC)cc1)=O)c2=O
-25.71    -26.04     14.52      0.49      c1cccc(C2c3c(=O)[nH]cnc3Oc3[nH]nc(C)c32)c1F
-23.69    -23.71      9.70      0.41      c1(-c2ccc(Br)cc2)cc(C(F)(F)F)n2nc(C(=O)N3CCC(C)CC3)cc2n1
-25.91    -25.20     20.38      0.56      c1c(C(F)(F)F)cc(C(F)(F)F)cc1-c1cccc(-n2nnc(-c3ncccc3)n2)c1
Human-Component   raw_Human-Component
0.6623656153678894   0.6623656153678894   
0.5311827659606934   0.5311827659606934   
0.375268816947937   0.375268816947937   
0.09677419066429138   0.09677419066429138   
0.11935483664274216   0.11935483664274216   
0.17419354617595673   0.17419354617595673   
0.3172042965888977   0.3172042965888977   
0.49462366104125977   0.49462366104125977   
0.4075268805027008   0.4075268805027008   
0.5559139847755432   0.5559139847755432   

16:09:51: local_reinforcement_logger.timestep_report +41: INFO     
 Step 41   Fraction valid SMILES: 96.9   Score: 0.4633   Time elapsed: 236   Time left: 50.6
  Agent     Prior     Target     Score     SMILES
-39.36    -38.89     -1.57      0.46      c1c(F)c(F)c(-c2nc(C(N)=O)cc(C(=O)NCC(C)(C)N)n2)c(F)c1
-27.40    -27.76      1.27      0.35      n1c2sccc2c(N2CCC3(CCC(CC(O)=O)CC3)CC2)nc1
-35.93    -36.33     19.75      0.68      c1(Cl)cc2c(nc(N(C(C)c3ccco3)Cc3ccc(Cl)c(Cl)c3)s2)cc1
-22.08    -22.62     24.60      0.58      C(N=c1n(C)c2c(cccc2)[nH]1)(=O)c1cc(OC)ccc1
-30.83    -31.11     18.85      0.61      C1(=O)C2C(=Nc3c(cccc3)N2c2ccc(OC)cc2)NN=C1C
-26.38    -26.15    -13.24      0.16      C1CC2(NC(=N)O1)c1c(ccc(NC(COc3ccc(F)cc3)=O)c1)OC(C)(C)C2
-35.84    -35.30     12.39      0.58      C1C(C(C)(C)C)c2c(noc2-c2cccc(F)c2)NC1=O
-26.87    -27.02      3.90      0.38      C1NCCN(c2c(C)cc(S(=O)(Nc3c(C)nn(C)c3C)=O)c(C)c2)C1
-20.65    -21.39     31.11      0.64      CC[n+]1cccc(F)c1
-31.97    -32.75      5.33      0.46      c1cccc2c1cccc2S(=O)(N1Cc2c(ccc(CN3CCC(C(=O)OCC)CC3)c2)C1)=O
Human-Component   raw_Human-Component
0.45517241954803467   0.45517241954803467   
0.3540229797363281   0.3540229797363281   
0.6839080452919006   0.6839080452919006   
0.5758620500564575   0.5758620500564575   
0.6091954112052917   0.6091954112052917   
0.15747126936912537   0.15747126936912537   
0.5816091895103455   0.5816091895103455   
0.3770115077495575   0.3770115077495575   
0.6402298808097839   0.6402298808097839   
0.4643678069114685   0.4643678069114685   

16:09:59: local_reinforcement_logger.timestep_report +41: INFO     
 Step 42   Fraction valid SMILES: 100.0   Score: 0.4862   Time elapsed: 244   Time left: 45.4
  Agent     Prior     Target     Score     SMILES
-23.72    -24.55    -21.64      0.04      FC(F)(F)c1cccc(-n2c(C)nnc2SCC(=O)N2CCCCC2)c1
-25.46    -25.61     30.65      0.69      CC(c1ccc(OC2CCN(c3[nH]ccc(=Nc4cc(C(=O)NC)ccc4)n3)CC2)cc1)C
-31.89    -30.67     -9.68      0.26      c1(NC(=S)NC(=O)c2cccc(C(C)(C)C)c2)ccc(Cn2cncn2)cc1
-23.56    -23.54     13.93      0.46      Cc1cc(C)nn1CC1CCCCN1C(CC1CCCC1)=O
-29.63    -29.56    -23.74      0.07      c1cc2c(n(C(c3cccnc3)=O)cc2C=NN(C)S(=O)(c2cc([N+](=O)[O-])ccc2C)=O)cc1
-16.39    -16.72     44.91      0.75      [nH]1cnc(CC)n1
-23.76    -23.81     21.43      0.55      [nH]1ccc(=Nc2cc(C)ccc2Sc2ccc(OC)cc2)n1C
-24.78    -25.34     33.73      0.72      c1c2snc(N3CCN(CCCCNS(c4cccc(F)c4)(=O)=O)CC3)c2ccc1Cl
-20.34    -20.81     35.62      0.69      C(CN1CCC(c2c3c(cccc3)[nH]c2)=CC1)c1ccccc1
-22.28    -22.61     29.94      0.64      C12N(C)C(CC(NC(=O)c3c4cc(F)ccc4n(C(C)C)n3)C1)CC2
Human-Component   raw_Human-Component
0.03548387065529823   0.03548387065529823   
0.6860215067863464   0.6860215067863464   
0.25591397285461426   0.25591397285461426   
0.45698925852775574   0.45698925852775574   
0.07096774131059647   0.07096774131059647   
0.7516129016876221   0.7516129016876221   
0.551612913608551   0.551612913608551   
0.7204301357269287   0.7204301357269287   
0.6881720423698425   0.6881720423698425   
0.6408601999282837   0.6408601999282837   

16:10:05: local_reinforcement_logger.timestep_report +41: INFO     
 Step 43   Fraction valid SMILES: 96.9   Score: 0.4844   Time elapsed: 250   Time left: 39.8
  Agent     Prior     Target     Score     SMILES
-24.97    -25.31    -25.31      0.00      O=S(=O)(N1CCCC1)c1ccc2c(c(C)c(C(N3CCN(c4cccc(C)c4)C(C)C3)=O)o2)c1
-21.06    -21.05     23.34      0.54      c1cc(C(NC)=O)ccc1C#Cc1ccc(CC(C)NC(C)=O)cc1
-22.55    -23.02     30.99      0.66      O=c1c(C#N)c(-c2ccccc2)cc(-c2ccccc2)n1CCCO
-29.54    -29.09     -7.51      0.26      O(c1c2cc(OC)c(OC)cc2c(C(N2CCCCCC2)=O)cn1)CC
-29.69    -29.64     -0.61      0.35      C(NC1CCN(S(=O)(N(C)C)=O)CC1)(NC(c1sccc1)=O)=O
-24.29    -24.33     26.48      0.62      c1c(C2(C)C(=O)NC(=O)N2)cc(C)cc1Cl
-28.93    -29.00      4.09      0.40      C1N(C2C(CC)(CC)Oc3c(OC)cccc3C2=O)CCCC1
-25.98    -25.71     -9.12      0.20      C(=O)(C(=O)Nc1ccc2c(c1)OCO2)N=c1[nH]nc(C(C)C)s1
-28.67    -28.87      4.78      0.41      n1c2n(c(C)c1)C1(C(=O)NC(=O)C1c1ccccc1)C(=O)NC2=O
-27.19    -27.23      6.61      0.41      C(N=c1c2c([nH]c3ccccc13)CCCC2)COCCOCCNC(=O)C
Human-Component   raw_Human-Component
0.0   0.0   
0.5413793325424194   0.5413793325424194   
0.6586207151412964   0.6586207151412964   
0.26321840286254883   0.26321840286254883   
0.3540229797363281   0.3540229797363281   
0.6195402145385742   0.6195402145385742   
0.40344828367233276   0.40344828367233276   
0.2022988498210907   0.2022988498210907   
0.41034483909606934   0.41034483909606934   
0.4126436710357666   0.4126436710357666   

16:10:13: local_reinforcement_logger.timestep_report +41: INFO     
 Step 44   Fraction valid SMILES: 100.0   Score: 0.4862   Time elapsed: 258   Time left: 34.4
  Agent     Prior     Target     Score     SMILES
-20.94    -21.16      8.82      0.37      c1c(C=CC(=O)c2c3c(c(O)cc2O)C=CC(C)(C)O3)cccc1
-27.59    -27.66     -0.33      0.33      C(N)(NCCN=c1[nH]ccc(C)c1)=NC(=N)N
-30.09    -29.12     13.91      0.52      c1c(Cc2cc(C(NC34CC5CC(C3)CC(C4)C5)=O)c(N)s2)ccc(Br)c1
-25.20    -26.28     23.27      0.60      c1cccc(C=Cc2sccc2)c1OCCCN
-34.08    -33.25     28.91      0.76      Brc1cccc(C(C(c2cc(O)c(OC)cc2)O)N2CCC(C)CC2)c1
-23.32    -23.73     34.64      0.71      c1c(-c2ccccc2Cl)c(=N)n(C)[nH]1
-17.05    -17.30     31.73      0.60      C1(NC(=O)C)C(=O)OCC1
-23.22    -24.28     27.13      0.63      c12c(ncnc1-n1cccn1)[nH]cc2-c1ccc(Cl)cc1
-33.57    -33.22     -3.33      0.36      c1(C)c(=O)[nH]c(=O)n(C(C)=O)c1Oc1cccc(C)c1CC
-30.78    -30.21      1.53      0.39      C(c1c[nH]c2ccc(OC)cc21)CNC(c1cc(=O)c2c([nH]1)ccc(C)c2)=O
Human-Component   raw_Human-Component
0.3655914068222046   0.3655914068222046   
0.3333333432674408   0.3333333432674408   
0.5247311592102051   0.5247311592102051   
0.6043010950088501   0.6043010950088501   
0.7580645084381104   0.7580645084381104   
0.7118279337882996   0.7118279337882996   
0.5978494882583618   0.5978494882583618   
0.6268817186355591   0.6268817186355591   
0.36451613903045654   0.36451613903045654   
0.3870967626571655   0.3870967626571655   

16:10:20: local_reinforcement_logger.timestep_report +41: INFO     
 Step 45   Fraction valid SMILES: 100.0   Score: 0.4806   Time elapsed: 265   Time left: 28.8
  Agent     Prior     Target     Score     SMILES
-22.91    -23.54     29.28      0.64      C1CCc2sc3[nH]c(=S)n(CCCN(CCC)CCC)c(=O)c3c2C1
-35.82    -34.52     24.82      0.72      O=C(c1cc(OC)c(OC)c(OC)c1)C=Cc1ccc(OCCCCCCCN2CCC(c3c4ccccc4n(Cc4ccccc4)c3)CC2)cc1
-27.28    -27.05     23.48      0.62      c1ccc(N=c2[nH]cnc(N3CC(Oc4cccc(C(C)C)c4)C3)c2F)cn1
-31.33    -31.23     24.49      0.68      C1CC(C(NCCC)=O)N(C(=O)N(C)Cc2ccc(F)cc2F)C1
-23.25    -22.91      9.19      0.39      S(=O)(c1ccc(NC(=O)Cc2ccc(OC)cc2)cc1)(=O)N1CCC(C)CC1
-21.18    -21.82     30.73      0.64      n1cncc(-c2c(F)cc3c(n(C4CC4)ccc3=O)c2)c1
-35.44    -36.47     -2.79      0.41      c12ccc(-c3nc4sccn4n3)cc1scc2NC(=O)c1ccccc1OC
-20.92    -22.05     27.42      0.60      c1cccc(CSc2nc3c(c4c(s3)CN(C)CC4)c(=O)n2N)c1
-20.91    -21.34     24.16      0.55      OC1C(CO)OC(Nc2ccc(Br)cc2)C1O
-24.98    -25.31     23.89      0.60      c1(-c2cscc2)n(CCN(C)C)c2c(c1)CCCC2
Human-Component   raw_Human-Component
0.6440860033035278   0.6440860033035278   
0.7236559391021729   0.7236559391021729   
0.6161290407180786   0.6161290407180786   
0.6795699000358582   0.6795699000358582   
0.3913978636264801   0.3913978636264801   
0.6408601999282837   0.6408601999282837   
0.41075268387794495   0.41075268387794495   
0.603225827217102   0.603225827217102   
0.5548387169837952   0.5548387169837952   
0.6000000238418579   0.6000000238418579   

16:10:30: local_reinforcement_logger.timestep_report +41: INFO     
 Step 46   Fraction valid SMILES: 100.0   Score: 0.4827   Time elapsed: 275   Time left: 23.4
  Agent     Prior     Target     Score     SMILES
-27.21    -26.94    -26.94      0.00      c1ccccc1C(CC(C)=NC(C(=O)O)CC(=O)O)=O
-30.43    -31.29     26.20      0.70      n1(C)c2nc(Sc3sc(Cl)nc3)ccc2c(=O)[nH]1
-19.79    -20.00     40.84      0.74      C1(Cc2ccc(Br)cc2)CN=C(N)N=C1N
-31.85    -31.27     26.13      0.70      c1n(CCNCC(c2ccc(C(C)(C)C)cc2)(CC)O)cnc1
-24.94    -24.57     -1.56      0.28      Cn1c(SCC(Nc2ccccc2F)=O)nnc1CNC(=O)c1c(OC)cccc1
-32.99    -33.94     23.55      0.70      c12ccccc1C1CC3(C)C(N)C(C1)Cc3ccc2
-31.04    -32.22     22.27      0.66      C1NCCC(CCNc2cc3c(nc2)c(F)c(O)cc3)C1
-27.55    -27.18     18.94      0.56      C(Oc1ccc(S(Nc2cc(Br)ccc2C(=NO)O)(=O)=O)cc1)C
-20.59    -20.62     23.91      0.54      c1c(C(C)=O)ccc(NC(=O)Nc2ccc(OCC)cc2)c1
-36.41    -36.55     14.85      0.63      N(CCC(F)(F)F)(C1CCc2c(cn(-c3ccc(O)cc3)n2)C1)CCO
Human-Component   raw_Human-Component
0.5537634491920471   0.5537634491920471   
0.7010752558708191   0.7010752558708191   
0.7419354915618896   0.7419354915618896   
0.699999988079071   0.699999988079071   
0.2806451618671417   0.2806451618671417   
0.7010752558708191   0.7010752558708191   
0.6645161509513855   0.6645161509513855   
0.5623655915260315   0.5623655915260315   
0.5430107712745667   0.5430107712745667   
0.6268817186355591   0.6268817186355591   

16:10:36: local_reinforcement_logger.timestep_report +41: INFO     
 Step 47   Fraction valid SMILES: 96.9   Score: 0.4779   Time elapsed: 281   Time left: 17.6
  Agent     Prior     Target     Score     SMILES
-22.26    -22.13    -22.13      0.00      O(c1ccc(Cl)c(C)c1)CC(=O)N(CC)CC
-27.47    -26.44    -12.11      0.17      c1(OC2CCCCC2)cc(C(=NO)NCc2ccc(OC)cc2)ccn1
-28.01    -27.61    -26.48      0.01      C(=NC(=O)c1cccs1)(C(=O)N1CCN(C(=O)OCC)CC1)Cc1occc1
-31.18    -30.59     30.67      0.75      C(N(CCCC)CCCC)=CCC(Cl)=CCC=C(CCC=C(C)C)C
-20.64    -21.96     36.67      0.71      C(N1CCC(c2ccccc2)(O)CC1)COc1ccc(Cl)cc1
-39.32    -40.06    -20.55      0.24      c1(OCC)cc(-c2onc(Cn3cccc(N)c3=O)n2)ccc1O
-27.87    -27.36      4.40      0.39      c1(CN(C(c2nsnc2)=O)Cc2ccc(C)o2)cccnc1
-26.37    -27.04     26.30      0.65      c1ccc(Br)c2c1NC(=S)C(C)(C)N2c1ccccc1
-59.27    -60.16    -12.57      0.58      C1(C)(O)C(c2ccc(F)cc2)CCC2(C)C(C(=O)CSc3nc4c(ccc(Cl)c4)o3)C3C(CCC12C)C(O)C1=CC(=O)CCC13C
-32.86    -32.33     12.53      0.55      n1(C)cc(C(=O)N2CCCC3(C2)CCOCC3)c2c1ccc(Cl)c2
Human-Component   raw_Human-Component
0.20804597437381744   0.20804597437381744   
0.1747126430273056   0.1747126430273056   
0.013793103396892548   0.013793103396892548   
0.7471264600753784   0.7471264600753784   
0.7149425148963928   0.7149425148963928   
0.237931028008461   0.237931028008461   
0.38735631108283997   0.38735631108283997   
0.6505746841430664   0.6505746841430664   
0.5804597735404968   0.5804597735404968   
0.5471264123916626   0.5471264123916626   

16:10:47: local_reinforcement_logger.timestep_report +41: INFO     
 Step 48   Fraction valid SMILES: 100.0   Score: 0.5000   Time elapsed: 291   Time left: 11.9
  Agent     Prior     Target     Score     SMILES
-31.45    -30.67    -17.00      0.17      c1ncc(C(=O)Nc2c3n(cc(-c4ccc(C5(O)CCOCC5)cc4)cc3)nc2)cc1
-24.83    -25.30     36.95      0.76      CC1CCN(CCCNC(=O)c2c(C)nc(N3CCOCC3)nc2)CC1
-62.61    -61.72    -53.52      0.10      c1c(OC)ccc(C=CC(=O)C(C(OC2CC3C4C(OC(=O)c5cnccc5)C5(OC(C)=O)C(C24)C(C3)OC(C)(C)O5)=O)OC(=O)C)c1
-27.47    -26.30     16.64      0.52      c1(OC)c(C2CC(c3sccc3)=NN2C(CN2CCCCC2)=O)c(OC)cc(OC)c1
-24.88    -24.10      4.55      0.35      c1c(OC)c(NC(c2c(=O)n(-c3ccccc3)n(C)c2C)=O)cc(Cl)c1
-42.70    -42.03     18.81      0.74      c12c(c(=N)[nH]c(F)n1)c(-c1cc(OC)c(Cl)cc1)nn2CCn1cc(CCCCCN)nn1
-29.58    -29.27     19.13      0.59      O=c1c2cccc(OCCCCN(CCCCCCC)CC)c2oc(-c2ccccc2)c1
-29.83    -29.73     12.15      0.51      N1(c2c(C#N)cc(-c3ccnc(C)c3)cn2)CCCOCC1
-28.92    -29.62     19.93      0.60      [nH]1nc(C)cc1CN1CCC2C1CCC2OCc1cnccc1
-29.74    -29.77    -12.40      0.21      O=C(c1ccccc1OC)c1c(=O)c2cc3c(cc2n(CC(=O)Nc2ccc(CC)cc2)c1)OCCO3
Human-Component   raw_Human-Component
0.1666666716337204   0.1666666716337204   
0.7591397762298584   0.7591397762298584   
0.10000000149011612   0.10000000149011612   
0.523655891418457   0.523655891418457   
0.3494623601436615   0.3494623601436615   
0.7419354915618896   0.7419354915618896   
0.5903225541114807   0.5903225541114807   
0.5107526779174805   0.5107526779174805   
0.6043010950088501   0.6043010950088501   
0.21182796359062195   0.21182796359062195   

16:10:53: local_reinforcement_logger.timestep_report +41: INFO     
 Step 49   Fraction valid SMILES: 100.0   Score: 0.4818   Time elapsed: 297   Time left: 5.9
  Agent     Prior     Target     Score     SMILES
-22.70    -22.57     41.97      0.79      C1C2(c3ccccc3C(=O)O2)CCN(CCC(C(F)(F)F)O)C1
-35.55    -34.48     15.60      0.61      O=C(N(Cc1ccccc1-n1nc(C(=O)N(C)CCc2ccccc2)c2ccccc21)C)c1ccccc1
-17.41    -18.05     22.33      0.49      c1cccc2oc(=O)c(C(=O)Nc3ccccc3)cc12
-26.31    -27.20     14.15      0.50      [O-][N+](c1c(Cl)c2c(c(Cl)c1)[nH]c1c2cccc1)=O
-21.79    -21.98    -21.98      0.00      O(c1ccc(S(=O)(NCCCO)=O)cc1)CC
-27.80    -27.55      1.55      0.35      c1ccc2c(nc(SCC(N=c3[nH]nc(CC)s3)=O)c(C(=O)c3ccccc3)n2)c1
-24.04    -24.99     12.66      0.46      c1c2c(ccc1)[nH]c(=N)c1nc(N3CCOCC3)ccc21
-30.22    -30.92     26.57      0.70      O=c1n(Cc2cc(F)ccc2)c2c(nc1-c1cnc3c(cccc3)c1)cncc2
-32.58    -32.02     22.83      0.67      C1CC(C)(O)CC1NC(=O)N1C(C)(C)C=C(C)c2cc(OC)ccc21
-18.87    -18.92     32.40      0.63      COc1c(OC)ccc(CCN=C2CC(C)(C)CC(=O)C2)c1
Human-Component   raw_Human-Component
0.7870967984199524   0.7870967984199524   
0.6107527017593384   0.6107527017593384   
0.49247312545776367   0.49247312545776367   
0.5043010711669922   0.5043010711669922   
0.5838709473609924   0.5838709473609924   
0.35483869910240173   0.35483869910240173   
0.45913979411125183   0.45913979411125183   
0.7010752558708191   0.7010752558708191   
0.6688172221183777   0.6688172221183777   
0.625806450843811   0.625806450843811   

