13:29:33: local_reinforcement_logger.log_message +32: INFO     starting an RL run
13:29:33: local_reinforcement_logger.timestep_report +41: INFO     
 Step 0   Fraction valid SMILES: 90.6   Score: 0.4467   Time elapsed: 0   Time left: 0.0
  Agent     Prior     Target     Score     SMILES
-32.15    -32.15    -16.33      0.49      O=c1c2cccc(C(=O)N)c2n(C(c2ccccc2)=O)cn1
-20.79    -20.79     -5.02      0.49      C1(NC(=O)CN(c2ccc(OC)cc2)S(=O)(c2ccc(C)cc2)=O)CC1
-24.01    -24.01     -8.24      0.49      CN(S(=O)(c1cc2c(cc1)N1CC(C)OC(C)C1C(=O)N2C)=O)C
-22.15    -22.15     -6.39      0.49      c12cccnc1cc(-c1ccc3c(c1)OCO3)cc2
-27.60    -27.60    -11.95      0.49      c1cc(C(Nc2c(O)ccc(Cl)c2)=O)ccc1CSc1n(CC=C)c(C)nn1
-34.07    -34.07    -18.27      0.49      O(C(=O)C=Cc1cc(O)c(O)cc1)CC(C(O)(C1CCCCC1)C#N)=O
-42.70    -42.70    -42.70      0.00      O=c1c2c(ccc(-c3c4c([nH]n3)cc(NC(C)=O)cc4)c2)n[nH]c1CCN(C)C
-20.44    -20.44     -4.73      0.49      c1ccc(CCCn2ccc3c2cccc3)cc1
-19.55    -19.55     -3.75      0.49      c1cc(C)ccc1CN=c1[nH]c(N)c(NC(=O)OCC)cc1
-34.95    -34.95    -19.15      0.49      n1c2c(cc3c4c([nH]c31)cccc4)[nH]c(CC)c2C
Human-Component   raw_Human-Component
0.49453794956207275   0.49453794956207275   
0.4929012656211853   0.4929012656211853   
0.49292421340942383   0.49292421340942383   
0.4924241602420807   0.4924241602420807   
0.48930054903030396   0.48930054903030396   
0.49375981092453003   0.49375981092453003   
0.0   0.0   
0.49095016717910767   0.49095016717910767   
0.49393075704574585   0.49393075704574585   
0.49366921186447144   0.49366921186447144   

13:29:34: local_reinforcement_logger.timestep_report +41: INFO     
 Step 1   Fraction valid SMILES: 96.9   Score: 0.4777   Time elapsed: 1   Time left: 24.5
  Agent     Prior     Target     Score     SMILES
-21.26    -21.24     -5.50      0.49      c1c(S(=O)(N(CC)CC)=O)cc([N+]([O-])=O)c(N2CCCC2)c1
-22.87    -22.91     -7.20      0.49      c1(=CCc2ccccc2)cnc(=CCCC)n1Cc1ccccc1Cl
-22.79    -22.80     -6.98      0.49      C12=C(C(c3ccc(C#CC)cc3)C(C#N)C(=N)O1)C(=O)CCC2
-24.68    -24.71     -8.97      0.49      c1(=O)n(N=Cc2ccccc2C)cnc2sc(C(=O)OCC)c(C)c12
-24.57    -24.54     -8.74      0.49      Cn1[nH]c(OCC2C(c3ccc(C)cn3)C2)cc(=NCc2cc(C)nn2C)c1=O
-24.03    -24.09     -8.30      0.49      O=c1[nH]c2c(cccc2)c(=Nc2cc(N)ccc2)[nH]1
-29.69    -29.63    -13.85      0.49      C(C(N1CCCC1C(=O)O)=O)(Cc1ccc(NC(CN)=O)cc1)N
-30.48    -30.45    -14.65      0.49      c1c(Cl)cc(Cl)c(N=c2cc(C(F)(F)F)[nH]c(=NC(=O)c3cc(S(=O)(N4CCOCC4)=O)ccc3)[nH]2)c1
-26.99    -26.96    -11.13      0.49      c1(OCC(OC)=O)noc(C(O)=NO)c1
-22.24    -22.29     -6.51      0.49      c1cccc(NC(=O)Cc2nc(C)sc2)c1O
Human-Component   raw_Human-Component
0.49199602007865906   0.49199602007865906   
0.49094900488853455   0.49094900488853455   
0.49417227506637573   0.49417227506637573   
0.49170124530792236   0.49170124530792236   
0.49364614486694336   0.49364614486694336   
0.4935207962989807   0.4935207962989807   
0.49317070841789246   0.49317070841789246   
0.49392226338386536   0.49392226338386536   
0.49467456340789795   0.49467456340789795   
0.4931270480155945   0.4931270480155945   

13:29:35: local_reinforcement_logger.timestep_report +41: INFO     
 Step 2   Fraction valid SMILES: 100.0   Score: 0.4928   Time elapsed: 2   Time left: 32.0
  Agent     Prior     Target     Score     SMILES
-18.56    -18.63     -2.81      0.49      c1cc2c(cc1)CC(N=c1[nH]cc(C(=NO)O)cn1)C2
-24.62    -24.53     -8.77      0.49      C1C(Cc2n3nc(-c4ccncc4)c(-c4ccc(F)cc4)c3ncc2)CCNC1
-35.27    -35.29    -19.52      0.49      C(C([n+]1ccc2c(n(COCCO)c3c2cccc3)c1C)C)C
-20.77    -20.95     -5.20      0.49      c1(C(c2ccc(Cl)cc2)NC(=O)Cc2ccccc2)ccccc1
-33.17    -33.28    -17.53      0.49      c1c(-c2cccc(F)n2)nccc1Oc1c(F)cc(NC(N2CCN(CC=C)CC2)=O)cc1
-28.42    -28.33    -12.59      0.49      C1(F)(F)C(O)C(CO)OC1n1c(=O)n(CC(C)C)c(=O)c(F)c1
-31.65    -31.62    -15.85      0.49      C(c1n[nH]nn1)c1ccc(N(Cc2ccc3c(cc(C(=N)N)cc3)c2)S(=O)(C)=O)cc1
-46.69    -46.63    -30.87      0.49      S1CCN(Cc2c(Cl)cc(CN(C3CCN(Cc4ccc(Cl)c(Cl)c4)C3)C(=O)c3csc(C(C)C)n3)cc2)C1=O
-41.81    -41.62    -25.87      0.49      c1cc(CNCC(C)O)c(-c2cncnc2)nc1-c1ccc(-n2cncn2)cc1
-25.49    -25.54     -9.78      0.49      c1cccc2c1c(=Nc1ccc(NS(=O)(CCCCCN)=O)cc1)c1c(ccc(C)c1)[nH]2
Human-Component   raw_Human-Component
0.49446403980255127   0.49446403980255127   
0.49251142144203186   0.49251142144203186   
0.4928801953792572   0.4928801953792572   
0.4922066926956177   0.4922066926956177   
0.49223050475120544   0.49223050475120544   
0.49180877208709717   0.49180877208709717   
0.4929512143135071   0.4929512143135071   
0.4924795925617218   0.4924795925617218   
0.4921337068080902   0.4921337068080902   
0.4925241768360138   0.4925241768360138   

13:29:35: local_reinforcement_logger.timestep_report +41: INFO     
 Step 3   Fraction valid SMILES: 90.6   Score: 0.4466   Time elapsed: 2   Time left: 23.5
  Agent     Prior     Target     Score     SMILES
-29.54    -29.48    -13.66      0.49      c1(S(=O)(C)=O)ccc(-c2nnc(SCCOc3ccc4c(c3)oc(=O)cc4)o2)cc1
-25.82    -25.95    -10.15      0.49      COc1ccc(C=CC=NN(C(N)=N)C)cc1OC
-31.14    -31.21    -15.45      0.49      O=S(=O)(c1c(=NCCO)s[nH]c1SC)c1ccc(Cl)cc1
-24.69    -24.60     -8.81      0.49      c1(NC(=O)Nc2c(F)cc(-c3nc(N4CC5CCC(C4)O5)nc4c3C(=O)N(CC)CC(C)(C)O4)cc2)ccc(C#N)nc1
-33.09    -33.03    -33.03      0.00      C(c1cc(-n2c(=N)c(-c3nc(-c4ccc(Cl)cc4)cs3)[nH]n2)ccc1)(=O)OC
-24.29    -24.31     -8.53      0.49      C(Nc1cc(Cl)c(F)cc1)(=O)N=c1cc(C(C)(C)C)[nH]n1-c1ccc(Cl)cc1
-21.13    -21.19     -5.41      0.49      OC(O)C(N)CCSCc1ccc(F)cc1
-34.06    -33.99    -18.21      0.49      O=C(N(CC)c1c(NC)cccc1C)c1noc2c1CCCC2
-28.03    -27.85    -12.12      0.49      O=C(CN(CCN(CC(OCCCCCC)=O)C)C)O
-18.39    -18.40     -2.64      0.49      c1c(C(C(Cl)Cl)=O)ccc(Cl)c1
Human-Component   raw_Human-Component
0.4943764805793762   0.4943764805793762   
0.4938742220401764   0.4938742220401764   
0.4923926591873169   0.4923926591873169   
0.49348026514053345   0.49348026514053345   
0.0   0.0   
0.4929450750350952   0.4929450750350952   
0.4928930401802063   0.4928930401802063   
0.49321624636650085   0.49321624636650085   
0.49156004190444946   0.49156004190444946   
0.492519736289978   0.492519736289978   

13:29:36: local_reinforcement_logger.timestep_report +41: INFO     
 Step 4   Fraction valid SMILES: 100.0   Score: 0.4929   Time elapsed: 3   Time left: 27.6
  Agent     Prior     Target     Score     SMILES
-22.70    -22.76     -6.95      0.49      c1c2c(oc(=O)cc2NC2CCCCCCC2)cc(OC)c1
-27.39    -27.44    -11.62      0.49      C1(=O)N(CCCN2C(=O)c3c(cccc3)NC2CCCC)C(=O)c2c1cccc2
-27.70    -27.78    -11.97      0.49      O=C(NC(C(C(F)(F)F)=O)C(C)C)c1nnn(CCc2ccccc2)c1
-22.02    -22.26     -6.48      0.49      c1ccc(N=c2[nH]c3c(Cl)cccc3s2)cc1C
-19.82    -19.93     -4.14      0.49      n1oc(-c2ccccc2C)cc1C(=O)O
-33.82    -33.59    -17.81      0.49      C(CN(C(C(=O)NCCCOCC)c1ccc(OC)cc1)c1ccc(OC)cc1)(N1CCCCC1)=O
-24.41    -24.40     -8.65      0.49      O=S1(=O)CC2SC(=NC(=O)c3c(F)cccc3)N(c3cc(C)cc(C)c3)C2C1
-30.61    -30.55    -14.80      0.49      c1nccc(CCCNC2C3CCC2CN(C(=O)OCC)C3)c1
-38.61    -38.72    -22.95      0.49      N1(NC(C=C)=O)C(=O)C(Cc2ccccc2)(C)C(c2ccccc2)C1
-22.66    -22.74     -6.97      0.49      c1(Cl)ccc(Cn2c3cc(C)c(C)cc3nc2N2CCOCC2)cc1
Human-Component   raw_Human-Component
0.4939115047454834   0.4939115047454834   
0.49453574419021606   0.49453574419021606   
0.49380218982696533   0.49380218982696533   
0.49321815371513367   0.49321815371513367   
0.49326032400131226   0.49326032400131226   
0.4928470551967621   0.4928470551967621   
0.49242687225341797   0.49242687225341797   
0.49204131960868835   0.49204131960868835   
0.4927057921886444   0.4927057921886444   
0.49295276403427124   0.49295276403427124   

13:29:37: local_reinforcement_logger.timestep_report +41: INFO     
 Step 5   Fraction valid SMILES: 96.9   Score: 0.4774   Time elapsed: 4   Time left: 30.0
  Agent     Prior     Target     Score     SMILES
-34.88    -34.92    -19.10      0.49      C1N(Cc2ccc(Cl)cc2)CCc2c(C(=O)N3CCC3)cc3n(C(c4ccccc4)=O)ccc3c21
-46.90    -46.53    -30.81      0.49      O(c1ncc2c(c1OCC)[nH]c(=O)c(S(c1cc(Cl)ccc1)(=O)=O)c2)c1c(F)c2c([nH]c(C)c2)cc1
-28.31    -28.55    -12.80      0.49      n1c(SCc2ccccc2C)nc2c(c1O)c1c(cccc1)[nH]2
-26.48    -26.53    -10.77      0.49      C1C(C(=O)N2CCCC2)(c2ccccc2)CCCC1N
-23.80    -23.77     -7.92      0.50      C12(C)C(=CCC3C1CCC1(C)C(=O)CCC31)CC(=O)C(C=O)=C2
-19.97    -19.98     -4.27      0.49      c1cc(-c2sc3c(nc[nH]c3=N)c2)ccc1
-26.53    -26.69    -10.95      0.49      c1(C)ccc2nc(-n3nc(C)cc3C)c(=Nc3ccc4c(c3)OCCO4)[nH]c2c1
-40.67    -40.75    -40.75      0.00      C(C(F)(COCc1cc(Cl)ccc1)(F)F)N(CC(N)C(C)CC)Cc1ccc2c(c1)OCO2
-28.43    -28.38    -12.60      0.49      c1c(NC(C2CCCCC2)=O)ccc(C(N2c3cccc(OC)c3CCC2)=O)c1
-22.35    -22.22     -6.44      0.49      C1N(C2=CC(C)(C)Oc3c2cc(C(O)=O)cc3)CCOC1
Human-Component   raw_Human-Component
0.4943411946296692   0.4943411946296692   
0.49114182591438293   0.49114182591438293   
0.49199989438056946   0.49199989438056946   
0.4925650954246521   0.4925650954246521   
0.49513566493988037   0.49513566493988037   
0.4909287691116333   0.4909287691116333   
0.49204733967781067   0.49204733967781067   
0.0   0.0   
0.49301639199256897   0.49301639199256897   
0.4932118356227875   0.4932118356227875   

13:29:38: local_reinforcement_logger.timestep_report +41: INFO     
 Step 6   Fraction valid SMILES: 96.9   Score: 0.4775   Time elapsed: 5   Time left: 31.4
  Agent     Prior     Target     Score     SMILES
-26.27    -26.28    -10.55      0.49      c1cc2c(c(S(CCC(N3CCN(C(=O)C)CC3)=O)(=O)=O)c1)nccc2
-35.58    -35.63    -19.85      0.49      c1(C(C2CC2)=O)cnc(N(c2ccccc2)S(=O)(C)=O)c([N+]([O-])=O)c1
-34.21    -34.18    -18.39      0.49      c1ccc(CC2COc3ccc(Oc4ncnnc4-c4cnc(N(C)C)nc4)cc3C2)cc1
-24.76    -24.81     -9.03      0.49      C(CSc1[nH]c2c(cc(OC)cc2)c(=O)n1)=C(C)C
-24.31    -24.33     -8.55      0.49      c12c([nH]c3c1cncc3)CC(C(O)=O)CC2
-28.28    -28.22    -12.42      0.49      C12(c3c(cccc3)CC1)Cc1c(ccc(-c3c(C)noc3C)c1)O2
-22.73    -22.74     -6.88      0.50      c1ccc(C2c3c(cc(OC)c(O)c3)CCN2)c(OC)c1OC
-25.28    -25.66     -9.91      0.49      C1CC(C(N=c2cc[nH]cc2)=O)CN(S(c2cccc3c2nsn3)(=O)=O)C1
-28.21    -28.15    -12.40      0.49      s1cc[nH]c1=NC(=O)NS(c1cnn2c1cc(C)cc2)(=O)=O
-26.96    -26.90    -11.15      0.49      N1(Cc2c(OCc3ccc(Cl)cc3)ccc(Br)c2)C(C(N(C)C)=O)CCC1
Human-Component   raw_Human-Component
0.49153509736061096   0.49153509736061096   
0.4930019676685333   0.4930019676685333   
0.4934554100036621   0.4934554100036621   
0.49311336874961853   0.49311336874961853   
0.49309685826301575   0.49309685826301575   
0.4937759339809418   0.4937759339809418   
0.49566659331321716   0.49566659331321716   
0.49203673005104065   0.49203673005104065   
0.49199503660202026   0.49199503660202026   
0.49239519238471985   0.49239519238471985   

13:29:39: local_reinforcement_logger.timestep_report +41: INFO     
 Step 7   Fraction valid SMILES: 100.0   Score: 0.4932   Time elapsed: 6   Time left: 32.2
  Agent     Prior     Target     Score     SMILES
-24.70    -24.77     -9.02      0.49      CCc1n[nH]c(C(Nc2ccccc2SC)=O)c1
-25.24    -25.15     -9.36      0.49      C(CN(C(=O)CCCc1c[nH]c2c1cccc2)CCC)CCN
-24.87    -24.87     -9.10      0.49      c1ccnc(N2CCN(C(c3oc(CCl)cc(=O)c3O)=O)CC2)n1
-25.36    -25.59     -9.80      0.49      O=S(N1C(CNC(=O)C(Nc2cc(C)c(Cl)cc2)=O)CCC1)(=O)c1ccccc1
-46.12    -46.02    -30.20      0.49      CC1CC1N=c1n(C)c(=O)c2c([nH]1)ccc1c3cc(C#N)ccc3[nH]c21
-23.65    -23.95     -8.14      0.49      Clc1ccccc1NC(Nc1ccc(-c2noc(C)n2)cc1)=O
-30.54    -30.58    -14.87      0.49      C1C=C2C(C)(C)C(O)CCC2C(=CC(=O)CCC)C1
-23.70    -23.81     -8.09      0.49      c1(NC(CSc2nc(Oc3c(C)cc(C#N)cc3C)ccn2)=O)cccnc1Cl
-22.38    -22.40     -6.61      0.49      c1(C(F)(F)F)n2c(nn1)CCC(COCc1ccccc1)C2
-28.31    -28.45    -12.78      0.49      n1c(OC)ccc(N(c2cc(OC)cc(OC)c2)CCCNCC(C)C)n1
Human-Component   raw_Human-Component
0.49204468727111816   0.49204468727111816   
0.4934188425540924   0.4934188425540924   
0.4929603636264801   0.4929603636264801   
0.49338483810424805   0.49338483810424805   
0.4942726790904999   0.4942726790904999   
0.49415573477745056   0.49415573477745056   
0.49096566438674927   0.49096566438674927   
0.49144256114959717   0.49144256114959717   
0.49346157908439636   0.49346157908439636   
0.48947539925575256   0.48947539925575256   

13:29:40: local_reinforcement_logger.timestep_report +41: INFO     
 Step 8   Fraction valid SMILES: 100.0   Score: 0.4930   Time elapsed: 7   Time left: 32.7
  Agent     Prior     Target     Score     SMILES
-25.42    -25.59     -9.81      0.49      S(NC(CSCC=C(C)CCC=C(CCC=C(C)C)C)C(=O)O)(=O)(=O)c1c(C)cccc1
-34.16    -34.27    -18.52      0.49      C1CN(c2cc3c(cc2F)c(=O)c(C(O)=O)cn3C2CC2)CCN1C(CCCCCNC(=O)C1C(c2ccc(Cl)cc2)CCN(C)C1)=O
-22.11    -22.24     -6.47      0.49      C1C([N+](C)(C)CCCC)C1c1ccccc1
-27.66    -27.27    -11.40      0.50      c1(Cl)ccc(-c2n(-c3ccc(S(=O)(N)=O)cc3)nc(C(=O)Nc3ccc(N4CCOCC4)cc3)n2)cc1
-22.60    -22.70     -6.98      0.49      c1c(Cl)cc2nc(-c3cc(F)ccc3)sc2c1
-20.65    -20.68     -4.93      0.49      c1cc(NC(=O)N2CCC(C(OCC)=O)CC2)cc(OC)c1OC
-32.73    -32.58    -16.81      0.49      c1(-c2sc(C(=O)N3CCSCC3)cc2)cc(C(N)=O)c2c(cc[nH]2)c1
-31.42    -31.34    -15.57      0.49      C(c1c2c(cc(Cl)cc2)[nH]c1C(O)=O)(NCCn1c(C)ncc1)=O
-34.73    -34.61    -18.84      0.49      O=S(CC12C(C)(C)C(CC1)CC2(C(NCc1ccc(C#N)cc1)=O)C)(=O)N(C)C
-27.25    -26.98    -11.23      0.49      OC(=O)c1cc(Oc2c(=N)[nH]c(=N)[nH]c2)c(C(=C)C)cc1
Human-Component   raw_Human-Component
0.4931110441684723   0.4931110441684723   
0.49220335483551025   0.49220335483551025   
0.4928697645664215   0.4928697645664215   
0.4960539638996124   0.4960539638996124   
0.49137163162231445   0.49137163162231445   
0.4922407865524292   0.4922407865524292   
0.4929938018321991   0.4929938018321991   
0.4927949607372284   0.4927949607372284   
0.49294981360435486   0.49294981360435486   
0.4923632740974426   0.4923632740974426   

13:29:41: local_reinforcement_logger.timestep_report +41: INFO     
 Step 9   Fraction valid SMILES: 96.9   Score: 0.4772   Time elapsed: 7   Time left: 28.7
  Agent     Prior     Target     Score     SMILES
-41.33    -41.27    -25.50      0.49      c1c(Oc2ccc(CNC(c3nc4n(nc(-c5occc5)c4)s3)=O)cc2)ccc(OCC)c1
-21.73    -21.92     -6.16      0.49      c1(CNC(=O)c2occc2)ccc(C(O)=O)cc1
-37.83    -37.62    -21.80      0.49      O=C(OCC)Nc1ccc(-c2c(CC)[nH]n3c(=O)cc(-c4cc(F)cc(F)c4)nc32)cc1
-26.92    -26.85    -11.06      0.49      C12CCC3C(C)(CC(O)C(O)C3)C1CCC1(C)C(c3ccc(=O)oc3)CC(O)C12
-19.47    -19.60     -3.84      0.49      c1ccc(-c2ccc(C(=O)CC=NOC)cc2)cc1
-31.18    -31.14    -15.43      0.49      C(Cn1c(CSc2sc3c(cccc3)n2)nnc1SCC(NNC(=O)c1ccccc1)=O)=C
-21.66    -21.65     -5.84      0.49      c1(F)c(C(N2CCN(c3c(C)ccc(C)c3)CC2)=O)c(F)ccc1
-46.08    -45.83    -30.12      0.49      C(C(=O)c1nnc(-c2ccccc2)s1)(NC(C1N(C(C2(c3ncc(Cl)cc3)CCC2)=O)CCC1)=O)CCO
-29.51    -29.61    -13.86      0.49      C1CNCc2[nH]c(=NC(=O)c3cnc4ccccc4c3)sc21
-29.52    -29.58    -13.82      0.49      c12ccccc1nc(SCC(N=c1ccc(Cl)c[nH]1)=O)n(CC(Nc1ccc(F)cc1)=O)c2=O
Human-Component   raw_Human-Component
0.49279987812042236   0.49279987812042236   
0.49250492453575134   0.49250492453575134   
0.4945763349533081   0.4945763349533081   
0.4934273958206177   0.4934273958206177   
0.4925091564655304   0.4925091564655304   
0.4906735420227051   0.4906735420227051   
0.4940249025821686   0.4940249025821686   
0.49097326397895813   0.49097326397895813   
0.49218326807022095   0.49218326807022095   
0.49266517162323   0.49266517162323   

13:29:42: local_reinforcement_logger.log_message +32: INFO     Resetting Agent
13:29:42: local_reinforcement_logger.log_message +32: INFO     Adjusting sigma to: 82
13:29:42: local_reinforcement_logger.timestep_report +41: INFO     
 Step 10   Fraction valid SMILES: 93.8   Score: 0.4617   Time elapsed: 9   Time left: 32.7
  Agent     Prior     Target     Score     SMILES
-32.88    -32.89    -17.16      0.49      CC(C)(c1ccc(Cl)c(Cl)c1)N(C)C1CCC(CC2CCC(N)CC2)CC1
-24.12    -23.88     -8.10      0.49      O(C)c1c2oc(=O)cc(C(F)(F)F)c2cc2c1OCC2
-30.19    -30.34    -14.51      0.49      c12c(cccc1)C(=O)NC(CC)n1c-2c(C(OCC)=O)c(CO)c1
-40.77    -40.20    -24.51      0.49      c1c2c(cc3c1C(=O)N(CC(O)C)CO3)C(=O)N(C)Cc1c(nccc1)S2
-29.92    -29.91    -14.17      0.49      CC(C)n1c2c(cc(OC)cc2)c(C=C(C#N)C(NCC)=O)c1C
-55.34    -55.47    -39.70      0.49      CC1(O)C(OC(C(c2cccs2)=CC)=O)C2C(C)(C(OC(C)=O)C(O)CC2(O)C)C2C1(C)C(=C)CCC2
-25.05    -25.45     -9.70      0.49      S(c1ccccc1F)(=O)(=O)CCC(N=c1scc(C)[nH]1)=O
-35.54    -35.78    -35.78      0.00      c1cc(-c2ccc(Cn3c4c(c(=O)n3CCC)c(C)nc(C)c4)cc2)c(-c2nocn2)c(F)cc1
-24.47    -24.29     -8.47      0.49      c1(C)cc(-c2nnn(CC(=O)NCc3ccc(CC)cc3)n2)ccc1
-40.44    -39.78    -39.78      0.00      c1(=N)c(-c2ccc(OC)cc2)nc2c(-c3cc4c(cc3)nsn4)c(C)nn2c1
Human-Component   raw_Human-Component
0.49157601594924927   0.49157601594924927   
0.49316927790641785   0.49316927790641785   
0.4944216012954712   0.4944216012954712   
0.49051231145858765   0.49051231145858765   
0.4918473958969116   0.4918473958969116   
0.49274054169654846   0.49274054169654846   
0.49236318469047546   0.49236318469047546   
0.0   0.0   
0.4943746328353882   0.4943746328353882   
0.0   0.0   

13:29:43: local_reinforcement_logger.timestep_report +41: INFO     
 Step 11   Fraction valid SMILES: 100.0   Score: 0.4927   Time elapsed: 10   Time left: 32.5
  Agent     Prior     Target     Score     SMILES
-42.77    -42.77     -2.39      0.49      C12CC(=O)OC1C1C(C)(C)OC1C1C2(O)OC2C=C(C)CCC12CO
-28.61    -28.61     11.80      0.49      c1cc(N2CCC(CNC(=O)c3c(F)cc(F)cc3)C2)ccc1[N+]([O-])=O
-19.78    -19.78     20.57      0.49      C(c1ccccc1)N=c1c2cc(-c3cc4c(cc3)OCO4)ccc2nc[nH]1
-30.55    -30.55      9.84      0.49      n12c(n(C)c3c(cc(C)cc3)c1=O)c(Cc1ccccc1)nc2C
-23.13    -23.13     17.19      0.49      C(CC(OCC)=O)C(N1C(c2c(O)cccc2)CC(C)=N1)=O
-30.05    -30.05     10.37      0.49      c1ccc2c(cccc2)c1CNC1C2C3C4C5CC3C1C5C24
-51.44    -51.44    -11.11      0.49      c1cn(CC2C(=NOCCCCN3CCCN(C(=O)N)CC3)CN(C(OC(C)(C)C)=O)C2)c2ccc(Br)cc12
-30.62    -30.62      9.69      0.49      c1(-c2cnccc2)sc(S(=O)(NC(c2ccccc2)=O)=O)cc1C(O)=O
-36.28    -36.28      4.05      0.49      C1(=O)CCCC2C(c3ccc4c(c3)-c3nonc3CO4)OC(C)(C)OC12
-26.07    -26.07     14.39      0.49      c1cccc(OC)c1Oc1c(CO)cc(N)c(Nc2ccc(C#N)cc2)c1
Human-Component   raw_Human-Component
0.492401659488678   0.492401659488678   
0.49279066920280457   0.49279066920280457   
0.4921431243419647   0.4921431243419647   
0.4926008880138397   0.4926008880138397   
0.4917565882205963   0.4917565882205963   
0.49298182129859924   0.49298182129859924   
0.4918132722377777   0.4918132722377777   
0.4916062653064728   0.4916062653064728   
0.4918535053730011   0.4918535053730011   
0.493400514125824   0.493400514125824   

13:29:44: local_reinforcement_logger.timestep_report +41: INFO     
 Step 12   Fraction valid SMILES: 100.0   Score: 0.4931   Time elapsed: 11   Time left: 32.2
  Agent     Prior     Target     Score     SMILES
-26.18    -26.18     14.15      0.49      C1(C(O)=O)(Cc2ccc(C)cc2)CC(=O)N(c2c(C)cccc2C)C1
-22.87    -22.89     17.61      0.49      FC(F)(c1c(=NC)[nH]c(=Nc2ccc(CC(=O)O)cc2C)[nH]c1)F
-24.51    -24.55     15.98      0.49      C1CCC(CCC(=O)N(c2c(=O)[nH]c(=O)n(Cc3ccccc3)c2N)CCCC)CC1
-24.69    -24.69     15.78      0.49      C(OC(=O)C)C1OC1n1cnc2c1ncnc2Cl
-33.66    -33.63      6.73      0.49      O=S(=O)(NN1C(=O)C(=CC=Cc2c(C(F)(F)F)cccc2)C(=O)NC1=O)c1ccc(C)cc1
-46.00    -45.98     -5.57      0.49      C(=O)(C1C(=O)C(CCC=C(C)C(=O)OC)C2C1CC(C)=CC2)OCc1ccccc1
-27.98    -28.01     12.45      0.49      c1cc2ccc(C(=O)NC3C(=O)N(C)c4ccccc4C(c4cccc(O)c4)=N3)cc2cc1
-24.14    -24.15     16.33      0.49      [N+]([O-])(=O)c1cc(C(=O)N)c(Oc2ccc(C(C)(C)C)cc2)cc1
-37.30    -37.26      3.13      0.49      CC(C(C)=O)(Cn1nnc(C(Cc2c(Cl)cccc2)=O)c1)O
-20.15    -20.17     20.23      0.49      c1c2c(cc(O)c1OC)CCC1C3C(C)(CCC12)C(O)CC3
Human-Component   raw_Human-Component
0.4917411804199219   0.4917411804199219   
0.49390214681625366   0.49390214681625366   
0.4942339360713959   0.4942339360713959   
0.4935018718242645   0.4935018718242645   
0.49225327372550964   0.49225327372550964   
0.49283188581466675   0.49283188581466675   
0.4933962821960449   0.4933962821960449   
0.49358028173446655   0.49358028173446655   
0.4924911558628082   0.4924911558628082   
0.49275147914886475   0.49275147914886475   

13:29:45: local_reinforcement_logger.timestep_report +41: INFO     
 Step 13   Fraction valid SMILES: 100.0   Score: 0.4926   Time elapsed: 12   Time left: 31.7
  Agent     Prior     Target     Score     SMILES
-27.02    -27.06     13.41      0.49      Fc1ccc(-c2c(C(=O)NC3CCCCC3)[n+]([O-])c3c(cc(OC)cc3)[n+]2[O-])cc1
-51.79    -51.75    -11.39      0.49      C12OC3(C)CCC4C5(C)C(CC(N=[N+]=[N-])CC5CCC4CCCC1C3)C2(O)CCl
-28.59    -28.56     11.95      0.49      C(CCCCCCCCOCC(C[N+](C)(COCOC)C)OC)C
-30.72    -30.76      9.72      0.49      c1(S(C2(c3ccc(C(F)(C(F)(F)F)C(F)(F)F)cc3)CN(C(=O)c3cc(F)c(C#N)cn3)CC2)(=O)=O)ccccc1
-39.27    -39.10      1.29      0.49      c1c(C2(C)NC(=N)C(C(F)(F)F)(C)OC2)nc(NC(=O)CCN2CCCCC2C)cc1
-27.35    -27.38     13.09      0.49      C(CCC=Cc1c(O)c(C)c2c(c1O)O2)=C(C)C
-26.71    -26.68     13.66      0.49      c12c(N)c3c(c4ccccc4[nH]3)c(O)c1nccc2
-24.12    -24.16     16.31      0.49      c1(N2CCN(C(C3C(C(=NO)O)CC(=C)CC3)=O)CC2)ccccc1
-26.76    -26.77     13.58      0.49      c1(C2=NOC3(CCN(c4ccc(C(NC5CC5)=O)cc4F)CC3)C2)cccnc1
-24.91    -25.05     15.37      0.49      FC(c1nc(C(O)c2c(Cl)cc(Cl)cc2)sc1N)(F)F
Human-Component   raw_Human-Component
0.4934745132923126   0.4934745132923126   
0.49215397238731384   0.49215397238731384   
0.49402758479118347   0.49402758479118347   
0.4936283230781555   0.4936283230781555   
0.49263936281204224   0.49263936281204224   
0.4935183525085449   0.4935183525085449   
0.492026686668396   0.492026686668396   
0.4935462474822998   0.4935462474822998   
0.49210068583488464   0.49210068583488464   
0.492950975894928   0.492950975894928   

13:29:46: local_reinforcement_logger.timestep_report +41: INFO     
 Step 14   Fraction valid SMILES: 100.0   Score: 0.4930   Time elapsed: 12   Time left: 28.8
  Agent     Prior     Target     Score     SMILES
-24.69    -24.84     15.62      0.49      SC(=S)N(C1CCCC1)Cc1occc1
-25.40    -25.36     15.14      0.49      O(CCOc1nc(C)ccc1)c1ccc(N2C(=O)OC(CNC(=O)C)C2)cc1F
-21.51    -21.39     19.07      0.49      c1c(Cl)cc(Cl)cc1CNCc1c(OC)cccc1
-32.13    -32.04      8.38      0.49      Cc1c(-c2cccc(NC(CCl)=O)c2)nn(CCC)c(=O)c1
-24.24    -24.35     16.28      0.50      c1(C=NN=c2[nH]c(=NC)[nH]c(=Nc3ccc([N+](=O)[O-])cc3)[nH]2)ccc(O)c(O)c1
-25.46    -25.52     14.87      0.49      C1Cc2c(c(C(Nc3cc(C(=O)C)ccc3)=O)c(NC(=O)Cc3ccccc3)s2)C1
-21.40    -21.40     18.92      0.49      n1c2c(ccc1)S(=O)(=O)N(C)c1c(cccc1)N2
-29.26    -29.36     11.08      0.49      c1cc(C=CC(CC(C=Cc2ccc(O)c(Br)c2)=O)=O)cc(Br)c1OCCCBr
-23.70    -23.72     16.81      0.49      n1c2c(cc(C(O)=O)cc2C)[nH]c1-c1ccc(-c2ccccc2)cc1
-34.70    -34.56      5.84      0.49      n1c(-c2ncccc2)n(Cc2ccccc2)c2c1[nH]c(=NCc1ccc(OC)cc1)cc2
Human-Component   raw_Human-Component
0.4934021234512329   0.4934021234512329   
0.4939139485359192   0.4939139485359192   
0.49333712458610535   0.49333712458610535   
0.4929299056529999   0.4929299056529999   
0.4955367147922516   0.4955367147922516   
0.4925420582294464   0.4925420582294464   
0.49175772070884705   0.49175772070884705   
0.4931306540966034   0.4931306540966034   
0.4942520558834076   0.4942520558834076   
0.4926312565803528   0.4926312565803528   

13:29:46: local_reinforcement_logger.timestep_report +41: INFO     
 Step 15   Fraction valid SMILES: 100.0   Score: 0.4928   Time elapsed: 13   Time left: 28.4
  Agent     Prior     Target     Score     SMILES
-29.74    -29.82     10.49      0.49      O(c1cccc2cccnc12)c1c([N+](=O)[O-])cc([N+](=O)[O-])c(NCC2OCCC2)c1
-35.16    -35.32      5.07      0.49      c1(-c2c3c(cc(-c4ccc(O)c(F)c4)c(=O)[nH]3)c(O)[nH]2)ccc(Cl)cc1
-32.30    -32.61      7.88      0.49      N(c1ccccc1C(=O)N(Cc1oc(C)cc1)C)C(=O)CCNC(c1ccc(Cl)cc1)=O
-21.20    -21.15     19.39      0.49      c1(=N)[nH]ccc(-c2nc(=Nc3ccc(N4CCOCC4)cc3)[nH]cc2)n1
-27.32    -27.28     13.15      0.49      O=c1n(C(C)C)c(N)c(N(CCC(C)C)C(CCSc2ccccc2)=O)c(=O)[nH]1
-39.32    -39.28      1.19      0.49      n1cn2c(c1C(O)C#Cc1c(CC)[nH]c(=N)cc1)nc(-c1ccccc1)cc2-c1ccccc1
-27.24    -27.32     13.06      0.49      Cn1c(=O)cc(-c2ccncc2)nc1N1CCN(C(Cn2nc(C)c(Cl)c2C)=O)CC1
-20.79    -20.63     19.78      0.49      c1(C)ccc(C2C(O)C(O)C(O)C(SC)O2)cc1
-24.72    -24.67     15.81      0.49      c1cc(OCCCCCCCc2n[nH]nn2)ccc1OCc1ccc(OC)cc1
-23.07    -23.08     17.42      0.49      O(c1c(-c2[nH]c(=O)c3c(c(CCC)nn3C)n2)cc(S(N2CCN(C)CC2)(=O)=O)cc1)C
Human-Component   raw_Human-Component
0.4915386140346527   0.4915386140346527   
0.4926203787326813   0.4926203787326813   
0.4938272535800934   0.4938272535800934   
0.4944061040878296   0.4944061040878296   
0.4930117130279541   0.4930117130279541   
0.4935092031955719   0.4935092031955719   
0.49251246452331543   0.49251246452331543   
0.49286583065986633   0.49286583065986633   
0.49356913566589355   0.49356913566589355   
0.4938183128833771   0.4938183128833771   

13:29:47: local_reinforcement_logger.timestep_report +41: INFO     
 Step 16   Fraction valid SMILES: 96.9   Score: 0.4774   Time elapsed: 14   Time left: 28.0
  Agent     Prior     Target     Score     SMILES
-33.45    -33.72      6.85      0.49      c1(F)c(F)c(S(=O)(=O)N)c(F)c(F)c1-n1c(C)nc2c(cc(F)c(Cl)c2)c1=O
-22.73    -22.79     17.53      0.49      c1cc(C)cc(C=CC(c2cc(Cl)c(Cl)cc2)=O)c1
-18.41    -18.30     22.23      0.49      c1(Nc2cccc(C(F)(F)F)c2)ccc(C(O)=O)cc1
-22.29    -22.30     18.03      0.49      c1cc(S(=O)(N2CCCC2)=O)ccc1C(=O)NCc1ccc(OC(C)C)cc1
-29.53    -29.52     10.78      0.49      CC(c1ccc(NC(C2C(c3ccc(C)cc3)N=C3SCCN23)=O)cc1)C
-27.02    -27.20     13.13      0.49      O1COc2cc3c(cc21)N(CCCN1CCN(C2c4c(cccc4)CCc4c2cccc4)CC1)CC3
-18.56    -18.65     21.76      0.49      c1(=S)[nH]nc(-c2ccc(Br)cc2)[nH]1
-38.13    -38.12      2.47      0.50      N1(c2c(=O)c(=O)c2NCc2cc(-c3ccc(NS(=O)(c4cc(Cl)ccc4)=O)cc3)c(OC)cc2)CCCCC1
-27.79    -27.77     12.79      0.49      C1C2(CC(C=Cc3cccc(C)c3)=O)CC3CC1CC(C3)C2
-19.05    -18.86     21.57      0.49      c1c(C)nc(=Nc2sccn2)[nH]c1C
Human-Component   raw_Human-Component
0.4947502315044403   0.4947502315044403   
0.49174395203590393   0.49174395203590393   
0.49430447816848755   0.49430447816848755   
0.4917503595352173   0.4917503595352173   
0.4914647936820984   0.4914647936820984   
0.49181365966796875   0.49181365966796875   
0.4928998351097107   0.4928998351097107   
0.49504590034484863   0.49504590034484863   
0.4946500062942505   0.4946500062942505   
0.4930211007595062   0.4930211007595062   

13:29:48: local_reinforcement_logger.timestep_report +41: INFO     
 Step 17   Fraction valid SMILES: 100.0   Score: 0.4928   Time elapsed: 15   Time left: 27.5
  Agent     Prior     Target     Score     SMILES
-23.95    -24.25     16.08      0.49      n1(Cc2ccccc2)c(=O)c(C=NC2CCCC2)c(O)c2cc(C)ccc12
-27.90    -27.99     12.39      0.49      n1(-c2ccc(C(C(F)(F)F)(O)C(F)(F)F)cc2)cc(C(=O)O)c(=O)c2ccc(N3CCOCC3)nc12
-22.74    -22.71     17.74      0.49      c1cccc(C(=O)N)c1Oc1cc(Br)ccc1
-25.70    -25.78     14.66      0.49      c1(C)c(Br)c(=O)c(-c2ccc(OCc3cc(C(=O)OC)ccc3)cc2)c(C)[nH]1
-23.34    -23.50     16.89      0.49      c1c(OCCC(OCC(NCCc2ccc(F)cc2)=O)=O)cc(C)cc1
-38.62    -38.68      1.71      0.49      c1cc(CCN2CCCC(N(C(=O)c3c(C)cc(=O)[nH]c3)c3cccc(OC)c3)C2)ccc1
-22.91    -23.05     17.39      0.49      c1(=NC(C=Cc2ccc(OC)c(OC)c2)=O)sc(COC)n[nH]1
-34.25    -34.36      6.00      0.49      C(n1cc(C)c(=O)[nH]c1=O)C(=O)N1CCC(C2CCC(O)CC2)CC1
-32.94    -32.59      7.93      0.49      c1ccccc1COC(=O)NC(C(=O)OC)CSSCC(NCC(=O)O)C(NCC(=O)OC(C)(C)C)=O
-45.22    -45.73     -5.37      0.49      N=c1ccc(-c2ccc(-c3cnc4c(c3)nc(-c3ccccc3)cc4)c(=NC(NCC)=O)[nH]2)c[nH]1
Human-Component   raw_Human-Component
0.4919070601463318   0.4919070601463318   
0.4924972355365753   0.4924972355365753   
0.4932902455329895   0.4932902455329895   
0.4931066334247589   0.4931066334247589   
0.4926096796989441   0.4926096796989441   
0.4925090968608856   0.4925090968608856   
0.4931667745113373   0.4931667745113373   
0.4921756386756897   0.4921756386756897   
0.494200736284256   0.494200736284256   
0.4922233521938324   0.4922233521938324   

13:29:49: local_reinforcement_logger.timestep_report +41: INFO     
 Step 18   Fraction valid SMILES: 100.0   Score: 0.4928   Time elapsed: 16   Time left: 26.9
  Agent     Prior     Target     Score     SMILES
-23.79    -23.82     16.66      0.49      c1(CCN2C(=O)CC(C)(C(C)C)C2=O)ccccc1
-30.43    -30.52     10.01      0.49      c1c(C(c2ccccc2)=O)c2oc(=O)cc(CCC=C(C)C)c2c(OC)c1
-32.61    -32.56      7.80      0.49      c12c(n(CCCC)c(=O)c(C(O)c3ccc(C(F)(F)F)cc3)c1O)cccc2
-24.36    -24.19     16.20      0.49      c12c(c(OC(C)=O)ncn1)ncn2C1OC(CO)C(O)C1O
-38.54    -38.16      2.36      0.49      C1(c2ccc(OC)cc2)=NOC2(C3(CN(S(=O)(=O)c4cc(F)cc(F)c4)CCC3)CN(C)CC2)C1
-25.33    -25.38     14.94      0.49      COc1c(NC(=O)c2c3n(nc2)ccc(N2CCCC2c2c(F)ccc(F)c2)n3)cccn1
-26.96    -26.55     14.04      0.50      c1cccc(Cc2nc(=O)o[nH]2)c1COc1ccc(CCCc2ccc(OC)cc2)cc1
-33.50    -33.76      6.77      0.49      C(=O)(C(F)(F)F)N=c1sc(-c2ccc3c(c(-c4nc(SC)[nH]c4)c[nH]3)c2)n[nH]1
-23.04    -23.02     17.29      0.49      c1(C=C(C#N)C(Nc2c(F)cc(F)cc2)=O)ccccc1
-33.59    -33.40      7.04      0.49      N1(C)C2Cc3c(cc4c(c3)OCO4)C(C)CC2CC1CO
Human-Component   raw_Human-Component
0.49370670318603516   0.49370670318603516   
0.49427568912506104   0.49427568912506104   
0.49212920665740967   0.49212920665740967   
0.49264389276504517   0.49264389276504517   
0.4942397177219391   0.4942397177219391   
0.4917263686656952   0.4917263686656952   
0.49506276845932007   0.49506276845932007   
0.4943062365055084   0.4943062365055084   
0.49158403277397156   0.49158403277397156   
0.4931686818599701   0.4931686818599701   

13:29:50: local_reinforcement_logger.timestep_report +41: INFO     
 Step 19   Fraction valid SMILES: 90.6   Score: 0.4469   Time elapsed: 17   Time left: 26.4
  Agent     Prior     Target     Score     SMILES
-51.53    -51.41    -10.91      0.49      c1cc(S(=O)(Oc2c(C(OCCCN3CCOCC3)=O)c(OCc3cc(NC(=O)CNC)ccc3)ccc2)=O)ccc1OC
-34.89    -34.84      5.71      0.49      CC(CC)C(n1c(=O)cc(C)o1)C(=O)NC1C2CC3CC1CC(C(N)=O)(C3)C2
-32.73    -32.83      7.68      0.49      c12c(=Nc3cc(NC(=O)c4cc(N5CCN(C)CC5)nc(Cc5ccccc5)c4)ccc3C)nc[nH]c1cc(OC)c(OC)c2
-37.88    -37.73      2.68      0.49      c1cc2c(=O)n(O)c(=O)n(C3CC3)c2c2cc(CS(NC(C)=O)(=O)=O)ccc12
-54.23    -54.70    -14.41      0.49      c1ccc(OC)c2c1c1c3c(c(-c4cccc(-c5cc6c(n5C)cc(F)cc6)c4)nc1)ccc(O)c3[nH]2
-31.53    -31.43      9.03      0.49      O(c1cc2c3c([nH]c2cc1)C1(C)Cc2c4c(cccc4)[nH]c2C(C)(C)C1O3)C
-22.01    -22.27     18.12      0.49      c1(Cl)cc(C=CC(=O)c2cc(O)c(O)cc2)ccc1O
-37.10    -36.96      3.35      0.49      n1cccc2c1n(CCCC(N1CCN(c3cc(C(F)(F)F)ccc3)CC1)=O)c(Cc1ccccc1F)n2
-36.77    -36.72    -36.72      0.00      OC(NN=c1cc[nH]nc1)=c1[nH]c2n(c1=O)-c1c(cccc1)OC2
-34.04    -34.33      6.07      0.49      c1cccc2c(=O)n(-c3cc(Cl)c(=O)n(CC(=O)N(C4CCCCC4)C)n3)nc(Cc3ccccc3)c12
Human-Component   raw_Human-Component
0.49387916922569275   0.49387916922569275   
0.49457481503486633   0.49457481503486633   
0.49406352639198303   0.49406352639198303   
0.49274250864982605   0.49274250864982605   
0.4914569556713104   0.4914569556713104   
0.49339795112609863   0.49339795112609863   
0.49266597628593445   0.49266597628593445   
0.4915965795516968   0.4915965795516968   
0.0   0.0   
0.4926397204399109   0.4926397204399109   

13:29:51: local_reinforcement_logger.timestep_report +41: INFO     
 Step 20   Fraction valid SMILES: 96.9   Score: 0.4776   Time elapsed: 18   Time left: 25.7
  Agent     Prior     Target     Score     SMILES
-39.87    -39.96      0.77      0.50      C(N1CCC(CCOC)C(C(N2CCN(c3ncccc3)CC2)=O)C1)(=O)CCCc1cc(F)ccc1
-28.12    -28.07     12.34      0.49      Cc1cc(N=c2[nH]n(C3C(C#N)CC(OC)CC3)cc2C(=O)N)ccc1C
-43.92    -44.60    -44.60      0.00      c1cc(N)ccc1CCN1CC2C(C1C(=O)NC(C1CCCCC1)C1CCCCC1)c1c(cccc1)N3CC2=O
-21.04    -20.97     19.42      0.49      c1(C(=O)Nc2ccccc2)c(=O)n(-c2ccccc2)c2ccccc2c1O
-26.50    -26.36     13.90      0.49      [nH]1c(=N)c(-c2cc(C(F)(F)F)ccc2)c(N2CCC(CN(C)C)CC2)nc1
-34.86    -35.25      5.03      0.49      c12c([nH]c(C(=O)CCCCCCCC)c1CCNC(=O)C)cc(N)cc2
-29.44    -29.42     10.85      0.49      C(=O)(N1CCNCC1)CNC(c1cccc2c(=N)[nH]ccc21)=O
-28.15    -28.43     12.06      0.49      c1(OC)c(C2=C(Br)C(=O)OC2=Cc2c(Br)c(OC)c(O)cc2)cccc1
-33.13    -33.25      7.09      0.49      O=C1CC2(C(=O)N(CCCOC(C)C)c3ccc(O)cc32)CC(=O)N1
-25.62    -25.46     14.85      0.49      Brc1ccc(O)cc1C=C(C#N)C(=O)NCCCC
Human-Component   raw_Human-Component
0.4966972768306732   0.4966972768306732   
0.49285006523132324   0.49285006523132324   
0.0   0.0   
0.4925868809223175   0.4925868809223175   
0.49091991782188416   0.49091991782188416   
0.49119922518730164   0.49119922518730164   
0.49116262793540955   0.49116262793540955   
0.4937596321105957   0.4937596321105957   
0.4919685423374176   0.4919685423374176   
0.49160027503967285   0.49160027503967285   

13:29:52: local_reinforcement_logger.timestep_report +41: INFO     
 Step 21   Fraction valid SMILES: 100.0   Score: 0.4930   Time elapsed: 19   Time left: 25.0
  Agent     Prior     Target     Score     SMILES
-50.96    -50.75    -10.34      0.49      c1ccccc1C(c1cc2n(Cc3ccccc3)cc(CCCc3cc4c(cc3)CCC4)c2c(OCC(=O)O)c1)(SCC(C(=O)O)(C)C)c1ccccc1
-30.84    -30.81      9.38      0.49      c1nc2[nH]c(=O)n(C)c2cc1C1C(C(=O)OCC)C(=N)Oc2cc(O)ccc21
-36.33    -36.60      3.82      0.49      c1(C(=O)OCCn2c3nc4c(ccc(C)c4)c(=O)n3nc2-c2ccc(Cl)cc2)ccc(C)cc1
-30.25    -30.03     10.38      0.49      c1ccc(-c2cc(C3CCCCC3)nc3cc(-c4ccccc4C)nn32)cc1
-33.30    -33.54      6.91      0.49      N(C(=O)C(NC(Cn1c(=O)c(N)cnc1-c1ccc(F)cc1)=O)Cc1ccccc1)C(=O)C(N)CS
-45.33    -45.82     -5.35      0.49      c1(CC(N(C(C(=O)NC(C2CCCCO2)C(=O)N)c2ccccc2)C)=O)c(C)[nH]c2c1cccc2
-37.82    -37.90      2.62      0.49      c12c(cc(F)cc1)c(N1CCC(C(=O)NCC3CCN(Cc4c(F)cc(Cl)cc4)CC3)CC1)cc(C(F)(F)F)n2
-33.17    -32.98      7.27      0.49      CC(CC(NC(O)c1cnccc1)C(NC(C(NC(CC1CCCCC1)C(O)C(CC(C)C)O)=O)Cc1c[nH]cn1)=O)C
-25.62    -25.69     14.87      0.49      C1(=O)NC2(CCCC2)C(=O)N1CC(=O)NC1C(C)CCC1
-31.14    -31.07      9.28      0.49      c1c(C2C(C(OCCOC(CCc3ccc(OC)cc3)=O)=O)C2)ccc(OC)c1
Human-Component   raw_Human-Component
0.4928756654262543   0.4928756654262543   
0.49010854959487915   0.49010854959487915   
0.4929425120353699   0.4929425120353699   
0.4928371012210846   0.4928371012210846   
0.4932054579257965   0.4932054579257965   
0.49358972907066345   0.49358972907066345   
0.49417588114738464   0.49417588114738464   
0.49090784788131714   0.49090784788131714   
0.49468865990638733   0.49468865990638733   
0.49212440848350525   0.49212440848350525   

13:29:53: local_reinforcement_logger.timestep_report +41: INFO     
 Step 22   Fraction valid SMILES: 96.9   Score: 0.4776   Time elapsed: 20   Time left: 24.3
  Agent     Prior     Target     Score     SMILES
-38.74    -38.59      1.72      0.49      c1ccc(OC)c(N(CCN2CCN(C(=O)c3ccc(Cl)cc3)CC2)C(=O)c2noc(-c3ccccc3)c2)c1
-23.47    -23.72     16.89      0.50      c1cc(CC(=O)C(=O)O)cc2ccc(O)cc12
-32.03    -32.06      8.46      0.49      C1=C(c2cnc(Cl)cc2)CCc2cc(Br)c3ccccc3c21
-26.55    -26.10     14.34      0.49      c1cc2ncc3ncn(CCSC)c3c2cc1
-30.82    -31.02      9.40      0.49      c1(CSc2nc[nH]c(=NC(c3ccc(OC)cc3)=O)c2)ccccn1
-25.13    -25.20     15.23      0.49      c1c(C)ccc(S(=O)(N2C(C(N3CCCC3C(=O)N)=O)CCC2)=O)c1
-19.26    -19.11     21.26      0.49      C(C(NC(=O)c1ccccc1)C(=O)O)Cc1ccccc1
-29.67    -29.77     10.65      0.49      c1(Cl)c(C(N2CCC(C)(N3CCC(C(=O)NC4CC4)CC3)CC2)=O)c(OC)cc(OC)c1
-23.84    -23.79     16.68      0.49      C12CC3CC(CCC(OCC)=O)(C1)CC(C3)C2
-33.77    -33.91      6.38      0.49      C1CCCN1c1c(NC(=O)N2CCCCC2)cc2c(c1)nc[nH]c2=Nc1cc(O)c(F)cc1
Human-Component   raw_Human-Component
0.4915568232536316   0.4915568232536316   
0.4951907694339752   0.4951907694339752   
0.49419277906417847   0.49419277906417847   
0.49306178092956543   0.49306178092956543   
0.49286743998527527   0.49286743998527527   
0.4929952621459961   0.4929952621459961   
0.49230536818504333   0.49230536818504333   
0.4928864538669586   0.4928864538669586   
0.4935392141342163   0.4935392141342163   
0.4913971424102783   0.4913971424102783   

13:29:54: local_reinforcement_logger.timestep_report +41: INFO     
 Step 23   Fraction valid SMILES: 100.0   Score: 0.4931   Time elapsed: 21   Time left: 23.6
  Agent     Prior     Target     Score     SMILES
-34.30    -33.98      6.48      0.49      c1cc(CNC(C(OC(C(NC(OCc2ccccc2)=O)Cc2ccccc2)CC(=O)O)O)=O)ccc1
-21.24    -21.38     18.96      0.49      c1(NC(Cc2sc(=NCC)n(CC)c2O)=O)cc(Cl)c(C)cc1
-22.57    -22.44     18.03      0.49      c1cc(OC)ccc1-c1c(C(=O)Nc2ccc(Cl)cc2)c(C)on1
-42.83    -42.44     -2.03      0.49      o1c2c(OC)c3c(cc(OC)c4c3CC3C(C)(O)C(O)CCC3(C)C=C4)cc2oc1=O
-21.73    -21.80     18.70      0.49      c1c(S(=O)(N=c2cc[nH]cn2)=O)cc2c(c1)N(c1c(F)cc(F)cc1)CCO2
-28.95    -29.12     11.39      0.49      Clc1c(-c2oc(CN(c3c(O)n(-c4ccc(OCC)cc4)c(O)c3)O)cn2)cccc1
-38.10    -37.79      2.59      0.49      c1cccc(CCCCCOc2ccc(CN(Cc3cccc(OCCc4c[nH]cn4)c3)CCO)cc2)c1
-23.22    -23.14     17.24      0.49      COc1ccc(CC(=O)Nc2c(C#N)c3c(s2)CCCCC3)cc1OC
-40.13    -39.95      0.42      0.49      Cn1c2c(O)c3cc(O)c(CC=C(C)C)c4c3c(c2c(O)cc4=O)cc1O
-19.62    -19.52     20.96      0.49      c1(F)ccc(-c2nnc3c([n+]2[O-])C(C)(C)OC3(C)C)cc1
Human-Component   raw_Human-Component
0.49352404475212097   0.49352404475212097   
0.49194806814193726   0.49194806814193726   
0.4935668706893921   0.4935668706893921   
0.492733359336853   0.492733359336853   
0.49392566084861755   0.49392566084861755   
0.49398916959762573   0.49398916959762573   
0.492409348487854   0.492409348487854   
0.49243566393852234   0.49243566393852234   
0.4923037588596344   0.4923037588596344   
0.49359431862831116   0.49359431862831116   

13:29:55: local_reinforcement_logger.timestep_report +41: INFO     
 Step 24   Fraction valid SMILES: 93.8   Score: 0.4623   Time elapsed: 22   Time left: 22.9
  Agent     Prior     Target     Score     SMILES
-23.85    -23.69     16.66      0.49      c1(NC(=O)CC(C)(C)C)c(C(F)(F)F)cc(Cl)cc1
-32.83    -33.14      7.35      0.49      C(NC(=O)c1oc2c(ccc(C(N)=N)c2)c1)CCC(N1CCC(CCO)CC1)=O
-29.08    -29.03     11.49      0.49      O=C1N(CC(N2CCN(CC(=O)c3cccs3)CC2)=O)C(=O)C2(CCCC2)N1
-27.92    -28.03     12.34      0.49      C(c1c(N)nc(-c2ccc(S(N)(=O)=O)cc2)s1)(=O)C
-32.36    -32.27      8.11      0.49      C1CCCC(NC(COc2c(C)cc(SC)cc2)=O)CN1Cc1ccc(Cl)cc1
-30.22    -30.57      9.89      0.49      c1cc(-c2c(C(=O)c3ccc(O)c(OC)c3)ccc(N)c2)ccc1N
-29.19    -29.24     11.19      0.49      C(C=CC(O)=O)(=O)Nc1cc(O)n(CCC2CCNCC2)c1O
-32.79    -32.85      7.45      0.49      c1c(S(N2C(C(Nc3c(Cl)ccc(C)c3)=O)CN(S(C)(=O)=O)CC2)(=O)=O)ccc(F)c1
-31.07    -30.84      9.55      0.49      C(CN(C)CCO)Nc1ccc(NC(N)=N)cc1
-39.43    -39.48      0.99      0.49      c1(-c2ncnc3[nH]cc(-c4ccc(N)cc4)c32)cccc(NCc2cc(F)c(C(N)=O)cc2)c1
Human-Component   raw_Human-Component
0.4921436905860901   0.4921436905860901   
0.4936792552471161   0.4936792552471161   
0.49409380555152893   0.49409380555152893   
0.4922640025615692   0.4922640025615692   
0.49243709444999695   0.49243709444999695   
0.4934268593788147   0.4934268593788147   
0.49302423000335693   0.49302423000335693   
0.49143460392951965   0.49143460392951965   
0.4925219416618347   0.4925219416618347   
0.493554025888443   0.493554025888443   

13:29:57: local_reinforcement_logger.timestep_report +41: INFO     
 Step 25   Fraction valid SMILES: 100.0   Score: 0.4778   Time elapsed: 24   Time left: 23.1
  Agent     Prior     Target     Score     SMILES
-25.46    -25.54     14.88      0.49      C(CCC=C(C)CCC=C(C)C)(=CCCC(C)=CCCC=C(C)CCC=C(CCCC(C)C)C)C
-21.41    -21.40     19.06      0.49      o1c(C(NCC(=O)NN=Cc2cc(Br)ccc2O)=O)ccc1
-37.47    -37.46      2.89      0.49      c1ccc(C(NC(=O)N2CCN(CCN=C3SC(=O)C(=Cc4ccc(Cl)cc4)S3)CC2)=O)cc1C
-27.44    -27.90     12.50      0.49      c1(S(=O)(N(C)C)=O)c(F)cc(NC(=O)c2ccc(=O)[nH]n2)cc1
-33.09    -33.01      7.45      0.49      C(NC(c1ccc2n(Cc3c(Cl)cccc3C(F)(F)F)c(C)c(C)c2c1)=O)C=C
-26.67    -26.12     14.39      0.49      C1CN(c2ncnc(N3C(c4ccccc4)CCCC3)c2)CCO1
-28.58    -28.60     11.86      0.49      c1cc2c(C=NNC(=O)c3ccc(C)nn3)ccc(OC)c2cc1
-28.80    -29.16     11.29      0.49      O=S(c1cc2c(cccc2)cc1)(NCCC(=O)OCc1cc(=O)n2c(n1)sc(C1CC1)n2)=O
-22.40    -22.28    -22.28      0.00      ON=C(O)CNS(=O)(c1ccc(C(F)(F)F)cc1)=O
-21.88    -21.76     18.86      0.50      c1c(=O)[nH]c2cc(Cl)cc(Cl)c2n1
Human-Component   raw_Human-Component
0.49297034740448   0.49297034740448   
0.4934113025665283   0.4934113025665283   
0.4920785129070282   0.4920785129070282   
0.49279025197029114   0.49279025197029114   
0.49352145195007324   0.49352145195007324   
0.4939771294593811   0.4939771294593811   
0.49336186051368713   0.49336186051368713   
0.49325671792030334   0.49325671792030334   
0.4934440553188324   0.4934440553188324   
0.4952996075153351   0.4952996075153351   

13:29:58: local_reinforcement_logger.timestep_report +41: INFO     
 Step 26   Fraction valid SMILES: 96.9   Score: 0.4618   Time elapsed: 25   Time left: 22.2
  Agent     Prior     Target     Score     SMILES
-28.84    -28.83     11.76      0.49      c1(C(C(NCc2ccccc2)=O)N(C(CCC(=O)N=c2cccc[nH]2)=O)CC2CCCO2)ccccc1
-30.86    -31.13      9.37      0.49      O(c1ccc(-c2[nH]c3c(c(N(C)C)nc(Oc4ccccc4)n3)n2)cc1)c1ccccc1
-37.02    -37.83      2.43      0.49      c1(=O)c2[nH]c(-c3ccc(N(C)C)cc3)nc2n(CCCN2CCN(c3c(OC)cccc3)CC2)c(=O)n1-c1cccc(OC)c1
-21.48    -21.65     18.74      0.49      c1(C(NCCN(CC)CC)=O)cc2c(cc1)Sc1ccc(C)cc1C(CC)=N2
-29.30    -29.23     11.16      0.49      N(Cc1nc(-c2ccc(CNCc3cc(OC)ccc3)cc2)oc1)C
-28.69    -28.73     11.64      0.49      c1c(SC)ccc(CC(=O)N=c2[nH]nc(CCSCCc3n[nH]c(=NC(Cc4cc5c(cc4)OCO5)=O)s3)s2)c1
-24.11    -24.12     16.31      0.49      n1nc(C(=O)Nc2c(C(=O)OC)c3c(s2)CCCC3)cs1
-33.04    -32.83      7.65      0.49      COC(c1c(C)[nH]c(C(OCC(F)(F)c2ncccc2)=O)c1C)=O
-34.46    -34.86      5.50      0.49      C(Cc1cc2c(cc1)OC(CO)(COCc1ccccc1)O2)(=O)N(C)CCO
-34.40    -34.63      5.71      0.49      c1cc2c(cc1)cc(C(=C)C(=O)CCl)o2
Human-Component   raw_Human-Component
0.49495065212249756   0.49495065212249756   
0.49382296204566956   0.49382296204566956   
0.49094635248184204   0.49094635248184204   
0.4925263226032257   0.4925263226032257   
0.49258869886398315   0.49258869886398315   
0.4922775328159332   0.4922775328159332   
0.49301308393478394   0.49301308393478394   
0.4936421513557434   0.4936421513557434   
0.4921816289424896   0.4921816289424896   
0.49202632904052734   0.49202632904052734   

13:29:59: local_reinforcement_logger.timestep_report +41: INFO     
 Step 27   Fraction valid SMILES: 96.9   Score: 0.4776   Time elapsed: 26   Time left: 21.4
  Agent     Prior     Target     Score     SMILES
-26.08    -26.06     14.37      0.49      C(C(=O)NC)Sc1ncnc2n(Cc3c(Cl)cccc3)nnc12
-36.62    -36.92      3.47      0.49      O=C(O)c1ccc2c(Cl)c(C(N=c3scc(C)[nH]3)=O)c(=O)n(-c3ccc(C)cc3)c2n1
-24.66    -24.87     15.79      0.50      c1(N2CCN(CC(Cn3nc(-c4ccc(C(F)(F)F)cc4)c4c3CCN(S(=O)(=O)C)C4)O)CC2)cccc(OC)c1
-27.40    -27.47     12.87      0.49      c1(N(Cc2cc3c(=O)nc(C)[nH]c3cc2)CCCOC)cc(C)ccc1
-25.84    -25.84     14.60      0.49      c1c(N(Cc2ccccc2)c2ccc(OCCCn3cncc3)cc2)cccc1
-27.08    -26.83     13.51      0.49      c1ccnc(CNCCCN(C)CCCNCC)c1
-26.20    -26.24     14.30      0.49      c1c(CC(N=c2scc(-c3ncccc3)[nH]2)=O)cc2c(c1)cc(OC)cc2
-22.71    -22.64     17.89      0.49      O=C(Nc1ccc(S(=O)(c2ccc(N)cc2)=O)cc1)C(O)=O
-33.10    -32.68      7.85      0.49      C(c1ccc(C)cc1)(C)OC(=O)Cc1cc(OC)c(OCC)cc1
-28.53    -28.16     12.44      0.50      C1N(C(=O)C2CCN(c3ncc(Cl)c(-c4c(C)cccn4)c3)CC2)CCN(Cc2ccsc2)C1
Human-Component   raw_Human-Component
0.4930203855037689   0.4930203855037689   
0.4925321042537689   0.4925321042537689   
0.49591368436813354   0.49591368436813354   
0.49195361137390137   0.49195361137390137   
0.4932421147823334   0.4932421147823334   
0.4918779134750366   0.4918779134750366   
0.4943183362483978   0.4943183362483978   
0.4943760335445404   0.4943760335445404   
0.49422764778137207   0.49422764778137207   
0.4950343072414398   0.4950343072414398   

13:30:00: local_reinforcement_logger.timestep_report +41: INFO     
 Step 28   Fraction valid SMILES: 93.8   Score: 0.4468   Time elapsed: 27   Time left: 20.5
  Agent     Prior     Target     Score     SMILES
-19.37    -19.32     21.10      0.49      c1cc(C2=Nc3ccccc3N=C(N3CCN(C)CC3)C2)ccc1Br
-30.64    -31.08      9.37      0.49      [nH]1c(-c2ccc(C)cc2)nc(=NC(c2c(F)cccc2)=O)n1-c1cc(C)ccc1
-34.48    -34.49      6.12      0.50      n1c(-c2csc(=NC(CCSc3ccccc3)=O)[nH]2)cc([N+]([O-])=O)cc1
-29.24    -29.38     10.97      0.49      O=C(C(=NC(=O)CCc1cccc(C)c1)Cc1ccccc1)NC(C)c1ccccc1
-43.59    -43.56     -3.05      0.49      c1c2c([nH]c1-c1ccc(OC)cc1)cnc1c2cc(OC(=O)NC(C)(C)C)cc1F
-22.95    -23.27     17.19      0.49      c12c(c(=O)n(Cc3cccc(OC)c3)cn1)c(=O)cc[nH]2
-22.57    -22.79     17.57      0.49      c1(NC(=O)C=Cc2occc2)cc(S(=O)(=O)N2CCCC2)ccc1
-46.53    -47.23     -6.82      0.49      CC(c1ccc(CN(Cn2c(-c3ccccc3)c(C3CCCCC3)c3cc(F)cc(F)c32)c2cc(Cl)cn(C)c2=O)cc1)(C)C
-27.79    -27.60     12.85      0.49      N(C(c1ccc(F)cc1Cl)=O)CC(c1ccc(OC)cc1)N1CCC(F)(F)CC1
-27.65    -27.86     12.51      0.49      N(c1nc(=NCc2ccccc2)c2ncn(C(C)C)c2[nH]1)(C)c1cc(CO)ccc1C
Human-Component   raw_Human-Component
0.49293407797813416   0.49293407797813416   
0.4932361841201782   0.4932361841201782   
0.4951325058937073   0.4951325058937073   
0.491974800825119   0.491974800825119   
0.4940226972103119   0.4940226972103119   
0.49346065521240234   0.49346065521240234   
0.4922385811805725   0.4922385811805725   
0.4927820861339569   0.4927820861339569   
0.49326565861701965   0.49326565861701965   
0.4922734797000885   0.4922734797000885   

13:30:01: local_reinforcement_logger.timestep_report +41: INFO     
 Step 29   Fraction valid SMILES: 100.0   Score: 0.4933   Time elapsed: 28   Time left: 19.6
  Agent     Prior     Target     Score     SMILES
-21.76    -21.57     18.86      0.49      N1(C(c2nc3c(cccc3)s2)=O)CCCC1
-21.02    -20.73     19.67      0.49      c1ccc2n(c1)cc(CSc1ccc(Br)cc1)n2
-26.27    -26.36     13.91      0.49      c1cccc(CC(C(=O)NC(Cc2ccccc2)C(=O)N)NC(C2CSCN2)=O)c1
-20.82    -20.59     19.86      0.49      n1n(-c2c(C)ccc(Cl)c2)cc(CO)n1
-45.86    -46.06     -5.41      0.50      c1cc(O)c(OS(c2cc(CNc3cc4ccccc4cc3)cc(CN)c2)(=O)=O)cc1
-33.06    -33.49      6.98      0.49      c1(C#N)nc(-c2c(NC(CCN)=O)cccc2)cc(=O)[nH]1
-22.31    -22.32     18.21      0.49      c1c2c(ccc1)cccc2C1CCCC=C1
-22.24    -22.35     18.12      0.49      n1oc(-c2c(O)cccc2)cc1-c1ccc(O)c(OC)c1
-38.32    -38.14      2.48      0.50      OC(C(Sc1nc2c(cc1CCC)cccc2OC)N(C1CCCCC1)C)=O
-30.52    -30.26     10.19      0.49      N(c1ccc(C(=O)O)cc1)C(=O)c1cc(N=C2NC(=O)C(=Cc3occc3)S2)ccc1
Human-Component   raw_Human-Component
0.49300140142440796   0.49300140142440796   
0.4927147626876831   0.4927147626876831   
0.4910738468170166   0.4910738468170166   
0.4932396709918976   0.4932396709918976   
0.4957897663116455   0.4957897663116455   
0.4934839904308319   0.4934839904308319   
0.4942695200443268   0.4942695200443268   
0.4935474097728729   0.4935474097728729   
0.4953944981098175   0.4953944981098175   
0.4933118522167206   0.4933118522167206   

13:30:02: local_reinforcement_logger.timestep_report +41: INFO     
 Step 30   Fraction valid SMILES: 96.9   Score: 0.4774   Time elapsed: 29   Time left: 18.7
  Agent     Prior     Target     Score     SMILES
-27.44    -27.64     12.74      0.49      c1coc(-c2cc3c(cc2)CC(=O)c2ccc(C)cc2-3)c1
-38.09    -37.88      2.47      0.49      C1N(CCNC(C(=O)NC(Cc2cc(F)c(F)cc2)C(=O)NCCCN2CCOCC2)Cc2ccccc2)CCCC1
-28.92    -29.32     11.14      0.49      C1CC(N(C)C(C(C(=NO)O)CC(C)C)=NO)CCC1
-26.14    -25.90     14.63      0.49      c1(Oc2ccc(-c3cnc4[nH]nc(C(C)C)c4c3)cc2)ccccc1
-45.33    -45.47     -5.05      0.49      c1([S+](N2C(C)CN(c3cc(=O)oc4c(Cl)c(OCCOC)ccc34)CC2)[O-])c(Cl)cc(Cl)cc1
-19.77    -19.98     20.52      0.49      c1(C(C)(C)C)ccc(-c2nc(CNC3(C#C)CCCCC3)co2)cc1
-45.20    -46.23     -5.94      0.49      c12c(ccc(=O)n1Cc1ccc(CCn3cncc3)cc1)cc(C(=O)N(CCCCCC)CCCCCC)nc2C
-23.23    -23.23     17.11      0.49      c1ccc(NC(=O)CCn2c(=O)oc3ccccc23)c([N+]([O-])=O)c1
-26.52    -26.91     13.44      0.49      c1ccc(-c2c3c(sc(C(=O)NN=Cc4ccc(C)cc4)c3N)nc(-c3ccccc3)c2)cc1
-33.82    -34.17      6.25      0.49      C(N=c1sc(C(C)C)cs1)c1nc(-c2ccc(OCC)c(OC)c2)oc1
Human-Component   raw_Human-Component
0.4924526512622833   0.4924526512622833   
0.4920099377632141   0.4920099377632141   
0.4934062063694   0.4934062063694   
0.49428024888038635   0.49428024888038635   
0.49292898178100586   0.49292898178100586   
0.49385586380958557   0.49385586380958557   
0.4913686215877533   0.4913686215877533   
0.49198678135871887   0.49198678135871887   
0.49202239513397217   0.49202239513397217   
0.4928571581840515   0.4928571581840515   

13:30:03: local_reinforcement_logger.timestep_report +41: INFO     
 Step 31   Fraction valid SMILES: 100.0   Score: 0.4930   Time elapsed: 30   Time left: 17.8
  Agent     Prior     Target     Score     SMILES
-31.28    -32.51      7.94      0.49      c1(-n2c(=O)ccc(C(c3c(N)ccc([N+]([O-])=O)c3)=O)c2)cc(OC)c(OC)c(OC)c1
-23.10    -23.78     16.78      0.49      c1c(C2C(C(=O)OCC)=C(C)N=C3C2C(=O)CC(c2ccc(OC)cc2)C3)c(Br)ccc1
-23.99    -23.92     16.55      0.49      [N+]([O-])(c1ccc(Oc2nc(SC)nc(C(F)(F)F)c2)cc1)=O
-26.38    -25.82     14.57      0.49      C1CN(c2nnc(-n3c(C(=O)NCc4ccccc4)cc(C(F)(F)F)n3)s2)CCO1
-18.95    -19.04     21.36      0.49      C1CCCCN1CCCOc1cc2c(cc1)CCNC2
-34.40    -34.77      5.73      0.49      C(=C(CC=C(C)C)Br)CC(c1c(=O)c(-c2ccc(O)cc2)c[nH]c1O)=O
-32.97    -33.12      7.28      0.49      c1c(C)ccc(Oc2cc(C)nc(C(NC(C(O)N)CCC(=O)N)=O)n2)c1
-36.54    -36.15      4.12      0.49      C1C(CCN2CCN(c3nc(C)ccn3)CC2)CCC(NC(=O)C=Cc2cccc(F)c2Cl)C1
-26.82    -26.67     13.81      0.49      O=C(CNC(C(NC(=O)OCc1ccccc1)Cc1ccccc1)C=O)N
-21.06    -21.16     19.35      0.49      O(C)c1c(O)c(C=Nc2cc3c(cc2)OCCO3)ccc1
Human-Component   raw_Human-Component
0.4932725131511688   0.4932725131511688   
0.4947071671485901   0.4947071671485901   
0.49348026514053345   0.49348026514053345   
0.4924609959125519   0.4924609959125519   
0.4926638901233673   0.4926638901233673   
0.4939297139644623   0.4939297139644623   
0.4927009344100952   0.4927009344100952   
0.49110621213912964   0.49110621213912964   
0.4936332404613495   0.4936332404613495   
0.49400943517684937   0.49400943517684937   

13:30:05: local_reinforcement_logger.timestep_report +41: INFO     
 Step 32   Fraction valid SMILES: 100.0   Score: 0.4929   Time elapsed: 31   Time left: 16.9
  Agent     Prior     Target     Score     SMILES
-34.06    -35.13      5.17      0.49      c1cc(Nc2c(NC(c3nc(C4CC4)ccc3)=O)c(O)ccc2)cc2c1OCO2
-66.12    -66.48    -26.12      0.49      OC1(C)C(O)CC(=NO)C(C)(C)C1(C1=C2CC(O)(CO)CC3CC4C(C)(C=C1C(=O)OC4)C23)C
-33.16    -33.23      7.32      0.49      N1(Cc2ccc(C#Cc3ccc(C#Cc4cc(F)c(CCC(O)=O)c(OC)c4)cc3)cc2)CCCCC1
-21.78    -21.81     18.62      0.49      c12ccc(-c3cc(C#N)cc(OC)c3)cc1CCn1c(=O)nc(OCC3COCCO3)cc1-2
-34.06    -33.97      6.29      0.49      O=C(c1c(C)[nH]c(-c2cccc(-c3cc(F)ccc3F)c2)n1)OCC
-51.55    -51.59    -11.23      0.49      C(CC)C(C(=O)CC(=O)C1=CN(Cc2c3c(cccn3)ccc2)C=C1C(=O)OC)CC=O
-24.90    -25.18     15.07      0.49      c1(C(OCC)=O)c(=O)c2c([nH]c1C)ccc(-c1ccc(Cl)cc1)c2
-20.95    -20.92     19.41      0.49      Clc1ccc(SC(C(=O)N=c2ccc(Cl)c[nH]2)C)cc1
-25.42    -25.21     15.28      0.49      C1C(CN2CCN(C3=Nc4cc(C)ccc4Nc4cscc43)CC2)C1
-28.02    -27.99     12.51      0.49      Brc1ccccc1C=CC(=O)c1ccc(OC)c(CN2CCN(C)CC2)c1
Human-Component   raw_Human-Component
0.49137693643569946   0.49137693643569946   
0.49220114946365356   0.49220114946365356   
0.49455538392066956   0.49455538392066956   
0.49302342534065247   0.49302342534065247   
0.4909324645996094   0.4909324645996094   
0.49216005206108093   0.49216005206108093   
0.4909171760082245   0.4909171760082245   
0.4917733073234558   0.4917733073234558   
0.493714839220047   0.493714839220047   
0.49379807710647583   0.49379807710647583   

13:30:06: local_reinforcement_logger.timestep_report +41: INFO     
 Step 33   Fraction valid SMILES: 100.0   Score: 0.4620   Time elapsed: 33   Time left: 16.5
  Agent     Prior     Target     Score     SMILES
-27.11    -27.00    -27.00      0.00      C(C)(=CCc1cccc(C(C)C)c1O)CCC=C(C)CCC=C(C)CCC=C(C)C
-28.23    -28.14     12.25      0.49      c1ccc2c(c(=O)c(C=CC(OCC(=O)NCc3c(Cl)cccc3)=O)co2)c1
-39.39    -39.80      0.69      0.49      C(Oc1c(C(C)(C)C)cc(C(C)(C)C)cc1)(NC1(C)C(C=C)(C)CCCC1(C)C)=O
-35.03    -35.09      5.34      0.49      c1(O)c(C(NCc2ccoc2)=O)cn(-c2ccc(C(=O)N)cc2)n1
-23.06    -23.08     17.38      0.49      COc1c(-c2cc(F)c(NC(=O)C3=CCCC3C(O)=O)cc2)cccc1
-21.85    -21.11     19.24      0.49      c1cnc2cc(Cl)ccc2c1-c1cccnc1
-28.37    -28.95     11.49      0.49      c1c(O)c(-c2n[nH]c(=NCC)o2)c(OC)c2ccoc12
-47.72    -47.54     -7.28      0.49      C(CNCCCNC(C(C1C2(C)CC(O)C3(F)C4(C)C=CC(=O)C=C4C(Cl)CC3C2(F)C(O)C1)=O)C(=O)OC)O
-25.18    -25.44     14.82      0.49      C1S(=O)(=O)CC(N(CC)C(=O)CSc2c(C)cc3c(cc(C)cc3)n2)C1
-23.40    -23.71     16.63      0.49      C(C(=O)NC)c1n2c(nc1C)cc(C)cc2
Human-Component   raw_Human-Component
0.4926202893257141   0.4926202893257141   
0.4926229417324066   0.4926229417324066   
0.49374639987945557   0.49374639987945557   
0.4930512309074402   0.4930512309074402   
0.49336081743240356   0.49336081743240356   
0.4920841157436371   0.4920841157436371   
0.49316832423210144   0.49316832423210144   
0.49101895093917847   0.49101895093917847   
0.49100297689437866   0.49100297689437866   
0.4918951094150543   0.4918951094150543   

13:30:07: local_reinforcement_logger.timestep_report +41: INFO     
 Step 34   Fraction valid SMILES: 96.9   Score: 0.4778   Time elapsed: 34   Time left: 15.5
  Agent     Prior     Target     Score     SMILES
-26.59    -26.46     13.94      0.49      CC1N(c2ncc(F)c(N3CC(Oc4ccc(C(NC(=O)C)C)cc4)CC3)n2)CCCO1
-29.85    -30.20     10.27      0.49      [O-][N+](c1c(C)c2c(c(C(=O)c3ccc(OC)cc3)c1)OC(C)(C)C2)=O
-43.69    -44.56     -4.09      0.49      C1CCC(CC(NC(=O)c2nn(-c3ccc(F)cc3)c(OCC(O)(C)C(=O)NC)c2)C(CNC2CC2)O)CC1
-35.92    -37.14      3.34      0.49      c12nc(C)c(CCC(=O)Nc3c(C)ccc(C)c3)c(-c3ccccc3)n1c(CCNC(=O)OC(C)(C)C)nn2
-22.03    -21.41     18.99      0.49      c1cc(Cn2c(Br)nc3c(Cl)ncnc23)ccc1
-39.16    -39.50      0.96      0.49      N(c1c(N2CCOCC2)ccc(C(F)(F)F)c1)C(=O)CN(CCC)C(=O)CCC1CCN(C(C)C)CC1
-28.89    -29.24     11.11      0.49      Clc1c(C(COC)N=c2n(-c3ccccc3)[nH]c(C)c2)c(Cl)ccc1
-29.13    -28.69     11.83      0.49      c1(C(Nc2ccccc2C(Nc2cc(-c3cccs3)ccc2N)=O)=O)ccccc1N
-33.55    -34.12      6.45      0.49      c1(OC)cc2c(cc1Br)n(-c1cc3c(cc1)N(C)C(=O)C3(C)C)c(=O)[nH]2
-30.28    -30.68      9.74      0.49      C(c1cccc2c1cccc2)(=O)c1c2cc(OC)c(OC)c(OC)c2oc1-c1cccc(OC)c1
Human-Component   raw_Human-Component
0.4927009344100952   0.4927009344100952   
0.49348944425582886   0.49348944425582886   
0.4935775399208069   0.4935775399208069   
0.4935806691646576   0.4935806691646576   
0.4926120638847351   0.4926120638847351   
0.49346616864204407   0.49346616864204407   
0.4921078383922577   0.4921078383922577   
0.4942072033882141   0.4942072033882141   
0.4947034418582916   0.4947034418582916   
0.49303802847862244   0.49303802847862244   

13:30:08: local_reinforcement_logger.timestep_report +41: INFO     
 Step 35   Fraction valid SMILES: 100.0   Score: 0.4467   Time elapsed: 35   Time left: 14.6
  Agent     Prior     Target     Score     SMILES
-22.12    -22.56     17.98      0.49      C(NC(=O)C1CCC(CNS(=O)(=O)c2ccc(C)cc2)CC1)c1cccc(OC)c1
-29.68    -29.81     10.48      0.49      c1c(C(c2ccc(F)cc2)CCCN2CCN(c3ncc(F)c(Cl)n3)CC2)ccc(C)c1
-24.63    -25.04     15.45      0.49      C(O)C1(C)C(O)CCC2(C)C3CC=C4C5C(C(=O)O)(CCC4(C)C3(C)CCC12)CCC(C)(C)C5O
-25.51    -25.75     14.74      0.49      c1ccc(C(NC(C(=O)O)Cc2ccc(O)cc2)=O)n1Cc1ccc(OC)cc1
-20.84    -21.21     19.20      0.49      c1(C)c(C2CC(c3ccc(OC)cc3)=NN2C(=S)N)cccc1
-27.73    -27.81     12.50      0.49      c1c(C(N=c2[nH]nc(SCC(=O)Nc3ccc(C)cc3)cc2)=O)scc1
-26.64    -26.94     13.48      0.49      C1(=O)N(CC(NCc2c(C)[nH]c(=N)cc2)=O)c2n(nc(-c3n(C)ccc3)c2)CC1
-52.93    -53.55    -12.99      0.49      ClC(C(Nc1ccc(S(C(F)(F)C(Cl)Cl)(=O)=O)cc1)=CSC1(C(=O)OCC)C(=O)NC(=O)S1)(C)C
-21.20    -21.06     19.40      0.49      c1c(=NCCO)[nH]c(=Nc2cccc(C)c2)[nH]c1
-26.19    -26.77     13.49      0.49      c1(N)c(Cl)ccc(COc2c3nc(C)c(C)n3ccc2)c1
Human-Component   raw_Human-Component
0.49435317516326904   0.49435317516326904   
0.49137547612190247   0.49137547612190247   
0.49372947216033936   0.49372947216033936   
0.4937587082386017   0.4937587082386017   
0.4928159713745117   0.4928159713745117   
0.49163293838500977   0.49163293838500977   
0.4929545223712921   0.4929545223712921   
0.4946155250072479   0.4946155250072479   
0.4933132231235504   0.4933132231235504   
0.4909573495388031   0.4909573495388031   

13:30:10: local_reinforcement_logger.timestep_report +41: INFO     
 Step 36   Fraction valid SMILES: 100.0   Score: 0.4622   Time elapsed: 37   Time left: 14.0
  Agent     Prior     Target     Score     SMILES
-25.88    -25.77     14.50      0.49      C1CN(C(c2cc([N+](=O)[O-])c(C)cc2)=O)CCC12Oc1c(cccc1)C(=O)C2
-30.96    -30.74      9.67      0.49      c1cc(OC(F)(F)F)ccc1OC1CCN(C(CCC(NS(=O)(=O)c2ccc(OC)cc2)C(O)=NO)=O)CC1
-25.55    -24.93     15.49      0.49      Cc1nc(C)ccc1N=c1nc(-c2cc(C#N)c(N3CCC(F)C3)nc2)cc[nH]1
-21.89    -21.88     18.51      0.49      c1c(C(F)(F)F)cc(Cl)c(=O)n1CC(NCCc1ccc(Cl)cc1)=O
-26.22    -26.22     14.05      0.49      C1NCC(CN=c2c(C=NO)c(Cl)[nH]c(=N)[nH]2)CC1
-34.74    -34.81      5.70      0.49      C(c1ccc2c(c1)cccc2)(=O)CSc1nnc(C2CC(=O)N(c3cccc(Cl)c3)C2)[nH]1
-25.02    -25.24     15.19      0.49      C(O)c1[n+]([O-])c2c([n+]([O-])c1C)cc(C(F)(F)F)cc2
-38.35    -38.70      1.81      0.49      C(c1[nH]c2c(c(=N)[nH]cn2)c1-c1ccc(OC(F)(F)F)cc1)(NCCCCCCCC)=O
-27.07    -27.39     13.07      0.49      c1c(C)ccc(-c2n(C(=O)OC(C)(C)C)c3c(ccc(C)c3)c2)c1
-25.65    -25.79     14.81      0.50      c1(=Nc2ccc(Br)cc2)nc[nH]c2c1cc(NC(=O)C=CCN1CCCCC1)c(OC)c2
Human-Component   raw_Human-Component
0.4910659193992615   0.4910659193992615   
0.4927941858768463   0.4927941858768463   
0.4929378926753998   0.4929378926753998   
0.4925394058227539   0.4925394058227539   
0.491168737411499   0.491168737411499   
0.49399441480636597   0.49399441480636597   
0.4930019676685333   0.4930019676685333   
0.49405747652053833   0.49405747652053833   
0.49347737431526184   0.49347737431526184   
0.495112806558609   0.495112806558609   

13:30:12: local_reinforcement_logger.timestep_report +41: INFO     
 Step 37   Fraction valid SMILES: 100.0   Score: 0.4933   Time elapsed: 39   Time left: 13.3
  Agent     Prior     Target     Score     SMILES
-22.47    -22.15     18.33      0.49      O(C)c1c2oc3ccc(O)cc3c(=O)c2ccc1O
-35.48    -35.65      4.84      0.49      c1cc(Sc2c(C)c3cc4c(C)c(CC(=O)O)c(=O)oc4cc3o2)cc2ccccc12
-36.30    -36.70      3.84      0.49      CC(C(COc1cc(CC(OCC)C(O)=O)cc(-c2nc(-c3ccc(Oc4ccccc4)cc3)c[nH]2)c1)O)C
-21.55    -21.77     18.74      0.49      c1c(-c2cc(NC(c3ccc(F)cc3)=O)c(N)cc2)scc1
-40.98    -41.14     -0.68      0.49      c1(COC(NC(CNC(c2sc(N3CCCCC3)nc2)=O)COC(=O)OC(C)(C)C)=O)ccccc1
-34.76    -34.48      6.03      0.49      n1n(-c2nc(C(Nc3c(Cl)cc(Cl)cc3C(Nc3ccc(Cl)cc3)=O)=O)cs2)ncc1
-24.35    -24.62     15.89      0.49      C1N(C(c2c(N3CCCC3)ccc(S(N3CCCCC3)(=O)=O)c2)=O)CCN(c2c(F)cccc2)C1
-26.60    -26.86     13.52      0.49      c1(-c2c(C#N)c(N)n(C3C(O)C(O)CO3)c(=S)c2C#N)ccc(F)cc1
-28.17    -28.35     12.14      0.49      OC(CNC(CO)(CO)CO)COc1ccc(Cc2c(O)[nH]c(=S)[nH]c2=O)cc1
-25.85    -25.88     14.60      0.49      c1ccc2c(nc(CN3CCN(C(c4ccc(F)cc4)c4ccc(F)cc4)CC3)[nH]c2=O)c1
Human-Component   raw_Human-Component
0.49364569783210754   0.49364569783210754   
0.49388760328292847   0.49388760328292847   
0.4945027530193329   0.4945027530193329   
0.4940643012523651   0.4940643012523651   
0.4935120940208435   0.4935120940208435   
0.493944376707077   0.493944376707077   
0.4940018057823181   0.4940018057823181   
0.49252402782440186   0.49252402782440186   
0.4938793480396271   0.4938793480396271   
0.49358609318733215   0.49358609318733215   

13:30:13: local_reinforcement_logger.timestep_report +41: INFO     
 Step 38   Fraction valid SMILES: 100.0   Score: 0.4775   Time elapsed: 40   Time left: 12.3
  Agent     Prior     Target     Score     SMILES
-37.85    -38.83      1.71      0.49      c12c(nc(CN3CCn4c(cc(OC)n4)C3)nc1C)ccc(F)c2
-27.96    -27.78     12.75      0.49      N1(CC2CC2)CC2C(C1c1ccc(-c3ccc(C(=O)O)cc3)cc1)C2
-31.67    -32.57      7.86      0.49      c1(-c2c[nH]nc2)ccc(OC)c(CNC(C=Cc2cc(O)c(O)cc2)=O)c1
-42.72    -42.88     -2.56      0.49      C1(=CC=C2CC(O)C3=CCCC32C)C2CC(C(=O)CCC(C)C)CC2CCC1=O
-26.02    -25.58     14.86      0.49      N#Cc1cccnc1Oc1ccc(C#N)c(OC)c1
-24.31    -24.84     15.48      0.49      c1(OCC)c(N2CCN(Cc3oc(C(=O)O)cc3)CC2)cccc1
-26.38    -27.00     13.27      0.49      c1(CNC(NC2(C(=O)N3CCN(C)CC3)CCCCC2)=O)cc(F)c(F)cc1
-21.70    -21.47     18.94      0.49      O=C(OC)c1c(Nc2ccc(OC(F)(F)F)cc2)cccc1
-23.88    -23.85     16.61      0.49      C1N(C(c2ccc[nH]2)=O)CC(C(N2CCCCC2)=O)CC1
-26.31    -26.28     14.14      0.49      O1CCN(C(C(=O)N2c3ccccc3CC2)CCS(=O)(C)=O)CC1
Human-Component   raw_Human-Component
0.49437427520751953   0.49437427520751953   
0.4942496120929718   0.4942496120929718   
0.4930185377597809   0.4930185377597809   
0.49165675044059753   0.49165675044059753   
0.4932733178138733   0.4932733178138733   
0.4916500449180603   0.4916500449180603   
0.4911499321460724   0.4911499321460724   
0.4928789734840393   0.4928789734840393   
0.4934627413749695   0.4934627413749695   
0.4929550886154175   0.4929550886154175   

13:30:16: local_reinforcement_logger.timestep_report +41: INFO     
 Step 39   Fraction valid SMILES: 100.0   Score: 0.4930   Time elapsed: 43   Time left: 11.8
  Agent     Prior     Target     Score     SMILES
-36.60    -36.48      3.74      0.49      c1c(C=CC(NCCn2c3c(cc2C(=O)OCC)cc(C(F)(F)F)cc3)=O)ccc(O)c1O
-27.80    -28.29     12.26      0.49      c1(C2C(C(=O)OC(C)C)C(C)=Nc3c(C(=O)OCC)nn(-c4ccc(C)cc4)c32)cc(OC)c(OC)c(OC)c1
-35.90    -35.62      4.84      0.49      O(c1c(OC)cc(C=C2C(=O)c3cccc(-c4ncccc4)c3C2)cc1)CCCCCC
-30.90    -31.11      9.28      0.49      c12c(n3c(nc(-c4cccc(C)c4)n3)s1)ccc(C(=O)c1cc(F)ccc1O)c2
-38.30    -38.58      1.97      0.49      N(CCNC)(C(=O)CCOc1c(Cl)cc(Cl)cc1)CCCN=c1c2c([nH]cc1)cc(Cl)cc2
-34.44    -34.16      6.28      0.49      C1(NC(c2ncoc2)=O)C(NC(c2[nH]c3c(c2C)cccc3)=O)CCCC1
-22.37    -21.94     18.47      0.49      C12CCC3(C)C(C1CC=C1C2(C)CCC(O)C1)CCC3C(N(CC)CC)C
-22.90    -22.85     17.65      0.49      C(CNC(=O)CN1C(=O)COc2ccc(S(=O)(N(CC)CC)=O)cc21)c1ccccc1
-21.45    -20.96     19.45      0.49      O=C(NCCc1ccccc1)c1c(C)oc2ncn(CC(C)C)c(=O)c12
-35.76    -36.03      4.29      0.49      c1c2c(C3CC(CO)N(C)C3=O)ncc(F)c2ncc1-c1cn(C)nc1
Human-Component   raw_Human-Component
0.49049344658851624   0.49049344658851624   
0.49440982937812805   0.49440982937812805   
0.4933789074420929   0.4933789074420929   
0.4925927221775055   0.4925927221775055   
0.494500994682312   0.494500994682312   
0.4931747019290924   0.4931747019290924   
0.49287086725234985   0.49287086725234985   
0.49393466114997864   0.49393466114997864   
0.4927445948123932   0.4927445948123932   
0.49164095520973206   0.49164095520973206   

13:30:20: local_reinforcement_logger.timestep_report +41: INFO     
 Step 40   Fraction valid SMILES: 96.9   Score: 0.4777   Time elapsed: 46   Time left: 11.2
  Agent     Prior     Target     Score     SMILES
-18.88    -18.60     21.72      0.49      C1(c2cc(O)ccc2)CNCCC1
-27.12    -27.54     12.78      0.49      c1c(Cl)c(C(Cn2cncn2)(CSC(N2CCN(c3cc(C(F)(F)F)ccc3)CC2)=S)O)ccc1Cl
-25.56    -25.70     14.69      0.49      c1ccc(-c2[nH][nH]c(=O)c2C=c2c(=C)n(C)c(C)c2)cc1Cl
-26.50    -27.14     13.34      0.49      c1(CSc2[nH][nH]c(=NC(c3cc(C)ccc3)=O)n2)c(Cl)cc(Cl)cc1
-23.14    -23.50     17.03      0.49      c1(S(=O)(NN=c2sc(C(OC)=O)cc(=O)[nH]2)=O)ccc(C)cc1
-24.37    -24.34     16.07      0.49      C(NCCc1ccncc1)(=O)c1c(C)n(Cc2ccc(C)cc2)c(=O)s1
-34.00    -33.87      6.58      0.49      N1C(=O)NC2(C)C1=CCC1C3C(C)(CCC12)C(C(=O)OC)CC3
-30.40    -31.17      9.32      0.49      c1c2c(c(OCC(=O)Nc3ccc(F)cc3)cc(=O)n2CC(=O)OCC)cc([N+]([O-])=O)c1
-23.57    -23.83     16.57      0.49      c1(OCC)cc2c([nH]c(=NC(Cc3ccc(C(F)(F)F)cc3)=O)s2)cc1
-25.93    -25.38     14.94      0.49      CNc1cnn(-c2c(F)cccc2F)c1
Human-Component   raw_Human-Component
0.491690069437027   0.491690069437027   
0.49173834919929504   0.49173834919929504   
0.4926215410232544   0.4926215410232544   
0.49372541904449463   0.49372541904449463   
0.4941861927509308   0.4941861927509308   
0.49285563826560974   0.49285563826560974   
0.493318110704422   0.493318110704422   
0.4938684105873108   0.4938684105873108   
0.4926255941390991   0.4926255941390991   
0.4917422831058502   0.4917422831058502   

13:30:21: local_reinforcement_logger.timestep_report +41: INFO     
 Step 41   Fraction valid SMILES: 100.0   Score: 0.4935   Time elapsed: 48   Time left: 10.3
  Agent     Prior     Target     Score     SMILES
-32.39    -32.56      7.89      0.49      C(OC1CNC(C(=O)Nc2ccc3c(C)cc(=O)oc3c2)C1)(c1ccc(C)cc1)=O
-40.22    -40.06      0.35      0.49      Fc1ccc(C(O)(c2ccc3c(c2)sc(=O)[nH]3)C2CCN(C(c3ccc(O)cc3)=O)CC2)cc1
-52.23    -51.78    -11.38      0.49      c1cc(S(=O)(N(C(O)C)C(=O)CCCCCC)C(C(c2ccccc2[N+](=O)[O-])C)=O)ccc1
-27.77    -27.84     12.80      0.50      c1(CC2C(O)C(CCc3ccc(F)cc3)NC(=O)N2)cccc2ccccc12
-27.12    -26.93     13.52      0.49      c1cc(-n2c(=O)n(-c3ccncc3)c3sc4c(c3c2=O)CCN(CC)C4)ccc1
-31.69    -32.44      8.02      0.49      CN1CCN(c2ncc(NC(=O)Nc3cc(-c4cc(C)ccn4)c(C)cc3)cc2)CC1
-26.85    -27.53     12.88      0.49      c12c(c(C(=O)C(=Cc3c(OC)cc(OC)cc3OC)C(C)=O)c[nH]1)cccc2
-22.65    -22.44     18.10      0.49      O=c1n(-n2c(O)c3c(c2O)CC=CC3)c(C)n[nH]1
-31.86    -31.64      8.92      0.49      c12c(C(C)C)nc(C(C)(C)C)nc1[nH]oc2=O
-21.93    -21.85     18.73      0.49      c1(OC)ccc(N=c2[nH]c(=O)c3c(nccn3)[nH]2)cc1
Human-Component   raw_Human-Component
0.49329623579978943   0.49329623579978943   
0.4927554726600647   0.4927554726600647   
0.49267640709877014   0.49267640709877014   
0.49557289481163025   0.49557289481163025   
0.4932904839515686   0.4932904839515686   
0.4933287799358368   0.4933287799358368   
0.4927576780319214   0.4927576780319214   
0.49437403678894043   0.49437403678894043   
0.494733601808548   0.494733601808548   
0.4948655366897583   0.4948655366897583   

13:30:24: local_reinforcement_logger.timestep_report +41: INFO     
 Step 42   Fraction valid SMILES: 96.9   Score: 0.4621   Time elapsed: 51   Time left: 9.5
  Agent     Prior     Target     Score     SMILES
-37.89    -37.77      2.67      0.49      C(CCCC)(c1ccc(O)c(-n2c3nc(C(F)(F)F)ccc3c(C(O)=O)c2)c1)=O
-43.10    -42.40     -2.11      0.49      FC(C(C1C(C)(C)C=CCC=C1C)O)=CC(=O)O
-37.00    -37.80      2.73      0.49      c1(C)c(N2C(c3ccc(OC)c(OC)c3)N3C(C2)C(c2ccccc2)C(c2ccccc2)=N3)c(C)ccc1
-31.41    -31.42      9.20      0.50      C(NCc1nnn(-c2ccc(S(=O)(N)=O)cc2)c1)(=O)CSCc1ccc([N+](=O)[O-])cc1
-25.99    -26.29     14.09      0.49      c1c(Oc2cc(OC)ccc2-c2ccn(C3OC(CO)C(O)C3O)c(=O)n2)cccc1
-21.80    -22.01     18.48      0.49      C1N(c2c(F)cc(N3C(=O)OC(Cn4nncc4)C3)cc2)CCN(C(CC(F)(F)F)=O)C1
-32.26    -33.00      7.52      0.49      n1(CCC(=S)N)nc(OCc2ccc(OC)cc2)cc1-c1ccc(F)cc1
-23.14    -23.86     16.67      0.49      COC(=O)c1c(O)c(=Cc2cc(OCC)c(O)c(Br)c2)[nH]c1=C
-45.15    -46.06     -5.73      0.49      c1(Cl)cc(=NCCCN2CCN(CCCNc3c4cc5ccccc5nc4ccc3OC(F)(F)F)CC2)c2c(C)cccc2[nH]1
-41.92    -42.31     -2.03      0.49      c1(Cl)ccc(C(c2cccc(Br)c2)=NNC(c2c(N)c(C#N)c3nc4c(cccc4)n3c2)=O)c(Cl)c1
Human-Component   raw_Human-Component
0.4931713044643402   0.4931713044643402   
0.4912914037704468   0.4912914037704468   
0.49432748556137085   0.49432748556137085   
0.495393842458725   0.495393842458725   
0.49251627922058105   0.49251627922058105   
0.4937950372695923   0.4937950372695923   
0.49409472942352295   0.49409472942352295   
0.4942849576473236   0.4942849576473236   
0.49177318811416626   0.49177318811416626   
0.49118542671203613   0.49118542671203613   

13:30:27: local_reinforcement_logger.timestep_report +41: INFO     
 Step 43   Fraction valid SMILES: 96.9   Score: 0.4624   Time elapsed: 54   Time left: 8.6
  Agent     Prior     Target     Score     SMILES
-26.89    -26.85     13.71      0.49      c1(C)c(C)nc(CN2CCOC3C2CCC3OCC2CC2)o1
-29.30    -30.02     10.43      0.49      C1N(c2nc(-c3ccc(NC(=O)Nc4ccc(C(=O)NCCCCN(C)C)cc4)c(C)c3)nc(N3CCOCC3)n2)CCOC1
-27.64    -27.80     12.53      0.49      CC1(C)C(=O)N(CCCC(=O)Nc2ccc(S(=O)(N=c3[nH]oc(C)c3)=O)cc2)C(=O)N1
-43.15    -44.58    -44.58      0.00      c1c(F)c(N2CCOCC2)c(F)c2c(F)c(C3(C)N=C(N)SC(c4ccc(C(O)=O)cc4)N3)cc12
-37.26    -37.17      3.20      0.49      C(N(CC(=NOC)C(C)C)c1cc2c(nn(-c3ccc(Cl)cc3)n2)cc1)C(F)(F)F
-31.99    -32.38      7.97      0.49      C1C(C)(O)CC(C(=O)OC)N1C(Nc1ccc(OC(F)(F)F)cc1)=O
-21.65    -21.16     19.35      0.49      C1CN(NC(c2c(F)cccc2F)=O)CCO1
-26.47    -26.74     13.71      0.49      C1N(Cc2cc(C=O)ccc2)CCN(c2c(C)ccc(C)c2)C1
-24.14    -23.94     16.68      0.50      c1c(F)ccc(S(=O)(=O)c2nc(-c3cccs3)oc2NCC2OCCC2)c1
-31.69    -32.39      8.21      0.50      Cc1c(OC)c(OC)nc(N2CC3CC(c4cccc(=O)[nH]4)CC3C2)n1
Human-Component   raw_Human-Component
0.4945366084575653   0.4945366084575653   
0.49321460723876953   0.49321460723876953   
0.49184930324554443   0.49184930324554443   
0.0   0.0   
0.4923051595687866   0.4923051595687866   
0.49211013317108154   0.49211013317108154   
0.49402955174446106   0.49402955174446106   
0.4932697117328644   0.4932697117328644   
0.49537378549575806   0.49537378549575806   
0.49502649903297424   0.49502649903297424   

13:30:30: local_reinforcement_logger.timestep_report +41: INFO     
 Step 44   Fraction valid SMILES: 100.0   Score: 0.4773   Time elapsed: 57   Time left: 7.6
  Agent     Prior     Target     Score     SMILES
-38.22    -38.78      1.56      0.49      C(N(Cc1c(O)ccc(CNCC(c2c3cc(O)ccc3ncc2)O)c1)CC)c1ccccc1
-30.39    -30.39      9.85      0.49      c1cc2[nH]c(C)c(C(C(=O)N(C)c3cc(Cl)ccc3)=O)c2cc1Cl
-21.26    -21.81     18.56      0.49      c1(F)c(F)c(OCc2ccc(C(=O)OC)cc2)c(F)c(F)c1
-20.03    -19.51     20.86      0.49      c12cc(Cl)ccc1c(=O)c1c(cccc1)[nH]2
-45.91    -45.82     -5.34      0.49      C1CCC2N(C1)C(=O)C(C(Nc1ccc(C(F)(F)F)cc1)=O)=C(Cl)c1c(Cl)c(Cl)ccc12
-39.87    -40.02      0.39      0.49      O=C(c1cc(Cl)nn1-c1ccccc1)NC1CC(C(NCC)=O)N(C(COC)=O)C1
-34.23    -33.91      6.48      0.49      C(CCO)n1c(-c2cc(Oc3ccccc3)cc(F)c2)ncc1C
-32.76    -33.12      7.18      0.49      c12cc(O)cc(O)c1CC(CCCC(C)(O)C)C(CCC=C)N2
-30.44    -30.14     10.38      0.49      c1cc(C(N=c2nc[nH]c3cc(OC)cc(OC)c32)C)c(OC)cc1
-28.16    -28.37     12.12      0.49      O=C(C1=C(C)N=C(C)C(C(OCC=Cc2ccccc2)=O)C1c1cc([N+](=O)[O-])c(Cl)cc1)C
Human-Component   raw_Human-Component
0.49187254905700684   0.49187254905700684   
0.4907754063606262   0.4907754063606262   
0.49233508110046387   0.49233508110046387   
0.4922630786895752   0.4922630786895752   
0.4936237335205078   0.4936237335205078   
0.4928135871887207   0.4928135871887207   
0.4925987422466278   0.4925987422466278   
0.49147751927375793   0.49147751927375793   
0.4942009747028351   0.4942009747028351   
0.49381232261657715   0.49381232261657715   

13:30:32: local_reinforcement_logger.timestep_report +41: INFO     
 Step 45   Fraction valid SMILES: 96.9   Score: 0.4622   Time elapsed: 59   Time left: 6.4
  Agent     Prior     Target     Score     SMILES
-33.25    -34.01      6.44      0.49      c1(C(=O)Nc2ccc(NC(=O)N=c3cc(C(C)(C)C)o[nH]3)cc2)n2c(nc1O)ccc(-c1c[nH]nc1)n2
-31.66    -31.34      9.01      0.49      O1CCc2c(n(Cc3ccccc3)c3ccccc32)C1C(=O)NC(C(O)=O)CC(C)C
-21.07    -21.15     19.30      0.49      c1(C(=O)NC)ccc(N=c2nc(OCC3CCCCC3)c(C(F)(F)F)c[nH]2)c(OC)c1
-37.50    -38.15      2.45      0.50      C(CCCOC1CCC(n2c(=O)c(-c3cc(OC)c(OC)c(OC)c3)cc3c(C)[nH]c(=N)nc23)OC1)CCC
-27.94    -27.24     13.31      0.49      S(C)c1nc(OC)nc(-n2ncnc2)n1
-37.35    -36.79      3.64      0.49      c1c(C#N)ccc(COc2ccc(CC(C(O)=O)NC(=O)C3(C)CCc4c3c3ccccc3cc4)cc2)c1
-39.09    -37.85      2.66      0.49      C1NCC2CC1(c1cccc(OCCNS(=O)(c3cc(C(F)(F)F)ccc3)=O)c1)C(C)C2C
-26.42    -27.12     13.28      0.49      O=C(c1c(F)c(F)c(OC)c(F)c1F)Nc1ccc(NC(N)=N)cc1
-26.60    -26.08     14.33      0.49      O=S(N1CC(C)OC(C)C1)(=O)N1CC(C(=O)NCCOC)CCC1
-20.86    -20.02     20.34      0.49      c1(CN(C)S(=O)(=O)c2ccc(Cl)cc2)ccccc1
Human-Component   raw_Human-Component
0.49328139424324036   0.49328139424324036   
0.4921647310256958   0.4921647310256958   
0.493338406085968   0.493338406085968   
0.4950707256793976   0.4950707256793976   
0.4944618046283722   0.4944618046283722   
0.4930054545402527   0.4930054545402527   
0.4940457344055176   0.4940457344055176   
0.49264851212501526   0.49264851212501526   
0.4928484559059143   0.4928484559059143   
0.4922046363353729   0.4922046363353729   

13:30:34: local_reinforcement_logger.timestep_report +41: INFO     
 Step 46   Fraction valid SMILES: 96.9   Score: 0.4776   Time elapsed: 61   Time left: 5.2
  Agent     Prior     Target     Score     SMILES
-20.60    -20.57     19.90      0.49      C1N(c2nc(SCc3ccccc3)c(C#N)c3c2COC(C)(C)C3)CCN(C)C1
-44.10    -44.23     -3.94      0.49      c1c(Cl)c(C)cc(N(C(=O)c2ccc(CN=c3[nH]c(N4CC(C)(C)N(C)C4=O)nc(C)n3)cc2)CC)c1
-33.56    -33.95      6.42      0.49      C12(OCC(C)C(COc3ccc(Br)cc3)O1)OC1OC3(C)OOC14C(CC3)C(C)CCC4C2C
-32.41    -32.56      7.90      0.49      C(N(Cc1cc2c(nc1)[nH]c(=N)[nH]c2=N)c1ccc(C(NC(C(O)=O)c2ccccc2)=O)cc1)c1ccccc1
-32.02    -32.36      8.24      0.50      c1cc(-c2cc(-c3ccc(Cl)cc3Cl)[nH]c(=NC(=O)C3CCC3)n2)c(F)cc1
-44.46    -45.38     -4.98      0.49      c1(CCCC#N)c(Cc2c3c(nc(C#N)c2C)ccc(OC)c3)c2c(cc(OC)c(OC)c2)nc1
-29.10    -29.17     11.29      0.49      O1c2c(ccc(-c3nc4c(c(=NN5C(=O)C(C)=CC5=O)[nH]3)CCC4)c2)OC1
-36.05    -35.96      4.45      0.49      C(=O)(Nc1ccc(C(NCCC(OC(C)(C)C)=O)=O)cc1)c1cc2c(cc1)[nH]nc2
-32.41    -31.99      8.50      0.49      c1(CNCC2CC(F)CN2c2nc3n(c(=N)n2)[nH]c(-c2occc2)n3)ccc(OC)cc1
-28.21    -27.80     12.61      0.49      c1(Cl)ccc(OC(C(NN=C(c2sccc2)C)=O)=O)c(Cl)c1
Human-Component   raw_Human-Component
0.49360373616218567   0.49360373616218567   
0.4914046823978424   0.4914046823978424   
0.4922734200954437   0.4922734200954437   
0.4933837950229645   0.4933837950229645   
0.4951460063457489   0.4951460063457489   
0.4926873445510864   0.4926873445510864   
0.4934174716472626   0.4934174716472626   
0.4927850663661957   0.4927850663661957   
0.49370285868644714   0.49370285868644714   
0.492805153131485   0.492805153131485   

13:30:35: local_reinforcement_logger.timestep_report +41: INFO     
 Step 47   Fraction valid SMILES: 100.0   Score: 0.4934   Time elapsed: 62   Time left: 3.9
  Agent     Prior     Target     Score     SMILES
-25.93    -25.97     14.38      0.49      n1(CCCN2CCOCC2)c(=O)c2ccccc2nc1SCc1c(Cl)cc(Cl)cc1
-33.78    -34.49      5.92      0.49      CN1CCN(c2ccc(C=C3CC(CO)(COC(c4cn(CCOC)c5ccccc45)=O)OC3=O)cc2)CC1
-50.97    -51.61    -11.13      0.49      N12C(C(=O)NC(CCSC)C(NC(C(NCCc3ccc(OC)cc3)=O)CCCCN)=O)CCC1CC(NC1c3ccc(C)nc3CCC1)C2
-28.27    -28.70     11.83      0.49      n1(Cc2c3c(cccc3)ccc2)c(CNc2cc(-c3ccccc3)c(C(=O)OC)cc2)c(Cl)nc1CCCC
-30.40    -31.97      8.66      0.50      N(=c1nc(-c2cc(COC)cc(OC)c2)cc(N2CCOCC2)[nH]1)c1cc(OC)c(OC)c(OC)c1
-22.20    -22.11     18.47      0.49      c1(CCC(C)(C(O)=NO)S(=O)(C)=O)ccc(OCc2ccc(Cl)cc2)cc1
-25.14    -26.03     14.39      0.49      c1(=O)[nH]c(=N)[nH]c2[nH]c(=N)c(N=Nc3c(Cl)cc(Cl)c(Cl)c3)cc12
-27.10    -27.20     13.15      0.49      Cc1c(Cc2cccc(C(F)(F)F)c2)c(C)n(C(=O)c2cc(F)ccc2)n1
-25.38    -25.80     14.80      0.50      c1cnc(CCNC(=O)C2CCN(S(=O)(=O)c3c(C=Cc4cccs4)onc3C)CC2)cc1
-35.41    -35.50      5.12      0.50      c1c(C)cc2c([nH]c(C(=O)CC(C(OCC)=O)=NNC(c3ccc(Cl)cc3)=O)c2)c1
Human-Component   raw_Human-Component
0.4920514225959778   0.4920514225959778   
0.49284636974334717   0.49284636974334717   
0.49359479546546936   0.49359479546546936   
0.4941946268081665   0.4941946268081665   
0.4955022931098938   0.4955022931098938   
0.49496835470199585   0.49496835470199585   
0.4929383397102356   0.4929383397102356   
0.4921703040599823   0.4921703040599823   
0.49508610367774963   0.49508610367774963   
0.49535003304481506   0.49535003304481506   

13:30:37: local_reinforcement_logger.timestep_report +41: INFO     
 Step 48   Fraction valid SMILES: 96.9   Score: 0.4775   Time elapsed: 64   Time left: 2.6
  Agent     Prior     Target     Score     SMILES
-27.35    -27.46     13.18      0.50      c1cc(F)c(-c2cc(C(Nc3ccc(OC(F)(F)F)cc3)=O)c[nH]c2=Nc2cncnc2)cc1
-37.58    -37.44      2.98      0.49      O=S(C)(=O)c1ccc(Oc2cc(NC(N3CCC(N4CC(C(=O)NC)C4)CC3)=O)c(Cl)cc2)cc1
-20.36    -20.04     20.42      0.49      c1c(CC(=O)N(CC)CC)ccc(-c2ccccc2)c1
-36.57    -35.74      4.61      0.49      O(CC)C(=O)N(C(OCC1(O)Cc2ccccc2C1)=O)Cc1ccsc1
-45.22    -45.93     -5.57      0.49      c1(C(c2c(Cl)sc(Cl)c2)=NNC(CSCc2c(C)cc(C)cc2C)=O)ccc(SC)cc1
-42.64    -42.40     -1.86      0.49      c1cccc2cc(-c3ccc(OC[S+]([O-])(=N)N)cc3)ccc12
-32.18    -32.40      8.00      0.49      C(C(O)=O)(Cc1ccccc1)NC(c1c(C(N2CCC(N)C2)=O)[nH]cn1)=O
-20.89    -20.89     19.48      0.49      c1(N=c2sc(C(C)=O)c(C)[nH]2)ccc(C(C)C)cc1
-28.66    -28.39     11.99      0.49      C1C2(C(OC)=O)CC(C)(C)CC=C2N(Cc2ccccc2)C(=O)C1CC=CC
-22.62    -23.49     16.93      0.49      c1c(Cn2c(=Nc3ccc(OC(C)C)c(F)c3)[nH]c(=O)n(CC(=O)O)c2=O)ccc(F)c1
Human-Component   raw_Human-Component
0.49558356404304504   0.49558356404304504   
0.49293962121009827   0.49293962121009827   
0.4934493899345398   0.4934493899345398   
0.4920312762260437   0.4920312762260437   
0.4921394884586334   0.4921394884586334   
0.49432313442230225   0.49432313442230225   
0.49274933338165283   0.49274933338165283   
0.49243202805519104   0.49243202805519104   
0.492422491312027   0.492422491312027   
0.4929399788379669   0.4929399788379669   

13:30:38: local_reinforcement_logger.timestep_report +41: INFO     
 Step 49   Fraction valid SMILES: 96.9   Score: 0.4777   Time elapsed: 65   Time left: 1.3
  Agent     Prior     Target     Score     SMILES
-36.69    -37.29      3.08      0.49      OC(C(CNC(=O)Cc1c(O)[nH]c(=NCC2N(C(C)=O)CCC2)s1)N)=O
-35.03    -34.98      5.52      0.49      c1nc(-c2c(F)nccc2)c2c([nH]cnc2=NC(c2ccccc2)=O)n1
-35.65    -35.43      4.94      0.49      n1(-c2c(C)cccc2C)c(=O)c(Br)c(CC(=O)OC)s1
-26.28    -26.38     13.97      0.49      O(C)c1c(OC)cc(N=c2nc[nH]c3c2c(C)c(C(NCCCN2CCOCC2)=O)s3)cc1OC
-26.56    -27.22     13.22      0.49      c1c(-c2ccc(COc3c(C(OC)=O)c(O)cc(OC)c3)cc2)cccc1
-22.58    -22.37     18.08      0.49      c12c(cc(CN3CC(O)C(CO)CC3)cc1)cccc2
-21.29    -21.72     18.74      0.49      c12c(ccc(-c3nn(C=CC(=O)OCC)nn3)c1)OCO2
-29.61    -30.03     10.44      0.49      c12c(C)c(C)cnc1c(C=Nc1ccc(CN3CCCCC3)cc1)c(O)cc2
-24.78    -24.64     15.76      0.49      C(=O)(c1ccc(OCCN(C)C)cc1)N=c1[nH]ccnc1
-36.67    -37.53      2.96      0.49      c1c2c(c([N+](=O)[O-])cc1)C=C1C(=NOC)C(c3ccccc3)C(=O)C(=O)N1C2
Human-Component   raw_Human-Component
0.4922194182872772   0.4922194182872772   
0.49392443895339966   0.49392443895339966   
0.4923911988735199   0.4923911988735199   
0.4919629693031311   0.4919629693031311   
0.4931735694408417   0.4931735694408417   
0.49335581064224243   0.49335581064224243   
0.49338299036026   0.49338299036026   
0.4936303496360779   0.4936303496360779   
0.4926920235157013   0.4926920235157013   
0.49383795261383057   0.49383795261383057   

