14:14:01: local_reinforcement_logger.log_message +32: INFO     starting an RL run
14:14:02: local_reinforcement_logger.timestep_report +41: INFO     
 Step 0   Fraction valid SMILES: 96.9   Score: 0.4776   Time elapsed: 0   Time left: 0.0
  Agent     Prior     Target     Score     SMILES
-33.51    -33.51    -17.75      0.49      c1c(NC(c2cnc(OC)cn2)=O)c(C)ccc1C(NC(c1c(C)cccc1)CC(=O)O)=O
-28.74    -28.74    -12.99      0.49      C(=O)(C=CC(N1CCN(c2sc3c(cc(F)cc3)n2)CC1)=O)O
-36.91    -36.91    -21.05      0.50      c1cccc2c1nc1ccc(Br)cc1c2CC(=O)OC(C(N)=O)C1CC1
-30.35    -30.35    -14.60      0.49      c12ccc(F)cc1c(=O)c(C)c(-c1c(F)cc(C(C)C(=O)O)cc1)o2
-24.59    -24.59     -8.80      0.49      CC1CCN(C(=O)Cn2nc(SC)c3ccccc32)CC1
-41.21    -41.21    -25.43      0.49      CCc1ccc(-n2c(=O)c3ccccc3nc2Cc2nc(CCN3C(=O)c4c(cccc4)C3=O)ccc2)cc1
-27.40    -27.40    -11.58      0.49      Cc1cc2c(c(C)c1)c(=O)cc(SCC(N)=O)[nH]2
-40.32    -40.32    -24.55      0.49      Cn1nc2c(n1)C1(N(C)CCC1)Cc1c-2n[nH]c1C1=CCC(C(C)=C)C1
-25.21    -25.21     -9.48      0.49      O=C1C23CCC4C(C)(CCCC4(CO)C)C2CCC(C)(C1)C(O)C3
-27.64    -27.64    -11.86      0.49      c1cc(Br)ccc1OC1(C(O)=O)CCN(Cc2cnn(C(C)C)c2)CC1
Human-Component   raw_Human-Component
0.4925951659679413   0.4925951659679413   
0.49194657802581787   0.49194657802581787   
0.4953605532646179   0.4953605532646179   
0.49216362833976746   0.49216362833976746   
0.49327704310417175   0.49327704310417175   
0.4930397570133209   0.4930397570133209   
0.4942722022533417   0.4942722022533417   
0.4927516579627991   0.4927516579627991   
0.49174100160598755   0.49174100160598755   
0.4930717647075653   0.4930717647075653   

14:14:03: local_reinforcement_logger.timestep_report +41: INFO     
 Step 1   Fraction valid SMILES: 96.9   Score: 0.4774   Time elapsed: 2   Time left: 49.0
  Agent     Prior     Target     Score     SMILES
-35.73    -35.81    -19.98      0.49      C(F)(F)(c1c(N2CCN(C(SCCCn3c(=O)c4cc(Br)cc(Br)c4nc3)=S)CC2)cccc1)F
-41.64    -41.60    -25.85      0.49      Fc1ccc(F)cc1CC(c1csc(=NC(c2cc([N+]([O-])=O)ccc2)=O)[nH]1)S(=O)(=O)C
-28.47    -28.50    -12.74      0.49      C(O)C1NCCN(c2ncc(C#Cc3csc(C)n3)cn2)C1
-33.05    -33.03    -17.24      0.49      C1CC(NC(=O)C(N(CC(=O)NCC2OCCC2)Cc2sccc2)c2ccc(C)cc2)CCCC1
-21.62    -21.70     -5.95      0.49      c12cc(F)ccc1ncc(S(=O)(c1ccc(C(C)C)cc1)=O)c2N1CCOCC1
-30.35    -30.36    -30.36      0.00      c1ccc(COc2ccc(NC(=NOC(c3ccccc3)=O)=N)cc2)cc1
-34.73    -34.76    -18.93      0.49      c1nc(CCc2ccccc2)cc2c1C1N(C(OC)=O)C(CC1)CC2
-31.88    -31.95    -16.21      0.49      C1(CNC(=O)C2N(C(=O)C(NC(=O)OC(C)(C)C)C3CCCCC3)Cc3c(cccc3)C2)OCCC1
-30.95    -30.97    -15.18      0.49      c1(F)cccc(Cl)c1OC(CSc1oc(-c2cc(C)ccc2)nn1)=O
-23.53    -23.53     -7.69      0.49      c1cc(F)ccc1-n1c(SCc2c(F)cccc2)nnc1-c1cnccn1
Human-Component   raw_Human-Component
0.49464598298072815   0.49464598298072815   
0.4920103847980499   0.4920103847980499   
0.49232491850852966   0.49232491850852966   
0.4933810234069824   0.4933810234069824   
0.49219435453414917   0.49219435453414917   
0.0   0.0   
0.4945274591445923   0.4945274591445923   
0.4918769896030426   0.4918769896030426   
0.49340400099754333   0.49340400099754333   
0.4948294460773468   0.4948294460773468   

14:14:04: local_reinforcement_logger.timestep_report +41: INFO     
 Step 2   Fraction valid SMILES: 96.9   Score: 0.4773   Time elapsed: 2   Time left: 32.0
  Agent     Prior     Target     Score     SMILES
-28.77    -28.82    -13.00      0.49      c1c2c(ccc1Br)C1CC(=O)N(c3ccccc3)C(=O)N1CO2
-25.28    -25.26     -9.47      0.49      c1(F)ccc(CNC(=O)c2nn(-c3ccc(Cl)cc3Cl)c3c2Cc2c-3ccc(C)c2)cc1
-29.01    -28.92    -13.14      0.49      c1c(OC)ccc2c1CCC(N=c1[nH]ccc(-c3cc(=O)n(C(C)CO)cc3CC)c1)C2
-17.03    -16.95     -1.15      0.49      c1c(C=O)cc(OC)c(O)c1OC
-31.28    -31.33    -15.51      0.49      c1(N2CCOCC2)sc(-c2nc(C(O)=O)c(-c3ccccc3)o2)cc1
-36.11    -35.96    -20.18      0.49      c1(=Nc2ccc(Cl)c(F)c2)[nH]c2c(=Nc3cc(C(=O)O)ccc3)[nH]cnc2cn1
-36.91    -36.82    -21.11      0.49      c1(-c2c(C)csc2)ccc2nc[nH]c(=Nc3ccc4c(cnn4CCCN4CCN(C)CC4)c3)c2c1
-34.50    -34.50    -18.71      0.49      S(C)c1nc(=N)[nH]c(N2CCN(C(C)C#N)CC2)c1
-25.32    -25.35     -9.55      0.49      ON=C(C(OC1CC2CCC(C1)N2)c1ccccc1)O
-33.76    -33.73    -18.00      0.49      C(CCCOc1ccc(O)cc1CCCC)c1ccc(C(=O)O)cc1
Human-Component   raw_Human-Component
0.49439677596092224   0.49439677596092224   
0.4934505522251129   0.4934505522251129   
0.49308109283447266   0.49308109283447266   
0.4936470687389374   0.4936470687389374   
0.4943247437477112   0.4943247437477112   
0.4931908845901489   0.4931908845901489   
0.49084582924842834   0.49084582924842834   
0.49321624636650085   0.49321624636650085   
0.4938666820526123   0.4938666820526123   
0.49132996797561646   0.49132996797561646   

14:14:05: local_reinforcement_logger.timestep_report +41: INFO     
 Step 3   Fraction valid SMILES: 96.9   Score: 0.4776   Time elapsed: 3   Time left: 35.2
  Agent     Prior     Target     Score     SMILES
-30.52    -30.59    -14.82      0.49      N(C(=O)COc1ccc(C=C2C(=O)N(c3ccccc3F)C(=S)NC2=O)cc1)c1cc(OC)ccc1
-22.36    -22.32     -6.51      0.49      c1(OC)cc(OC)ccc1-c1onc(Cc2ccccc2)n1
-40.24    -40.09    -24.33      0.49      FC(C(F)(F)F)(F)c1cnc(-c2c(Oc3cc[nH]c(=NC(c4ccc(C5CCN(CC)CC5)cc4)=O)c3)nccn2)c(F)c1
-29.95    -29.95    -14.16      0.49      N(C(=O)NS(=O)(=O)c1n2c(scc2)nc1C)c1ccccc1-c1ccccc1
-28.37    -28.34    -12.55      0.49      c1c[nH]c(=Nc2ccc(CC(O)=O)cc2)cc1-c1cc(N2CCOCC2)ncc1
-42.15    -42.08    -26.32      0.49      O=C(c1c(N)cc(F)c(Cn2cncc2CNC(C)(C)C)c1)NCC(OCc1ccccc1)=O
-23.97    -23.95     -8.15      0.49      c1(-c2ccc(OC)cc2)nc2c(cccc2)c(=O)n1NC(=O)c1ccc(N)cc1
-33.99    -34.14    -18.37      0.49      C1CC2C(N1c1ccc(O)cc1)CC2(F)F
-36.05    -36.00    -20.22      0.49      N(c1c(C)cccc1C)=C1C(=O)c2c(C(C)(C)CO)n[nH]c2C(c2ccccc2)C1
-43.94    -43.92    -28.15      0.49      C12C(O)(C)C(=O)OC1C=C(C)CC2C=CC1C(=O)OCC2(CCC(NC(=O)C)CC2)O1
Human-Component   raw_Human-Component
0.4928329288959503   0.4928329288959503   
0.4941568374633789   0.4941568374633789   
0.4926796555519104   0.4926796555519104   
0.4935725927352905   0.4935725927352905   
0.4933439791202545   0.4933439791202545   
0.49231207370758057   0.49231207370758057   
0.4935576319694519   0.4935576319694519   
0.49295470118522644   0.49295470118522644   
0.49297329783439636   0.49297329783439636   
0.49273428320884705   0.49273428320884705   

14:14:06: local_reinforcement_logger.timestep_report +41: INFO     
 Step 4   Fraction valid SMILES: 100.0   Score: 0.4934   Time elapsed: 4   Time left: 36.8
  Agent     Prior     Target     Score     SMILES
-19.60    -19.69     -3.95      0.49      Cc1cc(=Nc2ccccc2)n2nc(C)nc2[nH]1
-25.26    -25.30     -9.54      0.49      C(=O)(Oc1ccccc1)C1CCCCN1S(=O)(c1ccc(C)cc1)=O
-29.14    -29.33    -13.56      0.49      c1ccc2c(c1)C(=O)N(CC=NN=c1scc(-c3ccc(Cl)cc3)n1CCc1ncccc1)C2=O
-22.41    -22.42     -6.67      0.49      c1(SCC(=O)Nc2ccc(C(OC)=O)cc2)c(C#N)c(COC)cc(C)n1
-34.70    -34.72    -18.89      0.49      c1(-n2c(-c3cccc(OCCCCCCC[N+](C4CCOCC4)(C)C)c3)cc(C(F)(F)F)n2)ccc(C(N)=O)cc1
-24.58    -24.51     -8.68      0.49      C(F)(C(Oc1cc(N2CCC(Oc3ccc(C(C(=O)NCC)C)cc3)C2)ncn1)C)F
-25.29    -25.31     -9.53      0.49      O(c1c(CN2c3n(c4c(n(C)c(=O)n(CC(c5ccccc5)=O)c4=O)n3)CC2)cccc1)C
-18.51    -18.67     -2.86      0.49      c1(C(F)(F)F)cc2c(=O)cc(C(=O)O)[nH]c2cc1
-20.05    -20.12     -4.32      0.49      O=c1c2c(=O)n(-c3ccccc3)[nH]c2c2ccccc2o1
-25.22    -25.12     -9.29      0.49      CN(C(=O)CSc1n(CC)c(-c2cc(OC)cc(OC)c2)nn1)C
Human-Component   raw_Human-Component
0.49170389771461487   0.49170389771461487   
0.4927670955657959   0.4927670955657959   
0.49297207593917847   0.49297207593917847   
0.4922453463077545   0.4922453463077545   
0.4946375787258148   0.4946375787258148   
0.49480727314949036   0.49480727314949036   
0.49291303753852844   0.49291303753852844   
0.4941382110118866   0.4941382110118866   
0.4937776029109955   0.4937776029109955   
0.49471643567085266   0.49471643567085266   

14:14:06: local_reinforcement_logger.timestep_report +41: INFO     
 Step 5   Fraction valid SMILES: 100.0   Score: 0.4929   Time elapsed: 5   Time left: 37.5
  Agent     Prior     Target     Score     SMILES
-29.46    -29.32    -13.53      0.49      O(c1c(=O)cc(C)oc1C)c1cc([N+](=O)[O-])cc([N+]([O-])=O)c1
-33.75    -33.57    -17.84      0.49      N1(C(=O)CSc2n(-c3cccc4c3cccc4)c(CSCc3cccc(F)c3)nn2)CCCCC1
-41.39    -41.45    -25.65      0.49      N(C(=O)C(NC(c1ccc(Cl)cc1)=O)CCSC)=C(C(NC(C(CC(NCCc1ccccc1)=O)O)CC(C)C)=O)Cc1ncsc1
-22.14    -22.26     -6.44      0.49      c1(C(=O)NNC(=O)CCC2CCCC2)cnccn1
-22.12    -22.13     -6.36      0.49      C1C(c2ccc(N)cc2)SCCN1
-28.03    -28.16    -12.44      0.49      CCCCn1c2ccccc2nc1CN1C(CO)CC(O)C1
-21.02    -21.02     -5.23      0.49      c1c(Cl)cc(Cl)c2[nH]c3ccc(O)cc3c12
-38.53    -38.31    -22.53      0.49      C(=O)(O)c1c2cc(NC(=O)Cc3cc(OC)c(OC)cc3[N+]([O-])=O)ccc2n(Cc2cc(C(F)(F)F)ccc2)n1
-31.12    -30.97    -15.18      0.49      c1ccc(S(Nc2cc3c(n(CC)c4ccc(CC(O)=O)cc43)cc2)(=O)=O)cc1
-37.81    -37.76    -22.03      0.49      C(C(NCC=O)=O)(NC(=O)C(C)NC(=O)CCCCNC(=O)OCc1ccccc1)CCC(=O)N
Human-Component   raw_Human-Component
0.4935075640678406   0.4935075640678406   
0.4914950132369995   0.4914950132369995   
0.4937562644481659   0.4937562644481659   
0.494379460811615   0.494379460811615   
0.4928801953792572   0.4928801953792572   
0.4914548099040985   0.4914548099040985   
0.49320724606513977   0.49320724606513977   
0.49302753806114197   0.49302753806114197   
0.4935294985771179   0.4935294985771179   
0.491282194852829   0.491282194852829   

14:14:07: local_reinforcement_logger.timestep_report +41: INFO     
 Step 6   Fraction valid SMILES: 100.0   Score: 0.4930   Time elapsed: 6   Time left: 37.7
  Agent     Prior     Target     Score     SMILES
-28.97    -29.04    -13.25      0.49      c1(-c2cc(OC)ccc2)c2c(nc(OCC)c1)cccn2
-21.51    -21.55     -5.78      0.49      c12c(=O)oc3ccc(C)cc3c1c(C)n[nH]2
-31.03    -30.73    -14.95      0.49      O=[N+](c1cc(NC(c2c(C)ccc(NC(c3ccccc3)=N)c2)=O)ccc1)[O-]
-30.71    -30.60    -14.89      0.49      c1(O)c2c(ccc1C(c1ccc3c(c1)CCCC3)=O)C(=O)c1cccc(O)c1C2=O
-25.92    -26.07    -10.26      0.49      c1(C)c(NC(CCN2CCN(C(=O)OCC)CC2)=O)c(C)n(Cc2ccccc2)n1
-25.12    -25.23     -9.47      0.49      C1(NC(=O)OCCCCC)CN(C(=O)OC(C)(C)C)CC1
-23.47    -23.65     -7.90      0.49      c1(OC)cccc(N2CCN(C(c3oc(COc4c(Cl)cccc4)cc3)=O)CC2)c1
-24.52    -24.57     -8.78      0.49      C1CN(S(=O)(c2cc(C)c(C)cc2)=O)C(C(NCc2ccc(C)cc2)=O)C1
-24.88    -24.71     -8.92      0.49      c1cccc(C)c1NC(C(OC(=O)CCCN=C1c2ccccc2S(=O)(=O)N1)C)=O
-23.22    -23.23     -7.42      0.49      C1C(N)CCC([N+]([O-])=O)C1
Human-Component   raw_Human-Component
0.493330180644989   0.493330180644989   
0.49289819598197937   0.49289819598197937   
0.4931918680667877   0.4931918680667877   
0.49106982350349426   0.49106982350349426   
0.49421757459640503   0.49421757459640503   
0.4926334619522095   0.4926334619522095   
0.4923366904258728   0.4923366904258728   
0.49364468455314636   0.49364468455314636   
0.4934384822845459   0.4934384822845459   
0.49397900700569153   0.49397900700569153   

14:14:08: local_reinforcement_logger.timestep_report +41: INFO     
 Step 7   Fraction valid SMILES: 96.9   Score: 0.4780   Time elapsed: 7   Time left: 37.6
  Agent     Prior     Target     Score     SMILES
-44.68    -44.52    -28.69      0.49      c1(OC)c2nc3c(c(-c4c(C)n(Cc5ccccc5)c(C=O)c4C)c2ccc1)ccc(Cl)c3
-36.02    -36.21    -20.35      0.50      c1nc(-c2cnn(CC(O)CO)c2)c2c(c1)c1cc(-c3cnn(C)c3)ccc1[nH]c2=O
-33.55    -33.46    -17.68      0.49      c1c(CN2CC3NC(C3)C2)cnc(Oc2ccc(C#C)cc2)c1
-25.40    -25.28     -9.50      0.49      n1c(-c2ccc(-c3ccccc3)cc2)c(C#N)c(=N)[nH]c1-c1cn(C)nc1
-22.93    -22.87     -7.06      0.49      C1(N)CN(c2c(F)cn3c(=O)c(C(O)=O)cc(C4CC4)c3c2C)CC(CN)O1
-21.55    -21.47     -5.68      0.49      O=C(Oc1ccc(CC=C)cc1OC)C=C
-25.10    -25.06     -9.28      0.49      c1cc2c(cc1)C(=O)N(CCCCCC(OCC(=O)c1cccc(OC)c1)=O)C2=O
-30.13    -30.14    -14.32      0.49      FC(F)(F)c1c(Cl)c(C(=O)N2CC(S(=O)(c3ccccc3Cl)=O)(c3ccc(C(C(F)(F)F)(C(F)(F)F)F)cc3)CC2)cc(F)c1
-29.90    -29.83    -14.04      0.49      o1c(SCC(=O)N2CCSC2=O)nnc1-c1ccccc1Cl
-39.61    -39.41    -39.41      0.00      s1c2c([nH]c1=Nc1ccc(N3CCCC3)cc1)-n1cnc(C(OC)=O)c1C(CC)N=2
Human-Component   raw_Human-Component
0.49458304047584534   0.49458304047584534   
0.49548670649528503   0.49548670649528503   
0.4931752383708954   0.4931752383708954   
0.4928916096687317   0.4928916096687317   
0.49390727281570435   0.49390727281570435   
0.49357515573501587   0.49357515573501587   
0.4932060241699219   0.4932060241699219   
0.4943326711654663   0.4943326711654663   
0.49350836873054504   0.49350836873054504   
0.0   0.0   

14:14:09: local_reinforcement_logger.timestep_report +41: INFO     
 Step 8   Fraction valid SMILES: 100.0   Score: 0.4932   Time elapsed: 7   Time left: 32.7
  Agent     Prior     Target     Score     SMILES
-29.27    -29.38    -13.57      0.49      C(c1cccc(Cc2c(C(F)(F)F)cccc2)c1)(=O)NCCc1cc(OC)c(OC)cc1
-24.89    -24.84     -9.04      0.49      N(C)(c1nc(=NC2CCCCC2)[nH]c(=Nc2ccc(C#N)cc2)[nH]1)C
-23.99    -23.92     -8.13      0.49      N(C(=O)C(C)NC(OCc1ccccc1)=O)C(CC(=O)O)C(CF)=O
-24.27    -24.50     -8.71      0.49      c1(Br)cc(C(c2c(Cl)cccc2)N2CCC(O)CC2)c(O)c2c1cccn2
-23.86    -23.81     -7.99      0.49      COc1cc(C(=O)OC)ccc1OC(N(C)C)=S
-23.34    -23.38     -7.64      0.49      C(C(C(N1CCN(C)CC1)=O)=Cc1cc2c(cc1)OCO2)#N
-25.78    -25.51     -9.70      0.49      c1(-c2c[nH]c(=N)nc2-c2ccccc2Cl)cc[nH]c(=O)c1
-25.35    -25.43     -9.65      0.49      FC(F)(c1cc(-c2ncccc2C)c2c(=N)[nH]cnn21)F
-27.34    -27.52    -11.70      0.49      c1cc(F)ccc1CCNC(N1CCN(S(=O)(c2cc(Cl)ccc2OC)=O)CC1)=S
-33.45    -33.14    -17.37      0.49      N1(Cc2ccccc2)CCC(NS(=O)(c2cc(Cl)c(OCCCC)cc2Cl)=O)(C)CC1
Human-Component   raw_Human-Component
0.4940803647041321   0.4940803647041321   
0.49364927411079407   0.49364927411079407   
0.49338117241859436   0.49338117241859436   
0.493507981300354   0.493507981300354   
0.4944511950016022   0.4944511950016022   
0.49198079109191895   0.49198079109191895   
0.49417006969451904   0.49417006969451904   
0.49309730529785156   0.49309730529785156   
0.4943755567073822   0.4943755567073822   
0.492962509393692   0.492962509393692   

14:14:10: local_reinforcement_logger.timestep_report +41: INFO     
 Step 9   Fraction valid SMILES: 93.8   Score: 0.4618   Time elapsed: 9   Time left: 36.9
  Agent     Prior     Target     Score     SMILES
-37.56    -37.50    -21.79      0.49      C(CC)CCCCCC(=O)Oc1ccc2c(C)c(Cc3cc(NC=O)ccc3)c(=O)oc2c1
-19.78    -19.51     -3.73      0.49      C(COc1ccc(CNC(C)C)cc1)C
-32.38    -32.50    -16.72      0.49      C1N(Cc2ccc(F)cc2)CCC(Oc2cc(OCC)ccc2C#N)C1
-34.41    -34.98    -34.98      0.00      c12oc(C)nc1cc(N=c1nc(-c3ccccc3)n3cc[nH]c3c1C(=O)N)ccc2
-29.26    -29.40    -13.63      0.49      c1cc(C=NNC(c2c(=Nc3cc4c(cc3)OCO4)[nH]cc(Cl)c2)=O)sc1
-24.67    -24.67     -8.99      0.49      C1CN(C)C(=Cc2ccc(N)cc2)c2ccccc21
-32.00    -32.22    -16.52      0.49      c1ccc(Cl)cc1C1=NC(=Cc2cc(OCCCO[N+]([O-])=O)ccc2)C(=O)O1
-36.65    -36.57    -20.81      0.49      Oc1cc2c(cc1O)CCN=C2C(=C1CCC(C)CC1)F
-21.98    -22.22     -6.41      0.49      n1(CCC)c(=S)n(CCC)c(=O)c2c1cccc2
-25.74    -25.78    -10.00      0.49      c1(O)ccc(N2CCN(CC(=O)Nc3c(C)c(C)cc(C)c3C)CC2)cc1
Human-Component   raw_Human-Component
0.49092796444892883   0.49092796444892883   
0.4929983913898468   0.4929983913898468   
0.49297571182250977   0.49297571182250977   
0.0   0.0   
0.4930630624294281   0.4930630624294281   
0.49014127254486084   0.49014127254486084   
0.4905700087547302   0.4905700087547302   
0.4927721321582794   0.4927721321582794   
0.4939385652542114   0.4939385652542114   
0.49317246675491333   0.49317246675491333   

14:14:11: local_reinforcement_logger.log_message +32: INFO     Resetting Agent
14:14:11: local_reinforcement_logger.log_message +32: INFO     Adjusting sigma to: 82
14:14:11: local_reinforcement_logger.timestep_report +41: INFO     
 Step 10   Fraction valid SMILES: 100.0   Score: 0.4927   Time elapsed: 10   Time left: 36.4
  Agent     Prior     Target     Score     SMILES
-15.75    -15.86     -0.09      0.49      c1cc(C=O)cnc1
-26.73    -27.07    -11.34      0.49      c1(OC)c(Cl)cc(OC)c(NCCN2CCC(O)CC2)c1
-31.96    -31.62    -15.91      0.49      c1c(-c2c(C(=O)NNC(Nc3c(Cl)cc(Cl)cc3)=S)oc(C)n2)cccc1
-35.12    -35.22    -19.45      0.49      CC(c1n(Cc2ccc(NC(C(n3cncc3)C(=O)OC)=O)cc2)nc(CCCC)n1)(C)C
-26.23    -26.30    -10.52      0.49      C(O)(=O)c1ccc(NC(=O)Nc2c(Cl)c(F)ccc2)cc1
-20.60    -20.60     -4.74      0.50      c1(CNC2c3cc4c(cc3C(c3cc(OC)c(O)c(OC)c3)C3C(=O)OCC23)OCO4)ccc(F)cc1
-22.23    -22.37     -6.62      0.49      c12c(=O)n(Cc3ccc(Cl)cc3)cnc1sc(C(=O)O)c2C
-26.13    -26.24    -10.41      0.49      C12C3CCC4(OC(=O)CC4)C3(C)CCC1C1(C)CCC(=O)OCC1CC2
-34.38    -34.32    -18.54      0.49      c1(-c2nnc3cccc(C(=O)N4CCCCC4)n23)ccc(O)c(O)c1
-35.85    -35.70    -19.95      0.49      C1(n2cnc3c(=O)[nH]c(=N)[nH]c32)COC(=O)C1(OC(C)C)C
Human-Component   raw_Human-Component
0.4928836226463318   0.4928836226463318   
0.49152088165283203   0.49152088165283203   
0.49100664258003235   0.49100664258003235   
0.4926432967185974   0.4926432967185974   
0.4930844008922577   0.4930844008922577   
0.49564480781555176   0.49564480781555176   
0.4922933578491211   0.4922933578491211   
0.4945320188999176   0.4945320188999176   
0.49314171075820923   0.49314171075820923   
0.49227383732795715   0.49227383732795715   

14:14:13: local_reinforcement_logger.timestep_report +41: INFO     
 Step 11   Fraction valid SMILES: 100.0   Score: 0.4931   Time elapsed: 11   Time left: 35.8
  Agent     Prior     Target     Score     SMILES
-28.22    -28.22     12.08      0.49      CC1(C)C(O)C(NC(c2ccccc2)=O)c2cc(NC(c3ccc(C4CC4)cc3)=O)ccc2O1
-26.51    -26.51     14.00      0.49      [nH]1c2c(cccc2)nc1C(C(=O)c1ccc([N+](=O)[O-])cc1)=[N+]=[N-]
-36.10    -36.10      4.34      0.49      c1c2c(c(OC)cc1)CCCC2n1c(=O)n(C)c(=O)c2c1cnc(OC)c2
-44.36    -44.36     -4.08      0.49      S(c1c(O)c(C=NNC(=O)c2ccc(C)nc2)c(F)cc1)C(N)=S
-18.95    -18.95     21.42      0.49      N12CC(c3nnn(C)n3)C(CC1)CC2
-29.84    -29.84     10.63      0.49      c1c(-c2ccc3c(c2)c(=Nc2cccc(S(=O)(=O)NC)c2)nc[nH]3)ccc(S(=O)(=O)C)c1
-21.84    -21.84     18.67      0.49      c1c2[nH]c(SCC(OC3CCCCC3)=O)nc2ccc1
-22.68    -22.68     17.73      0.49      n1cn(CC(C2NCCC2)O)nc1
-25.20    -25.20     15.34      0.49      c1c(C(F)(F)F)cc(NC(=O)Nc2ccc(-c3ccc(CC(CO)N)cc3)cc2)cc1
-23.48    -23.48     16.95      0.49      C(CC(c1ccc(F)cc1)=O)C(=O)N1CCN(Cc2cc3c(cc2)OCO3)CC1
Human-Component   raw_Human-Component
0.4915170669555664   0.4915170669555664   
0.49399179220199585   0.49399179220199585   
0.49321332573890686   0.49321332573890686   
0.49111708998680115   0.49111708998680115   
0.492290198802948   0.492290198802948   
0.4935328960418701   0.4935328960418701   
0.493978351354599   0.493978351354599   
0.4927355647087097   0.4927355647087097   
0.49435609579086304   0.49435609579086304   
0.49310746788978577   0.49310746788978577   

14:14:14: local_reinforcement_logger.timestep_report +41: INFO     
 Step 12   Fraction valid SMILES: 96.9   Score: 0.4776   Time elapsed: 12   Time left: 35.1
  Agent     Prior     Target     Score     SMILES
-34.87    -34.84      5.63      0.49      C1(=O)c2ccc(C3=C(C(=O)O)N4C(=O)C(C(C)O)C4C3)cc2CCc2c1ccc([N+]([O-])=O)c2
-26.20    -26.17     14.21      0.49      c1(Cl)cc(Cl)ccc1-c1oc(C(=O)Nc2c(C(=O)c3ccccc3)cc(Cl)cc2)cc1
-25.80    -25.80     14.54      0.49      c1cc(-c2ccccc2)ccc1CC(NC(=O)C1(Cc2ccccc2)CCN1)C
-34.67    -34.56      6.04      0.50      C1(c2ccc(Cl)c(Cl)c2)N(C(C2CCC(CNC(=O)OC(C)(C)C)CC2)=O)N=C(c2ccc(Cl)c(Cl)c2)C1
-27.47    -27.51     12.82      0.49      c1ccccc1COC(N1C(C(=O)NC(C(=O)O)CSCc2ccc(OC)cc2)CCC1)=O
-38.64    -38.73      1.68      0.49      c1ncc(C(NCC2C3C(CN(C4COC(c5ccc(F)cc5)O4)C3)C2)=O)cc1
-22.59    -22.52     17.89      0.49      N(c1ccc(C#N)c(Cl)c1)=c1[nH]n(C2(CC#N)CCN(C(OC(C)(C)C)=O)CC2)cc1C(=O)N
-29.06    -29.14     11.20      0.49      c1(Cl)ccc(C2(O)C3(Cc4ccc(Cl)cc4)C(=O)Nc4cccc(c43)O2)cc1
-36.35    -36.39      4.02      0.49      FC(F)(F)CCCCCOc1ccc(C=C2C(=O)C(=Cc3ccc(OCc4ccccc4C(C(OC)=O)=O)cc3)CCCC2)cc1
-27.00    -27.03     13.52      0.49      c1cc(S(=O)(c2ccc(C)cc2)=O)ccc1Oc1cc(Cl)c(Cl)cc1Cl
Human-Component   raw_Human-Component
0.49359074234962463   0.49359074234962463   
0.4924221336841583   0.4924221336841583   
0.4919022023677826   0.4919022023677826   
0.4951690137386322   0.4951690137386322   
0.4918045997619629   0.4918045997619629   
0.49282824993133545   0.49282824993133545   
0.49272316694259644   0.49272316694259644   
0.4919213056564331   0.4919213056564331   
0.4926937520503998   0.4926937520503998   
0.49456220865249634   0.49456220865249634   

14:14:15: local_reinforcement_logger.timestep_report +41: INFO     
 Step 13   Fraction valid SMILES: 100.0   Score: 0.4931   Time elapsed: 13   Time left: 34.4
  Agent     Prior     Target     Score     SMILES
-24.84    -24.86     15.60      0.49      C(CCn1c(=O)[nH]c2cc(Cl)ccc2c1=O)CN1CCN(c2ccc(C)cc2)CC1
-29.25    -29.21     11.19      0.49      C1N(c2cc3[nH]c(=N)n(CCCC)c(=O)c3cc2[N+]([O-])=O)CCCC1
-30.53    -30.47      9.87      0.49      O=c1oc2ccc(OC)cc2cc1Cc1c(C)[nH]cn1
-23.94    -23.93     16.45      0.49      O=C(COC(CSc1cc(C)ccc1C)=O)N(c1ccccc1)CC
-27.19    -27.25     13.26      0.49      c1cccc(COc2c(-c3ccc(F)cc3)c3c(c(C)co3)c(=O)o2)c1
-20.94    -20.88     19.56      0.49      C1(O)C(O)C(n2c3c([nH]c2=N)cc(Cl)c(Cl)c3)OC1CO
-21.32    -21.34     19.15      0.49      c1ccccc1N=c1[nH]n(C2(CC#N)CCN(Cc3ccc(O)cc3)CC2)cc1C(N)=O
-33.19    -33.04      7.34      0.49      c1(-c2c3c(c(O)n2CC)[nH]c2c3cc(OC)cc2)cccnc1OC
-22.87    -22.93     17.43      0.49      c1cc2c(cc1)S(=O)(=O)N(CC(NCCCN1CCCC(C)C1)=O)C2=O
-32.26    -32.35      7.90      0.49      C1N(c2ccccc2OC(C)C)CCN(CCCNC(N2C(=O)N=c3c(cc(C)c(C)c3)=NC2)=O)C1
Human-Component   raw_Human-Component
0.4934482276439667   0.4934482276439667   
0.49266308546066284   0.49266308546066284   
0.491936594247818   0.491936594247818   
0.4923761188983917   0.4923761188983917   
0.49402472376823425   0.49402472376823425   
0.4931740164756775   0.4931740164756775   
0.49379539489746094   0.49379539489746094   
0.4924183189868927   0.4924183189868927   
0.49221986532211304   0.49221986532211304   
0.4909049868583679   0.4909049868583679   

14:14:16: local_reinforcement_logger.timestep_report +41: INFO     
 Step 14   Fraction valid SMILES: 100.0   Score: 0.4928   Time elapsed: 14   Time left: 33.6
  Agent     Prior     Target     Score     SMILES
-26.05    -26.04     14.21      0.49      C(CCCCCCCOC(NS(=O)(=O)c1c(-c2ccc(CN3c4ccccc4CCc4ccccc4C3=O)cc2)cccc1)=O)C
-24.32    -24.38     16.08      0.49      c1cc(SCNC(=O)c2ccc([N+]([O-])=O)cc2)ccc1C
-28.81    -28.77     11.72      0.49      c1c(C)cnc(CCc2cn(Cc3ccc(F)cc3)c(=N)[nH]2)c1
-29.08    -29.19     11.38      0.49      c12c(cc(-c3[nH]c(=N)nc(-c4ccc(OC)c(OC)c4)c3)cc1)[nH]c(=N)s2
-37.38    -37.38      3.24      0.50      c1(C(=O)O)c(C(Nc2cn3c(nc(NC(c4sc(C(C)(C)C)cc4)=O)c3)cc2)=O)cnn1C
-31.94    -31.87      8.56      0.49      C(CO)(Cc1ccccc1C(=O)O)OC=C(C)C
-33.32    -33.30      7.05      0.49      C(N1CCSc2c(Cl)nccc21)(C(=NO)C)=O
-27.91    -28.06     12.25      0.49      N=C1NC2(c3cc(OC)ccc3)C(CC(C3(O)CC3)O2)CO1
-27.80    -27.74     12.80      0.49      c1c(CN2C(=O)CCCC2c2c(OC)cccc2OC)cc2c(oc(=O)n2CC(C)C)c1
-22.23    -22.24     18.23      0.49      C(=O)(Cc1ccc(OC)c(OC)c1)Nc1ccccc1C
Human-Component   raw_Human-Component
0.4908832609653473   0.4908832609653473   
0.4934002757072449   0.4934002757072449   
0.49367740750312805   0.49367740750312805   
0.4948013126850128   0.4948013126850128   
0.49538278579711914   0.49538278579711914   
0.49310460686683655   0.49310460686683655   
0.4921491742134094   0.4921491742134094   
0.4916461408138275   0.4916461408138275   
0.4943434000015259   0.4943434000015259   
0.49358847737312317   0.49358847737312317   

14:14:16: local_reinforcement_logger.timestep_report +41: INFO     
 Step 15   Fraction valid SMILES: 100.0   Score: 0.4932   Time elapsed: 15   Time left: 32.8
  Agent     Prior     Target     Score     SMILES
-26.40    -26.21     14.17      0.49      c1cc(F)c(-n2nc(C)c(C(O)=O)c2C)cc1Cl
-34.70    -34.57      5.87      0.49      C(C1C(OC(=O)C)C(OC(C)=O)C(NN(C)C)OC1)(OCC)=O
-20.75    -20.71     19.63      0.49      c1cc(NN=Cc2ccc(C)o2)cc(Cl)c1
-32.66    -32.89      7.50      0.49      c1(Cl)cccc(Oc2c(C=NOCc3ccc(C(OC(C)(C)C)=O)cc3)c(C(=NO)O)nn2C)c1
-23.86    -23.90     16.61      0.49      c1(O)ccc(C(N=c2[nH]ccc(N3C(=O)OCC3C(C)C)n2)C)cc1Cl
-20.20    -20.17     20.36      0.49      c1cc(CCS)ccc1C(O)=O
-16.81    -16.88     23.55      0.49      c1(=NC(Nc2ccc(Cl)cc2)=O)cc[nH]cc1
-20.83    -20.79     19.67      0.49      c1c(-c2[nH]c(=NN=C(C)CCc3ccccc3)sc2)ccc(OC)c1
-23.94    -24.04     16.41      0.49      c1ccccc1S(=O)(NCCc1csc2nc(-c3ccc(CC)cc3)nn21)=O
-48.50    -48.45     -7.93      0.49      O(C)c1cc(C)c(N(Cc2cc3[nH]c(=N)[nH]c(=S)c3c(=N)[nH]2)C)cc1CCCCO
Human-Component   raw_Human-Component
0.49242717027664185   0.49242717027664185   
0.4931362271308899   0.4931362271308899   
0.4920547902584076   0.4920547902584076   
0.4925582706928253   0.4925582706928253   
0.4940258860588074   0.4940258860588074   
0.49427708983421326   0.49427708983421326   
0.49309489130973816   0.49309489130973816   
0.4934026002883911   0.4934026002883911   
0.49321937561035156   0.49321937561035156   
0.49411243200302124   0.49411243200302124   

14:14:17: local_reinforcement_logger.timestep_report +41: INFO     
 Step 16   Fraction valid SMILES: 100.0   Score: 0.4930   Time elapsed: 16   Time left: 32.0
  Agent     Prior     Target     Score     SMILES
-30.35    -30.49      9.97      0.49      c1cc(C#CC(N2CCN(c3ccc(OC)cc3)CC2)=O)ccc1CCCCCCCCCC
-24.81    -24.92     15.45      0.49      c1c(C(NC2CC2)=O)c(C2N(C)C(=O)N(c3cc(C(F)(F)F)ccc3)C(C)=C2C(=O)OC)ccc1C#N
-25.29    -25.38     14.87      0.49      c1c2c(ccc1SCC(Nc1cccc(C)c1)=O)CCC2
-41.84    -42.21     -1.80      0.49      c1c(-c2nc(-c3ccncc3)cc(C(C(NCCS(=O)(N)=O)=O)NC(c3ccccc3)=O)c2)cccc1C(N)=N
-33.79    -33.75      6.67      0.49      C12(CCN(c3sccn3)CC1)C(=O)N(CCN1C(C)CCC1)CCC2
-39.94    -39.86      0.44      0.49      c1c(C(N(Cc2cccnc2)c2ccc(-c3cccnc3C)cc2)=O)ccc2c1CCCC(CCCO)O2
-21.05    -21.00     19.51      0.49      COc1cc(-c2nc(C)[nH]c(=NC3c4c(cccc4)CCC3)c2)ccc1OC
-43.29    -43.48     -3.02      0.49      C(N(CC)CCOc1ccc(-c2oc3c(cc(OC4C(O)C(OC5C(O)C(O)C(C(=O)O)CO5)C(O)C(CO)O4)cc3)c(=O)c2)cc1)C
-24.59    -24.64     15.79      0.49      c1cccc(C=C2c3c(ccc4c3C(C)=CC(C)(C)N4)-c3c(OC)c(C)ccc3C2=O)c1
-33.61    -33.85      6.62      0.49      C(C)(S(c1c(-c2ccc(-c3c[nH]c(=N)nc3)c(F)c2)ccc(C(F)(F)F)c1)(=O)=O)[S+](C)[O-]
Human-Component   raw_Human-Component
0.4934918284416199   0.4934918284416199   
0.4922766089439392   0.4922766089439392   
0.49081405997276306   0.49081405997276306   
0.4928329288959503   0.4928329288959503   
0.49293604493141174   0.49293604493141174   
0.4913952350616455   0.4913952350616455   
0.4940991699695587   0.4940991699695587   
0.4934145510196686   0.4934145510196686   
0.49315425753593445   0.49315425753593445   
0.4935496151447296   0.4935496151447296   

14:14:18: local_reinforcement_logger.timestep_report +41: INFO     
 Step 17   Fraction valid SMILES: 100.0   Score: 0.4927   Time elapsed: 16   Time left: 29.3
  Agent     Prior     Target     Score     SMILES
-29.54    -29.63     10.83      0.49      C(CCCCN1CCN(c2c(Cl)c(Cl)ccc2)CC1)N1C(c2ccccc2)=NC(c2ccccc2)CC1=O
-25.42    -25.48     14.92      0.49      c1cc(C(=O)OCC)ccc1NCC(=O)N(C(C)C)C(C)C
-24.44    -24.53     15.91      0.49      C(CC(O)=O)CCCC(C(C)=O)C(=O)C
-28.76    -28.83     11.56      0.49      c1cc(N=c2[nH]ccc(-c3c4c(nccc4)[nH]c3)n2)cc2c1c(=N)scc2
-23.49    -23.76     16.55      0.49      c1nccc(-c2noc(C(CC(C)C)N)n2)c1
-25.86    -25.96     14.50      0.49      N(S(N(C)C)(=O)=O)(CC(NCc1ccc(C)cc1)=O)c1ccc(F)cc1
-20.53    -20.60     19.78      0.49      O=c1cc(-c2ccccc2)c2cc(CC)ccc2o1
-30.66    -30.74      9.68      0.49      C(=O)(NNC(=O)CSc1nnnn1-c1ccc(O)cc1)C(=O)N
-25.90    -25.74     14.80      0.49      c1(F)c(OC)cc(CN(CCCCN)C2CCCc3cccnc32)cc1
-21.97    -21.95     18.42      0.49      C(=O)(O)C1CC(=O)C(O)C(OCc2ccccc2)C1
Human-Component   raw_Human-Component
0.4934079349040985   0.4934079349040985   
0.4927401840686798   0.4927401840686798   
0.49308520555496216   0.49308520555496216   
0.4925748109817505   0.4925748109817505   
0.49160343408584595   0.49160343408584595   
0.4933760166168213   0.4933760166168213   
0.4923992455005646   0.4923992455005646   
0.4929269850254059   0.4929269850254059   
0.4943755567073822   0.4943755567073822   
0.49226921796798706   0.49226921796798706   

14:14:19: local_reinforcement_logger.timestep_report +41: INFO     
 Step 18   Fraction valid SMILES: 100.0   Score: 0.4927   Time elapsed: 17   Time left: 28.6
  Agent     Prior     Target     Score     SMILES
-29.02    -29.10     11.13      0.49      O1C(C)(C)CCc2c1c(C(=O)OC(C)C)c(NC(=O)c1occc1)s2
-33.18    -33.31      7.15      0.49      N(C(COC(c1ccccc1Sc1nc(=O)c(CC)c(O)[nH]1)=O)=O)c1cc(Cl)ccc1
-30.13    -30.00     10.28      0.49      N1=C(NC2(C)CC2)Nc2c(cn(CCCCc3ccccc3)c2)C1=O
-29.81    -29.88     10.54      0.49      s1c(N=c2[nH]cc(C(N3CCN(C4CCC4)CC3)=O)cc2)c(-c2[nH]c(=N)nc(C)n2)cc1C(N)=O
-21.87    -22.06     18.44      0.49      N(C(=O)CN1C(=O)c2ccccc2C1=O)c1ccc(C(O)=O)cc1
-28.30    -28.38     12.09      0.49      c1(-c2c(C(=NO)N(CCN3CCCC3)C)cccc2)ccccc1
-23.15    -23.23     17.09      0.49      c1cccc2cc(CC(C)(C)NCC(O)c3c4c(c(O)cc3)NC(=O)CO4)ccc12
-25.42    -25.50     14.96      0.49      n1(C)c(=O)n(C)c2ccc(NS(=O)(c3cccc(C(=O)OCC)c3)=O)cc12
-34.85    -34.85      5.42      0.49      N(N1Cc2c3ccccc3ccc2C1=O)C(=O)CN(c1cc(C)ccc1)S(C)(=O)=O
-23.04    -22.88     17.49      0.49      c12[n+](C)c(C=C3C=Cc4c(cccc4)N3CCCC)ccc1cccc2
Human-Component   raw_Human-Component
0.4906061589717865   0.4906061589717865   
0.4934106171131134   0.4934106171131134   
0.49117299914360046   0.49117299914360046   
0.4929325580596924   0.4929325580596924   
0.493807315826416   0.493807315826416   
0.4934685528278351   0.4934685528278351   
0.49168503284454346   0.49168503284454346   
0.4934256970882416   0.4934256970882416   
0.49106845259666443   0.49106845259666443   
0.49239298701286316   0.49239298701286316   

14:14:20: local_reinforcement_logger.timestep_report +41: INFO     
 Step 19   Fraction valid SMILES: 100.0   Score: 0.4929   Time elapsed: 18   Time left: 27.9
  Agent     Prior     Target     Score     SMILES
-24.93    -25.15     15.31      0.49      C1N(c2nc(C(=O)NC3C4CC5CC3CC(O)(C5)C4)ccc2)C(=O)CC1
-26.03    -26.09     14.28      0.49      C1CN(C(=O)c2sccc2)CCN1C(c1c(C(c2ccccc2)=O)cccc1)=O
-48.27    -48.04     -7.65      0.49      c1(F)c(F)cc(S(=O)(=O)N=c2c(C)c(C)[nH]o2)cc1CNC(=O)C1(C)CCC(COCC(F)(F)F)(O)C1(C)C
-19.86    -20.03     20.43      0.49      c1cc2c(-c3nc(=N)[nH]cc3)csc2cc1
-39.42    -39.34      0.96      0.49      c12c3n(CC(C)C)cnc3c(=N)n(C(=C)C)c1nc(-c1ccccc1)[nH]2
-24.84    -25.02     15.48      0.49      c12c(cccc1)C(=O)c1c(N)ccc(N(CCC)CCC)c1C2=O
-23.89    -23.75     16.64      0.49      C(=O)(N1CCCC1)Nc1ccc(CC(=O)N(CC)CC)cc1
-33.28    -33.43      6.82      0.49      N(C(=O)C)C(C(=O)Nc1c(O)n(CC(c2ccccc2)=O)c(=O)cc1)CCCCN
-34.40    -34.80      5.64      0.49      CC(c1coc(-c2c[n+](CC(=O)Nc3ccc(C)cc3)c3cc(C)ccc3n2)n1)(C)C
-21.32    -21.33     19.04      0.49      c1(NC(=O)c2ccc(Cl)cn2)cc(C2(C)COCC(=N)N2)cc(Cl)c1
Human-Component   raw_Human-Component
0.4933275580406189   0.4933275580406189   
0.49231624603271484   0.49231624603271484   
0.4926164448261261   0.4926164448261261   
0.49346622824668884   0.49346622824668884   
0.49140480160713196   0.49140480160713196   
0.49385055899620056   0.49385055899620056   
0.4925653040409088   0.4925653040409088   
0.49079784750938416   0.49079784750938416   
0.49313297867774963   0.49313297867774963   
0.49232247471809387   0.49232247471809387   

14:14:21: local_reinforcement_logger.timestep_report +41: INFO     
 Step 20   Fraction valid SMILES: 100.0   Score: 0.4930   Time elapsed: 19   Time left: 27.1
  Agent     Prior     Target     Score     SMILES
-78.13    -78.08    -37.80      0.49      c1c2c(c([N+]([O-])=O)c(N(CCOC(=O)C=C(CC)C=C(CCCC=C(C)C)C)OCCCCCCNC(C(c3ccc4c(c3)OCO4)=O)=O)c1Cl)CCCC2
-58.78    -58.88    -18.39      0.49      O=C(C(=O)C(NC(=O)C(NC(C1CC(C2(C)NC(=O)NC2=O)CC1(C)C)=O)CCCC)=O)NCc1scc(Cc2ncccc2)n1
-33.82    -33.71      6.92      0.50      c1(Cl)ccccc1NC(Nc1ccc(-c2ncnc3[nH]cc(S(=O)(=O)c4ccc(Cl)cc4)c32)cc1F)=O
-25.61    -25.78     14.65      0.49      c1cc(S(N(CC(=O)N2CCCc3ccccc32)c2ccc(OC)c(OC)c2)(=O)=O)ccc1C
-28.85    -29.14     11.29      0.49      Cc1ccc2oc(=O)c(NS(c3ccc(Cl)cc3)(=O)=O)c(NCCC(=O)O)c2c1
-30.22    -30.11     10.27      0.49      O(C)CCN(CCOC)c1c2c(nc(-c3ccc4c(c3)cccc4)n1)cccc2
-18.45    -18.45     22.00      0.49      c1c(OC)ccc(C(N=c2[nH]c(C)ccc2)=O)c1
-25.01    -25.12     15.31      0.49      c1cc(Oc2ccc(NC(=NC)N)cc2OC)cc(Cl)c1Cl
-32.68    -32.17      8.26      0.49      C1NC(C)CN(CCCNCc2ccnc(C)n2)C1
-28.95    -29.07     11.40      0.49      C(c1c(O)c(C(=O)C)ccc1OC)=C1C(=O)N(CC(=O)O)C(=S)S1
Human-Component   raw_Human-Component
0.49120867252349854   0.49120867252349854   
0.49371472001075745   0.49371472001075745   
0.49548327922821045   0.49548327922821045   
0.4930630624294281   0.4930630624294281   
0.4930795133113861   0.4930795133113861   
0.49246421456336975   0.49246421456336975   
0.49326854944229126   0.49326854944229126   
0.49301743507385254   0.49301743507385254   
0.4931054413318634   0.4931054413318634   
0.49351394176483154   0.49351394176483154   

14:14:23: local_reinforcement_logger.timestep_report +41: INFO     
 Step 21   Fraction valid SMILES: 96.9   Score: 0.4776   Time elapsed: 21   Time left: 27.7
  Agent     Prior     Target     Score     SMILES
-23.78    -23.95     16.37      0.49      c1c(CCN2CCN(c3cc(C(F)(F)F)ccc3)CC2)ccc(NC(=O)N)c1
-30.93    -30.83      9.64      0.49      c1(NC(c2ccc(NC(c3c(OC)cccc3)=O)cc2)=O)c(O)ccc(S(N(C)C)(=O)=O)c1
-28.70    -28.75     11.65      0.49      c1ccc(-c2ccc(C(=O)NCC(c3n(C)ccc3)N3CCCC3)cc2)cc1
-59.79    -59.50    -59.50      0.00      N(Cc1ccccn1)c1c2c(O)c3c[nH]c(O)c4oc5c(=O)cccc5c(c3=NCCNCCO)c4c2ccc1
-24.30    -24.21     16.13      0.49      C1N(Cc2c(C)[nH]c3ccc(OC)cc23)CCC(C(=O)OCC)C1
-26.36    -26.59     13.90      0.49      c1(NS(=O)(c2ccc(-c3noc(C(OCC)=O)n3)cc2)=O)c(C(O)=O)cccc1
-49.08    -49.23     -8.90      0.49      C(OC)(OC)CC(CC(OCC1(C)OC2C(OC(c3ccccc3)(c3ccccc3)c3c2cccc3)O1)=O)C(c1ccccc1)OC
-57.71    -57.74    -17.42      0.49      N(CC(c1cc(NCC(OCC)=O)cc(N=[N+]=[N-])c1)CC)C(C)CSc1ccccc1O
-28.10    -28.17     12.13      0.49      C1CN(CC(N2CC(C)(C)c3cc(F)ccc32)=O)C(Cn2ncc(C)c2)CC1
-31.43    -31.24      9.05      0.49      N(=c1sc(=NC(=O)C)[nH][nH]1)C(=O)SCC
Human-Component   raw_Human-Component
0.49170249700546265   0.49170249700546265   
0.4935237169265747   0.4935237169265747   
0.492696076631546   0.492696076631546   
0.0   0.0   
0.4919761121273041   0.4919761121273041   
0.4938600957393646   0.4938600957393646   
0.49188289046287537   0.49188289046287537   
0.4917970597743988   0.4917970597743988   
0.4913804829120636   0.4913804829120636   
0.491315096616745   0.491315096616745   

14:14:23: local_reinforcement_logger.timestep_report +41: INFO     
 Step 22   Fraction valid SMILES: 100.0   Score: 0.4931   Time elapsed: 22   Time left: 26.8
  Agent     Prior     Target     Score     SMILES
-43.49    -43.70     -3.36      0.49      c1cc2c([nH]c3c2CC(c2cc(F)ccc2F)NC3C2CCN(Cc3ccc(C)o3)CC2)cc1C
-34.20    -34.04      6.45      0.49      C(c1ccc2c(c1)cccc2)(N1CCCC1)C(Nc1ccc(OC(F)F)cc1)=O
-23.37    -23.52     16.86      0.49      N(=c1c2ccccc2[nH]c(=Nc2cccc(O)c2)[nH]1)N
-29.38    -29.15     11.27      0.49      c1(OCCOc2c(OC)cc(C(N3CCOCC3)=S)cc2)ccccc1[N+](=O)[O-]
-33.16    -33.04      7.38      0.49      C1(CO)(C)C2CCC3(C)C4(C)C(C(O)C(O)C3C2(C)CCC1C1CCC(C(C)(O)C)O1)C(C)(C)C(O)CC4
-24.97    -24.80     15.69      0.49      N1C(=O)C(Cl)(C)Cc2c1cccc2
-17.68    -17.66     22.77      0.49      n1c2ccccc2ccc1C(O)=O
-48.05    -47.90     -7.31      0.50      C(CCC(=O)N1CCN(c2ccc(F)cc2)CC1)n1c2cc(OC)ccc2c2c1c1c(c3c(c4c(c3)OCO4)cn1)cc(OC)c2O
-33.85    -33.91      6.45      0.49      Clc1cccc(-c2noc3c2-c2c(sc(-c4ncc(C(=O)N)cc4)n2)CC3)c1
-25.09    -25.18     15.37      0.49      c1cc(S(=O)(Nc2ccc(O)c(C(O)=O)c2)=O)cs1
Human-Component   raw_Human-Component
0.49198344349861145   0.49198344349861145   
0.4937736392021179   0.4937736392021179   
0.49246612191200256   0.49246612191200256   
0.49299368262290955   0.49299368262290955   
0.49290063977241516   0.49290063977241516   
0.49374592304229736   0.49374592304229736   
0.49298569560050964   0.49298569560050964   
0.49503594636917114   0.49503594636917114   
0.4922812879085541   0.4922812879085541   
0.4944629967212677   0.4944629967212677   

14:14:24: local_reinforcement_logger.timestep_report +41: INFO     
 Step 23   Fraction valid SMILES: 100.0   Score: 0.4931   Time elapsed: 23   Time left: 25.9
  Agent     Prior     Target     Score     SMILES
-32.90    -32.94      7.54      0.49      c1n(C)c2c(cc(Cl)cc2)c1-c1[nH]c(=NC)c2c(n1)[nH]cn2
-37.24    -37.11      3.39      0.49      C(C)(c1ccnc2c[n+]3c(c(C)c(C)cc3C)cc12)(C)C
-26.88    -26.51     13.77      0.49      C1(CC(NCC)=O)C(=O)N2CCc3c([nH]c4c3cccc4)C2(CC)C(C(N2CCN(C(=O)c3ccco3)CC2)=O)C1
-20.49    -20.55     19.85      0.49      c1ncccc1CCC(=O)N1CCOCC1
-52.72    -53.56    -13.12      0.49      C(=O)(C(NC(=O)C(C(O)C)NC(=O)CNC(=O)OCc1ccccc1)CC(C)C)NC(C=CS(c1ccccc1)(=O)=O)Cc1ccccc1OC(=O)N
-32.04    -32.42      7.87      0.49      c1(C(F)(F)F)cccc(N=c2[nH]c3ccc(C(=O)Nc4c(C)n(C)n(C)c4=O)cc3nc2)c1
-34.79    -35.24      5.36      0.50      n1ccc(COc2ccc(COc3c(OC)cc(C=C(C(O)=O)c4ccccc4)cc3OC)cc2)cc1
-33.57    -33.58      6.90      0.49      c1(S(=O)(Cc2ccc(C#N)cc2)=O)nc(-c2ccc([N+](=O)[O-])cc2)ns1
-24.22    -24.32     16.09      0.49      c1(N(S(=O)(c2ccc(C)cc2)=O)C)ccc(OCC(=O)NCC2CCC(C(O)=O)CC2)cc1
-20.55    -20.63     19.88      0.49      c1cc(OCc2cn(Cc3cc(=O)oc4cc(C)ccc34)nn2)ccc1
Human-Component   raw_Human-Component
0.4937085509300232   0.4937085509300232   
0.49397045373916626   0.49397045373916626   
0.49123063683509827   0.49123063683509827   
0.4927540123462677   0.4927540123462677   
0.4931718111038208   0.4931718111038208   
0.4913381338119507   0.4913381338119507   
0.49513283371925354   0.49513283371925354   
0.49376770853996277   0.49376770853996277   
0.4928704798221588   0.4928704798221588   
0.4939465820789337   0.4939465820789337   

14:14:25: local_reinforcement_logger.timestep_report +41: INFO     
 Step 24   Fraction valid SMILES: 100.0   Score: 0.4927   Time elapsed: 24   Time left: 25.0
  Agent     Prior     Target     Score     SMILES
-36.45    -37.03      3.40      0.49      c12cc(OC)ccc1cc(C(C(=O)OCCSC(N(CC)CC)=S)CSC(N(CC)CC)=S)cc2
-22.70    -22.64     17.79      0.49      c1(C(=O)OCC)sc(-n2c(C)c(Cc3ccccc3)c(C)n2)nc1C
-37.15    -37.30      3.09      0.49      c1(OC(F)(F)F)cc(-c2coc3c4c(c(=O)c(-c5cc(OC)c(OC)cc5)co4)ccc3c2=O)ccc1
-35.13    -35.06      5.34      0.49      FC(F)(F)c1cc([N+]([O-])=O)c(OCCNCC2=C(C)c3cc(OC)ccc3OC2)cc1
-17.25    -17.46     22.91      0.49      c1(-c2ccc(N)cc2)sc2ccccc2n1
-31.99    -31.58      8.67      0.49      O=C(C)NCCCNC(=O)Cc1cccc(CC(C)NCC(c2cc(Cl)ccc2)O)c1
-20.78    -20.97     19.49      0.49      Cc1cc(C)cc(OC(c2ccc(OC)cc2)=O)c1
-28.47    -28.52     11.87      0.49      c1(Cn2c3c(cc2C(=O)NCCc2ccc(N)cc2)cccc3)ccc(F)cc1
-30.66    -30.85      9.56      0.49      c1cc([N+](=O)[O-])ccc1S(=O)(NCc1n2c(nc(-c3ccc(F)cc3)n2)sc1)=O
-25.53    -25.44     15.11      0.49      c1(=NC(=O)N=c2cc[nH]c3ccc(CO)cc23)[nH]oc(C(C)(C)C)c1
Human-Component   raw_Human-Component
0.4929645359516144   0.4929645359516144   
0.4930560886859894   0.4930560886859894   
0.4925577938556671   0.4925577938556671   
0.4927285611629486   0.4927285611629486   
0.4923037588596344   0.4923037588596344   
0.490877240896225   0.490877240896225   
0.4934685528278351   0.4934685528278351   
0.49260413646698   0.49260413646698   
0.4927753806114197   0.4927753806114197   
0.494515985250473   0.494515985250473   

14:14:26: local_reinforcement_logger.timestep_report +41: INFO     
 Step 25   Fraction valid SMILES: 100.0   Score: 0.4931   Time elapsed: 25   Time left: 24.0
  Agent     Prior     Target     Score     SMILES
-18.96    -19.03     21.48      0.49      c12ccc(Cl)cc1[nH]c(C(O)=O)c2
-24.16    -24.27     16.14      0.49      C(CCc1c2c(oc1)cccc2)N1CCN(c2ccccc2)CC1
-24.69    -24.46     16.01      0.49      C1(C(F)(F)F)(O)c2ccccc2-c2c(OCC)cc(O)cc21
-27.22    -27.31     13.14      0.49      C(CC(N)C(=O)NC(CCCN=C(N)N)C(NC(Cc1ccccc1)C(=O)N)=O)c1ccccc1
-24.51    -24.20     16.20      0.49      c1(OCCCCCCCCCCCCCC)ccc(C(NCC(OC)=O)=O)cc1
-24.06    -24.08     16.32      0.49      c1c(OC)cc(C(=O)Nc2cc3sc(SCC(OCC)=O)nc3cc2)cc1
-37.53    -37.96      2.36      0.49      c1ccccc1-c1cc(SC2C(=O)CC(CC(C)C)(C3CCCC3)OC2=O)cc(C(F)(F)F)c1
-23.16    -23.24     17.27      0.49      c1cc(C2N(C)C(=O)c3ccccc3C2C(=O)NCCN(CC)CC)ccc1F
-45.80    -45.82     -5.44      0.49      c1(C)c(C#N)cc(-c2ccc(OCc3cnc(CCC)nc3)c(C3CCC(O)CC3)c2)cn1
-22.46    -22.68     17.74      0.49      c1(C(c2ccccc2)C(=O)N(CCC)CCc2ccccc2)ccccc1
Human-Component   raw_Human-Component
0.4940391480922699   0.4940391480922699   
0.49276402592658997   0.49276402592658997   
0.4935881793498993   0.4935881793498993   
0.4933531582355499   0.4933531582355499   
0.4925996661186218   0.4925996661186218   
0.49269041419029236   0.49269041419029236   
0.4916894733905792   0.4916894733905792   
0.49403297901153564   0.49403297901153564   
0.4924394190311432   0.4924394190311432   
0.4928652048110962   0.4928652048110962   

14:14:27: local_reinforcement_logger.timestep_report +41: INFO     
 Step 26   Fraction valid SMILES: 100.0   Score: 0.4930   Time elapsed: 26   Time left: 23.1
  Agent     Prior     Target     Score     SMILES
-36.19    -36.00      4.54      0.49      c12[nH]cnc1N(C1CC1)c1c(cccc1)N=C2c1c(Cl)cncc1Cl
-25.67    -25.69     14.84      0.49      NC(c1ccnc(-c2[nH]nc3cc(F)c(OC(C)C)cc32)c1)=O
-27.47    -27.40     12.99      0.49      n1[nH]nnc1-c1ccccc1-c1ccc(Cc2c3nn(-c4c(C)cc(C)cc4)c(C)c3c(C)nn2)cc1
-39.79    -39.45      1.01      0.49      CC(C)=CCOc1ccc(S(NC(C2CCOCC2)C(NC2C3CC4CC2CC(C3)C4)=O)(=O)=O)cc1
-30.27    -30.54      9.86      0.49      OC(CCC(c1ccc(OCc2c(C)oc(-c3ccc(S(C)(=O)=O)cc3)n2)cc1)C(=O)O)=O
-31.00    -30.82      9.53      0.49      C(CN1CCCCC1)c1cc2c(=O)cc(CCCC)oc2cc1
-25.64    -25.71     14.64      0.49      C1(CC(=O)O)Cc2ccn(C)c2C(=O)C1
-21.39    -21.69     18.85      0.49      c1c(C(c2ccccc2)=NOCCCCC(=O)O)nccc1
-48.61    -48.53     -8.30      0.49      C(C(NC(=O)N(CCNC(C(C(C)C)NS(=O)(=O)C)=O)C)C(NC(C(NC(C=O)Cc1ccccc1)=O)CC(C)C)=O)C(C)C
-27.99    -27.56     12.85      0.49      c1(Br)ccc(-n2c(=NC(=O)COc3c(OC)cccc3)sc(C)c2)cc1
Human-Component   raw_Human-Component
0.4942997097969055   0.4942997097969055   
0.49427512288093567   0.49427512288093567   
0.49257099628448486   0.49257099628448486   
0.4933975040912628   0.4933975040912628   
0.4926908612251282   0.4926908612251282   
0.4920204281806946   0.4920204281806946   
0.4920922517776489   0.4920922517776489   
0.4943828582763672   0.4943828582763672   
0.49061524868011475   0.49061524868011475   
0.49281972646713257   0.49281972646713257   

14:14:28: local_reinforcement_logger.timestep_report +41: INFO     
 Step 27   Fraction valid SMILES: 100.0   Score: 0.4930   Time elapsed: 26   Time left: 21.4
  Agent     Prior     Target     Score     SMILES
-21.76    -22.04     18.34      0.49      c1cc(C(C=C(C)C)=O)c(C(O)=O)cc1
-26.94    -26.97     13.41      0.49      C(C(C)(C)C)(=O)Nc1cc(C(F)(F)F)ccc1N1CCN(S(=O)(=O)C)CC1
-22.05    -21.56     18.85      0.49      C1CN(C(=O)CC(C)C)CCC12OCC(OCC)C2
-23.29    -23.59     16.91      0.49      c1(Cc2ccc(O)cc2)nnc(SCC(c2ccccc2)=O)o1
-27.61    -27.43     12.96      0.49      c1c(N(CC)CC)ccc(NC(CNC(CC(C)(C)C)=O)=O)c1
-31.01    -31.03      9.37      0.49      c1cc(C(c2ccccc2C)NS(=O)(=O)c2ccc(S(=O)(N(C)C)=O)cc2)ccc1
-39.20    -38.65      1.75      0.49      c1(CC)nc2n(cc(Br)cc2C)c1Cc1c(CC#N)cccc1N(C)C
-31.57    -31.91      8.51      0.49      c1ccc(-c2[nH]c(S(Cn3c(=O)c4c(cccc4)nc3)(=O)=O)nc2)cc1
-28.09    -28.31     12.34      0.50      Fc1cc(COc2cccc(C(=O)Nc3ccc(CN4CCOCC4)cc3)c2)c(F)cc1
-31.65    -31.23      9.19      0.49      c1(S(N(CC)c2cccc(Cl)c2)(=O)=O)c(Cl)sc(Cl)c1C
Human-Component   raw_Human-Component
0.49239081144332886   0.49239081144332886   
0.4924207329750061   0.4924207329750061   
0.4927297532558441   0.4927297532558441   
0.49395477771759033   0.49395477771759033   
0.49256277084350586   0.49256277084350586   
0.4926791787147522   0.4926791787147522   
0.49275872111320496   0.49275872111320496   
0.4930192530155182   0.4930192530155182   
0.49573034048080444   0.49573034048080444   
0.4929184317588806   0.4929184317588806   

14:14:29: local_reinforcement_logger.timestep_report +41: INFO     
 Step 28   Fraction valid SMILES: 100.0   Score: 0.4929   Time elapsed: 27   Time left: 20.5
  Agent     Prior     Target     Score     SMILES
-19.64    -19.51     21.06      0.49      c1(N=c2[nH]c(=NCC)c(C(F)(F)F)c[nH]2)c(OC)cc(C(=O)N2CCOCC2)cc1
-47.25    -47.14     -6.72      0.49      c1(F)c(CN(CCc2ccc(CN3CC(CC(N4CCC(N5CCCCC5)CC4)=O)CCC3=O)cc2)C(OCc2ccc(Cl)c(Cl)c2)=O)cccc1
-28.79    -28.59     11.83      0.49      Oc1c2ccccc2[nH]c(=O)c1C(=O)COC(c1c(C)c([N+](=O)[O-])ccc1)=O
-27.17    -27.32     13.05      0.49      c1(C(=O)c2ccccc2)cn(CC(=O)Nc2cc(C)c(Br)cc2)c2ccccc2c1=O
-30.05    -29.90     10.51      0.49      n12c3c(cc1CCNCC2)c(S(=O)(NCCF)=O)ccc3
-26.84    -27.18     13.19      0.49      c1(-c2c(F)cc(F)cc2)c[nH]c(=S)n1C(C)C
-20.10    -20.26     20.04      0.49      c1(C(=O)Nc2ccccc2)cnc2ccccn12
-25.65    -25.74     14.58      0.49      c1cc(C(C)C(=O)N2CCC2)cnc1
-20.55    -20.50     19.93      0.49      c1cc2c(c(=NC(c3c(C)cccc3)=O)[nH][nH]2)cc1
-18.63    -19.06     21.51      0.49      c1cccc2c1c(C(=NO)O)no2
Human-Component   raw_Human-Component
0.49471038579940796   0.49471038579940796   
0.49289941787719727   0.49289941787719727   
0.4929501712322235   0.4929501712322235   
0.4923916757106781   0.4923916757106781   
0.4929017424583435   0.4929017424583435   
0.49225494265556335   0.49225494265556335   
0.49153608083724976   0.49153608083724976   
0.491751104593277   0.491751104593277   
0.4931352734565735   0.4931352734565735   
0.4947560131549835   0.4947560131549835   

14:14:30: local_reinforcement_logger.timestep_report +41: INFO     
 Step 29   Fraction valid SMILES: 96.9   Score: 0.4773   Time elapsed: 28   Time left: 19.6
  Agent     Prior     Target     Score     SMILES
-32.22    -32.58      7.89      0.49      c1c(Sc2ccc(F)cc2CNC(C)=O)ccc(S(=O)(NC)=O)c1
-24.56    -24.80     15.64      0.49      c1(Cl)cc2n(Cc3ccc(OC)cc3)c(=NC3CCN(CCc4ccccc4)CC3)[nH]c2cc1Cl
-27.13    -27.35     12.93      0.49      c1cc(NC(=O)C)c(O)cc1-c1ccc(C(C(O)=O)C)cc1
-45.34    -45.28     -4.89      0.49      N(C(CC(O)=O)C(N)=O)c1c2c(c(O)c(C)cc2)c(O)c2c1c(OCCC)ccc2
-32.70    -32.14      8.31      0.49      Cc1oc(=O)n(CN(CCC)C)c1CC
-17.03    -17.22     23.23      0.49      c1(-c2cc3ccccc3c(=O)[nH]2)ccccc1
-32.10    -32.39      7.92      0.49      c1[nH]c(=N)c(-c2ccc(F)cc2)c(-c2cc[nH]c(=NCc3ccc(C(NC)=O)cc3)c2)n1
-29.98    -30.08     10.32      0.49      c12[nH]c3ccc(C(F)(F)F)cc3c1CCN(C(c1csc(-c3ccccc3)n1)=O)C2
-40.95    -40.96     -0.47      0.49      c1c2c(cncc2)ccc1CNC(c1ccn(Cc2cc3c(no[n+]3[O-])cc2)n1)=O
-34.79    -34.32      6.08      0.49      c1(NC(=O)OCC)cc(C)c(O)c(NC(=O)NCC(O)=O)c1
Human-Component   raw_Human-Component
0.4935866594314575   0.4935866594314575   
0.49315953254699707   0.49315953254699707   
0.4912049174308777   0.4912049174308777   
0.49259263277053833   0.49259263277053833   
0.49333497881889343   0.49333497881889343   
0.49324893951416016   0.49324893951416016   
0.491587370634079   0.491587370634079   
0.49271658062934875   0.49271658062934875   
0.49375760555267334   0.49375760555267334   
0.492707759141922   0.492707759141922   

14:14:31: local_reinforcement_logger.timestep_report +41: INFO     
 Step 30   Fraction valid SMILES: 100.0   Score: 0.4925   Time elapsed: 29   Time left: 18.7
  Agent     Prior     Target     Score     SMILES
-36.02    -35.37      4.88      0.49      CC(C)n1cc(C(O)N=c2[nH]n(-c3ccc(C)cc3)c(-c3cc(COCCCC(F)(F)F)ccc3)c2)cc1O
-29.65    -29.76     10.61      0.49      c1(OC)cc(CN2CCN(c3ncccn3)CC2)ccc1OCc1c(F)cc(C(F)(F)F)cc1
-26.35    -26.32     14.10      0.49      c1nn(CC2N(CCCc3onc(-c4ccco4)n3)CCC2)cc1C
-29.79    -30.28     10.10      0.49      c1(-n2c(=O)c3c(nc2SCC(N(CCOc2ccccc2)C)=O)ccs3)ccc(C)cc1
-31.28    -30.81      9.50      0.49      C1CN(C(C(Cc2cscc2)NC(C(CC(C)C)CC(=NO)O)=O)=O)CCN1c1c(N)cccn1
-19.78    -19.65     20.69      0.49      c1(N2CC(CNC)CC2)c(F)cc2c(n(C3CC3)cc(C(O)=O)c2=O)c1F
-28.74    -29.09     11.25      0.49      c1c(Cl)c(C2=CCN(C(=O)N=c3[nH]c4ccc(Cl)cc4s3)CC2)ccc1C(=O)NC
-24.53    -24.78     15.70      0.49      N1(C(=O)c2ccc(-c3c(C#Cc4ccc(=N)[nH]c4)c(CC)ncn3)cc2)CCN(c2ncccn2)CC1
-36.44    -36.68      3.57      0.49      C(C(=O)Nc1cc(Cl)ccc1OCc1cccc(Cl)c1)CC(=O)NCc1cccnc1
-25.00    -25.15     15.21      0.49      c1ccc(-c2c(Cn3c(C(OCC)=O)cc(-c4ccccc4)n3)cccc2)cc1
Human-Component   raw_Human-Component
0.4907725155353546   0.4907725155353546   
0.4923328757286072   0.4923328757286072   
0.4929330348968506   0.4929330348968506   
0.4924306869506836   0.4924306869506836   
0.4916289150714874   0.4916289150714874   
0.4919177293777466   0.4919177293777466   
0.4919860363006592   0.4919860363006592   
0.4936317503452301   0.4936317503452301   
0.49090343713760376   0.49090343713760376   
0.49228307604789734   0.49228307604789734   

14:14:32: local_reinforcement_logger.timestep_report +41: INFO     
 Step 31   Fraction valid SMILES: 100.0   Score: 0.4929   Time elapsed: 31   Time left: 18.4
  Agent     Prior     Target     Score     SMILES
-35.50    -35.94      4.40      0.49      C(C(c1ccccc1)=O)(NC(=S)N(C)c1ccc(F)c(F)c1)C
-29.74    -29.55     10.85      0.49      c1c(Oc2c(C(C)C)nccc2)[nH]c(=Nc2ccc(C#N)cc2)nc1Cl
-37.11    -36.45      3.99      0.49      Clc1ncnc2n(CCOC(C)Cl)[nH]c(=N)c12
-39.43    -39.81      0.57      0.49      c1cc(O)cc2c3c(C(=O)NC(C(OC)=O)Cc4c[nH]cn4)cccc3cc(O)c12
-19.91    -19.88     20.52      0.49      C1CN(c2ccccc2)CCN1S(c1cc(-c2noc(C)n2)ccc1C)(=O)=O
-31.10    -30.99      9.31      0.49      c1cncc(C#Cc2ccc3n(cc(NC(C45CC6CC(CC(C4)C6)C5)=O)n3)c2)c1
-34.38    -34.55      5.91      0.49      C(CC)S(=O)(N1CCc2c(c(-c3cc(OC)ccc3)nn2CC(O)CN2CCC(N3C(=O)COc4ccccc43)CC2)C1)=O
-18.36    -18.39     21.98      0.49      c1c(C(F)(F)F)ccc(S(N2CCCC2)(=O)=O)c1
-27.58    -27.76     12.71      0.49      Cc1nnc2c(c1-c1ccc(N(C)C)cc1)CCNCC2
-17.98    -18.12     22.28      0.49      c1c(O)ccc(Cc2c[nH]cn2)c1
Human-Component   raw_Human-Component
0.49199238419532776   0.49199238419532776   
0.4927337169647217   0.4927337169647217   
0.4932483732700348   0.4932483732700348   
0.4924398958683014   0.4924398958683014   
0.49273625016212463   0.49273625016212463   
0.49140605330467224   0.49140605330467224   
0.4933580160140991   0.4933580160140991   
0.4923757016658783   0.4923757016658783   
0.4935570955276489   0.4935570955276489   
0.4926255941390991   0.4926255941390991   

14:14:33: local_reinforcement_logger.timestep_report +41: INFO     
 Step 32   Fraction valid SMILES: 96.9   Score: 0.4778   Time elapsed: 32   Time left: 17.5
  Agent     Prior     Target     Score     SMILES
-30.58    -30.51     10.03      0.49      C(NC1CN(C2CCC(c3cc4c(cc3)OCO4)(O)CC2)C1)(=O)OC(c1ccccc1)C
-26.70    -26.57     13.76      0.49      C(=O)(N=c1cc2[nH][nH]c(=NC(OC)=O)c2c[nH]1)NCC(O)c1ccccc1
-32.49    -32.10      8.41      0.49      c1ccc(C#CC(C)(O)C)c2c1CC(CNC(=O)Cc1ccsc1)O2
-30.48    -30.75      9.54      0.49      c1(OCC)cc(C2=C(C(NCc3ccc(C(O)=O)cc3)=O)C(=O)NC(c3ccc(OCCCC(F)(F)F)cc3)(C(F)(F)F)C2)ccc1F
-20.34    -20.51     19.87      0.49      Oc1ccc(C(=O)NNC(Nc2ccccc2)=O)cc1
-25.88    -25.84     14.51      0.49      c1(-c2ccccc2)sc2n(cc(-c3ccc(Cl)c(C)c3)n2)n1
-52.76    -52.87    -12.37      0.49      CC(c1ccc2c(c1)C(O)C1C(C2=O)C(C=Cc2ccc(-c3cc(C)cs3)cc2)C(C)(C)CO1)C
-24.32    -24.37     16.11      0.49      O=c1c(C(=O)OCCC)c[nH]c(-c2ccc(C)cc2)n1
-22.28    -22.34     18.14      0.49      c1c(OC)c(NC(=O)CSc2n[nH]c(=NC(c3ccccc3F)=O)s2)ccc1
-25.50    -25.24     15.11      0.49      C(C)(CNC(=O)N1CCCC1C(=O)Nc1ccc(OC)cc1)C
Human-Component   raw_Human-Component
0.4943399131298065   0.4943399131298065   
0.4917888641357422   0.4917888641357422   
0.49394461512565613   0.49394461512565613   
0.49133753776550293   0.49133753776550293   
0.4924335777759552   0.4924335777759552   
0.4920203685760498   0.4920203685760498   
0.49394193291664124   0.49394193291664124   
0.4937049448490143   0.4937049448490143   
0.49376922845840454   0.49376922845840454   
0.49206429719924927   0.49206429719924927   

14:14:34: local_reinforcement_logger.timestep_report +41: INFO     
 Step 33   Fraction valid SMILES: 100.0   Score: 0.4932   Time elapsed: 33   Time left: 16.5
  Agent     Prior     Target     Score     SMILES
-18.23    -18.38     22.10      0.49      c1ccccc1C1=C(C(=O)OC)C2OC(CC2)C1
-33.25    -33.35      7.01      0.49      CN(C(c1ccc(C2=C(C)CCCC2(C)C)nc1)C)C
-26.74    -26.68     13.71      0.49      c1cc(-c2c(CCC)n(-c3ccc(C)cc3)nc2-c2ccc(Cl)cc2)ccc1Cl
-37.64    -37.45      3.01      0.49      N(CCNC(=S)NCCNC(=O)Cc1cc(OC)c(O)cc1)=c1c(Br)cc(Br)c[nH]1
-24.49    -24.79     15.58      0.49      c1c(Cl)c(CSc2nn3c(n2)N=C(C)C(C(=O)Nc2cccnc2)C3CC(C)C)ccc1
-23.58    -23.50     16.83      0.49      CN(C)C=Nc1c(C#N)c2c(s1)C(c1ccc(Cl)cc1)CC(=O)N2
-20.34    -20.47     20.10      0.49      c1cc(S(=O)(N2CCC(C(=O)NC3CCCCCC3)CC2)=O)cc(OC)c1OC
-24.60    -24.80     15.62      0.49      C1C(Cc2ccn(-c3ccc(OC)cc3)c2O)CCC1
-44.35    -44.81     -4.17      0.50      C(#N)c1ccc(N=c2[nH]cc([N+]([O-])=O)c(OC3CC4N(S(=O)(c5sccc5)=O)c5ccccc5C4N3C)c2)cc1
-25.80    -26.09     14.37      0.49      n1(Cc2cc(Cl)ccc2)c(-c2ccc(F)cc2)nc2c1cccc2
Human-Component   raw_Human-Component
0.4936569631099701   0.4936569631099701   
0.4922322928905487   0.4922322928905487   
0.49248817563056946   0.49248817563056946   
0.49342215061187744   0.49342215061187744   
0.49226367473602295   0.49226367473602295   
0.4919106960296631   0.4919106960296631   
0.49465855956077576   0.49465855956077576   
0.49282893538475037   0.49282893538475037   
0.4955189824104309   0.4955189824104309   
0.4934614598751068   0.4934614598751068   

14:14:35: local_reinforcement_logger.timestep_report +41: INFO     
 Step 34   Fraction valid SMILES: 100.0   Score: 0.4931   Time elapsed: 33   Time left: 15.1
  Agent     Prior     Target     Score     SMILES
-44.89    -44.55     -3.96      0.49      C1NC(=O)N(c2[nH]c3cccc(C#CCN4CC(CO)OCC4)c3n2)CC1C
-23.12    -22.86     17.58      0.49      C1N(C(=O)Nc2cccc(C)c2C)CCN(c2ccc([N+]([O-])=O)cc2)C1
-23.10    -23.22     17.19      0.49      Cc1cc(Cl)c(NC(=O)CN2CCC(C(N)=O)CC2)cc1
-35.65    -36.03      4.36      0.49      c1c2c(sc1N(S(c1cc(C(=O)O)ccc1)(=O)=O)Cc1ccc(-c3cccc(F)c3)cc1)nccc2
-26.06    -25.88     14.48      0.49      Cc1ccc(S(=O)(N2CCCC2)=O)cc1NC(=O)C=Cc1c([N+]([O-])=O)cccc1
-32.04    -32.23      8.11      0.49      C(CNC(N1C2CC(C1)N(C(=O)OC(C)C)C2)=O)c1ccccc1
-29.63    -29.74     10.77      0.49      CC(OC(C)=O)C(Oc1ccc(OC(N2CCOCC2)=O)cc1)=O
-32.47    -32.68      7.64      0.49      C(C)OC(=O)C1N(C(c2cc(Cc3c[nH]c(=O)c4cc(Cl)ccc43)ccc2F)=O)CCCC1
-19.45    -19.48     20.89      0.49      c1cc(C[n+]2cn(C)c3ccccc32)ccc1
-29.85    -30.06     10.56      0.50      c1ccc(OCc2nc3c(ccc(OC(F)F)c3)o2)nc1
Human-Component   raw_Human-Component
0.49497389793395996   0.49497389793395996   
0.49311766028404236   0.49311766028404236   
0.4927157163619995   0.4927157163619995   
0.4924734830856323   0.4924734830856323   
0.49218180775642395   0.49218180775642395   
0.49202874302864075   0.49202874302864075   
0.4940321147441864   0.4940321147441864   
0.4916797876358032   0.4916797876358032   
0.4922739565372467   0.4922739565372467   
0.4953424632549286   0.4953424632549286   

14:14:36: local_reinforcement_logger.timestep_report +41: INFO     
 Step 35   Fraction valid SMILES: 93.8   Score: 0.4159   Time elapsed: 34   Time left: 14.2
  Agent     Prior     Target     Score     SMILES
-21.29    -21.54     18.90      0.49      c1cc(C2=NN(C(=O)c3ccncc3)C(c3cccs3)C2)ccc1O
-44.42    -44.48     -3.92      0.49      C1(OC2OC(C)C(O)C(O)C2O)(C)C2CC(OC(=O)c3ccccc3O)C3(C)C(O)(OC2C1)C(=C)C(=O)C3
-26.05    -26.04     14.33      0.49      c1c2c(=O)c(S(c3ccc(Cl)cc3)(=O)=O)cn(CCCC)c2ccc1Br
-25.45    -25.33     15.17      0.49      O=S(C(=NNc1c(Cl)cccc1)C(C)=O)#N
-20.44    -20.30    -20.30      0.00      c1(CC(C(O)=O)CC)ccc(OC)cc1
-29.14    -29.27    -29.27      0.00      c1c(=NC(=O)C2CC2)cc2c(c[nH]1)cc(-c1cccc(F)c1)cc2
-69.10    -69.04    -28.57      0.49      O=C(Nc1ccc(C(Nc2cc(C(=O)OC)c(CC(=O)N3c4c(c5c(CCCC(=O)O)c(C(OC)=O)ccc5c(N)c4)C(CCl)C3)cc2)=O)cc1)C1N(C(C(N)CC)=O)CCC1
-29.72    -29.70     10.52      0.49      C(c1ccccc1)CNS(=O)(=O)c1cc(NC(=O)c2sc3c(c2)cccc3)ccc1C
-23.65    -23.96     16.53      0.49      O1C(c2ccnc(=O)c3ccccc23)=NCC1
-27.14    -27.17     13.25      0.49      c1(C(=O)C=Cc2c(OC)ccc(Br)c2)c(C)c(C#N)c(N)s1
Human-Component   raw_Human-Component
0.49315083026885986   0.49315083026885986   
0.49463674426078796   0.49463674426078796   
0.49229106307029724   0.49229106307029724   
0.493944376707077   0.493944376707077   
0.4935532212257385   0.4935532212257385   
0.0   0.0   
0.49344590306282043   0.49344590306282043   
0.490451842546463   0.490451842546463   
0.4938012659549713   0.4938012659549713   
0.4929097294807434   0.4929097294807434   

14:14:37: local_reinforcement_logger.timestep_report +41: INFO     
 Step 36   Fraction valid SMILES: 96.9   Score: 0.4618   Time elapsed: 35   Time left: 13.2
  Agent     Prior     Target     Score     SMILES
-25.00    -24.97     15.54      0.49      O(c1ccc(CN2C(=O)C(=Cc3ccccc3OCC(=O)O)SC2=S)cc1)C
-54.25    -53.56    -53.56      0.00      Oc1ccc2c(c1)[nH]c1c2C2CC3C(CC)CN4C2C(c2c5c1c(O)ccc2)C(O)CCC53O4
-33.94    -33.84      6.54      0.49      c1cc2n(CC)c(=O)c3c(n[nH]c3)c2cc1Oc1ccnc(C(OC)=O)c1
-30.26    -29.83     10.58      0.49      C(C(C)(NC(C1CCS(=O)(=O)N1C(C)C)=O)C)C
-19.61    -19.74    -19.74      0.00      C(C(C)C)c1cc(OC)c(O)cc1
-21.49    -21.42     19.01      0.49      COc1cc(N2CCN(CCCCn3c4c(=O)n(C)c(=O)n(C)c4nc3)CC2)ccc1
-29.68    -29.85     10.48      0.49      C1c2c(cccc2)CC(CNCc2ccc(O)c(O)c2)N1C(=O)C
-38.41    -38.64      1.56      0.49      C(Nc1cc(OC)c(OC)cc1C)(c1c(O)n(-c2ccc(N(CC)CC)cc2)c(O)c1)=O
-22.68    -22.84     17.51      0.49      S(CC(Nc1ccc(OC)cc1)=O)CC(Nc1ccc2c(c1)OCCO2)=O
-30.51    -30.91      9.50      0.49      C(C(=O)c1ccc[nH]1)C1N(C)C(CC(=O)c2ccc(F)cc2)CCC1
Human-Component   raw_Human-Component
0.49395114183425903   0.49395114183425903   
0.0   0.0   
0.4924933612346649   0.4924933612346649   
0.4927792549133301   0.4927792549133301   
0.49474620819091797   0.49474620819091797   
0.4929778575897217   0.4929778575897217   
0.49177584052085876   0.49177584052085876   
0.49023446440696716   0.49023446440696716   
0.49208536744117737   0.49208536744117737   
0.49288055300712585   0.49288055300712585   

14:14:38: local_reinforcement_logger.timestep_report +41: INFO     
 Step 37   Fraction valid SMILES: 96.9   Score: 0.4467   Time elapsed: 36   Time left: 12.3
  Agent     Prior     Target     Score     SMILES
-38.55    -38.66      1.72      0.49      CC1N(c2ncnc(CC)c2C#N)CCc2c1c(=Nc1ccc(C(C)(C)C)cc1)nc[nH]2
-22.93    -23.22    -23.22      0.00      c1(C)cc(C(=O)O)c(N)cc1N(C)C
-27.97    -27.62     12.90      0.49      n1c2c(=NC(c3ccccc3)C)[nH]cnc2n(C2C(F)C(O)C(COS(=O)(=O)N)O2)c1
-36.96    -36.83      3.57      0.49      C1OCCN(C(=O)C(CCOC)N(C(=O)c2occc2)c2cc(OC)c(Cl)cc2OC)C1
-23.20    -23.82     16.47      0.49      C1(N(c2ccc(C3C(N(C)C)CN(Cc4c(F)cccc4C)C3)cc2)C)CC1
-23.11    -23.12     17.24      0.49      C(C)CCCC(Nc1ccc(S(N=c2[nH]ccc(C)n2)(=O)=O)cc1)=O
-24.52    -24.46     15.94      0.49      c12ccccc1c1c(cc2)Oc2ncn(CCCN3CCOCC3)c(=N)c2C1c1cc(OC)ccc1
-41.04    -40.97     -0.61      0.49      C1CCN(CC(O)CNC(=O)C(=O)CC(C)C)C1C(NC(C(c1oc2ccc(O)cc2n1)=O)C(C)C)=O
-53.21    -53.29    -12.92      0.49      c12c(ccc(-c3cc(F)c(CNCc4cnc(C(=N)N)c(OCC)c4)cc3)c1)[nH]c(C(O)=O)nc2=O
-27.27    -27.22     13.12      0.49      N(C(=O)c1nn(-c2c(Cl)cccc2)c(-c2ccc(OC)c(OC)c2)c1C)CCCn1ccnc1
Human-Component   raw_Human-Component
0.4924018979072571   0.4924018979072571   
0.4933668375015259   0.4933668375015259   
0.4940822124481201   0.4940822124481201   
0.49270308017730713   0.49270308017730713   
0.4913744032382965   0.4913744032382965   
0.49218764901161194   0.49218764901161194   
0.4927408695220947   0.4927408695220947   
0.492123544216156   0.492123544216156   
0.4923156201839447   0.4923156201839447   
0.4920480251312256   0.4920480251312256   

14:14:39: local_reinforcement_logger.timestep_report +41: INFO     
 Step 38   Fraction valid SMILES: 100.0   Score: 0.4621   Time elapsed: 37   Time left: 11.4
  Agent     Prior     Target     Score     SMILES
-21.88    -22.61     17.77      0.49      C(=O)(NCCN(CC)CC)c1ccc(NC(=O)c2ccc(-c3ccccc3)cc2)cc1
-28.28    -27.80     12.60      0.49      O=C1c2ccccc2-c2c3c([nH]c(=N)c2C1)cc[nH]3
-19.95    -20.07     20.49      0.49      c1(N2CCC(N3CCCCC3)CC2)ccc(CN(S(=O)(=O)Cc2ccccc2)CC(C)C)cc1
-20.86    -20.56    -20.56      0.00      c1(SCCNC(=N)N)ccc(C)cc1
-34.07    -34.39      6.07      0.49      C(CN(C)C)c1c(CCNS(=O)(=O)c2ccc(CCCCC)cc2)n2cc(C(NCC)=O)ccc2n1
-30.43    -30.99      9.44      0.49      C1N(C(=O)CCc2c(C)n3c(cc(-c4ccc(Cl)cc4)n3)nc2C)CCN(Cc2ccc3c(c2)OCO3)CC1
-23.01    -22.94     17.46      0.49      C(N=c1sc(S(=O)(=O)N(Cc2ccc(Cl)cc2)C)n[nH]1)C
-24.50    -23.91     16.58      0.49      O=C1c2c(=O)c3ccccc3n(C)c2CC(c2ccc(C)cc2)C1
-22.84    -23.51     16.85      0.49      c1cccc2c1C(=O)N(c1ccccc1)C(c1ccc(OC)c(COc3ccc(NC(=O)C)cc3)c1)N2C
-23.18    -23.54     16.77      0.49      c1nc2c(cc1F)C(=O)N(C(C)CO)CC(C)C(CN(C)C(=O)NC(C)C)O2
Human-Component   raw_Human-Component
0.49239489436149597   0.49239489436149597   
0.4927203357219696   0.4927203357219696   
0.4946475923061371   0.4946475923061371   
0.49401047825813293   0.49401047825813293   
0.493512898683548   0.493512898683548   
0.4930511713027954   0.4930511713027954   
0.49274250864982605   0.49274250864982605   
0.49379968643188477   0.49379968643188477   
0.492201030254364   0.492201030254364   
0.49162423610687256   0.49162423610687256   

14:14:40: local_reinforcement_logger.timestep_report +41: INFO     
 Step 39   Fraction valid SMILES: 100.0   Score: 0.4927   Time elapsed: 38   Time left: 10.5
  Agent     Prior     Target     Score     SMILES
-30.16    -30.78      9.66      0.49      c1(C(=O)c2c3c(ccc2)CCCC3)cn(C2C(O)C(O)C(O)C(CO)O2)c2ccccc12
-21.32    -21.41     18.96      0.49      c1c(NC(=O)Cc2ccccc2)c(O)cc(C)c1
-18.37    -18.25     22.11      0.49      C1(CO)OC(n2cnc3c(SCc4ccccc4)ncnc32)C(O)C1O
-21.01    -21.07     19.30      0.49      c1c(Cl)c(C)ccc1NC(=O)c1c(C)oc(C)c1
-20.85    -21.39     19.11      0.49      C(c1ccc(OC)cc1)Sc1n(N)c(=O)cnn1
-33.72    -33.17      7.19      0.49      n1(-c2ccc(C)cc2Br)[nH]c(C(C)(C)C)cc1=NC(=O)N=c1cc2c(c[nH]1)c(-c1ccnc(C)c1)n[nH]2
-23.67    -24.10     16.11      0.49      C(c1ccccc1)C(NC(Nc1ccc(C)cc1)=O)C(OCC)=O
-32.32    -32.40      8.00      0.49      C1(C(=O)OCOC(=O)OCCCCCC)(C)C(=O)OCC1
-24.67    -24.87     15.60      0.49      c1c(C(OC)=O)cc2c(c1Cl)C(=O)c1c(cccc1)C2=O
-34.23    -33.89      6.75      0.50      c1cnc2c(c(CN3CCN(c4ccc(C#N)cc4)CC3)cc(OC)n2)c1C
Human-Component   raw_Human-Component
0.49318480491638184   0.49318480491638184   
0.4922613501548767   0.4922613501548767   
0.49223795533180237   0.49223795533180237   
0.4923209249973297   0.4923209249973297   
0.493872731924057   0.493872731924057   
0.49227476119995117   0.49227476119995117   
0.4903818964958191   0.4903818964958191   
0.49271970987319946   0.49271970987319946   
0.4935446083545685   0.4935446083545685   
0.49556511640548706   0.49556511640548706   

14:14:41: local_reinforcement_logger.timestep_report +41: INFO     
 Step 40   Fraction valid SMILES: 96.9   Score: 0.4620   Time elapsed: 39   Time left: 9.5
  Agent     Prior     Target     Score     SMILES
-18.37    -18.06     22.40      0.49      C1N(c2c(OC)cccc2)CCN(Cc2sccc2)C1
-49.31    -49.82     -9.32      0.49      c1cc2c(cc1)Sc1c(cc(OC)cc1)CC2NCCC#CCC(S(=O)(c1ccc(F)cc1)=O)c1ccc(F)cc1
-30.25    -29.81     10.62      0.49      C(C)OC(C1=C(C)N=C2SCC(=O)N2C1(O)c1ccc(Cl)cc1)=O
-24.56    -24.77     15.52      0.49      c1c2c(n(Cc3c(C)cccc3)c(C(CCC)N)n2)ccc1
-43.15    -44.73     -4.33      0.49      C(c1ccc(N2CCCN(c3ccc(-n4c(-c5ccccc5)[n+](C)c(C)c4)cc3)CC2)cc1)(=NO)N
-72.65    -72.73    -32.21      0.49      C1C2CC3CC1(C1(O)CC(OC(=O)c4ccccc4)C4(C)C(C1)C(COC)(C)C(OC(=O)CCCCCCC)CC4)C(C)(O)C3(OC(C)=O)C(=O)C2(C)O
-40.17    -40.31      0.20      0.49      [nH]1c(C(=O)c2[nH]c3ccc(S(=O)(=O)NC(C(C)C)C(=O)O)cc3c2)c(N)cc1
-31.74    -31.80      8.53      0.49      Fc1c(F)cc(NC(C(C(OCC)=O)=Cc2ccco2)=O)c(F)c1
-27.03    -26.99     13.41      0.49      C12C(CCc3c1ccc(C(=O)NCC)c3)CNC2C
-40.53    -40.48     -0.11      0.49      n1ccc2c(c1)c(Oc1ccc(C=CC(=O)NC3CCCCC3)cc1C)ccc2C(=O)O
Human-Component   raw_Human-Component
0.49338415265083313   0.49338415265083313   
0.4939314126968384   0.4939314126968384   
0.4931064248085022   0.4931064248085022   
0.49131476879119873   0.49131476879119873   
0.49258244037628174   0.49258244037628174   
0.4941326379776001   0.4941326379776001   
0.49397382140159607   0.49397382140159607   
0.491910457611084   0.491910457611084   
0.49273237586021423   0.49273237586021423   
0.4923372268676758   0.4923372268676758   

14:14:42: local_reinforcement_logger.timestep_report +41: INFO     
 Step 41   Fraction valid SMILES: 100.0   Score: 0.4931   Time elapsed: 41   Time left: 8.8
  Agent     Prior     Target     Score     SMILES
-28.58    -28.93     11.57      0.49      c1cc(O)ccc1C(=O)N1Cc2c(n(Cc3ccc(OC)c(Cl)c3)cn2)CC1
-20.99    -21.06     19.31      0.49      c1c(Cl)c(Oc2c([N+](=O)[O-])cc([N+](=O)[O-])cc2)ccc1
-32.00    -31.86      8.72      0.49      c1c2c(cc(F)c1)c(N1CCC(Oc3cccc(OC)c3F)CC1)n[nH]c2=O
-34.25    -34.60      5.81      0.49      C(CCN=C(N)N)C(NC(=O)C(NC(=O)C)CCCCN)C(=O)NC(C(=O)NC(Cc1ccc(O)cc1)C(=O)O)Cc1c[nH]cn1
-48.28    -47.80     -7.41      0.49      N#Cc1c2c(ccc1OCC1CCN(C(=O)NC(CC(C)C)(C)C(OCC)=O)CC1)c[nH]n2
-20.33    -20.06     20.45      0.49      c1c(N=C2C(Cl)C(=O)c3ncncc3C2=O)cccc1C
-24.19    -24.03     16.53      0.49      C(CC1CCN(Cc2c(C)noc2C)CC1)(=O)c1c(F)cc(F)cc1
-30.45    -30.79      9.70      0.49      c1(=Cc2cn(CC)c3ccccc23)c(=O)n(-c2c(C(=O)O)cc(C)cc2)[nH]c1=C
-25.00    -24.99     15.46      0.49      C(C(C(=O)c1ccc2c(cccc2)c1)C)C
-21.53    -21.62     18.79      0.49      c1ccccc1C(=O)N=c1nc(Cl)c2cnn(C)c2[nH]1
Human-Component   raw_Human-Component
0.4938333034515381   0.4938333034515381   
0.49225154519081116   0.49225154519081116   
0.49493348598480225   0.49493348598480225   
0.49275222420692444   0.49275222420692444   
0.49254727363586426   0.49254727363586426   
0.4939843416213989   0.4939843416213989   
0.4946638345718384   0.4946638345718384   
0.49382296204566956   0.49382296204566956   
0.493198424577713   0.493198424577713   
0.492853045463562   0.492853045463562   

14:14:43: local_reinforcement_logger.timestep_report +41: INFO     
 Step 42   Fraction valid SMILES: 100.0   Score: 0.4929   Time elapsed: 42   Time left: 7.8
  Agent     Prior     Target     Score     SMILES
-29.28    -28.99     11.35      0.49      FC(F)(F)c1c(N2CCC(c3ncc(Cl)cc3S(=O)(C)=O)CC2)nccc1
-42.61    -42.82     -2.32      0.49      c1ccc(N2C(=O)C3(c4cc(O)ccc42)CC(C)c2c(C(N)=O)cccc2C3)cc1
-21.75    -22.01     18.27      0.49      c12c(ccc(N3C(=O)CC(NC(c4ccco4)=O)C3)c1)OCCO2
-20.67    -20.70     19.86      0.49      CCOC(=O)C1=CN(Cc2ccc(OC)cc2)c2c(cccc2)C1c1ccc(OC)cc1
-25.14    -25.42     15.01      0.49      c1cc(C(=O)N2CCC3(OC(=O)N(CC(=O)N(C)C)C3)CC2)cc(F)c1
-23.94    -24.48     15.92      0.49      N(c1ccc(Cl)c(Cl)c1)C(c1cc(C(Nc2ccc(C)cc2)=O)ccc1)=O
-44.03    -43.89     -3.34      0.49      c1(C2C(COc3ncccn3)CNCC2)ccc2nnc(-c3ccon3)n2n1
-22.06    -23.07     17.25      0.49      c1cc(OCC(O)CN2Cc3ccccc3CC2)ccc1-c1ccc(C(=O)O)cc1
-34.27    -35.15      5.20      0.49      c1(C=c2c(=CCCN3CCN(C(CS)=O)CC3)c3c([nH]2)CCCC3)c(O)[nH]c(=O)n1CCc1ccccc1
-36.26    -36.81      3.61      0.49      NS(=O)(=O)CCNC(=O)C(c1nc2cc(-c3ccc(C(NOC)=O)cc3)ccc2s1)NC(C1CCC(CN)CC1)=O
Human-Component   raw_Human-Component
0.49189937114715576   0.49189937114715576   
0.4938995838165283   0.4938995838165283   
0.4912256896495819   0.4912256896495819   
0.49472782015800476   0.49472782015800476   
0.49302318692207336   0.49302318692207336   
0.4926341474056244   0.4926341474056244   
0.4945135712623596   0.4945135712623596   
0.4916936159133911   0.4916936159133911   
0.49208682775497437   0.49208682775497437   
0.49291762709617615   0.49291762709617615   

14:14:44: local_reinforcement_logger.timestep_report +41: INFO     
 Step 43   Fraction valid SMILES: 100.0   Score: 0.4777   Time elapsed: 43   Time left: 6.8
  Agent     Prior     Target     Score     SMILES
-20.96    -21.52     18.97      0.49      c1ccc(-n2[nH]c(C(NCC3(CO)COC3)=O)cc2=NC(c2cc(-c3ccc(F)cn3)c(Cl)cc2Cl)=O)cc1
-44.37    -44.00     -3.37      0.50      Cc1cc(C)cc(C)c1S(NN(Cc1cccc(C)c1C)S(=O)(=O)c1cccc([N+]([O-])=O)c1)(=O)=O
-28.12    -27.82     12.59      0.49      Nc1c(-c2nc3ccccc3c(Oc3ccccc3)n2)c(C)ccc1
-41.55    -41.20     -0.79      0.49      C(Oc1c([N+]([O-])=O)cc(C(F)(F)F)cc1)c1n(-c2no[nH]c2=N)nnc1C(=O)NN=Cc1cc2c(cc2)OCO1
-20.58    -20.32     20.19      0.49      Clc1c(Cl)c2c(cc1OCC(=O)O)C(=O)C(C)C2
-27.46    -26.97     13.45      0.49      C1CCCCC1(c1ccccc1)C(NCC(OC)=O)C
-43.76    -43.35     -2.93      0.49      C(Cc1ccc(-c2cc(NS(c3ccc4ccccc4c3)(=O)=O)ccc2C)cc1OC(C)=O)(=O)O
-26.68    -27.36     13.09      0.49      C(C)(c1ccc(OC(=S)Sc2ccc(C(=O)O)cc2)cc1)(C)C
-21.48    -21.28     19.18      0.49      c1(C)ccc(SCC(CN2CCCC2=O)O)cc1
-23.99    -24.03     16.37      0.49      c1(=O)n(-c2ccccc2)c(C=Cc2n[nH]nn2)nc2cc(Cl)c(Cl)cc12
Human-Component   raw_Human-Component
0.49378639459609985   0.49378639459609985   
0.49537840485572815   0.49537840485572815   
0.4928513467311859   0.4928513467311859   
0.49288296699523926   0.49288296699523926   
0.4941096305847168   0.4941096305847168   
0.49292850494384766   0.49292850494384766   
0.49298492074012756   0.49298492074012756   
0.4933485686779022   0.4933485686779022   
0.49344730377197266   0.49344730377197266   
0.4927082359790802   0.4927082359790802   

14:14:45: local_reinforcement_logger.timestep_report +41: INFO     
 Step 44   Fraction valid SMILES: 100.0   Score: 0.4776   Time elapsed: 44   Time left: 5.9
  Agent     Prior     Target     Score     SMILES
-27.72    -27.68     12.67      0.49      c1c2c(c3onc(C)c3c(=Nc3cc(O)ccc3)[nH]2)ccc1
-34.17    -34.95      5.38      0.49      c1cc(O)ccc1C(C(NC(Cc1c[nH]cn1)C(=O)NC(C(NC(Cc1ccccc1)C(=O)N)=O)CC(C)C)=O)C
-53.63    -53.25    -12.80      0.49      CC(C)(C)NC(=O)C(C(C)CC)NC(=O)C1NC(c2ccc3c(c2)Cc2c-3cccc2)OC1C(=O)N(C1CCCCC1)C
-21.81    -22.22     18.19      0.49      c1(O)cc(C=C2C(=O)c3ccc(O)cc3C2)ccc1OC
-28.97    -29.63     10.77      0.49      c1c(N2CC(CNC(C)=O)OC2=O)cc2c(c1)C(=O)C(=O)c1c-2cc2c(c1)OCO2
-41.62    -42.25     -1.79      0.49      O(CCCOC(Nc1ccc(N2N=C(c3cc(OC)c(OC)cc3)C3(CCN(C(=O)c4ccc(C)cc4)CC3)C2)cc1OC)=O)C
-21.47    -22.06     18.50      0.49      c1c(O)c(C2C(=O)C(=O)c3ccccc3C2=O)ccc1
-41.46    -41.16     -0.72      0.49      C1OCCN(c2cc3c(cc2)c(C(=O)N2CC(C(Cc4ccccc4)(O)c4ccccc4)CCC2)c[nH]3)C1
-24.02    -24.38     15.97      0.49      c1(NC(=O)C=Cc2ccc(C(F)(F)F)cc2)ccc(Cn2c(C)c(CC(O)=O)c(C)n2)cc1
-26.89    -26.55     13.90      0.49      N=c1c(Br)cn(C2C(OC(CC)=O)C(OC(=O)C)C(COC(C)=O)O2)c(=O)[nH]1
Human-Component   raw_Human-Component
0.49206772446632385   0.49206772446632385   
0.49181875586509705   0.49181875586509705   
0.4932701885700226   0.4932701885700226   
0.4927995204925537   0.4927995204925537   
0.4927283227443695   0.4927283227443695   
0.4934346377849579   0.4934346377849579   
0.4945783019065857   0.4945783019065857   
0.4931851625442505   0.4931851625442505   
0.4920412302017212   0.4920412302017212   
0.49329477548599243   0.49329477548599243   

14:14:46: local_reinforcement_logger.timestep_report +41: INFO     
 Step 45   Fraction valid SMILES: 96.9   Score: 0.4623   Time elapsed: 44   Time left: 4.8
  Agent     Prior     Target     Score     SMILES
-35.35    -35.84      4.66      0.49      C(CCCCC)CCCCCCC=CCCCC(=O)Oc1ccc(C2=NC(C(O)=NO)CO2)cc1
-31.92    -32.04      8.41      0.49      c1(C2CC3(N(C)C)CC(CC3)C2(C)C)ccc2c(c1O)C=CC(C)(C)O2
-22.49    -22.11     18.46      0.49      n1c(N2CCN(CCCCN3C(=O)c4c(cccc4)CC3)CC2)c2ccccc2s1
-28.57    -28.83     11.54      0.49      c1(Cl)ccc(CC(=O)Nc2cc(Sc3c(NC(=O)CCN4CCN(c5ccccc5)CC4)cccc3)ccc2)cc1
-20.33    -20.99     19.41      0.49      c1c(C(c2nnnn2CCCC)N2CCN(C3CCC3)CCC2)ccc(OC)c1
-27.50    -27.57     12.75      0.49      O=C(N(c1ccc(C(O)(C(F)(F)F)C(F)(F)F)cc1)CC)c1ccc(CN2CCCCC2)cc1
-31.29    -31.56      8.94      0.49      c1(C(=O)NC2(C(=NO)O)CCOCC2)cc(Br)ccc1OC
-33.00    -32.89      7.74      0.50      c1(F)c(=NCC2NCCCC2)[nH]c(=Nc2ccc(N3CCC(C)CC3)cc2)[nH]c1
-22.94    -23.05     17.35      0.49      C(CN1C(N)=NCC1)(=O)O
-25.72    -26.08     14.50      0.49      C1N(CC(=O)NCc2c(OC)cccc2)CCc2c3ccccc3[nH]c2C1
Human-Component   raw_Human-Component
0.4939732253551483   0.4939732253551483   
0.4932309687137604   0.4932309687137604   
0.49479931592941284   0.49479931592941284   
0.4923761188983917   0.4923761188983917   
0.492661714553833   0.492661714553833   
0.49167588353157043   0.49167588353157043   
0.4939286708831787   0.4939286708831787   
0.49551329016685486   0.49551329016685486   
0.4926997721195221   0.4926997721195221   
0.4948709011077881   0.4948709011077881   

14:14:47: local_reinforcement_logger.timestep_report +41: INFO     
 Step 46   Fraction valid SMILES: 96.9   Score: 0.4621   Time elapsed: 45   Time left: 3.8
  Agent     Prior     Target     Score     SMILES
-26.46    -26.96     13.37      0.49      C(CN=c1ccn(C)cc1)Cn1ccc(=NC(=O)OCc2ccccc2)[nH]c1=O
-23.85    -23.65     16.84      0.49      c1(=O)c(Cc2cc(OC)c(OC)c(OC)c2)c(C)[nH]c2n(C)nc(C)c12
-23.68    -23.86     16.55      0.49      c1(N2CCN(C(CSc3nnc(C)n3N)=O)CC2)ccccn1
-27.67    -27.48     12.87      0.49      c1(C)n2c(nc(C(Nc3c(C)n(Cc4c(Cl)cccc4)nc3C)=O)n2)cc(C)c1
-21.57    -21.61     18.93      0.49      N(C(CC)=O)c1ccc(S(=O)(=O)N2CCCC(C)C2)cc1
-24.25    -24.68     15.64      0.49      c1(N(S(c2ccccc2)(=O)=O)CC(N2CCN(C(=O)OCC)CC2)=O)cc(C(F)(F)F)ccc1
-18.19    -18.09     22.37      0.49      O1CCN(C(=O)COc2cc(C)cc(C)c2)CC1
-55.10    -55.00    -55.00      0.00      C12(C)C3(CCC4(C)C(O)(C=CC(C)=C=C)C(O)CC13O)C(CC2oC(=O)C)O4
-37.33    -36.56      3.79      0.49      C1COCCN1CCCC(N=c1[nH]c(C(F)(F)F)nc2ccccc12)CCc1ccccc1
-35.37    -34.89      5.62      0.49      C1(C)CCC2(C(N(C)C)=O)CCC3(C)C4(C)CCC5C(C)(CO)C(=O)CCC5(C)C4CCC3C2C1C(O)(C)C
Human-Component   raw_Human-Component
0.4918076694011688   0.4918076694011688   
0.4937990605831146   0.4937990605831146   
0.4928504228591919   0.4928504228591919   
0.49213266372680664   0.49213266372680664   
0.49441319704055786   0.49441319704055786   
0.49175727367401123   0.49175727367401123   
0.49337515234947205   0.49337515234947205   
0.0   0.0   
0.4920211434364319   0.4920211434364319   
0.4940183758735657   0.4940183758735657   

14:14:48: local_reinforcement_logger.timestep_report +41: INFO     
 Step 47   Fraction valid SMILES: 100.0   Score: 0.4469   Time elapsed: 46   Time left: 2.9
  Agent     Prior     Target     Score     SMILES
-19.49    -19.75     20.88      0.50      C1CN(c2ccccc2)CCN1S(c1cc(OC)c(OC)cc1)(=O)=O
-22.88    -23.28     17.21      0.49      C(c1cccc(CN2CCCCC2)c1)c1ccc(Cl)cc1
-40.76    -41.68     -1.11      0.49      c1cccc2c1N(C)C(=O)C(NC(C(Cc1ccccc1C(F)(F)F)NC(=O)c1cc(Br)cn1C)=O)N=C2c1ccc(C(=O)O)cc1
-25.09    -25.45     14.96      0.49      c1ccc(CSCCNc2[nH]ccc(=O)c2[N+](=O)[O-])cc1
-35.22    -35.32    -35.32      0.00      C(C(NC(C(NC(=O)N(C)C)Cc1ccccc1)=O)C(=O)NC(C(C)CC)C(=O)O)(C)C
-25.86    -25.74     14.77      0.49      O=S(N)(c1ccc(NC(=O)CCc2ccc(OC(C)C)cc2)cc1)=O
-19.81    -20.16     20.29      0.49      c1(OCCCCc2ccccc2)c(C(=O)N)cccc1
-17.32    -17.39     22.97      0.49      c1c2c3c(cc1)CCCN3CCC2
-27.37    -27.88     12.60      0.49      C(CC(F)(F)F)CNS(=O)(=O)c1ccc(-c2c(OC)ccc(CNC3CCN(C)CC3)c2)cc1
-25.81    -26.84     13.66      0.49      N1(Cc2ccc(-c3ccc(CN4CC(C)CCC4)cc3)cc2)CC(C(=O)NCc2cc(C(F)(F)F)cc(C(F)(F)F)c2)CCC1
Human-Component   raw_Human-Component
0.4955219626426697   0.4955219626426697   
0.4938095808029175   0.4938095808029175   
0.4947650134563446   0.4947650134563446   
0.49278023838996887   0.49278023838996887   
0.49201512336730957   0.49201512336730957   
0.4940660297870636   0.4940660297870636   
0.4932747781276703   0.4932747781276703   
0.49221837520599365   0.49221837520599365   
0.49362581968307495   0.49362581968307495   
0.4938322603702545   0.4938322603702545   

14:14:49: local_reinforcement_logger.timestep_report +41: INFO     
 Step 48   Fraction valid SMILES: 100.0   Score: 0.4929   Time elapsed: 47   Time left: 1.9
  Agent     Prior     Target     Score     SMILES
-45.21    -45.78     -5.48      0.49      c1sc(Cc2n(C3CCCCC3)c3c(c2C(=O)N2C(CCn4nccc4)CCCC2)cc(OC)cc3)cc1
-19.66    -19.91     20.67      0.49      c1(=O)oc(=Nc2ccccc2)[nH]c(C)c1
-38.18    -37.79      2.60      0.49      c1c2c(cc(-c3c(OC)cc(C(NC(C4CCN(C)CC4)c4cc(OC5CCC5)ccc4)=O)cc3)c1)cccc2
-22.56    -22.32     18.12      0.49      N=c1[nH]c(=O)n(C2CC(OC(CCCCC)=O)C(CO)O2)cc1
-23.17    -23.50     16.84      0.49      c1(C(=O)O)c(-c2cccc(NCc3cnc4[nH]c(=N)[nH]c(=N)c4n3)c2)cccc1
-22.08    -22.06     18.38      0.49      c1(Br)cc(Br)c2c(c1)C(=O)C(c1ccc(Br)cc1)=[N+]2[O-]
-30.93    -30.24     10.21      0.49      c12sn(C(=O)C=Cc3ccc(OC)cc3)c(=O)c1sc(=N)[nH]2
-30.59    -31.39      8.96      0.49      c1c(C(=O)N2CCN(c3ccc(C(F)(F)F)cc3)CC2)cc2c(c1)[S+]([O-])c1c(ccc(Cl)c1)C(=O)N2CC
-34.83    -35.20      5.24      0.49      c1(Cl)cc(C(=Cc2ccc(F)c(S(=O)(=O)N3CCNCC3)c2)F)ccc1O
-39.10    -39.07      1.29      0.49      c1noc(C(=O)NC(Cc2ncn(-c3ccccc3CC)c2)C)c1
Human-Component   raw_Human-Component
0.49137571454048157   0.49137571454048157   
0.4949124753475189   0.4949124753475189   
0.4925728440284729   0.4925728440284729   
0.49312108755111694   0.49312108755111694   
0.49190282821655273   0.49190282821655273   
0.49319779872894287   0.49319779872894287   
0.4932875335216522   0.4932875335216522   
0.49205103516578674   0.49205103516578674   
0.4931551218032837   0.4931551218032837   
0.492214560508728   0.492214560508728   

14:14:50: local_reinforcement_logger.timestep_report +41: INFO     
 Step 49   Fraction valid SMILES: 100.0   Score: 0.4620   Time elapsed: 48   Time left: 1.0
  Agent     Prior     Target     Score     SMILES
-30.52    -30.30     10.20      0.49      c1(-c2cc3c(cc2)-c2c(cccc2)OC3)[nH]c(=NC(C)C)ccc1
-22.31    -22.04     18.52      0.49      C1(CNC(CCCCCCCCCCCCC)=O)OC(n2cnc3c(=N)[nH]cnc32)C(O)C1O
-27.67    -27.57     12.63      0.49      c1c(-c2ccccc2)ccc(CC(NC(OCc2cnccc2)=O)C(NCC#N)=O)c1
-24.62    -24.69     15.63      0.49      c1c(F)c(-c2nccc(C#N)n2)c(F)c(OC)c1
-19.76    -20.29     20.03      0.49      c1(-c2cccc(-c3[nH]c4ccc(F)cc4n3)c2)ccc(CNCCN2CCNCC2)cc1
-24.88    -24.94     15.69      0.50      c12nc(C)c(-c3ccc(OCC(CNCCc4ccc(OC)c(OC)c4)O)cc3)nc1cccc2
-29.04    -28.71     11.63      0.49      [nH]1c2ccccc2c(=O)n(N(C)C(=O)C2CCC2)c1=O
-20.97    -20.89     19.55      0.49      N=c1c(OC(F)F)cc(-c2cc(C3C4CN(C5COC5)CC4C3)nc(N3CC4CC3C4)n2)c[nH]1
-27.05    -27.14     13.24      0.49      CSc1cc2c(c(=O)c3cccc(C(=O)O)c3o2)cc1
-23.42    -23.82     16.63      0.49      c1(=Nc2ccc(C)nc2)[nH]cc(C(=O)OC)s1
Human-Component   raw_Human-Component
0.4938422441482544   0.4938422441482544   
0.49462252855300903   0.49462252855300903   
0.4903218150138855   0.4903218150138855   
0.4916854500770569   0.4916854500770569   
0.49169594049453735   0.49169594049453735   
0.495484322309494   0.495484322309494   
0.49199631810188293   0.49199631810188293   
0.49308428168296814   0.49308428168296814   
0.4923911392688751   0.4923911392688751   
0.4932968020439148   0.4932968020439148   

