14:43:24: local_reinforcement_logger.log_message +32: INFO     starting an RL run
14:43:26: local_reinforcement_logger.timestep_report +41: INFO     
 Step 0   Fraction valid SMILES: 96.9   Score: 0.4844   Time elapsed: 1   Time left: 50.0
  Agent     Prior     Target     Score     SMILES
-25.27    -25.27      1.39      0.83      C12(C(=O)Nc3ccc(Br)cc31)C(c1ccc(OC)cc1)CC(=O)CC2c1ccc(OC)cc1
-28.71    -28.71     -6.31      0.70      OC1C(NCCC(C)C)NC(C=C)C1O
-39.54    -39.54    -39.54      0.00      [nH]1c(C(=O)Nc2c(C(=O)NC(C(=O)O)CC(C)C)cc(Cl)cc2)c(C)c(C(=O)C)c(C)n1
-28.06    -28.06    -20.60      0.23      C(c1ccc(Cl)c(N)c1)(=O)Nc1ccc(CC(C(=O)O)OCC)cc1
-24.98    -24.98    -23.91      0.03      COc1ccc(C=C([N+]([O-])=O)CN(C)C)cc1Br
-25.47    -25.47     -8.40      0.53      O=C(c1cccc(-c2occc2)c1)NCC(N(C)C)c1ccccc1
-28.85    -28.85      3.15      1.00      COCCN1CCCC1c1cnc(-c2c(C)[nH]nc2C)cn1
-70.15    -70.15    -52.01      0.57      c1cccc(C)c1-c1sc2c(c1)c(-c1c(C)cc(C(NCCCCNC(=O)N(C(Nc3ccc(F)cc3F)=O)O)=N)cc1)ccn2
-36.04    -36.04    -25.38      0.33      c1(Cl)cc(NC(Cc2c(O)n(-c3cc(C)ccc3)c(=N)c(S(=O)(=O)c3ccccc3)c2)=O)c(C)cc1
-22.35    -22.35    -10.62      0.37      c1cc(-n2c(=S)n(Cc3cccnc3)cc2O)ccc1CC
Human-Component   raw_Human-Component
0.8333333134651184   0.8333333134651184   
0.699999988079071   0.699999988079071   
0.0   0.0   
0.23333333432674408   0.23333333432674408   
0.03333333507180214   0.03333333507180214   
0.5333333611488342   0.5333333611488342   
1.0   1.0   
0.5666666626930237   0.5666666626930237   
0.3333333432674408   0.3333333432674408   
0.36666667461395264   0.36666667461395264   

14:43:27: local_reinforcement_logger.timestep_report +41: INFO     
 Step 1   Fraction valid SMILES: 100.0   Score: 0.5000   Time elapsed: 2   Time left: 49.0
  Agent     Prior     Target     Score     SMILES
-26.09    -26.12    -13.73      0.39      N(CCCc1ccc(OC)cc1)Cc1c(OCc2ccccc2)ccc(Br)c1
-24.74    -24.72    -23.69      0.03      COc1ccc(OC)cc1CNC(=O)c1ccc(OC)c(S(N2CCOCC2)(=O)=O)c1
-25.75    -25.73    -21.60      0.13      Cc1n(CC(C(O)C(O)C(CO)O)O)c(=O)c2c(cccc2)n1
-22.95    -22.94    -15.71      0.23      c1cccc2c1OC(c1n(C)c(SCC(NC3CCCCC3)=O)nn1)CO2
-27.72    -27.67     -7.03      0.65      n1c(N=Nc2c3ccccc3[nH]c2O)c2c(sc(C)c2C)nc1
-21.94    -21.97    -18.87      0.10      n1c(-c2ccccc2)c(-c2ccccc2)[nH]c1SCC(NC1CCS(=O)(=O)C1)=O
-15.10    -15.12     12.75      0.87      c1(Cc2c[nH]cn2)ccccc1
-34.17    -34.15    -11.44      0.71      N1=C(NN=C(C(C#N)C#N)c2ccccc2)NC(=S)N(C)N1C
-32.81    -32.78    -16.27      0.52      c1cc(C=C2c3c(cc(Cl)cc3)C(CC(=O)NCc3cc(OC)c(OC)cc3)=C2C)c(Cl)cc1Cl
-34.71    -34.71     -9.93      0.77      N1(CC2CC(n3c4[nH]cnc(=N)c4c(-c4cc(OC)c5c(c4OC)OCO5)c3)C2)CCOCC1
Human-Component   raw_Human-Component
0.3870967626571655   0.3870967626571655   
0.032258063554763794   0.032258063554763794   
0.12903225421905518   0.12903225421905518   
0.22580644488334656   0.22580644488334656   
0.6451612710952759   0.6451612710952759   
0.09677419066429138   0.09677419066429138   
0.8709677457809448   0.8709677457809448   
0.7096773982048035   0.7096773982048035   
0.5161290168762207   0.5161290168762207   
0.774193525314331   0.774193525314331   

14:43:28: local_reinforcement_logger.timestep_report +41: INFO     
 Step 2   Fraction valid SMILES: 100.0   Score: 0.5000   Time elapsed: 3   Time left: 48.0
  Agent     Prior     Target     Score     SMILES
-27.80    -27.83    -26.80      0.03      c1cccc(C)c1N(C)C(=O)CNC(=O)c1sccc1C
-32.68    -32.68    -30.61      0.06      c1cc(F)ccc1Oc1ccc(-c2nc(=Nc3ccc(CCC(=O)NCc4cnccc4)cc3)[nH]cc2)cc1
-30.14    -30.13    -23.94      0.19      c1cccc(-c2cc3c(n2C(C(=O)NC(C)(C)C)c2ccccc2F)nccc3)c1
-31.36    -31.33     -4.49      0.84      C(CN(C)c1[nH]c(-c2ccc(Br)cc2)nc(=O)c1)CC
-26.20    -26.24     -5.59      0.65      CC1(C)Oc2ccc(Cl)cc2C(NC(N=c2[nH]cc3c([nH]nc3-c3cncc(C)c3)c2)=O)C1
-27.01    -27.06     -4.35      0.71      C(CCC(c1ccccc1)=NNC(=S)Nc1ccc(Cl)cc1)N
-34.71    -34.63    -30.50      0.13      C1N(C(c2c(C)onc2C)=O)CCN(C(c2c(=Nc3ccncc3)[nH]ccc2)=O)C1
-21.00    -20.93     -6.48      0.45      n1cc(-c2nnc(SCC(=O)c3ccc(Cl)cc3)o2)ccc1
-26.24    -26.21    -16.92      0.29      n1cc2cccc(OC3CN(C(OC)=O)C3)c2cc1
-28.42    -28.38    -28.38      0.00      C(Nc1ccc(-c2c(Cl)c[nH]c(=N)n2)cc1)c1n(C)ccn1
Human-Component   raw_Human-Component
0.032258063554763794   0.032258063554763794   
0.06451612710952759   0.06451612710952759   
0.19354838132858276   0.19354838132858276   
0.8387096524238586   0.8387096524238586   
0.6451612710952759   0.6451612710952759   
0.7096773982048035   0.7096773982048035   
0.12903225421905518   0.12903225421905518   
0.4516128897666931   0.4516128897666931   
0.29032257199287415   0.29032257199287415   
0.0   0.0   

14:43:29: local_reinforcement_logger.timestep_report +41: INFO     
 Step 3   Fraction valid SMILES: 100.0   Score: 0.5000   Time elapsed: 4   Time left: 47.0
  Agent     Prior     Target     Score     SMILES
-21.17    -21.44     -2.86      0.58      C1CCCC=C1CCNC(=O)C1CCC(CNc2c(N3CCCCC3)c(=O)c2=O)CC1
-28.13    -28.01    -20.78      0.23      C(N1CCN(c2noc3c2cc2c(c3)OCO2)CC1)(Nc1ccc(OC)cc1)=S
-26.91    -26.78      0.06      0.84      N(=c1[nH][nH]c(=Nc2cc(Cl)cc(Cl)c2)s1)N=Cc1ccc(Cl)cc1
-25.26    -25.37      0.44      0.81      c1(C2N(CCNC)C(=O)CS2)ccc(OCC)cc1
-23.44    -23.54    -12.19      0.35      c1cccc(-n2c(=N)c3c(CC)n[nH]c3[nH]c2=S)c1
-40.36    -40.36    -11.46      0.90      C(Br)=C1c2[nH]c3c(cccc3O)c2CC(C)C1c1[nH]ccc1
-19.49    -19.54     11.43      0.97      c1(Cl)cc2c(cc1)NC(=O)C2=Cc1ccc(N2CCCCC2)cc1
-20.03    -20.05    -16.95      0.10      c1(OC)cc(NC(CC)=O)cc(OC)c1OC
-22.98    -23.06    -23.06      0.00      COC(=O)C(NC(=S)NCc1ccccc1)c1ccccc1
-25.72    -25.99     -6.38      0.61      c1cc(OC(F)(F)F)ccc1Cn1c(CCCC)cccc1=O
Human-Component   raw_Human-Component
0.5806451439857483   0.5806451439857483   
0.22580644488334656   0.22580644488334656   
0.8387096524238586   0.8387096524238586   
0.8064516186714172   0.8064516186714172   
0.35483869910240173   0.35483869910240173   
0.9032257795333862   0.9032257795333862   
0.9677419066429138   0.9677419066429138   
0.09677419066429138   0.09677419066429138   
0.0   0.0   
0.6129032373428345   0.6129032373428345   

14:43:30: local_reinforcement_logger.timestep_report +41: INFO     
 Step 4   Fraction valid SMILES: 100.0   Score: 0.5000   Time elapsed: 5   Time left: 46.0
  Agent     Prior     Target     Score     SMILES
-24.51    -24.61    -16.35      0.26      c1(CC)ccc(S(N=C2C(N3CCN(C)CC3)C(=O)c3ccccc3C2=O)(=O)=O)cc1
-33.13    -33.41     -1.41      1.00      N1(CCCCNC(c2sc3c(c2)c(C2CCCCC2)nn3C)=O)CCc2ccccc2C1
-27.16    -27.40     -2.62      0.77      Clc1c[nH]c(=NC2CC(=O)N(Cc3ccccc3)C2)[nH]c1=Nc1ccc(Cl)cc1
-25.30    -25.20    -13.85      0.35      n1(CC(O)=O)c(=O)c2c(n(Cc3c4ccccc4ccc3)c1=O)cccc2
-41.59    -41.65    -35.45      0.19      C1CCC(C(=O)N(c2nc3c(cccc3)cc2)Cc2ccccc2-c2ccc(C(=O)O)cc2)CC1
-29.93    -29.76    -16.34      0.42      C(Nc1c(-n2cncc2)ccc(C(C)(C)C)c1)(Nc1cnc(Oc2ccc(-c3c(=N)[nH]cc(Cl)c3)cc2)nc1)=O
-32.78    -32.82    -14.24      0.58      FC(F)(c1cc(N2N=C(C(C#N)C#N)C(C#N)C2(c2ccc(F)cc2)C)ccc1)F
-36.03    -35.90    -35.90      0.00      c1cc2c(=O)[nH]c3c(c2cc1)CON(C(C)C(=O)OC)C3
-29.93    -30.13    -29.09      0.03      c1c2c(ccc1C(=N)N)ccc(CN1C(Cc3ccccc3)C(O)C(O)C(Cc3ccccc3)N(Cc3cccc(N)c3)C1=O)n2
-27.75    -27.80     -0.96      0.84      O=c1n(CCCOC)c(=O)c2ccccc2n1CC(=O)Nc1ccc(N(C)C)cc1
Human-Component   raw_Human-Component
0.25806450843811035   0.25806450843811035   
1.0   1.0   
0.774193525314331   0.774193525314331   
0.35483869910240173   0.35483869910240173   
0.19354838132858276   0.19354838132858276   
0.4193548262119293   0.4193548262119293   
0.5806451439857483   0.5806451439857483   
0.0   0.0   
0.032258063554763794   0.032258063554763794   
0.8387096524238586   0.8387096524238586   

14:43:31: local_reinforcement_logger.timestep_report +41: INFO     
 Step 5   Fraction valid SMILES: 96.9   Score: 0.4844   Time elapsed: 6   Time left: 45.0
  Agent     Prior     Target     Score     SMILES
-44.04    -43.89    -27.89      0.50      n1(Cc2ccc(C#N)cc2)c(C(N(c2ccccc2)c2ccccc2)=O)nc2c1CCN(CC(=O)NC)C2
-27.59    -27.57     -1.97      0.80      O=S(=O)(c1c(C)cccc1)N(CC1NCC(O)C1O)C
-18.42    -18.97      9.83      0.90      N1(C2CCCCCCC2)CCC(c2ccccc2)CC1
-31.12    -31.52     -6.99      0.77      C(NC(=O)CCCCCNC(Nc1ccccc1)=N)c1cccc(Cl)c1
-24.27    -24.31    -17.91      0.20      [O-][N+](c1c(F)ccc(C=NNC(c2ccc(F)cc2)=O)c1)=O
-20.82    -20.92    -17.72      0.10      c1ccsc1C1N(C(=O)C)N=C(c2ccc(OC)cc2)O1
-34.97    -35.31    -22.51      0.40      c1(-c2cc[nH]n2)cnc(Oc2cccc(C(=O)N=c3[nH]cc(C(=O)O)cc3)c2)cn1
-44.26    -44.18    -36.71      0.23      n1nccn1CC1CC2C(N1S(c1ccc(C(Nc3ccc(F)cc3)=O)cc1)(=O)=O)CCCO2
-22.80    -22.81     -4.68      0.57      C1CN(Cc2ccccc2)CCN1C(c1c(C)c2cc(S(=O)(N3CCOCC3)=O)ccc2o1)=O
-37.99    -37.94    -27.28      0.33      O=S(NC1C(O)CCc2ccc(NC(c3ccccc3[N+]([O-])=O)=O)cc21)(CC(C)(C)N)=O
Human-Component   raw_Human-Component
0.5   0.5   
0.800000011920929   0.800000011920929   
0.8999999761581421   0.8999999761581421   
0.7666666507720947   0.7666666507720947   
0.20000000298023224   0.20000000298023224   
0.10000000149011612   0.10000000149011612   
0.4000000059604645   0.4000000059604645   
0.23333333432674408   0.23333333432674408   
0.5666666626930237   0.5666666626930237   
0.3333333432674408   0.3333333432674408   

14:43:32: local_reinforcement_logger.timestep_report +41: INFO     
 Step 6   Fraction valid SMILES: 100.0   Score: 0.5000   Time elapsed: 7   Time left: 44.0
  Agent     Prior     Target     Score     SMILES
-28.52    -28.66    -20.40      0.26      N(CC(C)(C)S(C)(=O)=O)C1CCC(N)CC1
-45.75    -45.75    -15.82      0.94      C1CC(NCc2ccccc2-c2cn(C(C)C)nc2)(c2cccc3c2cccc3Cl)CCC1
-26.87    -27.01    -19.79      0.23      c1cccc2c1nnn2C(C)C(=O)N=c1scc(-c2ccc(F)cc2)[nH]1
-29.94    -29.68    -25.55      0.13      c1cccc(C(=O)Oc2cncnc2)c1S(=O)(C)=O
-46.47    -46.11    -26.50      0.61      C(C1=CN(C)C(=C(Br)Br)C1)(=O)c1cc2cnn(C)c2cc1
-31.33    -31.33    -22.04      0.29      N(c1ccc(CCc2nn[nH]n2)cc1)C(=O)c1cc(F)c(O)cc1
-27.97    -28.27     -4.52      0.74      c1(CC=C)ccccc1OCC(CNC(=O)NC)O
-26.73    -26.69    -14.30      0.39      O=c1nc(SCCC)[nH]nc1C(C)c1cccc(C(F)(F)F)c1
-26.31    -26.37     -1.59      0.77      c12oc(CO)cc(=O)c1ccc1c2cccc1C
-21.21    -21.34     -4.82      0.52      c1(CN(c2ccc(-c3c(C)cnc(Cl)n3)cc2)C(=O)c2ccc(O)cc2O)ccccc1C(F)(F)F
Human-Component   raw_Human-Component
0.25806450843811035   0.25806450843811035   
0.9354838728904724   0.9354838728904724   
0.22580644488334656   0.22580644488334656   
0.12903225421905518   0.12903225421905518   
0.6129032373428345   0.6129032373428345   
0.29032257199287415   0.29032257199287415   
0.7419354915618896   0.7419354915618896   
0.3870967626571655   0.3870967626571655   
0.774193525314331   0.774193525314331   
0.5161290168762207   0.5161290168762207   

14:43:32: local_reinforcement_logger.timestep_report +41: INFO     
 Step 7   Fraction valid SMILES: 100.0   Score: 0.5000   Time elapsed: 7   Time left: 37.6
  Agent     Prior     Target     Score     SMILES
-27.33    -27.74    -23.62      0.13      O(C)c1ccccc1-c1nc(-c2ccccc2)c(NC(=O)COc2ccccc2)s1
-29.16    -29.34    -10.76      0.58      N(CC(O)c1ccc(O)c(C(=O)NCCC)c1)CC(C)c1ccccc1
-25.22    -25.49    -17.23      0.26      c1cc(C(C)(C(N2CCNC2=O)=O)c2ccccc2)ccc1
-25.50    -25.19     -0.42      0.77      c1(N(C(=O)CCCC)S(=O)(=O)c2ccc(Cl)cc2)c(=O)n(-c2ccccc2)n(C)c1C
-28.35    -28.36    -21.14      0.23      c12c(=Nc3c(S(=O)(NC(C)C)=O)cccc3)[nH]c(-c3ccncc3)cc1[nH]c(C)c2C
-35.61    -35.88     -6.98      0.90      c1cccc2oc3ccc(O)c(C4C(O)N5CCCC5CC4C)c3c(=O)c12
-35.17    -35.91    -34.88      0.03      C(c1cc(C2CC2)nc2ccccc21)C(NC1CCCCC1N(C)C)=O
-24.96    -24.55     -2.87      0.68      O(C(c1cnc(Cl)c(Cl)c1)=O)CC(c1cc2c(cc1)OCC(=O)N2)=O
-31.85    -31.87    -31.87      0.00      c12cnccc1c(=O)c(C(=O)Nc1ccc(Oc3ccnc4cc(OC)ccc34)c(F)c1)c[nH]2
-30.76    -30.85      0.12      0.97      Oc1c(Cl)cc(Cl)cc1-c1[nH]c2ccccc2c(=Nc2cc3cc[nH]c3cc2)n1
Human-Component   raw_Human-Component
0.12903225421905518   0.12903225421905518   
0.5806451439857483   0.5806451439857483   
0.25806450843811035   0.25806450843811035   
0.774193525314331   0.774193525314331   
0.22580644488334656   0.22580644488334656   
0.9032257795333862   0.9032257795333862   
0.032258063554763794   0.032258063554763794   
0.6774193644523621   0.6774193644523621   
0.0   0.0   
0.9677419066429138   0.9677419066429138   

14:43:33: local_reinforcement_logger.timestep_report +41: INFO     
 Step 8   Fraction valid SMILES: 100.0   Score: 0.5000   Time elapsed: 8   Time left: 37.3
  Agent     Prior     Target     Score     SMILES
-27.41    -27.50    -17.18      0.32      C12CCN(CC1NC(=O)c1nn(C)cc1[N+]([O-])=O)CC2
-31.30    -31.22    -25.03      0.19      c1c(Cl)c(Cl)cc(CNC(=S)NC(CC(C)CC)C(O)=O)c1
-21.95    -21.92      3.89      0.81      c12nnn(Cc3ccc(C)cc3)c1ncnc2N(CC)CC
-25.12    -25.10    -16.84      0.26      C(n1c(C)c(Cl)c([N+](=O)[O-])n1)C(=O)Nc1ccc(Br)cc1F
-38.59    -38.41    -33.25      0.16      c1c2c(cnc1)ccn2C(c1c(Cl)ccc(OCCc2ccc(Cl)c(Cl)n2)c1)=O
-26.55    -26.02      0.82      0.84      c1c(OC)c(OC)ccc1-c1nc(N(C)C)nc(=Nc2ccc(F)cc2)[nH]1
-26.12    -26.01      4.96      0.97      O=C(O)Cn1c2c(cc(-c3c(Cl)cccc3Cl)c1=O)c[nH]c(=Nc1ccc(N3CCN(C)CC3)cc1)n2
-28.78    -28.77     -8.12      0.65      C1CCCC(=Cc2cc(Br)ccc2OC(C)(C)C)C1=O
-28.22    -28.37    -19.08      0.29      c1(C)ccc(CN2C3CCN(C(Cc4cccs4)=O)C3CCC2=O)cc1
-38.44    -39.06    -10.16      0.90      CC1N(C(c2ccccc2-c2cc(Cl)ccc2)=O)Cc2c(C(=O)NC)cnn2C1
Human-Component   raw_Human-Component
0.32258063554763794   0.32258063554763794   
0.19354838132858276   0.19354838132858276   
0.8064516186714172   0.8064516186714172   
0.25806450843811035   0.25806450843811035   
0.16129031777381897   0.16129031777381897   
0.8387096524238586   0.8387096524238586   
0.9677419066429138   0.9677419066429138   
0.6451612710952759   0.6451612710952759   
0.29032257199287415   0.29032257199287415   
0.9032257795333862   0.9032257795333862   

14:43:34: local_reinforcement_logger.timestep_report +41: INFO     
 Step 9   Fraction valid SMILES: 100.0   Score: 0.5000   Time elapsed: 9   Time left: 36.9
  Agent     Prior     Target     Score     SMILES
-23.35    -23.64    -16.41      0.23      C1C(CNC(c2cc3c(cc2)cccc3)=O)CCCO1
-25.02    -24.60     -6.02      0.58      c12c(cc(-n3c(SCc4nc(=N)nc(N5CCOCC5)[nH]4)nnn3)cc1)OCO2
-27.17    -27.06     -5.38      0.68      c1nc(=Nc2cc(Cl)c(Cl)cc2)c2c([nH]cc2C#N)n1C
-21.33    -21.47    -17.35      0.13      c1c(CC2=NC(=S)NC2=O)ccc(-c2cccc([N+]([O-])=O)c2)c1
-26.92    -27.26     -0.42      0.84      C(N)CCN1c2ccc(Cl)cc2Sc2cc3c(cccc3)cc21
-23.67    -23.84    -15.58      0.26      c1c(-c2occ(CNc3ccc([N+](=O)[O-])cc3)n2)ccc(Cl)c1
-32.97    -32.91    -22.59      0.32      O=c1[nH]c(=N)ccn1C1OC(CO)C(OCc2ccccc2)C1OCCCCC(O)=O
-25.43    -25.95     -0.14      0.81      N1(c2nc(-c3c[nH]c(=N)c(OC(F)F)c3)cc(N3CC(N4CCC(F)CC4)C3)n2)CCCCC1
-31.24    -31.77     -2.87      0.90      c1(N2CC3CN(CC(CNC(=O)c4ccccc4)O)CC3C2)ccc(Cl)cc1
-20.61    -20.85     11.15      1.00      c12ccccc1oc(=O)n2CCCCCN1CCCC1
Human-Component   raw_Human-Component
0.22580644488334656   0.22580644488334656   
0.5806451439857483   0.5806451439857483   
0.6774193644523621   0.6774193644523621   
0.12903225421905518   0.12903225421905518   
0.8387096524238586   0.8387096524238586   
0.25806450843811035   0.25806450843811035   
0.32258063554763794   0.32258063554763794   
0.8064516186714172   0.8064516186714172   
0.9032257795333862   0.9032257795333862   
1.0   1.0   

14:43:35: local_reinforcement_logger.log_message +32: INFO     Resetting Agent
14:43:35: local_reinforcement_logger.log_message +32: INFO     Adjusting sigma to: 82
14:43:35: local_reinforcement_logger.timestep_report +41: INFO     
 Step 10   Fraction valid SMILES: 100.0   Score: 0.5000   Time elapsed: 10   Time left: 36.4
  Agent     Prior     Target     Score     SMILES
-20.60    -20.82     -2.23      0.58      [nH]1c(=NC(=O)c2ccccc2)[nH]c(-c2ncccc2)c1
-30.83    -30.56    -20.24      0.32      Oc1ccc(NC(=O)C(=Cc2c3c(cccc3)n(Cc3cc(F)ccc3)c2)C#N)cc1
-38.28    -38.19    -28.90      0.29      c1(COC)cc(CN(C(NC2CC2)=O)CCCS(=O)(C)=O)on1
-34.03    -33.57    -31.51      0.06      C(=O)(NC(CC(=O)O)C(NC(C(C)C)C(O)=O)=O)c1ccc(S(=O)(=O)c2ccccc2)cc1
-39.36    -38.81    -22.29      0.52      C(C)CN(c1c2c(c(Cc3n(N)c(=S)[nH]n3)cc1)non2)CCC
-25.18    -24.85     -1.10      0.74      c1c(S(=O)(=O)N(C2CCCCC2)C)cc2c(c1)SCC(=O)N2CC(NCCCOC)=O
-34.18    -34.30    -16.76      0.55      c1c(Cl)ccc(CNC(Cc2cc(C(=O)N3CCOCC3)c(-c3ccc(C#N)cc3)cc2)=O)c1Cl
-39.42    -38.86    -27.51      0.35      C(CC(=O)N=c1cc(C(C)C)o[nH]1)(O)c1cc(OCCO)c(OC)cc1
-38.46    -38.02    -29.77      0.26      C=C(C(c1cn(C)nc1)=O)c1csc2c1cc([N+](=O)[O-])cc2
-31.13    -31.41     -8.70      0.71      n1cc(C2N(C(NC(C)C)=O)CCC2)ccc1C(=O)N1CCC1
Human-Component   raw_Human-Component
0.5806451439857483   0.5806451439857483   
0.32258063554763794   0.32258063554763794   
0.29032257199287415   0.29032257199287415   
0.06451612710952759   0.06451612710952759   
0.5161290168762207   0.5161290168762207   
0.7419354915618896   0.7419354915618896   
0.5483871102333069   0.5483871102333069   
0.35483869910240173   0.35483869910240173   
0.25806450843811035   0.25806450843811035   
0.7096773982048035   0.7096773982048035   

14:43:36: local_reinforcement_logger.timestep_report +41: INFO     
 Step 11   Fraction valid SMILES: 100.0   Score: 0.5000   Time elapsed: 12   Time left: 39.0
  Agent     Prior     Target     Score     SMILES
-28.07    -28.07     24.83      0.65      c1(-c2cc3c(cc2)-c2ccccc2C3(O)C(F)(F)F)cn(CCc2ccccc2)cn1
-28.19    -28.19     -4.38      0.29      C1CC(C2=NN(c3ncc(Br)cn3)C(C3CCCCC3)C2)CCCC1
-23.84    -23.84     -2.68      0.26      c1c2c(ccc1OC(c1ccccn1)=O)oc(=O)cc2
-52.01    -52.01    -22.91      0.35      C1(=O)CC2=C(CCC2(C)C=CC=C(C(N(CC)CCCC)=O)C)C2(C)C(C(O)C3OC32)O1
-31.32    -31.32     26.87      0.71      c1(-c2c(O)ccc(C=O)c2)oc(C=NNC(=O)c2cc(Cl)c(O)cc2)cc1
-29.85    -29.85     52.15      1.00      c1nc(C2(Cn3cncn3)CCN(c3c(F)cccc3)CC2)ccc1
-22.06    -22.06     20.26      0.52      c1cccc(-n2cc(C(N3CCN(c4ccc(F)cc4)CC3)=O)c(-c3cccnc3)n2)c1
-26.95    -26.95    -13.72      0.16      O(C(C(Cc1ccccc1)NC(=O)C)=O)C(C(N=c1[nH]cc(Cl)cc1)=O)C
-20.33    -20.33     53.73      0.90      c1c(Br)cc(C=NN=c2nc(N3CCCCC3)[nH]c(N3CCCCC3)n2)cc1
-26.35    -26.35      8.04      0.42      C(Nc1cccc(O)c1)(=O)Cc1ccc(O)c(Cl)c1
Human-Component   raw_Human-Component
0.6451612710952759   0.6451612710952759   
0.29032257199287415   0.29032257199287415   
0.25806450843811035   0.25806450843811035   
0.35483869910240173   0.35483869910240173   
0.7096773982048035   0.7096773982048035   
1.0   1.0   
0.5161290168762207   0.5161290168762207   
0.16129031777381897   0.16129031777381897   
0.9032257795333862   0.9032257795333862   
0.4193548262119293   0.4193548262119293   

14:43:37: local_reinforcement_logger.timestep_report +41: INFO     
 Step 12   Fraction valid SMILES: 96.9   Score: 0.4844   Time elapsed: 12   Time left: 35.1
  Agent     Prior     Target     Score     SMILES
-26.00    -25.95      4.11      0.37      c1(OC)cc(S(=O)(=O)NCc2nc(-c3sc(Cl)cc3)sc2)ccc1
-22.30    -22.26     24.21      0.57      OC(=O)C(C[S+](c1ccc(Cl)cc1)[O-])N
-30.61    -30.65     13.08      0.53      c1cnccc1OCc1c(C(Nc2ccc(Oc3ccccc3)cc2)=O)cc(N)cc1
-22.95    -22.95     56.32      0.97      c1(C(NCC(CN2Cc3c(cccc3)CC2)O)=O)c2cc[nH]c2ccc1
-37.98    -37.98     35.82      0.90      c1cc(O)c(O)cc1C1OC2C(OC)CC3C(C)(C)OC2(C3O)C1C
-30.36    -30.31    -19.38      0.13      C(C)CCc1ncc(C(NCc2ccc(OC)cc2)=O)c(=N)[nH]1
-28.64    -28.57     53.43      1.00      N1(CCCNC(c2c(OC)c(OC)cc(Br)c2O)=O)CCC(C(F)(F)F)CC1
-25.96    -26.02     -1.42      0.30      c1c(C(NCc2noc(C)c2)=O)cc(OC2CCN(C(C)C)CC2)c(C)c1
-31.74    -31.78     31.08      0.77      O=C1N=C2N(CC1)C=CC(C(=O)C(C)(C)C)C2
-39.18    -39.14     -6.34      0.40      C(N)C(c1c[nH]c(=N)c2c1ncc(-c1cn(C)nc1)c2)c1ccc(OC)cc1
Human-Component   raw_Human-Component
0.36666667461395264   0.36666667461395264   
0.5666666626930237   0.5666666626930237   
0.5333333611488342   0.5333333611488342   
0.9666666388511658   0.9666666388511658   
0.8999999761581421   0.8999999761581421   
0.13333334028720856   0.13333334028720856   
1.0   1.0   
0.30000001192092896   0.30000001192092896   
0.7666666507720947   0.7666666507720947   
0.4000000059604645   0.4000000059604645   

14:43:38: local_reinforcement_logger.timestep_report +41: INFO     
 Step 13   Fraction valid SMILES: 90.6   Score: 0.4531   Time elapsed: 14   Time left: 37.0
  Agent     Prior     Target     Score     SMILES
-29.99    -30.10     -3.74      0.32      c1c(C(OCCCC)=O)c(CN(C)Cc2ccccc2)n2ccccc12
-32.65    -32.61    -32.61      0.00      [nH]1n(C)c(=O)cc2c(O)c(OC)cc(OC)c12
-40.70    -40.60     -5.46      0.43      C(C(N(CC=Cc1ccc2c(c1)C(C)(C)CC=C2OC(=O)C(C)(C)C)C)=O)C(C(O)=O)(CCC)CCC
-34.86    -34.99     11.87      0.57      c1(C(c2ccc(N(C)C)cc2)N2CCCC2C(=O)N(Cc2ccccc2)C)ccccc1Cl
-35.17    -35.26    -14.76      0.25      N(C(C(=O)NC1CCCC1)c1ccc(N(C)CC)cc1)C(=O)CCc1ccccc1
-36.70    -36.73     33.56      0.86      c1cc(C(O)(C2CCN(C(=O)c3ccccc3)CC2)C=C)cc2c1CCO2
-36.74    -36.85     42.22      0.96      Clc1ccc(C2(C#N)CCN(C3CCN(C(=O)c4c5ccc(CN6CCCCC6)cc5[nH]c4)CC3)CC2)cc1Cl
-31.62    -31.64     12.29      0.54      n1(-c2ccccc2)c(=N)c(C(=O)NC(=O)N2CCNCC2)c[nH]1
-43.87    -43.86    -40.94      0.04      c1c2c([nH]c1C(=O)Nc1ccc3c(nc(Cc4ccc(C(NCCc5cccc(Br)c5)=O)cc4)cc3)c1)nccc2
-35.40    -35.28     26.22      0.75      CC(C)(OC(C(CC(CC)C)NC(=O)C(NC(=O)C(CO)N)CC(C)C)=O)C
Human-Component   raw_Human-Component
0.3214285671710968   0.3214285671710968   
0.0   0.0   
0.4285714328289032   0.4285714328289032   
0.5714285969734192   0.5714285969734192   
0.25   0.25   
0.8571428656578064   0.8571428656578064   
0.9642857313156128   0.9642857313156128   
0.5357142686843872   0.5357142686843872   
0.0357142873108387   0.0357142873108387   
0.75   0.75   

14:43:39: local_reinforcement_logger.timestep_report +41: INFO     
 Step 14   Fraction valid SMILES: 100.0   Score: 0.5000   Time elapsed: 15   Time left: 36.0
  Agent     Prior     Target     Score     SMILES
-28.46    -28.40     -9.89      0.23      Cc1cc(=NC(Nc2ccc(OCc3ccc(OC)cc3)cc2)=O)[nH][nH]1
-33.93    -33.87    -33.87      0.00      O=C(NC(NC(=S)Nc1ccccc1)C(Br)C)c1ccc(S(=O)(N)=O)cc1
-35.99    -36.18     14.08      0.61      c12c(c(C(OC(C)C)=O)c(N)n1-c1ccccc1)CCN(c1ccc(N3CCSCC3)cc1)C2
-25.51    -25.51      6.23      0.39      C(CN(CC1CCN(c2ncnc3scc(-c4ccc(C)cc4)c23)CC1)C)OC
-25.99    -26.12     47.95      0.90      Oc1c(C(CN2CCCCC2)c2ccccc2)c2ccccc2cc1
-28.32    -28.32    -25.67      0.03      c1(C(N2CCN(C(=O)CC)C3CS(=O)(=O)CC32)=O)noc(COc2ccccc2F)c1
-41.29    -41.15    -25.28      0.19      c1cc(F)c(=O)n(-c2cc(NS(=O)(c3ccc(-c4cc(C(F)(F)F)ccc4)cc3)=O)c(F)cc2)n1
-30.82    -30.89    -17.66      0.16      C(Cn1c(=O)cc2c(n1)-c1ccccc1CC2(C)C)NCC1CCOCC1
-25.05    -24.97      9.41      0.42      s1c(=NC(C(CC)S)=O)[nH]nc1CC
-22.35    -22.42     54.29      0.94      C1(c2ccc(OC)c(OC)c2)C2C(=NN1C(=O)C)CCCC2
Human-Component   raw_Human-Component
0.22580644488334656   0.22580644488334656   
0.0   0.0   
0.6129032373428345   0.6129032373428345   
0.3870967626571655   0.3870967626571655   
0.9032257795333862   0.9032257795333862   
0.032258063554763794   0.032258063554763794   
0.19354838132858276   0.19354838132858276   
0.16129031777381897   0.16129031777381897   
0.4193548262119293   0.4193548262119293   
0.9354838728904724   0.9354838728904724   

14:43:40: local_reinforcement_logger.timestep_report +41: INFO     
 Step 15   Fraction valid SMILES: 96.9   Score: 0.4844   Time elapsed: 16   Time left: 35.0
  Agent     Prior     Target     Score     SMILES
-30.60    -30.58     29.55      0.73      N1S(=O)(=O)c2c(sc(OC)c2)-c2c(c3c(cccc3)n2C)C1
-27.00    -27.01     30.39      0.70      C1(c2ccc(OC)cc2)C2C(=O)CC3=C(C=CC4=C3CCC(=O)C4)C2CC1
-39.71    -39.95     39.32      0.97      C(C)(c1cccc(N2CCN(c3ccc4c5c3ccn5C(c3ccccc3)NC4)CC2)n1)C
-35.22    -35.38     35.68      0.87      C1N(Cc2nc(C3CC3)cs2)CCN(Cc2cn(C)cn2)C1
-30.76    -30.76     10.24      0.50      n1c2c(nc(CCC)c1C#N)c(=O)[nH]c(Cl)n2
-25.39    -25.46    -11.79      0.17      c1(CCNCC(C(Cc2ccccc2)NC(=O)c2cc(C(NC(c3ccccc3)C)=O)cc(N(C)S(C)(=O)=O)c2)O)ccccc1
-23.21    -23.33     25.87      0.60      c12c(cc3c(c1)CCCC3)CC1(Cc3c(cc4c(c3C(=O)C)CCCC4)C1)C2=O
-30.80    -30.71    -27.98      0.03      c1c(C2SC(=N)Nc3n(C(CCc4ccccc4)=O)cnc32)scc1
-30.08    -30.11      2.69      0.40      c1ccccc1S(=O)(=O)N(c1sc2ccccc2c1C(=O)C)Cc1ccc(S(=O)(C)=O)cc1
-28.28    -28.09      1.98      0.37      C(n1c(SC(c2ccccc2)C(O)=O)nnc1-c1cccc(C)c1)C
Human-Component   raw_Human-Component
0.7333333492279053   0.7333333492279053   
0.699999988079071   0.699999988079071   
0.9666666388511658   0.9666666388511658   
0.8666666746139526   0.8666666746139526   
0.5   0.5   
0.1666666716337204   0.1666666716337204   
0.6000000238418579   0.6000000238418579   
0.03333333507180214   0.03333333507180214   
0.4000000059604645   0.4000000059604645   
0.36666667461395264   0.36666667461395264   

14:43:41: local_reinforcement_logger.timestep_report +41: INFO     
 Step 16   Fraction valid SMILES: 96.9   Score: 0.4844   Time elapsed: 17   Time left: 34.0
  Agent     Prior     Target     Score     SMILES
-29.23    -29.39      6.14      0.43      N1(C)CCC(N(C(NCc2cccnc2C)=O)C)CC1
-48.22    -47.70     34.30      1.00      c1(F)cc2c(CCN(CCCN3CCN4C(CCC4)C3)c3nsnc3OCC(=C)C)c(-c3cc(C)cc(C)c3)[nH]c2cc1
-41.51    -41.21     38.05      0.97      c1(C(=O)N)c(F)ccc(CNc2cc(-c3c(-c4c(F)cc(F)cc4)c(O)n(CCN(C)C)n3)ccc2)c1
-36.73    -36.58    -33.85      0.03      n1ncn(NC(OC(C)(C)C)=O)c1Oc1c(OC)cc2c(c1)oc(=O)cc2
-30.84    -30.75    -14.35      0.20      c1c(Oc2ccc(C(F)(F)F)cn2)cc2ccc(C(=O)N3CC(SCCC#N)CC3)nc2c1
-44.71    -44.29     29.51      0.90      c1(N=c2n(C)c3c(cc(-c4ccccc4C(=O)NCCO)cc3C(F)(F)F)n2C)cc(Cl)cc(F)c1
-31.36    -31.54    -31.54      0.00      c12c(Oc3ccccc3C)c(=O)[nH][nH]c1ccc(Cl)c2
-25.65    -25.45    -11.78      0.17      O=C(O)Cc1csc(=NC(Nc2c(C(C)(C)C)cccc2)=O)[nH]1
-39.07    -39.01    -39.01      0.00      c1cc(CN(CC(=O)O)C(c2ccc(C)o2)=O)ccc1NC(c1ccccc1)C(=O)OC
-28.40    -28.66    -23.19      0.07      C(N(C)C1C2C(CCCO2)N(Cc2cccnc2)CC1)CC
Human-Component   raw_Human-Component
0.4333333373069763   0.4333333373069763   
1.0   1.0   
0.9666666388511658   0.9666666388511658   
0.03333333507180214   0.03333333507180214   
0.20000000298023224   0.20000000298023224   
0.8999999761581421   0.8999999761581421   
0.0   0.0   
0.1666666716337204   0.1666666716337204   
0.0   0.0   
0.06666667014360428   0.06666667014360428   

14:43:42: local_reinforcement_logger.timestep_report +41: INFO     
 Step 17   Fraction valid SMILES: 100.0   Score: 0.5000   Time elapsed: 17   Time left: 31.2
  Agent     Prior     Target     Score     SMILES
-32.78    -32.77     -1.03      0.39      CC(C1CCC2(CC(C)CC(C(C)C)O2)OO1)=CCO
-20.95    -21.07     37.12      0.71      O=S(=O)(c1ccc(C2NCCc3cc(OC)c(OC)cc32)cc1)N
-30.42    -30.46     46.25      0.94      N(c1nc2c(Cl)cccc2s1)=Nc1c(N)nc[nH]1
-33.48    -33.40      3.63      0.45      CC(C)(C1CCC(CN2C(C)CN(c3cnccc3)CC2)C(=O)O1)C
-19.17    -19.38     49.40      0.84      C1CC(COCc2ccccc2)NC1
-33.77    -34.18      0.21      0.42      c1ccc2c(c1)CCC2N1CCC(CCNC(=O)c2cc(OC)nc3ccccc23)CC1
-29.04    -28.93     21.32      0.61      C1C2C(CC(=O)NC2=S)C(O)C(CO)O1
-27.02    -27.16    -11.29      0.19      c12ccccc1c(=NCc1ccc(N)cc1)c1c(oc(C)c1)[nH]2
-24.54    -24.59     46.83      0.87      [nH]1c(=NCc2ccc(OC)cc2)ccc(Cc2nc[nH]c2)c1
-18.57    -19.23     60.13      0.97      c1ccccc1CN1C(c2ccccc2)CCC1
Human-Component   raw_Human-Component
0.3870967626571655   0.3870967626571655   
0.7096773982048035   0.7096773982048035   
0.9354838728904724   0.9354838728904724   
0.4516128897666931   0.4516128897666931   
0.8387096524238586   0.8387096524238586   
0.4193548262119293   0.4193548262119293   
0.6129032373428345   0.6129032373428345   
0.19354838132858276   0.19354838132858276   
0.8709677457809448   0.8709677457809448   
0.9677419066429138   0.9677419066429138   

14:43:43: local_reinforcement_logger.timestep_report +41: INFO     
 Step 18   Fraction valid SMILES: 96.9   Score: 0.4844   Time elapsed: 18   Time left: 30.3
  Agent     Prior     Target     Score     SMILES
-28.64    -28.70     39.63      0.83      c1cc2nnn(CC3SCCCSC3)c2cc1
-27.27    -27.10    -18.90      0.10      c1c(C(F)(F)F)ccc(NC(Nc2ccc(-c3c(=N)n4c(nc3)c(-c3ccc(N5CCOCC5)cc3)c[nH]4)cc2)=O)c1
-31.06    -31.06     -6.46      0.30      c1(-c2cccc(F)c2)sc(COc2ccc(CC(C(O)=O)C)cc2)c(C)n1
-37.24    -37.35     44.65      1.00      C(CN1CCNCC1)(O)COc1ccc2c(nc(=NCC)[nH]c2N(C)c2cccc(Cl)c2)c1
-34.21    -34.27    -17.87      0.20      c1(CCC2=C(C)C=CC3C2(C)CCC(O)C3(C)C)c(O)c(N)cc(CC=C(C)C)c1O
-28.14    -28.38    -28.38      0.00      c1cc(NC(NCc2n[nH]cc2)=O)ccc1SCCC
-34.86    -34.76     28.10      0.77      C1N(C2CCN(C(=O)N=c3[nH]cccc3)CC2)CCC(Cc2cc(F)c(OC)cc2)C1=O
-28.38    -28.36    -28.36      0.00      O=C(NCc1ccco1)c1oc2c3c1cccc3ccc2
-23.86    -23.90    -21.16      0.03      C(CCC(N1CCN(c2ccccc2)CC1)=O)(NC1CCCC(C)C1C)=O
-31.45    -31.08      9.92      0.50      C1(=O)C2(CC)c3c(O)n(Cc4ccccc4)c(O)c3C(c3c(cccc3)O2)N1C(c1cc(F)ccc1)=O
Human-Component   raw_Human-Component
0.8333333134651184   0.8333333134651184   
0.10000000149011612   0.10000000149011612   
0.30000001192092896   0.30000001192092896   
1.0   1.0   
0.20000000298023224   0.20000000298023224   
0.0   0.0   
0.7666666507720947   0.7666666507720947   
0.0   0.0   
0.03333333507180214   0.03333333507180214   
0.5   0.5   

14:43:44: local_reinforcement_logger.timestep_report +41: INFO     
 Step 19   Fraction valid SMILES: 96.9   Score: 0.4844   Time elapsed: 19   Time left: 29.4
  Agent     Prior     Target     Score     SMILES
-27.67    -27.52    -27.52      0.00      c1(COC)c(Oc2nc(=N)[nH]c(=Nc3ccc(C#N)cc3)[nH]2)c(C)cc(C#N)c1
-36.82    -36.71     15.23      0.63      OC(c1cc(N(CCNC(=O)N)Cc2ccc(F)cc2)ccc1)=NO
-25.94    -26.10    -20.63      0.07      c1c(CNCCn2c([N+](=O)[O-])ncc2)cccc1C
-30.92    -30.95     37.38      0.83      N1(C(CC(N)Cc2cc(F)c(F)cc2F)=O)CCCC1C(=O)NC1CCc2c(cn[nH]2)C1
-32.70    -32.74     16.46      0.60      C(C1CCC(Nc2c(C(=O)N)ccc(-n3c4c(c(C(F)F)ccc4)nc3)c2)CC1)O
-30.20    -29.99     24.68      0.67      Fc1ncccc1CN(C)C(C)c1nc(C(C)C)no1
-48.56    -48.70    -29.57      0.23      c12ccccc1nc(C=C)c1cc(C(=O)N3CC(C)N(CCC(=O)OC4CCCCCC4)CC3)oc21
-25.16    -25.62     -3.75      0.27      C1c2[nH]cnc2CN(CC(=O)N2CCCC2)C1
-33.00    -32.78     10.96      0.53      C(C(C1(O)CCC2C3CCC4C(C)(CCC(O)C4)C3CCC21C)=O)CCSC(=O)C
-32.18    -32.24     27.89      0.73      c1c(CCC(=O)N=Cc2ccc(C(N)N)cc2)ccc(C(=O)Nc2cc(=O)n(C)c(=O)n2C)c1
Human-Component   raw_Human-Component
0.0   0.0   
0.6333333253860474   0.6333333253860474   
0.06666667014360428   0.06666667014360428   
0.8333333134651184   0.8333333134651184   
0.6000000238418579   0.6000000238418579   
0.6666666865348816   0.6666666865348816   
0.23333333432674408   0.23333333432674408   
0.2666666805744171   0.2666666805744171   
0.5333333611488342   0.5333333611488342   
0.7333333492279053   0.7333333492279053   

14:43:45: local_reinforcement_logger.timestep_report +41: INFO     
 Step 20   Fraction valid SMILES: 93.8   Score: 0.4688   Time elapsed: 20   Time left: 28.6
  Agent     Prior     Target     Score     SMILES
-41.73    -41.57    -10.47      0.38      C(OCC(CS(=O)(N)=O)O)(=O)N1CCC(n2nnc3cc(C(F)(F)F)ccc23)CC1
-43.46    -43.44    -43.44      0.00      C1C(c2ncc(CN(Cc3c(C)cccc3)C(=O)C3C(c4ccc(F)cc4)C3)c2)CCC(C(O)=O)C1
-38.28    -38.73      9.34      0.59      c1cc(Cn2c(C(Nc3ccccc3F)=O)cc(C(F)(c3occc3)O)n2)ccc1F
-27.89    -28.05     -5.43      0.28      N(C1C2CCN(CC2)C1)C(=O)NCC(=O)OC
-19.98    -20.21     -6.07      0.17      C1(c2ccccc2)=NN(c2ccccc2)C(=O)C1=Cc1oc(-c2cccc(C(=O)O)c2)cc1
-20.59    -20.40      5.05      0.31      C(CCCC)CCCOC(=O)c1ccncc1
-27.93    -27.81     45.71      0.90      Cc1n(CC)nc(C)c1CN1CC(c2[nH]ncc2)COCC1
-23.98    -23.58     35.80      0.72      C(CCC(=O)c1ncco1)CCc1ccc(O)cc1
-20.10    -20.25     13.68      0.41      c1cc(SC)ccc1N1CC(CNC(C)=O)OC1=O
-42.15    -42.27    -42.27      0.00      c12cccnc1CN(c1nc3n(c(=NC4CCN(C(C(C)NC)=O)C4)c1C)ncc3-c1ccc(C(=O)NC3CC3)cc1)CC2
Human-Component   raw_Human-Component
0.37931033968925476   0.37931033968925476   
0.0   0.0   
0.5862069129943848   0.5862069129943848   
0.27586206793785095   0.27586206793785095   
0.17241379618644714   0.17241379618644714   
0.3103448152542114   0.3103448152542114   
0.8965517282485962   0.8965517282485962   
0.7241379022598267   0.7241379022598267   
0.4137931168079376   0.4137931168079376   
0.0   0.0   

14:43:46: local_reinforcement_logger.timestep_report +41: INFO     
 Step 21   Fraction valid SMILES: 96.9   Score: 0.4844   Time elapsed: 22   Time left: 29.0
  Agent     Prior     Target     Score     SMILES
-28.42    -28.67     -6.80      0.27      c1cc2c(cc1)c(C(C(C#N)=Cc1cn(-c3ccccc3)nc1C)=O)c[nH]2
-25.28    -25.59     20.88      0.57      c1c(N(C)C)ccc(C2(Cc3ccccc3)OCCO2)c1
-19.46    -19.48    -11.28      0.10      c1(OC)ccc(NC(c2c(=NO)cc(-c3ccccc3)oc2O)=O)cc1
-23.93    -24.10    -10.43      0.17      C(N1CCN(C)CC1)C1=NC(=O)NC(c2cccc(Br)c2)C1C(=O)OCC
-29.41    -29.61    -10.48      0.23      c1cnccc1Cn1nc(C)c2c(n(-c3ccc(F)cc3)c(=S)n2-c2ccccc2)c1=O
-28.61    -28.92     23.02      0.63      C(NC(=O)N1CCCC1)CCCC(C(=O)OCc1ccccc1)NC(c1ccccc1)=O
-36.53    -37.02     31.31      0.83      c1cc(Oc2ccccc2)ccc1C(=C)C1COC2(OC1)CCN(C1CCC(C)CC1)CC2
-23.65    -23.40     50.40      0.90      C(CCCC)Oc1cc(CC=C)c(O)c(OC)c1
-27.41    -27.65     37.95      0.80      C1(=O)C(CCCCn2cc(-c3ccccc3)nn2)CC(O)CC1=O
-28.98    -28.84     50.42      0.97      c1c(OC)c(O)c(OC)c2c1CCC(NC1CCC(C(C)C)CC1)c1cc(=O)c(F)ccc1-2
Human-Component   raw_Human-Component
0.2666666805744171   0.2666666805744171   
0.5666666626930237   0.5666666626930237   
0.10000000149011612   0.10000000149011612   
0.1666666716337204   0.1666666716337204   
0.23333333432674408   0.23333333432674408   
0.6333333253860474   0.6333333253860474   
0.8333333134651184   0.8333333134651184   
0.8999999761581421   0.8999999761581421   
0.800000011920929   0.800000011920929   
0.9666666388511658   0.9666666388511658   

14:43:47: local_reinforcement_logger.timestep_report +41: INFO     
 Step 22   Fraction valid SMILES: 96.9   Score: 0.4844   Time elapsed: 23   Time left: 28.0
  Agent     Prior     Target     Score     SMILES
-23.64    -23.47    -20.74      0.03      O=C(CSc1n(Cc2ccccc2)ccn1)Nc1cccc(S(N)(=O)=O)c1
-31.31    -30.93     51.07      1.00      FC(F)(c1cc(N=c2[nH]c(N3CCN(Cc4ccccc4)CC3)nc3c2cnn3C)c(C)cc1)F
-30.13    -29.94     27.46      0.70      c12n(C)c(O)c(C(=Nc3c(F)cccc3)Cc3ccccc3)c1cccc2
-22.56    -22.62     53.91      0.93      C1C(Oc2ccc(-c3ccc(CCNCC(c4cccc(Cl)c4)O)cc3)cc2)CNC1
-31.09    -31.26     42.54      0.90      COc1cccc(CCN2CCC3(CC2)CN(C(c2[nH]ccc2)=O)CC3)c1
-15.52    -15.85     36.08      0.63      c12ccc(O)cc1oc(=O)cc2
-21.25    -21.41      5.93      0.33      c1(C)ccc(S(=O)(c2cc3oc4c(c3cc2)CCNC4)=O)cc1
-30.63    -31.14    -31.14      0.00      O=S1(=O)CC(N=c2ccc3ncc(-c4ccc5c(c4)cc[nH]5)c3[nH]2)CC1
-30.46    -30.55    -16.88      0.17      O=c1[nH]c(=O)c2c(n1CC(OC(C)C(Nc1ccc(CC)cc1)=O)CC)cccc2
-34.01    -34.34    -17.94      0.20      O=C(NC(C(CC(Cc1ccccc1)NC(C(NC(N(Cc1cccc(C#N)c1)C)=O)C(C)C)=O)O)Cc1ccccc1)OCc1cncs1
Human-Component   raw_Human-Component
0.03333333507180214   0.03333333507180214   
1.0   1.0   
0.699999988079071   0.699999988079071   
0.9333333373069763   0.9333333373069763   
0.8999999761581421   0.8999999761581421   
0.6333333253860474   0.6333333253860474   
0.3333333432674408   0.3333333432674408   
0.0   0.0   
0.1666666716337204   0.1666666716337204   
0.20000000298023224   0.20000000298023224   

14:43:48: local_reinforcement_logger.timestep_report +41: INFO     
 Step 23   Fraction valid SMILES: 100.0   Score: 0.5000   Time elapsed: 24   Time left: 27.0
  Agent     Prior     Target     Score     SMILES
-23.48    -23.58     -2.42      0.26      c1(Cl)ccc(-c2cc(C(=O)N=c3cc[nH]cc3)c3c(ccc(Br)c3)n2)cc1
-20.58    -20.67      5.78      0.32      c1(NC(=O)C2Oc3ccccc3OC2)cccc(C)c1C
-27.66    -27.56    -16.98      0.13      c1(CN=c2nc(-c3ccc(S(=O)(=O)C)cc3)[nH]c(Cl)c2)cccc(NC(=O)C)c1
-27.51    -27.58     46.49      0.90      c1c(C2CC2)ccc(C(NC(c2c3n(c(C(N4C(COC)CCC4)=O)c2)CCOC3)=O)CC)c1
-26.14    -26.23     13.45      0.48      CC1N(c2nccc(N3CC(Oc4ccc(C(C)NC(=O)C)cc4)CC3)n2)CCC(F)(F)C1
-29.11    -29.05     29.14      0.71      n1ccn(CCC(OCC=CBr)C)c1
-20.60    -20.65     45.48      0.81      c1ccc(-c2onc(CCCl)c2)cc1
-36.07    -35.84    -30.55      0.06      c1(NC(=O)CCCCC(Nc2cc(S(=O)(=O)O)c([N+](=O)[O-])cc2)=O)cc2c(cc1)[nH]c(C)cc2=N
-23.33    -23.20     48.22      0.87      C1(=N)C(C#N)C(c2c(F)cccc2)c2cc(Br)ccc2O1
-24.50    -24.58     36.26      0.74      c1cccc2c1OC(=Cc1c(O)c(O)ccc1O)C2=O
Human-Component   raw_Human-Component
0.25806450843811035   0.25806450843811035   
0.32258063554763794   0.32258063554763794   
0.12903225421905518   0.12903225421905518   
0.9032257795333862   0.9032257795333862   
0.4838709533214569   0.4838709533214569   
0.7096773982048035   0.7096773982048035   
0.8064516186714172   0.8064516186714172   
0.06451612710952759   0.06451612710952759   
0.8709677457809448   0.8709677457809448   
0.7419354915618896   0.7419354915618896   

14:43:49: local_reinforcement_logger.timestep_report +41: INFO     
 Step 24   Fraction valid SMILES: 93.8   Score: 0.4688   Time elapsed: 24   Time left: 25.0
  Agent     Prior     Target     Score     SMILES
-22.95    -22.85    -11.54      0.14      c1c(NC(CC(=N)C#N)=O)cccc1C(F)(F)F
-30.91    -31.35     -3.08      0.34      c1cccc2c1C13C(=CC2=O)N(C(OCCC#C)=O)CC1C(=O)CC3
-29.66    -29.41    -20.93      0.10      O=C1C(=Cc2ccccc2C(F)(F)F)SC(=S)N1CCC(=O)Nc1c(C)c(C)ccc1
-33.42    -34.09     16.80      0.62      N1C2CCC1CN(c1c3c(-c4ccccc4)csc3nc(N3CCN(Cc4n[nH]c(=O)[nH]4)CC3)n1)C2
-22.48    -22.39    -22.39      0.00      c1c2c(C)nnc(SCC(=O)NCc3occc3)c2ccc1
-29.36    -29.41     44.10      0.90      c1(C2CC2)cc(-c2nnc3ccc(C)nn32)cc(C(F)(F)F)c1
-27.12    -26.73    -26.73      0.00      N(S(=O)(=O)N)(c1ccc(C(C)C(N)=O)cc1)(=O)=O
-29.16    -29.57      1.53      0.38      c1(C(C)(C)C)ccc(Oc2ccc(CN3CCC4(CN(C(Nc5ccccc5)=O)C4=O)CC3)cc2)cc1
-22.17    -22.14     23.11      0.55      c12cc(NC(NCc3ccc(N(C)C)cc3)=O)ccc1OCO2
-34.69    -35.63     26.57      0.76      c1c(C2CCN(C)CC2)ccc(C(=O)N2CCC(C3Sc4c(C)cccc4C3)CC2)c1
Human-Component   raw_Human-Component
0.13793103396892548   0.13793103396892548   
0.3448275923728943   0.3448275923728943   
0.1034482792019844   0.1034482792019844   
0.6206896305084229   0.6206896305084229   
0.0   0.0   
0.8965517282485962   0.8965517282485962   
0.0   0.0   
0.37931033968925476   0.37931033968925476   
0.5517241358757019   0.5517241358757019   
0.7586206793785095   0.7586206793785095   

14:43:50: local_reinforcement_logger.timestep_report +41: INFO     
 Step 25   Fraction valid SMILES: 96.9   Score: 0.4844   Time elapsed: 25   Time left: 24.0
  Agent     Prior     Target     Score     SMILES
-19.39    -19.62     24.11      0.53      C1CC(C=CCCC)C(=O)O1
-43.07    -43.10     11.57      0.67      c1cc2c(cc1)c1c(c3cccc(C(=O)OC(C)(C)C)c3n1Cc1ccccc1Cl)c(=O)[nH]2
-22.49    -22.76      4.57      0.33      c1c(Cl)c(F)ccc1NC(=O)CN1CCN(CC(Nc2ccc(OCC)cc2)=O)CC1
-38.87    -38.71    -27.77      0.13      COC(=O)CC1c2c3c(c4c(cc(Br)cc4)c2O1)nc1ccccc1c3
-28.34    -28.81     47.73      0.93      c1cccc(-n2c(COc3n(-c4ccc(Cl)cc4)c(=O)c4c(cccc4)n3)n[nH]c2=S)c1
-27.88    -28.36      1.71      0.37      c1c2cc(=NCCC=C)[nH]cc2ccc1
-24.80    -24.74     10.79      0.43      c1cccc(-n2nc(-c3ccc(C)cc3)c(C3CC(=O)N=C4C3C(=O)CC(C)(C)C4)c2)c1
-42.68    -42.93      6.27      0.60      C1C(C(C)C)N=C2N1c1c(n(C3C(O)C(O)C(N(C)C(=O)N)O3)cn1)C2
-26.36    -26.81     -2.21      0.30      c1(Cl)nc2ccccc2cc1C=NNC(CNc1c2c(ccc1)cccc2)=O
-29.86    -29.91     11.09      0.50      c1c(F)ccc(-c2cc(C#N)nc3n(C)c(N)c(C(=O)NC)c23)c1
Human-Component   raw_Human-Component
0.5333333611488342   0.5333333611488342   
0.6666666865348816   0.6666666865348816   
0.3333333432674408   0.3333333432674408   
0.13333334028720856   0.13333334028720856   
0.9333333373069763   0.9333333373069763   
0.36666667461395264   0.36666667461395264   
0.4333333373069763   0.4333333373069763   
0.6000000238418579   0.6000000238418579   
0.30000001192092896   0.30000001192092896   
0.5   0.5   

14:43:51: local_reinforcement_logger.timestep_report +41: INFO     
 Step 26   Fraction valid SMILES: 100.0   Score: 0.5000   Time elapsed: 26   Time left: 23.1
  Agent     Prior     Target     Score     SMILES
-33.32    -32.44    -16.57      0.19      c1cc(NC(=O)CCC(O)=O)c(CNc2c(F)cc(C(=O)O)cc2)cc1C(F)(F)F
-25.06    -25.05     27.85      0.65      C(CC=CCC=CCCC)=CCC=CCC=CCCC(NCCO)C
-28.68    -28.75     18.87      0.58      C(c1ccccc1F)n1[nH]c(=NC(=S)N2CCCC2)cc1
-25.08    -25.98     40.15      0.81      c1(CN2C3CCC(COCc4ccccc4)C3CCC2)ncccc1
-28.60    -28.07    -28.07      0.00      c1(CC(N)=O)c(-c2ccc(C(F)(F)F)cc2)c(C(OCC)=O)c(C)nc1C
-33.88    -34.53     39.54      0.90      O=C(c1ccc(Cn2c3c(ccc(C(=O)NC)c3)nc2C2CCNCC2)cc1)NC1CCCCC1
-27.44    -27.54      1.56      0.35      c1ccc(CCN(c2nc3c(cccc3)o2)Cc2cccnc2)cc1
-36.87    -37.38     41.98      0.97      c1cc2c(cc1C#N)C(NCC1CC(COC)CCN1)Cc1c2cccc1
-25.07    -25.31     38.18      0.77      Nc1c(OC)ccc(C=Nn2c(=S)[nH]nc2-c2ccc(Cl)cc2)c1
-28.07    -28.07     30.12      0.71      n1c2cccnc2n(C)c1C#Cc1c(C)ccc(C(=O)Nc2ccc(CN3CCN(C)CC3)c(C(F)(F)F)c2)c1
Human-Component   raw_Human-Component
0.19354838132858276   0.19354838132858276   
0.6451612710952759   0.6451612710952759   
0.5806451439857483   0.5806451439857483   
0.8064516186714172   0.8064516186714172   
0.0   0.0   
0.9032257795333862   0.9032257795333862   
0.35483869910240173   0.35483869910240173   
0.9677419066429138   0.9677419066429138   
0.774193525314331   0.774193525314331   
0.7096773982048035   0.7096773982048035   

14:43:52: local_reinforcement_logger.timestep_report +41: INFO     
 Step 27   Fraction valid SMILES: 100.0   Score: 0.5000   Time elapsed: 27   Time left: 22.2
  Agent     Prior     Target     Score     SMILES
-23.19    -23.25     13.78      0.45      c12cnccn1c(C)nc2-c1ccc(F)cc1
-24.24    -24.32     49.74      0.90      c12c([nH]c(C3CCCN3C(COc3ccccc3)=O)n1)ccc(N)c2
-19.84    -19.81     -1.29      0.23      O(C)c1cc(C=C2Cc3c(cc(OC)c(OC)c3)C2=O)ccc1
-27.38    -27.81    -27.81      0.00      S(=O)(N1CCOCC1)(=O)N1CCCC(C(c2ccc(C)cc2OC)=O)C1
-17.79    -18.07     21.61      0.48      c1cc(COc2c(CCN(CCC)CCC)cccc2)ccc1
-21.95    -21.97    -16.68      0.06      C1CCOC1CNC(=O)CCCOc1c(C)ccc(C)c1
-24.50    -24.34     28.56      0.65      n1nc(C(n2c(C)c(Br)c(C)n2)C)sc1-c1ccccc1
-30.30    -30.29     17.32      0.58      C(C(NCc1ccccc1)=O)c1c2cc(OCCOC)ccc2n(C(c2ccc(Cl)cc2)=O)c1C
-29.94    -29.91     38.87      0.84      c1cc(F)cc(CCCCCOc2ccc(C(CC(OC)=O)=O)cc2)c1
-22.31    -22.74     40.74      0.77      c1(N2CCN(C(=O)c3c(C4CCN(C(OC(C)(C)C)=O)CC4)n(C)nc3)CC2)ccccc1Cl
Human-Component   raw_Human-Component
0.4516128897666931   0.4516128897666931   
0.9032257795333862   0.9032257795333862   
0.22580644488334656   0.22580644488334656   
0.0   0.0   
0.4838709533214569   0.4838709533214569   
0.06451612710952759   0.06451612710952759   
0.6451612710952759   0.6451612710952759   
0.5806451439857483   0.5806451439857483   
0.8387096524238586   0.8387096524238586   
0.774193525314331   0.774193525314331   

14:43:53: local_reinforcement_logger.timestep_report +41: INFO     
 Step 28   Fraction valid SMILES: 100.0   Score: 0.5000   Time elapsed: 28   Time left: 21.2
  Agent     Prior     Target     Score     SMILES
-28.46    -28.17     51.18      0.97      O=C(COc1c2c(scc2)ncn1)NCCCN1CCN(c2cc(C)ccc2C)CC1
-26.88    -27.52     33.32      0.74      c1ccc(F)c(Cn2c(-c3cccc(Cl)c3)nc3ccccc3c2=O)c1
-36.20    -36.37     35.05      0.87      c1(C(=O)O)ccc(O)c(N=C2C=CC(=NS(=O)(=O)c3ccc(Cl)cc3Cl)C=C2)c1O
-22.28    -22.32     33.23      0.68      c1(C)cccc(NC(=O)c2n(C)cc(S(=O)(N3CCCC3)=O)c2)c1C
-22.03    -22.13     20.19      0.52      c1c(N)ccc(NS(=O)(=O)C=Cc2ccc(Cl)cc2)c1
-24.45    -24.39     52.32      0.94      c1(C(=O)n2c(C)c(CN(C)C)c3ccccc23)ccc(Cl)cc1
-22.51    -22.75     30.15      0.65      C1NCCN(c2cc(SC)nc(=N)[nH]2)C1
-23.09    -23.33     40.15      0.77      c1c2c(ccc1-c1cc(Cl)cc(N=c3[nH]ccc(C(F)(F)F)n3)c1)C(=O)NC2
-26.74    -27.04     47.03      0.90      N1(c2[nH]c3c(c(Cl)cc(C(F)(F)F)c3Cl)n2)CCCCC1
-24.32    -24.28     23.34      0.58      O=C(SC1CCC2C3C(c4ccc(O)cc4CC3)CCC12C)C
Human-Component   raw_Human-Component
0.9677419066429138   0.9677419066429138   
0.7419354915618896   0.7419354915618896   
0.8709677457809448   0.8709677457809448   
0.6774193644523621   0.6774193644523621   
0.5161290168762207   0.5161290168762207   
0.9354838728904724   0.9354838728904724   
0.6451612710952759   0.6451612710952759   
0.774193525314331   0.774193525314331   
0.9032257795333862   0.9032257795333862   
0.5806451439857483   0.5806451439857483   

14:43:54: local_reinforcement_logger.timestep_report +41: INFO     
 Step 29   Fraction valid SMILES: 100.0   Score: 0.5000   Time elapsed: 29   Time left: 20.3
  Agent     Prior     Target     Score     SMILES
-28.68    -28.76     26.78      0.68      c1ccc(C(=O)N2CCC(c3cc(CN)ccc3)CC2)c(SCc2ccccc2)n1
-33.61    -33.11    -11.95      0.26      C1CC(OC(=O)N(C2CN(C(=O)N(C(C)C)C(C)C)CC2)C)CCS1(=O)=O
-30.46    -30.37     46.34      0.94      n1(CCN2CC(c3ccc(OC)cc3)C(CN3CCC(c4ccccc4)CC3)C2)c2ccc(C)cc2cn1
-33.71    -33.94     37.48      0.87      c1(Cl)cc2c(c(-c3cc(N4CCOCC4)cnc3)c1)n[nH]c2C#N
-39.30    -38.88    -30.94      0.10      C123OC1CC1C(C)(CCC4C(C)(C)C(OC(=O)C)CCC41C)C2=CC=C1C2C(C)C(C)CCC2(C(OCC=C)=O)CCC13C
-25.65    -26.35      0.10      0.32      c1cc(F)ccc1NC(NC1CC(C)(C)Oc2ccc(NC(=O)NC3CCCCC3)cc21)=O
-26.90    -26.93    -16.35      0.13      c1c2nc(SCC(=O)Nc3cccc(C)c3C)n3c(O)c(CCC(=O)NCc4ccc5c(c4)OCO5)nc3c2ccc1
-31.88    -32.38     -3.29      0.35      c1(C(NC(c2ccccc2)C)=O)c2n(c(CCCO)n1)cccc2
-22.36    -22.65     56.71      0.97      c1cc(C=C2C(=O)NC(=O)N(c3cccc(Cl)c3)C2=O)cc(OC)c1O
-59.25    -57.30    -22.91      0.42      C(C(C(=N)NC(=O)C(NC(=O)C)Cc1ccc(F)cc1)NC(=O)C(Cc1ccccc1)NC(=O)C(NC(=O)C(N)C=O)CCCN=C(N)N)C(O)=O
Human-Component   raw_Human-Component
0.6774193644523621   0.6774193644523621   
0.25806450843811035   0.25806450843811035   
0.9354838728904724   0.9354838728904724   
0.8709677457809448   0.8709677457809448   
0.09677419066429138   0.09677419066429138   
0.32258063554763794   0.32258063554763794   
0.12903225421905518   0.12903225421905518   
0.35483869910240173   0.35483869910240173   
0.9677419066429138   0.9677419066429138   
0.4193548262119293   0.4193548262119293   

14:43:55: local_reinforcement_logger.timestep_report +41: INFO     
 Step 30   Fraction valid SMILES: 96.9   Score: 0.4844   Time elapsed: 30   Time left: 19.4
  Agent     Prior     Target     Score     SMILES
-20.71    -20.55     39.58      0.73      OCC1OC(n2c3[nH]cnc(=N)c3c(C(=N)N)c2)C(O)C1O
-27.33    -27.41    -19.21      0.10      c1ncc(CN=c2c(C)cc(-c3c(OC)cccc3)c[nH]2)cc1
-23.97    -24.45     38.42      0.77      c1cc(C(F)(F)F)ccc1N1CCc2ncccc21
-25.18    -25.31     12.96      0.47      C1N(Cc2ccccc2)c2c(c(O)oc2)C1c1ccc(O)c(OC)c1
-41.19    -40.59    -13.26      0.33      O=S(=O)(c1ccc(C(=O)Nc2cccc3cc4ccccc4nc32)c(Cl)c1)N=c1[nH]c(C)cc(C)n1
-23.87    -25.07     45.99      0.87      N1(Cc2ccccc2)CCC(N(C(CCC)=O)Cc2ccccc2)CC1
-25.46    -25.57     18.16      0.53      c1cc(Cl)ncc1CN1C(=O)N(Cc2cccc(Oc3ccccc3)c2)C(Cc2ccccc2)C(O)C(O)C1Cc1ccccc1
-30.45    -30.73     48.54      0.97      O=C(Nc1ccc(C(NCCCN2CCCC2=O)=O)cc1)c1nc(-c2cc(Cl)ccc2)sc1
-22.66    -22.45     32.21      0.67      CCCC(=O)N=c1[nH]nc(-c2ccc(N(C)C)cc2)s1
-46.40    -46.74    -24.88      0.27      C1C(C(N2C3CCC2CC3C(=O)N2CCC(O)(Cn3c(C)ncc3)C2)=O)C1c1c(F)cccc1
Human-Component   raw_Human-Component
0.7333333492279053   0.7333333492279053   
0.10000000149011612   0.10000000149011612   
0.7666666507720947   0.7666666507720947   
0.46666666865348816   0.46666666865348816   
0.3333333432674408   0.3333333432674408   
0.8666666746139526   0.8666666746139526   
0.5333333611488342   0.5333333611488342   
0.9666666388511658   0.9666666388511658   
0.6666666865348816   0.6666666865348816   
0.2666666805744171   0.2666666805744171   

14:43:56: local_reinforcement_logger.timestep_report +41: INFO     
 Step 31   Fraction valid SMILES: 100.0   Score: 0.5000   Time elapsed: 31   Time left: 18.4
  Agent     Prior     Target     Score     SMILES
-31.87    -31.45     47.90      0.97      n1ccc(N2CCN(CCc3nc4c(ccc(NC(CC)=O)c4)n3CCCOC)CC2)nc1
-23.95    -23.62    -13.04      0.13      n1c(Cc2ccc(Br)cc2)oc(SCc2ccc([N+]([O-])=O)cc2)n1
-29.12    -29.44     23.46      0.65      C1([N+](=O)[O-])CCCC1n1c(O)ccc1O
-17.32    -17.41     14.33      0.39      O(c1cc(C2c3cc4c(cc3Nc3coc(O)c32)OCO4)cc(OC)c1OC)C
-32.30    -34.02     21.52      0.68      C1CCCC1(C(NC(CN1CC2CN(C(c3ccccc3)c3ccccc3)CC(O2)C1)=O)C)C
-33.24    -32.91    -14.39      0.23      c1cnc(-c2cnc(-c3ccccc3)c3cc(O)c(OC)cc32)nc1
-27.82    -27.90     17.06      0.55      CC1C2OC(c3ccc(OC)cc3)OCC2OC(c2ccccc2)C1OCc1ccccc1
-24.18    -23.96     26.30      0.61      COc1c(OC)cc(C2OCC3C(c4cc(OC)c(OC)cc4)OCC23)c(OC)c1OC
-21.06    -21.41     15.62      0.45      c1(NC(=O)Nc2cccc(F)c2)c2ccccc2ccc1
-21.01    -21.23     47.55      0.84      C1N(CC(N=Nc2c(O)[nH]c3ccccc23)=O)CCOC1
Human-Component   raw_Human-Component
0.9677419066429138   0.9677419066429138   
0.12903225421905518   0.12903225421905518   
0.6451612710952759   0.6451612710952759   
0.3870967626571655   0.3870967626571655   
0.6774193644523621   0.6774193644523621   
0.22580644488334656   0.22580644488334656   
0.5483871102333069   0.5483871102333069   
0.6129032373428345   0.6129032373428345   
0.4516128897666931   0.4516128897666931   
0.8387096524238586   0.8387096524238586   

14:43:57: local_reinforcement_logger.timestep_report +41: INFO     
 Step 32   Fraction valid SMILES: 100.0   Score: 0.5000   Time elapsed: 32   Time left: 17.5
  Agent     Prior     Target     Score     SMILES
-39.75    -39.41     37.30      0.94      C1CN(C2CCC(C(C)C)CC2)C(=O)CN1CCNC(=O)c1c(=O)c2cc(Br)ccc2[nH]c1
-24.07    -24.64    -21.99      0.03      c1cc(S(=O)(=O)N2CCCCC2)ccc1C(NC(NCc1ccccc1)=O)=S
-27.83    -27.90     27.65      0.68      c1(-c2csc3[nH]cnc(=NC)c32)ccc(NC(Nc2cccc(Cl)c2)=O)cc1
-40.47    -40.70    -27.47      0.16      [nH]1c(=NCC(C2OC2)c2cc(Cl)c(OC)cc2)cncc1
-27.36    -27.43     25.47      0.65      CN1c2c(cccc2)C2(CN=C(Nc3cc(C)ccc3)S2)C1=O
-22.28    -22.40     19.93      0.52      N(=c1[nH]c2cc(C)ccc2[nH]1)N=Cc1ccncc1
-26.28    -26.91     20.71      0.58      C1CCCC1N1CCN(C(=O)c2oc(Cn3cccn3)cc2)CC1
-20.49    -20.70     37.50      0.71      c1(=NCCN(CC)CC)[nH]cnc2sc3c(c12)CCCC3
-31.56    -30.77    -12.25      0.23      c1c(C(N(C)C)=O)cc(C(NC(C(O)CNCCC(F)(F)F)Cc2ccccc2)=O)cc1N(C)S(=O)(C)=O
-21.06    -20.86      5.59      0.32      [O-][N+](=O)c1cccc(C=NNC(Nc2c(C)cccc2C)=S)c1
Human-Component   raw_Human-Component
0.9354838728904724   0.9354838728904724   
0.032258063554763794   0.032258063554763794   
0.6774193644523621   0.6774193644523621   
0.16129031777381897   0.16129031777381897   
0.6451612710952759   0.6451612710952759   
0.5161290168762207   0.5161290168762207   
0.5806451439857483   0.5806451439857483   
0.7096773982048035   0.7096773982048035   
0.22580644488334656   0.22580644488334656   
0.32258063554763794   0.32258063554763794   

14:43:58: local_reinforcement_logger.timestep_report +41: INFO     
 Step 33   Fraction valid SMILES: 100.0   Score: 0.5000   Time elapsed: 33   Time left: 16.5
  Agent     Prior     Target     Score     SMILES
-20.50    -20.62     -4.75      0.19      C(n1c(SCC(NC2CCCCC2)=O)nnc1C1CC1)C(C)C
-35.91    -35.52     43.84      0.97      C(C)CCn1c(=N)c(C#N)cc2c(=O)n3c(nc21)ccc(Cc1cccc(F)c1)n3
-38.87    -39.68      0.00      0.48      c1cc(N(c2ccccc2)N2CCC3C2OCCN3C(c2cc(C(F)(F)F)cc(C(F)(F)F)c2)=O)ccc1
-28.28    -28.57     48.14      0.94      C1CN(Cc2ccccc2F)CCN1c1c2ncn(C)c2nc(C)n1
-24.33    -24.22     33.97      0.71      ClCCN(CCCl)CS(O)(=O)=O
-39.33    -38.93    -31.00      0.10      C1(=Cc2cc(C)c(O)c(C)c2)C2=NN(S(=O)(c3ccc(C)cc3)=O)C(c3cc(OC)c(OC)cc3)C2C2CCC1O2
-40.51    -40.50     15.04      0.68      S(=O)(CCc1ccc(-c2ccc3c(N4CCCCC4)ccnc3c2)nc1)(=O)C(F)(F)F
-24.57    -25.04     35.80      0.74      [N+](=O)(c1ccc(N2CCCC2)cc1-n1cncc1)[O-]
-56.64    -55.36    -50.07      0.06      c1(C)c[nH]c(=N)c2c(-c3ccc(C)cc3)nn(CC3N(C(C(C#N)=CC(N4CCN(C)C(C)(C)C4)=O)C)C(CO)C3)c(=O)c12
-29.70    -29.87      4.51      0.42      C1N(C(=O)CCC2CCCC2)CCN(C(N=c2cc(C(F)(F)F)o[nH]2)=O)C1
Human-Component   raw_Human-Component
0.19354838132858276   0.19354838132858276   
0.9677419066429138   0.9677419066429138   
0.4838709533214569   0.4838709533214569   
0.9354838728904724   0.9354838728904724   
0.7096773982048035   0.7096773982048035   
0.09677419066429138   0.09677419066429138   
0.6774193644523621   0.6774193644523621   
0.7419354915618896   0.7419354915618896   
0.06451612710952759   0.06451612710952759   
0.4193548262119293   0.4193548262119293   

14:43:59: local_reinforcement_logger.timestep_report +41: INFO     
 Step 34   Fraction valid SMILES: 90.6   Score: 0.4531   Time elapsed: 34   Time left: 15.5
  Agent     Prior     Target     Score     SMILES
-30.90    -31.48      9.52      0.50      c1n[nH]c(C)c1C(N1CC2Cc3c4ccccc4[nH]c3CN2CC1)=O
-33.24    -33.39     19.32      0.64      C(C1(O)CCC2C1(C)CCC1C3(C)C(CC(=O)NCC3)CCC21)C(C(C)C)CC
-26.57    -26.64    -14.92      0.14      c1(C=NNS(=O)(=O)c2ccc(C)cc2)ccc2[n+]([O-])c(C)c(C(=O)C)[n+]([O-])c2c1
-27.26    -27.78     51.29      0.96      C1C2Cc3ccccc3C2C=CC1OCc1ccccc1
-27.16    -27.70     -4.27      0.29      O(c1cc(C2=C(c3ccc(OC)c(OC)c3)C(=O)N=C2CSc2ccccc2)ccc1OC)C
-33.43    -33.40     -1.18      0.39      c1c(Cl)c(-c2c([N+](=O)[O-])cc(Cn3c(C)nc4ccccc34)cc2)ccc1
-60.67    -59.61    -59.61      0.00      N(c1ncccc1NC(CC(F)(F)F)(O)C(F)(F)F)=c1n2c(ccc(-c3cc(S(C)(=O)=O)ccc3OC)c2)[nH]c1F
-18.19    -18.53     16.62      0.43      c1cc(NN=Cc2ccncc2)cc(Cl)c1
-24.41    -25.18     33.39      0.71      C1C2(COc3ccccc3CC2)CNCC1
-28.38    -28.58    -22.73      0.07      c12c(c3cccc(C)c3[nH]1)c(=NCC(Cc1ccccc1)N)[nH]c(-c1ccncc1)n2
Human-Component   raw_Human-Component
0.5   0.5   
0.6428571343421936   0.6428571343421936   
0.1428571492433548   0.1428571492433548   
0.9642857313156128   0.9642857313156128   
0.2857142984867096   0.2857142984867096   
0.3928571343421936   0.3928571343421936   
0.0   0.0   
0.4285714328289032   0.4285714328289032   
0.7142857313156128   0.7142857313156128   
0.0714285746216774   0.0714285746216774   

14:44:00: local_reinforcement_logger.timestep_report +41: INFO     
 Step 35   Fraction valid SMILES: 96.9   Score: 0.4844   Time elapsed: 35   Time left: 14.6
  Agent     Prior     Target     Score     SMILES
-23.80    -24.73     10.81      0.43      c1cccc(C(=O)N2CCC3N(Cc4sccn4)CCC23)c1
-37.29    -37.36     11.84      0.60      O=C(C(CCCCNC(C1(C(F)(F)F)CCC1)=O)NC(c1ccc(C=C2SC(=S)N(CC(O)=O)C2=O)cc1)=O)O
-21.69    -22.43     48.64      0.87      c1c(Cl)sc(CNCC2Cn3c(ccn3)NC2)c1
-24.36    -25.13      4.94      0.37      C1N(C(c2ccccc2)=O)CCC(CN=c2[nH]cnc3c2scc3)C1
-19.94    -20.69     44.91      0.80      c1ccc(C2(C3CCCCC3)N=C(N)N(CC3CCCCC3)C2=O)cc1
-34.04    -34.79    -12.92      0.27      [nH]1c2c(c(=N)nc1Sc1nccc(C)n1)ncn2CCN1CCCC1
-28.72    -28.41     31.73      0.73      OCC(NCc1ccc(Cl)c(Cl)c1C)C(O)C
-26.07    -26.14    -26.14      0.00      c1(F)ccc(NC(CN(C)C(c2ccc(S(C(C)C)(=O)=O)cc2)=O)=O)cc1
-25.75    -25.82    -17.62      0.10      c1cc(Cn2nc(-c3ccc(OC)c(CO)c3)c3c(=N)[nH]cnc32)cc(F)c1
-22.84    -22.36    -19.63      0.03      O=S(N)(=O)c1ccc(CCNC(=O)C2CCC(CNc3c(N4CCCC4)c(=O)c3=O)CC2)cc1
Human-Component   raw_Human-Component
0.4333333373069763   0.4333333373069763   
0.6000000238418579   0.6000000238418579   
0.8666666746139526   0.8666666746139526   
0.36666667461395264   0.36666667461395264   
0.800000011920929   0.800000011920929   
0.2666666805744171   0.2666666805744171   
0.7333333492279053   0.7333333492279053   
0.0   0.0   
0.10000000149011612   0.10000000149011612   
0.03333333507180214   0.03333333507180214   

14:44:01: local_reinforcement_logger.timestep_report +41: INFO     
 Step 36   Fraction valid SMILES: 100.0   Score: 0.5000   Time elapsed: 36   Time left: 13.6
  Agent     Prior     Target     Score     SMILES
-26.64    -26.17     -7.65      0.23      c1c(COc2ccc(C(=O)O)cc2)c2ncn(C3OC(CO)C(O)C3O)c2nc1
-22.35    -22.19     59.81      1.00      c1cc(Cl)cc(CSc2n(Cc3ccc(Cl)cc3)ccn2)c1
-35.91    -35.76    -14.59      0.26      C1N(C(=O)Nc2cc(C)cc(C)c2)C(c2cc(SC)ccc2)c2c(c3c(cccc3)[nH]2)C1
-23.29    -22.62      1.19      0.29      C(=O)(C(C)Sc1nnc(-c2ccncc2)o1)N
-31.86    -31.83    -18.60      0.16      c1ccc2n(Cc3c(F)cccc3)c(=O)nc(-c3cc(OCC(O)=O)ccc3)c2c1
-38.65    -39.64      2.69      0.52      C1(Br)CC2SCC(Cn3c(=O)[nH]c(=N)cc3)(OCCO)C2O1
-24.25    -24.36     12.67      0.45      C1(CO)C(O)C(O)C(O)C(OCC2C(O)C(O)C(n3c4c(c(=N)[nH]cn4)cc3)O2)O1
-29.64    -29.42    -24.13      0.06      c1cccc(N=c2scc(-c3cc([N+](=O)[O-])c(O)cc3)[nH]2)c1CC
-24.97    -24.55     44.22      0.84      C(CCCCCCCCC[N+](C)(C)Cc1ccc(N(C)C)cc1)CCCCC
-25.37    -26.17     39.96      0.81      C1(CCN2C3CCC2CC(n2c4c(cccc4)nc(C(O)=O)c2=O)C3)CCC(NC(Cc2ccccc2)=O)CC1
Human-Component   raw_Human-Component
0.22580644488334656   0.22580644488334656   
1.0   1.0   
0.25806450843811035   0.25806450843811035   
0.29032257199287415   0.29032257199287415   
0.16129031777381897   0.16129031777381897   
0.5161290168762207   0.5161290168762207   
0.4516128897666931   0.4516128897666931   
0.06451612710952759   0.06451612710952759   
0.8387096524238586   0.8387096524238586   
0.8064516186714172   0.8064516186714172   

14:44:01: local_reinforcement_logger.timestep_report +41: INFO     
 Step 37   Fraction valid SMILES: 96.9   Score: 0.4844   Time elapsed: 37   Time left: 12.7
  Agent     Prior     Target     Score     SMILES
-22.65    -23.00     56.26      0.97      c1cc2c(c(C3CCN(CCC4CCC(NS(N(C)C)(=O)=O)CC4)CC3)c1)OCC2
-38.90    -37.63    -18.50      0.23      O=S(N(C)C(Cn1ccc2c1ccc(-c1ccc(N(C)C)cc1)c2)C(O)=NO)(c1ccc(OC)cc1)=O
-31.21    -31.01    -31.01      0.00      O=C(C1(NC(c2c(C)nc(C)s2)=O)CCCC1)Nc1ccc(S(N)(=O)=O)cc1
-32.26    -32.98     27.15      0.73      c1c(C(=O)OC)ccc(NCCC2CCCN2c2ccc(Cl)cc2)c1
-18.53    -18.96     38.44      0.70      c1n(N=Cc2ccccc2)c2ccccc2n1
-37.52    -37.88     14.05      0.63      c1(-c2ccccc2)nc(C2CCN(CC(O)(c3ccc(F)cc3F)Cn3c[n+](CC(N)=O)cn3)CC2)no1
-17.33    -18.20     36.46      0.67      c1(CN2CCC(NC(CCc3ccccc3)=O)CC2)ccccc1
-16.98    -17.30     45.57      0.77      N1(c2c(F)cc3c(n(C4CC4)cc(C(=O)O)c3=O)c2)CCN(C)CC1
-18.38    -19.08    -13.61      0.07      c1cc(CNC(c2cc(C)nn2-c2ccccc2)=O)ccc1
-26.39    -27.08     -5.21      0.27      O=C(c1c(F)cccc1)N1CCN(Cc2occ(OCC(NCC)=O)c(=O)c2)CC1
Human-Component   raw_Human-Component
0.9666666388511658   0.9666666388511658   
0.23333333432674408   0.23333333432674408   
0.0   0.0   
0.7333333492279053   0.7333333492279053   
0.699999988079071   0.699999988079071   
0.6333333253860474   0.6333333253860474   
0.6666666865348816   0.6666666865348816   
0.7666666507720947   0.7666666507720947   
0.06666667014360428   0.06666667014360428   
0.2666666805744171   0.2666666805744171   

14:44:02: local_reinforcement_logger.timestep_report +41: INFO     
 Step 38   Fraction valid SMILES: 100.0   Score: 0.5000   Time elapsed: 38   Time left: 11.7
  Agent     Prior     Target     Score     SMILES
-34.38    -34.17    -20.95      0.16      c1ccc(CC=Nc2c(CCC(=O)OC)c(=O)[nH]c(=O)n2COCCO)cc1
-26.97    -26.93      2.17      0.35      c1c(OC)cc2sc(-n3c(=O)c4ccccc4nc3CN3CCOCC3)nc2c1
-29.81    -29.74     25.81      0.68      n1ccn(C)c1C(N1CCCC(C(=O)c2c(C)cc(Cl)cc2)CC1)=O
-38.21    -36.95     -2.57      0.42      c1c(F)cc(F)cc1Cc1c2c(c(C(CC(C(O)=O)=O)=O)c(OC)c1)CC(C)(C)O2
-31.14    -30.43     30.41      0.74      C1CN(c2[nH]c(=NC(=O)CN(CC)CC)cc(-c3ccco3)n2)CCO1
-30.62    -30.49      9.18      0.48      C(OCC)(c1c(=O)c2c3n(c1)C(C)COc1c(N4CCNCC4)c(F)cc2c13)=O
-24.22    -24.47     52.24      0.94      C1(=O)N(C(CN2CCCCC2)C)C(c2ccccc2)CO1
-23.50    -23.33    -23.33      0.00      c1cc(NC(C)=O)ccc1NC(=O)c1cc([N+]([O-])=O)ccc1O
-34.14    -34.86    -32.21      0.03      CCS(=O)(=O)N1CCN(C(Nc2ccc(C3=CCCN(CCC)C3)cc2)=O)CC1
-23.28    -23.07     -7.20      0.19      c1cc(C(NN=Cc2cccc([N+](=O)[O-])c2)=O)cc(S(=O)(N2CCOCC2)=O)c1
Human-Component   raw_Human-Component
0.16129031777381897   0.16129031777381897   
0.35483869910240173   0.35483869910240173   
0.6774193644523621   0.6774193644523621   
0.4193548262119293   0.4193548262119293   
0.7419354915618896   0.7419354915618896   
0.4838709533214569   0.4838709533214569   
0.9354838728904724   0.9354838728904724   
0.0   0.0   
0.032258063554763794   0.032258063554763794   
0.19354838132858276   0.19354838132858276   

14:44:03: local_reinforcement_logger.timestep_report +41: INFO     
 Step 39   Fraction valid SMILES: 96.9   Score: 0.4844   Time elapsed: 39   Time left: 10.7
  Agent     Prior     Target     Score     SMILES
-23.50    -24.50     52.03      0.93      C1CCN(Cc2ccc(OC3CCN(C(=O)c4[nH]c5ccccc5c4)C3)cc2)C1
-23.30    -23.49    -15.29      0.10      c1ccsc1Cn1c2c(c(N(C)C)ncn2)nc1
-23.11    -23.73    -10.06      0.17      C1C2CC3CC1CC(CC(Nc1c(OCC)cccc1)=O)(C2)C3
-23.92    -23.74    -18.27      0.07      C(=O)(NCC(NN=C(c1ccccc1)C)=O)c1ccccc1O
-32.16    -32.08      0.72      0.40      C1CC2(C)C3(C)C(C4(C)CCC(O)C(C)(CO)C4CC3)C(=O)CC2(C)C1C(CCCC(C)(C)O)C
-34.39    -34.90     36.16      0.87      C(c1ccc(C)cc1)Cc1ccc(NC(=O)c2cc(Br)c(OCCCN3CCCC3)cc2)cc1
-24.66    -25.22     23.98      0.60      N=c1nc(SC)[nH]c2c1ncn2C1C(O)C(O)C(CSCCCN)O1
-24.73    -25.07     43.26      0.83      Clc1cccc(Cl)c1C(=O)NC1CCC(CN=c2[nH][nH]c(C(C)C)n2)CC1
-46.69    -46.45      0.01      0.57      c1c(C)c(C)cc(OCCN2CCN(C(=O)C(N(c3ccc(OC)c(Cl)c3)C(C)CC)=O)CC2)c1
-39.78    -39.49      1.51      0.50      C(C(CC(=O)O)C1CCCCC1)C#CCCC=Cc1cc(OC)c(O)cc1
Human-Component   raw_Human-Component
0.9333333373069763   0.9333333373069763   
0.10000000149011612   0.10000000149011612   
0.1666666716337204   0.1666666716337204   
0.06666667014360428   0.06666667014360428   
0.4000000059604645   0.4000000059604645   
0.8666666746139526   0.8666666746139526   
0.6000000238418579   0.6000000238418579   
0.8333333134651184   0.8333333134651184   
0.5666666626930237   0.5666666626930237   
0.5   0.5   

14:44:04: local_reinforcement_logger.timestep_report +41: INFO     
 Step 40   Fraction valid SMILES: 96.9   Score: 0.4844   Time elapsed: 39   Time left: 9.5
  Agent     Prior     Target     Score     SMILES
-30.81    -30.77     -0.70      0.37      c1c(Cl)cc(NC(C(=Cc2ccc(OCCCC)cc2)Br)=O)cc1Cl
-24.23    -24.19     38.68      0.77      c1(C)nc(=N)[nH]c(C)c1-c1cc(Cl)ccc1
-34.93    -34.84    -34.84      0.00      c12c3cccc1CCc2cc(C(C)Nc1c2ncccc2cc(OC)c1)C3=O
-24.07    -24.00     36.13      0.73      n1(C)nc(C)cc1C(OC1CCCCC1)=O
-30.59    -31.16     26.24      0.70      c1cccc2n(C3CC4N(C5CC6CC(C5)CC6)C(CC4)C3)c(=O)c(N3CCC(NC)C3)nc12
-26.75    -26.60     -2.00      0.30      c1(OCc2n(CCOc3cc(C)cc(C)c3)c3c(cccn3)n2)ccccc1
-33.46    -34.29    -17.89      0.20      O=C1C2=C(C)N(Cc3sccc3)C(=CC)C(C(=O)N3CCCCC3)C2C(=O)C1
-26.69    -26.31      1.02      0.33      c1c(-c2cccc(NC(OC)=O)c2)ccc(-c2nc3c(cccc3)[nH]2)c1
-49.13    -48.66     27.87      0.93      n1c(=NC(c2ccc(N=c3c(C(N)=O)cn(C4CCN(C(CNC(=O)C=C)=O)CC4)[nH]3)cc2)=O)[nH]ccc1
-26.11    -25.96     -4.09      0.27      c1cc(OC)ccc1CN1S(=O)(=O)c2c(ccc(Cl)c2)OCC1CC(=O)O
Human-Component   raw_Human-Component
0.36666667461395264   0.36666667461395264   
0.7666666507720947   0.7666666507720947   
0.0   0.0   
0.7333333492279053   0.7333333492279053   
0.699999988079071   0.699999988079071   
0.30000001192092896   0.30000001192092896   
0.20000000298023224   0.20000000298023224   
0.3333333432674408   0.3333333432674408   
0.9333333373069763   0.9333333373069763   
0.2666666805744171   0.2666666805744171   

14:44:06: local_reinforcement_logger.timestep_report +41: INFO     
 Step 41   Fraction valid SMILES: 96.9   Score: 0.4844   Time elapsed: 41   Time left: 8.8
  Agent     Prior     Target     Score     SMILES
-40.06    -40.62     -7.82      0.40      C1(CC(=O)NC(CCCNC(N)=N)C(NCc2ccccc2)=O)c2ccccc2CCN1C(=O)C(NS(N)(=O)=O)Cc1ccccc1
-45.82    -45.93     19.67      0.80      c1cc(N)cc(C2(N3CCN(CCNC(=O)OC)C(C)C3)c3c(cccc3)NC2=O)c1
-37.89    -36.82     26.05      0.77      Clc1c(O)cc(O)c(C(N2C(C)c3nc(C(O)c4c(F)cc(F)cc4)sc3CC2)=O)c1
-28.50    -28.51    -12.11      0.20      C(Cc1c2c(c(OC)cc1OC)CCN(C)CC2)c1ccoc1
-27.40    -27.31     43.76      0.87      C1(CN2C(CO)C(O)C(O)C2)OC(=O)CCC1
-31.16    -30.94    -22.74      0.10      c1c(Cl)c(NC(COc2ccc(OC(C)C(N(C)c3ccccc3)=O)cc2)=O)ccc1
-21.94    -22.19     37.95      0.73      c1c(NC(=O)c2cc(F)ccc2)ccc2n(CC)c3ccccc3c12
-36.23    -35.75    -16.62      0.23      FC(F)(F)C(=O)NCCN=c1c(-c2ccc(OC)cc2)c(COC)[nH][nH]1
-25.08    -24.47     11.06      0.43      c1c(C)sc(C(=O)C=Cc2cn(C)c(C=CC(O)=NO)c2)c1
-21.83    -21.76     16.51      0.47      c1(C=NNC(=O)c2ccc(OCCCC)cc2)c(O)cccc1
Human-Component   raw_Human-Component
0.4000000059604645   0.4000000059604645   
0.800000011920929   0.800000011920929   
0.7666666507720947   0.7666666507720947   
0.20000000298023224   0.20000000298023224   
0.8666666746139526   0.8666666746139526   
0.10000000149011612   0.10000000149011612   
0.7333333492279053   0.7333333492279053   
0.23333333432674408   0.23333333432674408   
0.4333333373069763   0.4333333373069763   
0.46666666865348816   0.46666666865348816   

14:44:07: local_reinforcement_logger.timestep_report +41: INFO     
 Step 42   Fraction valid SMILES: 100.0   Score: 0.5000   Time elapsed: 42   Time left: 7.8
  Agent     Prior     Target     Score     SMILES
-27.37    -27.09     25.81      0.65      c1(N)cc(COC)cc(OC)c1CC
-22.42    -22.23     -3.71      0.23      C(C(NC1CCCCC1)=O)N(c1ccc(OC)c(OC)c1)S(=O)(=O)c1ccccc1
-44.62    -43.53      1.43      0.55      C(C)CCCCCCCCCCCCCCCCOCC1(COC(OC(C)(C)C)=O)COC1OCC=CC
-21.47    -21.41     55.30      0.94      c12c(cc(CNC(=O)CCNC(=O)c3c(OC)cccc3)cc1)OCO2
-39.72    -40.07    -37.43      0.03      OC(C(Oc1c2c(oc(C(=O)N3CCOCC3)c2C)cc(-c2ccccc2)c1)C)CC
-24.03    -23.60    -15.66      0.10      Nc1ccccc1Sc1ccccc1C(=O)NCC(=O)O
-23.58    -23.48     58.52      1.00      c1c(COc2ccn(-c3ccc4c5c(n(C)c4c3)CCCN(CC3CC3)C5)c(=O)c2)ccc(F)c1
-23.58    -23.80     39.69      0.77      c1cc2c(cc1NS(=O)(=O)c1cccc(C(F)(F)F)c1)cn[nH]2
-37.54    -38.54     17.01      0.68      CCN1CC2=C(C1)CCC1C(CCC3(C)C1CCC3O)NC2
-38.29    -38.31     -6.57      0.39      C1C(C(=O)N2C(=O)NCCC2)CC(OCC2CC2)C1O
Human-Component   raw_Human-Component
0.6451612710952759   0.6451612710952759   
0.22580644488334656   0.22580644488334656   
0.5483871102333069   0.5483871102333069   
0.9354838728904724   0.9354838728904724   
0.032258063554763794   0.032258063554763794   
0.09677419066429138   0.09677419066429138   
1.0   1.0   
0.774193525314331   0.774193525314331   
0.6774193644523621   0.6774193644523621   
0.3870967626571655   0.3870967626571655   

14:44:07: local_reinforcement_logger.timestep_report +41: INFO     
 Step 43   Fraction valid SMILES: 100.0   Score: 0.5000   Time elapsed: 43   Time left: 6.8
  Agent     Prior     Target     Score     SMILES
-26.30    -26.04     -2.24      0.29      c1(C2=NC(=Cc3ccc4c(c3)OCO4)C(=O)N2c2ncccc2)sccc1
-37.37    -37.13    -29.19      0.10      C(c1ncc2cc(OC)c(OC)cc2c1)NC(=O)CCC(=O)NCCCCCCCN=c1c2c([nH]c3ccccc13)CCCC2
-30.78    -30.42    -14.54      0.19      Oc1ccc(CC(NC(OCc2ccccc2)=O)C(NC(C(NCCc2ccccc2)=O)CCCCCC(=NO)O)=O)cc1
-29.90    -29.71    -16.49      0.16      C(CCCc1ccccc1)NS(c1ccc(C(Nc2ccc(Cl)c(C(F)(F)F)c2)=O)cc1)(=O)=O
-27.78    -27.78     11.90      0.48      c1c(NC(=O)CCc2c3c(cc(Cl)cc3)[nH]c2C(=O)O)c(OC)ccc1
-24.91    -25.24    -19.95      0.06      c1ccc(Cl)c(NC(CCc2c(C)n(-c3ccccc3)nc2C)=O)c1
-26.43    -26.71     26.19      0.65      CN1CCC(C(N(C)CC2Oc3c(cc(Br)cn3)C(=O)N(C(CO)C)CC2C)=O)CC1
-23.92    -24.36    -13.78      0.13      c1(-c2ccccc2)nnc(COc2ccc(CCC(C(=NO)O)(S(=O)(C)=O)C)cc2)o1
-32.36    -31.87      2.52      0.42      c1cc(CC23C(=O)N(C)c4c(cccc4)C2=NN3C(=O)CN)ccc1
-45.71    -45.19     -8.16      0.45      C1OC(c2n[nH]c(-c3cc(OC)c(Cl)cc3)n2)OC1CNC(c1cc2cc(Cl)c(Cl)cc2[nH]1)=O
Human-Component   raw_Human-Component
0.29032257199287415   0.29032257199287415   
0.09677419066429138   0.09677419066429138   
0.19354838132858276   0.19354838132858276   
0.16129031777381897   0.16129031777381897   
0.4838709533214569   0.4838709533214569   
0.06451612710952759   0.06451612710952759   
0.6451612710952759   0.6451612710952759   
0.12903225421905518   0.12903225421905518   
0.4193548262119293   0.4193548262119293   
0.4516128897666931   0.4516128897666931   

14:44:08: local_reinforcement_logger.timestep_report +41: INFO     
 Step 44   Fraction valid SMILES: 93.8   Score: 0.4688   Time elapsed: 44   Time left: 5.9
  Agent     Prior     Target     Score     SMILES
-21.32    -21.01      4.44      0.31      O=C(OCC)CNC(c1cc(OC)ccc1)=O
-38.92    -39.35    -22.38      0.21      c1c(-c2sc3ncccc3n2)ccc2c1[nH]c(=NC1CC1)n2CC1CCC(OC)CC1
-29.74    -29.29      1.82      0.38      n1c(OC)ccc2c1N=C(c1ccc(-n3c(C)nc4c3ccnc4)cc1)CC2c1c(OC)cccc1
-22.52    -24.30     52.05      0.93      c1cc(Nc2cc3c(cc2)c(C=Cc2ccccc2)[nH]n3)cc(NC(CCN2CCCC2)=O)c1
-19.14    -19.68     -8.37      0.14      n1cccc(C2=Cc3ccccc3C3=NCCN32)c1
-21.95    -21.41     43.63      0.79      CS(=O)(=O)N1CCN(c2cc(O)n(-c3ccc(OCC)cc3)c2O)CC1
-27.87    -27.33     34.88      0.76      c1c(-c2c(C(=O)O)cccc2)ccc(Cn2c(CCCC)nc3c2c(S(=O)(=O)C)ccc3)c1
-32.64    -33.48     45.70      0.97      c1(Cl)cc(NC(=O)Nc2c(F)cc(Oc3c4n(CCOCCOCCOCCF)cnc4ncn3)cc2)cc(Cl)c1
-25.90    -26.22    -26.22      0.00      c1(S(N=c2nccc[nH]2)(=O)=O)ccc(NCc2ccc[nH]c2=N)cc1
-21.68    -21.99     51.53      0.90      N1(Cc2c(F)cccc2)CCN(S(N(C)C)(=O)=O)CC1
Human-Component   raw_Human-Component
0.3103448152542114   0.3103448152542114   
0.2068965584039688   0.2068965584039688   
0.37931033968925476   0.37931033968925476   
0.931034505367279   0.931034505367279   
0.13793103396892548   0.13793103396892548   
0.7931034564971924   0.7931034564971924   
0.7586206793785095   0.7586206793785095   
0.9655172228813171   0.9655172228813171   
0.0   0.0   
0.8965517282485962   0.8965517282485962   

14:44:09: local_reinforcement_logger.timestep_report +41: INFO     
 Step 45   Fraction valid SMILES: 100.0   Score: 0.5000   Time elapsed: 45   Time left: 4.9
  Agent     Prior     Target     Score     SMILES
-26.16    -26.58     44.84      0.87      c1c(Cl)cc(Cl)cc1-n1nc(C(=O)N2CCOCC2)c2c1-c1c(cc(C3CC3)cc1)S(=O)(=O)C2
-21.97    -21.33      5.12      0.32      c1cc(N(C(=O)C)Cc2c(=O)[nH]c3ccc(C)cc3c2)ccc1C
-31.26    -31.41    -31.41      0.00      c1ccc2c(CC(N=c3[nH]nc(CC(Nc4cc(C)ccc4)=O)s3)=O)csc2c1
-28.62    -28.88    -10.36      0.23      C1(NC(Cc2ccccc2)=O)CNC(C(=O)NCc2ccccc2F)C1
-29.59    -30.43     14.54      0.55      N12C(C(=O)N(C(C(=O)O)CCCN=C(N)N)C1)CCC2C(O)=O
-16.44    -17.46     59.25      0.94      N1(CCOc2ccc(C3=C(c4ccccc4)CCOc4ccccc43)cc2)CCCCC1
-37.06    -36.60     18.94      0.68      c1c2c(ccc1)c1c(c[n+]2CCCCCCCCCCCCCC)ccc(OCC[n+]2c(C)c(CC)sc2)c1
-29.95    -29.12    -23.83      0.06      N(c1ccc(S(=O)(=O)N2CCCCCC2)cc1)C(c1ccc(C(N)=NO)cc1)=O
-23.40    -23.18    -20.54      0.03      c1cc(CNC(=O)CN(CC)C(=O)CC(C)C)ccc1
-27.66    -28.75     45.31      0.90      N(C(=O)COc1ccccc1Cl)CC1N(CCCN2CCCC2=O)CCC1
Human-Component   raw_Human-Component
0.8709677457809448   0.8709677457809448   
0.32258063554763794   0.32258063554763794   
0.0   0.0   
0.22580644488334656   0.22580644488334656   
0.5483871102333069   0.5483871102333069   
0.9354838728904724   0.9354838728904724   
0.6774193644523621   0.6774193644523621   
0.06451612710952759   0.06451612710952759   
0.032258063554763794   0.032258063554763794   
0.9032257795333862   0.9032257795333862   

14:44:10: local_reinforcement_logger.timestep_report +41: INFO     
 Step 46   Fraction valid SMILES: 100.0   Score: 0.5000   Time elapsed: 46   Time left: 3.9
  Agent     Prior     Target     Score     SMILES
-21.62    -21.16    -15.87      0.06      c1(SCC(=O)NCc2occc2)ncnc2[nH]cnc12
-24.02    -24.72      4.38      0.35      N=c1[nH]c(=NCCCCCCCCCCCCN=c2[nH]c(=N)cc[nH]2)[nH]c(=N)[nH]1
-19.08    -19.23     -8.65      0.13      c1c(-c2c(C(C(N(CCC)CCC)=O)=O)c3ccccc3[nH]2)cccc1
-23.38    -24.56     33.64      0.71      Clc1ccc(CCN2C(=O)C(CCCN)NC(CNC(=O)c3ccc4ccccc4c3)CC2)cc1
-24.82    -26.10     47.97      0.90      C(CN1CC(c2ccc(OC)cc2)C1)CN1CCCCC1
-22.36    -23.00     24.61      0.58      O1CCN(c2ccc3c(ccn3C)c2)CC1
-30.99    -31.44     18.82      0.61      c1(=NCCN=c2c3c(cc(Cl)cc3)[nH]cc2)c2cc(C(=O)N3CCN(C)CC3)ccc2[nH]c2c1ccc(C(F)(F)F)c2
-35.16    -34.39      7.93      0.52      c1cc2c(c(CC(C(=O)O)(Cc3ccc4c(cccc4)c3)N)c[nH]2)cc1Cl
-26.56    -26.33     53.03      0.97      Cn1nc(C)cc1CN1CCCC(C(=O)c2ccc(C(C)(C)C)cc2)C1
-29.45    -30.45     -9.29      0.26      c1(CCNC(=O)CN2c3ccccc3CC2C(N2CCOCC2)=O)ccccc1
Human-Component   raw_Human-Component
0.06451612710952759   0.06451612710952759   
0.35483869910240173   0.35483869910240173   
0.12903225421905518   0.12903225421905518   
0.7096773982048035   0.7096773982048035   
0.9032257795333862   0.9032257795333862   
0.5806451439857483   0.5806451439857483   
0.6129032373428345   0.6129032373428345   
0.5161290168762207   0.5161290168762207   
0.9677419066429138   0.9677419066429138   
0.25806450843811035   0.25806450843811035   

14:44:11: local_reinforcement_logger.timestep_report +41: INFO     
 Step 47   Fraction valid SMILES: 96.9   Score: 0.4844   Time elapsed: 47   Time left: 2.9
  Agent     Prior     Target     Score     SMILES
-27.94    -28.99     12.01      0.50      CN(CCCN=c1[nH]cc2c(c1)c(=Nc1cccc(Cl)c1Br)[nH]cn2)C
-43.28    -44.13     -0.40      0.53      C(C(C(N1CCC=C1C(NC1CCC(O)CC1)=O)=O)NC(O)c1[nH]c(=O)ccc1)CCCNC(OCc1ccccc1)=O
-25.42    -26.25     36.61      0.77      c1c(CN(Cc2cccc(C(F)(F)F)c2)C2CCNCC2)cc(Cl)cc1
-18.06    -19.53     59.74      0.97      c1(C)ccc(C(CCCN2CCC(c3ccc(Cl)cc3)(O)CC2)=O)cc1
-21.75    -22.66     51.14      0.90      C(CCN1CCCC1C)COc1c(F)cccc1
-32.14    -33.14     27.00      0.73      FC(c1cccc(Cl)c1NC(C1N(C(c2cc(Cn3ccnc3)ccc2)=O)CCCC1)=O)(F)F
-21.87    -21.70     35.70      0.70      c12c3cccc1CCCn2c(C(=O)OC)c3
-21.66    -21.26    -15.79      0.07      c1c([N+]([O-])=O)ccc(NC(N(CCC)CCC)=O)c1
-28.06    -28.20     -9.07      0.23      c1cc(F)ccc1S(=O)(n1nc(-c2ccccc2)c2c[nH]c(=NCC)nc12)=O
-22.27    -22.84     12.70      0.43      C1C2CC3(NC(c4noc(CC)c4)=O)CC1CC(C3)C2
Human-Component   raw_Human-Component
0.5   0.5   
0.5333333611488342   0.5333333611488342   
0.7666666507720947   0.7666666507720947   
0.9666666388511658   0.9666666388511658   
0.8999999761581421   0.8999999761581421   
0.7333333492279053   0.7333333492279053   
0.699999988079071   0.699999988079071   
0.06666667014360428   0.06666667014360428   
0.23333333432674408   0.23333333432674408   
0.4333333373069763   0.4333333373069763   

14:44:12: local_reinforcement_logger.timestep_report +41: INFO     
 Step 48   Fraction valid SMILES: 100.0   Score: 0.5000   Time elapsed: 47   Time left: 1.9
  Agent     Prior     Target     Score     SMILES
-28.13    -29.12     52.88      1.00      C1N(CCC2CCCc3c(OCC)cccc32)CCN(c2c(Cl)c(Cl)ccc2)C1
-18.64    -18.31     10.78      0.35      C(c1ccccc1)C(C(=O)CCl)N
-24.75    -25.83     13.85      0.48      O1C(CC)CCCC1NCc1ccc(Cl)cc1
-23.88    -24.31     39.17      0.77      c1(C(F)(F)F)cccc(CNC2c3cnn(CC)c3CCC2)c1Cl
-30.28    -31.10      3.29      0.42      c1cc(-c2ccc(NCc3c(C(C)C)onc3-c3c(Cl)cccc3Cl)cc2)c(CNC2CCCCC2)cc1
-26.18    -25.78     16.54      0.52      N(c1c(O)cc(NCCc2ccccc2)c(O)c1)C(=O)CCCCCN
-19.44    -19.41     52.00      0.87      c1ccc2c(c1)C(=O)C(=O)N2Cc1c(Cl)cccc1Cl
-32.39    -32.48    -19.26      0.16      c1c(-c2ccc(N)cc2C)ccc2c(=O)c(C(=O)N)cn(Cc3ccc(F)cc3F)c12
-28.97    -29.19     -8.03      0.26      [nH]1c(=NC2CCOCC2)cc2c(nc[nH]c2=NC2CCC(C)(O)CC2)c1
-37.84    -37.60    -37.60      0.00      C(N)c1c(OC)ccc(-c2n(CC)c(=O)c3n(Cc4c(F)cccc4F)ccc3c2)c1
Human-Component   raw_Human-Component
1.0   1.0   
0.35483869910240173   0.35483869910240173   
0.4838709533214569   0.4838709533214569   
0.774193525314331   0.774193525314331   
0.4193548262119293   0.4193548262119293   
0.5161290168762207   0.5161290168762207   
0.8709677457809448   0.8709677457809448   
0.16129031777381897   0.16129031777381897   
0.25806450843811035   0.25806450843811035   
0.0   0.0   

14:44:13: local_reinforcement_logger.timestep_report +41: INFO     
 Step 49   Fraction valid SMILES: 96.9   Score: 0.4844   Time elapsed: 48   Time left: 1.0
  Agent     Prior     Target     Score     SMILES
-27.93    -27.80      7.74      0.43      C(=CC=CC=CC=CC=CC)C=CCC=CCC=CCCC(=O)OC(CO)CO
-20.63    -19.65      2.22      0.27      C(=O)(C)OCCOCn1c2c(c(=N)[nH]cn2)nc1
-23.19    -23.96     36.18      0.73      c1cc(NC(C2=CCN(c3ncccc3)CC2)=O)c(CC)cc1
-24.12    -24.02     22.44      0.57      CC(NCC(O)CON=C1CCCCC1)(C)c1ccccc1
-19.31    -19.95     53.85      0.90      C1c2ccccc2C(N2CCN(C)CC2)=Nc2c(cccc2)C1
-30.84    -31.72     33.88      0.80      c1(=NC2CCC(Oc3ncccc3N3CCCC3)CC2)[nH]cnc2c1ncn2C1C(O)C(O)C(CO)O1
-30.20    -31.12    -25.65      0.07      c1(Cl)cncc(Cl)c1C(Cc1ccccc1)(N)c1nocn1
-25.26    -25.26      2.07      0.33      N(C(=O)C1=CC(C)(C)NC1(C)C)c1c(Cl)ccc(S(N2CCCCC2)(=O)=O)c1
-40.87    -41.02    -38.29      0.03      S1CCN(C(c2cc3c([nH]2)cc(N=c2[nH]ccc(-c4cc(OC5(C)COC5)cc(C)c4)n2)cc3)=O)C1
-33.42    -32.60    -18.94      0.17      S(=O)(=O)(CCNC(c1oc(SCc2ccc([N+](=O)[O-])cc2)cc1)=O)N
Human-Component   raw_Human-Component
0.4333333373069763   0.4333333373069763   
0.2666666805744171   0.2666666805744171   
0.7333333492279053   0.7333333492279053   
0.5666666626930237   0.5666666626930237   
0.8999999761581421   0.8999999761581421   
0.800000011920929   0.800000011920929   
0.06666667014360428   0.06666667014360428   
0.3333333432674408   0.3333333432674408   
0.03333333507180214   0.03333333507180214   
0.1666666716337204   0.1666666716337204   

