14:47:43: local_reinforcement_logger.log_message +32: INFO     starting an RL run
14:47:44: local_reinforcement_logger.timestep_report +41: INFO     
 Step 0   Fraction valid SMILES: 90.6   Score: 0.4531   Time elapsed: 0   Time left: 0.0
  Agent     Prior     Target     Score     SMILES
-40.60    -40.60    -32.60      0.25      OC1C(O)OC(Cn2cc(CCCCCCCCC3C(CC(O)CCCCCC)COC3=O)nn2)C(O)C1O
-21.21    -21.21      7.36      0.89      C(=NO)(NN=Cc1ccc(Cl)cc1)O
-46.35    -46.35    -15.49      0.96      c1(O)ccc(OC(C)C)cc1N1C(=O)c2c(-c3ccc(OC)cc3)[nH]nc2CC1c1ccco1
-51.88    -51.88    -51.88      0.00      S(N(C)C)(=O)(c1cc(C(N2CCC2(N=c2[nH]c(CC)c(C(NC)=O)cn2)=O)=O)c(C)cc1)=O
-28.49    -28.49    -19.35      0.29      O=C(CSCC(N(C)CC(Nc1ccc(Cl)c(C(F)(F)F)c1)=O)=O)N=c1[nH]cc(C)cc1
-24.55    -24.55    -18.83      0.18      C(O)(=O)C(C)(C)Cc1nc(-c2ccc(Br)cc2)no1
-17.56    -17.56      4.15      0.68      O(c1c(OC)c(OC)cc(C(C=Cc2ccc(OC)cc2)=O)c1)C
-23.62    -23.62     -0.76      0.71      C(C=Cn1nnc(C(O)=O)c1)c1ccccc1
-29.41    -29.41    -11.13      0.57      CNC(=O)N=c1[nH]c(C)c2c(N3CCC(O)CC3)n[nH]c2c1
-36.24    -36.24    -36.24      0.00      O(C1CN(C(=O)C(C(C)(C)C)NC(OC(C)(C)C)=O)C(C(NC2(C(NS(=O)(C3CC3)=O)=O)C(C=C)C2)=O)C1)C(C(C(C)C)N)=O
Human-Component   raw_Human-Component
0.25   0.25   
0.8928571343421936   0.8928571343421936   
0.9642857313156128   0.9642857313156128   
0.0   0.0   
0.2857142984867096   0.2857142984867096   
0.1785714328289032   0.1785714328289032   
0.6785714030265808   0.6785714030265808   
0.7142857313156128   0.7142857313156128   
0.5714285969734192   0.5714285969734192   
0.0   0.0   

14:47:45: local_reinforcement_logger.timestep_report +41: INFO     
 Step 1   Fraction valid SMILES: 100.0   Score: 0.5000   Time elapsed: 1   Time left: 24.5
  Agent     Prior     Target     Score     SMILES
-22.17    -22.21     -5.69      0.52      C1N(S(C)(=O)=O)CC(C(=O)NCCOC)CC1
-24.71    -24.59    -16.33      0.26      c1c(N2CCNCC2)cnc(N=c2[nH]cc3c(n2)n(C2CCCC2)c2c(OC)nccc32)c1
-21.55    -21.58      0.09      0.68      c1(O)n(-c2c(Cl)cccc2)c(=S)n(C)c1
-24.47    -24.47    -13.11      0.35      c1c(C(F)(F)F)ccc(CNC(=O)CCCCCCCC(=O)O)c1
-19.54    -19.57     -2.02      0.55      c1ccc([N+]([O-])=O)cc1C(N=c1[nH]ccs1)=O
-38.10    -38.12    -30.90      0.23      NC1(C(C)(CS(N2CCCCCC2)(=O)=O)F)CCOCC1
-35.66    -35.61     -9.80      0.81      C1C(O)(COC(N2CCC(N3c4nc(=Nc5cc(NC(=O)C=C)c(C)cc5)[nH]cc4C(C)(C)C3)CC2)=O)CC1
-24.89    -24.91     -4.26      0.65      c1ccc(SCCCC(=O)Nc2ccc(C)c(S(N3CCOCC3)(=O)=O)c2)cc1
-23.83    -23.84     -0.10      0.74      N1(C(c2ccccc2)=O)CCN(C(=O)C(=O)c2c3ccccc3[nH]c2)C(=O)C1
-39.90    -39.86    -29.54      0.32      S(=O)(CC(c1cc(Br)ccc1)(SC)c1ccccc1)(c1ccc([N+](=O)[O-])cc1)=O
Human-Component   raw_Human-Component
0.5161290168762207   0.5161290168762207   
0.25806450843811035   0.25806450843811035   
0.6774193644523621   0.6774193644523621   
0.35483869910240173   0.35483869910240173   
0.5483871102333069   0.5483871102333069   
0.22580644488334656   0.22580644488334656   
0.8064516186714172   0.8064516186714172   
0.6451612710952759   0.6451612710952759   
0.7419354915618896   0.7419354915618896   
0.32258063554763794   0.32258063554763794   

14:47:45: local_reinforcement_logger.timestep_report +41: INFO     
 Step 2   Fraction valid SMILES: 100.0   Score: 0.5000   Time elapsed: 2   Time left: 32.0
  Agent     Prior     Target     Score     SMILES
-23.32    -23.27      3.57      0.84      c12cnc(C)nc1C(=O)c1ncccc1C2=O
-36.81    -36.58    -18.00      0.58      c1(-c2c(CCC)n(-c3ccc(Cl)cc3)c3ncccc23)ccncc1S(N)(=O)=O
-24.22    -24.10    -11.71      0.39      c1(F)ccc(CC2=C(CCN(C)C)Cc3c2cc(F)cc3)cc1
-45.64    -45.76    -19.95      0.81      c1c(F)ccc(CCN2C(C)CN(CC(Nc3ccccc3C(N3c4ccccc4OC(C)C3)=O)=O)CC2)c1
-31.45    -31.41    -21.09      0.32      O=S(=O)(N(CC(=O)Nc1ccccc1CC)c1ccc(C)c2ccccc21)C
-40.04    -39.94    -30.65      0.29      C1N(CCC#Cc2cc3c(cc2)N(C(Cc2ccccc2NC(=O)CN)=O)C(C(=O)NC(C)C)C3)CCOC1
-24.38    -24.36     -9.91      0.45      C1CC(CCN2CCC(c3c4c(cccc4)[nH]c3)CC2)CCC1NC(C=Cc1ccc(F)cc1)=O
-31.58    -31.72    -25.53      0.19      C(C(=O)N1CCN(c2ccc([N+]([O-])=O)cc2)CC1)n1cc(Cc2c[nH]c3ccccc23)nn1
-26.83    -26.81    -11.33      0.48      Clc1ccc(C(NS(c2ccc(NC(=O)c3ccc(Br)cc3)cc2)(=O)=O)=O)cc1
-37.52    -37.45     -6.48      0.97      [nH]1c(=Nc2ccc(N3CCN(C(c4c(O)cccc4)=O)CC3)cc2)[nH]c(=NC2CC2)c2ncn(C3CCOCC3)c12
Human-Component   raw_Human-Component
0.8387096524238586   0.8387096524238586   
0.5806451439857483   0.5806451439857483   
0.3870967626571655   0.3870967626571655   
0.8064516186714172   0.8064516186714172   
0.32258063554763794   0.32258063554763794   
0.29032257199287415   0.29032257199287415   
0.4516128897666931   0.4516128897666931   
0.19354838132858276   0.19354838132858276   
0.4838709533214569   0.4838709533214569   
0.9677419066429138   0.9677419066429138   

14:47:46: local_reinforcement_logger.timestep_report +41: INFO     
 Step 3   Fraction valid SMILES: 96.9   Score: 0.4844   Time elapsed: 3   Time left: 35.2
  Agent     Prior     Target     Score     SMILES
-28.12    -28.17    -23.90      0.13      S1C(C)=C(C(=O)OC)SC12Oc1c(cccc1)C=C2
-27.69    -27.66      3.27      0.97      c1cc(C(=O)NC(C)c2ccccn2)cc2c1c(=N)[nH]cc2
-24.73    -24.76      7.24      1.00      N(C(=O)c1ccc(Br)cc1)c1cccc(C(=O)Nc2c(=O)n(-c3ccccc3)n(C)c2C)c1
-31.22    -31.08    -12.95      0.57      O(CC)C(=O)C=Cc1cc(NS(=O)(c2sccc2)=O)ccc1Cl
-28.24    -28.28    -15.48      0.40      C(C1N(C(=O)C2CCCN2C(OCc2ccccc2)=O)CCC1)(=O)NC1(C(=O)N)CCCC1
-24.58    -24.67      5.20      0.93      C(=CC(=O)NCCCN1CCN(c2c(OC)cccc2)CC1)c1ccc(C(F)(F)F)cc1
-32.50    -32.45    -12.19      0.63      c1(OC2OC(CC)C(OC)C(O)C2O)c(OC)cc(-c2n[nH]nn2)cc1
-26.97    -26.98    -18.45      0.27      OC(CCCCCCCc1c[nH]c2cccc(Cl)c12)=O
-32.58    -32.69     -4.95      0.87      c1c(N)ccc(C(=O)OCCCOC(C(C)n2c(O)c3c(c2O)C2c4ccccc4C3c3ccccc32)=O)c1
-29.07    -29.21     -3.61      0.80      C(N(C(c1ccccc1F)=O)Cc1c(=O)[nH]c2c(cc(F)cc2)c1)c1occc1
Human-Component   raw_Human-Component
0.13333334028720856   0.13333334028720856   
0.9666666388511658   0.9666666388511658   
1.0   1.0   
0.5666666626930237   0.5666666626930237   
0.4000000059604645   0.4000000059604645   
0.9333333373069763   0.9333333373069763   
0.6333333253860474   0.6333333253860474   
0.2666666805744171   0.2666666805744171   
0.8666666746139526   0.8666666746139526   
0.800000011920929   0.800000011920929   

14:47:47: local_reinforcement_logger.timestep_report +41: INFO     
 Step 4   Fraction valid SMILES: 96.9   Score: 0.4844   Time elapsed: 4   Time left: 36.8
  Agent     Prior     Target     Score     SMILES
-29.51    -29.60     -9.33      0.63      N(=c1[nH]c(C#N)cn2c(-c3c(OC)cc(COC)cc3OC)cnc12)C(C)C
-26.07    -26.20    -18.73      0.23      c1(=O)c2c(cccc2)c(C(NN)=O)cn1Cc1c(F)cccc1
-24.67    -24.64     -7.57      0.53      n1oc(C)cc1CN1CCCn2c(nc(CN3CCCC3)cc2=O)C1
-25.09    -25.17    -15.57      0.30      OCC(N1CC(C)C(CN(C)S(=O)(c2ccc(F)cc2)=O)Oc2c(cc(F)cc2)C1)=O
-27.72    -27.77     -4.30      0.73      c1ccc2c(c1)n1c(s2)nc(=NC(COc2cccc(C)c2)=O)[nH]1
-28.37    -28.51    -19.98      0.27      c1c(C(NC(C(O)=O)Cc2ccc(O)cc2)=O)cccc1COc1cc(C)c(F)cc1
-20.14    -20.36     -9.69      0.33      COc1c(O)c(OC)cc(C=C2C(=O)N(NS(c3ccccc3)(=O)=O)C(=S)S2)c1
-21.21    -21.18     -9.44      0.37      c1(C)cc(C2CC2)nc(Cl)n1
-39.96    -39.84    -39.84      0.00      O=C(c1cc(O)c(C(C)(CCC=C(COC(=O)C)C)C)cc1)CCC(C)C
-21.63    -21.60    -18.40      0.10      Fc1c(N2CC(CN)(C)CC2)cc2n(C3CC3)cc(C(=O)O)c(=O)c2c1
Human-Component   raw_Human-Component
0.6333333253860474   0.6333333253860474   
0.23333333432674408   0.23333333432674408   
0.5333333611488342   0.5333333611488342   
0.30000001192092896   0.30000001192092896   
0.7333333492279053   0.7333333492279053   
0.2666666805744171   0.2666666805744171   
0.3333333432674408   0.3333333432674408   
0.36666667461395264   0.36666667461395264   
0.0   0.0   
0.10000000149011612   0.10000000149011612   

14:47:48: local_reinforcement_logger.timestep_report +41: INFO     
 Step 5   Fraction valid SMILES: 96.9   Score: 0.4844   Time elapsed: 5   Time left: 37.5
  Agent     Prior     Target     Score     SMILES
-30.43    -30.45      0.48      0.97      c1cc(C#N)ccc1-c1ccc(C2C(C#N)N(S(c3sccn3)(=O)=O)C2CO)cc1
-40.64    -40.42    -28.69      0.37      c1(O)ccc(CCCCOC(Cc2ccc(O)c(OC)c2)C2C(OC)C3OC(CO)C(O)C(O)C3O2)cc1
-27.63    -27.86     -7.59      0.63      C(n1c(SCC(c2ccc(O)cc2)=O)n[nH]c1=N)C
-58.05    -58.06    -44.20      0.43      CC1(C)OCC(C2(O)CCC3(C)C(C2)C(OC(=O)C)C2C(C)C(O)C4(OC(=O)OC4C)C3(C)C2)(C)O1
-41.70    -41.51    -30.84      0.33      C1N(c2cccc3c2cccc3)CCC(c2c(N3CCOCC3)nc3c(c2)cc(C(F)(F)F)cc3)C1
-24.75    -24.92    -20.66      0.13      c1c(OC)c(OC)ccc1CN=c1nc(C)[nH]c(-c2ccc3c(c2)OCO3)c1
-24.70    -24.68    -15.08      0.30      c12ccc(C(=O)Oc3cc(F)ccc3)cc1CCO2
-26.36    -26.26     -1.72      0.77      c1cccc2c1c(=NCc1ccccc1)[nH]c1nonc12
-19.44    -19.36     -3.36      0.50      n1c(-c2ccc(OC)cc2)c(C=C2SC(=S)NC2=O)cn1-c1ccccc1
-21.71    -21.71     -4.64      0.53      c1(C)ccccc1C(NC1N=C(c2ccccc2)c2ccccc2N(CC=O)C1=O)=O
Human-Component   raw_Human-Component
0.9666666388511658   0.9666666388511658   
0.36666667461395264   0.36666667461395264   
0.6333333253860474   0.6333333253860474   
0.4333333373069763   0.4333333373069763   
0.3333333432674408   0.3333333432674408   
0.13333334028720856   0.13333334028720856   
0.30000001192092896   0.30000001192092896   
0.7666666507720947   0.7666666507720947   
0.5   0.5   
0.5333333611488342   0.5333333611488342   

14:47:49: local_reinforcement_logger.timestep_report +41: INFO     
 Step 6   Fraction valid SMILES: 100.0   Score: 0.5000   Time elapsed: 5   Time left: 31.4
  Agent     Prior     Target     Score     SMILES
-16.45    -16.56    -11.39      0.16      c1c(Oc2ccc(C#CC3(O)CN4CCC3CC4)cc2)cccc1
-36.67    -36.60    -11.82      0.77      c1(-c2c3cc[nH]c3ccc2C(F)(F)F)cc2c(cnc(=NC)[nH]2)cc1
-30.67    -31.02    -21.73      0.29      Cc1ccc(S(N2C(c3ccc(Br)cc3)C(C(O)=O)C=CC2C(=O)OC)(=O)=O)cc1
-22.25    -22.34    -22.34      0.00      c1c(OC)c(O)c(OC)cc1C1C2C(C(N3CCOCC3)c3cc4c(cc31)OCO4)COC2=O
-56.02    -55.97    -49.78      0.19      C(CCc1ccccc1C(c1ccc([N+](=O)[O-])cc1)c1sccc1)CC1CC=CC(C=NOC)C1
-43.01    -42.71    -21.04      0.68      c1(C)c(N2CCN(c3nc4c(C)c(C)c(OC)cc4cc3CN(Cc3ncccc3)C)CC2)noc1C
-27.89    -27.90      4.10      1.00      C1C2N(C(=O)c3c2c(C)ccc3F)C(C)CN1
-36.48    -36.24    -22.82      0.42      C12CCC=C(C)C1(C)CCC(C)C2(C)CC=CCC(NCO)=O
-20.43    -20.43      9.50      0.94      c1(NC(=O)C=Cc2ccccc2)cc(S(=O)(=O)N=C2NCCC2)ccc1
-33.82    -33.99    -17.47      0.52      Fc1cc(OCC2OCC(C)(C)N(C)C2)c(Br)cc1F
Human-Component   raw_Human-Component
0.16129031777381897   0.16129031777381897   
0.774193525314331   0.774193525314331   
0.29032257199287415   0.29032257199287415   
0.0   0.0   
0.19354838132858276   0.19354838132858276   
0.6774193644523621   0.6774193644523621   
1.0   1.0   
0.4193548262119293   0.4193548262119293   
0.9354838728904724   0.9354838728904724   
0.5161290168762207   0.5161290168762207   

14:47:49: local_reinforcement_logger.timestep_report +41: INFO     
 Step 7   Fraction valid SMILES: 100.0   Score: 0.5000   Time elapsed: 6   Time left: 32.2
  Agent     Prior     Target     Score     SMILES
-26.41    -26.67      0.17      0.84      c12nc(C)[nH]c1ncc(C#Cc1cccc(OC)c1)c2
-33.89    -33.85     -2.88      0.97      c1c(=NC2c3ccccc3CC2OCC)[nH]n(CC(F)(F)F)c1-c1ccc(F)cc1
-25.27    -25.31     -3.63      0.68      CCC(N1C(=S)SC(=Cc2c(=O)c3c(oc2)cccc3)C1=O)C
-24.02    -24.04     -7.52      0.52      CCOc1ccc(CCC(Nc2ccc3[nH]c(C)cc(=N)c3c2)=O)cc1
-20.21    -20.35     -5.90      0.45      C1CN(C)C(=NC)N1Cc1ccccc1
-45.75    -45.66    -37.40      0.26      c12c3cc(Br)cc1cccc2C(=O)N(CCCCCN(c1ccc(C(OC)=O)cc1)C(=O)CCC(N1CCCCC1)=O)C3=O
-23.91    -23.86      6.08      0.94      c1cc(C(=O)N=c2c3c([nH]c(-c4ccccc4)n2)cccc3)ccc1Cl
-28.71    -28.94    -16.56      0.39      C1C(NC(=O)Oc2ccc(C)cc2)(C(=O)Nc2ccc(Br)cc2)CCCC1
-46.01    -46.14    -38.91      0.23      Oc1c(Br)cc(Br)c2c1c(=O)c1n(CCCC(=O)O)c(-c3cc(Br)ccc3)nc1[nH]2
-44.52    -44.35    -43.31      0.03      CCCCC12C(=O)N(CCO)CCC1CNC2C(c1cccs1)=O
Human-Component   raw_Human-Component
0.8387096524238586   0.8387096524238586   
0.9677419066429138   0.9677419066429138   
0.6774193644523621   0.6774193644523621   
0.5161290168762207   0.5161290168762207   
0.4516128897666931   0.4516128897666931   
0.25806450843811035   0.25806450843811035   
0.9354838728904724   0.9354838728904724   
0.3870967626571655   0.3870967626571655   
0.22580644488334656   0.22580644488334656   
0.032258063554763794   0.032258063554763794   

14:47:50: local_reinforcement_logger.timestep_report +41: INFO     
 Step 8   Fraction valid SMILES: 96.9   Score: 0.4844   Time elapsed: 7   Time left: 32.7
  Agent     Prior     Target     Score     SMILES
-26.45    -26.43     -5.09      0.67      c1c2oc(C(OCC(=O)Nc3cc(OC)ccc3)=O)cc(=O)c2ccc1C
-26.08    -26.31      3.56      0.93      c1cccc(N2CCC(CNC(=O)c3cccc(Oc4ccccc4)c3)CC2)n1
-23.19    -23.18    -23.18      0.00      O=C(NCc1ccc(S(=O)(N2CCOCC2)=O)cc1)c1cc(Cl)ccc1OC
-21.08    -21.01    -12.48      0.27      c12c(cccc1)C(Cc1ccccc1)=C(CCN(C)C)c1ccccc1O2
-32.04    -31.69    -24.22      0.23      c12ccc(C#N)cc1CC1(C(=O)NC(=O)N(C)C1=O)C1(C2)CCC1
-44.11    -43.62    -20.15      0.73      [N+](=O)([O-])c1ccc(NCCNC(c2n(Cc3cc(C(F)(F)F)ccc3)c3c(c2)scc3C)=O)c(=O)[nH]1
-23.75    -23.80    -23.80      0.00      n1[nH]c(=N)nc2nc(-c3ccco3)nn12
-26.05    -25.98    -15.31      0.33      O=C(c1cc2ncc(-c3cccc(NC(=O)NCC(F)(F)F)c3)n2cc1)NC(C)(C)C
-26.68    -26.61    -14.87      0.37      C1(=O)N2C(C(c3ccc(OC)cc3)C1)CCC2C(N1CCCC1)=O
-25.75    -25.80    -16.20      0.30      c1(-n2nc(C(=O)O)nc2C)ccccc1N
Human-Component   raw_Human-Component
0.6666666865348816   0.6666666865348816   
0.9333333373069763   0.9333333373069763   
0.0   0.0   
0.2666666805744171   0.2666666805744171   
0.23333333432674408   0.23333333432674408   
0.7333333492279053   0.7333333492279053   
0.0   0.0   
0.3333333432674408   0.3333333432674408   
0.36666667461395264   0.36666667461395264   
0.30000001192092896   0.30000001192092896   

14:47:51: local_reinforcement_logger.timestep_report +41: INFO     
 Step 9   Fraction valid SMILES: 100.0   Score: 0.5000   Time elapsed: 8   Time left: 32.8
  Agent     Prior     Target     Score     SMILES
-32.15    -31.73    -20.38      0.35      c1(C)ccc(NC(N(CCCN2C3CCC2CC(n2c(C)nnc2C)C3)CCCc2ccc(OC)cc2)=O)cc1
-35.54    -35.36    -20.91      0.45      C(Nc1[nH]c(=N)c(C(N)=O)nc1C#Cc1cccc(OC)n1)c1cc(F)cc(Cl)c1
-23.46    -23.18      5.72      0.90      c12c(c(N3CCN(C4CCCCC4)CC3)ccc1)OCCCO2
-28.40    -28.14    -17.81      0.32      C(F)(F)(F)C(C(F)(F)F)(c1ccc(C2(S(=O)(=O)c3ccc(F)cc3)CCN(C(=O)N3CCC(F)(F)CC3)C2)cc1)C(F)(F)F
-29.22    -29.34     -4.56      0.77      c1(C(=O)NCC2=CC3Oc4c(cc(Br)cc4)C(=O)C3=CN2c2ccc(C)cc2)ccccc1
-22.15    -22.10      0.61      0.71      c1ccc2c(c1)c(=O)n(-c1cc3c(cc1)OCO3)s2
-32.63    -32.79    -17.31      0.48      C(C(c1ccccc1)(O)c1ccccc1)CN1CCC2(CC1)c1cc(Cl)ccc1CC2
-28.96    -29.15      0.79      0.94      C1CC(c2ccccc2)c2nc(=Nc3cc(Cl)ccc3)[nH]cc21
-31.85    -31.89     -6.09      0.81      c1c(C(=O)Cc2ccc(Cl)cc2)ccc(CCCSCc2ccccc2)c1
-43.32    -43.72    -26.17      0.55      C12N(OS(=O)(=O)O)C(=O)N(C(Cc3ccoc3)C1c1ccc(OC)cc1)C(C#N)C2
Human-Component   raw_Human-Component
0.35483869910240173   0.35483869910240173   
0.4516128897666931   0.4516128897666931   
0.9032257795333862   0.9032257795333862   
0.32258063554763794   0.32258063554763794   
0.774193525314331   0.774193525314331   
0.7096773982048035   0.7096773982048035   
0.4838709533214569   0.4838709533214569   
0.9354838728904724   0.9354838728904724   
0.8064516186714172   0.8064516186714172   
0.5483871102333069   0.5483871102333069   

14:47:52: local_reinforcement_logger.log_message +32: INFO     Resetting Agent
14:47:52: local_reinforcement_logger.log_message +32: INFO     Adjusting sigma to: 82
14:47:52: local_reinforcement_logger.timestep_report +41: INFO     
 Step 10   Fraction valid SMILES: 100.0   Score: 0.5000   Time elapsed: 9   Time left: 32.7
  Agent     Prior     Target     Score     SMILES
-24.47    -24.38      4.52      0.90      c12n(c(SCC(N=c3[nH]oc(C)c3)=O)nn1)c1c(scc1)c(=O)n2CC
-25.42    -25.38      6.62      1.00      Clc1cc2c(cccc2)c(-n2c(O)c(C#N)c(=C)c2=C)c1
-30.32    -30.63    -29.60      0.03      C(=O)(N=c1[nH]nc(CC(=O)OCC)s1)CCc1nnc2n1nc(N1CCOCC1)cc2
-25.80    -25.81     -9.29      0.52      c1c(C(=NNc2ccccc2)Cc2ccccc2)c(C)cc(C)c1
-29.66    -29.66    -17.28      0.39      Cc1c(C)cc2c(c1)N(C(COc1cc(Cl)c(Cl)cc1)=O)c1ccccc1S2
-36.53    -36.88    -30.68      0.19      c1(CC)c(N(c2ccccc2)C(=O)N2C(C(=O)NS(=O)(c3sc(Cl)cc3)=O)(C)CC2)cccc1
-24.15    -24.10     -8.61      0.48      C(Cn1c(SCC(N(CC)C2CS(=O)(=O)CC2)=O)nc2ccccc2c1=O)=C
-25.74    -26.00      1.88      0.87      c1c(Cl)ccc(Cn2c3ccccc3c3c2nc(SCc2cc(Cl)ccc2)nn3)c1
-34.04    -33.66     -3.73      0.94      c1(OCC)cc2c(cc1OCC)C=C(C(=O)CCC)C(=O)c1ccccc1-2
-18.95    -19.22      5.55      0.77      n1cc(C)ccc1Sc1ccccc1
Human-Component   raw_Human-Component
0.9032257795333862   0.9032257795333862   
1.0   1.0   
0.032258063554763794   0.032258063554763794   
0.5161290168762207   0.5161290168762207   
0.3870967626571655   0.3870967626571655   
0.19354838132858276   0.19354838132858276   
0.4838709533214569   0.4838709533214569   
0.8709677457809448   0.8709677457809448   
0.9354838728904724   0.9354838728904724   
0.774193525314331   0.774193525314331   

14:47:53: local_reinforcement_logger.timestep_report +41: INFO     
 Step 11   Fraction valid SMILES: 100.0   Score: 0.5000   Time elapsed: 10   Time left: 32.5
  Agent     Prior     Target     Score     SMILES
-26.87    -26.87     33.97      0.74      O=C(c1cccc(C)c1)N(CC(CCN1CCC(c2ccccc2[S+]([O-])C)CC1)c1ccccc1)C
-23.10    -23.10     -9.88      0.16      Cc1c(C(O)=O)c(-c2ccc(Cl)cc2)nn1-c1ccccc1
-22.39    -22.39     43.74      0.81      n1c(SCC(=O)c2c(Cl)cc(Cl)cc2)[nH]c2c1cccc2
-26.39    -26.39     18.57      0.55      c12c(C(C(N3CCN(c4cccc5c4OCCO5)CC3)=O)=O)c[nH]c1ccc(F)c2
-23.33    -23.33     32.22      0.68      C1N(CCn2cc(CN=c3c4c(n(C5C(O)C(O)C(CO)O5)cn4)nc[nH]3)cc2)CCOC1
-26.84    -26.84     44.58      0.87      O1CCN(CCNC(Cc2ccc3ccc4cccc5ccc2c5c43)=O)CC1
-23.42    -23.42    -18.13      0.06      c1c(Cl)ccc(-c2cc(=O)n3c(c(C(OCC)=O)c(C)n3)[nH]2)c1
-23.53    -23.53     10.85      0.42      C1CN(C)CCN1CCCOc1cc2c(cc1OC)c(Oc1ccc(NC(c3nnn(-c4ccccc4)c3C)=O)cc1F)ccn2
-22.57    -22.57     46.20      0.84      OC(CN1C(=O)c2c(c([N+]([O-])=O)ccc2)C1=O)=O
-31.46    -31.46    -15.59      0.19      C(S(=O)(c1ccc(-c2c3cc(CNC(C)(C)C)[nH]c3ccc2)cc1)=O)C
Human-Component   raw_Human-Component
0.7419354915618896   0.7419354915618896   
0.16129031777381897   0.16129031777381897   
0.8064516186714172   0.8064516186714172   
0.5483871102333069   0.5483871102333069   
0.6774193644523621   0.6774193644523621   
0.8709677457809448   0.8709677457809448   
0.06451612710952759   0.06451612710952759   
0.4193548262119293   0.4193548262119293   
0.8387096524238586   0.8387096524238586   
0.19354838132858276   0.19354838132858276   

14:47:54: local_reinforcement_logger.timestep_report +41: INFO     
 Step 12   Fraction valid SMILES: 96.9   Score: 0.4844   Time elapsed: 11   Time left: 32.2
  Agent     Prior     Target     Score     SMILES
-25.45    -25.45    -14.51      0.13      N(C(C1CCC(CCCC)CC1)=O)c1c(=O)n(C)ccc1
-22.59    -22.57    -22.57      0.00      c1c2c(cc(OC)c1OC)C(=O)C(Cc1cc(OC)c(OC)cc1[N+]([O-])=O)C2
-27.26    -27.31     41.02      0.83      Oc1[nH]c(=O)[nH]c1C=c1c2nc(-c3cnc(C4CC4)cc3)cc(=NC3CCC3)n2nc1
-26.25    -26.28     20.19      0.57      c12c([nH]c(-c3onc(OCc4ccccc4)c3)c1)CCNC2=O
-42.93    -42.95    -34.75      0.10      C([N+]1(CC)CCN(c2ccc3ccccc3c2)CC1C)C(N=c1[nH]ccs1)=O
-21.64    -21.69     22.04      0.53      NC(C(NC(Cc1c[nH]cn1)C(=O)O)=O)Cc1ccccc1
-22.35    -22.32     37.82      0.73      c1c(N2CCOCC2)c(C(OC)=O)cc(S(N2CCCCC2)(=O)=O)c1
-27.69    -27.69     -8.56      0.23      c1ccc(CN2CCC(c3cn(C)c4ccccc43)CC2)cc1[N+]([O-])=O
-23.74    -23.76     41.84      0.80      c1(F)ccc(C2CC(=O)C3C(=NC(C)=C(C(=O)OCCC)C3c3ccc(Cl)cc3)C2)cc1
-30.22    -30.22     -2.89      0.33      C(CN(C)C)CN1C2CCN(Cc3cccnc3OC)C2CC1=O
Human-Component   raw_Human-Component
0.13333334028720856   0.13333334028720856   
0.0   0.0   
0.8333333134651184   0.8333333134651184   
0.5666666626930237   0.5666666626930237   
0.10000000149011612   0.10000000149011612   
0.5333333611488342   0.5333333611488342   
0.7333333492279053   0.7333333492279053   
0.23333333432674408   0.23333333432674408   
0.800000011920929   0.800000011920929   
0.3333333432674408   0.3333333432674408   

14:47:55: local_reinforcement_logger.timestep_report +41: INFO     
 Step 13   Fraction valid SMILES: 100.0   Score: 0.5000   Time elapsed: 12   Time left: 31.7
  Agent     Prior     Target     Score     SMILES
-26.22    -26.28     -5.12      0.26      C1(N(Cc2cc(Cl)ccc2)CC#N)CCN(C)C1
-25.96    -26.11     13.57      0.48      c1c(C(NCC2Cc3cccc(-c4ccccn4)c3O2)=O)nccc1
-37.92    -37.87     30.91      0.84      N(Cc1ccc2c([nH]c(=NC(NC(C(O)C)c3ccc(-n4ccnc4)cc3)=O)[nH]2)c1)C(=O)C
-38.16    -38.25     41.11      0.97      FC(C(c1cc(OCc2ccccc2)nn1S(=O)(c1cccc2ccccc21)=O)=O)(F)F
-23.45    -23.54      5.55      0.35      c1(C(c2c[nH]c(=Nc3ccccc3)cc2)=O)ccccc1OC
-21.39    -21.32      5.13      0.32      c1(NC(=O)Nc2cc(F)c(F)cc2)ccc(Oc2ccnc(C(=O)NC)c2)cc1
-32.32    -32.27     31.21      0.77      c1(-c2cc(Cl)c(Cl)cc2)ccc(C(Nc2c(C)cc(OCCN(C)C)cc2C)=O)c(=O)[nH]1
-25.10    -25.09     -1.29      0.29      N#Cc1c[nH]c2c(c1=Nc1c(Cl)cc(Cl)c(OC)c1)cc(NC(C=CCN(C)C)=O)cc2
-32.80    -32.71      1.68      0.42      C(=CCCCC(=O)O)c1c(C(O)=O)[nH]c(C(OCCCC)=O)c1C
-21.34    -21.31     23.66      0.55      c1cc(CCC2CN(Cc3ccncc3)CCC2(F)F)ccc1
Human-Component   raw_Human-Component
0.25806450843811035   0.25806450843811035   
0.4838709533214569   0.4838709533214569   
0.8387096524238586   0.8387096524238586   
0.9677419066429138   0.9677419066429138   
0.35483869910240173   0.35483869910240173   
0.32258063554763794   0.32258063554763794   
0.774193525314331   0.774193525314331   
0.29032257199287415   0.29032257199287415   
0.4193548262119293   0.4193548262119293   
0.5483871102333069   0.5483871102333069   

14:47:56: local_reinforcement_logger.timestep_report +41: INFO     
 Step 14   Fraction valid SMILES: 100.0   Score: 0.5000   Time elapsed: 13   Time left: 31.2
  Agent     Prior     Target     Score     SMILES
-25.63    -25.62     11.41      0.45      C(C(C)C(O)=O)Oc1ccc(OCCCCC)cc1
-21.98    -22.21     57.15      0.97      [nH]1cccc(C(=O)Nc2ccc(F)cc2)c1=Nc1ccccc1
-21.20    -21.23     42.25      0.77      c1cc(-c2[nH]c3sc4c(c3c(=O)n2)CCCC4)ccc1C(O)=O
-29.70    -29.98    -22.04      0.10      c1(C)cc(-c2ccccc2)nnc1N1CCN(CC(COCc2ccccc2)O)CC1
-21.04    -20.89     -5.02      0.19      C(C1=NCCCN1)CCCCCCCCCCCCC
-24.90    -24.73      1.72      0.32      c1(=NCCO)nc(N2CCOCC2)nc(Oc2cc(C)cc(C)c2)[nH]1
-18.54    -18.69     55.37      0.90      c1cccc2c1CNC(c1ccccc1)c1cccn1-2
-23.86    -23.94     31.61      0.68      c1cccc2c3c(ccc12)C(c1ccccc1Cl)N=C(c1ccc(C)cc1)O3
-30.27    -30.13    -11.61      0.23      c1ccc(N=c2ccc(C(N3CCN(CCC)CC3)=O)c[nH]2)s1
-28.91    -28.99     31.84      0.74      C12(CC(=O)Nc3ccccc3F)CC3CC(C1)CC(C(=O)N)(C2)C3
Human-Component   raw_Human-Component
0.4516128897666931   0.4516128897666931   
0.9677419066429138   0.9677419066429138   
0.774193525314331   0.774193525314331   
0.09677419066429138   0.09677419066429138   
0.19354838132858276   0.19354838132858276   
0.32258063554763794   0.32258063554763794   
0.9032257795333862   0.9032257795333862   
0.6774193644523621   0.6774193644523621   
0.22580644488334656   0.22580644488334656   
0.7419354915618896   0.7419354915618896   

14:47:57: local_reinforcement_logger.timestep_report +41: INFO     
 Step 15   Fraction valid SMILES: 100.0   Score: 0.5000   Time elapsed: 14   Time left: 30.6
  Agent     Prior     Target     Score     SMILES
-32.07    -32.16     15.45      0.58      c1c(NC(=O)C)c(O)c(-c2cncnc2)cc1-c1ccc(F)cc1F
-33.15    -33.35     27.49      0.74      Clc1ccccc1C(c1ccc(Cl)cc1)c1ccc2nc(Cl)c(-c3cc(OC)cc(OC)c3)c(OC)c2c1
-25.16    -25.03     19.94      0.55      C(=O)(O)C1C(C(=O)Nc2ccc(NC(C)=O)cc2)CC(C)=C(C)C1
-37.02    -37.23     -2.85      0.42      O=C1c2c3c(cccc3c(SCCCC(OC3CCCC3)=O)c1)ccc2
-24.42    -24.34     47.08      0.87      C(c1c(C)noc1C)(=O)Nc1cc([N+]([O-])=O)c(Cl)cc1
-24.99    -25.03    -11.81      0.16      c1c2c(ccc1)[nH]c(CCC(NC(C(OC)=O)CC(C)C)=O)n2
-66.48    -66.35    -39.90      0.32      C(=CC(NC12C3Cc4ccc(O)c5c4C1(C(CC3)C(C)(C1=O)C2C1)CCN(CC(=C)C)C5C)=O)C=Cc1cc(OC)ccc1
-40.23    -39.91    -24.04      0.19      n1(-c2cccc(COCC)c2)c(=O)c2c(s1)nc1c(c2-c2ccco2)CCC1
-28.34    -28.33     29.86      0.71      CC(C1C2(C)C(C3C(CC2O)C2(C)C=CC(=O)C=C2CC3)CC1)(C)O
-31.40    -31.34     32.15      0.77      n1[nH]cnc1-c1cc(CNC(N2CCCC(CO)C2)=O)ccc1
Human-Component   raw_Human-Component
0.5806451439857483   0.5806451439857483   
0.7419354915618896   0.7419354915618896   
0.5483871102333069   0.5483871102333069   
0.4193548262119293   0.4193548262119293   
0.8709677457809448   0.8709677457809448   
0.16129031777381897   0.16129031777381897   
0.32258063554763794   0.32258063554763794   
0.19354838132858276   0.19354838132858276   
0.7096773982048035   0.7096773982048035   
0.774193525314331   0.774193525314331   

14:47:58: local_reinforcement_logger.timestep_report +41: INFO     
 Step 16   Fraction valid SMILES: 100.0   Score: 0.5000   Time elapsed: 15   Time left: 30.0
  Agent     Prior     Target     Score     SMILES
-40.79    -40.82    -32.88      0.10      C1(O)C(O)COC(OC2C(C=COc3ccc(O)c(OC)c3)(O)C(O)C(OC(=O)c3ccc(O)cc3)C(C)O2)C1O
-27.85    -28.04     27.51      0.68      C(Cn1c(O)c2c(cccc2)c1C(=O)NCc1ccc(C(=O)Nc2ccccc2N)cc1)Cc1ccccc1
-31.50    -31.64     50.36      1.00      C1C(OC(=O)C2Oc3c(ccc(C)c3)N(O)C2=O)CC1
-28.38    -28.28     -9.76      0.23      C(C(N1CCN(CCO)CC1)=O)CN1CCC(N(C(=O)CC)c2ccccc2)CC1
-30.89    -30.87     27.32      0.71      c1cc2c(cc1)c1c(ccc(Cc3c[nH]c4ncccc43)c1)n2C
-28.50    -28.25    -25.60      0.03      c1c(NC(=O)CN(C(c2c(F)ccc(F)c2)=O)C)c(C)cc(C)c1
-21.10    -21.17     13.22      0.42      Nc1ccc(NC(C(Br)=C)=O)cc1
-24.14    -23.93    -10.70      0.16      c1(C(=O)NCc2cc(OC)ccc2)c(C2CCN(C(=O)OC(C)(C)C)CC2)n(-c2ccc(F)cc2F)nc1
-21.19    -21.36     28.90      0.61      c1cccc(-n2c(SCC(OCC)=O)n[nH]c2=O)c1
-25.31    -25.39      6.35      0.39      c1(C(=O)Cn2c(=O)c3c4c(sc3nc2)CC(NCc2ccccc2)CC4)cc(OC)ccc1
Human-Component   raw_Human-Component
0.09677419066429138   0.09677419066429138   
0.6774193644523621   0.6774193644523621   
1.0   1.0   
0.22580644488334656   0.22580644488334656   
0.7096773982048035   0.7096773982048035   
0.032258063554763794   0.032258063554763794   
0.4193548262119293   0.4193548262119293   
0.16129031777381897   0.16129031777381897   
0.6129032373428345   0.6129032373428345   
0.3870967626571655   0.3870967626571655   

14:47:59: local_reinforcement_logger.timestep_report +41: INFO     
 Step 17   Fraction valid SMILES: 96.9   Score: 0.4844   Time elapsed: 16   Time left: 29.3
  Agent     Prior     Target     Score     SMILES
-41.13    -41.31    -16.71      0.30      N1(Cc2ccccc2)CCC(CCN=c2[nH]nc(-c3cc(S(=O)(N(C(C)(C)C)C(C)C)=O)ccc3)cc2)CC1
-30.60    -30.61     34.99      0.80      CCC[N+](CCCCC(=O)c1ccc(OC)c(OC)[n+]1C)(C)C
-27.50    -27.35    -13.68      0.17      c1(NC(N2CCN(CCCCCNC(=O)C=Cc3ccc(Cl)cc3)CCC2)=O)c(OC)ccc(C)c1
-37.00    -37.16    -37.16      0.00      O=C(C(CCCN=C(N)N)NC(C(NC(=O)C1CCCN1C(=O)C(N)Cc1c(C)cc(O)cc1C)Cc1c[nH]c2ccccc21)=O)OCc1ccccc1
-36.95    -37.23      1.04      0.47      N(C(=O)C1CCc2n3ccnc3ccc2N1)c1ccc(-n2ccnc2)c(F)c1
-20.69    -20.74      9.32      0.37      Fc1ccc(CNC(=O)COC(c2sccc2)=O)cc1
-19.17    -19.02     38.38      0.70      CN(CCCOc1c(CCc2cccc(OC)c2)cccc1)C
-27.67    -27.51    -11.11      0.20      CCSc1c([N+](=O)[O-])cc(C(=O)NCC(=O)N2CCCCCC2)cc1
-19.34    -19.49     40.64      0.73      CN(Cc1ccc(F)cc1)N=O
-24.55    -24.67      8.13      0.40      c1ccc(Cl)c2[nH]c(=NC(c3cccc(Oc4ccccc4)c3)=O)sc12
Human-Component   raw_Human-Component
0.30000001192092896   0.30000001192092896   
0.800000011920929   0.800000011920929   
0.1666666716337204   0.1666666716337204   
0.0   0.0   
0.46666666865348816   0.46666666865348816   
0.36666667461395264   0.36666667461395264   
0.699999988079071   0.699999988079071   
0.20000000298023224   0.20000000298023224   
0.7333333492279053   0.7333333492279053   
0.4000000059604645   0.4000000059604645   

14:48:01: local_reinforcement_logger.timestep_report +41: INFO     
 Step 18   Fraction valid SMILES: 100.0   Score: 0.5000   Time elapsed: 18   Time left: 30.3
  Agent     Prior     Target     Score     SMILES
-34.87    -34.46    -13.30      0.26      CCOC(=O)C1(C)CN(CCOCC2CCN(C(C=Cc3ccc(Cl)c(Cl)c3)=O)CC2)CC1
-35.93    -36.15     16.75      0.65      CC(OC(Cc1ccc(OC)c(OCCCCOc2ccc(CC(Nc3ccccc3C(c3ccccc3)=O)C(O)=O)cc2)c1)=O)C
-19.21    -19.65     35.90      0.68      c1ccccc1N=c1nc(-c2ccccc2)[nH]c2c1cccc2
-29.42    -29.34     -5.54      0.29      n1(C)c(C(N(Cc2ccccc2)Cc2ccccc2)=O)nc(SCC)n1
-24.91    -24.85      6.89      0.39      C(CCCC(OC)=O)CC=CCC=CCC=CCC=CCCCC(=O)OC
-38.88    -38.80    -25.58      0.16      C12CCC(CC(Oc3ccncc3)C1)N2C=C1C(=O)c2c(O)cccc2C1=O
-30.46    -30.50    -22.56      0.10      C1CCN(CC2CCN(Cc3cn(C)nc3)CC2)S(=O)(=O)N1CCC(C)C
-24.06    -24.20    -24.20      0.00      C(F)(F)(F)COc1cc(N2CCC(Oc3ccc(C(NC(N(C)C)=O)C)cc3)C2)ccn1
-27.39    -27.57     12.11      0.48      C(NCc1ccc(OC)cc1)C(O)C(Cc1ccccc1)NC(=O)c1cc(NC(C)C)cc(N2C(=O)CCC2)c1
-22.64    -22.71     46.06      0.84      N#CCC1(n2[nH]c(=Nc3ccccc3)c(C(N)=O)c2)CN(C(OCC(N(C)C)=O)=O)C1
Human-Component   raw_Human-Component
0.25806450843811035   0.25806450843811035   
0.6451612710952759   0.6451612710952759   
0.6774193644523621   0.6774193644523621   
0.29032257199287415   0.29032257199287415   
0.3870967626571655   0.3870967626571655   
0.16129031777381897   0.16129031777381897   
0.09677419066429138   0.09677419066429138   
0.0   0.0   
0.4838709533214569   0.4838709533214569   
0.8387096524238586   0.8387096524238586   

14:48:01: local_reinforcement_logger.timestep_report +41: INFO     
 Step 19   Fraction valid SMILES: 100.0   Score: 0.5000   Time elapsed: 18   Time left: 27.9
  Agent     Prior     Target     Score     SMILES
-19.79    -19.91     33.00      0.65      c1(-c2nc3ccccc3o2)n[nH]cc1
-33.46    -33.77     16.48      0.61      C1(Oc2ncccc2F)CN(c2c(C#N)c3n(ncn3)cc2)CC1
-19.30    -19.37     12.37      0.39      [O-][N+](=O)c1cnc(C)n1CCOc1ccc(C=O)cc1
-23.97    -24.08     10.31      0.42      c1c(C(NNc2ccc(F)cc2)=O)cc(Cl)c(O)c1
-26.65    -26.69    -24.04      0.03      c1cccc(CCC(C(O)=O)NC(=O)c2cc3c(cc2O)cccc3)c1
-36.60    -36.64     40.07      0.94      c1c2cccc(S(N3CC(C)c4c(-c5cc[nH]n5)nc(C)n4C3)(=O)=O)c2ncc1
-31.66    -31.55     50.45      1.00      C1C2=C(CC(=O)CC2)C(c2ccc(CC(N)C)cc2)C(C#N)C1=N
-21.47    -21.51     52.55      0.90      c1(-c2[nH]c(=N)[nH]c(=NCCN3CCOCC3)n2)ccccc1
-29.43    -29.30     -5.49      0.29      C(c1ccc(N=c2[nH]cc(O)n2CC=C)cc1)(NCc1ccc(OC(C)C)cc1)=O
-21.66    -21.52     44.60      0.81      C1CC(NC(=O)c2c3ccccc3nc(-c3occc3)c2)CCCC1
Human-Component   raw_Human-Component
0.6451612710952759   0.6451612710952759   
0.6129032373428345   0.6129032373428345   
0.3870967626571655   0.3870967626571655   
0.4193548262119293   0.4193548262119293   
0.032258063554763794   0.032258063554763794   
0.9354838728904724   0.9354838728904724   
1.0   1.0   
0.9032257795333862   0.9032257795333862   
0.29032257199287415   0.29032257199287415   
0.8064516186714172   0.8064516186714172   

14:48:03: local_reinforcement_logger.timestep_report +41: INFO     
 Step 20   Fraction valid SMILES: 100.0   Score: 0.5000   Time elapsed: 20   Time left: 28.6
  Agent     Prior     Target     Score     SMILES
-29.59    -29.56    -18.98      0.13      c1c([N+]([O-])=O)c(NN2C(=O)c3ccccc3C2=O)c([N+]([O-])=O)cc1C(=O)OC
-26.16    -26.06     34.78      0.74      [nH]1c(=N)c2ncn(C3C(O)C(O)C(CCC(NCCN=c4[nH]cccc4)=O)O3)c2nc1
-25.75    -26.09     40.04      0.81      O(c1cc(C(Nc2ccc(C(=O)O)cc2)=O)ccc1)c1ccc(C(F)(F)F)cc1
-26.03    -25.89     45.52      0.87      [nH]1c(=NC2CCN(C(=O)NC(C)C)CC2)cncc1-c1c(Cl)c[nH]c(=NC2CCC(N)CC2)c1
-26.70    -26.49     55.51      1.00      C(CCCCCCC)CCCCCCCCCCOCC(OCC)CNCCN
-31.50    -31.30     32.18      0.77      CCC12C=CC(=O)C(C(O)=O)C1C(C)C(=O)C2
-34.09    -34.41      7.91      0.52      c1cc(C(OCC(O)CNC(C)C)COC(=O)C(=C)CCC)ccc1
-33.11    -33.07     17.19      0.61      C(NC(c1c[nH]c2ccc(C(N(C)C)=O)cc12)=O)CC(F)(F)F
-27.50    -27.39     -3.59      0.29      c1c(S(=O)(c2c(O)c3c(ccc(C)c3)[nH]c2=O)=O)ccc(Br)c1
-22.04    -21.78    -16.49      0.06      FC(F)(F)c1cc(CN2C(CCCC)=NC3(CCCC3)CC2=O)ccc1
Human-Component   raw_Human-Component
0.12903225421905518   0.12903225421905518   
0.7419354915618896   0.7419354915618896   
0.8064516186714172   0.8064516186714172   
0.8709677457809448   0.8709677457809448   
1.0   1.0   
0.774193525314331   0.774193525314331   
0.5161290168762207   0.5161290168762207   
0.6129032373428345   0.6129032373428345   
0.29032257199287415   0.29032257199287415   
0.06451612710952759   0.06451612710952759   

14:48:04: local_reinforcement_logger.timestep_report +41: INFO     
 Step 21   Fraction valid SMILES: 100.0   Score: 0.5000   Time elapsed: 21   Time left: 27.7
  Agent     Prior     Target     Score     SMILES
-31.98    -31.99      5.04      0.45      C1CCC1(CC(C)(O)CSc1cc(C(F)(F)F)cc(C(F)(F)F)c1)O
-24.99    -25.11     25.14      0.61      c1ccc(C2(CNC(=O)C(NC(c3ccccc3)=O)Cc3ccccc3)CCCC2)cc1
-22.85    -23.06     40.43      0.77      O=c1n(C2C(O)C(O)C(CO)O2)c2c(c(=O)[nH]1)cc(F)c(F)c2
-30.07    -30.30     -3.85      0.32      n1cc(-n2c(CN(C)CCCc3ccccc3)nnn2)ccc1Cl
-21.70    -22.26     -3.75      0.23      O=C(Cc1ccccc1)NCC(Oc1ccc(Cl)cc1)=O
-35.11    -34.78     20.77      0.68      [nH]1c(=NC(=O)Cc2ccc(OC)cc2)sc(CC(O)=O)c1-c1cccc(C(C)=O)c1
-37.75    -37.63     41.72      0.97      FC(F)(F)c1nc2n(nc(-c3nccs3)cc2C(F)(F)F)c1NCC1CCOCC1
-29.86    -30.03     17.58      0.58      O(C(F)F)c1c(S(=O)(=O)Nc2ccccc2S(=O)(N)=O)cc(Cl)cc1
-20.26    -20.16      3.65      0.29      c1(C)ccc2oc(-c3cn4c(sc(OC)n4)n3)nc2c1
-30.47    -30.50     30.34      0.74      Oc1cccc(C2c3c4ccccc4oc(=O)c3Oc3cc(O)c(OC)cc32)c1
Human-Component   raw_Human-Component
0.4516128897666931   0.4516128897666931   
0.6129032373428345   0.6129032373428345   
0.774193525314331   0.774193525314331   
0.32258063554763794   0.32258063554763794   
0.22580644488334656   0.22580644488334656   
0.6774193644523621   0.6774193644523621   
0.9677419066429138   0.9677419066429138   
0.5806451439857483   0.5806451439857483   
0.29032257199287415   0.29032257199287415   
0.7419354915618896   0.7419354915618896   

14:48:05: local_reinforcement_logger.timestep_report +41: INFO     
 Step 22   Fraction valid SMILES: 100.0   Score: 0.5000   Time elapsed: 22   Time left: 26.8
  Agent     Prior     Target     Score     SMILES
-21.11    -21.16     23.80      0.55      c1cccc(CN2CCC(NCc3cc([N+]([O-])=O)ccc3O)CC2)c1
-30.76    -30.95     43.12      0.90      c12cc(-c3nn(Cc4ccccn4)c(=O)cc3)cc(Cl)c1OCC2
-34.72    -34.67     -0.29      0.42      c1ccc(-n2c3ncccc3c(Cn3nc(-c4ccco4)nn3)c2)cc1
-38.04    -38.62     24.86      0.77      c1(C(=O)c2cc(C(=O)OCC)n(CCCCCCCCn3c4c(cccc4)c(=O)n(C)c3=O)c2)ccccc1
-19.98    -20.27     56.44      0.94      OC(=O)Cc1nc(-c2ccc(F)cc2)oc1-c1ccccc1
-24.60    -24.59     57.41      1.00      c1cccc2c1c(=N)c(C(=O)NCCc1ccccc1)c(C)[nH]2
-38.31    -37.93      9.68      0.58      CC1(C)CCc2c1cc(OC)c1c(=O)c3c(O)c(OC)c(O)c(CC=C(C)C)c3oc1-2
-30.23    -30.40     35.73      0.81      c1c(C=NC2CCC(CCC#N)CC2)ccc(OC)c1
-23.40    -23.67    -18.38      0.06      FC(c1cc(C(F)(F)F)cc(COCC(C(c2ccc(Cl)c(Cl)c2)CCN2CCC(N)CC2)=O)c1)(F)F
-19.83    -19.96     40.88      0.74      C(C(O)=O)(Cc1ccc(-c2c(=O)n(C)ncc2OC)cc1)NC(c1c(Cl)cccc1Cl)=O
Human-Component   raw_Human-Component
0.5483871102333069   0.5483871102333069   
0.9032257795333862   0.9032257795333862   
0.4193548262119293   0.4193548262119293   
0.774193525314331   0.774193525314331   
0.9354838728904724   0.9354838728904724   
1.0   1.0   
0.5806451439857483   0.5806451439857483   
0.8064516186714172   0.8064516186714172   
0.06451612710952759   0.06451612710952759   
0.7419354915618896   0.7419354915618896   

14:48:06: local_reinforcement_logger.timestep_report +41: INFO     
 Step 23   Fraction valid SMILES: 100.0   Score: 0.5000   Time elapsed: 23   Time left: 25.9
  Agent     Prior     Target     Score     SMILES
-35.04    -35.04     33.74      0.84      c1(OCC(=O)NCCn2c3c(c(SCC(=O)N(C4CCS(=O)(=O)C4)CC)c2)cccc3)ccccc1
-33.00    -33.06    -14.54      0.23      O(C(F)(F)F)c1cc(-c2c(CC(O)=O)sc(CCc3ccccc3)n2)cc(F)c1
-22.11    -22.22     28.04      0.61      CCOc1ccc(NC(=O)Oc2ccc(OC)cc2)cc1
-25.31    -25.41     30.14      0.68      c1cc(OC)cc2cc(CNCc3cc(Cl)cc(Cl)c3)[nH]c12
-22.07    -22.57      6.53      0.35      C1CN(Cc2nccn2CC)CCN1Cc1ccccc1
-39.38    -39.71      2.62      0.52      n12c(-c3cc(OCc4ccccc4)ccc3)cnc1ccc(Sc1c(NC(=O)CC=CN(C)C)cc(Cl)cc1)n2
-24.76    -25.02      1.44      0.32      c1ccc(Cl)c(CNCC2Oc3cccc(OC)c3CC2)c1
-26.36    -26.36     37.12      0.77      c1(Cl)ccccc1-c1ccc(CCN=c2n(C)c(=O)c3c(cc(Cl)cc3)[nH]2)o1
-20.60    -20.66     61.34      1.00      C1C(NC(COC(=O)c2ccccn2)=O)CCCC1
-25.28    -25.13     27.78      0.65      c1(N=Nc2nc(=S)[nH]cc2C(=O)OC)ccc(O)cc1
Human-Component   raw_Human-Component
0.8387096524238586   0.8387096524238586   
0.22580644488334656   0.22580644488334656   
0.6129032373428345   0.6129032373428345   
0.6774193644523621   0.6774193644523621   
0.35483869910240173   0.35483869910240173   
0.5161290168762207   0.5161290168762207   
0.32258063554763794   0.32258063554763794   
0.774193525314331   0.774193525314331   
1.0   1.0   
0.6451612710952759   0.6451612710952759   

14:48:08: local_reinforcement_logger.timestep_report +41: INFO     
 Step 24   Fraction valid SMILES: 100.0   Score: 0.5000   Time elapsed: 24   Time left: 25.0
  Agent     Prior     Target     Score     SMILES
-25.27    -25.12     11.91      0.45      c1c(OCCCC)cc2c(c1OC)C(C)=NC(C)C2
-36.35    -36.39     -9.94      0.32      N1(c2nc3c(ccnc3OCC3CCN(C)C3)cc2)CCN(CC)CC1
-27.42    -27.99     51.37      0.97      C(C(=O)c1ccc(Cl)cc1)C(C(Nc1c(C(c2ccccc2)=O)cccc1)=O)=O
-19.26    -18.90     -3.03      0.19      c1(CC)sc(=NC(CSCc2c(C)noc2C)=O)[nH]n1
-42.10    -42.26    -13.16      0.35      C(C(N(Cc1cnn(Cc2ccccc2)c1)CC1CCN(CCC)CC1)C)#N
-24.60    -24.75     36.09      0.74      c1cc(-c2ccc(CN=[N+]=[N-])cc2)c(F)cc1
-24.80    -24.64    -11.41      0.16      C1CN(c2c3c(cccc3)nc(-c3ccc(Cl)cc3)n2)CCN1C(CCC)=O
-18.61    -18.76      2.40      0.26      OCCCN=c1[nH]c2n(C3OC(CO)C(O)C3O)cnc2c(=N)[nH]1
-33.13    -33.51     -1.77      0.39      C(=O)(O)CCC(NC(c1cc(O)n(Cc2cccc(OC)c2)c1)=O)C(=O)COc1ccccc1
-25.88    -26.43     23.83      0.61      c1cccc(Oc2ccc(Cl)cc2NC(CN(C)Cc2ccc(Cl)cc2)=O)c1
Human-Component   raw_Human-Component
0.4516128897666931   0.4516128897666931   
0.32258063554763794   0.32258063554763794   
0.9677419066429138   0.9677419066429138   
0.19354838132858276   0.19354838132858276   
0.35483869910240173   0.35483869910240173   
0.7419354915618896   0.7419354915618896   
0.16129031777381897   0.16129031777381897   
0.25806450843811035   0.25806450843811035   
0.3870967626571655   0.3870967626571655   
0.6129032373428345   0.6129032373428345   

14:48:09: local_reinforcement_logger.timestep_report +41: INFO     
 Step 25   Fraction valid SMILES: 100.0   Score: 0.5000   Time elapsed: 26   Time left: 25.0
  Agent     Prior     Target     Score     SMILES
-25.34    -25.54     37.94      0.77      c1ccccc1C=CC(=O)C=Cc1ccc(OC)c(COc2ccccc2)c1
-26.97    -27.05     44.36      0.87      C(Oc1cc(-c2cc(=Nc3ccc(C)cc3)[nH]cn2)ccc1)C(C)C
-29.10    -29.16     23.74      0.65      O(C)c1cc(-c2cc3n(c4c(cn3)nc(C)cc4)n2)ccc1
-34.31    -34.68      7.64      0.52      C(c1n(C2CCCC2)c2c(cc(F)cc2)n1)CC(=O)Nc1ccccc1C(=O)C
-31.45    -31.41    -15.53      0.19      c1(OC)cc(N(c2c3sc(C#N)cc3ncn2)CCCC)c(Cl)cc1
-30.32    -30.37     48.99      0.97      c1(F)cccc(C(CNCc2c(C(=O)N3C(C)CCC3)cccc2)O)c1
-32.36    -33.06     43.65      0.94      c1cc(OCc2ccc(C(Nc3ccc(N4C(=O)COCC4)cc3)=O)cc2F)ccc1Cl
-23.36    -23.26     13.78      0.45      c1cccc2c1C1C3N(C)CCC1(CC2)CC(=O)CC3
-26.86    -26.90      4.84      0.39      c1(NC(=S)NNC(=O)c2cccc(Cn3c(C)cc(C)n3)c2)ccccc1
-49.85    -49.78    -36.55      0.16      C12C(OC(C)=O)C3(C)C(OC(=O)C1=C)C(OC(=O)C)C1C(C)(C3C(OC(=O)C)C2=C)C(OC(C)=O)CCC1(C)COC(=O)C
Human-Component   raw_Human-Component
0.774193525314331   0.774193525314331   
0.8709677457809448   0.8709677457809448   
0.6451612710952759   0.6451612710952759   
0.5161290168762207   0.5161290168762207   
0.19354838132858276   0.19354838132858276   
0.9677419066429138   0.9677419066429138   
0.9354838728904724   0.9354838728904724   
0.4516128897666931   0.4516128897666931   
0.3870967626571655   0.3870967626571655   
0.16129031777381897   0.16129031777381897   

14:48:11: local_reinforcement_logger.timestep_report +41: INFO     
 Step 26   Fraction valid SMILES: 93.8   Score: 0.4688   Time elapsed: 27   Time left: 24.0
  Agent     Prior     Target     Score     SMILES
-33.42    -33.80     45.38      0.97      O(Cc1cc(COc2ccccc2)no1)c1ccc2c(c1)c(C=C1C(=O)NC(=O)S1)ccc2
-21.12    -20.85     21.56      0.52      c1c(-c2c(C#N)c(=O)n(C)c(SC)n2)c(Cl)cc(Cl)c1
-36.32    -35.99    -35.99      0.00      CC12CCN(CC3CC3)C(Cc3ccc(NS(=O)(=O)c4cn(Cc5ccccc5)c5c4cccc5)c13)C2
-21.62    -21.81     60.19      1.00      c1c(C)[nH]c(=Nc2scc(C(N)Cc3ccc(F)cc3)n2)nc1C
-36.36    -36.12    -33.30      0.03      O(c1ccc(Br)cc1)c1ccc(N=c2cc[nH]c3cc(-c4ccn(C)c4)ccc32)cc1N
-30.41    -30.51     31.70      0.76      c1c(Br)c(=O)[nH]nc1-c1n(CC)c2c(cccn2)n1
-34.73    -34.99     -9.54      0.31      N(C(CC=C)c1ccc(C(C)C)cc1)c1cc2c([nH]nc2)nc1
-22.09    -22.29      0.33      0.28      C(c1ccc(NC(=O)c2n[nH]c(=O)cc2)cc1)(C)=O
-32.08    -32.05     13.20      0.55      [O-][N+](c1c2c(n(CN3CCOCC3)cn2)ncc1Cl)=O
-33.60    -33.45    -33.45      0.00      C1CC(C)(COS(c2ccc(C)cc2)(=O)=O)C2CC=C3C=C(C(C)C)CCC3(C)C2=C1
Human-Component   raw_Human-Component
0.9655172228813171   0.9655172228813171   
0.517241358757019   0.517241358757019   
0.0   0.0   
1.0   1.0   
0.03448275849223137   0.03448275849223137   
0.7586206793785095   0.7586206793785095   
0.3103448152542114   0.3103448152542114   
0.27586206793785095   0.27586206793785095   
0.5517241358757019   0.5517241358757019   
0.0   0.0   

14:48:12: local_reinforcement_logger.timestep_report +41: INFO     
 Step 27   Fraction valid SMILES: 100.0   Score: 0.5000   Time elapsed: 29   Time left: 23.8
  Agent     Prior     Target     Score     SMILES
-41.77    -41.22    -28.00      0.16      O=C(c1oc2ccccc2c1NC(=O)CC(=O)c1coc2c1cc(C)cc2)C
-24.08    -23.91     52.79      0.94      C12C(=O)OCC1C(NC(c1cccc(N(C)C)c1)=O)c1cc3c(cc1C2c1cc(OC)c(OC)c(OC)c1)OCO3
-21.66    -21.82     44.30      0.81      c1n(C2OC(C(NCC)=O)C(O)C2O)c2[nH]c(C#CCCCCCC)nc(=N)c2n1
-34.33    -34.13     -5.03      0.35      N(C(C)(C)C)C(=O)c1ccc2c(c3c(c(=O)n2C)c2c(s3)CCCC2)c1
-25.53    -25.29     22.32      0.58      c1(C=CC(=O)c2c(O)c(OC)c(OC)c(OC)c2O)ccc(OC)c(OC)c1OC
-26.04    -26.03     -7.51      0.23      c1ccc(CN(C(CNC(=O)c2cccc([N+](=O)[O-])c2)=O)C)cc1
-27.48    -27.66     46.40      0.90      n1(-c2ccccc2)c(-c2ccc(Cl)cc2)c(C#N)c2cc(OC)ccc12
-41.27    -40.36     12.54      0.65      c1(N(CC)CC)ccnc(C[S+](c2[nH]c(-c3ccc(NC(NC)=O)c(F)c3)c(-c3ccc(F)cc3)n2)(=O)[O-])c1
-29.68    -29.97    -24.68      0.06      N(CC1OC(=O)N(c2ccc([N+]([O-])=O)cc2)C1)CCN=c1cc[nH]c2cc(Cl)ccc21
-21.53    -21.50    -21.50      0.00      c1(C2Nc3ccccc3N=C3C2C(=O)CC(C)(C)C3)cc([N+](=O)[O-])ccc1
Human-Component   raw_Human-Component
0.16129031777381897   0.16129031777381897   
0.9354838728904724   0.9354838728904724   
0.8064516186714172   0.8064516186714172   
0.35483869910240173   0.35483869910240173   
0.5806451439857483   0.5806451439857483   
0.22580644488334656   0.22580644488334656   
0.9032257795333862   0.9032257795333862   
0.6451612710952759   0.6451612710952759   
0.06451612710952759   0.06451612710952759   
0.0   0.0   

14:48:13: local_reinforcement_logger.timestep_report +41: INFO     
 Step 28   Fraction valid SMILES: 100.0   Score: 0.4990   Time elapsed: 30   Time left: 22.8
  Agent     Prior     Target     Score     SMILES
-21.97    -21.37     10.37      0.39      c1nc(-c2ccc(CC)cc2)cs1
-31.41    -31.68     50.32      1.00      c1(-c2nn(-c3c[nH]ccc3=NS(=O)(=O)C)cc2-c2ccc(F)cc2)ccc(Cl)cc1
-25.42    -25.29    -12.06      0.16      c1c(C)ccc2c1c(CCCCCNC)c[nH]2
-17.75    -17.62      8.83      0.32      CCCN(CCC)C1Cc2c(O)cccc2CC1
-31.10    -30.85     43.21      0.90      c1c2nc3c(C(=O)NCCN(C)C)cccc3cc2c(NCc2ccc(CN(C)C)cc2)cc1
-27.56    -27.25     15.07      0.52      c1c(S(=O)(=O)N(C)C)c(C)ccc1C(N(c1cc(C)ccc1)CC)=O
-36.56    -36.47    -31.18      0.06      OC(C)(CC(=O)OCCSc1cc(C)c(Br)cc1)C
-17.98    -18.07      3.09      0.26      C(C(O)=O)(C)c1ccc(CC(C)C)cc1
-29.73    -29.34      7.70      0.45      OC1C(N(S(=O)(=O)c2ccc(Br)cc2)CCC(C)C)OC(CO)C(O)C1O
-23.96    -23.99    -23.99      0.00      N(C(=O)CSc1nnc(-c2cnccn2)n1CC=C)C(C)(C)C
Human-Component   raw_Human-Component
0.3870967626571655   0.3870967626571655   
1.0   1.0   
0.16129031777381897   0.16129031777381897   
0.32258063554763794   0.32258063554763794   
0.9032257795333862   0.9032257795333862   
0.5161290168762207   0.5161290168762207   
0.06451612710952759   0.06451612710952759   
0.25806450843811035   0.25806450843811035   
0.4516128897666931   0.4516128897666931   
0.0   0.0   

14:48:14: local_reinforcement_logger.timestep_report +41: INFO     
 Step 29   Fraction valid SMILES: 100.0   Score: 0.5000   Time elapsed: 31   Time left: 21.7
  Agent     Prior     Target     Score     SMILES
-40.15    -39.93    -18.77      0.26      N(C(C(=O)O)CCC(=O)O)C(C1N(C(CNC(C2CCCN2C(=O)C(CC(C)C)NC(=O)C)=S)=O)CCC1)=O
-23.20    -22.91     59.09      1.00      N1(S(=O)(=O)c2cc(NC(CN3c4ccccc4CCC3)=O)c(Cl)cc2)CCOCC1
-27.61    -27.55     14.78      0.52      CCCn1c2nnc(COc3c(C)cccc3)n2c2c1nccc2
-39.00    -39.15     19.04      0.71      c1cccc2c1[nH]cc2C(c1scc(CCOc2ccc(-n3cnnc3)cc2)n1)=O
-31.92    -32.61    -27.32      0.06      C1COCCN1c1nc(C(=NO)N(C)Cc2ccccc2)ccn1
-25.14    -25.05    -14.47      0.13      c1(OC)cc2c(cc1OC)CCN(CCc1ccc(NC(=O)c3cc(C=Cc4cc(OC)c(OC)c(OC)c4)ccc3OC)cc1)C2
-37.15    -36.68    -34.03      0.03      C1CN(CC2C(COC(=O)C(CC)CCCC)OC2)S(=O)(=O)N(Cc2ccccc2)C1(C)C
-21.71    -22.02     54.69      0.94      c1c(C(=O)Nc2ccc(N(C)C)cc2)cccc1Oc1ccccc1
-36.57    -36.89     13.37      0.61      o1c(C2C=CCNC2)nc(CC(C)(C)C(=O)OC)n1
-25.13    -25.02     14.66      0.48      Cc1c(C)ccc(COc2cc3c(cc2)-c2cc(OCC4CCCO4)nc(=O)n2CC3)c1
Human-Component   raw_Human-Component
0.25806450843811035   0.25806450843811035   
1.0   1.0   
0.5161290168762207   0.5161290168762207   
0.7096773982048035   0.7096773982048035   
0.06451612710952759   0.06451612710952759   
0.12903225421905518   0.12903225421905518   
0.032258063554763794   0.032258063554763794   
0.9354838728904724   0.9354838728904724   
0.6129032373428345   0.6129032373428345   
0.4838709533214569   0.4838709533214569   

14:48:15: local_reinforcement_logger.timestep_report +41: INFO     
 Step 30   Fraction valid SMILES: 100.0   Score: 0.4819   Time elapsed: 32   Time left: 20.6
  Agent     Prior     Target     Score     SMILES
-22.35    -22.57     32.98      0.68      O=C(C(=C)c1c(C#N)cccc1)O
-25.88    -25.75     11.28      0.45      c1c(-c2cc3c(cc2)OCn2c-3nc(-c3n(C(C)C)nc(C)n3)c2)cccc1
-26.97    -26.97     -5.81      0.26      c1c2ccccc2ccc1S(=O)(N1C(C(NC(Cc2ccc(NC(CCCCNC(=N)N)=O)cc2)C(O)=O)=O)CCC1)=O
-29.38    -29.83     -6.03      0.29      C1CCCCN1C(=O)c1c2c(c3c(c1)cccn3)cccn2
-33.82    -34.10     39.97      0.90      C1(CNC(=O)c2[nH]nc3c2cc(-c2cc4cnccc4cc2)cn3)CCCO1
-35.14    -34.83     18.07      0.65      c1(=O)n(C)c(O)c(C=Nc2ncccn2)c2c(N)ccc(OC)c12
-37.74    -37.31    -34.67      0.03      c1(OC)cc(CC2C(COC(C)=O)OC(C)(C)O2)ccc1OC(CCCCCCCCC)=O
-30.61    -30.23      4.16      0.42      C1(COCCC2CC3(C)OOC2(C)OO3)CCCCCCC1
-24.84    -24.81     43.96      0.84      C(CCC(Nc1c(C)n(C)nc1C)=O)c1ccc(OC)cc1
-26.96    -27.33     -8.82      0.23      c1(C2CCN(C(C(C)Oc3ccccc3[N+]([O-])=O)=O)CC2)ccccc1
Human-Component   raw_Human-Component
0.6774193644523621   0.6774193644523621   
0.4516128897666931   0.4516128897666931   
0.25806450843811035   0.25806450843811035   
0.29032257199287415   0.29032257199287415   
0.9032257795333862   0.9032257795333862   
0.6451612710952759   0.6451612710952759   
0.032258063554763794   0.032258063554763794   
0.4193548262119293   0.4193548262119293   
0.8387096524238586   0.8387096524238586   
0.22580644488334656   0.22580644488334656   

14:48:17: local_reinforcement_logger.timestep_report +41: INFO     
 Step 31   Fraction valid SMILES: 100.0   Score: 0.4879   Time elapsed: 34   Time left: 20.2
  Agent     Prior     Target     Score     SMILES
-24.64    -23.86     15.82      0.48      c1(=O)cc(CN2C(=O)C3(CCCCCC3)NC2=O)c2c(cc(C)c(C)c2)o1
-28.66    -28.87    -28.87      0.00      c1(OCC(Cl)(Cl)Cl)c(C(=O)OCCC)cccc1
-23.62    -24.02     26.24      0.61      c1cccc(-c2[nH]c3c(=O)n(CCC)c(=O)n(CCC)c3n2)c1C(O)=O
-22.12    -22.51     25.10      0.58      c1(C(OCC)=O)[nH]c2ccc(C#N)cc2c1
-27.60    -27.25     38.88      0.81      c1c(OC)c(OC)c(C(OC)c2cc3c(cc2C)C(C)(C)CCC3(C)C)cc1
-26.77    -26.39     26.52      0.65      c1cc(C(c2cccs2)(c2ccc(N)cc2)n2cncc2)ccc1
-27.51    -27.52     -3.71      0.29      c1(C=NNC(=O)C(OCC)=O)c2c(cccc2)c(Cl)cc1
-44.90    -44.66    -23.50      0.26      c1c(Cc2c3cc(CC)c(OC)cc3n(Cc3c(C(F)(F)F)cccc3)c2)c2c(ccc(OCC)c2)nc1
-25.25    -25.31     54.04      0.97      c1(Cl)c(Cl)cc(N=c2c3c(ccc(NC(=O)C#CCOC)c3)[nH]cn2)cc1
-22.54    -22.64     -9.41      0.16      c1(O)cc(OC2OC(COC(=O)c3cc(O)c(O)c(O)c3)C(O)C(O)C2O)cc2ccc(O)cc12
Human-Component   raw_Human-Component
0.4838709533214569   0.4838709533214569   
0.3870967626571655   0.3870967626571655   
0.6129032373428345   0.6129032373428345   
0.5806451439857483   0.5806451439857483   
0.8064516186714172   0.8064516186714172   
0.6451612710952759   0.6451612710952759   
0.29032257199287415   0.29032257199287415   
0.25806450843811035   0.25806450843811035   
0.9677419066429138   0.9677419066429138   
0.16129031777381897   0.16129031777381897   

14:48:18: local_reinforcement_logger.timestep_report +41: INFO     
 Step 32   Fraction valid SMILES: 96.9   Score: 0.4844   Time elapsed: 34   Time left: 18.5
  Agent     Prior     Target     Score     SMILES
-23.48    -23.69     39.18      0.77      C(c1ccc(OCC)cc1)CNS(=O)(=O)c1ccc2c(c1)CCC(=O)N2
-23.08    -23.04    -23.04      0.00      O(CC)c1ccc(-c2ccc(S(=O)(NC(C(=O)O)CC#Cc3ccccc3)=O)cc2)cc1
-34.02    -34.08    -28.61      0.07      C1(C(C)C)CC(=NNC(=S)Nc2cccnc2)C2(OCCO2)CC1
-35.25    -34.61      3.66      0.47      O(C(C1=NCc2cc(OC)c(OC)c(OC)c2-c2c1c1c(cc3c(c1)OCO3)[nH]2)=O)C
-26.28    -26.18     14.82      0.50      c1c(C2Cc3c(cc(OC(C)C)c(OC)c3)C2=O)ccc(OC)c1OC
-36.21    -36.04     -0.50      0.43      NCC(Nc1cc2c(cc1N1CC(C)(C)NCC1)n(C(C)(C)C)c(=O)[nH]2)=O
-28.72    -29.14     14.60      0.53      c12c(cn[nH]1)c(=O)[nH]c(=O)n2CCSCc1ccccc1
-30.20    -30.08     27.32      0.70      C(Nc1c(N2CCCCC2)cccc1)CCc1ccc(CC)cc1
-27.91    -27.74    -25.00      0.03      C(=O)(OCC(Nc1c(C)ccc(C)c1)=O)CNC(c1ccc(OC(F)(F)F)cc1)=O
-24.97    -25.01    -14.07      0.13      O(CC)c1cc2c(c(=Nc3c(F)cc(Cl)cc3)c(C(=O)N)c[nH]2)cc1NC(C=C)=O
Human-Component   raw_Human-Component
0.7666666507720947   0.7666666507720947   
0.0   0.0   
0.06666667014360428   0.06666667014360428   
0.46666666865348816   0.46666666865348816   
0.5   0.5   
0.4333333373069763   0.4333333373069763   
0.5333333611488342   0.5333333611488342   
0.699999988079071   0.699999988079071   
0.03333333507180214   0.03333333507180214   
0.13333334028720856   0.13333334028720856   

14:48:19: local_reinforcement_logger.timestep_report +41: INFO     
 Step 33   Fraction valid SMILES: 100.0   Score: 0.5000   Time elapsed: 36   Time left: 18.0
  Agent     Prior     Target     Score     SMILES
-18.89    -19.09      2.07      0.26      c1c(-c2ccccc2)cc(OCC2CCNCC2)cn1
-30.70    -30.90      3.49      0.42      Fc1c(Oc2ncc3c([nH][nH]c3=NC(C=C)=O)n2)c(OC)ccc1
-23.36    -23.59     26.67      0.61      FC(F)(F)c1ccc(-c2ccc(C(N3CCN(c4ccccc4)CC3)=O)cc2)cc1
-25.76    -24.86     46.56      0.87      C1(=O)N2C(c3c(c(O)n(C)c3O)N1C)CCC2
-29.94    -30.23     51.77      1.00      c1(=O)n(COCC)c(C=CC=CC(OC)=O)c(C)[nH]1
-21.50    -21.72     -3.21      0.23      FC(F)(c1cc(-c2nn3c(nnc3-c3ccncc3)s2)ccc1)F
-31.98    -32.36     12.60      0.55      c1cc(CCCCc2cccc(CC(C(=O)O)CCCC)c2)nnn1
-30.21    -29.68    -29.68      0.00      c12ccccc1N(C(CC1CCCCC1)=O)CC21CCN(c2sccn2)CC1
-49.24    -48.68    -22.23      0.32      c12c(cc3c(c1)n(Cc1cc(-c4ccc(OC)cc4)cnc1)c(=O)cc3C1CCN(C(c3ccccc3)=O)CC1)OCCO2
-21.78    -21.72     31.18      0.65      c1ccc(NC(=S)NCCCN2CCCC2=O)c(Cl)c1
Human-Component   raw_Human-Component
0.25806450843811035   0.25806450843811035   
0.4193548262119293   0.4193548262119293   
0.6129032373428345   0.6129032373428345   
0.8709677457809448   0.8709677457809448   
1.0   1.0   
0.22580644488334656   0.22580644488334656   
0.5483871102333069   0.5483871102333069   
0.0   0.0   
0.32258063554763794   0.32258063554763794   
0.6451612710952759   0.6451612710952759   

14:48:20: local_reinforcement_logger.timestep_report +41: INFO     
 Step 34   Fraction valid SMILES: 96.9   Score: 0.4844   Time elapsed: 37   Time left: 16.9
  Agent     Prior     Target     Score     SMILES
-30.58    -30.20     -5.60      0.30      c1c2cc(OCC(CN3CCCC3)O)ccc2sc1CCC
-22.75    -22.60    -22.60      0.00      C(CCCCCC(=O)OC1C(c2ccc(O)c(O)c2)Oc2c(c(O)cc(O)c2)C1)CC
-28.31    -28.56     39.78      0.83      c1ccc(NC(=O)CSc2[nH]c(-c3ccc(OC)cc3)nc2C(N)=O)c(CC)c1
-31.07    -30.79     51.21      1.00      c1c(-n2c3[nH]c(=NCc4ccc(S(=O)(=O)N)cc4)ncc3c(C)n2)c(C)ccc1
-30.27    -30.63      7.64      0.47      c1(Cl)cc(F)cc(Cl)c1N=c1oc(Cc2c(F)cccc2Cl)c[nH]1
-21.99    -22.20     57.06      0.97      N1=C(c2ccc(Cl)cc2)CC(c2cccc(Cl)c2Cl)O1
-27.07    -26.82    -24.09      0.03      c1([N+](=O)[O-])c(O)c(C=NNC(=O)CSc2nc3ccccc3c(=O)n2CC)ccc1
-23.38    -23.47     28.46      0.63      C1C(C(Nc2ccc(C(Nc3ccccc3C)=O)cc2)=O)CCC1
-19.86    -20.24      7.10      0.33      n1cc(CNC(=O)Nc2cccnc2)ccc1
-28.89    -29.19     14.54      0.53      C1Cc2c(c(O)c(C)cc2C)C(NC(C(O)=O)=O)C1
Human-Component   raw_Human-Component
0.30000001192092896   0.30000001192092896   
0.0   0.0   
0.8333333134651184   0.8333333134651184   
1.0   1.0   
0.46666666865348816   0.46666666865348816   
0.9666666388511658   0.9666666388511658   
0.03333333507180214   0.03333333507180214   
0.6333333253860474   0.6333333253860474   
0.3333333432674408   0.3333333432674408   
0.5333333611488342   0.5333333611488342   

14:48:22: local_reinforcement_logger.timestep_report +41: INFO     
 Step 35   Fraction valid SMILES: 100.0   Score: 0.5000   Time elapsed: 39   Time left: 16.2
  Agent     Prior     Target     Score     SMILES
-51.12    -50.71     31.29      1.00      n1c(Br)n(C2C(O)C(O)C(CCl)O2)c2nc[nH]c(=NC3c4cc5c(cc4C(c4c(Br)cccc4)NC33CCCCC3)nn5)c12
-22.71    -22.75     46.02      0.84      c1(=O)c2c[nH]nc2c2c(n1C(C)C)cccc2
-22.78    -22.89     43.24      0.81      n12cccc1C(c1ccc(F)cc1)NC(C(=O)O)C2
-23.30    -23.37     50.70      0.90      c1(C)cc(N=c2[nH]c(C(C)(C)C)c(Cc3ccc4c(c3)OCO4)s2)ncc1
-28.59    -29.65    -11.13      0.23      c1(OCC(C(NC(=O)c2cc(O)n(Cc3ccccc3)c2)Cc2ccccc2)O)ccc(F)cc1
-38.12    -38.12    -27.54      0.13      s1nc(C(Nc2c(F)cc(-c3cc(F)ccc3)cc2)=O)c2c1CN(S(=O)(CC)=O)CC2
-34.51    -35.82     35.60      0.87      c1c(C=C2C3=NN(CCCCCNC(=O)c4ccccc4)C(COc4ccccc4)=C(C(OC)=O)C3CC2)cccc1
-34.29    -34.28      8.04      0.52      [nH]1c2c(c(C)c(C)s2)c(=O)nc1CN1C(C(F)(F)F)CCC(Cl)C1=O
-27.71    -27.76     22.50      0.61      CC1(C)Oc2c(cc(CN3CCN(CC)CC3)cc2)C(c2cccnc2)C1
-30.22    -29.79      7.24      0.45      C(Oc1ccc(-c2c3c([nH]cc3)ncn2)cc1C(F)(F)F)CN1CCC(CN)CC1
Human-Component   raw_Human-Component
1.0   1.0   
0.8387096524238586   0.8387096524238586   
0.8064516186714172   0.8064516186714172   
0.9032257795333862   0.9032257795333862   
0.22580644488334656   0.22580644488334656   
0.12903225421905518   0.12903225421905518   
0.8709677457809448   0.8709677457809448   
0.5161290168762207   0.5161290168762207   
0.6129032373428345   0.6129032373428345   
0.4516128897666931   0.4516128897666931   

14:48:23: local_reinforcement_logger.timestep_report +41: INFO     
 Step 36   Fraction valid SMILES: 96.9   Score: 0.4844   Time elapsed: 40   Time left: 15.1
  Agent     Prior     Target     Score     SMILES
-29.77    -29.70    -16.04      0.17      c1cc(Cn2c3ccc(C(OC)=O)cc3c(C)c2-c2ccc(OCC#C)cc2)ccc1
-34.08    -34.24     -6.91      0.33      c1(Cc2ccc(CCC(=O)O)c3c2cccc3)c(OC)c(C(=O)O)ccc1
-24.46    -24.34     52.19      0.93      c1c(NC(=O)c2c(C)c(-c3ccccc3)n(C)n2)cccc1C#N
-33.37    -32.91    -32.91      0.00      C(C1(C(O)=O)c2ccccc2N(Cc2c(OC)ccc(OC)c2)C1=O)Cc1ccccc1
-19.86    -19.74     62.26      1.00      c1c(NC(=O)CCN2CCN(CC=Cc3ccccc3)CC2)ccc(F)c1
-28.38    -28.37    -17.44      0.13      C1CCC2C(=O)c3c(cc(OCC)cc3)C(=O)C2C1
-32.99    -32.78    -30.04      0.03      S(Cc1cccn1C)c1nc(-c2sccc2)nc2c1cc(Cl)cc2
-32.46    -32.80     -2.73      0.37      S1C(=C2c3c(ccc([N+](=O)[O-])c3)NC2=O)c2ccccc2N1CCCOC(F)(F)F
-25.26    -25.69     34.44      0.73      c1(Cc2ccccc2)cnc2c(c1)C(NCCO)CCc1c-2c(OC)c(OC)c(OC)c1
-33.23    -32.01     39.06      0.87      c1(C(=O)Nc2sc3c(c2C(N)=O)CCC(C)C3)c(C)c2c(ccc(N3CCOCC3)c2)o1
Human-Component   raw_Human-Component
0.1666666716337204   0.1666666716337204   
0.3333333432674408   0.3333333432674408   
0.9333333373069763   0.9333333373069763   
0.0   0.0   
1.0   1.0   
0.13333334028720856   0.13333334028720856   
0.03333333507180214   0.03333333507180214   
0.36666667461395264   0.36666667461395264   
0.7333333492279053   0.7333333492279053   
0.8666666746139526   0.8666666746139526   

14:48:25: local_reinforcement_logger.timestep_report +41: INFO     
 Step 37   Fraction valid SMILES: 100.0   Score: 0.5000   Time elapsed: 42   Time left: 14.4
  Agent     Prior     Target     Score     SMILES
-52.62    -52.22     13.91      0.81      C1C2(C)C(=CCC3(O)C4COC2C32C(=O)CC(O)C(C)(O)C2C(O)C4)CC(OC(C)=O)C1
-39.84    -40.14    -11.05      0.35      c12sc(=NC(=O)c3ccccc3)[nH]c1C(c1ccc(NC(OCc3ccccc3)=O)cc1)CCN2
-22.85    -22.64     24.97      0.58      c1(C=C2CCCCCC2=O)n(C)cnc1
-22.56    -22.30    -17.01      0.06      n1c(-c2ccc(C)cc2)sc(C(=O)N2CCN(C)CC2)c1C
-31.29    -31.40     21.50      0.65      O(CC)c1ccc(Oc2cccc(S(=O)(=O)C)c2)cc1C(=O)N=c1[nH]cc(C(=O)O)cc1
-33.56    -33.48     27.36      0.74      c12c(c(Cl)c(O)c(O)c1)C1C(N(C)Cc3cc(Cl)ccc31)C2
-28.72    -29.30      5.09      0.42      c12c(cnn1-c1ccccc1)c(N(CCCOC)CCCC)ncn2
-36.98    -36.54      8.43      0.55      c12c(ncc(OCc3cc(F)ccc3Cl)n1)n(CCOC)cc2
-28.06    -27.79     54.21      1.00      S1SSSSc2c1cc(CCc1ccccc1)cc2
-31.95    -32.29    -24.36      0.10      c1c(S(=O)(=O)NC(Cc2cc(Oc3ccccc3)ccc2)C(OC)=O)cncc1
Human-Component   raw_Human-Component
0.8064516186714172   0.8064516186714172   
0.35483869910240173   0.35483869910240173   
0.5806451439857483   0.5806451439857483   
0.06451612710952759   0.06451612710952759   
0.6451612710952759   0.6451612710952759   
0.7419354915618896   0.7419354915618896   
0.4193548262119293   0.4193548262119293   
0.5483871102333069   0.5483871102333069   
1.0   1.0   
0.09677419066429138   0.09677419066429138   

14:48:26: local_reinforcement_logger.timestep_report +41: INFO     
 Step 38   Fraction valid SMILES: 100.0   Score: 0.4798   Time elapsed: 43   Time left: 13.2
  Agent     Prior     Target     Score     SMILES
-23.43    -23.24    -23.24      0.00      N(CCCC)S(NS(c1ccc(C)cc1)(=O)=O)(=O)=O
-25.65    -25.66      3.44      0.35      C(C=C)c1c(=O)n(CC2CCCO2)c2ccccc2n1
-24.90    -24.97    -11.74      0.16      CNC(=O)C(C)C=NOC
-34.55    -35.33     12.29      0.58      C1(OC)N(CCCCN2CCC(Cc3ccccc3)CC2)C(=O)CN(Cc2ccccc2)C1=O
-34.15    -35.01    -35.01      0.00      c12c(c(N3CCN(CCc4cccc5c4OCc4n-5c(C)cn4)C3)ncn1)cncc2
-44.26    -44.21    -23.05      0.26      C1C(C)CCc2cc(C(NCC(NCCC(c3ccccc3Br)=O)=O)=O)ccc21
-20.19    -20.63     53.43      0.90      C(c1ccco1)NC(=O)COC(=O)C=Cc1ccccc1
-32.82    -32.70      6.98      0.48      C1=C(c2ccc(CNCCNC)cc2)c2c(c(C)ccc2)OC1(C)C
-25.42    -25.67    -23.02      0.03      c1(N2CC3N(CC=C(C)C)C(CC3)C2)ccc(F)cc1
-21.52    -21.81     20.51      0.52      c1c2c(ccc1OC)C(O)C(=O)C(c1ccc(O)c(OC)c1)O2
Human-Component   raw_Human-Component
0.6451612710952759   0.6451612710952759   
0.35483869910240173   0.35483869910240173   
0.16129031777381897   0.16129031777381897   
0.5806451439857483   0.5806451439857483   
0.0   0.0   
0.25806450843811035   0.25806450843811035   
0.9032257795333862   0.9032257795333862   
0.4838709533214569   0.4838709533214569   
0.032258063554763794   0.032258063554763794   
0.5161290168762207   0.5161290168762207   

14:48:29: local_reinforcement_logger.timestep_report +41: INFO     
 Step 39   Fraction valid SMILES: 93.8   Score: 0.4289   Time elapsed: 45   Time left: 12.4
  Agent     Prior     Target     Score     SMILES
-29.36    -29.28     13.13      0.52      O=S(NCCc1oc(C(=O)O)cc1)(c1c(Cl)cc(Cl)cc1Cl)=O
-25.25    -24.81     37.40      0.76      c1(C(=O)O)cccc(N2C(=O)N(C)C(C)(C)C2=O)c1
-22.56    -22.48    -22.48      0.00      C(c1c(Br)cccc1)(NCCSC(C)(C)C)=O
-37.47    -37.39      2.20      0.48      O=C1OC2(CCCCC2C)N(C(CO)C(Nc2c(F)cccc2)=O)C1=O
-23.34    -23.10     13.66      0.45      C1(C(=O)O)=C(SCCN)SC2C(C(O)C)C(=O)N21
-27.28    -27.52     37.52      0.79      S(=O)(=O)(c1ccc(NC(=O)c2c(NC(=O)c3ccc(C(C)(C)C)cc3)cccc2)cc1)N=c1[nH]ccs1
-22.03    -21.67     29.23      0.62      N(C(CN1CCN(S(c2ccc(Br)cc2)(=O)=O)CC1)=O)=c1scc[nH]1
-25.59    -25.88    -25.88      0.00      O=C(N1CCC(C(NCC(F)(F)F)=O)CC1)Cc1ccc(C(C)(C)C)cc1
-40.48    -40.19      7.88      0.59      C1CCN(C(CC=CC(=CCOC)c2cc(Cl)c(N)c(Cl)c2)=O)C1
-29.52    -30.00    -13.03      0.21      c1ccc(C(=O)O)nc1-c1ccc2c(cc(=N)[nH]c2)n1
Human-Component   raw_Human-Component
0.517241358757019   0.517241358757019   
0.7586206793785095   0.7586206793785095   
0.7241379022598267   0.7241379022598267   
0.48275861144065857   0.48275861144065857   
0.4482758641242981   0.4482758641242981   
0.7931034564971924   0.7931034564971924   
0.6206896305084229   0.6206896305084229   
0.0   0.0   
0.5862069129943848   0.5862069129943848   
0.2068965584039688   0.2068965584039688   

14:48:30: local_reinforcement_logger.timestep_report +41: INFO     
 Step 40   Fraction valid SMILES: 100.0   Score: 0.5000   Time elapsed: 47   Time left: 11.5
  Agent     Prior     Target     Score     SMILES
-36.51    -36.95     45.05      1.00      O(c1c2cc(C(=O)N=c3[nH]c(C(=O)O)ccc3)cc(NC(=O)c3ccc(OC)cc3)c2ccc1)C
-25.22    -25.46    -22.81      0.03      FC(F)(c1c(N2CCc3c(c(=Nc4ccc(C(F)(F)F)cc4)[nH]c(OC4CCOC4)n3)CC2)nccn1)F
-23.57    -23.64     10.75      0.42      [N+]([O-])(CC1ON=C(c2ccc(OC)cc2)C1)=O
-44.27    -43.84    -43.84      0.00      OC(CON=C(C1CC1)N1CC(C=CCC)(O)C(C)CC1)=O
-23.54    -23.40      3.05      0.32      c1c(OC)c(OC)ccc1NC(=O)CSc1nnc(CCC)n1CCOC
-27.44    -27.03     15.30      0.52      C(CCCC(O)=O)CCN1C(=S)N=C(Cc2ccc(N3CCOCC3)cc2)C1=O
-21.22    -21.80     44.33      0.81      O=C(N(C)Cc1ccncc1)C=Cc1ccccc1
-24.91    -25.78     35.06      0.74      c1c2nc(-c3ccccc3F)n(CCOCCO)c2ccc1
-29.48    -29.57     25.97      0.68      o1nc(CCCSc2ccc(C(=O)N)cc2)cc1-c1ccccc1
-33.19    -33.43     37.99      0.87      n1(CCn2cc(COc3ccccc3[N+]([O-])=O)nn2)c(=O)c2c(cccc2)c(-c2cc(OC)c(OC)cc2)n1
Human-Component   raw_Human-Component
1.0   1.0   
0.032258063554763794   0.032258063554763794   
0.4193548262119293   0.4193548262119293   
0.0   0.0   
0.32258063554763794   0.32258063554763794   
0.5161290168762207   0.5161290168762207   
0.8064516186714172   0.8064516186714172   
0.7419354915618896   0.7419354915618896   
0.6774193644523621   0.6774193644523621   
0.8709677457809448   0.8709677457809448   

14:48:32: local_reinforcement_logger.timestep_report +41: INFO     
 Step 41   Fraction valid SMILES: 96.9   Score: 0.4469   Time elapsed: 48   Time left: 10.3
  Agent     Prior     Target     Score     SMILES
-26.32    -26.43    -23.69      0.03      c1(S(=O)(NCc2n(C3CCCC3)nnn2)=O)sccc1
-24.32    -24.32    -24.32      0.00      c12ccccc1Sc1c(cccc1)N2CC(=O)NCC(=O)OCC
-23.56    -23.62    -23.62      0.00      C(CCCCCCCCC)Oc1c([N+](=O)[O-])cc(C(N)=N)cc1
-32.71    -33.13     10.60      0.53      C1(COc2nc3c(c(=O)n(Cc4ccc(-c5ccccc5-c5n[nH]nn5)cc4)c(=O)n3CCCCC)nc2CC)CCCCC1
-32.07    -32.79      2.75      0.43      C(CCC(c1c(C)c(CC(=O)O)sc1CCCC)c1ccc(F)cc1)C
-28.93    -29.10     52.90      1.00      n1c2n(C3C(O)C(O)C(CO)O3)c(=NC3CCCC3)[nH]c2cc(O)n1
-36.53    -37.01     36.79      0.90      c1c(NC(C2C(c3ccccc3)C2)=O)cc(Oc2cc(=Nc3cc(C(=O)Nc4cc(C(F)(F)F)ccc4)ccc3)[nH]cn2)cc1
-24.00    -25.09     13.18      0.47      c1cccc(C=Nc2nc(=NC3CCCCC3)[nH]c(=Nc3ccccc3)[nH]2)c1
-22.32    -22.14     -0.27      0.27      n1(C)c(=O)n(C)c(=O)c2n(Cc3c(Cl)cccc3)c(Oc3cc(C)cc(C)c3)nc12
-27.45    -28.33     50.94      0.97      C1CC(CO)CN1Cc1cc(=O)c(OCc2ccc(Cl)cc2)co1
Human-Component   raw_Human-Component
0.03333333507180214   0.03333333507180214   
0.0   0.0   
0.4000000059604645   0.4000000059604645   
0.5333333611488342   0.5333333611488342   
0.4333333373069763   0.4333333373069763   
1.0   1.0   
0.8999999761581421   0.8999999761581421   
0.46666666865348816   0.46666666865348816   
0.2666666805744171   0.2666666805744171   
0.9666666388511658   0.9666666388511658   

14:48:35: local_reinforcement_logger.timestep_report +41: INFO     
 Step 42   Fraction valid SMILES: 100.0   Score: 0.5000   Time elapsed: 52   Time left: 9.7
  Agent     Prior     Target     Score     SMILES
-29.85    -28.62    -23.33      0.06      c1(S(N2CCN(C(CN3C(=O)C(=Cc4cc5c(cc4)OCO5)SC3=O)=O)CC2)(=O)=O)cccs1
-31.39    -30.77     40.65      0.87      COc1ccc(CN=c2c(-c3ccc(CNCCN(C)C)cc3)cnc[nH]2)cn1
-29.54    -29.06     26.49      0.68      C1(n2c(C)c(-c3nc(-c4ccc(O)c(OC)c4)no3)cn2)CCCC1
-23.51    -23.64     -7.77      0.19      c1cc(Cc2c(=O)n(CC(Nc3ccc(S(N)(=O)=O)cc3)=O)nc(C)c2)ccc1
-30.14    -30.11     30.73      0.74      c1cc(C(C2CCN(C(c3oc(CN(C)C)cc3)=O)CC2)=O)c(OC)cc1
-25.04    -24.85    -22.21      0.03      O=S(=O)(Nc1cccc2c(OC)cccc12)c1ccc(N)cc1
-21.44    -22.03     44.10      0.81      c1(Br)c(S(Nc2ccccc2)(=O)=O)cccc1
-25.48    -26.40     42.38      0.84      c12cc(Cl)cc(Cl)c1CCC(CN(CC)CC)=C2
-29.15    -29.40    -18.82      0.13      c1[nH]c2c(c1)c(-c1cn(Cc3ccccc3)nc1)nc(=O)n2CC(N1CCOCC1)=O
-29.83    -30.38     48.98      0.97      c1c(N=c2c3c(nc[nH]2)n(C2OC(CO)C(O)C2O)c(=NCCN2CCOCC2)[nH]3)cccc1Cl
Human-Component   raw_Human-Component
0.06451612710952759   0.06451612710952759   
0.8709677457809448   0.8709677457809448   
0.6774193644523621   0.6774193644523621   
0.19354838132858276   0.19354838132858276   
0.7419354915618896   0.7419354915618896   
0.032258063554763794   0.032258063554763794   
0.8064516186714172   0.8064516186714172   
0.8387096524238586   0.8387096524238586   
0.12903225421905518   0.12903225421905518   
0.9677419066429138   0.9677419066429138   

14:48:37: local_reinforcement_logger.timestep_report +41: INFO     
 Step 43   Fraction valid SMILES: 96.9   Score: 0.4302   Time elapsed: 53   Time left: 8.4
  Agent     Prior     Target     Score     SMILES
-26.97    -26.48     33.65      0.73      c1c([N+](=O)[O-])c[nH]c(=Nc2ccc(NS(=O)(=O)c3ccc(NC(=O)C)cc3)cc2)c1
-22.85    -23.11     34.29      0.70      C1n2c(c(-c3ccc(F)cc3)c(-c3ccccc3)n2)NC1
-33.85    -33.00    -33.00      0.00      C1N(Cc2ccncc2)CC2C(Oc3ccc(NC(c4c(C)cco4)=O)cc3)C12
-22.07    -22.52     23.94      0.57      FC(F)(F)c1cccc(Oc2c(C(=NO)NCC(C)(C)C)cccn2)c1
-18.24    -18.98     19.29      0.47      c1cc(CCC(O)=O)ccc1NCc1ccc(F)cc1
-31.01    -30.14     40.93      0.87      O=c1c2c(c(=O)cc(-c3ccc(OCC(=O)O)cc3)o2)ccc(O)c1
-20.55    -20.91     41.95      0.77      [nH]1c2c(sc1=N)ccc(Cl)c2Cl
-26.70    -26.96     24.98      0.63      c1cc(S(=O)(=O)N(CC(OC)=O)c2ccccc2)ccc1N1CCN(CC)CC1
-36.71    -36.60    -22.94      0.17      c1c(C(=O)NC(C)C)ccc(N(CCN(C)Cc2ccccc2Cl)Cc2ccc(F)cc2)c1
-18.38    -18.60    -18.60      0.00      C(OC)c1ccc(C#N)cc1
Human-Component   raw_Human-Component
0.7333333492279053   0.7333333492279053   
0.699999988079071   0.699999988079071   
0.0   0.0   
0.5666666626930237   0.5666666626930237   
0.46666666865348816   0.46666666865348816   
0.8666666746139526   0.8666666746139526   
0.7666666507720947   0.7666666507720947   
0.6333333253860474   0.6333333253860474   
0.1666666716337204   0.1666666716337204   
0.8333333134651184   0.8333333134651184   

14:48:39: local_reinforcement_logger.timestep_report +41: INFO     
 Step 44   Fraction valid SMILES: 96.9   Score: 0.4750   Time elapsed: 56   Time left: 7.5
  Agent     Prior     Target     Score     SMILES
-28.22    -28.72    -25.98      0.03      C(C(=O)NCC(=O)Nc1c(C)cccc1C)C(NNC(c1ccc(C)cc1)=O)=O
-28.75    -28.32      4.48      0.40      c1(N2CC(c3cn(C)c4ccccc43)C2)ccc(S(=O)(C)=O)cc1
-26.24    -26.30    -26.30      0.00      CC(C)CC(C(OC)=O)NC(=O)C(C(C)C)NC(=O)C(NC(OCc1ccccc1)=O)C
-26.73    -25.92    -12.25      0.17      C(=O)(NCc1ccc(OC)cc1)C1n2c(=O)c(=O)[nH]c3cc(Br)cc(c23)CC1
-19.76    -19.90     26.56      0.57      N1(c2c(C#Cc3ccc(=N)[nH]c3)c(C)ncn2)CCN(CCOC)CC1
-33.95    -34.41    -26.21      0.10      N1CC(O)C(OC2C(O)C(O)C(O)C(CO)O2)C(NC(C)=O)C1OC1OC(CO)C(O)C(OC2OC(CO)C(O)C(O)C2O)C1O
-80.87    -81.83    -21.70      0.73      c1ccc2c3c1[nH]c1c3c(cc(C)c1OCC(C)=C)C(=O)N(CCNCCCCNC(=O)CCC(NC(CCC(=O)NCCCOCCOCCNC(c1ccc(N=[N+]=[N-])cc1O)=O)=O)C(=O)O)C2=O
-22.02    -21.91    -21.91      0.00      c1c2c3n(c(=O)[nH]c3cc1)[nH]c(=O)n2
-25.03    -24.41     -5.27      0.23      C1CN(c2ccc(C)c(C)c2)CCN1CC(N1CCCCC1)=O
-19.25    -19.49    -19.49      0.00      C(C(=O)O)CCNC(=O)OCc1ccccc1
Human-Component   raw_Human-Component
0.03333333507180214   0.03333333507180214   
0.4000000059604645   0.4000000059604645   
0.30000001192092896   0.30000001192092896   
0.1666666716337204   0.1666666716337204   
0.5666666626930237   0.5666666626930237   
0.10000000149011612   0.10000000149011612   
0.7333333492279053   0.7333333492279053   
0.0   0.0   
0.23333333432674408   0.23333333432674408   
0.0   0.0   

14:48:40: local_reinforcement_logger.timestep_report +41: INFO     
 Step 45   Fraction valid SMILES: 96.9   Score: 0.4594   Time elapsed: 57   Time left: 6.2
  Agent     Prior     Target     Score     SMILES
-23.03    -23.83     55.44      0.97      Clc1c(N=c2c(C#N)c[nH]c3cc(C=CCCN(C)C)c(OC)cc32)cccc1Cl
-27.87    -28.95     25.71      0.67      [nH]1nc(C(=O)Nc2c(OCc3ccccc3Cl)cccc2)nn1
-22.34    -22.75     23.71      0.57      c1(=O)n(-c2ccccc2)c(=O)[nH]c(O)c1C(CC)c1c(=O)[nH]c(=O)[nH]c1O
-25.55    -26.19     42.14      0.83      n1(C)[nH]c(OCC2CC2c2ccncc2)cc(=NCc2ccccn2)c1=O
-23.08    -23.16     47.90      0.87      c1cc2c(cc1)COc1c3ncccc3[nH]c1-2
-47.04    -47.67    -47.67      0.00      c1cccc2[nH]c3cc(C(OC)=O)nc4cc(C#N)cc(c(=c5ccc(=S)sc5)c1O)c2c34
-24.02    -23.98     27.95      0.63      c1(CN(Cc2occc2)C(c2c(C)onc2CC)=O)ccccc1
-22.27    -22.84      4.49      0.33      O(C)CCn1nc(N=c2nc3c(c[nH]2)CCc2c-3c(Cc3ccccc3)n(C)n2)cc1
-28.01    -28.39    -25.65      0.03      O=C(NC(C)c1ccc(C(N2C(c3ccc(C)cc3)c3c(cc(OC)c(OC)c3)CC2)=O)cc1)C
-26.45    -26.35     14.65      0.50      C(C)c1c(-n2c(O)cn(CC(=O)O)c2=S)cccc1
Human-Component   raw_Human-Component
0.9666666388511658   0.9666666388511658   
0.6666666865348816   0.6666666865348816   
0.5666666626930237   0.5666666626930237   
0.8333333134651184   0.8333333134651184   
0.8666666746139526   0.8666666746139526   
0.0   0.0   
0.6333333253860474   0.6333333253860474   
0.3333333432674408   0.3333333432674408   
0.03333333507180214   0.03333333507180214   
0.5   0.5   

14:48:41: local_reinforcement_logger.timestep_report +41: INFO     
 Step 46   Fraction valid SMILES: 96.9   Score: 0.4844   Time elapsed: 58   Time left: 4.9
  Agent     Prior     Target     Score     SMILES
-40.64    -39.77    -34.30      0.07      c1c(O)c2c(cc1)-n1cnc(C(=O)OC(C)(C)C)c1CN2C(=O)c1cc(C)c(-n2nccc2)cc1
-31.30    -30.72     43.08      0.90      C(N(C1C(O)CN(C(=O)c2ccc(NS(=O)(c3cccc4cccnc34)=O)cc2)C1)CC)C
-39.02    -38.34    -38.34      0.00      c1(=NCc2cc(F)ccc2)c2c(sc3c2c(C)[nH]c1C)nn(C)c3
-32.80    -33.41      2.12      0.43      c1cc2c(O)n(Cc3cccc(OC)c3)c(=O)c(C=CC(c3cc(OC)c(OC)c(OC)c3)=O)c2cc1
-29.64    -29.32     28.08      0.70      c1cc(C)cc2c3cc(-c4ccc(N5CCCC5)cc4)nnc3[nH]c12
-37.17    -38.08    -29.88      0.10      c1cc(Cl)c(Cc2ccc(OCC)cc2)cc1C(=O)NCCCCN1CCN(Cc2c(OC)cccc2)CC1
-26.28    -26.46     11.81      0.47      c1cc(C(=O)N=c2nc(SCC(OCC)=O)[nH]s2)ccc1C
-32.41    -32.46     -5.12      0.33      C1C2(NCc3cc(C(NC(C(=O)O)CCC(O)=O)=O)no3)CC3CC1CC(C2)C3
-30.04    -29.61      0.45      0.37      C1(O)CCC(c2ccccc2)N(Cc2c(N(C)C)cccc2)C1
-42.37    -41.70    -28.03      0.17      c1(C(OC)=O)[nH]sc(=NC(=O)C(NC(Cc2cc(OC)ccc2OC)=O)CCCCCC(O)=NO)n1
Human-Component   raw_Human-Component
0.06666667014360428   0.06666667014360428   
0.8999999761581421   0.8999999761581421   
0.0   0.0   
0.4333333373069763   0.4333333373069763   
0.699999988079071   0.699999988079071   
0.10000000149011612   0.10000000149011612   
0.46666666865348816   0.46666666865348816   
0.3333333432674408   0.3333333432674408   
0.36666667461395264   0.36666667461395264   
0.1666666716337204   0.1666666716337204   

14:48:42: local_reinforcement_logger.timestep_report +41: INFO     
 Step 47   Fraction valid SMILES: 96.9   Score: 0.4729   Time elapsed: 59   Time left: 3.7
  Agent     Prior     Target     Score     SMILES
-28.63    -29.64    -10.51      0.23      C(C)(C)CCNC(=O)N1N=C(c2ccccc2)C(C)(c2ccccc2)C1
-29.61    -29.89     38.44      0.83      c1(C)c(-c2ccccc2)nn2c(Oc3c(C)cc(C)cc3C)c(C)ncc12
-29.37    -30.04    -16.38      0.17      c1cc(-c2cccc3cc(S(O)(=O)=O)cc(S(=O)(O)=O)c32)cc(Cl)c1Cl
-23.41    -24.18     -2.31      0.27      c1cc(F)ccc1-c1[nH]c(-c2cnccc2)c2c(=N)[nH]cnc21
-27.87    -28.55     20.65      0.60      c1c(C#CC2CNC(=S)NC2)ccc(Cl)c1
-44.36    -43.24    -43.24      0.00      N(=c1s[nH]c(C)c1)c1c2c(sc1)sc1c([nH]nc1)c2C(N)=O
-34.58    -34.69      9.04      0.53      c12ncccc1c(=Nc1ccc3[nH]ncc3c1)nc(-c1cc(C(NCCCN3CCCCC3)=O)ccc1)[nH]2
-31.53    -31.19      9.81      0.50      C(Nc1ccc(O)cc1)(=O)c1nc(S(=O)(Cc2ncccc2)=O)ncc1Cl
-31.57    -31.16     15.31      0.57      c1cc(C#C)cc(-c2oc(=NC(=O)COc3ccc4ccccc4c3)[nH]n2)c1
-31.50    -30.86    -28.13      0.03      c1(OC)cc(NC(=S)Nc2ccc(CC(=O)O)cc2)c([N+]([O-])=O)cc1OC
Human-Component   raw_Human-Component
0.23333333432674408   0.23333333432674408   
0.8333333134651184   0.8333333134651184   
0.1666666716337204   0.1666666716337204   
0.2666666805744171   0.2666666805744171   
0.6000000238418579   0.6000000238418579   
0.0   0.0   
0.5333333611488342   0.5333333611488342   
0.5   0.5   
0.5666666626930237   0.5666666626930237   
0.03333333507180214   0.03333333507180214   

14:48:44: local_reinforcement_logger.timestep_report +41: INFO     
 Step 48   Fraction valid SMILES: 100.0   Score: 0.5000   Time elapsed: 61   Time left: 2.5
  Agent     Prior     Target     Score     SMILES
-22.73    -22.48     35.71      0.71      c1(Sc2[n+]([O-])c3ccccc3[n+]([O-])c2C)ccccc1
-24.86    -25.71    -20.42      0.06      FC(F)(F)c1ccc(S(=O)(Nc2cc(F)ccc2C(=O)c2ccncc2)=O)cc1
-16.79    -16.67      9.78      0.32      c1c(Oc2ccc(OC3(CCOCC)C(=O)NC(=O)C(N)C3=O)cc2)cccc1
-27.30    -26.63     15.70      0.52      C1CC(=O)Nc2ccc(S(NCC3CCC(C(NCc4c(OC)ccc(OC)c4)=O)CC3)(=O)=O)cc21
-25.88    -26.10     24.16      0.61      c12cccc3cc(N)cc(c13)C(=O)N(CCCNCCOC)C2=O
-49.02    -48.95    -46.31      0.03      c1ccc2c(c1Cl)C1CC3(O)C2(C)CCC1(O)C(=CC(OC)=O)C3
-22.82    -23.31     45.47      0.84      c1(C)cccc2c(=NCCO)cc(C)[nH]c12
-45.17    -44.38    -12.64      0.39      c1(S(NC(C(O)=O)CNC(c2ccc(N=C=N)cc2)=O)(=O)=O)cccc(-c2ccc(C(=O)N)cc2)n1
-32.23    -32.76     28.08      0.74      CC(C#N)(C)Cn1ncc2c(=Nc3ccc(C(F)(F)F)cc3)[nH]c(N3CCNCC3)nc21
-32.35    -31.92     50.08      1.00      c1c2ccccc2oc1C(NCCCCN1CCCN(C(=O)c2cccc(Cl)c2)CC1)=O
Human-Component   raw_Human-Component
0.7096773982048035   0.7096773982048035   
0.06451612710952759   0.06451612710952759   
0.32258063554763794   0.32258063554763794   
0.5161290168762207   0.5161290168762207   
0.6129032373428345   0.6129032373428345   
0.032258063554763794   0.032258063554763794   
0.8387096524238586   0.8387096524238586   
0.3870967626571655   0.3870967626571655   
0.7419354915618896   0.7419354915618896   
1.0   1.0   

14:48:45: local_reinforcement_logger.timestep_report +41: INFO     
 Step 49   Fraction valid SMILES: 100.0   Score: 0.4617   Time elapsed: 62   Time left: 1.2
  Agent     Prior     Target     Score     SMILES
-23.13    -22.71     30.19      0.65      c1cc(Cl)c(Nc2cc(N3CCN(C)CC3)ccc2[N+](=O)[O-])cc1
-20.04    -20.01    -20.01      0.00      OC(c1ccccc1)C#CCN(C)C
-40.50    -39.89     26.24      0.81      C12(C)CCC3(C)C4=CC=C(C(=O)O)C(C(O)=O)=CN4CC3C1(C)CCC2C(=C)C
-37.64    -37.51    -32.21      0.06      n1c(-c2c(C)cc(S(CCCCCCCCO)(=O)=O)cc2)coc1O
-30.52    -30.85     48.50      0.97      c1c2[nH]nc(N3CC(COC)OCC3)c2c[nH]c1=NC(=O)NC(c1ccc(Cl)cc1)C
-25.90    -26.40     47.67      0.90      Clc1ccc(-c2ccc(C=NN=c3[nH]c4c([nH]c3=O)cccc4)o2)cc1Cl
-24.06    -23.89     -0.08      0.29      c1cc(C=NO)c(OC(=O)c2cc(OC)c(OC)c(OC)c2)cc1
-37.48    -37.40     -3.01      0.42      OC(C(=O)CC(C)(C)C)c1c(OCc2cc(Cl)ccc2)cc(O)c(C(=O)CCC)c1
-29.75    -30.75     32.73      0.77      c1(C(Nc2ccc(F)cc2)=O)cccc(Nc2ccc3c(c2)C=CS3(=O)=O)c1
-23.26    -24.40     52.30      0.94      c1ccccc1-c1n(CCCSC(N)=N)c2ccccc2c(=O)n1
Human-Component   raw_Human-Component
0.6451612710952759   0.6451612710952759   
0.4838709533214569   0.4838709533214569   
0.8064516186714172   0.8064516186714172   
0.06451612710952759   0.06451612710952759   
0.9677419066429138   0.9677419066429138   
0.9032257795333862   0.9032257795333862   
0.29032257199287415   0.29032257199287415   
0.4193548262119293   0.4193548262119293   
0.774193525314331   0.774193525314331   
0.9354838728904724   0.9354838728904724   

