22:15:02: local_reinforcement_logger.log_message +32: INFO     starting an RL run
22:15:09: local_reinforcement_logger.timestep_report +41: INFO     
 Step 0   Fraction valid SMILES: 100.0   Score: 0.4616   Time elapsed: 6   Time left: 6.0
  Agent     Prior     Target     Score     SMILES
-17.60    -17.60     -2.70      0.47      c1c(-c2noc(CCC3(c4ccccc4)CCCCC3)n2)cccc1
-30.14    -30.14    -15.19      0.47      c1[nH]c(C2CCN(Cc3ccccc3F)CC2)nc1C(c1ccccc1)O
-28.39    -28.39    -13.99      0.45      C1C(Nc2ccc3c([nH]c(=O)cc3C)c2)CCN(C(=O)OCc2cc(Cl)cc(Cl)c2)C1
-28.39    -28.39    -13.51      0.46      c1c(C(F)(F)F)ccc(C2CC(=O)C3C(c4c([N+](=O)[O-])cccc4)NC(=O)NC3=C2)c1
-36.14    -36.14    -21.16      0.47      c12c(nc(C)n1-c1cc(C)c(S(NCCCO)(=O)=O)cc1)cc(F)cc2
-27.46    -27.46    -12.39      0.47      c1c(OC(C)=O)cc(F)c(OC2CCNCC2)c1
-23.21    -23.21     -8.35      0.46      n1(C)c(=O)c2c(ccc(NC(=O)c3ccc(F)cc3)c2)n1C
-41.53    -41.53    -27.14      0.45      CC(C(=O)OCC)(Oc1ccc([N+](=O)[O-])cc1)C(=O)Nc1ccc(Cn2c(CC(=O)O)c(SC(C)(C)C)nc2CCC)cc1
-18.10    -18.10     -3.37      0.46      c1c(C(=O)C[n+]2ccn(C=C)c2)cccc1
-23.24    -23.24     -8.58      0.46      C(c1ccccc1)c1c(C)[nH]c(SCc2ccc(OC)cc2)nc1=O
Human-Component   raw_Human-Component
0.46561679244041443   0.46561679244041443   
0.46738556027412415   0.46738556027412415   
0.45001792907714844   0.45001792907714844   
0.4647890329360962   0.4647890329360962   
0.46802130341529846   0.46802130341529846   
0.4707893133163452   0.4707893133163452   
0.4644068479537964   0.4644068479537964   
0.44964665174484253   0.44964665174484253   
0.460214227437973   0.460214227437973   
0.4579881429672241   0.4579881429672241   

