14:49:50: local_reinforcement_logger.log_message +32: INFO     starting an RL run
14:49:51: local_reinforcement_logger.timestep_report +41: INFO     
 Step 0   Fraction valid SMILES: 96.9   Score: 0.4844   Time elapsed: 0   Time left: 0.0
  Agent     Prior     Target     Score     SMILES
-19.48    -19.48     -0.28      0.60      c1(OC)cc(Cc2c(=O)[nH]c(C)c3cc(OC)c(OC)cc23)cc(OC)c1OC
-20.49    -20.49     -0.23      0.63      c1(NC(=O)N2CC(F)CC2C(=O)NCc2cccc(Cl)c2F)cn(C(N)=O)c2ccccc12
-19.94    -19.94      6.73      0.83      c1(=NC(=O)c2c(F)cccc2)nn[nH][nH]1
-27.05    -27.05    -25.99      0.03      CCOC(=O)c1ccc(OCC(NS(=O)(=O)c2c(C)cc(C)cc2C)=O)cc1
-22.34    -22.34    -18.08      0.13      N1(S(=O)(=O)c2c(C)n[nH]c2C)CCN(C(c2ccco2)=O)CC1
-44.96    -44.96    -23.63      0.67      O=C(N(C)C)C(C1OC(CC(c2c(O)cc(O)cc2)=O)C(Cl)C1)C
-37.18    -37.18    -14.78      0.70      C1CC2(CCN1c1ccnc3ccoc13)c1cc(=O)n(C)cc1CCO2
-51.98    -51.98    -51.98      0.00      S1C(N(c2cccc(C)c2)CCC#N)=NC(c2ccccc2)C12SC(=C(C(OC)=O)C#N)=NN2C(C)=O
-24.06    -24.06    -11.26      0.40      O1C(CN2CCCC2)CN(C(NC(C)C)=O)CC1
-31.75    -31.75    -20.01      0.37      C(COc1ccncc1)NC(C1C(=O)N(CC)c2ccccc2S1)=O
Human-Component   raw_Human-Component
0.6000000238418579   0.6000000238418579   
0.6333333253860474   0.6333333253860474   
0.8333333134651184   0.8333333134651184   
0.03333333507180214   0.03333333507180214   
0.13333334028720856   0.13333334028720856   
0.6666666865348816   0.6666666865348816   
0.699999988079071   0.699999988079071   
0.0   0.0   
0.4000000059604645   0.4000000059604645   
0.36666667461395264   0.36666667461395264   

14:49:52: local_reinforcement_logger.timestep_report +41: INFO     
 Step 1   Fraction valid SMILES: 100.0   Score: 0.5000   Time elapsed: 1   Time left: 24.5
  Agent     Prior     Target     Score     SMILES
-20.93    -20.93     -8.55      0.39      c1cc(CCN=c2[nH]cnc3sc(C)c(C)c32)ccc1OC
-29.62    -29.61    -13.09      0.52      c1(Cc2cc(=O)[nH]c(=O)[nH]2)n2cc(C#C)ccc2nc1-c1ccccc1
-24.01    -24.03     -9.57      0.45      c1(NC(=O)CCCC)c(=O)n(Cc2cc(Cl)c(Cl)cc2)ccc1
-32.01    -32.02     -8.28      0.74      C1C2CCC(CC1NS(=O)(CC)=O)c1[nH]c3c(cc(OC)cc3)c12
-38.94    -38.94    -10.04      0.90      c1(-c2cccc(O)c2)cc2c([nH]c(=O)n2C2CCC(N3CCCCC3)CC2)c(CCCO)c1
-19.92    -19.95    -12.72      0.23      CN(C)c1cccc2c(S(N=c3c(C)c(C)[nH]o3)(=O)=O)cccc12
-35.01    -35.00     -4.03      0.97      C(N1CCC(N=c2ccc(-n3cc(C)cn3)n[nH]2)CC1)c1ccccc1S(C)(=O)=O
-29.52    -29.66    -29.66      0.00      s1c2c(n(CC)c1=NC(c1c(NS(=O)(c3sccc3)=O)cncc1)=O)cccc2
-46.89    -47.05    -31.56      0.48      c1c(OC)c(OC(C(F)(F)F)c2cc3cnn(-c4ccc(F)cc4)c3cn2)cc(F)c1S(=O)(=O)N1CCC1
-32.41    -32.40    -29.30      0.10      c1cc(C(=O)COC(c2ccc(C)c(NCCC)c2)=O)oc1
Human-Component   raw_Human-Component
0.3870967626571655   0.3870967626571655   
0.5161290168762207   0.5161290168762207   
0.4516128897666931   0.4516128897666931   
0.7419354915618896   0.7419354915618896   
0.9032257795333862   0.9032257795333862   
0.22580644488334656   0.22580644488334656   
0.9677419066429138   0.9677419066429138   
0.0   0.0   
0.4838709533214569   0.4838709533214569   
0.09677419066429138   0.09677419066429138   

14:49:52: local_reinforcement_logger.timestep_report +41: INFO     
 Step 2   Fraction valid SMILES: 100.0   Score: 0.5000   Time elapsed: 2   Time left: 32.0
  Agent     Prior     Target     Score     SMILES
-26.32    -26.35     -0.54      0.81      c1cc(Br)ccc1-c1nnn(Cc2c(OC)ccc(Cl)c2)n1
-31.26    -31.28    -12.70      0.58      c1(OCc2nc(-c3ccc(Cl)cc3)oc2)ccc2nc3c(cc2c1)CCC3CC(=O)O
-38.51    -38.52    -34.39      0.13      C(=Cc1cc(OC)c(OCC(O)=O)cc1)c1c2c(ncc1)N(CCCC)C(=O)CN2C
-22.77    -22.77    -20.70      0.06      C(C(NC1CCS(=O)(=O)C1)=O)Oc1c(OC)cc(C=CC)cc1
-21.11    -21.08     -0.44      0.65      c1(S(=O)(=O)CCC(N2CCC(C)CC2)=O)cc2c(cc1Cl)NC(=O)CO2
-22.27    -22.36     -7.91      0.45      C1(NS(=O)(c2cc(OC)ccc2OC)=O)C2CC(C1)CC2
-29.19    -29.20    -26.10      0.10      Cc1cc(NC(=O)C)ccc1-c1n2c(nn1)n(Cc1ccccc1)cc2
-21.71    -21.66    -14.43      0.23      c1(CC(C(OC)=O)=NC(c2ccccc2)=O)ccc(Br)cc1
-24.16    -24.27    -11.88      0.39      c1(CC)ccc(N(C)c2ccccc2)nn1
-25.93    -26.05    -14.69      0.35      C1N(CC(N2N=C(C)CC2c2ccc(F)cc2)=O)C(=O)CS1
Human-Component   raw_Human-Component
0.8064516186714172   0.8064516186714172   
0.5806451439857483   0.5806451439857483   
0.12903225421905518   0.12903225421905518   
0.06451612710952759   0.06451612710952759   
0.6451612710952759   0.6451612710952759   
0.4516128897666931   0.4516128897666931   
0.09677419066429138   0.09677419066429138   
0.22580644488334656   0.22580644488334656   
0.3870967626571655   0.3870967626571655   
0.35483869910240173   0.35483869910240173   

14:49:53: local_reinforcement_logger.timestep_report +41: INFO     
 Step 3   Fraction valid SMILES: 100.0   Score: 0.5000   Time elapsed: 3   Time left: 35.2
  Agent     Prior     Target     Score     SMILES
-42.10    -41.96    -34.74      0.23      C(c1cncnc1)(C(CN(C(C)C)C(=O)c1ccc(C(F)(F)F)cc1)(O)c1ccccc1)(O)Cn1ncnc1
-21.34    -21.19     -8.81      0.39      c1cccc(COc2ccc(-c3[nH]c4c(cccc4)c(=O)c3)cc2)c1
-23.60    -23.63     -9.18      0.45      CC(OC(=O)CC12CCCN(CC1)C2)C
-24.51    -24.49      4.41      0.90      c1([N+]([O-])=O)c[nH]c(=NCCN2CCOCC2)[nH]c1=Nc1c(OC)ccc(Cl)c1
-30.57    -30.63    -26.50      0.13      c1c(-c2nc3cnc(OC)nc3n(Cc3ccc(OC(F)F)cc3)c2=O)cn(C)c1
-25.18    -25.10    -23.04      0.06      Fc1ccc(N(C(CSc2nnc(C3CC3)n2-c2ccccc2)=O)C)cc1
-29.29    -29.20     -8.56      0.65      C(CCCC(C)C)(C1C2(C)CCC3C4(CO)CCCC=C4CCC3C2CC1)C
-31.26    -31.29     -5.49      0.81      c1[nH]c(=N)cnc1-c1c(F)cc(-c2c(Cl)cc(OCC3CNCCC3)cc2)cc1
-27.51    -27.42     -8.84      0.58      c1c(-c2ccc3c(c(Br)c(O)cc3)c2)cccc1N
-38.63    -38.58    -13.81      0.77      C(=O)(C(OC(=O)CCC=C)C)c1nc(-c2c(Cl)cccc2)sc1
Human-Component   raw_Human-Component
0.22580644488334656   0.22580644488334656   
0.3870967626571655   0.3870967626571655   
0.4516128897666931   0.4516128897666931   
0.9032257795333862   0.9032257795333862   
0.12903225421905518   0.12903225421905518   
0.06451612710952759   0.06451612710952759   
0.6451612710952759   0.6451612710952759   
0.8064516186714172   0.8064516186714172   
0.5806451439857483   0.5806451439857483   
0.774193525314331   0.774193525314331   

14:49:54: local_reinforcement_logger.timestep_report +41: INFO     
 Step 4   Fraction valid SMILES: 100.0   Score: 0.5000   Time elapsed: 3   Time left: 27.6
  Agent     Prior     Target     Score     SMILES
-27.65    -27.66     -1.86      0.81      C12C(CCC3(C)C(c4cc(O)oc4)CCC13O)C1(C)CC(=C)C(=O)CC1CC2
-31.49    -31.54    -26.38      0.16      Fc1ccc(NC(NC(CC(C)C)C(NC(NC)=O)=O)=S)cc1
-28.14    -28.01    -28.01      0.00      c1c2c(CC(=O)Nc3ccc(C(=O)Nc4cnccc4)cc3)cc(=O)oc2ccc1
-24.49    -24.45      4.45      0.90      c1(C(=O)N2CCN(c3ccc(OC)cc3)CC2)c(NC(=O)c2ccccc2F)c2c(cccc2)o1
-27.50    -27.36    -14.97      0.39      Oc1ccc(C(=O)NCc2cc(OC)c(OC)cc2)cc1-c1ccc(C)cc1
-24.88    -24.77    -16.51      0.26      OC(=O)C(NC(c1cnc(-c2ccccc2)cc1)=O)CC(C)C
-26.92    -26.98      5.02      1.00      c1cccc2c1n(C)c1c2CCN(CCCCc2ccccc2)C1c1ccc(O)cc1
-31.08    -30.97     -6.20      0.77      c1c(C(=O)OCCN2CCCC(C(CC)=O)C2)cc(OC)c(OC)c1OC
-39.17    -38.93    -12.10      0.84      O=C1c2c(C(=O)N3CCN(c4c(C)c(C)ccc4)CC3)ccc(Cl)c2CN1c1ccc(S(=O)(N)=O)cc1
-27.18    -26.91     -7.30      0.61      C1CN(c2ccc(C(=NNC(N)=S)C)cc2)CCN1c1ccc(C(C)=O)cc1
Human-Component   raw_Human-Component
0.8064516186714172   0.8064516186714172   
0.16129031777381897   0.16129031777381897   
0.0   0.0   
0.9032257795333862   0.9032257795333862   
0.3870967626571655   0.3870967626571655   
0.25806450843811035   0.25806450843811035   
1.0   1.0   
0.774193525314331   0.774193525314331   
0.8387096524238586   0.8387096524238586   
0.6129032373428345   0.6129032373428345   

14:49:54: local_reinforcement_logger.timestep_report +41: INFO     
 Step 5   Fraction valid SMILES: 100.0   Score: 0.5000   Time elapsed: 4   Time left: 30.0
  Agent     Prior     Target     Score     SMILES
-34.13    -34.07    -32.00      0.06      n1n(-c2cccc(C(F)(F)F)c2)cc2c1[nH]c(C)c(CC(OCC)=O)c2=O
-19.31    -19.39    -13.20      0.19      N1(C2c3cc([N+]([O-])=O)ccc3OC(C)(C)C2O)CCOCC1
-28.40    -28.25    -23.08      0.16      Nc1c(N(C)C(=O)CCS(=O)(=O)c2ccc3c(c2)CCN3C(C)=O)cc(Cl)cc1
-31.31    -31.22    -30.19      0.03      c1(CC=NCCOCCCC)ccc([N+](=O)[O-])cc1
-24.35    -24.40      4.50      0.90      c12c(ccc(OC)c1)N(CCO)c1coc(O)c1C2c1cc(Cl)ccc1
-23.41    -23.39    -13.07      0.32      c12cc(S(=O)(c3ccccc3)=O)ccc1N(C)C(=O)C2=O
-21.40    -21.38      6.49      0.87      N(N=Cc1ccccc1)=c1cc(N2CCCC2)[nH]c(N2CCOCC2)n1
-17.84    -17.96      1.66      0.61      C1CC2C(=O)NC(=O)C12
-22.19    -22.25    -15.02      0.23      Fc1ccc(-c2cnc3n2cc(-c2cc(N)ccc2)cc3NC(=O)C)cc1
-21.55    -21.41    -18.31      0.10      c1c(C(N2CCOCC2)CC(=O)O)cccc1
Human-Component   raw_Human-Component
0.06451612710952759   0.06451612710952759   
0.19354838132858276   0.19354838132858276   
0.16129031777381897   0.16129031777381897   
0.032258063554763794   0.032258063554763794   
0.9032257795333862   0.9032257795333862   
0.32258063554763794   0.32258063554763794   
0.8709677457809448   0.8709677457809448   
0.6129032373428345   0.6129032373428345   
0.22580644488334656   0.22580644488334656   
0.09677419066429138   0.09677419066429138   

14:49:55: local_reinforcement_logger.timestep_report +41: INFO     
 Step 6   Fraction valid SMILES: 100.0   Score: 0.5000   Time elapsed: 5   Time left: 31.4
  Agent     Prior     Target     Score     SMILES
-28.49    -28.84    -27.80      0.03      c1(C(=NNC(N2c3ccccc3Sc3ccccc32)=O)C)[nH]nc(C)n1
-24.92    -25.07    -25.07      0.00      O=S(=O)(N1CCC(C(NCc2cnccc2)=O)CC1)c1ccc2c(c1)CCN2C(CC)=O
-20.46    -20.41     10.56      0.97      c1cc(Br)ccc1C1=C(c2ccccc2)C(=O)N2C(C1)CCC2
-27.67    -27.49    -20.27      0.23      n1ccnn1-c1c(C(=O)N2C(Cc3cc(-c4nccc(C)n4)ccc3OC)COCC2)cc(Cl)cc1
-22.07    -21.91    -15.72      0.19      Cc1c(NC(C2c3c(cccc3)Oc3c2cccc3)=O)cccc1
-48.76    -48.59    -46.53      0.06      C(=N)(SCc1c(C(=O)OC)n(CCn2c(C)ncc2[N+](=O)[O-])c2cc(S(=O)(O)=O)ccc21)C
-27.02    -27.00     -2.22      0.77      c1(Cl)c(O)c(Cl)cc(-c2[nH]c(=NCCN(CC)CC)ccc2)c1
-18.25    -18.18     -6.82      0.35      c1cc(O)c(C(C=Cc2ccc(C)cc2)=O)cc1
-25.11    -25.34      6.66      1.00      O=c1c(C)cn(C2CCCN(Cc3c(Cl)cc(Cl)cc3)C2)c(=O)n1Cc1c(F)cccc1F
-22.02    -21.96     -0.29      0.68      c1cc(C)ccc1-c1onc(C(=O)N2CCN(c3cccc(C)c3C)CC2)c1
Human-Component   raw_Human-Component
0.032258063554763794   0.032258063554763794   
0.0   0.0   
0.9677419066429138   0.9677419066429138   
0.22580644488334656   0.22580644488334656   
0.19354838132858276   0.19354838132858276   
0.06451612710952759   0.06451612710952759   
0.774193525314331   0.774193525314331   
0.35483869910240173   0.35483869910240173   
1.0   1.0   
0.6774193644523621   0.6774193644523621   

14:49:56: local_reinforcement_logger.timestep_report +41: INFO     
 Step 7   Fraction valid SMILES: 100.0   Score: 0.5000   Time elapsed: 5   Time left: 26.9
  Agent     Prior     Target     Score     SMILES
-54.04    -53.62    -53.62      0.00      C1(=O)N(CC(CC(O)=O)c2ccc(OCc3ccc4c(cccc4)n3)cc2)C(O)C(Cc2cc3c(cc2)cccc3)C1(Cc1ccccc1)C(OC)=O
-27.13    -27.27     -9.72      0.55      O=C1CN(S(=O)(=O)c2ccc3c(ccc(=O)[nH]3)c2)C(C)CN1
-31.28    -31.10     -7.36      0.74      c1cc(CNc2cc(C(=O)Nc3ccc(CC)cc3)ncc2)cc(Cl)c1
-27.22    -27.08    -13.66      0.42      c1(C(=O)c2c3c(cc(OC)cc3)[nH]c2C)c(O)c(O)[nH]c1O
-26.00    -26.05     -7.47      0.58      [O-][N+](=O)c1ncn(C(C(O)=O)Cc2ccc(-c3ccccc3)cc2)n1
-25.29    -25.40    -22.30      0.10      N(C(=O)COC(=O)c1cc(S(=O)(N2CCCC2)=O)c(Cl)cc1)c1ccc(NC(=O)C)cc1
-26.25    -26.27    -22.14      0.13      c1c(NC(Cc2ccc(OC)c(OC)c2)=O)ccc(Cc2ncc[nH]2)c1
-27.93    -27.85      1.06      0.90      C(NC(=O)c1c(C)[nH]c2ccc(OCC)cc21)CCN(C)C
-23.03    -23.11     -8.66      0.45      c1(S(N2CCC(C(NCCc3ccc(Cl)cc3)=O)CC2)(=O)=O)cc2c(cc1)N(C(CC)=O)CC2
-82.21    -82.35    -80.28      0.06      C(CO)OCCOC1C2C3C(C4(C)C(CC3OC(=O)C)C3(C)C5(C(O5)C3)CCCO4)C(C(=O)C)CC2(C)C2C(OCC)OC12
Human-Component   raw_Human-Component
0.0   0.0   
0.5483871102333069   0.5483871102333069   
0.7419354915618896   0.7419354915618896   
0.4193548262119293   0.4193548262119293   
0.5806451439857483   0.5806451439857483   
0.09677419066429138   0.09677419066429138   
0.12903225421905518   0.12903225421905518   
0.9032257795333862   0.9032257795333862   
0.4516128897666931   0.4516128897666931   
0.06451612710952759   0.06451612710952759   

14:49:57: local_reinforcement_logger.timestep_report +41: INFO     
 Step 8   Fraction valid SMILES: 100.0   Score: 0.5000   Time elapsed: 6   Time left: 28.0
  Agent     Prior     Target     Score     SMILES
-24.45    -24.40      0.37      0.77      C1(=O)SC(=Cc2cc(=O)c(O)co2)C(=O)N1
-35.88    -35.76    -17.17      0.58      Oc1cc(CC(NC2CC(C(=O)OC)C3(C)CCC4C(C)(C)C(=O)C=CC4(C)C3C2)=O)ccc1O
-39.14    -39.49    -10.58      0.90      OCC(COc1cc2c(n(C)c(CNc3c(Cl)cc(O)cc3)c2)cc1)O
-30.17    -30.52      0.45      0.97      c1(-c2c(S(NC(C)(C)C)(=O)=O)cccc2)cc(F)c(-c2nc3c(ccc(=NCCCN4CCN(C)CC4)[nH]3)[nH]2)cc1
-21.12    -20.82     -4.30      0.52      C(CSc1ccccc1)(=O)Nc1ccc(N2CCCCC2)cc1
-34.39    -34.24    -27.02      0.23      O=C(COC(c1ccc(NS(=O)(=O)c2ccccc2OC)cc1)=O)Nc1cc(Cl)ccc1N1CCOCC1
-28.11    -27.99     -6.31      0.68      O=C(C1CCC(C)CC1)N1C(C)(C(NCCCCCC)=O)CC1
-29.65    -29.92    -15.47      0.45      c1(CN2CCc3nc4c(ccc(NC(C)=O)c4)c(=O)n3CC2)ccc(F)cc1F
-27.17    -27.00    -15.65      0.35      c1(CNC(c2[nH]c(C)c(C(N(C(C)C)C(C)C)=O)c2C)=O)ccc(Cl)cc1
-25.76    -25.55    -22.46      0.10      c1(OC)c(OC)cc(-c2cc(C(Nc3ccc(N4CCCC4)cc3)=O)c3ccccc3n2)cc1
Human-Component   raw_Human-Component
0.774193525314331   0.774193525314331   
0.5806451439857483   0.5806451439857483   
0.9032257795333862   0.9032257795333862   
0.9677419066429138   0.9677419066429138   
0.5161290168762207   0.5161290168762207   
0.22580644488334656   0.22580644488334656   
0.6774193644523621   0.6774193644523621   
0.4516128897666931   0.4516128897666931   
0.35483869910240173   0.35483869910240173   
0.09677419066429138   0.09677419066429138   

14:49:58: local_reinforcement_logger.timestep_report +41: INFO     
 Step 9   Fraction valid SMILES: 100.0   Score: 0.5000   Time elapsed: 7   Time left: 28.7
  Agent     Prior     Target     Score     SMILES
-37.20    -36.92     -6.99      0.94      N1(C(c2ccc(-c3n4[nH]c(=NCC5CC5)ccc4nc3)cc2)=O)CC(NC(N2CCN(C)CC2)=O)C(C)C1
-27.79    -27.33      4.67      1.00      C(CC(c1ccc(Cl)cc1)=O)N1CC(c2ccccc2)OCC1
-33.18    -33.10    -13.49      0.61      C1(C2CCCCC2)(c2cccc(-c3ccccc3F)c2)C2CCC(O2)C1
-25.40    -25.46    -14.11      0.35      c1(S(N2CCCC(C(N3CCN(c4ccc(C(C)=O)cc4)CC3)=O)C2)(=O)=O)cc2c(cc1)N(C(=O)C)C(C)C2
-48.47    -48.19    -30.64      0.55      C1C(O)CN(C(c2c(Cl)cc(N=c3nc4c(c[nH]3)CCN(C(=O)NC(CO)c3cc(Cl)c(Cl)cc3)C4(C)C)c(C)n2)=O)C1
-27.35    -27.11    -24.02      0.10      S(c1ccc(C)cc1)(=O)(=O)Nc1ccc(NC(=O)c2c([N+](=O)[O-])cccc2)cc1
-22.99    -23.17      0.58      0.74      n1(Cc2cccc(Oc3cc(C)c(Cl)c(C)c3)c2)c(C)c(CC(=O)O)c(C)n1
-20.77    -20.83     -0.18      0.65      c12c3c(ccc1O)ccc(=O)n3CCC2
-21.17    -21.12    -12.86      0.26      c1c(OC)c(OC)ccc1CCNC(C=C)=O
-33.55    -33.15    -33.15      0.00      N1(C(=O)Nc2ccc(F)cc2)CCC(c2ccc(C(COc3ccc(CCC(=O)O)cc3)=O)cc2)CC1
Human-Component   raw_Human-Component
0.9354838728904724   0.9354838728904724   
1.0   1.0   
0.6129032373428345   0.6129032373428345   
0.35483869910240173   0.35483869910240173   
0.5483871102333069   0.5483871102333069   
0.09677419066429138   0.09677419066429138   
0.7419354915618896   0.7419354915618896   
0.6451612710952759   0.6451612710952759   
0.25806450843811035   0.25806450843811035   
0.0   0.0   

14:49:58: local_reinforcement_logger.log_message +32: INFO     Resetting Agent
14:49:58: local_reinforcement_logger.log_message +32: INFO     Adjusting sigma to: 82
14:49:58: local_reinforcement_logger.timestep_report +41: INFO     
 Step 10   Fraction valid SMILES: 100.0   Score: 0.5000   Time elapsed: 8   Time left: 29.1
  Agent     Prior     Target     Score     SMILES
-24.28    -24.26      7.74      1.00      C(N1CCC(c2ccccc2)CC1)CCN(S(c1ccccc1)(=O)=O)C
-24.51    -24.84    -15.55      0.29      c1c(F)ccc(NC(c2onc(-c3ccc(Br)cc3)c2)=O)c1F
-40.66    -41.07    -35.90      0.16      N(c1ccc2c3c(cccc31)C(=O)N2CC)C(CN1CCc2nc(-c3ccc(C)nc3)sc2C1=O)=O
-21.42    -21.32      3.45      0.77      O=C(O)CCCC(N=c1[nH]cc(Br)cc1)=O
-23.03    -22.87     -8.42      0.45      c1c(Oc2c3ncccc3ccc2)c(C(=O)N)ccc1
-29.10    -29.30     -9.69      0.61      O=C(N1N=C(c2cc(N=c3c4ccc(Cl)cc4[nH]cc3)ccc2)CC1c1ccc(Cl)cc1)c1cccs1
-21.60    -21.72      7.18      0.90      CCCCN=c1ccn(Cc2cc(F)ccc2)cc1
-25.88    -25.91    -23.85      0.06      Fc1cccc(F)c1NC(CSc1c2nnn(-c3ccc(OCC)cc3)c2ncn1)=O
-47.28    -47.55    -34.13      0.42      n1nn(C)c2c1c(C(C(C)C)NC(CC)=O)ccc2C(c1cc(F)c(F)cc1)=O
-30.60    -30.63    -15.14      0.48      c1(-c2cc(Cl)c(C(n3ccnc3)CC)cc2)nc(C)no1
Human-Component   raw_Human-Component
1.0   1.0   
0.29032257199287415   0.29032257199287415   
0.16129031777381897   0.16129031777381897   
0.774193525314331   0.774193525314331   
0.4516128897666931   0.4516128897666931   
0.6129032373428345   0.6129032373428345   
0.9032257795333862   0.9032257795333862   
0.06451612710952759   0.06451612710952759   
0.4193548262119293   0.4193548262119293   
0.4838709533214569   0.4838709533214569   

14:50:00: local_reinforcement_logger.timestep_report +41: INFO     
 Step 11   Fraction valid SMILES: 100.0   Score: 0.5000   Time elapsed: 9   Time left: 29.2
  Agent     Prior     Target     Score     SMILES
-33.07    -33.07      9.25      0.52      O=C(CCCCNC(=O)CC)c1cccc(-c2ccsc2)c1
-29.76    -29.76     52.24      1.00      n1(CCCn2nnc(CN3CCN(c4c(OC)cccc4)CC3)c2)nnc(CN2C(=O)C(=O)c3cc(Br)ccc32)c1
-30.86    -30.86     48.50      0.97      c1(N(C)C)ccc(N=c2[nH]c(=NCCC(O)=O)c3c([nH]2)cc(Cl)cc3)cc1
-50.45    -50.45    -10.78      0.48      C(N1C(CC)CN(c2c(OCC(F)(F)F)cc(C(=O)NCc3c(=O)[nH]c(C)c(CC)c3C)cc2C)C(C)C1)c1ccccc1
-23.82    -23.82     39.66      0.77      c1(-c2cc3cnccc3[nH]c2=O)cccc(OC)c1
-36.02    -36.02     40.69      0.94      C1(C)NC(=O)C(N(CCCCCCCCCCCC)CC2CCCC2)CC1
-28.92    -28.92     37.21      0.81      N1CCOC(c2ccc(CN(C)C3CCOCC3)cc2)C1
-23.56    -23.56     50.50      0.90      C1c2c(-c3ccc(F)cc3)nn(-c3ccc(S(N)(=O)=O)cc3)c2-c2c(cccc2)C1
-29.42    -29.42      7.61      0.45      c12cccc(CN3c4c(C(O)=O)cccc4Sc4ccccc43)c1cccc2
-23.24    -23.24    -12.66      0.13      c1cc(C=C2C(=O)C(=Cc3cc(OC)cc(OC)c3)CCCC2)cnc1
Human-Component   raw_Human-Component
0.5161290168762207   0.5161290168762207   
1.0   1.0   
0.9677419066429138   0.9677419066429138   
0.4838709533214569   0.4838709533214569   
0.774193525314331   0.774193525314331   
0.9354838728904724   0.9354838728904724   
0.8064516186714172   0.8064516186714172   
0.9032257795333862   0.9032257795333862   
0.4516128897666931   0.4516128897666931   
0.12903225421905518   0.12903225421905518   

14:50:00: local_reinforcement_logger.timestep_report +41: INFO     
 Step 12   Fraction valid SMILES: 100.0   Score: 0.5000   Time elapsed: 10   Time left: 29.2
  Agent     Prior     Target     Score     SMILES
-29.16    -29.29     13.04      0.52      c1(C)c2c(n(Cc3ccc(-c4ccc(C(O)=O)cc4)cc3)nc2CC)nc(C)c1CC
-28.62    -28.52     -4.71      0.29      c1cc(F)ccc1C(=O)ON=C1c2c(cco2)CC(C)(C)C1
-30.99    -30.93     -9.77      0.26      c1cc(Oc2ccnc3c2sc(C(=O)NC2CCC(C)(N)CC2)c3)ccc1
-23.89    -23.89     36.95      0.74      O=C1C(Oc2ccc(C#N)c(C(F)(F)F)c2)C(=O)Nc2ccccc21
-32.21    -32.23     36.55      0.84      c12c(cc(OCc3cn(Cc4c(N5CCOCC5)cccc4)nn3)cc1)C1CCC3(C)C(=O)CCC3C1CC2
-18.79    -18.79     39.40      0.71      c1c(C(O)=O)cc2c(c1)S(=O)(=O)c1c(cccc1)O2
-29.13    -29.15     23.75      0.65      CN(Cc1c(O)ccc(-c2cc(F)cc(F)c2)c1)CC1NCCC1
-28.14    -28.11     27.43      0.68      C(CNC(C(C)C)=O)NC1CCCc2c1cccc2OC
-40.37    -40.41    -32.47      0.10      Oc1ccc(O)c2c1c1c(C(O)O)cccc1cc2S(Nc1ccc(C(=O)O)cc1)(=O)=O
-31.96    -32.02     34.11      0.81      C(N=NC(=O)CCc1ccc(O)c(OC)c1)(=O)C1C2CCC(C23CC3)C1C(O)=O
Human-Component   raw_Human-Component
0.5161290168762207   0.5161290168762207   
0.29032257199287415   0.29032257199287415   
0.25806450843811035   0.25806450843811035   
0.7419354915618896   0.7419354915618896   
0.8387096524238586   0.8387096524238586   
0.7096773982048035   0.7096773982048035   
0.6451612710952759   0.6451612710952759   
0.6774193644523621   0.6774193644523621   
0.09677419066429138   0.09677419066429138   
0.8064516186714172   0.8064516186714172   

14:50:01: local_reinforcement_logger.timestep_report +41: INFO     
 Step 13   Fraction valid SMILES: 96.9   Score: 0.4844   Time elapsed: 11   Time left: 29.1
  Agent     Prior     Target     Score     SMILES
-39.96    -40.04     -7.24      0.40      O=C(c1cc2c(Nc3ccc(-c4ccccc4)cc3)c[nH]c2cc1)Nc1c(C)c(Br)c(C)cc1
-25.53    -25.50    -11.83      0.17      CC1(C)C2CCC3(C)C4(C)C(=C5C(C)C(C)CCC5(C)CC4)CC(=O)C3C2(C)CC1
-39.03    -39.20     10.00      0.60      c12[nH]c(C(NN)=O)c(N=c3cc(Cl)[nH]c(SC(c4ccc(Cl)cc4)C)n3)c1cc(F)cc2
-23.87    -23.94     -4.81      0.23      c1(C)c(O)cc2c(cn(Cc3ccccc3)c2O)c1
-32.51    -32.46    -32.46      0.00      c12c(nc(N3CCOCC3)n1)CCN(c1cccc(C(=O)Nc3ccccc3)n1)C2
-38.36    -38.44     16.22      0.67      n1(C)c2c(cc3c(nc(-c4ccc(C)o4)n3CCC)n2)cc(OC)c1=O
-24.34    -24.33    -18.86      0.07      c1(CNC(=O)c2nc(C)sc2)ccc(S(C)(=O)=O)cc1
-30.40    -30.49     51.51      1.00      O(C(=O)Nc1ccc(N2CCN(CCCCC)CC2)cc1)c1cccc2ccccc12
-34.22    -34.28     23.12      0.70      c12ccccc1NC(=O)N(c1cc(OC)c(OC)c(OC)c1)C2c1cnc2c(ccc(Br)c2)c1
-42.28    -42.24    -25.84      0.20      c1c(CC(N2C=C(C(=O)OCCOc3ccccc3)Cc3c(cccc3)C2c2c(OC)cccc2)=O)ccc(OC)c1
Human-Component   raw_Human-Component
0.4000000059604645   0.4000000059604645   
0.1666666716337204   0.1666666716337204   
0.6000000238418579   0.6000000238418579   
0.23333333432674408   0.23333333432674408   
0.0   0.0   
0.6666666865348816   0.6666666865348816   
0.06666667014360428   0.06666667014360428   
1.0   1.0   
0.699999988079071   0.699999988079071   
0.20000000298023224   0.20000000298023224   

14:50:02: local_reinforcement_logger.timestep_report +41: INFO     
 Step 14   Fraction valid SMILES: 100.0   Score: 0.5000   Time elapsed: 12   Time left: 28.8
  Agent     Prior     Target     Score     SMILES
-20.43    -20.35     16.68      0.45      C1C(C(N2CCC(N=c3ccc(C)n[nH]3)CC2)=O)C1
-33.34    -33.44     30.04      0.77      C(CCCCCCCCCCCCCNC(NC(=O)NCCc1c2c([nH]c1)cccc2)=S)CCCC
-61.17    -61.47    -61.47      0.00      C(F)(F)(c1cc(C(F)(F)F)cc(COc2cc3c(ccc(=O)o3)cc2-c2cc(CO)c(O)c(-c3cc(C(C4CCCCC4)O)c4c(cccc4)n3)c2)c1)F
-24.65    -24.69     52.02      0.94      c12c3c(ccc1)NC(=S)NC(CO)Cc3ccc2
-18.94    -18.85     -5.62      0.16      CC(=O)Nc1ccc(C=Cc2cc(O)cc(O)c2)cc1
-21.58    -21.59     23.38      0.55      c1(Cl)ccc(Cc2oc(SCC(N)=O)nn2)cc1
-21.90    -21.89     33.66      0.68      c12ccccc1ncn2-c1ccc(NC(Nc2ccc(Cl)cc2)=O)cc1
-38.32    -38.27    -32.98      0.06      C1(C)=CC(C)(C)Nc2c3c(cc(N)c21)cc1c(c3C)COC(C)(C)O1
-41.56    -41.58     16.61      0.71      C(CN(C)C1CC2CC3C(=O)CCC(C13)C2)c1c[nH]c2c1cccc2
-26.50    -26.40     55.60      1.00      C(CN1CCN(C)CC1)COc1ccc(-c2c[nH]c(C(c3ccccc3)O)n2)cc1
Human-Component   raw_Human-Component
0.4516128897666931   0.4516128897666931   
0.774193525314331   0.774193525314331   
0.0   0.0   
0.9354838728904724   0.9354838728904724   
0.16129031777381897   0.16129031777381897   
0.5483871102333069   0.5483871102333069   
0.6774193644523621   0.6774193644523621   
0.06451612710952759   0.06451612710952759   
0.7096773982048035   0.7096773982048035   
1.0   1.0   

14:50:03: local_reinforcement_logger.timestep_report +41: INFO     
 Step 15   Fraction valid SMILES: 96.9   Score: 0.4844   Time elapsed: 13   Time left: 28.4
  Agent     Prior     Target     Score     SMILES
-42.55    -42.60    -26.20      0.20      O(C(c1cc[n+]([O-])cc1)c1ccccc1)C(Nc1c(NC(=O)NCCc2ccccc2)cccc1)=O
-23.51    -23.52    -12.59      0.13      O=C(C(C)C(O)(c1ccccc1)c1ccccc1)O
-26.49    -26.61    -18.41      0.10      c1(C(F)(F)F)cc(Br)c(=NC(COc2c([N+](=O)[O-])cccc2)=O)[nH]c1
-26.67    -26.68    -21.22      0.07      c1(C(NCc2cnccc2)=O)cc(Cl)ccc1NC(c1cccc([N+](=O)[O-])c1)=O
-21.37    -21.40     30.53      0.63      c1c(Cl)c(Cl)cc(CSc2nsc(=N)[nH]2)c1
-35.23    -35.22     30.38      0.80      CC(C1=CCC2C3CC(=CCOC4C(O)C(O)C(O)CO4)C(C=C)C3CCC12C)C
-20.33    -20.47     50.60      0.87      c1c2c(cc(OCC(O)CNCCCC)c1)CCC2
-44.72    -44.65     18.21      0.77      n1c2n(cc(C#Cc3c4c(c(=NCC)[nH]cn4)ncn3)c(C)c2)cn1
-42.46    -42.42    -42.42      0.00      n1(CCCO)cc(C(N(CC)CC)=O)c(=O)c2n1c(=O)c(Br)c(O)n2C
-35.33    -35.17     -2.37      0.40      Clc1cc(-c2c(C)ccnc2)c(CN(CC)C(OC)=O)cc1C(F)(F)F
Human-Component   raw_Human-Component
0.20000000298023224   0.20000000298023224   
0.13333334028720856   0.13333334028720856   
0.10000000149011612   0.10000000149011612   
0.06666667014360428   0.06666667014360428   
0.6333333253860474   0.6333333253860474   
0.800000011920929   0.800000011920929   
0.8666666746139526   0.8666666746139526   
0.7666666507720947   0.7666666507720947   
0.0   0.0   
0.4000000059604645   0.4000000059604645   

14:50:04: local_reinforcement_logger.timestep_report +41: INFO     
 Step 16   Fraction valid SMILES: 96.9   Score: 0.4844   Time elapsed: 14   Time left: 28.0
  Agent     Prior     Target     Score     SMILES
-36.10    -35.92     37.88      0.90      c1cc(C(C2CN2CCC(C)C)(C(C)(O)C)c2ccccc2)ccc1
-25.19    -25.21     15.79      0.50      C1CC(C(NCC23CC4CC(C2)CC(C4)C3)=O)CN(C2CCCC2)C1=O
-32.39    -32.34    -32.34      0.00      c1c2c[n+]3c(c(CC)c-2cc1-c1ccc(Cl)cc1)cccc3
-24.17    -24.08      5.98      0.37      OCc1cncc(-c2ccc3c(=N)[nH][nH]c3c2)c1
-22.96    -22.73     59.27      1.00      c1cc(Sc2nc(N=c3[nH][nH]c(C)c3)cc(N3CCN(C)CC3)n2)ccc1C
-27.96    -27.98     -3.38      0.30      c1nccc(-c2nc(-c3ccc(C4=NCCN4)cc3)oc2-c2ccccc2)c1
-44.55    -44.78    -44.78      0.00      COc1c(CNCC(O)c2nccs2)cc([N+]([O-])=O)c2cc(-c3ccc(OC)cc3)oc12
-22.39    -22.34     26.86      0.60      c1(C(F)(F)F)cccnc1N1CCN(C(c2nc(C)ccc2)=O)CC1
-43.60    -43.43     19.43      0.77      CC(C)=CC(=O)C(C1C2(C)CCC3C(C(Br)=NO)CCC(CO)C3(C)C2CC1)C
-26.25    -26.26    -20.80      0.07      Cc1cc[nH]c(=NS(c2ccc(NC(c3c(OC)cc4c(cccc4)c3)=O)cc2)(=O)=O)n1
Human-Component   raw_Human-Component
0.8999999761581421   0.8999999761581421   
0.5   0.5   
0.0   0.0   
0.36666667461395264   0.36666667461395264   
1.0   1.0   
0.30000001192092896   0.30000001192092896   
0.0   0.0   
0.6000000238418579   0.6000000238418579   
0.7666666507720947   0.7666666507720947   
0.06666667014360428   0.06666667014360428   

14:50:05: local_reinforcement_logger.timestep_report +41: INFO     
 Step 17   Fraction valid SMILES: 100.0   Score: 0.5000   Time elapsed: 15   Time left: 27.5
  Agent     Prior     Target     Score     SMILES
-23.30    -23.39     13.64      0.45      c1(-c2ccc(N)cc2)nnc(SCc2cccc(OC)c2)o1
-25.00    -24.80     43.97      0.84      C1C(C(=O)NCc2c(Cl)cc(Cl)cc2Cl)(O)CCOC1
-34.13    -34.29     47.71      1.00      C1CC2(c3cc(OC)c([N+]([O-])=O)cc3NC2=O)CCN1CCCSc1ccc(F)cc1
-23.45    -23.43     18.90      0.52      c1(=Cc2ccc(-c3ccc(Cl)c(C(=O)O)c3)o2)sc2n(c3c(cccc3)n2)c1=O
-22.28    -22.40     49.02      0.87      c1(-c2cc(OC(NC3CC4N(C)C(CC4)C3)=O)ccc2)ccccc1
-31.67    -31.58     26.61      0.71      n1c(-c2nc3cc(N4CCC(O)CC4)ccc3[nH]2)ccc(OCC(F)(F)F)c1
-29.40    -29.24     34.25      0.77      n1c(CCC(NC(CCCCCC(=NO)O)C(=O)N=c2[nH]c3ccccc3[nH]2)=O)c[nH]c1
-28.70    -28.96     18.66      0.58      O=C(c1cc2ncn(C3CCNC3)c2cc1)NCc1c(=O)c2c(n(-c3ccccc3)c1)cc(Cl)cc2
-36.89    -36.76     18.79      0.68      c1cc2nccc(Oc3ccc(C(N=c4nc[nH]cc4N)=O)cc3)c2nc1
-30.43    -30.61     48.74      0.97      C1CN(CC(COc2c(Cl)c(Cl)ccc2)O)CCN1CC#C
Human-Component   raw_Human-Component
0.4516128897666931   0.4516128897666931   
0.8387096524238586   0.8387096524238586   
1.0   1.0   
0.5161290168762207   0.5161290168762207   
0.8709677457809448   0.8709677457809448   
0.7096773982048035   0.7096773982048035   
0.774193525314331   0.774193525314331   
0.5806451439857483   0.5806451439857483   
0.6774193644523621   0.6774193644523621   
0.9677419066429138   0.9677419066429138   

14:50:06: local_reinforcement_logger.timestep_report +41: INFO     
 Step 18   Fraction valid SMILES: 93.8   Score: 0.4688   Time elapsed: 16   Time left: 26.9
  Agent     Prior     Target     Score     SMILES
-20.05    -20.18     16.58      0.45      O=C(Nc1c(OCC)cc(NC(C2CC2)=O)c(OCC)c1)C1CCCCC1
-31.57    -31.41      2.52      0.41      c1c(C(CC)NC(c2c3nc(N4CCN(c5ccccc5)CC4)[nH]c3cc(C(F)(F)F)c2)=O)cccc1
-38.66    -38.27     12.63      0.62      c1cc(C23C(OC(=O)c4c[nH]ccc4=O)C2(CC=C(C)C)CC(CC=C(C)C)C3(C)C)ccc1O
-37.02    -37.09      8.15      0.55      C(C=CCc1ccccc1)NCC1OC(Oc2ccc(C=CC(=O)O)cc2)C(O)C(O)C1O
-29.64    -29.23     47.11      0.93      c1ccc(C(=O)C2CCCC(=Cc3cc(Cl)cc(Cl)c3)C2=O)cc1O
-29.92    -30.03    -18.72      0.14      c1(=NC2CC2)c2c([nH]cn1)oc(C)c2C(Nc1cccc(C)c1)=O
-22.79    -22.64    -16.98      0.07      c1cc2c([nH]c(SCC(=O)N3CCCCCC3)n2)nc1
-72.68    -72.17    -72.17      0.00      n1cc(C(C)C)c(C2CC3(C)C4C(=O)CC(C)C(COC(=O)c5c(C)n(Cc6ccc(Cl)cc6)c(Cl)nc53)CCC4C3(C)CCC(O)CC23O)cc1
-32.34    -32.36     29.85      0.76      c1(=NCC2(CN3CCN(CCO)CC3)CC(C)(C)OCC2)cncc[nH]1
-18.90    -18.84     46.19      0.79      C1C(O)C(O)CC1n1c(=O)[nH]c(=O)cc1
Human-Component   raw_Human-Component
0.4482758641242981   0.4482758641242981   
0.4137931168079376   0.4137931168079376   
0.6206896305084229   0.6206896305084229   
0.5517241358757019   0.5517241358757019   
0.931034505367279   0.931034505367279   
0.13793103396892548   0.13793103396892548   
0.06896551698446274   0.06896551698446274   
0.0   0.0   
0.7586206793785095   0.7586206793785095   
0.7931034564971924   0.7931034564971924   

14:50:07: local_reinforcement_logger.timestep_report +41: INFO     
 Step 19   Fraction valid SMILES: 100.0   Score: 0.5000   Time elapsed: 17   Time left: 26.4
  Agent     Prior     Target     Score     SMILES
-22.20    -22.25      4.21      0.32      c1c(OC)c(OC)c(OC)cc1C(C(CO)O)c1ccc(O)c(OC)c1
-22.92    -23.08     40.41      0.77      c1(N(CN2C(=O)CCC2)C(c2ccc(Cl)cc2)=O)ccc(OC)cc1
-29.27    -29.42     12.90      0.52      C(N1CCN(c2ncccc2)CC1)(N(Cc1c(O)cccc1)CC)=O
-59.35    -58.88    -53.59      0.06      C(=c1c(=CCc2ccc(F)c(NC(=O)C(CS)N)c2)c(F)c[nH]1)C(NCC(F)(F)F)=O
-25.76    -26.08     50.63      0.94      n1c(-c2cnccc2)cc(N2CCN(C)CC2)c2cccc(-c3ccccc3)c12
-25.18    -25.51      3.59      0.35      C(Nc1ccc(F)c(Cl)c1)(CSc1nnc(-c2cnccc2)n1-c1ccccc1)=O
-30.63    -30.80    -17.58      0.16      c1(=O)c2c(OC)c(OC)ccc2c(Cc2ccc(OCCO)cc2)c[nH]1
-42.10    -41.61    -33.67      0.10      C(C(NCC(c1c(-c2cc(C)cc(C)c2)[nH]c2ccc(C(C)(C(=O)N(CC(C)C)CC(C)C)C)cc12)Cc1ccccc1)=O)C(C)C
-28.70    -28.94     29.26      0.71      O(Cc1onc(C)c1)CCOc1c([N+](=O)[O-])cccc1
-29.17    -28.86    -28.86      0.00      C(C)(C)(C)CN1c2ccccc2C(c2ccccc2)=NC(Cc2ccccc2OC)C1=O
Human-Component   raw_Human-Component
0.32258063554763794   0.32258063554763794   
0.774193525314331   0.774193525314331   
0.5161290168762207   0.5161290168762207   
0.06451612710952759   0.06451612710952759   
0.9354838728904724   0.9354838728904724   
0.35483869910240173   0.35483869910240173   
0.16129031777381897   0.16129031777381897   
0.09677419066429138   0.09677419066429138   
0.7096773982048035   0.7096773982048035   
0.0   0.0   

14:50:09: local_reinforcement_logger.timestep_report +41: INFO     
 Step 20   Fraction valid SMILES: 100.0   Score: 0.5000   Time elapsed: 18   Time left: 25.7
  Agent     Prior     Target     Score     SMILES
-37.33    -36.58     11.03      0.58      S(=O)(N=c1cc[nH]cn1)(=O)c1ccc2c(c1)CCN(C(=O)c1cccc(-c3cccc(F)c3F)c1)C2
-23.57    -23.49     40.00      0.77      c12c(ccc(Cl)c1)c(=NCC[S+](CCCCl)[O-])cc[nH]2
-33.58    -34.07     45.28      0.97      C1CN(CC(=O)Nc2c(C(N)=O)cccc2)CCN1CCN=c1[nH]c2ccccc2[nH]c1=O
-34.67    -34.67     10.30      0.55      C(=O)(O)CCN=c1[nH]c2c(c3n(CC4OCCC4)c(=O)n(Cc4ccccc4)c31)cccc2
-25.99    -26.17     29.38      0.68      Clc1ccc(C(=O)c2c(N)c(CC(N)CC)ccc2)cc1
-23.66    -23.60     29.30      0.65      C(c1ccc(OCc2cn(CCF)nn2)cc1)=C1SC(=O)NC1=O
-21.63    -21.55     55.16      0.94      C(S(=O)(N1CCN(c2c(C)c(C)ccc2)CC1)=O)C
-31.08    -31.32    -28.68      0.03      c1c(COc2cc(OCc3ccsc3)ccc2C2N(C(=O)C)c3c(cccc3)-c3nnc(SCC)nc3O2)cccc1
-26.95    -26.96     41.82      0.84      c1[nH]c2c(c1CC(NC(=O)C)C(NC1c3c(cccc3)CC1O)=O)cccc2
-39.97    -39.71     -5.32      0.42      c1(C(=O)Nc2cccnc2)c(=NC(=O)CCC(O)=O)n(C)[nH]c1C(F)(F)F
Human-Component   raw_Human-Component
0.5806451439857483   0.5806451439857483   
0.774193525314331   0.774193525314331   
0.9677419066429138   0.9677419066429138   
0.5483871102333069   0.5483871102333069   
0.6774193644523621   0.6774193644523621   
0.6451612710952759   0.6451612710952759   
0.9354838728904724   0.9354838728904724   
0.032258063554763794   0.032258063554763794   
0.8387096524238586   0.8387096524238586   
0.4193548262119293   0.4193548262119293   

14:50:10: local_reinforcement_logger.timestep_report +41: INFO     
 Step 21   Fraction valid SMILES: 96.9   Score: 0.4844   Time elapsed: 19   Time left: 25.0
  Agent     Prior     Target     Score     SMILES
-32.38    -32.58    -32.58      0.00      C1CN2CC(n3c4c([nH]c(=N)n4)c(Cl)ccc3Cl)C1CC2
-32.46    -32.28      0.52      0.40      c1cc(OCc2nc(CNC(=O)c3c(C)cccc3)oc2C)cc(C(F)(F)F)c1
-28.50    -28.63     -1.30      0.33      c1(C2C(C#N)C(=N)Oc3c(NC(CC)=O)cccc32)ccc(Br)cc1
-27.16    -27.15      2.91      0.37      c1(=NCc2cccs2)nc(-c2nn(C)c3ncccc32)cc[nH]1
-32.43    -32.95     35.39      0.83      c1cc(NCC2(c3ccccc3)CC2)c(Cl)c2c1n(-c1ccccc1)nc2CC
-29.04    -29.06     28.34      0.70      N(C)=c1[nH]c(-c2ccnc(F)c2)ccc1
-36.33    -36.56     29.04      0.80      c12c(C)n(C)nc1C(c1cccc(C)c1OCC(O)CNC)OCC2
-27.70    -28.26     53.74      1.00      c1(C(=O)O)ccc(Cl)c(NC(CCCN2CCN(c3ccccc3OC)CC2)=O)c1
-20.30    -20.47     -1.34      0.23      c1c(CCCCNCCn2ncc(C)c2)cccc1
-21.68    -21.60     41.27      0.77      C1N(C(=O)C(Nc2cc(F)c(Cl)cc2)=O)CCCC1
Human-Component   raw_Human-Component
0.0   0.0   
0.4000000059604645   0.4000000059604645   
0.3333333432674408   0.3333333432674408   
0.36666667461395264   0.36666667461395264   
0.8333333134651184   0.8333333134651184   
0.699999988079071   0.699999988079071   
0.800000011920929   0.800000011920929   
1.0   1.0   
0.23333333432674408   0.23333333432674408   
0.7666666507720947   0.7666666507720947   

14:50:12: local_reinforcement_logger.timestep_report +41: INFO     
 Step 22   Fraction valid SMILES: 96.9   Score: 0.4844   Time elapsed: 21   Time left: 25.6
  Agent     Prior     Target     Score     SMILES
-20.37    -20.38     15.16      0.43      CCOC(CSc1c(C#N)cc2c(n1)CCN(C)C2)=O
-28.89    -28.66      1.40      0.37      C(C1(O)c2c(cccc2)-c2c1cc(-c1cocc1)cc2)(=O)N
-36.42    -36.61     42.65      0.97      n1c2c(c(N(c3cccc(Cl)c3)C)nc1)c1ccn(C)c1c1c2CCCC1
-26.93    -27.23     35.64      0.77      C(NC(=O)N1CCN(c2ccc(F)cc2)CC1)C(Nc1cc(F)cc(F)c1)=O
-25.61    -25.58     34.56      0.73      c1(C(=O)N=c2c(C)ccc[nH]2)cc2c([nH]c3c2CC(C)CC3)c(C)n1
-28.21    -28.15     26.52      0.67      C1CN(CCOc2c3c(c4c(cccc4)n2)oc2ccccc32)CCO1
-34.08    -34.07     34.26      0.83      c1cn(CCCCCCC(O)C#CC#CC(O)CCCCC)c2nc[nH]c(=N)c12
-32.76    -32.73     41.07      0.90      c1c(-c2cc(OCCCCCCN3C(CO)C(O)C(O)C(O)C3)nc3c(Br)cnn23)cccc1
-44.76    -44.82    -36.62      0.10      n1c(OC2CN(c3nc4c(cccc4)cc3)C2)c(-c2cc(C(C)(C)C)sc2S(=O)(C)=O)nc2c1c(=N)[nH]c(=N)[nH]2
-37.93    -38.44     32.63      0.87      C12CC(CN(CCCCCCCC)C2CCCCCCC)c2c(ccc(OC)c2)C1
Human-Component   raw_Human-Component
0.4333333373069763   0.4333333373069763   
0.36666667461395264   0.36666667461395264   
0.9666666388511658   0.9666666388511658   
0.7666666507720947   0.7666666507720947   
0.7333333492279053   0.7333333492279053   
0.6666666865348816   0.6666666865348816   
0.8333333134651184   0.8333333134651184   
0.8999999761581421   0.8999999761581421   
0.10000000149011612   0.10000000149011612   
0.8666666746139526   0.8666666746139526   

14:50:13: local_reinforcement_logger.timestep_report +41: INFO     
 Step 23   Fraction valid SMILES: 100.0   Score: 0.5000   Time elapsed: 22   Time left: 24.8
  Agent     Prior     Target     Score     SMILES
-29.70    -29.24     28.95      0.71      C(CCS(=O)(O)=O)CCOc1c(CC(=O)O)cccc1
-24.91    -25.12    -14.54      0.13      c1cccc(NC(C2CCN(c3c4c(ncn3)sc(C)c4C)CC2)=O)c1N1CCOCC1
-22.79    -22.95     48.47      0.87      c1(-n2c(=O)ccc(C(O)Nc3cccc(Cl)c3)n2)ccc(Cl)cc1
-22.96    -22.95      6.14      0.35      C(NC(C)C)(Oc1coc(CO)cc1=O)=O
-30.52    -30.17     38.60      0.84      c1c(CCCOC(C2C3CCC(N3C)CC2c2ccc(-c3ccccc3OC)cc2)=O)cccc1
-29.66    -29.27    -23.98      0.06      C(=O)(c1ccc(N=c2scc(C(c3ccccc3)NC(Cc3ccccc3)=O)[nH]2)cc1)OCC
-25.57    -25.59     22.02      0.58      c1cc(C(C)(N)C)ccc1-c1ccc2ccccc2c1
-30.83    -30.62      3.77      0.42      c1ccc2c(OC)c(C(=COC(=O)C)C)cc(O)c2c1
-24.81    -24.78     -3.62      0.26      N(C(CSc1nnc(CC(=O)Nc2ccccc2F)n1CC)=O)N
-23.88    -23.60    -23.60      0.00      c1(O)c(C(=O)NN=C(C)c2ccc(NC(C)=O)cc2)ccc(O)c1
Human-Component   raw_Human-Component
0.7096773982048035   0.7096773982048035   
0.12903225421905518   0.12903225421905518   
0.8709677457809448   0.8709677457809448   
0.35483869910240173   0.35483869910240173   
0.8387096524238586   0.8387096524238586   
0.06451612710952759   0.06451612710952759   
0.5806451439857483   0.5806451439857483   
0.4193548262119293   0.4193548262119293   
0.25806450843811035   0.25806450843811035   
0.0   0.0   

14:50:14: local_reinforcement_logger.timestep_report +41: INFO     
 Step 24   Fraction valid SMILES: 100.0   Score: 0.5000   Time elapsed: 23   Time left: 23.9
  Agent     Prior     Target     Score     SMILES
-25.25    -24.85    -11.62      0.16      c1c(C(=NNC(C=Cc2ccccc2)=O)C)cc([N+](=O)[O-])cc1
-29.62    -29.81    -21.87      0.10      c12cc(Br)ccc1nc1c(=O)[nH]c(=O)nc-1n2C1C(OC(C)=O)C(OC(=O)C)CO1
-24.99    -25.17     38.32      0.77      c1csc(C2CC(c3sccc3)=NN2C(N)=N)c1
-23.11    -23.54    -18.25      0.06      c12ccccc1ccc(Cn1nnc(CNS(=O)(=O)c3ccc(C)cc3)c1)c2
-65.79    -65.94    -36.84      0.35      C123C4(C)C(C)(C(CC1)C(=O)C2C1C(=O)OCC1=CBr)CCC(O)C4OC(=O)C3
-32.80    -33.49     45.86      0.97      N1(Cc2c(Cl)cncc2Cl)CCCC(N=c2c(C(=O)NCC(F)(F)F)c[nH]c(-n3cnc4cc(C#N)cnc43)c2)C1
-26.54    -26.86     49.85      0.94      c1c(C)ccc(N2C3=C(C(=O)CC3)C(c3ccc(C#N)cc3-c3ccn(CC)n3)N(C)C2=O)c1
-24.05    -24.11     34.08      0.71      O=C(c1cccc(N=C2SC3CS(=O)(=O)CC3N2)c1)Nc1cccc(OC)c1
-28.38    -28.14     45.92      0.90      [nH]1cc(-c2cccc(OC)c2C)nc1C(c1cccc(Cl)c1)O
-34.15    -33.75      0.63      0.42      c1c(-c2nc(CNC(=S)CC(=O)O)ccc2)coc1
Human-Component   raw_Human-Component
0.16129031777381897   0.16129031777381897   
0.09677419066429138   0.09677419066429138   
0.774193525314331   0.774193525314331   
0.06451612710952759   0.06451612710952759   
0.35483869910240173   0.35483869910240173   
0.9677419066429138   0.9677419066429138   
0.9354838728904724   0.9354838728904724   
0.7096773982048035   0.7096773982048035   
0.9032257795333862   0.9032257795333862   
0.4193548262119293   0.4193548262119293   

14:50:15: local_reinforcement_logger.timestep_report +41: INFO     
 Step 25   Fraction valid SMILES: 96.9   Score: 0.4844   Time elapsed: 25   Time left: 24.0
  Agent     Prior     Target     Score     SMILES
-31.35    -31.21     -9.34      0.27      c12cc(C(=O)N=c3cccc[nH]3)ccc1nc(-c1cc3c(cccc3)oc1=O)[nH]2
-32.58    -33.11     46.15      0.97      C1CN(CCNC(=O)c2c(F)ccc(-c3c4c(cccc4)c(=Nc4ccc(Cl)cc4)[nH]n3)c2)CCO1
-24.28    -24.95     -0.35      0.30      n12c(nc([N+]([O-])=O)c1)SC(c1ccccc1)N2
-20.78    -20.70     12.10      0.40      c1([N+](=O)[O-])c(=O)n(C)c2ccccc2c1Nc1ccccc1
-34.19    -33.58     12.88      0.57      c1c(Cl)ccc(C(C(n2c(=O)c3c(nn(C)c3C)c(C)n2)C)(Cn2ncnc2)O)c1F
-23.95    -24.04    -13.11      0.13      O=C(C1CCC(CNS(c2ccc(Cl)cc2)(=O)=O)CC1)NC(c1ccccc1)c1ccccc1
-31.65    -31.42    -31.42      0.00      C1NCC(C(N2Cc3c(F)ccc(-c4c(OC)cc(CC(=O)O)cc4)n3CC2)=O)OC1
-29.17    -28.95    -12.55      0.20      s1cc(-c2ccc(Oc3ccccc3)cc2)c2n1c(C(C)(F)F)nn2
-35.10    -35.05     30.55      0.80      CCOC(c1c2c(ncnc2N(C)C)n(Cc2nnn(-c3cc(Cl)ccc3)c2)c1)=O
-25.96    -26.27     28.39      0.67      c1(S(N(c2ccccc2)c2ncccc2)(=O)=O)cc(Cl)c(Cl)cc1
Human-Component   raw_Human-Component
0.2666666805744171   0.2666666805744171   
0.9666666388511658   0.9666666388511658   
0.30000001192092896   0.30000001192092896   
0.4000000059604645   0.4000000059604645   
0.5666666626930237   0.5666666626930237   
0.13333334028720856   0.13333334028720856   
0.0   0.0   
0.20000000298023224   0.20000000298023224   
0.800000011920929   0.800000011920929   
0.6666666865348816   0.6666666865348816   

14:50:17: local_reinforcement_logger.timestep_report +41: INFO     
 Step 26   Fraction valid SMILES: 100.0   Score: 0.5000   Time elapsed: 27   Time left: 24.0
  Agent     Prior     Target     Score     SMILES
-38.52    -37.90     38.81      0.94      c1ccc(Cl)cc1NC(c1c2ccccc2n(CC(=O)N2CCC(N(C)C)CC2)c1-c1c(C(O)=O)cccc1)=O
-30.57    -30.83     30.01      0.74      O(C)c1c(O)c(OS(=O)(c2c(Br)cccc2)=O)ccc1
-24.51    -24.79     54.56      0.97      c12c(cc3c(cccc3)c1Cl)Cc1c-2cccc1
-22.39    -22.90     48.52      0.87      C1(C)NCC(CO)N(CCCCCC)C1
-39.68    -39.54      8.07      0.58      C(C(=O)Nc1cc2c(=NC(c3ccc(CN4CCCCC4)cc3)=O)s[nH]c2cc1F)c1ccccc1
-23.88    -24.02     42.11      0.81      s1c2c(cccc2)nc1CN1CCOC(COc2ccccc2)C1
-24.07    -23.67      2.78      0.32      n1c(C(F)(F)F)n(Cc2ccccc2)c2ccc(C(=O)NC(CC)c3ccccc3)cc12
-39.49    -38.77    -20.26      0.23      c1c(Br)c(OCC(=O)O)cc2c(-c3ccc(C)cc3C)nc(=O)n(CC(=O)NC(C)C)c12
-25.14    -24.76     -8.89      0.19      C1(C(=O)NCc2ccc(C(F)(F)F)cc2)CCCN(c2ncnc3onc(C)c23)C1
-28.87    -28.89     -7.73      0.26      c1c(N)ccc(Nc2c([N+](=O)[O-])ccc3[nH]c(O)cc32)c1
Human-Component   raw_Human-Component
0.9354838728904724   0.9354838728904724   
0.7419354915618896   0.7419354915618896   
0.9677419066429138   0.9677419066429138   
0.8709677457809448   0.8709677457809448   
0.5806451439857483   0.5806451439857483   
0.8064516186714172   0.8064516186714172   
0.32258063554763794   0.32258063554763794   
0.22580644488334656   0.22580644488334656   
0.19354838132858276   0.19354838132858276   
0.25806450843811035   0.25806450843811035   

14:50:19: local_reinforcement_logger.timestep_report +41: INFO     
 Step 27   Fraction valid SMILES: 96.9   Score: 0.4844   Time elapsed: 28   Time left: 23.0
  Agent     Prior     Target     Score     SMILES
-39.94    -40.14    -37.41      0.03      C1C(NC(OCCC2CC3(C)C(C4(C)CCC5C(C)(C=CC(=O)C5(C)C)C4CC3OC(=O)C)C2)=S)CCC1
-24.48    -24.96     54.31      0.97      c1ccccc1C1Oc2ccccc2CN(C)C1CO
-58.03    -57.80    -35.94      0.27      CC(OC1C(OC2OC(C)C(OC(C)=O)C(OC(C)=O)C2OC(C)=O)C(OC(=O)CCC(C)CC(CC(CC(OC)O)OC(C)=O)O)C(O)C(CO)O1)=O
-20.45    -20.40     23.34      0.53      c1c([N+](=O)[O-])c(Cl)ccc1[N+](=O)[O-]
-30.37    -30.42     35.18      0.80      O=S(c1c(C(F)(F)F)cccc1)(=O)c1c(C)n(CCN)c2c1cc(Cl)cc2
-31.21    -30.89     51.11      1.00      C(CCC)CCCCCc1[nH]c(=S)[nH]c1-c1cc(Cl)ccc1Cl
-26.84    -26.93     49.60      0.93      C1(CN2CCC(Nc3cccc(C(F)(F)F)c3)CC2)COc2c(cccc2)O1
-26.34    -26.88     46.92      0.90      n12nc(C)nc1OC(c1ccc(Br)cc1)CC2c1ccccc1Cl
-68.06    -67.19    -67.19      0.00      c1c(-c2c3c(n(-c4c(C)ccc(NC(c5oc(N=C(C(C)C)C(C)=O)nn5)c4)=O)c2)cccc3F)cc(=NC2CCCC2)[nH]c1
-32.38    -32.38     19.56      0.63      c1(F)ccc(CC2CCN(CC3C(C)CN(C4CCOCC4)C(=O)C3)CC2)cc1
Human-Component   raw_Human-Component
0.03333333507180214   0.03333333507180214   
0.9666666388511658   0.9666666388511658   
0.2666666805744171   0.2666666805744171   
0.5333333611488342   0.5333333611488342   
0.800000011920929   0.800000011920929   
1.0   1.0   
0.9333333373069763   0.9333333373069763   
0.8999999761581421   0.8999999761581421   
0.0   0.0   
0.6333333253860474   0.6333333253860474   

14:50:20: local_reinforcement_logger.timestep_report +41: INFO     
 Step 28   Fraction valid SMILES: 96.9   Score: 0.4844   Time elapsed: 29   Time left: 22.0
  Agent     Prior     Target     Score     SMILES
-26.74    -26.89     44.18      0.87      N1(CCCOc2ccc(-c3cn4c(n3)c(C)nn4C)cc2)CCCCC1
-25.74    -25.31     10.23      0.43      C(CCOc1ccc(C(C)C)cc1)(CNC(C)C)O
-22.30    -22.87     59.13      1.00      c1(Cl)ccc(-c2oc(CN3CCN(c4c(OC)cccc4)CC3)nn2)c(Cl)c1
-23.51    -23.20     -6.80      0.20      c1c(-c2ccc(OC)cc2)cc(C(F)(F)F)n2c1nc(C)c2C
-24.92    -25.73     37.14      0.77      C1CN(S(=O)(=O)c2ccc(C)cc2)CCC1C(NCCCN1CCN(c2ccc(Cl)cc2)CC1)=O
-32.63    -32.31    -32.31      0.00      c1([N+](=O)[O-])ccc(C(N=c2[nH]c(-c3n4c(cccc4)nc3)cs2)=O)nc1
-41.60    -41.91     10.03      0.63      c1(C2CC3CCC(N3S(=O)(c3ccc(C(c4c[nH]cn4)O)cc3Cl)=O)C2)ccc(Cl)cc1
-31.50    -31.47      1.33      0.40      c1nc(-c2c(C)cccc2C)c2n1c1c([nH]c2=O)cc(C(F)(F)F)cc1
-31.17    -31.42    -12.28      0.23      c12c3c(cccc3)ccc1NC(c1cc(OC)ccc1OC)N(C1CCS(=O)(=O)C1)C2=O
-18.59    -18.33     -7.40      0.13      c1(Oc2c3ccccc3nc(C(Cl)(Cl)Cl)n2)ccc(OC)cc1
Human-Component   raw_Human-Component
0.8666666746139526   0.8666666746139526   
0.4333333373069763   0.4333333373069763   
1.0   1.0   
0.20000000298023224   0.20000000298023224   
0.7666666507720947   0.7666666507720947   
0.0   0.0   
0.6333333253860474   0.6333333253860474   
0.4000000059604645   0.4000000059604645   
0.23333333432674408   0.23333333432674408   
0.13333334028720856   0.13333334028720856   

14:50:21: local_reinforcement_logger.timestep_report +41: INFO     
 Step 29   Fraction valid SMILES: 100.0   Score: 0.5000   Time elapsed: 31   Time left: 21.7
  Agent     Prior     Target     Score     SMILES
-45.30    -45.14    -26.63      0.23      c1cc(-c2c(C)c(COc3ccc(OCc4nc5ccccc5cc4)cc3)cc3c(C(F)(F)F)cccc23)c(OC)cc1C=O
-33.05    -32.79     -3.69      0.35      C1(=O)c2c(nc(COc3ccccc3)c(C#N)c2)SS1
-32.51    -32.60     46.76      0.97      c12c(ccc(N)c1)[nH]cc2C1CCCN(C)CC1F
-40.76    -40.80     33.27      0.90      n1(Cc2ccccc2)cnc2ccc(-c3nc(C4CCN(Cc5ccc(-c6nc7cc(C(F)(F)F)ccc7[nH]6)cc5)CC4)nc(N4CCOCC4)c3)cc12
-35.76    -35.96    -22.73      0.16      C(O)CNC(c1ccc(Cn2c(=O)ccc(S(=O)(c3cccs3)=O)c2)cc1)=O
-31.72    -31.83     23.72      0.68      N#CCC1(n2cc(-c3nccc4cc[nH]c43)cc2)CN(C2CCN(C(c3ccc(C#N)cc3)=O)CC2)C1
-38.53    -40.29     31.13      0.87      N(Cc1cc(-c2ccc(CN3CCCN(CCCC)CC3)cc2)ccc1)c1cccc2c[nH]nc21
-28.91    -29.34     12.98      0.52      c1coc(-c2nc3cccnc3n(CCc3cccc(F)c3)c2=O)c1
-21.78    -22.02     46.75      0.84      c1cc(C)ccc1-c1nc2cc(Cl)ccc2c(=O)n1OC
-33.07    -32.89    -11.73      0.26      OC(=O)c1c(Cc2c(Oc3c(Oc4ccccc4)ccc(Br)c3)cccc2)cccc1
Human-Component   raw_Human-Component
0.22580644488334656   0.22580644488334656   
0.35483869910240173   0.35483869910240173   
0.9677419066429138   0.9677419066429138   
0.9032257795333862   0.9032257795333862   
0.16129031777381897   0.16129031777381897   
0.6774193644523621   0.6774193644523621   
0.8709677457809448   0.8709677457809448   
0.5161290168762207   0.5161290168762207   
0.8387096524238586   0.8387096524238586   
0.25806450843811035   0.25806450843811035   

14:50:23: local_reinforcement_logger.timestep_report +41: INFO     
 Step 30   Fraction valid SMILES: 100.0   Score: 0.5000   Time elapsed: 32   Time left: 20.6
  Agent     Prior     Target     Score     SMILES
-28.96    -29.02    -10.51      0.23      C12(OCCO1)CCN(C(=O)C1(c3ccccc3C)CC1CN)C2
-24.55    -24.58      7.17      0.39      COc1c(NC(C(C)[N+](C)(C)C)=O)cccc1
-35.44    -35.48     43.88      0.97      C1CN(C)CCN1c1ccc2nnc(N=c3sc(C(=O)Nc4c(C)cccc4Cl)c[nH]3)cc2n1
-28.15    -28.87     37.26      0.81      c1ccc(C2CCN(CCN(C)C)CC2)[nH]c1=NC(=O)NCc1ccccc1
-19.99    -19.95     17.08      0.45      Oc1ccc(C=C2SC(=S)N(CC=C)C2=O)cc1Br
-41.85    -40.44    -27.21      0.16      O=C(C(=O)C(C(O)O)NC(=O)C(C(C)C)NC(OCc1c(F)cccc1)=O)OC
-19.63    -20.23     48.54      0.84      C(CC)Cc1nc(Cl)c(CO)n1Cc1ccc(N2CCCCC2)cc1
-30.48    -30.11     -6.30      0.29      c1cc(CN(C(n2nnc(C(O)=O)c2C(=O)OC)=O)C)ccc1
-24.81    -25.25     -9.38      0.19      c1cc(NC(C)=O)cc2c1OC(CN(CC1CCC1)C)C(C)CN(C(CO)C)C2=O
-33.73    -33.80     13.81      0.58      O(c1cc2c(C)c(C)c(=O)oc2cc1)CCOc1ccc2[nH]cc(CC(O)=O)c2c1
Human-Component   raw_Human-Component
0.22580644488334656   0.22580644488334656   
0.3870967626571655   0.3870967626571655   
0.9677419066429138   0.9677419066429138   
0.8064516186714172   0.8064516186714172   
0.4516128897666931   0.4516128897666931   
0.16129031777381897   0.16129031777381897   
0.8387096524238586   0.8387096524238586   
0.29032257199287415   0.29032257199287415   
0.19354838132858276   0.19354838132858276   
0.5806451439857483   0.5806451439857483   

14:50:24: local_reinforcement_logger.timestep_report +41: INFO     
 Step 31   Fraction valid SMILES: 90.6   Score: 0.4531   Time elapsed: 34   Time left: 20.2
  Agent     Prior     Target     Score     SMILES
-26.58    -26.95     14.05      0.50      n1(Cc2ccccc2Br)c2c(cccc2)c(=N)cc1
-38.55    -39.11    -39.11      0.00      c1(Cl)cccc2c(-c3c(Cl)cccc3Cl)c(C)c(C3=NN(C(C)C)C(=O)C3)c(O)c2c1
-28.20    -28.06    -25.13      0.04      O(CCNC(=O)c1nn2c(c1)nccc2)c1ccc(OCC)cc1
-22.83    -23.84     46.45      0.86      [nH]1c(=N)c2c(n(CCN3CCN(c4ccc(C)cc4)CC3)cn2)nc1
-32.70    -33.20     28.30      0.75      C(NC(=O)c1ccc(S(N2c3c(cccc3)-c3c(cccc3)C2=O)(=O)=O)cc1)Cc1ccc(Cl)cc1
-27.65    -28.68     38.68      0.82      O=C(Nc1c(CN2CCOCC2)cccc1OC)c1ccc(F)cc1
-25.99    -26.17     49.97      0.93      c1c(-c2c(CNCCc3cccc(Cl)c3)cn(C)n2)cc(OC)cc1
-45.27    -44.99    -12.78      0.39      C(CC)CC(=O)C1C(=O)C2(CC=C(C)C)CC(CC=C(CCC=C(C)C)C)C(C(=O)OC)C(=O)C2(CC=C(C)C)CC(CC=C(C)C)C1(C)C
-36.94    -37.06    -37.06      0.00      Cc1cc(SC2C(=O)CC(C)(C)CC2=Nc2ccc(C)cc2)sc1C(N=NC(N)=S)=O
-30.59    -31.03     21.69      0.64      c1cc(N=c2[nH]cnc3cc(OC4CCN(C)C4)c(NC(=O)OCC)cc32)c(F)cc1Br
Human-Component   raw_Human-Component
0.5   0.5   
0.0   0.0   
0.0357142873108387   0.0357142873108387   
0.8571428656578064   0.8571428656578064   
0.75   0.75   
0.8214285969734192   0.8214285969734192   
0.9285714030265808   0.9285714030265808   
0.3928571343421936   0.3928571343421936   
0.0   0.0   
0.6428571343421936   0.6428571343421936   

14:50:26: local_reinforcement_logger.timestep_report +41: INFO     
 Step 32   Fraction valid SMILES: 96.9   Score: 0.4844   Time elapsed: 36   Time left: 19.6
  Agent     Prior     Target     Score     SMILES
-30.66    -30.80     -3.46      0.33      O(C)c1cc(CNC(CCNC(CNC(c2cc(F)ccc2)=O)=O)=O)ccc1OC
-33.82    -33.99     42.54      0.93      Oc1n(-c2c(F)cc3c(c2)OCC(=O)N3)c2ccccc2c1C=c1c(=C)cc(C)[nH]1
-19.64    -19.83    -14.36      0.07      S=C1NC(=O)C(=Cc2ccc(OCc3ccccc3)cc2)C(=O)N1c1ccccc1
-23.88    -23.86    -23.86      0.00      C(NCC(OCC(Nc1cc(S(=O)(=O)N)ccc1)=O)=O)(c1ccco1)=O
-32.33    -33.08     13.39      0.57      C1(F)CN(c2ncc(-c3cc(C)ncc3)nc2-c2ccc(F)cc2)CCC1N
-22.39    -22.83     40.03      0.77      c1cc(N2CCOCC2)nc(OCCNC)c1
-24.82    -24.77     18.96      0.53      c12c(nc(N3CCN(S(=O)(C)=O)CC3)c(C#N)c1)ccc(OC)c2
-25.23    -25.70     28.97      0.67      N(C12CC3CC(CC(C3)C1)C2)C(N1C(C(N2CCCC2)=O)CCC1)=O
-23.10    -23.10    -20.37      0.03      C1CN(S(c2ccc3c(c2)CC(C)N3C(=O)C2CC2)(=O)=O)CCC1C(=O)NCc1ccccc1
-21.73    -21.61      2.99      0.30      c12n(C3C(O)C(O)C(CO)O3)ncc1c(=NCCCC)[nH]c(=N)[nH]2
Human-Component   raw_Human-Component
0.3333333432674408   0.3333333432674408   
0.9333333373069763   0.9333333373069763   
0.06666667014360428   0.06666667014360428   
0.0   0.0   
0.5666666626930237   0.5666666626930237   
0.7666666507720947   0.7666666507720947   
0.5333333611488342   0.5333333611488342   
0.6666666865348816   0.6666666865348816   
0.03333333507180214   0.03333333507180214   
0.30000001192092896   0.30000001192092896   

14:50:28: local_reinforcement_logger.timestep_report +41: INFO     
 Step 33   Fraction valid SMILES: 100.0   Score: 0.5000   Time elapsed: 37   Time left: 18.5
  Agent     Prior     Target     Score     SMILES
-28.37    -29.21     31.63      0.74      O(c1ccc(CC)cc1)CCOc1ccc(CC2c3cc(OC)c(OC)cc3CCN2C)cc1OC
-26.46    -26.19     -5.03      0.26      COc1ccc(C(C(Nc2ccc3c(c2)CNCC3)=O)C)cc1
-24.24    -24.32      4.77      0.35      CCOCCOCC(OCCC)C
-22.73    -23.15     19.17      0.52      C1C2(OCCN(Cc3sccn3)C2)CCN(Cc2ccco2)C1
-24.79    -24.76     25.50      0.61      c1cc(Cl)ccc1Cc1nc2c(o1)cc(C(N1CCC(C(=O)N)CC1)=O)cc2
-28.71    -28.12     11.56      0.48      c1c2[nH]c(-c3c(O)c(-c4cccc(CN5C(=O)CCCCC5)c4)ccc3)nc2cc(C(=O)N)c1
-22.72    -22.61     22.36      0.55      N(C(N=c1ccc(Cl)c[nH]1)=O)=c1[nH]cc2c([nH]nc2-c2cc(C)ncc2)c1
-20.98    -21.18     44.95      0.81      c1cc(C2=NN(c3scc(O)n3)C(c3c(F)cccc3)C2)ccc1Cl
-26.15    -26.51     36.98      0.77      O(c1c(OC)c(OC)cc(C2N(c3ccccc3)N=C(c3n[nH]c(-c4ccccc4)c3)C2)c1)C
-25.48    -25.49    -22.85      0.03      c1cc(NC(Cn2c3c(c(=O)c4c(C)cccc24)cccc3)=O)ccc1OCC
Human-Component   raw_Human-Component
0.7419354915618896   0.7419354915618896   
0.25806450843811035   0.25806450843811035   
0.35483869910240173   0.35483869910240173   
0.5161290168762207   0.5161290168762207   
0.6129032373428345   0.6129032373428345   
0.4838709533214569   0.4838709533214569   
0.5483871102333069   0.5483871102333069   
0.8064516186714172   0.8064516186714172   
0.774193525314331   0.774193525314331   
0.032258063554763794   0.032258063554763794   

14:50:29: local_reinforcement_logger.timestep_report +41: INFO     
 Step 34   Fraction valid SMILES: 96.9   Score: 0.4615   Time elapsed: 39   Time left: 17.8
  Agent     Prior     Target     Score     SMILES
-18.36    -18.45     11.61      0.37      o1cccc1C=NNS(=O)(=O)c1ccccc1
-33.71    -35.30     35.76      0.87      C(CN)N1CCN(c2nc3ccc(N4CCN(C)CC4)cc3n3cnnc32)CC1
-25.52    -25.80     -9.40      0.20      CC(C)C(NC(=O)c1ccco1)c1nc2ccccc2n1Cc1ccccc1
-47.51    -47.07    -11.54      0.43      COC(=O)CCCC=C(C1C2C3C4C2C(CC)C(C3)C1C4)C
-37.74    -37.72     19.68      0.70      n1c2c(ccc1N1CCC(C(N)=O)CC1)cnc(-c1cc(C(F)(F)F)c(O)cc1)c2
-30.15    -29.85     -7.98      0.27      CC12C(CCC1C1(C)CCC(C=C(C)C)O1)C(C)(C)C(OC(C)=O)CC2
-26.92    -26.83    -26.83      0.00      c1c(Cl)c(Br)ncc1S(=O)(c1ccc(NC(C=Cc2cnccc2)=O)cc1)=O
-28.81    -29.03     17.43      0.57      C(NCC1CCC2(CCN(c3ccc(OC)cc3)CC2)O1)c1scnc1C
-33.58    -33.32     15.88      0.60      C1N(CC(N2c3ccc(-c4cnc(N5CCOC(C)C5C)nc4)cc3CCC2)=O)CCC1
-21.67    -22.02     57.24      0.97      C1(=Cc2ccccc2)C(=O)N(c2ccc(Cl)cc2)C(c2ccccc2)S1
Human-Component   raw_Human-Component
0.36666667461395264   0.36666667461395264   
0.8666666746139526   0.8666666746139526   
0.20000000298023224   0.20000000298023224   
0.4333333373069763   0.4333333373069763   
0.699999988079071   0.699999988079071   
0.2666666805744171   0.2666666805744171   
0.0   0.0   
0.5666666626930237   0.5666666626930237   
0.6000000238418579   0.6000000238418579   
0.9666666388511658   0.9666666388511658   

14:50:31: local_reinforcement_logger.timestep_report +41: INFO     
 Step 35   Fraction valid SMILES: 100.0   Score: 0.5000   Time elapsed: 40   Time left: 16.7
  Agent     Prior     Target     Score     SMILES
-27.71    -27.76     14.56      0.52      N(C(c1ncc(Cl)c(OCC2OCCC2)c1)=O)c1cnccc1C1CC(N)C(OCCC#N)C(C)C1
-35.21    -35.33    -24.75      0.13      N(c1c(F)ccc(NCC(NCCc2csc(-c3ncccc3)n2)=O)c1)C(=O)C
-27.51    -28.25     19.36      0.58      O=C1C(Oc2ccccc2)=C(Cl)C(=O)C(N=c2nc[nH]cc2)=C1
-29.28    -29.61    -16.38      0.16      S(CC(Nc1ccc2c(c1C)NC(=O)CO2)=O)c1n(N)cnn1
-26.59    -27.12     54.88      1.00      c1cccc(C2N(C3CCN(Cc4n(C)ccc4)CC3)C(=O)N(Cc3ccccc3)C2)c1
-23.28    -23.56     45.21      0.84      c12cc(Cl)ccc1n(C)cc2C(=O)C1CC1
-30.80    -30.87    -30.87      0.00      COc1cc(OC)c(CNC(C2=C(c3ccccc3)N=C(C)N=C2CC)=O)cc1
-23.37    -23.89    -15.96      0.10      c12c(cccc1)N(C(c1ccc3c(c1)cccc3)=O)c1c(cccc1)S2
-23.52    -23.20     42.93      0.81      c12[nH]c3ccccc3c1CC(=O)N(C)CC2O
-38.40    -39.32     -4.93      0.42      O1c2c(CC)c(C(CCC3CCN(CCCc4ccccc4)CC3)=O)c(CO)cc2OC1
Human-Component   raw_Human-Component
0.5161290168762207   0.5161290168762207   
0.12903225421905518   0.12903225421905518   
0.5806451439857483   0.5806451439857483   
0.16129031777381897   0.16129031777381897   
1.0   1.0   
0.8387096524238586   0.8387096524238586   
0.0   0.0   
0.09677419066429138   0.09677419066429138   
0.8064516186714172   0.8064516186714172   
0.4193548262119293   0.4193548262119293   

14:50:32: local_reinforcement_logger.timestep_report +41: INFO     
 Step 36   Fraction valid SMILES: 96.9   Score: 0.4729   Time elapsed: 42   Time left: 15.9
  Agent     Prior     Target     Score     SMILES
-23.75    -24.19     30.48      0.67      O=c1c(OC2CCCC2)c(N2CCC(Oc3ccc(C(F)(F)F)cc3)CC2)cn[nH]1
-24.05    -24.81     13.46      0.47      C(c1c(Cl)cccc1)(=NNC(c1ccncc1)=O)c1ccccc1
-32.33    -32.02     33.58      0.80      N1(c2nc3ccccc3cc2)c2nc(=Nc3cc(OC)cc(OC)c3)[nH]cc2CCC1
-22.43    -23.47     53.06      0.93      c1(Cl)cc(C2C(C(NCCCN3CCC(c4ccc(F)cc4)CC3)=O)C(C)=NC(=O)C2)ccc1Cl
-19.89    -21.45     60.55      1.00      c1cccc2[nH]cc(C3=CCN(CCc4coc5ccc(Cl)cc54)CC3)c12
-28.77    -31.09     42.71      0.90      c1cccc(C(N2CCN(CCCN(c3cccc(F)c3)CCC)CC2)C#N)c1
-27.68    -27.87    -11.47      0.20      c1c(-c2noc(C(C)NC(c3ccon3)=O)c2)ccc(F)c1
-24.96    -24.64    -16.44      0.10      c1cc(OC)cc(NC(=O)Cc2n(CC)c(SCC(c3ccccc3)=O)nn2)c1
-48.01    -46.82    -33.15      0.17      C(S(NC1CC1)(=O)=O)(CCC)C(=O)Nc1ccc2c(c1)c(-c1cc(NC(=O)C)ccc1)[nH]n2
-29.45    -29.06     14.68      0.53      N(=C(N)N)CN1CCC(=O)c2cc(OC)c(OC)cc21
Human-Component   raw_Human-Component
0.6666666865348816   0.6666666865348816   
0.46666666865348816   0.46666666865348816   
0.800000011920929   0.800000011920929   
0.9333333373069763   0.9333333373069763   
1.0   1.0   
0.8999999761581421   0.8999999761581421   
0.20000000298023224   0.20000000298023224   
0.10000000149011612   0.10000000149011612   
0.1666666716337204   0.1666666716337204   
0.5333333611488342   0.5333333611488342   

14:50:34: local_reinforcement_logger.timestep_report +41: INFO     
 Step 37   Fraction valid SMILES: 100.0   Score: 0.5000   Time elapsed: 44   Time left: 15.1
  Agent     Prior     Target     Score     SMILES
-30.07    -29.72    -13.84      0.19      N(C(CCC(C)C1=C2C(C)C(C)CCC2(C(=O)O)CCC1C)=O)c1ccccc1
-27.51    -27.56      4.18      0.39      c12c(cc(Oc3ccc(OCC)cc3)cc1)c(CCNC(=O)C)c[nH]2
-23.38    -23.25    -23.25      0.00      O(c1ccc(NC(N=c2n(CC(O)c3ccccc3)[nH]cc2C(=O)OCC)=O)cc1)C(F)(F)F
-25.87    -26.33     34.51      0.74      c1ncc(CN2CC3C(CC(COCc4ccccn4)O3)CC2)cc1
-28.36    -27.86     -1.40      0.32      N1(C(=O)NCCC(=O)Nc2cnccc2)CCc2ccccc2C1
-26.08    -26.32     53.04      0.97      N1(S(CCNC(=O)c2c(Cl)ccc(Cl)c2)(=O)=O)Cc2c(cccc2)CC1
-39.76    -39.59      5.38      0.55      CN(C)Cc1c(-c2cncs2)c(=O)c2c(ccc3ccoc23)[nH]1
-51.72    -51.81    -17.42      0.42      N=C(N)NCCCC(N)C(=O)NC(C(NC(C(NC(C(N=c1c(C)c[nH][nH]1)=O)CCCNC(N)=N)=O)Cc1c2c([nH]c1Br)cccc2)=O)Cc1c[nH]c2ccccc21
-21.01    -21.50     31.41      0.65      c1c(SC)ccc(CN2CCCCC2C(O)=O)c1
-22.85    -23.46     47.96      0.87      c1cc(CN2CCC(NC(=O)COc3ccc(-c4ccc(Cl)cc4)cc3)CC2)ccc1
Human-Component   raw_Human-Component
0.19354838132858276   0.19354838132858276   
0.3870967626571655   0.3870967626571655   
0.0   0.0   
0.7419354915618896   0.7419354915618896   
0.32258063554763794   0.32258063554763794   
0.9677419066429138   0.9677419066429138   
0.5483871102333069   0.5483871102333069   
0.4193548262119293   0.4193548262119293   
0.6451612710952759   0.6451612710952759   
0.8709677457809448   0.8709677457809448   

14:50:36: local_reinforcement_logger.timestep_report +41: INFO     
 Step 38   Fraction valid SMILES: 100.0   Score: 0.5000   Time elapsed: 45   Time left: 13.8
  Agent     Prior     Target     Score     SMILES
-37.06    -36.14     -9.69      0.32      c1c(F)ccc(C(OCC(O)CNC(Cc2cc(Br)cc(Cl)c2OC)C)c2ccccc2)c1
-21.06    -21.16     60.84      1.00      c12ccc(OCCN3CCCC3)cc1CCN(C(=N)N)C2
-22.31    -22.14     41.35      0.77      Clc1cccc(-c2ccc(C(O)=NO)o2)c1
-25.77    -25.69     21.92      0.58      o1c(=O)c(C(Nc2c(O)c(C)c(O)cc2)=O)cc2ccccc12
-31.56    -32.11     36.66      0.84      c1(Cl)ccc(C2NOC(C(N3OCCC3)=O)C2)cc1
-21.15    -21.11      2.70      0.29      C(CC)Sc1c2c(sc(C)c2C)ncn1
-21.95    -22.71    -20.06      0.03      C(n1ncc(NC)c1)c1ccccc1
-27.98    -27.94      9.09      0.45      c1c(-c2nc(CN3Cc4n(nnc4)-c4c(cccc4)C3)on2)ccc(C(F)(F)F)c1
-30.18    -30.50     25.05      0.68      c1(Cl)c[nH]c(=NCCCCN(C)Cc2ccncc2)cc1
-26.09    -26.55      7.83      0.42      c1([N+](=O)[O-])cc(C2CC(c3ccccc3O)=NN2C(C)=O)c(Cl)cc1
Human-Component   raw_Human-Component
0.32258063554763794   0.32258063554763794   
1.0   1.0   
0.774193525314331   0.774193525314331   
0.5806451439857483   0.5806451439857483   
0.8387096524238586   0.8387096524238586   
0.29032257199287415   0.29032257199287415   
0.032258063554763794   0.032258063554763794   
0.4516128897666931   0.4516128897666931   
0.6774193644523621   0.6774193644523621   
0.4193548262119293   0.4193548262119293   

14:50:38: local_reinforcement_logger.timestep_report +41: INFO     
 Step 39   Fraction valid SMILES: 100.0   Score: 0.5000   Time elapsed: 47   Time left: 12.9
  Agent     Prior     Target     Score     SMILES
-22.47    -22.39    -14.45      0.10      C(CC(c1occn1)=O)#N
-23.44    -23.10      3.36      0.32      O(Cc1nc2scc(C)n2c(=O)c1)c1ccncc1
-35.93    -36.43    -12.63      0.29      C(C)C1(C)C=CN(CC=C)C(=Nc2ccccc2)C1
-30.85    -31.97     26.23      0.71      c1c(OCC)c(OC)cc(Cn2nnc(CN3CCC4(CC3)OCc3c4cccc3)c2)c1
-23.34    -23.67    -13.09      0.13      c1c(C)ccc(C2N(S(c3ccc(Cl)cc3)(=O)=O)C(c3ccc(C)cc3)C(C(=O)O)C=C2)c1
-27.94    -28.86     31.98      0.74      c1ccc2c(=O)cc(-c3cccc(CN)c3)[nH]c2c1Cl
-25.06    -26.28     39.85      0.81      C1C2(N)CC3c4ccccc4N(C)C23CC1
-26.51    -26.74     15.58      0.52      Cc1c(OCCCCCCCCCCOCC#C)c(C)sc1O
-21.88    -23.20     50.86      0.90      c1cccc2c1OCCN2C(c1cc2c(cc1)OCO2)=O
-51.01    -49.22    -28.05      0.26      C(=O)(O)c1c(C(NCc2cc(C(F)(F)F)cc(C(F)(F)F)c2)=O)ccc(-c2c3[nH]nc(F)c(=O)n3nc2)c1
Human-Component   raw_Human-Component
0.09677419066429138   0.09677419066429138   
0.32258063554763794   0.32258063554763794   
0.29032257199287415   0.29032257199287415   
0.7096773982048035   0.7096773982048035   
0.12903225421905518   0.12903225421905518   
0.7419354915618896   0.7419354915618896   
0.8064516186714172   0.8064516186714172   
0.5161290168762207   0.5161290168762207   
0.9032257795333862   0.9032257795333862   
0.25806450843811035   0.25806450843811035   

14:50:39: local_reinforcement_logger.timestep_report +41: INFO     
 Step 40   Fraction valid SMILES: 100.0   Score: 0.4889   Time elapsed: 48   Time left: 11.7
  Agent     Prior     Target     Score     SMILES
-27.44    -27.96     -4.15      0.29      c1c2c(n(CC)c(=O)cc2O)ccc1NS(c1ccc(F)cc1)(=O)=O
-26.57    -28.14     53.86      1.00      N1C(=O)CC2(CCN(CCNC(=O)c3ccc(Cl)cc3)CC2)c2ccccc21
-27.52    -26.76      4.98      0.39      c1(C)c(C(OCCOC)=O)c(C)n(S(=O)(=O)c2ccc(Cl)cc2)c1C
-49.03    -48.79    -30.27      0.23      O=C(N=CC(N1CC(CCl)c2c1cc(N)c1cc(S(=O)(O)=O)ccc21)=O)C(c1[nH]c2c(cccc2)n1)(C)C
-29.19    -29.02     -7.86      0.26      COc1cc(CCNC(CN2C(=O)NC(C)(c3ccc(Cl)cc3)C2=O)=O)c(OC)cc1OC
-23.94    -24.26     55.09      0.97      C1CN(CCCCCn2c3[nH]c(=O)n(C)c(=O)c3nc2)CCN1c1ccccc1
-17.46    -17.85     58.86      0.94      c1(CN2CCN(N=Cc3ccc(SC)cc3)CC2)ccccc1
-34.27    -34.49     10.47      0.55      c1(OC2C(C)(C)NN(O)C2(C)C)ccc2c(occc2=O)c1
-35.21    -34.96     23.23      0.71      C(CC=Nc1cc2c([nH]c3cc(OCC4CO4)ccc3c2=O)cc1)CN(CC)CC
-22.55    -22.92    -12.34      0.13      c1cncc(-c2ccc(CNC(=O)CCCCCCCC)cc2)c1
Human-Component   raw_Human-Component
0.29032257199287415   0.29032257199287415   
1.0   1.0   
0.3870967626571655   0.3870967626571655   
0.22580644488334656   0.22580644488334656   
0.25806450843811035   0.25806450843811035   
0.9677419066429138   0.9677419066429138   
0.9354838728904724   0.9354838728904724   
0.5483871102333069   0.5483871102333069   
0.7096773982048035   0.7096773982048035   
0.12903225421905518   0.12903225421905518   

14:50:41: local_reinforcement_logger.timestep_report +41: INFO     
 Step 41   Fraction valid SMILES: 96.9   Score: 0.4771   Time elapsed: 50   Time left: 10.7
  Agent     Prior     Target     Score     SMILES
-24.68    -25.38    -22.64      0.03      CC1CN(C(N2Cc3c(=Nc4cccnc4)[nH][nH]c3C2(C)C)=O)CC(C)N1
-35.28    -35.35     11.12      0.57      c1c(Cl)c(-n2c3c(c(=NNC(CCC(N(CC)CC)=O)=O)[nH]cn3)cn2)c(Cl)cc1Cl
-29.32    -29.01     47.52      0.93      n1c2oc(C(=O)Nc3c(O)ccc(Cl)c3)c(N)c2cc2c1CCCCC2
-34.34    -33.87    -33.87      0.00      c1(C(N(C)c2ccc(OC)cc2)=O)c(-c2ccsc2)c2cc(Cl)ccc2nc1
-31.57    -32.25    -32.25      0.00      c1ccccc1-c1c(C2CC2)c(=N)c(=O)n2c1[nH]c1cccc(Cl)c21
-28.84    -30.09     43.71      0.90      Fc1ccc(Br)c2c(C(O)CN3CCC(NCc4cc5c(cn4)OCCS5)CC3)ccnc12
-46.61    -51.23     19.83      0.87      c1c(Cl)cc(Cl)c(CN(CCN2CCOCC2)S(=O)(N2CCN(CCCCCCCCN3CCN(CCCN(CC)CC)CC3)CC2)=O)c1
-21.59    -21.48    -10.55      0.13      c1c(CNC(=O)Cc2n[nH]c(=O)c3c2cccc3)occ1
-23.62    -24.05    -15.85      0.10      c1cc(Oc2ccc(F)cc2)ccc1NS(CCC)(=O)=O
-27.45    -27.79     -5.92      0.27      c1c(S(=O)(=O)N2CCOCC2)ccc(N(C)C)c1NC(c1ccnc(Cl)c1)=O
Human-Component   raw_Human-Component
0.03333333507180214   0.03333333507180214   
0.5666666626930237   0.5666666626930237   
0.9333333373069763   0.9333333373069763   
0.0   0.0   
0.0   0.0   
0.8999999761581421   0.8999999761581421   
0.8666666746139526   0.8666666746139526   
0.13333334028720856   0.13333334028720856   
0.10000000149011612   0.10000000149011612   
0.2666666805744171   0.2666666805744171   

14:50:44: local_reinforcement_logger.timestep_report +41: INFO     
 Step 42   Fraction valid SMILES: 100.0   Score: 0.5000   Time elapsed: 53   Time left: 9.9
  Agent     Prior     Target     Score     SMILES
-21.67    -21.81     -5.94      0.19      c1(C2c3c(cc4c(c3)OCO4)C(Nc3cc(OC)c(OC)cc3)C3COC(=O)C32)cc(OC)c(O)c(OC)c1
-29.12    -29.86     52.14      1.00      C1N(CCOC)CCN(c2c(F)cc(N3C(=O)OC(CNS(=O)(c4cc(F)ccc4)=O)C3)cc2)C1
-22.85    -24.19     34.00      0.71      C(NC1CCCCC1)COc1ccc(C)cc1Br
-31.29    -32.78     35.99      0.84      c12[nH]c(=NC3CCN(Cc4ccc(F)cc4)CC3)cc(C)c1cc(NC(N1CC(C)CCC1)=O)cc2
-31.84    -32.61    -19.38      0.16      c1(O)c2c(cccc2)c(O)c(O)c1C(c1cc(C)ccc1)Nc1ccc(C)cc1
-24.97    -25.25    -22.61      0.03      c1cc2c(cc1)NC(c1ccc(N)c(C)c1)=NS2(=O)=O
-29.63    -29.32     -5.51      0.29      C(CC)C1(O)C2(C)CCC3C(CCC4CC(=O)CC34)C2CC1
-27.18    -27.88     14.44      0.52      C1N(C(=O)C)CCCN(c2c(F)cc(-n3cccc3)cc2)C1
-34.89    -34.91     17.99      0.65      CC(C)CN=c1[nH]c(=N)[nH]c(N)c1-c1cn2c(c(O)ccc2)n1
-27.92    -28.78     37.35      0.81      N#CCC(N1CCN(c2ccc(F)cc2)CC1)c1cccc(-c2ccccc2)c1
Human-Component   raw_Human-Component
0.19354838132858276   0.19354838132858276   
1.0   1.0   
0.7096773982048035   0.7096773982048035   
0.8387096524238586   0.8387096524238586   
0.16129031777381897   0.16129031777381897   
0.032258063554763794   0.032258063554763794   
0.29032257199287415   0.29032257199287415   
0.5161290168762207   0.5161290168762207   
0.6451612710952759   0.6451612710952759   
0.8064516186714172   0.8064516186714172   

14:50:46: local_reinforcement_logger.timestep_report +41: INFO     
 Step 43   Fraction valid SMILES: 93.8   Score: 0.4688   Time elapsed: 55   Time left: 8.8
  Agent     Prior     Target     Score     SMILES
-30.31    -33.78     14.29      0.59      c12c(cccc1)C(C1(CC#N)CCN(C(CCN)C(NCc3ccccc3)=O)CC1)c1ccccc1-2
-23.31    -25.70     47.82      0.90      CN1CCN(C2CN(c3ccccc3)Cc3c2cccc3)CC1
-32.76    -32.05      4.71      0.45      Fc1ccc(CC(N(N=Nc2cc(C(F)(F)F)ccc2)C2=NS(=O)(=O)c3c2cccc3)=O)cc1
-29.09    -29.50    -12.53      0.21      c12c(ccc(OCc3csc(-c4ccc(C)cc4)n3)c1)S(=O)(=O)NC2
-26.74    -26.62    -20.97      0.07      c12c[nH]nc1[nH]c1c(cccc1)c2=Nc1c(N(C)C)cc(NS(=O)(=O)C)cc1
-25.87    -25.77     13.81      0.48      C(C1(C)C2CCc3cc(O)c(C(=O)C)cc3C2(C)CCC1)=C
-35.98    -35.66     -4.56      0.38      c1cc(COC(=O)C2CCCN2C(C(NC(N2CCNCC2)=O)CC(=O)C)=O)ccc1
-68.79    -68.85    -68.85      0.00      CC12C(Cc3c(c(O)n(Nc4ccccc4)c3O)CC1)C1C(OC3(CC(C)C4C3(C)CCC(OC(CC)=O)C4C)C1C)=O
-28.44    -27.98     39.88      0.83      c1c(OCCn2c3c(c(Cl)ccc3)c(CC(O)=O)c2C)ccc(C)c1
-24.06    -24.02     -4.23      0.24      [nH]1c2c(c3ccccc13)cc(C(OCCCC)=O)nc2-c1ccccc1
Human-Component   raw_Human-Component
0.5862069129943848   0.5862069129943848   
0.8965517282485962   0.8965517282485962   
0.4482758641242981   0.4482758641242981   
0.2068965584039688   0.2068965584039688   
0.06896551698446274   0.06896551698446274   
0.48275861144065857   0.48275861144065857   
0.37931033968925476   0.37931033968925476   
0.0   0.0   
0.8275862336158752   0.8275862336158752   
0.24137930572032928   0.24137930572032928   

14:50:47: local_reinforcement_logger.timestep_report +41: INFO     
 Step 44   Fraction valid SMILES: 100.0   Score: 0.5000   Time elapsed: 57   Time left: 7.6
  Agent     Prior     Target     Score     SMILES
-25.23    -25.32     56.68      1.00      CN1CCN(c2cc(=S)[nH]c3c2cccc3)CC1
-19.22    -19.37      4.44      0.29      c1cc(N=Nc2ccc(N(CC)CC)cc2)ccc1C(O)=O
-22.75    -23.80      7.94      0.39      O(C)c1cc(C(N2CCN(c3c(F)cc(N4CC(CNC(C)=O)OC4=O)cc3)CC2)=O)cc(OC)c1OC
-24.44    -25.32     46.10      0.87      C(CN1CCOCC1)NC(=O)c1nn(C)c2c1CCc1c-2[nH]c(=NC2CCCC2)nc1
-21.81    -22.24     25.37      0.58      N(C12CC3CC(CC(C1)C3)C2)C(=O)NCCNC(C)=O
-23.75    -23.90     18.43      0.52      S(c1c(S(=O)(c2ccccc2)=O)c(C)n(C)n1)Cc1ccccc1
-30.65    -30.51    -27.86      0.03      c1(Cl)cc(Cl)c(OS(=O)(c2ccc(CC(OCC)=O)cc2)=O)cc1Cl
-26.85    -27.67    -17.09      0.13      c12ccccc1c(CN(CCNC(c1ccc([N+]([O-])=O)cc1)=O)C)ccc2
-33.20    -34.49     44.86      0.97      C(COC(C1CCN(CCCN2Cc3c(cc(OC)c(OC)c3)CC2)CC1)=O)C
-24.23    -26.20     50.51      0.94      c1cccc2cc(-c3ccccc3)n(CCOCCN3CCOCC3)c12
Human-Component   raw_Human-Component
1.0   1.0   
0.29032257199287415   0.29032257199287415   
0.3870967626571655   0.3870967626571655   
0.8709677457809448   0.8709677457809448   
0.5806451439857483   0.5806451439857483   
0.5161290168762207   0.5161290168762207   
0.032258063554763794   0.032258063554763794   
0.12903225421905518   0.12903225421905518   
0.9677419066429138   0.9677419066429138   
0.9354838728904724   0.9354838728904724   

14:50:48: local_reinforcement_logger.timestep_report +41: INFO     
 Step 45   Fraction valid SMILES: 100.0   Score: 0.5000   Time elapsed: 58   Time left: 6.3
  Agent     Prior     Target     Score     SMILES
-27.10    -27.88     40.89      0.84      n1cc2n(n1)-c1ccccc1CN(c1[nH]c3ccccc3n1)C2
-16.24    -17.75     11.35      0.35      c1c2c(ccc1)CN(C(Nc1ccc(C3CCNCC3)cc1)=O)C2
-22.86    -22.74     -6.87      0.19      c1ccc(COc2ccc(-n3cnnc3-c3ccncc3)cc2)cc1
-22.17    -22.53     56.83      0.97      Clc1ccc(-c2ccc(N3CCC(C(N)=O)CC3)nc2)cc1
-26.93    -26.28     -5.12      0.26      FC(F)(C1CCC(Cn2nnc(C3(O)CCCCC3)c2)CC1)F
-16.06    -16.97     57.10      0.90      c12ccccc1CC(c1ccccc1)NC2=N
-17.24    -17.44     32.82      0.61      S(c1[nH]c(-c2ccccc2)c(-c2ccccc2)n1)Cc1ccccc1
-47.36    -48.38    -35.16      0.16      OC12CCCCC1C(C)(C)CC=C1C2C(O)CC2(C)C1CCC2C(C)CCCNCc1ccccc1
-35.83    -36.44    -36.44      0.00      c1cc(NC(=O)N2CCN(C(C(CC)C)CC(C)CC)CC2)ccc1Oc1ccccc1
-33.38    -32.46     -8.66      0.29      O=C(c1cc(C2CCCN(C(c3cnn4c3nccc4)=O)C2)cnc1)OCC
Human-Component   raw_Human-Component
0.8387096524238586   0.8387096524238586   
0.35483869910240173   0.35483869910240173   
0.19354838132858276   0.19354838132858276   
0.9677419066429138   0.9677419066429138   
0.25806450843811035   0.25806450843811035   
0.9032257795333862   0.9032257795333862   
0.6129032373428345   0.6129032373428345   
0.16129031777381897   0.16129031777381897   
0.0   0.0   
0.29032257199287415   0.29032257199287415   

14:50:49: local_reinforcement_logger.timestep_report +41: INFO     
 Step 46   Fraction valid SMILES: 96.9   Score: 0.4844   Time elapsed: 59   Time left: 5.0
  Agent     Prior     Target     Score     SMILES
-31.46    -30.88    -28.15      0.03      C(c1ccco1)NC(CN(C(=O)c1ccc(-c2cccs2)cc1)Cc1occc1)=O
-34.32    -34.14     34.19      0.83      C(N1CCN(c2c(NC(=O)c3c(N4CCC(C)CC4)nccc3)cccc2Cl)CC1)(CN)=O
-48.02    -46.55    -21.95      0.30      Cc1ccc(C(c2cnc(C)cc2)=C(c2ccc3c(c(=O)n(Cc4ccc(F)cc4)cn3)c2)F)cc1
-28.86    -28.89     31.24      0.73      C(=O)(C1CCN(C(OCCCCCC)=O)CC1)Nc1c(C)cc(C)cc1C
-25.97    -26.55    -26.55      0.00      c1ccccc1CNC(C1(C)N(c2ccc(C)cc2C)C(=O)CN(S(=O)(C)=O)C1)=O
-22.56    -22.73     34.67      0.70      c1ccc(NC(CCC(NN=Cc2cccc(OC)c2O)=O)=O)cc1Cl
-24.15    -24.34     11.19      0.43      c12n(cnc1C(=O)OC)Cc1c-2cc(OC)c(OC)c1
-34.84    -36.53     29.07      0.80      N(c1c2c(n(C)n1)cccc2F)C1CN(Cc2c(F)cccc2)CC1
-24.85    -24.81    -13.87      0.13      C1C2CC3CC1CC(C3OC(CCC(=O)NCc1ccccc1)=O)C2
-35.33    -36.61     26.26      0.77      c1(=NNC2=NCCN2)c2[nH]c(=O)[nH]c(=O)c2c2cc(Cl)ccc2[nH]1
Human-Component   raw_Human-Component
0.03333333507180214   0.03333333507180214   
0.8333333134651184   0.8333333134651184   
0.30000001192092896   0.30000001192092896   
0.7333333492279053   0.7333333492279053   
0.0   0.0   
0.699999988079071   0.699999988079071   
0.4333333373069763   0.4333333373069763   
0.800000011920929   0.800000011920929   
0.13333334028720856   0.13333334028720856   
0.7666666507720947   0.7666666507720947   

14:50:51: local_reinforcement_logger.timestep_report +41: INFO     
 Step 47   Fraction valid SMILES: 100.0   Score: 0.5000   Time elapsed: 60   Time left: 3.8
  Agent     Prior     Target     Score     SMILES
-38.49    -37.55    -26.97      0.13      C1(=O)c2cc3c(=O)n(CCOc4ccccc4C)n(Cc4ccccc4)c3cc2C(=O)c2ccccc21
-23.84    -24.21     -5.69      0.23      O=S(N(C)c1nc(C)cc(N(CC)CC)n1)(=O)c1ccccc1
-37.56    -39.17     11.08      0.61      c1cc(S(NC2CCN(C(=O)NCCCNCCCCNCCCN)CC2)(=O)=O)c(Cl)cc1[N+]([O-])=O
-24.41    -25.61     29.94      0.68      c1(C2=NCC=N2)ccc(N2CCN(c3ccccc3)CC2)cc1
-19.07    -18.13      3.04      0.26      c1(C(c2cc(OC)c(OC)c(OC)c2)=O)ccc(OC)c(OC)c1
-26.03    -25.91    -12.68      0.16      C1(C(NC(Cc2c(F)cc(-c3ccc(S(N(C)C)(=O)=O)cc3)cc2)C#N)=O)NCCC1
-25.21    -25.67     -9.80      0.19      c1c(CNC(=O)c2cnn3c2N=C(C)C(C(Nc2ccccc2C)=O)C3c2ccccc2)cccc1
-24.68    -24.27      4.83      0.35      [nH]1c(=NC(=N)NC(=O)N2c3ccccc3Sc3ccccc32)cccc1
-36.06    -36.17     16.74      0.65      OC1CC(Oc2ccc(Cl)cc2)C(O)C(NC(c2cccn2C)=O)C1O
-19.63    -19.56     43.93      0.77      C(N(CCC)C1Cc2c(ccc(O)c2O)CC1)CC
Human-Component   raw_Human-Component
0.12903225421905518   0.12903225421905518   
0.22580644488334656   0.22580644488334656   
0.6129032373428345   0.6129032373428345   
0.6774193644523621   0.6774193644523621   
0.25806450843811035   0.25806450843811035   
0.16129031777381897   0.16129031777381897   
0.19354838132858276   0.19354838132858276   
0.35483869910240173   0.35483869910240173   
0.6451612710952759   0.6451612710952759   
0.774193525314331   0.774193525314331   

14:50:51: local_reinforcement_logger.timestep_report +41: INFO     
 Step 48   Fraction valid SMILES: 100.0   Score: 0.5000   Time elapsed: 61   Time left: 2.5
  Agent     Prior     Target     Score     SMILES
-24.96    -25.31     43.47      0.84      s1c2c(c3c1nc(Sc1nc[nH]n1)nc3)CCCC2
-22.53    -23.90     42.23      0.81      c12nccc(N3CCN(CCC4CCC(NC(=O)C(C)C)CC4)CC3)c1CCCC2
-23.85    -25.15     27.75      0.65      O=S(N1C2Cc3c(cccc3)C(c3ccccc32)C1C)(c1ccccc1)=O
-24.70    -25.29     51.42      0.94      C1CN(C(NC2CCCCC2)=O)C(c2ccccc2Cl)c2[nH]c3c(cccc3)c21
-25.83    -26.31     29.23      0.68      C12C(NC(=O)N1)CCc1c2cc(OC)cc1OC
-25.55    -26.25     31.95      0.71      C1CN(C(=O)N=c2cccc[nH]2)CCN1c1ccc(C(F)(F)F)cc1C(CC(C)C)N
-25.71    -25.63    -20.34      0.06      Cc1c(OC)ccnc1CO
-18.40    -18.91     63.09      1.00      c1(N=c2[nH]c3ccccc3n3nnnc23)ccc(Cl)cc1
-32.11    -32.75     -6.30      0.32      c1cc(NC(C2CCN(c3cc(NCC)nc(N4CCOCC4)n3)CC2)=O)ccc1C
-23.18    -23.48    -12.90      0.13      c1cc(OCC)c(O)cc1-c1nn[nH]n1
Human-Component   raw_Human-Component
0.8387096524238586   0.8387096524238586   
0.8064516186714172   0.8064516186714172   
0.6451612710952759   0.6451612710952759   
0.9354838728904724   0.9354838728904724   
0.6774193644523621   0.6774193644523621   
0.7096773982048035   0.7096773982048035   
0.06451612710952759   0.06451612710952759   
1.0   1.0   
0.32258063554763794   0.32258063554763794   
0.12903225421905518   0.12903225421905518   

14:50:52: local_reinforcement_logger.timestep_report +41: INFO     
 Step 49   Fraction valid SMILES: 100.0   Score: 0.5000   Time elapsed: 62   Time left: 1.2
  Agent     Prior     Target     Score     SMILES
-22.60    -23.21     -7.34      0.19      c1cc2n(cc1C)c(=O)nc(SCC(=O)N1CCCC1)n2
-30.80    -29.90     33.58      0.77      c1(CN2C3CCC(CO)C3OCC2)cc(C(=O)N)ccc1
-20.16    -19.06    -13.77      0.06      c1ccc(C2=NC(=Cc3ccc(C(O)=O)cc3)C(=O)O2)cc1
-53.98    -51.85    -41.27      0.13      C(=C1CC(C(CO)O)C2(Cl)C(=C)C(=O)OC2CC1C)C=C(C)C1C(C)C(O)C(C)C(=O)O1
-25.01    -25.17     33.02      0.71      O(C)c1ccc(C(Nc2cc(Cl)c(OCCCN(C)C)cc2)=O)cc1
-24.45    -24.67     -3.51      0.26      c1c(-c2[nH]c(=NC3=NCCC3)c3ccccc3n2)ccnc1
-27.64    -29.25     26.30      0.68      c1cc(=N)[nH]cc1CN1CC2(CCN(Cc3cocc3)CC2)CCC1
-32.64    -33.30     35.47      0.84      c1cccc2c(O)cc(O)c3c(=O)c(-c4ccccc4)cc(=O)n(c23)c1=O
-35.39    -35.32    -22.09      0.16      [O-][N+](=O)c1cc2c(c(C(N)=O)c1)oc(C(NCCN(CC)CC)=O)c2
-24.18    -23.61     13.42      0.45      c12c(c(=O)n(C)nc1C(=O)NCc1occc1)CCCC2
Human-Component   raw_Human-Component
0.19354838132858276   0.19354838132858276   
0.774193525314331   0.774193525314331   
0.06451612710952759   0.06451612710952759   
0.12903225421905518   0.12903225421905518   
0.7096773982048035   0.7096773982048035   
0.25806450843811035   0.25806450843811035   
0.6774193644523621   0.6774193644523621   
0.8387096524238586   0.8387096524238586   
0.16129031777381897   0.16129031777381897   
0.4516128897666931   0.4516128897666931   

