21:10:09: local_reinforcement_logger.log_message +32: INFO     starting an RL run
21:10:10: local_reinforcement_logger.timestep_report +41: INFO     
 Step 0   Fraction valid SMILES: 96.9   Score: 0.6458   Time elapsed: 1   Time left: 25.0
  Agent     Prior     Target     Score     SMILES
-25.04    -25.04      1.03      0.81      c1c(OC)ccc(C(=CCCN2CCC(C(O)=O)CC2)c2c(CO)cccc2)c1
-29.04    -29.04     -5.28      0.74      ON=C(C)c1c2c(cccc2)nc(-c2cc([N+]([O-])=O)ccc2)c1
-28.13    -28.13     -3.46      0.77      c1c(Cl)cc(Cl)c2ccn(CCC3CCOCC3)c12
-30.15    -30.15     -5.24      0.78      C12CCCC(c3c(cc(OCC(CN4CCCC4)O)cc3)C1)N2CC=C
-31.57    -31.57    -12.81      0.59      C1C(N=c2[nH]c3ccccc3nc2)CCN(C(=O)Nc2cccc(F)c2F)C1
-38.86    -38.86    -15.91      0.72      CC(=O)OC1(C)C(O)C(O)CC2(C(CSc3ccccc3)OC2=O)C1
-30.17    -30.17     -6.53      0.74      c1cccc2cc3n(C)c4cccc(OCC(C)C)c4c3[n+](C)c12
-23.17    -23.17     -5.00      0.57      c1ccccc1CNC(C(NC(=O)OCc1ccccc1)Cc1c2ccccc2[nH]c1)=O
-24.31    -24.31     -2.26      0.69      C1CCCCC1CNCC(=O)Nc1c(C)nn(C)c1C
-30.11    -30.11     -6.72      0.73      c1(C(F)(F)F)c(C(=O)Nc2ccc(Cl)cc2)n(CC)c2ccccc21
Human-Component   raw_Human-Component
0.8145594000816345   0.8145594000816345   
0.7425287365913391   0.7425287365913391   
0.7708812355995178   0.7708812355995178   
0.7785440683364868   0.7785440683364868   
0.5862069129943848   0.5862069129943848   
0.7172414064407349   0.7172414064407349   
0.7386972904205322   0.7386972904205322   
0.5678160786628723   0.5678160786628723   
0.6888889074325562   0.6888889074325562   
0.7310344576835632   0.7310344576835632   

21:10:11: local_reinforcement_logger.timestep_report +41: INFO     
 Step 1   Fraction valid SMILES: 100.0   Score: 0.6667   Time elapsed: 2   Time left: 24.0
  Agent     Prior     Target     Score     SMILES
-25.28    -25.33      1.60      0.84      c1c(-c2noc3cc(OCCCCN4CCC(O)CC4)ccc23)ccc(Cl)c1
-28.13    -28.09     -3.61      0.76      O=S(=O)(N(c1ccc(F)cc1)C)c1cc2ccc(=O)n(CC(=O)O)c2cc1
-24.73    -24.73     -0.87      0.75      C(C(C)N)(=O)NCc1cc(OC)cc(OC)c1
-24.85    -24.89     -5.21      0.62      O=C(CC(O)CC(N)CCC)O
-27.03    -27.00     -7.39      0.61      c1cc(-c2nn3c(=NC(=O)CC(C)C)cc(C)[nH]c3c2)ccc1Cl
-38.41    -38.33    -12.96      0.79      CC(c1cccc(O)c1OC)=CC=C(c1ccc(OC)c(OC)c1)c1cc(OC)c(OC)c(OC)c1
-29.88    -29.90     -8.36      0.67      o1c(C=C2CN(CC)Cc3c(C)ncnc32)ccc1
-43.22    -43.23    -27.12      0.50      c1cccc(=NC(C(CNC(c2nc(NC(C(C)C)=O)c[nH]c2=O)=O)(C)C)=O)[nH]1
-24.70    -24.74      0.28      0.78      c1(OC)c(OC)cc(CNC(C)C)cc1OCc1ccccc1
-20.44    -20.49      3.85      0.76      c1n(C)c(C(=O)Nc2ccc(Cl)cc2)cc1Br
Human-Component   raw_Human-Component
0.8415770530700684   0.8415770530700684   
0.7648745775222778   0.7648745775222778   
0.7455196976661682   0.7455196976661682   
0.6150537729263306   0.6150537729263306   
0.6129032373428345   0.6129032373428345   
0.792831540107727   0.792831540107727   
0.6731182932853699   0.6731182932853699   
0.5032258033752441   0.5032258033752441   
0.7820788621902466   0.7820788621902466   
0.7605735063552856   0.7605735063552856   

21:10:13: local_reinforcement_logger.timestep_report +41: INFO     
 Step 2   Fraction valid SMILES: 100.0   Score: 0.6667   Time elapsed: 4   Time left: 30.7
  Agent     Prior     Target     Score     SMILES
-27.95    -27.93     -1.69      0.82      C(=O)(N1CCN(CCNC(C(=O)Nc2c(Cl)cccc2)=O)CC1)c1ccccc1C
-26.32    -26.34     -0.49      0.81      c1(C)c(C(=O)OCC)[nH]c(=O)cc1COCCC
-37.75    -37.61    -12.45      0.79      c1cc(-c2cc(Cl)cc(F)c2-c2nc(C)on2)c(F)cc1-c1nc2c(nc[nH]c2=N)n1C1CCN(C(=O)C)CC1
-27.11    -26.97     -2.29      0.77      c1c(C=Cc2ccc(Oc3ccc(C(O)=O)c(O)c3)cc2)cccc1
-22.38    -22.34     -7.27      0.47      OCC(N1S(=O)(=O)c2ccc(C#CC(C)O)cc2OC(CN(C(=O)Nc2ccccc2)C)C(C)C1)C
-20.87    -20.89      1.08      0.69      [nH]1c(=NCc2cnc(C)cn2)[nH]c2ccccc12
-30.39    -30.33     -6.43      0.75      C(=O)(N1CCN(Cc2ccc([S+]([O-])c3ccc(Cl)cc3Cl)cc2)CC1)OCC
-20.49    -20.51      2.56      0.72      C1N(c2c(C)c(C)ccc2)CCN(N=CC=Cc2ccccc2)C1
-34.86    -34.95    -13.41      0.67      s1cccc1CNC(CCCCCCCCCn1cc(C)c(=O)[nH]c1=O)=O
-53.02    -53.09    -36.76      0.51      CCN(CC)CCC(NC(C1(NC(=O)C(c2ccsc2)NC(C(NC(=O)C)Cc2nc[nH]c2)=O)CCCC1)=O)CO
Human-Component   raw_Human-Component
0.8200716972351074   0.8200716972351074   
0.8078852891921997   0.8078852891921997   
0.7863799333572388   0.7863799333572388   
0.7713261842727661   0.7713261842727661   
0.47096773982048035   0.47096773982048035   
0.6867383718490601   0.6867383718490601   
0.7469534277915955   0.7469534277915955   
0.7211469411849976   0.7211469411849976   
0.6731182932853699   0.6731182932853699   
0.510394275188446   0.510394275188446   

21:10:15: local_reinforcement_logger.timestep_report +41: INFO     
 Step 3   Fraction valid SMILES: 100.0   Score: 0.6667   Time elapsed: 6   Time left: 33.0
  Agent     Prior     Target     Score     SMILES
-36.99    -37.12    -18.79      0.57      O(C(=O)C)C1C2CC(C=C1C)N(CC(OC(C)(C)C)=O)C2=O
-27.02    -27.08    -10.31      0.52      c1cc(Cl)c(Cn2c(N3CCCC(NC(C)=O)C3)nc3c2c(=O)n(C)c(=O)n3C)cc1
-22.83    -22.84     -2.06      0.65      s1c(-c2n(C)c(SCC(=O)Nc3cc(C)ccc3C)nn2)ccc1
-23.30    -23.15      0.45      0.74      COc1cc(C=CC(OCC(Nc2ccc(N(CC)C(C)C)cc2)=O)=O)ccc1
-54.83    -54.80    -39.27      0.49      C12CC=C(CO)CC1C(C)C(=O)C(CCC1=C(C)C(O)CC3C(C)(C)CCC(=O)C13C)C2OC(=O)C
-22.46    -22.51     -8.22      0.45      c1(-c2cccs2)oc(SCC(=O)Nc2c(C)ccc(C)c2)nn1
-27.44    -27.72     -3.43      0.76      c1cccc(CCCCC(NCCCCCCCCCCCCC=C)=O)c1
-23.27    -23.26      0.85      0.75      OC(=O)c1cc(Cn2nnc(-c3cc(OC)c(OC)c(OC)c3)c2)ccc1
-30.33    -30.27     -9.08      0.66      C(=O)(c1cc(Cl)ccc1NS(=O)(=O)c1ccc(F)cc1C)N=c1[nH][nH]cn1
-28.38    -28.19     -5.59      0.71      c1(C)cccc2n(C(=O)c3ccc(OC)cc3)c(C(=O)OC)cc12
Human-Component   raw_Human-Component
0.5727598667144775   0.5727598667144775   
0.5240143537521362   0.5240143537521362   
0.6494623422622681   0.6494623422622681   
0.7376344203948975   0.7376344203948975   
0.48530465364456177   0.48530465364456177   
0.4465949833393097   0.4465949833393097   
0.7591397762298584   0.7591397762298584   
0.7534050345420837   0.7534050345420837   
0.6623656153678894   0.6623656153678894   
0.7060931921005249   0.7060931921005249   

21:10:17: local_reinforcement_logger.timestep_report +41: INFO     
 Step 4   Fraction valid SMILES: 100.0   Score: 0.6667   Time elapsed: 8   Time left: 33.6
  Agent     Prior     Target     Score     SMILES
-34.01    -33.95     -9.59      0.76      c1cc(S(=O)(=O)N(C)c2ccccc2)ccc1C(=O)c1c(OC)cc(O)cc1O
-24.94    -25.05      0.57      0.80      C=CCn1c(C)c(C2=NN=C(Nc3ccccc3)SC2)c(C)n1
-24.79    -24.83     -0.98      0.75      [nH]1cc(C(N)=O)c(=Nc2c(F)ccc(CNC(=O)C(C)(C)C)c2)[nH]1
-26.16    -26.13    -11.82      0.45      CC(Oc1ccc(N=c2[nH]nc3cc(-c4c(C)ccc(F)c4)c(C)cc3n2)cc1)C
-25.60    -25.82     -7.08      0.59      c1c(C(F)(F)F)cc(-c2ncccc2)[nH]c1=NC1CCNCC1
-32.96    -33.03    -17.54      0.48      c1cc(C(CNCCOc2ccc(-c3[nH]cc(-c4c(F)cccc4)n3)c(OC)c2)O)ccc1
-22.29    -22.27      3.17      0.79      C(C(=O)Nc1cc(Cl)ccc1)(O)=NO
-36.83    -36.90    -12.08      0.78      C(OCCCCC)COC(C(Oc1c2c(ccc1OC)C(=O)c1cccc(OC)c1C2=O)C)=O
-32.55    -32.77     -8.87      0.75      c1(Br)cc(C(=O)N2CCCC2CNc2c(C)cccc2)ccc1
-34.41    -34.18    -12.99      0.66      [nH]1c(CN2CCN(S(=O)(=O)N(C)C(C)C)CC2)nc(=O)c2nn(-c3ccccc3)cc12
Human-Component   raw_Human-Component
0.7612903118133545   0.7612903118133545   
0.8007168173789978   0.8007168173789978   
0.7455196976661682   0.7455196976661682   
0.4473118185997009   0.4473118185997009   
0.5856630802154541   0.5856630802154541   
0.4838709533214569   0.4838709533214569   
0.7949820756912231   0.7949820756912231   
0.7756272554397583   0.7756272554397583   
0.7469534277915955   0.7469534277915955   
0.6623656153678894   0.6623656153678894   

21:10:17: local_reinforcement_logger.timestep_report +41: INFO     
 Step 5   Fraction valid SMILES: 100.0   Score: 0.6667   Time elapsed: 8   Time left: 26.7
  Agent     Prior     Target     Score     SMILES
-32.02    -32.09     -9.38      0.71      n1ccc2c(nc(C3CC3c3ccco3)[nH]c2=O)n1
-24.85    -24.88     -3.20      0.68      c1(-n2cccc2)sc2c(c1C(N(CC)CC)=O)CCCC2
-21.07    -21.38      0.96      0.70      N1(C(C)C)CCC(Oc2cc(C(NCCC3=CCCCC3)=O)ccc2OC)CC1
-37.52    -37.16    -16.89      0.63      C1C(c2ccc(C#N)cc2)CN1C(=O)c1cc(-c2c(Cl)nc(C3CCN(C4CCOC4)CC3)[nH]2)ccc1C
-26.76    -26.67    -12.08      0.46      C1(n2c(=O)c(C(C(=O)c3ccccc3)=O)nn2-c2ccccc2)CCCCC1
-34.10    -34.49     -8.89      0.80      C1c2c(C3CCC(C)CC3)cccc2CN1C(=O)c1ncccc1
-26.09    -26.24     -5.09      0.66      C1CCC(c2onc(-c3cc(NC(c4cccc(C(F)(F)F)c4)=O)ccc3C)c2)N1C(=O)COC
-22.34    -22.18     -4.63      0.55      c1(-n2c(=O)n(CC(c3ccc(OC)cc3)=O)c3ccccc3c2=O)ccccc1
-20.00    -20.02      4.48      0.77      c1ccc(COC(Cc2cc(OC)c(OC)c(OC)c2)=O)cc1
-43.34    -43.26    -19.22      0.75      n1n(C)cc(-c2cnc3c(c2)c(=NC(O)C(NC2CCC2)=O)[nH][nH]3)c1F
Human-Component   raw_Human-Component
0.7096773982048035   0.7096773982048035   
0.6774193644523621   0.6774193644523621   
0.6982079148292542   0.6982079148292542   
0.6336917281150818   0.6336917281150818   
0.4559139907360077   0.4559139907360077   
0.800000011920929   0.800000011920929   
0.6609318852424622   0.6609318852424622   
0.5483871102333069   0.5483871102333069   
0.7655913829803467   0.7655913829803467   
0.7512544989585876   0.7512544989585876   

21:10:18: local_reinforcement_logger.timestep_report +41: INFO     
 Step 6   Fraction valid SMILES: 96.9   Score: 0.6458   Time elapsed: 9   Time left: 24.4
  Agent     Prior     Target     Score     SMILES
-28.95    -28.59    -12.33      0.51      N(C(Cc1nn(CC)nn1)=O)c1ccc(S(N(C)C)(=O)=O)cc1
-23.75    -23.69      4.02      0.87      c1cccc(Nc2ccccc2C(=O)N2CCC(Cc3ccccc3)CC2)c1
-29.41    -29.54     -2.98      0.83      C1c2c(c3cc(F)ccc3[nH]2)CCN1CN
-25.84    -25.89     -0.24      0.80      c1c2c([nH]cc2C=Cc2[nH]c3c(n2)cccc3)cc(Br)c1
-24.00    -23.97      0.28      0.76      O=C(NNC(CO[N+]([O-])=O)=O)c1ccc(Cl)c(Cl)c1
-24.86    -24.98     -0.56      0.76      C1(=O)N(c2cnn(C)c2)CC2(CCC(NS(=O)(C)=O)CC2)O1
-42.45    -42.79    -23.13      0.61      c1(Cl)cc2c(n(CC3OCCC3)c(C(c3cc4cc(OCCCCCc5ccccc5)ccc4n3C(C)C)O)c2)cc1
-30.71    -30.70     -9.86      0.65      C(C1=NCCN1)c1sc2nc(-c3ccc(O)cc3)cn2c1
-25.28    -25.22     -2.12      0.72      Brc1cccc(NC(=NNc2ccc(C)cc2)C(C)=O)c1
-39.31    -39.05    -15.33      0.74      c1(SC)c(CN(C)S(=O)(=O)c2nc(-c3ccc(SC)cc3)ccc2)cccc1
Human-Component   raw_Human-Component
0.5080459713935852   0.5080459713935852   
0.8659003973007202   0.8659003973007202   
0.8298850655555725   0.8298850655555725   
0.8015325665473938   0.8015325665473938   
0.7578544020652771   0.7578544020652771   
0.7632184028625488   0.7632184028625488   
0.6145594120025635   0.6145594120025635   
0.6513410210609436   0.6513410210609436   
0.7218390703201294   0.7218390703201294   
0.7409961819648743   0.7409961819648743   

21:10:20: local_reinforcement_logger.timestep_report +41: INFO     
 Step 7   Fraction valid SMILES: 100.0   Score: 0.6667   Time elapsed: 11   Time left: 24.8
  Agent     Prior     Target     Score     SMILES
-25.58    -25.49     -8.79      0.52      N=c1[nH]c2c(-c3ccncc3)csc2c(=NC)[nH]1
-25.34    -25.41      1.40      0.84      C(C(=O)Nc1cccc(Br)c1)NC(c1cccc(Cl)c1)=O
-28.36    -28.19     -2.54      0.80      C(C#C)N(C(=O)C=Cc1ccc(S(N2CCOCC2)(=O)=O)cc1)CC
-34.02    -34.20     -9.20      0.78      O=C1CC(c2ccc(C)cc2)c2ccccc2N1C(CSCc1ccccc1)C(O)=O
-24.97    -24.88     -4.76      0.63      N(S(=O)(=O)c1ccc(C)cc1)C(=NC)N(C)c1ccccc1
-30.64    -30.89     -7.15      0.74      C(F)(F)(c1cc(NC(=O)N2CCC(CC(CC)CC)(O)CC2)cc(-c2n(C)ncc2)c1)F
-21.58    -21.59      0.36      0.69      c1cc(=O)n(CCOc2ccccc2)nc1-c1ccccc1
-40.57    -40.39    -15.96      0.76      c1(OC)c(C(c2cc(CCOC(C(=CC)C)=O)c(OC)c(Cl)c2O)=O)cc(Cl)c(OC)c1
-23.60    -23.46     -0.24      0.73      c1ccc(Br)c(OCCC(N=c2cc[nH]cc2)=O)c1
-25.00    -24.99     -2.10      0.72      O=C1c2c(cc(Nc3ccccc3)cc2)CC(c2ccc(OC)cc2)C1
Human-Component   raw_Human-Component
0.5218638181686401   0.5218638181686401   
0.8379928469657898   0.8379928469657898   
0.8014336824417114   0.8014336824417114   
0.781361997127533   0.781361997127533   
0.6286738514900208   0.6286738514900208   
0.7419354915618896   0.7419354915618896   
0.6860215067863464   0.6860215067863464   
0.7634408473968506   0.7634408473968506   
0.7254480123519897   0.7254480123519897   
0.7154121994972229   0.7154121994972229   

21:10:21: local_reinforcement_logger.timestep_report +41: INFO     
 Step 8   Fraction valid SMILES: 100.0   Score: 0.6667   Time elapsed: 12   Time left: 22.7
  Agent     Prior     Target     Score     SMILES
-23.52    -23.63     -0.41      0.73      c1(OCC)ccc(S(=O)(N(C)N=Cc2cnn3ccc(Cl)nc32)=O)cc1
-31.77    -31.57    -12.37      0.60      C12(C(OCC)=O)C(CC)(c3c(ccc(O)c3)C1)CCN(Cc1ccccc1)CC2
-42.63    -42.37    -19.77      0.71      c1(Nc2c(O)cccc2)ccc2c([nH]c3cc(NC(CCN4CC5CCC(CC5)C4)=O)ccc3c2=Nc2cc(C)ccc2)c1
-23.59    -23.55     -3.25      0.63      C(NN=Cc1ccc(C(C)C)cc1)(Nc1ccccc1OC)=O
-30.54    -30.73     -7.42      0.73      c1(C)cc(C2(C)NC(=O)c3c(cccc3)N2)c(C)n1-c1c(C)cccc1
-42.06    -42.02    -17.43      0.77      c1cc(F)ccc1S(N1CC2(CO)C1(C)Oc1c(C)cc(OC)cc12)(=O)=O
-29.80    -29.97     -7.44      0.70      c1cc(-n2ncc3c4n(cccc4)c(=O)c3c2)cc(OC)c1
-33.75    -33.92    -17.81      0.50      CC1CC(Cn2c(SCC(=O)NCc3ccccc3)nc3sc4c(c3c2=O)CCCC4)CCC1
-37.76    -37.66    -19.20      0.58      c1(-c2cc3ccccc3s2)csc(-n2c(=O)c3c([nH]c2=O)sc(C)c3C)c1O
-39.87    -39.78    -20.28      0.61      N1(Cc2n(C)ccn2)CC(NC(=O)c2ccc3[nH]nc(-c4ccnc(C)c4)c3c2)CCC1C(Nc1cccc(O)c1O)=O
Human-Component   raw_Human-Component
0.7254480123519897   0.7254480123519897   
0.6000000238418579   0.6000000238418579   
0.7060931921005249   0.7060931921005249   
0.6344085931777954   0.6344085931777954   
0.7283154129981995   0.7283154129981995   
0.7684587836265564   0.7684587836265564   
0.7039426565170288   0.7039426565170288   
0.5032258033752441   0.5032258033752441   
0.5770609378814697   0.5770609378814697   
0.6093189716339111   0.6093189716339111   

21:10:22: local_reinforcement_logger.timestep_report +41: INFO     
 Step 9   Fraction valid SMILES: 100.0   Score: 0.6667   Time elapsed: 13   Time left: 20.8
  Agent     Prior     Target     Score     SMILES
-21.64    -21.61     -1.97      0.61      CC1(C)C=C(C)n2c(=O)c(=Cc3ccco3)sc2=N1
-30.57    -30.50     -6.14      0.76      C(c1cc([N+]([O-])=O)ccc1)C(=O)NNC(NNC(=O)c1ccccc1)=S
-44.58    -45.15    -26.60      0.58      c1cc(-c2cc(C#C)c3n2ncnc3N2CC3CCC2C3)cc(N=c2[nH]c3ccccc3[nH]2)c1C(F)(F)F
-22.81    -22.93      2.51      0.79      O=C(C1N(C(=O)C)N=C(C)C1)N
-25.68    -25.76     -3.97      0.68      c1c(S(=O)(C)=O)ccc2oc(C3=NCCN3)c(C)c12
-23.23    -23.16     -8.27      0.47      S(c1nnc(-c2ccc(F)cc2)o1)CC(=O)c1cc(C)n(CC=C)c1C
-29.37    -29.21    -12.67      0.52      c12nc(-c3ccc[nH]c3=N)[nH]c1n(C1CCC(N3CCOCC3)CC1)c(=O)c(C)n2
-29.27    -29.26     -6.37      0.72      COc1ccc(C)cc1N(Cc1nc[nH]c1)Cc1c(F)cccc1
-43.79    -43.52    -22.72      0.65      C(CCCN1C=CC2(CC=C(C)C)C(=O)C(CC=C(C)C)(CC(=C(C)C)C2)C1=O)CCC
-35.38    -35.49    -15.37      0.63      C1(NCC)CCC(N(C(=O)C(Cl)C)c2c(Br)cccc2)CC1
Human-Component   raw_Human-Component
0.6136200428009033   0.6136200428009033   
0.7612903118133545   0.7612903118133545   
0.5799283385276794   0.5799283385276794   
0.7949820756912231   0.7949820756912231   
0.6810035705566406   0.6810035705566406   
0.4652329683303833   0.4652329683303833   
0.5168458819389343   0.5168458819389343   
0.7154121994972229   0.7154121994972229   
0.6501792073249817   0.6501792073249817   
0.6286738514900208   0.6286738514900208   

21:10:24: local_reinforcement_logger.log_message +32: INFO     Resetting Agent
21:10:24: local_reinforcement_logger.log_message +32: INFO     Adjusting sigma to: 82
21:10:24: local_reinforcement_logger.timestep_report +41: INFO     
 Step 10   Fraction valid SMILES: 100.0   Score: 0.6667   Time elapsed: 15   Time left: 20.5
  Agent     Prior     Target     Score     SMILES
-23.15    -23.25      2.65      0.81      N1(C(c2cc3c(oc2=O)cc2c(c3)cccc2)=O)CCCCC1
-29.00    -28.84     -8.49      0.64      C(N1CC(N=c2c(C(=O)NCC(C(O)(C)C)F)c[nH]c(-n3c4c(cn3)cc(C#N)cn4)c2)(C)CC1)(C1CC1)=O
-34.35    -34.44    -12.60      0.68      N1(C(c2c3c(on2)-c2c(C)csc2C3)=O)Cc2nc[nH]c2CC1
-24.69    -24.78     -3.63      0.66      Clc1ccccc1NS(=O)(c1cccc(C(NCCCn2ccnc2)=O)c1)=O
-24.92    -24.80     -1.56      0.73      c1(C2=NCC(CCN(C)C)O2)ccc(Cl)c(F)c1
-23.82    -23.84     -6.36      0.55      C(CCC)CCOc1ccc(C(=O)NC)cn1
-36.39    -36.59    -18.49      0.57      s1c(-n2nnc(C3=CCOCC3)c2)c(C(=O)N)nc1-c1ccc(C)cc1C
-42.07    -41.47    -25.85      0.49      c1ccoc1Cn1c(=S)sc(C=c2c(=C)n(-c3ccc4c(sc(SCCNC(CSc5nc(C)cc(C)n5)=O)c4C)c3C)c(C)c2)c1O
-32.01    -32.11     -7.06      0.78      C1CN(CCOc2c(-c3ccc(Br)cc3)c(O)oc2)CCN1CC1CCCCC1
-28.17    -27.94     -3.85      0.75      c1c(C(F)(F)F)n2nc(-c3cc(S(=O)(=O)N4CCN(C)CC4)ccc3Cl)sc2n1
Human-Component   raw_Human-Component
0.809319019317627   0.809319019317627   
0.6358423233032227   0.6358423233032227   
0.6824373006820679   0.6824373006820679   
0.6609318852424622   0.6609318852424622   
0.7261648774147034   0.7261648774147034   
0.5462365746498108   0.5462365746498108   
0.5655913949012756   0.5655913949012756   
0.4881720542907715   0.4881720542907715   
0.7827957272529602   0.7827957272529602   
0.7526881694793701   0.7526881694793701   

21:10:26: local_reinforcement_logger.timestep_report +41: INFO     
 Step 11   Fraction valid SMILES: 100.0   Score: 0.6667   Time elapsed: 17   Time left: 19.8
  Agent     Prior     Target     Score     SMILES
-20.27    -20.27     37.22      0.70      c1cccc(C(Nc2ccc(-c3[nH]c4ccccc4n3)cc2)=O)c1C
-31.72    -31.72     24.89      0.69      C(n1nc(-c2ccc(Cl)cc2)n(CCSc2ccc(C)cc2)c1=O)C1CCCCC1
-37.36    -37.36     27.18      0.79      C(OC(c1c(C)c2c(cc1OC)C1CC(O)COC1CC2)=O)C(C)C
-24.33    -24.33     29.04      0.65      C(CCCCC)CCCCCCCCCNC(=O)C1CSC(c2cccc(O)c2)N1
-23.46    -23.46     28.15      0.63      Cc1cc(C(NNC(=S)NCc2ccc(F)cc2)=O)ccc1
-43.48    -43.48     18.36      0.75      OC1C(O)CCN(CC(CN2c3c(cccc3)Sc3ccc(Cl)cc32)c2ccc(OC)c(OC)c2)C1
-25.86    -25.86     16.64      0.52      C(C(C(N=CCC)=O)NC(c1ccc(OC)cc1)=O)C(C)C
-36.42    -36.42     16.13      0.64      O(c1cccc2c1ccnc2)CCCCCCOc1ccc2c3ccccc3c(=O)oc2c1C
-32.41    -32.41     16.79      0.60      n1nn(C2C(OC(C(C)C)=O)C(OC(=O)CCC)C(CO)O2)c(=O)[nH]1
-24.66    -24.66     22.77      0.58      n1c2ccccc2c(=O)n(N=Cc2cc(OC)c(O)cc2)c1CCl
Human-Component   raw_Human-Component
0.7010752558708191   0.7010752558708191   
0.6903225779533386   0.6903225779533386   
0.7870967984199524   0.7870967984199524   
0.6508960723876953   0.6508960723876953   
0.6293906569480896   0.6293906569480896   
0.7541218400001526   0.7541218400001526   
0.5182795524597168   0.5182795524597168   
0.6408601999282837   0.6408601999282837   
0.6000000238418579   0.6000000238418579   
0.5784946084022522   0.5784946084022522   

21:10:27: local_reinforcement_logger.timestep_report +41: INFO     
 Step 12   Fraction valid SMILES: 100.0   Score: 0.6667   Time elapsed: 18   Time left: 18.0
  Agent     Prior     Target     Score     SMILES
-49.11    -49.10    -19.59      0.36      c1ccc(N(S(=O)(C(F)(F)Cl)=O)Cc2ccc(-c3ccccc3OC(F)(F)F)cc2)c(C#Cc2cnc(N3CCOCC3)nc2)c1
-28.19    -28.11     27.56      0.68      c12c(=O)[nH]cc(C)c1[nH]c(-c1c(OCC)cc(Cl)cc1)n2
-32.86    -32.83     30.12      0.77      C1C2(C)C(C)C(=O)C1c1c2cc(C)cn1
-23.08    -23.01     39.89      0.77      c1(F)c(F)cc(N=c2[nH]c(=NC3CCCC3)c([N+](=O)[O-])c[nH]2)cc1
-25.73    -25.73     33.88      0.73      N(C(=O)c1ccc(Cl)cc1Cl)N=C(c1ncccc1)c1ncccc1
-37.94    -37.89      3.03      0.50      Brc1ccc(C(=O)NC(c2c(=O)[nH]sc2N)(CC)c2ccccc2)cc1
-25.01    -25.01     18.13      0.53      c1(SCC(=O)Nc2c(C)cc(C)cc2C)nc2n(C)c(=O)n(C)c(=O)c2n1CCCC
-25.71    -25.73     31.06      0.69      c1(C2CC3N(CC(N(C)CCC#N)=O)C(CC3)C2)cc(O)ccc1
-40.91    -40.90     -3.28      0.46      O(CCNC(C)C)c1c(N2CCN(C(=O)C(NC(Cc3cccc4c3occ4)=O)C(C)C)CC2)cccc1
-24.43    -24.35     15.15      0.48      c1(-c2cn[nH]c2)oc(=O)c2c(C)csc2n1
Human-Component   raw_Human-Component
0.35985663533210754   0.35985663533210754   
0.6788530349731445   0.6788530349731445   
0.7677419185638428   0.7677419185638428   
0.7670251131057739   0.7670251131057739   
0.726881742477417   0.726881742477417   
0.49892473220825195   0.49892473220825195   
0.5261648893356323   0.5261648893356323   
0.6924731135368347   0.6924731135368347   
0.458781361579895   0.458781361579895   
0.4817204177379608   0.4817204177379608   

21:10:28: local_reinforcement_logger.timestep_report +41: INFO     
 Step 13   Fraction valid SMILES: 100.0   Score: 0.6667   Time elapsed: 19   Time left: 16.3
  Agent     Prior     Target     Score     SMILES
-35.45    -35.43      2.14      0.46      C(CNC(CC(O)=NO)C(=O)NC(C(NC(CC(C)C)C=O)=O)Cc1ccccc1)(c1ccccc1)c1ccccc1
-26.34    -26.22     30.50      0.69      O=c1c2c(c(CC(=O)O)nn1CCOC)c1c(s2)CCCC1
-36.58    -36.65     31.60      0.83      C(N(c1c(Cl)nc2cc(Cl)ccc2c1C)S(=O)(=O)c1ccc(Cl)cc1)C(=O)N
-26.50    -26.54      8.56      0.43      Cc1cn(C2OC(CO)CN(Cc3ccc(SC)cc3)C2)c(=O)[nH]c1=O
-27.91    -27.99     33.67      0.75      N=C(c1ccc2c(nc(CCCc3[nH]c4ccc(C(N)=N)cc4c3)[nH]2)c1)N
-25.23    -25.35     40.96      0.81      C1CN(C(=O)Nc2cc(F)ccc2)CCN1Cc1cc(Cl)ccc1OCC(O)=O
-14.79    -14.76     47.02      0.75      c1c(C)nc(C)s1
-21.60    -21.65     37.84      0.73      c1cc2c(cc1)n(C)cc2C1=C(c2c3cccc4c3n(c2)CCNC4)C(=O)NC1=O
-36.54    -36.30     15.90      0.64      OC1(C(=O)O)CCC2C3CC=C4C(CC=C4c4cnccc4)CCC3(C)C(=O)C21
-24.26    -24.26     26.18      0.62      C(C1CC1c1ccc(NC(c2[nH]cc(C#N)n2)=O)c(C2=CCCCC2)c1)O
Human-Component   raw_Human-Component
0.4580645263195038   0.4580645263195038   
0.6917562484741211   0.6917562484741211   
0.8322580456733704   0.8322580456733704   
0.4279569983482361   0.4279569983482361   
0.7519713044166565   0.7519713044166565   
0.8086021542549133   0.8086021542549133   
0.7534050345420837   0.7534050345420837   
0.7254480123519897   0.7254480123519897   
0.6365591287612915   0.6365591287612915   
0.6150537729263306   0.6150537729263306   

21:10:29: local_reinforcement_logger.timestep_report +41: INFO     
 Step 14   Fraction valid SMILES: 100.0   Score: 0.6667   Time elapsed: 20   Time left: 14.7
  Agent     Prior     Target     Score     SMILES
-36.10    -35.95     33.12      0.84      c1c(-c2c3c(nccc3)c3c(c2)N(C(=O)c2ccc(C(=O)O)cc2)CC3C)cccc1
-48.20    -48.12     19.18      0.82      C12=CC(C)(CC(=O)N(C)C)C3C1C=CC2C(Cc1ccccc1)C3
-47.98    -48.19      8.01      0.69      C1(O)C(NC(=O)c2cccc3[nH][nH]c(=N)c23)C(OCc2ccccc2)C(OCc2ccccc2)C(OCc2nc3c(cc(Cl)cc3)cc2)O1
-23.27    -23.30     16.21      0.48      c12c(sc(=NC(=O)c3ccccc3)[nH]1)cccc2C(N)=O
-26.60    -26.55     38.81      0.80      c12[nH]c3c(cccc3)c1CC1N(C2)C(=O)CN(CCc2ccc(OC)c(OC)c2)C1=O
-35.45    -35.53      9.55      0.55      n1c2n(CC(Cl)c3ccccc3)nc3c2c(ccc3)c(=O)c1C(=O)NCCO
-23.62    -23.67     34.41      0.71      c1cc(-c2n(-c3ccccc3)c(SCc3ccc(-c4ccccc4)cc3)nn2)ccn1
-38.63    -38.50     14.11      0.64      COc1ccc2c(c1)[nH]cc2CC(=O)Nc1ccc2c(oc(C3=NNNN3)c2)c1
-21.12    -21.26     32.58      0.66      C1CC(NC(=O)NC(C(=NO)O)C(C)C)CCC1
-28.43    -28.37     34.53      0.77      C(N1CCC(C(=O)N)CC1)(O)c1cn(CC)c2ccc(S(N3CCCC3)(=O)=O)cc2c1=O
Human-Component   raw_Human-Component
0.842293918132782   0.842293918132782   
0.8207885026931763   0.8207885026931763   
0.6853046417236328   0.6853046417236328   
0.4817204177379608   0.4817204177379608   
0.7971326112747192   0.7971326112747192   
0.5498207807540894   0.5498207807540894   
0.708243727684021   0.708243727684021   
0.6415770649909973   0.6415770649909973   
0.65663081407547   0.65663081407547   
0.7670251131057739   0.7670251131057739   

21:10:30: local_reinforcement_logger.timestep_report +41: INFO     
 Step 15   Fraction valid SMILES: 100.0   Score: 0.6667   Time elapsed: 21   Time left: 13.1
  Agent     Prior     Target     Score     SMILES
-36.24    -36.29     28.37      0.79      O=C(c1cc(NC(c2cc(Cl)c(OC)cc2)=O)ccc1-c1cn(C)c(=O)c2c1cc[nH]2)NC1CCCCC1
-29.72    -29.70     28.20      0.71      C(=NNC(C(=O)Nc1sc2c(c1C(=O)N)CCCC2)=O)c1ccoc1
-35.26    -35.44     -2.81      0.40      C1c2n(c3cc(C(=O)NS(N(CC)CC)(=O)=O)cc(F)c3n2)CCN1C(OC(C)(C)C)=O
-29.61    -29.51     12.17      0.51      c12c(c(SCCNC(c3cc(S(N4CCCC4)(=O)=O)ccc3)=O)cn1C)cccc2
-28.79    -29.02     34.87      0.78      C1N(C(C)C)CCN(C(=O)C=Cc2ccc(OCCCCN3CCCCC3)c(OC)c2)C1
-21.76    -21.64     36.15      0.70      c1c2c(ccc1-c1cc(Cl)c(O)c(Cl)c1)[nH]cn2
-30.95    -30.90     14.18      0.55      c1(C)c(CN(C(C(NC2CCCCC2)=O)c2ccncc2)C(=O)c2c(N)c(C(=O)N)ns2)c(C)[nH]c1C
-17.46    -17.47     20.85      0.47      O=C(OCC)c1c(C)nns1
-19.69    -19.67     43.93      0.78      C1(C)(C)OC2C(CNC2=O)OC1
-36.45    -36.53     17.61      0.66      c12c(ccc(OCc3[nH]c4ccc(F)cc4n3)c1)cc(-c1c(OC)cc(COC)cc1)cc2
Human-Component   raw_Human-Component
0.7885304689407349   0.7885304689407349   
0.7060931921005249   0.7060931921005249   
0.3978494703769684   0.3978494703769684   
0.50824373960495   0.50824373960495   
0.7792114615440369   0.7792114615440369   
0.7046595215797424   0.7046595215797424   
0.5498207807540894   0.5498207807540894   
0.4673835039138794   0.4673835039138794   
0.7756272554397583   0.7756272554397583   
0.6602150797843933   0.6602150797843933   

21:10:31: local_reinforcement_logger.timestep_report +41: INFO     
 Step 16   Fraction valid SMILES: 93.8   Score: 0.6250   Time elapsed: 22   Time left: 11.6
  Agent     Prior     Target     Score     SMILES
-34.88    -34.94     34.14      0.84      O(c1cc2c(cc1)c1c(c(=O)o2)CCCC1)c1ccncc1O
-28.47    -28.57      7.11      0.44      o1c(-c2ccccc2)nc(CCCc2c(Br)cccc2)c1CC
-25.28    -25.32     42.21      0.82      C(=O)(COC(CCc1c[nH]c2ccccc21)=O)Nc1cc(OC)ccc1OC
-40.85    -41.10     15.85      0.69      N(=CC=Cc1c2c(cc3c1CCCC3)cco2)NC(=O)c1ccc([N+](=O)[O-])cc1
-26.06    -26.03      8.84      0.43      c1cc(N(CCC#N)C(CSc2nnc(C)n2-c2ccccc2)=O)c(OC)cc1
-20.79    -20.84     38.00      0.72      C1CC1NC(=O)c1c(=O)n(O)c(O)c2ccccc21
-22.10    -22.02     42.00      0.78      N(C1CCc2c(cc(O)cc2)C1O)Cc1ccccc1
-30.52    -30.57     34.74      0.80      C12(CCCCCC1)NC(=O)N(C1CCN(C(=O)C3CCN(Cc4cc(=N)[nH]cc4)CC3)CC1)C(=O)N2
-27.13    -27.02     35.73      0.77      N1(C(=O)CCc2ccc(-c3ccccc3)cc2)C2CC2CC1C(=O)NCc1cccc(Cl)c1F
-39.33    -39.30    -39.30      0.00      c12c(OCCCC)ccc3n(Cc4ccccc4)cc(CCN4C(=O)c5cccc6cccc(c65)C4=O)c1c32
Human-Component   raw_Human-Component
0.8423645496368408   0.8423645496368408   
0.43513956665992737   0.43513956665992737   
0.8234811425209045   0.8234811425209045   
0.6945812702178955   0.6945812702178955   
0.4252873659133911   0.4252873659133911   
0.7175697684288025   0.7175697684288025   
0.7807881832122803   0.7807881832122803   
0.7963874936103821   0.7963874936103821   
0.7651888132095337   0.7651888132095337   
0.0   0.0   

21:10:33: local_reinforcement_logger.timestep_report +41: INFO     
 Step 17   Fraction valid SMILES: 100.0   Score: 0.6667   Time elapsed: 24   Time left: 10.7
  Agent     Prior     Target     Score     SMILES
-32.97    -32.93     35.67      0.84      C1(C)C(c2ccc(C)cc2)NC2(CCCN(C)C2=O)C11C(=O)Nc2ccccc21
-29.30    -29.28     35.73      0.79      C1CN(c2c3c(cccc3)on2)CCN1CCCN1C(=O)C(c2ccccc2)(C)NC1=O
-30.20    -29.92     15.34      0.55      c1(Cc2cc[n+]([O-])cc2)c(=O)n(C2CCC(OCC(C)(O)C)CC2)c2nc(C)nn2c1CCC
-26.78    -27.01     29.53      0.69      FC(F)(F)c1ccccc1NC(N1CCN(c2nc3cc(C)cc(C)c3cn2)CC1)=O
-26.05    -25.79     38.81      0.79      c12c(nc(-c3c(Br)c(O)cc(O)c3Br)[nH]1)c(Br)cc(Br)c2
-18.93    -18.79     43.99      0.77      Oc1c(O)ccc(CN2CCOCC2)c1
-26.08    -26.54     18.43      0.55      C1N(c2ccc(OC)cc2)CCN(C(=O)COc2c(C)n(C)c3c2cc(OC)cc3)C1
-64.29    -64.07     -2.58      0.75      C1C2C(C2(C)C)C(=O)C2(C(=O)C(C(c3cc(O)c4c(c3)OCO4)C=C)C(OC)=C2OC(=O)C)c2c1c(O)oc2O
-29.17    -29.38     24.41      0.66      c1cccc(C(N(C)C(=O)C(=O)c2c3c([nH]c2)cccc3)C(=O)NC(C)(C)C)c1
-35.80    -35.97      6.24      0.51      c1cccc(C(c2ccccc2)(C(NC(C(NCCCNC(C(=Cc2c(Cl)c(Cl)ccc2)C#N)=O)=O)=O)C)O)c1
Human-Component   raw_Human-Component
0.8365591168403625   0.8365591168403625   
0.792831540107727   0.792831540107727   
0.5519713163375854   0.5519713163375854   
0.689605712890625   0.689605712890625   
0.7878136038780212   0.7878136038780212   
0.7655913829803467   0.7655913829803467   
0.5483871102333069   0.5483871102333069   
0.7498207688331604   0.7498207688331604   
0.6559139490127563   0.6559139490127563   
0.5146953463554382   0.5146953463554382   

21:10:34: local_reinforcement_logger.timestep_report +41: INFO     
 Step 18   Fraction valid SMILES: 93.8   Score: 0.6250   Time elapsed: 25   Time left: 9.2
  Agent     Prior     Target     Score     SMILES
-22.55    -22.56     23.29      0.56      C(C1CCN(S(=O)(=O)c2ccc(C(C)(C)C)cc2)CC1)(NC1CCCCCC1)=O
-36.21    -35.77     13.92      0.61      [N+](O)(c1cc2c(cc1)S(=O)(=O)CC(CCCC)(C)C(O)C2O)=O
-26.04    -26.18     27.01      0.65      CC(=O)NCc1cc(-c2ccc(Cl)cc2)c(O)o1
-21.72    -21.81     34.74      0.69      c1sc(S(=O)(=O)NCCc2cccs2)cc1
-23.39    -23.40     42.31      0.80      COc1c(O)cc(C=Cc2cc(Br)c(O)cc2OC)cc1
-23.84    -24.08     20.89      0.55      C1N(C(c2ccc(C)nc2Oc2ccc(C)cc2C)=NO)CCC(=O)C1
-42.26    -41.86      6.88      0.59      [N+](c1ccc(N(C(OCCOCCOCCOC(=O)C(C#N)=Cc2ccc(Cl)cc2)=O)C)cc1)(=O)[O-]
-29.24    -29.31     13.30      0.52      c1c(-c2cccc(CNC)c2)cc(NS(=O)(c2c3ccccc3ccc2)=O)cc1
-22.88    -22.90     38.10      0.74      c1(OC)ccc(C)cc1S(NC(c1ccccc1)C)(=O)=O
-27.63    -27.64    -27.64      0.00      c1c(Sc2cc(C)ccc2C)[nH]cc([N+](=O)[O-])n1
Human-Component   raw_Human-Component
0.5591133236885071   0.5591133236885071   
0.6059113144874573   0.6059113144874573   
0.6486042737960815   0.6486042737960815   
0.6896551847457886   0.6896551847457886   
0.8013136386871338   0.8013136386871338   
0.5484400391578674   0.5484400391578674   
0.5944170951843262   0.5944170951843262   
0.5197044610977173   0.5197044610977173   
0.743842363357544   0.743842363357544   
0.0   0.0   

21:10:36: local_reinforcement_logger.timestep_report +41: INFO     
 Step 19   Fraction valid SMILES: 96.9   Score: 0.6458   Time elapsed: 26   Time left: 7.8
  Agent     Prior     Target     Score     SMILES
-51.68    -51.53    -51.53      0.00      c12c3c4c(=O)[nH]c(O)n4oc3c(C(C)=O)cc1C(O)C1C(=O)CCC(C)(C)C1C2
-34.71    -34.68     33.88      0.84      C(OC1C[N+](C)(CC#Cc2cccs2)CCC1)(C12CC3CC(CC(C3)C1)C2)=O
-43.07    -42.92     25.07      0.83      C1OC12CN(CC(C1CCCCCC1)N1CCN(Cc3nc[nH]c3)C(C)C1)CC2
-23.99    -23.54     26.60      0.61      c1c(N(C(=O)COC(CCOc2c(C)ccc(C)c2)=O)C)cccc1
-24.44    -24.48     41.12      0.80      O=S(c1ccc(-c2csc(-c3nc4ccccc4[nH]3)c2)cc1)(=O)C
-20.47    -20.24     44.73      0.79      n1c(N2CCOCC2)nc(N2C(C)COCC2)c2c1nc(-c1cc(CO)c(OC)cc1)cc2
-31.31    -31.14     29.56      0.74      c1ccccc1C(c1ccccc1)CC(N1C(C(O)=O)Cc2c(ncn(Cc3cc(C)c(O)c(C)c3)c2=O)C1)=O
-61.67    -61.20     -3.89      0.70      c12ccccc1oc(=O)c([N+]([O-])=O)c2Nc1c(Oc2c(S(=O)(C)=O)cc(F)cc2)c(OC(=O)c2ccccc2)c(C(=O)C)cc1
-22.24    -22.19     30.71      0.65      c1(Cc2cncnc2)c(O)[nH]c(=O)s1
-23.18    -23.30     36.71      0.73      c1c(OC)c2c(oc(-c3cc4c(cc3)OCCCO4)cc2=O)cc1OC
Human-Component   raw_Human-Component
0.0   0.0   
0.8360153436660767   0.8360153436660767   
0.8291187882423401   0.8291187882423401   
0.611494243144989   0.611494243144989   
0.800000011920929   0.800000011920929   
0.79233717918396   0.79233717918396   
0.7402299046516418   0.7402299046516418   
0.6988505721092224   0.6988505721092224   
0.6452107429504395   0.6452107429504395   
0.7318007946014404   0.7318007946014404   

21:10:37: local_reinforcement_logger.timestep_report +41: INFO     
 Step 20   Fraction valid SMILES: 100.0   Score: 0.6667   Time elapsed: 28   Time left: 6.7
  Agent     Prior     Target     Score     SMILES
-27.31    -27.02     23.12      0.61      c12[nH]c3c(c(=O)c1cc(Cl)c(Cl)c2)c(C(F)(F)F)n[nH]3
-38.38    -38.08     -9.69      0.35      C(=O)(C(NC(=O)C(CCCN=C(N)N)NC(OC(C)(C)C)=O)Cn1cnc(-c2ccccc2)n1)O
-22.01    -22.01     31.13      0.65      c1cc2c(cc1OC)C(=O)N(CC1(C#Cc3c[nH]c(=NC)nc3OC)NC(=O)NC1=O)C2
-27.80    -27.81     16.16      0.54      c1cc(C(C)(C)C)ccc1CNC(=O)c1ccc(N2CCN(C(=O)NCCCC)CC2)nc1
-45.47    -45.45      2.52      0.58      Cc1c2c(c(NC(=O)c3ccc(OCC)c([N+](=O)[O-])c3)c(C)c1)[nH]c(=NC(c1ccc(F)cc1)=O)[nH]2
-22.13    -21.93     38.15      0.73      c1(C(OCc2ccccc2)=O)cc(C(OC)=O)ccc1
-25.98    -26.16     40.67      0.82      C1CN(Cc2ccccc2)CC(CNC(=O)c2cnc(=NCC)[nH]c2)C1
-25.18    -25.21     29.93      0.67      Cc1c(Br)cc(Br)c(OCC(CNC(C)C)O)c1
-21.23    -21.24     36.18      0.70      c1c(C(O)NCCCN(C)C)cn(C2CCCCC2)c1O
-20.50    -20.26     44.05      0.78      C(=O)(c1c(NC(C)=O)cccc1)O
Human-Component   raw_Human-Component
0.6114695072174072   0.6114695072174072   
0.34623655676841736   0.34623655676841736   
0.6480286717414856   0.6480286717414856   
0.5362007021903992   0.5362007021903992   
0.5849462151527405   0.5849462151527405   
0.7326164841651917   0.7326164841651917   
0.8150537610054016   0.8150537610054016   
0.6724014282226562   0.6724014282226562   
0.7003584504127502   0.7003584504127502   
0.7842293977737427   0.7842293977737427   

21:10:39: local_reinforcement_logger.timestep_report +41: INFO     
 Step 21   Fraction valid SMILES: 100.0   Score: 0.6667   Time elapsed: 30   Time left: 5.5
  Agent     Prior     Target     Score     SMILES
-24.89    -25.00     42.24      0.82      C(CCCC)CCCCCCCN=C(NCC(=O)O)N
-44.92    -44.99     20.78      0.80      C1C2(C)C3CCC4(C)C5C(C(OC(C)=O)CC4C3(C)CC(=O)C2(C)C(c2ccoc2)O1)C(=O)OC(C)(C)C5
-29.68    -30.39      7.29      0.46      c1ccc(-c2ccccc2)c(NC(NCCc2cc3[nH]c(=O)cc(C)c3cc2)=S)c1
-25.74    -25.62     39.51      0.79      c1ccccc1S(N(C1CC(C)(C)NC(C)(C)C1)CC)(=O)=O
-25.65    -26.07     29.72      0.68      c12c([nH]c3c1cccc3)CN(C(N1CCN(c3ccccc3F)CC1)=O)CC2
-33.12    -32.95     29.07      0.76      c12c(c(N(C)C)nc(SC)n1)C(c1cccc(Oc3ccccc3)c1)c1c(coc1O)N2
-24.31    -24.37     17.24      0.51      c1c(CC(N)=NOC(=O)CCC(c2ccccc2)=O)cccc1
-30.15    -30.20     23.70      0.66      NC(N)=NCC(C(=O)Nc1ccc(-c2ccccc2)cc1)(O)c1ccccc1
-19.33    -20.14     42.88      0.77      c1c(C=CC(=NO)O)ccc(CNCCc2ccc(Cl)c(Cl)c2)c1
-18.42    -18.28     42.20      0.74      c12ncn(C(C)C)c1nc[nH]c2=N
Human-Component   raw_Human-Component
0.8200716972351074   0.8200716972351074   
0.802150547504425   0.802150547504425   
0.45949819684028625   0.45949819684028625   
0.7942652106285095   0.7942652106285095   
0.6802867650985718   0.6802867650985718   
0.7562723755836487   0.7562723755836487   
0.5075268745422363   0.5075268745422363   
0.6573476791381836   0.6573476791381836   
0.7684587836265564   0.7684587836265564   
0.7376344203948975   0.7376344203948975   

21:10:41: local_reinforcement_logger.timestep_report +41: INFO     
 Step 22   Fraction valid SMILES: 96.9   Score: 0.6458   Time elapsed: 32   Time left: 4.2
  Agent     Prior     Target     Score     SMILES
-27.18    -27.37     40.24      0.82      N(C1CCCCC1)CC=CCN1CCN(c2ccc(OC)cc2OC)CC1
-24.85    -24.88     33.68      0.71      O=C(c1ccccc1Br)COC(C1CCN(c2ccc(C(F)(F)F)cn2)CC1)=O
-34.52    -34.58     27.81      0.76      c1(C)noc(-c2n[nH]c3ccc(C45CC6CC(CC(C6)C4)C5)cc32)c1
-24.29    -24.22     37.48      0.75      C(=S)(N=c1[nH]cc(Br)cc1)Nc1cccc(O)c1
-17.53    -17.81     42.13      0.73      Brc1ccc(C=CC(=O)c2ccc(Cl)cc2)cc1
-25.25    -25.04     27.55      0.64      c1c(CN=c2nc(-c3cccnc3)[nH]n2C(c2ccc(N)cc2)=O)cccc1
-23.80    -24.18     33.56      0.70      C1CN(Cc2ncccc2)CCN1C1CCC(c2cc3c(cc2)OCO3)(O)CC1
-27.68    -28.10     28.20      0.69      Fc1ccc(Nc2ccccc2CCNC(=S)N=c2ccc(Br)c[nH]2)cc1
-21.46    -21.53     32.69      0.66      C1(NC(=O)C[S+](CC(Nc2ccc(C)cc2)=O)[O-])CCCC1
-25.81    -25.41     26.50      0.63      N(C(OC(C)(C)C)=O)C(C(=O)OC)C(=O)OC(C)(C)C
Human-Component   raw_Human-Component
0.8245210647583008   0.8245210647583008   
0.7141762375831604   0.7141762375831604   
0.7609195113182068   0.7609195113182068   
0.7524904012680054   0.7524904012680054   
0.7310344576835632   0.7310344576835632   
0.6413792967796326   0.6413792967796326   
0.7042145729064941   0.7042145729064941   
0.6865900158882141   0.6865900158882141   
0.6613026857376099   0.6613026857376099   
0.6329501867294312   0.6329501867294312   

21:10:43: local_reinforcement_logger.timestep_report +41: INFO     
 Step 23   Fraction valid SMILES: 96.9   Score: 0.6458   Time elapsed: 34   Time left: 2.8
  Agent     Prior     Target     Score     SMILES
-37.83    -38.37     -7.89      0.37      C(N1C(=O)CN(S(=O)(C)=O)CC1(C(Nc1cc2c(cc1)OCCO2)=O)C)(c1ccc2cc(C)oc2c1)=O
-21.76    -21.65     38.79      0.74      Fc1ccc(NC(=O)N2C(c3cnccc3)CCC2)cc1
-35.53    -35.74    -35.74      0.00      c1c(-c2c(-c3c4ccccc4n4nccc43)c3c(C)nn(C)c3[nH]c2=O)cccc1
-21.62    -21.92     15.65      0.46      c1ccccc1N=c1nc(N2CCOCC2)[nH]c(SCC#N)n1
-21.35    -21.30     31.16      0.64      N1(S(=O)(=O)Cc2ccccc2)CCCC(C(N2CCOCC2)=O)C1
-27.21    -27.49     17.06      0.54      c12ccccc1c(N1CCN(CCCNS(c3ccc(S(=O)(N)=O)cc3)(=O)=O)CC1)no2
-43.08    -42.36     -1.27      0.50      O=S(N=c1[nH]c2cccc(Cn3nc(C(=O)O)c(Br)c3)c2o1)(=O)c1c(N(C)C)cccc1
-58.38    -58.60    -23.73      0.43      CC12C(CC=C3C1(C)CCC1(C(NC(C(=O)OC)CC(C)C)=O)CCC(C)(C)CC3C1(C)C)C(C)(CC#N)C(C(C)NCCCC=C)CC2
-28.46    -28.12     30.94      0.72      [nH]1c(=Nc2ccc(Oc3ncccc3C3CCCC(F)(F)C3)cc2)ccc(C(F)(F)F)c1
-47.29    -47.08    -10.32      0.45      Cn1c(=O)n(CC(=O)Nc2c(C)c(-c3cc4c([nH]3)nc[nH]c4=NC(C)C)ccn2)c2ncccc12
Human-Component   raw_Human-Component
0.37164750695228577   0.37164750695228577   
0.7371647357940674   0.7371647357940674   
0.0   0.0   
0.45823755860328674   0.45823755860328674   
0.6398467421531677   0.6398467421531677   
0.5432950258255005   0.5432950258255005   
0.5011494159698486   0.5011494159698486   
0.4252873659133911   0.4252873659133911   
0.7203065156936646   0.7203065156936646   
0.4482758641242981   0.4482758641242981   

21:10:46: local_reinforcement_logger.timestep_report +41: INFO     
 Step 24   Fraction valid SMILES: 93.8   Score: 0.6250   Time elapsed: 37   Time left: 1.5
  Agent     Prior     Target     Score     SMILES
-28.01    -28.21     28.28      0.69      [N+](=O)([O-])c1ccc(C2C(C(=O)OCC)=CN(c3ccc(C)cc3)N=C2c2ccccc2)cc1
-24.22    -24.41     38.54      0.77      c1(C(NCCCNC(c2ccc3c(c2)OCO3)=O)=O)cc(Cl)ccc1
-22.59    -22.47     29.70      0.64      c1ncc(C(=O)Nc2cc(C(N=c3[nH]cnc4c(C(N)=O)cccc43)C)ccc2)cc1
-23.86    -23.68     40.48      0.78      c1c(N2CCN(C(=O)C3=C(C(O)=O)C4CCC3C4)CC2)cccc1C
-52.87    -53.49    -53.49      0.00      N(c1c2c(ccc1)c1ccccc1cc2)=Nc1c(O)[nH]c(C2N(CCCN(C)C)CCc3ccccc32)cc1
-33.81    -33.56     11.54      0.55      c1cc(Cl)c(C2(C)NC(=N)C3(COCC3)S(=O)(=O)C2)cc1NC(=O)c1nc(C(C)(C)C)ccc1
-26.86    -27.02     20.91      0.58      c1(C(=O)Nc2cccnc2)ccc(-c2ccc3c(cccc3)n2)cc1
-30.09    -30.48     29.98      0.74      CN(C(=O)C1CN(S(c2ccc3[nH]c(=O)ccc3c2)(=O)=O)CCC1)c1ccccc1F
-35.36    -35.47     10.24      0.56      o1cccc1-c1cc(-c2c(C)oc3c(c2=O)ccc(OC)c3)nn1CCc1ccccc1
-28.87    -28.70     25.97      0.67      c1ccc(C=CC(=O)n2c3c(c4ccccc24)CCOC3(CC)CC)cc1
Human-Component   raw_Human-Component
0.6888341307640076   0.6888341307640076   
0.7676519155502319   0.7676519155502319   
0.6362890005111694   0.6362890005111694   
0.7824302315711975   0.7824302315711975   
0.0   0.0   
0.5500820875167847   0.5500820875167847   
0.5845648646354675   0.5845648646354675   
0.7372742295265198   0.7372742295265198   
0.5574712753295898   0.5574712753295898   
0.6666666865348816   0.6666666865348816   

