15:06:38: local_reinforcement_logger.log_message +32: INFO     starting an RL run
15:06:39: local_reinforcement_logger.timestep_report +41: INFO     
 Step 0   Fraction valid SMILES: 96.9   Score: 0.4844   Time elapsed: 0   Time left: 0.0
  Agent     Prior     Target     Score     SMILES
-38.71    -38.71    -34.44      0.13      C(NC(=O)c1cc2c(cccc2)nc1)C(CNCC(=O)Nc1c(F)c(F)c(F)cc1)(C)C
-27.21    -27.21    -14.41      0.40      c1(SCc2cc(C)ccc2C)oc2c(cccc2C)n1
-25.52    -25.52     -4.19      0.67      OC(=O)c1c[nH]c(=NCCOC)c2ccccc21
-28.57    -28.57    -17.91      0.33      NC(N)=NC(c1c(C)ccc(NC(=O)c2cccc(C(=O)O)c2)c1)=O
-34.66    -34.66    -20.79      0.43      c1c(C)cc(C)cc1CCNCc1c(C(=O)N2CCC(O)(c3ccccc3)CC2)[nH]cn1
-29.20    -29.20     -8.93      0.63      O=C(O)C(=O)N=c1cc(C)[nH]c2nc(CCC)nn21
-38.24    -38.24    -23.31      0.47      c1(=NCCNc2[nH]c(=NCCCCC(OC)=O)[nH]c(=Nc3cc(C(F)(F)F)ccc3)c2)c2ccc(Cl)cc2[nH]cc1
-31.28    -31.28     -3.55      0.87      c1(Oc2cc(=NC3CCN(Cc4ccccc4Cl)CC3)n3ncc(=Cc4c(O)[nH]c(=O)[nH]4)c3n2)ccccc1
-29.78    -29.78    -11.65      0.57      Oc1cc(O)c(CC)cc1-c1cc2c(c(O)c1)C1C(C(C)(C)O2)CC=C(C)C1
-27.05    -27.05      4.95      1.00      C1(c2ccc(OC)cc2)CN(C)CCc2c1cc(OC)c(OC(C)=O)c2
Human-Component   raw_Human-Component
0.13333334028720856   0.13333334028720856   
0.4000000059604645   0.4000000059604645   
0.6666666865348816   0.6666666865348816   
0.3333333432674408   0.3333333432674408   
0.4333333373069763   0.4333333373069763   
0.6333333253860474   0.6333333253860474   
0.46666666865348816   0.46666666865348816   
0.8666666746139526   0.8666666746139526   
0.5666666626930237   0.5666666626930237   
1.0   1.0   

15:06:40: local_reinforcement_logger.timestep_report +41: INFO     
 Step 1   Fraction valid SMILES: 100.0   Score: 0.5000   Time elapsed: 2   Time left: 49.0
  Agent     Prior     Target     Score     SMILES
-33.93    -33.97    -28.81      0.16      C(n1ccnc1)Cc1c2c(cc(OC)c(OCCCc3ccccc3)c2)ccc1
-25.82    -25.84     -1.07      0.77      C(c1ccc(OCC(CN2CCN(S(=O)(c3c(C)cc(C)cc3)=O)CC2)O)cc1)(C)C
-34.49    -34.55    -21.13      0.42      C(NC(c1cc(=NC(CC(NC(=O)CC)c2ccccc2)=O)[nH]cc1)=O)C
-35.84    -35.98     -5.01      0.97      C1N(c2cccc(C(=O)Nc3ccc(C)cc3)c2)CCN(CC(=O)NC2C3CC4(C(O)=O)CC(CC2C4)C3)C1
-20.24    -20.21    -19.18      0.03      c1cccc(NC(NCc2ccc(S(=O)(N)=O)cc2)=O)c1
-17.35    -17.37     -9.11      0.26      O=C(OC)C(NC(=O)C)Cc1ccccc1
-21.83    -21.88     -0.20      0.68      N(C(c1cc(OC)c(N=c2nc3c(c[nH]2)CCc2nn(C)c(-c4ccccc4Cl)c2-3)cc1)=O)C1CCN(C)CC1
-26.50    -26.53      2.38      0.90      FC(c1c(-c2nnc(C34CCC(CCS(=O)(=O)CC)(CC3)CC4)n2C2CC2)cccc1)(F)F
-19.52    -19.53     -3.02      0.52      c1c2c(ccc1)N(C)C(=CC(=O)c1ccc(OC)cc1)C2(C)C
-31.43    -31.39    -16.94      0.45      c1cc(OC)cc(-c2ccc(CN3C(C(C)CC)C(=O)N(Cc4cn(Cc5occc5)nn4)CC(O)C3)cc2)c1
Human-Component   raw_Human-Component
0.16129031777381897   0.16129031777381897   
0.774193525314331   0.774193525314331   
0.4193548262119293   0.4193548262119293   
0.9677419066429138   0.9677419066429138   
0.032258063554763794   0.032258063554763794   
0.25806450843811035   0.25806450843811035   
0.6774193644523621   0.6774193644523621   
0.9032257795333862   0.9032257795333862   
0.5161290168762207   0.5161290168762207   
0.4516128897666931   0.4516128897666931   

15:06:41: local_reinforcement_logger.timestep_report +41: INFO     
 Step 2   Fraction valid SMILES: 100.0   Score: 0.5000   Time elapsed: 2   Time left: 32.0
  Agent     Prior     Target     Score     SMILES
-24.51    -24.39    -14.07      0.32      C(C)(C)N(Cc1nc(-c2cc(OC)ccc2)oc1)Cc1occc1
-19.72    -19.73      0.92      0.65      c1c(C(O)(c2ccccc2)C2OCCNC2)cccc1
-22.19    -22.18      0.53      0.71      O=Cc1c(O)c(C=C)cc(Br)c1
-23.02    -22.94    -16.75      0.19      O1Cc2n(c(Cn3nccc3)cn2)CC1
-20.70    -20.64     -6.19      0.45      c1cc(CN(c2ccc(C(C(F)(F)F)(C(F)(F)F)O)cc2)CCC)ccc1
-33.48    -33.46    -17.97      0.48      c1c(Cl)c(F)ccc1Cc1cc2n(CC(N3CCOCC3)=O)c(-c3ccccn3)c(C3CCCCC3)c2cc1
-25.61    -25.60     -9.08      0.52      c1(C(=O)c2ccc(N3CCN(C(c4ccc(F)cc4)=O)CC3)nc2)cc(OC)c(OC)c(OC)c1
-26.38    -26.43    -19.21      0.23      c12ccc(Cl)cc1c(-n1nnc(CNC(Nc3ccc(Cl)cc3)=O)c1)cc(C)n2
-26.66    -26.78    -26.78      0.00      S1C(=Cc2ccc(OCC(Nc3cc(C)ccc3O)=O)c(OC)c2)C(=O)NC1=O
-17.57    -17.60    -12.44      0.16      O=C1CC(=N)C(=O)c2ncccc21
Human-Component   raw_Human-Component
0.32258063554763794   0.32258063554763794   
0.6451612710952759   0.6451612710952759   
0.7096773982048035   0.7096773982048035   
0.19354838132858276   0.19354838132858276   
0.4516128897666931   0.4516128897666931   
0.4838709533214569   0.4838709533214569   
0.5161290168762207   0.5161290168762207   
0.22580644488334656   0.22580644488334656   
0.0   0.0   
0.16129031777381897   0.16129031777381897   

15:06:42: local_reinforcement_logger.timestep_report +41: INFO     
 Step 3   Fraction valid SMILES: 100.0   Score: 0.5000   Time elapsed: 3   Time left: 35.2
  Agent     Prior     Target     Score     SMILES
-36.11    -36.34     -7.44      0.90      C1C(=O)NC(=O)C1C1(C)CCCC2(C)c3c(cc(Br)c(C)c3)CCC12
-27.16    -27.09     -9.54      0.55      c1(C2N(Cc3ccc(Br)cc3)C(=O)c3c(cccc3)N2)ccc(OCc2ccccc2)c(OC)c1
-44.49    -44.38    -30.96      0.42      c1(-c2oc(C)nn2)nc2c(ccc(CN(C)C)c2)c(-c2ncnc(CO)c2)c1
-28.96    -29.06      2.94      1.00      C(N1CCC2(C)c3cc4c(cc3CC12O)OCO4)CC
-26.51    -26.46    -23.36      0.10      c1c(OCc2ccccc2C(F)(F)F)ccc(C2NC(=O)N=C(C)C2C(OC(C)C)=O)c1
-50.68    -50.53    -48.46      0.06      c1(C(S(C)(=O)=O)CC2CC(n3cc(C)nn3)C(O)C(COC(C)=O)O2)ccc(-c2ccccc2)cc1
-29.01    -29.41     -8.77      0.65      c1(C(=O)NCC2(c3sccn3)CCN(S(CCC)(=O)=O)CC2)nc(C)ccc1
-33.80    -33.69    -18.20      0.48      c1cc(CNC(c2ccc(CCCCC)cc2)=O)ccc1-c1cc(N(C)CC)ncc1
-16.07    -16.16      9.64      0.81      C1C(=O)C(=O)c2ccccc2C1=O
-33.46    -33.54    -22.18      0.35      N1(C(c2cc(OC)c(OC)c(OC)c2)=O)CCN(CC(c2c(=O)oc3c(c2)ccc(OC)c3OC)=O)CC1
Human-Component   raw_Human-Component
0.9032257795333862   0.9032257795333862   
0.5483871102333069   0.5483871102333069   
0.4193548262119293   0.4193548262119293   
1.0   1.0   
0.09677419066429138   0.09677419066429138   
0.06451612710952759   0.06451612710952759   
0.6451612710952759   0.6451612710952759   
0.4838709533214569   0.4838709533214569   
0.8064516186714172   0.8064516186714172   
0.35483869910240173   0.35483869910240173   

15:06:43: local_reinforcement_logger.timestep_report +41: INFO     
 Step 4   Fraction valid SMILES: 100.0   Score: 0.5000   Time elapsed: 4   Time left: 36.8
  Agent     Prior     Target     Score     SMILES
-50.28    -50.23    -33.72      0.52      NCCC(=O)C(OC1C(OC(=O)C)C(OC(=O)C)COC(OCCCCCCCCCCCCCCCCCCCCC)O1)=O
-68.43    -68.53    -65.43      0.10      CC1(C)n2c(=O)n(-c3cccc(C(Nc4c(C(OCC)=O)sc5c4cc(NC(C(Nc4ccccc4)=O)=O)cc5)=O)c3)ccc2=C2CCCC12
-22.86    -22.79     -3.17      0.61      C(#N)C(=Cc1ccc(N2CCCCC2)cc1)C(=O)OCC
-32.52    -32.62    -20.23      0.39      c1(O)cc(Cc2c(O)cc(OC)c(C=CC(=O)c3ccc(O)cc3O)c2O)c(O)cc1C
-24.87    -24.77     -6.19      0.58      n1(-c2ccccc2)nc(C)c2c(C(=O)O)nn(-c3cc(Cl)c(Cl)cc3)c12
-21.14    -21.16     -5.68      0.48      c1c(S(=O)(NCc2ccncc2)=O)ccc(N2S(=O)(=O)CCCC2)c1
-17.35    -17.34     12.59      0.94      CN(C)C(=O)C1(c2ccccc2)C(CN)C1
-23.55    -23.75    -13.42      0.32      c1(Oc2c(C=NOCCN(CC)CC)c(=N)[nH]cn2)ccc(OC)cc1
-39.68    -39.94    -17.24      0.71      C1CC2(C)C3C(C4C(C)(CC3)C(C)(C(=O)C)CC4)CC(C)=C2CC1OC(=O)N1CCSCC1
-21.34    -21.29     -7.88      0.42      c1(-c2ccccc2)c(C(Oc2ccc(C=C[N+]([O-])=O)cc2)=O)cccc1
Human-Component   raw_Human-Component
0.5161290168762207   0.5161290168762207   
0.09677419066429138   0.09677419066429138   
0.6129032373428345   0.6129032373428345   
0.3870967626571655   0.3870967626571655   
0.5806451439857483   0.5806451439857483   
0.4838709533214569   0.4838709533214569   
0.9354838728904724   0.9354838728904724   
0.32258063554763794   0.32258063554763794   
0.7096773982048035   0.7096773982048035   
0.4193548262119293   0.4193548262119293   

15:06:43: local_reinforcement_logger.timestep_report +41: INFO     
 Step 5   Fraction valid SMILES: 100.0   Score: 0.5000   Time elapsed: 5   Time left: 37.5
  Agent     Prior     Target     Score     SMILES
-27.91    -27.96     -0.09      0.87      c1ccnc(Sc2cc(O)n(-c3ccccc3)c2O)c1N1CCCCC1
-30.90    -30.98    -17.56      0.42      O=C(OC1CC2C3(C)CCC(C(C)CCC=C(CO)C)C3(C)CC=C2C2(C)CCC(O)C(C)(C)C12)C
-29.79    -29.58    -25.45      0.13      C(COc1ccccc1)N(C(=O)c1onc(-c2sccc2)c1)C
-30.77    -30.52    -28.45      0.06      n12c(=O)c(-c3n(-c4ccccc4)c(SC(CC)C(=O)OCC)nn3)c(O)nc1scc2
-27.80    -27.83      4.17      1.00      FC(F)(c1cc(-c2cccc(C3(C)N=C(N)CCS3)c2)c(F)cc1)F
-22.73    -22.79    -19.70      0.10      C(C=Cc1cc2c(cc1)OCO2)(=O)OCC(=O)NC1CCCCC1C
-24.43    -24.61      0.16      0.77      Cc1c(C(=O)NC(C)(C)C)n2cc(-c3cc(Cl)ccc3)ccc2n1
-26.94    -26.87    -19.64      0.23      C(=CCOc1ccc(C=CCC(O)=O)cc1OC)c1ccccc1
-24.27    -24.13    -11.74      0.39      N(CC)(CC)C(c1cc([N+](=O)[O-])c(Sc2ccc(Cl)cc2)cc1)=O
-45.32    -45.10    -30.65      0.45      C(CC(N(CC)c1ccc(C)c(Br)c1)=O)C(C)NCC(C)CC
Human-Component   raw_Human-Component
0.8709677457809448   0.8709677457809448   
0.4193548262119293   0.4193548262119293   
0.12903225421905518   0.12903225421905518   
0.06451612710952759   0.06451612710952759   
1.0   1.0   
0.09677419066429138   0.09677419066429138   
0.774193525314331   0.774193525314331   
0.22580644488334656   0.22580644488334656   
0.3870967626571655   0.3870967626571655   
0.4516128897666931   0.4516128897666931   

15:06:44: local_reinforcement_logger.timestep_report +41: INFO     
 Step 6   Fraction valid SMILES: 100.0   Score: 0.5000   Time elapsed: 5   Time left: 31.4
  Agent     Prior     Target     Score     SMILES
-26.33    -26.19    -12.77      0.42      C1(Oc2cc[nH]c(=NCc3c(C)nc(C)s3)n2)CCOC1
-35.34    -35.41    -31.28      0.13      N(Cc1ccc(C(NCCN(CC)CC)=O)cc1)Cc1ccc(O)cc1C
-41.52    -41.61    -12.71      0.90      C(CCCCCCCCCCC)CCCC(O)CC(C=C1CCC(=O)C(O)(C)C1=O)O
-21.05    -20.99     -5.51      0.48      c12c(c3c(cc(C#N)cc3)[nH]1)CCNCC2
-30.77    -30.87     -6.09      0.77      [nH]1c(=O)[nH]c2c1c(NCCN1CCN(Cc3cc4c(cc3)OCO4)CC1)ccc2[N+](=O)[O-]
-34.81    -35.08    -20.63      0.45      NC(C=CC1C(O)CC(O)C1CC=CCCCCC(O)=O)SC
-22.27    -22.20     -1.55      0.65      c1c(C)cccc1C(NN=CC1CC=CCC1)=O
-25.60    -25.60    -17.34      0.26      CC(C)(C)Cc1cncc(CNC)c1
-38.25    -38.47    -20.92      0.55      c1cc(N(C)C)c(C2C(CO)N(C(NCC(F)(F)F)=O)C2CO)cc1C
-22.25    -22.29      1.45      0.74      O=C(c1ccc([N+](=O)[O-])cc1)N1CCN(c2cc(Cl)ccc2C)CC1
Human-Component   raw_Human-Component
0.4193548262119293   0.4193548262119293   
0.12903225421905518   0.12903225421905518   
0.9032257795333862   0.9032257795333862   
0.4838709533214569   0.4838709533214569   
0.774193525314331   0.774193525314331   
0.4516128897666931   0.4516128897666931   
0.6451612710952759   0.6451612710952759   
0.25806450843811035   0.25806450843811035   
0.5483871102333069   0.5483871102333069   
0.7419354915618896   0.7419354915618896   

15:06:45: local_reinforcement_logger.timestep_report +41: INFO     
 Step 7   Fraction valid SMILES: 96.9   Score: 0.4844   Time elapsed: 6   Time left: 32.2
  Agent     Prior     Target     Score     SMILES
-24.26    -24.33      1.27      0.80      OC1C(O)C(CO)(C)C2CCC(CO)C2C1
-18.35    -18.25      3.09      0.67      n1nc2n(c1-c1ccccc1)N=C(c1ccc(Br)cc1)CS2
-25.85    -25.62    -24.55      0.03      c1n(CC)c(CNC(=O)C=Cc2ccc(OC)cc2)nn1
-24.85    -24.95      4.92      0.93      c1ccccc1CN1C(=O)SC(=Cc2cccn2-c2c(C(=O)O)cccc2)C1=O
-22.04    -22.11     -6.11      0.50      c1ccc2c(c1)OC(CC)C(=O)N2CC(=O)N1C(C)CCCC1C
-26.09    -25.84    -13.04      0.40      O1c2c(cc(C=C3c4cc(C(O)=O)ccc4NC3=O)cc2)OC1
-27.22    -27.42    -27.42      0.00      o1cccc1C=NNC(=O)CNC(=O)c1cc(OC)c(OCc2c(C)noc2C)cc1
-51.33    -51.44    -51.44      0.00      C(N(CCn1c(=O)c2c3n(c1cccc3)CC(CC1OC1c1ccccc1C(=O)N)CO2)CC)C
-24.04    -24.00    -14.40      0.30      N1(CCCn2c3c(c(SCC(=O)Nc4c(F)cc(Br)cc4)nc2=O)CCCC3)CCOCC1
-40.27    -40.26    -32.79      0.23      c1cc2c(cc1)Oc1cc(NS(=O)(=O)c3ccc(C)cc3)ccc1C21CC[N+]2(CC2)CC1
Human-Component   raw_Human-Component
0.800000011920929   0.800000011920929   
0.6666666865348816   0.6666666865348816   
0.03333333507180214   0.03333333507180214   
0.9333333373069763   0.9333333373069763   
0.5   0.5   
0.4000000059604645   0.4000000059604645   
0.0   0.0   
0.0   0.0   
0.30000001192092896   0.30000001192092896   
0.23333333432674408   0.23333333432674408   

15:06:46: local_reinforcement_logger.timestep_report +41: INFO     
 Step 8   Fraction valid SMILES: 93.8   Score: 0.4688   Time elapsed: 7   Time left: 32.7
  Agent     Prior     Target     Score     SMILES
-30.11    -30.32     -0.53      0.93      c1[nH]c2c(cc(OC)cc2)c1C1c2[nH]c3c(cccc3)c2CC2N1C(=O)CN(CCOC)C2=O
-24.06    -24.21      1.17      0.79      c1cc(CCNC(c2nn(-c3cc(Cl)c(OC)cc3)c(=O)c3n(C)c4c(cccc4)c23)=O)cc(OC)c1OC
-19.78    -19.71    -19.71      0.00      c1cc(NCC(NN=Cc2ccncc2)=O)ccc1OCc1ccccc1
-15.04    -15.06     13.63      0.90      CC[N+](CC)(CC)CC
-40.15    -40.30    -18.23      0.69      c1(S(Nc2ccc(C)cc2)(=O)=O)c(N2CCN(C3CCCCC3)CC2)ccn(-c2ccc(SC(F)F)cc2)c1=O
-21.66    -21.48     -7.13      0.45      CC1(c2cc(NC(c3ncccc3)=O)ccc2F)N=C(N)N(C)S(=O)(=O)C1
-25.54    -25.20    -20.78      0.14      C(Oc1ccccc1NC(=S)Nc1ccc(OC(F)F)cc1)c1ccccc1
-32.40    -32.25    -30.04      0.07      c1c2c(ccc1NC(CCc1ccccc1)=O)n(CCO)nc2-c1nc2c(cccc2)[nH]1
-25.19    -25.05     -4.09      0.66      c1ncc2cc(C(=O)N3CCN(c4ccccc4)CC3)nn2c1
-31.35    -31.80    -30.70      0.03      c1(OC)c(OC)cc2nccc(Oc3cccc(NC(=O)N=c4n(-c5ccccc5)[nH]c(C)c4)c3)c2c1OC
Human-Component   raw_Human-Component
0.931034505367279   0.931034505367279   
0.7931034564971924   0.7931034564971924   
0.0   0.0   
0.8965517282485962   0.8965517282485962   
0.6896551847457886   0.6896551847457886   
0.4482758641242981   0.4482758641242981   
0.13793103396892548   0.13793103396892548   
0.06896551698446274   0.06896551698446274   
0.6551724076271057   0.6551724076271057   
0.03448275849223137   0.03448275849223137   

15:06:47: local_reinforcement_logger.timestep_report +41: INFO     
 Step 9   Fraction valid SMILES: 100.0   Score: 0.5000   Time elapsed: 8   Time left: 32.8
  Agent     Prior     Target     Score     SMILES
-29.35    -29.12    -24.99      0.13      O=C(Nc1c(OCC)cc2[nH]c(=NC(=O)COc3ccc(F)cc3)sc2c1)C
-31.00    -31.50    -17.05      0.45      COc1cc(C=C(c2ccc(O)cc2)C(c2cc(OC)c(O)c(O)c2)=O)cc(O)c1OC
-24.58    -24.46    -12.08      0.39      c1ccc(OCCSc2nc(C)nc3c2c2c(s3)CCC2)cc1
-26.27    -26.28    -23.18      0.10      Cc1cc(C)ccc1-c1nc2ccccc2c(C(=O)NN=C2CCCC2)c1
-25.08    -25.16    -14.83      0.32      c1c(NC(=O)C(=O)NCCc2ccc(S(=O)(N)=O)cc2)cc(F)cc1
-31.80    -31.73    -26.57      0.16      C(Cn1c(=O)[nH]c(Nc2ccc(C)c(CC)c2)cc1=O)OCc1oc(=Nc2ccc(C)cc2)[nH]n1
-29.77    -29.84    -27.78      0.06      O(c1ccc(N2CC(C)NC(C)C2)cc1NC(c1ccc(C)c(N=c2[nH]cnc3cnc(N4CCC(CCN(C)C)CC4)nc32)c1)=O)C
-36.28    -36.07     -7.16      0.90      c12ccc(NC(c3ccc(C(C)(C)C)cc3)=O)cc1CN(Cc1ccc(Cn3cnnn3)cc1)C2
-22.96    -22.92     -1.25      0.68      c1(C(=O)NCc2cccc(Cl)c2)ccc2c(n1)cccc2
-29.74    -29.63     -8.99      0.65      c1(C(=O)NN=Cc2c(O)c(Cl)cc(Cl)c2)cc2c([nH]c3c2C(=O)c2ccccc2C3=O)cc1
Human-Component   raw_Human-Component
0.12903225421905518   0.12903225421905518   
0.4516128897666931   0.4516128897666931   
0.3870967626571655   0.3870967626571655   
0.09677419066429138   0.09677419066429138   
0.32258063554763794   0.32258063554763794   
0.16129031777381897   0.16129031777381897   
0.06451612710952759   0.06451612710952759   
0.9032257795333862   0.9032257795333862   
0.6774193644523621   0.6774193644523621   
0.6451612710952759   0.6451612710952759   

15:06:48: local_reinforcement_logger.log_message +32: INFO     Resetting Agent
15:06:48: local_reinforcement_logger.log_message +32: INFO     Adjusting sigma to: 82
15:06:48: local_reinforcement_logger.timestep_report +41: INFO     
 Step 10   Fraction valid SMILES: 100.0   Score: 0.5000   Time elapsed: 9   Time left: 32.7
  Agent     Prior     Target     Score     SMILES
-22.38    -22.37      0.34      0.71      c1(C(N)=O)ccc2c(c1)c(=O)cc(C)[nH]2
-18.54    -18.56     -8.24      0.32      c1cc(OC)ccc1CNC(C(C)(C)C)=O
-46.14    -46.04    -18.17      0.87      c12[nH]c(=NC(c3nc(C(C)(C)C)c(-c4cc(Cl)c(CC)cc4)nc3)=O)sc1CN(C(CN)=O)CC2
-26.49    -26.47     -9.96      0.52      C12(C)CCCC(C)(C)C1C(OC(=O)c1ccccc1)CC(=C)C=C2
-32.05    -32.06    -32.06      0.00      s1c2n(c(=O)cc(CC(=O)O)n2)nc1-c1cc2c(cc(OC)cc2)cc1
-22.93    -22.77     -7.28      0.48      O(c1cc(OC)cc(OC)c1C(N=c1[nH]cc(C)s1)=O)C
-23.94    -23.97     -0.23      0.74      c1c2c(ccc1)OC(C(c1ccc(O)c(OC)c1)=O)CO2
-26.09    -25.88    -16.59      0.29      c1(-c2nc(N3CC(CO)CC3)c3c(ncn(C)c3=O)c2)cc(C(N(C)C)=O)ccc1
-18.75    -18.88     11.06      0.94      c1(NC(c2ccc(-c3ccccc3)cc2)=O)ccc(CN2CCN(C)CC2)c(C(F)(F)F)c1
-41.65    -41.44    -33.19      0.26      O=C(O)c1cc(C(ON)C(=O)CS(c2ccc3ccccc3c2)(=O)=O)ccc1
Human-Component   raw_Human-Component
0.7096773982048035   0.7096773982048035   
0.32258063554763794   0.32258063554763794   
0.8709677457809448   0.8709677457809448   
0.5161290168762207   0.5161290168762207   
0.0   0.0   
0.4838709533214569   0.4838709533214569   
0.7419354915618896   0.7419354915618896   
0.29032257199287415   0.29032257199287415   
0.9354838728904724   0.9354838728904724   
0.25806450843811035   0.25806450843811035   

15:06:49: local_reinforcement_logger.timestep_report +41: INFO     
 Step 11   Fraction valid SMILES: 100.0   Score: 0.5000   Time elapsed: 10   Time left: 32.5
  Agent     Prior     Target     Score     SMILES
-23.34    -23.34     56.02      0.97      C1CCCN1CCCOc1ccc(-c2ccc(C#N)cc2C#N)cc1
-20.72    -20.72     32.18      0.65      NC(CC(C)C)C(NC(C(=O)N)CC(C)C)=O
-21.61    -21.61      2.20      0.29      c1(C(=O)N=C(Cc2ccc(OC)cc2)C(N2CCOCC2)=O)ccccc1OC
-39.32    -39.32    -28.74      0.13      O=C(N(CCc1ccccc1)CC(C(Cc1ccccc1)NC(=O)OC1CCOC1)O)C(NC(N(C)CCc1ncccc1)=O)C(C)C
-25.64    -25.64     32.55      0.71      c1cc(N2CCN(c3ccnc(C)c3)CC2)nc2ccccc12
-36.66    -36.66     13.60      0.61      C(c1cc(C2CC2)[nH]c1-c1ccc(C)cc1)(N(CC)C(C)C)=O
-24.69    -24.69     52.02      0.94      CCN(C1CCN(Cc2oc(C)cc2)CC1)CC
-25.44    -25.44     19.53      0.55      c1c(CSc2nc(=O)c(C)c(Cc3c(Cl)cccc3Cl)[nH]2)cn(Cc2ccccc2)n1
-32.57    -32.57     41.49      0.90      O=c1n(C)c(=S)n(C)c2nc(N3CCN(c4ccccn4)CC3)n(Cc3cccc(F)c3)c21
-19.33    -19.33     41.51      0.74      C(c1ccncc1)c1cc(C2OC(CO)C(O)C(O)C2O)ccc1Cl
Human-Component   raw_Human-Component
0.9677419066429138   0.9677419066429138   
0.6451612710952759   0.6451612710952759   
0.29032257199287415   0.29032257199287415   
0.12903225421905518   0.12903225421905518   
0.7096773982048035   0.7096773982048035   
0.6129032373428345   0.6129032373428345   
0.9354838728904724   0.9354838728904724   
0.5483871102333069   0.5483871102333069   
0.9032257795333862   0.9032257795333862   
0.7419354915618896   0.7419354915618896   

15:06:50: local_reinforcement_logger.timestep_report +41: INFO     
 Step 12   Fraction valid SMILES: 96.9   Score: 0.4844   Time elapsed: 11   Time left: 32.2
  Agent     Prior     Target     Score     SMILES
-46.49    -46.36    -10.83      0.43      c1cc(C(F)(F)F)c2c(cc(C(CCCCC(O)=O)C3OOC4(OC3)CCCC4)[nH]2)c1
-39.07    -39.10    -11.77      0.33      C1CC2(CCO1)C(=O)N(CC=CCn1nc(-c3ccccc3)c(=O)n(CC(c3ccccc3)c3ccccc3)c1=O)c1ccccc12
-21.79    -21.84    -21.84      0.00      c1ccc2nc(-c3n[nH]nn3)cc2c1
-31.25    -31.24     42.56      0.90      c1(C(F)(F)F)cc2onc(C3CCN(CC4CCN(C(c5c(F)cc(C#N)cc5)=O)CC4)CC3)c2cc1
-24.16    -24.24     35.90      0.73      O1COc2c1cc1c(c2)CCC2=C1C(=O)OC2
-18.53    -18.52     47.08      0.80      C(c1cccc(O)c1O)(=O)O
-29.60    -29.47     14.26      0.53      C1C(CCC(NCc2c(Cl)cccc2)=O)CCC2(C1)OOC1(O2)C2CC3CC(CC1C3)C2
-19.33    -19.32     -2.92      0.20      c1n(NC(Nc2ccc(Cl)cc2)=O)c(=O)c2ccccc2n1
-25.68    -25.71     20.76      0.57      N1(C(CCC)=O)CCC(Cn2c3ccccc3oc2=O)CC1
-35.13    -35.17     46.83      1.00      c1(Cl)c(Cl)c(S(=O)(=O)NCCCN2CCC(c3cc(OC)ccc3)(N(CC)CC)CC2)ccc1
Human-Component   raw_Human-Component
0.4333333373069763   0.4333333373069763   
0.3333333432674408   0.3333333432674408   
0.0   0.0   
0.8999999761581421   0.8999999761581421   
0.7333333492279053   0.7333333492279053   
0.800000011920929   0.800000011920929   
0.5333333611488342   0.5333333611488342   
0.20000000298023224   0.20000000298023224   
0.5666666626930237   0.5666666626930237   
1.0   1.0   

15:06:51: local_reinforcement_logger.timestep_report +41: INFO     
 Step 13   Fraction valid SMILES: 100.0   Score: 0.5000   Time elapsed: 12   Time left: 31.7
  Agent     Prior     Target     Score     SMILES
-29.44    -29.47     47.24      0.94      COc1cc(OC)ccc1C(N1CCN(C)CC1)CC(c1ccc(Cl)cc1)=O
-34.95    -34.91    -24.33      0.13      O=C(N=c1n(OC)c(=O)c2c(C)cccc2[nH]1)CN(C)c1ccccc1
-34.46    -34.47    -26.53      0.10      c1cc(NCCNCCOC2C(O)C(OC)C(O)C(C)O2)c2c(c1)-c1c(c(-c3ccc(O)cc3)n[nH]1)C2=O
-25.11    -25.22     25.04      0.61      CC(n1c(-c2cc(C#N)ccc2)cnc1)(C)C
-26.16    -26.07     40.06      0.81      c1c(F)c(NC(=O)c2nc(SCC)ncc2Cl)cc(C(F)(F)F)c1
-34.70    -34.73     23.47      0.71      C(=O)(NCCCCCNC(=O)C(=O)c1c2ccccc2[nH]c1)c1c(C(=O)Nc2ccccc2)[nH]cn1
-28.07    -28.17     24.74      0.65      C1CC2(C(=O)N(c3cscc3)C(=O)CO2)CCC1C
-45.37    -45.41    -24.25      0.26      C(N1C=CC(Cl)CC1CC)C(C(C)C)NC(C(N)Cc1c2c([nH]c1)cccc2)=O
-24.79    -24.81     -1.01      0.29      Cc1ccc(OC)c(CNC(=O)C2CCN(c3sc(-n4c(C)ccc4C)nn3)CC2)c1
-26.12    -26.11     37.37      0.77      COc1cc(-c2nc3cc(-c4nc5cc(N6CCN(C)CC6)ccc5[nH]4)[nH]c3c(N3CCOCC3)n2)ccc1OC
Human-Component   raw_Human-Component
0.9354838728904724   0.9354838728904724   
0.12903225421905518   0.12903225421905518   
0.09677419066429138   0.09677419066429138   
0.6129032373428345   0.6129032373428345   
0.8064516186714172   0.8064516186714172   
0.7096773982048035   0.7096773982048035   
0.6451612710952759   0.6451612710952759   
0.25806450843811035   0.25806450843811035   
0.29032257199287415   0.29032257199287415   
0.774193525314331   0.774193525314331   

15:06:52: local_reinforcement_logger.timestep_report +41: INFO     
 Step 14   Fraction valid SMILES: 100.0   Score: 0.5000   Time elapsed: 13   Time left: 31.2
  Agent     Prior     Target     Score     SMILES
-21.20    -21.28     34.27      0.68      C(C#C)n1c(=O)c2c(cccc2)[nH]1
-27.26    -27.23     44.19      0.87      c1(Cl)nc(N(C)C(=O)N)[nH]c(=NCC)n1
-31.40    -31.56     50.44      1.00      O1CC2(CN(CCCC)CC2)CCC1(C(=O)NC(C)C)C
-24.48    -24.50     52.21      0.94      C(c1coc(-c2cc(C)ccc2)n1)N1C(CCC)CCCC1
-46.23    -46.35    -46.35      0.00      c1c2c(ccc1)CN(C(c1ccc(C)c(-c3cc4n(c(C(c5c(C)[nH]c6ccccc56)=O)nn4)cc3)c1)C)C2
-21.48    -21.45     36.74      0.71      c1cccc2c(OS(=O)(=O)O)cccc12
-18.44    -18.51     18.53      0.45      c12[nH]cc(C=CC(c3ccc(C)cc3)=O)c1cccc2
-44.50    -44.75    -15.65      0.35      O=C1Nc2cc(Cn3cc(Cc4cn(C(=O)OC(C)(C)C)c(C)c4)c(=O)[nH]c3=O)ccc2Sc2ccccc21
-29.81    -30.46     22.44      0.65      C1C2(c3cc(-c4ccc(C#N)[nH]4)cnc3OC)CCOC2OC1
-50.74    -50.64    -10.96      0.48      C12C3CCC4=Cc5n(c(O)c(-c6ccccc6)c54)C3C(=NO)CC1(C)C(O)(C#CC(C)C)CC2
Human-Component   raw_Human-Component
0.6774193644523621   0.6774193644523621   
0.8709677457809448   0.8709677457809448   
1.0   1.0   
0.9354838728904724   0.9354838728904724   
0.0   0.0   
0.7096773982048035   0.7096773982048035   
0.4516128897666931   0.4516128897666931   
0.35483869910240173   0.35483869910240173   
0.6451612710952759   0.6451612710952759   
0.4838709533214569   0.4838709533214569   

15:06:53: local_reinforcement_logger.timestep_report +41: INFO     
 Step 15   Fraction valid SMILES: 100.0   Score: 0.5000   Time elapsed: 14   Time left: 30.6
  Agent     Prior     Target     Score     SMILES
-34.77    -34.64     15.62      0.61      O=S(c1ccc2c(c1)CCN2C(C1CC1)=O)(NC(Cc1ccc(C(NCCCC)=O)cc1)C(O)=O)=O
-21.57    -21.56     31.34      0.65      c12c(nccc1)ccc(F)c2O
-39.27    -39.00    -20.48      0.23      c1(-c2ccccc2)cc(CC(=O)N(C(C(NC(C2CCNCC2)Cc2ccccc2)=O)Cc2cc(Cl)c(Cl)cc2)C)ccc1
-22.13    -22.34     38.49      0.74      C1C2N(C(=O)C1)C(C(N)=O)CC2
-32.37    -32.40     23.15      0.68      C(c1c(Cl)c(Cl)ccc1)c1[nH]c2c(c(=O)[nH]c(CCCC)n2)n1
-32.39    -32.25      7.43      0.48      c1ccc(OC)c2[nH]c3c(c(=N)c12)CC1(C)C(C2(C)CC(c4cocc4)OC(=O)C2CC1)C3
-29.19    -29.08     42.34      0.87      C1(c2ccncc2)c2cc(OC)c(OC)cc2CCN1S(c1c(Cl)ccc(Cl)c1)(=O)=O
-24.63    -24.67    -16.74      0.10      c1(Br)ccc(S(=O)(=O)N2CCC(Oc3c(C)cccc3C)CC2)cc1
-28.06    -28.04     53.96      1.00      N(CCCN1CCOCC1)(S(N1CCCCC1)(=O)=O)Cc1ccc(Cl)cc1
-40.28    -40.23     25.89      0.81      C(=O)(O)C1C2(C(=O)c3ccccc31)c1cc(C(C)=O)ccc1N(C)C2=O
Human-Component   raw_Human-Component
0.6129032373428345   0.6129032373428345   
0.6451612710952759   0.6451612710952759   
0.22580644488334656   0.22580644488334656   
0.7419354915618896   0.7419354915618896   
0.6774193644523621   0.6774193644523621   
0.4838709533214569   0.4838709533214569   
0.8709677457809448   0.8709677457809448   
0.09677419066429138   0.09677419066429138   
1.0   1.0   
0.8064516186714172   0.8064516186714172   

15:06:54: local_reinforcement_logger.timestep_report +41: INFO     
 Step 16   Fraction valid SMILES: 96.9   Score: 0.4844   Time elapsed: 15   Time left: 30.0
  Agent     Prior     Target     Score     SMILES
-31.73    -31.51     -6.91      0.30      c1c(Cn2c3c(c(=O)n4c(n3)cccc4)cc(CCc3ccccc3)c2=O)cccc1C(O)=O
-39.76    -39.71    -26.04      0.17      c12c(=O)[nH]c(=S)[nH]c1c(CC(=O)C(C)=O)ccc2[N+](=O)[O-]
-25.74    -25.66     20.80      0.57      Clc1sc(-c2ccc3sc4c(=N)[nH]cnc4c3c2)cc1
-31.93    -32.00     22.67      0.67      C(N(C)C(c1cc2c(cc1)-c1ccccc1C2)C(=O)NC(C)(C)C)(C)=O
-19.90    -19.98     40.16      0.73      N(C(OC)=O)N=Cc1ccc(Cl)cc1
-22.93    -22.93     26.27      0.60      c1(O)ccccc1NC1=NCC(C)S1
-29.92    -29.95     21.98      0.63      C1C2CC3(N=c4[nH]cnc5c(-c6ccncc6)cccc54)CC(C2)CC1C3
-39.73    -39.81     25.79      0.80      c12oc(C#N)cc1-n1c(nnn1)C1CCN(CCC)CC1C=N2
-36.61    -36.96     39.58      0.93      C12C(C(=O)O)C(C(=O)N1CCN=c1c3c([nH]cc1)cc(Cl)cc3)CC2OC
-42.55    -42.66    -42.66      0.00      c1c(CC(C(O)C(N2CSC(C)(C)C2C(NCc2c(C)cccc2)=O)=O)NC(C(OC(=O)C(Cc2ccccc2)CSCCC)NC(CC(C)C)=O)=O)cccc1
Human-Component   raw_Human-Component
0.30000001192092896   0.30000001192092896   
0.1666666716337204   0.1666666716337204   
0.5666666626930237   0.5666666626930237   
0.6666666865348816   0.6666666865348816   
0.7333333492279053   0.7333333492279053   
0.6000000238418579   0.6000000238418579   
0.6333333253860474   0.6333333253860474   
0.800000011920929   0.800000011920929   
0.9333333373069763   0.9333333373069763   
0.0   0.0   

15:06:55: local_reinforcement_logger.timestep_report +41: INFO     
 Step 17   Fraction valid SMILES: 100.0   Score: 0.5000   Time elapsed: 17   Time left: 31.2
  Agent     Prior     Target     Score     SMILES
-20.76    -20.68     50.73      0.87      c1cc(C=Cc2nnc(-c3cc(Br)ccc3)o2)ccc1
-26.43    -26.66     18.31      0.55      c1(Cl)c(Cl)cc2c([nH]c(-c3ccc(Oc4ccc(Cl)cc4)cc3)c2C(=O)OCC)c1
-31.84    -31.59      0.15      0.39      c1(F)ccc(-c2ccc3n(c2=O)CC2C(CO)C(C(=O)NCc4cccc(F)c4)SC3C2)cc1
-25.75    -25.73      3.37      0.35      C(#N)COc1ccc2c(ccc(=O)o2)c1OC
-23.26    -23.31     -7.44      0.19      c1(NCc2nc3c([nH]c(=N)[nH]c3=N)nc2)ccc(Nc2ccccc2)cc1
-35.04    -34.75    -10.94      0.29      c1cc(C=NN=C(NNc2ccc(Br)cc2)C(=O)N)c([N+](=O)[O-])cc1
-22.49    -22.68     32.87      0.68      C(NC(C1CCC1)=O)c1cc2ccccc2[nH]1
-34.59    -34.91     17.99      0.65      c1cccc(SC(C)(C)C)c1CCC(C=NOC)=C
-21.09    -20.76     -2.25      0.23      c1(C(CNC(=O)c2ccco2)N2CCN(c3ccc(OC)cc3)CC2)cnccc1
-30.24    -30.21     43.85      0.90      FC(C(O)(C(F)(F)F)c1cc2c(cc1)n(C(CCCC)C)cn2)(F)F
Human-Component   raw_Human-Component
0.8709677457809448   0.8709677457809448   
0.5483871102333069   0.5483871102333069   
0.3870967626571655   0.3870967626571655   
0.35483869910240173   0.35483869910240173   
0.19354838132858276   0.19354838132858276   
0.29032257199287415   0.29032257199287415   
0.6774193644523621   0.6774193644523621   
0.6451612710952759   0.6451612710952759   
0.22580644488334656   0.22580644488334656   
0.9032257795333862   0.9032257795333862   

15:06:57: local_reinforcement_logger.timestep_report +41: INFO     
 Step 18   Fraction valid SMILES: 96.9   Score: 0.4844   Time elapsed: 18   Time left: 30.3
  Agent     Prior     Target     Score     SMILES
-31.43    -30.87    -28.14      0.03      c1c(N(C)S(C)(=O)=O)cc(NC(=O)COc2ccc(N(C)S(c3sccc3)(=O)=O)cc2)cc1
-26.31    -26.29     -9.89      0.20      c1(C(c2c(-c3ccc(C)cc3)n(-c3nc(C)c(C(OC)=O)s3)c(O)c2O)=O)ccc(CC)cc1
-21.70    -21.96      5.37      0.33      C1CNC(CC2C(=O)c3c(cc(OC)c(OC)c3)C2)=N1
-17.97    -18.07     58.47      0.93      [nH]1cc(CNc2ccc(Cl)cc2)nc1
-36.26    -36.97      9.50      0.57      C(N(CC)CC)=c1[nH]c2n[nH]cc2c(=NCCCC)[nH]1
-36.13    -35.95    -14.09      0.27      OCCN(c1ccc([N+](=O)[O-])cc1)c1c(Br)cc(C=C[N+]([O-])=O)cc1Br
-27.93    -27.97     -8.84      0.23      COc1ccc(-c2c(-c3cccc([N+](=O)[O-])c3)coc2)cc1OC
-35.33    -35.79     35.28      0.87      N(CCOC)=c1[nH]cc(-c2oc(Cc3cccc(F)c3)nn2)c(OC)n1
-40.76    -40.72     33.08      0.90      C12(C)C(O)(C(COC)CC1C(O)(C=C)C)CCC1C3(C)C(CC(=O)CC3)CCC21
-43.03    -42.92      9.01      0.63      C1CC(C(OC(CCCCCC2Cc3c(cccc3)OC2c2cccc(OC)c2)C)=O)NCC1
Human-Component   raw_Human-Component
0.03333333507180214   0.03333333507180214   
0.20000000298023224   0.20000000298023224   
0.3333333432674408   0.3333333432674408   
0.9333333373069763   0.9333333373069763   
0.5666666626930237   0.5666666626930237   
0.2666666805744171   0.2666666805744171   
0.23333333432674408   0.23333333432674408   
0.8666666746139526   0.8666666746139526   
0.8999999761581421   0.8999999761581421   
0.6333333253860474   0.6333333253860474   

15:06:58: local_reinforcement_logger.timestep_report +41: INFO     
 Step 19   Fraction valid SMILES: 100.0   Score: 0.5000   Time elapsed: 19   Time left: 29.4
  Agent     Prior     Target     Score     SMILES
-23.15    -23.14      3.31      0.32      c1(C(Cc2ccc(-c3ccccc3)cc2)=NNC(=S)N)ccccc1
-20.19    -20.47     32.43      0.65      N1(CCNCc2c(-c3c(F)cccc3)nn(-c3ccccc3)c2)CCOCC1
-21.65    -21.85     41.63      0.77      c12c(c(CC(=O)O)ccc1)cc(Cl)cc2
-24.08    -24.41     41.72      0.81      C1COCC1N1CCC(CCc2c(F)cccc2)CC1
-28.33    -28.44    -15.21      0.16      c1cccc(COC(=O)C2N(C)C(C3CCCC3)CC2)c1
-30.23    -29.94    -27.30      0.03      FC(F)(F)c1c(C#N)c(SCC(NN=Cc2ccco2)=O)[nH]c(=Nc2ccc(C)cc2)c1
-29.26    -29.14     52.86      1.00      c1(Cl)ccc(CCCN2CCC3(CCN(CCOC)C3=O)CC2)cc1
-32.62    -32.92     14.69      0.58      [nH]1cc(C(c2c3ccccc3[nH]c2)CC)c(C#N)c1NCCOC
-23.59    -24.08     18.24      0.52      c1c2c(cc(Cl)c1)NC(=O)C2=Cc1c2cc([N+](=O)[O-])ccc2[nH]c1
-20.89    -21.01     55.70      0.94      COc1ccc(C(=O)NCC=CCN2CCN(c3ccccc3OC)CC2)cc1
Human-Component   raw_Human-Component
0.32258063554763794   0.32258063554763794   
0.6451612710952759   0.6451612710952759   
0.774193525314331   0.774193525314331   
0.8064516186714172   0.8064516186714172   
0.16129031777381897   0.16129031777381897   
0.032258063554763794   0.032258063554763794   
1.0   1.0   
0.5806451439857483   0.5806451439857483   
0.5161290168762207   0.5161290168762207   
0.9354838728904724   0.9354838728904724   

15:06:59: local_reinforcement_logger.timestep_report +41: INFO     
 Step 20   Fraction valid SMILES: 96.9   Score: 0.4844   Time elapsed: 20   Time left: 28.6
  Agent     Prior     Target     Score     SMILES
-26.94    -27.14      5.66      0.40      c1(=O)c2cnn(-c3ccc(C(C)=O)cc3)c2ncn1CCC
-28.35    -28.29     -3.69      0.30      c1c(COc2ccc3c(c2)cc2c(c(=O)nc(CCCCC)[nH]2)n3)cccc1
-31.55    -31.61    -12.47      0.23      C(CCCCC)CCCC(NC(C(CNCc1cc(C#N)ccc1)O)Cc1ccccc1)=O
-23.73    -23.89     25.31      0.60      c1c(C=Cc2nc3ccncc3[nH]2)ccnc1
-17.23    -17.21     29.26      0.57      c1cncc(-c2n(N)c(=S)[nH]n2)c1
-30.40    -30.63     -0.57      0.37      C1(=O)NC(c2cocc2)(c2occc2)C(=O)N1CC#C
-23.99    -24.36     46.71      0.87      C1CN=C(COc2c(C3CC3)cc(Cl)cc2F)N1
-27.00    -27.03     13.97      0.50      C(N(CC(O)COc1cccc(C)c1)CC1CCCCC1)c1ccccc1
-28.41    -28.40    -20.20      0.10      c1(=NC(=O)c2ccccc2)c2c(C)coc2[nH]c(=N)[nH]1
-28.16    -27.92    -27.92      0.00      c1c(C)c(C)ccc1S(=O)(=O)n1c2ccccc2cc1C(NCCOC)=O
Human-Component   raw_Human-Component
0.4000000059604645   0.4000000059604645   
0.30000001192092896   0.30000001192092896   
0.23333333432674408   0.23333333432674408   
0.6000000238418579   0.6000000238418579   
0.5666666626930237   0.5666666626930237   
0.36666667461395264   0.36666667461395264   
0.8666666746139526   0.8666666746139526   
0.5   0.5   
0.10000000149011612   0.10000000149011612   
0.0   0.0   

15:07:00: local_reinforcement_logger.timestep_report +41: INFO     
 Step 21   Fraction valid SMILES: 100.0   Score: 0.5000   Time elapsed: 21   Time left: 27.7
  Agent     Prior     Target     Score     SMILES
-32.54    -32.44     33.69      0.81      O(CC(F)F)c1nc(=O)n2c(c1)-c1c(cc(-c3cc(F)ccc3)nc1)C2
-23.18    -23.26     58.74      1.00      c12c(cccc1N1CCN(C)CC1)S(=O)(=O)c1c(cccc1)O2
-22.84    -23.09      0.72      0.29      COc1ccc(OC)cc1-c1nnc(SCC(=O)c2ccccc2)n1C
-29.20    -28.78    -12.91      0.19      c1cc(F)ccc1Cn1nc(OCC(=O)NCCc2ccccc2)cc1C
-24.16    -24.15     44.62      0.84      O(Cc1c2c(n[nH]1)CN(Cc1ccccc1)CC2)c1ccccc1
-50.11    -49.48    -30.96      0.23      c1(C2(O)CC(c3ccc(Oc4cc(N)cc([N+]([O-])=O)c4)o3)Nc3ccccc3S2)cccc(C)c1
-31.11    -31.16     32.33      0.77      O=C1C2(O)c3c(O)cc(OC)cc3C(O)C2c2c(c(O)ccc2)C1=O
-27.07    -26.83     28.72      0.68      c1(C(NCCCN=c2[nH]c3cc(C)cc(C)c3cc2C#N)=O)c[nH]c(=O)cc1
-19.85    -19.54      9.55      0.35      c1(C(O)=O)c(Nc2ccc3c(c2)n[nH]c3C=Cc2ccccn2)cccc1
-28.83    -29.18     42.24      0.87      O=C(CNC(C1CCCCC1)=O)N1CCN(c2cccc3c2CCO3)CC1
Human-Component   raw_Human-Component
0.8064516186714172   0.8064516186714172   
1.0   1.0   
0.29032257199287415   0.29032257199287415   
0.19354838132858276   0.19354838132858276   
0.8387096524238586   0.8387096524238586   
0.22580644488334656   0.22580644488334656   
0.774193525314331   0.774193525314331   
0.6774193644523621   0.6774193644523621   
0.35483869910240173   0.35483869910240173   
0.8709677457809448   0.8709677457809448   

15:07:02: local_reinforcement_logger.timestep_report +41: INFO     
 Step 22   Fraction valid SMILES: 100.0   Score: 0.5000   Time elapsed: 23   Time left: 28.0
  Agent     Prior     Target     Score     SMILES
-27.35    -27.38     -0.93      0.32      C(CN(CC)CC)NC(c1cc2c([nH]c1=O)c(OC)cc(C)c2)=O
-24.29    -24.12    -16.19      0.10      c1cc(S(=O)(n2c3c(cc(OC)cc3)cc2)=O)cc([N+]([O-])=O)c1
-32.11    -32.02     42.04      0.90      CN1C(=O)CC(C2=NC(CC(C)C)CO2)CO1
-28.03    -27.97     14.36      0.52      c1(F)ccc(-c2nc3c(nc(=N)[nH]c3OC)n2CCO)cc1
-31.50    -31.91     20.99      0.65      N1(C(CC2CCCNC2)=O)C(C)CCc2c1ccc(-c1ccc3c(c1)OCO3)c2
-24.59    -25.03      9.36      0.42      C1SCCN(c2c(NC(CCC3CCCCC3)=O)cccc2)C1
-28.06    -28.56    -15.33      0.16      CC(C)(C)OC(NC(C(NC(Cc1ccccc1)C(=O)C(O)N1CSC(C)(C)C1C(=O)NCC(F)(F)F)=O)C(C)C)=O
-23.51    -23.90    -13.32      0.13      C1CCCN1S(=O)(c1ccc(NC(COC(=O)Cc2ccc(Cl)cc2)=O)cc1)=O
-31.41    -30.85     32.64      0.77      c1cc(-c2ccc(N3C(c4ccc(F)c(F)c4)c4c(cc(OC)c(OC(C)C)c4)CC3=O)cc2)oc1
-23.13    -23.12     13.91      0.45      c1c(C)c2c(=S)nc(C)[nH]c2o1
Human-Component   raw_Human-Component
0.32258063554763794   0.32258063554763794   
0.09677419066429138   0.09677419066429138   
0.9032257795333862   0.9032257795333862   
0.5161290168762207   0.5161290168762207   
0.6451612710952759   0.6451612710952759   
0.4193548262119293   0.4193548262119293   
0.16129031777381897   0.16129031777381897   
0.12903225421905518   0.12903225421905518   
0.774193525314331   0.774193525314331   
0.4516128897666931   0.4516128897666931   

15:07:03: local_reinforcement_logger.timestep_report +41: INFO     
 Step 23   Fraction valid SMILES: 96.9   Score: 0.4844   Time elapsed: 25   Time left: 28.1
  Agent     Prior     Target     Score     SMILES
-39.51    -39.15     23.71      0.77      C(C)(C)C(NC(=O)NC(C)(C)C)(CC(=O)N(Cc1ccc(Cl)cc1)C)c1ccc(Cl)cc1
-23.10    -23.07     17.93      0.50      c1(Cl)cccc(NC(=O)c2oc(COc3ccc(C)cc3)cc2)c1
-22.63    -22.63     26.57      0.60      c1c(C)ccc2c1c(=O)nc(-c1cc(OC)ccc1)[nH]2
-53.53    -52.99    -50.25      0.03      C(c1c2c(c(C)c(OC)c1OC)c(=O)c(O)c(-c1c(OC)c3c(c(OC)c1)c(C(=O)C(C)CC)co3)o2)C(=O)C
-29.30    -29.82     30.31      0.73      c1cc2c(c(-c3cc(Cl)c(Cl)cc3)nc3c2cc(Cl)cc3)cn1
-39.59    -39.47     31.60      0.87      C1CCC2C(c3ccc(C(O)=O)nc3)=CN1C2c1c(-c2ccccc2)cccc1
-48.17    -47.52    -39.32      0.10      c1(CC(=NC(O)CCC(CC(c2ccccc2)=O)c2ccccc2)C(=O)Nc2c(OC)cc(OC)cc2OC)ccc2c(c1)OCO2
-22.72    -22.11     -0.24      0.27      O(c1ccc(N(C2=C(N3CCOCC3)C(=O)c3ccccc3C2=O)C(C)=O)cc1)C(F)(F)F
-19.81    -19.76     34.90      0.67      COc1cc2c(cc1OC)CNc1ncnn1-2
-45.11    -44.82    -31.15      0.17      O(C1C(OC(C)=O)C(OC2OC=C3C(=O)OC4C=C(C)C3C42OC(=O)C(CC)C)OC(COC(C)=O)C1OC(C)=O)C(=O)C
Human-Component   raw_Human-Component
0.7666666507720947   0.7666666507720947   
0.5   0.5   
0.6000000238418579   0.6000000238418579   
0.03333333507180214   0.03333333507180214   
0.7333333492279053   0.7333333492279053   
0.8666666746139526   0.8666666746139526   
0.10000000149011612   0.10000000149011612   
0.2666666805744171   0.2666666805744171   
0.6666666865348816   0.6666666865348816   
0.1666666716337204   0.1666666716337204   

15:07:05: local_reinforcement_logger.timestep_report +41: INFO     
 Step 24   Fraction valid SMILES: 100.0   Score: 0.5000   Time elapsed: 26   Time left: 27.0
  Agent     Prior     Target     Score     SMILES
-45.31    -45.29    -24.13      0.26      OC1C(C=CC(c2ccccc2)(O)c2n3c(cccc3)c3c2-c2ccccc2C3)OC(C)(C)OC1
-32.51    -32.89     -6.43      0.32      [O-][N+](c1cc(NC)ccc1C=NNC(=O)CCN1CCCCC1)=O
-20.45    -20.09     32.81      0.65      O=S(=O)(Oc1ccc(OC)cc1)c1ccc(N2C(=O)N(CCC)CC2)cc1
-26.47    -26.93     36.56      0.77      C(CNCCNC)CCCCCCNCCSSCCNCCCCCCNCCc1ccccc1
-25.45    -26.11     16.21      0.52      c12ccc(CN3CCCCC3Cn3cncc3)nc1cccc2
-32.25    -32.54     15.07      0.58      O(C)C(=O)CCCCCC(NNC(NCCCCCCC)=O)=O
-29.92    -29.81    -29.81      0.00      O=S(Nn1c(=O)c(CC(=O)Nc2cccc(Cl)c2)c(C)nc1C)(=O)c1ccc(Br)cc1
-25.46    -25.53     51.18      0.94      N1(C(=O)N2c3c(cccc3)CCCC2)CCc2c1cccc2
-26.09    -25.79     48.28      0.90      c1cccc2c3c([nH]c12)C(c1cc(F)ccc1)N(C(Cc1ccc(F)cc1)=O)CC3
-26.63    -27.00     44.42      0.87      C1CNCCN1c1ccc(CCN=c2[nH]cnc3sccc23)cc1
Human-Component   raw_Human-Component
0.25806450843811035   0.25806450843811035   
0.32258063554763794   0.32258063554763794   
0.6451612710952759   0.6451612710952759   
0.774193525314331   0.774193525314331   
0.5161290168762207   0.5161290168762207   
0.5806451439857483   0.5806451439857483   
0.0   0.0   
0.9354838728904724   0.9354838728904724   
0.9032257795333862   0.9032257795333862   
0.8709677457809448   0.8709677457809448   

15:07:06: local_reinforcement_logger.timestep_report +41: INFO     
 Step 25   Fraction valid SMILES: 93.8   Score: 0.4688   Time elapsed: 28   Time left: 26.9
  Agent     Prior     Target     Score     SMILES
-37.03    -37.20      8.04      0.55      C(C)(C)(C1CCC2c3cc(O)c4c(c3C(C)O2)C=CC(C)(C)O4)C1
-30.60    -30.26     37.60      0.83      c12c(cccc1)C(=O)N(CCCSc1nnc(-c3ccc(CC)cc3)s1)C2=O
-22.53    -22.51    -14.02      0.10      c1c(S(NCCOc2ccccc2)(=O)=O)cc2c(cccc2)c1
-21.86    -22.05     -5.09      0.21      c12ccc(Nc3ccc(F)cc3)cc1oc(=O)cc2C
-31.77    -31.30     -8.68      0.28      C1CNCCN(CC(=O)Nc2ccc3c(c2)c(=Nc2cc(Cl)c(OCc4cccc(F)c4)cc2)nc[nH]3)C1
-35.68    -36.61     45.39      1.00      C1CN(Cc2ccc3c(c2)CC(N(C)C(CCc2cscn2)=O)CC3)CCN1C
-27.30    -26.83     -7.03      0.24      Fc1ccc(OCc2oc(-c3c4c(cccc4)nn3CC)nn2)cc1
-35.25    -36.16     11.91      0.59      CC1CC(N=c2[nH]cccn2)CCN1Cc1cn(-c2cc(Cl)ccc2)nc1
-38.16    -38.54    -38.54      0.00      c1(=Nc2ccc(NS(=O)(C)=O)cc2N(CC)CC)nc2cc(-c3ccccc3Cl)c(C)cc2[nH]c1
-19.70    -19.77     39.61      0.72      c1([N+](=O)[O-])ccc(C2CC(=O)c3ccccc3O2)cc1
Human-Component   raw_Human-Component
0.5517241358757019   0.5517241358757019   
0.8275862336158752   0.8275862336158752   
0.1034482792019844   0.1034482792019844   
0.2068965584039688   0.2068965584039688   
0.27586206793785095   0.27586206793785095   
1.0   1.0   
0.24137930572032928   0.24137930572032928   
0.5862069129943848   0.5862069129943848   
0.0   0.0   
0.7241379022598267   0.7241379022598267   

15:07:08: local_reinforcement_logger.timestep_report +41: INFO     
 Step 26   Fraction valid SMILES: 100.0   Score: 0.5000   Time elapsed: 29   Time left: 25.8
  Agent     Prior     Target     Score     SMILES
-25.75    -25.87    -10.00      0.19      Cc1csc2[nH]c(-c3ccc(CC)cc3)nc(=N)c21
-22.51    -22.69     -1.53      0.26      C1CN(C(c2ccc(CN(S(=O)(=O)C)c3ccccc3)cc2)=O)CC1
-24.30    -24.76     30.79      0.68      CC(N=c1nc(-c2ccccc2)c2c([nH]1)CCN(C)C2)C
-18.83    -18.74     55.32      0.90      C(C(N1C(=O)C(C)(CC(=O)O)CC(c2cccc(Cl)c2)C1c1ccc(Cl)cc1)CC)C
-39.02    -38.88      3.44      0.52      n1c(N(C)C)c2c(scc2-c2cc(N3CC(Br)C3)ncn2)nc1C
-36.96    -36.46    -17.94      0.23      OC(C(C=O)NC(C(C(CC)C)NC(CNC(c1cnc2c([nH]nn2)c1)=O)=O)=O)O
-33.36    -34.04    -31.39      0.03      c1(=CCCCCC)[nH]c(=C2c3cccnc3N=C2)[nH]c1=CCCC(=O)OC
-24.40    -24.34     47.08      0.87      c1c2c(c(O)cc1)[nH]c(=NC(CN1CCOCC1)=O)s2
-18.44    -19.15     57.56      0.94      C1C(C)(C)CCN(C)C1=O
-21.67    -21.89    -13.96      0.10      c1(C(=O)N2CCC(Cc3ccccc3)CC2)cc(C2CC2)on1
Human-Component   raw_Human-Component
0.19354838132858276   0.19354838132858276   
0.25806450843811035   0.25806450843811035   
0.6774193644523621   0.6774193644523621   
0.9032257795333862   0.9032257795333862   
0.5161290168762207   0.5161290168762207   
0.22580644488334656   0.22580644488334656   
0.032258063554763794   0.032258063554763794   
0.8709677457809448   0.8709677457809448   
0.9354838728904724   0.9354838728904724   
0.09677419066429138   0.09677419066429138   

15:07:10: local_reinforcement_logger.timestep_report +41: INFO     
 Step 27   Fraction valid SMILES: 96.9   Score: 0.4844   Time elapsed: 31   Time left: 25.5
  Agent     Prior     Target     Score     SMILES
-22.31    -22.79     -9.12      0.17      c1c2c(oc(=O)cc2C)cc(NC(=O)CCCCCN)c1
-41.30    -41.30     29.76      0.87      C(C(C)C)c1c(CN2CC(C)CCC2)c(NCC(c2ccc(C)cc2)O)ccc1O
-21.31    -21.55     44.05      0.80      c1c(Cl)ccc(-c2sc(=NC(C3CC3)=O)[nH]c2)c1
-26.00    -25.56    -25.56      0.00      c1c(C(=O)NCCC(c2ccc(OC)cc2)c2ccc(OC)cc2)c([N+](=O)[O-])ccc1
-38.14    -39.11     23.75      0.77      C1CC1C1CC2=C(C(=O)C3(C(=O)c4c(cccc4O)C3=O)C2)CC1O
-32.37    -32.97     27.16      0.73      C12CC3CC(Br)(CC(C)(C3)C1)C2N1C(CO)CCC1
-25.43    -25.59     15.41      0.50      c1(NC(=S)NNC(=S)NCCCC)c(C)ccc(C)c1
-39.93    -39.39    -28.46      0.13      c1c(OCCC)c(OC)c(-c2nc(CN(C)CC#C)on2)cc1OC
-27.80    -27.62     18.84      0.57      C(C=C(C)C)c1c2c(c(O)c3c1OC(c1c(O)c(O)ccc1)CC3O)OC(C)(C)C=C2
-25.35    -26.01     55.99      1.00      O=C(NCCCCN1CCN(c2cc(Cl)c(Cl)cc2)CC1)c1ccc(Cl)c(Cl)c1
Human-Component   raw_Human-Component
0.1666666716337204   0.1666666716337204   
0.8666666746139526   0.8666666746139526   
0.800000011920929   0.800000011920929   
0.0   0.0   
0.7666666507720947   0.7666666507720947   
0.7333333492279053   0.7333333492279053   
0.5   0.5   
0.13333334028720856   0.13333334028720856   
0.5666666626930237   0.5666666626930237   
1.0   1.0   

15:07:12: local_reinforcement_logger.timestep_report +41: INFO     
 Step 28   Fraction valid SMILES: 96.9   Score: 0.4844   Time elapsed: 33   Time left: 25.0
  Agent     Prior     Target     Score     SMILES
-25.19    -26.13     39.47      0.80      O=C1OC2(CN1c1ccc(F)cc1)C1CC3CC2CC(C3)C1
-26.58    -26.47     -1.87      0.30      c1(F)cc(F)ccc1NC(=O)Nc1ccc(Oc2c3cn[nH]c3ncn2)cc1F
-24.59    -25.29     37.57      0.77      N1C(=O)CC2(c3ccc(OC)cc3)CCCN2C1=O
-22.97    -23.63     58.37      1.00      C(C)(C)(c1cc(C2(NCC(O)C(NC(C)=O)Cc3cc(F)cc(F)c3)CCC(F)(F)CC2)ccc1)C
-31.24    -32.12     36.21      0.83      N1CCCc2c1c1c(cc2)n(C)c(=O)n1-c1ccc(Br)cc1
-33.63    -33.49    -28.03      0.07      c1(SCC(C(=O)OC)NC(C(N)C)=O)ssc(=S)c1-c1ccccc1
-20.93    -21.66     22.08      0.53      Clc1cc(Cl)ccc1-n1nc(C(=O)OCC)nc1C
-46.07    -46.05    -29.65      0.20      C1CC2C(C)(C(C)C1O)CCC1(C)C3CCC(C(CCC(C(C)(COC4C(O)C(O)C(O)C(CO)O4)C(C)=C)C)C)C3(C)CCC21
-33.14    -33.27    -22.34      0.13      c12c(cc(C)cc1)c(=O)c1c(c(CNN3CCOCC3)ccc1)[nH]2
-34.65    -34.98    -34.98      0.00      c1ccc2[nH]c(=C)[nH]c2c1=NNc1ccc(Cc2ccc(N)cc2)cc1
Human-Component   raw_Human-Component
0.800000011920929   0.800000011920929   
0.30000001192092896   0.30000001192092896   
0.7666666507720947   0.7666666507720947   
1.0   1.0   
0.8333333134651184   0.8333333134651184   
0.06666667014360428   0.06666667014360428   
0.5333333611488342   0.5333333611488342   
0.20000000298023224   0.20000000298023224   
0.13333334028720856   0.13333334028720856   
0.0   0.0   

15:07:13: local_reinforcement_logger.timestep_report +41: INFO     
 Step 29   Fraction valid SMILES: 93.8   Score: 0.3987   Time elapsed: 35   Time left: 24.5
  Agent     Prior     Target     Score     SMILES
-35.51    -36.13     26.07      0.76      C1C(C)(C)CCC(Oc2ccc(-c3ccnc(Cl)c3C(NC)=O)cc2)C1
-25.14    -25.29     -5.50      0.24      S=C1OC(C)C(C(OCC)=O)N1c1ccccc1
-58.23    -57.61     24.39      1.00      C12(O)N(CC(NC(CCCCCN3CCN(c4ccccc4)CC3)=O)=O)C3CCCCC3C1(OC(=O)C1CC1)CC(=O)OC2
-23.53    -23.38     50.13      0.90      c1cnccc1CN1CCC(n2nnc(-c3cscc3)c2)CC1
-23.22    -22.92    -22.92      0.00      c1c(C(=O)OCC)c2cc(O)ccc2nc1-c1ccc(OC)cc1
-28.90    -29.81     35.22      0.79      C1N(C)CCC(N=c2[nH]cnc3[nH]cc(-c4c(F)ccc(Cl)c4)c32)C1
-18.57    -18.89     20.69      0.48      c1cc2c3nc(-c4ccccc4)nn3c(=O)[nH]c2cc1
-27.60    -28.63     47.72      0.93      C1CC(c2n(-c3cc(Cl)c(Cl)cc3)c(C)nn2)CCN1CCC
-30.14    -30.69     20.20      0.62      CCCOc1c(C)cc(NC(=O)C2CC2)c2ccccc21
-31.10    -32.27    -32.27      0.00      n12ncc(C)n1c(=O)c(-c1c(C)onc1C)nn2
Human-Component   raw_Human-Component
0.7586206793785095   0.7586206793785095   
0.24137930572032928   0.24137930572032928   
1.0   1.0   
0.8965517282485962   0.8965517282485962   
0.0   0.0   
0.7931034564971924   0.7931034564971924   
0.48275861144065857   0.48275861144065857   
0.931034505367279   0.931034505367279   
0.6206896305084229   0.6206896305084229   
0.0   0.0   

15:07:16: local_reinforcement_logger.timestep_report +41: INFO     
 Step 30   Fraction valid SMILES: 100.0   Score: 0.4607   Time elapsed: 37   Time left: 23.9
  Agent     Prior     Target     Score     SMILES
-23.90    -24.65     57.35      1.00      C1N(CCCCn2c3ccccc3n(C(C)C)c2=O)CCN(c2ccccc2OC)C1
-28.94    -29.50     23.40      0.65      c1ccc(C)c(C)c1Cn1nc2n(c1=O)c1ccccc1[nH]2
-42.00    -42.21      0.11      0.52      CC12C(CCC3C4(C)C(C(C)(C)C(OC(CC)=O)CC4)CCC31C)C1C(C(C)(C)C=N2)CCC1(C)C
-35.36    -36.02    -12.21      0.29      C(CC(C)NCCCN)CNC(C1CCC2N1C(=O)CN(S(=O)(C)=O)C2)=O
-27.34    -27.47     -8.95      0.23      Brc1ccc(SC(=C(Cl)C(=O)NC2CCCCC2)C#N)cc1
-22.09    -23.01    -23.01      0.00      Clc1c(C)cc(SCCCCCC)cc1
-32.98    -32.70     -3.61      0.35      CC(C)(C)c1ccc2[nH]nc(C(Nc3cnn(Cc4noc(C)c4)c3)=O)c2c1
-58.57    -59.03     -0.84      0.71      BrC1C2C(C)(C)C(=C(C)C1=C)C(OC(=O)CBr)C13C(=O)C(C)(C)OC(C(=C)C1)C32
-21.33    -22.07     14.96      0.45      O=C(NCC1CCCCC1)CN1c2c(cccc2)SCCC1=O
-38.33    -38.15    -35.51      0.03      c1(-c2ccc(NC(C=C(C)c3oc([N+]([O-])=O)cc3)=O)cc2)c(C)onc1C
Human-Component   raw_Human-Component
1.0   1.0   
0.6451612710952759   0.6451612710952759   
0.5161290168762207   0.5161290168762207   
0.29032257199287415   0.29032257199287415   
0.22580644488334656   0.22580644488334656   
0.9354838728904724   0.9354838728904724   
0.35483869910240173   0.35483869910240173   
0.7096773982048035   0.7096773982048035   
0.4516128897666931   0.4516128897666931   
0.032258063554763794   0.032258063554763794   

15:07:22: local_reinforcement_logger.timestep_report +41: INFO     
 Step 31   Fraction valid SMILES: 100.0   Score: 0.5000   Time elapsed: 43   Time left: 25.5
  Agent     Prior     Target     Score     SMILES
-23.87    -23.61     21.36      0.55      Fc1cc(F)cc(C(Nc2ccc3[nH]c(=O)[nH]c3c2)=O)c1
-28.36    -29.36    -24.07      0.06      c1(NC(=O)CCCC)ccc(-c2ccccc2[S+](C)[O-])cc1
-18.69    -18.78     18.25      0.45      c1(C[n+]2ccc(-c3cc4ccccc4o3)cc2)ccccc1
-28.19    -28.65     45.42      0.90      O(c1c2c(ccc1OC)CC1N(C)CCC23COC(=O)C31)CC=C
-24.36    -24.59     23.02      0.58      C1CCCC(N2CC(C(=O)N3CCN(c4cc(C)ccc4)C(C)C3)CCC2)C1
-39.41    -39.03    -31.10      0.10      c1c(-c2[nH]c(N3CCOCC3)nc(=Nc3nc4c(s3)CCNC4)n2)scc1C(C)C
-27.50    -27.33     54.67      1.00      C(Cn1c(=O)oc2ccccc21)N1CCC(Cc2c[nH]c3ccccc23)CC1
-28.85    -28.18    -14.95      0.16      C(=O)(c1nc(C)c(C)nc1C(Nc1ccc(Cl)c(OC)c1)=O)c1ccccc1
-37.01    -37.46    -21.59      0.19      C1CN(c2nc(OC)nc(OC)n2)CCN1C(=O)C1CC(OC)CCN1C(=O)CC(C)(C)C
-28.00    -27.61      6.78      0.42      Cc1nn(C)cc1C(=O)NN=Cc1oc(-c2c([N+](=O)[O-])cccc2)cc1
Human-Component   raw_Human-Component
0.5483871102333069   0.5483871102333069   
0.06451612710952759   0.06451612710952759   
0.4516128897666931   0.4516128897666931   
0.9032257795333862   0.9032257795333862   
0.5806451439857483   0.5806451439857483   
0.09677419066429138   0.09677419066429138   
1.0   1.0   
0.16129031777381897   0.16129031777381897   
0.19354838132858276   0.19354838132858276   
0.4193548262119293   0.4193548262119293   

15:07:25: local_reinforcement_logger.timestep_report +41: INFO     
 Step 32   Fraction valid SMILES: 93.8   Score: 0.4688   Time elapsed: 46   Time left: 25.1
  Agent     Prior     Target     Score     SMILES
-28.89    -28.91     10.68      0.48      C(C=C1C=C(OCc2ccccc2)C(=O)CC1C)=CC
-34.85    -35.11      7.31      0.52      c1ccc(Cl)cc1-c1c(=NC(NC(C)(C)C)=O)[nH]c2c(cnc(OCCC=C)n2)c1
-24.43    -25.20      3.08      0.34      O1C(C)CC2C1C(C=Cc1ncc(-c3cccc(C(F)(F)F)c3)cc1)C1C(C)OC(=O)C1C2
-30.88    -30.48     43.04      0.90      c1(C(=O)Nc2ccc(CCN3Cc4cc(OC)c(OC)cc4CC3)cc2)c(Br)c(O)[nH]c1
-20.35    -20.53     41.67      0.76      c1cc2nc(COc3ccc(Cl)cc3)ccc2cc1OC
-25.94    -25.97     27.75      0.66      C(C(=O)NC(C(O)=O)Cc1c[nH]cn1)(NC(C)=O)CCCN=C(N)N
-24.80    -24.79      6.32      0.38      C(NC(N(C1CCN(CC2C(O)(c3ccccc3)CN(C(C3CCCC3)=O)C2)CC1)CC=C)=O)c1ccccc1
-23.00    -23.05     10.88      0.41      O=C(C=CC(O)=O)C(=O)OCC
-35.89    -35.39     -9.95      0.31      c1cccc(CC(n2c3c(cccc3)nn2)C(N2CCN(C(c3cccnc3)c3ccc(Cl)cc3Cl)CC2)=O)c1
-26.69    -27.40     23.50      0.62      C1C(CNC(=O)c2ccc3c(=O)n(-c4ccccc4)c(=O)n(C)c3c2)CCCC1
Human-Component   raw_Human-Component
0.48275861144065857   0.48275861144065857   
0.517241358757019   0.517241358757019   
0.3448275923728943   0.3448275923728943   
0.8965517282485962   0.8965517282485962   
0.7586206793785095   0.7586206793785095   
0.6551724076271057   0.6551724076271057   
0.37931033968925476   0.37931033968925476   
0.4137931168079376   0.4137931168079376   
0.3103448152542114   0.3103448152542114   
0.6206896305084229   0.6206896305084229   

15:07:26: local_reinforcement_logger.timestep_report +41: INFO     
 Step 33   Fraction valid SMILES: 100.0   Score: 0.5000   Time elapsed: 47   Time left: 23.5
  Agent     Prior     Target     Score     SMILES
-35.97    -34.82    -21.59      0.16      c1cccc2c(Cc3nccn3C)ccc(C=CC(c3ccc(C(=O)O)cc3)=O)c12
-28.19    -29.00     21.26      0.61      C1CN(C(NCc2ccc(C(=N)N)cc2)=O)CCC1c1ccccc1OC
-26.84    -26.00    -23.36      0.03      c1c(NC(CN(CC)C(CCc2nc(=O)c3c(cccc3)[nH]2)=O)=O)c(CC)ccc1
-37.87    -38.56      6.41      0.55      Cc1nn(-c2ccc(F)cc2)c(-c2ccco2)c1OC(C1N(C(=O)C)CCC1)=O
-21.69    -22.12      4.33      0.32      CC(c1[nH]c2c(cccc2)n1)NC(=O)c1ccccc1
-22.74    -23.01    -15.07      0.10      S1C(=O)NC(=O)C1=Cc1cn(-c2ccccc2)nc1-c1cc2c(cccc2)o1
-31.01    -30.77    -20.18      0.13      C(#N)c1c(C)ccc(N=c2[nH]c(=N)[nH]c(=Nc3ccc([N+](=O)[O-])cc3)[nH]2)c1
-40.07    -39.38     -7.64      0.39      O=c1n(CCN(C)S(=O)(=O)c2ccc(C)cc2)nc2c(c3c(cccc3)n2C)c1C
-26.96    -27.56      9.47      0.45      C(c1cnc(-n2cncc2)nc1)(=O)N1C2CCC(C2)C1
-38.81    -38.09     -3.71      0.42      C(C(NC1CCN(C(c2cc(C)cc(C)c2)CCO)C1=O)=O)CCc1ccccc1
Human-Component   raw_Human-Component
0.16129031777381897   0.16129031777381897   
0.6129032373428345   0.6129032373428345   
0.032258063554763794   0.032258063554763794   
0.5483871102333069   0.5483871102333069   
0.32258063554763794   0.32258063554763794   
0.09677419066429138   0.09677419066429138   
0.12903225421905518   0.12903225421905518   
0.3870967626571655   0.3870967626571655   
0.4516128897666931   0.4516128897666931   
0.4193548262119293   0.4193548262119293   

15:07:28: local_reinforcement_logger.timestep_report +41: INFO     
 Step 34   Fraction valid SMILES: 100.0   Score: 0.4637   Time elapsed: 49   Time left: 22.4
  Agent     Prior     Target     Score     SMILES
-32.22    -32.39     -0.65      0.39      Clc1cc(F)ccc1COc1ccc(NC(Cc2c3ccccc3[nH]c2)=O)cc1
-24.63    -24.19      2.26      0.32      c1cc(-n2cc(C(Nc3cc(C#N)ccc3)O)cc2O)cc(OC)c1
-21.69    -21.32    -16.03      0.06      c1(C(NCC(NN=Cc2ccc(OC)c(OC)c2)=O)=O)occc1
-40.03    -40.44     17.75      0.71      O=C(C(C(C)C)NC(=O)C)C=CC=CCC(C(CCC=CC)O)C
-29.04    -28.50    -20.57      0.10      c1cc(C(N=c2cc(C(C)C)o[nH]2)=O)cc(S(=O)(=O)N(C)C2CCCCC2)c1
-43.95    -44.31    -31.08      0.16      C12(C)C(CCC1C(C)C1OC(=O)C(C)=C(C)C1)C1CC3C4(C(C)(C(=O)CCC4=O)OC(=O)C3)CC(OC(=O)C)C13C(C2)O3
-28.69    -28.90     31.94      0.74      n1c2c(nc(N3CCN(C)CC3)n1)n(-c1c(C)cc(C)cc1C)cc2
-43.20    -42.27     -7.88      0.42      [N+]1(Cc2c(Cl)cccc2Cl)=CN(CC(=O)c2ccc(Br)cc2)S(=O)(=O)N(Cc2ccccc2)C1
-43.21    -42.82     10.08      0.65      C(NC1CCC(CC2CCC(NC(=O)C(C)C(=O)Nc3c(C)cccc3C)CC2)CC1)(c1c(C(F)(F)F)cccc1)=O
-29.58    -29.56     41.86      0.87      CC1C2Cc3c(cc(O)cc3)C2(C)CN(CCCc2ccccc2)C1
Human-Component   raw_Human-Component
0.3870967626571655   0.3870967626571655   
0.32258063554763794   0.32258063554763794   
0.06451612710952759   0.06451612710952759   
0.7096773982048035   0.7096773982048035   
0.09677419066429138   0.09677419066429138   
0.16129031777381897   0.16129031777381897   
0.7419354915618896   0.7419354915618896   
0.4193548262119293   0.4193548262119293   
0.6451612710952759   0.6451612710952759   
0.8709677457809448   0.8709677457809448   

15:07:30: local_reinforcement_logger.timestep_report +41: INFO     
 Step 35   Fraction valid SMILES: 100.0   Score: 0.5000   Time elapsed: 51   Time left: 21.2
  Agent     Prior     Target     Score     SMILES
-31.50    -32.30      2.09      0.42      c1ccc(C(n2c(CCNS(=O)(CCCCC)=O)c(CCS)c3ccccc32)c2ccccc2)cc1
-41.67    -42.25    -13.15      0.35      c1c2c3c(cc1)C1(C(C#N)C(=O)N4C(C1=O)CCCC4)CC(C3)O2
-24.12    -23.45      0.35      0.29      c1cc(CNS(c2c(C)ccc(C(=O)O)c2)(=O)=O)ccc1C
-35.00    -34.04     13.57      0.58      OC(c1ccc(Cn2c(C)c(C(=O)c3ccc(Cl)cc3)c3cc(OC)c(OC)cc32)cc1)OC
-25.87    -26.39     31.80      0.71      c12c(n(-c3ccc(C(C)C)cc3Br)cc1CCNC)cccc2
-22.38    -22.78     16.90      0.48      C1CN(C(c2ccc3c(c2)OCO3)CNS(=O)(=O)c2ccc(C)cc2)CCN1C
-23.31    -24.29     57.71      1.00      C1N(C(c2ccc(F)cc2)CNCCc2cc(Cl)ccc2)CCN(CC)C1
-25.31    -25.46     24.80      0.61      N1(O)C(=O)CSC1CC=C
-20.84    -21.15     31.75      0.65      O=C1C(Cc2cc(O)c(O)cc2)=NC(=O)N1CC(C)C
-19.42    -20.77     45.36      0.81      n1(C2CCCC2)nnnc1C(N1CCN(C2CCCCC2)CC1)CC
Human-Component   raw_Human-Component
0.4193548262119293   0.4193548262119293   
0.35483869910240173   0.35483869910240173   
0.29032257199287415   0.29032257199287415   
0.5806451439857483   0.5806451439857483   
0.7096773982048035   0.7096773982048035   
0.4838709533214569   0.4838709533214569   
1.0   1.0   
0.6129032373428345   0.6129032373428345   
0.6451612710952759   0.6451612710952759   
0.8064516186714172   0.8064516186714172   

15:07:32: local_reinforcement_logger.timestep_report +41: INFO     
 Step 36   Fraction valid SMILES: 100.0   Score: 0.4919   Time elapsed: 53   Time left: 20.1
  Agent     Prior     Target     Score     SMILES
-24.96    -25.29     43.48      0.84      C1CN(C)CCN1c1ccc(N2C(=O)OC(CNC(c3cccc(C#N)c3)=O)C2)cc1
-29.35    -28.96    -15.74      0.16      N(C(=O)NCCCC)(Cc1cc2c([nH]c1=O)c(C)cc(C)c2)Cc1sccc1
-20.81    -21.14     44.99      0.81      c1cccc(CCCN2CCC3(OC(OC)Cc4sccc43)CC2)c1
-27.96    -27.42    -24.78      0.03      [N+]([O-])(c1ccc(C(OCC(CNCCNC(=O)Cc2ccccc2)O)=O)cc1)=O
-27.58    -27.49    -19.55      0.10      c1csc2c1nc(SCCNC(OCC=C)=O)n(N)c2=O
-21.14    -20.68      8.42      0.35      c1(C)c(C)cc(S(NCc2cc3c(cc2)OCO3)(=O)=O)cc1
-29.89    -29.95     30.89      0.74      c1(C)ccc(C2(N(C)C)CCC(N(C)C(C)=O)(C)CC2)cc1
-31.59    -31.72     47.64      0.97      N(c1ccc(Cl)cc1C(=O)c1ccc(Cl)cc1)C(CC(=O)N)C1CC1
-17.79    -18.33     34.57      0.65      c12ccccc1cc[n+](CCCCCC1CCCCC1)c2
-20.58    -20.93     37.27      0.71      C(Nc1ccc(N2CCN(C)CC2)cc1)(c1cc(C(F)(F)F)ccc1)=O
Human-Component   raw_Human-Component
0.8387096524238586   0.8387096524238586   
0.16129031777381897   0.16129031777381897   
0.8064516186714172   0.8064516186714172   
0.032258063554763794   0.032258063554763794   
0.09677419066429138   0.09677419066429138   
0.35483869910240173   0.35483869910240173   
0.7419354915618896   0.7419354915618896   
0.9677419066429138   0.9677419066429138   
0.6451612710952759   0.6451612710952759   
0.7096773982048035   0.7096773982048035   

15:07:33: local_reinforcement_logger.timestep_report +41: INFO     
 Step 37   Fraction valid SMILES: 100.0   Score: 0.4768   Time elapsed: 54   Time left: 18.5
  Agent     Prior     Target     Score     SMILES
-24.18    -24.66     52.05      0.94      c1cc(-c2cc(CN3CCCCC3)sc2)cc(C(F)(F)F)c1
-23.33    -24.17     18.16      0.52      C(N)(CC(=O)NN(C)CC(=O)O)CC1CCCCC1
-19.28    -20.09     61.91      1.00      c1(Cl)c(C2SCC(=O)N2CCCN(C)C)cccc1
-26.33    -25.64     37.84      0.77      C1CN(Cc2coc(-c3c(Cl)cc(Cl)cc3)n2)CCN1C(C(C)(C)C)=O
-40.22    -39.56    -36.92      0.03      c1cc2ncn(-c3ccc4c(sc(C(=O)O)c4)c3)c2c2cnn(C3CCC(OCCO)CC3)c(=O)c12
-28.59    -28.57     16.40      0.55      C1(C)=Nc2cccc(-c3[nH]c4cc[nH]c(=O)c4c3N)c2NC1NC(C)(CC(C)(C)C)C
-28.14    -28.74     42.68      0.87      O=C(CCCn1c(=O)c2c(n(C)c1=O)nc(Oc1cccc(Cl)c1)n2C)N
-24.48    -24.48    -11.26      0.16      O=C(NCc1ccc(OC)cc1)CCCn1c(=O)n(CC(=O)Nc2c(C)cccc2C)c2c(c1=O)cccc2
-30.71    -30.15     20.11      0.61      N(c1ccc(C(F)(F)F)cc1)=c1[nH]cnc2cc(OCCOC)c(NC(=O)C=CCN3CC(O)CCC3)cc12
-32.51    -32.55     46.81      0.97      N1(C2c3cc(Cl)ccc3Sc3ncccc3C2)CCN(c2cc(C)c3ccccc3n2)CC1
Human-Component   raw_Human-Component
0.9354838728904724   0.9354838728904724   
0.5161290168762207   0.5161290168762207   
1.0   1.0   
0.774193525314331   0.774193525314331   
0.032258063554763794   0.032258063554763794   
0.5483871102333069   0.5483871102333069   
0.8709677457809448   0.8709677457809448   
0.16129031777381897   0.16129031777381897   
0.6129032373428345   0.6129032373428345   
0.9677419066429138   0.9677419066429138   

15:07:34: local_reinforcement_logger.timestep_report +41: INFO     
 Step 38   Fraction valid SMILES: 96.9   Score: 0.4844   Time elapsed: 55   Time left: 16.9
  Agent     Prior     Target     Score     SMILES
-27.82    -28.58    -14.91      0.17      c12ccc(C)cc1n(C1CCCCC1)c(-c1ccc(OCCO)cc1)n2
-26.52    -26.99     24.94      0.63      c1cc2c(cc1)-c1c(cccc1)C2C(OC1C[N+]2(CCCc3ccccn3)CCC1CC2)=O
-34.26    -34.31    -34.31      0.00      c1c(NC(N=c2cc(C(C)(C)C)[nH]n2C)=O)ccc(Oc2cc(=Nc3cc4c(nn(C)c4)cc3)nc3[nH]cnc3c2)c1
-47.65    -47.23     10.17      0.70      C1(NC(C(CCC)(Cc2nc3c(ccc(F)c3)nc2)C#N)=O)C(Cl)=CCC1
-22.05    -22.86     18.14      0.50      c1ccc(Cl)c(CSCCC(=O)N2CCC(C)CC2)c1
-31.88    -31.83     -4.49      0.33      CC(C(C(=O)N1CCC2(c3c(c(O)ccc3C)SCC2)CC1)N)C
-45.84    -45.07     23.26      0.83      c1cccc2c1[nH]c(=NC(c1ccc(-c3cccc(Cl)c3)cc1)=O)cc2CS(c1c(S(C)(=O)=O)cccc1)(=O)=O
-38.14    -38.77    -27.84      0.13      c1cc2c(cc1C(N=c1cccc(F)[nH]1)=O)-c1n(cc(-c3c(N(C)S(=O)(C)=O)cccc3)n1)CCO2
-33.64    -34.00     -1.20      0.40      C12C3(C)C(=C(C(C)C)C1O)OC(C)(C)C(=C)C3CC2
-36.32    -35.86      7.88      0.53      C1C2CC3CC(C2)C(OC(NC2CN(C(C4CCN(c5ccncc5)CC4)=O)CC2)=O)C(C3)C1
Human-Component   raw_Human-Component
0.1666666716337204   0.1666666716337204   
0.6333333253860474   0.6333333253860474   
0.0   0.0   
0.699999988079071   0.699999988079071   
0.5   0.5   
0.3333333432674408   0.3333333432674408   
0.8333333134651184   0.8333333134651184   
0.13333334028720856   0.13333334028720856   
0.4000000059604645   0.4000000059604645   
0.5333333611488342   0.5333333611488342   

15:07:35: local_reinforcement_logger.timestep_report +41: INFO     
 Step 39   Fraction valid SMILES: 100.0   Score: 0.5000   Time elapsed: 56   Time left: 15.4
  Agent     Prior     Target     Score     SMILES
-35.22    -35.63     -1.24      0.42      c1(CC)cc(-c2nc(C3CN(CC4CC4)CC3)on2)ccc1N1CCOCC1
-21.61    -21.05     26.56      0.58      C(=O)(CCC(C(=O)O)CC(O)=O)O
-27.04    -27.86     -9.34      0.23      C(OC(C)C(=O)NC1CCCC1)C(NC1CCCCCC1)=O
-26.20    -26.44     37.05      0.77      Cc1cc(OC2CN(c3ncnc(OC)c3)CC2)ccc1F
-31.14    -30.93     40.49      0.87      CN(C)C(c1n[nH]n(-c2cccc(C)c2)c1=NC(CN1CCN(C)CC1)=O)=O
-36.44    -36.54    -12.73      0.29      c1c(N2CC(CNCCc3ccc(C#N)cc3)CC2=O)ccc(-c2nccs2)c1
-36.34    -35.94    -25.36      0.13      c1cc(OCCC(C)C)c2c(c1C=NNC(=O)c1cc(C)n[nH]1)OC(C)(C)C2
-27.57    -27.61     12.07      0.48      c12c(C)n[nH]c1nc(N1CCOCC1)c1c2cc(C#N)cc1
-23.96    -24.45    -24.45      0.00      FC(c1ccc(-c2nc(=O)n(C(C)C)c3c2oc2ccccc32)cc1)(F)F
-29.48    -29.21      7.82      0.45      c1ccc2c(N(C)C)ccc3c2c1C(=O)N(C(CCC(=O)O)C(=O)O)C3=O
Human-Component   raw_Human-Component
0.4193548262119293   0.4193548262119293   
0.5806451439857483   0.5806451439857483   
0.22580644488334656   0.22580644488334656   
0.774193525314331   0.774193525314331   
0.8709677457809448   0.8709677457809448   
0.29032257199287415   0.29032257199287415   
0.12903225421905518   0.12903225421905518   
0.4838709533214569   0.4838709533214569   
0.0   0.0   
0.4516128897666931   0.4516128897666931   

15:07:36: local_reinforcement_logger.timestep_report +41: INFO     
 Step 40   Fraction valid SMILES: 100.0   Score: 0.4768   Time elapsed: 57   Time left: 13.9
  Agent     Prior     Target     Score     SMILES
-28.39    -27.15      4.59      0.39      c1cccc2c1S(=O)(=O)C(CC(OCc1ccc(Br)cc1)=O)C(=O)N2
-26.79    -27.01     28.54      0.68      c1c(C(c2ccccc2)(O)C)n2c3c(cccc31)CCC2
-29.70    -30.80      8.88      0.48      c1c(=N)nc2n(c1)C1C3OC2CC3C1
-22.02    -22.68     19.64      0.52      n1c(C)c(C(NCCSCc2ccc(Cl)cc2)=O)sc1
-26.71    -27.83     30.37      0.71      c1cc(C)ccc1CNC(=O)NCc1cc(F)c(N2CCNCC2)cc1
-22.74    -22.71     -1.55      0.26      c1(-c2nc(N=Nc3c4ccccc4[nH]c3O)sc2)ccco1
-33.95    -34.86    -32.22      0.03      N(Cc1sccc1)(CCNC(c1c2c(nn1C1CCCCC1)n(C)c(=O)n(C)c2=O)C)C
-25.73    -26.06    -18.13      0.10      c1cc(-c2ncnc3[nH]cc(CC)c32)ccc1NC(Nc1cc(F)ccc1)=O
-40.13    -39.96    -13.51      0.32      c1ccc2oc(-c3sc(C(=O)O)cc3)cc2c1S(N1CCN2CCCC2C1)(=O)=O
-26.48    -28.82     50.53      0.97      FC1(c2ccc(-c3ccncc3)cc2)CCN(CCC(C)C)CC1
Human-Component   raw_Human-Component
0.3870967626571655   0.3870967626571655   
0.6774193644523621   0.6774193644523621   
0.4838709533214569   0.4838709533214569   
0.5161290168762207   0.5161290168762207   
0.7096773982048035   0.7096773982048035   
0.25806450843811035   0.25806450843811035   
0.032258063554763794   0.032258063554763794   
0.09677419066429138   0.09677419066429138   
0.32258063554763794   0.32258063554763794   
0.9677419066429138   0.9677419066429138   

15:07:38: local_reinforcement_logger.timestep_report +41: INFO     
 Step 41   Fraction valid SMILES: 100.0   Score: 0.4919   Time elapsed: 59   Time left: 12.6
  Agent     Prior     Target     Score     SMILES
-21.25    -21.74     39.10      0.74      n1(CCC(=O)O)ncc(=O)[nH]c1=O
-31.15    -30.65     -1.55      0.35      c1(-c2c(Cl)cc(Cl)cc2)nnn(CC(=O)Nc2c(Cl)ccc(S(=O)(=O)C(F)F)c2)n1
-26.71    -26.51     21.11      0.58      C(CCCCCCOc1ccc(-c2cc3ccc(C(N)=N)cc3o2)cc1)(O)=O
-32.35    -32.23      2.15      0.42      C1c2c3c(cc(OC)c(OC)c3)c3cc(OCCc4cnccc4)ccc3c2CO1
-27.69    -27.48    -16.90      0.13      c1(C(=O)NC2CCCCC2)[nH]c2cc(N(CC)CC)c([N+](=O)[O-])cc2c1
-23.41    -24.50     57.50      1.00      C1CN(CCC2CCC(NC(CC3CCC(O)(C)CC3)=O)CC2)CCN1c1ccc(C(F)(F)F)cc1
-22.12    -22.54     51.52      0.90      C1CCCCCN1Cc1ccc(C(=O)Nc2ccc(C(C)(C)C)cc2)cc1
-24.75    -24.89    -11.66      0.16      OCC1OC(Oc2cc(O)c3c(=O)cc(-c4ccc(O)cc4)oc3c2)C(O)C(OC2OC(C)C(O)C(O)C2O)C1O
-36.84    -37.72     25.77      0.77      Clc1ccc(OC)cc1NC(C1=C2c3ncccc3CC1C2)=O
-22.66    -22.87     -7.00      0.19      C(Nc1ccc(Br)cc1)(NNC(COc1ccc(Cl)cc1)=O)=S
Human-Component   raw_Human-Component
0.7419354915618896   0.7419354915618896   
0.35483869910240173   0.35483869910240173   
0.5806451439857483   0.5806451439857483   
0.4193548262119293   0.4193548262119293   
0.12903225421905518   0.12903225421905518   
1.0   1.0   
0.9032257795333862   0.9032257795333862   
0.16129031777381897   0.16129031777381897   
0.774193525314331   0.774193525314331   
0.19354838132858276   0.19354838132858276   

15:07:39: local_reinforcement_logger.timestep_report +41: INFO     
 Step 42   Fraction valid SMILES: 100.0   Score: 0.4526   Time elapsed: 60   Time left: 11.2
  Agent     Prior     Target     Score     SMILES
-26.52    -26.31    -18.38      0.10      [nH]1c(=NC(NCc2ccccc2)=O)scc1-c1oc2ccc(Cl)cc2n1
-33.22    -34.69     31.44      0.81      C1C(NNC2C3C(C)(CCC2)c2ccc(O)cc3CC2)CCC1
-25.24    -25.23     14.45      0.48      N1(c2sc3ccc(Cl)cc3n2)CCN(C(=O)Oc2ccc([N+](=O)[O-])cc2)CC1
-26.55    -26.82     26.08      0.65      [nH]1c(C)nc2c(c1=Nc1cc(Br)ccc1)c1ccccc1[nH]2
-27.34    -29.10     39.67      0.84      COCCNC(c1ccc(Cl)cc1)C(NCCc1cc(OC)c(OC)cc1)=O
-30.09    -29.44    -29.44      0.00      c1(Cl)cccc(NC(=O)COC(=O)c2coc3ccc(OC)cc3c2=O)c1
-29.58    -29.41     18.21      0.58      C1C(NC(c2cccc(Sc3c[nH]c(=N)s3)c2)=O)C(O)CCC1
-38.77    -39.38     39.98      0.97      C(N1CCC(NC(c2c(F)cccc2-c2ccccc2)=O)CC1)c1ccc(Oc2cccc(N(C)C)c2)cc1
-27.76    -26.46      2.64      0.35      C(c1ccc(C(=O)O)cc1)(c1cn(C(C)C)c2c(F)cncc21)=O
-25.13    -25.52    -20.23      0.06      C1CCC(CNC(CNC2Cn3c(nc(C)n3)CC2)=O)O1
Human-Component   raw_Human-Component
0.09677419066429138   0.09677419066429138   
0.8064516186714172   0.8064516186714172   
0.4838709533214569   0.4838709533214569   
0.6451612710952759   0.6451612710952759   
0.8387096524238586   0.8387096524238586   
0.0   0.0   
0.5806451439857483   0.5806451439857483   
0.9677419066429138   0.9677419066429138   
0.35483869910240173   0.35483869910240173   
0.06451612710952759   0.06451612710952759   

15:07:40: local_reinforcement_logger.timestep_report +41: INFO     
 Step 43   Fraction valid SMILES: 100.0   Score: 0.5000   Time elapsed: 61   Time left: 9.7
  Agent     Prior     Target     Score     SMILES
-19.94    -22.51     56.84      0.97      C1CN(CCCCCCN2c3c(cccc3)Sc3ccc(Cl)cc32)CCN1
-21.36    -21.80     60.20      1.00      c1cc2c(CCN3CCC(N(Cc4ccccc4)C)CC3)c[nH]c2cc1
-20.61    -21.57     55.14      0.94      n1(C)c(=O)cc(N)n1Cc1ccc(Cl)cc1
-31.09    -30.66    -30.66      0.00      c1coc(CNc2sc(C(OCC)=O)c(-c3ccccc3)c2)c1
-53.49    -56.11    -19.08      0.45      C1C(C)CCC2(C)C1(C)CCC2CC1C2C(=O)CC(OC)C3C2C(=O)C3(C)C(=O)C1=O
-30.90    -30.91      0.83      0.39      C1CC(=O)N(C2CCN(C(=O)c3[nH]c4c(cccc4)c3)CC2)CCN1C(C)(C)C
-28.86    -28.32    -20.38      0.10      c1cccc(C(=NNC(=O)c2[nH]nc(C)c2)c2cc(F)ccc2)c1
-29.49    -30.10     38.68      0.84      c1cc(-c2nnc3n2N=C(c2cc(F)c(Cl)cc2Cl)CC3c2ccccc2)ncc1
-25.54    -25.99     34.85      0.74      c1nccn1-c1ccc(C(NCCCN=c2cc[nH]c3c2ccc(Cl)c3)C)cc1
-24.01    -24.26     -8.39      0.19      C1(C(C)(C)C)CCC2(NC(=O)N(NC(=O)COc3ccccc3)C2=O)CC1
Human-Component   raw_Human-Component
0.9677419066429138   0.9677419066429138   
1.0   1.0   
0.9354838728904724   0.9354838728904724   
0.0   0.0   
0.4516128897666931   0.4516128897666931   
0.3870967626571655   0.3870967626571655   
0.09677419066429138   0.09677419066429138   
0.8387096524238586   0.8387096524238586   
0.7419354915618896   0.7419354915618896   
0.19354838132858276   0.19354838132858276   

15:07:41: local_reinforcement_logger.timestep_report +41: INFO     
 Step 44   Fraction valid SMILES: 100.0   Score: 0.4768   Time elapsed: 62   Time left: 8.3
  Agent     Prior     Target     Score     SMILES
-23.87    -25.20     43.58      0.84      c1cc(C(=O)O)ccc1C1=Nc2c(cccc2)N(CC)c2c1cc(Cl)cc2
-21.30    -22.59     59.41      1.00      C1(N(C)Cc2ccc(Cl)cc2)CCN(CCCc2c3cc(-n4cnnc4)ccc3[nH]c2)CC1
-29.58    -29.69    -29.69      0.00      S(=O)(c1ccc(Cl)cc1)(c1nc(-c2cccnc2)oc1SCC(=O)NCC=C)=O
-29.09    -29.11     13.21      0.52      C1C2CCC(CC1Oc1cc(=NC(=O)c3ccc(C#N)cc3)cc[nH]1)O2
-28.81    -28.31    -12.44      0.19      c1c(-c2nnc(CC(Cn3cncc3)(c3ccccc3)O)o2)cccc1
-27.26    -27.25     -8.73      0.23      c1ccccc1N(CC(=O)NN=Cc1c(C)n(C)c2ccccc12)C
-35.32    -34.02    -31.38      0.03      c1c(Cn2c3cnc(C(=O)NCC(O)=O)c(O)c3cc(-c3cnccn3)c2=O)sc(C)c1
-24.39    -26.36     52.99      0.97      C1(c2cc(Cl)c(Cl)cc2)C=C2CCN(C)C2CC1
-25.24    -26.23     29.32      0.68      Clc1c(-c2ncccc2)cc(NC(C2CCCN(Cc3cnccc3)C2)=O)cc1
-21.48    -21.66      2.15      0.29      c1(Cl)ccc(NC(c2cc(S(N3CCOCC3)(=O)=O)ccc2F)=O)cc1
Human-Component   raw_Human-Component
0.8387096524238586   0.8387096524238586   
1.0   1.0   
0.0   0.0   
0.5161290168762207   0.5161290168762207   
0.19354838132858276   0.19354838132858276   
0.22580644488334656   0.22580644488334656   
0.032258063554763794   0.032258063554763794   
0.9677419066429138   0.9677419066429138   
0.6774193644523621   0.6774193644523621   
0.29032257199287415   0.29032257199287415   

15:07:42: local_reinforcement_logger.timestep_report +41: INFO     
 Step 45   Fraction valid SMILES: 96.9   Score: 0.4563   Time elapsed: 63   Time left: 6.8
  Agent     Prior     Target     Score     SMILES
-36.29    -36.38     -3.58      0.40      OC(=O)C(C1CCC2(C)C3C(C)(C4(C)CCC5C(C)(C4CC3)CCC(=NO)C5(C)C)C(O)CC21)=C
-26.61    -26.89     -7.75      0.23      CC(NC(c1cc2c(cc1)ncs2)=O)COc1ccccc1
-28.05    -29.28    -26.55      0.03      c12c(cc(N(CC)CC)c(NC(C=C)=O)c1)C(=O)c1ccccc1C2=O
-22.32    -21.89     49.17      0.87      c1cc(CN(CC=Cc2ccccc2)C)ccc1OCCN(C)C
-31.41    -31.13     12.61      0.53      COC(c1cccc(Cc2cn(C3c4ccccc4-c4ccccc43)nn2)c1)=O
-26.66    -26.63      8.91      0.43      O=C(c1cnn2c(C(F)F)cc(-c3ccc(Cl)cc3)nc21)N(C)c1ccccc1
-23.65    -23.23     -1.36      0.27      C(Oc1ccc(C=C2C(=O)NC(=O)S2)cc1OC)c1nc2ccccc2s1
-24.84    -25.08      2.26      0.33      c1c(=Nc2ccc(OC)cc2)[nH]c(-c2ccc(-c3ccccc3)cc2)cc1C
-23.16    -23.13    -14.93      0.10      Brc1ccc(C(=O)COC(=O)CN2C(=O)C3(CCCCC3C)NC2=O)cc1
-25.07    -25.34    -19.87      0.07      c1cccc(CNC2(CNC(c3ccccc3)=O)CCCCC2)c1
Human-Component   raw_Human-Component
0.4000000059604645   0.4000000059604645   
0.23333333432674408   0.23333333432674408   
0.03333333507180214   0.03333333507180214   
0.8666666746139526   0.8666666746139526   
0.5333333611488342   0.5333333611488342   
0.4333333373069763   0.4333333373069763   
0.2666666805744171   0.2666666805744171   
0.3333333432674408   0.3333333432674408   
0.10000000149011612   0.10000000149011612   
0.06666667014360428   0.06666667014360428   

15:07:42: local_reinforcement_logger.timestep_report +41: INFO     
 Step 46   Fraction valid SMILES: 100.0   Score: 0.4637   Time elapsed: 64   Time left: 5.4
  Agent     Prior     Target     Score     SMILES
-34.32    -35.21    -35.21      0.00      O=C(NC(Cc1ccccc1)C(C(CF)(C)C)=O)C(CC1CCCCC1)NC(=O)OCC(C)C
-25.48    -25.37     22.24      0.58      c1(F)ccc(C(C2CCN(C(CCNS(C)(=O)=O)C)CC2)=O)cc1
-36.14    -37.57     -5.83      0.39      CC12C(C)(CC(=O)c3c1cco3)C1CC=C3C(C)(C)C(=C)CCC3C1(C)C(=O)C2
-32.54    -32.90     22.65      0.68      c1c(C(F)(F)F)c(Cl)c(C)nc1-c1c2c(cc(=NC(=O)NCCOC)[nH]1)[nH]nc2OC
-49.76    -49.22     -4.26      0.55      c1n(F)c2c(c1)cccc2NC1CC(C)(C)C(O)(C[N+](=O)[O-])CC1
-23.95    -23.25    -15.31      0.10      C(CCNC(NN=Cc1sccc1C)=S)=C
-28.90    -30.55     51.45      1.00      C(Cn1cnnn1)CN1CCN(C(CCCCC)=O)CC1
-25.10    -25.17     38.31      0.77      c12n(C)c(=O)n(C)c1cc(NS(=O)(=O)C)c(N1CCCCC1)c2
-17.73    -18.98     20.70      0.48      c1(C(=O)N2CCCN(C)CC2)ccccc1
-27.69    -28.59    -10.07      0.23      c1(NCCO)ccc([N+]([O-])=O)c2c1CCCC2
Human-Component   raw_Human-Component
0.0   0.0   
0.5806451439857483   0.5806451439857483   
0.3870967626571655   0.3870967626571655   
0.6774193644523621   0.6774193644523621   
0.5483871102333069   0.5483871102333069   
0.09677419066429138   0.09677419066429138   
1.0   1.0   
0.774193525314331   0.774193525314331   
0.4838709533214569   0.4838709533214569   
0.22580644488334656   0.22580644488334656   

15:07:44: local_reinforcement_logger.timestep_report +41: INFO     
 Step 47   Fraction valid SMILES: 93.8   Score: 0.4688   Time elapsed: 65   Time left: 4.1
  Agent     Prior     Target     Score     SMILES
-24.06    -26.63     55.37      1.00      CN(C)C1CCN(CCCC2(c3ccc(Cl)c(Cl)c3)CN(C(c3cc(Cl)c(Cl)cc3)=O)CO2)CC1
-39.32    -40.70     15.86      0.69      OCC1C2C(C(C)C1C=CC(C=CC#N)O)C2
-28.41    -30.18    -30.18      0.00      C(N1CCCCC1)=c1c(Cc2c(Cl)cccc2)c2c([nH]1)=CCN(C)C=2
-24.62    -24.83    -13.52      0.14      c1cc(C)cc2c1c(=O)n(C)c(=NC1CCCCC1)[nH]2
-28.26    -27.87     34.34      0.76      c1(C(N2CCC3(O)C(C2)CN(Cc2cnn(C)c2)CC3)=O)sccc1
-30.55    -32.23     -9.61      0.28      c1c(-c2c(OCC)cccc2)cc(Cl)c2c1OC(CNC(=O)C1CC1)CC2
-35.70    -35.31     18.41      0.66      OC1(C(F)(F)F)c2c(cccc2)-c2c1cc(C(=O)N(C)CC(C1CC1)NC=O)cc2
-25.44    -26.83     46.69      0.90      N1(CC)Cc2nc(-c3ccc(Cl)cc3)[nH]c(=O)c2C1
-27.07    -27.28    -10.31      0.21      c1c(S(=O)(NC(C(=O)O)CNC(C(C)N)=O)=O)ccc(-c2ccc(Cl)cc2)c1
-66.57    -65.81    -65.81      0.00      C12(CCCC)C(=O)N3C(=O)C(OC(=O)C)C45C6N(CC)c7c(ccc(OC)c6OC)C4(CC1=CC=CC2OC(=O)C)C3N(CC)CC5
Human-Component   raw_Human-Component
1.0   1.0   
0.6896551847457886   0.6896551847457886   
0.0   0.0   
0.13793103396892548   0.13793103396892548   
0.7586206793785095   0.7586206793785095   
0.27586206793785095   0.27586206793785095   
0.6551724076271057   0.6551724076271057   
0.8965517282485962   0.8965517282485962   
0.2068965584039688   0.2068965584039688   
0.0   0.0   

15:07:45: local_reinforcement_logger.timestep_report +41: INFO     
 Step 48   Fraction valid SMILES: 96.9   Score: 0.4531   Time elapsed: 66   Time left: 2.7
  Agent     Prior     Target     Score     SMILES
-34.17    -33.03    -19.36      0.17      c12c(cccc1Cc1sc(S(=O)(NC(=O)OCCCC)=O)cc1)cc(C)n2CC
-30.45    -31.83     -4.49      0.33      CC(C)CCCC(C)C1CCC2C3C(CCC21C)C1(C)CCC(O)CC1(CC(C)=O)CC3
-19.18    -19.61     56.92      0.93      c12c3c(ccc1OC)CC1N(C)CCC34C(O2)C(=O)CCC14OC
-28.95    -28.97     20.23      0.60      C1(C)=CCC(C(=C)C=CC(NC2CC2)=O)CC1
-31.49    -31.84     -9.97      0.27      n12cnc3[nH]ccc3c1nc(-c1cccc(C)c1)c2CN(CCN(C)C)C
-25.56    -25.80      9.74      0.43      c1(N)[nH]c(=N)[nH]c(=N)c1Cc1cc2ccccc2c(OC)c1
-39.63    -39.75     23.12      0.77      O1C=CC2c3c(c4c([nH]3)ccc(OC)c4)C(NOCCO)C12
-22.29    -24.05     36.08      0.73      C(CCCNC(C)C)NCC1CC1
-32.50    -32.12    -23.92      0.10      c1cccc2nc(=NC3CCOC3)c(-c3ccccc3)cnc12
-22.57    -22.74    -20.01      0.03      c1(NC(=O)C=Cc2ccc([N+](=O)[O-])o2)cc(C(F)(F)F)ccc1
Human-Component   raw_Human-Component
0.1666666716337204   0.1666666716337204   
0.3333333432674408   0.3333333432674408   
0.9333333373069763   0.9333333373069763   
0.6000000238418579   0.6000000238418579   
0.2666666805744171   0.2666666805744171   
0.4333333373069763   0.4333333373069763   
0.7666666507720947   0.7666666507720947   
0.7333333492279053   0.7333333492279053   
0.10000000149011612   0.10000000149011612   
0.03333333507180214   0.03333333507180214   

15:07:46: local_reinforcement_logger.timestep_report +41: INFO     
 Step 49   Fraction valid SMILES: 90.6   Score: 0.4141   Time elapsed: 67   Time left: 1.3
  Agent     Prior     Target     Score     SMILES
-25.16    -24.16    -24.16      0.00      c1cc(S(NC(CCC(NCc2ccccc2)=O)C(=O)OC)(=O)=O)ccc1C
-29.87    -30.13     43.09      0.89      C(CN1CCOCC1)CN(c1nc(-c2ccccc2Cl)cs1)C(=O)CC
-35.94    -35.22    -35.22      0.00      c1c(-c2cccc3nc(N=c4cncc[nH]4)c(=NC(C)C)cc23)cccc1
-22.23    -23.15    -23.15      0.00      O=C(OCC)CCCCNS(=O)(c1ccc(Cl)cc1)=O
-23.50    -25.97     41.39      0.82      C1CC(NCC2CCCCC2)CCN1C#N
-28.20    -28.46    -19.68      0.11      c1(C2CCCCC2)nc2c(C(=O)NC(C)(C)C)cnn2cc1
-28.78    -30.23      1.99      0.39      C(C(=O)NC)C1N(CC=C)C(=O)CSC1
-19.46    -19.75     30.04      0.61      c1(N2C(N)=NC(N)=NC2(C)C)ccc(OCCCCCCC)cc1
-28.00    -28.86     17.99      0.57      C1C(NC(=O)c2nnc(OC)cc2)CN(CC2CCCCC2)CC1
-23.76    -24.77     13.30      0.46      c1cc(-n2c3c(c4c2CCCCC4)cccc3)ccc1
Human-Component   raw_Human-Component
0.0   0.0   
0.8928571343421936   0.8928571343421936   
0.0   0.0   
0.5   0.5   
0.8214285969734192   0.8214285969734192   
0.1071428582072258   0.1071428582072258   
0.3928571343421936   0.3928571343421936   
0.6071428656578064   0.6071428656578064   
0.5714285969734192   0.5714285969734192   
0.4642857015132904   0.4642857015132904   

