14:02:35: local_reinforcement_logger.log_message +32: INFO     starting an RL run
14:02:36: local_reinforcement_logger.timestep_report +41: INFO     
 Step 0   Fraction valid SMILES: 100.0   Score: 0.4926   Time elapsed: 0   Time left: 0.0
  Agent     Prior     Target     Score     SMILES
-20.63    -20.63     -4.87      0.49      c12n3c(nc1n(C)c(=O)n(CC#C)c2=O)N(Cc1ccccc1)CCC3
-25.95    -25.95    -10.18      0.49      O=c1c2cc3c(cccc3)cc2nc(-c2ccccc2N)o1
-24.29    -24.29     -8.59      0.49      C(C(=O)N=c1nc2c(c[nH]1)C(=O)CC(c1ccc(Br)cc1)C2)C
-31.45    -31.45    -15.73      0.49      c1c(-c2c[nH]n3c2nc(-c2cc4c(cccc4)nc2)cc3=O)ccc2occc12
-23.34    -23.34     -7.54      0.49      C1CCC(CC(N2CCN(C3CCC3)CC2)c2ccccc2)CC1
-31.42    -31.42    -15.63      0.49      c1c(CCN=c2ncc3cc(C(C)(O)C)[nH]c3[nH]2)ccnc1
-16.55    -16.55     -0.71      0.50      c1c(O)c2c(cc1O)OC(c1ccc(O)c(O)c1)CC2=O
-19.52    -19.52     -3.79      0.49      c1(CCCNC(=O)C)cc2c(cc1)OCO2
-28.67    -28.67    -12.88      0.49      c12c(cc(CN=c3nc(SC)[nH]c4c5c(oc43)cccc5)cc1)OCO2
-31.30    -31.30    -15.54      0.49      c1cc(OC)c(OC)cc1C=NNC(=O)c1c(CC)nc2n1c(C)cs2
Human-Component   raw_Human-Component
0.4923664629459381   0.4923664629459381   
0.49276891350746155   0.49276891350746155   
0.4906192421913147   0.4906192421913147   
0.49124962091445923   0.49124962091445923   
0.4938334822654724   0.4938334822654724   
0.49326780438423157   0.49326780438423157   
0.4950653910636902   0.4950653910636902   
0.4915517568588257   0.4915517568588257   
0.4934554100036621   0.4934554100036621   
0.4925026297569275   0.4925026297569275   

14:02:37: local_reinforcement_logger.timestep_report +41: INFO     
 Step 1   Fraction valid SMILES: 100.0   Score: 0.4931   Time elapsed: 1   Time left: 24.5
  Agent     Prior     Target     Score     SMILES
-35.65    -35.66    -19.87      0.49      c1(C(C)C(=O)NC2C(=O)N3C(C(=O)O)=C(CSc4nnnn4C)OCC23)cc2ccccc2cc1
-31.64    -31.55    -15.78      0.49      C(CCc1c(O)c(C(C)=O)c(OCCCCOc2ccc(CCCC(O)=O)cc2)cc1)CCC
-35.39    -35.47    -19.69      0.49      c12n[nH]c(Br)c1C(N=c1cc[nH][nH]1)C(=O)NC2
-32.59    -32.60    -16.80      0.49      c1(CC(=O)O)c(=O)n(CCc2ccccc2)c2c(c1Cl)nccc2
-25.56    -25.59     -9.79      0.49      S(=O)(Cc1ccccc1F)(=O)NC1CN(C#N)CC1
-29.00    -29.05    -13.28      0.49      N1(c2n(CC(c3occc3)O)c3c(=O)n(C)c(=O)n(CC(C)C)c3n2)CCOCC1
-27.94    -27.90    -12.11      0.49      C1C2CC3CC(CC1(c1nc(-c4[nH]ccn4)n[nH]1)C3)C2
-20.04    -20.04     -4.27      0.49      C1(Cc2cc(OC)c(OC)cc2)CCN(CCc2cccc(OC)c2)CC1
-26.79    -26.74    -10.94      0.49      c1cccc(Cc2c(=O)[nH]c3c(c2)c(C)nc(-c2ccccc2)c3)c1
-21.48    -21.44     -5.73      0.49      COc1ccc(C2C(Cl)C(=O)N2NC(c2cnc(C)cn2)=O)cc1
Human-Component   raw_Human-Component
0.49347662925720215   0.49347662925720215   
0.4926421344280243   0.4926421344280243   
0.49321722984313965   0.49321722984313965   
0.4937405288219452   0.4937405288219452   
0.49387744069099426   0.49387744069099426   
0.4927463233470917   0.4927463233470917   
0.49344369769096375   0.49344369769096375   
0.4928518235683441   0.4928518235683441   
0.4938680827617645   0.4938680827617645   
0.4910837411880493   0.4910837411880493   

14:02:37: local_reinforcement_logger.timestep_report +41: INFO     
 Step 2   Fraction valid SMILES: 100.0   Score: 0.4925   Time elapsed: 2   Time left: 32.0
  Agent     Prior     Target     Score     SMILES
-39.25    -39.28    -23.54      0.49      C1N(C(=O)c2cccc(N=c3c4c(cncc4)c4c(ccc(-c5cc[nH]c(=O)c5)c4)[nH]3)c2)CCCCC1
-19.16    -19.11     -3.35      0.49      c1cc(Cl)ccc1-c1cc(C(F)(F)F)nn1-c1ncc(S(=O)(C)=O)cc1
-35.02    -34.96    -19.15      0.49      c1c(Cl)cccc1SC(CNC(c1cnccn1)=O)c1cc(OC)c(OC)cc1
-21.51    -21.57     -5.78      0.49      N(C1CC(=O)N(c2ccc(Cl)cc2)C1)C(COC)=O
-30.76    -30.61    -14.86      0.49      c1cccc(F)c1C(C)(C)C(=O)NC1COc2ccccc2C1
-52.91    -52.81    -37.13      0.49      OC(C(N)C(NC(C(C)C)C(=O)N1CCCC1C(NC(C(=O)NC(CC(C)C)C(=O)O)CCC(N)=O)=O)=O)=CC=CC(CC)C(C)C
-28.31    -28.23    -12.54      0.49      N(NC(=S)Nc1ccccc1C)C(=O)CN(C)S(=O)(c1ccc(Cl)cc1)=O
-25.14    -25.22     -9.43      0.49      c1(CC(=O)NC2CCN(Cc3ccccc3)CC2)nc2c(cccc2)n1C
-23.62    -23.70     -7.97      0.49      N1(C(=O)c2ccc(NC(=O)c3ccc(C)cc3)cc2)c2c(cccc2)Cn2cccc2C1
-26.39    -26.63    -10.85      0.49      n1(Cc2ncn3ncnc3c2CCC)ccnc1-c1cc[nH]n1
Human-Component   raw_Human-Component
0.49194756150245667   0.49194756150245667   
0.4924757778644562   0.4924757778644562   
0.49405649304389954   0.49405649304389954   
0.4932861924171448   0.4932861924171448   
0.4918992519378662   0.4918992519378662   
0.4900875389575958   0.4900875389575958   
0.4902099668979645   0.4902099668979645   
0.49340885877609253   0.49340885877609253   
0.4915294051170349   0.4915294051170349   
0.49316149950027466   0.49316149950027466   

14:02:38: local_reinforcement_logger.timestep_report +41: INFO     
 Step 3   Fraction valid SMILES: 100.0   Score: 0.4933   Time elapsed: 2   Time left: 23.5
  Agent     Prior     Target     Score     SMILES
-30.72    -30.69    -14.92      0.49      n1cc(-c2cc3c(cc2)Oc2ccc(-c4ccnc(OC)n4)cc2C32COC(=N)N2)c[nH]1
-26.92    -26.92    -11.13      0.49      C1CC(C(N)C(N2CC(F)CC2)=O)CCN1Cc1ccc([N+](=O)[O-])cc1
-29.54    -29.48    -13.69      0.49      N(C(C(=O)NCc1ccc(OC)c(OC)c1)=O)N1C(=O)c2cccc3c2c(ccc3)C1=O
-28.45    -28.45    -12.59      0.50      c12c(=O)[nH]c(=O)n(CCCN3CCN(c4ccc([N+]([O-])=O)cc4)CC3)c1[nH]c(=O)[nH]c2=O
-22.79    -22.85     -7.06      0.49      c1c(-n2c(=O)cc(N3CCCC3)[nH]c2=O)c(C)c(C)cc1
-37.81    -37.78    -21.98      0.49      C1CC(CNC(C)=O)(c2cccc(NC(c3cccs3)C(F)(F)F)c2)C1
-38.57    -38.53    -22.78      0.49      c1(F)c(-c2c(OCC(C)C)ccc(N(CC(O)C(F)(F)F)c3cc4cn[nH]c4cc3)c2)cccc1
-40.22    -40.21    -24.42      0.49      O1C(C(O)=O)Cc2c(Oc3ccc(C(C)(CC)C)cc3)c([N+]([O-])=O)c(O)cc21
-22.94    -23.09     -7.37      0.49      c1(N2CCOCC2)nc(=NN=Cc2c3c([nH]c2C)cccc3)nc(N2CCOCC2)[nH]1
-31.49    -31.68    -15.82      0.50      c1c(NC(=O)C)cc(NC(C2(NC(c3ncc(C4CC4)c(OCC(F)(F)F)c3)=O)CC2)=O)cc1
Human-Component   raw_Human-Component
0.49269816279411316   0.49269816279411316   
0.4936430752277374   0.4936430752277374   
0.4937133193016052   0.4937133193016052   
0.4956715703010559   0.4956715703010559   
0.49347105622291565   0.49347105622291565   
0.49373167753219604   0.49373167753219604   
0.49231937527656555   0.49231937527656555   
0.49344944953918457   0.49344944953918457   
0.49113601446151733   0.49113601446151733   
0.4956037998199463   0.4956037998199463   

14:02:38: local_reinforcement_logger.timestep_report +41: INFO     
 Step 4   Fraction valid SMILES: 100.0   Score: 0.4930   Time elapsed: 3   Time left: 27.6
  Agent     Prior     Target     Score     SMILES
-22.90    -22.92     -7.16      0.49      n1(CCC(C)C)c2nnc(Cc3ccccc3)c(=O)n2c2ccccc12
-26.32    -26.22    -10.45      0.49      C(O)(=O)c1c(Oc2c(Cl)cc(C(F)(F)F)cc2)cc(Br)cc1
-29.35    -29.55    -13.77      0.49      COc1ccc(OC)c(S(=O)(NCCC(N=c2cc[nH]cn2)=O)=O)c1
-28.41    -28.40    -12.63      0.49      c1(C(F)(F)F)ccc(Cn2c(=O)n(C)c3[nH]c(=NCCCC)n(CCc4ccccc4)c3c2=O)cc1
-29.56    -29.56    -13.77      0.49      c1(OC)c(OC)cc(C(CCCC)N2CCCCC2)c(N2CCCCC2)c1
-44.62    -44.71    -28.90      0.49      C12(Nc3c4c(c(S(=O)(=O)N=c5scc[nH]5)cc3)N(Cc3ccccc3)C(=O)C4C1)CCCC2
-28.25    -28.21    -12.43      0.49      n1oc(C=Cc2ccccc2)cc1NC(=O)c1cc(OC)c(OC)cc1
-31.55    -31.56    -15.77      0.49      C(N1CCN(CCc2ccccc2)CC1)(c1c(-n2cc(CN3CCc4ccccc4C3)nn2)cccc1)=O
-23.94    -23.85     -8.06      0.49      O=C(Nc1ccc(N2CCC(N(C)C)CC2)cc1)Cc1cc(F)ccc1
-22.73    -22.63     -6.85      0.49      C(Oc1ccccc1)c1ccc(C(=O)Nc2ccccc2O)cc1
Human-Component   raw_Human-Component
0.4924975335597992   0.4924975335597992   
0.4927085340023041   0.4927085340023041   
0.49311092495918274   0.49311092495918274   
0.4926563799381256   0.4926563799381256   
0.4935019910335541   0.4935019910335541   
0.49404025077819824   0.49404025077819824   
0.49301761388778687   0.49301761388778687   
0.49369287490844727   0.49369287490844727   
0.49353376030921936   0.49353376030921936   
0.49321669340133667   0.49321669340133667   

14:02:39: local_reinforcement_logger.timestep_report +41: INFO     
 Step 5   Fraction valid SMILES: 96.9   Score: 0.4776   Time elapsed: 4   Time left: 30.0
  Agent     Prior     Target     Score     SMILES
-24.11    -24.10     -8.27      0.49      c12c(oc3c(cccc3)c1=O)CCC(N)C2
-28.36    -28.36    -12.61      0.49      C1C(NC(=O)CCc2ccccc2)(C(=O)NCC#N)CCNC1
-23.04    -22.97     -7.22      0.49      C(CN1CCN(Cc2cc(OC)ccc2)CC1)Oc1ccc(C#N)cc1
-26.22    -26.12    -10.30      0.49      o1cccc1C1C(Cl)C(=O)N1c1oc(C)nn1
-22.31    -22.22     -6.43      0.49      O=C(CCSc1ccc(C)cc1)Nc1c(C)cc(C)cc1
-33.24    -33.10    -17.32      0.49      c1c(Cl)cc(-c2c(O)c(-c3nc4ccccc4c(=O)n3C)c(C)cc2O)cc1
-25.07    -25.09     -9.34      0.49      CCN(c1cc(C)c(NC(C)=O)cc1[N+](=O)[O-])CC
-28.22    -28.30    -12.47      0.49      C1(CS(Nc2cc(C#N)ccc2)(=O)=O)CC(N(c2ncnc3[nH]ccc32)C)C1
-27.52    -27.74    -11.96      0.49      C1CCCCCC1N1CC(C)(C)C(CCC)CC1
-28.96    -29.02    -13.29      0.49      n1c(N2CCOCC2)sc(-c2oc3c(c2)cccc3)c1-c1ccc(O)cc1
Human-Component   raw_Human-Component
0.49470430612564087   0.49470430612564087   
0.4920468032360077   0.4920468032360077   
0.49219805002212524   0.49219805002212524   
0.49434909224510193   0.49434909224510193   
0.4932708740234375   0.4932708740234375   
0.49291256070137024   0.49291256070137024   
0.49218544363975525   0.49218544363975525   
0.49446916580200195   0.49446916580200195   
0.49305209517478943   0.49305209517478943   
0.49177446961402893   0.49177446961402893   

14:02:40: local_reinforcement_logger.timestep_report +41: INFO     
 Step 6   Fraction valid SMILES: 93.8   Score: 0.4623   Time elapsed: 4   Time left: 25.1
  Agent     Prior     Target     Score     SMILES
-26.91    -26.98    -11.21      0.49      c1c(-c2cc(-c3ccsc3)n3c(ncc3)n2)ccc(OCC)c1
-21.59    -21.57     -5.72      0.50      c1(-c2cc[nH]c(=Nc3ccc(S(=O)(=O)N)cc3)n2)ccc(C(F)(F)F)cc1
-24.05    -24.11     -8.31      0.49      N(=C(c1c(F)cccc1Cl)C)OCC(=O)O
-33.44    -33.56    -33.56      0.00      n1c(=O)[nH]c(=O)c2ncn(C3SC(C(OC)=O)CC3O)c12
-26.27    -26.17    -10.40      0.49      N1c2cc(C)c(C)cc2N(C(=O)CCC(NCc2ccc(C)cc2)=O)CC1=O
-27.63    -27.59    -11.80      0.49      C(C(=O)Nc1cccc(C(O)=O)c1)(C)Cc1ccc(F)cc1
-33.73    -33.86    -18.09      0.49      C1N(c2nc(-c3ccc([N+]([O-])=O)o3)nc3c2c2c(s3)CN(C(OCC)=O)CC2)CCC1
-31.44    -31.23    -15.46      0.49      COc1c(OCC)cc(C(Nc2c(C(=O)OC)cc(OC)c(OC)c2)=O)cc1NC(=O)C
-36.50    -36.41    -20.64      0.49      c1c(CC(CNC(CCCN)C)NCC(=O)NCC(c2ccccc2)c2ccccc2)cccc1
-29.05    -28.96    -13.13      0.49      N#Cc1c(N(C)C)[nH]c(=O)c(Cc2ccccc2OC)n1
Human-Component   raw_Human-Component
0.49271252751350403   0.49271252751350403   
0.4953244626522064   0.4953244626522064   
0.4936632215976715   0.4936632215976715   
0.0   0.0   
0.49285605549812317   0.49285605549812317   
0.4934386909008026   0.4934386909008026   
0.4928358197212219   0.4928358197212219   
0.49289119243621826   0.49289119243621826   
0.4930225908756256   0.4930225908756256   
0.49465683102607727   0.49465683102607727   

14:02:40: local_reinforcement_logger.timestep_report +41: INFO     
 Step 7   Fraction valid SMILES: 100.0   Score: 0.4928   Time elapsed: 5   Time left: 26.9
  Agent     Prior     Target     Score     SMILES
-18.89    -18.97     -3.24      0.49      O=S(=O)(Nc1cc(C#Cc2c(CC)ncnc2N2CCOCC2)cnc1OC)C
-30.88    -30.77    -14.97      0.49      c1(-c2ccc(S(=O)(=O)C)cc2)n2cc(NC(OCC)=O)ccc2nc1-c1ccc(F)cc1
-31.92    -31.79    -16.05      0.49      C(CC)CCCCC(=O)Nc1ccc(C(=O)NCc2cc(F)cc(F)c2)cc1
-20.11    -20.02     -4.25      0.49      Oc1c2ccccc2c(O)c(C=CCCCCCCCC)c1
-29.13    -29.25    -13.48      0.49      C1CC(O)(c2cc(OCC)c(O)cc2)CCN1Cc1cccc(Cl)c1
-26.84    -27.11    -11.35      0.49      O=C1N(CCc2ccc(O)cc2)C(=O)N(Cc2cccc(O)c2)C1Cc1ccccc1
-37.08    -36.84    -21.06      0.49      c12cc(N(Cc3ccc4c(c(=O)[nH]c(=N)[nH]4)c3)c3cc(C(=O)N(C)C)ccc3)c(C)cc1CCC2
-40.10    -40.26    -24.52      0.49      [nH]1c(C)cc(=NS(c2cc3n(O)c(C(Nc4ccc(F)c(F)c4)=O)cc3cc2)(=O)=O)n1C
-21.39    -21.17     -5.35      0.49      c1cccc(Cn2c(N)c(N(C(=O)CSc3[nH][nH]c(=N)n3)CCOC)c(=O)[nH]c2=O)c1
-32.54    -32.25    -16.45      0.49      O(c1ccc(C=CCN(CCCOc2ccc([N+]([O-])=O)cc2OC)C)cc1)C
Human-Component   raw_Human-Component
0.4914272427558899   0.4914272427558899   
0.4938143491744995   0.4938143491744995   
0.4920312762260437   0.4920312762260437   
0.4929329752922058   0.4929329752922058   
0.49263450503349304   0.49263450503349304   
0.4925013482570648   0.4925013482570648   
0.493337482213974   0.493337482213974   
0.49186742305755615   0.49186742305755615   
0.49425601959228516   0.49425601959228516   
0.49349305033683777   0.49349305033683777   

14:02:41: local_reinforcement_logger.timestep_report +41: INFO     
 Step 8   Fraction valid SMILES: 100.0   Score: 0.4929   Time elapsed: 6   Time left: 28.0
  Agent     Prior     Target     Score     SMILES
-26.47    -26.88    -11.11      0.49      C1(c2ccccc2)C(C)Oc2c(cccc2)C1=NNc1ccccc1
-23.38    -23.48     -7.69      0.49      c12c(oc(Cc3ccccc3)n1)ccc(NC(=O)COc1ccc(C)cc1)c2
-29.48    -29.39    -13.54      0.50      C(c1cccc(-c2cc(S(=O)(Nc3c(C)nn(C)c3C)=O)c(OC)cc2)c1)(OC)=O
-33.12    -32.98    -17.22      0.49      c1(-c2cccc([N+]([O-])=O)c2)c2c([nH]n1)c(Oc1cc(C(=N)N)ccc1)ccc2
-32.97    -33.02    -17.23      0.49      C(NC1CN(C(=O)C2CCCCC2)C1)c1nc(=O)c2c(n(C3CCOCC3)nc2)[nH]1
-32.17    -32.25    -16.52      0.49      c1(SCC(=O)NN=Cc2cccc(OC)c2OC)nc(SC)c(C#N)cc1
-26.42    -26.42    -10.63      0.49      O(c1cc(NC(CSCC(=O)Nc2cccc(NC(=O)C)c2)=O)ccc1)C
-23.94    -23.80     -8.00      0.49      c1cccc2c1cc(C(=O)N1CCC(COC)C1)[nH]2
-38.66    -39.08    -23.31      0.49      [nH]1c(=NCC(C)(C#C)C)c2nc(C3CCC(OC)CC3)[nH]c2nc1
-35.25    -35.13    -19.39      0.49      O=C(NC(C(C)C)C(=O)NC(CCCC)C(C(=O)N)=O)CCC(c1ccccn1)=O
Human-Component   raw_Human-Component
0.4925585985183716   0.4925585985183716   
0.4934266209602356   0.4934266209602356   
0.49530720710754395   0.49530720710754395   
0.4924711585044861   0.4924711585044861   
0.4935589134693146   0.4935589134693146   
0.4915677309036255   0.4915677309036255   
0.49337276816368103   0.49337276816368103   
0.4939299523830414   0.4939299523830414   
0.4928761422634125   0.4928761422634125   
0.49171897768974304   0.49171897768974304   

14:02:42: local_reinforcement_logger.timestep_report +41: INFO     
 Step 9   Fraction valid SMILES: 96.9   Score: 0.4773   Time elapsed: 7   Time left: 28.7
  Agent     Prior     Target     Score     SMILES
-23.39    -23.59     -7.82      0.49      N1(C(COC(Cc2c[nH]c3ccccc32)=O)=O)c2c(cccc2)CC1C
-29.52    -29.76    -13.98      0.49      Cc1c2c(N)c(C(=O)NCc3ccc(C)c(F)c3)sc2ncn1
-50.10    -49.72    -34.01      0.49      N(S(=O)(c1c2c(cccc2)ccc1)=O)C(C(C)C)C(=O)Nc1cccnc1SCc1ccsc1Cl
-26.05    -26.15    -10.40      0.49      c1c2c(nc(C)nc2)n(CCOc2c(OC)cccc2)n1
-41.20    -41.52    -25.76      0.49      c12cc(-c3nc4c(c(N(CCC)CCC)cc3)cc(C)c4)c(OC)nc1ccc(-c1ocnc1)c2
-19.81    -20.39     -4.59      0.49      C1C(N2CC(NC(=O)CN=c3c4c(nc[nH]3)ccc(C(F)(F)F)c4)C2)CCC(C)C1
-28.30    -28.24    -12.42      0.49      c1(COC(NC(Cc2ccccc2)C(O)CC(NC(OC(C)(C)C)=O)Cc2ccccc2)=O)ccccc1C
-30.43    -30.14    -14.40      0.49      c1(C(NC(C)c2ccccc2)=O)c(=O)c(O)c2n(c1)-c1ccccc1SC2
-28.22    -28.33    -12.52      0.49      c1nccnc1C(Nc1cc(Oc2c3ccncc3ccc2)ccc1)=O
-23.29    -23.52     -7.84      0.49      c1cc(OC)ccc1-c1csc2n1c(SCC(N1CCCCC1)=O)nn2
Human-Component   raw_Human-Component
0.4928361773490906   0.4928361773490906   
0.49289804697036743   0.49289804697036743   
0.4910033643245697   0.4910033643245697   
0.49215438961982727   0.49215438961982727   
0.4924282729625702   0.4924282729625702   
0.49369072914123535   0.49369072914123535   
0.494435578584671   0.494435578584671   
0.49191218614578247   0.49191218614578247   
0.4940057694911957   0.4940057694911957   
0.4899183213710785   0.4899183213710785   

14:02:43: local_reinforcement_logger.log_message +32: INFO     Resetting Agent
14:02:43: local_reinforcement_logger.log_message +32: INFO     Adjusting sigma to: 82
14:02:43: local_reinforcement_logger.timestep_report +41: INFO     
 Step 10   Fraction valid SMILES: 100.0   Score: 0.4927   Time elapsed: 8   Time left: 29.1
  Agent     Prior     Target     Score     SMILES
-27.68    -27.35    -11.56      0.49      c1(C(=O)N2CCc3ccccc32)c(=NC)[nH]c(N2CCOCC2)nc1C
-26.97    -27.16    -11.37      0.49      C1CC(CC(NCC2CC2)=O)CCN1Cc1cc(=N)[nH]cc1
-21.10    -21.22     -5.43      0.49      c1c(S(=O)(N2CCCC(Cn3cncc3)C2)=O)scc1
-25.62    -25.73     -9.96      0.49      C1(OC(C)=O)CCC2C3CC=C4CC(O)CCC4(C)C3CC(OC(=O)C)C12C
-39.18    -39.49    -23.70      0.49      N#CC1N(C(=O)CCC2CCNCC2)CC(Oc2ccc(-c3ccccc3)cc2)C1C(=O)NC1CCCCC1
-24.77    -25.10     -9.39      0.49      C1CC2NC1CC(NC(=O)c1c(OC)c3ccccc3s1)C2
-24.32    -24.40     -8.65      0.49      C1C(C(=O)N2CC(C)CCC2)CN(S(c2cccc3nsnc23)(=O)=O)CC1
-27.23    -27.42    -11.64      0.49      O1CCCC1CN=c1c2ccccc2n2[nH]c(-c3ccccc3)cc2n1
-34.77    -35.02    -19.22      0.49      c1cc(OCCOCCOc2ccc(CCCc3oc(=O)[nH]c3O)cc2)ccc1-c1cccc([N+](=O)[O-])c1
-34.42    -34.42    -18.69      0.49      C12CCC(N1c1ccc3c(nsn3)c1)CN2C(CC(N)Cc1c(F)cc(F)c(F)c1)=O
Human-Component   raw_Human-Component
0.49339550733566284   0.49339550733566284   
0.49352243542671204   0.49352243542671204   
0.49335408210754395   0.49335408210754395   
0.49283403158187866   0.49283403158187866   
0.49340400099754333   0.49340400099754333   
0.49100959300994873   0.49100959300994873   
0.4919459819793701   0.4919459819793701   
0.4934041202068329   0.4934041202068329   
0.49364173412323   0.49364173412323   
0.4915718138217926   0.4915718138217926   

14:02:44: local_reinforcement_logger.timestep_report +41: INFO     
 Step 11   Fraction valid SMILES: 96.9   Score: 0.4775   Time elapsed: 9   Time left: 29.2
  Agent     Prior     Target     Score     SMILES
-32.05    -32.05      8.41      0.49      C(CC)CCCC1C(C(OCCCc2cnccc2)=O)CO1
-30.33    -30.33     10.19      0.49      C(c1n(C)c2c(cc(S(=O)(=O)CC)cc2)c1)(O)(C(F)(F)F)C(F)(F)F
-29.71    -29.71     10.73      0.49      c12c(NC(CC)C(N)=O)cccc1n(-c1ccccc1)nc2C
-21.18    -21.18     19.13      0.49      C(=O)(Nc1cc(C(F)(F)F)cc(C(F)(F)F)c1)Nc1cc(F)c(Oc2cc(=NC(=O)C3CC3)[nH]cc2)cc1
-36.89    -36.89      3.55      0.49      [nH]1c(C2CN(C(=O)c3oc(CC)cn3)C2)nc(C(F)(F)F)n1
-26.20    -26.20     14.18      0.49      n1c2cc(C(=O)Nc3ccc(C(=O)O)c(Cl)c3)ccc2ncc1
-29.03    -29.03     11.52      0.49      c1c(Br)sc(Oc2cccc3c2[nH]c(=NC(C)=O)s3)n1
-38.90    -38.90      1.49      0.49      CC(c1c(=O)oc2c(cc(OC(CN(c3c(C)c(C)ccc3)C)=O)cc2)c1C)=O
-32.09    -32.09      8.40      0.49      C(Oc1c2c(cc(Cc3c(OC)cccc3)c1)OCCO2)C
-23.84    -23.84     16.60      0.49      C(C(=O)O)CC(C(O)=O)NC(=O)c1ccc(N(Cc2c(C)c3c(=N)[nH]c(=N)[nH]c3nc2)CC#C)cc1
Human-Component   raw_Human-Component
0.4935033917427063   0.4935033917427063   
0.49417436122894287   0.49417436122894287   
0.49315789341926575   0.49315789341926575   
0.49164533615112305   0.49164533615112305   
0.49327534437179565   0.49327534437179565   
0.4924435317516327   0.4924435317516327   
0.4944509267807007   0.4944509267807007   
0.4925610423088074   0.4925610423088074   
0.4938119649887085   0.4938119649887085   
0.4931374788284302   0.4931374788284302   

14:02:45: local_reinforcement_logger.timestep_report +41: INFO     
 Step 12   Fraction valid SMILES: 100.0   Score: 0.4930   Time elapsed: 10   Time left: 29.2
  Agent     Prior     Target     Score     SMILES
-24.43    -24.47     15.89      0.49      c1c[nH]c(=NS(=O)(=O)c2ccc(NC(=O)OC)c(Cl)c2)nc1
-21.61    -21.62     18.81      0.49      O=C(O)c1cn(C2CC2)c2nc(N3CC(CN)C(O)C3)c(F)cc2c1=O
-31.07    -31.00      9.41      0.49      N1(c2ccncc2)C2C(NC1=N)CCc1ccccc12
-25.06    -24.97     15.51      0.49      c1cc(Cl)c(Cl)cc1N1NC(c2ccccc2)NC1=O
-38.58    -38.65      1.77      0.49      N(O)=C(C(C)(C)S)NNC(=O)c1ccc(CC)o1
-23.76    -23.78     16.61      0.49      C1N(S(=O)(=O)C)CCC(c2oc(SCc3ccc(F)cc3)nn2)C1
-24.76    -24.86     15.52      0.49      C(C)(CC1C2(C(=O)Nc3cc(Cl)c(F)cc32)C(c2cccc(Cl)c2)C(C(NCCN2CCOCC2)=O)N1)(C)C
-31.86    -31.77      8.77      0.49      C(CCCCOc1ccc2c(c1)CCN(CC1CCCCC1)CC2)=CCC=CCCCCC
-26.86    -26.82     13.55      0.49      c1cc(C=C)cc(-c2n3ccccc3nc2)c1
-38.93    -38.88      1.57      0.49      C(C(O)N=c1[nH]n(Cc2ccccc2)cc1Cl)(=O)N1CC(Oc2cccc(Cl)c2Cl)C1
Human-Component   raw_Human-Component
0.4921676516532898   0.4921676516532898   
0.4931161105632782   0.4931161105632782   
0.4927917718887329   0.4927917718887329   
0.49361860752105713   0.49361860752105713   
0.4929468035697937   0.4929468035697937   
0.4925033152103424   0.4925033152103424   
0.4924982190132141   0.4924982190132141   
0.4943174123764038   0.4943174123764038   
0.4923369288444519   0.4923369288444519   
0.49326854944229126   0.49326854944229126   

14:02:46: local_reinforcement_logger.timestep_report +41: INFO     
 Step 13   Fraction valid SMILES: 100.0   Score: 0.4932   Time elapsed: 11   Time left: 29.1
  Agent     Prior     Target     Score     SMILES
-26.86    -26.85     13.45      0.49      C(c1ccc(F)cc1)=NNC(=O)CCN1CCN(C(=O)c2occc2)CC1
-18.92    -18.99     21.40      0.49      C1CN(c2c(F)c(N)c3c(n(C4CC4)cc(C(O)=O)c3=O)c2F)CCN1
-37.47    -37.45      2.93      0.49      O(CC(Cn1nnc(-c2ccc(F)cc2)c1)O)C(NCCCCN1CCN(c2ccccc2OC(C)C)CC1)=O
-33.38    -33.44      7.09      0.49      O=C1C(c2c3ccccc3n(Cc3c(C)onc3C)c2)(c2ccccc2)C(=O)Nc2ccccc21
-33.77    -33.73      6.65      0.49      C1(c2cn(-c3ccc(C(=O)O)cc3)c3c2cc(C(C)(C)C)cc3Br)CCCCC1
-29.06    -29.04     11.37      0.49      S(=O)(N)(=O)Nc1ccccc1C(NCC(OC)=O)=O
-25.45    -25.54     14.95      0.49      c1(-c2ccccc2)cc2c(n(C)c(-c3ccc(OC)cc3)cc2=O)cc1
-30.20    -30.16     10.31      0.49      c1cc(-c2cc(-c3cccc(NS(C)(=O)=O)c3)nc(=NCC(C)C)[nH]2)ccc1F
-19.14    -19.13     21.39      0.49      C1CN(C2CCCCCCC2)CCC1(O)c1ccccc1
-25.13    -25.29     15.22      0.49      O(C)c1c2c(ccc1)C1CC(C)(N(CC)CC1)C2
Human-Component   raw_Human-Component
0.49144330620765686   0.49144330620765686   
0.49259793758392334   0.49259793758392334   
0.49251365661621094   0.49251365661621094   
0.49429014325141907   0.49429014325141907   
0.49234259128570557   0.49234259128570557   
0.4928390681743622   0.4928390681743622   
0.49377498030662537   0.49377498030662537   
0.4935203492641449   0.4935203492641449   
0.49415284395217896   0.49415284395217896   
0.4941205680370331   0.4941205680370331   

14:02:47: local_reinforcement_logger.timestep_report +41: INFO     
 Step 14   Fraction valid SMILES: 100.0   Score: 0.4929   Time elapsed: 12   Time left: 28.8
  Agent     Prior     Target     Score     SMILES
-42.96    -42.82     -2.37      0.49      c1(C)cc(Sc2c(CC(C(N(C(=O)NC3CCCCC3)C)C)=O)c(C)nn2C)ccc1
-29.87    -29.82     10.65      0.49      C(C(CN)c1ccc(O)cc1O)OC(c1ccccc1)=O
-37.03    -37.26      3.14      0.49      C(c1cc(C(F)(F)F)c(OC)cc1)N=c1[nH]c2c([nH]1)cc(C#CCCC(O)=NO)cc2
-21.00    -21.09     19.22      0.49      Oc1cc2c(cc1O)CCN(C)Cc1cc(=O)c(SC)ccc1-2
-25.98    -26.11     14.40      0.49      c1(C)cc(CCC(N)(C2CC2C(O)=O)C)ccc1C
-26.19    -26.16     14.16      0.49      n1(C)c(=O)c(S(=O)(c2ccccc2)=O)cn(CC(Nc2ccccc2C)=O)c1=O
-27.14    -27.30     13.18      0.49      c1(C#N)c(C(F)(F)F)cc(-c2cc(OC)c(OC)cc2)nc1SCC(NCC(F)(F)F)=O
-37.35    -37.33      3.11      0.49      c1c2c(cc(O)c(C(OCCCN(CCOCCOc3ccc(-c4cc(=O)c5c(cc(OCC)cc5O)o4)cc3)C)=O)c2)ccc1
-21.86    -22.07     18.37      0.49      N(C(C(C)C)C(OC)=O)C(=O)CS
-27.87    -28.02     12.24      0.49      c1nc2c(NC(C)C)cc(Cl)cc2c(=O)n1CC
Human-Component   raw_Human-Component
0.4932880401611328   0.4932880401611328   
0.4935542643070221   0.4935542643070221   
0.49276402592658997   0.49276402592658997   
0.4915737807750702   0.4915737807750702   
0.49406668543815613   0.49406668543815613   
0.4916973114013672   0.4916973114013672   
0.49372225999832153   0.49372225999832153   
0.4932245910167694   0.4932245910167694   
0.49308091402053833   0.49308091402053833   
0.49090027809143066   0.49090027809143066   

14:02:48: local_reinforcement_logger.timestep_report +41: INFO     
 Step 15   Fraction valid SMILES: 100.0   Score: 0.4931   Time elapsed: 13   Time left: 28.4
  Agent     Prior     Target     Score     SMILES
-37.97    -38.04      2.43      0.49      CC(C)(C)c1o[nH]c(=NC(=O)c2cc(-n3cc(-c4c(=NCCC(F)(F)F)[nH]ccn4)nc3)c(C)cc2)c1
-21.78    -21.95     18.52      0.49      c1(N=Cc2c(O)[nH]c(=O)n(-c3ccc(OC)cc3)c2=O)ccc(C(C)C)cc1
-25.78    -25.66     14.76      0.49      c1cccc2c(OCc3ccc(C(Nc4ccc(C)cc4)=O)cc3)cccc12
-23.11    -23.10     17.42      0.49      N(c1cccc(Cl)c1)C(Cn1c(=N)c(C(=O)NCc2ccco2)n[nH]1)=O
-25.07    -25.15     15.25      0.49      [nH]1c(=NC2(C(F)(F)F)C(=O)N=C(C)C2C(=O)C)scc1-c1ccc(C(F)(F)F)cc1
-19.67    -19.79     20.58      0.49      C12(OCc3ccccc31)CCN(C)CC2
-29.84    -29.86     10.53      0.49      C(C(C(=N)C)C#N)(CC)=NCC1CCCCCC1
-28.36    -28.38     11.94      0.49      c1cc(F)c(C#Cc2c(C(=O)OCC)nc3n2cccc3)c(Cl)c1
-20.75    -20.93     19.58      0.49      C(C(c1ccc(O)c(C(N)=O)c1)=O)C
-30.76    -30.84      9.66      0.49      C(S(=O)(c1cc2c([nH]c(O)c2C=c2c(C)cc(C)cc2=C)cc1)=O)CC
Human-Component   raw_Human-Component
0.49354636669158936   0.49354636669158936   
0.4934820234775543   0.4934820234775543   
0.4930208623409271   0.4930208623409271   
0.4941544532775879   0.4941544532775879   
0.4927636384963989   0.4927636384963989   
0.4922577738761902   0.4922577738761902   
0.4925224483013153   0.4925224483013153   
0.49175068736076355   0.49175068736076355   
0.4940226972103119   0.4940226972103119   
0.4938289523124695   0.4938289523124695   

14:02:49: local_reinforcement_logger.timestep_report +41: INFO     
 Step 16   Fraction valid SMILES: 93.8   Score: 0.4615   Time elapsed: 14   Time left: 28.0
  Agent     Prior     Target     Score     SMILES
-26.92    -26.74     13.64      0.49      CC1(c2ccccc2)CC(Cl)C(=O)N1CCCC
-35.16    -35.18      5.30      0.49      C(=NOC)(c1[nH]c(=O)[nH]c1C(C=C)(O)C)O
-31.75    -32.01      8.30      0.49      O=C(C(Cc1ccc(N)cc1)NC(=O)C)NCCSSc1c(C(O)=O)cccc1
-37.89    -37.95    -37.95      0.00      c12c3c4c(c5c6ccccc6[nH]c5c1n(CC(O)C)c4ccc2C)[nH]c1ccccc13
-36.11    -36.14      4.14      0.49      C(CCCC(O)=NO)CCCC(c1ccc(Cc2nc(COCC)sc2)cc1)=O
-25.41    -25.42     14.98      0.49      c1c2n[nH]c(OC)c2cc(NC(c2ccccc2)=O)c1
-28.01    -27.90     12.35      0.49      CCCCNS(=O)(=O)Cc1ccccc1[S+](C)[O-]
-18.32    -18.22     22.28      0.49      c1cc2c(cc1)c(=O)n(-c1ccccc1)cn2
-44.97    -44.88     -4.59      0.49      c1(Cl)cc(Cl)c(Br)cc1S(=O)(Nc1ccc(C(F)(F)F)cc1C(=O)c1cn(C)cc1)=O
-43.69    -43.65     -3.29      0.49      c1c2c(c(-c3cccc(N4CCOc5ccc(C6CCN(C(C)=O)CC6)cc5C4=O)c3C)nc(N3CC(C)CCC3)n2)cn1C
Human-Component   raw_Human-Component
0.4924599528312683   0.4924599528312683   
0.49365392327308655   0.49365392327308655   
0.4916265308856964   0.4916265308856964   
0.0   0.0   
0.491208553314209   0.491208553314209   
0.49274492263793945   0.49274492263793945   
0.4908258318901062   0.4908258318901062   
0.49392855167388916   0.49392855167388916   
0.491383820772171   0.491383820772171   
0.49212735891342163   0.49212735891342163   

14:02:50: local_reinforcement_logger.timestep_report +41: INFO     
 Step 17   Fraction valid SMILES: 96.9   Score: 0.4774   Time elapsed: 15   Time left: 27.5
  Agent     Prior     Target     Score     SMILES
-20.29    -20.18     20.37      0.49      c12ncncc1C(=O)C(=Nc1cccc(Cl)c1)C(Cl)C2=O
-22.98    -22.92     17.48      0.49      c1c2c(ccc1)cc(SCC(O)CN1CCN(CCO)CC1)cc2
-25.63    -25.42     14.90      0.49      c1cc(NC(=O)c2ccc(Cl)c(S(=O)(N3CCN(C(=O)C)CC3)=O)c2)ccc1CC
-20.19    -20.30     20.16      0.49      C(C(=O)c1ccc(OC(C)C)cc1)=Cc1ccccc1
-18.08    -17.96     22.46      0.49      c1cc(Br)ccc1NC(=O)NCCCl
-33.81    -33.69      6.64      0.49      FC(c1ccccc1C(NC(SC(c1ccc(C)cc1)=O)=S)=O)(F)F
-25.45    -25.49     14.89      0.49      Cn1c2c(C)cccc2c(=O)c2c1c(N)ccc2
-47.97    -47.97     -7.57      0.49      Oc1cccc(-c2ccnc3c(C(CO)O)cn(C(Cc4ccccc4)CC(C)O)c23)c1
-42.45    -42.37     -2.03      0.49      c1(O)cc(CC(C)C)c2c(c1C)C(=O)N(c1c(C=CCCCCC)cccc1)C2
-25.84    -25.86     14.57      0.49      c1c(F)ccc(C=NN=C2CC(C)(C)CC(=O)C2Cc2ccccc2)c1
Human-Component   raw_Human-Component
0.49448496103286743   0.49448496103286743   
0.49261102080345154   0.49261102080345154   
0.49166181683540344   0.49166181683540344   
0.4933781623840332   0.4933781623840332   
0.49284428358078003   0.49284428358078003   
0.4917851686477661   0.4917851686477661   
0.49237433075904846   0.49237433075904846   
0.4927271008491516   0.4927271008491516   
0.4918486177921295   0.4918486177921295   
0.4930325746536255   0.4930325746536255   

14:02:51: local_reinforcement_logger.timestep_report +41: INFO     
 Step 18   Fraction valid SMILES: 100.0   Score: 0.4931   Time elapsed: 16   Time left: 26.9
  Agent     Prior     Target     Score     SMILES
-29.30    -29.24     11.19      0.49      FC(F)(C(C(F)(F)F)(c1ccc2c(c1)C(O)c1c-2ccc(OC)c1)O)F
-30.17    -30.14     10.35      0.49      c1cc(CO)cc(-c2ccc3nc(C(c4oc(=NC)[nH]n4)(C)C)[nH]c3c2)c1
-31.58    -31.41      9.04      0.49      O(c1cc([N+](=O)[O-])c(NS(=O)(c2ccc(-c3ccccc3)cc2)=O)cc1)CCCN(C)C
-25.43    -25.48     15.04      0.49      c1(C#N)c(-c2ccc(C(=O)N)cc2)cn(-c2ccc(S(=O)(N)=O)cc2)c1
-23.38    -23.50     16.93      0.49      c1(O)cc(OC)c(O)c2cc(CCO)oc12
-29.35    -29.73     10.68      0.49      c1nc2c(cc(-c3cc(Cl)c(O)c(F)c3)c(C)c2)c(=Nc2ccc(CN3CCN(C)CC3)cc2)[nH]1
-32.08    -32.20      8.44      0.50      C1N(CC2CCC2)CCc2c(cnc3nc(C(F)(F)F)nn23)C1
-20.37    -20.45     19.97      0.49      c12ccccc1nc(C1CN(c3nc(C)nc(-n4nc(C)nc4C(C)C)c3)C1)n2C
-26.86    -26.88     13.50      0.49      c12c(cc3c(c1)C1=NN(C)C(c4ccc(OC)c(O)c4)C1CO3)OCO2
-34.68    -34.14      6.38      0.49      c12ccccc1C(=O)N(CC=NN=c1[nH]c(Cc3ccccc3)c(CCCl)c(=O)[nH]1)C2=O
Human-Component   raw_Human-Component
0.4929766058921814   0.4929766058921814   
0.49375638365745544   0.49375638365745544   
0.4933244287967682   0.4933244287967682   
0.49414560198783875   0.49414560198783875   
0.49310240149497986   0.49310240149497986   
0.4927978515625   0.4927978515625   
0.49560075998306274   0.49560075998306274   
0.49295586347579956   0.49295586347579956   
0.49237653613090515   0.49237653613090515   
0.49414142966270447   0.49414142966270447   

14:02:52: local_reinforcement_logger.timestep_report +41: INFO     
 Step 19   Fraction valid SMILES: 96.9   Score: 0.4778   Time elapsed: 17   Time left: 26.4
  Agent     Prior     Target     Score     SMILES
-32.09    -32.47      8.00      0.49      C(c1cccc(OC(F)(F)F)c1)n1c(=O)c(CCC(N2CCC(C(O)=O)CC2)=O)cc(=O)n1C
-41.43    -40.97     -0.56      0.49      c1c(F)c(OCC(=O)C(=NO)O)ncc1OC(C)c1ccc(OC)cc1
-21.51    -21.75     18.67      0.49      N(C(=O)c1cc(-n2c(=O)[nH]c(=O)cn2)ccc1Cl)CCc1ccccc1
-26.38    -26.53     13.95      0.49      c1(F)c(F)c(CN2C(=O)c3c(cccc3)C2(c2ccc(Cl)cc2)OCC2(CO)CC2)c(Cl)cc1
-25.23    -25.32     15.13      0.49      c1cc(N=c2[nH]cc(Sc3cccc(C(O)=O)c3)s2)ccc1CC
-40.48    -40.63     -0.33      0.49      n1cn(CC(c2cc(Cl)c(Cl)cc2)OC(NCC)=O)c(N)c1NC(c1cccc(C)c1)=O
-29.04    -29.34     11.19      0.49      O(C)c1c([N+](=O)[O-])c(=NC(CC)=O)[nH]c(OC)n1
-31.56    -31.97      8.47      0.49      CC(n1ccc(=O)n(Cc2c(C)c(C(F)(F)F)ccc2)c1=O)CC
-29.94    -29.39     11.02      0.49      c1cccc(CN2CC3C(CC2)OCCC3COCC2CC2)c1C
-20.50    -20.44     19.88      0.49      c1(CNC(=O)c2cc3c(cc2)C(=O)N(CC(C)C)C3=O)occc1
Human-Component   raw_Human-Component
0.4934964179992676   0.4934964179992676   
0.4927319586277008   0.4927319586277008   
0.4928411543369293   0.4928411543369293   
0.493728905916214   0.493728905916214   
0.49331021308898926   0.49331021308898926   
0.4914756119251251   0.4914756119251251   
0.49426907300949097   0.49426907300949097   
0.49311336874961853   0.49311336874961853   
0.49280527234077454   0.49280527234077454   
0.4916476309299469   0.4916476309299469   

14:02:54: local_reinforcement_logger.timestep_report +41: INFO     
 Step 20   Fraction valid SMILES: 100.0   Score: 0.4928   Time elapsed: 18   Time left: 25.7
  Agent     Prior     Target     Score     SMILES
-26.52    -26.29     14.08      0.49      [O-][N+](c1ccc(OC(=O)N(C(c2ccccc2)=S)C)cc1)=O
-24.62    -24.58     15.84      0.49      c1(NCc2nnnn2Cc2ccccc2)c(=O)n(-c2ccccc2)n(C)c1C
-21.37    -21.35     19.08      0.49      S(c1nc(=O)c(-c2ccccc2)c(N)[nH]1)Cc1ccc(C)cc1
-27.54    -27.62     12.71      0.49      CCN(CC)CCNC(c1cc2nc(-c3cc4c(cc3)OCO4)c(-c3ccco3)nc2cc1)=O
-30.46    -30.42     10.03      0.49      S(C(c1ccccc1)=O)c1[nH]c(N2CCCCC2)nc(=N)n1
-24.60    -24.74     15.52      0.49      c12nc3ccc(O)cn3c(=O)c1ccc(Cl)c2
-24.01    -24.02     16.32      0.49      C(N1CCN(S(=O)(c2ccc(F)cc2)=O)CC1)C(=O)Nc1c2c(cccc2)ccc1
-22.18    -22.32     18.09      0.49      c1c(F)cc2nc(-c3occc3)oc2c1
-22.55    -22.82     17.72      0.49      O=C(CCn1nc(-c2ccc(F)cc2)nn1)OC
-28.55    -28.51     11.99      0.49      n1(C)c2nc(C)c(Cl)c(C)c2c(=O)cc1-c1cc2c(cc1)OCCO2
Human-Component   raw_Human-Component
0.4922541379928589   0.4922541379928589   
0.49286872148513794   0.49286872148513794   
0.49302804470062256   0.49302804470062256   
0.491834431886673   0.491834431886673   
0.49327412247657776   0.49327412247657776   
0.49100348353385925   0.49100348353385925   
0.4919188916683197   0.4919188916683197   
0.49287816882133484   0.49287816882133484   
0.4943945109844208   0.4943945109844208   
0.4939138889312744   0.4939138889312744   

14:02:55: local_reinforcement_logger.timestep_report +41: INFO     
 Step 21   Fraction valid SMILES: 100.0   Score: 0.4930   Time elapsed: 20   Time left: 26.4
  Agent     Prior     Target     Score     SMILES
-31.22    -31.40      9.15      0.49      O(C)c1cc2c(cc1OC)c[n+](-c1ccc(C)cc1)c(C)c2Cl
-29.25    -28.81     11.64      0.49      c1cc(NC(=O)c2cc(C)oc2C)cc(C=Cc2cccs2)c1
-27.93    -28.26     12.20      0.49      C(Cn1c(SCc2ccc(-n3cccn3)cc2)nnc1C1CCNCC1)C
-18.59    -18.46     22.12      0.49      c1ccccc1-c1c(=O)n(CCOC)c2nc(=NCC)[nH]cc2n1
-36.00    -36.29      4.11      0.49      C1(CN2C3Cc4c(cc(O)cc4)C4(CC2)C(CC(C)C(C(O)C)O)CC34)CC1
-34.43    -34.75      5.50      0.49      C(=C)CN(C(Cc1cc(O)c(O)cc1)=O)C(C)(C)c1ccc(O)cc1
-38.78    -39.42      1.10      0.49      O=c1c(CC)c(C)n(CCCC)c(C)c1C1=NN(CCCCOc2ccc(C(N)=N)cc2)C(C)(C)C1=O
-27.08    -27.13     13.40      0.49      c1c(CNC(=O)C(Cc2ccccc2)NS(=O)(c2cccc3c2nsn3)=O)cc(F)cc1
-26.63    -26.67     13.92      0.49      c1(OC)c(OC)cc(-c2oc3c(cc(CCO)c(OC)c3)c(=O)c2)cc1OC
-27.65    -27.66     12.70      0.49      c1cc(CC(O)=O)ccc1CSC(CCc1ccccc1)=O
Human-Component   raw_Human-Component
0.4944489300251007   0.4944489300251007   
0.49333587288856506   0.49333587288856506   
0.49338287115097046   0.49338287115097046   
0.494871586561203   0.494871586561203   
0.4927046597003937   0.4927046597003937   
0.49085259437561035   0.49085259437561035   
0.4941723942756653   0.4941723942756653   
0.4942522943019867   0.4942522943019867   
0.49492916464805603   0.49492916464805603   
0.4921376407146454   0.4921376407146454   

14:02:56: local_reinforcement_logger.timestep_report +41: INFO     
 Step 22   Fraction valid SMILES: 100.0   Score: 0.4927   Time elapsed: 21   Time left: 25.6
  Agent     Prior     Target     Score     SMILES
-27.92    -27.49     13.07      0.49      c1cccc2c1nc1n2C(c2cc(Cl)c(O)c(OC)c2)C2C(=N1)CCCC2=O
-30.16    -29.99     10.43      0.49      c1c(C(=O)Nc2cc([N+]([O-])=O)c(N3CCN(C)CC3)cc2)cc2c(c1)C(=O)c1ccccc1S2(=O)=O
-29.21    -29.10     11.10      0.49      n1c(=Nc2cc(Cl)c(F)cc2)c2c([nH]c1)nc(C(=N)C)s2
-22.50    -22.45     17.86      0.49      O=C(OCC(=O)NC1CC1)c1c(C)nn(Cc2ccccc2)c1Cl
-39.37    -39.10      1.22      0.49      c1ccc(Cn2c3c(cccc3)c(-c3nnn(CSc4ncc(-c5ccccc5)o4)n3)n2)cc1
-21.77    -21.96     18.36      0.49      C(c1oc(-c2ccccc2Cl)cc1)(=O)NC1CCC(C)CC1
-32.41    -32.38      7.97      0.49      c1cc(C2CCC(CC(=O)NC)CC2)c(OC2CCN(c3c(C)nccc3)CC2)cc1
-27.19    -26.93     13.53      0.49      CCCCCCCN(CCCCCNCCSSCCN)CCCCCCN
-24.89    -24.61     15.91      0.49      c1ccc([N+]([O-])=O)c(C=Cc2cc3ccccc3[nH]2)c1
-18.30    -18.43     21.99      0.49      C(CCCNC(NC1CCCCC1)=O)C
Human-Component   raw_Human-Component
0.49463972449302673   0.49463972449302673   
0.49290764331817627   0.49290764331817627   
0.4902363121509552   0.4902363121509552   
0.49162787199020386   0.49162787199020386   
0.49176281690597534   0.49176281690597534   
0.4917261302471161   0.4917261302471161   
0.4920180141925812   0.4920180141925812   
0.4933881461620331   0.4933881461620331   
0.4941440522670746   0.4941440522670746   
0.492952823638916   0.492952823638916   

14:02:58: local_reinforcement_logger.timestep_report +41: INFO     
 Step 23   Fraction valid SMILES: 100.0   Score: 0.4930   Time elapsed: 22   Time left: 24.8
  Agent     Prior     Target     Score     SMILES
-28.19    -28.34     12.04      0.49      Fc1ccc(-c2cc(CC(O)=O)ccc2OC)c2c1CCN(C(OCc1n(C)cnc1)=O)C2
-18.20    -18.28     22.22      0.49      c1(O)ccc(C2CC(=O)c3c(O)cc(OC)cc3O2)cc1
-21.67    -21.65     18.83      0.49      c1(C(OCC(=O)c2ccccc2)=O)c(O)cc2c(c1)cccc2
-19.72    -19.57     20.93      0.49      s1c(C(=O)Nc2cc3c(cc2)C(=O)NC3=O)ccc1
-23.90    -24.20     16.21      0.49      c12c(Br)cc(Cl)c(O)c1nc(CCl)n(C)c2=O
-39.88    -39.42      0.94      0.49      C1(n2c3c(cccc3)n(C=O)c2=O)CC(n2c3nc(=N)[nH]c(OCc4ccccc4)c3nc2)C1
-22.78    -22.75     17.78      0.49      c1cc2c([nH]c3c2CCN(Cc2ccc(F)cc2)C3)cc1C
-42.93    -43.00     -2.59      0.49      c1(S(N(CC(C(NC(c2nc(C(=O)N3C(c4ccccc4)COC3)cc(N(C)S(=O)(C)=O)c2)=O)O)Cc2ccccc2)C)(=O)=O)cc2c(ncs2)cc1
-24.58    -24.78     15.65      0.49      C(Cc1c2c(oc1-c1ccc(O)cc1)cc(O)cc2)(c1ccc(O)cc1)=O
-23.35    -22.96     17.47      0.49      c1ccccc1N(C)C(N1CCN(Cc2cccc(Oc3ccc(Cl)cc3)c2)CC1)=O
Human-Component   raw_Human-Component
0.49236682057380676   0.49236682057380676   
0.4939541518688202   0.4939541518688202   
0.4936510920524597   0.4936510920524597   
0.49385660886764526   0.49385660886764526   
0.49287453293800354   0.49287453293800354   
0.49219435453414917   0.49219435453414917   
0.4942518174648285   0.4942518174648285   
0.492807000875473   0.492807000875473   
0.4930366277694702   0.4930366277694702   
0.4931260645389557   0.4931260645389557   

14:02:59: local_reinforcement_logger.timestep_report +41: INFO     
 Step 24   Fraction valid SMILES: 100.0   Score: 0.4931   Time elapsed: 24   Time left: 25.0
  Agent     Prior     Target     Score     SMILES
-40.44    -40.32      0.14      0.49      C(Cc1ccccc1)N(C(C1C(c2cc(OC)c(O)cc2)N(Cc2ccc(OC)cc2)C(=O)Cc2c1cc(OC)c(OC)c2)=O)CC
-32.48    -32.82      7.74      0.49      c1c(-c2ccc(NC(=O)c3c(O)c(Cl)cc(Cl)c3)cc2)c2c([nH]c1=O)-c1ccccc1C2
-21.78    -22.00     18.41      0.49      N#Cc1cc(CN2CCC(N3CCC(O)CC3)CC2)ccc1
-24.23    -23.87     16.59      0.49      c1c(C(N=c2[nH]c3c(cccc3C)s2)=O)ccc2c1cccc2
-18.38    -19.10     21.39      0.49      C(c1c(-c2ccc(C)cc2)c(=N)[nH]c(=N)[nH]1)C
-29.46    -29.50     10.93      0.49      Fc1cc(F)cnc1-c1nc(CC(=O)OCC)sc1
-44.45    -44.76     -4.54      0.49      n1(C(Nc2ccccc2)=O)cc(C(C(C(C)(C)C)NC(C(CC(C)C)NC(C(CCC)=O)=O)=O)=O)nn1
-33.51    -33.54      6.84      0.49      c1cc(-n2c(-c3c(=N)n(-c4ccc(S(=O)(=O)c5ccc(N)cc5)cc4)[nH]n3)ccn2)ccc1
-31.38    -31.54      8.81      0.49      O(C(C(CCO)=CC1(CO)OC(=O)C(C=CCCCCCC)C1)=O)C
-26.82    -26.97     13.65      0.50      C1C(C)CCCC1NC(=O)C(C)OC(=O)c1ccc([N+]([O-])=O)o1
Human-Component   raw_Human-Component
0.49350443482398987   0.49350443482398987   
0.49459242820739746   0.49459242820739746   
0.4928586483001709   0.4928586483001709   
0.49343010783195496   0.49343010783195496   
0.49368932843208313   0.49368932843208313   
0.49295341968536377   0.49295341968536377   
0.49045059084892273   0.49045059084892273   
0.49240607023239136   0.49240607023239136   
0.4920525848865509   0.4920525848865509   
0.49535447359085083   0.49535447359085083   

14:03:00: local_reinforcement_logger.timestep_report +41: INFO     
 Step 25   Fraction valid SMILES: 100.0   Score: 0.4930   Time elapsed: 25   Time left: 24.0
  Agent     Prior     Target     Score     SMILES
-30.75    -30.76      9.67      0.49      COc1cc(C(=O)c2c[nH]c(Nc3cccc(Br)c3)c(C(N)=O)c2=N)ccc1
-22.25    -22.52     17.86      0.49      c12c(C)nn(CCO)c1cncc2
-23.83    -23.90     16.46      0.49      C1C(COC(=O)c2c(C(O)=O)[nH]c3cc(Cl)ccc32)C1
-40.41    -40.71     -0.30      0.49      O=C(Nc1cc(S(=O)(N)=O)ccc1)c1c(Cn2cc3c(n2)-c2ccccc2S(=O)(=O)N3C)ccc(Cl)c1
-26.51    -27.01     13.42      0.49      N(C(=O)C(C)(C)C)c1cc2c(cc1)nc(SCC(=O)c1ccccc1)s2
-36.50    -36.35      4.26      0.50      N1(c2ccccn2)CCN(CCn2c(=O)c3c(n(C)c2=O)nc(N2CCC(C)CC2)n3Cc2cc3c(cc2)OCO3)CC1
-29.97    -30.18     10.14      0.49      OC(C)(CCCN=c1c2cnn(C)c2nc(C2CC2)[nH]1)C
-34.31    -34.67      5.64      0.49      C(OC(=O)c1n(C)cnc1)C(=Cc1cc(OCc2nc3c(cccc3)cc2)c(OC)cc1)C
-22.42    -22.28     18.16      0.49      c1cc(C#N)cc(C2C3COCC32)c1
-21.36    -21.66     18.95      0.50      c1c(OC)ccc(C2CC(=O)C3C(c4c(Cl)cccc4)C(C(OC)=O)=C(C)N=C3C2)c1
Human-Component   raw_Human-Component
0.493056982755661   0.493056982755661   
0.49239403009414673   0.49239403009414673   
0.4921492338180542   0.4921492338180542   
0.4927784502506256   0.4927784502506256   
0.4930690824985504   0.4930690824985504   
0.49515002965927124   0.49515002965927124   
0.49165016412734985   0.49165016412734985   
0.4915599524974823   0.4915599524974823   
0.4931459128856659   0.4931459128856659   
0.4953249990940094   0.4953249990940094   

14:03:02: local_reinforcement_logger.timestep_report +41: INFO     
 Step 26   Fraction valid SMILES: 100.0   Score: 0.4930   Time elapsed: 27   Time left: 24.0
  Agent     Prior     Target     Score     SMILES
-26.99    -27.39     12.95      0.49      c1cc(Oc2nc(=NC)[nH]c(SC(C)C)c2C#N)ccc1Cl
-29.14    -29.63     10.77      0.49      OC(=O)C(C)(C)CCCCCCc1cccc(-c2cc(C)cc(C)c2)c1
-35.19    -35.47      5.06      0.49      c1(CC(=NO)C(=O)NCCSSCCNC(C(NC(Cc2ccc(O)cc2)=O)C(CC)C)=O)cccc([N+]([O-])=O)c1
-34.71    -35.09      5.31      0.49      N12CC3N(C)C(=O)N(C)C3(CO)C1CC(C)CC2
-19.31    -19.25     21.17      0.49      c1c(O)c(C=NOc2ccccc2)ccc1
-35.40    -35.28      5.13      0.49      FC(c1ccc(S(=O)(N2CC3(OCC2)CCC(N2CCC(c4c(C)cccc4)CC2)C3)=O)cc1)(F)F
-37.86    -38.21      2.15      0.49      c1(OC)c(OC)c(OC)cc(C(NC(Nc2ccc3c(c2C)nc(SCC=C)o3)=S)=S)c1
-24.44    -24.35     16.10      0.49      C1CCC=C(CCN2C(=O)C(CC(=O)NCCc3c(OC)cccc3)CC3(C(=O)OC)CCCCC=C32)C1
-38.61    -38.21      2.28      0.49      O(Cc1ccccn1)c1c2cc(F)ccc2nc(-c2cnc(N3CCNCC3)cc2)c1C
-20.85    -21.08     19.26      0.49      O1CCCC1Cn1c(=O)c(-c2ccc(F)cc2)nc2cnc(N3CCOCC3)nc21
Human-Component   raw_Human-Component
0.49195396900177   0.49195396900177   
0.49263229966163635   0.49263229966163635   
0.494351327419281   0.494351327419281   
0.4927358329296112   0.4927358329296112   
0.49288204312324524   0.49288204312324524   
0.4928179979324341   0.4928179979324341   
0.4921565055847168   0.4921565055847168   
0.4932277202606201   0.4932277202606201   
0.49386003613471985   0.49386003613471985   
0.49196964502334595   0.49196964502334595   

14:03:03: local_reinforcement_logger.timestep_report +41: INFO     
 Step 27   Fraction valid SMILES: 100.0   Score: 0.4927   Time elapsed: 28   Time left: 23.0
  Agent     Prior     Target     Score     SMILES
-18.21    -18.46     21.96      0.49      O=C(O)c1[nH]nc(-c2ccccc2)c1
-30.15    -30.25     10.32      0.49      c1(CN(C2CC2)C(C2=C(C)N=C(C)C(C(=O)N(C)C)C2c2c(C)cc(Cl)cc2)=O)ccc(F)cc1
-23.15    -23.71     16.63      0.49      C1CN(CCc2ccc([N+]([O-])=O)cc2)CCN1C(C)(C)C
-23.49    -23.71     16.71      0.49      c1(C(F)(F)F)ccc(NC(c2ccc(C)c(C#Cc3c[nH]c(=NCC)nc3)c2)=O)cc1
-22.42    -22.82     17.60      0.49      C(=O)(OCC)c1c(O)c(C)c(OC)cc1C
-22.55    -22.82     17.58      0.49      c1cc(-c2cc(=O)c3cc(C)cc(C)c3o2)ccc1[N+]([O-])=O
-27.16    -27.34     13.09      0.49      c1(-c2nn[nH]n2)c(-c2ccc(Cn3c(Cl)c(CO)nc3CCC(C)C)cc2)cccc1
-17.94    -18.21     22.31      0.49      c1(-c2oc(=S)[nH]n2)ccc(-c2ccccc2)cc1
-24.78    -24.66     15.74      0.49      C1CCC(N=c2[nH]c3c(c(=NCCOC)[nH]2)ncn3C2C(O)C(O)C(CO)O2)C1
-29.89    -30.15     10.29      0.49      c1c(-c2c(C(=O)N3CCN(c4ccc5c(cccn5)c4)CC3)oc(C)n2)ccc(C)c1
Human-Component   raw_Human-Component
0.4929305911064148   0.4929305911064148   
0.49474701285362244   0.49474701285362244   
0.4919484257698059   0.4919484257698059   
0.49289780855178833   0.49289780855178833   
0.49288007616996765   0.49288007616996765   
0.4926700294017792   0.4926700294017792   
0.4930230677127838   0.4930230677127838   
0.4942319095134735   0.4942319095134735   
0.49269041419029236   0.49269041419029236   
0.4931655526161194   0.4931655526161194   

14:03:07: local_reinforcement_logger.timestep_report +41: INFO     
 Step 28   Fraction valid SMILES: 96.9   Score: 0.4776   Time elapsed: 31   Time left: 23.5
  Agent     Prior     Target     Score     SMILES
-37.61    -37.85      2.65      0.49      c1c(O)c(CN2C(C)CCC2C)cc(C=C(C(=O)OCC)C)c1OC
-23.57    -23.64     16.82      0.49      c1c2ccc[n+](CCCc3cc(OC)c(OC)c(OC)c3)c2ccc1
-24.09    -23.96     16.30      0.49      c1c(C)cc(C)cc1NC(c1ccc(NC(=O)N2Cc3cc(F)ccc3C2)cc1)=O
-84.68    -84.62    -44.32      0.49      C(=O)(C(=CC)C)OC1C(OC(=O)C(=O)C)C(OC(=O)CCNC(CC(CCCCCCCCC)OC(C)=O)C(COC(=O)C)O)C(C=CC(OC2OC(CO)C(O)C(O)C2O)OC(CCCCCCCC=CCCCCCCCC)=O)C(OC(CCCC)=O)C1
-26.36    -26.34     14.09      0.49      c1(C)ccc2oc(C(=O)N3CCN(c4c(O)cccc4)CC3)cc2c1
-21.23    -21.34     19.01      0.49      C1Oc2cc3c(cc2O1)C(c1ccc(C)cc1)SCC(=O)N3
-22.44    -22.08     18.27      0.49      c1c(Br)ccc2[nH]c(O)c(N=Nc3ccc(C(=O)N)cc3)c12
-33.70    -34.26      6.28      0.49      c1c2c(cc3c1OC(c1cc(OC(CCC)=O)c(OC)cc1)C(COC(C)=O)O3)OC(c1cc(OC)c(OC)c(OC)c1)C2C
-40.97    -41.05    -41.05      0.00      [nH]1c(=O)c(=Cc2ccc(S(=O)(N=c3[nH]cccc3)=O)cc2)c2cc([N+]([O-])=O)cc([N+]([O-])=O)c2n1
-21.06    -21.47     19.01      0.49      c1(C(n2c3ccc(OC)cc3c(CC(O)=O)c2C)=O)ccc(OC)c(OC)c1
Human-Component   raw_Human-Component
0.4938179552555084   0.4938179552555084   
0.4934038817882538   0.4934038817882538   
0.491020143032074   0.491020143032074   
0.4914688169956207   0.4914688169956207   
0.49311187863349915   0.49311187863349915   
0.49203619360923767   0.49203619360923767   
0.49205830693244934   0.49205830693244934   
0.4943344295024872   0.4943344295024872   
0.0   0.0   
0.49362117052078247   0.49362117052078247   

14:03:08: local_reinforcement_logger.timestep_report +41: INFO     
 Step 29   Fraction valid SMILES: 96.9   Score: 0.4775   Time elapsed: 33   Time left: 23.1
  Agent     Prior     Target     Score     SMILES
-25.49    -25.61     14.71      0.49      c1c(OC)cc2c(c1)n(CCCC)cc2CN1CCCCCC1
-57.29    -57.34    -17.00      0.49      C1=CC(=O)CC2=CCOC3C(C4(C)C(OC(C)=O)(C(O)(CCC(OC)=O)C(C)C34)C12)OC(=O)C
-34.61    -34.79      5.65      0.49      C(=O)(c1c(C(=O)OCC)c(C)nc(C)c1C(=O)OCC)NC(c1ccccc1)c1ccc(OC)cc1
-29.90    -30.21     10.23      0.49      c1c(C)c(C)ccc1NC(=NC#N)NC1CC(C)(C)N(C)C(C)(C)C1
-27.25    -27.22     13.22      0.49      N1(NC(=O)c2ccc([N+](=O)[O-])s2)C(C)(C)C(=O)Nc2ccccc21
-28.84    -28.75     11.68      0.49      c1c(N2CCN(S(=O)(=O)c3ccc(N(C)C(=O)C=Cc4occc4)cc3)CC2)cccc1Cl
-25.06    -25.69     14.66      0.49      c1cc(-c2c(O)c(CNC(C)(C)C)cc(NS(=O)(C)=O)c2)ccc1
-30.98    -30.84      9.48      0.49      S(CCOc1ccc(OC)cc1)CCOC(n1cccn1)=O
-20.94    -20.99     19.40      0.49      C1CN(Cc2c(O)cccc2)CCN1CCC#N
-26.42    -26.73     13.68      0.49      C(c1ccc(OC)cc1)(c1c2c(oc1C)cccc2)=C
Human-Component   raw_Human-Component
0.49177607893943787   0.49177607893943787   
0.4919540584087372   0.4919540584087372   
0.4931155741214752   0.4931155741214752   
0.49321460723876953   0.49321460723876953   
0.4932141602039337   0.4932141602039337   
0.4929431080818176   0.4929431080818176   
0.49213406443595886   0.49213406443595886   
0.49168360233306885   0.49168360233306885   
0.4925815165042877   0.4925815165042877   
0.49282756447792053   0.49282756447792053   

14:03:11: local_reinforcement_logger.timestep_report +41: INFO     
 Step 30   Fraction valid SMILES: 100.0   Score: 0.4928   Time elapsed: 35   Time left: 22.6
  Agent     Prior     Target     Score     SMILES
-37.28    -37.05      3.41      0.49      Cc1ccc(C)cc1C1C(CO)N(C(=O)c2cccc3[nH]ccc23)C1CO
-35.16    -35.10      5.32      0.49      S(c1nc(=O)c(CC(C)C)n[nH]1)Cc1c2c(cccc2Cl)[nH]c1C
-37.99    -37.73      2.51      0.49      CC(C)C(NC(=O)C(CC(C)C)NC(OCc1nc(C)c(C)nc1C)=O)C(C(=O)N1CSCC1C(NC(C)(C)C)=O)=O
-24.26    -24.15     16.36      0.49      C1SC(=O)OC(C)C1c1ccccc1
-35.33    -35.87      4.82      0.50      COc1c(Cc2nn(CC3OCCN(c4ccc(C(F)(F)F)cc4)C3=O)cn2)c(OC)cc(F)c1
-21.95    -21.75     18.57      0.49      n1c(=Nc2cc(C)ccc2)[nH]ccc1-c1cc(C#N)c(N2CCCC2)cc1
-28.63    -29.03     11.29      0.49      C(CCn1nnc(CN(C)CC(c2cc(C(F)(F)F)ccc2)O)c1)C
-26.69    -27.08     13.35      0.49      CCC(Nc1cc2nc3c(ccc(NC(=O)C)c3)c(C)c2cc1)=O
-23.90    -23.97     16.41      0.49      c1nccc(-c2c(-c3ccc(F)cc3)n(C=O)nc2)c1
-29.10    -28.59     11.69      0.49      O=C1C(=Cc2ccc(C(=O)OC)cc2)SC(=NC2CCCCC2)N1c1cc(C)ccc1
Human-Component   raw_Human-Component
0.4934264123439789   0.4934264123439789   
0.4928523898124695   0.4928523898124695   
0.49071022868156433   0.49071022868156433   
0.4939899742603302   0.4939899742603302   
0.49625059962272644   0.49625059962272644   
0.491671085357666   0.491671085357666   
0.49164995551109314   0.49164995551109314   
0.4930192530155182   0.4930192530155182   
0.4924851059913635   0.4924851059913635   
0.49118104577064514   0.49118104577064514   

14:03:12: local_reinforcement_logger.timestep_report +41: INFO     
 Step 31   Fraction valid SMILES: 100.0   Score: 0.4929   Time elapsed: 36   Time left: 21.4
  Agent     Prior     Target     Score     SMILES
-23.32    -23.24     17.24      0.49      c1ccc(-n2cnnc2-c2ccc(C(=O)O)cc2)cc1
-30.68    -30.84      9.50      0.49      S(c1cc(CC)ccc1C)(=O)(=O)NC(c1ccc(Cl)nc1)=O
-20.98    -20.45     19.94      0.49      [O-][N+](c1ccccc1CN1CCCC1)=O
-29.42    -29.52     10.77      0.49      C(=O)(N(C)C)Cn1c(=O)c(=NCC#C)[nH]c(Cl)c1-c1cc(C(F)(F)F)ccc1
-30.27    -30.32     10.02      0.49      C1C(N)C(Cc2cc(Cl)cc(F)c2)c2c1cc(OCCNS(CCF)(=O)=O)cc2
-21.70    -21.45     19.09      0.49      c1(-c2c(Cl)cc3[nH]cc(C(=O)O)c3c2)sccc1
-35.51    -35.66      4.57      0.49      c12ccc(Sc3cccc(OC4CCNCC4)c3)cc1c(=O)n(CC)c(=NC1CCCCC1)[nH]2
-31.04    -30.53      9.90      0.49      N(=c1sc(CCSCCc2n[nH]c(=NC(=O)Cc3sccc3)s2)n[nH]1)C(Nc1ccc(OC)cc1)=O
-21.54    -21.48     19.05      0.49      C1(n2c3c(nc2)c(=N)[nH]cn3)C(O)C(O)C(CSCCCCCCC)O1
-33.67    -33.60      6.82      0.49      CC(C(=NNc1cccc2c1cc(S(=O)(=O)O)cc2O)C)=O
Human-Component   raw_Human-Component
0.4936489462852478   0.4936489462852478   
0.49195435643196106   0.49195435643196106   
0.49259209632873535   0.49259209632873535   
0.4913136065006256   0.4913136065006256   
0.4919993281364441   0.4919993281364441   
0.49431949853897095   0.49431949853897095   
0.4905427098274231   0.4905427098274231   
0.49307626485824585   0.49307626485824585   
0.49427011609077454   0.49427011609077454   
0.4929325580596924   0.4929325580596924   

14:03:14: local_reinforcement_logger.timestep_report +41: INFO     
 Step 32   Fraction valid SMILES: 96.9   Score: 0.4773   Time elapsed: 38   Time left: 20.7
  Agent     Prior     Target     Score     SMILES
-29.96    -30.36     10.06      0.49      C(CN1CCCC1)CN=c1[nH]c2c(cc(C3CCCCC3)cc2)c(C)n1
-25.37    -25.62     14.69      0.49      c1(Cl)cc2c(cc1)C(CC(=O)C)N(c1cc(Cl)ccc1)S2(=O)=O
-29.19    -28.79     11.69      0.49      C(C(NC1CCCCC1)=O)Sc1nc(SCc2ccccc2)nc(-c2ccccc2)c1C#N
-32.39    -32.36      8.16      0.49      c1(OC)c(OCC(O)=O)cc(CCCOC(c2ccccc2)=O)c(Br)c1
-39.53    -39.38      1.04      0.49      C1N(CCCC(C(C)C)c2cc(OC)c(OC)cc2Cl)CCCN1C
-25.12    -25.36     15.02      0.49      c1c(S(=O)(N2CCN(C(c3ccc(S(N4CCOCC4)(=O)=O)cc3)=O)CC2)=O)cc(C)cc1
-25.38    -25.34     15.08      0.49      c1ccc2c(c1)CN(C(=O)Nc1ccc(C(=O)NC3CCN(c4ncccn4)CC3)cc1)C2
-19.00    -18.75     21.64      0.49      C1CCCCC1NC(C12CC3CC(CC(C1)C3)C2)=O
-29.92    -29.98     10.39      0.49      C(CCCCN1CCN(c2ccccc2)CC1)(=O)Nc1ccc(C2C(N)C2)cc1
-25.32    -25.37     14.97      0.49      C(C(=O)OC)(Cc1c[nH]cn1)NC(=O)c1ccc(Cl)cc1
Human-Component   raw_Human-Component
0.49288007616996765   0.49288007616996765   
0.49154725670814514   0.49154725670814514   
0.49359840154647827   0.49359840154647827   
0.4941217005252838   0.4941217005252838   
0.49287331104278564   0.49287331104278564   
0.49247151613235474   0.49247151613235474   
0.49285170435905457   0.49285170435905457   
0.49253523349761963   0.49253523349761963   
0.4922969341278076   0.4922969341278076   
0.4919935464859009   0.4919935464859009   

14:03:15: local_reinforcement_logger.timestep_report +41: INFO     
 Step 33   Fraction valid SMILES: 96.9   Score: 0.4777   Time elapsed: 40   Time left: 20.0
  Agent     Prior     Target     Score     SMILES
-23.61    -23.35     17.01      0.49      c1(CNC(=O)C2CCCN(c3sc4c(n3)cccc4)C2)ccc(OC)cc1
-31.19    -31.73      8.71      0.49      CC(C)(C)n1nc(C(c2ccc(OC)cc2)N2CCCN(C)CC2)ccc1=O
-29.18    -28.60     11.79      0.49      C1N(CCOC)CCC1CNCc1cc(OC)c(OCc2ccccc2F)cc1
-21.45    -21.56     18.83      0.49      C1N(CCC2CCC(NC(CC3CCC(OC)CC3)=O)CC2)CCc2c1cc(OC)c(OC)c2
-39.97    -40.34    -40.34      0.00      c1(SC(F)F)c2c(c(O)n(-c3cc([N+]([O-])=O)ccc3)c2)c(O)n1-c1c(C)cccc1C
-35.04    -35.15      5.14      0.49      c1c(C(NC2(C)CCc3nn4c(c3C2)cc(C)cc4)=O)c(F)cc(Cl)c1
-26.49    -26.28     14.18      0.49      c1cc(CC(=O)N2CC(n3ncnc3)CCC2)cc(Oc2ccccc2)c1
-24.86    -25.36     14.97      0.49      c1(NC(C)=O)cc(C(NCc2ccc(F)cc2)=O)ccc1N1CCOCC1
-38.19    -38.68      1.74      0.49      c1c(-c2n[nH]nn2)c(-c2ccc(Cn3c(=O)c(CCC(O)CC(O)CC(=O)O)c(C)nc3CCCC)cc2)nc2c1cccc2
-29.36    -29.81     10.63      0.49      C(NC(C)=O)(CO)Cc1c2c([nH]c1)ccc(NS(C)(=O)=O)c2
Human-Component   raw_Human-Component
0.49213093519210815   0.49213093519210815   
0.49313992261886597   0.49313992261886597   
0.49258938431739807   0.49258938431739807   
0.4925408959388733   0.4925408959388733   
0.0   0.0   
0.4912344217300415   0.4912344217300415   
0.493445485830307   0.493445485830307   
0.4917910695075989   0.4917910695075989   
0.49291807413101196   0.49291807413101196   
0.4931570887565613   0.4931570887565613   

14:03:17: local_reinforcement_logger.timestep_report +41: INFO     
 Step 34   Fraction valid SMILES: 100.0   Score: 0.4931   Time elapsed: 41   Time left: 18.7
  Agent     Prior     Target     Score     SMILES
-34.69    -34.64      5.71      0.49      c1c2[nH]c(=NC(=O)c3cc4c(cc3)n(-c3cn(C)nc3)c(C)n4)[nH]c2ccc1
-28.50    -28.37     12.07      0.49      O(C(=O)c1cccc(N2c3c(cccc3)C(c3ccccc3)=NCC2=O)c1)C
-24.76    -24.82     15.57      0.49      c12sc(NC(=O)NCCCCC)c(C(=O)N)c1CCN(C)C2
-28.43    -28.59     11.65      0.49      C(C(NC(C(Cc1ccccc1)NC(=O)C(CC(C)C)NC(OCc1ccccc1)=O)=O)C=O)c1ccc(F)cc1
-22.87    -23.10     17.33      0.49      C1CC(C#N)(c2ccc(O)cc2)CC1
-23.08    -24.01     16.57      0.49      N(=C(O)C=Cc1cc2nc(C=Cc3cc(OC)c(O)cc3)ccc2cc1)O
-22.83    -22.81     17.69      0.49      C(c1cccnc1)(=O)N1CCN(c2ccc(NC(c3sccc3)=O)cc2)CC1
-24.09    -24.26     16.22      0.49      c1c(C(F)(F)F)ccc(N2CCN(C(c3nnnn3Cc3cccs3)C)CC2)c1
-41.07    -41.56     -1.12      0.49      c1(C(c2cnc(OC)cc2)N2CCC(NC(=O)N3Cc4c(cc(=O)[nH]n4)CC3)C2)ccc(Cl)cc1
-23.01    -23.30     17.03      0.49      c1c(O)c(O)c(O)cc1C(=O)OCCCn1cnc2c1N=CNCC2O
Human-Component   raw_Human-Component
0.49214282631874084   0.49214282631874084   
0.4931807518005371   0.4931807518005371   
0.49250492453575134   0.49250492453575134   
0.49078744649887085   0.49078744649887085   
0.4930964410305023   0.4930964410305023   
0.4948168396949768   0.4948168396949768   
0.4938834309577942   0.4938834309577942   
0.49373239278793335   0.49373239278793335   
0.4932071268558502   0.4932071268558502   
0.49177002906799316   0.49177002906799316   

14:03:19: local_reinforcement_logger.timestep_report +41: INFO     
 Step 35   Fraction valid SMILES: 100.0   Score: 0.4929   Time elapsed: 43   Time left: 17.9
  Agent     Prior     Target     Score     SMILES
-23.11    -23.78     16.64      0.49      N#Cc1c(=N)[nH]c(-c2cc3c(cc2)OCO3)cc1-c1c(C)nn(C)c1
-23.40    -23.92     16.58      0.49      CC(c1ccc(S(=O)(N=c2[nH][nH]c(-c3ccccc3)c2)=O)cc1)(C)C
-27.24    -27.06     13.35      0.49      c1ccccc1C(=O)N1C(C)CC(C)(c2cccc(OC)c2)C1=O
-25.92    -26.31     14.06      0.49      O=C(COC(c1n[nH]c(=O)c2c1cccc2)=O)N(c1ccc(F)cc1)CC
-24.84    -24.95     15.47      0.49      C(Nc1cc(Cl)c(F)cc1)(NCCNCC(COc1c(C#N)cccc1)O)=O
-23.24    -23.32     17.14      0.49      c1c(O)c(C(=O)NN=Cc2cccc(OC)c2O)ccc1N(C)C
-20.99    -20.67     19.61      0.49      c1(F)ccc(C(=NN=c2sc3c([nH]2)cccc3)C)cc1
-24.92    -25.13     15.29      0.49      C1(CCC(O)=O)(C)OOC(OC)(C)CC1
-35.87    -36.22      4.21      0.49      c1(C(C)=O)[nH]c2c(c1CC)c(-c1ccccc1)nn(Cc1ccc(OC)cc1)c2=O
-26.54    -26.71     13.77      0.49      c1(OCC)ccc(CNS(c2cc(C(=O)C)ccc2)(=O)=O)cc1OC
Human-Component   raw_Human-Component
0.49287474155426025   0.49287474155426025   
0.49393191933631897   0.49393191933631897   
0.4928226172924042   0.4928226172924042   
0.4923864006996155   0.4923864006996155   
0.4928749203681946   0.4928749203681946   
0.49344080686569214   0.49344080686569214   
0.49122995138168335   0.49122995138168335   
0.49283188581466675   0.49283188581466675   
0.4930581748485565   0.4930581748485565   
0.49372830986976624   0.49372830986976624   

14:03:22: local_reinforcement_logger.timestep_report +41: INFO     
 Step 36   Fraction valid SMILES: 96.9   Score: 0.4776   Time elapsed: 47   Time left: 17.8
  Agent     Prior     Target     Score     SMILES
-31.82    -32.04      8.37      0.49      N(C1Cc2c3c(ccc2CC1)n(C)c(=O)cc3)Cc1c(Cl)cc(Cl)cc1
-48.54    -48.77     -8.35      0.49      C1CN(C(c2ccccc2-c2cccc(C)c2)=O)CCC1(C)N(Cc1ccc(CN2CC(C(O)=O)CCC2)cc1)c1cccc(O)c1
-37.62    -38.05      2.41      0.49      C(=O)(O)c1n(CC(O)COc2c(OC)cc(C=Cc3cc(O)cc(O)c3)cc2)c2c(cccc2)c1
-25.29    -25.38     15.15      0.49      O=S(c1ccc(C)cc1)(N1C(c2ccc(Cl)cc2)CC2N(S(=O)(c3ccc(C)cc3)=O)C(c3ccc(OC)cc3)CC(=O)C2C1)=O
-26.56    -26.11     14.50      0.50      c1cc(N2C(=O)C3(N=C2N)C2(Cc4ccc(C#N)cc42)CCC(OC)CC3)ccc1OC
-24.39    -24.02     16.38      0.49      C(C1(CCCCCCCCCCCCCCCCCC)SCCS1)[N+](C)(C)C
-22.41    -22.05     18.38      0.49      Fc1ccc(NC(=O)C2C(C(=O)N=CCCCN3CCCC3)C3CCC2C32CC2)cc1F
-29.68    -29.67     10.76      0.49      O=S(=O)(n1c(CC)cc2ccccc21)c1cc(Br)ccc1OC
-25.78    -27.13     13.35      0.49      c1(-c2c(C(F)(F)F)cccc2)c(OC)ccc(C(C)(C)C)c1
-30.93    -30.85      9.68      0.49      O(C)c1cc2c(ccn2CC2CCCN2C(=N)N)cc1
Human-Component   raw_Human-Component
0.4927257299423218   0.4927257299423218   
0.49297624826431274   0.49297624826431274   
0.493347704410553   0.493347704410553   
0.49429354071617126   0.49429354071617126   
0.4952855110168457   0.4952855110168457   
0.4927431344985962   0.4927431344985962   
0.49298280477523804   0.49298280477523804   
0.49302607774734497   0.49302607774734497   
0.49364346265792847   0.49364346265792847   
0.49428269267082214   0.49428269267082214   

14:03:26: local_reinforcement_logger.timestep_report +41: INFO     
 Step 37   Fraction valid SMILES: 96.9   Score: 0.4776   Time elapsed: 51   Time left: 17.4
  Agent     Prior     Target     Score     SMILES
-26.45    -26.24     14.22      0.49      C1(OC(C=[N+]=[N-])=O)=CCC(=O)OC1CO
-15.62    -16.06     24.35      0.49      O=c1[nH]c(=O)n(COC(CO)CO)cc1
-24.24    -24.38     16.09      0.49      O=C(c1cc2c(ccc(Br)c2)oc1=O)N1c2ccccc2CC1
-24.48    -24.61     15.66      0.49      c1nc(CC)c2n1c(CSCCc1ccccc1)ccc2
-36.54    -36.44      4.11      0.49      C(N)(N)=NCCCCCCCCN=C(N)C1=NCCN1CCN1CCN(c2ccccc2)CC1
-26.85    -27.21     13.22      0.49      C(C(NC(COC(=O)c1cccc(NC(OCC)=O)c1)=O)C)(C)C
-32.95    -33.20      7.10      0.49      C1(C)(C)CC(N)=NC(C)(c2cc(NC(=O)c3cnc(C(F)F)nc3)cc(C)c2F)C1
-33.71    -34.56      5.97      0.49      Oc1c(O)c2c(c3c(cc2)C2(N(c4ccccc4)C3)C(=O)c3c(cccc3)C2=O)c(O)c1
-42.91    -41.85     -1.31      0.49      c1cccc(CC(NC(OC2CCS(=O)(=O)C2C(C)C)=O)C(CN(CC(C)C)C(c2cc3ccncc3cc2)=O)O)c1NS(C(F)(F)F)(=O)=O
-42.31    -42.56     -2.15      0.49      c1(OCC)cc(OCc2cc(Cl)c(F)cc2)cc2c1C(F)(F)CNC2
Human-Component   raw_Human-Component
0.49346768856048584   0.49346768856048584   
0.4928153455257416   0.4928153455257416   
0.4935857355594635   0.4935857355594635   
0.4910474121570587   0.4910474121570587   
0.4944261312484741   0.4944261312484741   
0.49300307035446167   0.49300307035446167   
0.4913753271102905   0.4913753271102905   
0.494266152381897   0.494266152381897   
0.49429643154144287   0.49429643154144287   
0.4928855299949646   0.4928855299949646   

14:03:29: local_reinforcement_logger.timestep_report +41: INFO     
 Step 38   Fraction valid SMILES: 100.0   Score: 0.4466   Time elapsed: 54   Time left: 16.6
  Agent     Prior     Target     Score     SMILES
-40.51    -39.30      1.07      0.49      c12c(=NCc3cc4ccccc4s3)[nH]cnc1n(C(C)C)nc2N1CCN(C(CN)=O)CC1
-34.39    -33.89      6.46      0.49      C(=Cc1c(OCc2nnc(-c3ccc(C)cc3)o2)sc2c1cccc2)C(c1ccc(Cl)cc1)=O
-29.79    -30.02     10.52      0.49      O(c1c2c3oc(-c4ccc(O)cc4)nc3c(=O)oc2cc(O)c1)C
-24.41    -24.95     15.38      0.49      c12c(c(O)n(C)c1O)C(c1ccc(-c3cc(F)ccc3)cc1)N1C2(CC)C(=O)N(C)C1=O
-24.38    -24.23     16.30      0.49      c1cccc(-n2c(=N)c(C(OCCOc3ccccc3)=O)n[nH]2)c1
-20.69    -20.68    -20.68      0.00      C(=O)(O)c1ccc(CCCCCCCCCCCCCC)cc1
-26.58    -26.50     13.87      0.49      c1c(NC(CCc2ccccc2)=S)c2cc(O)ccc2cc1
-20.20    -20.15    -20.15      0.00      CCCCCOC(NC(=O)Oc1c(C(C)C)cccc1C(C)C)=O
-29.33    -28.74     11.50      0.49      c1n(CCCNC(c2cccs2)=O)c(C)c(Sc2ccc(Cl)cc2)c1
-25.70    -26.00     14.44      0.49      c1c(C)ccc(C=CC(=O)Nc2cc(OCC)c(OCC)cc2C#N)c1
Human-Component   raw_Human-Component
0.49227088689804077   0.49227088689804077   
0.492118239402771   0.492118239402771   
0.4943147301673889   0.4943147301673889   
0.4918917715549469   0.4918917715549469   
0.4942168891429901   0.4942168891429901   
0.49235889315605164   0.49235889315605164   
0.49224552512168884   0.49224552512168884   
0.49349245429039   0.49349245429039   
0.49074888229370117   0.49074888229370117   
0.4932519197463989   0.4932519197463989   

14:03:31: local_reinforcement_logger.timestep_report +41: INFO     
 Step 39   Fraction valid SMILES: 100.0   Score: 0.4929   Time elapsed: 56   Time left: 15.4
  Agent     Prior     Target     Score     SMILES
-30.12    -29.52     10.74      0.49      c1c(C#N)cccc1-c1c(C#N)c2[nH]c3c(cccc3)n2c(=NCCCN2CCCCC2)c1
-27.89    -28.25     12.10      0.49      N(c1c(O)c2ccccc2c(O)c1N=CC)c1ccc(S(=O)(NC(=O)C)=O)cc1
-20.10    -20.20     20.18      0.49      c1cccc2c3c([nH]c12)C(c1cc(OC)c(O)c(OC)c1)NC(C(O)=O)C3
-28.88    -29.43     11.05      0.49      O=C(c1c2[nH]c3c(cc(N)cc3)c2c(C)c2c[n+](C)ccc21)NCCN
-27.02    -27.16     13.30      0.49      c1(CCc2ccc(OC)c(OC)c2)c(OC)c(C(=O)OC)c(OC)cc1
-22.77    -23.10     17.32      0.49      Clc1ccc(-c2cc(-c3ccc(Cl)cc3)cc(-c3ccccc3Cl)n2)cc1
-39.92    -39.29      1.07      0.49      Fc1cc(Br)ccc1N(C(c1ccccc1)CNC(NCCCc1ccccc1)=O)CC
-24.81    -25.43     15.05      0.49      n1(-c2ncc(O)c(-c3ccc(F)cc3)c2)cncc1
-22.45    -23.12     17.48      0.50      O1C(c2ccc(O)c(O)c2)C(CO)NC1=O
-32.58    -32.92      7.64      0.49      c1c(F)cc(O)c(F)c1C(=O)c1c[nH]c2ncc(=NCCN)[nH]c21
Human-Component   raw_Human-Component
0.4909837245941162   0.4909837245941162   
0.49210241436958313   0.49210241436958313   
0.4924391210079193   0.4924391210079193   
0.49364614486694336   0.49364614486694336   
0.4934043884277344   0.4934043884277344   
0.4929873049259186   0.4929873049259186   
0.49221882224082947   0.49221882224082947   
0.49370071291923523   0.49370071291923523   
0.4950374662876129   0.4950374662876129   
0.4946325421333313   0.4946325421333313   

14:03:33: local_reinforcement_logger.timestep_report +41: INFO     
 Step 40   Fraction valid SMILES: 96.9   Score: 0.4778   Time elapsed: 58   Time left: 14.1
  Agent     Prior     Target     Score     SMILES
-27.73    -27.81     12.59      0.49      C(=O)(c1ccccc1)c1c(NC(=O)Cc2ccc(C)c(F)c2)c2ccccc2o1
-42.57    -42.26     -1.80      0.49      c1(CN2CCC(CCC(=NO)O)CC2)ccc2nc(-c3cc(OC)c(OC4CCOCC4)cc3)oc2c1
-30.02    -30.29     10.21      0.49      FC(F)(F)C(CC(c1cc(Cl)ccc1)O)=NC(=O)CCC1CCCC1
-29.42    -30.00     10.49      0.49      C(F)(F)(c1ccc(C#N)c(C(=NOC)C(=O)NC)n1)F
-26.32    -26.56     13.91      0.49      c1(-c2cc(Cl)cc(Cl)c2)ncnc(-c2cccc(C(=O)N)c2)c1
-35.05    -35.22      5.18      0.49      O=CC(NC(C(NC(C(Cc1ccc(O)cc1)NC(CN)=O)=O)CCCN=C(N)N)=O)C(NC(Cc1c[nH]c2ccccc21)C(=O)N)=O
-32.21    -32.51      7.98      0.49      C(NC(NS(=O)(c1ccc(N2N=C(c3ccc(C)cc3)CC2c2ccc(C(O)=O)cc2)cc1)=O)=S)(=O)c1ccc(C)cc1
-27.28    -27.18     13.30      0.49      C(Nc1cccc(C)c1)(Cn1c2ccccc2c(=O)n(CCC(NCc2c(OC)cccc2)=O)c1=O)=O
-29.63    -30.23     10.09      0.49      c1c([N+]([O-])=O)c(C(=O)Nc2ccc(Cl)c(S(=O)(N3CCCCCC3)=O)c2)oc1C
-30.48    -30.17     10.32      0.49      C(Cc1ccc(C#N)cc1)(=O)Nn1c(C)nc2ccc(Br)cc2c1=O
Human-Component   raw_Human-Component
0.49271854758262634   0.49271854758262634   
0.49336346983909607   0.49336346983909607   
0.49396276473999023   0.49396276473999023   
0.4936920404434204   0.4936920404434204   
0.49348264932632446   0.49348264932632446   
0.4927184283733368   0.4927184283733368   
0.49372678995132446   0.49372678995132446   
0.4936237931251526   0.4936237931251526   
0.49172094464302063   0.49172094464302063   
0.49378690123558044   0.49378690123558044   

14:03:35: local_reinforcement_logger.timestep_report +41: INFO     
 Step 41   Fraction valid SMILES: 93.8   Score: 0.4623   Time elapsed: 59   Time left: 12.6
  Agent     Prior     Target     Score     SMILES
-27.53    -28.02     12.54      0.49      c1(C)cc(C)cc(C(Nc2c(F)ccc(-c3[nH]c(=O)sc3)c2)=O)c1
-40.59    -40.79     -0.54      0.49      c1(C(C)NC(c2c(NC(=O)c3ccc(C(F)(F)F)nc3OC)ccc(OC)c2)=O)ccccc1O
-29.04    -29.78     10.49      0.49      c1(-n2nnnc2SC(=S)c2ccc(F)cc2)cc(C(F)(F)F)ccc1
-24.06    -24.75     15.70      0.49      c12c([nH]c(-c3ccc(N4CCN(C)CC4)cc3)n1)c(F)cc(F)c2
-50.71    -50.29    -50.29      0.00      C1Cc2c3c(cc(-c4cc(=Nc5ccc(N6CCN(C)CC6)cc5OC)[nH][nH]4)[nH]c3=NC(C)C)n(CC(F)F)cc2C1
-28.53    -28.95     11.58      0.49      c1(C(F)(F)F)cnc(Oc2cc(C(C)C)ccc2OCC)cc1
-27.59    -27.58     12.85      0.49      CC(=CCCC1(C)Oc2c(c3c(c(C)c2)C(C)=CC(C)(C)N3)C1=O)C
-21.09    -21.75     18.60      0.49      N(c1ccc(F)cc1)S(=O)(=O)c1cc2c(cc1)N(C(C)=O)CC2
-32.79    -32.38      8.13      0.49      c1(-c2nc(-c3nnn(C4CCN(S(=O)(c5cc6c(cc5)OCO6)=O)CC4)c3)on2)ccccc1Cl
-25.94    -26.00     14.36      0.49      O(CC=CC)c1c(OC)ccc(C=C2SC(=S)NC2=O)c1
Human-Component   raw_Human-Component
0.49452781677246094   0.49452781677246094   
0.49081939458847046   0.49081939458847046   
0.49104833602905273   0.49104833602905273   
0.4932281970977783   0.4932281970977783   
0.0   0.0   
0.49424418807029724   0.49424418807029724   
0.49306049942970276   0.49306049942970276   
0.49210068583488464   0.49210068583488464   
0.4940706491470337   0.4940706491470337   
0.49216195940971375   0.49216195940971375   

14:03:36: local_reinforcement_logger.timestep_report +41: INFO     
 Step 42   Fraction valid SMILES: 100.0   Score: 0.4929   Time elapsed: 61   Time left: 11.3
  Agent     Prior     Target     Score     SMILES
-36.55    -35.77      4.76      0.49      [nH]1cc2cc(C(N3CCC4(CC3)CC(C(C)(N3CCOCC3)C)OC4=O)=O)ccc2n1
-30.52    -30.84      9.55      0.49      FC(F)(C(=O)CNC(c1cn(-c2ccc(C)cc2)nn1)=O)F
-20.29    -20.51     19.87      0.49      c1n(Cc2cc(=O)oc3ccc(C)cc23)ccn1
-32.72    -32.88      7.59      0.49      C(Nc1ccc(-n2ncc(-c3ccc(C(=O)O)cc3)c2)c(C)c1)(=O)c1ccc(C(F)(F)F)cc1
-32.26    -31.74      8.73      0.49      C(F)(C1CC(CC(O)=O)c2n(ccc2)C1)F
-25.77    -25.81     14.56      0.49      N(=c1[nH]nc(SCC(Nc2c(C(=O)N)cccc2)=O)s1)C(c1ccco1)=O
-22.33    -22.23     18.16      0.49      C1(C)N(C(CSc2nc(=O)cc(C)[nH]2)=O)c2ccccc2C1
-32.05    -32.55      7.86      0.49      C(c1cn(-c2ccc(C(F)(F)F)cc2)c(-c2cc(Cl)cc(Cl)c2)n1)(N1CCN(C)CC1)=O
-21.65    -22.35     18.13      0.49      c1ccc(Cn2c(O)c3c(c2O)CC=CC3)c(C)c1OC
-25.22    -24.82     15.55      0.49      C(N(Cc1ccc(C(c2ccccc2)=O)cc1)CCC)c1ccccc1
Human-Component   raw_Human-Component
0.4942812919616699   0.4942812919616699   
0.4925568699836731   0.4925568699836731   
0.492466539144516   0.492466539144516   
0.49344533681869507   0.49344533681869507   
0.49352961778640747   0.49352961778640747   
0.4924037456512451   0.4924037456512451   
0.4925939440727234   0.4925939440727234   
0.4927457571029663   0.4927457571029663   
0.4935600161552429   0.4935600161552429   
0.49230244755744934   0.49230244755744934   

14:03:38: local_reinforcement_logger.timestep_report +41: INFO     
 Step 43   Fraction valid SMILES: 96.9   Score: 0.4775   Time elapsed: 62   Time left: 9.9
  Agent     Prior     Target     Score     SMILES
-23.93    -24.48     15.90      0.49      O(C(C)(C)C)C(N1CCN(C(SCc2nnn(Cc3ccc(C)cc3)c2)=S)CC1)=S
-36.36    -36.45      4.01      0.49      C(Nc1cc2c(cc1)C(O)CN2S(=O)(=O)c1ccc(OC)cc1)C(NC1CCCC1)=O
-22.72    -22.50     18.04      0.49      c1cc(CN2CCN(c3nc4c(cccc4)cc3)CC2)ccc1[N+]([O-])=O
-31.23    -31.53      8.82      0.49      C(n1c(=O)c2ccccc2n(C)c1=O)CCCCN1CCC(c2ccc(C)cc2)CC1
-34.75    -35.25      5.00      0.49      Cc1c(SCC(N(c2ccc(F)cc2)C(C(=O)NCC=C)C(C)C)=O)nc(C)c(C)n1
-26.03    -26.07     14.43      0.49      c1c(Cl)c(Oc2cccnc2C)cc(=NC(C)c2ccccc2)[nH]1
-28.43    -28.58     11.82      0.49      C1C(N=c2[nH]c(N3C(C(C)O)COC3=O)nc(-c3cccc(F)c3)c2)C1
-23.31    -23.51     16.85      0.49      c1c(S(=O)(N2CCCCC2)=O)ccc(N2CCN(C(c3ccco3)=O)CC2)c1[N+]([O-])=O
-20.24    -20.28     20.24      0.49      C1N(c2cc3c(c(=O)c(C(O)=O)cn3C3CC3)cc2F)CCC(CNC)C1
-25.83    -25.97     14.34      0.49      c1c(C(N2CCn3nc(COc4cccc(F)c4)cc3C2)=O)ccc(OC)n1
Human-Component   raw_Human-Component
0.4924388527870178   0.4924388527870178   
0.49343082308769226   0.49343082308769226   
0.4944164752960205   0.4944164752960205   
0.4920916259288788   0.4920916259288788   
0.49078986048698425   0.49078986048698425   
0.4939558506011963   0.4939558506011963   
0.4925941228866577   0.4925941228866577   
0.49224504828453064   0.49224504828453064   
0.49421337246894836   0.49421337246894836   
0.49160313606262207   0.49160313606262207   

14:03:39: local_reinforcement_logger.timestep_report +41: INFO     
 Step 44   Fraction valid SMILES: 100.0   Score: 0.4928   Time elapsed: 64   Time left: 8.5
  Agent     Prior     Target     Score     SMILES
-29.98    -30.52      9.99      0.49      c1(C(C)(C)C)nn(C)c(-c2ccc(N=c3scc(-c4c(F)ccc(F)c4)[nH]3)cc2)c1
-34.82    -34.71      5.66      0.49      C12(C)C(CCC3C4C(C(=O)O)(CCC31C)CCC4C(C)C)C1(C)C(C(C)(C)C(OCOCCC)CC1)CC2
-38.37    -38.13      2.29      0.49      N1(CCNC(C2CCC(=O)N2Cc2occc2)=O)CCC2(c3c(cccc3)N(C)C(=O)O2)CC1
-48.49    -48.74     -8.52      0.49      Oc1c(CC=NC(C=CCC(C)C)C(O)=O)n(C)c(CCC(=O)NC(C(O)=O)CCCCN)n1
-48.16    -47.51     -7.15      0.49      n1(CN2CCCC2)ncc(-c2cnc3c(n2)c(=NCC(C)C)[nH]c(OC(CCCCC(=O)OC)=O)n3)c1
-29.36    -29.31     11.10      0.49      C(C(=O)NNc1ccc(Cl)cc1Cl)CCc1nc(=O)c2c([nH]1)cccc2
-25.97    -26.03     14.35      0.49      CC(=O)Nc1ccc(S(=O)(=O)NC(CCSC)C(=O)NCc2ccccn2)cc1
-27.09    -28.00     12.60      0.50      C1C2C(c3ccc(F)cc3)(CNC2)N(c2ccc(C(F)(F)F)cc2)C1
-36.46    -36.34      4.23      0.49      O=C1NC(=O)C(=Cc2ccc[n+](Cc3ccc(S(O)(=O)=O)cc3)c2)CO1
-26.66    -26.68     13.79      0.49      c1(C(C)C)cc(N2CCN(Cc3cc(C#N)ccc3)C(CCO)C2)ccc1
Human-Component   raw_Human-Component
0.49401208758354187   0.49401208758354187   
0.4923902750015259   0.4923902750015259   
0.4928269684314728   0.4928269684314728   
0.49047765135765076   0.49047765135765076   
0.4922260046005249   0.4922260046005249   
0.49279749393463135   0.49279749393463135   
0.49242907762527466   0.49242907762527466   
0.4951445460319519   0.4951445460319519   
0.49474772810935974   0.49474772810935974   
0.4934903681278229   0.4934903681278229   

14:03:40: local_reinforcement_logger.timestep_report +41: INFO     
 Step 45   Fraction valid SMILES: 96.9   Score: 0.4623   Time elapsed: 65   Time left: 7.1
  Agent     Prior     Target     Score     SMILES
-38.24    -38.58      1.85      0.49      Cn1c(=O)c(C(NC(CC)c2cc(C)nc(C)c2)=O)c(C)n(Cc2c(F)cccc2)c1=O
-32.28    -32.52      7.97      0.49      o1c(-c2ccc(NC(=O)c3ccc(NC(C)=O)cc3)cc2)n[nH]c1=Nc1cc2c(cccc2)cc1
-31.70    -31.60      8.79      0.49      [nH]1s[nH]c(=Nc2ccc(Br)cn2)c1=NS(=O)(=O)c1ccc(C)cc1
-25.15    -24.86     15.75      0.50      c1(C(NCc2ccc(F)cc2)=O)nc(=N)[nH]c2[nH]cc(C#N)c12
-26.13    -26.91     13.51      0.49      c12c(c(O)c(O)cc1)c(=O)c(CCC(=O)OC)c(C)o2
-21.92    -21.62     18.75      0.49      c1(OC(C)C)ccc(NC(=O)N2Cc3ccccc3C2)cc1
-26.92    -27.08     13.28      0.49      C(=O)(c1oc(Cc2cc3c(cc2)OCO3)nc1C)NC1CC1
-27.40    -28.19     12.34      0.49      CCOC(c1c(C)c(C(OCC)=O)c(NC(c2ccc(S(=O)(=O)N3CC(C)CCC3)cc2)=O)s1)=O
-20.39    -20.69     19.68      0.49      c12c(ccc(S(=O)(Nc3ccc(CC)cc3)=O)c1)N(C(=O)C1CC1)CC2
-46.81    -47.18     -6.74      0.49      c1c2c([nH]cc(-c3csc(-c4c(C)n(C)nc4)n3)c2=O)c(NS(=O)(=O)C2CC2)c(Cl)c1
Human-Component   raw_Human-Component
0.4930763840675354   0.4930763840675354   
0.4937647581100464   0.4937647581100464   
0.49258649349212646   0.49258649349212646   
0.49521228671073914   0.49521228671073914   
0.49292415380477905   0.49292415380477905   
0.4923575222492218   0.4923575222492218   
0.4922272562980652   0.4922272562980652   
0.4942971467971802   0.4942971467971802   
0.4922512471675873   0.4922512471675873   
0.4932442009449005   0.4932442009449005   

14:03:41: local_reinforcement_logger.timestep_report +41: INFO     
 Step 46   Fraction valid SMILES: 100.0   Score: 0.4620   Time elapsed: 66   Time left: 5.6
  Agent     Prior     Target     Score     SMILES
-23.92    -23.88     16.55      0.49      CCN(CCn1c2c(cc1-c1ccccc1)cc(F)cc2)CC
-26.19    -26.18     14.32      0.49      C(F)(S(=O)(=O)N1CCN(c2ccc(NC(CC)=O)cc2)CC1)F
-22.25    -22.43     17.90      0.49      c1cc(NC(c2ccc(S(=O)(N(C)C)=O)cc2)=O)ccc1NC(C)=O
-38.50    -39.04      1.39      0.49      N1(CCC2(c3cccc(O)c3)CCN(C(C(C)(C)c3cc(O)cc(C(C)(C)C)c3)=O)CC2)CCC(CNC(c2ccccc2)=O)CC1
-35.49    -35.89      4.58      0.49      c1(-c2cc3c([nH]c(-c4n5c(cc(C)cc5)nc4C)n3)cc2)ccn[nH]1
-28.85    -28.64     11.75      0.49      Cn1c2ccc(S(=O)(N3CCCC(C(=O)NCc4cc(OC)ccc4)C3)=O)cc2c(=O)n1C
-22.99    -22.88     17.45      0.49      c12c(ccc(C(Nc3ccc(F)cc3)=O)c1)SC1=NS(=O)(=O)CCN21
-24.30    -24.25     16.09      0.49      C(CCCc1sc(=NC(Cc2cccc(CNC(c3ccccc3)=O)c2)=O)[nH]n1)Cc1n[nH]c(=NC(Cc2ccccc2)=O)cc1
-20.53    -20.45     19.86      0.49      C1CCCN(C(=O)CN(c2ccc(OC)cc2)S(=O)(=O)C)C1
-24.24    -24.03     16.34      0.49      C1N(c2cccc(Cl)c2)CCN(CCn2c(=O)[nH]c3n(C)c(=O)n(C)c(=O)c23)C1
Human-Component   raw_Human-Component
0.49303221702575684   0.49303221702575684   
0.49395090341567993   0.49395090341567993   
0.49182450771331787   0.49182450771331787   
0.4930170476436615   0.4930170476436615   
0.49353712797164917   0.49353712797164917   
0.4926746189594269   0.4926746189594269   
0.4918891191482544   0.4918891191482544   
0.49185264110565186   0.49185264110565186   
0.4915831685066223   0.4915831685066223   
0.4923282563686371   0.4923282563686371   

14:03:42: local_reinforcement_logger.timestep_report +41: INFO     
 Step 47   Fraction valid SMILES: 100.0   Score: 0.4929   Time elapsed: 67   Time left: 4.2
  Agent     Prior     Target     Score     SMILES
-26.85    -27.06     13.16      0.49      O1C(O)C(C)(C)C2C(O)CC3C4(C)C(C(C)(C)C(O)CC4)CCC3(C)C12C
-26.99    -27.51     12.77      0.49      c12c(C(=O)c3ccccc3)c(-c3ccc([N+](=O)[O-])cc3)c(C#N)c(=O)n1CCS2
-16.54    -17.25     23.21      0.49      c1(OC)c(OC)cc(C2c3cc4c(cc3CC3C2C(=O)OC3)OCO4)cc1OC
-17.71    -17.80     22.68      0.49      O=C(NCC1CCCCC1)C
-23.30    -24.09     16.37      0.49      C1C(c2n(C)c(SCc3ncc(OC)c(OC)c3)nn2)C1
-20.26    -20.80     19.49      0.49      c1(C(C)C)c(Sc2c(Cl)cccc2Cl)n(COCCO)c(=O)[nH]c1=O
-29.08    -28.78     11.91      0.50      c1(C2CC2)cccc(OC)c1C(=O)NC1CCCC1N=c1cnc(C(F)(F)F)c[nH]1
-27.16    -26.69     13.66      0.49      c1(C)c[nH]c(-c2[nH]ccn2)nc1=Nc1ccccc1
-35.96    -35.51      4.92      0.49      Cc1nnc(N=c2[nH]c3c(ccc(N4CCN(CCC)CC4)c3)[nH]2)c(C)c1
-36.89    -37.70      2.66      0.49      C(=Cc1ccc(OC)c(OC(CO)OC(=O)C)c1OC)C=C(C)C(c1cc(OC)c(OC)c(OC)c1)=O
Human-Component   raw_Human-Component
0.49054649472236633   0.49054649472236633   
0.491183876991272   0.491183876991272   
0.493338406085968   0.493338406085968   
0.49374622106552124   0.49374622106552124   
0.4934272766113281   0.4934272766113281   
0.49136000871658325   0.49136000871658325   
0.4961719214916229   0.4961719214916229   
0.4920499324798584   0.4920499324798584   
0.49297311902046204   0.49297311902046204   
0.4921264946460724   0.4921264946460724   

14:03:44: local_reinforcement_logger.timestep_report +41: INFO     
 Step 48   Fraction valid SMILES: 100.0   Score: 0.4931   Time elapsed: 68   Time left: 2.8
  Agent     Prior     Target     Score     SMILES
-30.44    -30.42      9.93      0.49      n1c2c(cc(C)cc2)sc1SCCC(OCCOCC)=O
-26.31    -26.89     13.52      0.49      c1(-c2nc(=NCCCOC)[nH]cc2)cn[nH]c1-c1ccc(Cl)cc1
-26.06    -26.32     14.07      0.49      c1c2c(C)c3c(nc2ccc1)C(=O)N(Cc1c(F)cccc1)C3
-41.61    -41.65     -1.25      0.49      c1c(N2CCCC(O)C2)cc(OCCN(C)C)c(F)c1-c1cnc2c(=NC(c3ccc(C)c(C)c3)=O)[nH]ccn21
-18.32    -19.04     21.35      0.49      C(COc1ccc(Cc2c(O)[nH]c(=O)s2)cc1)C
-23.72    -24.31     16.06      0.49      c1(=O)oc2c(ccc(SCC(=O)NCC3CCCO3)c2)n1CC
-36.18    -36.08      4.29      0.49      C(CN)CN=c1c2ncn(C3C(O)C(O)C=C3)c2[nH]c(OC2CCCC2)n1
-18.43    -18.97     21.59      0.49      c1c(O)cc2oc(-c3ccc(O)cc3)cc(=O)c2c1OC
-31.24    -32.04      8.37      0.49      n12nc(C(F)(F)F)nc1NC(c1cc3c(cc1)OCCO3)C(C(=O)OCC)S2(=O)=O
-23.31    -23.52     16.97      0.49      c1(=O)c(Cc2ccccc2)cc(C)nn1CC(Nc1ccc(C)c(F)c1)=O
Human-Component   raw_Human-Component
0.4920575022697449   0.4920575022697449   
0.49290022253990173   0.49290022253990173   
0.4925239682197571   0.4925239682197571   
0.49266958236694336   0.49266958236694336   
0.49255964159965515   0.49255964159965515   
0.4923209846019745   0.4923209846019745   
0.49232086539268494   0.49232086539268494   
0.4946344196796417   0.4946344196796417   
0.4928015470504761   0.4928015470504761   
0.4937243163585663   0.4937243163585663   

14:03:45: local_reinforcement_logger.timestep_report +41: INFO     
 Step 49   Fraction valid SMILES: 96.9   Score: 0.4467   Time elapsed: 69   Time left: 1.4
  Agent     Prior     Target     Score     SMILES
-23.51    -23.81     16.59      0.49      c1(C)cc(C)cc(C)c1S(=O)(NCC1CCCN2CCCCC12)=O
-31.58    -31.08      9.43      0.49      N1=C(N)OC2CC2C1(c1c(F)ccc(NC(=O)c2ncc(-c3cccs3)o2)c1)CF
-30.17    -29.93     10.23      0.49      N1(c2c(Cl)cccc2)CCN(CC(F)CCNC(=O)c2c3c(ccc2)cccc3)CC1
-55.19    -54.86    -14.59      0.49      CCc1cc2n(Cc3ccccc3OC)c(C(C)c3ccc(COC4CCCCC4C(OC)=O)c(OC)c3)nc2c(C)c1
-24.03    -25.09     15.31      0.49      c1(=O)[nH]c2c(c(Oc3cc(F)c(NC(=O)Nc4cc(Cl)c(Cl)cc4)cc3)ccn2)[nH]1
-19.32    -19.49     20.98      0.49      O=C(CN1CCOCC1)Nc1c(C(F)(F)F)cccc1
-29.31    -28.56     11.81      0.49      CN(C(=O)Oc1cc2c(c(C(NC)=O)c1)-c1ccccc1C2(C(F)(F)F)O)C
-19.31    -19.61     20.70      0.49      C1(Cc2ccc(SC)cc2)C(N)=NC(N)=NC1
-33.65    -33.31      7.35      0.50      c12c(OC)cccc1nc1c(c2)C(=O)c2c(cc(CN3CCOCC3)cc2)C1=O
-20.18    -20.13     20.27      0.49      CN(C)C(c1nnc(N(C)C)cc1)=O
Human-Component   raw_Human-Component
0.49272212386131287   0.49272212386131287   
0.4940871000289917   0.4940871000289917   
0.48979470133781433   0.48979470133781433   
0.49105900526046753   0.49105900526046753   
0.4927435517311096   0.4927435517311096   
0.4935738742351532   0.4935738742351532   
0.4923120141029358   0.4923120141029358   
0.4916723072528839   0.4916723072528839   
0.49576467275619507   0.49576467275619507   
0.4926098585128784   0.4926098585128784   

