15:18:12: local_reinforcement_logger.log_message +32: INFO     starting an RL run
15:18:13: local_reinforcement_logger.timestep_report +41: INFO     
 Step 0   Fraction valid SMILES: 100.0   Score: 0.5000   Time elapsed: 0   Time left: 0.0
  Agent     Prior     Target     Score     SMILES
-32.58    -32.58    -13.97      0.58      C1(c2nc3c(cnn3CC(F)(F)F)c(=NC(C)(C)C)[nH]2)CCS(=O)(=O)CC1
-35.43    -35.43    -12.93      0.70      C12CNCC(CN(C3c4c(cccc4)CC3O)C1)N2Cc1nc(C)ccc1
-38.20    -38.20    -26.53      0.36      C1n2c(c(C(N3CCOCC3)=O)[nH]c2=O)CN(C(=O)c2ccc3[nH]c(O)cc3c2)C1
-24.79    -24.79    -21.66      0.10      O=S(c1ccc(NC(CSc2n(Cc3ccco3)ccn2)=O)cc1)(N1CCOCC1)=O
-21.72    -21.72    -15.59      0.19      c1(C(=O)OCC(NC2CCCCC2)=O)c([N+]([O-])=O)cc(Cl)cc1
-23.47    -23.47     -2.76      0.65      c1cc([N+]([O-])=O)cc(-c2oc(C34CC5CC(CC(C5)C3)C4)nn2)c1
-26.43    -26.43     -3.51      0.72      C1(c2ccc(Cl)cc2)CCN(CCCCNC(=O)C=Cc2ccc(Cl)c(C(F)(F)F)c2)CC1
-31.57    -31.57    -12.17      0.61      c1(-c2nc(=Nc3cc4ncn(C5CCOCC5)c4cc3)[nH]cc2Cl)cn(CCOC)nc1
-27.28    -27.28     -9.52      0.55      c1(C(O)=O)cc(CC(=O)O)c(-c2cccc(C)c2)cc1
-31.83    -31.83    -12.28      0.61      O=C(NC1CC1)CN(C)C(c1nnn(-c2c(F)cccc2)c1)=O
Human-Component   raw_Human-Component
0.5817204117774963   0.5817204117774963   
0.7032257914543152   0.7032257914543152   
0.36451613903045654   0.36451613903045654   
0.09784946590662003   0.09784946590662003   
0.19139784574508667   0.19139784574508667   
0.647311806678772   0.647311806678772   
0.7161290049552917   0.7161290049552917   
0.6064516305923462   0.6064516305923462   
0.5548387169837952   0.5548387169837952   
0.6107527017593384   0.6107527017593384   

15:18:14: local_reinforcement_logger.timestep_report +41: INFO     
 Step 1   Fraction valid SMILES: 100.0   Score: 0.5000   Time elapsed: 2   Time left: 49.0
  Agent     Prior     Target     Score     SMILES
-33.71    -33.71    -27.55      0.19      n1c2c([nH]c3ccccc23)[n+](C)c2c3c([nH]c12)c(OC(=O)C)ccc3
-22.97    -22.97    -17.84      0.16      Cc1c(C)cccc1NC(CN(S(=O)(=O)C)Cc1ccccc1)=O
-29.87    -29.87     -6.72      0.72      C(c1nc2n(c(=O)c1)CCCN(CCC)C2)N(Cc1ccc(C#N)cc1)CC
-23.89    -23.90    -16.22      0.24      c1c(CNC(=O)C(c2ccc(NS(=O)(=O)C)c(F)c2)C)c(SC(C)(C)C)ccc1C(F)(F)F
-26.92    -26.91     -8.64      0.57      c1cc(OCCc2nc(-c3ccccc3)c(-c3ccccc3)o2)ncc1
-29.62    -29.62     -4.88      0.77      [nH]1nc(C2CN(Cc3ccc(C(C)(c4ccccc4)C)cc3)CC2)cc1
-23.29    -23.35     -1.50      0.68      C1(CN(CC)CC)NC(=O)C2N(CCC2)C1=O
-30.79    -30.80     -8.16      0.71      c1cc(N2CCN(C(C(NC(C3CCC(CN)CC3)=O)Cc3ccc(CC)cc3)=O)CC2)c(OC)cc1
-21.83    -21.89     -1.11      0.65      N1(CCCC)C2CCC1CC(O)(c1ccccc1)C2
-24.63    -24.63     -4.12      0.64      c1(C)nc(N(CCOC)CCOC)c2c(n1)sc(-c1ccccc1)c2
Human-Component   raw_Human-Component
0.19247311353683472   0.19247311353683472   
0.16021504998207092   0.16021504998207092   
0.7236559391021729   0.7236559391021729   
0.23978494107723236   0.23978494107723236   
0.5709677338600159   0.5709677338600159   
0.773118257522583   0.773118257522583   
0.6827957034111023   0.6827957034111023   
0.7075268626213074   0.7075268626213074   
0.6494623422622681   0.6494623422622681   
0.6408601999282837   0.6408601999282837   

15:18:15: local_reinforcement_logger.timestep_report +41: INFO     
 Step 2   Fraction valid SMILES: 100.0   Score: 0.5000   Time elapsed: 3   Time left: 48.0
  Agent     Prior     Target     Score     SMILES
-24.17    -24.21     -8.83      0.48      c1(SCCC(N=c2scc(-c3ccccc3)[nH]2)=O)nnnn1-c1ccccc1
-31.31    -31.26     -6.07      0.79      O(C)c1ccc(CN(CC2CC(CN(C)C)Cc3c2cccc3)C)c(OC)c1
-21.07    -21.03     -1.21      0.62      FC(F)(F)c1cc(-c2ccco2)nc(S(=O)(CCC)=O)n1
-21.82    -21.73      1.36      0.72      O(c1c(OC)cc(C=Cc2ccc(O)c(O)c2)cc1O)C
-30.38    -30.42    -10.22      0.63      OC1CC(C(N=c2sc(-c3ccncc3)n[nH]2)=O)N(C(OC(C)(C)C)=O)C1
-18.60    -18.60      2.11      0.65      Clc1cc(Cc2c(O)[nH]c(=O)s2)ccc1Cl
-22.46    -22.47     -2.55      0.62      c1ccc(OC)cc1NC(NC1CCN(CC(C)C)CC1)=O
-24.80    -24.72     -5.80      0.59      Oc1ccc(-c2c(=O)c3c(cc(OCC(O)CNC(C)(C)C)cc3)oc2)cc1OC
-25.19    -25.32    -13.87      0.36      [nH]1c(C(=O)N2CCCN(C3CCC3)CC2)cc2c(C)nn(-c3ccccc3)c12
-36.37    -36.34    -19.96      0.51      COC(c1c(-c2ccc(OCC)cc2)c2c(F)cc(OC)cc2cn1)=O
Human-Component   raw_Human-Component
0.48064514994621277   0.48064514994621277   
0.7870967984199524   0.7870967984199524   
0.6193548440933228   0.6193548440933228   
0.7215054035186768   0.7215054035186768   
0.6311827898025513   0.6311827898025513   
0.647311806678772   0.647311806678772   
0.6225806474685669   0.6225806474685669   
0.5913978219032288   0.5913978219032288   
0.3580645024776459   0.3580645024776459   
0.5118279457092285   0.5118279457092285   

15:18:17: local_reinforcement_logger.timestep_report +41: INFO     
 Step 3   Fraction valid SMILES: 93.8   Score: 0.4688   Time elapsed: 4   Time left: 47.0
  Agent     Prior     Target     Score     SMILES
-21.44    -21.40    -18.24      0.10      O(c1c(OC)cc(NC(=O)c2oc3c(cccc3)c(=O)c2)cc1)C
-23.69    -23.61    -13.52      0.32      c1c(OC)c(OC)c(OC)cc1C(N1C(=O)c2cccc(N)c2C1=O)C(=O)O
-30.90    -31.10    -11.20      0.62      C1C2CC3CC1(N1c4ccccc4CN(C(OCC)=O)C1)CC(C2)C3
-36.66    -36.73    -28.14      0.27      Cn1c2cc(C)c(C)cc2nc1C(CC)NS(=O)(=O)c1ccc(N2CCCC2)cc1
-29.58    -29.55    -24.31      0.16      FC(c1cccc(CSc2c3c(c(C(OCC)=O)s2)CCC3)c1)(F)F
-29.09    -29.15    -25.80      0.10      N(CC1CCCO1)C(=O)C(N(CCO)C(=O)c1csnn1)c1c(F)cccc1
-32.44    -32.56    -26.81      0.18      FC(F)(CNC(=O)Nc1cc(-c2n3c(cc(=NC(=O)NC4CCCCC4)[nH]3)ncc2)ccc1)F
-26.71    -26.84     -5.44      0.67      CN(CCCOc1c(OC)cc2c(c1)COc1c-2c(OC)c(OC)c(OC)c1)C
-27.39    -27.37     -4.55      0.71      C(CCNc1c2c(nc(N3CCOCC3)n1)cccc2)N1CCOCC1
-92.62    -92.92    -92.92      0.00      C1C2OC3(C)CC(C)C(O)C4(COC(COC)=O)C5CCC1(Cn6c(=O)c(-c6ccccc4)c(O)n5)C4C31CCN2C(CO)C=C4
Human-Component   raw_Human-Component
0.09852216392755508   0.09852216392755508   
0.31527093052864075   0.31527093052864075   
0.621921181678772   0.621921181678772   
0.26847290992736816   0.26847290992736816   
0.16379310190677643   0.16379310190677643   
0.10467980057001114   0.10467980057001114   
0.17980295419692993   0.17980295419692993   
0.6687192320823669   0.6687192320823669   
0.7130541801452637   0.7130541801452637   
0.0   0.0   

15:18:18: local_reinforcement_logger.timestep_report +41: INFO     
 Step 4   Fraction valid SMILES: 96.9   Score: 0.4844   Time elapsed: 6   Time left: 55.2
  Agent     Prior     Target     Score     SMILES
-37.67    -37.56    -15.24      0.70      c12[nH]c(=NCC3CCN(C(=O)CC(C)C)CC3)c(C)nc1[nH]c1ccc(F)cc21
-23.26    -23.40      0.95      0.76      C1(C(=C)C)OC1CCCCC
-33.53    -33.62    -29.13      0.14      C(OCc1ccccc1)(=O)NCC(=O)NCC(=O)NCC1CCc2c(c3ccccc3[nH]2)C1
-31.67    -31.61    -16.68      0.47      CS(=O)(=O)c1ccc(-c2cccc3[nH]c(=NC)[nH]c(=NC4CCNC4)c32)cc1
-16.32    -16.33      6.85      0.72      [nH]1c(=S)n(-c2ccccc2)c(-c2ccccc2)n1
-21.89    -21.99      1.22      0.73      C(C1CC1)C(NC(c1nc(OCC2CC2)c(C2CC2)nc1)=O)C#N
-19.63    -19.70      2.44      0.69      CC(C(=O)CCCCCCCCC)=O
-24.65    -24.70     -5.87      0.59      [nH]1c(=Nc2ccccc2OCC)[nH]c(=Nc2ccc(Cl)cc2)nc1N1CCOCC1
-39.66    -39.54    -39.54      0.00      COc1ccc2c(c1)Sc1ccccc1N2CCC[N+](CCCCCC(=O)n1c(=O)n(C)cc1O)(=O)=O
-25.85    -26.07     -5.40      0.65      N1(C(=O)Nc2ccccc2)CCC2(CN(CC3CCCC3)C2)CC1
Human-Component   raw_Human-Component
0.6977011561393738   0.6977011561393738   
0.7609195113182068   0.7609195113182068   
0.14022988080978394   0.14022988080978394   
0.46666666865348816   0.46666666865348816   
0.7241379022598267   0.7241379022598267   
0.7252873778343201   0.7252873778343201   
0.6919540166854858   0.6919540166854858   
0.588505744934082   0.588505744934082   
0.0   0.0   
0.6459770202636719   0.6459770202636719   

15:18:20: local_reinforcement_logger.timestep_report +41: INFO     
 Step 5   Fraction valid SMILES: 100.0   Score: 0.5000   Time elapsed: 7   Time left: 52.5
  Agent     Prior     Target     Score     SMILES
-25.20    -25.19     -7.81      0.54      O=S(Nc1ccc2nc(C)c(C)nc2c1)(c1sc(Cl)cc1)=O
-23.98    -23.93    -17.98      0.19      c1ccccc1-n1nc(C)c2c3nc(-c4ccccc4)nn3c(=N)[nH]c21
-33.37    -33.44    -18.99      0.45      Fc1c[nH]c(=O)c2cc(C3=CC(C)(C)OCC3)[nH]c(=O)c21
-35.97    -35.97    -14.15      0.68      n1n(C(c2ccco2)N2CCN(CCC)CC2)c(=O)c(Cc2ccccc2)cc1
-30.59    -30.45    -18.13      0.38      O(C1CCC2(C)C(CCC3C(C)(C)C(OC(=O)C)CCC23C)C1C(O)=O)C(=O)c1cnccc1
-30.13    -30.26    -26.23      0.13      C(=O)(CCC(C(=O)O)N(CC(C)C)S(c1ccc(C)cc1)(=O)=O)NCc1ccc(C(C)(C)C)cc1
-32.56    -32.50    -15.64      0.53      O=C(C1C(C(=O)N(CC(O)=O)C(C)C(O)=O)CSC1)O
-26.71    -26.85     -5.80      0.66      c1c(OC)c(CCCC(=O)N=C(C(=O)O)CC)ccc1
-28.83    -28.74    -18.25      0.33      C1CCCCC1N=c1c(=O)n(C2CCN(C3CCCCCCC3)CC2)c2c([nH]1)ccc(C(=O)N(C)C)c2
-34.38    -34.54    -14.03      0.64      CC1CN(c2cc(F)c(N(Cc3cnccc3)Cc3ccc(Cl)s3)cc2)C(=O)O1
Human-Component   raw_Human-Component
0.5430107712745667   0.5430107712745667   
0.18602150678634644   0.18602150678634644   
0.4516128897666931   0.4516128897666931   
0.6817204356193542   0.6817204356193542   
0.38494622707366943   0.38494622707366943   
0.12580645084381104   0.12580645084381104   
0.5268816947937012   0.5268816947937012   
0.6580645442008972   0.6580645442008972   
0.3279569745063782   0.3279569745063782   
0.6408601999282837   0.6408601999282837   

15:18:21: local_reinforcement_logger.timestep_report +41: INFO     
 Step 6   Fraction valid SMILES: 100.0   Score: 0.5000   Time elapsed: 9   Time left: 56.6
  Agent     Prior     Target     Score     SMILES
-31.19    -31.32     -8.54      0.71      Clc1c(F)cc(C2C(C(=O)OC)(C)CCCC2(C)C)cc1
-21.66    -21.66      2.04      0.74      c1nccc(-c2[nH]c(=NCc3cc(Cl)ccc3)c3ccccc3n2)c1
-28.18    -27.90    -18.82      0.28      c1cccc(-n2nnc(CN(c3sc(C(NCCN(CC)CC)=O)c(C)n3)C)c2)c1
-28.09    -28.04    -13.07      0.47      S(CC(N(c1scc(-c2ccc(F)cc2)n1)CCC)=O)c1nc(C)cc(C)n1
-32.33    -32.18     -8.99      0.72      c1ccc(Cl)cc1-c1cc(C#C)cn2[nH]c(=NC(=O)NCC)nc12
-31.07    -31.19    -10.03      0.66      C1(C(=O)N)C(=NC(C)=O)CC(C(=O)OC)C=N1
-22.17    -22.04     -1.60      0.64      c1cccc(C(n2nc(C(C)=O)c3c2cccc3)=O)c1
-20.36    -20.47     -3.95      0.52      c1ccc(OC)cc1C(NCC(N1CCCCC1)c1ccc(OC)cc1)=O
-27.04    -27.22     -7.85      0.61      CC(C)C(NCc1ccc(C(C)(C)C)cc1)C(O)(C)C
-28.68    -28.52    -10.21      0.57      c1cccc(Cl)c1C1(O)C2C(CCCC2)C(=O)N1
Human-Component   raw_Human-Component
0.7118279337882996   0.7118279337882996   
0.7408602237701416   0.7408602237701416   
0.28387096524238586   0.28387096524238586   
0.4677419364452362   0.4677419364452362   
0.7247312068939209   0.7247312068939209   
0.6612903475761414   0.6612903475761414   
0.6387096643447876   0.6387096643447876   
0.5161290168762207   0.5161290168762207   
0.6053763628005981   0.6053763628005981   
0.5720430016517639   0.5720430016517639   

15:18:22: local_reinforcement_logger.timestep_report +41: INFO     
 Step 7   Fraction valid SMILES: 96.9   Score: 0.4844   Time elapsed: 10   Time left: 53.8
  Agent     Prior     Target     Score     SMILES
-37.82    -37.95    -28.28      0.30      o1c(C)cc(C2OC(C)CN(C(C)(C)C(OCC)=O)C2)n1
-27.00    -27.12     -4.50      0.71      FC(F)(F)CCN(N=O)CC(F)(F)F
-63.83    -64.37    -64.37      0.00      O1C2CN3CCC4(C5CC6C(OC(c8cc(OC)c(OC)cc7)=O)C(C5)C4(CC(=O)O6)OC23)C1
-26.74    -26.77    -10.88      0.50      c1c(-c2ccc(CNc3ccc(-c4ccc(OCC(O)=O)cc4)cc3)cc2)ccc(Cl)c1
-27.19    -27.41     -6.30      0.66      CN(C(=O)C1CCCN1C(=O)OCc1ccc(-c2cccc(C(F)(F)F)c2)cc1)C
-30.29    -30.27    -20.15      0.32      C(c1cn(-c2cccc(C(=O)NCc3cccs3)c2)nn1)Oc1cccc(OC)c1
-33.39    -33.48    -28.48      0.16      c1([N+]([O-])=O)cn(CC)c2cc(NC(=O)CCC(=O)N3CCOCC3)ccc12
-42.56    -42.27    -29.14      0.41      c1(=O)cc(NC(c2ccc(-n3nccc3)cc2)=O)c(-c2c(OC)nccc2)cn1C
-20.57    -20.47     -1.60      0.59      c1c(Cc2c(=O)[nH]c(=N)[nH]c2N)ccc(N)c1
-22.23    -22.48     -2.76      0.62      N(C1CCC1)C(n1cncc1)=O
Human-Component   raw_Human-Component
0.3022988438606262   0.3022988438606262   
0.7068965435028076   0.7068965435028076   
0.0   0.0   
0.4965517222881317   0.4965517222881317   
0.659770131111145   0.659770131111145   
0.31609195470809937   0.31609195470809937   
0.15632183849811554   0.15632183849811554   
0.41034483909606934   0.41034483909606934   
0.5896551609039307   0.5896551609039307   
0.6160919666290283   0.6160919666290283   

15:18:23: local_reinforcement_logger.timestep_report +41: INFO     
 Step 8   Fraction valid SMILES: 96.9   Score: 0.4844   Time elapsed: 11   Time left: 51.3
  Agent     Prior     Target     Score     SMILES
-28.00    -27.64    -23.19      0.14      c1(CN(C)S(=O)(=O)c2ccc(C(N3C(CC)CCCC3)=O)cc2)ccco1
-23.97    -23.98     -1.43      0.70      C(c1ccncc1)(CC)c1ccc(O)cc1
-23.89    -23.82     -1.79      0.69      c12c(ccc(C(O)=NO)c1)n(C1CCN(Cc3ccccc3)CC1)c(=O)[nH]2
-28.62    -28.57    -17.24      0.35      C(COc1ccccc1)NC(Cn1c2c(c(=O)n(-c3ccccc3)c1=O)c1c(s2)CCC1)=O
-31.11    -31.38    -21.12      0.32      C1c2c([nH]c3c(c2=O)CC(C)(C)OC3)C(=O)CC1c1ccccc1
-31.23    -31.25    -20.07      0.35      c1c(CNS(N(C2CCCCC2)CC)(=O)=O)c(Cl)ncc1
-29.99    -29.98     -7.76      0.69      n1c2sc(-c3ccncc3)nc2c[nH]c1=NCc1cccc(Cl)c1
-20.56    -20.66     -3.67      0.53      c1cc2c(cc1C=CC(=O)CC(=O)C)OCO2
-30.56    -30.28    -15.09      0.47      n1c2c(cccn2)c(=O)n(C(C)c2ccc(S(=O)(N)=O)cc2)c1
-43.18    -42.97    -34.73      0.26      C(C1CCCN1CC)(=O)Nc1cc(S(Nc2c(S(=O)(C)=O)cc(Cl)cc2Cl)(=O)=O)c(C)cc1
Human-Component   raw_Human-Component
0.1390804648399353   0.1390804648399353   
0.7045977115631104   0.7045977115631104   
0.6885057687759399   0.6885057687759399   
0.3540229797363281   0.3540229797363281   
0.3206896483898163   0.3206896483898163   
0.3494252860546112   0.3494252860546112   
0.6942528486251831   0.6942528486251831   
0.5310344696044922   0.5310344696044922   
0.47471264004707336   0.47471264004707336   
0.2574712634086609   0.2574712634086609   

15:18:24: local_reinforcement_logger.timestep_report +41: INFO     
 Step 9   Fraction valid SMILES: 100.0   Score: 0.5000   Time elapsed: 12   Time left: 49.2
  Agent     Prior     Target     Score     SMILES
-26.63    -26.72    -20.77      0.19      O=C(NC1CN(Cc2ccc3c(c2)OCO3)CCC1)c1sc2c(c(C)nn2C2CCCCC2)c1
-28.41    -28.82     -3.91      0.78      c1cccc2c1CCC(C1CCN(CCC3(c4cc(Cl)c(Cl)cc4)CCN(C(c4c(OC)cccc4OC)=O)C3)CC1)O2
-24.42    -24.23     -0.35      0.75      c1c(SC)c(OCCn2c(=S)[nH]c3c2nccc3)ccc1
-23.66    -23.59    -18.43      0.16      N(C(=O)c1sccc1)c1ccc(NC(c2ccc3c(c2)OCCO3)=O)cc1
-30.71    -30.68     -7.90      0.71      O=C1N(c2cc(Cl)ncc2)Cc2c[nH]c(=Nc3c(OC)cc(C(NC4CCN(C)CC4)=O)cc3)nc2N1C1CCN(C(=O)C)CC1
-24.41    -24.51    -12.43      0.38      O(C)c1c(OC)c(OC)cc(C(c2ccc(OC)c(CC(=O)O)c2)=O)c1
-22.74    -22.91     -0.24      0.71      c1(F)ccc(OC2CCN(c3nnc(-c4nnn(CC(O)=O)n4)cc3)CC2)cc1
-31.19    -31.12    -16.77      0.45      c1(=NC(=O)OCC)[nH]c2ccccc2c2c[nH]c(=O)n12
-33.56    -33.86    -22.88      0.34      N1C(=O)CN(Cc2cc(C)n[nH]2)CC12OCCN(C(C)=O)C2
-38.36    -37.56    -15.71      0.68      c1(Cc2c(C(O)=O)n(Cc3cccc(-c4ccccc4)c3)c3ccncc23)cccc(-c2cn(C)nc2)c1
Human-Component   raw_Human-Component
0.18602150678634644   0.18602150678634644   
0.7784945964813232   0.7784945964813232   
0.7462365627288818   0.7462365627288818   
0.16129031777381897   0.16129031777381897   
0.7118279337882996   0.7118279337882996   
0.3774193525314331   0.3774193525314331   
0.7086021304130554   0.7086021304130554   
0.448387086391449   0.448387086391449   
0.3430107533931732   0.3430107533931732   
0.6827957034111023   0.6827957034111023   

15:18:26: local_reinforcement_logger.log_message +32: INFO     Resetting Agent
15:18:26: local_reinforcement_logger.log_message +32: INFO     Adjusting sigma to: 82
15:18:26: local_reinforcement_logger.timestep_report +41: INFO     
 Step 10   Fraction valid SMILES: 100.0   Score: 0.5000   Time elapsed: 13   Time left: 47.3
  Agent     Prior     Target     Score     SMILES
-19.04    -19.34      3.33      0.71      c12c([nH]c3c(c1=O)CCC3)CCCC2
-28.96    -28.86    -22.67      0.19      C(C)(c1ccc(OCC(Nc2cc(C(NCC=C)=O)ccc2)=O)cc1)C
-26.77    -26.96     -5.15      0.68      N1(Cc2cnc(C)s2)C2COCC2C(COCC)C1
-21.23    -21.47     -0.69      0.65      c1cccc(COC2CNC2)c1Cl
-36.09    -36.21    -17.39      0.59      C(=O)(NC1CC2N(C)C(CCC2)C1)CCC(CC)c1ccc(C(F)(F)F)cc1
-30.82    -30.68    -24.52      0.19      c1(C2OCCNC2)ccc(NC(=O)c2ccc(Cl)c(S(Nc3c(OC)ccc(OC)c3)(=O)=O)c2)cc1
-18.52    -18.47      1.35      0.62      c1(OC)cc(CC(=O)C)ccc1OC
-31.19    -31.06    -22.87      0.26      NCc1ccc(CNC(=O)C2CC(S(c3ccccc3)(=O)=O)CN2C(Nc2cn(C(=O)N)c3c2cccc3)=O)cc1
-22.92    -22.96    -14.36      0.27      C1C(CNC(=O)Cc2ccccc2)N(CC)C(=O)O1
-30.77    -30.73     -9.88      0.65      c1c(-c2ccc(N(C(Cc3ccc(OS(=O)(N)=O)c(O)c3)=O)Cc3ccccc3)cc2)cccc1
Human-Component   raw_Human-Component
0.7086021304130554   0.7086021304130554   
0.19354838132858276   0.19354838132858276   
0.6817204356193542   0.6817204356193542   
0.6494623422622681   0.6494623422622681   
0.5881720185279846   0.5881720185279846   
0.19247311353683472   0.19247311353683472   
0.6193548440933228   0.6193548440933228   
0.25591397285461426   0.25591397285461426   
0.2688172161579132   0.2688172161579132   
0.6516128778457642   0.6516128778457642   

15:18:27: local_reinforcement_logger.timestep_report +41: INFO     
 Step 11   Fraction valid SMILES: 100.0   Score: 0.5000   Time elapsed: 15   Time left: 48.8
  Agent     Prior     Target     Score     SMILES
-35.41    -35.41     22.96      0.71      c1(OC)cc(-c2ccc3c(c2)c(=O)n(O)c2ccc(C(O)=NO)cc23)ccc1
-25.93    -25.93     27.85      0.66      c12cc(C)c(Cl)c(Cl)c1OC(C)(C)C(O)C2n1ccnc1
-19.06    -19.06     25.20      0.54      C(c1ccc(Nc2cc(=O)[nH]c(=O)[nH]2)cc1)(=O)O
-25.31    -25.31     21.50      0.57      O=C(N)Nc1cc(NC(=O)Nc2ccc(Oc3cc[nH]c(=NC(C4CC4)=O)c3)c(F)c2)cc(C(F)(F)F)c1
-27.32    -27.32     13.33      0.50      n1c(C(=O)NCCc2ccc(OCC)cc2)cc(-c2cccs2)nc1-c1ccccc1
-40.04    -40.04    -17.65      0.27      C(O)(=O)CCC(Nc1c2c(ccc1OC)[nH]c(-c1ccc(C=CC(OCC)=O)cc1)n2)=O
-32.51    -32.51     -5.09      0.33      c1(C(NCc2occc2)=O)ccc(NC(N2c3cc4c(cc3CC2(C)C)cccc4)=O)cc1
-23.71    -23.71     32.19      0.68      C1N(c2cccc(C)c2C)CCN(c2nnc(SCc3ccccc3)s2)C1
-23.70    -23.70     17.12      0.50      Cc1cc(=Cc2sc(=Nc3ccc(OC)cc3)[nH]c2O)c(=C)n1-c1cccc(Cl)c1Cl
-25.04    -25.04     11.03      0.44      c1nccc(-c2nc(CCOc3ccc(CC(C(O)=O)C(=NOC)C)cc3)c(C)o2)c1
Human-Component   raw_Human-Component
0.7118279337882996   0.7118279337882996   
0.6559139490127563   0.6559139490127563   
0.5397849678993225   0.5397849678993225   
0.5709677338600159   0.5709677338600159   
0.4956989288330078   0.4956989288330078   
0.2731182873249054   0.2731182873249054   
0.33440861105918884   0.33440861105918884   
0.6817204356193542   0.6817204356193542   
0.4978494644165039   0.4978494644165039   
0.4397849440574646   0.4397849440574646   

15:18:28: local_reinforcement_logger.timestep_report +41: INFO     
 Step 12   Fraction valid SMILES: 100.0   Score: 0.5000   Time elapsed: 16   Time left: 46.8
  Agent     Prior     Target     Score     SMILES
-26.60    -26.59     -1.99      0.30      c1c(CC(C)=O)ccc(NS(c2cc3c(cc2)cccc3)(=O)=O)c1
-26.85    -26.87     20.75      0.58      c1cc(-c2nnn(-c3ccc(C)cc3)c2)sc1-c1ccc(N(C)C)cc1
-24.68    -24.69     -3.36      0.26      c1c(C)c(CN2CC3(CCC2)CCN(C(=O)c2ccco2)CC3)ccc1
-38.01    -37.95     -0.65      0.45      c1c(C(C(NC(C(CN(CC(C)C)S(c2ccc(N)cc2)(=O)=O)O)Cc2ccc(O)cc2)=O)C)ccc(CN(C)C)c1
-28.36    -28.41     -6.28      0.27      c1cc(OC(=O)N=c2cc[nH]c(=O)[nH]2)cc(C)c1
-31.91    -31.89     15.63      0.58      COc1c(O)c2c(nc3c(N)cccc3n2)c(C)c1O
-21.43    -21.45     -5.05      0.20      C(=O)(Nc1ccccc1)Nc1ccc(-c2csc3nc[nH]c(=N)c23)cc1
-24.74    -24.71    -10.95      0.17      Cc1ccc(C2C(C(=O)Nc3ccc(N(CC)CC)cc3)C(C)=NC(=S)N2)cc1
-30.30    -30.22    -21.50      0.11      c1cc(Br)c(C(NCC2COc3c(cccc3)O2)=O)cc1S(Nc1ccc(C)cc1)(=O)=O
-23.11    -23.18      6.80      0.37      c1c2c(ccc1)N(C(=O)c1cccnc1SC)C(=O)C2=O
Human-Component   raw_Human-Component
0.30000001192092896   0.30000001192092896   
0.5806451439857483   0.5806451439857483   
0.26021504402160645   0.26021504402160645   
0.45483872294425964   0.45483872294425964   
0.26989248394966125   0.26989248394966125   
0.5795698761940002   0.5795698761940002   
0.20000000298023224   0.20000000298023224   
0.16774193942546844   0.16774193942546844   
0.106451615691185   0.106451615691185   
0.3655914068222046   0.3655914068222046   

15:18:30: local_reinforcement_logger.timestep_report +41: INFO     
 Step 13   Fraction valid SMILES: 100.0   Score: 0.5000   Time elapsed: 18   Time left: 47.6
  Agent     Prior     Target     Score     SMILES
-33.47    -33.64     -8.51      0.31      C(OC)(=O)c1[nH]c2c(ccc(C(F)(F)F)c2)c1S(=O)(=O)N=c1o[nH]c(C)c1Cl
-22.78    -22.84     25.04      0.58      O1C(C)CN(C(=O)c2c3ccccc3[nH]c2)CC1C
-34.61    -34.67      2.37      0.45      c1(C)cc(C=O)c2c(c1OC(C)C)C(=O)CC(c1cc(O)c(OC)cc1)O2
-46.64    -46.70      0.11      0.57      C1C(C)=C(CCC(=CCC(CC(OC)=O)c2ccc(O)cc2)CC(O)=O)C(C)(C)C(O)C1
-33.54    -33.60    -13.41      0.25      c1c(Nc2[nH]c3cccc(OC(C)C)c3c(=O)n2)cc2cccnc2c1
-25.67    -25.60     31.45      0.70      c12[nH]c(=O)n(CCN3CC4CCc5c(cc(OC)c(OC)c5)C4CC3=O)c1ccnc2
-19.66    -19.65     12.71      0.39      O(c1ccc(OC)cc1)Cc1oc(N2CCOCC2)c(C#N)n1
-20.64    -20.58     20.94      0.51      O1COc2cc(N=c3nc(-c4ncccc4)cc[nH]3)ccc21
-39.07    -38.89      1.58      0.49      CCCNC(CCCN)C(=O)NC(C(=O)N1CCC(CC(=O)O)CC1)C(C)CC
-27.72    -27.70     26.79      0.66      C1C(C)C=CCC1Oc1nc(=NC)[nH]cc1
Human-Component   raw_Human-Component
0.30645161867141724   0.30645161867141724   
0.5838709473609924   0.5838709473609924   
0.4516128897666931   0.4516128897666931   
0.5709677338600159   0.5709677338600159   
0.24623656272888184   0.24623656272888184   
0.6956989169120789   0.6956989169120789   
0.39462366700172424   0.39462366700172424   
0.5064516067504883   0.5064516067504883   
0.4935483932495117   0.4935483932495117   
0.6645161509513855   0.6645161509513855   

15:18:31: local_reinforcement_logger.timestep_report +41: INFO     
 Step 14   Fraction valid SMILES: 96.9   Score: 0.4844   Time elapsed: 19   Time left: 45.6
  Agent     Prior     Target     Score     SMILES
-19.17    -19.15     41.73      0.74      c1ccc(CN(Cc2coc(-c3cccc(F)c3)n2)C)cc1
-40.43    -40.39     16.73      0.70      CC(C)(C)OC(NCC(N1CCN(C(CN)=O)CC(NC(=O)c2sc3ccccc3c2)C1)=O)=O
-22.86    -22.83     29.38      0.64      c1c(O)c(C2CC(C)=NN2C(=O)CN2CCC(C)CC2)ccc1
-22.51    -22.48      3.07      0.31      n1(-c2ccc(S(N)(=O)=O)cc2)nc(-c2ccccc2)cc1-c1ccc(F)cc1
-27.54    -27.63     24.77      0.64      C12=C(C(=O)CC(C)(C)C1)C(c1ccc(Cl)cc1)C1=C(CC(C)(C)CC1=O)N2NC(c1ccccc1Br)=O
-45.94    -45.94     -0.98      0.55      C(C)CCC1Nc2c(cc(S(CCc3ccc4c(c3)OCO4)(=O)=O)c(C(F)(F)F)c2)NC1=O
-28.74    -28.89     -9.95      0.23      c1(-c2ccc(Cn3cncc3CNc3cccc(-c4ccccc4)c3)cc2)ccc(C(=O)OCC)cc1C
-21.48    -21.44      0.99      0.27      c1(C(F)(F)F)ccccc1C=CC(=O)c1occc1
-32.50    -32.32     11.03      0.53      NC(=CC)c1c(=O)n(CCC)c(=O)n(CCCC)c1O
-32.90    -32.87     16.15      0.60      C(NCC(c1ccco1)N(C)C)(=O)c1c(COC(F)F)cccc1
Human-Component   raw_Human-Component
0.7425287365913391   0.7425287365913391   
0.6965517401695251   0.6965517401695251   
0.636781632900238   0.636781632900238   
0.31149426102638245   0.31149426102638245   
0.6390804648399353   0.6390804648399353   
0.548275887966156   0.548275887966156   
0.23103448748588562   0.23103448748588562   
0.2735632061958313   0.2735632061958313   
0.5287356376647949   0.5287356376647949   
0.5977011322975159   0.5977011322975159   

15:18:32: local_reinforcement_logger.timestep_report +41: INFO     
 Step 15   Fraction valid SMILES: 96.9   Score: 0.4844   Time elapsed: 20   Time left: 43.8
  Agent     Prior     Target     Score     SMILES
-20.95    -21.04    -11.99      0.11      c1cccc(-c2nc(SCC(Nc3cc(C)cc(C)c3)=O)c(C#N)cc2)c1
-16.95    -16.92     43.40      0.74      O=C1C(=C)C2CCC1C2
-23.95    -23.89     31.91      0.68      c1cc2c(c(S(=O)(=O)N3CCC(C(NCCN4CCOCC4)=O)CC3)ccc2)nc1
-33.42    -33.73      6.99      0.50      C(COC)N(c1[nH]c(=NCc2ccc(NC(c3ccc(C(F)(F)F)cc3)=O)cc2)ccc1)C(=O)C
-26.37    -26.31     16.01      0.52      c12c([nH]c3c1cccc3)C(CC(=O)OC)N(C(c1occc1)=O)CC2
-31.70    -31.87     -7.27      0.30      c1ccccc1S(n1c2ccccc2c(C2=NN(C(C)=O)C(c3cccc(Cl)c3Cl)C2)c1)(=O)=O
-56.73    -56.75    -56.75      0.00      c1(O)c2c(O)ccc(=O)c2c2c3c1c1c(c(=O)c3c(O)c3c(O)cc(O)cc13)cc(C=O)c(=O)=C2
-30.09    -29.89     21.95      0.63      c1cc(NS(=O)(=O)c2cc3c(cc2)-c2c(cccc2)C3O)cc[n+]1[O-]
-28.42    -28.51     20.59      0.60      c1cc(CNC(=S)NCCCN(S(c2ccc(Cl)cc2)(=O)=O)C)ccc1OC
-23.88    -23.78      1.85      0.31      [O-][N+](c1cc([N+]([O-])=O)c(S(n2cnc3ccccc23)(=O)=O)cc1)=O
Human-Component   raw_Human-Component
0.11034482717514038   0.11034482717514038   
0.7356321811676025   0.7356321811676025   
0.6804597973823547   0.6804597973823547   
0.4965517222881317   0.4965517222881317   
0.5160919427871704   0.5160919427871704   
0.30000001192092896   0.30000001192092896   
0.0   0.0   
0.6321839094161987   0.6321839094161987   
0.5988505482673645   0.5988505482673645   
0.3126436769962311   0.3126436769962311   

15:18:33: local_reinforcement_logger.timestep_report +41: INFO     
 Step 16   Fraction valid SMILES: 96.9   Score: 0.4844   Time elapsed: 21   Time left: 42.0
  Agent     Prior     Target     Score     SMILES
-33.03    -32.88    -11.86      0.26      c1cc(O)ccc1C=CC(OC(C(O)=O)C(C(=O)NC(c1ccccc1)c1ccccc1)C(O)=O)=O
-38.47    -38.53    -38.53      0.00      C12C(C(O)=O)(CCc3c1cccc3C(C)C)CCC1(C)C2(C)CCC2(C)c3c(c(=C)c(O)c(O)c3)C=CC21
-20.96    -20.97     39.73      0.74      c1(C=NNC(c2oc3ccccc3c2)=O)c(O)cccc1
-21.38    -21.32     37.59      0.72      c1(C)c(N=Cc2c[nH]c3ccccc32)cccc1
-33.11    -33.37      8.76      0.51      c1cc(OC)ccc1C(=O)NC(CC(=O)O)c1ccc(-c2cccc(F)c2C(NC)=O)cc1
-24.68    -24.61     30.62      0.67      O(C)c1cc2c(cc1OC)CCN(C(=O)CC(C)C)C2c1ccc(OC)cc1
-25.09    -25.50     26.52      0.63      FC(c1ccc(C2=NN(c3ccc(C4=NNC(=O)CC4)cc3)C(=O)C3C2CC=CC3)cc1)(F)F
-22.14    -22.24     27.15      0.60      O(C)C(C1N(C(N2CCOCC2)=O)CCC1)=O
-21.47    -21.44     24.93      0.57      C(=O)(c1ccc(NC(N2Cc3c(cccc3)C2)=O)cc1)NC(CO)C(C)C
-26.98    -27.05     13.01      0.49      FC(c1cc(NC=NNC(=O)c2ccncc2)ccc1OC)(F)F
Human-Component   raw_Human-Component
0.25632184743881226   0.25632184743881226   
0.0   0.0   
0.7402299046516418   0.7402299046516418   
0.7183908224105835   0.7183908224105835   
0.5137931108474731   0.5137931108474731   
0.6735632419586182   0.6735632419586182   
0.634482741355896   0.634482741355896   
0.6022988557815552   0.6022988557815552   
0.565517246723175   0.565517246723175   
0.4885057508945465   0.4885057508945465   

15:18:35: local_reinforcement_logger.timestep_report +41: INFO     
 Step 17   Fraction valid SMILES: 100.0   Score: 0.5000   Time elapsed: 22   Time left: 40.3
  Agent     Prior     Target     Score     SMILES
-31.15    -31.86     22.90      0.67      N(S(c1ccc(-c2ccc(CNC3CCN(C)CC3)cc2)cc1-c1ccccc1Cl)(=O)=O)=c1scc[nH]1
-15.15    -15.19     40.54      0.68      c1c(OC)cccn1
-22.63    -22.56     29.28      0.63      C1N(C(=O)c2ccc(F)cc2)CC2CNCC(C2)O1
-38.18    -38.19     10.65      0.60      C(NC1CC1)(=O)c1ccc(C(c2ccccc2)=CCNC(c2cn3c(ncc3)cc2)=O)cc1
-29.58    -29.58      1.11      0.37      N#CC1(c2ccccc2Cl)CCN(C(=O)c2cc(=NC)nc[nH]2)CC1
-40.62    -40.61    -20.07      0.25      c1cc(CNCc2c(C)n(CCCC(=O)Nc3ccc(OC(F)(F)F)cc3)c(=O)c3cc(OC)c(OC)cc32)ccc1OC
-23.74    -23.64     -5.75      0.22      C1CC(C(=O)NCC2CCCO2)CCN1C(c1sccc1)=O
-25.73    -25.59     15.14      0.50      c1cccc(-c2ccc(CN3S(=O)(=O)N(CC)N(CC)C3=S)cc2)c1
-26.88    -26.98     21.77      0.59      C1C2(C)C(C)(C)C(C1)CC(NCC(c1ccccc1)O)(C)C2
-28.34    -28.35     16.18      0.54      C(CC)CNC(=O)c1c(=O)c2cc(CCC(O)=O)ccc2[nH]c1O
Human-Component   raw_Human-Component
0.6677419543266296   0.6677419543266296   
0.6795699000358582   0.6795699000358582   
0.6322580575942993   0.6322580575942993   
0.5956989526748657   0.5956989526748657   
0.37419354915618896   0.37419354915618896   
0.250537633895874   0.250537633895874   
0.21827957034111023   0.21827957034111023   
0.49677419662475586   0.49677419662475586   
0.5946236848831177   0.5946236848831177   
0.5430107712745667   0.5430107712745667   

15:18:36: local_reinforcement_logger.timestep_report +41: INFO     
 Step 18   Fraction valid SMILES: 100.0   Score: 0.5000   Time elapsed: 24   Time left: 40.4
  Agent     Prior     Target     Score     SMILES
-28.78    -28.83     34.30      0.77      N1=c2c(cc(OC)c(OC)c2)=C2C(N1)C=Cc1ccccc12
-31.23    -31.14     29.79      0.74      C1CCCN1C12C3N(CC1CCCC3)c1cc(OC)ccc1C2
-24.96    -24.94     32.72      0.70      c1c2c(ccc1C#Cc1ccccc1)C1OCCN(CC3CC3)C1CC2
-37.35    -37.43     19.18      0.69      c1cc(F)ccc1-c1c2c(c3c4c(cccc4)[nH]c3[nH]2)n(CCOCC)c1
-23.40    -23.40     27.56      0.62      c1cc(N2CCN(C)CC2)c(NC(c2ccc(-c3cc(Cl)ccc3)o2)=O)cc1
-32.43    -32.27     -7.14      0.31      c1(C(OC)=O)c(NC(=O)c2ccc(F)cc2)n(C)c2c1nc1ccccn2c1=O
-37.51    -37.35     14.23      0.63      C(N(Cc1ccc(C(F)(F)F)cc1)C(=O)CC=C(Cl)CCCCCC(=O)O)CCC
-22.60    -22.55     24.71      0.58      c1(-c2c3c(=N)[nH]cnc3n(C3CN(C(CC#N)=O)CCC3)n2)ccc(Oc2ccccc2)cc1
-22.88    -22.86      7.47      0.37      c1c(C)cc(C)cc1NC(CSc1c(C(=O)O)cccc1)=O
-32.14    -32.17     19.68      0.63      O(c1ccc(-c2cnc(N3CCCC4(CCN(C(=O)c5cc(C(F)(F)F)cc(C(F)(F)F)c5)CC4)C3)nc2)cc1)C
Human-Component   raw_Human-Component
0.7698924541473389   0.7698924541473389   
0.7430107593536377   0.7430107593536377   
0.7032257914543152   0.7032257914543152   
0.6903225779533386   0.6903225779533386   
0.6215053796768188   0.6215053796768188   
0.30645161867141724   0.30645161867141724   
0.6290322542190552   0.6290322542190552   
0.5763440728187561   0.5763440728187561   
0.3698924779891968   0.3698924779891968   
0.6322580575942993   0.6322580575942993   

15:18:37: local_reinforcement_logger.timestep_report +41: INFO     
 Step 19   Fraction valid SMILES: 100.0   Score: 0.5000   Time elapsed: 25   Time left: 38.8
  Agent     Prior     Target     Score     SMILES
-18.34    -18.26     42.22      0.74      c12ccccc1OCC(=O)N(C)C2
-42.61    -42.72     12.30      0.67      O(CCN1C23C(CCC1(C)C2)C1=CCC2CC(O)CCC2(C)C1CC3)C(=O)C(C)C
-28.34    -28.43      5.60      0.42      C1CCC23CCC4C(C)(C(OCc5ccccc5)=O)CCCC4(C)C2C1C(C)C3=O
-28.02    -27.95      0.09      0.34      N(C(=O)Cc1ccc(OC)cc1)=c1cc(C(c2ccccc2)O)[nH]c(=N)[nH]1
-25.73    -25.90     27.80      0.65      c1c(C2=Nn3c(nnc3C)c3ccccc3N2)cc(Cl)c(Cl)c1
-48.60    -48.27     -9.74      0.47      COC(c1ccc(C2CC=[N+]3CC(C(c4cccs4)=O)OC3CC2)cc1)=O
-23.66    -23.73     12.16      0.44      c1cc(Cl)cc(Cl)c1C(Nc1ccc(S(=O)(NCC)=O)cc1)=O
-25.04    -25.05     24.33      0.60      c1cc(Cl)ccc1S(=O)(N(CC(N=c1[nH]nc(C(F)(F)F)s1)=O)C)=O
-32.33    -32.50      4.53      0.45      c12c(cccc1NC(C1(CN)CCCCC1)=O)[nH]cc2Cl
-33.48    -33.34     -9.71      0.29      C(N)(Nc1cc(C(=O)NC(C(CSCc2ccccc2)=O)CC(=O)O)cc(C(O)=O)c1)=O
Human-Component   raw_Human-Component
0.7376344203948975   0.7376344203948975   
0.6709677577018738   0.6709677577018738   
0.41505375504493713   0.41505375504493713   
0.34193548560142517   0.34193548560142517   
0.6548386812210083   0.6548386812210083   
0.4698924720287323   0.4698924720287323   
0.4376344084739685   0.4376344084739685   
0.602150559425354   0.602150559425354   
0.4516128897666931   0.4516128897666931   
0.28817203640937805   0.28817203640937805   

15:18:38: local_reinforcement_logger.timestep_report +41: INFO     
 Step 20   Fraction valid SMILES: 96.9   Score: 0.4844   Time elapsed: 26   Time left: 37.1
  Agent     Prior     Target     Score     SMILES
-29.27    -29.16    -29.16      0.00      Clc1c(NS(c2cc(C(=O)N3CCCC3)ccc2F)(=O)=O)c(C)cc(C)c1
-21.62    -21.64     20.68      0.52      c1(C(=O)O)ccc(C(=O)Nc2ccc(C(=O)O)cc2)cc1
-38.57    -38.31    -10.89      0.33      c1(N(C2CCOCC2)C(c2ccccc2OCC)=O)sc2c(n1)-c1ccccc1C(=O)C2=O
-25.12    -25.16     -6.12      0.23      c1(C(=O)Nc2cc(C(F)(F)F)ccc2N2CCOCC2)csc2c(=N)[nH]cnc12
-29.14    -29.05     -8.97      0.24      c1c(C)c(C)ccc1NC(NC(=O)c1c[nH]c(=O)c(Cl)c1)=S
-52.31    -52.55    -11.08      0.51      C(=C)CC1(C(=O)Oc2ccccc2)C(CC(C)(C)CC)CN(C(=O)CCC=C)C1
-35.95    -36.34     22.19      0.71      c1ccc(CCC(Cc2ccc(O)c(CC=C(C)C)c2OCO)O)cc1
-27.51    -27.43     -8.29      0.23      O(C)c1cc(C(=O)NC(=S)Nc2ccc(C(O)=O)cc2)c(OC)cc1OC
-26.98    -26.99     18.35      0.55      c1occ(C(N2CCC3(CC2)CN(c2nccc(C)n2)CCC3)=O)c1
-27.13    -27.23     34.41      0.75      C1(F)(F)CC(N)CN(c2c(NC(=O)c3nc(-c4c(F)cccc4)ccc3N)cncc2)C1
Human-Component   raw_Human-Component
0.0   0.0   
0.5160919427871704   0.5160919427871704   
0.33448275923728943   0.33448275923728943   
0.23218390345573425   0.23218390345573425   
0.24482758343219757   0.24482758343219757   
0.5057471394538879   0.5057471394538879   
0.7137930989265442   0.7137930989265442   
0.23333333432674408   0.23333333432674408   
0.5528735518455505   0.5528735518455505   
0.751724123954773   0.751724123954773   

15:18:40: local_reinforcement_logger.timestep_report +41: INFO     
 Step 21   Fraction valid SMILES: 100.0   Score: 0.5000   Time elapsed: 27   Time left: 35.6
  Agent     Prior     Target     Score     SMILES
-26.70    -26.83      7.03      0.41      C(Oc1c2[nH]c3c(cccc3)c2cc(C(O)=O)n1)C(C)C
-24.68    -24.77     32.98      0.70      O=c1[nH]c(C)c(CC)c(C2CC2)c1
-18.90    -19.06     21.68      0.50      Oc1[nH]c2c(cccc2)c1N=NC(Cc1ccccc1)=O
-39.05    -39.02      9.56      0.59      CN(c1nc2c(c3c1N=CN3C)[nH]c1c2cccc1)C(=O)CCl
-21.30    -21.31      9.90      0.38      c1ccc2c([nH]c3ccccc3c2=Nc2ccc(OCCCC(=O)O)cc2)c1
-29.46    -29.23     12.39      0.51      C(N(C)CCc1ccc([N+](=O)[O-])cc1)(Cc1ccc(OC)c(OC)c1)=S
-34.36    -34.30     16.31      0.62      c1c(-n2cncn2)cc(C(c2ccc(Cl)cc2)OCC(NC)=O)cc1
-26.51    -26.51     21.45      0.58      O=C(c1ccc(N)cc1)N(CCN=c1c2c(cc(Cl)cc2)[nH]cc1)C
-29.07    -29.18      9.62      0.47      c1(Cl)ccc(S(N2C3CC(c4ccc(C)cc4)N(S(c4ccc(C)cc4)(=O)=O)CC3=C(Br)C2=O)(=O)=O)cc1
-23.76    -23.82     13.39      0.45      N(C)(C)Cc1ccc(C(Nc2ccc(N3CCCCC3)cc2)=O)cc1
Human-Component   raw_Human-Component
0.41290321946144104   0.41290321946144104   
0.7043010592460632   0.7043010592460632   
0.49677419662475586   0.49677419662475586   
0.5924730896949768   0.5924730896949768   
0.38064515590667725   0.38064515590667725   
0.5075268745422363   0.5075268745422363   
0.6172043085098267   0.6172043085098267   
0.5849462151527405   0.5849462151527405   
0.47311827540397644   0.47311827540397644   
0.4537634551525116   0.4537634551525116   

15:18:41: local_reinforcement_logger.timestep_report +41: INFO     
 Step 22   Fraction valid SMILES: 100.0   Score: 0.5000   Time elapsed: 29   Time left: 35.3
  Agent     Prior     Target     Score     SMILES
-28.40    -28.20     15.80      0.54      n1nnn(-c2ccc(-c3nc(-c4cc([N+]([O-])=O)ccc4)ccc3)cc2)c1
-19.29    -19.40     35.53      0.67      c1cc(N2CCN(Cn3c(O)cc(-c4ccc(Br)cc4)c3O)CC2)ccc1
-40.35    -40.55    -17.89      0.28      C(CCCCCCC(=O)Oc1cccc2oc3c(c(=O)c12)cc(Cl)cc3)C(NCCCCN=c1c2c([nH]c3ccccc13)CCCC2)=O
-28.64    -28.84     14.37      0.53      C(CN)CCC(C(CCl)=O)NC(C(N)CCC)=O
-31.39    -31.38    -15.60      0.19      c1c(Cl)cc(Cl)c2c1c(C(=O)NCc1cccs1)cc(-c1cc(OC)c(OC)c(OC)c1)n2
-29.49    -29.67     -5.51      0.29      O=C(c1c(C)cc(OCC(=O)O)cc1)CCC1CCOCC1
-26.03    -26.59     26.67      0.65      C1CN(C(=O)C2CCC(CN3C(=O)c4cccc5cccc(c54)C3=O)CC2)CCN1c1ccccc1OC
-29.26    -29.19     21.42      0.62      CC1(C)c2c(cccc2C)C(N=CN(C)C)=CC1
-26.54    -26.52     -4.83      0.26      c1cc(OC)cc(CNC(c2c(=N)n(CC3CCCO3)c3c(c(=O)n4c(c(C)ccc4)n3)c2)=O)c1
-25.23    -25.24      9.15      0.42      c1(Cl)c(-n2c(=O)[nH]c3c[nH]c(=Nc4cc(OC)c(OC)c(OC)c4)nc3c2=O)c(Cl)ccc1
Human-Component   raw_Human-Component
0.5365591645240784   0.5365591645240784   
0.6698924899101257   0.6698924899101257   
0.27634409070014954   0.27634409070014954   
0.5268816947937012   0.5268816947937012   
0.19247311353683472   0.19247311353683472   
0.29462364315986633   0.29462364315986633   
0.6494623422622681   0.6494623422622681   
0.6172043085098267   0.6172043085098267   
0.26451611518859863   0.26451611518859863   
0.4193548262119293   0.4193548262119293   

15:18:42: local_reinforcement_logger.timestep_report +41: INFO     
 Step 23   Fraction valid SMILES: 100.0   Score: 0.5000   Time elapsed: 30   Time left: 33.8
  Agent     Prior     Target     Score     SMILES
-25.09    -25.08     33.20      0.71      C1C(C(C)(C)C)C(C(=O)O)C1c1ccccc1
-38.45    -38.35    -27.42      0.13      C1C(n2c3cc(C)ccc3c(C(=O)OC)c2)OC(COC2OC(CN)C(O)C2O)C1O
-39.24    -38.64     -6.72      0.39      C12CC3C(C(N=c4n(CC)c(-c5c[nH]nc5)c[nH]4)=O)CC(C1)CC(C2)C3
-23.38    -23.36    -14.28      0.11      FC(F)(F)c1cc(N2C3=C(C(=O)CC3)C(c3ccc(C#N)cc3)N(C(NCOC)=O)C2=O)ccc1
-21.79    -21.83     31.07      0.65      c1(-c2[nH]c3c([nH]c(=N)[nH]c3=N)n2)ccccc1OC
-38.50    -38.15    -22.63      0.19      c1c2n(cc1C(=O)NC(C(=O)C(=O)NCc1ccc(C)cc1)Cc1ccccc1)cccc2O
-27.00    -27.09     26.61      0.65      c1cc(CNC(=O)C2CN(c3cnccn3)C(=O)N2C)ccc1Oc1ccc(F)cc1
-31.83    -32.14     26.32      0.71      Clc1cc2c(cc1)C(C(N(C)C)=O)C(c1ccccc1Cl)CN2C
-25.73    -25.69     25.36      0.62      C(=O)(C1CCN(C(c2oc(CSCc3cccc(F)c3)cc2)=O)CC1)N
-40.78    -40.94      0.59      0.51      C(C(=O)NCCCCCCCNC(=O)C(Br)c1ccc(Cl)cc1)CCC(=NO)O
Human-Component   raw_Human-Component
0.7107526659965515   0.7107526659965515   
0.13333334028720856   0.13333334028720856   
0.3892472982406616   0.3892472982406616   
0.11075268685817719   0.11075268685817719   
0.6451612710952759   0.6451612710952759   
0.18924731016159058   0.18924731016159058   
0.6548386812210083   0.6548386812210083   
0.7129032015800476   0.7129032015800476   
0.6225806474685669   0.6225806474685669   
0.5064516067504883   0.5064516067504883   

15:18:43: local_reinforcement_logger.timestep_report +41: INFO     
 Step 24   Fraction valid SMILES: 96.9   Score: 0.4844   Time elapsed: 31   Time left: 32.2
  Agent     Prior     Target     Score     SMILES
-28.08    -28.31     26.08      0.66      c1(-c2ccc(C(=O)CCCC(=O)O)cc2)ccc(Cc2ccccc2)cc1
-29.56    -29.70    -10.85      0.23      c1(SC)c(C(=O)NNC(c2c(CC)c(CCC)nc3ccccc32)=O)cccn1
-25.66    -25.50     28.70      0.66      c1cc(C#N)ccc1NC1CCC(NC=O)CC1
-27.05    -26.87      3.66      0.37      Clc1cc(Cl)c(C(N2CC(c3nc(-c4cc(OC)c(OC)c(OC)c4)no3)CCC2)=O)cc1
-37.81    -37.52    -28.38      0.11      n1c2n(Cc3ccoc3)ncc2c(=O)n2cc(C(=O)NCc3cccc(C(F)(F)F)c3)ccc12
-24.78    -25.05     27.73      0.64      c1(S(=O)(=O)N2CCN(c3ccc(F)cc3C(F)(F)F)CC2)cc(C(O)=O)ccc1C
-20.25    -20.33     17.56      0.46      C(CN(C)C)N1C(=O)c2cccc3c(Br)ccc(c23)C1=O
-45.11    -45.32      9.63      0.67      c1cc(F)ccc1C(=O)C=CC=CC=Cc1cccc(C(N(CCC)CCCN2CCCCC2)=O)c1
-19.72    -19.91     31.65      0.63      c1ccc(Cl)cc1S(=O)(NC1CCCC1)=O
-21.81    -21.52     26.65      0.59      [nH]1c2c(cc(-c3ccncc3)cn2)sc1=N
Human-Component   raw_Human-Component
0.6632183790206909   0.6632183790206909   
0.2298850566148758   0.2298850566148758   
0.6609195470809937   0.6609195470809937   
0.3724137842655182   0.3724137842655182   
0.11149425059556961   0.11149425059556961   
0.6436781883239746   0.6436781883239746   
0.46206897497177124   0.46206897497177124   
0.6701149344444275   0.6701149344444275   
0.6287356615066528   0.6287356615066528   
0.5873563289642334   0.5873563289642334   

15:18:44: local_reinforcement_logger.timestep_report +41: INFO     
 Step 25   Fraction valid SMILES: 100.0   Score: 0.5000   Time elapsed: 32   Time left: 30.8
  Agent     Prior     Target     Score     SMILES
-29.10    -30.04     31.24      0.75      OC(CNC(c1c(O)cccc1)=O)CN1CCC2(CC1)Cc1c(ccc(Cl)c1)C2
-24.83    -24.65     33.98      0.72      C(#N)C(=Cc1cccc(OC)c1O)c1sc2c(n1)cccc2
-32.86    -33.83     22.42      0.69      CC1(C)C2CC1CC(N1CCN(CCCn3c(=O)ccc(C)n3)CC1)C2
-36.68    -36.73      0.03      0.45      CC(=O)OC1C(O)C(O)C(CO)OC1OC1C2C(C)(OC(=O)C2C)CC(O)C1(O)C
-27.69    -27.89     17.78      0.56      C1N2CCCC2c2c(ccc(C(=O)NCCc3ccccc3)c2)OC1
-23.52    -23.55     12.42      0.44      c1(=NC(COc2ccccc2)=O)sc2c([nH]1)CC1C(C)(C)C21
-37.71    -37.84     13.04      0.62      O1C(CCCO)C(c2ccc(OCCCOc3c(CCC)c(O)c(C(C)=O)cc3)cc2CCC)NC1=O
-40.47    -40.28      7.42      0.58      c1(-c2cc3ccn(C)c3cc2)c2c([nH]n1)ccc(OCCS(CCC)(=O)=O)c2
-26.96    -26.88     -2.10      0.30      c1(C)ccc(NC(C(=NC(=O)c2occc2)Cc2cnccc2)=O)c(C)c1
-26.82    -27.16     -5.03      0.27      Cc1c2c(N)c(C(=O)NN=Cc3cn(CC)nc3C)sc2nc2c1CCCC2
Human-Component   raw_Human-Component
0.7473118305206299   0.7473118305206299   
0.7150537371635437   0.7150537371635437   
0.6860215067863464   0.6860215067863464   
0.448387086391449   0.448387086391449   
0.5569892525672913   0.5569892525672913   
0.43870967626571655   0.43870967626571655   
0.6204301118850708   0.6204301118850708   
0.5817204117774963   0.5817204117774963   
0.30215054750442505   0.30215054750442505   
0.26989248394966125   0.26989248394966125   

15:18:45: local_reinforcement_logger.timestep_report +41: INFO     
 Step 26   Fraction valid SMILES: 96.9   Score: 0.4844   Time elapsed: 33   Time left: 29.3
  Agent     Prior     Target     Score     SMILES
-21.68    -21.58     33.66      0.67      c1(OC)sc2nc(-c3oc4cc(OC)c(Cl)cc4c3)cn2n1
-19.76    -19.79     30.83      0.62      Clc1ccc(C(=O)NC2CCCC2N=c2[nH]cc(C(F)(F)F)nc2)cc1
-22.23    -22.47     25.41      0.58      c1c(C=C2C(=O)c3c(OC)cc(OC)cc3C2)ccc(C#N)c1
-37.66    -37.74     14.29      0.63      C(CCCN1CCC2C(c3ccc(C)cc3)(CC)C(O2)C1)CCCCCCCCCCCC
-22.63    -22.48      9.37      0.39      N(C(c1ccc(C)o1)=O)=c1cc(C)cc(C)[nH]1
-29.94    -29.86     -8.37      0.26      O(CC(=O)Cn1c2c(cccc2)c(=O)c2ccccc21)c1c(C)cc(Cl)cc1
-27.97    -28.38     18.19      0.57      S=C(NN=Cc1ccc(O)cc1)NCCCN(CCCN=c1c2ccc(Cl)cc2[nH]cc1)C
-23.99    -24.13     16.68      0.50      c12c(cccc1)NC(=O)C21N2C(CSC2)C(c2sccc2)C1C(OCC)=O
-26.83    -27.00     20.41      0.58      c1c(Oc2[nH]c(=NC(Cc3ccc(F)cc3)=O)ccc2)cc2ccccc2c1
-38.03    -37.74    -37.74      0.00      c1c2c(nc(N3CC(c4ccc(NC(NC5CC5)=O)cc4)OC3=O)cc2)c(C)c1
Human-Component   raw_Human-Component
0.6735632419586182   0.6735632419586182   
0.617241382598877   0.617241382598877   
0.5839080214500427   0.5839080214500427   
0.634482741355896   0.634482741355896   
0.388505756855011   0.388505756855011   
0.2620689570903778   0.2620689570903778   
0.5678160786628723   0.5678160786628723   
0.49770113825798035   0.49770113825798035   
0.5781609416007996   0.5781609416007996   
0.0   0.0   

15:18:47: local_reinforcement_logger.timestep_report +41: INFO     
 Step 27   Fraction valid SMILES: 100.0   Score: 0.5000   Time elapsed: 35   Time left: 28.8
  Agent     Prior     Target     Score     SMILES
-34.11    -34.06     18.93      0.65      c1(OC)c(O)c(OC)cc(C2CCC3(O)c4c(cc(C(=O)C)cc4O)OC32)c1
-22.21    -22.08      8.08      0.37      Fc1cc(F)cc(CN(S(c2ccc(C(O)=O)cc2)(=O)=O)c2sc3ccccc3c2C)c1
-26.60    -26.35     26.20      0.64      C(CCCCC=C(c1ccc(Br)cc1)c1cnccc1)#N
-28.85    -29.08     25.58      0.67      C1N(Cc2ccc(OCC)cc2)CCc2n(C)c(C(CC)(C)C)nc21
-28.33    -28.03     -7.75      0.25      C(#Cc1c(F)ccc(NS(c2ccccc2)(=O)=O)c1F)c1c(C)ncnc1N1CC(O)C1
-33.02    -32.71    -20.63      0.15      O=C(OCC)C(=Cc1cc(F)c(F)cc1)S(=O)(=O)Cc1ncccc1
-22.33    -22.66      8.46      0.38      CC12C3(C)CCC4C(C)(CCC(O)C4(C)C)C3CC=C1C1C(C(=O)OCC)(CCC(C)(C)C1)CC2
-23.61    -23.63     28.57      0.64      n1(Cc2ccc(Cl)cc2)[nH]c(=O)c2c1ccc([N+](=O)[O-])c2
-23.39    -23.47     31.55      0.67      O=S(N1C2c3cc(-c4cc(C#N)ccc4)ccc3N(C)C(CO)C2CC1)(=O)C
-25.96    -25.73     14.13      0.49      Clc1c2sc(N(CCCN(C)C)C(=O)c3ccc(C#N)cc3)nc2c(C)cc1
Human-Component   raw_Human-Component
0.6462365388870239   0.6462365388870239   
0.3677419424057007   0.3677419424057007   
0.6408601999282837   0.6408601999282837   
0.6666666865348816   0.6666666865348816   
0.24731183052062988   0.24731183052062988   
0.14731182157993317   0.14731182157993317   
0.3795698881149292   0.3795698881149292   
0.6365591287612915   0.6365591287612915   
0.6709677577018738   0.6709677577018738   
0.4860215187072754   0.4860215187072754   

15:18:49: local_reinforcement_logger.timestep_report +41: INFO     
 Step 28   Fraction valid SMILES: 100.0   Score: 0.5000   Time elapsed: 36   Time left: 27.3
  Agent     Prior     Target     Score     SMILES
-35.74    -35.75     -4.71      0.38      C(Cc1ccccc1)(C(=O)N)c1c(C)nc2c(cc(N)cc2)c1
-27.92    -28.00     -3.84      0.29      COc1c(OC)cc2c(c1)[nH]cnc2=Nc1cc(C)c(Oc2ccc(C(NC)=O)cc2)cc1
-32.12    -32.39     31.71      0.78      Oc1cc(-c2cnc3c(n2)cc[nH]c3=NN2CCCCC2)ccc1
-22.42    -22.37     39.08      0.75      c1(Cl)ccc(CCN(C(=O)CCc2ccccc2)C)cc1
-19.91    -19.89     37.51      0.70      c1cc(C)c(C)cc1N1CC(C)OC(C)C1
-36.94    -36.84    -10.74      0.32      C(C)Oc1c(Nc2c(C=NNC(=N)N)cccc2)ccc(C(OC)=O)c1
-31.28    -30.89      0.14      0.38      c1(C(CNCCNC(=O)COc2c(C#N)cccc2)O)c(C)c(O)oc1C
-43.50    -43.44     10.17      0.65      c1c2nc(-c3ccc(CN4CCOCC4)s3)cc(N(C)C)c2cc(CC(NC(OC(C)(C)C)=O)C(=O)O)c1
-28.07    -28.47      3.71      0.39      c1(C(=O)O)c2[nH]c3c(OC)cccc3c2c(C(C)C)nc1
-36.91    -37.65     20.80      0.71      c1c(C(CCN2CCC3(C[S+]([O-])c4ccccc43)CC2)CC)c2c(cccc2)cc1F
Human-Component   raw_Human-Component
0.37849462032318115   0.37849462032318115   
0.29462364315986633   0.29462364315986633   
0.7817204594612122   0.7817204594612122   
0.749462366104126   0.749462366104126   
0.699999988079071   0.699999988079071   
0.31827956438064575   0.31827956438064575   
0.37849462032318115   0.37849462032318115   
0.6537634134292603   0.6537634134292603   
0.39247313141822815   0.39247313141822815   
0.7129032015800476   0.7129032015800476   

15:18:50: local_reinforcement_logger.timestep_report +41: INFO     
 Step 29   Fraction valid SMILES: 93.8   Score: 0.4688   Time elapsed: 38   Time left: 26.6
  Agent     Prior     Target     Score     SMILES
-23.41    -23.44      7.96      0.38      c1(C)noc(C)c1-c1ccc(N2C(=O)c3[nH]nc(C(C)(C)C)c3C2c2c(OC)cccc2)cc1
-25.83    -25.94    -24.12      0.02      c1(C)ccc(C2C(Cl)C(=O)N2NC(=O)COc2ccc(-c3ccccc3)cc2)cc1
-35.32    -34.53    -15.95      0.23      N1(C(CCc2nnc(-c3cc(C(C)(C)C)c(O)c(C(C)C)c3)o2)=O)CCN(c2ncccn2)CC1
-36.55    -36.28    -36.28      0.00      c12c(=Nc3c(C(=O)Nc4ccc(CN5CCN(C)CC5)cc4)[nH][nH]c3C)nc[nH]c1c(F)c(OC)c(OC)c2
-29.97    -29.80     -0.92      0.35      c1cc(C)c(-c2n(-c3sc4c(ccc(Cl)c4)n3)c(O)c(O)c2C(=O)c2ccc3c(c2)OCO3)cc1
-25.29    -25.34     -5.65      0.24      O=C(Nc1c(Cl)cc2c(c1)OCCO2)c1cc(OC(C)C)ccc1
-22.03    -22.10     29.00      0.62      c1ccc(OC)cc1COc1ccc(CC(O)=NO)cc1
-35.41    -35.01      2.05      0.45      O=C(c1ccc(-c2cc(-c3n(C4CN(C)C4)cnn3)n[nH]2)nc1)N
-24.55    -24.31      9.92      0.42      n1cccc(C(=O)NCCCNC(c2oc(C)cc2)=O)c1
-37.24    -37.23      3.37      0.50      C1CC(=O)C2(C=C(Br)C(OC(=O)C)C(C(C(Br)Br)=O)O2)C1
Human-Component   raw_Human-Component
0.38300493359565735   0.38300493359565735   
0.02216748706996441   0.02216748706996441   
0.2266009896993637   0.2266009896993637   
0.0   0.0   
0.3522167503833771   0.3522167503833771   
0.24014778435230255   0.24014778435230255   
0.6231527328491211   0.6231527328491211   
0.4519704580307007   0.4519704580307007   
0.4174876809120178   0.4174876809120178   
0.4950738847255707   0.4950738847255707   

15:18:51: local_reinforcement_logger.timestep_report +41: INFO     
 Step 30   Fraction valid SMILES: 96.9   Score: 0.4844   Time elapsed: 39   Time left: 25.2
  Agent     Prior     Target     Score     SMILES
-25.92    -25.53     -2.44      0.28      o1c(C(Nc2cc(NC(NC(CCC)=O)=S)ccc2)=O)ccc1
-23.87    -23.79      0.05      0.29      CNC(=O)OCc1c(COC(NC)=O)nnn1CC(=O)OCC
-20.91    -20.82     36.11      0.69      NCC1CCc2c(cc(OC)cc2)C1=O
-39.93    -39.40    -32.33      0.09      N(CCc1sc2n(c(=O)c3c(n2)c(C)ccc3)c1C)(C(=S)NCC(OCC)=O)CCCC
-22.52    -23.07     25.75      0.60      c1c(O)ccc(C2C(C(=O)OC)C(C)N(CC)C(=S)N2)c1
-30.86    -31.02    -12.27      0.23      C(CC)(Nc1ccc(-c2csc(=NC(N)=NCCC)[nH]2)cc1OC)=O
-29.20    -29.60      9.42      0.48      c1(Cl)cccc(C2CC(Cl)CC(COC(c3c4ccccc4ccc3)=O)O2)c1
-33.09    -32.99    -32.99      0.00      N1(c2nc3c(cs2)cccc3)CCCC2(CCN(C(c3cc(F)ccc3)=O)CC2)C1
-29.57    -29.00     -8.45      0.25      [nH]1ccccc1=NS(c1ccc(N=Nc2c(O)c(C)c(O)c(C)c2N=Nc2ccccc2)cc1)(=O)=O
-48.93    -49.58    -26.49      0.28      c1(CCc2[nH]c(=NC(c3n(-c4ccccc4Cl)c(=O)c4c(C)cccc4c3)C)ccc2)n2c(cc(C)cc2)nc1-c1cccc(C)n1
Human-Component   raw_Human-Component
0.2816092073917389   0.2816092073917389   
0.29080459475517273   0.29080459475517273   
0.6942528486251831   0.6942528486251831   
0.08620689809322357   0.08620689809322357   
0.5954023003578186   0.5954023003578186   
0.22873562574386597   0.22873562574386597   
0.475862056016922   0.475862056016922   
0.0   0.0   
0.2505747079849243   0.2505747079849243   
0.2816092073917389   0.2816092073917389   

15:18:53: local_reinforcement_logger.timestep_report +41: INFO     
 Step 31   Fraction valid SMILES: 100.0   Score: 0.5000   Time elapsed: 41   Time left: 24.3
  Agent     Prior     Target     Score     SMILES
-21.38    -21.60     14.64      0.44      c1cc2c(ncnc2N2CCN(C(NCC)=S)CC2)cc1
-30.94    -31.14     28.73      0.73      C1C(N)CCN1c1ccc2c(=Nc3c(C)cccc3C)c(C(=O)C3CC3)c[nH]c2c1
-22.11    -22.33     23.79      0.56      C(CCCSC(NCc1cccnc1)=S)CCC
-24.53    -24.09     34.45      0.71      CN(c1c(N2CCCCC2)nc2c(ccc(N)c2)n1)C
-21.25    -20.98     12.00      0.40      O=c1c2c(ncn1-c1ccccc1)scc2
-23.56    -24.13     24.19      0.59      c1cccc2[nH]c3c(c12)CCN(C(c1ccc(OC)cc1)=O)C3c1cc(OC)c(OC)cc1
-46.06    -48.05    -32.71      0.19      c1(OCc2cc(C)nc3ccccc32)ccc(CC(CNCc2cn(CCC3CCCCC3)c3c2cccc3)C(O)=O)cc1
-25.61    -25.46     19.95      0.55      c1(O)ccc(C(=O)Oc2c(OC(c3ccccc3)=O)ccc(C=NNC(=O)c3ccncc3)c2)cc1
-31.84    -31.80     25.34      0.70      C1(=O)CC(c2cc(F)cc(F)c2)C2(C(=O)c3cc(Cl)ccc3OC2=O)C1c1ccc(OC)cc1
-18.16    -18.10     35.86      0.66      c1cc(Br)ccc1C(N=C1SCCN1)=O
Human-Component   raw_Human-Component
0.4419354796409607   0.4419354796409607   
0.7301075458526611   0.7301075458526611   
0.5623655915260315   0.5623655915260315   
0.7139784693717957   0.7139784693717957   
0.40215054154396057   0.40215054154396057   
0.5892472863197327   0.5892472863197327   
0.18709677457809448   0.18709677457809448   
0.5537634491920471   0.5537634491920471   
0.6967741847038269   0.6967741847038269   
0.6580645442008972   0.6580645442008972   

15:18:55: local_reinforcement_logger.timestep_report +41: INFO     
 Step 32   Fraction valid SMILES: 96.9   Score: 0.4643   Time elapsed: 42   Time left: 22.9
  Agent     Prior     Target     Score     SMILES
-35.91    -36.15     22.19      0.71      C1CN(c2ccc(OCCN(C)C)cc2)Cc2c1n1c(-c3ccc(OC)cc3OC)nnc1cc2
-25.87    -25.57     25.33      0.62      c1(NCC(NN=C(C)c2c(O)cccc2)=O)cccc(Cl)c1
-23.13    -23.25      0.12      0.29      c1ccccc1CC(NC(=O)OCc1scnc1)C(CN(CCc1ccccc1)C(=O)NC(C)(C)C)O
-38.88    -38.58    -12.47      0.32      O=CC(C(CC(C)C)=O)NC(=S)N=c1cccc(C)[nH]1
-28.12    -27.92     26.65      0.67      c1c(C#N)ccc(Oc2ccc(CN(Cc3nc[nH]c3)CCO)cc2)c1
-62.38    -63.53    -43.92      0.24      O=C1C2C(CC3C4C(CCC5(C)C(c6cc(O)oc6)CCC54)C(O)CC23)C2(O)CCC(OC3C4(C)C(CC3)C3C(C5(C)C(=CC3)CC(OC(=O)c3ccccc3)CC5)CC4)C2(C)C1
-48.83    -49.08    -23.16      0.32      c1(Sc2n(C)nc(Cl)c2[N+]([O-])=O)nc(N=c2n(CCCO)c3c([nH]2)cccc3)c([N+](=O)[O-])c(=N)[nH]1
-24.44    -24.76     -5.06      0.24      Cc1c(CNC(=O)CN2C(=O)C3(CCCCCC3)NC2=O)cccc1
-30.69    -30.44     23.57      0.66      c1cccnc1-c1cnc(-c2cn(C3CC(O)C3)c3nc[nH]c(=N)c32)cc1
-21.12    -21.09     13.32      0.42      c1cc(NC(=O)NCC2(c3ccccc3)CCCC2)cc(CC)c1
Human-Component   raw_Human-Component
0.7114942669868469   0.7114942669868469   
0.6206896305084229   0.6206896305084229   
0.2850574851036072   0.2850574851036072   
0.318390816450119   0.318390816450119   
0.665517270565033   0.665517270565033   
0.23908045887947083   0.23908045887947083   
0.31609195470809937   0.31609195470809937   
0.24022988975048065   0.24022988975048065   
0.6586207151412964   0.6586207151412964   
0.4195402264595032   0.4195402264595032   

15:18:56: local_reinforcement_logger.timestep_report +41: INFO     
 Step 33   Fraction valid SMILES: 100.0   Score: 0.4870   Time elapsed: 44   Time left: 22.0
  Agent     Prior     Target     Score     SMILES
-23.22    -23.75    -18.81      0.06      c1(CN2CCCC3(c4c(c(O)n(-c5ccc(C)cc5)c4O)C(c4ccccc4)N3)C2=O)ccccc1
-24.00    -24.05     30.08      0.66      C(c1nc(OCC(F)(F)F)c2c(cccc2)n1)(F)(F)F
-30.02    -30.65     25.60      0.69      O=C(c1ccc(C(F)(F)F)cc1F)N1CCN(Cc2cc(F)cc(F)c2)CC1
-28.48    -28.13      3.00      0.38      O=C(N1CCOC(c2cccs2)C1)c1snc(C)c1
-27.07    -26.91     14.44      0.50      O=C(NCCC)CCS(c1c2ncccc2ccc1)(=O)=O
-22.77    -22.52      5.78      0.35      c1(OC)ccc(NC(=O)N=c2[nH]c(-c3ccc(Cl)cc3)cs2)c(OC)c1
-23.84    -23.78     20.31      0.54      C1OCCN(CC(c2ccc3c(c2)OCO3)=O)C1=O
-26.86    -27.73     17.32      0.55      c1ccc2c(c1)OCC(C(C)C)N(C(=O)c1cccc(OC)c1OC)C2
-23.86    -23.92     20.96      0.55      c1(C(=O)Nc2ccc(F)cc2)[nH]c(=Nc2cccc(Cl)c2)sc1
-43.19    -42.74     -5.00      0.46      c1cc(C)c(CSC2C(=O)CC(c3c(C(C)C)cccc3C(C)C)N(C(Cc3cc(F)ccc3)=O)C2=O)c(C)c1
Human-Component   raw_Human-Component
0.0602150522172451   0.0602150522172451   
0.6602150797843933   0.6602150797843933   
0.6860215067863464   0.6860215067863464   
0.3795698881149292   0.3795698881149292   
0.5043010711669922   0.5043010711669922   
0.3451612889766693   0.3451612889766693   
0.5376344323158264   0.5376344323158264   
0.5494623780250549   0.5494623780250549   
0.5473118424415588   0.5473118424415588   
0.4602150619029999   0.4602150619029999   

15:18:57: local_reinforcement_logger.timestep_report +41: INFO     
 Step 34   Fraction valid SMILES: 96.9   Score: 0.4844   Time elapsed: 45   Time left: 20.6
  Agent     Prior     Target     Score     SMILES
-43.49    -42.84    -14.66      0.34      o1c2ncc(CNc3cc(OCCCCCCCCCO)cc(OCCC)c3)cc2c(=O)cc1C
-25.86    -26.08      2.57      0.35      c1c(C(C(NC)=NC)C(=O)c2ccccc2)cccc1
-30.02    -30.31    -27.58      0.03      Cn1c(CC(Nc2cn(C(C)(C)C)cn2)=O)c(O)n(-c2ccc(C)cc2)c1=O
-21.79    -22.08     43.15      0.80      n1cn(C)c(Cc2ccccc2Cl)c1
-22.46    -22.70     37.90      0.74      c1cc2c(cc1)C(N(C)CCCCN)CCC2
-38.02    -39.11     19.42      0.71      C1CC2(CC(Nc3c(-c4occ(C)n4)c(C)c(C)s3)O2)CCN1CC1CCCCC1
-42.98    -43.80    -20.99      0.28      C12=CCC3C(C)(C1(C)CCC1(C(NCCCCCCCCCCC(=O)O)=O)CCC(C(C)=C)C12)CCC(C(C)(C=CC=C(CCC=C(C)C)O)O)C3(C)C
-45.04    -44.82     13.71      0.71      NC1(C)CC(c2nc(-c3ccccc3)c(C3NC(N)NC3=O)s2)CN(C)C1
-25.74    -25.42     20.38      0.56      FS(=O)(=O)c1ccc(C(N=c2cc(C)cc(C)[nH]2)=O)cc1
-28.74    -28.26     -5.82      0.27      c1(Cl)ccccc1NCc1nc(-c2c(OC)ccc(S(=O)(N)=O)c2)oc1C
Human-Component   raw_Human-Component
0.34367814660072327   0.34367814660072327   
0.3494252860546112   0.3494252860546112   
0.03333333507180214   0.03333333507180214   
0.7954022884368896   0.7954022884368896   
0.7390804886817932   0.7390804886817932   
0.7137930989265442   0.7137930989265442   
0.2781609296798706   0.2781609296798706   
0.7137930989265442   0.7137930989265442   
0.5586206912994385   0.5586206912994385   
0.2735632061958313   0.2735632061958313   

15:18:59: local_reinforcement_logger.timestep_report +41: INFO     
 Step 35   Fraction valid SMILES: 100.0   Score: 0.4552   Time elapsed: 47   Time left: 19.6
  Agent     Prior     Target     Score     SMILES
-33.14    -33.09     18.58      0.63      C(CCNC(C1N(C(c2ccc[nH]2)=O)CCC1)=O)Cn1nccc1
-26.69    -26.46    -23.64      0.03      c1c(NS(c2ccc(C)cc2)(=O)=O)ccc(N=c2c3ccccc3[nH]c3ccccc32)c1NCC
-34.21    -34.38      6.97      0.50      c1cc(CC(NC(c2cc(N(S(=O)(C)=O)C)cc(C(NC(C)c3cccnc3)=O)c2)=O)C(CNC2(CCCCC)CC2)O)ccc1
-20.68    -21.22    -21.22      0.00      ON=Cc1cc(C(C)C)ccc1O
-32.77    -33.15     16.58      0.61      C(CCCCCCCCC#CCCCCCCCCCC)(=O)OCC(OC(CCCCCCCCCCCCCCC)=O)COC(C[N+](C)(C)C)=O
-25.59    -25.58     11.72      0.45      [nH]1c(=N)n(Cc2ccc([N+](=O)[O-])cc2)c2c1n(C)c(=O)[nH]c2=O
-29.35    -29.05    -29.05      0.00      N(C)C(=O)CN(Cc1ccc(C#N)cc1F)C(C)C
-22.20    -21.98     28.81      0.62      O=C(OCC(N=c1c(Cl)cc(Cl)c[nH]1)=O)C1C(C)C1
-20.51    -20.52     33.97      0.66      CC(Oc1c(N2CCN(Cc3ccc(CNC(=O)C)cc3)CC2)cccc1)C
-23.10    -23.69     27.28      0.62      c1cccc2c1sc(N1CC(C(=O)N3CCN(c4ccc(OC)cc4)CC3)CCC1)n2
Human-Component   raw_Human-Component
0.6301075220108032   0.6301075220108032   
0.034408602863550186   0.034408602863550186   
0.5043010711669922   0.5043010711669922   
0.7247312068939209   0.7247312068939209   
0.6064516305923462   0.6064516305923462   
0.45483872294425964   0.45483872294425964   
0.7075268626213074   0.7075268626213074   
0.6193548440933228   0.6193548440933228   
0.6645161509513855   0.6645161509513855   
0.6215053796768188   0.6215053796768188   

15:19:01: local_reinforcement_logger.timestep_report +41: INFO     
 Step 36   Fraction valid SMILES: 100.0   Score: 0.5000   Time elapsed: 49   Time left: 18.5
  Agent     Prior     Target     Score     SMILES
-28.33    -27.89     20.78      0.59      c1sc(=Nc2sc(-c3ccc(Cl)cc3)nn2)[nH]c1-c1c(=O)oc2c(cccc2)c1
-23.72    -23.57     19.64      0.53      O=S(c1ccc(O)cc1)(=O)N(CC1CCCCC1)Cc1nc[nH]c1
-25.71    -25.97     -2.78      0.28      c12cc(CC)c(C(F)(F)F)cc1[nH]cc(C(=O)OCC)c2=O
-21.17    -22.10     39.00      0.75      c1c2ccccc2ccc1CN1CCN(Cc2ccc(Br)cc2)CC1
-25.04    -25.15     18.59      0.53      O=C(NC(C(CF)=O)CC)C(CC(=O)O)N
-26.11    -27.43     30.33      0.70      C1C2CC3CC1(CC(=O)NCCN1CCN(Cc4ccccc4F)CC1)CC(C2)C3
-32.59    -32.13     -9.12      0.28      c12c(cccc1)c(=Nc1ccc(C(NN=C(c3occc3)C)=O)cc1)[nH]cn2
-24.23    -24.77     15.43      0.49      c1c(OC(C)C)ccc(C(CC)=NNC(c2ccc(O)cc2)=O)c1
-30.66    -30.33     23.90      0.66      O1c2c(ccc3[nH]c(=O)cc(C(F)(F)F)c23)C(c2cc(OC)cc(OC)c2)=CC1
-27.75    -27.69     13.31      0.50      c1ccccc1-n1c(=O)c(=O)n(CC(N2CCN(Cc3ccccc3)CC2)=O)c2c1cccc2
Human-Component   raw_Human-Component
0.5935483574867249   0.5935483574867249   
0.5268816947937012   0.5268816947937012   
0.2827956974506378   0.2827956974506378   
0.7451612949371338   0.7451612949371338   
0.5333333611488342   0.5333333611488342   
0.7043010592460632   0.7043010592460632   
0.2806451618671417   0.2806451618671417   
0.4903225898742676   0.4903225898742676   
0.6612903475761414   0.6612903475761414   
0.5   0.5   

15:19:03: local_reinforcement_logger.timestep_report +41: INFO     
 Step 37   Fraction valid SMILES: 100.0   Score: 0.4799   Time elapsed: 50   Time left: 17.1
  Agent     Prior     Target     Score     SMILES
-27.86    -28.05     17.89      0.56      c12ccccc1nn1c(CSc3ccccc3)c(-c3ccccc3)nc1n2
-30.26    -30.02     18.66      0.59      c1(C(=O)O)cc(OC)c(Cc2cn(C)c3ccc(C(=O)NCCc4ccc(F)cc4)cc32)cc1
-26.35    -26.21     12.05      0.47      c1(OC)ccccc1C1=NC(SCCCC#N)=NC(c2cccc([N+](=O)[O-])c2)C1
-32.87    -32.46     21.94      0.66      c1(CN(C(C2C(c3ccccc3)CCNC2)=O)C)nc(-c2c(Cl)cc(Cl)cc2)no1
-19.45    -19.65     17.03      0.45      c1cc(C=NNC(c2ccc([N+](=O)[O-])cc2)=O)ccc1
-26.82    -26.65     24.75      0.63      C1N(c2nc(=Nc3[nH]c(C)nc(=Nc4ccc(OC(F)(F)F)cc4)c3)cc[nH]2)CCN(C)C1
-26.36    -26.36     23.28      0.61      C(c1ccc(F)c2ccccc12)c1cc(C2OC(CO)C(O)C(O)C2O)ccc1Cl
-27.02    -27.27     15.23      0.52      C(C1NCCCC1)c1cnc(C(C)C)s1
-19.25    -19.85     24.15      0.54      c1ccccc1CCN1CCN(C(NC2CCCCC2)=O)CC1
-27.45    -26.60      2.76      0.36      c1ccc(C(N(C(c2c(N)c(C(N)=O)ns2)=O)c2cccc(C)c2)C(NC(C)(C)C)=O)cc1
Human-Component   raw_Human-Component
0.5602150559425354   0.5602150559425354   
0.5935483574867249   0.5935483574867249   
0.46666666865348816   0.46666666865348816   
0.6634408831596375   0.6634408831596375   
0.4473118185997009   0.4473118185997009   
0.6268817186355591   0.6268817186355591   
0.6053763628005981   0.6053763628005981   
0.5182795524597168   0.5182795524597168   
0.5365591645240784   0.5365591645240784   
0.3580645024776459   0.3580645024776459   

15:19:04: local_reinforcement_logger.timestep_report +41: INFO     
 Step 38   Fraction valid SMILES: 96.9   Score: 0.4844   Time elapsed: 52   Time left: 16.0
  Agent     Prior     Target     Score     SMILES
-30.35    -30.87     33.23      0.78      o1c(O)c2c(c1)-c1c(cc(O)c(CCC)c1C)CC2
-24.64    -24.82     34.47      0.72      C1N(C)C2(CCN(Cc3scnc3C)CC2)C(=O)NC1
-25.00    -25.01     32.68      0.70      N1(CCCOc2ccc(C3=NN(C(C)=O)C(c4ccccc4C)C3)cc2)CCCCC1
-21.89    -21.97     30.81      0.64      c1(Cl)ccc(NC(=O)c2c3c(ccc2)CN(CCOc2ccccc2)C3=O)cc1
-23.43    -23.52     29.45      0.65      O=[N+]([O-])c1ccc(C(Nn2c(CCC(O)=O)ccc2-c2ccc(Cl)cc2)=O)cc1
-28.18    -28.18      7.54      0.44      C(c1ccccc1NS(=O)(c1c(OC)cc(OC)cc1)=O)(NC)=O
-23.41    -22.90     15.94      0.47      c1(OCC)nc2sc(-c3ccccc3)nn2c(=O)c1
-39.45    -38.91    -38.91      0.00      c1(OC)c(OC)cc(S(=O)(=O)Nc2c(F)c(C#Cc3nn4c(c3)C(=O)NCC4CCSC)cc2)cc1
-35.49    -36.84     10.29      0.57      O=C1C2N(CCN1CCCCCC(c1ccc(F)cc1)=O)CCc1ccccc12
-29.70    -29.47     15.40      0.55      N(C(=O)NS(c1sc2c(cc(OCC)cc2)n1)(=O)=O)CCCCCC
Human-Component   raw_Human-Component
0.7816091775894165   0.7816091775894165   
0.722988486289978   0.722988486289978   
0.7034482955932617   0.7034482955932617   
0.6436781883239746   0.6436781883239746   
0.6459770202636719   0.6459770202636719   
0.4356321692466736   0.4356321692466736   
0.47356322407722473   0.47356322407722473   
0.0   0.0   
0.5747126340866089   0.5747126340866089   
0.5471264123916626   0.5471264123916626   

15:19:06: local_reinforcement_logger.timestep_report +41: INFO     
 Step 39   Fraction valid SMILES: 100.0   Score: 0.4731   Time elapsed: 53   Time left: 14.6
  Agent     Prior     Target     Score     SMILES
-31.59    -31.06      9.67      0.50      c1c(F)cc(Cn2c(=O)n(CC(C(=O)O)N)c(=O)c(Br)c2C)cc1
-22.11    -21.85     28.59      0.62      c1ccc2cc(S(=O)(N3C(C(O)=O)Cc4c(cccc4)C3)=O)ccc2c1
-34.02    -33.54      5.78      0.48      C(c1ccccc1OC)NC(c1c(C(C)(C)C)onc1C1OCCC1)=O
-21.43    -21.07    -10.31      0.13      O1C(n2c3nc[nH]c(=Nc4ccccc4)c3nc2)C(O)C(O)C1C(NCC)=O
-54.00    -54.74    -38.25      0.20      C12CCC3(C)C(CC=C4C(C)(C)C(OC(n5cncc5C)=S)CC(OC(C)=O)C34C)C1CC13OC(OC1)C2(C)CC3OC(C)=O
-23.04    -23.40      6.14      0.36      Clc1cnc(N2CCN(C(c3cc(Cc4c5c(c(=O)[nH]n4)CCCC5)ccc3F)=O)CC2)cc1
-36.99    -36.93     20.47      0.70      C1CN(C)CC(C2(c3cc4cc(C#N)ccc4[nH]3)COC2)C1
-23.52    -24.18      5.09      0.36      n1(C)[nH]c(C2CCN(C3CCOCC3)CC2)cc1=NC(=O)c1c2n(cccn2)nc1
-54.03    -53.99      1.65      0.68      c1(O)c(O)c(N)c(CCC(CCC2C3(C)CC4C(C(C(C)=C)CC4)CCC3(C)CC2O)(C)O)o1
-54.34    -53.34     -0.35      0.65      C1(O)C(O)CC(n2c(=O)n(CCN(C)C)c(=O)cc2)C=C1SSC1=CC(C)(C)N(O)C(C)(C)C1
Human-Component   raw_Human-Component
0.49677419662475586   0.49677419662475586   
0.6150537729263306   0.6150537729263306   
0.4795698821544647   0.4795698821544647   
0.13118278980255127   0.13118278980255127   
0.20107527077198029   0.20107527077198029   
0.36021506786346436   0.36021506786346436   
0.699999988079071   0.699999988079071   
0.3569892346858978   0.3569892346858978   
0.6784946322441101   0.6784946322441101   
0.6462365388870239   0.6462365388870239   

15:19:07: local_reinforcement_logger.timestep_report +41: INFO     
 Step 40   Fraction valid SMILES: 100.0   Score: 0.5000   Time elapsed: 54   Time left: 13.2
  Agent     Prior     Target     Score     SMILES
-30.80    -31.04      7.67      0.47      C(C)(C(C(=O)N1CCC(Cn2ccnc2C)CC1)NC(=O)c1ccccc1)CC
-28.31    -28.96     36.02      0.79      c1ccc2c(c1)C1CC(c3ccc(Cl)nc3)(c3c1cccc3)C2O
-25.54    -25.64     18.44      0.54      C(c1csc(C(C)(C)C)n1)(N(CCc1ccccn1)C)=O
-31.78    -32.00      3.18      0.43      CN(CCNC(c1c2nc3c(cc2c(-c2ccc(Cl)cc2Cl)cc1)OCCO3)=O)C
-43.03    -43.61     16.79      0.74      c1cc(F)cc(C(CC(=O)N2CCC(NCC(c3cc(F)ccc3)O)CC2)N2CC=C(c3ccc(F)cc3)CC2)c1
-24.73    -25.18     22.08      0.58      c1cc(C(O)=O)ccc1-n1[nH]c(C)cc1=NC(c1cc(OC)ccc1)=O
-26.29    -26.55     18.07      0.54      c1ccc(Oc2cc([N+]([O-])=O)cc(NC(=O)c3c(OC(F)(F)F)cccc3)c2)cc1
-25.13    -25.79     27.56      0.65      C1(=O)N(CC(C)C)CCCC12C(=O)N(CC1CC1)CC2
-29.59    -30.40     15.63      0.56      c1c2c(=NCCCN)[nH]c3c(cc(C(=O)C)cc3)c2cc(OC)c1
-30.48    -30.99     15.21      0.56      Cc1[nH]cnc1N=Nc1c(N)n(C)c2ccccc2c1=O
Human-Component   raw_Human-Component
0.4720430076122284   0.4720430076122284   
0.7924731373786926   0.7924731373786926   
0.5376344323158264   0.5376344323158264   
0.42903226613998413   0.42903226613998413   
0.7365591526031494   0.7365591526031494   
0.5763440728187561   0.5763440728187561   
0.5440860390663147   0.5440860390663147   
0.6505376100540161   0.6505376100540161   
0.5612903237342834   0.5612903237342834   
0.5634408593177795   0.5634408593177795   

15:19:08: local_reinforcement_logger.timestep_report +41: INFO     
 Step 41   Fraction valid SMILES: 100.0   Score: 0.4795   Time elapsed: 56   Time left: 12.0
  Agent     Prior     Target     Score     SMILES
-47.09    -45.94    -15.78      0.37      C(c1ccccc1)(=O)Oc1cc(OC(c2ccc(Cl)cc2)=O)cc(C(c2cn(CC=Cc3ccccc3)c(=O)[nH]c2=O)=O)c1
-20.60    -20.86    -20.86      0.00      c1(OCCC=NOCC)ccccc1Cl
-27.17    -27.05     -2.89      0.29      FC(F)(F)C(C)(c1ccc(N=c2nc(OC)cc(C)[nH]2)cc1)C(F)(F)F
-21.66    -21.52     22.57      0.54      c1(CCOC(=O)C=Cc2cc(OC)c(OC)cc2)ccncc1
-25.00    -26.34     29.56      0.68      c1(CNC2CCN(CC3c4c5ncccc5ccc4CC3)CC2)cc2c(cccc2)s1
-29.07    -29.38     19.82      0.60      c12c(cccc1)ccc1c2ccc2c3c(n(CCN(C)C)c21)ccc(OC)c3
-43.21    -43.33     -0.39      0.52      c1(N(C(=O)C(OC(C(NC(c2c(Cl)cccc2)=O)CCSC)C)=O)CC)c(OC)cc(OC)cc1
-20.32    -20.99     18.51      0.48      c1cc(C2N(N=O)C(c3ccc(Cl)cc3)C(C(=O)OCC)C(=O)C2)ccc1Cl
-26.21    -26.49     10.37      0.45      C1CN(C(C(NC2CCCC2)=O)C)CCC12c1c(cccc1)CO2
-28.65    -28.70      4.02      0.40      O=C(NC(CCCCc1ccccc1)C(=O)OC)NC1CCCC1
Human-Component   raw_Human-Component
0.3677419424057007   0.3677419424057007   
0.6569892764091492   0.6569892764091492   
0.29462364315986633   0.29462364315986633   
0.5376344323158264   0.5376344323158264   
0.6817204356193542   0.6817204356193542   
0.6000000238418579   0.6000000238418579   
0.523655891418457   0.523655891418457   
0.4817204177379608   0.4817204177379608   
0.449462354183197   0.449462354183197   
0.39892473816871643   0.39892473816871643   

15:19:10: local_reinforcement_logger.timestep_report +41: INFO     
 Step 42   Fraction valid SMILES: 100.0   Score: 0.4859   Time elapsed: 57   Time left: 10.6
  Agent     Prior     Target     Score     SMILES
-21.24    -21.23     36.70      0.71      c1(-c2ccc(F)cc2)oc(OCC)nn1
-39.86    -39.80     -2.33      0.46      C1N2C(CN(C(=O)Nc3ncccc3)CC1)C(c1cccc3c1cccc3)C2
-29.44    -30.13     17.93      0.59      C1CC(C(=O)NC(CCCNC(N)=N)C(N)=O)N(C(C(N)Cc2c[nH]c(C(C)(C)C)n2)=O)C1
-43.54    -44.12      2.35      0.57      C1C2C3(CC(O[N+]([O-])=O)CC(C2)C2C(C1)C2)CCC(=O)O3
-29.12    -29.32      5.42      0.42      c1cc2c(cc1)SCc1c-2n(C)c2cc(OS(=O)(c3ccc(Cl)cc3)=O)ccc12
-31.67    -31.81     24.35      0.68      C(N1CCCC1Br)CCOc1nc2c(cc(Cl)cc2)cc1
-24.66    -25.08     25.70      0.62      C1C2(CCOC2)CN1CCc1ccccc1
-31.44    -31.65    -12.34      0.24      C(c1c(NC(CN2C(=O)C3(c4c2cccc4)SCC(=O)N3c2ccc(CC)cc2)=O)c(C)ccc1)(F)(F)F
-23.16    -23.18      9.27      0.40      c1(C)c(C(=O)N2CCN(c3ccc(C(=O)C)cc3)CC2)oc2c(OC)cccc12
-26.10    -25.73     15.71      0.51      c1(C(F)(F)F)cc(Cl)c(N2CC(CNC(C)=O)OC2=O)cn1
Human-Component   raw_Human-Component
0.7064515948295593   0.7064515948295593   
0.45698925852775574   0.45698925852775574   
0.5860214829444885   0.5860214829444885   
0.5666666626930237   0.5666666626930237   
0.4236559271812439   0.4236559271812439   
0.6849462389945984   0.6849462389945984   
0.6193548440933228   0.6193548440933228   
0.23548386991024017   0.23548386991024017   
0.3956989347934723   0.3956989347934723   
0.5053763389587402   0.5053763389587402   

15:19:11: local_reinforcement_logger.timestep_report +41: INFO     
 Step 43   Fraction valid SMILES: 96.9   Score: 0.4844   Time elapsed: 58   Time left: 9.2
  Agent     Prior     Target     Score     SMILES
-19.97    -19.62     23.84      0.53      c1cc(-c2noc(C(O)=O)c2)ccc1OC
-25.61    -25.66     10.54      0.44      [nH]1c(=NC(CC)c2ccc(Cl)c(F)c2)nc(N2C(C)(C)COC2=O)cc1
-39.07    -39.45     -3.63      0.44      c1c(C(C)(C)C)cc(C)c(-c2c(OC)nc3c(ccnc3)c2OCC)c1
-29.25    -30.54     28.55      0.72      c1c(C2N(CCCC)C(c3c(O)cccc3)CC2c2ccccc2)cccc1
-34.01    -33.01     -6.24      0.33      N(C(Cn1c(C)c(C)c(C)n1)C(O)=O)C(=O)CCC(O)=O
-21.48    -21.62     11.84      0.41      c12c(oc(=O)c(C(=O)Nc3ccc(Cl)cc3)c1)ccc(C)c2
-35.29    -35.69    -35.69      0.00      c1cc(C(=O)c2c(C)n(C)c3c2c2c(oc4ccccc42)ccc3)ccc1O
-38.55    -38.88      9.19      0.59      C1CN(C(=O)CCCCCCCCCCC)C(c2ccc(OC)cc2)C1C(=O)NC1CC[N+](CC)(C)CC1
-34.89    -35.25    -10.46      0.30      C(=O)(C1C(C2=CCN(C(=O)OC)C=C2)CC2C1CCC2)OCC(C)C
-25.51    -25.92      2.92      0.35      NC(=NCCCC(C(NCCCCC)=O)NS(=O)(c1ccc2cc(OC)c(OC)cc2c1)=O)N
Human-Component   raw_Human-Component
0.5298850536346436   0.5298850536346436   
0.4413793087005615   0.4413793087005615   
0.4367816150188446   0.4367816150188446   
0.7206896543502808   0.7206896543502808   
0.3264367878437042   0.3264367878437042   
0.4080459773540497   0.4080459773540497   
0.0   0.0   
0.5862069129943848   0.5862069129943848   
0.3022988438606262   0.3022988438606262   
0.35172414779663086   0.35172414779663086   

15:19:12: local_reinforcement_logger.timestep_report +41: INFO     
 Step 44   Fraction valid SMILES: 100.0   Score: 0.5000   Time elapsed: 60   Time left: 8.0
  Agent     Prior     Target     Score     SMILES
-23.34    -23.57      6.32      0.36      C(=O)(c1c(=O)c2c(cccc2)n(CCCCC)c1)NN
-24.52    -25.26      4.90      0.37      O1C(CN)CN(c2c(-c3cncnc3)cc(C(=O)Nc3ccc(OC(F)(Cl)F)cc3)cn2)C1
-30.55    -30.68    -24.86      0.07      CSCCC(C(Nc1ccc(S(=O)(N=c2[nH]nc(C)s2)=O)cc1)=O)NC(=O)c1ccco1
-23.51    -23.37     -5.47      0.22      c1(NC(=O)COC(COc2ccc(Cl)cc2)=O)c2c(cccc2)ccc1
-27.84    -28.12      6.53      0.42      c1cc(OC)ccc1-n1cc2c(c(=NC(CCCCC)=O)[nH]c3c2cccc3)n1
-27.23    -27.86     35.10      0.77      C1(N=c2c3c([nH]cc2)cc(OC)cc3)CCC(CN2CCN(C)CC2)CC1
-32.09    -32.40     18.21      0.62      c1(CN(C)C)c2c(ccc1O)c1c([nH]c(=O)o1)cc2
-20.59    -20.76     34.26      0.67      c1(F)ccc(C2CC(c3ccc([N+]([O-])=O)cc3)=NO2)cc1
-41.07    -39.72    -21.38      0.22      C(c1cc2c(cc1)c(C)cc1c(C(=O)N=C(N)N)c[nH]c12)=CC(OCC)=O
-20.49    -20.50     23.59      0.54      [nH]1nc(C)sc1=NC(=O)C=Cc1c(OC)cccc1
Human-Component   raw_Human-Component
0.36451613903045654   0.36451613903045654   
0.3677419424057007   0.3677419424057007   
0.07096774131059647   0.07096774131059647   
0.21827957034111023   0.21827957034111023   
0.42258065938949585   0.42258065938949585   
0.7677419185638428   0.7677419185638428   
0.6172043085098267   0.6172043085098267   
0.6709677577018738   0.6709677577018738   
0.22365590929985046   0.22365590929985046   
0.5376344323158264   0.5376344323158264   

15:19:13: local_reinforcement_logger.timestep_report +41: INFO     
 Step 45   Fraction valid SMILES: 100.0   Score: 0.5000   Time elapsed: 61   Time left: 6.6
  Agent     Prior     Target     Score     SMILES
-31.52    -32.18     -1.76      0.37      NC(CCCc1ccc(CNC(c2cccn2C)=O)cc1)C
-38.60    -38.57     25.62      0.78      c1n(CCC2N(C)CCc3c2cccc3)ncc1-c1cccc2ccccc12
-23.17    -23.13     36.92      0.73      c1(N)ccc(CCCC[n+]2cccc(C)c2)cc1
-23.66    -23.51     33.45      0.69      n1c(-c2cc(F)c(O)c(Cl)c2)cnc2c1NC(=O)CC2
-26.10    -26.30     26.96      0.65      C1C2C(C)(C)C1c1c(O)n(-c3ccc(CCc4ccccc4)cc3)c(O)c12
-17.72    -18.04     32.39      0.62      c1cc(C2c3c(cccc3)CN(C)C(CC)=N2)ccc1
-20.34    -20.17     28.50      0.59      C1=C2OC(=N)C(C#N)C(c3ccc(SC)cc3)C2C(=O)CC1
-23.55    -23.34     23.30      0.57      N1(c2c(C)cccn2)CCC(Oc2cc(F)ccc2Cl)CC1
-33.07    -33.57      8.31      0.51      C(CO)(CC)C(Nc1cc2c(cc1)CCCN2C(c1ccccc1)=O)=O
-34.59    -34.47     10.58      0.55      OC(c1c(C)c(-c2nc(-c3cc[nH]c(=N)c3)c[nH]2)ccc1F)(C)C
Human-Component   raw_Human-Component
0.3709677457809448   0.3709677457809448   
0.7827957272529602   0.7827957272529602   
0.7322580814361572   0.7322580814361572   
0.6946236491203308   0.6946236491203308   
0.6494623422622681   0.6494623422622681   
0.6150537729263306   0.6150537729263306   
0.5935483574867249   0.5935483574867249   
0.5688171982765198   0.5688171982765198   
0.5107526779174805   0.5107526779174805   
0.5494623780250549   0.5494623780250549   

15:19:15: local_reinforcement_logger.timestep_report +41: INFO     
 Step 46   Fraction valid SMILES: 96.9   Score: 0.4844   Time elapsed: 62   Time left: 5.3
  Agent     Prior     Target     Score     SMILES
-32.04    -32.08     19.57      0.63      N1CN(C)C(C(=O)NC(c2cccc(F)c2)C)C1
-22.13    -21.98     -8.88      0.16      O(C)c1ccc(NC(=O)c2cnc(Cl)nc2C(F)(F)F)cc1Cl
-34.41    -34.41    -27.43      0.09      OC(C)(C1COC(=O)N1C(Cc1ccc(-c2ccccc2F)cc1)=O)C
-36.16    -36.55      0.49      0.45      C1(O)C(NC(C(C)C)C)c2cc(S(NC)(=O)=O)ccc2NC1
-35.06    -34.84      3.53      0.47      C1N(C(C2CCSCC2)=O)CCN(c2cc(-c3ccccc3C)nc(C(=O)NC(C(=O)N3CCN(C(=O)OCCCCC)CC3)CCC(O)=O)c2)C1
-50.63    -50.28    -27.84      0.27      Cc1c(O)ccc2cc(CCCCCOCCCOC(COCCOC)=O)cc(O)c21
-42.78    -42.60    -34.78      0.10      O=c1c(OCC=C2c3c(cccc3)-c3c2cccc3)c(Cl)cncc1NC(C)CCC
-25.90    -25.65     27.04      0.64      c1c(C(OCCCC)c2ccccc2)ccc(OC)c1OC
-26.13    -26.11     11.12      0.45      c1(=NC(c2nn(C)c(-c3ccc(C)cc3)c2C)=O)sc(C)c(C)[nH]1
-31.87    -31.73     -4.30      0.33      c1c(-c2ccccc2)ccc(C(Cl)(Cl)C(N2CCOCC2)=O)c1
Human-Component   raw_Human-Component
0.6298850774765015   0.6298850774765015   
0.15977011620998383   0.15977011620998383   
0.08505747467279434   0.08505747467279434   
0.4517241418361664   0.4517241418361664   
0.4678160846233368   0.4678160846233368   
0.2735632061958313   0.2735632061958313   
0.0954023003578186   0.0954023003578186   
0.6425287127494812   0.6425287127494812   
0.45402297377586365   0.45402297377586365   
0.33448275923728943   0.33448275923728943   

15:19:16: local_reinforcement_logger.timestep_report +41: INFO     
 Step 47   Fraction valid SMILES: 96.9   Score: 0.4844   Time elapsed: 63   Time left: 3.9
  Agent     Prior     Target     Score     SMILES
-24.05    -24.35     28.90      0.65      C1CCCc2c(c3c(cccc3)n2Cc2ccccc2)C1
-30.24    -31.43     24.37      0.68      C1CC(CN2CCN(c3nc4ccccc4[nH]c3=NCc3cc(OC)c(OC)c(OC)c3)CC2)C1
-42.99    -43.60      6.08      0.61      Clc1ccc(C(c2cc(Cl)ccc2NC(C(c2ccccc2)CCNCCNCCCCN)=O)=O)cc1
-32.27    -32.87     17.46      0.61      O(C1CN(CC(C)=NO)C1)c1ccc(Cl)cc1Cl
-28.54    -28.95     -6.90      0.27      c1(COc2cccn3c(C(O)=O)c(-c4ccc(C(=O)OC)cc4)nc32)ccccc1
-19.94    -20.33      2.48      0.28      N1(S(c2cccc(C(NC3CCCC3)=O)c2)(=O)=O)CCCCCC1
-20.92    -22.09     33.24      0.67      [nH]1c2c(cc(Cl)cc2)c(=NCCCN2CCN(CCCN(CC3CC3)C)CC2)cc1
-26.79    -27.62      9.24      0.45      c12oc(N3CCOCC3)cc(=O)c1cc(Cl)cc2NCc1cccnc1
-21.19    -21.10     27.82      0.60      c1cc(OCCn2c3ccccc3n(C)c2=N)ccc1Br
-32.64    -34.91     15.89      0.62      c1(S(=O)(n2c3c(c(C4CCN(CCCN5C(=O)CCc6cc(F)ccc65)CC4)ccc3)cc2)=O)ccc(F)cc1
Human-Component   raw_Human-Component
0.6494252681732178   0.6494252681732178   
0.6804597973823547   0.6804597973823547   
0.6057471036911011   0.6057471036911011   
0.6137930750846863   0.6137930750846863   
0.2689655125141144   0.2689655125141144   
0.2781609296798706   0.2781609296798706   
0.6747126579284668   0.6747126579284668   
0.44942528009414673   0.44942528009414673   
0.5965517163276672   0.5965517163276672   
0.6195402145385742   0.6195402145385742   

15:19:17: local_reinforcement_logger.timestep_report +41: INFO     
 Step 48   Fraction valid SMILES: 100.0   Score: 0.5000   Time elapsed: 65   Time left: 2.7
  Agent     Prior     Target     Score     SMILES
-28.01    -28.14      6.33      0.42      c1cc(C(=O)OCC2C(O)C(O)C(n3ccc(=O)[nH]c3=O)O2)c2cc(OC)ccc2c1
-22.67    -24.07     33.68      0.70      C(N1CC2CN(Cc3ccccc3)CC1CC2)(=O)c1ccc(F)cc1
-24.86    -25.01     28.60      0.65      c1c(OC)c(-c2nc(=NCCc3ccccc3OC)[nH]cc2)ccc1OC
-29.31    -29.45     -4.67      0.30      C(C1=Nc2n(ncn2)C(c2ccc(CC)cc2)C1C(OC)=O)N1CCOCC1
-30.65    -29.54    -10.23      0.24      n1c(C)cccc1C(NC(C(C)C)C(=O)NC(C)C(=O)N)=O
-27.83    -27.82     22.17      0.61      C(OC)CC(N=c1nc(-c2c(Cl)cccc2)[nH]cc1)C
-30.27    -29.83    -13.87      0.19      c1(=O)n2c(sc(C)c2C(N(C(C)C)CC)=O)nc2c1cccc2
-30.03    -30.81     -4.36      0.32      c1cc(CN2CCC(CCCOc3c(C)ccc(C(=O)N4CCCCC4)c3)CC2)ccc1
-22.82    -22.80     23.58      0.57      C(Cc1c(C(F)(F)F)cccc1)Nc1ccc(C(=O)O)cc1
-22.56    -21.80     12.67      0.42      C(=CC(=O)N(CC(=O)Nc1c(C)cccc1)CCC)c1ccccc1
Human-Component   raw_Human-Component
0.42043009400367737   0.42043009400367737   
0.7043010592460632   0.7043010592460632   
0.6537634134292603   0.6537634134292603   
0.30215054750442505   0.30215054750442505   
0.23548386991024017   0.23548386991024017   
0.6096774339675903   0.6096774339675903   
0.1946236491203308   0.1946236491203308   
0.32258063554763794   0.32258063554763794   
0.5655913949012756   0.5655913949012756   
0.42043009400367737   0.42043009400367737   

15:19:19: local_reinforcement_logger.timestep_report +41: INFO     
 Step 49   Fraction valid SMILES: 90.6   Score: 0.4531   Time elapsed: 66   Time left: 1.3
  Agent     Prior     Target     Score     SMILES
-19.85    -20.51     37.51      0.71      c1cc(C2c3c(c4c([nH]3)cccc4)CCN2)ccc1OC
-30.24    -29.78     23.26      0.65      c1(-n2nc(C)c3c(c2=O)c(F)ccc3)nc(C)nc(C2CC2)c1
-24.61    -25.79     30.18      0.68      n1(CCN2CCCCC2)c(C2CCN(c3c(CC)c(=N)nc[nH]3)CC2)nc(-c2cc(F)c(C#N)cc2)c1
-22.19    -22.11     12.93      0.43      c1(OC)cc2c(c3[nH]n(-c4ccccc4)c(=O)c3cn2)cc1
-22.35    -21.77     19.77      0.51      c1(=NC(Nc2ccccc2)=S)n(C)ccs1
-20.52    -20.85     28.07      0.60      Clc1ccc2c(c1)C(c1ccccc1Cl)=NCc1nnc(CN(C)C)n1-2
-32.74    -32.02     -5.23      0.33      c1c(Oc2c(CN3CC(F)(F)CC3C(=O)NS(=O)(=O)c3ccccc3)cccc2)cccc1
-31.11    -30.99    -30.99      0.00      c1ccc(Cl)c(COc2c3nc4c(cc(OC)c(OC)c4)c3ccc2)c1Cl
-20.78    -21.26     30.26      0.63      c12c(cccc1)[nH]c(-c1cc(OC)c(O)cc1)c2
-20.62    -22.26     26.44      0.59      c1c(C(N2CCN(CCc3ccncc3)CC2)C)coc1
Human-Component   raw_Human-Component
0.7076719403266907   0.7076719403266907   
0.64682537317276   0.64682537317276   
0.682539701461792   0.682539701461792   
0.42724868655204773   0.42724868655204773   
0.5066137313842773   0.5066137313842773   
0.5965608358383179   0.5965608358383179   
0.32671958208084106   0.32671958208084106   
0.0   0.0   
0.6283068656921387   0.6283068656921387   
0.5939153432846069   0.5939153432846069   

