14:04:40: local_reinforcement_logger.log_message +32: INFO     starting an RL run
14:04:41: local_reinforcement_logger.timestep_report +41: INFO     
 Step 0   Fraction valid SMILES: 100.0   Score: 0.4704   Time elapsed: 0   Time left: 0.0
  Agent     Prior     Target     Score     SMILES
-37.91    -37.91    -22.86      0.47      C1N(Cc2ccc(-c3c(CCCC)nn4c3ncc(-c3ccoc3)c4)s2)CCOC1
-35.63    -35.63    -20.66      0.47      N(c1c(C)c(C(O)=O)ccc1)=c1c2c(ccc(F)c2)nc(N2CCCNCC2)[nH]1
-24.59    -24.59     -9.49      0.47      c1(CN=c2[nH]c(=NC(=O)c3ccccc3)[nH]c3ccsc32)ccccc1
-26.98    -26.98    -12.11      0.46      C1N(Cc2ccccc2)CC2N(C1=O)C(C(=O)N=c1ccc(C)c[nH]1)CS2
-23.99    -23.99     -9.01      0.47      O=C(OCC(=O)Nc1ccccc1Br)CNS(c1ccc(Cl)cc1)(=O)=O
-34.29    -34.29    -19.07      0.48      c1cc(Cl)ccc1-c1c2c(ccc(O)c2C(N)=O)n(CCO)c1
-34.48    -34.48    -19.42      0.47      c1(C(C)C)cc2c(sc(S(=O)(=O)Nc3ccc(=O)[nH]c3F)c2C)cc1
-26.53    -26.53    -11.33      0.48      C1(C(=O)N2CCCC2)C(C)=NC(=N)C=C1C
-44.85    -44.85    -29.81      0.47      c1nc2cc(F)c(Cc3c4c(nc5ccccc35)CCC4)cc2nc1CCN1CCCCC1
-24.67    -24.67     -9.52      0.47      CCNC(=O)c1ccc(OC)c(OC2CCN(Cc3ccccn3)CC2)c1
Human-Component   raw_Human-Component
0.4701547920703888   0.4701547920703888   
0.4677116274833679   0.4677116274833679   
0.472063273191452   0.472063273191452   
0.46490952372550964   0.46490952372550964   
0.46814510226249695   0.46814510226249695   
0.47537025809288025   0.47537025809288025   
0.4708629548549652   0.4708629548549652   
0.4750620126724243   0.4750620126724243   
0.47010692954063416   0.47010692954063416   
0.4734176695346832   0.4734176695346832   

14:04:42: local_reinforcement_logger.timestep_report +41: INFO     
 Step 1   Fraction valid SMILES: 93.8   Score: 0.4410   Time elapsed: 1   Time left: 24.5
  Agent     Prior     Target     Score     SMILES
-34.84    -34.87    -19.84      0.47      c1(O)ccc(-c2oc(=O)c3c(-c4ccc(OC)c(OC)c4)n[nH]c3c2)cc1[N+](=O)[O-]
-23.51    -23.49     -8.31      0.47      c12n(cc(Cl)c3ccccc13)nc(-c1ccco1)n2
-23.05    -23.04     -7.93      0.47      c12c(ccnc1)nc(SCC(=O)NCCc1ccccc1)[nH]2
-25.61    -25.57    -10.69      0.47      FC(c1cc(Cl)c(NC(=O)CSc2nn3c(C)cc(C)nc3n2)cc1)(F)F
-42.87    -42.87    -27.99      0.47      s1c(C(N(C(=O)c2ccc([N+]([O-])=O)cc2)Cc2occc2)C=C)nnc1SCC(=O)N1CCOCC1
-33.09    -33.15    -18.17      0.47      c12c(nc(-c3ccncc3)c(=O)n1C(C1CC1)C)ccc(C1CCN(S(=O)(C)=O)CC1)c2
-29.91    -29.94    -14.97      0.47      C(c1ccc(F)cn1)=CC(=O)N1CCC2(Oc3ccccc3C(=O)C2)CC1
-30.60    -30.60    -15.53      0.47      [nH]1cc(O)n(C(C(=O)c2c(NC(=O)C)cccc2)CCC)c1=O
-28.64    -28.69    -13.54      0.47      C1CCCC(CCCCC[n+]2c3ccccc3c(N(C)C)cc2)(CC)O1
-35.02    -35.03    -19.85      0.47      S(=O)(CC)(N1c2ccccc2C2(CCN(Cc3c[nH]nn3)CC2)C1)=O
Human-Component   raw_Human-Component
0.469766765832901   0.469766765832901   
0.47443336248397827   0.47443336248397827   
0.4722677767276764   0.4722677767276764   
0.4650818705558777   0.4650818705558777   
0.4651641249656677   0.4651641249656677   
0.468190461397171   0.468190461397171   
0.4675743877887726   0.4675743877887726   
0.4711478352546692   0.4711478352546692   
0.4735623598098755   0.4735623598098755   
0.4744947552680969   0.4744947552680969   

14:04:42: local_reinforcement_logger.timestep_report +41: INFO     
 Step 2   Fraction valid SMILES: 100.0   Score: 0.4703   Time elapsed: 2   Time left: 32.0
  Agent     Prior     Target     Score     SMILES
-32.04    -31.90    -17.08      0.46      COc1c(OC)cc(-c2nc3cnc(SCC)nc3n(-c3cc(C)ccc3)c2=O)cc1OC
-24.75    -24.80     -9.48      0.48      c1ccc(Cl)c(Cl)c1N1CCN(CC2CCN(S(=O)(=O)C)CC2)CC1
-26.00    -26.03    -11.06      0.47      c1(=O)n(C2OC(CNC(=O)CNCCC)C(O)C2O)ccc(=N)[nH]1
-23.83    -23.88     -8.75      0.47      O=c1oc2c(OCCCCOc3ccccc3OC)cccc2cc1
-23.01    -23.05     -8.02      0.47      c1cc(COc2ccc(-c3oc(=O)[nH]n3)cc2OC)ccc1
-32.42    -32.43    -17.42      0.47      C(=O)(c1cc(O)ccc1)CC=NNC(=N)SC
-26.03    -26.02    -10.96      0.47      c1cc(-c2oc(C(=O)O)cc2)ccc1Oc1ccccc1[N+](=O)[O-]
-24.93    -25.05     -9.87      0.47      C1C2N(Cc3ccccc3)CCC(C)(C2C)c2c1cc(O)cc2
-34.75    -34.63    -19.85      0.46      O=C(N=c1[nH]cc2c(c1)[nH][nH]c2=NC(Cc1ccccc1)COC)C1CCCN1C(C)=O
-28.91    -28.99    -13.90      0.47      c1([N+]([O-])=O)nc2n(c1)CCC(CCN1CCOCC1)(c1ccc(Br)cc1)O2
Human-Component   raw_Human-Component
0.4629550278186798   0.4629550278186798   
0.4785667061805725   0.4785667061805725   
0.46783357858657837   0.46783357858657837   
0.4727020263671875   0.4727020263671875   
0.4694574773311615   0.4694574773311615   
0.46912989020347595   0.46912989020347595   
0.470723956823349   0.470723956823349   
0.47421354055404663   0.47421354055404663   
0.4619223177433014   0.4619223177433014   
0.47150182723999023   0.47150182723999023   

14:04:43: local_reinforcement_logger.timestep_report +41: INFO     
 Step 3   Fraction valid SMILES: 100.0   Score: 0.4708   Time elapsed: 2   Time left: 23.5
  Agent     Prior     Target     Score     SMILES
-49.90    -49.89    -34.99      0.47      c1c2c(c3c(S(=O)(=O)c4cc(C#N)ncc4)c1cccc3)C(OCC(F)(F)F)CO2
-26.35    -26.40    -11.26      0.47      c1c(C)ccc(CN(C(C)C(=O)O)S(c2c(F)cccc2)(=O)=O)c1
-33.66    -33.86    -19.04      0.46      c1(C)[nH]c(=NC(=O)C)sc1-c1oc(C2CN(C(=O)c3ccc(F)cc3)CCC2)nn1
-28.31    -28.39    -13.17      0.48      c1(CN(Cc2ccc(F)cc2)S(=O)(=O)c2ccc(S(=O)(NC3CC3)=O)cc2)cccc(F)c1
-31.15    -31.21    -16.15      0.47      C1OCC2(CN(c3nc4c(cccc4)cn3)CC2)CN(C)C1
-29.25    -29.27    -14.41      0.46      o1cccc1Cn1c(=Nc2ccc(C(OCC)=O)cc2)[nH]c2cc(C(OC)=O)ccc21
-25.07    -25.17     -9.94      0.48      C1C(NC(=O)C)C(C(=O)N)CC1CN
-23.96    -24.06     -8.97      0.47      C1OCCN(CCCOc2ccc(C(=O)CN3C(C)CCC3)cc2)C1
-23.03    -23.07     -8.07      0.47      c1cc(-c2c3cc(Cl)ccc3nc3[nH][nH]c(=N)c23)ccc1C
-27.33    -27.43    -12.35      0.47      c1([N+](=O)[O-])cc(C(=O)NNC(=O)Cc2ccc(O)cc2)cc([N+]([O-])=O)c1
Human-Component   raw_Human-Component
0.46556147933006287   0.46556147933006287   
0.4730553925037384   0.4730553925037384   
0.46312233805656433   0.46312233805656433   
0.47558122873306274   0.47558122873306274   
0.4704628586769104   0.4704628586769104   
0.46442973613739014   0.46442973613739014   
0.47598886489868164   0.47598886489868164   
0.4717969298362732   0.4717969298362732   
0.46860575675964355   0.46860575675964355   
0.47101056575775146   0.47101056575775146   

14:04:44: local_reinforcement_logger.timestep_report +41: INFO     
 Step 4   Fraction valid SMILES: 96.9   Score: 0.4560   Time elapsed: 3   Time left: 27.6
  Agent     Prior     Target     Score     SMILES
-24.95    -24.73     -9.54      0.47      c1(N2CCN(C(=O)c3n(CC(OCC)=O)nnn3)CC2)ccc(F)cc1
-20.76    -20.81     -5.77      0.47      OC(=O)CSc1[nH]c2nc(C)cc(C)c2c(=O)n1
-38.54    -38.48    -23.31      0.47      N1(CCN2CNC(NS(=O)(c3cc4c(cccc4)cc3)=O)=NC2)CC2Cc3c(cccc3)C2CC1
-39.52    -39.54    -24.45      0.47      c1cc(CC2(C(=O)NC(C)C)C(c3c(Cl)cc(Cl)cc3)CN(CC3CCNCC3)C2)ccc1Cl
-39.70    -39.67    -24.64      0.47      CC(CCCC(C)(NS(=O)(Oc1cccc(C[n+]2cc(CCC)ccc2)c1)=O)C)C
-40.42    -40.52    -25.48      0.47      C1N(c2nc(C)cn3c2ncc3C#N)CC2C(CN(C3CS(=O)(=O)CC3)C2)C1
-25.94    -25.93    -10.80      0.47      O=C(N1CCCCC1C)c1cc(C(C)C)oc1C
-35.30    -34.96    -19.95      0.47      c1c(Cl)c(Cl)c(Cn2c(C)c(-c3cccc(OCCCC(O)=O)c3)c(=O)n(CC(N)c3ccccc3)c2=O)c(Cl)c1
-22.00    -22.06     -7.03      0.47      c1c(F)c(-c2c[nH]c(=N)cn2)ccc1-c1c(S(=O)(=O)C2CCNCC2)nccc1
-29.01    -29.13    -13.82      0.48      Fc1cccc2c1C(=O)C(C=N)C(c1ccccc1)C2
Human-Component   raw_Human-Component
0.4747045338153839   0.4747045338153839   
0.47022899985313416   0.47022899985313416   
0.474211186170578   0.474211186170578   
0.47160208225250244   0.47160208225250244   
0.4699077904224396   0.4699077904224396   
0.46991822123527527   0.46991822123527527   
0.4729643762111664   0.4729643762111664   
0.46889832615852356   0.46889832615852356   
0.46966880559921265   0.46966880559921265   
0.47834086418151855   0.47834086418151855   

14:04:45: local_reinforcement_logger.timestep_report +41: INFO     
 Step 5   Fraction valid SMILES: 100.0   Score: 0.4709   Time elapsed: 4   Time left: 30.0
  Agent     Prior     Target     Score     SMILES
-40.95    -40.82    -25.92      0.47      c1c2c(n(C)cc2CC(=O)O)ccc1NC(CN1C(=O)N(CC(=O)C(C)(C)C)c2c(ccc(Cl)c2)S1(=O)=O)=O
-22.28    -22.34     -7.36      0.47      c1(OCc2nc3ccccc3cc2)cc2c(cc1)c(C(F)(F)F)cc(=O)o2
-28.62    -28.63    -13.71      0.47      O=C(c1c2n(c(-c3cc(C(F)(F)F)ccc3)ccn2)cc1)NC
-30.55    -30.61    -15.54      0.47      n1c(C)cc(C)nc1N1CCC2CNCC(C(=O)NC)(C1)C2
-33.17    -33.01    -18.05      0.47      O(c1c2c(ccc1)CCC(COC(C1CCCCC1)=O)N2C(=O)c1cc(C(F)(F)F)cc(C(F)(F)F)c1)C
-45.06    -45.13    -30.13      0.47      OCCNC(N1CCC2CC3(CC(=O)OCC)CC(=O)CC132)=S
-37.09    -36.99    -21.88      0.47      C1CNC(Cc2cc(C(C)CC)ccc2OC)C1c1ccc(CO)c(F)c1
-32.93    -32.82    -17.77      0.47      S(=O)(N(CC(=O)O)CCc1ccc2ccccc2c1)(CC12C(=O)CC(CC1)C2(C)C)=O
-20.10    -20.26     -5.13      0.47      n1c[nH]cc1CCCOC(c1ccc(F)cc1)=O
-27.74    -27.66    -12.48      0.47      c1c2c(cc(CCC(C)N)c1)OCC2=O
Human-Component   raw_Human-Component
0.4655381739139557   0.4655381739139557   
0.4681917130947113   0.4681917130947113   
0.4663044810295105   0.4663044810295105   
0.47092172503471375   0.47092172503471375   
0.4675259590148926   0.4675259590148926   
0.468572199344635   0.468572199344635   
0.47195687890052795   0.47195687890052795   
0.47039100527763367   0.47039100527763367   
0.47290530800819397   0.47290530800819397   
0.4742456078529358   0.4742456078529358   

14:04:46: local_reinforcement_logger.timestep_report +41: INFO     
 Step 6   Fraction valid SMILES: 100.0   Score: 0.4716   Time elapsed: 5   Time left: 31.4
  Agent     Prior     Target     Score     SMILES
-22.03    -22.19     -6.93      0.48      c1c2c(ccc1)-c1nn(CCN(C)C)c3ccc(N)c(c31)C2=O
-32.86    -32.98    -17.82      0.47      c1(-c2sc3c(n2)cc(C)cc3)cn2cc(CN3CCN(C)CC3)cnc2n1
-30.35    -30.33    -15.36      0.47      c1(O)c(NCC2OCCN(C)C2)cc(O)n1-c1cnccc1
-26.01    -26.24    -11.17      0.47      C1CC2(C)C3CCC4(C)C(NCc5nnn(Cc6ccccc6)c5)CCC4C3CC=C2CC1O
-33.99    -34.15    -18.94      0.48      C1(=O)C(Cl)CCCN1N=c1n(C)[nH]nn1
-34.79    -34.51    -19.45      0.47      [nH]1c(-c2ccc(Cl)cc2Cl)csc1=NC(CNCCCN1CCN(c2c(C)c(C)ccc2)CC1)=O
-20.61    -20.69     -5.53      0.47      Cc1onc(C)c1CS(=O)(c1ccccc1)=O
-24.19    -24.46     -9.39      0.47      CC1(C)C(c2ccc(C(O)=O)cc2)=Nn2c(nnc2-c2ccccc2)S1
-36.86    -36.59    -21.53      0.47      c1(-c2ccc(OCC)nc2)c2c(n(CC(F)(F)F)n1)[nH]ccc2=NC1CCC(N)CC1
-38.36    -38.08    -23.19      0.47      C(N1C(=O)C2(CC(=O)N(NC(=O)c3c(C)[nH]c(=NC(=O)OCC)s3)C2=O)c2ccccc21)C(=O)N
Human-Component   raw_Human-Component
0.47693702578544617   0.47693702578544617   
0.4737336337566376   0.4737336337566376   
0.4678323268890381   0.4678323268890381   
0.4708646833896637   0.4708646833896637   
0.4752490818500519   0.4752490818500519   
0.47079983353614807   0.47079983353614807   
0.4738052487373352   0.4738052487373352   
0.471057653427124   0.471057653427124   
0.47067537903785706   0.47067537903785706   
0.4653090238571167   0.4653090238571167   

14:04:46: local_reinforcement_logger.timestep_report +41: INFO     
 Step 7   Fraction valid SMILES: 100.0   Score: 0.4712   Time elapsed: 5   Time left: 26.9
  Agent     Prior     Target     Score     SMILES
-22.99    -23.48     -8.38      0.47      c1ccccc1C1=C(C(=O)CC)C(=O)NC(c2ccccc2)=N1
-27.18    -27.20    -12.05      0.47      O=C(N)C1CCN(C2CC(c3ccc(C)cc3)c3c2cccc3)CC1
-28.39    -28.26    -13.24      0.47      C(C1C(=O)c2c(ccc(O)c2)C1=O)(NCc1ccc(C(F)(F)F)cc1)=O
-26.17    -26.39    -11.20      0.47      CC(CC(c1ccc(O)cc1)C(C)C)CCC
-43.10    -43.00    -28.03      0.47      N1(C)CC(NC(c2ccc(-c3ccnc4ccc(C)nc43)cc2-c2ccccc2)=O)CCC1
-26.00    -26.00    -10.75      0.48      c1c(CN2CCC(c3c4c(=O)n(C)c(=O)n(C)c4[nH]c3)CC2)cccc1
-50.86    -50.34    -35.44      0.47      N1(C(CC)=O)Nc2c(=O)n(CC3CC3)c(=O)[nH]c2NC1N=CNCc1cc(O)c(OC(F)(F)F)cc1
-32.77    -32.84    -17.68      0.47      C1C2C(C)(C3CCC4(C)C(C3CC2)CCC4(CNCCCCN)O)CCC1
-41.01    -41.45    -26.46      0.47      C1(C)(C)C2(C=Cc3ccc(Cl)c(Cl)c3)NC(=O)C(C=Nc3sc4c(cccc4)n3)=C2SC1
-37.63    -37.71    -22.53      0.47      C(O)(CC(OC1CC2CCC([N+]2(CCF)C)C1)=O)c1ccc2ccccc2c1
Human-Component   raw_Human-Component
0.47203734517097473   0.47203734517097473   
0.47368258237838745   0.47368258237838745   
0.4696558713912964   0.4696558713912964   
0.4747207462787628   0.4747207462787628   
0.467900812625885   0.467900812625885   
0.47636014223098755   0.47636014223098755   
0.46541038155555725   0.46541038155555725   
0.4735437035560608   0.4735437035560608   
0.4683827757835388   0.4683827757835388   
0.47458088397979736   0.47458088397979736   

14:04:47: local_reinforcement_logger.timestep_report +41: INFO     
 Step 8   Fraction valid SMILES: 96.9   Score: 0.4562   Time elapsed: 6   Time left: 28.0
  Agent     Prior     Target     Score     SMILES
-32.81    -32.47    -17.48      0.47      C12N(C(=O)C1NC(C(C)CS)=O)C(C(NC(C(=O)O)CC(O)=O)=O)CC2
-27.33    -27.22    -12.34      0.47      c1(Oc2cccc(C=NNC(c3c(C)c(C)sc3)=O)c2)ccc([N+](=O)[O-])cc1
-19.45    -19.49     -4.33      0.47      c1(O)c2c(c(O)n1NC(c1ccccc1)=O)CCCC2
-32.43    -32.42    -17.35      0.47      C(c1cnccc1)C(C)N=c1nc[nH]c(Cc2c(C)ccc(C)c2)c1
-23.96    -24.10     -9.13      0.47      c1cc(NC(=O)CN(S(c2c(C)nn(C)c2C)(=O)=O)C)ccc1OC
-23.65    -23.76     -8.49      0.48      N1(Cc2ccn(C)c(=O)c2)CCC(O)(c2ccc(Cl)cc2)CC1
-32.33    -32.34    -17.44      0.47      C1N(C(c2cc(OC)c(OC)cc2)=O)CCC12CN(Cc1cc(F)ccc1)C(=O)CN2C
-22.56    -22.86     -7.98      0.46      C1CC(NC(=O)C(NCC2N(S(=O)(=O)c3ccc(OC)cc3)CCCO2)=O)CC1
-28.04    -27.96    -12.79      0.47      c1(Br)ccc(-n2c(=N)c(-c3ccc(Cl)cc3)c(CSc3[nH]c4ccccc4n3)[nH]2)cc1
-26.66    -26.76    -11.71      0.47      C1(C(OC(C)C)=O)C(C)=NC(C)=C(C(OC)=O)C1CCCCCCC
Human-Component   raw_Human-Component
0.4683985710144043   0.4683985710144043   
0.46510645747184753   0.46510645747184753   
0.4736629128456116   0.4736629128456116   
0.47097301483154297   0.47097301483154297   
0.46761399507522583   0.46761399507522583   
0.4772942066192627   0.4772942066192627   
0.46554940938949585   0.46554940938949585   
0.46497270464897156   0.46497270464897156   
0.4742806851863861   0.4742806851863861   
0.4704216718673706   0.4704216718673706   

14:04:48: local_reinforcement_logger.timestep_report +41: INFO     
 Step 9   Fraction valid SMILES: 100.0   Score: 0.4716   Time elapsed: 7   Time left: 28.7
  Agent     Prior     Target     Score     SMILES
-20.28    -20.32     -5.37      0.47      c1(=NC(=O)CN2C(=O)c3ccccc3S2(=O)=O)cc(C)cc[nH]1
-25.04    -25.34    -10.24      0.47      C1CC(S(c2ccc(OC)cc2)(=O)=O)(C(=O)NCCC)CC1
-39.17    -39.22    -24.15      0.47      C(c1cc2cc(OC)ccc2[nH]1)CC(=O)N=C(C(NC(c1ccccc1)C)O)C(C)C
-27.73    -27.88    -12.52      0.48      N(C)(C)CC1NC(CCCCN)CN1
-21.75    -21.98     -6.91      0.47      c1c(C(=O)Nc2c(C)cccc2C)sc2c1cccc2
-20.77    -20.87     -5.74      0.47      COc1ccc(C2=C(c3ccc(OC)c(N)c3)C(=O)N(C)C2=O)cc1
-21.80    -21.97     -6.91      0.47      c1c(C=Cc2coc3ccccc3c2=O)ccc([N+]([O-])=O)c1
-26.21    -26.49    -11.38      0.47      c1cc(Oc2ccc3ccc(=O)oc3c2)c2c(nccc2)c1
-47.67    -47.58    -32.76      0.46      c1ccc(CC(C(NC(CCCN=C(N)N)C(NC(C)C(=O)NC2C(=O)NCC(OC(CCCCCCCCC(=O)O)=O)CC2)=O)=O)NC(C)=O)cc1
-35.08    -34.72    -19.84      0.47      O=S(=O)(c1cc(C(NC(C(OCC)=O)C)=O)ccc1Br)Nc1cc(C)cc(C)c1
Human-Component   raw_Human-Component
0.466900497674942   0.466900497674942   
0.4718594551086426   0.4718594551086426   
0.4708413779735565   0.4708413779735565   
0.4798116087913513   0.4798116087913513   
0.47083768248558044   0.47083768248558044   
0.4728148877620697   0.4728148877620697   
0.47051098942756653   0.47051098942756653   
0.4722353219985962   0.4722353219985962   
0.4631979763507843   0.4631979763507843   
0.46500280499458313   0.46500280499458313   

14:04:49: local_reinforcement_logger.log_message +32: INFO     Resetting Agent
14:04:49: local_reinforcement_logger.log_message +32: INFO     Adjusting sigma to: 82
14:04:49: local_reinforcement_logger.timestep_report +41: INFO     
 Step 10   Fraction valid SMILES: 96.9   Score: 0.4563   Time elapsed: 8   Time left: 29.1
  Agent     Prior     Target     Score     SMILES
-25.89    -25.95    -10.81      0.47      n1c(SCCC)nc2n(CCCc3ccccc3)c3ccccc3c2n1
-29.35    -29.59    -14.45      0.47      C12CC(NC(=O)CCCN3CCOCC3)CC(C1)N(CCc1ccccc1)C2
-19.87    -20.14     -4.94      0.48      c1cccc2c1c1n(c(C)nn1)c(C)n2
-26.74    -26.61    -11.76      0.46      c1(=NCc2ncc(Cl)nc2)c2ncn(C3OC(C(=O)NCC)C(O)C3O)c2nc[nH]1
-32.63    -32.38    -17.38      0.47      N(C(c1cc([N+]([O-])=O)c(C)cc1)=O)c1c(C)c(-c2[nH]c3ccccc3c(=O)c2)ccc1
-35.59    -35.24    -20.15      0.47      C(=NS(N)(=O)=O)c1ccc(C(N(CC(F)F)C)=O)cc1
-43.13    -43.39    -28.44      0.47      c1(OC)ccc(-c2ccc(CC(C(=O)NC(C(=O)NCc3ccc(CN)cc3)CCCNC(N)=NCc3c4ccccc4[nH]c3)=O)cc2)cc1
-33.36    -33.15    -18.09      0.47      C12(C)C3(C)C(C(O)CC1C1CC(c4cc(O)oc4O)OC(=O)C1(C)CC2)C(C)(C)C(=O)CC3
-20.06    -20.29     -5.06      0.48      c1cc(Cl)ccc1CCNC(=O)CCCc1c[nH]c2ccccc21
-29.01    -29.36    -14.26      0.47      C1(C(=O)N)CCN(Cc2onc(C(c3ccc(Cl)cc3)OC)c2)CC1
Human-Component   raw_Human-Component
0.4731535315513611   0.4731535315513611   
0.47307050228118896   0.47307050228118896   
0.47506922483444214   0.47506922483444214   
0.46423837542533875   0.46423837542533875   
0.4687046706676483   0.4687046706676483   
0.47178834676742554   0.47178834676742554   
0.4671112596988678   0.4671112596988678   
0.4703642725944519   0.4703642725944519   
0.4760341942310333   0.4760341942310333   
0.4718300402164459   0.4718300402164459   

14:04:51: local_reinforcement_logger.timestep_report +41: INFO     
 Step 11   Fraction valid SMILES: 100.0   Score: 0.4695   Time elapsed: 10   Time left: 32.5
  Agent     Prior     Target     Score     SMILES
-29.07    -29.07      9.94      0.48      c1c(-c2scnc2N=Nc2ccccc2O)ccc(Cl)c1
-21.34    -21.34     17.68      0.48      O1C(CO)C(O)C(O)C(O)C1OC1OC=CC2C(O)OCC21
-25.49    -25.49     13.42      0.47      O(c1ccccc1)c1ccc2c(c1)C(=O)NC1CCCN1C2=O
-20.72    -20.72     17.42      0.47      FC(F)(c1cccc(N2c3c(cc(S(N=c4scc[nH]4)(=O)=O)cc3)OCC2)c1)F
-22.27    -22.27     16.16      0.47      C1C(N)CCN(c2cnc(N=c3nc4c(cc(C(=O)N(C)C)n4C4CCCC4)c[nH]3)cc2)C1
-34.79    -34.79      3.39      0.47      O=C(C1C(C)=Nc2nc(SC)nn2N1Cc1cc2c(cc1)OCO2)NC1CCCCC1
-26.05    -26.05     12.46      0.47      c1c(NC(=O)C)ccc(S(N2CCN(CCNS(=O)(C)=O)CC2)(=O)=O)c1
-27.72    -27.72     11.45      0.48      O=C(NC(CO)CCO)N(C(C)C)C
-29.68    -29.68      8.48      0.47      c1cc(OC)c2n(CC(O)=O)c(C)c(Cc3nc(-c4ccc(F)c(C)c4)cs3)c2c1
-33.21    -33.21      5.02      0.47      FC(c1cc(C(N2CCC(c3ccc(C#N)cc3)CC2)=O)cc(N=c2[nH]cnc3ccncc23)c1)(F)F
Human-Component   raw_Human-Component
0.4756576120853424   0.4756576120853424   
0.4757988154888153   0.4757988154888153   
0.4745902121067047   0.4745902121067047   
0.4650232195854187   0.4650232195854187   
0.4686543941497803   0.4686543941497803   
0.4656558334827423   0.4656558334827423   
0.4696628153324127   0.4696628153324127   
0.47761771082878113   0.47761771082878113   
0.46536704897880554   0.46536704897880554   
0.4662608504295349   0.4662608504295349   

14:04:52: local_reinforcement_logger.timestep_report +41: INFO     
 Step 12   Fraction valid SMILES: 96.9   Score: 0.4564   Time elapsed: 11   Time left: 32.2
  Agent     Prior     Target     Score     SMILES
-29.04    -29.11      9.55      0.47      C1N(c2ccc(-c3cc4c(-c5cncc(N6CCN(C)CCC6)n5)c[nH]c4nc3)cc2)CCOC1
-29.44    -29.38      8.98      0.47      C(C(NC(C(=O)N1CCCC1C(=O)OCc1ccccc1)Cc1ccc(O)cc1)=O)Cl
-26.46    -26.51     12.00      0.47      C1CN(c2c(C)cccc2)CCN1C(CN(S(=O)(c1sccc1)=O)c1ccc(OC)cc1)=O
-30.09    -29.97      8.58      0.47      c1c(NC(=O)c2c(S(CCCCCCCCCC)(=O)=O)cccc2)ccc(C(=N)N)c1
-22.38    -22.38     16.64      0.48      C(CNC)C(N(c1ccccc1)c1ccccc1)=O
-21.90    -21.94     16.75      0.47      c1cc(F)ccc1NCc1c(Br)cc2c(c1)OCO2
-30.00    -29.97      9.11      0.48      C(O)(c1cc(-c2ccc(OS(=O)(=O)N)cc2)c2ccc(Cl)cc2c1)=O
-36.66    -36.67      1.45      0.46      c1(C(OCCCCC)=O)ccc(N=c2[nH]c(=Nc3cc(NC(c4ccccc4)=O)ccc3)[nH]c(=NCc3ccccc3)[nH]2)cc1
-26.14    -26.13     13.10      0.48      c1(N)c[n+](CCCCCCCCCCCCCC)cc2c1CCCC2
-23.07    -23.07     15.88      0.47      OC(=O)C(=NC(c1ccccc1F)=O)Cc1sccc1
Human-Component   raw_Human-Component
0.4714992940425873   0.4714992940425873   
0.4677850604057312   0.4677850604057312   
0.46964749693870544   0.46964749693870544   
0.4701436758041382   0.4701436758041382   
0.47590455412864685   0.47590455412864685   
0.4717825651168823   0.4717825651168823   
0.4766250252723694   0.4766250252723694   
0.464816689491272   0.464816689491272   
0.4784632921218872   0.4784632921218872   
0.47496339678764343   0.47496339678764343   

14:04:53: local_reinforcement_logger.timestep_report +41: INFO     
 Step 13   Fraction valid SMILES: 90.6   Score: 0.4260   Time elapsed: 12   Time left: 31.7
  Agent     Prior     Target     Score     SMILES
-26.42    -26.39     12.35      0.47      Oc1c2c(O)cc(OC(=O)CCC=CCC=CCC=CCC=CCC=CCC=CCC)cc2ccc1
-24.47    -24.50     14.31      0.47      c1(C)ccc(-c2ccc(NC(NCCCN3CCOCC3)=S)cc2)cc1
-28.32    -28.32     10.23      0.47      C1(C(=O)N2CCN(C(=O)c3oc4c(c3)cc(C)cc4OC)CC2)CC1
-23.73    -23.72     15.02      0.47      CC(=O)NCC1(c2ccccc2OC)CCC1
-22.90    -22.93     14.73      0.46      c1cc(-n2[nH]c(C(C)(C)C)cc2=NC(=O)Nc2c3c(c(Oc4ccnc5[nH]c(=O)[nH]c54)ccc3)ccc2)ccc1C
-33.02    -33.03      5.06      0.46      O=C(c1cc2c(s1)CCCCC2)Nc1c(-c2nc3sc4c(c3c(OC)c2)cccc4)cccc1
-22.47    -22.46     16.21      0.47      C1CC(CCNC(CSc2n(N)cnn2)=O)=CCC1
-32.26    -32.12      6.11      0.47      c1c(-c2ccc(F)cc2)nn(-c2ccccc2NC(=O)COC(C)=O)c1-c1ccccc1
-25.58    -25.60     12.99      0.47      c1cc(NC(NCC(c2ccc(C(C)(C)C)cc2)O)=S)ccc1OC
-27.45    -27.66     11.64      0.48      C(CO)n1c(C)c(CN2CCCC2)c2ccccc12
Human-Component   raw_Human-Component
0.4724072813987732   0.4724072813987732   
0.47336259484291077   0.47336259484291077   
0.4700550436973572   0.4700550436973572   
0.47239047288894653   0.47239047288894653   
0.45929762721061707   0.45929762721061707   
0.46443745493888855   0.46443745493888855   
0.4716566205024719   0.4716566205024719   
0.46618783473968506   0.46618783473968506   
0.4706021845340729   0.4706021845340729   
0.47922438383102417   0.47922438383102417   

14:04:54: local_reinforcement_logger.timestep_report +41: INFO     
 Step 14   Fraction valid SMILES: 93.8   Score: 0.4412   Time elapsed: 13   Time left: 31.2
  Agent     Prior     Target     Score     SMILES
-28.75    -28.80     10.06      0.47      C1c2n3cc(C=O)c(CC)nc3nc2CCC1
-22.37    -22.36     16.46      0.47      c1(C)oc(=O)c(C(=O)O)cc1CC
-28.32    -28.19     10.29      0.47      C1N(C)C(=O)C(C#Cc2c(F)cc3c(c2)-c2n(cc(C(=O)N)n2)CCO3)(CO)C1
-39.16    -39.13    -39.13      0.00      S(NCCN(CCN)CCNC(=O)c1c2c3c(nc(C4CCC4)n2n1)-c1ccccc1C3=O)(=O)(=O)C
-28.97    -29.00      9.44      0.47      Cc1ccc(C(c2sc3n(c2O)nc(-c2occc2)n3)N2CCN(Cc3ccc4c(c3)OCO4)CC2)s1
-34.66    -34.44      3.79      0.47      Cc1cc(NC(=O)OC(C(NN=C(c2cccc([N+](=O)[O-])c2)C)=O)C)ccc1C
-42.03    -42.05     -3.52      0.47      c1([N+](=O)[O-])oc(CN(CC[N+](C)(C)CCCCCCCCNC(=O)COC2OC(CO)C(O)C(O)C2O)C)cc1
-27.33    -27.35     11.59      0.47      c12ccc3c(cc(N)cc3)c1oc(=O)c(=O)[nH]2
-29.16    -29.29      9.50      0.47      c1c(C2(O)CCN(CCCC3(c4ccc(F)cc4)c4ccc(OC)cc4CNC3)CC2)cccc1
-32.70    -32.59      5.83      0.47      N1(C(c2c(C)[nH]c(-c3ccccc3)n2)=O)CCC(c2cc(OC)ccc2OC)C1
Human-Component   raw_Human-Component
0.47394758462905884   0.47394758462905884   
0.4733550548553467   0.4733550548553467   
0.46923375129699707   0.46923375129699707   
0.0   0.0   
0.46876227855682373   0.46876227855682373   
0.4661809504032135   0.4661809504032135   
0.46985432505607605   0.46985432505607605   
0.4748043715953827   0.4748043715953827   
0.4731065034866333   0.4731065034866333   
0.468492329120636   0.468492329120636   

14:04:55: local_reinforcement_logger.timestep_report +41: INFO     
 Step 15   Fraction valid SMILES: 96.9   Score: 0.4554   Time elapsed: 14   Time left: 30.6
  Agent     Prior     Target     Score     SMILES
-35.28    -35.39      3.36      0.47      c1ccccc1C(c1cc(O)cc(C(c2ccc3c(c2)C(C)(C)CCC3(C)C)=C)c1)C
-24.13    -23.94     14.48      0.47      C(NCC(O)=O)(c1c(NC(=O)c2nc(C3CC3)c[nH]c2=Nc2cncnc2)cncc1)=O
-26.16    -26.29     12.29      0.47      n1c(C)sc2ncc(C(Nc3cnccc3)=O)cc12
-35.08    -35.09      3.61      0.47      c1ccc2c(C)cc(O)c(CNC3C(O)C(O)C(O)C(C)O3)c2n1
-35.22    -35.06      3.61      0.47      CCc1c(CCC)sc(C(=O)CCC(=O)Nc2ccc(Cl)cc2Cl)n1
-43.12    -42.98     -4.49      0.47      N(C(=O)C(=O)NC1CCOC1=O)C(c1nc2cc(F)c(F)cc2c(=O)n1-c1ccccc1)c1ccc(F)cc1
-29.57    -29.56      8.82      0.47      c1(C(=O)Nc2ccccc2F)c(NC(c2ccco2)=O)csc1
-30.80    -30.84      7.92      0.47      O=C(CCC)N(c1cc(Cl)ccc1N1CCN(c2c(OC)cccc2)CC1)CC
-31.64    -31.75      6.80      0.47      c1cccc2c1c(C(NNC(c1cc(C)ccc1)=O)=O)c1cnccc1n2
-28.37    -28.25      9.93      0.47      C(=O)(CNS(=O)(=O)c1cc(-c2onc(C)c2)ccc1C)Nc1cccc(Cl)c1
Human-Component   raw_Human-Component
0.47253718972206116   0.47253718972206116   
0.46860232949256897   0.46860232949256897   
0.4705404043197632   0.4705404043197632   
0.4720119535923004   0.4720119535923004   
0.471634179353714   0.471634179353714   
0.4693920612335205   0.4693920612335205   
0.46812185645103455   0.46812185645103455   
0.47267699241638184   0.47267699241638184   
0.47009825706481934   0.47009825706481934   
0.46563902497291565   0.46563902497291565   

14:04:56: local_reinforcement_logger.timestep_report +41: INFO     
 Step 16   Fraction valid SMILES: 96.9   Score: 0.4554   Time elapsed: 15   Time left: 30.0
  Agent     Prior     Target     Score     SMILES
-27.01    -27.06     11.81      0.47      c1(N2Cc3c(-c4ccc(C)cc4)nn(C)c3CC2)nc(C)cc(C)n1
-24.47    -24.44     14.08      0.47      O=C(Cc1ccccc1OC)Nc1ccc(C(Nc2ccc(OCC)cc2)=O)cc1
-31.78    -31.45      6.87      0.47      c1cc2c([N+](=O)[O-])ccc(OCC(=O)OCC(=O)N(C)C3CCS(=O)(=O)C3)c2cc1
-41.79    -41.83     -3.49      0.47      CC12CC(O)C(O)CC1CC(C(C)=CCCc1ccn(C)n1)C(C(O)=O)C2
-27.64    -27.70     10.82      0.47      c1(C)ccc(NC(=O)Nc2c(C(=O)N)c3c(s2)C[N+]([O-])(C)C3)cc1
-37.62    -37.81      0.21      0.46      c1c(-c2nc(C(N=c3[nH]c(N4C(=O)OCC4C(C)O)c(F)c(F)c3)C)ccc2F)ccc(Cl)c1
-36.58    -36.58      2.42      0.48      C1C2Sc3c(cc(Br)c(Br)c3)OC2C(CO)C1O
-18.68    -18.75     20.36      0.48      c1(-c2ccccc2)c(SC)snn1
-24.67    -24.80     13.95      0.47      OC1C(n2cc(COC(c3ccccc3)=O)nn2)C2OC(C)(C)OC2O1
-22.23    -22.16     16.55      0.47      c1ccc(CC(C(OCC)=O)=NC(=O)c2ccccc2)c(C)c1
Human-Component   raw_Human-Component
0.4741003215312958   0.4741003215312958   
0.46971845626831055   0.46971845626831055   
0.46724727749824524   0.46724727749824524   
0.46757516264915466   0.46757516264915466   
0.4697657525539398   0.4697657525539398   
0.46368131041526794   0.46368131041526794   
0.47569146752357483   0.47569146752357483   
0.47699904441833496   0.47699904441833496   
0.47259530425071716   0.47259530425071716   
0.472099244594574   0.472099244594574   

14:04:57: local_reinforcement_logger.timestep_report +41: INFO     
 Step 17   Fraction valid SMILES: 96.9   Score: 0.4554   Time elapsed: 16   Time left: 29.3
  Agent     Prior     Target     Score     SMILES
-33.51    -33.65      5.02      0.47      C(NC1CC2CCCC(N2CC(N2CCCC2)c2ccccc2)C1)(=O)CCCc1ncccc1
-48.48    -48.44    -10.06      0.47      N(C(=O)C(CC)C1CCCC2CN1S(=O)(=O)N(CCC)C2)c1c(F)cc(F)cc1
-28.16    -28.46     10.03      0.47      C1CN(c2cccc(C)c2)CCN1C(C1CCC(Cn2c(=O)n(C)c3c2ccs3)CC1)=O
-32.00    -31.94      6.79      0.47      c1cccc(C(c2ccccc2SC)C(=O)NCCc2cccc(Cl)c2)c1
-28.65    -28.53      9.96      0.47      c1(OCCN(C)C)nc(-c2ccccc2)nc(SCCc2c[nH]cn2)c1
-37.95    -37.92      0.39      0.47      n1c2c(ccc1)nc(-c1ccc(Cn3c(C(CCC)N)nc4c(cccc4)c3=O)cc1)s2
-32.03    -31.95      6.98      0.47      c1(-c2[nH]nc(OC)c2C(=O)NC)ccc(OC)nc1
-23.39    -23.71     15.45      0.48      n1n(C)c(SCC2CCCCN2C)nn1
-27.73    -27.74     10.76      0.47      N(C(=O)C1CCCN1C(=O)Nc1cccc(C)c1)(C)Cc1ccccc1F
-34.40    -34.41      3.93      0.47      N(c1c(C)ccc(S(Nc2ccccc2)(=O)=O)c1)C(NCC(O)CC)=O
Human-Component   raw_Human-Component
0.47153231501579285   0.47153231501579285   
0.468061625957489   0.468061625957489   
0.469345360994339   0.469345360994339   
0.4722360074520111   0.4722360074520111   
0.46937304735183716   0.46937304735183716   
0.4672321379184723   0.4672321379184723   
0.474810391664505   0.474810391664505   
0.4776162803173065   0.4776162803173065   
0.4695788323879242   0.4695788323879242   
0.4675931930541992   0.4675931930541992   

14:04:58: local_reinforcement_logger.timestep_report +41: INFO     
 Step 18   Fraction valid SMILES: 100.0   Score: 0.4706   Time elapsed: 17   Time left: 28.6
  Agent     Prior     Target     Score     SMILES
-31.19    -31.07      7.71      0.47      c1c(OC)ccc(-c2nc3n(c2-c2ccc(O)c(F)c2)CC(C)S3)c1
-17.26    -17.29     21.88      0.48      c1c(Br)ccc(C(NN)=O)c1
-19.93    -19.84     18.85      0.47      O(c1ccc(C=CC(=O)c2ccc(O)c(CC=C(C)C)c2O)cc1)C
-25.50    -25.42     13.32      0.47      n1c(N2CCC(C#N)(c3ccccc3)CC2)cc(=NC2CC2)n2[nH]cc(C#N)c12
-27.54    -27.74     11.11      0.47      C1CCCN1CCCCCN(C)C(Cc1ccc(OC)cc1)=O
-19.95    -20.03     18.69      0.47      s1c2c(c(=NC3CCCCC3)[nH]cn2)cc1
-27.15    -27.24     11.10      0.47      [nH]1c2c(ccs2)c(=O)nc1CCC(NCc1ccccc1OCC)=O
-33.85    -33.92      4.31      0.47      c1(OC)ccc(-c2oc(=NC(=O)c3cccc4c3CN(c3ccc(-c5c[nH]nc5)cc3)CC4)[nH]n2)cc1C
-46.71    -46.54     -8.12      0.47      O=C(C1(CC)CC(C(F)(Cl)F)OCC1)N1CCN(C2c3ncc(C(=O)O)cc3NC(c3ccccc3)C2)CC1
-31.82    -31.80      6.52      0.47      c1c(N=CC2C(=O)C(C)CCC2)ccc(N=c2scc(C(O)=O)[nH]2)c1
Human-Component   raw_Human-Component
0.4729698896408081   0.4729698896408081   
0.47769734263420105   0.47769734263420105   
0.4718345105648041   0.4718345105648041   
0.4723774790763855   0.4723774790763855   
0.47370269894599915   0.47370269894599915   
0.47220009565353394   0.47220009565353394   
0.46753111481666565   0.46753111481666565   
0.4662269651889801   0.4662269651889801   
0.46859732270240784   0.46859732270240784   
0.467376172542572   0.467376172542572   

14:04:59: local_reinforcement_logger.timestep_report +41: INFO     
 Step 19   Fraction valid SMILES: 96.9   Score: 0.4554   Time elapsed: 18   Time left: 27.9
  Agent     Prior     Target     Score     SMILES
-24.17    -24.15     14.55      0.47      Cc1ccc(CC23C(=CC(=O)CC2)CCN(S(=O)(c2ccc(C)cc2)=O)C3)cc1
-33.20    -32.94      5.50      0.47      c1c(F)c(Nc2ccc(C(C)(C)CO)cc2)c(C(=O)NOCC)cc1
-19.34    -19.19     19.68      0.47      O(C)c1c(OC)c(OC)cc(C(c2[nH]c3c(cccc3)c2)=O)c1
-24.35    -24.21     14.02      0.47      c1(O)n(-c2cc3c(cc2)OCCO3)c(O)c(Nc2ccc(C)c(C)c2)c1
-26.04    -26.20     12.34      0.47      O=C(c1c(=Nc2c(OC)cccc2)[nH]nc(-c2ccccc2)c1)O
-21.62    -21.75     16.78      0.47      c1c(C(F)(F)F)cc(S(=O)(N=c2scc[nH]2)=O)cc1
-30.35    -30.56      7.83      0.47      c1c(N(C)c2ccc(CCCCCC)cn2)ccc(F)c1C(O)=O
-29.69    -29.66      8.89      0.47      c1cc(COc2c(OC)ccc(CSc3oc4c(cccc4)n3)c2)cc(F)c1
-23.03    -22.69     15.90      0.47      C1(C)CC(=Nc2c(F)cc(F)cc2)C(=O)c2ccccc21
-42.03    -41.32     -3.29      0.46      c1(C)cc(OC(c2c(=Nc3ccc(OC(F)(F)F)cc3)[nH]c(C(F)(F)F)cc2)=O)c2c(=O)n(C)c(=O)n(C)c2n1
Human-Component   raw_Human-Component
0.47200697660446167   0.47200697660446167   
0.4688650071620941   0.4688650071620941   
0.4739677309989929   0.4739677309989929   
0.4663112759590149   0.4663112759590149   
0.469991534948349   0.469991534948349   
0.46983233094215393   0.46983233094215393   
0.46807312965393066   0.46807312965393066   
0.4701221287250519   0.4701221287250519   
0.470587819814682   0.470587819814682   
0.4638565480709076   0.4638565480709076   

14:05:00: local_reinforcement_logger.timestep_report +41: INFO     
 Step 20   Fraction valid SMILES: 100.0   Score: 0.4713   Time elapsed: 19   Time left: 27.1
  Agent     Prior     Target     Score     SMILES
-24.12    -23.88     14.09      0.46      c12c(cccc1)C(=O)N(Cc1cc(C)ccc1)c1cc(C(N3CCN(C(OCC)=O)CC3)=O)ccc1S2(=O)=O
-22.94    -22.74     16.13      0.47      c1(-c2ccnc3[nH]ccc32)ccnc(C#N)c1
-26.87    -26.52     12.22      0.47      C(COc1ccc(C(N=c2[nH]oc(C)c2C)=O)cc1)(C)C
-19.15    -19.16     19.79      0.48      c1c(N2C(=S)SC(=CN(C)C)C2=O)ccc(F)c1
-24.41    -24.70     14.33      0.48      c1cc(CN2CCN(c3ccc(C)cc3)CC2)cnc1-c1ccncc1
-21.95    -22.01     16.66      0.47      c1cc[n+](CC(=O)Nc2c(F)cccc2)cc1Br
-20.27    -20.52     18.83      0.48      c1(CCN2CCC(c3ccccc3)=CC2)ncccc1
-19.46    -19.80     19.26      0.48      c1cc2sc(CC)cc(=O)c2cc1
-26.84    -27.14     11.54      0.47      c1cc(S(=O)(=O)N(CC2CCCC2C(=NO)O)CCc2ccccc2)ccc1OC
-30.17    -30.21      8.32      0.47      N(C(c1nnn(Cc2ccccc2)c1)=O)(C)C1COCC1
Human-Component   raw_Human-Component
0.4630807638168335   0.4630807638168335   
0.4740692377090454   0.4740692377090454   
0.47234365344047546   0.47234365344047546   
0.47503095865249634   0.47503095865249634   
0.4759421646595001   0.4759421646595001   
0.47157084941864014   0.47157084941864014   
0.4798995554447174   0.4798995554447174   
0.4762316346168518   0.4762316346168518   
0.4718157649040222   0.4718157649040222   
0.4698583781719208   0.4698583781719208   

14:05:02: local_reinforcement_logger.timestep_report +41: INFO     
 Step 21   Fraction valid SMILES: 100.0   Score: 0.4707   Time elapsed: 21   Time left: 27.7
  Agent     Prior     Target     Score     SMILES
-32.10    -31.90      7.19      0.48      c1(CCN(C(C2CNC=NC2)=O)Cc2ccc(Cl)cc2)c2c(cccc2)[nH]c1
-28.41    -28.36     10.33      0.47      c1c2cc(-c3csc(C(c4cc(F)c(F)c(F)c4)(C)O)n3)[nH]c2ccc1
-29.50    -29.67      8.87      0.47      c1c2c3c(cc1OC)-c1c(O)c(-c4ccccc4)nn1CC3N(C)CC2
-52.29    -52.45    -14.33      0.46      C1CCC2(C)C3C(C(OC4C(O)C(O)C(OC)CO4)Cc4cc(O)oc4)(C)C(OC(C=Cc4ccccc4)=O)CC(C31)C2
-23.13    -23.17     15.87      0.48      n1(C)nnnc1Sc1n(N)c(-c2ccccc2)nn1
-24.39    -24.15     14.30      0.47      Cc1c(C(=O)NCCN=c2[nH]cc(C#N)cc2)c(C)on1
-29.57    -29.38      9.71      0.48      c1(S(=O)(=O)N2CCOCC2)c(Cl)cc(-c2ccc(OC3CCN(C)CC3)cc2)cc1
-23.52    -23.74     15.10      0.47      c1cncc(Cn2cnc(-c3ccccc3)c2CCC)c1
-40.89    -41.29     -3.23      0.46      O(C)c1cccc(Br)c1-c1nnc2n1N(CCCC)C(=O)c1ncn(Cc3ccccc3)c1N2
-20.33    -20.59     18.81      0.48      C1CN(Cc2c(Br)cccc2F)CCN1C
Human-Component   raw_Human-Component
0.47670021653175354   0.47670021653175354   
0.471763551235199   0.471763551235199   
0.46995803713798523   0.46995803713798523   
0.4649548828601837   0.4649548828601837   
0.4761207699775696   0.4761207699775696   
0.4689200222492218   0.4689200222492218   
0.47670552134513855   0.47670552134513855   
0.4736917018890381   0.4736917018890381   
0.46404600143432617   0.46404600143432617   
0.4804534614086151   0.4804534614086151   

14:05:03: local_reinforcement_logger.timestep_report +41: INFO     
 Step 22   Fraction valid SMILES: 100.0   Score: 0.4701   Time elapsed: 22   Time left: 26.8
  Agent     Prior     Target     Score     SMILES
-29.46    -29.69      8.95      0.47      O=C1C(c2c3c(cccc3)n(CC)c2)=C(n2cc(CCNC)c3ccccc23)C(=O)N1
-43.14    -43.08     -4.75      0.47      N(CCCNC(=S)NCCCCCCCCNC(c1cc(OC)ccc1)=O)C(=N)Nc1ccc([N+](=O)[O-])cc1
-25.17    -25.28     13.54      0.47      n1(C(C)C)nc2c(c1)C(CNCC)OC2
-27.09    -27.27     11.63      0.47      c12ccc3c4ccccc4n(CCCNCCO)c3c1C(=O)c1ccccc1C2=O
-44.49    -45.02     -6.52      0.47      c1c(CN2CNC(SCC)N(Cc3c(O)ccc(Cl)c3)CC2=O)cc2c(c1)CCCC2
-29.87    -29.87      8.68      0.47      CSc1ccc(CN=c2n3cnnc3c(-c3ccc(Br)cc3)c[nH]2)cc1
-24.48    -24.35     14.18      0.47      N1(C(c2ccccc2)c2ccc(Br)cc2)CCN(C(NC(C)(C)C)=O)CC1
-39.01    -39.30     -0.89      0.47      c1cc2c(cc1)N(CC(N1C(O)COc3ccccc31)=O)C(=O)C21N(c2ccccc2)C(=O)c2ccccc21
-21.44    -21.38     16.94      0.47      C1(C)N(C(COC(c2cc3c(cc2)OCO3)=O)=O)C(C)CCC1
-32.31    -32.60      6.01      0.47      C(CCCCCCCCCC)CCCOCC1CC(COC(N(Cc2ccco2)N)=O)OC1
Human-Component   raw_Human-Component
0.47122088074684143   0.47122088074684143   
0.467376172542572   0.467376172542572   
0.4734209179878235   0.4734209179878235   
0.47436365485191345   0.47436365485191345   
0.469445139169693   0.469445139169693   
0.47009578347206116   0.47009578347206116   
0.4698159098625183   0.4698159098625183   
0.4683884084224701   0.4683884084224701   
0.46734750270843506   0.46734750270843506   
0.470967173576355   0.470967173576355   

14:05:04: local_reinforcement_logger.timestep_report +41: INFO     
 Step 23   Fraction valid SMILES: 100.0   Score: 0.4712   Time elapsed: 23   Time left: 25.9
  Agent     Prior     Target     Score     SMILES
-27.28    -27.56     11.22      0.47      C1COCCN1c1c2c(nc(N(C)c3ccccc3)n1)CCN(Cc1ccc(OC)cc1)C2
-35.47    -34.91      3.51      0.47      c1(C(COc2ccc(-c3ccc(CC(C(O)=O)OCC)cc3)cc2)=O)c(C)c(C)ccc1
-21.38    -21.77     17.15      0.47      c1(CNCCc2ccccc2)cn(C)nc1-c1ccccc1
-27.06    -27.27     11.15      0.47      c1(C)c(NC(=O)Nc2ccccc2OC)cc(C)cc1Br
-36.83    -37.06      1.42      0.47      O=C1C(NC(c2cccc3ccccc32)CC2CCCCC2)CNC(=O)C1(F)F
-19.32    -19.38     19.30      0.47      [nH]1c(=O)[nH]c(C)c(S(Nc2ccc(CC)cc2)(=O)=O)c1=O
-33.21    -33.69      5.02      0.47      c1(C2CCCO2)sc(NCC2CCCO2)c(C#N)c1
-45.39    -45.12     -6.91      0.47      CC(N(CC(O)CN(CCc1cc(OC)c(OC)cc1)C(C)C)Cc1cc(OC)c(OC)cc1)Cc1ccc(Oc2ncc(C(O)=O)cc2)cc1
-36.15    -36.14      2.77      0.47      C(CCC)C=CCC=CCCCCC(OC(COC1OC(CO)C(O)C(O)C1O)COC(=O)NCCCCCCCC)=O
-25.11    -24.74     14.10      0.47      COc1c(OC)cc(CC(C)([N+]([O-])=O)C)cc1OC
Human-Component   raw_Human-Component
0.47290241718292236   0.47290241718292236   
0.4685247242450714   0.4685247242450714   
0.47454947233200073   0.47454947233200073   
0.4685240387916565   0.4685240387916565   
0.46925821900367737   0.46925821900367737   
0.4717673659324646   0.4717673659324646   
0.4720534086227417   0.4720534086227417   
0.4659978449344635   0.4659978449344635   
0.47449991106987   0.47449991106987   
0.473599374294281   0.473599374294281   

14:05:05: local_reinforcement_logger.timestep_report +41: INFO     
 Step 24   Fraction valid SMILES: 96.9   Score: 0.4564   Time elapsed: 24   Time left: 25.0
  Agent     Prior     Target     Score     SMILES
-41.99    -41.60     -3.31      0.47      c12c(cc(S(N3Cc4ccccc4N(C(=O)NCc4ccccc4)CC3)(=O)=O)cc1)CCCN2C(=O)C1CC1
-31.49    -31.82      6.66      0.47      O=C(CCCNC(=O)C1CC1)N(c1c(OC)cccc1)CCC#N
-19.17    -19.33     19.59      0.47      c1c([N+](=O)[O-])ccc(OC2C(O)C(O)C(O)CO2)c1
-28.54    -28.71      9.82      0.47      c1c(S(N2CCCOC2CNC(C(NCCn2c(C)ccn2)=O)=O)(=O)=O)ccc(Cl)c1
-47.36    -47.57     -9.27      0.47      c1cc(C(OCc2ccc(CCc3ccccc3)cc2)=O)c(OCC[N+](C)(CC)Cc2oc(C)cc2)cc1
-16.91    -17.17     22.02      0.48      c1ccc(C(=C(c2ccccc2)CC)c2ccccc2)cc1
-36.47    -36.35      1.98      0.47      C(CCC(O)=O)CC(=O)c1ccc(Cn2c(=NCCCC)[nH]c3cc(C(c4ccccc4)=O)ccc23)cc1
-25.25    -25.52     12.99      0.47      Cc1cccc(NC(=O)Nc2ccc(OC(C)(C)C(O)=O)cc2)c1Cl
-22.64    -22.54     16.26      0.47      c1c2nc(CSc3nc(=N)[nH][nH]3)[nH]c2ccc1C
-52.24    -52.68    -14.71      0.46      C1(O)C(CO)OC(n2nnc(CN(c3ncc4c(c3C)c(=O)c(C(O)=O)cn4Cc3cc4c(cc3)cccc4O)C)c2)C1O
Human-Component   raw_Human-Component
0.46703609824180603   0.46703609824180603   
0.46920832991600037   0.46920832991600037   
0.474618136882782   0.474618136882782   
0.46992623805999756   0.46992623805999756   
0.4670824706554413   0.4670824706554413   
0.4778662323951721   0.4778662323951721   
0.46742966771125793   0.46742966771125793   
0.46966350078582764   0.46966350078582764   
0.47322362661361694   0.47322362661361694   
0.463079035282135   0.463079035282135   

14:05:06: local_reinforcement_logger.timestep_report +41: INFO     
 Step 25   Fraction valid SMILES: 96.9   Score: 0.4557   Time elapsed: 25   Time left: 24.0
  Agent     Prior     Target     Score     SMILES
-23.43    -23.85     15.53      0.48      C1CN(CCNc2cccnc2)CCN1c1ccc(Cl)cc1
-41.61    -40.87     -2.98      0.46      N(C(=O)C(NC(C(CC(Cc1ccccc1)C(=O)NCC(C)C)O)CCCC)=O)C(C(CC(C(C)C)C(=O)NCCCC)O)C
-16.90    -17.34     21.90      0.48      C(c1ccc(O)cc1)CCCCC
-24.51    -24.81     13.55      0.47      C1CC1C(N1CC2(CCN(C(=O)c3ccc(OC)cc3)CC2)C1)c1ccccc1
-34.19    -34.13      4.30      0.47      C1N(c2c(F)cc(N3C(=O)OC(CCl)C3)cc2)CCN(C(C=Cc2c3c(cccc3)ccc2)=O)C1
-33.71    -33.75      4.80      0.47      C1C2(C)C(CCC2(C(O)=O)C)C2CCc3c(ccc(OCCCn4ccnc4C)c3)C2C1
-33.57    -33.23      4.96      0.47      O=S(=O)(c1ccc(OC)cc1)N=c1c(C(=O)Nc2ccc(OCC)cc2)c(OC)[nH]cn1
-36.91    -37.07      1.16      0.47      N(C)(c1ccc2c(-c3cc(S(NC)(=O)=O)ccc3)n[nH]c(=Nc3cccc(C(F)(F)F)c3)c2c1)C
-18.70    -19.22     19.69      0.47      s1cccc1C(NN=Cc1ccccc1O)=O
-41.73    -41.51     -3.03      0.47      c12c3c(cccc3)[nH]c(=NC(Nc3c(O)cccc3)=O)c1nnn2CCc1n[nH]nn1
Human-Component   raw_Human-Component
0.4802101254463196   0.4802101254463196   
0.4620773196220398   0.4620773196220398   
0.47852879762649536   0.47852879762649536   
0.467867910861969   0.467867910861969   
0.4686032831668854   0.4686032831668854   
0.4700685739517212   0.4700685739517212   
0.46572232246398926   0.46572232246398926   
0.46622559428215027   0.46622559428215027   
0.4744459092617035   0.4744459092617035   
0.46928393840789795   0.46928393840789795   

14:05:07: local_reinforcement_logger.timestep_report +41: INFO     
 Step 26   Fraction valid SMILES: 96.9   Score: 0.4551   Time elapsed: 26   Time left: 23.1
  Agent     Prior     Target     Score     SMILES
-46.08    -46.15     -7.52      0.47      c12c(nccc1C(=O)C)S(=O)(=O)CCN2C(=O)CSC(=S)N1CCN(c2ccc(F)cc2)CC1
-27.68    -27.66     10.69      0.47      N1(C(=O)NC2CCN(c3ccnc(SC)n3)CC2)CCC(n2c3c([nH]c2=O)cccc3)CC1
-36.15    -35.55      2.84      0.47      c1(S(=O)(=O)NC(=O)OC(C)(C)C)cc(C)c(CCO)cc1Oc1ccc(C)cc1
-33.44    -33.83      5.05      0.47      c1ccc2c(c1)CN(CC(N1Cc3nc(N4CCC(Oc5ccccc5Cl)CC4)ccc3CC1)=O)CC2
-19.22    -19.12     19.46      0.47      c1(O)c(CC=C(C)C)c(O)c2c(c1)OC(c1ccc(O)cc1O)CC2=O
-23.19    -22.74     16.21      0.47      N(=Cc1c(Oc2ccc(Cl)cc2)n(C)nc1C)OCC#C
-20.09    -19.80     18.50      0.47      O=c1c(OC(=O)c2ccc(Cl)cc2)coc(CSc2nc(C)cc(C)n2)c1
-25.45    -25.45     12.63      0.46      c1c(C(F)(F)F)cc(Cl)cc1C(Nc1cc(Nc2cc3c(cc2)C(=O)CCCC3)ccc1)=O
-20.43    -20.63     17.86      0.47      Fc1ccccc1NC(=O)Nc1ccc(-c2c3c(=N)[nH]oc3ccc2)cc1
-23.94    -24.24     14.04      0.47      c1cccc2[nH]c3c(c(=N)c12)C(c1ccc(O)c(OC)c1)C1=C(O3)CCCC1=O
Human-Component   raw_Human-Component
0.4711272418498993   0.4711272418498993   
0.46772095561027527   0.46772095561027527   
0.4681108295917511   0.4681108295917511   
0.47413408756256104   0.47413408756256104   
0.47055160999298096   0.47055160999298096   
0.47488898038864136   0.47488898038864136   
0.4669695198535919   0.4669695198535919   
0.46432337164878845   0.46432337164878845   
0.46939611434936523   0.46939611434936523   
0.4667266607284546   0.4667266607284546   

14:05:08: local_reinforcement_logger.timestep_report +41: INFO     
 Step 27   Fraction valid SMILES: 100.0   Score: 0.4710   Time elapsed: 27   Time left: 22.2
  Agent     Prior     Target     Score     SMILES
-25.73    -25.93     12.82      0.47      N(N=Cc1c2c(cccc2)c(C)cc1)=c1cc(C)[nH]c2ccccc21
-46.38    -45.87     -7.65      0.47      C(C(N(CC)CC)=O)(C1(S(c2ccccc2)(=O)=O)CCCCCC1)NOC(C)(C)C
-24.79    -24.71     13.40      0.46      c1cc(CN2CCC(N=c3[nH]c(=N)c(C(=O)c4ccc(OC)cc4)c[nH]3)CC2)cc(F)c1
-29.88    -29.69      8.38      0.46      C(NC(=O)C)C(Cc1cc(OC)ccc1)NS(=O)(=O)c1c(C)cc(C)cc1C
-20.43    -20.25     18.69      0.47      C(=O)(C)NCCc1ccc(C(C)(C)C)cc1
-23.40    -23.45     14.88      0.47      C(C)(C)(C)c1ccc(-n2c(=O)c(Oc3ccc(OC)cc3)c(Br)cn2)cc1
-25.58    -25.86     13.23      0.48      C(=O)(C(C)c1cc2c(cc1)cccc2)NCCS
-22.34    -22.47     16.34      0.47      O=c1n(C)c2cc(-c3ccc(C)cc3)nn2c(CC)n1
-26.48    -26.62     12.21      0.47      CC(C)(c1cn(CC2CN(CCc3ccccc3)C(=O)C2)nn1)C
-23.24    -23.41     15.47      0.47      c1c(C(CN2CCCC2)C(=O)c2ccc(C)cc2)cccc1
Human-Component   raw_Human-Component
0.47256579995155334   0.47256579995155334   
0.46617788076400757   0.46617788076400757   
0.46479299664497375   0.46479299664497375   
0.4642375409603119   0.4642375409603119   
0.47498297691345215   0.47498297691345215   
0.46743088960647583   0.46743088960647583   
0.47660839557647705   0.47660839557647705   
0.4733152687549591   0.4733152687549591   
0.4735785126686096   0.4735785126686096   
0.4740689694881439   0.4740689694881439   

14:05:09: local_reinforcement_logger.timestep_report +41: INFO     
 Step 28   Fraction valid SMILES: 100.0   Score: 0.4703   Time elapsed: 28   Time left: 21.2
  Agent     Prior     Target     Score     SMILES
-34.60    -34.45      4.34      0.47      c12[n+](CCCCCCCC)ccc(N(C)C)c1n(Cc1ccccc1)c1c2CCCC1
-25.85    -25.94     12.71      0.47      O=C1c2ccccc2C(=O)c2c(Sc3ccc(C)cc3)c(O)ccc21
-53.17    -53.45    -15.76      0.46      C(COc1ccc(N2N=C(C(F)(F)F)C(C)C2CC(=O)O)cc1)C1(O)CCN(C2CC3N(C2)CCc2cccc4ccc(OC)c2c43)CC1
-37.69    -37.79      0.75      0.47      N1(CC)C(=O)c2c3c1nnc(Cl)c3c1cc(C)ccc1c2
-23.39    -23.62     15.51      0.48      C1(CNCCCN(CCC)CCC)CC1
-27.74    -28.13     10.60      0.47      N1CC2CN(Cc3cc4c(cc3)n(C)c(=O)o4)CC1CC2
-35.46    -34.85      3.57      0.47      c1c(OCCCCCOc2c(NC(=O)C(N)Cc3cnccc3)cccc2)c(C(N)=O)ccc1
-25.79    -25.73     12.70      0.47      O=C(N=c1[nH]ccs1)C(C)Cn1c(=O)oc2ccccc21
-36.29    -36.75      1.50      0.47      C(c1nc2c(cccc2)cc1)(C1CCN(C)C1=O)NC(=O)c1c(C)cccc1
-27.95    -27.98     10.61      0.47      [nH]1ccc2c1c(=NCC(C)(CN(C)C)C)[nH]c(=Nc1ccc(OC)cc1)[nH]2
Human-Component   raw_Human-Component
0.47296246886253357   0.47296246886253357   
0.471348375082016   0.471348375082016   
0.45967838168144226   0.45967838168144226   
0.47012007236480713   0.47012007236480713   
0.4772408902645111   0.4772408902645111   
0.47231823205947876   0.47231823205947876   
0.46850520372390747   0.46850520372390747   
0.46869271993637085   0.46869271993637085   
0.46646010875701904   0.46646010875701904   
0.4706391394138336   0.4706391394138336   

14:05:09: local_reinforcement_logger.timestep_report +41: INFO     
 Step 29   Fraction valid SMILES: 93.8   Score: 0.4414   Time elapsed: 29   Time left: 20.3
  Agent     Prior     Target     Score     SMILES
-21.52    -21.35     17.61      0.48      N1(Sc2ccc([N+](=O)[O-])cc2)C(=O)c2c(cccc2)C1=O
-20.70    -21.28     17.18      0.47      COc1ccccc1NC(CNC(c1ccccc1)c1ccccc1)=O
-25.45    -25.50     13.16      0.47      c12c(Cn3cncc3)c(C)n(CCOc3ccccc3)c1ccc(OC)c2
-30.26    -30.67      8.00      0.47      COc1cccc(C2c3cccn3-c3c(C)n(C)c(C)c3C2)c1
-25.21    -25.77     13.19      0.48      n1ccccc1N1CCN(CCCCn2cnc3c4cc(C)ccc4ncc3c2=O)CC1
-24.83    -25.15     13.12      0.47      c1cc(-c2cc(=NC3CC3)n3c(c(=Cc4c(O)[nH]c(=O)[nH]4)cn3)n2)cc(CNCc2ccccc2)c1
-38.44    -37.86      0.78      0.47      c1c(N(C2CC3N(CC(=O)Nc4ccoc4)C(CC3)C2)C(C(C)(C)C)=O)cccc1
-51.96    -51.66    -13.68      0.46      c1cccc2c(=O)c3c(OCCCCNC(OC(C)(C)C)=O)c(OC)ccc3nc(-c3ccc(OC)c(NC(c4ccc(F)cc4)=O)c3)c12
-32.69    -32.74      5.69      0.47      c1(Cl)cccc2c1[nH]c(COC(CCn1ccnc1)=O)n2
-19.71    -19.91     18.75      0.47      CC12C(C=CC3C(O)COC3=O)C(C)CCC1C(=C)C(=O)O2
Human-Component   raw_Human-Component
0.4751550257205963   0.4751550257205963   
0.4689185619354248   0.4689185619354248   
0.47156384587287903   0.47156384587287903   
0.47163787484169006   0.47163787484169006   
0.4751683175563812   0.4751683175563812   
0.4666714668273926   0.4666714668273926   
0.4712042510509491   0.4712042510509491   
0.46320533752441406   0.46320533752441406   
0.4686003029346466   0.4686003029346466   
0.47139862179756165   0.47139862179756165   

14:05:10: local_reinforcement_logger.timestep_report +41: INFO     
 Step 30   Fraction valid SMILES: 100.0   Score: 0.4570   Time elapsed: 29   Time left: 18.7
  Agent     Prior     Target     Score     SMILES
-19.55    -19.43     19.67      0.48      C(c1ccc(Cl)cc1)n1cnc2c(N(C)C)ncnc12
-18.89    -18.89     19.71      0.47      c1cc(-n2c(Sc3sc([N+]([O-])=O)cn3)nnn2)ccc1
-20.16    -19.84     19.30      0.48      C(C(=O)O)C(OCCCC)=O
-29.03    -29.31      9.52      0.47      CC(c1c(N2CCN(c3ccccc3)CC2)c(=O)n(C)cn1)C
-20.80    -20.77     18.20      0.48      O=C(c1c(O)cc(O)cc1O)CCCCCC=CCCCCCCCC
-21.51    -21.42     17.42      0.47      C(#N)c1c(C)cc(C)nc1N1CCN(c2ccccn2)CC1
-25.74    -25.51     12.97      0.47      O=S(N)(c1ccc(NC(=S)NC2C(=O)SCC2)cc1)=O
-28.00    -27.90     11.12      0.48      c1cc2c(c(-c3oc(-c4ccc(Cl)cc4)nn3)n[nH]2)c(C)c1
-42.40    -42.00     -3.41      0.47      c1(C)c2n(cc(-c3cccc(N4CCC(C)(O)CC4)c3)c1C(F)(F)F)c(-c1ccccc1)nn2
-30.83    -30.60      8.07      0.47      c12c(c3c(cccc3)[nH]1)c1c(cc2)C(=O)C=CC1OC(C)=O
Human-Component   raw_Human-Component
0.4768620431423187   0.4768620431423187   
0.47078704833984375   0.47078704833984375   
0.4772723317146301   0.4772723317146301   
0.47349730134010315   0.47349730134010315   
0.47514602541923523   0.47514602541923523   
0.47365328669548035   0.47365328669548035   
0.46924471855163574   0.46924471855163574   
0.4759471118450165   0.4759471118450165   
0.4707161486148834   0.4707161486148834   
0.47156789898872375   0.47156789898872375   

14:05:11: local_reinforcement_logger.timestep_report +41: INFO     
 Step 31   Fraction valid SMILES: 93.8   Score: 0.4420   Time elapsed: 31   Time left: 18.4
  Agent     Prior     Target     Score     SMILES
-16.44    -16.89     21.93      0.47      c1ccccc1-c1[nH]c(=O)c2ccccc2n1
-43.33    -42.90     -4.26      0.47      o1c2c(c3c1cccc3)COc1ccc(C(OC(C)=O)C(OC(C)=O)C(C)=O)cc1-2
-18.57    -18.49     20.20      0.47      c1cccc(N=c2[nH]c(C(Cl)(Cl)Cl)nc3c2cccc3)c1
-39.27    -39.24     -1.16      0.46      C1(N)(c2nc(-c3ccc(Oc4c(C)cnc5[nH]ccc45)cc3)c3n2cc[nH]c3=O)CCCCC1
-32.79    -32.97      5.91      0.47      c1(-c2cccc3cc(-c4ccnc5ccccc54)ccc32)[nH]c2ccc(N3CCN(C)CC3)cc2n1
-45.59    -44.61    -44.61      0.00      c1(C)c(C(N=C(N)N)=O)cc(C(C)(C)C)c2n1C(=O)c1c(NC(=O)N(c3ccccc3)C)cccc1-2
-21.86    -22.33     16.23      0.47      O=CC1=CCC2C(C)(C)CCCC2(C)C1CCC(C)CCOC(C)=O
-27.42    -27.52    -27.52      0.00      c1c(Sc2c(Br)cccc2)c(C#N)c2[nH]c(O)cc(=O)c12
-29.83    -29.81      8.64      0.47      C(F)(c1cc(N2C(C)=C(C(C)=C)C(c3ccccc3)C(C(OCC)=O)=C2C)ccc1)(F)F
-21.73    -21.76     16.69      0.47      Fc1cc(C=NNC(=O)c2ccc3[nH]cnc3c2)ccc1
Human-Component   raw_Human-Component
0.47339698672294617   0.47339698672294617   
0.47123703360557556   0.47123703360557556   
0.4718451201915741   0.4718451201915741   
0.46445921063423157   0.46445921063423157   
0.47417306900024414   0.47417306900024414   
0.0   0.0   
0.47029390931129456   0.47029390931129456   
0.0   0.0   
0.46879518032073975   0.46879518032073975   
0.46896228194236755   0.46896228194236755   

14:05:12: local_reinforcement_logger.timestep_report +41: INFO     
 Step 32   Fraction valid SMILES: 96.9   Score: 0.4570   Time elapsed: 31   Time left: 16.9
  Agent     Prior     Target     Score     SMILES
-26.49    -26.60     11.68      0.47      c1(=O)c(Cl)c(NCC2CCCCC2)cnn1C1CC(N=[N+]=[N-])C(CO)O1
-23.87    -24.04     14.57      0.47      c1(CN2C(=O)C(CNCCN(C)C)(O)CC2)ccc(Cl)cc1
-38.42    -38.53      0.07      0.47      C(COc1cc(CN(Cc2cnccc2)S(=O)(=O)CCCC)ccc1OCCc1ncccc1)C
-23.40    -23.82     15.14      0.48      c12c(C(NN)=O)ncn1c1ccccc1cc2
-18.73    -18.81     19.95      0.47      FC(F)(F)c1ccc(-c2nc(CN(c3ccccc3)C)co2)cc1
-22.77    -23.10     16.02      0.48      CCNC(C(=O)C(C)(C)CO)O
-28.20    -28.27     10.71      0.48      c1(=N)c2c3c(CCCCCC)ncnc3sc2[nH]cn1
-29.71    -29.10      9.43      0.47      c1c(S(=O)(=O)CCC(=O)OCC(=O)c2ccc3[nH]c(=O)c(=O)[nH]c3c2)cccc1
-28.05    -27.52     10.70      0.47      N(C(CC(O)=O)c1cc([N+]([O-])=O)c(NC2CCCCC2)cc1)S(=O)(c1ccc(C)cc1)=O
-39.25    -38.86    -38.86      0.00      c1c(SC=C(c2c(C)n(C)c(CCC(N=c3sc(S(=O)(=O)N)n[nH]3)=O)c2C)=O)cccc1
Human-Component   raw_Human-Component
0.46676504611968994   0.46676504611968994   
0.47085997462272644   0.47085997462272644   
0.4707232713699341   0.4707232713699341   
0.47512567043304443   0.47512567043304443   
0.4727504551410675   0.4727504551410675   
0.4770270884037018   0.4770270884037018   
0.47535839676856995   0.47535839676856995   
0.46987083554267883   0.46987083554267883   
0.4660660922527313   0.4660660922527313   
0.0   0.0   

14:05:13: local_reinforcement_logger.timestep_report +41: INFO     
 Step 33   Fraction valid SMILES: 96.9   Score: 0.4413   Time elapsed: 32   Time left: 16.0
  Agent     Prior     Target     Score     SMILES
-22.36    -22.95     16.00      0.47      c1c2c([nH]ccc2=NCCN(CC)CC)cc2ccccc12
-24.77    -25.00     14.25      0.48      C1N(Cc2nc(CCC(c3ccccc3)c3ccccc3)on2)CCN(C)C1
-32.34    -32.03      6.13      0.47      c1ccc(C(N)=O)cc1CNC(=O)c1n(C(C)C)cc(NC(c2ccc(C=Cc3ccc(OC)cc3)cc2)=O)c1
-31.67    -31.84      6.50      0.47      N(C1CCC(N)C1)=c1[nH]ccc(-c2n3c4cc(OC)ccc4nc(C)c3nn2)n1
-25.80    -25.64     12.47      0.46      CC(C)(c1cc(NC(COc2nsnc2N2CCOCC2)=O)c(C)cc1)C
-18.31    -18.55     20.49      0.48      Fc1ccc(N=Nc2c3ccccc3[nH]c2O)cc1
-42.20    -41.77     -3.11      0.47      C(C1CC1)n1c(C(c2cc(C(=O)C)ccc2)=O)c2c(n1)CN(CC(C)C)CC2
-28.62    -27.94     10.91      0.47      N(C#N)=CC(C(=O)OCCOCC)C(OCC)=O
-36.85    -36.12      2.01      0.47      c1(C(=O)c2nnn(-c3c(OC)ccc(-c4cn(C)nc4)c3)n2)c2c(cccc2)n(C)c1
-53.95    -53.79    -53.79      0.00      c12c3c(cc(C(n4c5ccc(C)cc5cc4)O)c(C(=O)O)c1-c1ccccc1C2)C(=O)N(c1ccc(Cl)cc1)C3=O
Human-Component   raw_Human-Component
0.4749961197376251   0.4749961197376251   
0.4787485897541046   0.4787485897541046   
0.46535569429397583   0.46535569429397583   
0.4675590693950653   0.4675590693950653   
0.4647575914859772   0.4647575914859772   
0.4761025011539459   0.4761025011539459   
0.4714665412902832   0.4714665412902832   
0.4738231599330902   0.4738231599330902   
0.4650074541568756   0.4650074541568756   
0.0   0.0   

14:05:14: local_reinforcement_logger.timestep_report +41: INFO     
 Step 34   Fraction valid SMILES: 96.9   Score: 0.4265   Time elapsed: 33   Time left: 15.1
  Agent     Prior     Target     Score     SMILES
-30.56    -30.21      8.16      0.47      C(NC(=S)N=c1nnn(CC)[nH]1)(=O)C1OCCC1
-31.47    -31.69    -31.69      0.00      c12c3c(-c4ccc5c(c4)OCO5)c4cc5c(cc4nc3cc1nccc2)OCCO5
-36.30    -36.10      2.34      0.47      C(c1cccc(F)c1)C(CC(NCC1CN(C(C(C)C)=O)CCC1)=O)N(O)C=O
-37.11    -36.86      1.66      0.47      N(S(c1c(F)cc(NC(=O)C)cc1)(=O)=O)(C)Cc1[nH]nc(-c2ccc(Cl)cc2)c1
-34.34    -33.34      4.92      0.47      C1N(CCn2nc(OCc3ccc4c(cccc4)c3)c3cc([N+]([O-])=O)ccc23)CCC(OC(Nc2cccc(F)c2)=O)C1
-18.44    -18.30     20.97      0.48      c1cc(-c2cc(C(O)=O)ncn2)ccc1F
-30.30    -30.67      8.08      0.47      c1(Br)ccc(-c2c(S(=O)(=O)CC3CC(O)C(CO)O3)scc2)cc1
-28.07    -28.65     10.27      0.47      C1C(Cc2c(-c3oc(C)cc3)nn(C)c2)CCN(C)C1
-19.62    -20.36     18.30      0.47      n1nc(SCC)n(-c2ccc(OC)cc2)c1-c1ccccc1
-29.60    -30.17      8.73      0.47      C1N(C)CC=CC1(C1CCCC1)C(=O)OC
Human-Component   raw_Human-Component
0.4679839313030243   0.4679839313030243   
0.0   0.0   
0.468721479177475   0.468721479177475   
0.4697391390800476   0.4697391390800476   
0.46657437086105347   0.46657437086105347   
0.47887900471687317   0.47887900471687317   
0.4724467694759369   0.4724467694759369   
0.4746060073375702   0.4746060073375702   
0.47141915559768677   0.47141915559768677   
0.4744921326637268   0.4744921326637268   

14:05:15: local_reinforcement_logger.timestep_report +41: INFO     
 Step 35   Fraction valid SMILES: 90.6   Score: 0.4108   Time elapsed: 34   Time left: 14.2
  Agent     Prior     Target     Score     SMILES
-30.44    -30.41      8.20      0.47      n1cc(CNC(CCc2sc(Cl)cc2)=O)n(CC)c1
-20.78    -21.29    -21.29      0.00      c1c(OCC(N)=O)ccc(CCCCCCCC)c1
-34.28    -34.52    -34.52      0.00      N12CC3(C)CN(C1c1c(O)n(-c4ccc(Cl)c5ccccc54)c(=O)c12)CC3
-23.64    -23.12     15.12      0.47      c1csc(=NC(=O)COc2c(=O)cc(CN3c4c(cccc4)CC3C)[nH]c2)[nH]1
-20.60    -20.39     18.91      0.48      C(CC1(CCCCCCCCCC)C(=O)NC(=O)NC1=O)C
-20.72    -20.63     18.15      0.47      c1c(F)ccc(C(Cn2cncn2)=O)c1F
-31.70    -32.49      6.19      0.47      N1(C(=O)CC2OOC3(CCCCC3)OC2)CCN(c2cccc3ccccc23)CC1
-38.37    -38.84     -0.24      0.47      c1c(-c2c(=O)[nH]c3cc(OC)ccc3c2)[nH]c(-c2c[nH]c3ccccc23)c1-c1c[nH]c2c1cccc2
-34.75    -34.42    -34.42      0.00      c1cc(CN2CCc3[nH]c(=NC(C)c4ccc(F)cc4)c(NCc4ccncc4)c3C2)ccc1
-19.46    -20.03     18.79      0.47      c1cc(NC(=O)C2CCN(c3ncccn3)CC2)ccc1
Human-Component   raw_Human-Component
0.4709536135196686   0.4709536135196686   
0.4742979407310486   0.4742979407310486   
0.0   0.0   
0.4662572741508484   0.4662572741508484   
0.47932925820350647   0.47932925820350647   
0.4730008840560913   0.4730008840560913   
0.47165951132774353   0.47165951132774353   
0.470731258392334   0.470731258392334   
0.0   0.0   
0.4733518064022064   0.4733518064022064   

14:05:16: local_reinforcement_logger.timestep_report +41: INFO     
 Step 36   Fraction valid SMILES: 100.0   Score: 0.4694   Time elapsed: 35   Time left: 13.2
  Agent     Prior     Target     Score     SMILES
-27.29    -27.57     11.10      0.47      c1c(OC)cc(O)c2c1C1(C)C(CC2O)C(C)(C)C(=O)CC1
-38.04    -38.16      0.32      0.47      O=C(N)Cn1c(O)c2c(c1O)C(C)(C(OC)=O)N1C(S(=O)(=O)C)C(=O)N3CCCC321
-26.42    -26.46     11.90      0.47      N(C(=O)c1ccco1)C(CSc1ncc(CC)cn1)=O
-32.52    -31.79      6.96      0.47      c1(O)ccc2c(cc(C(OC(C)C(N(c3ccccc3)C)=O)=O)o2)c1
-20.50    -20.28     17.91      0.47      C1(=Cc2ccc(O)c(OC)c2)C(=O)N(C(C(=O)O)Cc2ccccc2)C(=S)S1
-33.81    -32.82      5.84      0.47      C(C(=O)O)(OC(COc1ccccc1OCC=C)=O)Cc1ccc(-c2ccccc2)cc1
-23.42    -23.44     15.46      0.47      c1c(-n2c3nc(=NCCCN4CCN(C)CC4)[nH]cc3cc2)cccc1
-28.66    -28.89      9.70      0.47      [nH]1c2c(cccc2)c(CCN)c1C(=O)NC1C2(C)CC(CC2)C1(C)C
-18.14    -18.16     20.64      0.47      c1c(N=C2CC(=O)C(=O)c3c2cccc3)ccc(C)c1
-20.29    -20.39     17.91      0.47      c1ccc2c(oc(=O)c3c2n(-c2ccc(OC)cc2)nc3C)c1
Human-Component   raw_Human-Component
0.471587598323822   0.471587598323822   
0.46928587555885315   0.46928587555885315   
0.46779924631118774   0.46779924631118774   
0.4725261926651001   0.4725261926651001   
0.465699702501297   0.465699702501297   
0.47138527035713196   0.47138527035713196   
0.47443437576293945   0.47443437576293945   
0.470618337392807   0.470618337392807   
0.4730953574180603   0.4730953574180603   
0.4670664072036743   0.4670664072036743   

14:05:16: local_reinforcement_logger.timestep_report +41: INFO     
 Step 37   Fraction valid SMILES: 96.9   Score: 0.4424   Time elapsed: 36   Time left: 12.3
  Agent     Prior     Target     Score     SMILES
-26.22    -26.20     12.49      0.47      c1n(-c2ccc(C)cc2)c(=O)ccc1OCCCN1CCC(=C(c2ccc(F)cc2)c2ccc(F)cc2)CC1
-19.58    -19.55     18.80      0.47      c1cc(F)ccc1CSc1oc(CSc2nn3c(C)cc(C)nc3n2)nn1
-27.87    -28.00    -28.00      0.00      c1cc(OC(c2ccccc2)=O)c(=O)cc(CSCC(O)=O)o1
-23.65    -23.40     15.04      0.47      C(Oc1ccccc1NC(C1(C)N(C(CCC)=O)CC1)=O)C
-19.35    -19.56     19.33      0.47      c1(=Nc2ccc(Cl)cc2)scc(O)n1CC
-27.02    -26.91     11.85      0.47      c12n(c(C3CC3)nn1)c(CSCCc1ccccc1)ccc2OC
-24.11    -24.51     14.21      0.47      S(CC(N1CCN(Cc2ccccc2)CC1)=O)c1nn2c(-c3ccccn3)nnc2cc1
-29.22    -28.67      9.88      0.47      C1(c2ccc(F)cc2)=NCC(=O)N(CC(NC2CC(=O)OC2O)=O)c2c1cc(Cl)cc2
-21.74    -22.25     16.90      0.48      c1c(OC)cc2c(c1)nc(SCCN1CCCCC1)o2
-30.69    -31.80      7.34      0.48      c1ccc2c(c1)C(C)CCC2CCNCC1CCCc2c(OC)cccc21
Human-Component   raw_Human-Component
0.47183525562286377   0.47183525562286377   
0.46764037013053894   0.46764037013053894   
0.0   0.0   
0.4688020646572113   0.4688020646572113   
0.4742248058319092   0.4742248058319092   
0.47266334295272827   0.47266334295272827   
0.4721360206604004   0.4721360206604004   
0.470163494348526   0.470163494348526   
0.47737812995910645   0.47737812995910645   
0.47734537720680237   0.47734537720680237   

14:05:17: local_reinforcement_logger.timestep_report +41: INFO     
 Step 38   Fraction valid SMILES: 100.0   Score: 0.4729   Time elapsed: 37   Time left: 11.4
  Agent     Prior     Target     Score     SMILES
-25.98    -25.83     12.94      0.47      c1cccc(OC2OC3C(OC(=O)C3)C2O)c1OC
-28.99    -28.49      9.58      0.46      c1([N+](=O)[O-])c(F)ccc(C=NOCC(Nc2c(C)n(C)n(-c3ccccc3)c2=O)=O)c1
-19.86    -20.49     18.31      0.47      c1ccccc1N1CCN(C(c2c3ccccc3n[nH]2)=O)CC1
-17.10    -17.09     21.91      0.48      c1cc(OCCn2c(=S)[nH]c3ccccc23)ccc1
-22.24    -22.78     16.61      0.48      C1C23C(C(NCC2)CC1)CCCC3
-21.88    -22.02     16.89      0.47      C1N(c2cc(=O)n3ccn(Cc4c(F)cccc4)c3n2)CCN(C)C1
-30.61    -31.46      7.26      0.47      Cc1cc(Cl)c(-n2c(=N)c(C3=NCCN3)c(N)[nH]2)cc1
-34.62    -33.79      4.64      0.47      O=C(c1c2c(n(CCS(=O)(=O)C)c1C(O)=O)ccnc2)c1ccccc1Cl
-19.84    -20.26     18.76      0.48      c1sc(CNC(C2CC2)=O)cc1
-24.37    -24.39     14.39      0.47      COC(=O)c1c(C)c(C(N(C)C)=O)sc1NC(CC)=O
Human-Component   raw_Human-Component
0.4728526771068573   0.4728526771068573   
0.46419936418533325   0.46419936418533325   
0.4731677770614624   0.4731677770614624   
0.4756218492984772   0.4756218492984772   
0.48036080598831177   0.48036080598831177   
0.47450947761535645   0.47450947761535645   
0.4721393287181854   0.4721393287181854   
0.46865004301071167   0.46865004301071167   
0.47589537501335144   0.47589537501335144   
0.4729575514793396   0.4729575514793396   

14:05:18: local_reinforcement_logger.timestep_report +41: INFO     
 Step 39   Fraction valid SMILES: 100.0   Score: 0.4704   Time elapsed: 37   Time left: 10.2
  Agent     Prior     Target     Score     SMILES
-31.76    -31.86      6.53      0.47      c1cc(OC(C)(C)c2cc[nH]c(=Nc3ccc(CCC(N)=O)cc3)n2)ccc1
-20.89    -20.84     17.77      0.47      C1C(Cc2ccccc2)CCN(CCC(c2csc3ccccc23)=O)C1
-24.59    -24.53     14.10      0.47      c1c(F)ccc(C(Nc2ccc3nc(SCC(=O)N)sc3c2)=O)c1
-25.54    -26.17     13.11      0.48      c1(Cl)c(Cl)[nH]c(CN2CCc3c(cccc3)C2)n1
-20.36    -20.66     18.16      0.47      C1OCCN(c2ncnc3scc(-c4ccc(Br)cc4)c23)C1
-36.29    -36.70      2.11      0.47      S1C(CO)CC1Cn1nnc(C=[N+](C(C)C)[O-])c1
-36.78    -36.08      2.56      0.47      Fc1cc(OC(c2nc(=O)c3c(C)c(C(OC)O)oc3[nH]2)=O)ccc1F
-28.97    -29.00      9.65      0.47      N(C(=O)CC)c1cc2c(cc1)[nH]cc2-c1ccc(OC)c(OC)c1
-30.76    -30.24      7.66      0.46      FC(F)(F)c1cc(N=c2cc(-n3c4c(cn3)cc(C#N)cc4)[nH]cn2)c(OC)cc1
-28.23    -28.06     10.50      0.47      c1(-n2nnc3c(N(CC4CCOCC4)CCC)cc(C)nc32)c(Br)cc(C(C)C)cc1
Human-Component   raw_Human-Component
0.46822845935821533   0.46822845935821533   
0.4708400070667267   0.4708400070667267   
0.47106412053108215   0.47106412053108215   
0.47900184988975525   0.47900184988975525   
0.4734194278717041   0.4734194278717041   
0.47340425848960876   0.47340425848960876   
0.47128748893737793   0.47128748893737793   
0.4714062511920929   0.4714062511920929   
0.4621887803077698   0.4621887803077698   
0.4702892303466797   0.4702892303466797   

14:05:19: local_reinforcement_logger.timestep_report +41: INFO     
 Step 40   Fraction valid SMILES: 96.9   Score: 0.4416   Time elapsed: 38   Time left: 9.3
  Agent     Prior     Target     Score     SMILES
-32.01    -31.81      6.95      0.47      C(c1cc(C(F)(F)F)c(OC)cc1)N1C2CC(O)C(O)C1(O)CC2
-40.94    -40.75     -2.66      0.46      O=C(C1NCC2(CC1)SCCS2)N1CCC(C(=NO)O)(S(=O)(=O)c2ccc(OCc3ccc(C)cc3)cc2)CC1
-21.64    -21.04     17.47      0.47      c1(NC(=O)CN(C(=O)C2=COCCO2)C)c(Br)cccc1
-31.97    -31.78      6.59      0.47      C(CCCNc1cc(C2(C)OC(=O)NC2=O)c(OC)cc1)=C
-26.40    -26.43     12.33      0.47      c1cc(N2C(C(=O)N3CCCC3)C(=O)Nc3c(cccc3)C2=O)ccc1Cl
-24.07    -24.06     14.59      0.47      n1c(-c2ccc(C)cc2)c2c(nc[nH]c2=N)n1Cc1ccc(Cl)cc1
-30.57    -31.01      7.31      0.47      c1cc(F)c(Cl)cc1N1C(=O)C2(CC1)COC(C(NC1CC1)=O)CC2
-22.27    -22.89     16.10      0.48      N(C(=O)CCN1CCN(c2ccccc2)CC1)Cc1sccc1
-21.09    -21.42     17.31      0.47      n1[nH]c(=NC(c2cc(C)ccc2)=O)sc1SC
-25.23    -24.78     13.53      0.47      c1(=NC(=O)c2cc(O)n(-c3ccc(C)cc3)c2)[nH]c(OC)cc(OC)n1
Human-Component   raw_Human-Component
0.47263023257255554   0.47263023257255554   
0.4644491374492645   0.4644491374492645   
0.46964219212532043   0.46964219212532043   
0.4678787887096405   0.4678787887096405   
0.4726782739162445   0.4726782739162445   
0.47142261266708374   0.47142261266708374   
0.4673271179199219   0.4673271179199219   
0.47553786635398865   0.47553786635398865   
0.4722546339035034   0.4722546339035034   
0.4672079086303711   0.4672079086303711   

14:05:20: local_reinforcement_logger.timestep_report +41: INFO     
 Step 41   Fraction valid SMILES: 100.0   Score: 0.4707   Time elapsed: 39   Time left: 8.4
  Agent     Prior     Target     Score     SMILES
-30.40    -30.42      8.73      0.48      N=c1nc2c(nc(Cl)nc2N(CCO)CCO)c(Cl)[nH]1
-21.06    -21.23     17.65      0.47      c1c(N(C)C)ccc(C=Cc2n[nH]c(C)c2)c1
-60.87    -61.01    -22.60      0.47      O1C(C(=O)N)CC2(C)C3CCC(C)C(CC(CC4C5(C)C(CC4=O)C(C)(COC(C)=O)C(OC)CC5)CC3)CCC2(O)C1(C)C
-16.12    -16.86     22.05      0.47      c1(C)[nH]c(=N)[nH]c(=Nc2ccccc2)c1
-21.62    -22.04     16.82      0.47      c1cccc(-n2cnc(Cl)c2-c2cc(F)cc(F)c2)c1
-37.62    -38.18      0.13      0.47      c1ccccc1CC(C(=O)NC1CCC(c2nc(-c3ccccc3)nc(-c3ccccc3)c2)CC1)NC(C)=O
-30.92    -30.81      7.35      0.47      CC(C)C(NC(=O)c1c(=O)c2ccc(Cl)nc2[nH]c1)C(NCc1cccnc1)=O
-17.22    -17.67     20.89      0.47      Cc1cc(C)[nH]c(=NC(c2ccccc2)=O)n1
-27.91    -27.38     11.17      0.47      c1(C)c(O)c(C(=O)OCC(=O)Nc2c(F)cccc2Cl)ccc1
-28.04    -28.21     10.53      0.47      CC(CCCn1c(=O)n(C)c2ncn(C)c2c1=O)(C)CO
Human-Component   raw_Human-Component
0.4774368703365326   0.4774368703365326   
0.4741703271865845   0.4741703271865845   
0.4684215784072876   0.4684215784072876   
0.47455015778541565   0.47455015778541565   
0.47389858961105347   0.47389858961105347   
0.4672456681728363   0.4672456681728363   
0.46530696749687195   0.46530696749687195   
0.47031283378601074   0.47031283378601074   
0.4702114462852478   0.4702114462852478   
0.47245559096336365   0.47245559096336365   

14:05:21: local_reinforcement_logger.timestep_report +41: INFO     
 Step 42   Fraction valid SMILES: 96.9   Score: 0.4552   Time elapsed: 40   Time left: 7.4
  Agent     Prior     Target     Score     SMILES
-28.99    -29.89      8.92      0.47      C(c1occc1)N1CCN(Cc2ccc3c(c2)nc(C)cc3)CC1
-29.56    -29.27      9.22      0.47      CCOC(=O)COc1cc2c(cc1)-c1ccc(OCCCc3ccccc3)cc1C2=O
-20.83    -21.78     16.94      0.47      OCCN(c1cc(O)n(-c2ccccc2)c1O)CC
-29.70    -29.38      9.10      0.47      COc1c(OC)c(OC)cc(C(NNC(COc2ccc(O)c(O)c2)=O)=O)c1
-30.52    -31.15      7.57      0.47      c1c(N=c2c(-c3ncnc4[nH]cnc43)c[nH]cc2)ccc(Cl)c1Cl
-34.78    -34.19      4.90      0.48      c1cc(N=C(c2ccccc2)N2CCOCC2)ccc1-c1ccc(-c2ccc(N=C(Nc3ccccc3Cl)N)cc2)o1
-22.32    -22.42     16.30      0.47      C1CN(CC(=O)NNC(=O)c2ccc(F)cc2)CCN1c1c(OC)cccc1
-33.97    -33.48      4.54      0.46      C(F)(F)(F)c1cc(C2OC(=O)N(C(c3cc(-c4c(OC)cc(F)cc4)ccc3)CC(C)C)C2C)cc(C(F)(F)F)c1
-28.36    -28.76      9.29      0.46      c1cc(CNS(=O)(c2ccccc2)=O)cc(C(=O)N2Cc3n(ccn3)CCC2)c1
-28.99    -29.12      9.14      0.47      C1C2(CCN(C(=O)Nc3ccc(OC)cc3)C1)CC(NCC(O)=O)c1c2cccc1
Human-Component   raw_Human-Component
0.4733600318431854   0.4733600318431854   
0.46950098872184753   0.46950098872184753   
0.472137451171875   0.472137451171875   
0.46926456689834595   0.46926456689834595   
0.47224119305610657   0.47224119305610657   
0.47675368189811707   0.47675368189811707   
0.4721243977546692   0.4721243977546692   
0.4636995196342468   0.4636995196342468   
0.46397948265075684   0.46397948265075684   
0.4666517674922943   0.4666517674922943   

14:05:22: local_reinforcement_logger.timestep_report +41: INFO     
 Step 43   Fraction valid SMILES: 100.0   Score: 0.4276   Time elapsed: 41   Time left: 6.5
  Agent     Prior     Target     Score     SMILES
-28.29    -28.21     10.21      0.47      C1(Oc2nc(=N)c3c(C)c(C(OCC)=O)c(C)n3[nH]2)CCCC1
-24.85    -24.83     13.95      0.47      C(c1cc(O)c(Oc2ccccc2)cc1)=Nc1ccc(S(=O)(N)=O)cc1
-21.50    -21.69     17.44      0.48      c1(Br)c2c(ncc1)sc(C(=O)N)c2N
-33.43    -34.15      4.68      0.47      c1(N)c2c(=O)[nH]c(O)c3cccc(ccc1)c23
-22.20    -22.35     15.93      0.47      c1cc(C(CNC(c2cc(OCC)c(OCC)cc2)=O)N2CCCC2)oc1
-26.15    -25.96     12.96      0.47      C1(C(=O)OCC)C(C)=NC(C)(C)N1
-23.32    -24.05     14.82      0.47      c1ccc(N2CCN(c3nc4c(cccc4)cc3C)CC2)cc1
-31.31    -31.60      7.28      0.47      C(CCCCCCCC)CCCCCC(C(O)C(NC(NCCC(O)=O)=O)C)O
-25.78    -25.89     12.79      0.47      c1cc(C(N2CCC(C(N)=O)C2)=O)ccc1-n1cncc1
-16.86    -17.11    -17.11      0.00      O=c1n(C2C(O)C(O)C(CO)O2)ccc(=O)[nH]1
Human-Component   raw_Human-Component
0.46852970123291016   0.46852970123291016   
0.4728951156139374   0.4728951156139374   
0.4771205186843872   0.4771205186843872   
0.4734635651111603   0.4734635651111603   
0.4668118357658386   0.4668118357658386   
0.4746023416519165   0.4746023416519165   
0.4741086959838867   0.4741086959838867   
0.47412219643592834   0.47412219643592834   
0.4716934561729431   0.4716934561729431   
0.47461190819740295   0.47461190819740295   

14:05:23: local_reinforcement_logger.timestep_report +41: INFO     
 Step 44   Fraction valid SMILES: 96.9   Score: 0.4270   Time elapsed: 42   Time left: 5.6
  Agent     Prior     Target     Score     SMILES
-22.02    -22.42     16.21      0.47      O=C(Nc1cccc(Cl)c1)c1ccc2c(c1)NC(=O)C(C)S2
-24.02    -23.95     14.47      0.47      Clc1c(-c2nc3c(cccc3)c(C(Nc3ccc4c(c3)OCO4)=O)c2)cccc1
-32.45    -32.45      6.44      0.47      C1c2ccccc2C(C#N)N(C(=O)C=Cc2ccccn2)CC1
-23.57    -23.63     14.77      0.47      c12c(cccc1)cc(Nc1nc3c(=Cc4c(O)[nH]c(=O)[nH]4)cnn3c(=NC3CC3)c1)cc2
-23.44    -23.51     14.90      0.47      c1ncoc1-c1c2n(cn1)-c1ccc(F)cc1C(=O)N(C)C2
-32.07    -31.86      6.77      0.47      c1sccc1-c1ccc(N(Cc2ccc(F)cc2)C(c2cc(C(F)(F)F)cc(C(F)(F)F)c2)=O)nc1
-35.67    -36.23    -36.23      0.00      C(F)(F)(CNC(=O)C(=O)C(NC(CC(C)(C)NC(C)=O)=O)Cc1ccccc1)F
-33.55    -33.41      4.93      0.47      C(CN(Cc1cc2c(c(F)c1)CCCO2)CC=Cc1ccccc1C(F)(F)F)O
-36.29    -36.14    -36.14      0.00      C(CCN(c1nc2c(co1)cccc2)S(=O)(=O)c1ccccc1)#N
-27.09    -28.19     10.42      0.47      N(c1ccc(N2CCN(CC)CC2)cc1)=c1[nH]c(=Nc2ccccc2)cc(NS(=O)(=O)C)[nH]1
Human-Component   raw_Human-Component
0.4710996150970459   0.4710996150970459   
0.46856945753097534   0.46856945753097534   
0.47437620162963867   0.47437620162963867   
0.4682246446609497   0.4682246446609497   
0.46833401918411255   0.46833401918411255   
0.47117218375205994   0.47117218375205994   
0.46696335077285767   0.46696335077285767   
0.4675912857055664   0.4675912857055664   
0.0   0.0   
0.47087642550468445   0.47087642550468445   

14:05:24: local_reinforcement_logger.timestep_report +41: INFO     
 Step 45   Fraction valid SMILES: 96.9   Score: 0.4405   Time elapsed: 43   Time left: 4.7
  Agent     Prior     Target     Score     SMILES
-35.62    -34.25      4.21      0.47      c1(Cl)ccc(C(N2C(c3cc4c(nc3Cl)c3c(ccc(C)c3)oc4=O)CC(C)=N2)=O)cc1
-36.94    -36.16      2.16      0.47      c1c(NS(=O)(c2ccc(C(NC(C(=O)NC(C)c3ccccc3)CC(N)=O)=O)cc2)=O)ccc(F)c1
-27.88    -28.21     10.36      0.47      c1ccoc1CN(CC1CCCO1)Cc1c(O)c(Br)cc(Cl)c1
-29.52    -29.45      9.00      0.47      c1(C)cccc(C)c1COc1cc(C(=CCn2oc(=O)[nH]c2=O)c2ccc(Cl)cc2)ccc1
-46.65    -48.16    -10.26      0.46      c1(=O)n(Cc2cc(OC)ccc2)c2c(c(O)c(C(=NNC(CNC(OC(C)(C)C)=O)C)C)cc2)n(C)c1=O
-21.22    -21.24     17.71      0.48      c1cccc(N2C(=O)C(N3CCOCC3)=C(C)C2=O)c1
-22.17    -22.65     15.84      0.47      c1cc(OC2CN(c3[nH]cnc(=Nc4cccc(C(NC)=O)c4)c3)C2)ccc1F
-30.48    -30.72      7.88      0.47      c1c(OC)ccc(-c2cc(C(=O)N(C)C)ccc2CN=c2[nH]c(=N)[nH]cc2)c1
-25.53    -25.31     12.87      0.47      C(=O)(C=Cc1ccc(O)c(OC)c1)c1ccc(OCc2cn(Cc3ccccc3)nn2)cc1O
-25.62    -26.00     13.02      0.48      C(CN1CCCCC1)Oc1c(Cl)ccc(-c2sc3c(cccc3)n2)c1
Human-Component   raw_Human-Component
0.46900978684425354   0.46900978684425354   
0.4673084020614624   0.4673084020614624   
0.4703347682952881   0.4703347682952881   
0.4689648747444153   0.4689648747444153   
0.4622688591480255   0.4622688591480255   
0.475018709897995   0.475018709897995   
0.46941086649894714   0.46941086649894714   
0.4706985652446747   0.4706985652446747   
0.46562764048576355   0.46562764048576355   
0.4758353531360626   0.4758353531360626   

14:05:25: local_reinforcement_logger.timestep_report +41: INFO     
 Step 46   Fraction valid SMILES: 93.8   Score: 0.4272   Time elapsed: 44   Time left: 3.7
  Agent     Prior     Target     Score     SMILES
-27.95    -27.61     11.36      0.48      s1c(C(O)=O)c(OC(CCCCC)=O)c(CC)c1
-17.98    -18.46     20.41      0.47      C1=C2C(C)(C(C(C)CCCC(C)C)CC2)CCC1
-22.04    -22.51     15.94      0.47      COc1cc(NC(N2CCCn3nc(C)cc32)=O)ccc1
-17.20    -17.64     21.29      0.47      c12ccccc1c(=O)cc(-c1ccc(Br)cc1)o2
-16.32    -16.97     21.99      0.48      c1cc([N+]([O-])=O)ccc1N1CCCC1
-21.74    -22.13     16.66      0.47      C1CCCN1c1ccc(S(=O)(=O)N2C(=O)NC(c3ccccc3)C2)cc1
-20.53    -22.11     16.61      0.47      N(=c1[nH]cccc1)C(=O)CCCCCCCCCCCCC
-36.16    -37.14      1.45      0.47      Cc1ccc2c(c1)[nH]c1cc3c(cccc3)cc1c2=NNN
-21.59    -21.90     16.55      0.47      c1ccc(-c2cccc(NC(Cc3ccc(OC)c(OC)c3)=O)c2)cc1
-44.57    -44.56     -6.15      0.47      N(C(=O)C(C(c1ccccc1)O)Cc1cc2c(cc1)cccc2)CCN(CCNS(=O)(C)=O)C(C)C
Human-Component   raw_Human-Component
0.4752352833747864   0.4752352833747864   
0.47401246428489685   0.47401246428489685   
0.46896591782569885   0.46896591782569885   
0.47476083040237427   0.47476083040237427   
0.47509974241256714   0.47509974241256714   
0.47308018803596497   0.47308018803596497   
0.4722200036048889   0.4722200036048889   
0.4706137478351593   0.4706137478351593   
0.4689963757991791   0.4689963757991791   
0.46833187341690063   0.46833187341690063   

14:05:26: local_reinforcement_logger.timestep_report +41: INFO     
 Step 47   Fraction valid SMILES: 96.9   Score: 0.4412   Time elapsed: 45   Time left: 2.8
  Agent     Prior     Target     Score     SMILES
-22.23    -22.21     16.51      0.47      c1c(C)[nH]c(=Nc2oc(-c3c(Cl)cccc3)nn2)nc1C
-41.26    -42.23     -3.78      0.47      C1(=Cc2ccc(S(=O)(=O)C)cc2)C(O)C2(O)C(=O)c3c(O)cccc3C2(O)C2N1CC1C2N1C
-28.97    -27.94     10.51      0.47      N1(CC2C(c3ccccc3)CCCN2C(CCc2cccs2)=O)CCOCC1
-21.82    -22.32     16.84      0.48      N1(C)CCN(c2c(C)c3c(c(C)c2C)OCC3(C)C)CC1
-22.01    -22.54     15.65      0.47      c1(F)c(Cl)cc(NC(Nc2cccc(CN=c3[nH]cnc4c3cccc4)c2)=O)cc1
-32.68    -34.11      4.67      0.47      O=C1C(OC)=CC2(O)C(=CC(C)C(C)O2)C1C
-23.48    -23.52     15.49      0.48      O=C(Nc1c(CC)cccc1)c1cncc(Cl)c1
-20.43    -20.30     18.46      0.47      c1c(C(Cn2cncc2)OC(=O)C2CCCCC2)ccc(Cl)c1
-40.44    -40.01     -1.25      0.47      c1(-c2ccc(-c3nncn3-c3cc(N4CCN(C)CC4)ccc3)cc2)c2ccccc2c(=O)n(C)n1
-31.83    -31.38      7.22      0.47      c1(CN2CCN(C(=O)Nc3cccc(F)c3)CCC2)cc2c(cc1)cc(F)cc2
Human-Component   raw_Human-Component
0.4721332788467407   0.4721332788467407   
0.4689786434173584   0.4689786434173584   
0.4688342809677124   0.4688342809677124   
0.47756898403167725   0.47756898403167725   
0.46576768159866333   0.46576768159866333   
0.47295063734054565   0.47295063734054565   
0.4757325351238251   0.4757325351238251   
0.47271791100502014   0.47271791100502014   
0.47267401218414307   0.47267401218414307   
0.4707370102405548   0.4707370102405548   

14:05:27: local_reinforcement_logger.timestep_report +41: INFO     
 Step 48   Fraction valid SMILES: 96.9   Score: 0.4567   Time elapsed: 46   Time left: 1.9
  Agent     Prior     Target     Score     SMILES
-31.56    -32.13      6.41      0.47      CC(Cn1c(O)c2c(c(O)c3ccccc3c2NCC=NC)c1O)C
-51.59    -51.48    -13.18      0.47      [nH]1c(-c2ccccc2C)nc2c1ccc(Oc1ccc(NC(c3ccccc3-c3ccc(C(=O)NCc4nc(CC(C)C)cs4)cc3)=O)cc1)c2
-33.26    -33.87    -33.87      0.00      NC(=O)c1ccc2c3c(c(CC)n[nH]c13)CCN2
-20.94    -21.26     17.67      0.47      c1c(Cc2c(=O)[nH]c3ccccc3n2)c2ccccc2cc1
-27.99    -28.22     10.71      0.47      N1(C(OC(C)C)=O)CC(C(NCCN(C)C)=O)CCC1
-32.06    -32.66      5.93      0.47      N1(C2CCN(Cc3ccc(Cl)cc3)CC2)C(C(=O)Nc2c(F)cccc2F)CC(SCC)C1
-32.12    -33.01      5.84      0.47      c1c(Cl)c(N(C)C)ccc1C=CC(c1cc(Cl)cc(Br)c1)=O
-45.78    -44.88     -6.44      0.47      c1(-c2cc(N3CCN(C)CC3)cc(C(=O)NC(Cc3ccccc3)CO)n2)cc(C(NC(C)(C)c2sccn2)=O)ccc1
-18.74    -19.15     19.77      0.47      c1(C=CC(=NO)O)ccc(CNCCCc2ccccc2)cc1
-55.10    -54.37    -16.56      0.46      n1c2c(nc[nH]c2=NC(C)C)n(C2c3c(ccc(NCCCC(NOC)=O)c3)C(=O)C(C)(C)N2CC)c1
Human-Component   raw_Human-Component
0.469918429851532   0.469918429851532   
0.46706974506378174   0.46706974506378174   
0.0   0.0   
0.4747670590877533   0.4747670590877533   
0.47478556632995605   0.47478556632995605   
0.4705825448036194   0.4705825448036194   
0.47377461194992065   0.47377461194992065   
0.4687243700027466   0.4687243700027466   
0.4746517241001129   0.4746517241001129   
0.4610603153705597   0.4610603153705597   

14:05:28: local_reinforcement_logger.timestep_report +41: INFO     
 Step 49   Fraction valid SMILES: 96.9   Score: 0.4560   Time elapsed: 47   Time left: 0.9
  Agent     Prior     Target     Score     SMILES
-22.42    -22.27     16.26      0.47      c1(OC)cc(NC(=O)COC(=O)C=Cc2ccccc2)cc(OC)c1OC
-31.72    -32.25      6.07      0.47      c1(NC(C)CCCN=C(N)C[N+](=O)[O-])ccc(OCc2ccccc2)cc1
-23.36    -23.37     15.27      0.47      O=C(NC(C)C)NCc1ccc(-c2nnc3n2-c2c(nccc2)Nc2c-3cccc2)cc1
-31.47    -31.27      7.18      0.47      c1(COc2c(N(S(=O)(=O)N3CCCCC3)C)cccc2)ccc(C)cc1
-31.42    -31.18      7.09      0.47      O=C(c1n(-c2ccc(Cl)cc2)ccc1)NC1(C(Nc2ccc(C=CC(=O)O)cc2)=O)CCCC1
-19.93    -20.73     18.07      0.47      c1c(C(NC(c2ccc(OC)cc2)C)=O)cccc1
-31.07    -31.08      7.20      0.47      CCCC(N=c1c2c(nc3c(cccc3)n2)n(CCCN2CCOCC2)[nH]1)CC
-27.56    -28.00     10.71      0.47      c1cc(NC)cc(-c2nn(-c3ccc(C)cc3)nn2)c1
-34.26    -35.18      3.39      0.47      C(=O)(c1cc(C2N(Cc3c4c(nccc4)c(O)cc3)CCCC2)ccc1)C
-29.50    -30.59      7.96      0.47      c1c(S(=O)(NC2CCC3C2(C)CCC2c4ccc(OCCN)cc4CCC32)=O)ccc(N)c1
Human-Component   raw_Human-Component
0.4699053168296814   0.4699053168296814   
0.467404842376709   0.467404842376709   
0.4712100327014923   0.4712100327014923   
0.46889492869377136   0.46889492869377136   
0.46671321988105774   0.46671321988105774   
0.473159521818161   0.473159521818161   
0.4667991101741791   0.4667991101741791   
0.4720567464828491   0.4720567464828491   
0.4703253507614136   0.4703253507614136   
0.47011953592300415   0.47011953592300415   

