22:15:41: local_reinforcement_logger.log_message +32: INFO     starting an RL run
22:15:44: local_reinforcement_logger.timestep_report +41: INFO     
 Step 0   Fraction valid SMILES: 100.0   Score: 0.0317   Time elapsed: 2   Time left: 2.0
  Agent     Prior     Target     Score     SMILES
-21.80    -21.80    -19.24      0.08      CC(=O)N1C(C(NCC)=O)CCC1=O
-23.09    -23.09    -22.43      0.02      c1c2c(c(O)c(O)c1)C(CCC)Oc1cc(O)ccc1-2
-29.05    -29.05    -28.90      0.00      c1c(C=NNC(=O)c2c3c(n[nH]2)CCCC3)ccc(OS(c2ccccc2)(=O)=O)c1OC
-23.68    -23.68    -23.40      0.01      OCCCNC(c1cc(C(=O)NC(c2ccccc2)CC)c2n1CCOC2)=O
-31.94    -31.94    -31.76      0.01      O=S(c1cccc(C(O)=O)c1)(N(Cc1sccc1)CCc1ccc(C(F)(F)F)cc1)=O
-29.27    -29.27    -29.09      0.01      c1cc(Cn2nnc(C(=O)NC(Cc3ccccc3)C(O)CNC3CCCCC3)c2)ccc1
-24.09    -24.09    -23.90      0.01      c1(C(NC(C)c2ccc(S(=O)(N)=O)cc2)=O)ccccc1Br
-15.94    -15.94    -13.21      0.09      C1(n2c3nc[nH]c(=N)c3nc2)OC(CO)C(O)C1O
-28.09    -28.09    -28.02      0.00      c1c(Cl)c(C(N=c2[nH]c(OC)nc(OC)c2)=O)cc(S(N)(=O)=O)c1
-23.53    -23.53    -14.62      0.28      c12c(C(=O)N3CCN(CCO)CC3)cc(Cl)cc1[nH]c(=O)c(=O)[nH]2
Human-Component   raw_Human-Component
0.07997174561023712   0.07997174561023712   
0.02069588005542755   0.02069588005542755   
0.00466383621096611   0.00466383621096611   
0.00862555205821991   0.00862555205821991   
0.005718760658055544   0.005718760658055544   
0.005563471000641584   0.005563471000641584   
0.005710115656256676   0.005710115656256676   
0.08529321849346161   0.08529321849346161   
0.001971292309463024   0.001971292309463024   
0.27844175696372986   0.27844175696372986   

