14:32:05: local_reinforcement_logger.log_message +32: INFO     starting an RL run
14:32:06: local_reinforcement_logger.timestep_report +41: INFO     
 Step 0   Fraction valid SMILES: 100.0   Score: 0.5000   Time elapsed: 1   Time left: 50.0
  Agent     Prior     Target     Score     SMILES
-27.91    -27.91    -26.87      0.03      c1cc(-n2ncc3cc(CNc4c(=O)n(-c5ccccc5)n(C)c4C)ccc32)ccc1OC
-26.42    -26.42      5.58      1.00      c1c(N2CCN(CCCCn3c(=O)ccc(-n4cc(C)cn4)n3)CC2)cccc1OC
-60.12    -60.12    -53.92      0.19      C1(=O)OC2C(C(=C)C(C3OC4C(C(OC(=O)C)C5C(C)(O4)C(OC(=O)C)CC3(C)C(=O)O5)C)O2)C1C
-27.04    -27.04     -0.20      0.84      N(Cc1c(-c2ccc(F)cc2)cccc1)C(=O)NC1CCCCC1
-25.57    -25.57     -3.89      0.68      n1c2c(c(-c3ccc(C(=O)N)cc3)nc1)c(N)c(C(=O)N)s2
-24.95    -24.95      0.86      0.81      C12(C)C(CCC1C(C=Cc1ccc(O)c(OC)c1)=O)C1C(CC2)C2(C)CCC(O)CC2=CC1
-27.89    -27.89     -4.14      0.74      c1(C)ccc(S(=O)(N=C2CC(=NS(=O)(c3ccc(F)cc3)=O)c3c(Cl)cccc3C2=O)=O)cc1
-28.45    -28.45    -13.99      0.45      Fc1cc(C(NC(=O)c2ccccc2)CC(N2CCN(C(=O)c3ccco3)CC2)=O)ccc1
-24.47    -24.47      0.30      0.77      c1cc(C(=NO)O)c(OCCO)cc1-c1ccccc1
-24.32    -24.32     -6.77      0.55      c1(CSc2nc3c(cccc3)c(=O)n2CCC(O)=O)ccccc1Cl
Human-Component   raw_Human-Component
0.032258063554763794   0.032258063554763794   
1.0   1.0   
0.19354838132858276   0.19354838132858276   
0.8387096524238586   0.8387096524238586   
0.6774193644523621   0.6774193644523621   
0.8064516186714172   0.8064516186714172   
0.7419354915618896   0.7419354915618896   
0.4516128897666931   0.4516128897666931   
0.774193525314331   0.774193525314331   
0.5483871102333069   0.5483871102333069   

14:32:08: local_reinforcement_logger.timestep_report +41: INFO     
 Step 1   Fraction valid SMILES: 90.6   Score: 0.4531   Time elapsed: 2   Time left: 49.0
  Agent     Prior     Target     Score     SMILES
-27.53    -27.48      2.24      0.93      c1c(C2C(C)N(C)C(C)(C)CO2)c[nH]c(=N)c1
-28.44    -28.47    -20.47      0.25      O=[N+]([O-])c1cccc2c(=O)n(-c3ccccc3Cl)c(CCl)nc12
-19.86    -19.94     -9.65      0.32      O=C(N=c1[nH]c2c(cccc2)[nH]1)CSc1ccccc1
-44.71    -44.67    -40.10      0.14      c1c(OC2CCNC2(c2nc(C)cs2)C)cc(Cn2ccnc2)cc1
-41.96    -41.96    -30.53      0.36      N1(C=O)C(c2ccc(F)c(F)c2)C(C(=O)OCC)C(C)C(C(=O)OC)C1c1cccs1
-25.15    -25.17     -4.60      0.64      n1(C)c(C(F)(F)F)nc(=NCc2ccccc2OC)[nH]1
-34.32    -34.34    -34.34      0.00      c1(OC)nc2n(cccc2-c2cc(OC)c(OC)cc2)c(C(=O)OCC)c1Cl
-24.93    -24.98    -23.83      0.04      O1C(CO)C(O)C(O)C(NC(=O)Nc2cccc(C)c2)C1Oc1ccc(OC)cc1
-22.39    -22.38      1.62      0.75      C(O)(=NO)CCCCC(C(O)=O)N
-28.36    -28.34    -13.48      0.46      c1(-n2c(=O)n(-c3ccccc3)c3c(c[nH]c(=NCCOC)n3)c2=O)ccc(F)cc1
Human-Component   raw_Human-Component
0.9285714030265808   0.9285714030265808   
0.25   0.25   
0.3214285671710968   0.3214285671710968   
0.1428571492433548   0.1428571492433548   
0.3571428656578064   0.3571428656578064   
0.6428571343421936   0.6428571343421936   
0.0   0.0   
0.0357142873108387   0.0357142873108387   
0.75   0.75   
0.4642857015132904   0.4642857015132904   

14:32:09: local_reinforcement_logger.timestep_report +41: INFO     
 Step 2   Fraction valid SMILES: 96.9   Score: 0.4844   Time elapsed: 3   Time left: 48.0
  Agent     Prior     Target     Score     SMILES
-27.00    -27.05    -24.92      0.07      c12c(n(Cc3ccccc3)c3ccccc13)c(C)nc(C(=O)OCc1ccccc1)c2C
-36.06    -36.20    -36.20      0.00      C(CC12C(Cl)C(Cl)(C(Cl)Cl)(OC1)OO2)CCCl
-31.05    -31.06    -13.99      0.53      C1(S(=O)(c2ccccc2)=O)C(O)C(OC2CC(O)C(O)C(C)O2)C(CO)O1
-25.31    -25.41     -9.41      0.50      N(=Nc1ccccc1C(=O)O)c1c(C)[nH]n(-c2nc(-c3ccccc3)cs2)c1=O
-25.00    -25.02     -4.76      0.63      s1c(C)c(S(N2CCN(C)CC2)(=O)=O)c2c1nccc2
-27.61    -27.65      4.35      1.00      c1c(Cl)cc(N2CCN(CCCCNC(=O)c3cc(-c4cccnc4)cnc3)CC2)cc1
-18.91    -18.98     -6.18      0.40      c1c(-c2cc[nH]c(=Nc3ccc(S(N)(=O)=O)cc3)n2)ccnc1
-18.26    -18.33      7.27      0.80      C1(=O)C(=O)c2c(ccc(OC)c2)N1C
-22.23    -22.19      6.61      0.90      c12c(c(=NN=Cc3cn(CC)nc3)cc[nH]1)ccc(Cl)c2
-21.98    -22.02    -18.82      0.10      n1cc(C(=O)NNS(=O)(c2ccc(N)cc2)=O)ccc1
Human-Component   raw_Human-Component
0.06666667014360428   0.06666667014360428   
0.0   0.0   
0.5333333611488342   0.5333333611488342   
0.5   0.5   
0.6333333253860474   0.6333333253860474   
1.0   1.0   
0.4000000059604645   0.4000000059604645   
0.800000011920929   0.800000011920929   
0.8999999761581421   0.8999999761581421   
0.10000000149011612   0.10000000149011612   

14:32:09: local_reinforcement_logger.timestep_report +41: INFO     
 Step 3   Fraction valid SMILES: 100.0   Score: 0.5000   Time elapsed: 4   Time left: 47.0
  Agent     Prior     Target     Score     SMILES
-25.38    -25.53    -14.17      0.35      c1c(-c2ccc(-c3[nH]c4ccc(F)cc4n3)cc2)cc(NC(c2cncc(Br)c2)=O)cc1
-33.34    -33.19    -24.93      0.26      N1(c2ccccc2)C(=S)CC(c2ccc([N+](=O)[O-])cc2)N(C(CBr)=O)C1
-17.32    -17.28     -2.83      0.45      c1cc2c(cc1NC(=N)c1cccs1)OCO2
-29.02    -28.99    -15.57      0.42      O1COc2cc(S(N3CCC(C(=O)Nc4ccccc4S(=O)(=O)N)CC3)(=O)=O)ccc21
-26.12    -26.09    -15.77      0.32      C(=O)(OC(C)C)CCC(=O)NNC(c1cc(OC)cc(OC)c1)=O
-31.25    -31.22    -21.93      0.29      Oc1sc2cc(S(N3CCN(c4ncc(C(F)(F)F)cc4Cl)CC3)(=O)=O)ccc2n1
-30.47    -30.43     -4.63      0.81      o1c(-c2ccc(Cl)cc2)ccc1C=C1SC(=Nc2ccccc2)N(CCCN2C(=O)CSC2c2ccc(OC)cc2)C1=O
-23.73    -23.64    -17.45      0.19      c12oc(-c3ccc(N(CC)CC)cc3)nc1cc(OC)c(OC)c2
-36.09    -36.16     -7.26      0.90      O=C(CCCCCNC(=O)CCCCn1c(=O)c2c(cccc2)n(Cc2ccc(Cl)cc2)c1=O)N=c1cc(C)o[nH]1
-27.53    -27.67     -3.93      0.74      n1c2c(c(-c3ccccc3)c(O)c1)C(NCC)CCC2
Human-Component   raw_Human-Component
0.35483869910240173   0.35483869910240173   
0.25806450843811035   0.25806450843811035   
0.4516128897666931   0.4516128897666931   
0.4193548262119293   0.4193548262119293   
0.32258063554763794   0.32258063554763794   
0.29032257199287415   0.29032257199287415   
0.8064516186714172   0.8064516186714172   
0.19354838132858276   0.19354838132858276   
0.9032257795333862   0.9032257795333862   
0.7419354915618896   0.7419354915618896   

14:32:10: local_reinforcement_logger.timestep_report +41: INFO     
 Step 4   Fraction valid SMILES: 100.0   Score: 0.5000   Time elapsed: 5   Time left: 46.0
  Agent     Prior     Target     Score     SMILES
-24.90    -25.09      2.78      0.87      C12Cc3ccccc3C(C)(CC(NC)C1)C2
-27.44    -27.36    -22.20      0.16      O(C(c1c(C)[nH]c(C)c1C(NCCc1cc(OC)c(OC)cc1)=O)=O)CCC
-22.47    -22.58    -22.58      0.00      c1(S(=O)(N(c2ccc(OCC)cc2)CC)=O)ccc(-c2oc(C3CC3)nc2)cc1
-33.71    -33.84    -18.36      0.48      c1(C(Nc2c(Cl)cccc2)=O)c2n(cc(C)cc2)[n+](Cc2ccc(F)cc2)c1
-18.03    -18.01     -7.69      0.32      n1nc(SCc2ccccc2)nc(-c2ccccc2)c1-c1ccccc1
-24.04    -24.13     -0.39      0.74      c1(C(NN2CCCCC2)=O)ccc(O)c(CN2CCOCC2)c1
-31.98    -32.13     -0.13      1.00      O(c1ccc(N2CCN(CCCCn3c4n(cc3C)c3nc(OC)ccc4n3)CC2)cc1)C
-37.32    -37.10    -20.58      0.52      c1ccc2cc(S(C3c4nnc(-c5ccc(CN6CCC(C(=O)N)CC6)cc5)n4CCC3)(=O)=O)ccc2c1
-21.65    -21.73      9.24      0.97      C(C)CCCn1c(=O)c2[nH]cnc2n(CC)c1=O
-25.81    -25.93     -4.25      0.68      n1ccc(-c2c(F)ccc(CNC)c2)[nH]1
Human-Component   raw_Human-Component
0.8709677457809448   0.8709677457809448   
0.16129031777381897   0.16129031777381897   
0.0   0.0   
0.4838709533214569   0.4838709533214569   
0.32258063554763794   0.32258063554763794   
0.7419354915618896   0.7419354915618896   
1.0   1.0   
0.5161290168762207   0.5161290168762207   
0.9677419066429138   0.9677419066429138   
0.6774193644523621   0.6774193644523621   

14:32:11: local_reinforcement_logger.timestep_report +41: INFO     
 Step 5   Fraction valid SMILES: 100.0   Score: 0.5000   Time elapsed: 5   Time left: 37.5
  Agent     Prior     Target     Score     SMILES
-29.37    -29.05     -3.24      0.81      C(Cl)CN(CCCl)Cc1c(OCCCCCCCCCCCCCCCC)ns[n+]1[O-]
-25.14    -25.24    -11.82      0.42      c1ccccc1-c1cnc2n1cc(-c1cc(OC)c(OC)cc1)cc2C(F)(F)F
-21.08    -20.90    -16.77      0.13      c1(NC(=O)Nc2c(C)n(C(C)C)nc2C)ccccc1
-27.51    -27.30    -25.24      0.06      c1(C(NCC(NC(c2ccc(OC)cc2)C)=O)=O)noc(C(C)C)c1
-22.87    -22.72    -11.36      0.35      c1cc(C)ccc1-n1c(=O)c2c3c(sc2n(CC(OCC)=O)c1=O)CCCC3
-33.53    -33.62    -32.59      0.03      N(c1ccc(N(C)C)cc1)(CC)CCNC(=O)CN1c2cccnc2Sc2c(cccc2)C1=O
-39.47    -39.52    -10.61      0.90      c12c3c(-c4ccccc4)c4[nH]nnc(=O)c4c(Cl)c3oc1C(=O)N(C)CC2
-21.39    -21.57      8.36      0.94      C1CN(C)C(COc2cc(C)cc(C)c2C)C1
-26.81    -26.85      5.15      1.00      C(N1S(=O)(=O)CC(N2CCCNCC2)C1)c1ccc(Cl)cc1Cl
-19.95    -20.24      7.63      0.87      c1cc(NC(N2CCN(CC)CC2)=S)c(F)cc1
Human-Component   raw_Human-Component
0.8064516186714172   0.8064516186714172   
0.4193548262119293   0.4193548262119293   
0.12903225421905518   0.12903225421905518   
0.06451612710952759   0.06451612710952759   
0.35483869910240173   0.35483869910240173   
0.032258063554763794   0.032258063554763794   
0.9032257795333862   0.9032257795333862   
0.9354838728904724   0.9354838728904724   
1.0   1.0   
0.8709677457809448   0.8709677457809448   

14:32:11: local_reinforcement_logger.timestep_report +41: INFO     
 Step 6   Fraction valid SMILES: 96.9   Score: 0.4844   Time elapsed: 6   Time left: 37.7
  Agent     Prior     Target     Score     SMILES
-23.01    -23.15    -15.69      0.23      O=C(NCc1ccc(F)cc1)c1c(=O)[nH]c2c(cc(C)cc2)c1
-23.11    -23.14      6.72      0.93      n1c(CN2CCN(c3ncc(C#N)cc3)CC2)nc(C2CC2)o1
-21.00    -20.97     -4.97      0.50      c1ccc(C2n3c(=O)c4ccccc4nc3SC2)cc1
-32.84    -32.86    -15.79      0.53      C(CCCCn1[nH]nc(C(=O)Nc2c(C)cccc2C)c1=N)(=O)NC(CC)CC
-23.94    -24.15     -2.82      0.67      Clc1cc(-c2c(-c3ccc(C(=O)O)cc3)cccc2)ccc1
-23.71    -23.76      3.97      0.87      C1(C(N=c2cc[nH]n2C2CCN(Cc3ccn(C)n3)CC2)=O)CCCCC1
-24.42    -24.29    -20.02      0.13      C1(C(=O)OC)=C(C)N(Cc2ccccc2)C(NCC(C)C)=NC1c1ccccc1OC
-21.39    -21.25      1.15      0.70      COC(=O)C1=C(c2cc(F)c(-c3ccccc3)cc2)CC2CCC1N2C(NCCOc1ccccc1)=O
-22.12    -22.36    -22.36      0.00      S=C(NC(=O)C)Nc1ccc(S(=O)(N=c2[nH]cccn2)=O)cc1
-60.47    -60.25    -60.25      0.00      c12cc(C(c3cc4c5n(c3=O)CC(CCC)OC(CC(C)(C)C)O5)c(CN)cc4)ccc1OCO2
Human-Component   raw_Human-Component
0.23333333432674408   0.23333333432674408   
0.9333333373069763   0.9333333373069763   
0.5   0.5   
0.5333333611488342   0.5333333611488342   
0.6666666865348816   0.6666666865348816   
0.8666666746139526   0.8666666746139526   
0.13333334028720856   0.13333334028720856   
0.699999988079071   0.699999988079071   
0.0   0.0   
0.0   0.0   

14:32:12: local_reinforcement_logger.timestep_report +41: INFO     
 Step 7   Fraction valid SMILES: 100.0   Score: 0.5000   Time elapsed: 7   Time left: 37.6
  Agent     Prior     Target     Score     SMILES
-30.98    -30.79      0.18      0.97      C(OC(C)(C)C)(=O)NC(C(NC(C(N1CCCC1C(=O)N)=O)CC(C)C)=O)Cc1c[nH]c2ccccc12
-23.53    -23.46     -4.88      0.58      [nH]1nc(C(=O)NCCc2ccc(Cl)cc2)c([N+]([O-])=O)c1C
-27.04    -27.34     -4.63      0.71      C1C2(C)C(=CCC3C4C(C)(CCC23)C(C(=O)C)C(NCC)C4)CC(O)C1
-29.01    -29.10    -27.04      0.06      O=[N+](c1ccc(C2=NC(=O)NC(c3ccc(O)cc3)C2C(=O)OCC)c([N+](=O)[O-])c1)[O-]
-30.19    -29.96    -22.74      0.23      c1c(-c2oc(C)c(CCOc3ccc(COc4c5cc(-c6nc7sc(OC)nn7c6)oc5cc(OC)c4)cc3)n2)cncc1
-25.25    -25.39      3.52      0.90      CCCCCCCCCC(N(C)Cc1ccc(F)cc1)=O
-19.71    -19.66    -13.47      0.19      c1c(C(C)N=c2[nH]ccc(N3C(=O)OCC3Cc3ccccc3)n2)cccc1
-35.12    -35.10    -35.10      0.00      ON=C(O)C1CCCN1S(=O)(=O)c1ccc(N=c2[nH]c(=Nc3cccc(NC(=O)C=C)c3)c(Cl)c[nH]2)cc1
-24.46    -24.60    -14.28      0.32      s1c(SCC(=O)Nc2ccc(F)cc2F)n[nH]c1=NC(=O)c1ccccc1F
-21.59    -21.47      3.30      0.77      c1c(Br)ccc2nc3n(c12)CCCC3
Human-Component   raw_Human-Component
0.9677419066429138   0.9677419066429138   
0.5806451439857483   0.5806451439857483   
0.7096773982048035   0.7096773982048035   
0.06451612710952759   0.06451612710952759   
0.22580644488334656   0.22580644488334656   
0.9032257795333862   0.9032257795333862   
0.19354838132858276   0.19354838132858276   
0.0   0.0   
0.32258063554763794   0.32258063554763794   
0.774193525314331   0.774193525314331   

14:32:13: local_reinforcement_logger.timestep_report +41: INFO     
 Step 8   Fraction valid SMILES: 100.0   Score: 0.5000   Time elapsed: 8   Time left: 37.3
  Agent     Prior     Target     Score     SMILES
-30.55    -30.40    -28.33      0.06      C(O)(c1sccc1S(=O)(=O)c1cc([N+]([O-])=O)c(Cl)cc1)=O
-35.24    -35.00    -29.83      0.16      O(COC(=O)c1ncccc1)C(=O)C=C(C=CC(O)=O)C
-29.64    -29.52    -28.49      0.03      c1c(-c2nc3c(c(C(O)=O)c2)c2ccc(C)cc2[nH]3)cc(OC)c(OC)c1
-31.44    -31.47    -14.95      0.52      c1cccc2cc(N)c(-c3cc4cc(O)ccc4cc3)nc12
-27.63    -27.42    -12.97      0.45      c1(CNC(=O)c2c3c(ccc2)C(=O)c2ccccc2-3)c(F)cc(OC)cc1
-24.01    -23.94     -8.46      0.48      c1(=O)n(C(C)(C)C)nc2c3c(cccc3)[nH]c2c1C#N
-32.82    -32.75    -24.50      0.26      C(C(O)=O)c1cc2c(c(-c3cccnc3)c1)c(-c1c(F)cccc1)n[nH]2
-27.43    -27.56     -2.79      0.77      n1n[nH]nc1-c1c2c(n(C3C(O)C(O)C(CO)O3)cc2Cl)ncn1
-30.41    -30.39    -23.17      0.23      c1cc(NC(N2C(c3ccc([N+]([O-])=O)cc3)CC(c3ccco3)=N2)=S)c(F)cc1F
-20.49    -20.60    -16.47      0.13      c1c(C)ccc(NC(CNC(=O)C2CCCCC2)=O)c1C
Human-Component   raw_Human-Component
0.06451612710952759   0.06451612710952759   
0.16129031777381897   0.16129031777381897   
0.032258063554763794   0.032258063554763794   
0.5161290168762207   0.5161290168762207   
0.4516128897666931   0.4516128897666931   
0.4838709533214569   0.4838709533214569   
0.25806450843811035   0.25806450843811035   
0.774193525314331   0.774193525314331   
0.22580644488334656   0.22580644488334656   
0.12903225421905518   0.12903225421905518   

14:32:14: local_reinforcement_logger.timestep_report +41: INFO     
 Step 9   Fraction valid SMILES: 100.0   Score: 0.5000   Time elapsed: 9   Time left: 36.9
  Agent     Prior     Target     Score     SMILES
-21.23    -21.35    -12.06      0.29      O=C(C)n1c(=S)[nH]nc1-c1ccccc1
-39.34    -39.36    -13.56      0.81      C(C(c1cccc(NS(=O)(C)=O)c1)=NO)OC1CCN(c2ncc(C(F)(F)F)cc2)CC1
-28.40    -28.59     -5.88      0.71      c1(C(c2ccc(Cl)cc2)(OC)C2CCN(C3CCN(S(CC)(=O)=O)CC3)CC2)ccccc1
-29.02    -29.04    -11.49      0.55      C1(N=c2cc(-n3ccc4c3ncc(Cl)c4)[nH]cc2C(=O)NCC(C(C)(C)O)F)COCC1F
-37.16    -36.69    -17.07      0.61      CC(C(=O)NC(c1nnn(CCOc2ccccc2)n1)C(C)C)OC(C)C
-36.00    -36.28     -8.40      0.87      C12C(C)(C3CC(=O)OCC34C(C1)C1(C)C(C)(C(C(C)CCC(O)C(C)=C)CC1)CC4)CCC(=O)C2(C)C
-20.85    -21.21    -17.08      0.13      c1c(NCc2nc(-c3ccncc3)oc2)cccc1
-31.92    -31.98     -8.24      0.74      C[N+]([O-])(CC1CSCC1)CC#C
-40.80    -40.92    -10.99      0.94      O=C1N(CCN2C3(CCCCCC3)N=C3c4c(cccc4)OC(c4ccc(OCC)cc4)C3=C2)CCC1
-24.67    -24.51    -12.12      0.39      c1(Br)cc(Br)c2c(c1)C(Nc1cnccc1)C(O)C(C)(C)O2
Human-Component   raw_Human-Component
0.29032257199287415   0.29032257199287415   
0.8064516186714172   0.8064516186714172   
0.7096773982048035   0.7096773982048035   
0.5483871102333069   0.5483871102333069   
0.6129032373428345   0.6129032373428345   
0.8709677457809448   0.8709677457809448   
0.12903225421905518   0.12903225421905518   
0.7419354915618896   0.7419354915618896   
0.9354838728904724   0.9354838728904724   
0.3870967626571655   0.3870967626571655   

14:32:15: local_reinforcement_logger.log_message +32: INFO     Resetting Agent
14:32:15: local_reinforcement_logger.log_message +32: INFO     Adjusting sigma to: 82
14:32:15: local_reinforcement_logger.timestep_report +41: INFO     
 Step 10   Fraction valid SMILES: 93.8   Score: 0.4688   Time elapsed: 10   Time left: 36.4
  Agent     Prior     Target     Score     SMILES
-26.63    -26.83    -18.00      0.28      C1N(c2c3c(ccn2)c2c(cccc2)[nH]3)CCN(S(=O)(=O)c2ccc(C)cc2)C1
-31.90    -31.89     -4.30      0.86      c1c(Cl)ccc(N=c2[nH]c(CC)cc(=NCCCNC(=O)C3CCCC3)[nH]2)c1
-26.58    -26.83    -23.52      0.10      N(C(C)(C)C)C(=O)Cc1n(C)c(SCC(=O)NCC2CCCO2)nn1
-39.47    -39.60    -24.15      0.48      C1(C(=O)Nc2cc(-c3ccccc3)ccc2)CCCN1COC(CC(C)(C)C)=O
-32.12    -32.35    -27.94      0.14      FC(F)(F)Oc1ccc(C2=NC(CC(=O)O)c3sc(C)c(CC)c3-c3c2cc(C#N)s3)cc1
-55.20    -55.91    -33.84      0.69      c12c(Cc3c4cc(CC)ccc4ccc3)c(OC)cc(O)c1C1(c3ccc(C(C)C)cc3)C(c3ccccc3)C(C(=O)O)C1c1ccccc1-2
-28.75    -28.71    -27.61      0.03      n12c(-c3ccc(NS(=O)(CCC)=O)cc3)c(C)nc1ccc(-c1ccccc1)n2
-29.41    -29.00    -23.49      0.17      c1(CC(CNC(=S)NCc2ccc(NC(N)=N)cc2)NCC(N)Cc2ccc(O)cc2)ccc(O)cc1
-21.03    -21.46      9.44      0.97      n1c(-c2ccco2)nc(CN2CCC(N3CCCCC3)CC2)o1
-36.84    -36.51    -28.79      0.24      CC(CC(NC(C(CC(C)C(C(Cc1ccccc1)NC(=O)C(C(C)C)NC(CC(C)C)=O)=O)=O)CC(C)C)=O)C
Human-Component   raw_Human-Component
0.27586206793785095   0.27586206793785095   
0.8620689511299133   0.8620689511299133   
0.1034482792019844   0.1034482792019844   
0.48275861144065857   0.48275861144065857   
0.13793103396892548   0.13793103396892548   
0.6896551847457886   0.6896551847457886   
0.03448275849223137   0.03448275849223137   
0.17241379618644714   0.17241379618644714   
0.9655172228813171   0.9655172228813171   
0.24137930572032928   0.24137930572032928   

14:32:16: local_reinforcement_logger.timestep_report +41: INFO     
 Step 11   Fraction valid SMILES: 100.0   Score: 0.5000   Time elapsed: 11   Time left: 35.8
  Agent     Prior     Target     Score     SMILES
-32.17    -32.17     39.25      0.87      C1CCC(=Cc2sc(=S)n(-c3cccc(Cl)c3)c2N)N1Cc1ccccc1
-26.87    -26.87     28.68      0.68      c12ccc(C=CC(=NO)O)cc1-c1[nH]c3ccc(OC)cc3c1CC2
-31.61    -31.61     42.46      0.90      c12c(c3cc(CCCO)ncc3[nH]c1=O)nn(-c1ccccc1)c2
-21.71    -21.71      4.74      0.32      C1(=O)OC(CO)CN1c1ccc(OCc2ccccc2)cc1
-23.65    -23.65     13.38      0.45      c1ccc(Cl)cc1C(N1CCN(Cc2cccc([N+](=O)[O-])c2)CC1)=O
-23.39    -23.39      0.41      0.29      c1c(C#N)ccc(S(=O)(NCCc2ccc(C(F)(F)F)cc2)=O)c1
-22.50    -22.50     54.21      0.94      CC1(c2ccccc2)C(=O)N(CC(N=c2[nH]c3c(s2)cccc3)=O)C(=O)N1
-19.18    -19.18     33.72      0.65      C1C(C2C=CCC(=O)O2)CCCC1
-32.74    -32.74     -3.64      0.35      c1cc2cnn(CC)c2cc1C1N(Cc2cccnc2)CCC(=O)C1
-24.95    -24.95     14.72      0.48      O=C(C)NC(Cc1c(S)cccc1)C(=O)O
Human-Component   raw_Human-Component
0.8709677457809448   0.8709677457809448   
0.6774193644523621   0.6774193644523621   
0.9032257795333862   0.9032257795333862   
0.32258063554763794   0.32258063554763794   
0.4516128897666931   0.4516128897666931   
0.29032257199287415   0.29032257199287415   
0.9354838728904724   0.9354838728904724   
0.6451612710952759   0.6451612710952759   
0.35483869910240173   0.35483869910240173   
0.4838709533214569   0.4838709533214569   

14:32:17: local_reinforcement_logger.timestep_report +41: INFO     
 Step 12   Fraction valid SMILES: 96.9   Score: 0.4844   Time elapsed: 12   Time left: 35.1
  Agent     Prior     Target     Score     SMILES
-28.83    -28.86    -12.46      0.20      c1(=CN2CCC(C)CC2)[nH]n2c(nc3ccccc3c2=O)c1=O
-21.66    -21.72     24.75      0.57      C(=N)(N)NN=Cc1cccn1C
-31.67    -31.64     -1.57      0.37      C(c1cc(C)on1)C(N)C1CCN(C(=O)c2[nH]ccc2)CC1
-31.52    -31.54     23.13      0.67      C1Oc2c(cc(C3C4=C(CCOc5c4cc(OC)cc5)c4c(cccc4)O3)cc2)O1
-23.12    -23.13     -9.46      0.17      C(=O)(c1sccc1)Nc1c(Cl)cc([N+]([O-])=O)cc1
-23.27    -23.26     -1.39      0.27      CS(=O)(N(C)c1c(OCc2c(C)ccc(C)c2)cc(NC(=O)c2ccc(Cl)cc2)cc1)=O
-35.08    -35.12     38.68      0.90      c1nc(C(=O)NCC2C3N(CCC3)C2)c2cccc3c2c1CC3
-25.15    -25.13     13.14      0.47      c12c(cc([N+]([O-])=O)cc1)C(=NO)c1c-2c(C=C)ccc1
-40.73    -40.68     19.45      0.73      O=C(N1CC(=O)N(c2ccc(OCCCOCc3ccccc3OC)cc2)C(C(=O)NCCC(O)CO)C1)Cc1c(Cl)ccc(NS(C)(=O)=O)c1F
-23.12    -23.09    -14.89      0.10      COc1c(OC)c(C=NNC(NCc2ccccc2)=S)ccc1OC
Human-Component   raw_Human-Component
0.20000000298023224   0.20000000298023224   
0.5666666626930237   0.5666666626930237   
0.36666667461395264   0.36666667461395264   
0.6666666865348816   0.6666666865348816   
0.1666666716337204   0.1666666716337204   
0.2666666805744171   0.2666666805744171   
0.8999999761581421   0.8999999761581421   
0.46666666865348816   0.46666666865348816   
0.7333333492279053   0.7333333492279053   
0.10000000149011612   0.10000000149011612   

14:32:18: local_reinforcement_logger.timestep_report +41: INFO     
 Step 13   Fraction valid SMILES: 100.0   Score: 0.5000   Time elapsed: 13   Time left: 34.4
  Agent     Prior     Target     Score     SMILES
-29.28    -29.41     36.72      0.81      C1C2(NCc3sccn3)CCCC(C1)N(CC1CC1)C2
-35.70    -35.71     -6.62      0.35      Clc1ccc(NCC(NC(=O)CC(=O)O)C(=O)NCCC(=O)O)cc1
-22.68    -22.59      3.86      0.32      c1(=NC(c2c(C)c3cc(C)ccc3o2)=O)[nH]nc(CC(=O)OCC)s1
-24.77    -24.80     -0.99      0.29      c12c(ccc(S(N(CC(=O)O)C)(=O)=O)c1)C(=O)c1ccccc1C2=O
-39.16    -38.97    -33.68      0.06      CN(Cc1cc(C(=O)O)oc1C(OCC)=O)Cc1c(=O)[nH]c2c(c1)cc(OCC)cc2
-43.34    -43.35    -24.83      0.23      C(C(c1ccc(N=Nc2ccc(NN=Cc3c(CC)cccc3)cc2C)cc1)=O)C
-31.35    -31.31    -20.73      0.13      [nH]1c(C(C(NCCS(=O)(N)=O)=O)S(=O)(=O)CCC(F)(F)F)ccc1-c1ccccc1OCCC
-31.17    -31.11     13.86      0.55      c12sc(=NC(CC)C)[nH]c1-c1c(C(F)(F)F)cc(C)nc1CC2
-31.48    -31.47    -31.47      0.00      N(C(c1oc(-c2ccccn2)cc1NS(=O)(c1ccc(C)cc1)=O)=O)Cc1ccc(OC)cc1
-23.58    -23.47    -15.54      0.10      c1cc(C(=O)NCC(OCC(NC(=O)NC2CCCC2)=O)=O)ccc1OC
Human-Component   raw_Human-Component
0.8064516186714172   0.8064516186714172   
0.35483869910240173   0.35483869910240173   
0.32258063554763794   0.32258063554763794   
0.29032257199287415   0.29032257199287415   
0.06451612710952759   0.06451612710952759   
0.22580644488334656   0.22580644488334656   
0.12903225421905518   0.12903225421905518   
0.5483871102333069   0.5483871102333069   
0.0   0.0   
0.09677419066429138   0.09677419066429138   

14:32:19: local_reinforcement_logger.timestep_report +41: INFO     
 Step 14   Fraction valid SMILES: 96.9   Score: 0.4844   Time elapsed: 14   Time left: 33.6
  Agent     Prior     Target     Score     SMILES
-53.83    -53.89    -34.76      0.23      OC(=O)CCCCCc1[nH]c(C)c(CCOc2ccc(C)c(Oc3ccccc3NS(=O)(C(F)(F)F)=O)c2)c1C
-23.71    -23.59     58.41      1.00      C(CN1CCCCCC1)COc1cc(NC(=O)NC23CC4CC(CC(C2)C4)C3)ccc1
-32.22    -32.14      0.66      0.40      C1N(c2ccc(OCCCCCC)cc2)C(C)CN(C(c2c(Cc3ccccc3)cccc2)=O)C1
-68.56    -68.53    -68.53      0.00      c1ccncc1C(=O)OCC12C3C4(CC(C(OC)=O)(OC1(C(O)C3C)C1(C)CN(CC#C)C2)C1)O4
-31.03    -30.93     15.53      0.57      O=c1c(CC(=O)c2ccc(N)cc2)nc(-c2c(Cl)cccc2)n[nH]1
-27.50    -27.68     46.12      0.90      c12sc(=Nc3ccc(O)cc3)[nH]c1sc1c2CCN(Cc2ccccc2)C1
-22.48    -22.53     43.07      0.80      c12c(cccc1OCCC)c(=N)[nH]c(=N)[nH]2
-36.72    -36.68     -9.35      0.33      C1C(C(C(=O)O)N2CC(c3ccccc3F)C(CC(Nc3ccc(Oc4ccccc4)nc3)=O)CC2)C1
-26.20    -26.15     25.79      0.63      CC1(C)Cc2[n+]([O-])c3c(nc2CCCC1)cccc3
-23.03    -23.12     -6.72      0.20      C(C(N1CCC(C(N)=O)CC1)=O)Oc1ccc(C)cc1C
Human-Component   raw_Human-Component
0.23333333432674408   0.23333333432674408   
1.0   1.0   
0.4000000059604645   0.4000000059604645   
0.0   0.0   
0.5666666626930237   0.5666666626930237   
0.8999999761581421   0.8999999761581421   
0.800000011920929   0.800000011920929   
0.3333333432674408   0.3333333432674408   
0.6333333253860474   0.6333333253860474   
0.20000000298023224   0.20000000298023224   

14:32:20: local_reinforcement_logger.timestep_report +41: INFO     
 Step 15   Fraction valid SMILES: 100.0   Score: 0.5000   Time elapsed: 14   Time left: 30.6
  Agent     Prior     Target     Score     SMILES
-23.33    -23.43     13.60      0.45      c1ccoc1CN(C)C1C(=O)OCC1
-25.72    -25.76     -4.60      0.26      C(Cc1cc2cccc(OC)c2oc1=O)NCc1ccccc1
-22.01    -21.99     38.85      0.74      O=S(=O)(c1ccc(N2C(=O)CCCC2=O)cc1)N1CCCCC1
-20.08    -20.23     56.48      0.94      C(N1CCC(NC(=O)c2cc(Cl)c(N)cc2OC)CC1)Cc1ccccc1
-22.76    -22.60     -4.08      0.23      c1(OC)cc(CC(=O)OCC(NCCCC)=O)cc(OC)c1OC
-31.16    -31.14      3.25      0.42      c1c2c(ncc(S(=O)(=O)NC(=O)C3(C)CCN3C(=O)C3(c4ccc(Cl)cc4)CCCC3)c2)ccc1
-24.74    -24.80    -16.86      0.10      O=C(NC(C)CCc1ccccc1)N1CCOCCC1
-46.75    -46.78    -46.78      0.00      O=C(CCOc1ccc2c(ncnc2Oc2ccc(NC(Nc3cc(CC(F)(F)F)ccc3)=O)cc2)c1)N1CCOCC1
-28.06    -28.08    -17.50      0.13      C(n1c(=O)c2c(c(C)n(-c3ccc(OC)cc3)n2)c(C)n1)CC(NCCCOC)=O
-23.78    -23.96     47.46      0.87      COc1ccc(CN2CCN(c3nc(SC)ncc3)CC2)cc1
Human-Component   raw_Human-Component
0.4516128897666931   0.4516128897666931   
0.25806450843811035   0.25806450843811035   
0.7419354915618896   0.7419354915618896   
0.9354838728904724   0.9354838728904724   
0.22580644488334656   0.22580644488334656   
0.4193548262119293   0.4193548262119293   
0.09677419066429138   0.09677419066429138   
0.0   0.0   
0.12903225421905518   0.12903225421905518   
0.8709677457809448   0.8709677457809448   

14:32:21: local_reinforcement_logger.timestep_report +41: INFO     
 Step 16   Fraction valid SMILES: 93.8   Score: 0.4688   Time elapsed: 15   Time left: 30.0
  Agent     Prior     Target     Score     SMILES
-24.62    -24.69     57.31      1.00      c1cc(Cl)cc(CN2CCC(NC(=O)c3cc(=O)c4c(o3)cc(Cl)cc4)CC2)c1
-18.99    -19.35     56.99      0.93      c1(Cl)ccc(OCCNCCCOC)cc1
-43.66    -43.84     26.85      0.86      C12(COC)C3CC(CO)N(C43CCCCC4)CC1Cc1ccccc12
-45.17    -45.13    -33.82      0.14      c1(=NC2CCN(Cc3cc(S(O)(=O)=O)ccc3OCC)CC2)c(C(N)=O)c[nH]n2cc(-c3cn(C(C)C)nc3)cc12
-21.76    -21.81      3.64      0.31      C1CN(C(CNS(c2ccc(Br)cc2)(=O)=O)c2ccco2)CC1
-36.69    -36.60     -5.49      0.38      c1(CNc2cc(N3CCN(C(Oc4ccccc4Br)=O)CC3)c(C(F)(F)F)cc2[N+](=O)[O-])ccccc1
-23.48    -23.37     41.66      0.79      C1(C(C)C)CCC(NC(=O)Nc2c3cn[nH]c3ccc2)CC1
-21.74    -21.67     15.09      0.45      C(=O)(c1ccc(-n2ccnc2)cc1)Nc1ccc(OC)cc1
-24.60    -24.59     -1.97      0.28      COc1ccc(C)cc1NC(CCCn1c(=O)c2n(c3ccccc31)ccc2)=O
-49.26    -48.74     -6.33      0.52      c1c(C(NCc2cc(F)c(NC(C(=O)OC)Cc3c[nH]c4ccccc43)cc2C)=O)n(Cc2cc(C(N)=N)ccc2)c2c1cc(F)cc2
Human-Component   raw_Human-Component
1.0   1.0   
0.931034505367279   0.931034505367279   
0.8620689511299133   0.8620689511299133   
0.13793103396892548   0.13793103396892548   
0.3103448152542114   0.3103448152542114   
0.37931033968925476   0.37931033968925476   
0.7931034564971924   0.7931034564971924   
0.4482758641242981   0.4482758641242981   
0.27586206793785095   0.27586206793785095   
0.517241358757019   0.517241358757019   

14:32:22: local_reinforcement_logger.timestep_report +41: INFO     
 Step 17   Fraction valid SMILES: 100.0   Score: 0.5000   Time elapsed: 16   Time left: 29.3
  Agent     Prior     Target     Score     SMILES
-21.94    -22.04     54.67      0.94      c1c(N=c2[nH]cnc3n(C)ncc32)ccc2c1CCC2
-32.17    -31.82    -10.66      0.26      c1(C(=O)O)cccc(-c2cccc3[nH]c(-c4c(OC)cccc4)nc23)n1
-33.50    -33.78     16.48      0.61      c1(C2(c3ccc(OC(F)F)cc3)NC(=N)OC2)scc(-c2cc(N3CCC3)ncc2)n1
-30.99    -30.76    -20.18      0.13      n1cc(COc2cc3c(cc2)C(C(CC)C(O)=O)CC3)c(-c2ccc(OC)cc2)cc1
-29.36    -29.39    -29.39      0.00      O=C(Nc1ccc([N+](=O)[O-])cc1O)C=Cc1ccc(OCc2ccc(C)cc2)c(OC)c1
-21.03    -21.21     26.40      0.58      Cc1cccc(N2N=C(c3ccc(C)cc3)CCC2=O)c1
-38.75    -38.85      6.12      0.55      S(=O)(=O)(O)OC1C2C34C(OC1CC(O)C(C)C3)OC(=O)C(C)C4CCC2C
-35.20    -35.47      6.85      0.52      C1N(S(CC23C(NC(C(NS(=O)(C)=O)(C)C)=O)CC(CC2)C3(C)C)(=O)=O)CC=C(c2ccccc2)C1
-22.48    -22.50      9.24      0.39      c1(O)c(CC=C(C)C)c(OC)c2c(=O)c3c(cc(O)c(CC=C(C)C)c3O)oc2c1
-25.44    -25.39    -17.45      0.10      C(c1cc2c(cc1)cc(C)cc2)(=O)Nc1cnccc1
Human-Component   raw_Human-Component
0.9354838728904724   0.9354838728904724   
0.25806450843811035   0.25806450843811035   
0.6129032373428345   0.6129032373428345   
0.12903225421905518   0.12903225421905518   
0.0   0.0   
0.5806451439857483   0.5806451439857483   
0.5483871102333069   0.5483871102333069   
0.5161290168762207   0.5161290168762207   
0.3870967626571655   0.3870967626571655   
0.09677419066429138   0.09677419066429138   

14:32:23: local_reinforcement_logger.timestep_report +41: INFO     
 Step 18   Fraction valid SMILES: 93.8   Score: 0.4688   Time elapsed: 17   Time left: 28.6
  Agent     Prior     Target     Score     SMILES
-21.20    -21.04     38.34      0.72      c1c(Cl)ccc(-c2cc(C(=O)O)c3c(n2)non3)c1
-23.22    -23.16    -14.67      0.10      c1(CCNC(C)=O)ccc(OCc2cc(Br)ccc2)cc1
-32.23    -32.19     10.23      0.52      C(F)(c1c(F)ccc(CN(c2sc3ccccc3c2C(C)N)S(=O)(c2cccc(F)c2)=O)c1)(F)F
-24.67    -24.44      9.49      0.41      c1ccc(-c2nnc(-c3ccc(C(=O)c4ccccc4)cc3C)o2)cc1
-22.86    -22.81     33.74      0.69      c1c(COc2c(Cl)cc(C=O)cc2Cl)c(Cl)ccc1
-28.76    -28.70     -0.42      0.34      C(=O)(c1ccncc1)NNC(Cn1c2nc3c(nc2c2ccccc12)cccc3)=O
-28.83    -28.71      8.05      0.45      c1(F)ccc(NC(=O)C(=Cc2cc(O)c(O)cc2)C#N)c(F)c1Cl
-24.37    -24.50     -4.70      0.24      c1c(Cn2c3n(c4ccccc4c2=O)ncc3C(=O)N)cccc1
-28.97    -28.94     21.95      0.62      o1c2c(c(C)cc(C)c2)nc1N1CCC(C(N2CCN(c3cc(C)ccc3C)CC2)=O)CC1
-18.72    -19.09     54.43      0.90      c12cc(N3CCN(C)CC3)ccc1c(=O)c(C(=O)O)cn2C1CC1
Human-Component   raw_Human-Component
0.7241379022598267   0.7241379022598267   
0.1034482792019844   0.1034482792019844   
0.517241358757019   0.517241358757019   
0.4137931168079376   0.4137931168079376   
0.6896551847457886   0.6896551847457886   
0.3448275923728943   0.3448275923728943   
0.4482758641242981   0.4482758641242981   
0.24137930572032928   0.24137930572032928   
0.6206896305084229   0.6206896305084229   
0.8965517282485962   0.8965517282485962   

14:32:23: local_reinforcement_logger.timestep_report +41: INFO     
 Step 19   Fraction valid SMILES: 93.8   Score: 0.4688   Time elapsed: 18   Time left: 27.9
  Agent     Prior     Target     Score     SMILES
-24.58    -24.88     57.12      1.00      C(N1CCN(c2cc(Cl)ccc2C)CC1)CCCNC(c1cnccn1)=O
-28.14    -28.25    -25.42      0.03      CCOc1c2c(occ2CC(N2CCCCCC2)=O)cc(Br)c1
-38.73    -38.71    -38.71      0.00      FC(c1ccc(-c2cc(COC3(C(O)=O)CCN(C(=O)C(NS(c4cccc(C(F)(F)F)c4)(=O)=O)CC(C)C)CC3)ccc2)cc1)(F)F
-51.84    -51.62    -51.62      0.00      c1c(F)c2c3c(c(=O)n(C4C(O)C(O)C5COC6OC6C(O)C(O)C(CO)O6)cc(O)c5c4[nH]c31)c[nH]2
-27.91    -28.06     22.84      0.62      C1CCCCn2c1[n+](CC(=O)Nc1ccc(N)cc1)cc2
-24.23    -24.23      9.70      0.41      C(Oc1ccc(Oc2ncc(OC)cn2)cc1)(C)(C)C(O)=O
-24.25    -24.48      0.97      0.31      O=C(CSc1n(-c2cc(Cl)ccc2)c(COc2ccc(Cl)cc2)nn1)N1CCOCC1
-26.05    -26.17     13.41      0.48      C1C(NC(=O)Cn2c(=O)c3cnn(-c4cc(OC)c(OC)cc4)c3nc2)CCC1
-40.75    -40.85    -40.85      0.00      c1cc2c3c(c(-c4ccnn4C)n(C)c3cc1)-c1c(OC)cccc1C2=O
-38.28    -38.01     -1.25      0.45      Clc1ccc(-c2oc3c(cc(Cc4cccc(C(F)(F)F)c4)cc3)n2)c2cccc(C(F)(F)F)c12
Human-Component   raw_Human-Component
1.0   1.0   
0.03448275849223137   0.03448275849223137   
0.0   0.0   
0.0   0.0   
0.6206896305084229   0.6206896305084229   
0.4137931168079376   0.4137931168079376   
0.3103448152542114   0.3103448152542114   
0.48275861144065857   0.48275861144065857   
0.0   0.0   
0.4482758641242981   0.4482758641242981   

14:32:24: local_reinforcement_logger.timestep_report +41: INFO     
 Step 20   Fraction valid SMILES: 96.9   Score: 0.4844   Time elapsed: 19   Time left: 27.1
  Agent     Prior     Target     Score     SMILES
-20.98    -21.27     52.53      0.90      Clc1sc2c(c1)CCNC2=O
-30.75    -30.68    -22.48      0.10      c1(=O)cc(C)nc(SCC(Nc2ccc(NC(c3cc(F)c(F)cc3)=O)cc2)=O)[nH]1
-26.30    -26.16     42.17      0.83      Clc1ccc(-n2c(SC)c(C(N(C)C)=O)sc2=S)cc1
-25.84    -25.71     34.42      0.73      c1cccc2ccc(OCc3c4ccc(C)cc4on3)cc12
-31.88    -31.92     11.81      0.53      c1(Oc2cc(F)ncc2)ccc(CNC(c2n(C)nc3cc(-c4ccccc4)ccc23)=O)cn1
-22.85    -22.78      4.56      0.33      c1cc(CCNC(=O)c2n(C)c3c(cccc3)c2)ccc1OC
-32.87    -32.46    -13.33      0.23      c12c(cccc1)oc(=NC(CSc1ccc(-c3c(C#N)cccc3)nn1)=O)[nH]2
-21.85    -22.03      8.03      0.37      C(C(Nc1cc(Cl)c(Cl)cc1Cl)=O)=CC(=O)O
-30.18    -30.69     15.78      0.57      CCc1c(CCC)n2c(=O)c(O)c(-c3cccs3)nc2s1
-44.66    -44.50     -8.97      0.43      c1(CC)cc2c(c(OC)cc(C(OC)=O)c2)c(O)c1-c1c2c(cc(O)c1OC)C(C)N(C)C(C)C2
Human-Component   raw_Human-Component
0.8999999761581421   0.8999999761581421   
0.10000000149011612   0.10000000149011612   
0.8333333134651184   0.8333333134651184   
0.7333333492279053   0.7333333492279053   
0.5333333611488342   0.5333333611488342   
0.3333333432674408   0.3333333432674408   
0.23333333432674408   0.23333333432674408   
0.36666667461395264   0.36666667461395264   
0.5666666626930237   0.5666666626930237   
0.4333333373069763   0.4333333373069763   

14:32:26: local_reinforcement_logger.timestep_report +41: INFO     
 Step 21   Fraction valid SMILES: 100.0   Score: 0.5000   Time elapsed: 20   Time left: 26.4
  Agent     Prior     Target     Score     SMILES
-31.59    -31.60     -2.51      0.35      O(C)c1cc(-c2cc(C(=O)NC(CO)C)c3c(cc(Br)cc3)n2)ccc1
-30.13    -30.26      1.49      0.39      c1(C2(C)SCC(=O)N2NC(CC#N)=O)cccc([N+]([O-])=O)c1
-31.08    -30.76    -20.18      0.13      CC(C)(C)C(=O)N1CCN(c2c(NC(C3CCC3)=O)cc(S(=O)(N3CCOCC3)=O)cc2)CC1
-27.02    -27.06     17.91      0.55      Cn1c(=O)n(C)c2c(n3cc(C(OCC)=O)nc3c2)c1C
-31.78    -31.44    -28.79      0.03      C(Cc1ccccc1)(N=CC1C(C(=O)OCC)C(c2c([N+](=O)[O-])cccc2)NC(=O)N1)=O
-21.23    -21.29     26.32      0.58      FC(c1c(C#N)ccc(NCc2c(O)ccc(O)c2)c1)(F)F
-18.72    -18.70     42.14      0.74      C1CC(=O)C(C(c2ccccc2)c2ccccc2)C(=O)C1
-20.28    -20.25     14.14      0.42      C1CC(c2ccc(C#N)cc2)=C(C(=O)OC)C1
-30.07    -30.17     35.96      0.81      c12c(n(CC(O)CO)c3cnc(Cl)cc13)nccc2
-24.55    -24.69     46.73      0.87      N(C1CCOc2ccccc21)C(NCC)=O
Human-Component   raw_Human-Component
0.35483869910240173   0.35483869910240173   
0.3870967626571655   0.3870967626571655   
0.12903225421905518   0.12903225421905518   
0.5483871102333069   0.5483871102333069   
0.032258063554763794   0.032258063554763794   
0.5806451439857483   0.5806451439857483   
0.7419354915618896   0.7419354915618896   
0.4193548262119293   0.4193548262119293   
0.8064516186714172   0.8064516186714172   
0.8709677457809448   0.8709677457809448   

14:32:27: local_reinforcement_logger.timestep_report +41: INFO     
 Step 22   Fraction valid SMILES: 96.9   Score: 0.4844   Time elapsed: 21   Time left: 25.6
  Agent     Prior     Target     Score     SMILES
-26.80    -26.83      5.97      0.40      C1(=Cc2ccc(O)cc2Cl)C(=O)C(=Cc2c(Cl)cccc2)CC1
-24.43    -24.26    -24.26      0.00      S(CC(NCCc1ccc(OC)c(OC)c1)=O)c1sc(-c2cnccc2)nn1
-23.04    -23.28     -4.14      0.23      c1c(C=CC(=O)N2CCN(C)CC2)c(-c2ccc(OC)c(OC)c2)nn1-c1ccccc1
-36.10    -35.91     32.42      0.83      C1C2CC3CC(N=C(c4ccc(C(=O)O)cc4)c4c5c(cccc5)[nH]c4)(C1)CC(C2)C3
-25.94    -25.72    -17.52      0.10      c1c(S(=O)(N)=O)ccc(Cc2c3c(n(CC(O)=O)c2C)ccc(Cl)c3)c1
-31.78    -32.21     22.46      0.67      N12CCC(CC1)CN(C(=O)CCOc1cc3c(cc1)CCC3)C2
-34.18    -33.98      1.55      0.43      S(c1c2ncc(C3CCN(C(CO)CO)CC3)n2ccn1)c1ncccc1
-32.83    -33.14     46.13      0.97      c1cccc(OC(NC2CCN(CCNC(=O)NC(=O)c3cc(OC)ccc3)CC2)=O)c1
-52.42    -52.68    -52.68      0.00      c1c2c(cc(OC)c1)CCc1c-2ncnc1C(=O)N=c1sc2c([nH]1)CCCC1[S+]2[O-]
-52.07    -52.03    -46.56      0.07      C(C1CC1)n1nc2c(c1-c1cnc3n1cccc3)cc(C(=O)NC1CC3CCC(C1)N3Cc1ccnc3ccccc13)cc2
Human-Component   raw_Human-Component
0.4000000059604645   0.4000000059604645   
0.0   0.0   
0.23333333432674408   0.23333333432674408   
0.8333333134651184   0.8333333134651184   
0.10000000149011612   0.10000000149011612   
0.6666666865348816   0.6666666865348816   
0.4333333373069763   0.4333333373069763   
0.9666666388511658   0.9666666388511658   
0.0   0.0   
0.06666667014360428   0.06666667014360428   

14:32:28: local_reinforcement_logger.timestep_report +41: INFO     
 Step 23   Fraction valid SMILES: 100.0   Score: 0.5000   Time elapsed: 22   Time left: 24.8
  Agent     Prior     Target     Score     SMILES
-53.18    -53.17    -53.17      0.00      C1(OC)C2=C(OC(=N)C(C(=O)OC)C2c2cc(Br)c([N+](=O)[O-])cc2OC)c2c(n(-c3ccc(Cl)cc3)nc2C)N1c1ccc(F)cc1
-30.77    -30.83    -20.25      0.13      c1c(C)ccc(S(N2CCCC2COC(N2CCC(C(=O)NC)CC2)=O)(=O)=O)c1
-46.29    -46.82     -9.79      0.45      Clc1cc(COC2C(C(=O)O)(N)C3C(CC(C)C3C(=O)NC3C(C)C4CC3CC4)C2)ccc1
-21.13    -21.23     39.61      0.74      C1C2CC3CC1C1(OOC(C)(C)OC1)C(C2)C3
-31.29    -31.19    -25.90      0.06      O=[N+](c1c2c(cccc2)c2c(c1)c(=O)n(-c1ccc(OC)cc1)s2)[O-]
-27.77    -27.64     22.62      0.61      N(c1cn(CC(=O)C)nc1)C(c1ccccc1Cl)=O
-47.23    -47.23    -26.07      0.26      O=C(NC(OC(C)(CO)C)=O)C(CC(C)C)NC(=O)C(NC(=O)C(NC(=O)C(C(C)C)N)CCCN=C(N)N)Cc1ccccc1
-30.64    -30.18     -3.73      0.32      C(=O)(C(c1ccccc1)CC)OCc1c(C(=O)O)[nH]c2cc(Cl)cc(Cl)c12
-24.29    -24.54     33.65      0.71      C(NCCc1c2ccc(OC)cc2[nH]c1)(CCCCCCCCCCC)=O
-46.90    -46.52     16.97      0.77      N(Cc1ccc(N(C)C)cc1)=c1[nH]c(=NC(=NCc2oc3c(cccc3)c2)N)[nH]c(=NCCCN=c2c3c([nH]cc2)cc(Cl)cc3)[nH]1
Human-Component   raw_Human-Component
0.0   0.0   
0.12903225421905518   0.12903225421905518   
0.4516128897666931   0.4516128897666931   
0.7419354915618896   0.7419354915618896   
0.06451612710952759   0.06451612710952759   
0.6129032373428345   0.6129032373428345   
0.25806450843811035   0.25806450843811035   
0.32258063554763794   0.32258063554763794   
0.7096773982048035   0.7096773982048035   
0.774193525314331   0.774193525314331   

14:32:29: local_reinforcement_logger.timestep_report +41: INFO     
 Step 24   Fraction valid SMILES: 96.9   Score: 0.4844   Time elapsed: 23   Time left: 23.9
  Agent     Prior     Target     Score     SMILES
-25.41    -25.29     21.18      0.57      c1c(CN2CC(O)COCC3OC(CC(OC)=O)CCC23)cc(F)cc1
-35.51    -35.59     24.54      0.73      c12c(=N)ncn(CCC3CCC=C3)c1ccc(C(c1cc(Cl)ccc1)=O)c2
-20.50    -20.23     31.70      0.63      CC(COc1ncccc1C(=NO)N1CCOCC1)C
-33.84    -33.37      7.63      0.50      n1c(C)c2c(c(-c3ccc(C(F)(F)F)cc3)n1)c(=O)c(C(=O)OCC)c[nH]2
-31.53    -31.69     36.65      0.83      n1c(C2CCN(C(CO)C3CCN(Cc4cc(C)ccc4)CC3)CC2)c2n(n1)cccc2
-22.38    -22.57     53.97      0.93      c1(=O)n(C)c(=O)c2c(nc(C3CCCCC3)n2Cc2ccc(Cl)cc2)n1C
-33.54    -34.09     20.58      0.67      c1n(Cc2ccc(C#N)cc2)c2c(c1)cc(NCc1c(F)c(O)ccc1F)cc2
-23.76    -23.92     33.48      0.70      c1(N)c2c(ccc1)C(c1scc(Br)c1)C(C#N)C(=N)O2
-49.50    -49.15    -43.68      0.07      C(c1ccc(N)cc1)C(N)C(=O)NCc1[nH]c2c(n1)c(C(=O)NCc1ccc(C(N)=N)cc1)c(O)c(CCC)c2
-21.01    -21.23     49.84      0.87      c1(N2CCCC2)c(NC(=O)CCl)cccc1
Human-Component   raw_Human-Component
0.5666666626930237   0.5666666626930237   
0.7333333492279053   0.7333333492279053   
0.6333333253860474   0.6333333253860474   
0.5   0.5   
0.8333333134651184   0.8333333134651184   
0.9333333373069763   0.9333333373069763   
0.6666666865348816   0.6666666865348816   
0.699999988079071   0.699999988079071   
0.06666667014360428   0.06666667014360428   
0.8666666746139526   0.8666666746139526   

14:32:29: local_reinforcement_logger.timestep_report +41: INFO     
 Step 25   Fraction valid SMILES: 100.0   Score: 0.5000   Time elapsed: 24   Time left: 23.1
  Agent     Prior     Target     Score     SMILES
-29.01    -29.24     15.73      0.55      O=C(NCc1cccnc1Oc1cccc(Cl)c1)c1[nH]c2ccccc2c1
-23.43    -23.60     34.59      0.71      c1cc2c(C=NCCN(C)C)c(O)ccc2[nH]1
-20.49    -20.41      6.04      0.32      c1(C=CC(CC(C=Cc2ccc(O)c(OC)c2)=O)=O)ccc(OC)c(OC)c1
-30.60    -30.70     16.91      0.58      C1CCC(=O)N(C(C(=O)NC2C3CC(CC3)C2)Cc2ccccc2)N1
-23.70    -23.40      5.70      0.35      O=S(Nc1ccccc1C(OC)=O)(=O)c1c(C)c(C)cc(C)c1C
-24.31    -25.00      6.74      0.39      FC(F)(C1(C)N(c2ccc(OC)cc2)C(=O)c2ccccc21)F
-22.13    -22.35     57.00      0.97      n1c(=Nc2cccc(Cl)c2)c2c(ccc(Br)c2)[nH]c1
-26.46    -25.96     48.10      0.90      C1(=O)c2c3c(ccc2)cccc3N(CC(C)C)S1(=O)=O
-26.48    -26.62     -5.46      0.26      Cc1ncccc1C(N1CCC(N2CCC(Cc3ccc(OC)cc3)CC2)CC1)=O
-35.94    -35.55     33.22      0.84      c1cc(-n2cc(C(=O)NCCN3CCCCC3c3ccccn3)nc2-c2ccc(Cl)cc2)c(Cl)cc1Cl
Human-Component   raw_Human-Component
0.5483871102333069   0.5483871102333069   
0.7096773982048035   0.7096773982048035   
0.32258063554763794   0.32258063554763794   
0.5806451439857483   0.5806451439857483   
0.35483869910240173   0.35483869910240173   
0.3870967626571655   0.3870967626571655   
0.9677419066429138   0.9677419066429138   
0.9032257795333862   0.9032257795333862   
0.25806450843811035   0.25806450843811035   
0.8387096524238586   0.8387096524238586   

14:32:30: local_reinforcement_logger.timestep_report +41: INFO     
 Step 26   Fraction valid SMILES: 100.0   Score: 0.5000   Time elapsed: 25   Time left: 22.2
  Agent     Prior     Target     Score     SMILES
-32.61    -32.64     22.91      0.68      c1cc2c(oc(CCCNC(c3cc(Cl)ccc3)=O)cc2=O)cc1OC
-39.75    -39.80     -0.12      0.48      C(C(O)=O)(=O)C(NC(C1N(C(Cn2cc(C(NC(C)(C)C)=O)nc2)=O)CCC1)=O)C1CCCCC1
-20.20    -20.62     50.79      0.87      N(C(C(N)C)=O)C1CCN(Cc2ccccc2)CC1
-28.87    -28.71    -23.42      0.06      C(OCC)(=O)C(=Cc1c(O)c(O)c2ccccc2c1O)C(c1ccc(C)cc1)=O
-26.76    -27.11     49.60      0.94      C1N(Cc2ccc(C#N)cc2)CCC(C(=O)N(CCNC)C)C1
-35.32    -36.29      0.74      0.45      S(=O)(=O)(c1ccc(NC(c2cc(=O)[nH]c3n(CCC)c(=O)n(CCCC)c(=O)c32)=O)cc1)N1CCCCC1
-51.20    -51.80     30.20      1.00      c1(=NCCCN)[nH]c(=NCCCCCCCCCCCCN=c2cc[nH]c3cc(Cl)ccc23)[nH]c(=NCCCCN2C(=O)c3c(cc(C(F)(F)F)c(N)c3)CC2)[nH]1
-23.36    -23.40     26.86      0.61      c1c2c(cc(C(=O)c3cc4ccccc4[nH]3)c1)NC(=O)CO2
-29.48    -29.46     15.50      0.55      c1(N2CC(C)NC(C)C2)ccc2n(n1)c(CC(C)=C)nn2
-29.54    -29.35     34.13      0.77      N(C(=O)c1nc(-c2c(Cl)ccc(Cl)c2)ccc1)C(C)CO
Human-Component   raw_Human-Component
0.6774193644523621   0.6774193644523621   
0.4838709533214569   0.4838709533214569   
0.8709677457809448   0.8709677457809448   
0.06451612710952759   0.06451612710952759   
0.9354838728904724   0.9354838728904724   
0.4516128897666931   0.4516128897666931   
1.0   1.0   
0.6129032373428345   0.6129032373428345   
0.5483871102333069   0.5483871102333069   
0.774193525314331   0.774193525314331   

14:32:31: local_reinforcement_logger.timestep_report +41: INFO     
 Step 27   Fraction valid SMILES: 100.0   Score: 0.5000   Time elapsed: 26   Time left: 21.4
  Agent     Prior     Target     Score     SMILES
-25.29    -25.50     -6.98      0.23      C(O)(=O)C=C(CC=CC1CCCC1)C
-35.05    -34.94     47.06      1.00      C(C#Cc1ccc2c(c1)C(=Cc1ccc(N3CCN(C)CC3)c(F)c1)C(=O)N2)N
-30.14    -30.37     19.89      0.61      C1CCN(C(=O)CSc2nc(=O)nc(SCc3ccc(F)cc3)n2C)CC1
-26.08    -25.63    -15.05      0.13      S(c1nnc(-c2cnccc2)o1)CC(Nc1c(C(NC2CC2)=O)cccc1)=O
-27.59    -27.71      1.38      0.35      n1c(CNC(=O)N2C3CC(c4ccc(-c5ccccc5)c(F)c4)=C(C(=O)OC)C2CC3)csc1C
-36.83    -36.50    -20.63      0.19      O(C)C(c1c(C(=O)OC)cc(-c2cnn(C3CC3)c2)c(OC)c1)=O
-29.96    -30.85     24.70      0.68      C(c1nc(N2CCNCC2)ccc1)NCCNS(=O)(c1sc(Cl)cc1)=O
-33.87    -34.25    -26.31      0.10      C1CC2(CN(c3ncccc3-c3ccccc3)C(=O)CC2)CN1C(C)C
-30.44    -30.65     11.67      0.52      c12oc(-c3cn4c(sc(SC)n4)n3)cc1c1c(cc2)nc(C(F)(F)F)s1
-32.57    -33.02     11.95      0.55      c1cc(-c2nc(=NC3CCCC3)[nH]cc2)c(NC2CC3CCC(C2)N3)cc1
Human-Component   raw_Human-Component
0.22580644488334656   0.22580644488334656   
1.0   1.0   
0.6129032373428345   0.6129032373428345   
0.12903225421905518   0.12903225421905518   
0.35483869910240173   0.35483869910240173   
0.19354838132858276   0.19354838132858276   
0.6774193644523621   0.6774193644523621   
0.09677419066429138   0.09677419066429138   
0.5161290168762207   0.5161290168762207   
0.5483871102333069   0.5483871102333069   

14:32:32: local_reinforcement_logger.timestep_report +41: INFO     
 Step 28   Fraction valid SMILES: 93.8   Score: 0.4687   Time elapsed: 27   Time left: 20.5
  Agent     Prior     Target     Score     SMILES
-28.66    -28.77     -0.50      0.34      O=C1NC(c2ccc(OC)c(Cn3cncc3)c2)(C)C(=O)N1CC(=O)O
-27.14    -27.08     23.81      0.62      c1ccc(-c2ccc(CC(N3CCC3(C)C(N3CCOCC3)=O)=O)cc2)cc1
-28.61    -29.11     38.76      0.83      O=S(c1ccc(F)cc1)(N1CCN(C(SSC(N2CCN(CCO)CC2)=S)=S)CC1)=O
-37.65    -37.58    -31.92      0.07      C(N=c1n2nc(-c3cc(OC)ccc3)cc2[nH]c(-c2cccc(NS(=O)(=O)C)c2)c1)(C)C(C)(C)C
-32.09    -32.11      7.47      0.48      c12c(CO)c(CO)n(C)c1ccnc2OCC
-33.11    -33.13    -24.65      0.10      c1c(-c2cc(C#N)c(OCc3cc(F)c(F)cc3)cn2)cc(C)c(OCC(CNC(=O)CO)O)c1C
-27.89    -27.84     14.57      0.52      o1c2cc(C(C)n3nnc(CCC)c3)ccc2c(C)cc1=O
-32.78    -32.45      4.31      0.45      c1c(C2N(C(COc3ccccc3)=O)C(C(NC(C(=O)O)CCSC)=O)CC2)cccn1
-26.81    -27.30     49.04      0.93      C1CCCCC1c1nc(=NC2CC2)c(-c2ccc(N(C)C)cc2)c[nH]1
-43.52    -43.20     13.35      0.69      C1(C)(C)C(O)C(O)c2c(O)c(C(=S)N3CCCC3)c3ccc(C)cc3c2O1
Human-Component   raw_Human-Component
0.3448275923728943   0.3448275923728943   
0.6206896305084229   0.6206896305084229   
0.8275862336158752   0.8275862336158752   
0.06896551698446274   0.06896551698446274   
0.48275861144065857   0.48275861144065857   
0.1034482792019844   0.1034482792019844   
0.517241358757019   0.517241358757019   
0.4482758641242981   0.4482758641242981   
0.931034505367279   0.931034505367279   
0.6896551847457886   0.6896551847457886   

14:32:33: local_reinforcement_logger.timestep_report +41: INFO     
 Step 29   Fraction valid SMILES: 96.9   Score: 0.4844   Time elapsed: 27   Time left: 18.9
  Agent     Prior     Target     Score     SMILES
-21.87    -21.95     -5.55      0.20      CC(N=C(N)c1c(Nc2ccc(C)cc2)s[nH]c1=O)c1ccccc1
-30.96    -31.05     42.75      0.90      C1N(Cc2ccc(Cl)cc2)CCC(C(=O)O)(n2ccc(-c3cc(C)ccc3)n2)C1
-21.06    -20.88     14.66      0.43      c1ccc2c(c1)SC(CC(Nc1c(CC)cccc1)=O)C(=O)N2
-28.95    -29.04      9.23      0.47      c1(CN(C(Cc2ccccc2)C(=O)O)Cc2ccccc2)cccc(OCCCCCC)c1
-32.04    -32.33    -29.60      0.03      c1ccc2c(n(-c3c(C)cc(C#N)cc3)c(SCC(=O)NCC3CCCO3)n2)c1
-20.17    -20.02     40.11      0.73      c1(OC)c(C(N=c2scc[nH]2)=O)c(OC)ccc1
-25.78    -25.38     -0.78      0.30      c1cc(C(=O)O)ccc1N=NN(C)C(=O)C(C)c1ccccc1
-35.71    -35.47    -27.27      0.10      c1(Oc2ccc(NC(=O)C=C(c3c(Cl)cccc3)C(=O)OC)cc2F)ccnc2cc(OC)ccc12
-21.03    -21.97     49.10      0.87      C1CC(=O)CC2C1C1CCC3CC(O)CCC3(C)C1CC2
-47.28    -47.14    -28.00      0.23      c1c(NC(N(CCn2c(=O)sc3ccc(-c4ccc(F)cc4)cc32)N=O)=O)ccc(C(=O)OCC)c1
Human-Component   raw_Human-Component
0.20000000298023224   0.20000000298023224   
0.8999999761581421   0.8999999761581421   
0.4333333373069763   0.4333333373069763   
0.46666666865348816   0.46666666865348816   
0.03333333507180214   0.03333333507180214   
0.7333333492279053   0.7333333492279053   
0.30000001192092896   0.30000001192092896   
0.10000000149011612   0.10000000149011612   
0.8666666746139526   0.8666666746139526   
0.23333333432674408   0.23333333432674408   

14:32:34: local_reinforcement_logger.timestep_report +41: INFO     
 Step 30   Fraction valid SMILES: 100.0   Score: 0.5000   Time elapsed: 28   Time left: 18.1
  Agent     Prior     Target     Score     SMILES
-22.43    -22.19     46.58      0.84      c1c(C=Cc2c(O)c(Cl)cc(Cl)c2)ccc(O)c1
-25.60    -25.18     14.50      0.48      c1c2c(ccc1)C1(Cc3ccccc3)c3ccccc3C2c2c(O)n(-c3ccccc3)c(O)c21
-19.30    -19.24      9.86      0.35      c1c(Br)cc(C(c2ccc(Br)cc2)=NNC(=S)N)cc1
-29.88    -30.81     24.74      0.68      OC1C2(C)C3C(CC1)CC31C=CC(=O)C(C)C1CC2
-34.78    -34.93    -19.06      0.19      N1CCC(n2[nH]c(=Nc3ccccc3)c(C(=O)N)c2)(CC)CC1SC
-31.08    -30.99    -30.99      0.00      C(Oc1ccc(NC(N(N=Nc2cc(C(F)(F)F)ccc2C#N)C)=O)cc1)c1ccccc1
-27.21    -27.77     14.55      0.52      Clc1c(F)ccc(N(C2CNCCC2)c2ccc(C(N(CC)CC)=O)cc2)n1
-37.16    -38.58     35.48      0.90      FC(F)(F)c1ccc(C2CN(CCNC(C(C)CCCCCC)=O)CCO2)cc1
-27.33    -27.64     49.07      0.94      c1(F)ccc(C2N(c3n(C)nc(C)c3)C(=O)c3nn(C4CC4)c(C)c32)cc1
-39.70    -39.58    -36.93      0.03      Fc1ccc(CS(NCc2ccccc2-c2ccc(NC(=O)CC(C(=O)O)Cc3ccccc3)cc2)(=O)=O)cc1
Human-Component   raw_Human-Component
0.8387096524238586   0.8387096524238586   
0.4838709533214569   0.4838709533214569   
0.35483869910240173   0.35483869910240173   
0.6774193644523621   0.6774193644523621   
0.19354838132858276   0.19354838132858276   
0.0   0.0   
0.5161290168762207   0.5161290168762207   
0.9032257795333862   0.9032257795333862   
0.9354838728904724   0.9354838728904724   
0.032258063554763794   0.032258063554763794   

14:32:35: local_reinforcement_logger.timestep_report +41: INFO     
 Step 31   Fraction valid SMILES: 100.0   Score: 0.5000   Time elapsed: 30   Time left: 17.8
  Agent     Prior     Target     Score     SMILES
-21.14    -21.00    -10.42      0.13      c1cc(NC(=O)OCC)ccc1-c1sc2ccccc2n1
-32.71    -32.79     12.17      0.55      [S+]1([O-])CC(=O)N(C2CCN(C(=O)CC)CC2)CC12CCNCC2
-25.97    -26.36     15.96      0.52      n12c3c(c(C)nc1nc(-c1ccccc1)n2)CN(C(=O)CN)C3
-27.57    -27.40     12.28      0.48      c1cccc(OCC2=NC(=O)N(C(=O)C)C(c3cc(Cl)ccc3)C2C(OC)=O)c1
-22.55    -22.42     -9.19      0.16      C1CN(c2nc(=Nc3ccc(NC(=O)c4ccccc4)cc3)nc(N3CCOCC3)[nH]2)CCN1C
-27.49    -27.06    -27.06      0.00      O=[N+]([O-])CC(=NCCCc1ccccc1)Nc1ccc(C)cc1
-31.31    -32.35     49.65      1.00      O=[N+]([O-])c1cc2c(nc1)n(CCOCCN1CCCCC1)c1ccccc12
-21.55    -21.16      7.94      0.35      C(Sc1[nH]c(O)c(CCO)c(=O)n1)c1ccccc1
-34.07    -32.60     30.88      0.77      c12c(O)cc(C=CC(O)=O)cc1C(C(C)C)C(=O)C(C)(C)C2=O
-21.78    -21.21     26.41      0.58      c1ccc2n(Cc3ccc(C)cc3)cc(C(=O)O)c(=O)c2c1
Human-Component   raw_Human-Component
0.12903225421905518   0.12903225421905518   
0.5483871102333069   0.5483871102333069   
0.5161290168762207   0.5161290168762207   
0.4838709533214569   0.4838709533214569   
0.16129031777381897   0.16129031777381897   
0.0   0.0   
1.0   1.0   
0.35483869910240173   0.35483869910240173   
0.774193525314331   0.774193525314331   
0.5806451439857483   0.5806451439857483   

14:32:36: local_reinforcement_logger.timestep_report +41: INFO     
 Step 32   Fraction valid SMILES: 100.0   Score: 0.5000   Time elapsed: 31   Time left: 16.9
  Agent     Prior     Target     Score     SMILES
-28.76    -29.74     52.26      1.00      COc1ccc(C(=O)O)cc1-c1ccc(F)c2c1CN(C(=O)OCCCN1CCCCC1)CC2
-30.62    -30.36     27.83      0.71      C(N(Cc1cnc(F)cc1)Cc1ccccc1)c1sc(C)cc1
-25.03    -24.89     -6.37      0.23      [nH]1c(SCC(=O)NC2CCCCC2)nc(Cc2ccccc2)cc1=O
-39.70    -40.44     36.27      0.94      c12c(c3c(c4n1nnc4)-c1cc(C)ccc1OC3)CCN(CCC)C2
-27.06    -27.25      4.49      0.39      c1(-c2cc(C)c(Cl)nc2)c(=O)n(C2CCC(O)CC2)c2[nH]c(=N)ncc2c1
-24.71    -24.59     20.38      0.55      o1c2c(c(OCc3cccc(F)c3)ccc2)cc1-c1cn2c(sc(OC)n2)n1
-18.56    -18.25      2.91      0.26      C(=S)(N1CCC(c2ccccc2)=N1)Nc1ccccc1
-23.73    -23.82     31.73      0.68      O=c1c2cc(-c3ccco3)ccc2nc2n1CCCCC2
-32.27    -32.10     39.32      0.87      C1(C(=O)NCCCOC)c2c(c(C(N)=O)nn2C)CC1
-33.34    -34.43      7.89      0.52      c1cc(C2(CCC)CNCC2)ccc1S(=O)(Nc1ccc(Cl)cc1C(c1ccccc1)=O)=O
Human-Component   raw_Human-Component
1.0   1.0   
0.7096773982048035   0.7096773982048035   
0.22580644488334656   0.22580644488334656   
0.9354838728904724   0.9354838728904724   
0.3870967626571655   0.3870967626571655   
0.5483871102333069   0.5483871102333069   
0.25806450843811035   0.25806450843811035   
0.6774193644523621   0.6774193644523621   
0.8709677457809448   0.8709677457809448   
0.5161290168762207   0.5161290168762207   

14:32:37: local_reinforcement_logger.timestep_report +41: INFO     
 Step 33   Fraction valid SMILES: 100.0   Score: 0.5000   Time elapsed: 32   Time left: 16.0
  Agent     Prior     Target     Score     SMILES
-30.41    -30.00     22.90      0.65      FC(c1ccc(NC(=O)N(C2CCC(c3ccccc3)(CO)C2)Cc2ccc(C(N)=O)cc2)cc1)(F)F
-24.79    -25.58     53.78      0.97      C1(O)CCN(C2CCN(c3sc4cc(-c5ccccc5)ccc4n3)CC2)C1
-35.18    -35.81     46.19      1.00      c12nc(C)nc(C)c1cnn2-c1c(C)nc(N2CCN(CC)CC2)cc1
-31.83    -31.36     18.90      0.61      N(C(c1scnc1Cl)=O)C(C(=O)NC1(C#N)CC1)C(C)(C)C
-20.95    -21.25     36.94      0.71      COc1cc(C=NNC(c2ccc(OCCN(C)C)cc2)=O)cc(Br)c1O
-34.37    -35.15     38.91      0.90      s1c(CCCCCC)cc(C#CCCC(=O)NC2CCNCC2)c1
-39.12    -39.23    -12.78      0.32      C(c1[nH]c(N2CCCC2)cc(=Nc2ccc(OC)cc2)n1)Nc1ccc(S(=O)(N)=O)cc1Cl
-46.57    -46.82    -38.88      0.10      c1c2c(ncc1)c(NCCCNc1c([N+](=O)[O-])cc(C(Nc3ccc(Br)cc3)=O)cc1)cc1ncn(CCCN(C)C)c21
-27.89    -28.06     27.49      0.68      o1cc(-c2ccc(Cl)cc2)nc1CCNCCCc1ccccc1
-21.33    -21.22     21.10      0.52      N1(c2ncnc3scc(-c4ccc(OC)cc4)c32)CCC(CO)CC1
Human-Component   raw_Human-Component
0.6451612710952759   0.6451612710952759   
0.9677419066429138   0.9677419066429138   
1.0   1.0   
0.6129032373428345   0.6129032373428345   
0.7096773982048035   0.7096773982048035   
0.9032257795333862   0.9032257795333862   
0.32258063554763794   0.32258063554763794   
0.09677419066429138   0.09677419066429138   
0.6774193644523621   0.6774193644523621   
0.5161290168762207   0.5161290168762207   

14:32:38: local_reinforcement_logger.timestep_report +41: INFO     
 Step 34   Fraction valid SMILES: 100.0   Score: 0.5000   Time elapsed: 33   Time left: 15.1
  Agent     Prior     Target     Score     SMILES
-32.80    -32.44    -21.86      0.13      c1c(CN(C(=O)c2c(O)cc3c(cc(CC)cc3)c2)C)oc(C)c1
-29.34    -29.65     41.77      0.87      C1COCCN1c1cc(Oc2cc3c(cc2)CN(CCC(F)(F)F)CC3)[nH]c(=Nc2ccc(C#N)cc2)n1
-38.65    -39.93     28.84      0.84      C12C(C)(C3(C)C(C(C(=C)CCCNCCCCCCCC)CC3)CC1)CCC1C(C)(C)CCCC12C
-32.61    -33.72     40.35      0.90      C(=O)(C)NCCC1N(CCc2ccc(Cl)cc2Cl)C(=O)CC1
-46.23    -45.69     20.43      0.81      c1ccnc(C(C)C(c2cc3c(nc(C)n(-c4ccc(N5CCCC5)cc4)c3=O)s2)C)c1
-28.24    -28.47     21.79      0.61      C(CC1CCCN2CCCCC12)(=O)NCc1n(C)ncc1
-29.44    -29.95     22.95      0.65      CC(N1CC(C)C(CN(S(=O)(=O)c2c(C)n(C)nc2C)C)Oc2c(ccc(F)c2)S1(=O)=O)COC
-34.39    -35.03    -11.22      0.29      c1(SCC2NCCC2)nc(=O)c(-c2cc(C#N)c(OC)cc2)c(C)[nH]1
-40.65    -40.01     23.47      0.77      C1(Sc2cc(F)c(N3CCc4c(-n5cc(C)nc5)cnn4C3C(C)(C)C)cc2F)CCN(C)CC1
-35.96    -36.12    -30.83      0.06      c1cc(OCC(NC(=O)C)C)ccc1C=CC(NCc1ccc(C(=O)NCCc2ccccc2)cc1)=O
Human-Component   raw_Human-Component
0.12903225421905518   0.12903225421905518   
0.8709677457809448   0.8709677457809448   
0.8387096524238586   0.8387096524238586   
0.9032257795333862   0.9032257795333862   
0.8064516186714172   0.8064516186714172   
0.6129032373428345   0.6129032373428345   
0.6451612710952759   0.6451612710952759   
0.29032257199287415   0.29032257199287415   
0.774193525314331   0.774193525314331   
0.06451612710952759   0.06451612710952759   

14:32:39: local_reinforcement_logger.timestep_report +41: INFO     
 Step 35   Fraction valid SMILES: 100.0   Score: 0.5000   Time elapsed: 34   Time left: 14.2
  Agent     Prior     Target     Score     SMILES
-28.81    -28.31     27.24      0.68      c1(Cl)c(-c2c3ccc(=O)n(C)c3c(C)[nH]c2=O)c(Cl)ccc1
-28.78    -28.88    -18.30      0.13      c1c(C)c2c(c3ccccc3[nH]2)cc1C1C(C#N)C(=N)OC2=CC(C)(C)CC(=O)C21
-26.46    -26.37     10.67      0.45      S=C(Nc1ccc(Cl)cc1)NC(=O)c1ccc(OCc2ccc(Cl)cc2)cc1
-38.55    -38.32    -35.67      0.03      C(CO)N=c1scc(-c2ncc(NC(=O)CCC(=O)O)cc2)o1
-21.18    -21.39     -0.23      0.26      N1(C(CSc2sc(=NC(=O)C)[nH]c2)=O)CCCCC1
-23.43    -23.61     55.75      0.97      N1C(c2ccc(Cl)cc2)CSC(=S)N1
-27.12    -27.14     54.86      1.00      c1(C=C2C(=O)Nc3c2ccc(Cl)c3)ccc(C(=O)NC2CCN(Cc3ccccc3)CC2)o1
-20.89    -21.40     55.31      0.94      c1(Br)c(Br)sc(C=NN2CCN(c3ccccc3)CC2)c1
-20.76    -21.57      2.23      0.29      C1(CCNC(=O)C2CN(S(=O)(=O)CCC)CCC2)=CCCCC1
-25.06    -24.71     17.61      0.52      c1c(C(=O)NCC(=O)N2CCN(CC(=O)O)CC2)cc(C(F)(F)F)cc1
Human-Component   raw_Human-Component
0.6774193644523621   0.6774193644523621   
0.12903225421905518   0.12903225421905518   
0.4516128897666931   0.4516128897666931   
0.032258063554763794   0.032258063554763794   
0.25806450843811035   0.25806450843811035   
0.9677419066429138   0.9677419066429138   
1.0   1.0   
0.9354838728904724   0.9354838728904724   
0.29032257199287415   0.29032257199287415   
0.5161290168762207   0.5161290168762207   

14:32:40: local_reinforcement_logger.timestep_report +41: INFO     
 Step 36   Fraction valid SMILES: 96.9   Score: 0.4844   Time elapsed: 34   Time left: 12.9
  Agent     Prior     Target     Score     SMILES
-33.74    -34.04     28.82      0.77      O(C(=O)CNC(=O)C1(NC(=O)Cc2ccccc2)CCN(Cc2ccccc2)CC1)C1CCCC1
-27.51    -26.76    -24.03      0.03      c1c(F)c(C#N)cc(Oc2nc(C)ccc2C(NCc2ccco2)=NO)c1
-32.91    -32.57     27.56      0.73      c12c(c(N3CCN(C)CC3)ncc1-c1ccccc1)n(C)c(=O)n(Cc1ccc(C#N)cc1)c2=O
-16.73    -17.24     59.29      0.93      C1(=O)N(c2cccc(Cl)c2)C(=O)C=C1
-42.11    -42.52    -26.12      0.20      C1CN(Cc2c(O)c(Cl)cc(-c3cc(CNC(=O)C)nc(OCCC)c3)c2)CCO1
-25.17    -25.84     -6.71      0.23      C1CCCc2c1c(=NCCCCCCNCc1cc(OC(F)(F)F)ccc1)c1c([nH]2)CCCC1
-52.84    -53.02    -53.02      0.00      C12C3C4C5C(CC1N4)(CO)C(O)C3C1N5CCC2
-36.94    -37.71      6.02      0.53      c1c(-c2cc(-c3nc(SCC(N4CCCCC4)=O)n[nH]3)nc(C)c2)ccc(Cl)c1
-25.95    -26.37     31.03      0.70      COc1c(OC)cccc1C(CCC1NCCCC1O)=O
-22.20    -21.76      8.30      0.37      c1csc(-c2[nH]cc(CC(C(=O)O)N)n2)c1
Human-Component   raw_Human-Component
0.7666666507720947   0.7666666507720947   
0.03333333507180214   0.03333333507180214   
0.7333333492279053   0.7333333492279053   
0.9333333373069763   0.9333333373069763   
0.20000000298023224   0.20000000298023224   
0.23333333432674408   0.23333333432674408   
0.0   0.0   
0.5333333611488342   0.5333333611488342   
0.699999988079071   0.699999988079071   
0.36666667461395264   0.36666667461395264   

14:32:41: local_reinforcement_logger.timestep_report +41: INFO     
 Step 37   Fraction valid SMILES: 100.0   Score: 0.5000   Time elapsed: 35   Time left: 12.0
  Agent     Prior     Target     Score     SMILES
-25.89    -25.82     -2.02      0.29      S(N(c1c(F)cccc1)CC(=O)NC1CCCCC1)(=O)(=O)c1ccc(F)cc1
-24.85    -26.66     47.40      0.90      C1NCCC([S+]([O-])CCCCCCCCCCCCCCCCCCCC)C1
-22.00    -21.94     20.39      0.52      c1cc(OC)c(OC)cc1CCNC(=O)C1CN(S(=O)(c2c(C)n(C)nc2C)=O)CCC1
-31.38    -30.96    -28.31      0.03      n1c2c(c(=NCc3ccccc3OC)[nH]c1)c(C(OCC)=O)c(C(N)=O)s2
-24.77    -24.27     -3.11      0.26      c1ccc(C(N=C(Cc2cc3ccccc3cc2)C(=O)O)=O)cc1
-28.57    -29.00     10.68      0.48      c1(OC2CCCCC2)cc(C=C(C(NCCCCNC(=O)C=C)=O)C#N)ccc1
-19.72    -19.91     35.64      0.68      c1cc2c(cc1)N(Cc1ccccc1)S(=O)(=O)N(C)C2
-60.66    -61.18    -53.25      0.10      O(c1ccccc1NC(C1CC2(CN1C(C(=O)CCC(=O)N1CCOCC1)NC(C(N)CNC(=O)C(F)(F)F)=O)CCCC2)=O)C
-20.45    -20.71     61.29      1.00      c1(N2CCN(Cc3[nH]ccn3)CC2)ccc(C)nn1
-27.41    -27.51      4.23      0.39      CCC(N(CCN=c1[nH][n+]([O-])c2ccccc2[n+]1[O-])C)C
Human-Component   raw_Human-Component
0.29032257199287415   0.29032257199287415   
0.9032257795333862   0.9032257795333862   
0.5161290168762207   0.5161290168762207   
0.032258063554763794   0.032258063554763794   
0.25806450843811035   0.25806450843811035   
0.4838709533214569   0.4838709533214569   
0.6774193644523621   0.6774193644523621   
0.09677419066429138   0.09677419066429138   
1.0   1.0   
0.3870967626571655   0.3870967626571655   

14:32:41: local_reinforcement_logger.timestep_report +41: INFO     
 Step 38   Fraction valid SMILES: 100.0   Score: 0.5000   Time elapsed: 36   Time left: 11.1
  Agent     Prior     Target     Score     SMILES
-34.34    -35.28     38.78      0.90      FC(C1Cc2c(c(C(N3CCCN(C4CC4)CC3)=O)c(F)cc2)C1)(F)F
-32.55    -34.19     26.65      0.74      c1cc(C(NCCCCCCNC(=O)C=Cc2c(C)c(O)c3cccc(O)c3c2O)=O)cc2c1OCO2
-30.60    -31.14      8.54      0.48      C1(N)CN(c2c(OCC3CC3)nc(C(=O)NC(C(=O)N(C)C)CC(F)(C)F)cc2)C1
-20.78    -21.27     21.06      0.52      C1C2CC3CC(c4ccc(C(NN)=N)cc4)(C2)CC1C3
-33.93    -34.65     -0.27      0.42      c1(-c2ccccc2)n[n+](C)c(C(=CC)c2ccc(Cl)cc2)cc1
-21.57    -21.91      7.19      0.35      c1(=NC2CCCCC2)nc[nH]c(=Nc2c(C)cc(C)cc2C)[nH]1
-21.97    -21.75     54.96      0.94      c1(F)ccc(Cc2n3c(Cl)c(Cl)cc3c(=O)[nH]c2)cc1C(F)(F)F
-26.48    -26.53    -18.59      0.10      c1c(OC)c(NC(c2oc3cccc(OC)c3c2C)=O)cc(C)c1
-32.33    -32.13     18.13      0.61      c1ccnc(Cn2c3c(nc2C2C(C(=O)Nc4ccc(F)cc4)CCC2)cccc3)c1
-52.86    -53.22    -32.06      0.26      c1(COCC2N(Cc3cc(-c4cccnc4)ccc3)S(=O)(=O)c3ccc(C=Cc4ccccc4)cc32)cccc(N=[N+]=[N-])c1
Human-Component   raw_Human-Component
0.9032257795333862   0.9032257795333862   
0.7419354915618896   0.7419354915618896   
0.4838709533214569   0.4838709533214569   
0.5161290168762207   0.5161290168762207   
0.4193548262119293   0.4193548262119293   
0.35483869910240173   0.35483869910240173   
0.9354838728904724   0.9354838728904724   
0.09677419066429138   0.09677419066429138   
0.6129032373428345   0.6129032373428345   
0.25806450843811035   0.25806450843811035   

14:32:42: local_reinforcement_logger.timestep_report +41: INFO     
 Step 39   Fraction valid SMILES: 93.8   Score: 0.4688   Time elapsed: 37   Time left: 10.2
  Agent     Prior     Target     Score     SMILES
-37.65    -38.03    -38.03      0.00      Cc1n(-c2ccc(S(NC(=S)NCc3ccccc3)(=O)=O)cc2)c(Cc2ccccc2)c(C)c1C#N
-29.36    -29.59     46.76      0.93      c1(F)c(Cl)c(Cl)ccc1-c1ccc2c(C=O)c(O)ccc2c1
-31.75    -33.81     31.22      0.79      C(N)CCCCCNCCCCCN=C(NCCCCNCCCN=C(N)N)N
-23.52    -22.75     -2.96      0.24      N(C(c1ccc([N+](=O)[O-])cc1)=O)S(c1ccc(N)cc1)(=O)=O
-31.15    -31.34     -3.06      0.34      CC(c1cc(C(N2Cc3n(c(C4CC4)cn3)CCC2)=O)on1)C
-28.90    -28.79     19.28      0.59      [O-][N+](c1ccccc1C1CC(=O)CC(C=Cc2ccc(O)cc2)=N1)=O
-23.56    -24.31     57.69      1.00      n1[nH]cc2c(N3CCCCC3)c(Br)cnc12
-41.29    -41.24    -41.24      0.00      c1ccc2c(Cc3cnc(CC)c4cc(OC)c(OC)cc43)c(CCn3nncc3)cc(=O)n21
-28.56    -28.45    -11.48      0.21      N(c1cc[nH]c1)C(Nc1ccc(Oc2cc(C(=O)NC)ncc2)cc1)=O
-30.80    -30.57      3.36      0.41      C(NC(Cc1ccc(O)cc1)CO)Cc1nnc(-c2ccccc2)o1
Human-Component   raw_Human-Component
0.0   0.0   
0.931034505367279   0.931034505367279   
0.7931034564971924   0.7931034564971924   
0.24137930572032928   0.24137930572032928   
0.3448275923728943   0.3448275923728943   
0.5862069129943848   0.5862069129943848   
1.0   1.0   
0.0   0.0   
0.2068965584039688   0.2068965584039688   
0.4137931168079376   0.4137931168079376   

14:32:43: local_reinforcement_logger.timestep_report +41: INFO     
 Step 40   Fraction valid SMILES: 100.0   Score: 0.5000   Time elapsed: 38   Time left: 9.3
  Agent     Prior     Target     Score     SMILES
-37.36    -37.23     31.54      0.84      N(C1CCN(CCc2c(F)cnc3cc(F)c(OC)cc32)CC1)(S(c1ccc(F)cc1)(=O)=O)C(C)C
-48.77    -49.15    -12.11      0.45      O=C(c1c(F)ccc(-c2ccccc2S(N)(=O)=O)c1)N=C1CCC(=Nc2cc(F)ccc2)C(=O)C1
-25.28    -25.77     40.36      0.81      N1(C(OC)=O)CCC(NC(c2ccc(=Nc3ccc(Cl)cc3)[nH]c2)=O)CC1
-20.17    -21.41     60.59      1.00      C1N(CCCCOc2cccc(C(NC)=O)c2)CCN(c2c(Cl)c(Cl)ccc2)C1
-25.96    -26.45     47.61      0.90      N#Cc1ccc(C(C(c2ccc(F)cc2)CN2CCCCC2)O)cc1
-22.32    -22.17    -22.17      0.00      c1(NC(=O)CSc2[nH]c(=O)cc(C)n2)ccc(OC)c(Cl)c1
-24.49    -25.02     46.39      0.87      C1(c2c(Cl)cc(Cl)cc2)=NC(CO)Cc2cc(OC)c(OC)cc21
-21.92    -21.76     41.73      0.77      c1cc(C=CC(Nc2ccc3c(c(=Nc4ccc(F)c(Cl)c4)nc[nH]3)c2)=O)ccc1
-30.70    -30.80     19.45      0.61      O=C1c2c(c(O)ccc2O)C2(O)C(=O)C(C)(O)C(O)C2C1
-22.89    -23.53     -5.01      0.23      O=C(O)CC(N)C(N1CCCC1C(NCCc1ccccc1)=O)=O
Human-Component   raw_Human-Component
0.8387096524238586   0.8387096524238586   
0.4516128897666931   0.4516128897666931   
0.8064516186714172   0.8064516186714172   
1.0   1.0   
0.9032257795333862   0.9032257795333862   
0.0   0.0   
0.8709677457809448   0.8709677457809448   
0.774193525314331   0.774193525314331   
0.6129032373428345   0.6129032373428345   
0.22580644488334656   0.22580644488334656   

14:32:45: local_reinforcement_logger.timestep_report +41: INFO     
 Step 41   Fraction valid SMILES: 100.0   Score: 0.5000   Time elapsed: 39   Time left: 8.4
  Agent     Prior     Target     Score     SMILES
-22.81    -22.44    -22.44      0.00      n1c(C(=Cc2cc(OC)c(OC)c(OC)c2)C#N)[nH]c(=O)c2ccccc12
-25.80    -25.24      3.85      0.35      C(CC(NC(=O)OCC)C(O)=O)CS
-34.57    -34.96     36.46      0.87      Oc1c(C(C)(C)C)cc(CCCCCCCCCCOCCN2CC(C(O)=O)CCC2)cc1C(C)(C)C
-30.61    -32.46      9.86      0.52      N(C(CCCN1CCNCC1)=O)c1ccc(-c2ccc(NC(C3CCN(C(=O)C4CCN(C)CC4)CC3)=O)cc2)cc1
-31.57    -32.60     30.88      0.77      C1CC(N2C(CC)CCCC2)CCN1c1sc2c(cc(CC)cc2)n1
-26.02    -25.32     22.29      0.58      Oc1cc(C(O)Nc2ccc(O)cc2)cn1C12CC3CC(C1)CC(C2)C3
-32.33    -32.57    -21.99      0.13      CC(=CCCC(C=Cc1cc(C(OC)=O)c(O)c(C)c1)c1ccccc1)C
-21.50    -20.57    -17.92      0.03      c1cccc(SCc2c(C(O)=O)c(C(=O)NCc3ccccc3)on2)c1
-41.47    -41.40     -1.72      0.48      N(C1CC2N(CC1)C(=O)C(c1csc3ccccc13)=C2)C(CCC=C)=O
-19.34    -20.00     40.83      0.74      c1(C=CC(NCCN2CCOCC2)=O)cc(Br)ccc1
Human-Component   raw_Human-Component
0.0   0.0   
0.35483869910240173   0.35483869910240173   
0.8709677457809448   0.8709677457809448   
0.5161290168762207   0.5161290168762207   
0.774193525314331   0.774193525314331   
0.5806451439857483   0.5806451439857483   
0.12903225421905518   0.12903225421905518   
0.032258063554763794   0.032258063554763794   
0.4838709533214569   0.4838709533214569   
0.7419354915618896   0.7419354915618896   

14:32:46: local_reinforcement_logger.timestep_report +41: INFO     
 Step 42   Fraction valid SMILES: 100.0   Score: 0.5000   Time elapsed: 40   Time left: 7.4
  Agent     Prior     Target     Score     SMILES
-19.09    -19.14     -3.27      0.19      c1(OC)c(OC)c(OC)cc(NC(c2oc3ccccc3c2)=O)c1
-31.66    -31.65     42.41      0.90      C(CCNC(OC(C)(C)C)=O)N1CCN(c2cc(NC(=O)CSCc3ccccc3)ccc2)CC1
-22.53    -21.94    -19.29      0.03      c1(C(=O)NNS(c2ccc([N+](=O)[O-])cc2)(=O)=O)ccco1
-21.37    -20.80    -12.86      0.10      c1ccc(C(Nc2ccc(OCC)cc2)=O)cc1Br
-18.87    -18.81     12.93      0.39      c1(N2CCOCC2)sc(-c2oc([N+]([O-])=O)cc2)nn1
-28.18    -28.72     24.19      0.65      CCCCCCCCCCCCCCCCC[n+]1ccc2c(C)c3[nH]c4ccccc4c3cc2c1
-34.76    -33.94    -33.94      0.00      O1C(COC(C=C(C)C)=O)C(O)C(O)C(O)C1Oc1c(Cl)cc(-c2cccc([N+](=O)[O-])c2)cc1
-28.96    -29.58     49.78      0.97      Clc1ccc2ccc3c(c2c1O)CCN(C)CC3c1ccccc1
-27.42    -26.45     13.22      0.48      c1(S(=O)(N(C(C)C)Cc2cc3cccc(C)c3[nH]c2=O)=O)ccc(Br)cc1
-30.17    -30.34     41.08      0.87      C1CC2(C)C(C(C3COC3)C)CCC2C2C1C1(C)CCC(O)C=C1CC2
Human-Component   raw_Human-Component
0.19354838132858276   0.19354838132858276   
0.9032257795333862   0.9032257795333862   
0.032258063554763794   0.032258063554763794   
0.09677419066429138   0.09677419066429138   
0.3870967626571655   0.3870967626571655   
0.6451612710952759   0.6451612710952759   
0.0   0.0   
0.9677419066429138   0.9677419066429138   
0.4838709533214569   0.4838709533214569   
0.8709677457809448   0.8709677457809448   

14:32:46: local_reinforcement_logger.timestep_report +41: INFO     
 Step 43   Fraction valid SMILES: 100.0   Score: 0.5000   Time elapsed: 41   Time left: 6.5
  Agent     Prior     Target     Score     SMILES
-48.99    -50.35    -21.25      0.35      C1(F)(C)CCCC2(N)C1(C)CCC1C2CCC2C(C)(CCC(NCCCCCCCCCCCCNC(=N)N)=O)C(=O)CCC21C
-20.65    -20.99     31.91      0.65      s1c(Cl)ccc1C(CCN(CC)CC)=O
-17.88    -17.84     37.71      0.68      N1C(C=Nc2c(-c3n(C)ncn3)cccc2)NCC1
-35.80    -36.60     13.66      0.61      C1(c2cccc(NC(c3c4ccccc4n(C)c3)=O)c2)CN(C)C1C(N)=O
-42.10    -42.44     -8.06      0.42      O=C(COc1cccc(C(N)=O)c1)N(CCC1N(c2cccc(F)c2)C(=O)CC1)CC
-26.30    -26.55     44.87      0.87      c1c(F)ccc2sc(C3=NCCc4c(cc(OC)cc4)N3)cc12
-40.34    -39.43    -31.49      0.10      N(C)(CC(C)Oc1c(N)ccc(C(c2ccc3ncccc3c2)=O)c1)C
-25.84    -26.45     -2.65      0.29      O=C(NC1CCCCC1)c1c(C)c(C(OC)=O)c(NC(c2cccc(F)c2)=O)s1
-26.48    -26.74     20.87      0.58      C(NC1CN(c2ccccc2Cl)C(=O)C1)(CCOc1ccc(C)cc1)=O
-20.37    -21.43     60.57      1.00      C(Cc1cc2c(cc1)OCO2)N1CCN(c2ccccc2OC)CC1
Human-Component   raw_Human-Component
0.35483869910240173   0.35483869910240173   
0.6451612710952759   0.6451612710952759   
0.6774193644523621   0.6774193644523621   
0.6129032373428345   0.6129032373428345   
0.4193548262119293   0.4193548262119293   
0.8709677457809448   0.8709677457809448   
0.09677419066429138   0.09677419066429138   
0.29032257199287415   0.29032257199287415   
0.5806451439857483   0.5806451439857483   
1.0   1.0   

14:32:47: local_reinforcement_logger.timestep_report +41: INFO     
 Step 44   Fraction valid SMILES: 100.0   Score: 0.5000   Time elapsed: 42   Time left: 5.6
  Agent     Prior     Target     Score     SMILES
-26.52    -27.26     38.87      0.81      O=C(N1C(CCl)CCC1)Nc1cc(Cl)ccc1
-43.41    -43.36     -6.32      0.45      Cc1c(-c2c3ccc(Sc4ccccc4O)c(O)c3nc3c2CNC(=O)N3)cccc1
-29.50    -30.78     30.06      0.74      O=C(NC1CCSCCC1)OC1CC2CCC(C1)N2C
-25.32    -26.00    -12.78      0.16      C1CCn2c3cc(C(=O)N=c4[nH]c(CC(=O)OCC)cs4)ccc3cc2C(=O)NC1
-45.25    -43.94    -36.00      0.10      C(COC(C1OC(OC(C)C)=CC(C(=O)NCC)=C1)=O)N([N+]([O-])=O)C
-24.99    -25.13     14.55      0.48      C(#N)c1c2c(ncn2C)ccc1
-39.59    -40.69     -8.94      0.39      [nH]1c(C2CCN(CC3CCN(C(=O)C=C)CC3)CC2)c(CC)c(C(=O)Nc2cccc(F)c2)c(-c2ccccc2)c1=O
-25.25    -25.45     -1.65      0.29      c1cc(Cn2c(=O)[nH]c(=O)c(NC(CC3CCCC3)=O)c2N)ccc1
-20.76    -21.94      7.16      0.35      C1CCCCC1NCc1ccc(-c2ccc(CNCCc3ccccc3)cn2)cc1
-25.86    -26.47     21.14      0.58      c1cc(C(C)=NNC(=O)c2nnn(-c3c(=N)[nH]on3)c2CN2CCCCC2)c(C)cc1
Human-Component   raw_Human-Component
0.8064516186714172   0.8064516186714172   
0.4516128897666931   0.4516128897666931   
0.7419354915618896   0.7419354915618896   
0.16129031777381897   0.16129031777381897   
0.09677419066429138   0.09677419066429138   
0.4838709533214569   0.4838709533214569   
0.3870967626571655   0.3870967626571655   
0.29032257199287415   0.29032257199287415   
0.35483869910240173   0.35483869910240173   
0.5806451439857483   0.5806451439857483   

14:32:48: local_reinforcement_logger.timestep_report +41: INFO     
 Step 45   Fraction valid SMILES: 90.6   Score: 0.4531   Time elapsed: 43   Time left: 4.7
  Agent     Prior     Target     Score     SMILES
-34.22    -34.61    -17.04      0.21      c1c(Br)cc(NC(=O)C=CC=NNC)c2ccccc12
-20.03    -19.86     29.92      0.61      c1cc(NC(c2csc(Cc3c(Cl)cccc3Cl)n2)=O)ccc1
-30.03    -30.57     36.79      0.82      N1(CCNS(c2ccc(-c3ccc(C(F)(F)F)cc3)cc2)(=O)=O)C(=O)CC(C)C1=O
-73.14    -74.73    -74.73      0.00      CC1CCC2C34OC(NC(CCNC(NCC[N+](C)(CCOCCOc5c(OC)cc(NC(=O)C)cc6)=O)=O)C(C)C5C(=C)C3)CCC(C)C4(CCC12)O
-52.60    -53.12      8.38      0.75      [nH]1c(=Nc2cc[nH]c(=NCc3nnc(-c4c(C)cccc4)cc3)c2)nc(C)cc1N1CC(CNC(=O)C=C)CCC1
-37.34    -39.36     36.79      0.93      S1(=O)(=O)c2c(cc(C(F)(F)F)cc2)C(=O)c2c1ccc(CN1CCC(CNCC3CC3)CC1)c2
-39.43    -41.58     40.42      1.00      C1C(CNC(c2cccc(-c3[nH]c(=NCCCN4CCCC4)c4c(n3)CC[S+]([O-])C4)c2)=O)NCC1
-24.20    -24.33     40.10      0.79      Clc1c(C)ccc(N2C(=N)C(=S)N(c3cc(Cl)ccc3)C2=O)c1
-24.85    -25.59     12.48      0.46      OCC1=CC(n2c(=O)[nH]c(=N)cc2)CC1OCC=C
-27.26    -27.84     45.38      0.89      c1(N=c2c3ccsc3c3c(cc(-c4ncccc4)cc3)[nH]2)cc(Cl)c(F)cc1
Human-Component   raw_Human-Component
0.2142857164144516   0.2142857164144516   
0.6071428656578064   0.6071428656578064   
0.8214285969734192   0.8214285969734192   
0.0   0.0   
0.75   0.75   
0.9285714030265808   0.9285714030265808   
1.0   1.0   
0.7857142686843872   0.7857142686843872   
0.4642857015132904   0.4642857015132904   
0.8928571343421936   0.8928571343421936   

14:32:49: local_reinforcement_logger.timestep_report +41: INFO     
 Step 46   Fraction valid SMILES: 100.0   Score: 0.5000   Time elapsed: 44   Time left: 3.7
  Agent     Prior     Target     Score     SMILES
-34.53    -34.40    -23.82      0.13      C1(=O)c2c(ccc(OCC(=O)Nc3c(N4CCOCC4)ccc(C(F)(F)F)c3)c2)CCN1CCc1ccc(OC)cc1
-25.72    -25.85    -17.92      0.10      n1n(CC(=O)NNC(Nc2cc(C)ccc2)=O)c2ccccc2n1
-22.64    -22.87     48.55      0.87      n1c(CN(C)C2CCN(Cc3nc(C4CC4)on3)C2)ccnc1
-24.59    -24.15    -24.15      0.00      c1(NC(=O)Cn2c(=O)c3c(nc2)sc(C)c3S(=O)(=O)N2CCN(c3ncccn3)CC2)cccc(OC)c1
-26.02    -27.72     33.12      0.74      C(n1c2c(c(-c3ccc(Oc4ccccc4)cc3)c1)CN(C(N)=O)CC2)CN1CCCCC1
-24.40    -25.58     27.32      0.65      C12C34C(CCC(C)(OO3)O1)C(C)CCC4C(C)C(OC(=O)C1CC1)C2
-35.99    -35.97    -12.16      0.29      c1(Cn2c(=O)c3c(cccc3)nc2CC(C)C)oc(-c2cc(C(F)(F)F)cc(Cl)c2)nn1
-23.32    -22.63     17.04      0.48      c1ccc2c(nc(C)n2C2OC(CO)C(O)C(O)C2O)c1
-22.90    -24.39     57.61      1.00      C(CN1CCN(C2CCCCC2)CC1)CCCCn1c(=O)sc2c1cccc2
-30.22    -29.71     47.00      0.94      C(CCN1C(=O)CCc2c1cccc2)N=c1c(C)cc(C)c[nH]1
Human-Component   raw_Human-Component
0.12903225421905518   0.12903225421905518   
0.09677419066429138   0.09677419066429138   
0.8709677457809448   0.8709677457809448   
0.0   0.0   
0.7419354915618896   0.7419354915618896   
0.6451612710952759   0.6451612710952759   
0.29032257199287415   0.29032257199287415   
0.4838709533214569   0.4838709533214569   
1.0   1.0   
0.9354838728904724   0.9354838728904724   

14:32:50: local_reinforcement_logger.timestep_report +41: INFO     
 Step 47   Fraction valid SMILES: 93.8   Score: 0.4688   Time elapsed: 45   Time left: 2.8
  Agent     Prior     Target     Score     SMILES
-18.22    -18.36     49.50      0.83      OC(=O)c1c(=O)c2cc(F)c(N3CCCC3)cc2n(CC)c1
-27.23    -27.49      3.61      0.38      c1(Cl)c([N+]([O-])=O)ccc(N2CCN(C(=O)c3cccc(OC)c3)CC2)c1
-30.97    -31.58     33.46      0.79      C(C1Sc2c(cccc2)CN1)Oc1c(Cl)cc(Cl)cc1
-24.06    -24.21     35.17      0.72      C1C(c2ccc(OC)cc2)C2CCCC(=Cc3cc(OC)ccc3)C2=N1
-23.76    -24.36     -4.56      0.24      C1(CSc2c3c4c(sc3ncn2)CCCC4)CCCCC1
-19.77    -20.64     16.11      0.45      OCC1(NCC)CC1
-25.30    -25.55    -14.24      0.14      C1CCCC(n2c(C)cc(C=C(C#N)C(Nc3cccc(C)c3C)=O)c2C)C1
-41.30    -41.45    -41.45      0.00      c12[nH]c3c(C#N)c(N4CCNCC4)cc(=NCc4cccnc4)c3c(C)c1CCC=N=2
-25.09    -24.76      3.51      0.34      C(CN1C(=O)C(=Cc2ccccc2)SC1=S)S(=O)(N)=O
-22.25    -21.77     20.65      0.52      c1ccc(-c2c(Br)c(OCC(=O)O)c(C(O)=O)s2)cc1Cl
Human-Component   raw_Human-Component
0.8275862336158752   0.8275862336158752   
0.37931033968925476   0.37931033968925476   
0.7931034564971924   0.7931034564971924   
0.7241379022598267   0.7241379022598267   
0.24137930572032928   0.24137930572032928   
0.4482758641242981   0.4482758641242981   
0.13793103396892548   0.13793103396892548   
0.0   0.0   
0.3448275923728943   0.3448275923728943   
0.517241358757019   0.517241358757019   

14:32:51: local_reinforcement_logger.timestep_report +41: INFO     
 Step 48   Fraction valid SMILES: 100.0   Score: 0.4859   Time elapsed: 45   Time left: 1.8
  Agent     Prior     Target     Score     SMILES
-29.18    -29.77     28.42      0.71      O=C1N(C)CN(C(=O)NCc2ccc3c(c2)OCO3)c2ccccc21
-23.62    -23.21     29.69      0.65      s1c(Cl)cc(=O)n1Cc1ccc(C(F)(F)F)cc1
-25.44    -26.90     55.10      1.00      C(N1CCN(c2cccc(Cl)c2)CC1)CCNC(=O)c1ccc(COc2ccc(C(C)(C)C)cc2)cc1
-30.73    -30.42     -6.61      0.29      c1cc(-c2cccc(COC3OCCCC3)c2)c2ccc(C(F)(F)F)cc2n1
-37.17    -37.32    -29.39      0.10      c1c(-c2c(=NC3C(C)(C)C(O)(C)C3)[nH]c(=NCC3CC3)[nH]c2C)ccc(CC(=O)O)c1
-26.24    -26.80     20.81      0.58      C(CNC(=Nc1c(Cl)cc(Cl)c(Cl)c1)N)C
-30.52    -30.75     -9.59      0.26      c1cc(-c2cc(Cl)ccc2OC(F)(F)F)ccc1C(NC(C1(NC(C(F)(F)C(F)(F)F)=O)CC1)=O)C
-45.57    -43.72    -41.08      0.03      c1cc(N2CN(C)C3(c4c(O)n(-c5ccccc5)c(O)c4C(C=NC(C(F)(F)F)=O)C3C(=O)OC)C2=O)ccc1
-23.66    -24.21     20.75      0.55      C(COCCN(C1Cc2ccccc2CC1)C)Cc1ccccc1
-28.99    -29.91     41.51      0.87      S(C)c1c(Oc2c(C=NOCCCCN3CCOCC3)c(=N)[nH]cn2)cccc1
Human-Component   raw_Human-Component
0.7096773982048035   0.7096773982048035   
0.6451612710952759   0.6451612710952759   
1.0   1.0   
0.29032257199287415   0.29032257199287415   
0.09677419066429138   0.09677419066429138   
0.5806451439857483   0.5806451439857483   
0.25806450843811035   0.25806450843811035   
0.032258063554763794   0.032258063554763794   
0.5483871102333069   0.5483871102333069   
0.8709677457809448   0.8709677457809448   

14:32:51: local_reinforcement_logger.timestep_report +41: INFO     
 Step 49   Fraction valid SMILES: 100.0   Score: 0.5000   Time elapsed: 46   Time left: 0.9
  Agent     Prior     Target     Score     SMILES
-43.15    -43.29    -27.41      0.19      O=C(OCC)c1c(C(OCCCNC(=O)C=C)=O)c(Cl)c(Cl)c(OCC(=O)OC)c1
-29.73    -29.68      7.35      0.45      c1(-c2ccc(Cl)cc2)sc(NC(N=c2cc[nH]cc2)=O)c(C)c1
-33.09    -34.32      0.07      0.42      C1C(C(NC2CCCCCC2)=O)CCN(C2OC(COc3ccc(C)cc3)CC(=O)C2)C1
-27.38    -27.71     51.64      0.97      c1c(C2N(CCCN3CCN(c4cccc(C)c4)CC3)C(=O)CS2)occ1
-32.02    -33.78     13.84      0.58      C1CC(C#N)(c2ccc(OC)cc2)CCN1CC1CN(C(C(=O)OCC)C)CC1c1ccccc1
-23.48    -23.91     42.21      0.81      Oc1ccc(C2c3c(sc4c3CCCC4)NC(=O)C2)cc1
-33.27    -34.21     23.99      0.71      C1CC(Oc2c(C3CCN(C(C(=O)C)=NC#N)CC3)cccc2)CCC1
-19.25    -20.27     56.44      0.94      c1(=O)cc(CN2CCN(c3c(F)cccc3)CC2)c2ccc(C)cc2o1
-20.32    -20.66      0.50      0.26      C1CC(NS(c2c(OCC)ccc(Br)c2)(=O)=O)CCC1
-28.30    -27.89     40.88      0.84      c1cc2c(cc1)CN(C(C(=NC(c1ccccc1OC)=O)Cc1c[nH]c3ccccc31)=O)CC2
Human-Component   raw_Human-Component
0.19354838132858276   0.19354838132858276   
0.4516128897666931   0.4516128897666931   
0.4193548262119293   0.4193548262119293   
0.9677419066429138   0.9677419066429138   
0.5806451439857483   0.5806451439857483   
0.8064516186714172   0.8064516186714172   
0.7096773982048035   0.7096773982048035   
0.9354838728904724   0.9354838728904724   
0.25806450843811035   0.25806450843811035   
0.8387096524238586   0.8387096524238586   

