14:36:31: local_reinforcement_logger.log_message +32: INFO     starting an RL run
14:36:32: local_reinforcement_logger.timestep_report +41: INFO     
 Step 0   Fraction valid SMILES: 96.9   Score: 0.4844   Time elapsed: 0   Time left: 0.0
  Agent     Prior     Target     Score     SMILES
-24.04    -24.04    -17.64      0.20      C1COCCN1C(=O)c1ccc2c(c(=O)c(C)c(-c3ccccc3)o2)c1
-21.82    -21.82      2.72      0.77      c1c(Cl)c(-c2n3c(cccc3)nn2)ccc1
-24.31    -24.31     -1.91      0.70      [O-][N+](c1ccc(OCC(CCN2CCC(O)(CCCc3ccccc3)CC2)O)cc1)=O
-27.77    -27.77    -14.97      0.40      C1C(=O)c2c(cccc2[N+]([O-])=O)-c2ccc([N+](=O)[O-])cc21
-29.17    -29.17    -12.10      0.53      c12c(cc(C(=O)N(C(C)C)Cc3occc3)s1)c(=O)n(C)c1c2cccc1
-30.44    -30.44    -30.44      0.00      c1ccccc1Cc1oc(Cn2c3ncccc3nc2SCc2ccc([N+]([O-])=O)cc2)nn1
-28.51    -28.51    -19.98      0.27      NC(=O)c1ccc(NC(=O)Cn2c(=O)cc(C3CCCCC3)cc2)cc1
-26.78    -26.78    -23.58      0.10      c1(C#N)c(=Nc2c(OC)cccc2)c2ccc(-c3ccc(S(=O)(=O)N4CCOCC4)cc3)cc2[nH]c1
-27.09    -27.09      0.64      0.87      c1c(Cl)ccc(-c2cc3cc(CCCCBr)oc(=O)c3cc2)c1
-35.42    -35.42     -6.62      0.90      c1(C2CCCN2C(=O)CC(Cc2ccc(F)cc2C(F)(F)F)N)nsnc1C
Human-Component   raw_Human-Component
0.20000000298023224   0.20000000298023224   
0.7666666507720947   0.7666666507720947   
0.699999988079071   0.699999988079071   
0.4000000059604645   0.4000000059604645   
0.5333333611488342   0.5333333611488342   
0.0   0.0   
0.2666666805744171   0.2666666805744171   
0.10000000149011612   0.10000000149011612   
0.8666666746139526   0.8666666746139526   
0.8999999761581421   0.8999999761581421   

14:36:33: local_reinforcement_logger.timestep_report +41: INFO     
 Step 1   Fraction valid SMILES: 96.9   Score: 0.4844   Time elapsed: 2   Time left: 49.0
  Agent     Prior     Target     Score     SMILES
-19.85    -19.93     -0.73      0.60      C(CC[N+](C)(C)C)CCCCCCCC[N+](CC)(CC)CC
-25.05    -24.99    -24.99      0.00      C(=O)(OCC(=O)N(C1CS(=O)(=O)CC1)C)Cc1ccccc1F
-32.70    -32.65    -29.45      0.10      c1c(-c2ccccc2)c2c(cc1)c(C(Nc1cnc(C)cc1)=O)c(C)o2
-47.16    -47.17    -17.30      0.93      C(C(O)=O)CCn1c2c(c3ccoc3c3cc(Cl)cc(Cl)c32)c2c1cccc2
-24.62    -24.66    -15.06      0.30      N(C(=O)N1CCC(C(Nc2ccc3c(c2)OCCO3)=O)CC1)CCC
-47.69    -47.70    -27.44      0.63      C1COc2ncc(-c3ccc(-c4c(F)cc(OC(F)F)cc4)nc3C)cc2-c2[nH]c3c(cc(F)cc3)c21
-35.73    -35.79    -27.25      0.27      C(CCNC(=O)COc1c(C2N(C(=O)C)N=C(N)S2)c(F)ccc1)C
-31.01    -31.04    -15.04      0.50      C1(C(c2c(O)cc(C)cc2C)=C)CCC(C=C)(C)C(C(=C)C)C1
-34.04    -34.17     -3.23      0.97      C123C4OC(C)(C1CCC(C)C2CC3)CCC4(C)CNCCN
-26.76    -26.80     -2.27      0.77      c12cc3c(cc1C(=O)CC(C)(C)c1c-2ccc(OC)c1OC)OCO3
Human-Component   raw_Human-Component
0.6000000238418579   0.6000000238418579   
0.0   0.0   
0.10000000149011612   0.10000000149011612   
0.9333333373069763   0.9333333373069763   
0.30000001192092896   0.30000001192092896   
0.6333333253860474   0.6333333253860474   
0.2666666805744171   0.2666666805744171   
0.5   0.5   
0.9666666388511658   0.9666666388511658   
0.7666666507720947   0.7666666507720947   

14:36:34: local_reinforcement_logger.timestep_report +41: INFO     
 Step 2   Fraction valid SMILES: 100.0   Score: 0.5000   Time elapsed: 2   Time left: 32.0
  Agent     Prior     Target     Score     SMILES
-42.85    -42.79    -25.24      0.55      c1(=N)c(N(C)C)c(COCC)[nH]c2c1cc(NC(C=Cc1ccc(C#N)cn1)=O)cc2
-26.04    -26.03      2.87      0.90      c1ccccc1C(c1ccc(Cl)cc1)(O)c1ncn(CC)c1
-40.62    -40.63    -40.63      0.00      c1(O)c(O)cc(C=CC(=O)NCCCOC2C(O)C(O)C(O)C(COC3(C(O)=O)CC(O)C(NC(C)=O)C(C(O)C(O)CO)O3)C2)cc1
-20.66    -20.73     -7.31      0.42      [O-][N+](c1ccc(C2OOC(c3ccc(CC)cc3)OO2)cc1)=O
-22.87    -22.81      1.96      0.77      c1(-c2ccc(O)cc2)cc(F)c(C#N)cc1
-24.53    -24.68    -15.39      0.29      C1(=Cc2ccc(OC)cc2OC)CCCC(C(O)=O)C1
-43.26    -43.08    -16.24      0.84      c1(CSc2nc3c(c(=O)n2CCCN2Cc4ccccc4CC2)oc2c3cccc2)ccc(C(=O)NCc2cccc(OC)c2OC)cc1
-37.62    -37.49    -14.78      0.71      c1cccc(C(=O)N=c2cc(-c3ccc4c(cnnc4-c4ccc(F)cc4)c3)n(C)[nH]2)n1
-25.61    -25.62     -3.94      0.68      c1c(C)sc(C=NNC(=O)Cc2c3ccccc3[nH]c2C)c1
-21.95    -21.92     -1.27      0.65      c1(C(Nc2ccc(N3CCOCC3)cc2)=O)cc2nc3n(c(=O)c2cc1)CCCCC3
Human-Component   raw_Human-Component
0.5483871102333069   0.5483871102333069   
0.9032257795333862   0.9032257795333862   
0.0   0.0   
0.4193548262119293   0.4193548262119293   
0.774193525314331   0.774193525314331   
0.29032257199287415   0.29032257199287415   
0.8387096524238586   0.8387096524238586   
0.7096773982048035   0.7096773982048035   
0.6774193644523621   0.6774193644523621   
0.6451612710952759   0.6451612710952759   

14:36:35: local_reinforcement_logger.timestep_report +41: INFO     
 Step 3   Fraction valid SMILES: 96.9   Score: 0.4844   Time elapsed: 3   Time left: 35.2
  Agent     Prior     Target     Score     SMILES
-19.90    -19.85      1.49      0.67      COc1c(-c2noc(-c3ccc(O)cc3)n2)cccc1
-32.44    -32.69    -13.49      0.60      c1c(-c2ccccc2)c(C(F)(F)F)c(CCCCNC)s1
-26.55    -26.50      5.50      1.00      C1(=O)c2ccccc2C(=O)N1CCN1CCN(C(CNC(=O)c2ccc(F)cc2)=O)CC1
-38.75    -38.48    -20.35      0.57      c1nc(Oc2cccc3ccccc23)cc2c1c(C=NNC)c[nH]c2=O
-22.73    -22.69     -2.42      0.63      Oc1[nH]c(C(O)Nc2cc(C(C)C)ccc2)cc1
-23.99    -24.08     -8.08      0.50      NC(C)(C)C(=O)NCCBr
-27.87    -27.72    -22.38      0.17      c1cc(CNC(=O)c2c(SSc3ccccc3C(=O)N3CCOCC3)cccc2)ccc1N
-30.62    -30.67    -27.47      0.10      C(OCC(c1ccc(Cl)c(NC(C)=O)c1)=O)(CNC(=O)c1ccccc1)=O
-33.37    -33.39    -16.32      0.53      n1nccn1CC(C(O)c1ccccc1)(O)CN1CCOCC1
-36.32    -36.48    -11.95      0.77      C1(c2ccc(NC(C3(C(=O)O)CCCCC3)=O)cc2)OC(c2ccc(Cl)cc2Cl)(CC)OC1
Human-Component   raw_Human-Component
0.6666666865348816   0.6666666865348816   
0.6000000238418579   0.6000000238418579   
1.0   1.0   
0.5666666626930237   0.5666666626930237   
0.6333333253860474   0.6333333253860474   
0.5   0.5   
0.1666666716337204   0.1666666716337204   
0.10000000149011612   0.10000000149011612   
0.5333333611488342   0.5333333611488342   
0.7666666507720947   0.7666666507720947   

14:36:36: local_reinforcement_logger.timestep_report +41: INFO     
 Step 4   Fraction valid SMILES: 96.9   Score: 0.4844   Time elapsed: 4   Time left: 36.8
  Agent     Prior     Target     Score     SMILES
-39.41    -39.15    -38.08      0.03      O1C(Oc2c(O)cc(O)c3c(=O)c(C(c4ccc(Cl)cc4)=O)coc23)C(O)C(OC(c2cc(O)c(O)c(O)c2)=O)C(O)C1C
-30.16    -30.30    -15.37      0.47      n1c(-c2ccc(=NCc3cc(C(F)(F)F)ccc3)[nH]c2)n(C)c2c1cc(Cl)c(Cl)c2
-24.96    -24.95    -13.22      0.37      N(C(c1cccc(-n2c(C)nc3c2nccc3)c1)=O)c1ccc(OC)cc1
-30.43    -30.27      1.73      1.00      N(O)=c1oc2cc(OCCN3CCN(CC)CC3)ccc2cc1
-30.50    -30.58    -30.58      0.00      c1(NC(CSc2nc3c(cccc3)c3n2c(O)c(CCC(OCC)=O)n3)=O)c(F)cccc1
-26.14    -26.02     -3.62      0.70      O=S(N1CCC(Cc2ccc(F)cc2)CC1)(=O)CCN1CCOCC1
-29.48    -29.33    -27.20      0.07      C(C(Cc1ccccc1)NC(=O)C(NC(OCc1ccccc1)=O)CS)(=O)NC(CO)Cc1ccccc1
-22.71    -22.64      1.90      0.77      O=C(NCCN=c1[nH]c2c(cccc2)[nH]1)c1cccc(C)c1
-39.16    -39.16    -19.96      0.60      O1C(=O)CC(OCc2c(F)c(F)ccc2)C1C1Cc2ccccc2C(O)O1
-26.15    -26.19     -9.12      0.53      C1c2c(cccc2)CN(C(NC)=O)C1C(=O)NCc1ccccc1
Human-Component   raw_Human-Component
0.03333333507180214   0.03333333507180214   
0.46666666865348816   0.46666666865348816   
0.36666667461395264   0.36666667461395264   
1.0   1.0   
0.0   0.0   
0.699999988079071   0.699999988079071   
0.06666667014360428   0.06666667014360428   
0.7666666507720947   0.7666666507720947   
0.6000000238418579   0.6000000238418579   
0.5333333611488342   0.5333333611488342   

14:36:36: local_reinforcement_logger.timestep_report +41: INFO     
 Step 5   Fraction valid SMILES: 96.9   Score: 0.4844   Time elapsed: 5   Time left: 37.5
  Agent     Prior     Target     Score     SMILES
-22.39    -22.30      4.37      0.83      C(c1ccc(C(O)=O)cc1)Cc1cc(C(=O)O)ccc1
-27.75    -27.74    -23.47      0.13      c1c(-c2ccc(Br)cc2)c(-c2ccc(C)cc2)c2c(nc[nH]c2=N)n1
-27.08    -27.13    -27.13      0.00      c1c(-c2ccc(Cl)cc2)cc2nc(=NCCCN(C)C)c3sccc3n2[nH]1
-20.85    -21.23     -6.30      0.47      c1(C2CCCC2)c2c(n(CC(=O)O)c1C)ccc(F)c2
-21.36    -21.50    -11.90      0.30      c1cccc(-c2ccc(C3C(C(=O)C)=C(C)N(CC)C(=O)N3)cc2)c1
-25.72    -25.62    -25.62      0.00      N(C(=O)COC(c1oc2c(c1C)cc(OCC)cc2)=O)C1CS(=O)(=O)CC1
-28.41    -28.46    -19.93      0.27      C1CC(C)CCN1C(c1c2cc(O)cc(Br)c2[nH]c(=O)c1)=O
-22.08    -22.02    -10.29      0.37      N1=C(c2ccc(OC)cc2)CCC(=O)N1c1c(C)cccc1
-26.75    -26.84     -5.50      0.67      c1ccc(-n2c3nc(N4CC5CCC(C4)O5)cc(=O)n3c(CC)n2)c(C)c1C
-20.20    -20.21     -6.34      0.43      c12sc(-c3ccccc3)nc1cncc2
Human-Component   raw_Human-Component
0.8333333134651184   0.8333333134651184   
0.13333334028720856   0.13333334028720856   
0.0   0.0   
0.46666666865348816   0.46666666865348816   
0.30000001192092896   0.30000001192092896   
0.0   0.0   
0.2666666805744171   0.2666666805744171   
0.36666667461395264   0.36666667461395264   
0.6666666865348816   0.6666666865348816   
0.4333333373069763   0.4333333373069763   

14:36:37: local_reinforcement_logger.timestep_report +41: INFO     
 Step 6   Fraction valid SMILES: 100.0   Score: 0.5000   Time elapsed: 5   Time left: 31.4
  Agent     Prior     Target     Score     SMILES
-23.74    -23.70    -22.67      0.03      C1(=Cc2cccs2)C(=O)N=C2N(N=C(CC(=O)N3CCOCC3)S2)C1=N
-34.24    -34.22     -7.38      0.84      c1(C(F)(F)F)cc(C2C3C(=O)OCC3(OC)Cc3c2cc2c(c3)OCO2)cc(CO)c1OC
-25.08    -25.06     -8.54      0.52      COc1ccc(C2Nc3c4c(cccc4)ccc3OC2)cc1
-32.09    -32.83    -21.48      0.35      N(CC1CCCO1)C(=O)CSc1c2c(c(-c3occc3)nn1CC)ccc2
-18.12    -18.46     -0.91      0.55      c1ccccc1C1C([N+]([O-])=O)CCC(=O)N1
-30.72    -30.51    -22.25      0.26      c1cc2c(nc(-c3ccc(Br)cc3)c(S(=O)(=O)c3cc(C)ccc3)n2)cc1C
-27.03    -27.17     -8.59      0.58      n1c(OCC(C)C)c2cnn(CC(=O)c3ccc(F)cc3)c2nc1
-25.50    -25.59     -1.85      0.74      C(=Cc1ccc(OC(F)(F)F)cc1)c1nnc2n1CCCCC2
-42.26    -42.68    -13.78      0.90      C1CC2(CCC1)CN(c1ccc(C(=O)NS(=O)(=O)CCCN3CCOCC3)cc1NC(=O)Nc1cccc3ccc(C)nc13)C2
-16.81    -16.83     -7.54      0.29      OC1C(O)C(c2cc(Cc3ccc(OCC)cc3)c(Cl)cc2)OC(CO)C1O
Human-Component   raw_Human-Component
0.032258063554763794   0.032258063554763794   
0.8387096524238586   0.8387096524238586   
0.5161290168762207   0.5161290168762207   
0.35483869910240173   0.35483869910240173   
0.5483871102333069   0.5483871102333069   
0.25806450843811035   0.25806450843811035   
0.5806451439857483   0.5806451439857483   
0.7419354915618896   0.7419354915618896   
0.9032257795333862   0.9032257795333862   
0.29032257199287415   0.29032257199287415   

14:36:38: local_reinforcement_logger.timestep_report +41: INFO     
 Step 7   Fraction valid SMILES: 96.9   Score: 0.4844   Time elapsed: 6   Time left: 32.2
  Agent     Prior     Target     Score     SMILES
-20.50    -20.91    -18.78      0.07      C12C3(C)C(CCC1(C)C1(C)C(=CC2)C2C(C)C(C)CCC2(C(=O)O)CC1)C(C)(C)C(=O)CC3
-37.09    -37.04    -26.38      0.33      FC(F)(F)C(C)Oc1c(C(=O)NC(C)(C)C)cnc(C)c1O
-20.29    -20.17      7.56      0.87      c1c(Cl)ccc(C2=NOC3(C(O)C(O)C(O)C(CO)O3)C2)c1
-33.62    -33.20    -20.40      0.40      c1(C(CNCCc2cc(CN(C(=O)C3CNCC(=O)N(c4ccc(OC(C)C)cc4)C3)CC)ccc2)O)cnccc1
-34.94    -35.13    -11.66      0.73      Fc1ccc(CCn2c3cc(NC(C(C)(C)C)=O)ccc3c(C)n2)cc1F
-30.14    -29.87     -7.47      0.70      o1ccc(C(N2CC(NC(c3ccc(F)cc3)=O)C(OC)C2)=O)c1
-28.32    -28.36      3.64      1.00      c1(C(=O)NCCN2CCN(c3cccc4ccsc34)CC2)c(OC)cc(N)c(Cl)c1
-23.87    -23.79    -19.53      0.13      c1(-c2ccco2)nn(-c2ccccc2)cc1C=NNC(c1cccnc1)=O
-23.68    -24.06      0.47      0.77      [nH]1cc(CC(C(N2CCCC2C(=O)N)=O)NC(=O)C)c2ccccc12
-20.59    -20.91    -11.31      0.30      c1ccccc1-c1cc(Cl)ccc1Oc1ccc(S(N=c2[nH]cns2)(=O)=O)cc1C#N
Human-Component   raw_Human-Component
0.06666667014360428   0.06666667014360428   
0.3333333432674408   0.3333333432674408   
0.8666666746139526   0.8666666746139526   
0.4000000059604645   0.4000000059604645   
0.7333333492279053   0.7333333492279053   
0.699999988079071   0.699999988079071   
1.0   1.0   
0.13333334028720856   0.13333334028720856   
0.7666666507720947   0.7666666507720947   
0.30000001192092896   0.30000001192092896   

14:36:39: local_reinforcement_logger.timestep_report +41: INFO     
 Step 8   Fraction valid SMILES: 100.0   Score: 0.5000   Time elapsed: 8   Time left: 37.3
  Agent     Prior     Target     Score     SMILES
-25.24    -24.83    -13.48      0.35      c1c(C#N)ccc(C(=O)Oc2cc(C(N)=N)ccc2)c1
-41.48    -41.76    -21.11      0.65      C1CCN(C(=O)CCCNC(=O)c2cc(-n3nc4c(cc(CCCC)cc4)c3)c(O)cc2)C1
-43.46    -42.87    -33.58      0.29      c1(N(CCNC(=N)N)c2cc(C(F)(F)F)cc(C(F)(F)F)c2)nc(=NC2CCC(N)CC2)[nH]c2c1ncn2C1OCC(O)C1O
-26.34    -26.22     -2.48      0.74      c12ccc(C#N)cc1nc(-c1ccc(N(C)CC)cc1)[nH]2
-28.95    -29.34    -13.85      0.48      Cc1ccc(-c2cccc(CN=c3nc(-c4ccccc4C(C)C)[nH]c4c3COCC4)c2)cc1
-31.42    -31.45    -26.29      0.16      Cc1cc2nc(-n3c(C)cc(C)n3)n(CC(=O)N=c3cc(C)o[nH]3)c(=O)c2s1
-38.34    -38.07    -31.88      0.19      C(C)(C(NC(=O)c1c2c(ccc(Br)c2)c(=O)[nH]c1)C(=O)NCc1ccc(F)cc1)C
-34.97    -34.39    -24.07      0.32      C(C(=O)O)C(N1Cc2cccc(OC)c2C1C(NCc1ccccc1)=O)=O
-26.72    -26.55    -18.29      0.26      O(c1c(O)cc(CNC(=O)c2cc(C(F)(F)F)ccc2)cc1)c1ccccc1
-23.58    -23.72     -9.27      0.45      n1c(SCC(=O)c2ccc3c(c2)OCCO3)c(F)ccc1
Human-Component   raw_Human-Component
0.35483869910240173   0.35483869910240173   
0.6451612710952759   0.6451612710952759   
0.29032257199287415   0.29032257199287415   
0.7419354915618896   0.7419354915618896   
0.4838709533214569   0.4838709533214569   
0.16129031777381897   0.16129031777381897   
0.19354838132858276   0.19354838132858276   
0.32258063554763794   0.32258063554763794   
0.25806450843811035   0.25806450843811035   
0.4516128897666931   0.4516128897666931   

14:36:40: local_reinforcement_logger.timestep_report +41: INFO     
 Step 9   Fraction valid SMILES: 100.0   Score: 0.5000   Time elapsed: 9   Time left: 36.9
  Agent     Prior     Target     Score     SMILES
-31.70    -31.79    -29.73      0.06      COc1ccc(OCC(=O)NNC(=O)CSc2n(N)cc(C3CC3)n2)cc1
-37.33    -37.25    -24.86      0.39      N1=C(c2ccc(S(=O)(=O)N)cc2)CCN1C(c1cc(-c2ccccc2OC)n[nH]1)=O
-31.06    -31.67     -0.71      0.97      c1cc(N2CC(c3ccc(F)c(F)c3F)C(N)C2)nnc1-c1noc(C)c1
-31.04    -30.94    -26.81      0.13      COc1ccc(C(=O)NCC=C(c2cscc2)c2ccc(C)cc2)cc1
-29.75    -29.83     -4.03      0.81      NC1=NC(C)(c2cccc(NC(=O)c3ncc(OCCF)nc3)c2)N=C(N)N1C
-25.68    -25.69     -5.04      0.65      CC(COc1cccc(C(=O)N2CC(=O)Nc3c2cccc3)c1)C
-23.20    -23.03    -17.87      0.16      c1(CS(=O)(=O)NCc2ccccc2)c(C)noc1C
-41.01    -40.67    -15.89      0.77      c12c(cccc1)CCN2C(COC(c1c2c(c(O)c(C(=O)NCCC)c1)cccc2)=O)=O
-21.34    -21.72      5.12      0.84      C(C)(c1ccc(NC(c2cc(Cl)ccc2OC)=O)cc1)C
-23.44    -23.45    -10.03      0.42      c1(Cl)cc(Cl)c(OCc2oc(C(=O)N(C3CCCCC3)C)cc2)cc1
Human-Component   raw_Human-Component
0.06451612710952759   0.06451612710952759   
0.3870967626571655   0.3870967626571655   
0.9677419066429138   0.9677419066429138   
0.12903225421905518   0.12903225421905518   
0.8064516186714172   0.8064516186714172   
0.6451612710952759   0.6451612710952759   
0.16129031777381897   0.16129031777381897   
0.774193525314331   0.774193525314331   
0.8387096524238586   0.8387096524238586   
0.4193548262119293   0.4193548262119293   

14:36:41: local_reinforcement_logger.log_message +32: INFO     Resetting Agent
14:36:41: local_reinforcement_logger.log_message +32: INFO     Adjusting sigma to: 82
14:36:41: local_reinforcement_logger.timestep_report +41: INFO     
 Step 10   Fraction valid SMILES: 100.0   Score: 0.5000   Time elapsed: 10   Time left: 36.4
  Agent     Prior     Target     Score     SMILES
-28.15    -28.48      0.42      0.90      c1(C(NCCSCc2cc(Cl)ccc2)=O)cc2c(cc1OC)OCCO2
-21.58    -21.28    -16.12      0.16      C(N1C(=O)NC2(C1=O)CCCC2)c1ccccc1
-28.28    -28.05    -15.66      0.39      c1cnc(N=c2[nH]c(-c3ccc(=NC4CCN(C(c5cc(OC)c(OC)cc5)=O)CC4)[nH]c3)cc(C)c2)cc1C
-25.32    -25.64     -6.03      0.61      NC(CC(=O)NC1CCC(C(C)(C)C)CC1)C(=O)O
-23.04    -23.44    -10.02      0.42      c1(C(=O)CCCCCCCC=CCCCCCCCC)ccoc1O
-29.58    -29.88      1.08      0.97      c1c(-n2cc(Cl)nc2CCN2CCOCC2)cccc1
-15.95    -16.15      9.66      0.81      C1(O)CCC2C3C(c4c(cc(O)cc4)CC3)CCC12C
-33.13    -32.89    -17.41      0.48      c1(NC(=O)C(Br)C)cc(C(O)=O)c(C)[nH]c1=O
-28.32    -28.63     -6.95      0.68      FC(F)(Oc1ccc(C2(C(N(C)c3ccc(Cl)cc3)=O)CC2)cc1)F
-30.47    -30.55    -26.43      0.13      c1(Cl)c(OC(C)=O)ccc(-c2oc3c(c(=O)c2OC(C(C)C)=O)cccc3)c1
Human-Component   raw_Human-Component
0.9032257795333862   0.9032257795333862   
0.16129031777381897   0.16129031777381897   
0.3870967626571655   0.3870967626571655   
0.6129032373428345   0.6129032373428345   
0.4193548262119293   0.4193548262119293   
0.9677419066429138   0.9677419066429138   
0.8064516186714172   0.8064516186714172   
0.4838709533214569   0.4838709533214569   
0.6774193644523621   0.6774193644523621   
0.12903225421905518   0.12903225421905518   

14:36:43: local_reinforcement_logger.timestep_report +41: INFO     
 Step 11   Fraction valid SMILES: 96.9   Score: 0.4844   Time elapsed: 11   Time left: 35.8
  Agent     Prior     Target     Score     SMILES
-22.47    -22.47     13.07      0.43      O=[N+]([O-])c1c(Sc2ccccc2[N+](=O)[O-])cccc1
-27.68    -27.68     40.66      0.83      c1cc2c(cc1Cl)C(NC(=O)c1cccc(C)c1OC)CC(C)(C)O2
-33.89    -33.89    -17.49      0.20      C(C)(C)CC(=O)NC(C(=O)NCCCc1ccccc1)Cc1ccc(OC(c2ccc(NC(N)=N)cc2)=O)cc1
-40.13    -40.13     -1.86      0.47      c1nnsc1-c1nn(CC(=O)NC2C(O)OC(CO)C(O)C2O)cc1-c1ccccc1
-24.44    -24.44     19.29      0.53      c1cccc2c1S(=O)(=O)N=C(NN=Cc1c(O)ccc(Br)c1)N2
-58.92    -58.92    -58.92      0.00      C1CCN(C(=O)Oc2c3c(cc(C(=O)N4CC(OC)CCC4)n2Cc2ccc(O)cc2)cc(C(OCC)=O)c(CC)n3)C1
-43.41    -43.41     38.59      1.00      c1cc(CC2C(=O)N(Cc3cccc(Cl)c3)CCS2)ccc1C=CCn1nnc(Cc2ccccc2)c1
-32.18    -32.18    -32.18      0.00      S(=O)(=O)(NC(CCCCNC(C)=O)C(=O)N(CC(O)=O)CCc1ccccc1)c1cc2c(cccc2)cc1
-24.16    -24.16     41.44      0.80      c1ccc2n(c1)nc(-c1ccccc1)c2NC1CCCCC1
-34.36    -34.36     25.78      0.73      C(c1c2c(nc3ccc4c(=O)n(C)c(=O)n(C)c4c13)c(O)ccc2)#N
Human-Component   raw_Human-Component
0.4333333373069763   0.4333333373069763   
0.8333333134651184   0.8333333134651184   
0.20000000298023224   0.20000000298023224   
0.46666666865348816   0.46666666865348816   
0.5333333611488342   0.5333333611488342   
0.0   0.0   
1.0   1.0   
0.0   0.0   
0.800000011920929   0.800000011920929   
0.7333333492279053   0.7333333492279053   

14:36:44: local_reinforcement_logger.timestep_report +41: INFO     
 Step 12   Fraction valid SMILES: 93.8   Score: 0.4688   Time elapsed: 12   Time left: 35.1
  Agent     Prior     Target     Score     SMILES
-23.72    -23.67    -12.36      0.14      N(C(C(CC(C)C)NC(OCc1ccccc1)=O)=O)C(CC(C)C)C(CC(NCCCC)=O)O
-30.51    -30.51    -10.72      0.24      C(#N)C1C(c2c(OC)c(OC)ccc2)C(C(OCCN(C)c2ccccc2)=O)=C(C)N=C1C
-23.74    -23.75     44.11      0.83      Oc1c(C=O)c(O)c(C=O)c(O)c1C(=O)CCCCc1ccc(F)cc1
-25.43    -25.44    -11.31      0.17      c1cc(NS(=O)(c2ccc(F)cc2)=O)ccc1Cn1c2c(c(C)cc(C)n2)nc1CC
-32.56    -32.58      1.35      0.41      c1c(OC(=O)C(C(C)C)NC(OC(C)(C)C)=O)ccc2c1C1(C)CCCC(C)(C(=O)OC)C1C=C2
-36.82    -36.76     42.41      0.97      c1(C(O)=O)cccc(-n2[nH]c(-c3ccccc3)c(C=NC3(c4ccc(Cl)cc4)CCN(CCc4ccccc4)CC3)c2=O)c1
-27.12    -27.20     -4.58      0.28      c1cc2c(c(=Nc3ccccc3)c3c(C)noc3n2C)cc1
-24.56    -24.57      6.54      0.38      c1cc(N2C(=O)c3c(ccc(O)c3)C2=O)cc(C)c1Br
-50.64    -50.65    -42.16      0.10      CC(CCCC(C)C)(C)CCC(O)C1(C)C2C3(C(OC(C=CC=CCCC)=O)C(C3(C)C)C1)O2
-45.31    -45.29    -17.01      0.34      OC1C(Cc2ccccc2)N(CC23CC4CC(CC(C4)C2)C3)C(=O)N(Cc2cccc(NC(C)=O)c2)C1CNC(=O)C=Cc1cc(F)c(O)cc1
Human-Component   raw_Human-Component
0.13793103396892548   0.13793103396892548   
0.24137930572032928   0.24137930572032928   
0.8275862336158752   0.8275862336158752   
0.17241379618644714   0.17241379618644714   
0.4137931168079376   0.4137931168079376   
0.9655172228813171   0.9655172228813171   
0.27586206793785095   0.27586206793785095   
0.37931033968925476   0.37931033968925476   
0.1034482792019844   0.1034482792019844   
0.3448275923728943   0.3448275923728943   

14:36:45: local_reinforcement_logger.timestep_report +41: INFO     
 Step 13   Fraction valid SMILES: 90.6   Score: 0.4531   Time elapsed: 13   Time left: 34.4
  Agent     Prior     Target     Score     SMILES
-35.92    -35.81     46.19      1.00      C(CN1CCC(c2c[nH]c3c2cccn3)CC1)CNC(C1C(c2cccc(F)c2)(O)CC(C)(C)c2ccccc21)=O
-22.20    -22.18     56.89      0.96      Clc1cc2c(cc1)NC(c1sccc1)CC(N1CCN(C)CC1)=N2
-19.02    -19.06     33.66      0.64      c1cccc(Cl)c1N=c1scc(C)[nH]1
-25.42    -25.48     41.87      0.82      c1(CN2C(=O)C(=O)N(c3ccc(N(C)C)cc3)CC2)ccc(-c2c(-c3nn[nH]n3)cccc2)cc1
-32.77    -32.72     -0.51      0.39      C(C(NS(=O)(c1cc2c(cc1)N(C(=O)C=Cc1ccc(OC)cc1)CC2)=O)C(O)=O)CC
-26.21    -26.32     14.68      0.50      C1(C(=O)Nc2ccc(Br)cc2)C2COc3c(cc(F)cc3)C2N(C)C1
-23.18    -23.19     50.03      0.89      C(N1CCN(c2ccc(C(=O)C)cc2)CC1)Cc1cccnc1
-30.80    -30.79     -7.37      0.29      O(CC)c1c(OC(C(NCCc2ccccn2)=O)C)ccc(C=CC(=O)c2ccccc2)c1
-25.01    -25.04    -25.04      0.00      c1cc(C(=O)N=c2cccc[nH]2)cc(NC(=O)Cc2sccc2)c1
-33.01    -32.97    -32.97      0.00      C1(Cl)(Cl)CC1(C(c1ccc(Cl)cc1)N(C)O)=O
Human-Component   raw_Human-Component
1.0   1.0   
0.9642857313156128   0.9642857313156128   
0.6428571343421936   0.6428571343421936   
0.8214285969734192   0.8214285969734192   
0.3928571343421936   0.3928571343421936   
0.5   0.5   
0.8928571343421936   0.8928571343421936   
0.2857142984867096   0.2857142984867096   
0.0   0.0   
0.0   0.0   

14:36:46: local_reinforcement_logger.timestep_report +41: INFO     
 Step 14   Fraction valid SMILES: 96.9   Score: 0.4844   Time elapsed: 14   Time left: 33.6
  Agent     Prior     Target     Score     SMILES
-36.68    -36.61     42.66      0.97      c12ccc(C(C)(N)C)cc1-c1n(C3CCNC3)ncc1CC2
-40.42    -40.42     14.25      0.67      C1CC2C(C)(C1C(CCC(=O)NC(CC(=O)O)Cc1ccc(O)cc1)CC=C(C)C)CCCC2=C
-26.49    -26.56     44.51      0.87      c1(F)cccc(-c2oc(C(=O)N(c3c(=O)[nH]c(=O)n(CCCC)c3N)CCC(C)C)cc2)c1
-31.25    -31.15    -22.95      0.10      c1(C(=CC(O)=O)c2cc(CN)c(OCC)cc2)ccc(OC)cc1
-33.63    -33.61     23.79      0.70      O(c1ccc2c(c1)OC(c1ccc(F)cc1)C(C(OCC)=O)=C2)C(=O)c1ccccc1
-40.63    -40.60     33.20      0.90      CC(c1cc(C(=O)N2C(C)(c3ccccc3)CN(CC)CC2)n(-c2ccc(Cl)cn2)n1)C
-27.64    -27.63    -11.23      0.20      C1OC(CN(S(=O)(=O)c2cc(NC(=O)Cc3ccc(OC)c(OC)c3)ccc2)C)CC1
-22.17    -22.04      8.03      0.37      n1(C2CCCC2)c2nc(=Nc3ccc(N4CC(C)(C)NCC4)nn3)[nH]cc2c2c1cncc2
-40.86    -40.81      2.92      0.53      O=C(COc1ccc(OCC(c2occc2)=O)cc1)NNC(c1cc(S(N2CCCCC2)(=O)=O)ccc1)=O
-29.09    -29.26     39.07      0.83      c12c3c(n(CCN(CC)CC)c1ccc(NC(=S)N1CCCC1)c2)cccc3
Human-Component   raw_Human-Component
0.9666666388511658   0.9666666388511658   
0.6666666865348816   0.6666666865348816   
0.8666666746139526   0.8666666746139526   
0.10000000149011612   0.10000000149011612   
0.699999988079071   0.699999988079071   
0.8999999761581421   0.8999999761581421   
0.20000000298023224   0.20000000298023224   
0.36666667461395264   0.36666667461395264   
0.5333333611488342   0.5333333611488342   
0.8333333134651184   0.8333333134651184   

14:36:46: local_reinforcement_logger.timestep_report +41: INFO     
 Step 15   Fraction valid SMILES: 100.0   Score: 0.5000   Time elapsed: 15   Time left: 32.8
  Agent     Prior     Target     Score     SMILES
-27.58    -27.50     20.12      0.58      COc1ccc(CNC2C(C)(C)C3C=CC2C3)cc1O
-28.56    -28.58     26.97      0.68      c1ncn(CCC(=O)Nc2c(OC3CCOC3)cc3c(c2)c(=Nc2cc(Cl)c(F)cc2)[nH]cn3)c1
-22.18    -22.19      9.56      0.39      O=C(C1COc2c(cccc2)O1)NCc1cccc(Br)c1
-37.34    -37.50     33.92      0.87      C1(n2c3ccc(Cl)cc3[nH]c2=O)CN(C(=O)C=C)CCC1OCc1c(C)onc1C
-35.20    -35.16    -21.94      0.16      C1N=C(SC)SC1c1ccc(C(Oc2cc(C(=O)OC)ccc2)=O)cc1
-29.66    -29.78     52.22      1.00      C(CCCCN1Cc2c(cncc2)C1)N1CCN(c2nsc3ccccc23)CC1
-26.85    -26.93     25.98      0.65      C1N(CC(=O)Nc2ccc(Oc3ccccc3)cc2)CCC(C(c2cc3c(cc2)OCO3)=O)C1
-25.58    -25.67      0.78      0.32      O=C(NCCCN(C(C)C)Cc1ccccc1)CN1c2ccccc2OC(CC)C1=O
-27.56    -27.47     41.31      0.84      c1(OC)c(-c2occc2)nc(C(=O)NC(CC(O)=O)c2cccc(Cl)c2)cc1
-22.51    -22.43     43.70      0.81      c1c(-c2cc(-c3c(O)c4ccccc4cc3)n[nH]2)cccc1
Human-Component   raw_Human-Component
0.5806451439857483   0.5806451439857483   
0.6774193644523621   0.6774193644523621   
0.3870967626571655   0.3870967626571655   
0.8709677457809448   0.8709677457809448   
0.16129031777381897   0.16129031777381897   
1.0   1.0   
0.6451612710952759   0.6451612710952759   
0.32258063554763794   0.32258063554763794   
0.8387096524238586   0.8387096524238586   
0.8064516186714172   0.8064516186714172   

14:36:47: local_reinforcement_logger.timestep_report +41: INFO     
 Step 16   Fraction valid SMILES: 96.9   Score: 0.4844   Time elapsed: 16   Time left: 32.0
  Agent     Prior     Target     Score     SMILES
-29.96    -29.87     -8.00      0.27      c1ccc(-c2[nH]c(=N)c3c(sc(-c4cnccc4)n3)n2)c(O)c1
-47.12    -47.37    -30.97      0.20      C(C1(c2c(Cl)cccc2)CN(C(Nc2cc(Cl)c(Cl)cc2)=O)CCC1)NC(=O)CCC(NS(C)(=O)=O)(C)C
-26.67    -26.55    -26.55      0.00      C1(c2ccoc2-c2ccccc2)NC(=O)N=C(C)C1C(=O)OCC
-55.29    -55.61     20.93      0.93      C1C(CO)C(c2c(F)cccc2)C(=O)C(=Cc2ccc(CN(C)C(C)(c3cccc4ccccc43)C)cc2)C1
-27.23    -27.49     51.78      0.97      c1c(C2C(C#N)C(=N)Oc3cc(C)n(CCN4C(=O)c5ccccc5C4=O)c(=O)c32)ccc(Cl)c1
-20.59    -20.42    -17.69      0.03      COc1ccc(N=CC(C(OCC)=O)c2ccccc2)cc1
-16.96    -16.89     37.78      0.67      c12nc(-c3ccc(O)cc3)oc1cc(O)cc2
-26.79    -26.77      8.76      0.43      c1(-c2ccccn2)nc2c(nc1)C(=N)NS(=O)(=O)N2Cc1ccccc1Cl
-19.29    -19.60     62.40      1.00      c1c(C=CC(=NO)O)ccc(CN2CCN(c3ccccc3)CC2)c1
-30.46    -30.38    -24.91      0.07      CNC(OCC(OC(NC(C)c1ccccc1)=O)C)=O
Human-Component   raw_Human-Component
0.2666666805744171   0.2666666805744171   
0.20000000298023224   0.20000000298023224   
0.0   0.0   
0.9333333373069763   0.9333333373069763   
0.9666666388511658   0.9666666388511658   
0.03333333507180214   0.03333333507180214   
0.6666666865348816   0.6666666865348816   
0.4333333373069763   0.4333333373069763   
1.0   1.0   
0.06666667014360428   0.06666667014360428   

14:36:48: local_reinforcement_logger.timestep_report +41: INFO     
 Step 17   Fraction valid SMILES: 100.0   Score: 0.5000   Time elapsed: 16   Time left: 29.3
  Agent     Prior     Target     Score     SMILES
-31.62    -31.89     28.94      0.74      n1nc(-c2ccc(CN(Cc3ccc(C(C)(C)C)cc3)Cc3ccc(C#N)cc3)cc2)ccc1
-22.38    -22.43    -14.49      0.10      c1ccccc1CNC(C(NC(c1ccc(OC)cc1)=O)c1ccccc1)=O
-31.13    -31.20      0.54      0.39      c1cc(N)ccc1C1=NN(C(=NS(=O)(=O)c2ccc3c(cccc3)c2)NC(C)C)CC1c1ccccc1
-27.69    -27.69     -1.23      0.32      O=S(=O)(c1cc2c(=O)c(C(=O)NC(C(C)C)C(OC)=O)cn(CC=C)c2cc1)N1CCCC1
-31.06    -30.82      3.57      0.42      c1c(-c2ccc(Cn3c(COC)nc4ccc(C5=NNC(=O)CC5)cc43)cc2)c(-c2nc(=O)o[nH]2)ccc1
-32.89    -32.77     30.71      0.77      C1(c2ccc(F)cc2)(CCO)CCN(C(C)c2ccc(-c3cn4c(cc3)nc(C)n4)cc2)C(=O)N1
-22.46    -22.65     27.60      0.61      c1ccc(CSc2nnc(-c3cc(OC)ccc3)o2)cc1C#N
-32.86    -32.80     25.39      0.71      [O-][N+](c1cc2c(cc1)n(CC(=O)N1CC(F)CC1C(N=c1[nH]c(Br)ccc1)=O)c(=O)cc2)=O
-28.35    -28.40      0.70      0.35      c1([N+]([O-])=O)sc(CN2C3CN(Cc4ccccc4)CC2OCC3)cc1
-22.23    -22.01     46.76      0.84      c1cc(C(c2ccc(Cl)cc2)NC(C2CCN(C)CC2)=O)ccc1
Human-Component   raw_Human-Component
0.7419354915618896   0.7419354915618896   
0.09677419066429138   0.09677419066429138   
0.3870967626571655   0.3870967626571655   
0.32258063554763794   0.32258063554763794   
0.4193548262119293   0.4193548262119293   
0.774193525314331   0.774193525314331   
0.6129032373428345   0.6129032373428345   
0.7096773982048035   0.7096773982048035   
0.35483869910240173   0.35483869910240173   
0.8387096524238586   0.8387096524238586   

14:36:49: local_reinforcement_logger.timestep_report +41: INFO     
 Step 18   Fraction valid SMILES: 96.9   Score: 0.4844   Time elapsed: 17   Time left: 28.6
  Agent     Prior     Target     Score     SMILES
-29.44    -29.42     -2.08      0.33      c1cc(N=c2[nH]nc(C)cc2-c2ccc(C)cc2)ncc1N
-22.64    -22.55     21.19      0.53      n1(CC2OCCC2)c2[nH]c(=N)[nH]c(=S)c2nc1
-26.19    -25.96    -20.49      0.07      [N+]([O-])(=O)c1c(OC)cc(C2=C(c3ccc(OC)c(OC)c3)C(=O)N(CC(=O)c3ccc(OC)cc3)C2=O)cc1
-24.65    -24.93     51.61      0.93      c1c(C(=O)N2CCN(c3ccnc4c3ccc(Cl)c4)CC2)c(=O)oc2c1cccc2
-27.11    -27.06    -18.86      0.10      C(c1ccccc1)CN1C2CCC1CC(c1ccc(-c3ccncc3)cc1)=C2C(=O)OC
-39.68    -39.75     -1.48      0.47      c1(C)oc(C=C2C(=O)c3ccccc3O2)cc1C(=O)NC(C(C(=O)NCC)=O)Cc1ccccc1
-20.34    -20.35    -20.35      0.00      O=c1cc(C)nc2sc(C(=O)N)c(N)c21
-39.23    -39.34      9.86      0.60      Fc1c(Cl)c(F)cc(-c2nc(C(=O)Nc3ccc(C(N4CCN(S(=O)(=O)C)CC4)=O)cc3)c(=N)[nH]c2)n1
-28.30    -28.42     12.58      0.50      c1(C=O)ccc2c(c1)N(C(=O)CCC(=O)OC)CC2
-30.13    -30.18     43.62      0.90      c1(C(F)(F)F)cccc2c(CCCOc3cccc4c3cccc4)c(C(C(O)=O)(C)C)n(Cc3ccccc3)c12
Human-Component   raw_Human-Component
0.3333333432674408   0.3333333432674408   
0.5333333611488342   0.5333333611488342   
0.06666667014360428   0.06666667014360428   
0.9333333373069763   0.9333333373069763   
0.10000000149011612   0.10000000149011612   
0.46666666865348816   0.46666666865348816   
0.0   0.0   
0.6000000238418579   0.6000000238418579   
0.5   0.5   
0.8999999761581421   0.8999999761581421   

14:36:50: local_reinforcement_logger.timestep_report +41: INFO     
 Step 19   Fraction valid SMILES: 100.0   Score: 0.5000   Time elapsed: 18   Time left: 27.9
  Agent     Prior     Target     Score     SMILES
-30.05    -29.75     36.38      0.81      C(NCCCCN=c1c2c([nH]c3ccccc13)CCCC2)CCCOc1cc(OC)c(OC)cc1
-20.39    -19.99     17.05      0.45      c1cc(OC)c(OC)cc1C=CC(NCCCCCCCC)=O
-34.85    -34.76      4.91      0.48      C(CNC(C(c1ccccc1)OC)=O)c1c2cc(C(=O)N)ccc2[nH]c1O
-22.29    -22.33    -19.69      0.03      c1cccc2c(C)cc(SCC(Nc3c(=O)n(-c4ccccc4)n(C)c3C)=O)nc12
-20.23    -20.23     59.13      0.97      c1(F)ccc(C(=O)CCCN2CCC(=O)NCC2)cc1
-25.67    -25.69    -17.76      0.10      c1ccccc1CN1C(C)=C(C(OCC)=O)C(c2ccc(F)cc2)N=C1NCc1ccccc1
-25.22    -25.16     -1.35      0.29      n1nc(S(c2ccc(C)cc2)(=O)=O)oc1-c1ccc(N(C)C)cc1
-17.52    -17.42     -4.20      0.16      c1cc(NS(=O)(=O)C)ccc1N=c1c2c(cccc2)[nH]c2ccccc21
-28.12    -28.19     -1.74      0.32      O(c1cc(CC(=N)NC(c2c(Cl)cccc2)=O)ccc1)c1ccccc1
-31.37    -31.04     29.80      0.74      c1(COC(c2ccc(C#N)cc2)c2n(C)cnc2)ccc(C#N)cc1NS(CCc1ccc(F)cc1)(=O)=O
Human-Component   raw_Human-Component
0.8064516186714172   0.8064516186714172   
0.4516128897666931   0.4516128897666931   
0.4838709533214569   0.4838709533214569   
0.032258063554763794   0.032258063554763794   
0.9677419066429138   0.9677419066429138   
0.09677419066429138   0.09677419066429138   
0.29032257199287415   0.29032257199287415   
0.16129031777381897   0.16129031777381897   
0.32258063554763794   0.32258063554763794   
0.7419354915618896   0.7419354915618896   

14:36:51: local_reinforcement_logger.timestep_report +41: INFO     
 Step 20   Fraction valid SMILES: 100.0   Score: 0.5000   Time elapsed: 19   Time left: 27.1
  Agent     Prior     Target     Score     SMILES
-35.51    -35.60      6.72      0.52      c1c(NCc2ccc(OCCCNC3C4CCC(C4)C3)cc2)cc(OC)c(O)c1
-32.85    -32.60     -8.80      0.29      C(Oc1ccc(C(=O)C2CCC2)cc1)c1n[nH]c(=S)n1N
-34.16    -34.06     16.20      0.61      C1(=O)C(=C)C(CC#N)C2CCC3C4CCC(c5coc(=O)cc5)C4(C)CCC3C21C
-31.31    -31.46     29.38      0.74      Cc1[nH]c(=O)n(CC)c1SCc1ncc(Cl)c(Cl)c1
-22.53    -22.26      4.19      0.32      c1(OC)c(C(F)(F)F)cc(NC(C(Cl)Cl)=O)cc1
-39.60    -39.46    -36.81      0.03      c1(OC)ccc(C(=O)N=c2[nH]c(=NCc3c(OC)cccc3)n(C(=O)Nc3cc(Cl)ccc3)[nH]2)cc1
-25.56    -25.59     43.19      0.84      c1(C=CC(=O)c2ccc(OCCCCCCC)cc2)ccc(OCCCCCCCCCCCCCC)cc1
-26.10    -25.77     -7.26      0.23      c1c(CN(Cc2sc(C(O)=O)cc2)C(C)C)cccc1
-20.73    -20.98     50.44      0.87      FC(C(=O)c1cc2c(cc1)OCC(=O)N2)(F)F
-23.53    -23.48     -7.61      0.19      c1(C)ccc(C)cc1NC(=O)SCC
Human-Component   raw_Human-Component
0.5161290168762207   0.5161290168762207   
0.29032257199287415   0.29032257199287415   
0.6129032373428345   0.6129032373428345   
0.7419354915618896   0.7419354915618896   
0.32258063554763794   0.32258063554763794   
0.032258063554763794   0.032258063554763794   
0.8387096524238586   0.8387096524238586   
0.22580644488334656   0.22580644488334656   
0.8709677457809448   0.8709677457809448   
0.19354838132858276   0.19354838132858276   

14:36:52: local_reinforcement_logger.timestep_report +41: INFO     
 Step 21   Fraction valid SMILES: 100.0   Score: 0.5000   Time elapsed: 21   Time left: 27.7
  Agent     Prior     Target     Score     SMILES
-27.05    -27.01     10.02      0.45      c1(=NCC2CC2)[nH]c(=N)c([N+]([O-])=O)c(Nc2c(C)cc(Cl)cc2)[nH]1
-31.34    -31.42     10.90      0.52      c1cc(-c2ccc(C(N3Cc4c(cccc4)C3)=O)nc2)nc(C2(c3cnccc3)CC2)n1
-26.75    -26.97     -0.52      0.32      C1NC(C(N2CCN(c3nc4c(cc(OC)cc4)c(C)c3)CC2)=O)CC1
-44.75    -44.99     18.50      0.77      CC(OCc1cc(C)[nH]c(=O)c1-c1cc(C(F)(F)F)ccc1)C(Nc1cc(CCN2CCCC2)ccc1)=O
-29.61    -29.51     23.40      0.65      C1CCC(NS(=O)(c2cc(C(F)(F)F)ccc2)=O)C1CC=CC(=O)OC
-31.23    -30.74    -20.16      0.13      c1cc(N(C(=O)C)C)ccc1NC(=O)Oc1cccc(C(OC)=O)c1
-21.84    -21.93      9.81      0.39      N1(c2c3c(ccc(C)c3)ncc2S(c2cc(Cl)cc(Cl)c2)(=O)=O)CCC(C)CC1
-37.26    -37.29    -32.00      0.06      C(S)C(N)CNC(C(CCC=NC(=N)N)NC(=O)C1N(C(C(N)Cc2ccccc2)=O)CCC1)=O
-37.62    -37.84      7.13      0.55      c12[nH]c3c(NCCCN(C)C)cc4ncccc4c3c1CC1(OCCO1)CC2
-22.15    -22.28     35.91      0.71      C1CC(N=c2[nH]c(=N)[nH]c(Cl)c2N=Nc2ccc(Cl)cc2)CCCCC1
Human-Component   raw_Human-Component
0.4516128897666931   0.4516128897666931   
0.5161290168762207   0.5161290168762207   
0.32258063554763794   0.32258063554763794   
0.774193525314331   0.774193525314331   
0.6451612710952759   0.6451612710952759   
0.12903225421905518   0.12903225421905518   
0.3870967626571655   0.3870967626571655   
0.06451612710952759   0.06451612710952759   
0.5483871102333069   0.5483871102333069   
0.7096773982048035   0.7096773982048035   

14:36:53: local_reinforcement_logger.timestep_report +41: INFO     
 Step 22   Fraction valid SMILES: 100.0   Score: 0.5000   Time elapsed: 22   Time left: 26.8
  Agent     Prior     Target     Score     SMILES
-27.83    -27.93     17.04      0.55      c1(-c2ccc(OCC)cc2)n(N=c2cc[nH]c3c2ccc(Cl)c3)c(-c2ccncc2)nn1
-25.10    -24.92     25.34      0.61      c12c(sc(N3CC(C(NC)=O)CCC3)n1)cccc2
-30.88    -31.05     45.66      0.94      C(CCOc1cnccc1)#Cc1ccc(OCCN2CCCCC2)cc1
-33.57    -33.65     -1.91      0.39      Cc1c(C2C3CCCCC3C(C(=O)c3ccccc3)=C2)cccc1
-17.27    -17.46     40.73      0.71      FC(F)(F)c1cccc(N=NN2CCCC2)c1
-30.05    -29.74     33.75      0.77      n1(Cc2ccc(OCCO)cc2)nnc(C(=O)NCCCCN(C)C)c1
-33.43    -33.94    -15.43      0.23      Fc1cc(Br)cc(Cl)c1NC(=O)Nc1cccc2c1OC(CN(C)S(=O)(=O)c1cn(C)cn1)C(C)CN(C(CO)C)C2=O
-21.85    -21.62     60.38      1.00      c1c(N=c2c3c(cc(OCCCN4CCOCC4)c(OC)c3)nc[nH]2)cc(Cl)c(OCc2ncccc2)c1
-23.63    -23.41    -23.41      0.00      S(c1ccc(C(NCc2ccncc2)=O)cc1)(=O)(N(CC)CC)=O
-23.49    -23.27      0.54      0.29      O=C(N=c1c2c(c(C(N)=O)ccc2)nc[nH]1)NCC
Human-Component   raw_Human-Component
0.5483871102333069   0.5483871102333069   
0.6129032373428345   0.6129032373428345   
0.9354838728904724   0.9354838728904724   
0.3870967626571655   0.3870967626571655   
0.7096773982048035   0.7096773982048035   
0.774193525314331   0.774193525314331   
0.22580644488334656   0.22580644488334656   
1.0   1.0   
0.0   0.0   
0.29032257199287415   0.29032257199287415   

14:36:54: local_reinforcement_logger.timestep_report +41: INFO     
 Step 23   Fraction valid SMILES: 100.0   Score: 0.5000   Time elapsed: 23   Time left: 25.9
  Agent     Prior     Target     Score     SMILES
-22.33    -22.50     40.98      0.77      c1(Cl)c(C(=O)CC2OC(=O)c3ccccc32)ccc(Cl)c1
-32.61    -33.23     46.13      0.97      c1cc2[nH]cc(CCN3CCCC=C(c4ncccc4)C3=O)c2cc1
-30.21    -30.59     -4.13      0.32      c1ccc(-c2nc3c(cc(C(O)=O)cc3)nc2N=NN(C(=O)c2ccccc2)C)cc1
-30.53    -30.34      9.34      0.48      O=C(c1cc(O)c(O)c(O)c1)OC1C(O)C(COC(C=Cc2ccc(O)c(O)c2)=O)OC(OCC23CC4CC(CC(C4)C2)C3)C1O
-21.06    -21.38     39.46      0.74      C1CN2CC(c3nc(-c4cc(Cl)ccc4)no3)C1CC2
-34.63    -34.90     -3.16      0.39      c1cc2c(cc1)C(c1ccccc1)=Nc1c(cc(CCC(=O)OC)cc1C)N2
-28.25    -28.54    -25.89      0.03      C(c1oc2c(c1)C(=O)c1ccccc1C2=O)NCCc1sccc1
-19.95    -19.92     51.50      0.87      O(C)c1cc(C2=NCCc3c2cc(OC)c(OC)c3)ccc1
-21.79    -21.87      1.93      0.29      c12cc(NS(=O)(=O)C)ccc1ocn2
-29.80    -29.91     28.28      0.71      O=C(NCC)N=c1cc(-c2cc(Cl)c(Cl)cc2)n(-c2ccccc2OCC)[nH]1
Human-Component   raw_Human-Component
0.774193525314331   0.774193525314331   
0.9677419066429138   0.9677419066429138   
0.32258063554763794   0.32258063554763794   
0.4838709533214569   0.4838709533214569   
0.7419354915618896   0.7419354915618896   
0.3870967626571655   0.3870967626571655   
0.032258063554763794   0.032258063554763794   
0.8709677457809448   0.8709677457809448   
0.29032257199287415   0.29032257199287415   
0.7096773982048035   0.7096773982048035   

14:36:55: local_reinforcement_logger.timestep_report +41: INFO     
 Step 24   Fraction valid SMILES: 96.9   Score: 0.4844   Time elapsed: 24   Time left: 25.0
  Agent     Prior     Target     Score     SMILES
-31.70    -31.68      1.12      0.40      C1C2CCC1CC2NC(c1cc2c(nccc2)c(OC)c1)=O
-27.53    -27.28     -5.41      0.27      c1(S(=O)(Nc2ccc(CCNCC(O)COc3cnccc3)cc2)=O)ccc(C2CNCCC2)cc1
-27.18    -27.33     21.87      0.60      c1(C(=O)NC(CC(=O)O)C(=O)CCSc2ccccc2)ccccc1
-20.75    -20.92     -7.26      0.17      c1cc(C2=NN(C(C)=O)C(c3ccc(Br)cc3)C2)ncc1
-22.57    -22.54    -19.80      0.03      CC(C)(C)NC(=O)CN(c1ccccc1)S(C)(=O)=O
-27.60    -27.49     24.44      0.63      C(C)(c1cc(OCCCC(C(=O)O)(C)C)n(-c2ccc(F)cc2)n1)C
-23.11    -23.39     39.47      0.77      c1cc(C)cc(Cl)c1-n1nnc(CCO)c1
-31.72    -31.83     44.71      0.93      c1(C)cc(-c2c3c(nc(C)nc3N3C4CCC3CC4)sc2)on1
-22.42    -22.17     16.10      0.47      c1(=O)c(C(c2ccc(N(C)C)cc2)c2c(O)c3ccccc3oc2=O)c(O)c2c(cccc2)o1
-33.26    -33.64     -6.30      0.33      Oc1ccc(C(OCCN2CCN(CCOC(COc3c4ccccc4oc(=O)c3)=O)CC2)=O)cc1
Human-Component   raw_Human-Component
0.4000000059604645   0.4000000059604645   
0.2666666805744171   0.2666666805744171   
0.6000000238418579   0.6000000238418579   
0.1666666716337204   0.1666666716337204   
0.03333333507180214   0.03333333507180214   
0.6333333253860474   0.6333333253860474   
0.7666666507720947   0.7666666507720947   
0.9333333373069763   0.9333333373069763   
0.46666666865348816   0.46666666865348816   
0.3333333432674408   0.3333333432674408   

14:36:56: local_reinforcement_logger.timestep_report +41: INFO     
 Step 25   Fraction valid SMILES: 100.0   Score: 0.5000   Time elapsed: 25   Time left: 24.0
  Agent     Prior     Target     Score     SMILES
-50.42    -50.78    -32.26      0.23      C1(C(OCCCc2ccc(COCCOCCOCCOCCF)cc2)=O)(C)C2C(C)(CCC1)C13C(CCC(C)(C3)C1=O)CO2
-30.67    -31.71     42.36      0.90      c1(C2CC(N3CCN(C(=O)OC4CCN(CCc5ccccc5)CC4)CC3)C2)ccccc1
-31.23    -31.04    -23.11      0.10      c1(-c2cccc(NS(=O)(c3ccc4c(c3)OCCO4)=O)c2)sc(=NC(NCC)=O)[nH]n1
-21.33    -21.40     44.72      0.81      C1(c2cc(F)ccc2)OC(=O)C=CC1
-31.79    -31.90     15.72      0.58      C(N=c1[nH]c2c(c(OCCOC(c3ccc(Cl)cc3)=O)ccc2)s1)(C)=O
-26.30    -26.49     13.19      0.48      O=c1n(C2CCCCC2)cccc1NC(NCC)=S
-33.27    -33.11      9.21      0.52      c12c([nH]c(-c3cc(C#N)c(-c4c(F)cccc4)cc3)c1C1CC1)nccc2
-31.07    -30.76    -17.54      0.16      c12cc(S(=O)(=O)N(C)c3c(C)cccc3)cc(OC)c1oc(=O)cc2
-28.07    -27.95     35.54      0.77      C(C)Oc1c2c(C)n[nH]c2c(OCc2ccc(Cl)cc2)cc1C
-36.94    -37.27     12.99      0.61      c1(F)cc(F)c(F)cc1CCN(C1CCN(C(=O)c2c(Cl)cc(NCCC(C)C)cc2Cl)CC1)C
Human-Component   raw_Human-Component
0.22580644488334656   0.22580644488334656   
0.9032257795333862   0.9032257795333862   
0.09677419066429138   0.09677419066429138   
0.8064516186714172   0.8064516186714172   
0.5806451439857483   0.5806451439857483   
0.4838709533214569   0.4838709533214569   
0.5161290168762207   0.5161290168762207   
0.16129031777381897   0.16129031777381897   
0.774193525314331   0.774193525314331   
0.6129032373428345   0.6129032373428345   

14:36:57: local_reinforcement_logger.timestep_report +41: INFO     
 Step 26   Fraction valid SMILES: 100.0   Score: 0.5000   Time elapsed: 25   Time left: 22.2
  Agent     Prior     Target     Score     SMILES
-34.34    -34.34    -18.47      0.19      O(c1cc2ccccc2cc1)CC(=O)NS(=O)(=O)c1ccccc1C(c1ccccc1)=O
-32.59    -32.88     35.89      0.84      c12c(C)c(C)ccn1c(SC(NC1CCCC1)=S)nn2
-32.51    -32.36    -27.07      0.06      c1cc2ccc(NC(N(CCC)Cc3c(=N)[nH]cc(C)n3)=O)cc2cc1
-19.41    -19.17      1.99      0.26      C(C(O)=O)c1c2c(cccc2)ccc1
-29.15    -29.34     18.27      0.58      C1CN(C(=O)c2c(NS(=O)(c3c4c(nsn4)ccc3)=O)cccc2)CCC1c1ccncc1
-25.33    -25.26    -17.32      0.10      O=C(Nc1ccccc1)C(=O)NN=C(C)CC(Nc1ccc2c(c1)OCO2)=O
-31.77    -32.21     39.20      0.87      c12c(-c3c(OCc4ccccc4Cl)cccc3)cccc1[nH]c(C)n2
-27.48    -27.71     46.35      0.90      c12c(c(O)n(CCNC(=O)Cc3c(Cl)cccc3Cl)c1O)CC=CC2
-32.03    -31.83     -5.38      0.32      Oc1ccc(C=NN=c2n(N)c(=O)c(CCCC3CCCCC3)n[nH]2)cc1OC
-32.17    -32.06    -13.54      0.23      n1sc(N2CCCC2C)nc1SCC(c1sccc1)=O
Human-Component   raw_Human-Component
0.19354838132858276   0.19354838132858276   
0.8387096524238586   0.8387096524238586   
0.06451612710952759   0.06451612710952759   
0.25806450843811035   0.25806450843811035   
0.5806451439857483   0.5806451439857483   
0.09677419066429138   0.09677419066429138   
0.8709677457809448   0.8709677457809448   
0.9032257795333862   0.9032257795333862   
0.32258063554763794   0.32258063554763794   
0.22580644488334656   0.22580644488334656   

14:36:58: local_reinforcement_logger.timestep_report +41: INFO     
 Step 27   Fraction valid SMILES: 93.8   Score: 0.4688   Time elapsed: 26   Time left: 21.4
  Agent     Prior     Target     Score     SMILES
-32.35    -32.14    -15.18      0.21      C1C2CCC(C(c3nc(N4CC(O)C4)no3)C1)N2
-29.41    -29.88      9.70      0.48      c1(C)ccc2c(oc(N3CCN(Cc4cccnc4)CC3)n2)c1C
-45.21    -44.51    -10.58      0.41      N(C(Cc1ccccc1)C(CN(C)CCCC)O)C(=O)C(NC(=O)C(CC1CCCCC1)NC(NCCC)=O)Cc1c[nH]cn1
-28.78    -28.95     -0.67      0.34      o1nc(C(Nc2cc(C(N3CCC(C(NC4CCCCC4)=O)CC3)C)ccc2)=O)nc1C
-45.98    -45.05    -25.26      0.24      O(C(C)(C)c1cccc(C)c1)c1ccc(CC(=O)NC)cc1CCCCCCC
-27.42    -27.09     35.11      0.76      Fc1c(N2CC(OC)C2)c(F)cc2c(=O)c(C(O)=O)cn(N3CCN(C)CC3)c21
-25.35    -25.27     28.45      0.66      c1(-c2c(-c3ccc(OCc4ncccn4)cc3)nn(CC#N)c2)ccncc1
-27.69    -27.47     -4.85      0.28      C1CCC2(CC1)C(=O)N(C)c1c(ccc(C(OC)=O)c1)C2=O
-43.09    -42.57    -28.44      0.17      C(OC(Nc1ccc(OCCCNC(C)(C)C)cc1Cl)=O)(C)C(O)c1ccccc1
-18.77    -18.81    -18.81      0.00      c1(C(=O)OCC)ccc(OCc2c(C)noc2C)cc1
Human-Component   raw_Human-Component
0.2068965584039688   0.2068965584039688   
0.48275861144065857   0.48275861144065857   
0.4137931168079376   0.4137931168079376   
0.3448275923728943   0.3448275923728943   
0.24137930572032928   0.24137930572032928   
0.7586206793785095   0.7586206793785095   
0.6551724076271057   0.6551724076271057   
0.27586206793785095   0.27586206793785095   
0.17241379618644714   0.17241379618644714   
0.0   0.0   

14:36:59: local_reinforcement_logger.timestep_report +41: INFO     
 Step 28   Fraction valid SMILES: 100.0   Score: 0.5000   Time elapsed: 27   Time left: 20.5
  Agent     Prior     Target     Score     SMILES
-37.28    -37.05    -13.24      0.29      COc1c(CN(CCC(Cc2ccccc2)(O)C(C)C)C(=O)CCCc2c3ccccc3[nH]c2)cccc1
-29.98    -30.30      4.09      0.42      c1(F)cnc(N2CC3(CN4CCN(C(OCC)=O)CC4)COCC3C2)nc1
-33.17    -33.61     35.17      0.84      O=C(CCCCN1CCC(OCCOC)CC1)Nc1c(C)cc(C)cc1C
-31.39    -31.57    -13.05      0.23      c1(N=c2[nH]n(-c3ccccc3)cc2-c2nc(Br)sc2)ccncc1
-21.46    -21.70     52.37      0.90      c12ccccc1N1C(=O)c3ccccc3C1Nc1ccccc1C2
-22.26    -22.31     25.31      0.58      FC(F)(c1c(Cl)c(C(=O)N2Cc3c(n(-c4cnccn4)nn3)CC2)ccc1)F
-33.26    -33.23    -22.65      0.13      c12c([nH]c(=NC(c3c[nH]c(O)c3)O)cc1N1CCOCC1)ccc(-c1cn[nH]c1)c2
-30.18    -30.11     51.89      1.00      C1N(c2cc(C)ccc2C)CCN(CCCNC(CCc2c3c(cccc3)[nH]c2-c2ccccc2)=O)C1
-44.44    -44.36    -41.72      0.03      c1(-c2c3c(ncc2)OC(C(NC24C(CS(=O)(=O)C2)C4)=O)C3C)cc(C)c(OC)cc1
-29.00    -29.22     26.32      0.68      c1c(F)cccc1C=NN=c1[nH]nc(-c2ccncc2)c(-c2occc2)n1
Human-Component   raw_Human-Component
0.29032257199287415   0.29032257199287415   
0.4193548262119293   0.4193548262119293   
0.8387096524238586   0.8387096524238586   
0.22580644488334656   0.22580644488334656   
0.9032257795333862   0.9032257795333862   
0.5806451439857483   0.5806451439857483   
0.12903225421905518   0.12903225421905518   
1.0   1.0   
0.032258063554763794   0.032258063554763794   
0.6774193644523621   0.6774193644523621   

14:37:00: local_reinforcement_logger.timestep_report +41: INFO     
 Step 29   Fraction valid SMILES: 100.0   Score: 0.5000   Time elapsed: 28   Time left: 19.6
  Agent     Prior     Target     Score     SMILES
-46.66    -47.24     -2.27      0.55      c12c3c(c(C(=O)O)cc1CN1C(=CC=CC=C1)C=C2)N(C)C(=O)c1cccnc1O3
-30.03    -30.39     30.45      0.74      C1C2C(C(C(NC3CC3)=O)=CO1)C(=O)CC2
-31.88    -30.83    -30.83      0.00      c1(C(NC(C(C)=Cc2ccc(C(Oc3ccc(C(=N)N)cc3)=O)cc2)=O)CC(O)=O)cnc(C(N)=N)cc1
-25.66    -25.47     -1.67      0.29      c1ccc2c(c1)N(C)C(=O)C(NC(Nc1cnc(-c3ccccc3)cc1)=O)N=C2c1ccccc1
-20.54    -20.73     61.27      1.00      c1cc(Cl)ccc1C1CC(=O)C(C=NCCN2CCN(C(C)C)CC2)C(=O)C1
-27.82    -28.08    -20.15      0.10      c1c(OC)cc2c(c1)SC(C)CCN2S(=O)(=O)CCC
-31.69    -31.80    -29.15      0.03      c1c(OC(F)(F)F)ccc(NC(=O)c2cncc(-c3ccc[nH]3)c2F)c1
-33.07    -32.95    -22.37      0.13      c1c(-c2c3c(ncc2)OC(C(=O)NCC(C(C)(C)C)(C)C)C3)cc2ccn(C)c2c1
-33.25    -33.91     32.22      0.81      C(=NO)(CCCCc1ccc(C2(S(=O)(c3ccccc3)=O)CCN(S(=O)(=O)Cc3ccccc3)C2)cc1)O
-29.21    -29.64      4.75      0.42      N(=c1[nH]c(OC)ccc1C(NC1(c2ccccc2)CCC1)=O)C
Human-Component   raw_Human-Component
0.5483871102333069   0.5483871102333069   
0.7419354915618896   0.7419354915618896   
0.0   0.0   
0.29032257199287415   0.29032257199287415   
1.0   1.0   
0.09677419066429138   0.09677419066429138   
0.032258063554763794   0.032258063554763794   
0.12903225421905518   0.12903225421905518   
0.8064516186714172   0.8064516186714172   
0.4193548262119293   0.4193548262119293   

14:37:01: local_reinforcement_logger.timestep_report +41: INFO     
 Step 30   Fraction valid SMILES: 100.0   Score: 0.5000   Time elapsed: 29   Time left: 18.7
  Agent     Prior     Target     Score     SMILES
-27.60    -27.70     22.55      0.61      c1c(-c2[nH]c(=NC(=O)C(=O)c3c4c(Cl)cccc4[nH]c3)ccc2)cccc1
-33.30    -32.87    -27.58      0.06      c1cc(C)c(NC=O)c(C(=O)Nc2cc(S(=O)(N(CC)CC)=O)c(C)cc2)n1
-36.19    -36.54     42.82      0.97      C(c1ccc(N=c2nc[nH]c3c2cc(Cl)cc3)cc1)C(N=C(N)N)CC(C)C
-26.99    -27.46     20.16      0.58      CC1(C)C2CCC1(C)C1(Oc3c(c(O)ccc3)C1=O)C2
-30.13    -30.49     43.58      0.90      n1(C)c2ccccc2c(=NCCCCCCN=c2c3ccccc3[nH]c3ccccc23)c2c1ccc(C)c2
-28.12    -28.50      5.89      0.42      C(CC(=O)c1c(OC2C(O)C(O)C(O)C(CO)O2)cc(CCc2ccccc2)cc1)CC
-25.63    -26.02    -23.37      0.03      CN(CCN(c1n(Cc2ccccc2)c2c(cccc2)n1)S(=O)(=O)c1ccc(C)cc1)C
-36.90    -36.76    -20.89      0.19      c1ccc(C2(C(=O)OC(C(=O)N)CC)C(c3ccccc3)(c3ccccc3)C(=O)O2)cc1
-24.18    -24.82     46.60      0.87      N1(CCCn2ncc3ccccc23)CCCCCC1
-30.29    -30.60      6.44      0.45      c1(OC(C)CCCCC)cc(=O)oc(CCCCCCCCC)c1
Human-Component   raw_Human-Component
0.6129032373428345   0.6129032373428345   
0.06451612710952759   0.06451612710952759   
0.9677419066429138   0.9677419066429138   
0.5806451439857483   0.5806451439857483   
0.9032257795333862   0.9032257795333862   
0.4193548262119293   0.4193548262119293   
0.032258063554763794   0.032258063554763794   
0.19354838132858276   0.19354838132858276   
0.8709677457809448   0.8709677457809448   
0.4516128897666931   0.4516128897666931   

14:37:02: local_reinforcement_logger.timestep_report +41: INFO     
 Step 31   Fraction valid SMILES: 100.0   Score: 0.5000   Time elapsed: 31   Time left: 18.4
  Agent     Prior     Target     Score     SMILES
-21.73    -21.84     33.71      0.68      c1ccccc1Cn1nc(C)c(C(NC2CCCCC2)=O)c1C
-23.21    -23.58     55.78      0.97      c1cc2c(OCC(=O)OCC(=O)c3ccc(Cl)cc3)cccc2cc1
-30.10    -30.84     11.48      0.52      Oc1occ2c1C(c1cccc(OCCOCCO)c1)C1C(=O)CCCC1=N2
-40.95    -40.75    -32.81      0.10      c12ccc(NC(C(C)(C)Cc3cc[n+]([O-])cc3)=S)c(C=O)c1cccc2
-28.33    -27.84     -6.68      0.26      COc1ccc(C2C(C)C(C)C(c3ccc(OC(N4CCOCC4)=O)c(OC)c3)O2)cc1
-21.58    -21.38    -18.74      0.03      O=[N+]([O-])c1cc(C(NCCOC)=O)cc([N+](=O)[O-])c1
-26.01    -26.79    -10.92      0.19      C1n2c(nnc2CN2C(=O)CCC2)C(C)N(Cc2ccn(C)n2)C1
-25.91    -26.41      7.98      0.42      c1c2nnc(C(F)(F)F)n2ccc1-c1cnn(C(C)C)c1
-30.94    -30.66     27.53      0.71      c1c(-c2ccc3c(c2)C2(C4(C3)CCC(OC)CC4)C(=O)N(CCF)C(=O)N2)cncc1C#CCCF
-36.76    -36.69     45.31      1.00      c1cc(OCC(CNC(C)(C)C)O)cc2c1CN1CCC3=NCCC1C23
Human-Component   raw_Human-Component
0.6774193644523621   0.6774193644523621   
0.9677419066429138   0.9677419066429138   
0.5161290168762207   0.5161290168762207   
0.09677419066429138   0.09677419066429138   
0.25806450843811035   0.25806450843811035   
0.032258063554763794   0.032258063554763794   
0.19354838132858276   0.19354838132858276   
0.4193548262119293   0.4193548262119293   
0.7096773982048035   0.7096773982048035   
1.0   1.0   

14:37:03: local_reinforcement_logger.timestep_report +41: INFO     
 Step 32   Fraction valid SMILES: 96.9   Score: 0.4844   Time elapsed: 32   Time left: 17.5
  Agent     Prior     Target     Score     SMILES
-22.40    -22.70     56.57      0.97      c1(OC)c(N2CCN(CCn3c(=O)c4ccccc4nc3-c3ccc(C)cc3)CC2)cccc1
-21.72    -22.23     40.63      0.77      FC(c1ccc(C2N(c3ccc(Cl)cc3)N=C(c3ccc(OC)cc3)C2)cc1)(F)F
-28.05    -28.20     18.26      0.57      O=C(NCc1cc(CN2CCCCC2)ccc1)C(Cc1c(C)cc(O)cc1C)N
-28.02    -28.39      7.14      0.43      N(C(=O)CNC(=O)CCN1CCN(c2cccc(O)c2)CC1)c1ccc(-c2ccccc2)cc1
-47.41    -47.65    -47.65      0.00      OC1CCC2(C)C3C4(CC(C(OC)=O)=C(C)C3C1(C)C(OC(C)=O)C2)C4
-23.46    -23.71      9.09      0.40      O(CC12CCN(CC1)CC2)c1c(C#N)cccn1
-34.40    -34.63      6.37      0.50      c1nc2n(CCCC)c(=O)c3c(n(C)c(=O)n(C)c3=O)c2c(N)c1C
-31.85    -32.27    -13.14      0.23      c1(=NCc2cncc(N3CCOCC3)n2)c2ncn(C3C4CC4(C(NC)=O)C(O)C3O)c2nc[nH]1
-36.85    -37.37     20.03      0.70      C12C3(C(=O)N(Cc4ccc(Cl)cc4)C14c1c(cccc1)N(C)C4=O)OCCN3CC2
-21.32    -21.51     22.23      0.53      OC12C(CCC1=O)O2
Human-Component   raw_Human-Component
0.9666666388511658   0.9666666388511658   
0.7666666507720947   0.7666666507720947   
0.5666666626930237   0.5666666626930237   
0.4333333373069763   0.4333333373069763   
0.0   0.0   
0.4000000059604645   0.4000000059604645   
0.5   0.5   
0.23333333432674408   0.23333333432674408   
0.699999988079071   0.699999988079071   
0.5333333611488342   0.5333333611488342   

14:37:04: local_reinforcement_logger.timestep_report +41: INFO     
 Step 33   Fraction valid SMILES: 96.9   Score: 0.4844   Time elapsed: 32   Time left: 16.0
  Agent     Prior     Target     Score     SMILES
-29.84    -29.22      6.31      0.43      c12c(ccc(NC(=O)CCC(C)C(O)=O)c1)-c1ccccc1C2
-29.61    -29.73     30.40      0.73      c1(F)c(Cn2c(=NC(=O)C3CCC3)sc(CCC)n2)cccc1
-32.28    -32.20     -4.87      0.33      CS(=O)(=O)CCC(NC(=O)N1CCC2(CCN(c3nc(C)ccc3)CC2)CC1)C
-27.31    -26.80     -7.67      0.23      c1(NC(=O)CSC(N)=O)cc(S(=O)(=O)N(CC)CC)ccc1
-30.70    -30.51    -27.78      0.03      c1c(CC(C(=O)O)NC(=O)C2C(CCO)ON=C2c2ccc(OC)cc2)cccc1
-25.90    -25.65    -25.65      0.00      Cc1ccc(C=C(C(=O)Nc2ccc(C)cc2C)C(=O)OCC)cc1
-23.54    -23.53     44.80      0.83      N(C(NNC(=O)CCc1ccccc1)=O)c1cc(Cl)cc(Cl)c1
-35.43    -36.84     36.96      0.90      n1(C)c(=NCCN(S(C)(=O)=O)CCN2CC=CCC2)[nH]c2c1cccc2
-31.35    -31.18     15.28      0.57      O=C(C(CC(C)C)NC(C)=O)NC1C(OC(=O)c2ccccc2)CCCC1
-20.33    -20.13      9.94      0.37      Oc1csc(N2N=C(c3ccc(OC)cc3)CC2c2ccc(C)cc2)n1
Human-Component   raw_Human-Component
0.4333333373069763   0.4333333373069763   
0.7333333492279053   0.7333333492279053   
0.3333333432674408   0.3333333432674408   
0.23333333432674408   0.23333333432674408   
0.03333333507180214   0.03333333507180214   
0.0   0.0   
0.8333333134651184   0.8333333134651184   
0.8999999761581421   0.8999999761581421   
0.5666666626930237   0.5666666626930237   
0.36666667461395264   0.36666667461395264   

14:37:05: local_reinforcement_logger.timestep_report +41: INFO     
 Step 34   Fraction valid SMILES: 100.0   Score: 0.5000   Time elapsed: 33   Time left: 15.1
  Agent     Prior     Target     Score     SMILES
-36.70    -36.47    -36.47      0.00      OC(c1ccc2c([nH]c(=NC(c3sc(-c4cn[nH]c4)c(OC)c3)=O)n2CC(F)F)c1)=O
-26.28    -25.67    -23.02      0.03      O(CC(c1cc(C)n(CCc2ccc(OC)cc2)c1C)=O)C(CCC(=O)N1CCOCC1)=O
-31.33    -31.46     21.44      0.65      C(CCOC(=O)C=Cc1ccc(O)cc1)CCN=C1C2(C)C(C)(C)C(C1)CC2
-30.85    -31.22     26.98      0.71      Fc1ccc(C=CC(=O)C2=C(C=Cc3cc(OC)c(O)cc3)N=C3C(=Cc4ccc(OC)cc4)CN(C)CC3=C2)cc1
-43.29    -42.92    -24.40      0.23      C1(CCC(=O)NC23CC4(C)CC(C)(CC(C4)C2)C3)C(O)C(N)C(O)C(OC2C(O)C(O)C(O)C(COC3C(O)C(O)C(O)C(CO)O3)O2)O1
-23.93    -23.57     53.14      0.94      c1nc(COCC2(c3ccc(Cl)cc3)CCN(C)CC2)c(C)cc1
-22.47    -22.45     56.90      0.97      C1CC(CC)CCN1CCCC
-23.54    -23.18     42.95      0.81      C1C(=Cc2ccc(O)c(OC)c2)c2ccc(OC)cc2C1
-39.31    -39.12     16.43      0.68      c1(C(c2ccccc2)n2c(CCNS(c3ccc(Oc4ccccc4)cc3)(=O)=O)c(CCNCCCCc3ccccn3)c(-c3cc(Cl)ccc3)n2)ccccc1
-56.45    -56.58    -22.19      0.42      C(CCCN(C)CC#C)C(C)C1CC(O)C2C(C1(C)C)CCC1(C)C23C(C2OC21)OCC(C)CC3O
Human-Component   raw_Human-Component
0.0   0.0   
0.032258063554763794   0.032258063554763794   
0.6451612710952759   0.6451612710952759   
0.7096773982048035   0.7096773982048035   
0.22580644488334656   0.22580644488334656   
0.9354838728904724   0.9354838728904724   
0.9677419066429138   0.9677419066429138   
0.8064516186714172   0.8064516186714172   
0.6774193644523621   0.6774193644523621   
0.4193548262119293   0.4193548262119293   

14:37:06: local_reinforcement_logger.timestep_report +41: INFO     
 Step 35   Fraction valid SMILES: 100.0   Score: 0.5000   Time elapsed: 34   Time left: 14.2
  Agent     Prior     Target     Score     SMILES
-31.12    -31.03    -17.80      0.16      C(#CC(C)(C1COOCC1)O)C
-22.14    -21.99    -16.70      0.06      O=C(O)CCC(=O)NN=Cc1occc1
-22.86    -22.59     -4.08      0.23      C(C(Nc1ccc(N2CCOCC2)nc1)=O)Sc1ccccc1
-25.26    -25.88     50.83      0.94      C1(c2ccccc2)C(F)CN(C2CCN(Cc3ccc(F)cc3)CC2O)CC1
-27.30    -26.82     10.21      0.45      c1(=N)c2cc(OC)c(OC)c(F)c2[nH]c(=NCC(NC2CN(C3CCC(C(CC)O)CC3)C2)=O)[nH]1
-33.27    -33.65    -31.00      0.03      c1cc(C(O)=O)ccc1CN(Cc1cccc2c1cccc2)C(=Nc1cc(OC)ccc1)C[N+](=O)[O-]
-15.95    -15.77     37.13      0.65      c1c(N)ccc(O)c1
-19.28    -19.49     28.12      0.58      C(c1ccc(OC)cc1)(=O)c1c2ccccc2n(CCN2CCOCC2)c1C
-24.96    -24.82      4.28      0.35      c1(-n2c(=O)c3c([nH]c2=S)sc2c3CCN(C(=O)C)C2)cccc(OC)c1
-36.54    -37.61     28.51      0.81      O(CCNS(=O)(CCCC)=O)CCNS(=O)(=O)CCCOCn1ncc2cc(Cl)ccc12
Human-Component   raw_Human-Component
0.16129031777381897   0.16129031777381897   
0.06451612710952759   0.06451612710952759   
0.22580644488334656   0.22580644488334656   
0.9354838728904724   0.9354838728904724   
0.4516128897666931   0.4516128897666931   
0.032258063554763794   0.032258063554763794   
0.6451612710952759   0.6451612710952759   
0.5806451439857483   0.5806451439857483   
0.35483869910240173   0.35483869910240173   
0.8064516186714172   0.8064516186714172   

14:37:07: local_reinforcement_logger.timestep_report +41: INFO     
 Step 36   Fraction valid SMILES: 100.0   Score: 0.5000   Time elapsed: 35   Time left: 13.2
  Agent     Prior     Target     Score     SMILES
-34.31    -34.08     24.11      0.71      c1cc(C#N)cc(-n2c(=N)c(C(=O)NC3C(O)CCC3)c[nH]2)c1
-30.76    -30.70     30.14      0.74      c1(C(C)C)c(C(c2ccccc2Cl)N2CC2)cccc1
-30.88    -31.27     32.22      0.77      c1(C#N)c2c(c(CNC(=O)c3ccc(F)cc3)ccc2O)ccc1
-22.35    -23.23     -7.36      0.19      c1cc(F)cc(F)c1CNC(c1cn(Cc2ccccc2)nn1)=O
-37.35    -37.47    -29.54      0.10      n1[nH]cc(-c2c[nH]c(=N)c(-c3ccc(C(N)=O)c4[nH]c5cc(C(OC)=O)ccc5c43)c2CC)c1
-23.38    -22.96     53.75      0.94      C(CCN1CC(n2[nH]c(=Nc3ccc(F)cc3)c(C(=O)N)c2)C(C#N)CC1)C(F)(F)F
-22.98    -24.27     31.28      0.68      Fc1cc2n(C3CCC3)c(-c3cnccc3)nc2cc1
-22.19    -22.35     57.00      0.97      c1c(NC(c2ccc(C)c(N=c3c4c(cnc(N5CCN(CC6CCN(C)CC6)CC5)n4)nc[nH]3)c2)=O)cc(C(F)(F)F)c(OC)c1
-22.27    -22.39     14.64      0.45      c1c2c(c3c(c(=O)[nH]2)scc3)cc(CCC)c1
-27.21    -27.07     46.99      0.90      c1(F)ccc(CN(C)C(=O)c2c3c(c(=O)c4ccccc4[nH]3)ccc2)cc1
Human-Component   raw_Human-Component
0.7096773982048035   0.7096773982048035   
0.7419354915618896   0.7419354915618896   
0.774193525314331   0.774193525314331   
0.19354838132858276   0.19354838132858276   
0.09677419066429138   0.09677419066429138   
0.9354838728904724   0.9354838728904724   
0.6774193644523621   0.6774193644523621   
0.9677419066429138   0.9677419066429138   
0.4516128897666931   0.4516128897666931   
0.9032257795333862   0.9032257795333862   

14:37:08: local_reinforcement_logger.timestep_report +41: INFO     
 Step 37   Fraction valid SMILES: 100.0   Score: 0.5000   Time elapsed: 36   Time left: 12.3
  Agent     Prior     Target     Score     SMILES
-31.02    -32.18     -8.38      0.29      c1ccc2c3cc(C4=C(C)CNC4)[nH]c3c3c(ccnc3)c2c1
-23.73    -23.61     -7.74      0.19      c1(S(NCc2ccc(C(=O)Nc3cc(F)ccc3)cc2)(=O)=O)sccc1
-25.04    -25.62     51.09      0.94      c12c(N3CCN(CC)CC3)ncnc1c1c(ccc(C)c1)n2C
-24.07    -24.37     39.11      0.77      c1(F)cc(C=Cc2sc(=NC(c3ccc(F)cc3)=O)[nH]n2)ccc1
-26.25    -25.48      6.26      0.39      n1(Cc2ccc(Oc3ccc(C)cc3)cc2)c(C=O)ncc1
-38.66    -39.72      5.25      0.55      c12ccccc1N(NC(=O)C1OC(OCc3ccccc3)C(O)C(CO)C1)CC(C(O)=O)N2
-27.45    -27.55     33.29      0.74      C1CCCN1c1nccc(C#Cc2cccc(NC(=O)c3ccccc3)c2)c1
-34.85    -34.85     39.21      0.90      c1(C(=O)N2C(C)C(N=c3[nH]c4c(n3C)cccc4)CCC2)c2c(cc[nH]2)ccc1
-40.73    -41.49     14.05      0.68      C(NC(Cc1ccc(O)cc1)C(NCCCOCCCNC(CCCNC(=O)CCNCCCN)=O)=O)(CCCCCCCCCCC)=O
-31.25    -31.72     39.70      0.87      c1(Cl)c(Cl)ccc2[nH]c(C#N)cc(=NCCCC)c12
Human-Component   raw_Human-Component
0.29032257199287415   0.29032257199287415   
0.19354838132858276   0.19354838132858276   
0.9354838728904724   0.9354838728904724   
0.774193525314331   0.774193525314331   
0.3870967626571655   0.3870967626571655   
0.5483871102333069   0.5483871102333069   
0.7419354915618896   0.7419354915618896   
0.9032257795333862   0.9032257795333862   
0.6774193644523621   0.6774193644523621   
0.8709677457809448   0.8709677457809448   

14:37:08: local_reinforcement_logger.timestep_report +41: INFO     
 Step 38   Fraction valid SMILES: 100.0   Score: 0.5000   Time elapsed: 37   Time left: 11.4
  Agent     Prior     Target     Score     SMILES
-31.11    -31.87     13.09      0.55      c1(C23CC4CC(CC(C4)C2)C3)ccc(CCNS(c2ccccc2C(F)(F)F)(=O)=O)cc1
-40.65    -40.39     38.97      0.97      c1ccc(C2(O)CN(C(NC)=S)C(c3cccc(Cl)c3Cl)C2C(=O)c2ccc(F)cc2)cc1
-34.46    -34.14    -28.85      0.06      C(NCCC=C(c1cnccc1)c1ccccc1)(C)c1cc2c(cc1)OCO2
-30.37    -30.07     -0.98      0.35      CC(C)(C)OC(=O)N1CCC(n2c3c(nn2)cnc(-n2ccnc2)n3)CC1
-27.25    -28.11     32.73      0.74      c12c(cccc1Cl)cc(C(N1Cc3cccn3Cc3ccccc31)=O)[nH]2
-31.93    -31.69     26.50      0.71      C(=O)(C1Nc2ccccc2C1)N=c1[nH]c(-c2ccc(F)c(C(F)(F)F)c2)cs1
-31.72    -31.37      0.38      0.39      c1[nH]c(C(=O)Nc2cc(Cn3c(=O)ccc(-c4cn(C)nc4)n3)c(C)cc2)cc1
-21.24    -21.73      4.72      0.32      c12c(occ(C=NOC)c1=O)ccc(Cl)c2
-28.46    -28.96      5.43      0.42      c1(=Nc2cccc(NC(=O)N3CCC(CN)C3)c2)[nH]ccc(-c2cnccc2)n1
-22.24    -22.79     -1.63      0.26      c1c(F)ccc(-n2cc3[nH]c(=N)nc(C)c3c2C)c1
Human-Component   raw_Human-Component
0.5483871102333069   0.5483871102333069   
0.9677419066429138   0.9677419066429138   
0.06451612710952759   0.06451612710952759   
0.35483869910240173   0.35483869910240173   
0.7419354915618896   0.7419354915618896   
0.7096773982048035   0.7096773982048035   
0.3870967626571655   0.3870967626571655   
0.32258063554763794   0.32258063554763794   
0.4193548262119293   0.4193548262119293   
0.25806450843811035   0.25806450843811035   

14:37:09: local_reinforcement_logger.timestep_report +41: INFO     
 Step 39   Fraction valid SMILES: 96.9   Score: 0.4844   Time elapsed: 38   Time left: 10.5
  Agent     Prior     Target     Score     SMILES
-31.84    -32.36     -2.29      0.37      c1cc(S(=O)(c2ccc(C(=O)CCCCCNS(=O)(=O)c3ccc(Cl)cc3)cc2)=O)ccc1Cl
-22.01    -22.21     37.93      0.73      c1cc2c(cc1)C(N(c1ccccc1)C1CCNCC1)=NS2(=O)=O
-19.87    -19.58      5.02      0.30      c1c(C)ccc(SSN)c1
-31.86    -32.18      0.62      0.40      c12c(ccc3c1nc(Cc1ccc(Br)cc1)o3)[nH]c1ccccc1c2=O
-32.56    -32.72     -5.39      0.33      c1c(-c2ccc(F)cc2)nnn1CC(=O)Nc1c(C(=O)Nc2ccccc2C)c2c(s1)CCC2
-16.63    -16.90     32.30      0.60      c1cc(N)ccc1C
-29.36    -28.12    -19.92      0.10      c1c(C(OC)=O)ccc(NC(NC2CCc3c(c(OC)c(OC)c(OC)c3Cl)-c3sc(C)c(C)c32)=S)c1
-29.08    -29.42     49.85      0.97      c1c(N2CCNCC2)ccc(CN(S(=O)(=O)c2ccc(Cl)cc2)CCOc2ccccc2)c1
-26.53    -26.34     -7.21      0.23      O(C)c1c(C2NC(=S)NC(c3cnccc3)C2C(=O)OCC)cccc1
-31.19    -31.76     22.91      0.67      CC(C)C(CCCCCCCC(CCCCCC)=O)S
Human-Component   raw_Human-Component
0.36666667461395264   0.36666667461395264   
0.7333333492279053   0.7333333492279053   
0.30000001192092896   0.30000001192092896   
0.4000000059604645   0.4000000059604645   
0.3333333432674408   0.3333333432674408   
0.6000000238418579   0.6000000238418579   
0.10000000149011612   0.10000000149011612   
0.9666666388511658   0.9666666388511658   
0.23333333432674408   0.23333333432674408   
0.6666666865348816   0.6666666865348816   

14:37:10: local_reinforcement_logger.timestep_report +41: INFO     
 Step 40   Fraction valid SMILES: 100.0   Score: 0.5000   Time elapsed: 39   Time left: 9.5
  Agent     Prior     Target     Score     SMILES
-27.01    -26.16    -26.16      0.00      c1cc(CCC(NC(C)c2ccc(NC(=O)c3ccccc3)cc2)=O)ccc1
-27.10    -27.13     33.71      0.74      n1(-c2ccccc2)nc(C(CCCCCC(=O)C(=O)O)=O)cc1-c1ccccc1
-29.68    -30.07     43.99      0.90      N1=C(Nc2ccc(N3CCN(C(C)C)CC3)cc2)c2ccccc2C=C1c1ccc(Cl)cc1
-38.62    -39.37     -7.63      0.39      CC(c1ccc(C2=C(C(=O)[O-])SC(=Cc3ccccc3)C2=NOC)cc1)C
-33.49    -33.94     21.61      0.68      Cc1cc(Cl)cc(Cl)c1CN=c1c2c([nH]cn1)c(C(=O)N)cc(N1CCOCC1)c2
-30.96    -30.83     22.08      0.65      c1(C(F)(F)F)ccc(N2CCN(C(=O)CCSCC(N(C)C3CCCCC3)=O)CC2)cc1
-31.56    -31.64      8.04      0.48      C1CN(CC(C)O)CCN1C(C(NCc1ccc2ccccc2c1)C)=O
-47.45    -48.31    -37.73      0.13      FC1CN(Cc2ccc3c(c2)c2nc4c(nc2cc3)cc(OCC)cc4)CC1(O)CN
-28.52    -27.84    -14.62      0.16      C(N(C)S(c1ccc(C)cc1)(=O)=O)C(Cn1c(C)nc2ccccc21)O
-41.56    -41.75    -15.30      0.32      C(NC(=O)CCC)(Cc1nc2c(s1)cccc2)C(=O)Nc1ccc(CN2CCC(O)CC2)cc1
Human-Component   raw_Human-Component
0.0   0.0   
0.7419354915618896   0.7419354915618896   
0.9032257795333862   0.9032257795333862   
0.3870967626571655   0.3870967626571655   
0.6774193644523621   0.6774193644523621   
0.6451612710952759   0.6451612710952759   
0.4838709533214569   0.4838709533214569   
0.12903225421905518   0.12903225421905518   
0.16129031777381897   0.16129031777381897   
0.32258063554763794   0.32258063554763794   

14:37:12: local_reinforcement_logger.timestep_report +41: INFO     
 Step 41   Fraction valid SMILES: 100.0   Score: 0.5000   Time elapsed: 40   Time left: 8.6
  Agent     Prior     Target     Score     SMILES
-23.45    -24.23     -0.42      0.29      O=c1n(CC#CCN2S(=O)(=O)c3c(cccc3)C2=O)cccc1
-24.45    -24.60     38.89      0.77      c1c(F)ccc(C(=O)NCCc2n(CCC)c3c(=O)n(C)c(=O)n(C)c3n2)c1
-27.11    -27.39      9.64      0.45      O(c1c(OC)cc2c(c1)CCN(c1c3ccccc3ncc1S(c1ccc(C)cc1)(=O)=O)C2)C
-31.65    -32.05     44.66      0.94      c1(C)ccc(COCCN2CC3C(CC(Oc4ccccc4)C3)C2)cc1
-35.61    -36.07     -1.68      0.42      C1(CC(CNC(C2=C(C3CC3)CCS2)=O)N)CC1
-24.69    -25.57     43.21      0.84      c1(CN2CCC(NC(CCc3c4ccccc4[nH]c3)=O)CC2)ncccc1
-30.13    -32.58     49.42      1.00      c12[nH]c3ccccc3c1CCN(CCCN1CCN(c3c4c(ccc3)OCCO4)C1)CC2
-17.40    -17.77     24.55      0.52      Oc1c(Cc2ccccc2)ccc2ccccc21
-45.20    -44.69     21.44      0.81      c1c(F)c(-c2n(C)c(Cl)c(-n3nc(-c4ccccc4Cl)nc3C3CC3)n2)ccc1F
-27.18    -27.98     22.28      0.61      c12n(c3cc(CN)ccc3n1)CCCN(Cc1ccccc1)C2=O
Human-Component   raw_Human-Component
0.29032257199287415   0.29032257199287415   
0.774193525314331   0.774193525314331   
0.4516128897666931   0.4516128897666931   
0.9354838728904724   0.9354838728904724   
0.4193548262119293   0.4193548262119293   
0.8387096524238586   0.8387096524238586   
1.0   1.0   
0.5161290168762207   0.5161290168762207   
0.8064516186714172   0.8064516186714172   
0.6129032373428345   0.6129032373428345   

14:37:13: local_reinforcement_logger.timestep_report +41: INFO     
 Step 42   Fraction valid SMILES: 96.9   Score: 0.4844   Time elapsed: 41   Time left: 7.6
  Agent     Prior     Target     Score     SMILES
-25.13    -25.81    -23.07      0.03      c12c(CCC(N=c3[nH]cccc3C)=O)cn(CC=C)c1cccc2
-31.26    -31.87    -10.01      0.27      O(CCCNCCC)c1cc2ccccc2cc1C(Nc1ccccc1)=O
-38.61    -38.10    -38.10      0.00      C(C1(CC(=O)O)C2SC(C(Cl)c3ccccc3)=C(C(O)=O)N2C1=O)C
-25.95    -26.15    -17.95      0.10      c1cc2ccccc2cc1-c1c(=O)n(CC2CCCO2)c2nc(N(C)C)ncc2n1
-26.12    -26.88     14.12      0.50      C1NCCN(c2c(=O)c3c(ccc(C)c3C)[nH]c2)C1
-27.78    -28.08     53.92      1.00      c1(=O)c2c(cccc2)n(CC(Nc2ccc(F)cc2F)=O)c(=O)n1CCCC(=O)NCc1ccc(Cl)cc1
-24.48    -25.75     48.05      0.90      C1CN(c2cn(CC)nc2)CCN1Cc1ncsc1
-29.27    -29.32     -1.98      0.33      c1(C(NC(N2C(=O)C(CCC)C3C2CCCC3)=O)=O)ccc(CC)cc1
-28.93    -28.65     26.02      0.67      c1cc(COC2Cn3ncnc3NC2c2ccc(C)cc2)ccc1Br
-32.14    -30.59     -0.52      0.37      C1(N(S(c2cn(C)cn2)(=O)=O)CC)CCC(NC(OC(C)(C)C)=O)CC1
Human-Component   raw_Human-Component
0.03333333507180214   0.03333333507180214   
0.2666666805744171   0.2666666805744171   
0.0   0.0   
0.10000000149011612   0.10000000149011612   
0.5   0.5   
1.0   1.0   
0.8999999761581421   0.8999999761581421   
0.3333333432674408   0.3333333432674408   
0.6666666865348816   0.6666666865348816   
0.36666667461395264   0.36666667461395264   

14:37:13: local_reinforcement_logger.timestep_report +41: INFO     
 Step 43   Fraction valid SMILES: 100.0   Score: 0.5000   Time elapsed: 42   Time left: 6.7
  Agent     Prior     Target     Score     SMILES
-35.01    -34.48    -31.84      0.03      O(CC)C(=O)C=CC(N=c1scc(-c2c(O)cc(O)c(CC)c2)[nH]1)=O
-45.30    -45.76     12.43      0.71      c1(CSC2N=C(C3CC3)CS(=O)(=O)c3c2cccc3)cc[nH]c(=N)n1
-28.25    -28.52     42.90      0.87      c1(OC)ccc2c(c(CN3CCN(C)CC3)c3cc(OC)c(OC)cc3c2Cl)c1
-27.63    -28.14      0.96      0.35      OC(c1cc(CCCCNC(=O)Nc2cccc3c2cccc3)ccc1)=O
-21.54    -21.38     13.01      0.42      c1cc(F)c(-c2nc(C(NC(c3c(F)cccc3)CC(=O)O)=O)ccc2OC)cc1
-28.40    -28.18      8.86      0.45      N(c1c(C)nn(Cc2c(C)cccc2)c1C)C(=O)c1cc(-c2cccc(C)c2)nc2ccccc21
-19.77    -19.76      6.69      0.32      c1c(CC2=NC(=S)N(C)C2=O)cc(O)cc1
-21.20    -22.11     54.60      0.94      CC(C)NCC1CCc2c(cccc2OC)C1
-28.73    -29.36    -10.85      0.23      c1(C)cc(Cl)c(S(=O)(Nc2c(C)cc3n(C)c(=O)ccc3c2)=O)cc1
-39.28    -39.45     34.62      0.90      C12CCC(C(C(NCC(=O)O)=O)C1C(NCCCCN1CCN(C(=O)Cc3ccccc3)CC1)=O)C21CCC1
Human-Component   raw_Human-Component
0.032258063554763794   0.032258063554763794   
0.7096773982048035   0.7096773982048035   
0.8709677457809448   0.8709677457809448   
0.35483869910240173   0.35483869910240173   
0.4193548262119293   0.4193548262119293   
0.4516128897666931   0.4516128897666931   
0.32258063554763794   0.32258063554763794   
0.9354838728904724   0.9354838728904724   
0.22580644488334656   0.22580644488334656   
0.9032257795333862   0.9032257795333862   

14:37:14: local_reinforcement_logger.timestep_report +41: INFO     
 Step 44   Fraction valid SMILES: 93.8   Score: 0.4688   Time elapsed: 43   Time left: 5.7
  Agent     Prior     Target     Score     SMILES
-41.97    -41.46    -27.32      0.17      c1(-c2c[nH]c(=O)cc2)cc2c(cc1)OC(C(=O)OC)n1c3c(cc1-2)ccc(OC(N(CC)CC)=O)c3
-26.14    -26.21     16.21      0.52      C(O)(C)c1c(Cl)sc(Cl)c1Cl
-33.85    -32.82    -27.16      0.07      c1(C(C)C)c(OC(C(=O)O)C)cc(C)c(S(=O)(=O)CC(C)C)c1
-47.91    -48.68    -48.68      0.00      c12c3oc4coc(O)c4cc-3c(OC)c(=C)c1=CC(CN(C)C)CO2
-40.75    -40.74      4.50      0.55      c1c(OC)cc2n3nc(C(=O)N4CCN(c5ccc(OC)cc5)CC4)nc3nc(N3CCC(C)CC3)c2n1
-22.40    -22.61     25.46      0.59      c1cc(-c2occ(CNC3CCN(Cc4ccccc4)CC3)n2)c(OC)cc1OC
-37.16    -37.29    -28.80      0.10      C1(=CN(C)C)C=C2C(Cc3ccccc3)(CN(C(C)=O)C(=O)C2)C(=O)N1C
-32.13    -32.45    -32.45      0.00      c1c2ccncc2oc(C)c1
-28.61    -28.76     10.83      0.48      C1(C(NCCc2ccccc2Cl)=O)CC2C(O1)CN(Cc1ccncc1)CC2
-30.28    -29.74     46.60      0.93      C(CC(N1CCC(=C2c3ncc(Br)cc3CCc3c2ccc(Cl)c3)CC1)=O)NC(CS)=O
Human-Component   raw_Human-Component
0.17241379618644714   0.17241379618644714   
0.517241358757019   0.517241358757019   
0.06896551698446274   0.06896551698446274   
0.0   0.0   
0.5517241358757019   0.5517241358757019   
0.5862069129943848   0.5862069129943848   
0.1034482792019844   0.1034482792019844   
0.0   0.0   
0.48275861144065857   0.48275861144065857   
0.931034505367279   0.931034505367279   

14:37:15: local_reinforcement_logger.timestep_report +41: INFO     
 Step 45   Fraction valid SMILES: 100.0   Score: 0.5000   Time elapsed: 44   Time left: 4.8
  Agent     Prior     Target     Score     SMILES
-28.56    -28.45     11.22      0.48      c1cc(C)c2c(c1)cc1ccc(N)cn21
-52.21    -52.39    -44.45      0.10      C(C1C(C(=O)Oc2c(OC)cc(C3c4cc5c(cc4CC4COC(=O)C34)OCO5)cc2OC)C2COC1C2OC(COCc1ccccc1)=O)=O
-24.59    -24.36     -8.49      0.19      CC[S+]([O-])c1[nH]c(-c2ccccc2)nc(=O)c1
-24.69    -25.13     -6.61      0.23      c1ccncc1C=Cc1c2ccc(Sc3ccccc3C(Nc3cc(C#N)ccc3)=O)cc2n[nH]1
-26.46    -26.46     -5.30      0.26      O=C(C1CCN(Cc2ccc(F)cc2)CC1)NC(c1ccc(Br)cc1)c1nccnc1
-23.96    -23.52    -23.52      0.00      c1(NC(CS(=O)(c2ccc(F)cc2)=O)=O)cccnc1
-23.32    -23.36     11.03      0.42      Oc1n(CN2CCOCC2)c(O)cc1Cc1cccs1
-17.71    -18.19     63.81      1.00      C12c3ccc(O)cc3CCC1N(CCC)CCC2
-20.77    -21.68     39.16      0.74      N1(CC(=O)NN2CCN(C)CC2)CCN(c2ccccc2)CC1
-18.54    -18.56    -13.27      0.06      c1c(NC(=O)c2oc([N+](=O)[O-])cc2)ccc(C)c1
Human-Component   raw_Human-Component
0.4838709533214569   0.4838709533214569   
0.09677419066429138   0.09677419066429138   
0.19354838132858276   0.19354838132858276   
0.22580644488334656   0.22580644488334656   
0.25806450843811035   0.25806450843811035   
0.0   0.0   
0.4193548262119293   0.4193548262119293   
1.0   1.0   
0.7419354915618896   0.7419354915618896   
0.06451612710952759   0.06451612710952759   

14:37:16: local_reinforcement_logger.timestep_report +41: INFO     
 Step 46   Fraction valid SMILES: 100.0   Score: 0.5000   Time elapsed: 45   Time left: 3.8
  Agent     Prior     Target     Score     SMILES
-32.03    -31.54      8.14      0.48      S1C(c2cccnc2)n2ncc(C(Nc3ccc(Br)cc3)=O)c2N1
-38.56    -39.59     42.41      1.00      OC1CCC2C(C)(C1c1cc(Cl)cc(Cl)c1)Cc1cc(C(=O)N3CCCCC3)ccc12
-30.38    -30.43    -22.49      0.10      c1c2nc(-c3cncs3)oc2cc(CC(C(O)=O)N)c1
-28.64    -28.71      3.04      0.39      O=C(NCc1ccccc1)c1ccc(-c2ccccc2OCCC)s1
-23.77    -24.56     -3.39      0.26      c1c(CCNCC(=O)N(C)c2ccccc2Cl)cccc1
-31.91    -32.32     23.22      0.68      c1(C)[nH]c(C)nc(=N)c1CCCCc1cc(OC)ncc1
-20.03    -19.65    -19.65      0.00      c1(S(N2CCOCC2)(=O)=O)ccc(NC(Cc2cccs2)=O)cc1
-38.31    -39.24     26.89      0.81      O=S(NC(c1nc2c(cccc2)s1)CCCN=C(N)N)(=O)c1cc2ccc3c(c2cc1)CCNC3
-33.49    -35.27     25.57      0.74      c12c(c3c(n1CCCN1CCOCC1)c1c(c(C(C)C)n3)CCCS1)cccc2
-30.95    -29.96     -3.51      0.32      c1cc(OC)cc(-c2cccc(-c3nc(C(=O)NCc4ccc(C(F)(F)F)cc4)cs3)c2)c1
Human-Component   raw_Human-Component
0.4838709533214569   0.4838709533214569   
1.0   1.0   
0.09677419066429138   0.09677419066429138   
0.3870967626571655   0.3870967626571655   
0.25806450843811035   0.25806450843811035   
0.6774193644523621   0.6774193644523621   
0.0   0.0   
0.8064516186714172   0.8064516186714172   
0.7419354915618896   0.7419354915618896   
0.32258063554763794   0.32258063554763794   

14:37:17: local_reinforcement_logger.timestep_report +41: INFO     
 Step 47   Fraction valid SMILES: 96.9   Score: 0.4667   Time elapsed: 45   Time left: 2.8
  Agent     Prior     Target     Score     SMILES
-28.30    -28.03     -8.89      0.23      c1c(NC(=O)c2c(Cl)csc2)c(C)cc(O)c1
-37.33    -35.86    -35.86      0.00      NC(=N)c1nccc(SCc2ccc(-c3ccc(C[n+]4c(C(C)C)cc(-c5ccccc5)cc4)cc3)cc2)c1
-27.41    -27.84     35.03      0.77      c1(O)c2c(c3c4c1CCCn4c1ccccc13)CC(O)C(O)C2O
-18.60    -18.20    -18.20      0.00      O(CC)c1c(OCC)cc(C=O)cc1
-30.77    -30.28     27.12      0.70      n1c(=O)c(N(C(=O)c2cc(N(C)C)ccc2)CCCN(C)C)c(N)n(CCC)c1C
-26.82    -26.65     14.35      0.50      C12=NN(C(=O)c3occc3)C(c3cc(OC)c(OC)cc3)C1Cc1ccccc12
-30.10    -29.58    -29.58      0.00      O=C(NCCCC(=N)NC(N)=O)Nc1ccccc1
-22.34    -22.41     24.06      0.57      c1(CCc2[nH]c3ccc(C(N)=N)cc3n2)cccc(C(=N)N)c1
-21.67    -22.23     46.10      0.83      s1c2c(cccc2)c(C2CCN(CCC3CCC(NC(CCC)=O)CC3)CC2)c1
-30.44    -31.48     28.65      0.73      C(C1N(C(=O)COc2ccccc2)CCNC1=O)CN1CCC(n2c3c(nccc3)[nH]c2=O)CC1
Human-Component   raw_Human-Component
0.23333333432674408   0.23333333432674408   
0.0   0.0   
0.7666666507720947   0.7666666507720947   
0.30000001192092896   0.30000001192092896   
0.699999988079071   0.699999988079071   
0.5   0.5   
0.2666666805744171   0.2666666805744171   
0.5666666626930237   0.5666666626930237   
0.8333333134651184   0.8333333134651184   
0.7333333492279053   0.7333333492279053   

14:37:18: local_reinforcement_logger.timestep_report +41: INFO     
 Step 48   Fraction valid SMILES: 100.0   Score: 0.4788   Time elapsed: 46   Time left: 1.9
  Agent     Prior     Target     Score     SMILES
-45.17    -45.24      7.66      0.65      COc1c(OCCN(CC)CC)c(F)cc(-c2nnc(-c3cc(NC(=O)C4CCCN4C(N)=N)ccc3)cc2)c1
-25.45    -24.98     -1.17      0.29      c1ccc2n(OC(N(C)C)=O)nc(C)c2c1
-21.85    -22.24     38.60      0.74      c12c(=O)n(CCCC)c3c(cc(Br)cc3)c1cccc2
-32.25    -32.71     22.84      0.68      c1c(C=CC(N2CC(F)C(OC)C2C(NCCCCC)=O)=O)cccc1
-26.82    -29.37     52.63      1.00      c1cc(N2CCN(CCCNC(=O)C3CCCN(S(c4ccc5c(c4)oc(=O)[nH]5)(=O)=O)C3)CC2)ccc1
-19.19    -19.32    -14.03      0.06      C1N(c2nc3n(-c4ccccc4)c(=O)c(C)nc3cn2)CCOC1
-19.47    -20.44     45.69      0.81      c1(C)cc2c(cc1)NC(=O)CN(C(=O)CCC)C2c1ccccc1
-31.81    -32.61     36.17      0.84      N1C(=O)CCc2cc(S(NCCc3sc4nc(-c5ccc(Cl)cc5)cn4n3)(=O)=O)ccc21
-28.57    -28.84     16.12      0.55      c1cc(-c2oc(C)c(CN3CCCC3C(N3CCC(OC)CC3)=O)n2)ccc1Cl
-36.16    -35.84     -9.39      0.32      Cc1cc(-c2cc(F)c(C(=O)N3CCN(C)CC3)cc2)cc2c1cnc(C=O)c2
Human-Component   raw_Human-Component
0.6451612710952759   0.6451612710952759   
0.29032257199287415   0.29032257199287415   
0.7419354915618896   0.7419354915618896   
0.6774193644523621   0.6774193644523621   
1.0   1.0   
0.06451612710952759   0.06451612710952759   
0.8064516186714172   0.8064516186714172   
0.8387096524238586   0.8387096524238586   
0.5483871102333069   0.5483871102333069   
0.32258063554763794   0.32258063554763794   

14:37:19: local_reinforcement_logger.timestep_report +41: INFO     
 Step 49   Fraction valid SMILES: 96.9   Score: 0.4844   Time elapsed: 47   Time left: 0.9
  Agent     Prior     Target     Score     SMILES
-30.15    -30.59      7.68      0.47      FC(F)(c1c(Cl)ccc(C(=O)N2C(C)c3n(c(COCCN4CCCC4)cn3)CC2)c1)F
-41.80    -41.51     26.82      0.83      c1nc(N2CCN(CCOCCC(Nc3cc(N=c4nc(-c5ccc(Oc6ccc(Cl)cc6)cc5)c(Cl)c[nH]4)ccc3)=O)CC2)ccc1
-32.56    -33.71     31.89      0.80      C1CN(S(=O)(=O)c2ccc(N=c3nc(CC)[nH]c4c3cc(OC)c(OCCCN3CCCC3)c4)cc2)CCC1
-70.04    -69.94    -45.34      0.30      c1c(C(C(=O)OC(C)(OC)c2ccccc2)CCCN2Cc3c4n(c(=O)c5cc(-c6ccccc6)cnc5n4C4OC(CO)C(OC)C(O)C4O)cc3CC2)cccc1
-39.03    -39.49     -6.69      0.40      C1=C(Cc2c(CCC(=O)O)cc(F)cc2)COC1CCO
-26.12    -28.42      1.65      0.37      C1N(CCn2c(=O)c3c(cccc3C)c3c2-c2cc4c(cc2C3=O)OCO4)CCN(C)C1
-28.04    -27.81     32.32      0.73      N1=C(c2cccc(Br)c2)C2C(O1)CC(Cl)C(C)(C)O2
-26.45    -27.17     22.03      0.60      CC1(C)N=C(C)c2cc(OCCCCCCOc3ccc(Cl)cc3)ccc2N(CC)C1=O
-33.70    -34.10    -28.64      0.07      C1CCCCN1C(C1=C(Cc2nc(N3CCCC3)no2)CCC1)=O
-30.80    -31.69     14.78      0.57      FC(c1cnc(N2CCN(c3n4ncnc4nc4n(C)c(=O)n(C)c(=O)c34)CC2)c(Cl)c1)(F)F
Human-Component   raw_Human-Component
0.46666666865348816   0.46666666865348816   
0.8333333134651184   0.8333333134651184   
0.800000011920929   0.800000011920929   
0.30000001192092896   0.30000001192092896   
0.4000000059604645   0.4000000059604645   
0.36666667461395264   0.36666667461395264   
0.7333333492279053   0.7333333492279053   
0.6000000238418579   0.6000000238418579   
0.06666667014360428   0.06666667014360428   
0.5666666626930237   0.5666666626930237   

