15:32:38: local_reinforcement_logger.log_message +32: INFO     starting an RL run
15:32:40: local_reinforcement_logger.timestep_report +41: INFO     
 Step 0   Fraction valid SMILES: 96.9   Score: 0.4844   Time elapsed: 1   Time left: 50.0
  Agent     Prior     Target     Score     SMILES
-27.17    -27.17     -9.99      0.54      C(CCCC)CCC[n+]1c2ccccc2sc1C=C1Oc2c(cccc2)C1=O
-22.22    -22.22      0.59      0.71      c1c2c(N3CCN(c4ccccc4OC)CC3)nc3c(cccc3)n2cn1
-24.53    -24.53     -2.76      0.68      c1cc(Cl)cc(CNCC(COc2ccccc2Cl)O)c1
-27.88    -27.88    -17.54      0.32      c12n(c(=O)c(C)c(C)[nH]1)nc(CC)c2Nc1cc(C)c(C)cc1
-23.60    -23.60     -7.82      0.49      C(N)CSC(=NC#N)Nc1ccc(Cl)nc1
-23.55    -23.55     -8.14      0.48      O=C(CSc1nsc(C)c1C#N)NCC(C)C
-21.80    -21.80     -1.94      0.62      O=S(NCCc1cccc2c1cc(O)[nH]2)(=O)C
-34.13    -34.13    -20.26      0.43      c1(C(c2ccc(C(C)(C)C)cc2)=O)ccc(C)c2nc3c(nc12)c(C)ccc3
-51.45    -51.45    -51.45      0.00      c1c(F)ccc(-c2cn(C3C(C)C4C56C(Oc7c(OC)cccc7C4C3CN(CC3CC3)CC7)O6)c(Br)cc(Br)c5nc2=O)c1
-36.12    -36.12    -28.84      0.23      c1ccc(C(F)(F)F)c(NC(Nc2cc(O)c(C(OC(C)=O)=O)cc2)=S)c1
Human-Component   raw_Human-Component
0.5367816090583801   0.5367816090583801   
0.7126436829566956   0.7126436829566956   
0.6804597973823547   0.6804597973823547   
0.32298851013183594   0.32298851013183594   
0.4931034445762634   0.4931034445762634   
0.48160919547080994   0.48160919547080994   
0.6206896305084229   0.6206896305084229   
0.4333333373069763   0.4333333373069763   
0.0   0.0   
0.22758620977401733   0.22758620977401733   

15:32:41: local_reinforcement_logger.timestep_report +41: INFO     
 Step 1   Fraction valid SMILES: 100.0   Score: 0.5000   Time elapsed: 2   Time left: 49.0
  Agent     Prior     Target     Score     SMILES
-29.28    -29.32    -24.65      0.15      c1coc(C(CSc2c3c(n(-c4cc(C)c(C)cc4)nc3)ncn2)=O)c1
-30.01    -30.00    -23.60      0.20      C(Oc1c(OC)cc2c(c(=O)c(C(c3cc(OC)c(OC)c(OC)c3)=O)co2)c1)C=C(C)C
-31.98    -31.91    -16.43      0.48      c1cc(NC(NC23CC4CC(CC(C4)C2)C3)=O)ccc1N=C1c2cc(Br)cc(Br)c2N(CN(C)C)C1=O
-31.39    -31.43    -13.75      0.55      c1cc(OCc2cc(C(=O)N3CC(C(C)O)C3)no2)c2c(c1)CC(C)(C)O2
-27.15    -27.11    -20.75      0.20      C(NC(Cc1cc(OC)c(O)cc1)C(=O)O)(=O)Nc1ccc(S(=O)(=O)N)cc1
-20.31    -20.31     -4.07      0.51      c1cc(CNCC(O)C(NC(=O)c2cc(N3S(=O)(=O)CCCC3)cc(NCC)c2)Cc2ccccc2)cc(OC)c1
-38.18    -38.12    -24.08      0.44      C1(=O)C2C(C3c4c(cc(O)cc4O)OC(C)(OC)C23)CCC1
-31.37    -31.34     -8.32      0.72      c1(-c2c(F)ccc(CCc3cnccc3)c2)c(OC)ccc(C)c1
-26.87    -26.86     -4.64      0.69      C1C2N(CC1)CC1NC2(c2ccccc2)C1
-30.54    -30.51    -23.32      0.22      Cn1cc(CC(NC2C(=O)N3C(C(NC(c4ccccc4)c4ccccc4)=O)CCCCC3CC2)=O)c2ccccc12
Human-Component   raw_Human-Component
0.14623655378818512   0.14623655378818512   
0.20000000298023224   0.20000000298023224   
0.4838709533214569   0.4838709533214569   
0.5526881814002991   0.5526881814002991   
0.1989247351884842   0.1989247351884842   
0.5075268745422363   0.5075268745422363   
0.43870967626571655   0.43870967626571655   
0.7193548679351807   0.7193548679351807   
0.6946236491203308   0.6946236491203308   
0.2247311770915985   0.2247311770915985   

15:32:42: local_reinforcement_logger.timestep_report +41: INFO     
 Step 2   Fraction valid SMILES: 100.0   Score: 0.5000   Time elapsed: 3   Time left: 48.0
  Agent     Prior     Target     Score     SMILES
-24.80    -24.85    -15.49      0.29      c1c(C(=O)OCC)c(NC(=O)c2ccccc2Cl)sc1C(C)C
-25.69    -25.64    -10.78      0.46      c1cc(C=Cc2nc3c(cccc3)[nH]c2=O)ccc1OC(C)=O
-26.09    -26.05    -23.78      0.07      O(Cc1c(Cl)cncc1Cl)c1c(-c2nc(N3CCC4(C(=O)O)CC4C3)ccc2)cccc1C
-37.06    -37.19    -25.25      0.37      N(C)=C(S(=O)(=O)N(CCC#N)c1c(CC)cccc1)C
-32.37    -32.31     -9.91      0.70      C(O)(c1c(=O)c2c(cc(-c3ccnc(N(C)C)c3)c(F)c2)n(-c2c(F)cc(F)cc2)c1)=O
-45.21    -45.02    -25.48      0.61      N(C(C)c1nc(-c2cc(Br)ccc2)c[nH]c1=N)(C)C1CC(N)C1(C)C
-23.80    -23.83     -1.95      0.68      O=C(C)c1c(-c2ccccc2)n2c(cccc2)n1
-31.81    -31.82    -12.21      0.61      O=C1C=C(c2ccc(C(C)C)cc2)OC(C)(c2cc(F)cc(F)c2)C1
-49.83    -49.92    -43.11      0.21      N(CCC(=O)N)C(C(NC(c1c(O)c(CC=C(C)C)c(O)c(C=NNc2ccccc2)c1)=O)C(C)C)=O
-23.31    -23.23     -3.86      0.61      c1c(OC)ccc(-c2csc(=NC(=O)c3cc4c(s3)CCCC4)[nH]2)c1
Human-Component   raw_Human-Component
0.29247310757637024   0.29247310757637024   
0.46451613306999207   0.46451613306999207   
0.07096774131059647   0.07096774131059647   
0.3731182813644409   0.3731182813644409   
0.699999988079071   0.699999988079071   
0.6107527017593384   0.6107527017593384   
0.6838709712028503   0.6838709712028503   
0.6129032373428345   0.6129032373428345   
0.21290323138237   0.21290323138237   
0.6053763628005981   0.6053763628005981   

15:32:43: local_reinforcement_logger.timestep_report +41: INFO     
 Step 3   Fraction valid SMILES: 100.0   Score: 0.5000   Time elapsed: 4   Time left: 47.0
  Agent     Prior     Target     Score     SMILES
-20.95    -21.13     -7.06      0.44      C(Nc1ccc(Cl)c(Cl)c1)(NCCCNCc1cc(Cl)cc(Cl)c1)=O
-61.15    -61.28    -60.52      0.02      C1=C(C=C2OC(=O)C(C(C)=O)=C2C)C(=O)C(Cl)=CC12OC1C(O)C3C(C)(C)CCC(Cl)C3(C)C(CC(=O)OC)C21
-26.10    -26.06    -14.50      0.36      n1c(CCc2ccc(-n3ccnc3)cc2)[nH]c2ccccc2c1=O
-22.05    -22.10      1.29      0.73      c1c(-c2nc(C3CN(Cc4ccncc4)C3)on2)ccc(C)c1
-30.42    -30.41    -26.59      0.12      C1OCCN(S(c2cc(C(Oc3c4cccc([N+](=O)[O-])c4ncc3)=O)ccc2)(=O)=O)C1
-30.01    -30.04    -13.80      0.51      c12ccccc1n(C(C)C(N1C(CN3CCCC3)CCC1)=O)cc2
-34.59    -34.44    -16.20      0.57      c1cc(OCc2ccccc2)ccc1C=CC1C(C=C)C(OC2C(O)C(O)C(O)C(CO)O2)OC(OCC2C(O)C(O)C(O)C(OC3C(O)C(O)C(O)C(CO)O3)O2)O1
-28.40    -28.40     -5.90      0.70      C(C(O)=O)(Oc1c(C)cc(CCC(=O)c2c3c(c(C)s2)C2C(C)(C)C2C3)c(F)c1)(C)C
-20.49    -20.71     -0.86      0.62      C(COc1c(Cl)cc(Cl)cc1Cl)(=O)O
-24.17    -24.22     -5.09      0.60      O=C1c2c(c(C(CC)=O)ccc2)C(=O)c2cccc(O)c21
Human-Component   raw_Human-Component
0.4397849440574646   0.4397849440574646   
0.023655913770198822   0.023655913770198822   
0.3612903356552124   0.3612903356552124   
0.7311828136444092   0.7311828136444092   
0.11935483664274216   0.11935483664274216   
0.5075268745422363   0.5075268745422363   
0.5698924660682678   0.5698924660682678   
0.7032257914543152   0.7032257914543152   
0.6204301118850708   0.6204301118850708   
0.5978494882583618   0.5978494882583618   

15:32:44: local_reinforcement_logger.timestep_report +41: INFO     
 Step 4   Fraction valid SMILES: 96.9   Score: 0.4844   Time elapsed: 5   Time left: 46.0
  Agent     Prior     Target     Score     SMILES
-22.17    -22.19      2.56      0.77      CC(C)(n1c(CN2CCCC2Cn2cncn2)nnc1)C
-24.90    -24.94    -10.45      0.45      [O-][N+](=O)c1c2c(cccc2)[nH]c1C(=O)NN
-38.75    -38.79    -33.42      0.17      c1(NS(=O)(c2cc3c4c(n(C)c3c(S)n2)CCCCC4)=O)ccc(N2CCOCC2)cc1
-20.15    -20.28      3.19      0.73      C(CCC)CN=c1nc(C(Cl)(Cl)Cl)[nH]c(C(Cl)(Cl)Cl)n1
-25.76    -25.69    -16.46      0.29      Cc1c(C(N2CCCCC2)=O)c(S(Nc2cc(OC)ccc2OC)(=O)=O)c(C)n1C
-20.66    -20.52      2.58      0.72      c1cccc(CCC2N(C)CCc3cc(OC)c(O)cc32)c1
-21.90    -21.93     -1.00      0.65      c1sc(=NC(c2ccc3c(=O)n4c(nc3c2)CCC4)=O)[nH]n1
-36.64    -36.60    -27.26      0.29      C(Cc1nc2n(c(=NCc3ccc4c(c3)OCO4)cc(N3CCCC3)[nH]2)n1)(N1CCOCC1)=O
-22.47    -22.32      0.19      0.70      c1c(Oc2ccc(CN3CCC(C(N)=O)CC3)cc2)ccc(OC)c1
-30.56    -30.55     -9.55      0.66      c12ccc(-c3c(-c4cnc(OC)cc4)c(=O)n(C)n3C)nc1cncc2
Human-Component   raw_Human-Component
0.7735632061958313   0.7735632061958313   
0.452873557806015   0.452873557806015   
0.16781608760356903   0.16781608760356903   
0.7333333492279053   0.7333333492279053   
0.2885057330131531   0.2885057330131531   
0.7218390703201294   0.7218390703201294   
0.6540229916572571   0.6540229916572571   
0.29195401072502136   0.29195401072502136   
0.7034482955932617   0.7034482955932617   
0.6563218235969543   0.6563218235969543   

15:32:45: local_reinforcement_logger.timestep_report +41: INFO     
 Step 5   Fraction valid SMILES: 100.0   Score: 0.5000   Time elapsed: 6   Time left: 45.0
  Agent     Prior     Target     Score     SMILES
-25.44    -25.73     -3.27      0.70      S(c1ccccc1)(N1CCN(CC(COc2c(C(CCc3ccc(F)cc3)=O)cc(F)cc2)O)CC1)(=O)=O
-36.99    -37.11    -18.91      0.57      C(OC(=O)NC(C(NC(C(=O)NC(C=O)C(NC(CC(=O)[O-])N)Cc1ccccc1)=O)CC(C)C)=O)(C)(C)C
-23.70    -23.64     -1.34      0.70      C1N(c2cc(Cl)cc(Cl)c2)CCN(CCCCCC(=O)NCc2ccccc2)C1
-24.99    -24.89    -12.23      0.40      N(CC)(CCNC(=O)c1ccc2c(c1)[nH]c(=O)n(CCc1ccccc1)c2=O)CC
-21.20    -21.18     -7.62      0.42      O=S(N(C)C)(c1ccc(OCc2ccccc2)cc1)=O
-35.19    -35.10    -18.72      0.51      O1C(CN)(C)CC(=O)c2cccc(-c3ccc(Cl)cc3)c21
-36.20    -36.36    -15.51      0.65      C(c1cc2c(c(O)c1)C1CC(C(O)C(=C)C)CCC1C(C)(C)O2)#Cc1cccc(Cl)c1
-20.44    -20.42     -5.93      0.45      o1c(-c2ccncc2)nnc1-n1c(C)cc(C)n1
-20.34    -20.44     -2.48      0.56      N#Cc1cc(Cl)c(SC2C(=O)CC(c3ccccc3)CC2=O)cc1
-26.72    -26.75     -7.69      0.60      C(CN1CCNCC1)CCOc1cccc(-c2oc3c(c(=O)c2)cccc3)c1
Human-Component   raw_Human-Component
0.7021505236625671   0.7021505236625671   
0.5688171982765198   0.5688171982765198   
0.6967741847038269   0.6967741847038269   
0.3956989347934723   0.3956989347934723   
0.4236559271812439   0.4236559271812439   
0.5118279457092285   0.5118279457092285   
0.6516128778457642   0.6516128778457642   
0.45268815755844116   0.45268815755844116   
0.5612903237342834   0.5612903237342834   
0.5956989526748657   0.5956989526748657   

15:32:46: local_reinforcement_logger.timestep_report +41: INFO     
 Step 6   Fraction valid SMILES: 96.9   Score: 0.4844   Time elapsed: 7   Time left: 44.0
  Agent     Prior     Target     Score     SMILES
-30.45    -30.46     -6.44      0.75      C(c1cnc(S(=O)(=O)Nc2cc(Cl)ccc2O)cc1)#C
-27.13    -27.49    -13.85      0.43      C(Nc1c(C(C)=O)c(C)cs1)(COc1ccc(Cl)cc1)=O
-30.82    -30.78    -22.80      0.25      c12ccccc1c(=NC(=O)Nc1ccc(N(C)C)cc1)[nH]c(-c1cc(OC)c(OC)cc1)n2
-30.35    -30.31     -7.80      0.70      N1(CCOC)CCN(C(COc2c(C)cc(S(=O)(=O)NC(C)C)cc2)=O)CC1
-23.80    -23.74     -5.39      0.57      c1(NC(NCCCCCCCCC=CCCCCCCCC)=O)cc([N+]([O-])=O)c(F)cc1
-23.77    -23.80     -8.83      0.47      Oc1cc(O)c(C(COC(=O)c2ccc(N)cc2)=O)cc1
-38.19    -38.42    -16.65      0.68      C(Nc1cc(C(=O)N=c2c3ccc(C4CC4)cc3[nH]cn2)ccc1)CCN1CCCC1
-26.64    -26.56     -6.14      0.64      N1(c2[nH]c(=NCc3sccc3)c3c(n2)n(C)nc3)CCN(C)CC1
-38.99    -39.10    -27.26      0.37      N(=c1[nH]c(N(CCCN(C)C)C)c2c(cc([N+](=O)[O-])cc2)n1)C(CCl)=O
-32.46    -32.45    -22.92      0.30      c1(=O)n(C(C)C)nnc2ccc(=Nc3cc[nH]n3)[nH]c12
Human-Component   raw_Human-Component
0.7505747079849243   0.7505747079849243   
0.42643678188323975   0.42643678188323975   
0.24942529201507568   0.24942529201507568   
0.7034482955932617   0.7034482955932617   
0.5735632181167603   0.5735632181167603   
0.4678160846233368   0.4678160846233368   
0.6804597973823547   0.6804597973823547   
0.6379310488700867   0.6379310488700867   
0.3701149523258209   0.3701149523258209   
0.2977011501789093   0.2977011501789093   

15:32:47: local_reinforcement_logger.timestep_report +41: INFO     
 Step 7   Fraction valid SMILES: 93.8   Score: 0.4688   Time elapsed: 8   Time left: 43.0
  Agent     Prior     Target     Score     SMILES
-40.73    -40.71    -19.59      0.66      O=C(C(C(C)(C)C)NC(=O)C(NC(c1ccc(-c2ccc(NC(=O)C)cc2)cc1)=O)CCSC)c1n(C)ccc1
-24.29    -24.29    -17.16      0.22      c1c(COC(=O)NC(CC(O)C(NC(=O)OCc2ccccc2)Cc2ccccc2)Cc2ccccc2)ccc(-c2ccccc2)c1
-24.56    -24.48    -22.67      0.06      c1c(C(Nc2cc3c(=O)cc(C(=O)O)oc3cc2)=O)ccc(C)c1
-31.07    -30.97    -14.45      0.52      s1ccn(CC(N(C)Cc2ccccc2)=O)c1=NC(=O)c1nccnc1
-22.19    -22.36     -9.23      0.41      C1N(c2cnc3c(n2)C(=O)C=C(OC)C3=O)CCOC1
-25.22    -25.29     -3.42      0.68      c1c(C(F)(F)F)cc([N+](=O)[O-])c(N2C(C#N)CCC2)c1
-27.54    -27.53    -12.09      0.48      N(=c1[nH]c(=NN=Cc2ccc([N+](=O)[O-])cc2)[nH]cc1Cl)c1c(=O)n(-c2ccccc2)n(C)c1C
-39.54    -39.39    -26.74      0.40      O=C1c2ccccc2C(=O)C1(NC(C(NC(C(O)=O)c1ccccc1)=O)C)c1c[nH]c2ccccc12
-16.79    -16.80      1.84      0.58      C1(C#N)C(=O)NC(=O)C(C#N)C12CCCCC2
-31.72    -32.14    -16.89      0.48      c1(NC(=O)Nc2c(Cl)cc(C)cc2)c(C(O)=O)sc(-c2ccc(OCC)cc2C)c1
Human-Component   raw_Human-Component
0.6600984930992126   0.6600984930992126   
0.22290641069412231   0.22290641069412231   
0.05665024742484093   0.05665024742484093   
0.5160098671913147   0.5160098671913147   
0.41009852290153503   0.41009852290153503   
0.6834975481033325   0.6834975481033325   
0.48275861144065857   0.48275861144065857   
0.39532020688056946   0.39532020688056946   
0.5825123190879822   0.5825123190879822   
0.4766009747982025   0.4766009747982025   

15:32:48: local_reinforcement_logger.timestep_report +41: INFO     
 Step 8   Fraction valid SMILES: 100.0   Score: 0.5000   Time elapsed: 10   Time left: 46.7
  Agent     Prior     Target     Score     SMILES
-18.91    -18.93    -11.67      0.23      c1c(=NC(Nc2c(OC)cc(OC)c(Cl)c2)=O)cc[nH]c1
-26.98    -27.22    -18.10      0.28      c1nn(CCC(=O)NNC(=O)Nc2cc(Cl)c(Cl)cc2)c(C)c1
-28.37    -28.27     -4.39      0.75      C(O)(c1cc(Br)ccc1F)CNC(=O)c1ccc(OC)cc1
-35.18    -35.03    -13.49      0.67      c1c(-n2cnc(-c3cnn(C)c3)c2)c2c(C(F)(F)F)nn(-c3ccc(C4C(C(=O)OC)=CCCC4)cc3)c2nc1
-28.10    -28.21    -16.96      0.35      c1(-c2ccccc2)cc(=O)c2c(O)ccc(CC(Nc3ccc(CCCC)cc3)=O)c2o1
-36.89    -37.04    -15.19      0.68      c1c(Cl)c(=NCCNC(=O)C2CC2)c2cc(-c3cc(F)c(C#N)cc3)ccc2[nH]1
-25.49    -25.33     -4.51      0.65      c1(C(O)CNCCCCCCCCCCCCCC)csc(=N)[nH]1
-23.60    -23.71    -13.39      0.32      O=C(COC(c1c(=O)[nH]ccc1)=O)N(C)C1CCCCC1
-29.30    -29.37    -22.59      0.21      C1(=COS(=O)(=O)c2ccc(C)cc2)Oc2c(cc(OC(=O)C)cc2)C1=O
-30.50    -30.49    -14.87      0.49      c1(CN(S(=O)(c2ccc(C)cc2)=O)C2Cc3cc(SC(C)(C)C(O)=O)ccc3C2)cccc(F)c1
Human-Component   raw_Human-Component
0.2268817275762558   0.2268817275762558   
0.2849462330341339   0.2849462330341339   
0.7462365627288818   0.7462365627288818   
0.6731182932853699   0.6731182932853699   
0.3516128957271576   0.3516128957271576   
0.6827957034111023   0.6827957034111023   
0.6505376100540161   0.6505376100540161   
0.32258063554763794   0.32258063554763794   
0.21182796359062195   0.21182796359062195   
0.4881720542907715   0.4881720542907715   

15:32:49: local_reinforcement_logger.timestep_report +41: INFO     
 Step 9   Fraction valid SMILES: 100.0   Score: 0.5000   Time elapsed: 11   Time left: 45.1
  Agent     Prior     Target     Score     SMILES
-22.19    -22.26    -10.39      0.37      NC(C(=O)O)CSC(Nc1cccc(Cl)c1)=N
-41.18    -41.50    -30.66      0.34      O(c1c2c(c(N(CC)CC)cc1)nc1c(c(=N)[nH]n1Cc1c(C)cc(C)cc1C)n2)C
-21.98    -21.95      1.21      0.72      c1c(Br)cccc1-c1c[nH]c(=NCCCC)[nH]1
-19.70    -19.75      1.75      0.67      c1cc(-c2ccccc2)cc(-c2cccnc2)c1
-25.19    -25.02     -5.57      0.61      s1cc[nH]c1=NC(CSc1cccc2c1cccc2)=O
-18.53    -18.34      1.86      0.63      c1c(C2OCCCC2)cccc1
-29.14    -29.13    -16.09      0.41      C(c1sccc1)N(c1cccc(C)c1)C(=O)COc1ccc(C)nc1[N+]([O-])=O
-42.63    -42.79    -31.47      0.35      n1c2c(N(C(=O)c3ccccn3)Cc3c(Cl)cccc3)nccc2[nH]c1-c1c(C#N)cccc1F
-45.78    -45.92    -32.36      0.42      N(C(c1sc2c(cccc2)c1)=O)(CCCCCCN(C(=O)c1nnsc1)c1ccc(OC)cc1OC)c1ccccc1OC
-20.92    -20.87     -6.69      0.44      O=C1N(c2ccc(N3C(=O)OC(CNC(=O)c4ccc(Cl)s4)C3)cc2)CCC1
Human-Component   raw_Human-Component
0.3709677457809448   0.3709677457809448   
0.33870968222618103   0.33870968222618103   
0.7236559391021729   0.7236559391021729   
0.6720430254936218   0.6720430254936218   
0.6075268983840942   0.6075268983840942   
0.6311827898025513   0.6311827898025513   
0.4075268805027008   0.4075268805027008   
0.3537634313106537   0.3537634313106537   
0.4236559271812439   0.4236559271812439   
0.44301074743270874   0.44301074743270874   

15:32:51: local_reinforcement_logger.log_message +32: INFO     Resetting Agent
15:32:51: local_reinforcement_logger.log_message +32: INFO     Adjusting sigma to: 82
15:32:51: local_reinforcement_logger.timestep_report +41: INFO     
 Step 10   Fraction valid SMILES: 96.9   Score: 0.4844   Time elapsed: 12   Time left: 43.6
  Agent     Prior     Target     Score     SMILES
-32.37    -32.21     -9.37      0.71      Cc1c2c(cccc2OC)n(CCOC)c1-c1ccc(OCCCN2CCCCC2)cc1
-36.17    -35.83    -30.72      0.16      OCc1ccc(NC(=O)C(Sc2scnn2)c2ccco2)c(OC)c1
-27.26    -27.32     -5.07      0.70      C1(C)=NC(C)=C(C#N)C(c2cccc(O)c2)C1C(N=c1[nH]c2c(s1)cccc2)=O
-22.91    -22.82    -12.59      0.32      c12nc(-c3cccc(NC(C(C)C)=O)c3)cn1c(C)ccc2
-27.46    -27.43    -20.34      0.22      O=S(Nc1ccccc1)(c1cccc(C(N(c2cc[nH]n2)C)=O)c1)=O
-27.44    -27.56    -23.77      0.12      C(C)(C)(c1ccc(NC(CCC(NNS(=O)(=O)c2ccccc2)=O)=O)cc1)C
-26.20    -26.37     -5.15      0.66      C(C(c1ccc(OC(C)=O)cc1)=O)Sc1ccc(Br)cc1
-42.89    -42.58    -24.45      0.57      S(C)(=O)(=O)CC=CC(NC(=O)C(NC(=O)CCc1ccccc1)CC(C)C)C(NC(C(=O)O)CC[S+]([O-])C)=O
-27.35    -27.32    -18.42      0.28      FC(F)(c1cc(=O)[nH]c2ccc(NC(Nc3ccc(OCc4ccccc4)cc3)=S)cc12)F
-23.60    -23.82     -1.46      0.70      c1(Cl)cc(Cl)cc(NN=C(C(=O)OCC)Cl)c1
Human-Component   raw_Human-Component
0.7137930989265442   0.7137930989265442   
0.15977011620998383   0.15977011620998383   
0.6954023241996765   0.6954023241996765   
0.31954023241996765   0.31954023241996765   
0.2218390852212906   0.2218390852212906   
0.11839080601930618   0.11839080601930618   
0.6632183790206909   0.6632183790206909   
0.5666666626930237   0.5666666626930237   
0.2781609296798706   0.2781609296798706   
0.6988505721092224   0.6988505721092224   

15:32:52: local_reinforcement_logger.timestep_report +41: INFO     
 Step 11   Fraction valid SMILES: 100.0   Score: 0.5000   Time elapsed: 14   Time left: 45.5
  Agent     Prior     Target     Score     SMILES
-24.34    -24.34    -24.34      0.00      N(c1cc(-c2nc3ncccc3o2)ccc1C)C(=O)c1ccccn1
-29.23    -29.23     15.83      0.55      c1(Br)ccccc1S(=O)(=O)N1CCC(C(N=Nc2c(O)[nH]c3c2cccc3)=O)CC1
-26.19    -26.19     -3.62      0.28      c1cccc(CCN(C)C(=O)c2cc(Cc3sc(=O)[nH]c3O)ccc2OC)c1
-22.72    -22.72     21.19      0.54      c1(-c2ccc(OCC(C)C)c(C#N)c2)nc(=NC)[nH]cc1
-29.68    -29.68    -14.78      0.18      C1COC(=O)c2n1c(C1CCCCC1)c(-c1ccccc1)n2
-38.79    -38.79     17.55      0.69      c1cccc(SCCOc2cccc(CN(CC=CCNCCc3cc(OC)c(OC)cc3)C(C)=O)c2)c1
-26.57    -26.57     21.84      0.59      C(c1c(OC)cc(OC)c(OC)c1)=C1C(=O)C(=Cc2ccc(OC)c(OC)c2)CN(CC)C1
-25.81    -25.81      5.94      0.39      c1cc(CC2N(CCc3c4c(cccc4)ccc3)C(=O)N(CCCCCN)C(Cc3ccccc3)C(O)C2O)ccc1
-29.27    -29.27     22.48      0.63      N1=C(c2cc3cc(-c4cc(C5=NCCCN5)ccc4)sc3nc2)NCC1
-35.87    -35.87     -6.33      0.36      c1c(=Nc2cccc(NC(CNCCOC)=O)c2)c2c(cc(OCCCN3CCCC3)nc2)[nH]c1
Human-Component   raw_Human-Component
0.0   0.0   
0.5494623780250549   0.5494623780250549   
0.2752688229084015   0.2752688229084015   
0.5354838967323303   0.5354838967323303   
0.18172043561935425   0.18172043561935425   
0.6870967745780945   0.6870967745780945   
0.5903225541114807   0.5903225541114807   
0.3870967626571655   0.3870967626571655   
0.6311827898025513   0.6311827898025513   
0.36021506786346436   0.36021506786346436   

15:32:53: local_reinforcement_logger.timestep_report +41: INFO     
 Step 12   Fraction valid SMILES: 96.9   Score: 0.4844   Time elapsed: 15   Time left: 43.8
  Agent     Prior     Target     Score     SMILES
-24.99    -24.96     36.21      0.75      c1(OCCc2cccc(N3C(N)=NC(N)=NC3(C)C)c2)c(Cl)cccc1Cl
-28.81    -28.78     25.69      0.66      n1c(O)c(C=Nc2[nH]c3ccccc3n2)c(=O)n(CCCC)c1C
-31.35    -31.35     18.98      0.61      [O-][N+](=O)c1sc(C=C2C(=O)NC(=NOc3ccc(F)cc3)C2=O)cc1
-22.98    -22.97     20.57      0.53      c1(C(=O)C#Cc2ccccn2)ccc(OC)cc1
-40.39    -40.28    -40.28      0.00      n1(Cc2ccccc2)c(C)c(C(N2CC(O)C2)=O)c2c(O)c(-c3ccccc3)cn(C)c2c1=O
-37.04    -37.06     -6.33      0.37      c1nc2c(c(S(=O)(=O)c3cc(Cl)ccc3)nn2CC(=O)N)cc1OC
-24.46    -24.39     25.75      0.61      c1(=O)c2c([nH]c(-c3cc(C(C)(C)C)cc(C(C)(C)C)c3)n1)CCC2
-26.72    -26.70     13.17      0.49      O(c1cc2c(cc1)CC(C)(C)O2)CC(=O)Nc1ccc(F)cc1
-23.99    -23.97     22.40      0.57      c1(C(N)=O)cc(N=c2[nH]c(N3CCCC3)nc3c2CCN(c2c(C(F)(F)F)cccn2)CC3)ccc1
-27.27    -27.25     -0.39      0.33      c12c(OC)cc(O)cc1OC(=Cc1ccc(C)cc1)c1c-2c(O)c2c(cccc2)c1O
Human-Component   raw_Human-Component
0.745976984500885   0.745976984500885   
0.6643677949905396   0.6643677949905396   
0.6137930750846863   0.6137930750846863   
0.5310344696044922   0.5310344696044922   
0.0   0.0   
0.37471264600753784   0.37471264600753784   
0.611494243144989   0.611494243144989   
0.48620688915252686   0.48620688915252686   
0.565517246723175   0.565517246723175   
0.32758620381355286   0.32758620381355286   

15:32:55: local_reinforcement_logger.timestep_report +41: INFO     
 Step 13   Fraction valid SMILES: 96.9   Score: 0.4844   Time elapsed: 16   Time left: 42.3
  Agent     Prior     Target     Score     SMILES
-28.95    -29.01    -24.11      0.06      CC(OC(c1c(OC)c(OCC)cc(N=Nc2ccccc2)c1)=O)C
-33.84    -33.81      3.70      0.46      O=C(CCc1onc(-c2cc3c(cc2)C(CC)(CC)OC3=O)n1)NC
-25.43    -25.45     19.70      0.55      O=S(c1sc(Br)cc1)(=O)NCCSCc1ccccc1F
-24.95    -24.93     -6.84      0.22      N(N=Cc1ccc([N+](=O)[O-])cc1)C(=O)c1c(-c2cnccc2)n(-c2c(=N)[nH]on2)nn1
-20.92    -20.98     39.53      0.74      C1(n2c3c(c(=N)[nH]cn3)nc2)CC(CO)CCC1
-29.10    -29.08     30.77      0.73      C1C(c2[nH]c3c(cc(Cl)c(Cl)c3)n2)CCN(CCCCOc2ccc(=O)n(-c3ccccc3)n2)C1
-34.95    -35.19     22.49      0.70      c1cc(NS(=O)(=O)CC)cc(N2CCCN(CCCCNC(=O)CCc3ccccc3)CC2)c1
-33.17    -33.03      2.41      0.43      FC(c1c[nH]c(=Nc2c(C)cc(C3CCN(C(=O)C4(C#N)CC4)CC3C)cc2)[nH]c1=NC)(F)F
-32.68    -32.77     22.84      0.68      C1CN(C(c2ccc3c(nnn3C)c2)=O)CCN1C1c2cc(F)ccc2C(C)(C)CC1
-21.63    -21.56     23.02      0.54      Brc1cc(C(C2(NC(=O)c3ccccc3)CCCC2)=O)ccc1
Human-Component   raw_Human-Component
0.059770114719867706   0.059770114719867706   
0.45747125148773193   0.45747125148773193   
0.5505747199058533   0.5505747199058533   
0.22068965435028076   0.22068965435028076   
0.7379310131072998   0.7379310131072998   
0.7298850417137146   0.7298850417137146   
0.7034482955932617   0.7034482955932617   
0.4321839213371277   0.4321839213371277   
0.6781609058380127   0.6781609058380127   
0.5436781644821167   0.5436781644821167   

15:32:56: local_reinforcement_logger.timestep_report +41: INFO     
 Step 14   Fraction valid SMILES: 100.0   Score: 0.5000   Time elapsed: 18   Time left: 43.2
  Agent     Prior     Target     Score     SMILES
-26.72    -26.65     32.43      0.72      [nH]1cc(C(c2[nH]c3c(c2)cc(OC(C)C)cc3)=O)c2ccccc12
-22.43    -22.46     24.45      0.57      c1(NCCc2cccs2)[nH]c(C)nc(=O)c1C#N
-24.96    -24.87      0.79      0.31      CSc1ccccc1NC(=O)CN(CC(=O)Nc1ccccc1C(F)(F)F)CC
-36.44    -36.28    -22.79      0.16      O=S(=O)(c1c(C(NCC2CCNCC2CC(C)(C)C)=O)cccc1)N1CCCC1
-25.31    -25.32      7.04      0.39      c1(NC(=S)N=c2[nH]c(C)cs2)c(CC)cccc1CC
-29.79    -29.66     27.30      0.69      c1cncn1-c1ccc2nc(C3(C(=N)N)CC3)ccc2c1
-32.78    -32.76    -21.12      0.14      C(CNC(c1nccnc1)=O)#Cc1cc2c(nc1)OC(CN(C(=O)NCC)C)C(C)CN(C(C)CO)C2=O
-22.54    -22.56     26.20      0.59      c1(F)c(CNc2cc(O)n(-c3ccccc3)c2O)cccc1
-19.91    -19.85     34.19      0.66      c1c(O)ccc(C(O)CNC(CC)C)c1
-16.84    -16.89     31.87      0.59      CN(C)c1ccc(C=NNC(=O)c2ccncc2)cc1
Human-Component   raw_Human-Component
0.7204301357269287   0.7204301357269287   
0.5720430016517639   0.5720430016517639   
0.3129032254219055   0.3129032254219055   
0.1645161360502243   0.1645161360502243   
0.39462366700172424   0.39462366700172424   
0.6946236491203308   0.6946236491203308   
0.14193548262119293   0.14193548262119293   
0.5946236848831177   0.5946236848831177   
0.6591398119926453   0.6591398119926453   
0.5946236848831177   0.5946236848831177   

15:32:58: local_reinforcement_logger.timestep_report +41: INFO     
 Step 15   Fraction valid SMILES: 96.9   Score: 0.4844   Time elapsed: 19   Time left: 41.6
  Agent     Prior     Target     Score     SMILES
-32.81    -33.15     23.97      0.70      c1c2c(n(Cc3cc4c(cc3)OCO4)c(C(O)=O)c2CCN2CCC(c3ccc(Cl)cc3)(O)CC2)ccc1Cl
-32.26    -32.14     13.67      0.56      c1ccc(C)cc1C(NC(C)=O)c1cc2c(cc1C)C(C)(C)CCC2(C)C
-23.29    -23.33     13.33      0.45      c1(OC)c(C2C3C(=CC(C)(C)CC3=O)OC(=N)C2C#N)ccc(N(C)C)c1
-21.91    -21.83     22.47      0.54      C(Cc1ccc(OC)cc1)C(N=c1[nH]cc(Br)cc1)=O
-24.84    -24.65      0.79      0.31      c1c2ccccc2cc2c(C(O)=O)c3c(nc12)CCCC3
-26.30    -26.29      6.70      0.40      NC(C(=O)NC(C(=O)OCC)CCC(=O)N)CC
-24.19    -24.10     25.67      0.61      c1c(-c2cc3c(cc2)o[nH]c3=N)cccc1Cl
-25.11    -25.18     19.21      0.54      c1cc(C)cc(NC(N2CCCC3(CCN(C(=O)C)C3)C2)=O)c1
-22.05    -22.14     23.29      0.55      C1CN(Cc2onc(-c3cnccn3)n2)CCN1c1ncccc1
-22.98    -22.85     13.72      0.45      c1cc(C)ccc1S(=O)(N=c1sc(C(CC)C)n[nH]1)=O
Human-Component   raw_Human-Component
0.6965517401695251   0.6965517401695251   
0.5586206912994385   0.5586206912994385   
0.44712644815444946   0.44712644815444946   
0.540229856967926   0.540229856967926   
0.3103448152542114   0.3103448152542114   
0.40229883790016174   0.40229883790016174   
0.6068965792655945   0.6068965792655945   
0.5413793325424194   0.5413793325424194   
0.5540229678153992   0.5540229678153992   
0.44597700238227844   0.44597700238227844   

15:33:00: local_reinforcement_logger.timestep_report +41: INFO     
 Step 16   Fraction valid SMILES: 100.0   Score: 0.5000   Time elapsed: 21   Time left: 42.0
  Agent     Prior     Target     Score     SMILES
-23.12    -22.90     30.88      0.66      c1ccccc1-c1ncc(C(OCC)=O)c(C(F)(F)F)c1
-24.77    -24.64     18.38      0.52      c1n(CC(C(C(CO)O)O)O)c2[nH]c(=N)[nH]c(=O)c2n1
-26.45    -26.28     27.33      0.65      C1(=N)NC(c2c(C(F)(F)F)cc(C#N)cc2)(c2ccc(OC(F)(F)F)cc2)C(=O)N1C
-41.66    -41.43    -17.54      0.29      c1(=Nc2cc(OC)c(Cl)c3ccc(-c4ccc(N)cc4)nc23)[nH]ccc2c1cccc2
-40.59    -40.71      7.70      0.59      c12c(c(Cc3[nH]c(=O)n(CCCCCn4nc(-c5cc(F)ccc5)nn4)c3O)c[nH]1)cc([N+]([O-])=O)cc2
-44.10    -43.92    -25.94      0.22      N(C(N1Cc2c[nH]c(=Nc3cccnc3)nc2C(C)C1)=O)CC(C)c1cc(Cl)c(Cl)cc1
-38.73    -38.49      8.25      0.57      C1(N(C(Nc2c(OC)cccc2)=O)C(C)=CC(C(=O)OC)(C)C)CC1
-36.32    -36.37     12.74      0.60      c1(-c2cc([N+]([O-])=O)ccc2)cc(Cl)c(C=CC(=O)C=CC=Cc2nccn2C)nc1
-30.04    -30.09     14.09      0.54      c1c(C(CC)N=c2[nH]c(-c3ccc(OC)c(OC)c3)nc(=O)[nH]2)ccc(Cl)c1
-23.26    -23.10     14.46      0.46      c1c(C(C)(C)C)ccc(C(COc2ccc([N+](=O)[O-])cc2)=O)c1
Human-Component   raw_Human-Component
0.6559139490127563   0.6559139490127563   
0.5247311592102051   0.5247311592102051   
0.6537634134292603   0.6537634134292603   
0.2913978397846222   0.2913978397846222   
0.5903225541114807   0.5903225541114807   
0.21935483813285828   0.21935483813285828   
0.5698924660682678   0.5698924660682678   
0.5989247560501099   0.5989247560501099   
0.5387097001075745   0.5387097001075745   
0.4580645263195038   0.4580645263195038   

15:33:01: local_reinforcement_logger.timestep_report +41: INFO     
 Step 17   Fraction valid SMILES: 100.0   Score: 0.5000   Time elapsed: 22   Time left: 40.3
  Agent     Prior     Target     Score     SMILES
-23.40    -23.63     37.21      0.74      c1(N=c2c3cnn(C)c3nc(Cl)[nH]2)ccc(CCCC)cc1
-27.05    -27.10     28.71      0.68      S(Cc1snc(C)c1Br)CCN(CC)CC
-21.04    -20.86     33.11      0.66      c1cc(-c2nc(-c3ccccc3)cc(C(=O)N3CCN(CCO)CC3)c2)ccc1
-31.27    -31.66     -4.24      0.33      c1(OCc2c(C)n(C)nc2C)c2c(C)c(C(OCC)=O)oc2cc(C)n1
-28.19    -28.05     19.65      0.58      c12c(cc(C#Cc3ccc4c(c3)C(CC(OCC)=O)C(C)N4)cc1)OCO2
-22.80    -23.09     26.73      0.61      C12c3c(O)n(CCCCN4CCN(c5cccc(Cl)c5Cl)CC4)c(O)c3C(C=C1)C2
-22.40    -22.66     -0.79      0.27      c1c(C)cc(-c2onc(-c3cc(CC)c(OCC(O)CNC(=O)CO)c(C)c3)n2)cc1C
-33.08    -32.68      9.11      0.51      c1(NCc2ccccc2)cc2c(cc(N=c3c4c(cccc4)[nH]c4ccccc34)cc2)cc1
-23.59    -23.48     18.76      0.52      c1(N2C(=O)c3c(cccc3)C2=O)c(C(NCC(C)C)=O)cccc1
-31.29    -31.38    -10.66      0.25      c1c(N(CC)CC)cc2c(c1)C(=O)c1ccc(Nc3cc(NC(=O)C4CCCO4)c(F)cc3)cc1OC2
Human-Component   raw_Human-Component
0.7419354915618896   0.7419354915618896   
0.6806451678276062   0.6806451678276062   
0.6580645442008972   0.6580645442008972   
0.33440861105918884   0.33440861105918884   
0.5817204117774963   0.5817204117774963   
0.6075268983840942   0.6075268983840942   
0.2666666805744171   0.2666666805744171   
0.5096774101257324   0.5096774101257324   
0.5150537490844727   0.5150537490844727   
0.2526881694793701   0.2526881694793701   

15:33:04: local_reinforcement_logger.timestep_report +41: INFO     
 Step 18   Fraction valid SMILES: 100.0   Score: 0.5000   Time elapsed: 25   Time left: 42.1
  Agent     Prior     Target     Score     SMILES
-29.95    -29.69     -2.44      0.33      Oc1cc(OCCN(C)C)cc(C(=O)c2ccc(OCC)cc2)c1
-21.68    -21.39     31.51      0.65      c1ccc2c(c1)C(c1ccc(C(C)=O)cc1)(O)C(=O)N2
-29.06    -29.36      5.29      0.42      c1(N=NC(=O)c2cccc(N)c2)c2c(cc(OC)cc2)n(CCCC)c1O
-35.08    -35.11      6.86      0.51      c1c2n(CCCNCc3c(OC(F)(F)F)cccc3)c(SCc3cccc(C(F)(F)F)c3)nc2ccc1
-26.48    -26.71     31.40      0.71      c1n(CCN=c2[nH]c(=NCCC)[nH]c(OC)n2)ccn1
-36.42    -36.16      4.40      0.49      c1(C(Nc2ccc(-n3nccc3)cc2)=O)ccc(CN2C3(CCC(C)CC3)N=C(c3ccc(F)cc3)C2=O)cc1
-24.41    -24.62     30.22      0.67      n1(C)c(CN2CCc3c(c(C4CCOC4)ncn3)CC2)ccn1
-33.13    -32.72     18.95      0.63      o1c(CCC(NC(c2ccc(Cl)cc2)c2cc(F)ccc2)=O)nc(C(O)=O)c1
-22.69    -22.48      5.29      0.34      N(Cc1cc(=O)c(O)co1)S(c1ccc(C)cc1)(=O)=O
-35.64    -35.25     10.60      0.56      c1c(CN=c2cccc(-c3[nH]c(=NCC4OCCCC4)ccc3)[nH]2)cc(C)c(C)n1
Human-Component   raw_Human-Component
0.33225807547569275   0.33225807547569275   
0.6451612710952759   0.6451612710952759   
0.42258065938949585   0.42258065938949585   
0.5118279457092285   0.5118279457092285   
0.7086021304130554   0.7086021304130554   
0.49462366104125977   0.49462366104125977   
0.6688172221183777   0.6688172221183777   
0.6301075220108032   0.6301075220108032   
0.33870968222618103   0.33870968222618103   
0.5591397881507874   0.5591397881507874   

15:33:06: local_reinforcement_logger.timestep_report +41: INFO     
 Step 19   Fraction valid SMILES: 100.0   Score: 0.5000   Time elapsed: 27   Time left: 41.9
  Agent     Prior     Target     Score     SMILES
-26.69    -26.58     23.42      0.61      C(NNC(c1cc([N+](=O)[O-])cn1C)=O)(c1ccc(S(=O)(=O)N(C)C)cc1)=O
-22.93    -22.86     30.05      0.65      c1cc2c(nc(C)c3nnc(-c4ccc(OC)cc4)n23)cc1
-28.83    -29.05     27.47      0.69      c1(N=c2c3c(nc(N4CCN(C)CC4)[nH]2)cc(C(O)=O)s3)cccnc1
-29.37    -29.64     15.07      0.55      n1(N2CCN(C)CC2)c(O)c(-c2ccc(NC(CNCC)=O)cc2)cc1O
-35.31    -35.15      6.91      0.51      c1(C)ccccc1C(C(c1c(C)[nH]c2c1cccc2)=O)N(CC=C)CC=C
-35.64    -35.80      6.34      0.51      O=S(=O)(CCN)NCCCNCC1CCC1O
-21.37    -21.61     28.21      0.61      C12CCN(NC1=O)C2
-20.83    -20.55     16.13      0.45      c1ccc(C(=O)Nc2c([N+]([O-])=O)cccc2)cc1
-29.27    -29.38      5.98      0.43      Fc1c(C(=O)c2n(CC)c(=O)[nH]c(=O)c2C(C)C)c(F)cc(-c2ccccc2)c1
-49.84    -49.94    -27.46      0.27      C(SC)CC(C(=O)NC(C(=O)NC(CCC(=O)N)CNC(N1CCOCC1)=O)Cc1ccccc1)NC(c1ccc(OC)cc1)=O
Human-Component   raw_Human-Component
0.6096774339675903   0.6096774339675903   
0.6451612710952759   0.6451612710952759   
0.6892473101615906   0.6892473101615906   
0.5451613068580627   0.5451613068580627   
0.5129032135009766   0.5129032135009766   
0.5139784812927246   0.5139784812927246   
0.6075268983840942   0.6075268983840942   
0.4473118185997009   0.4473118185997009   
0.4311828017234802   0.4311828017234802   
0.27419355511665344   0.27419355511665344   

15:33:08: local_reinforcement_logger.timestep_report +41: INFO     
 Step 20   Fraction valid SMILES: 100.0   Score: 0.5000   Time elapsed: 29   Time left: 41.4
  Agent     Prior     Target     Score     SMILES
-20.19    -20.17     37.40      0.70      N(=c1[nH]c(=N)c2c(cc(OC)c(OC)c2)[nH]1)CC
-34.92    -35.07     14.75      0.61      C1CCC(c2nc(-c3cc(OC)ccc3)cc(C(=O)NCCCO)c2C)CC1
-25.31    -25.49      9.51      0.43      Fc1ccc(C(NC(=O)c2cc3c(cc2)n(C2CCCC2)nn3)C)cc1
-24.40    -24.73     15.30      0.49      c1(CC#N)ccc(C2CN(C(=O)C)CCO2)cc1
-26.44    -26.69     24.45      0.62      C(OCC(O)=O)C1=CCC(N(CCC)CCCCCCCC)CC1
-24.77    -24.82     23.67      0.59      c1c(CC2CCN(C(=O)Cn3cc(C(C)=O)c4ccccc34)CC2)ccc(F)c1
-34.58    -34.43     -5.69      0.35      CC(c1cc(C)ccc1OCC(=O)NS(=O)(c1c(OC(F)(F)F)cc(Br)cc1)=O)=O
-34.28    -34.17     -9.66      0.30      C(C)(OC(=O)N(C)c1ccc(C(=O)NCC2N3CCC(C2)C(CC)C3)cc1)(C)C
-26.64    -26.16     15.72      0.51      c1cccc(CC(NC(C2(NC(c3oc4ccccc4c3)=O)CCCC2)=O)C(=O)N(C)Cc2ccccc2)c1
-31.09    -31.26     20.94      0.64      c12ccc(N=c3[nH][nH]c(-c4cc(C#N)ccc4)c3)cc1CCCN2CCN(C)C
Human-Component   raw_Human-Component
0.7021505236625671   0.7021505236625671   
0.6075268983840942   0.6075268983840942   
0.42688173055648804   0.42688173055648804   
0.4881720542907715   0.4881720542907715   
0.6236559152603149   0.6236559152603149   
0.5913978219032288   0.5913978219032288   
0.35053762793540955   0.35053762793540955   
0.2989247441291809   0.2989247441291809   
0.5107526779174805   0.5107526779174805   
0.6365591287612915   0.6365591287612915   

15:33:10: local_reinforcement_logger.timestep_report +41: INFO     
 Step 21   Fraction valid SMILES: 100.0   Score: 0.5000   Time elapsed: 31   Time left: 40.9
  Agent     Prior     Target     Score     SMILES
-29.65    -29.85     14.94      0.55      n1(O)c(C)c(CCC(=O)OCC)c2cc([N+](=O)[O-])ccc12
-25.61    -25.88     21.47      0.58      C1CN2C(=N1)c1c(ccc([N+]([O-])=O)c1)S(=O)(=O)N2CCCC
-44.63    -44.24     -8.97      0.43      c1c(O)ccc(C=C2c3c(c(-c4ccc(O)cc4)c(-c4ccccn4)n3-c3ccccc3F)C(C)(C)C2)c1
-29.43    -28.99     24.97      0.66      c12c(ccc(-c3ccccc3CC)c1)C(C(C(O)=O)C)CC2
-27.74    -27.91     -9.92      0.22      CC1(C)CC(=O)C2=C(N(CC(OCC)=O)C(=O)C2(c2ccc(Br)cc2)C)C1
-26.59    -26.52     24.88      0.63      o1c(C(=O)NS(c2cc(F)ccc2F)(=O)=O)cc2ccccc12
-42.39    -42.06     -7.24      0.42      C1C(c2ccc(-c3cnc(=NC(C)C)[nH]c3)nc2)C(C(=O)N(C)C)CN1C(c1[nH]c(O)cc1)O
-21.21    -21.24     27.43      0.59      O=C(Nc1ccc(N(CCCl)CCCl)cc1)CCN1CCCCC1
-44.72    -44.57      2.78      0.58      C12(C)C(O)c3n(CC)ncc3CC1CCC(OC(=O)CC)C2C(=O)OC
-48.42    -48.76    -20.98      0.34      O=[N+]([O-])c1ccc(C(=NNC(N)=O)CCC(=O)NNc2cnn(Cc3cccc(Cl)c3)c2C)s1
Human-Component   raw_Human-Component
0.5462365746498108   0.5462365746498108   
0.5774193406105042   0.5774193406105042   
0.4301075339317322   0.4301075339317322   
0.6580645442008972   0.6580645442008972   
0.21935483813285828   0.21935483813285828   
0.6268817186355591   0.6268817186355591   
0.42473119497299194   0.42473119497299194   
0.5935483574867249   0.5935483574867249   
0.5774193406105042   0.5774193406105042   
0.33870968222618103   0.33870968222618103   

15:33:12: local_reinforcement_logger.timestep_report +41: INFO     
 Step 22   Fraction valid SMILES: 96.9   Score: 0.4844   Time elapsed: 33   Time left: 40.2
  Agent     Prior     Target     Score     SMILES
-30.17    -30.37     28.45      0.72      [nH]1c(=NCC2CCCCC2)c2c(cc[nH]2)c2ccc(F)cc12
-37.24    -37.54     -3.32      0.42      c1c(SC2(CNC(=O)C3(c4cc(F)c(NS(=O)(C)=O)cc4)CCC3)CC2)ccc(F)c1
-20.67    -20.60      2.87      0.29      c1(=NC(=O)Nc2ccc(Cl)cc2Cl)nc(C)cc(C)[nH]1
-24.09    -24.24    -13.77      0.13      c1c(NC(CSc2n(C)c(C(C)C)nn2)=O)ccc(S(N2CCCC2)(=O)=O)c1
-48.31    -48.41    -30.69      0.22      C1C2C(C(O)C1N=c1c(N=[N+]=[N-])c(C#N)[nH]cn1)CC(O)C2COC(CCCCCCC)=O
-25.96    -26.35     33.69      0.73      O1c2c(OC)c(O)cc(OC)c2CC(N)C1CO
-32.99    -33.36    -33.36      0.00      c1c2cc(CN3CCN(c4c(=NCCC)[nH]c5c([nH]4)cc(Br)cc5)CC3)ccc2ccc1
-22.51    -23.17     32.91      0.68      C1CN(CCCCCCN2CCN(c3cccc(Cl)c3)CC2)CCN1c1ccccn1
-36.27    -36.48     -3.12      0.41      C(C(NC(c1n(C)c2c(c(=O)n3c(cccc3)n2)n1)=O)CCSC)(Nc1ccc(CC)cc1)=O
-27.07    -27.08     25.99      0.65      c1c(CC(NC(c2ccccc2)=O)C(=O)OC)ccc(OCCCCOc2ccccc2)c1
Human-Component   raw_Human-Component
0.7172414064407349   0.7172414064407349   
0.4172413647174835   0.4172413647174835   
0.2862069010734558   0.2862069010734558   
0.12758620083332062   0.12758620083332062   
0.21609196066856384   0.21609196066856384   
0.7321839332580566   0.7321839332580566   
0.0   0.0   
0.6839080452919006   0.6839080452919006   
0.40689656138420105   0.40689656138420105   
0.6471264362335205   0.6471264362335205   

15:33:14: local_reinforcement_logger.timestep_report +41: INFO     
 Step 23   Fraction valid SMILES: 96.9   Score: 0.4844   Time elapsed: 36   Time left: 40.5
  Agent     Prior     Target     Score     SMILES
-18.69    -18.71    -18.71      0.00      c1cccc(Nc2cc(=NC3CC3)n3ncc(=Cc4c(O)[nH]c(=O)[nH]4)c3n2)c1
-31.78    -32.41     29.80      0.76      C(C)CCCN1CCc2cc3c(cc2C1)CC1c2c(cc4c(c2)OCO4)CC1N3C
-22.18    -22.13     -4.97      0.21      c1ccsc1S(=O)(N1CCN(C(=O)CC(C)C)CC1)=O
-23.99    -24.53     35.88      0.74      CC1(C(Nc2ccc(Cl)cc2)=O)N(Cc2c(F)cccc2)CC1
-28.90    -28.82    -16.57      0.15      c1(Cl)c[nH]c(=Nc2cc([N+](=O)[O-])ccc2)c(C(=O)N)c1N
-29.24    -29.14     29.95      0.72      c1cc(F)ccc1N(C)C(=O)C1CCN(c2ncnc(Oc3ccccc3)c2)CC1
-22.15    -22.02     -4.59      0.21      C(NN=Cc1ccc(O)c(OC)c1)(c1c(-c2ccccc2)noc1C)=O
-32.23    -32.58     25.48      0.71      c1(-c2ccc(CC(C(O)=O)NC(N3CCC4(NC(=O)c5ccccc5C4)CC3)=O)cc2)ccncc1
-28.27    -28.30     15.90      0.54      C(NC(C1C(NCc2ccc(-c3ccccc3)cc2)CCC1)=O)c1cccc(Cl)c1
-28.32    -28.90     25.95      0.67      n1c(N=c2[nH]cc(C#N)cc2)ccc(N2CCCC2(C)C)n1
Human-Component   raw_Human-Component
0.0   0.0   
0.7586206793785095   0.7586206793785095   
0.20919540524482727   0.20919540524482727   
0.7367815971374512   0.7367815971374512   
0.14942528307437897   0.14942528307437897   
0.7206896543502808   0.7206896543502808   
0.21264368295669556   0.21264368295669556   
0.7080459594726562   0.7080459594726562   
0.5390804409980774   0.5390804409980774   
0.6689655184745789   0.6689655184745789   

15:33:17: local_reinforcement_logger.timestep_report +41: INFO     
 Step 24   Fraction valid SMILES: 90.6   Score: 0.4531   Time elapsed: 38   Time left: 39.5
  Agent     Prior     Target     Score     SMILES
-28.52    -27.92     30.33      0.71      c12c(cccc1)C1(C(=O)N2C=O)c2c(cccc2)NC1=O
-17.59    -17.86     44.07      0.76      ClCCN(CCCl)Cc1ccc(Cl)cc1
-39.89    -40.12    -40.12      0.00      c1ccc2c(-c3c(N=O)c4cc(C5C6CC6CC(C5)C4)cn3)c(O)[nH]c2n1
-35.58    -35.81     19.08      0.67      C1CC2CC1C(CN(CCc1ccc(O)cc1)Cc1nc3c(o1)cccc3)C2
-18.61    -18.49     27.71      0.56      FC(F)(F)c1cccc(-n2ncc(=O)[nH]c2=O)c1
-22.69    -22.68     23.96      0.57      c1c(Cl)c(Cl)cc(-c2nc3ccccc3c(=NC)[nH]2)c1
-28.83    -28.59     22.50      0.62      C(c1c(OC)nc(=N)[nH]c1-c1ccc(OC)cc1)C
-21.59    -22.16     28.28      0.62      C1C2CN(C)CC2CN1Cc1ccc(C)o1
-23.57    -23.39     18.26      0.51      n1c2c(ncn2C2OC(CO)CN(Cc3cccs3)C2)c(=NC(c2ccccc2)=O)[nH]c1
-23.17    -23.46     16.24      0.48      O=S(=O)(N1CCN(c2cc(C)nc3ncnn23)CC1)c1c(C)c(C)cc(C)c1C
Human-Component   raw_Human-Component
0.7103174328804016   0.7103174328804016   
0.7552909851074219   0.7552909851074219   
0.0   0.0   
0.6693121790885925   0.6693121790885925   
0.5634920597076416   0.5634920597076416   
0.5687830448150635   0.5687830448150635   
0.6230158805847168   0.6230158805847168   
0.6150793433189392   0.6150793433189392   
0.5079365372657776   0.5079365372657776   
0.4841269850730896   0.4841269850730896   

15:33:20: local_reinforcement_logger.timestep_report +41: INFO     
 Step 25   Fraction valid SMILES: 100.0   Score: 0.5000   Time elapsed: 41   Time left: 39.4
  Agent     Prior     Target     Score     SMILES
-23.05    -23.19     27.42      0.62      c1cc(Cl)cc2c1OCC(C(Nc1ccc(F)cc1)=O)C2
-33.62    -33.53     14.44      0.58      Cn1c(NCC(=O)NC(=O)NC2CCCC2)c(-c2ccccc2)ccc1=O
-30.11    -29.79     25.15      0.67      c1c(OC)ccc(-n2c(C3CCN(CC(C(=O)O)C)CC3)cc(C(F)(F)F)n2)c1
-23.70    -23.17     29.11      0.64      N(c1c(Nc2cccc(C(N(C)C)=O)c2O)c(=O)c1=O)c1ccccc1CC
-33.69    -33.44     16.02      0.60      c1(CO)ccc(-c2ccc(OCC(C(C)n3ccnc3)(C(C)C)O)cc2)cc1
-27.90    -28.15      0.68      0.35      [nH]1c(C2(C)ON=C(c3cnccc3)C2)nc2c1c1c(cc2)cccc1
-36.08    -36.31    -10.12      0.32      c1(CC(NC(=O)COc2ccccc2)C(NCC(=O)COc2c(OCC(=O)OC)cccc2)=O)ccccc1
-29.95    -30.15     16.32      0.57      C1C(CNC(=O)c2cc(N(c3cc(C)ncn3)C)ncn2)C1
-24.08    -24.91     27.38      0.64      C1Oc2c(ccc(NC3CNCC3)c2)C1
-32.89    -33.40     18.36      0.63      c1c(S(=O)(=O)NC2CCN(c3c(F)cc(-c4c(F)cccc4)cc3)C2=O)n(C)cn1
Human-Component   raw_Human-Component
0.6172043085098267   0.6172043085098267   
0.5849462151527405   0.5849462151527405   
0.6698924899101257   0.6698924899101257   
0.6376343965530396   0.6376343965530396   
0.603225827217102   0.603225827217102   
0.3516128957271576   0.3516128957271576   
0.3193548321723938   0.3193548321723938   
0.5666666626930237   0.5666666626930237   
0.6376343965530396   0.6376343965530396   
0.6311827898025513   0.6311827898025513   

15:33:23: local_reinforcement_logger.timestep_report +41: INFO     
 Step 26   Fraction valid SMILES: 100.0   Score: 0.5000   Time elapsed: 44   Time left: 39.1
  Agent     Prior     Target     Score     SMILES
-29.95    -29.55     16.92      0.57      NC(=O)c1cncc(NC(Cn2cnc(S(=O)(=O)N3CCCC3)c2)=O)c1
-38.95    -39.04      0.55      0.48      s1c(-c2cc(OCC(N)Cc3ccccc3)c(F)cc2)nc(-c2ccncc2)c1C(=O)NCCCN(C)C
-20.10    -19.80     24.11      0.54      c1c(C(=O)Nc2c(N3CCOCC3)cc(N3CCOCC3)cc2)cccc1
-23.76    -23.49     29.33      0.64      c1cc(C(=O)Nc2cn(C)c(C(NCCC(N)=N)=O)c2)cc(N)c1
-21.27    -20.92     26.25      0.58      c1(NC(C=CC(=O)N)=O)ccccc1
-58.45    -58.87    -33.82      0.31      c1cc(Cl)ccc1C1C2(C(=O)OC)C=NC3=CCC(C)CC3C2(c2ccc(Cl)cc2)OC1Cc1cccc([N+]([O-])=O)c1
-23.94    -23.97     10.85      0.42      c1(CNC(=O)CN(C(CCC(=O)N=c2cccc[nH]2)=O)CCC(C)C)ncccc1
-28.15    -28.37     14.84      0.53      c1(C(=O)NCc2c(C)ncc3c4c(cccc4)oc23)ccc(N2CCCC2)cc1
-20.01    -19.78     33.21      0.65      c1cc(O)cc2c1CC1C(C)C2(C)CCN1CC1CCOCC1
-21.52    -21.54     33.04      0.67      N(=Cc1ccccc1)C1CCN(Cc2ccccc2)CC1
Human-Component   raw_Human-Component
0.5666666626930237   0.5666666626930237   
0.48279568552970886   0.48279568552970886   
0.5354838967323303   0.5354838967323303   
0.6440860033035278   0.6440860033035278   
0.5752688050270081   0.5752688050270081   
0.3053763508796692   0.3053763508796692   
0.42473119497299194   0.42473119497299194   
0.5268816947937012   0.5268816947937012   
0.6462365388870239   0.6462365388870239   
0.6655914187431335   0.6655914187431335   

15:33:25: local_reinforcement_logger.timestep_report +41: INFO     
 Step 27   Fraction valid SMILES: 96.9   Score: 0.4844   Time elapsed: 46   Time left: 37.8
  Agent     Prior     Target     Score     SMILES
-27.81    -27.56     31.54      0.72      C1CC(N(c2c(C)c3c(cccc3)nc2)C)CCN1c1ncnc2[nH]ccc21
-36.73    -35.84     13.73      0.60      c1cc(N=Nc2ccccc2)c(O)c2c1C1(C)C(=O)N(CC=C(C)C)C(=O)NC12
-21.61    -21.61     31.64      0.65      c1cc(C(F)(F)F)ccc1NC(Nc1ccc(CN2CCOCC2)cc1)=O
-30.12    -29.88     20.64      0.62      [nH]1c2c(c(-c3cn(C)nc3)c[nH]c2=N)c(C2CN3C(=O)CCCC3CC2)c1
-29.39    -30.58     22.67      0.65      C1N(c2c3c(ccs3)n3nc(-c4ccccc4)cc3n2)CCC2(CN(CC3CC3)CC2)C1
-26.47    -26.28     20.57      0.57      C(CNC(=O)C(C)Sc1nc(-c2ccccc2)cc(-c2ccccc2)c1C#N)C
-32.00    -32.28     10.13      0.52      C1(=O)CCC(c2cc3c(cc2OC)CCN(CC(=O)NC(C)(C)C)C3Cc2ccc(OC)cc2)N1C
-23.46    -23.53     15.68      0.48      C1CC(c2n[nH]c(=S)n2N=Cc2cccs2)=COC1
-34.80    -34.01     -1.77      0.39      c1c(OC)ccc2c(O)n(C(C)C(=O)Nc3c(C(=O)OC)c(C)c(C(OC)=O)s3)c(O)c12
-23.40    -23.65     12.73      0.44      c1(C)ccsc1CNC(=O)c1cc(C)cc(C)c1
Human-Component   raw_Human-Component
0.7206896543502808   0.7206896543502808   
0.6045976877212524   0.6045976877212524   
0.6494252681732178   0.6494252681732178   
0.6160919666290283   0.6160919666290283   
0.6494252681732178   0.6494252681732178   
0.571264386177063   0.571264386177063   
0.517241358757019   0.517241358757019   
0.47816091775894165   0.47816091775894165   
0.3931034505367279   0.3931034505367279   
0.4436781704425812   0.4436781704425812   

15:33:27: local_reinforcement_logger.timestep_report +41: INFO     
 Step 28   Fraction valid SMILES: 100.0   Score: 0.5000   Time elapsed: 48   Time left: 36.4
  Agent     Prior     Target     Score     SMILES
-27.37    -27.55    -11.77      0.19      C(c1nc(-c2cc(OC)ccc2)no1)NCc1cc(OC)c(OCC)cc1
-37.49    -37.89     22.78      0.74      FC(F)(F)CCCN=c1ccn2[nH]c(N3c4c(cccc4)CCC3)nc2n1
-25.85    -26.03     -9.63      0.20      c1cc(-c2c(C)c(=O)c3cccc([N+]([O-])=O)c3[nH]2)c(F)cc1
-24.60    -24.34     34.20      0.71      C(Sc1ccc(Cl)cc1)C(NC(CCSC)C(=O)O)=O
-34.39    -34.25     -0.48      0.41      C1(C)=CC(=O)C(C)(c2cc(-c3ccccc3)sc2N)C1=O
-26.03    -25.92     20.02      0.56      C(=O)(C)N1CCC(CNS(=O)(=O)c2ccc(OC)c(OC)c2)CC1
-32.40    -33.38     24.46      0.71      c1[nH]c2ccc(-n3cnnc3)cc2c1CCN1CCC2(CN(Cc3csc(C)n3)CC2)CC1
-26.50    -26.83     27.57      0.66      Clc1ncc(CN2CCN3C(c4c3cccc4)C2)cc1
-32.36    -31.42     14.25      0.56      c12ccc(SC)cc1S(=O)(=O)N(C)c1c(cccc1C(O)=O)O2
-37.00    -37.45     13.08      0.62      c1cnc2n(nc(-c3cc(OCCN4CCOCC4)ccc3OC)c2)c1N=c1cc(C)[nH][nH]1
Human-Component   raw_Human-Component
0.19247311353683472   0.19247311353683472   
0.7397849559783936   0.7397849559783936   
0.20000000298023224   0.20000000298023224   
0.7139784693717957   0.7139784693717957   
0.411827951669693   0.411827951669693   
0.5602150559425354   0.5602150559425354   
0.7053763270378113   0.7053763270378113   
0.6634408831596375   0.6634408831596375   
0.5569892525672913   0.5569892525672913   
0.6161290407180786   0.6161290407180786   

15:33:30: local_reinforcement_logger.timestep_report +41: INFO     
 Step 29   Fraction valid SMILES: 100.0   Score: 0.5000   Time elapsed: 51   Time left: 35.7
  Agent     Prior     Target     Score     SMILES
-39.95    -40.18      7.88      0.59      C12C3(OC(C(=O)C4(C(=O)O)OC(C(C(CO)O)O)=O)C(C3)CCC4C)C3CC(CC(C1)C3)C2
-30.12    -31.58      8.10      0.48      C1CN(CCCCNC(=O)C2CCC3N(C(=O)c4cc(OC)c(OC)cc4)CCCC3C2)CC1
-26.48    -26.52     12.10      0.47      O=C(Oc1cc2c(cc1F)c(CC)cc(=O)o2)C
-22.19    -22.75     24.25      0.57      c1(C2NC(=O)N=C(CN3CCN(CCC)CC3)C2C(=O)OCC)ccc(OC)cc1
-26.28    -26.54     -5.73      0.25      C(CCCCCCC)CCCCN=c1[nH]nc(-c2ccccc2)c(-c2ccccc2)c1C(=O)OCC
-24.02    -24.05     25.85      0.61      c1cc(C=C2C(=O)c3ccccc3C2=O)cc[n+]1Cc1c(Cl)cccc1Cl
-31.08    -30.96     -1.86      0.35      c1(-c2c(C#N)c(Sc3c(F)cccc3)nc(SC(Nc3ccccc3)=N)n2)ccccc1
-30.49    -31.51     20.16      0.63      C1CC(CCN2Cc3c(cc(OS(=O)(C(F)(F)F)=O)cc3)CC2)CCC1N1CCC(N2CCCCC2)CC1
-23.24    -23.22      4.47      0.34      c1(C(=O)NS(=O)(=O)c2ccccc2-c2ccc(Cn3c(CCCC)nn(-c4ccccc4C(F)(F)F)c3=O)cc2)ccc(F)cc1
-64.72    -64.82    -46.21      0.23      c12c(c3c(c(OCc4ccc(CCN5CCOCC5)cc4)c1OC)ccc(OC)c3)C(=O)N(NC(C(CN(CCCCCC)CCCCC)=O)F)C2=O
Human-Component   raw_Human-Component
0.5860214829444885   0.5860214829444885   
0.4838709533214569   0.4838709533214569   
0.47096773982048035   0.47096773982048035   
0.573118269443512   0.573118269443512   
0.25376343727111816   0.25376343727111816   
0.6086021661758423   0.6086021661758423   
0.35483869910240173   0.35483869910240173   
0.6301075220108032   0.6301075220108032   
0.337634414434433   0.337634414434433   
0.2268817275762558   0.2268817275762558   

15:33:32: local_reinforcement_logger.timestep_report +41: INFO     
 Step 30   Fraction valid SMILES: 100.0   Score: 0.4652   Time elapsed: 53   Time left: 34.2
  Agent     Prior     Target     Score     SMILES
-31.73    -31.79      6.74      0.47      c1c(N=c2[nH]cnc(N3CCC(NCc4c(OC)cccc4)CC3)n2)cccc1S(=O)(=O)N
-43.56    -43.95     11.24      0.67      c12c(CCCCC)cccn1c1c(ncn(CCC(F)(C)F)c1=O)c2C#N
-36.11    -36.10     -3.65      0.40      Cc1c2c(=Nc3cccc(S(=O)(=O)NC)c3)nc[nH]c2ccc1N=NC(N)=S
-19.93    -20.03     29.26      0.60      c1(Nc2ccc(OC)cc2)cncnc1
-33.62    -33.47      1.45      0.43      c1ccccc1-c1c(CC(O)(CC)CC)c2n(cc(CC)cc2)n1
-24.82    -24.98    -11.14      0.17      C1CCN(C(CNC(=O)Nc2ccc(C(N)=O)cc2)c2ccc(OC)cc2)CC1
-29.17    -29.27     30.07      0.72      c1cccc2c1C(CCNCC1c3c(cccc3)CCC1)(O)c1ccccc1-2
-27.79    -28.56     24.88      0.65      C1(c2cc(Cl)ccc2)C(C(OC)=O)=CN(Cc2ccc(F)cc2Cl)C=C1C(OCC)=O
-26.57    -26.19      6.35      0.40      c1c(F)c(C(=O)O)cc2c1oc(-c1ccc(C)cc1)n2
-20.35    -20.11    -20.11      0.00      [N+]([O-])(c1c(N)c(C#N)c(Cl)c(C#N)c1Cl)=O
Human-Component   raw_Human-Component
0.4698924720287323   0.4698924720287323   
0.6731182932853699   0.6731182932853699   
0.3956989347934723   0.3956989347934723   
0.601075291633606   0.601075291633606   
0.42580646276474   0.42580646276474   
0.1688172072172165   0.1688172072172165   
0.7236559391021729   0.7236559391021729   
0.6516128778457642   0.6516128778457642   
0.39677420258522034   0.39677420258522034   
0.6279569864273071   0.6279569864273071   

15:33:36: local_reinforcement_logger.timestep_report +41: INFO     
 Step 31   Fraction valid SMILES: 96.9   Score: 0.4735   Time elapsed: 58   Time left: 34.4
  Agent     Prior     Target     Score     SMILES
-24.04    -24.40     35.73      0.73      C1Cc2c(sc(N=Cc3cc(Br)ccc3O)c2C#N)CN1C
-24.82    -25.20     30.31      0.68      c1(F)cc(C(=O)N2CCC3(CCC(O)CC3)CC2)ccc1
-24.21    -24.43    -14.34      0.12      c1(C=NNC(CSc2nc3ccccc3n2CC)=O)c(OC)cc(OC)cc1
-24.57    -24.71     28.64      0.65      c1c(Cl)ccc2c1c1c([nH]2)c(N2CCCC2)ncn1
-30.44    -31.23     19.57      0.62      C12N(c3ccc(C(N=c4cccc(C)[nH]4)=O)cn3)CC(CC1)N(CCC(F)(F)F)C2
-28.21    -28.53     -1.76      0.33      c1(CC2N(C(=O)Cc3cccc(OC(F)(F)F)c3)CCn3c(CC)nc(C)c32)nc(C)no1
-23.40    -23.68     23.92      0.58      c12c(cc(OC)cc1)C1(CCO2)C(=O)NC(=O)S1
-25.59    -25.32     20.20      0.56      c12cccc([N+](=O)[O-])c1[nH]cc2CCCCN(C)C
-21.71    -21.82     29.08      0.62      c1oc(-c2ccco2)nc1CN1CC(Cn2ncnc2)CCC1
-25.82    -25.95     20.23      0.56      c1(CN2CCN(C)CC2)ccc(N=c2c(C(=O)C3CCCC3)c[nH]c3ccc(-c4cc(OC)c(O)c(Cl)c4)cc32)cc1
Human-Component   raw_Human-Component
0.7333333492279053   0.7333333492279053   
0.6770114898681641   0.6770114898681641   
0.1229885071516037   0.1229885071516037   
0.6505746841430664   0.6505746841430664   
0.6195402145385742   0.6195402145385742   
0.3264367878437042   0.3264367878437042   
0.5804597735404968   0.5804597735404968   
0.5551724433898926   0.5551724433898926   
0.6206896305084229   0.6206896305084229   
0.5632184147834778   0.5632184147834778   

15:33:38: local_reinforcement_logger.timestep_report +41: INFO     
 Step 32   Fraction valid SMILES: 96.9   Score: 0.4844   Time elapsed: 60   Time left: 32.7
  Agent     Prior     Target     Score     SMILES
-34.08    -34.73     27.10      0.75      c1(CNC(c2sc3c(c2)CCN(c2cc(-c4n(C)c5c(cccc5)n4)sc2)C3)=O)c2c(cccn2)ccc1
-38.40    -37.58     21.52      0.72      O(C(=O)C1CC(C(=O)OC)N(C(C(C(C)C)NC(c2ccc(N3CCN(c4ccccc4F)CC3)cc2)=O)=O)C1)C
-33.42    -34.16    -12.39      0.27      c1(C)c(NC(c2[nH]cc(C#N)c2)=O)cc(C(N2Cc3n(c(CO)cn3)CC2)=O)cc1
-24.02    -24.79     32.90      0.70      c1(-c2cc(OC)c(OC)cc2)nc2n(CC3CCCO3)nnc2c(=N)[nH]1
-38.34    -38.02     -4.09      0.41      c1c(Cl)ccc(Cn2c3c(c(C(OC4C(O)C(O)C(O)C(C)O4)=O)c2)cc(Oc2ccc(O)cc2)cc3)c1
-29.94    -30.48     23.15      0.65      N=C(N)NCCCCC(C(NCC)=O)NC(=O)C1CCCN1
-21.87    -21.82     30.40      0.64      c1c(CNC(N2CCN(S(C)(=O)=O)CC2)=S)ccc(F)c1
-27.77    -29.19     19.54      0.59      C(N1CCC(Cc2ccc(F)cc2)CC1)(=O)c1cc(=O)n(CCCC)nc1
-27.77    -28.05     18.60      0.57      c1cc2c(OC3CCN(CC(CC)C)CC3)cccc2nc1
-41.35    -41.33    -41.33      0.00      C1CC2(c3c(c(O)ccc3Cl)N(c3ccccc3N=c3[nH]c(-c4sccc4)nc4sccn24)ccc3)CO1
Human-Component   raw_Human-Component
0.754023015499115   0.754023015499115   
0.7206896543502808   0.7206896543502808   
0.2655172348022461   0.2655172348022461   
0.7034482955932617   0.7034482955932617   
0.4137931168079376   0.4137931168079376   
0.6540229916572571   0.6540229916572571   
0.636781632900238   0.636781632900238   
0.59425288438797   0.59425288438797   
0.568965494632721   0.568965494632721   
0.0   0.0   

15:33:40: local_reinforcement_logger.timestep_report +41: INFO     
 Step 33   Fraction valid SMILES: 100.0   Score: 0.5000   Time elapsed: 62   Time left: 31.0
  Agent     Prior     Target     Score     SMILES
-34.47    -34.66     25.30      0.73      n1c(-n2cnc3cc(C#N)cnc23)cc(OC2CCCC(O)C2)n1C
-27.10    -26.96     36.96      0.78      C(N(CCC)CCC)Cc1c2cc(OCCN3CCCC3)ccc2[nH]c1
-30.44    -30.62     25.63      0.69      c1(Cl)cc(Oc2ccc(-c3cccc(C(C)=O)c3)cc2)cc(CN(C)C)c1
-29.60    -29.58     24.64      0.66      C(CCN(C)C1CCCCC1)Oc1ccc(C#CC(CC)(CC)O)cc1
-25.54    -25.22     23.37      0.59      c1(C(F)(F)F)ccc(C(N2CC(=O)N(CCCc3ccccc3)C(=O)C2)=O)cc1
-29.47    -29.82     12.06      0.51      C(=O)(NC(c1c(O)c2c(c(Cl)c1)nccc2)c1c(Cl)cccc1)CCC
-32.25    -32.57     22.63      0.67      c1cc(Cn2c3c(cccc3)c3c2ccc(Cc2cc(Cl)ccc2)c3)ccc1
-19.54    -20.19     31.74      0.63      C1N(c2c(O)n(-c3ccc(OCCC)cc3)c(O)c2)CCN(c2c(F)cccc2)C1
-26.68    -27.31     22.25      0.60      c1cc(F)ccc1Cn1c2c(c(-c3ccc(Cl)cc3)ncc2)nc1CC1CCCCC1
-31.54    -30.85     14.47      0.55      c1c2c(ccc1)SC(c1ccc(O)cc1)Oc1c(C)nc3ccccc3c1-2
Human-Component   raw_Human-Component
0.7311828136444092   0.7311828136444092   
0.7795698642730713   0.7795698642730713   
0.6860215067863464   0.6860215067863464   
0.6612903475761414   0.6612903475761414   
0.5924730896949768   0.5924730896949768   
0.5107526779174805   0.5107526779174805   
0.6731182932853699   0.6731182932853699   
0.6333333253860474   0.6333333253860474   
0.6043010950088501   0.6043010950088501   
0.5526881814002991   0.5526881814002991   

15:33:43: local_reinforcement_logger.timestep_report +41: INFO     
 Step 34   Fraction valid SMILES: 96.9   Score: 0.4675   Time elapsed: 65   Time left: 29.7
  Agent     Prior     Target     Score     SMILES
-32.68    -32.54    -32.54      0.00      c1ccc(C)c2nc3c(sc12)CC(C(N)=O)CC3
-24.25    -23.98     20.42      0.54      c1c(C(=O)O)cccc1S(=O)(=O)NCC1CCC(C(O)=O)CC1
-23.85    -23.82    -10.62      0.16      c1c2c(oc(=O)cc2CC(=O)Nc2ccc(OC)cc2)cc(C)c1
-36.79    -36.84    -17.71      0.23      c1(OC)cc(OC)nc(=NC(NS(c2cccc(C(=O)Nc3ccc(CCNCCc4ccc(Cl)cc4)cc3)c2)(=O)=O)=O)[nH]1
-16.18    -21.84     40.75      0.76      C1N(c2cc(C(F)(F)F)nc(SC)n2)CCC1
-23.35    -23.97     34.65      0.71      c1ccc(-c2cc(=O)n(CCCCN3CCN(c4cc(Cl)cc(Cl)c4)CC3)cc2)cc1
-22.54    -23.45     34.04      0.70      c1c(CCNS(CCNC(=O)c2ccc(F)cc2)(=O)=O)ccc(Cl)c1
-18.99    -19.41     31.86      0.63      CCN1C(=S)NC(=O)SC1
-19.22    -19.36     28.24      0.58      c12c(n(C)c(=O)c3c1cccc3)-c1c(cccc1)C2=O
-25.41    -25.43     18.58      0.54      c1c(CCOC(=O)c2ccccc2)ccc(OCCCCCCCCCC)c1
Human-Component   raw_Human-Component
0.0   0.0   
0.5413793325424194   0.5413793325424194   
0.16091954708099365   0.16091954708099365   
0.23333333432674408   0.23333333432674408   
0.7632184028625488   0.7632184028625488   
0.7149425148963928   0.7149425148963928   
0.7011494040489197   0.7011494040489197   
0.6252873539924622   0.6252873539924622   
0.5804597735404968   0.5804597735404968   
0.5367816090583801   0.5367816090583801   

15:33:45: local_reinforcement_logger.timestep_report +41: INFO     
 Step 35   Fraction valid SMILES: 96.9   Score: 0.4844   Time elapsed: 66   Time left: 27.5
  Agent     Prior     Target     Score     SMILES
-25.49    -26.07     10.88      0.45      O1c2cc(-c3csc(Cc4c(Cl)cccc4)n3)ccc2OCC1
-17.93    -18.24     29.73      0.59      n1(C2C(C#N)CCCC2)[nH]c(=Nc2ccc(Cl)cc2)c(C(N)=O)c1
-18.08    -18.87     38.81      0.70      c1cccc(CCN2CCC(N3CCCC3)CC2)c1
-48.11    -49.19     -3.10      0.56      c1(C2NC(N(C)C(=O)C)c3cc4c(cc3C2)NC(CCCCN)O4)ccccc1
-22.14    -22.34     26.10      0.59      c1(C)nc2n(c(=Nc3ccc(Br)cc3)c1)[nH]cc2
-26.19    -24.99     -1.71      0.28      C(c1sc(Oc2ccc3c(c2)CCC(c2ccccc2)O3)nc1)(=O)NC(C(=O)O)C(C)C
-31.14    -31.82     20.40      0.64      CC(C)c1n(C2CN(CCC(C(C)C)O)CCC2)c2cccnc2n1
-34.84    -35.41    -11.38      0.29      c1cc(OC)ccc1C1c2c(O)n(C(C)(C)C)c(O)c2C2(Cc3ccc(Cl)cc3)C1(C)C(=O)N(Cc1ccccc1)C2=O
-30.74    -30.55    -10.47      0.24      c1(CC)ccc(C(C)C)c2oc(C(=O)Nc3ccc(OC)c(OC)c3)cc12
-26.68    -26.60     -9.26      0.21      c1(=O)n2c(cc3c1COC(=O)C3(CC)O)-c1nc3c(cc1C2c1ccc2c(c1)OCO2)C(CC)(O)C(=O)OC3
Human-Component   raw_Human-Component
0.45057472586631775   0.45057472586631775   
0.5850574970245361   0.5850574970245361   
0.7034482955932617   0.7034482955932617   
0.5620689392089844   0.5620689392089844   
0.5908045768737793   0.5908045768737793   
0.28390803933143616   0.28390803933143616   
0.636781632900238   0.636781632900238   
0.2931034564971924   0.2931034564971924   
0.24482758343219757   0.24482758343219757   
0.21149425208568573   0.21149425208568573   

15:33:48: local_reinforcement_logger.timestep_report +41: INFO     
 Step 36   Fraction valid SMILES: 100.0   Score: 0.4848   Time elapsed: 69   Time left: 26.1
  Agent     Prior     Target     Score     SMILES
-25.23    -25.44     39.72      0.79      N1(Cc2c(OC)cccc2)CCC2(CC1)Oc1ccc(C)cc1C(=O)C2
-31.76    -31.45     30.10      0.75      FC(Oc1cc(S(=O)(=O)Nc2cc(=N)c(N)c[nH]2)ccc1)(F)F
-24.26    -24.54     14.52      0.48      N(c1ccc(Cl)c(C(F)(F)F)c1)C(C1CCN(S(=O)(=O)c2cn(C(C)C)cn2)CC1)=O
-32.46    -32.43     25.93      0.71      c1(OC)c(OC)cc2c(N3CCC(COC)CC3)nc(-c3cscn3)nc2c1
-29.53    -28.93     24.94      0.66      N(Cc1n(-c2cc(Cl)ccc2C)nnn1)(Cc1ccccc1)Cc1ccccc1
-24.34    -24.33     24.78      0.60      C1(=O)C(CC(=O)O)CCN1S(Cc1ccccc1)(=O)=O
-27.82    -27.20     13.72      0.50      c1(OC)c(OC)ccc(C=CC(c2c(OC)cc(OC)c(C3CC(=O)c4c(O)cc(OC)cc4O3)c2)=O)c1
-31.17    -30.86      5.65      0.45      c1(CNC(=O)CCCc2ccccc2O)ccc(C)c(C)c1
-33.25    -33.82     18.91      0.64      N#Cc1cc2c(cc1)NC(c1cc(O)ccc1Cl)N(CCC)C2
-42.86    -42.55      3.65      0.56      O1C2(OCC1Oc1ccc(C=CC(=NO)O)cc1)CCC(NC(c1ccc(Cl)cc1)c1ccccc1)CC2
Human-Component   raw_Human-Component
0.7946236729621887   0.7946236729621887   
0.750537633895874   0.750537633895874   
0.4763440787792206   0.4763440787792206   
0.7118279337882996   0.7118279337882996   
0.6569892764091492   0.6569892764091492   
0.5989247560501099   0.5989247560501099   
0.49892473220825195   0.49892473220825195   
0.44516128301620483   0.44516128301620483   
0.6430107355117798   0.6430107355117798   
0.5634408593177795   0.5634408593177795   

15:33:50: local_reinforcement_logger.timestep_report +41: INFO     
 Step 37   Fraction valid SMILES: 96.9   Score: 0.4844   Time elapsed: 71   Time left: 24.3
  Agent     Prior     Target     Score     SMILES
-22.31    -23.08     -6.87      0.20      c1c(CN(CC)CC)oc(C(N2CCN(CC)CC2)=O)c1
-32.43    -32.55     -2.11      0.37      c1c(-n2c(=O)n(CC)c(CC)n2)ccc(C23C(CNC2)C3)c1
-45.15    -45.70    -11.49      0.42      CC(C)(c1cc(CCCC(CCCC(CCCC(C)C)C)C)sc1C)C(=N)NCC1CCCCC1
-29.78    -28.74    -21.11      0.09      N(C(=O)C(NC(OCc1ccccc1)=O)c1[nH]c(=N)sc1)C(Cc1ccccc1)C(=O)O
-32.40    -32.53     -8.21      0.30      C1C=C(c2nc(CCC(=O)Nc3cn[nH]c3)c(C)o2)CCC1
-25.00    -25.81     39.23      0.79      c1(O)ccccc1C1N(c2ccccc2)CC(C)(C)C1
-18.62    -19.32     42.32      0.75      NC(=O)C1CCN(c2nc(-c3ccc(Cl)cc3)cs2)CC1
-27.47    -27.93     29.76      0.70      c1(S(n2ccc3c(N4CCN(CC)CC4)cccc23)(=O)=O)c(Cl)ccc(Cl)c1
-29.50    -30.25     -1.98      0.34      OC1C(n2c3c(c(Cl)cc(Cl)c3)nc2Cl)OC(CNC(c2cccs2)=O)C1O
-41.60    -41.94     16.68      0.71      C12C3=CC=C4C(C)(CCC(O)C4)C3C(O)CC1C1C(C)(CC(C(O)=O)C1)C(=O)C2
Human-Component   raw_Human-Component
0.19770115613937378   0.19770115613937378   
0.37126436829566956   0.37126436829566956   
0.4172413647174835   0.4172413647174835   
0.09310344606637955   0.09310344606637955   
0.29655173420906067   0.29655173420906067   
0.7931034564971924   0.7931034564971924   
0.751724123954773   0.751724123954773   
0.7034482955932617   0.7034482955932617   
0.3448275923728943   0.3448275923728943   
0.7149425148963928   0.7149425148963928   

15:33:51: local_reinforcement_logger.timestep_report +41: INFO     
 Step 38   Fraction valid SMILES: 93.8   Score: 0.4195   Time elapsed: 72   Time left: 22.2
  Agent     Prior     Target     Score     SMILES
-56.26    -55.30    -43.99      0.14      O=C(O)C(N1CCN(S(=O)(C2CN(C(C(C(C)C)NC(=O)N3CCOCC3)=O)C2C(O)=O)=O)CC1)Cc1cc(Cl)ccc1
-24.06    -23.94    -10.71      0.16      C1(CNC(=O)c2cc(C(F)(F)F)ccc2Cl)(N2CCOCC2)CCCCC1
-28.45    -27.88     28.87      0.69      c1(Cl)c(F)ccc(-c2cccc3c2C(=O)N(Cc2cccnc2)CCO3)c1
-31.76    -30.93     17.95      0.60      n1c[nH]c2c1c(=Nc1ccccc1O)[nH]c(-c1ccccc1CN(C)C)n2
-30.24    -30.41    -22.43      0.10      O=c1c(CCc2ccccc2)c(O)n(CC(=O)NCc2cc(Cl)c(Cl)cc2)c(=O)[nH]1
-42.81    -41.91    -18.88      0.28      n1(CCO)c(=O)c2c3c(sc2nc1CN(Cc1cnn(-c2ccccc2)n1)C)C(=O)N(C)CN3C
-31.86    -32.24     -7.90      0.30      c12[nH]c3c(cccc3)c1cc(CN(Cc1ccc(OC)cc1)C(=O)N1CCCC1)nc2
-21.86    -21.43    -21.43      0.00      C(c1ccccc1)N(CCC#N)C(C)=O
-25.82    -25.74     23.44      0.60      c1cc(C2=NCn3c(C)nnc3C2)ccc1OC
-23.68    -23.43     -9.70      0.17      c1(C2(c3ccccc3)NC(=O)N(CCC(=O)Nc3ccc(C(O)=O)cc3)C2=O)ccccc1
Human-Component   raw_Human-Component
0.13793103396892548   0.13793103396892548   
0.16133004426956177   0.16133004426956177   
0.692118227481842   0.692118227481842   
0.5960590839385986   0.5960590839385986   
0.09729064255952835   0.09729064255952835   
0.2807881832122803   0.2807881832122803   
0.2967980206012726   0.2967980206012726   
0.46305418014526367   0.46305418014526367   
0.5997536778450012   0.5997536778450012   
0.16748768091201782   0.16748768091201782   

15:33:53: local_reinforcement_logger.timestep_report +41: INFO     
 Step 39   Fraction valid SMILES: 96.9   Score: 0.4844   Time elapsed: 74   Time left: 20.4
  Agent     Prior     Target     Score     SMILES
-36.45    -36.59     19.68      0.69      c1cc(C(N(C)C2CC(CN(C)C(c3ccc(O)cc3)=O)CCC2)=O)cc(Cl)c1F
-26.06    -27.16     29.86      0.70      C1=CC23C(=CCCC2C)CN1CC3
-23.50    -23.85     30.44      0.66      c1(-c2c(O)ccc3c2cccc3)cc(F)c(O)c(F)c1
-26.70    -26.47      3.88      0.37      O=C1N2C(C(=O)O)=C(Sc3sc4ccccc4n3)C(C)C2C1C#N
-20.09    -19.83     23.06      0.52      c12ccc(OC)c(OC)c1OC(c1ccc(OC)cc1)CC2=O
-20.98    -21.32     28.44      0.61      c1ccccc1CCN1C2CCC1CC(c1ccccc1)=C2
-26.46    -26.52     -2.11      0.30      c1cc(NC(=O)CNC(c2c3c(ccc2)-c2c(cccc2)C3=O)=O)c(F)cc1
-23.09    -22.60     26.04      0.59      c12c(cccc1-c1cnccc1)ccc(OC)c2
-43.32    -43.26    -14.70      0.35      c1cccc(C(c2ccccc2C(=O)Nc2ccc3c([nH]c(=Nc4cc(CN5CCCC5)n(C)n4)n3CCOC)c2)=O)c1
-22.91    -23.07      9.83      0.40      C(c1ccc2c(c1)OCCO2)=CC(=O)c1ccc(Cl)c(Cl)c1
Human-Component   raw_Human-Component
0.6862068772315979   0.6862068772315979   
0.6954023241996765   0.6954023241996765   
0.6620689630508423   0.6620689630508423   
0.3701149523258209   0.3701149523258209   
0.522988498210907   0.522988498210907   
0.6068965792655945   0.6068965792655945   
0.2977011501789093   0.2977011501789093   
0.5931034684181213   0.5931034684181213   
0.3482758700847626   0.3482758700847626   
0.4011494219303131   0.4011494219303131   

15:33:54: local_reinforcement_logger.timestep_report +41: INFO     
 Step 40   Fraction valid SMILES: 100.0   Score: 0.4699   Time elapsed: 75   Time left: 18.3
  Agent     Prior     Target     Score     SMILES
-24.75    -25.97     33.28      0.72      c1(Cl)c(Cl)cc(N(C(=O)C2CCN(C(=O)C)CC2)CCCN2CCC(Cc3ccc(F)cc3)CC2)cc1
-24.82    -25.10      5.32      0.37      CCn1c(-c2ccc(OCC(=O)NCCC)cc2)n[nH]c1=S
-39.04    -38.97    -14.37      0.30      C1C2(CC3(C)c4c1c[nH]c4C(=O)CCC3)OCCO2
-28.94    -29.08      8.57      0.46      C(=O)(c1c(=O)n(C2CC3N(CCC)C(C2)CC3)c2ccccc2n1)N1CCCCC1
-21.77    -22.21     18.00      0.49      C1C2(C)C3(C)CCC4C(C)(C)C(O)CCC4(C)C3CCC2C2C(C(O)=O)(CC2)C1
-28.34    -28.79     26.84      0.68      COc1ccc(OC)c(-c2nnc(SCCCN3CCN(CC(c4ccc(F)cc4F)(Cn4cncn4)O)CC3)o2)c1
-23.72    -24.16     29.89      0.66      c12c(cc(Cc3ccc(F)cc3)cc1)cc(O)cc2
-26.05    -26.94     23.76      0.62      N1(c2ccc(Cl)cc2)CCN(C(c2cc3c(cc2)n(CCOC)cc3)=O)CC1
-20.13    -20.05     28.18      0.59      c1(=S)n(-c2cccc3ccccc23)c(O)cs1
-21.97    -20.93    -20.93      0.00      C(C(C(O)C(O)CO)O)c1ccccc1
Human-Component   raw_Human-Component
0.7225806713104248   0.7225806713104248   
0.3709677457809448   0.3709677457809448   
0.30000001192092896   0.30000001192092896   
0.45913979411125183   0.45913979411125183   
0.4903225898742676   0.4903225898742676   
0.6784946322441101   0.6784946322441101   
0.6591398119926453   0.6591398119926453   
0.6182795763015747   0.6182795763015747   
0.5881720185279846   0.5881720185279846   
0.5397849678993225   0.5397849678993225   

15:33:57: local_reinforcement_logger.timestep_report +41: INFO     
 Step 41   Fraction valid SMILES: 100.0   Score: 0.4855   Time elapsed: 78   Time left: 16.7
  Agent     Prior     Target     Score     SMILES
-31.59    -31.94    -20.39      0.14      O=C(NC1CN(C2CCC(n3cc(C)c(=O)[nH]c3=O)CC2)C1)Cc1nc(COC)sc1
-21.07    -20.89     38.89      0.73      c1(N2CC(Oc3ccc(C(C)NC(C)=O)cc3)C2)c(F)cccc1
-27.52    -28.24     21.93      0.61      C(c1c([N+]([O-])=O)cc(Cl)c(Cl)c1)=NN1C(=O)c2ccccc2C1=O
-20.19    -21.20     32.93      0.66      n1nn(-c2c(=N)[nH]on2)c(CN2CCN(c3ccc(Cl)cc3)CC2)c1C
-27.19    -26.98     -2.47      0.30      CCCCCc1cc2nc(-c3ccncc3)[nH]c(=NCC(N)Cc3ccccc3)c2s1
-36.53    -36.84     15.71      0.64      c1ccc2c(c1)cc(S(=O)(N1CC(N=c3[nH]c(C)nc(-c4ccc5c(c4)CCCC5)c3)CC1)=O)cc2
-25.95    -25.14    -10.77      0.18      COc1c(OC)c(OC)cc(C(=O)c2c3ccccc3oc2Nc2ccccc2)c1
-22.69    -23.04     15.22      0.47      C1(c2cc(NC(=O)c3ccc(C4CC4)cc3)ccc2F)(C)NC(=N)SCC1
-21.69    -21.88     28.47      0.61      c1c(F)cc(S(Nc2cc(-n3cnnn3)ccc2)(=O)=O)cc1
-25.27    -25.36      5.94      0.38      O=C(N=c1[nH]c(-c2cccs2)cs1)c1csc(=NC(=O)C)[nH]1
Human-Component   raw_Human-Component
0.14086021482944489   0.14086021482944489   
0.7290322780609131   0.7290322780609131   
0.6118279695510864   0.6118279695510864   
0.6602150797843933   0.6602150797843933   
0.2989247441291809   0.2989247441291809   
0.6408601999282837   0.6408601999282837   
0.17526881396770477   0.17526881396770477   
0.46666666865348816   0.46666666865348816   
0.6139785051345825   0.6139785051345825   
0.3817204236984253   0.3817204236984253   

15:33:58: local_reinforcement_logger.timestep_report +41: INFO     
 Step 42   Fraction valid SMILES: 100.0   Score: 0.4807   Time elapsed: 79   Time left: 14.7
  Agent     Prior     Target     Score     SMILES
-21.19    -22.53     37.77      0.74      CN(C)C1CCN(CCCc2ccc(Cl)cc2)CC1
-18.63    -18.59     27.18      0.56      [nH]1c(-c2ccncc2)csc1=NC(Nc1ccc(Cl)cc1)=O
-21.96    -22.04    -10.67      0.14      c1(C(=O)NCCCOC)cnc(C)cc1
-26.19    -26.27     31.04      0.70      c1(-c2nc(C(c3ccc(F)cc3)O)[nH]c2)cc(C)sc1C
-19.43    -20.00     33.61      0.65      C1CN(CC2N(C(=O)Cc3ccc(Cl)c(Cl)c3)CCc3ccccc32)CCC1
-25.83    -25.28     11.75      0.45      c1c2c([nH]c(=N)[nH]c2=N)n(C2OC(COS(=O)(NC(c3c(O)cccc3)=O)=O)C(O)C2O)c1
-23.32    -23.67     28.09      0.63      c1cc(-c2nc(N3CCC(C)CC3)c3c(cncc3)c2)ccc1
-29.40    -28.96     -4.18      0.30      [nH]1c2c(cc1C(=O)NCC(OC)=O)CCc1c-2[nH]c(=O)c(C(=O)OCC)c1
-26.03    -26.91     13.47      0.49      c1c(OC2CCN(C3CCC3)CC2)ccc(-c2[nH]c(=NC3COCC3)c3c(nccc3)c2)c1
-34.44    -35.11      0.34      0.43      c1([N+](C(C)C)([O-])C)cc(N=c2c3ncccc3[nH][nH]2)ccc1Cl
Human-Component   raw_Human-Component
0.7354838848114014   0.7354838848114014   
0.5580645203590393   0.5580645203590393   
0.1387096792459488   0.1387096792459488   
0.698924720287323   0.698924720287323   
0.6537634134292603   0.6537634134292603   
0.4516128897666931   0.4516128897666931   
0.6311827898025513   0.6311827898025513   
0.30215054750442505   0.30215054750442505   
0.49247312545776367   0.49247312545776367   
0.43225806951522827   0.43225806951522827   

15:33:59: local_reinforcement_logger.timestep_report +41: INFO     
 Step 43   Fraction valid SMILES: 100.0   Score: 0.4830   Time elapsed: 80   Time left: 12.7
  Agent     Prior     Target     Score     SMILES
-22.68    -22.06    -13.15      0.11      c1ccc(C(=O)Nc2cc(C)ccc2)c(NC(=O)c2occc2)c1
-17.72    -18.05     41.73      0.73      C(CCc1ccccc1)N1CCN(CCCc2ccccc2)CC1
-22.91    -22.88     18.74      0.51      n1(-c2nc3c(c(=O)n(C)c(=O)n3C)n2Cc2ccc(C)cc2)cncc1
-31.57    -31.55    -12.33      0.23      Cc1c(CNCc2ccc(OC)c(-c3ccc(S(=O)(=O)NCCCCc4ccccc4)cc3)c2)ccc(C)c1
-37.09    -36.64      6.74      0.53      c1cccc2c1C(=O)N(C=CC(C=CC(CC)CCO)=O)C2=O
-26.38    -27.12     29.75      0.69      c1c2c(ccc1CN1CCN(C(=O)CCCCC)CC1)cc[nH]2
-27.35    -26.80      3.71      0.37      c1c(C(NC(C)C)=O)ccc(S(=O)(Nc2ccc(N3CCCCC3)cc2)=O)c1
-32.89    -33.54    -12.47      0.26      C(OC(C1CCC2C(CCN(C(c3ccco3)=O)CCO2)O1)=O)C
-25.37    -25.26      2.25      0.34      O=C(C=Cc1cnccc1)Nc1cc2c([nH]cnc2=Nc2ccc(F)c(Cl)c2)cc1OC
-25.99    -25.85     -0.99      0.30      c1(CN2CCNC(=O)C2CC(=O)NC(C)(C)C)c(OC)ccc(Br)c1
Human-Component   raw_Human-Component
0.10860215127468109   0.10860215127468109   
0.7290322780609131   0.7290322780609131   
0.5075268745422363   0.5075268745422363   
0.23440860211849213   0.23440860211849213   
0.5290322303771973   0.5290322303771973   
0.6935483813285828   0.6935483813285828   
0.37204301357269287   0.37204301357269287   
0.2569892406463623   0.2569892406463623   
0.3354838788509369   0.3354838788509369   
0.3032258152961731   0.3032258152961731   

15:34:00: local_reinforcement_logger.timestep_report +41: INFO     
 Step 44   Fraction valid SMILES: 96.9   Score: 0.4844   Time elapsed: 81   Time left: 10.8
  Agent     Prior     Target     Score     SMILES
-23.39    -23.27    -23.27      0.00      C1(=O)NC(C)C(C(OCC)=O)C(COC(c2c(Cl)ccc(S(=O)(N3CCOCC3)=O)c2)=O)=N1
-27.02    -27.33    -20.17      0.09      O=C(NN=Cc1c2ccccc2ccc1OC)CSc1nnnn1-c1c2c(cccc2)ccc1
-35.86    -38.25     27.35      0.80      c1(F)cc2c(c(CCCN3CCN(CC(CN4CCCc5ccccc54)O)CC3)c1)OCO2
-23.26    -24.48     37.44      0.76      c1(O)c(Cl)cc(-c2c(F)cc3ncc4c(n(C5CCN(CC#N)CC5)c(C)n4)c3c2)cc1F
-30.46    -30.46      6.49      0.45      c1cc(C(NOC)c2c(=O)[nH]c(=O)n(C3CCCCC3)c2N)ccc1Cl
-32.83    -33.42     15.97      0.60      [nH]1c2c(c(=Nc3c(Cl)c(OC)c(Cl)cc3Cl)c3c1cc(Cl)cc3)cc(C#N)cc2
-18.25    -17.84     30.32      0.59      c1ccc2c([nH]cc2CC(N)C(=O)O)c1
-23.14    -23.22     11.09      0.42      c1(CNS(=O)(=O)c2cccc(C(NC3CCN(Cc4ccccc4)CC3)=O)c2)ncccc1
-50.82    -49.41    -25.47      0.29      N(C(=O)c1cnc(OC)cn1)(c1n2c(c(OCC(COC(=O)C)C)nc(-c3cc(OC)ccc3)c2)nc1)c1ccccc1
-39.58    -38.32      9.46      0.58      c1cccc2c1c(C(C1CC34C(=CC1=O)OC(C)(C)O3)Oc1c(cccc1OC)C4=O)c[nH]2
Human-Component   raw_Human-Component
0.0   0.0   
0.0873563215136528   0.0873563215136528   
0.800000011920929   0.800000011920929   
0.7551724314689636   0.7551724314689636   
0.45057472586631775   0.45057472586631775   
0.6022988557815552   0.6022988557815552   
0.5873563289642334   0.5873563289642334   
0.41839081048965454   0.41839081048965454   
0.29195401072502136   0.29195401072502136   
0.5827586054801941   0.5827586054801941   

15:34:01: local_reinforcement_logger.timestep_report +41: INFO     
 Step 45   Fraction valid SMILES: 96.9   Score: 0.4684   Time elapsed: 82   Time left: 8.9
  Agent     Prior     Target     Score     SMILES
-30.82    -30.88     15.02      0.56      c1(-c2n(C)nc(N(C(OC(C)(C)C)=O)CCC)n2)ncccc1
-32.73    -33.17     13.20      0.57      c1(SC)ccc(CN(CCC(C(=O)O)N)C(=O)Nc2cc(Cl)cc(Cl)c2)cc1
-21.22    -21.68     34.12      0.68      C1N(CCn2c(O)c(C(c3ccccc3)c3ccccc3)ccc2=O)CCCC1
-65.31    -66.06    -19.69      0.57      OC12C3C(C4(C)C(C1)CCC2C(C)C1C4CC2OC12C(=O)O3)(OC(=O)C=Cc1ccccc1)CC(C)C
-28.43    -28.37     21.49      0.61      c1(C)occc1-c1nc(=NC(c2ccc(F)cc2)C)[nH][nH]1
-28.52    -28.49      7.61      0.44      O=C1N(Cc2ccccc2)C(Nc2ccc3c(c2)ccc(O)c3)=NC1
-24.29    -24.24      6.96      0.38      c1cnccc1CN1C(=O)c2ccc(OC)c3c2c(ccc3)C1=O
-26.48    -27.53     -4.44      0.28      c1c2c(cc(Cl)c1Cl)C(=O)N(c1ccc(N3CC(CNC(C)=O)OC3=O)cc1)CO2
-50.51    -49.76    -19.41      0.37      s1c(CC(C(=O)OCc2ccccc2)NC(=O)NC(CCC)C(OC(C)(C)C)=O)c(-c2ccccc2)[n+](CC)c1
-29.54    -28.60    -28.60      0.00      C(NC(NNC(=O)CC(O)=O)=S)(=O)C=Cc1ccccc1
Human-Component   raw_Human-Component
0.5597701072692871   0.5597701072692871   
0.565517246723175   0.565517246723175   
0.6804597973823547   0.6804597973823547   
0.565517246723175   0.565517246723175   
0.6080459952354431   0.6080459952354431   
0.4402298927307129   0.4402298927307129   
0.3804597556591034   0.3804597556591034   
0.2816092073917389   0.2816092073917389   
0.3701149523258209   0.3701149523258209   
0.5126436948776245   0.5126436948776245   

15:34:02: local_reinforcement_logger.timestep_report +41: INFO     
 Step 46   Fraction valid SMILES: 100.0   Score: 0.5000   Time elapsed: 83   Time left: 7.1
  Agent     Prior     Target     Score     SMILES
-42.98    -42.82    -28.63      0.17      C1(Cc2ccccc2)CC=C(C=CC2=CCCC3(CCC4(C=CCCC4)OO3)C2)OO1
-22.79    -23.14     33.38      0.69      c1c(-c2nc(-c3ccc(OCC)cc3)cc(-c3cocc3)c2)scc1
-24.87    -25.16    -17.75      0.09      c1cc(NS(=O)(=O)c2cc(NC(=O)CCCOc3cccc(C)c3)ccc2)c(OC)cc1
-34.21    -34.23     10.39      0.54      N(=c1[nH]c(=NC2CCNC2)cc(C(N(C)C)=O)[nH]1)CCCc1sccc1
-25.89    -25.13     -2.91      0.27      C(CCO)NC(=O)c1cnc(OCc2c(-c3c(F)cccc3)noc2C)cc1
-22.98    -22.50     17.53      0.49      c1c(-n2c(O)cc(C(O)N3CCN(S(=O)(c4ccc(Cl)cc4)=O)CC3)c2)cccc1
-24.65    -24.78      4.40      0.36      c1cc(C2CCCCN2C(=O)c2ccc(S(N)(=O)=O)cc2)ccc1
-35.79    -36.26     18.85      0.67      c1(SC(C)CCCCCCC)cccc(C)c1NCc1ccccc1
-27.18    -27.01     -4.88      0.27      c1cc2c(cc1)CC(C(Nc1cc(Cl)c(F)cc1)=O)N2C(c1ccc(C)cc1)=O
-26.17    -27.29     22.35      0.61      c1(OCC)c(OCC)cccc1CNC1Cn2nc(CC)nc2CC1
Human-Component   raw_Human-Component
0.17311827838420868   0.17311827838420868   
0.6892473101615906   0.6892473101615906   
0.0903225839138031   0.0903225839138031   
0.5440860390663147   0.5440860390663147   
0.2709677517414093   0.2709677517414093   
0.4881720542907715   0.4881720542907715   
0.3559139668941498   0.3559139668941498   
0.6720430254936218   0.6720430254936218   
0.26989248394966125   0.26989248394966125   
0.6053763628005981   0.6053763628005981   

15:34:03: local_reinforcement_logger.timestep_report +41: INFO     
 Step 47   Fraction valid SMILES: 100.0   Score: 0.4847   Time elapsed: 85   Time left: 5.3
  Agent     Prior     Target     Score     SMILES
-23.57    -23.27    -23.27      0.00      N(c1ccc(C)cc1)C(=S)NN=Cc1cc(Oc2ccccc2)ccc1
-27.05    -27.46      6.49      0.41      c1(COC)c(-c2n[nH]c(SC)nc2=O)cccc1
-22.99    -23.25     24.81      0.59      CC1CCC2C(C)C(CC(CO)O)OC3OC4(C)OOC23C1CC4
-30.23    -30.65     11.32      0.51      c1cc(Cl)ccc1-c1nc(C)c2n1c1c(ccc(C(NC)=O)c1)nc2
-45.34    -45.06    -18.07      0.33      N(CCCc1cc(C(NC(COC)CC)=O)cc(-c2ccc(Oc3c(C)cccc3)cc2)n1)Cc1ccccc1
-27.23    -27.30      5.94      0.41      c1cccc2c(N=NC(=O)c3c[nH]n(-c4ccccc4)c3=O)c(O)[nH]c12
-28.97    -28.30     19.67      0.58      C(c1ccno1)NOC
-37.40    -37.91     12.00      0.61      C1CC(CCC)(NC(c2c(Cl)cc(-n3cnnc3)cc2Cl)=O)c2c(cc(Cl)cc2)C1N(C)C
-40.25    -40.50      3.94      0.54      c12c(cc(O)c3c1CC1C(C)(O3)CCC(C(C)=C)C1)c(-c1ccc3c(c1)OCO3)c1cc3c(cc1c2)OCO3
-31.98    -32.19    -32.19      0.00      O=C(CCCC(SCC(OCC)=O)=Cc1ccc(Cl)cc1)OCC
Human-Component   raw_Human-Component
0.0   0.0   
0.4139784872531891   0.4139784872531891   
0.5860214829444885   0.5860214829444885   
0.5118279457092285   0.5118279457092285   
0.3290322721004486   0.3290322721004486   
0.4053763449192047   0.4053763449192047   
0.5849462151527405   0.5849462151527405   
0.6086021661758423   0.6086021661758423   
0.5419355034828186   0.5419355034828186   
0.4881720542907715   0.4881720542907715   

15:34:05: local_reinforcement_logger.timestep_report +41: INFO     
 Step 48   Fraction valid SMILES: 96.9   Score: 0.4657   Time elapsed: 86   Time left: 3.5
  Agent     Prior     Target     Score     SMILES
-28.58    -28.79     25.31      0.66      c12ccccc1OC(CN1CCCC1)CN(C(=O)NCCC)C2=O
-52.41    -52.52    -19.44      0.40      c1c2c(c(=O)n(C)c3c2C(=O)C(=O)c2ccccc2-3)cc(-c2c(OC)c3c(nc4c(c(C)nn4C)n3)cc2)c1
-29.39    -29.90     26.00      0.68      c1cc(CNS(=O)(=O)c2cnn(C)c2)cnc1Oc1cc(C(F)(F)F)ccc1
-19.18    -19.65     38.22      0.71      c1(F)ccc(OC)c(-c2c3cc(C4CCN(C)CC4)[nH]c3ncc2)c1
-26.81    -27.99     24.22      0.64      c1(Oc2ccccc2)ccc(CCc2[nH]c(=NCCN(C)C)ccc2)cc1
-18.63    -18.99    -18.99      0.00      COc1cc(S)ccc1
-34.52    -33.80     10.03      0.53      C(C(CC)C)CCNC(c1cn2c(nc(C)c2C)s1)=O
-26.36    -27.26     18.83      0.56      C1N(Cc2c(O)c(=O)cc(CCl)o2)CCC(Oc2ccc(Oc3ccc(F)cc3)cc2)C1
-40.64    -42.20    -42.20      0.00      [nH]1c(C2CC2)cc(OC)c(N2CCN(C(=O)CN(c3cnc(C(F)(F)F)cc3)C)CC2)n1
-67.17    -67.36    -27.58      0.49      O1C23C(C)(C4C(C4)C2C(=O)CC1(O)C(C)C)OC1C2(O)OCC4(C)C(O)(CCC1(C)C23)C4(C)C
Human-Component   raw_Human-Component
0.659770131111145   0.659770131111145   
0.40344828367233276   0.40344828367233276   
0.6816092133522034   0.6816092133522034   
0.705747127532959   0.705747127532959   
0.636781632900238   0.636781632900238   
0.5977011322975159   0.5977011322975159   
0.5344827771186829   0.5344827771186829   
0.5620689392089844   0.5620689392089844   
0.0   0.0   
0.4850574731826782   0.4850574731826782   

15:34:06: local_reinforcement_logger.timestep_report +41: INFO     
 Step 49   Fraction valid SMILES: 96.9   Score: 0.4724   Time elapsed: 87   Time left: 1.7
  Agent     Prior     Target     Score     SMILES
-36.26    -35.36    -26.22      0.11      C(CC(Cc1nccs1)c1nc(C)c(C)o1)(=O)NCC#N
-25.12    -24.26     -8.14      0.20      C1CCCN(C(CNC(C(=O)Nc2ccccc2F)=O)c2cc3c(cc2)OCO3)C1
-42.97    -43.34      0.58      0.54      c1(-c2c(C)n(CCO)c(=O)n(CC(COc3ccc(CCOC)cc3)O)c2=O)nc2c(cccc2)n1O
-32.98    -31.37      7.08      0.47      c1c2c(ccc1)-c1nc3ccccc3n1C1(C(=O)Nc3ccccc3N1C)C2=O
-27.18    -27.36     -4.93      0.27      c1c(-c2nnc(SCC#CCOC(=O)c3c(F)cccc3)o2)cc2ccccc2c1
-31.01    -31.11     29.59      0.74      C1C(CN2Cc3nc(CN(Cc4cscc4)C4CC4)cc(=O)n3CC2)C1
-36.71    -38.71    -38.71      0.00      c12c(nc(CNC3CCN(CCc4c(F)cnc5ccc(OC6CCN(C(C)=O)CC5)nc4)CC3)n1C)cc(OC)cc2
-26.36    -27.03     23.21      0.61      C1CCC(C(C(=O)N2CCCC2CO)c2ccccc2)C1
-36.11    -35.44      7.35      0.52      c1(=O)c2ccc(OCC(CNc3ccc(C(C)(C)C)cc3)O)cc2oc(N2CCOCC2C)n1
-23.92    -24.31      8.77      0.40      n1c2c(cc(NC(C)=O)cc2)c(N2CCC(Cc3ccccc3)CC2)nc1
Human-Component   raw_Human-Component
0.11149425059556961   0.11149425059556961   
0.19655172526836395   0.19655172526836395   
0.5356321930885315   0.5356321930885315   
0.4689655303955078   0.4689655303955078   
0.2735632061958313   0.2735632061958313   
0.7402299046516418   0.7402299046516418   
0.0   0.0   
0.6126436591148376   0.6126436591148376   
0.5218390822410583   0.5218390822410583   
0.40344828367233276   0.40344828367233276   

