14:29:55: local_reinforcement_logger.log_message +32: INFO     starting an RL run
14:29:56: local_reinforcement_logger.timestep_report +41: INFO     
 Step 0   Fraction valid SMILES: 100.0   Score: 0.5000   Time elapsed: 1   Time left: 50.0
  Agent     Prior     Target     Score     SMILES
-25.70    -25.70     -1.96      0.74      Fc1ccc(C=C2CN3C4C(C(=O)OC)C2CC3C4)cc1F
-21.80    -21.80    -19.74      0.06      c1nc2c(OCc3ccccc3)nc(=N)[nH]c2nc1
-26.79    -26.79      4.18      0.97      c1cc(Cl)nnc1N1CCC(C(=O)Nc2c(Cl)cc(Br)cc2)CC1
-22.95    -22.95      3.89      0.84      c1(C#N)ccccc1C1CCN(C(=O)OC(C)(C)C)CC1
-21.53    -21.53     -0.88      0.65      O=C(C1(Cc2ccccc2)CCCN(CC)C1)N
-42.91    -42.91    -35.69      0.23      c1cccc2oc(O)c(C(c3ccccc3)C(c3cc(C(C)(C)C)c(O)c(F)c3)CC)c12
-25.54    -25.54     -5.93      0.61      FC(F)(F)c1nc(N2CCC(C(NCCC)=O)CC2)c2c(n1)cccc2
-22.68    -22.68      5.19      0.87      C1C2(C)C(C3CCc4c(cccc4)C3CC2)CCC1=O
-28.49    -28.49    -28.49      0.00      C1CCCC(Cn2cc(C=C(C)C(=O)OCC)nn2)O1
-35.04    -35.04     -9.23      0.81      c1c(F)ccc(Oc2ncc(N=CN(C)c3ccccc3)cn2)c1
Human-Component   raw_Human-Component
0.7419354915618896   0.7419354915618896   
0.06451612710952759   0.06451612710952759   
0.9677419066429138   0.9677419066429138   
0.8387096524238586   0.8387096524238586   
0.6451612710952759   0.6451612710952759   
0.22580644488334656   0.22580644488334656   
0.6129032373428345   0.6129032373428345   
0.8709677457809448   0.8709677457809448   
0.0   0.0   
0.8064516186714172   0.8064516186714172   

14:29:57: local_reinforcement_logger.timestep_report +41: INFO     
 Step 1   Fraction valid SMILES: 96.9   Score: 0.4844   Time elapsed: 2   Time left: 49.0
  Agent     Prior     Target     Score     SMILES
-21.86    -21.84    -17.57      0.13      c1c(NN=Cc2ccc(OCc3ccccc3)c(OC)c2)cccc1
-22.81    -22.80    -21.73      0.03      c1c(NN=Cc2c(OCC(O)=O)cccc2)ccc([N+](=O)[O-])c1
-20.48    -20.46     -1.26      0.60      c1c(C=Nc2ccc(N(C)C)cc2)c(O)cc(N(CC)CC)c1
-15.94    -15.96      2.17      0.57      N1=C(N)N=C(N)N(c2ccc(Br)cc2)C1(C)C
-20.21    -20.18      8.62      0.90      S(=O)(=O)(N1CC(=O)Nc2ccccc21)c1ccc(Cl)cc1
-42.94    -42.92    -35.46      0.23      C1Cc2c(cccc2)C(CCNC(=O)CN2C(=O)CN(C(=O)c3nc(C)sc3)CC2)C1
-26.93    -26.88     -3.41      0.73      n1c(-c2cc(NC(=O)c3c4ccccc4[nH]c(=O)c3)ccc2)oc2ccccc12
-27.44    -27.46    -13.60      0.43      c1(N2CCOCC2)oc2c(cc(-c3nc4n([nH]cc4-c4ccoc4)c(=O)c3)cc2)c1
-17.96    -17.99     -1.99      0.50      C1C(n2nc(C(N3CCOCC3)=O)c3c2-c2c(cccc2)S(=O)(=O)C3)CCNC1
-28.50    -28.50    -19.96      0.27      c1c(N2C(C(NC3CCCCC3)=O)CC3CN(CC(C)C)CC32)nccn1
Human-Component   raw_Human-Component
0.13333334028720856   0.13333334028720856   
0.03333333507180214   0.03333333507180214   
0.6000000238418579   0.6000000238418579   
0.5666666626930237   0.5666666626930237   
0.8999999761581421   0.8999999761581421   
0.23333333432674408   0.23333333432674408   
0.7333333492279053   0.7333333492279053   
0.4333333373069763   0.4333333373069763   
0.5   0.5   
0.2666666805744171   0.2666666805744171   

14:29:58: local_reinforcement_logger.timestep_report +41: INFO     
 Step 2   Fraction valid SMILES: 100.0   Score: 0.5000   Time elapsed: 3   Time left: 48.0
  Agent     Prior     Target     Score     SMILES
-24.00    -23.96    -15.70      0.26      c12ncc(-c3ccc4[nH]ccc4c3)cc1c(=N)[nH][nH]2
-30.88    -30.98     -6.21      0.77      c1nc(C(C)(C)C)ncc1-c1nc(-c2ccc(COC)cc2)cs1
-21.18    -21.31      6.56      0.87      c1cc(C2CC(=O)Nc3ccccc3S2)ccc1OC
-35.46    -35.48    -22.06      0.42      c1cccc(=NC(NC(C)=O)c2c(C#N)cc(Cl)cc2)[nH]1
-18.55    -18.61     11.33      0.94      O1CCN(c2ccc(-n3cccc3)cc2)CC1
-20.93    -21.00      5.84      0.84      N1(c2nc(C)c(CC)c(C)c2C#N)CCCCC1
-38.26    -38.24    -28.95      0.29      N1(C(c2cn(CCC)c3c2cccc3)=O)CCN(c2nc(C)cc(-c3sccc3)n2)CCC1
-24.53    -24.59     -0.85      0.74      c1cccc2ncc(-c3c(C(=NO)N)cccc3)nc12
-33.72    -33.69    -22.34      0.35      n1(CC2CC2)c2c(c(C(OCC)=O)c1C)C(=O)C(=Nc1ccc(C)cc1)C(Cl)C2=O
-28.23    -28.27      0.64      0.90      c12c(ccc(Br)c1)NC(=O)C1(C)C(c3cc(OC)ccc3)C3C(c4ccccc4OC3)N1C2=O
Human-Component   raw_Human-Component
0.25806450843811035   0.25806450843811035   
0.774193525314331   0.774193525314331   
0.8709677457809448   0.8709677457809448   
0.4193548262119293   0.4193548262119293   
0.9354838728904724   0.9354838728904724   
0.8387096524238586   0.8387096524238586   
0.29032257199287415   0.29032257199287415   
0.7419354915618896   0.7419354915618896   
0.35483869910240173   0.35483869910240173   
0.9032257795333862   0.9032257795333862   

14:29:59: local_reinforcement_logger.timestep_report +41: INFO     
 Step 3   Fraction valid SMILES: 96.9   Score: 0.4844   Time elapsed: 3   Time left: 35.2
  Agent     Prior     Target     Score     SMILES
-27.66    -27.48    -10.42      0.53      C(NC(=O)Cc1ccc(O)cc1)(CC)c1cccc(N)c1
-29.50    -29.55    -13.55      0.50      c1cc(C(F)(F)F)c(Cl)cc1S(=O)(=O)N(CC(F)F)c1c(C)nn(C)c1C
-24.16    -24.03    -24.03      0.00      c1c(C(NN=Cc2c(O)c(O)c(O)cc2)=O)ccc([N+](=O)[O-])c1C
-28.97    -29.13    -16.33      0.40      OC(=O)CN1C(=O)C(=C2SC(=Nc3ncccc3)NC2=O)N(CC)C1=O
-22.90    -22.91    -13.31      0.30      c1cc(CC(NN=Cc2c(Cl)cccc2)=O)cc(OC)c1OC
-19.67    -19.65      9.15      0.90      C1CC2(N=C(N)N=C(N)N2OCCCOc2ccc(OC)cc2)CCC1
-34.91    -34.87    -14.61      0.63      C1CC(C#Cc2ccc(C#CCCCC)c(OC)c2)C(C(=O)O)(N)C1
-24.24    -24.40    -16.93      0.23      c1n(Cc2ccccc2)c2c(nc(C)c3ccccc23)c1
-28.42    -28.07     -6.74      0.67      C(CCn1c2c(c3cc(O)ccc31)c(C)nc1c2cc(O)cc1)N(C)C
-24.56    -24.53      6.41      0.97      C(N1CC2C(C1)OCCN(Cc1ccco1)C2)C1CC1
Human-Component   raw_Human-Component
0.5333333611488342   0.5333333611488342   
0.5   0.5   
0.0   0.0   
0.4000000059604645   0.4000000059604645   
0.30000001192092896   0.30000001192092896   
0.8999999761581421   0.8999999761581421   
0.6333333253860474   0.6333333253860474   
0.23333333432674408   0.23333333432674408   
0.6666666865348816   0.6666666865348816   
0.9666666388511658   0.9666666388511658   

14:30:00: local_reinforcement_logger.timestep_report +41: INFO     
 Step 4   Fraction valid SMILES: 100.0   Score: 0.5000   Time elapsed: 4   Time left: 36.8
  Agent     Prior     Target     Score     SMILES
-35.64    -35.57    -34.54      0.03      C(OC(c1noc(CCC(C)C)c1C#CC(C)(c1cccs1)C)=O)C
-28.08    -28.27      1.66      0.94      c1cc2c(=NCCCCCCCNC(=O)c3c4c(nc5ccccc5n4)ccc3)c3c([nH]c2cc1)cc(Cl)cc3
-38.54    -38.68    -28.36      0.32      c1c2c(cc(Cl)c1)c(=O)c(-c1ccccc1)c(-c1ccc(NS(c3cc(C)ccc3)(=O)=O)cc1)s2
-47.34    -47.50    -32.01      0.48      c1c(N2C(=O)C3C(c4c5ccccc5sc4)Nc4c(ccc(C(F)(F)F)c4)-n4ccnc4C3C2C)cccc1
-26.13    -25.93    -11.48      0.45      N1(S(=O)(c2cc(NC(=O)c3ccc(S(=O)(N(C)C)=O)cc3)ccc2Cl)=O)CCCC1
-25.63    -25.58      5.38      0.97      C1(Oc2cc3ccc(-c4cc(O)ccc4)nc3cc2)CCN(C)CC1
-43.16    -43.35    -17.54      0.81      CC1(C)OC2C(OC(C(CNC(=O)C(=C)C3CCC4C3(C)CCC3C5(C)CCC(=O)CC5C(=O)C3)CC4)O2)O1
-25.20    -25.15     -5.53      0.61      N#Cc1c(=Nc2ccc(Cl)cc2)[nH]n(C(C)=O)c1
-30.66    -30.59    -27.50      0.10      c1(N(C(=O)c2cncs2)C(C)C)ccc(C#N)c(C(F)(F)F)c1
-22.36    -22.35     -9.96      0.39      CC(C)C(O)CCC(C)C1CCC2C(=CC=C3CC(O)CC(O)C3=C)CCCC12C
Human-Component   raw_Human-Component
0.032258063554763794   0.032258063554763794   
0.9354838728904724   0.9354838728904724   
0.32258063554763794   0.32258063554763794   
0.4838709533214569   0.4838709533214569   
0.4516128897666931   0.4516128897666931   
0.9677419066429138   0.9677419066429138   
0.8064516186714172   0.8064516186714172   
0.6129032373428345   0.6129032373428345   
0.09677419066429138   0.09677419066429138   
0.3870967626571655   0.3870967626571655   

14:30:01: local_reinforcement_logger.timestep_report +41: INFO     
 Step 5   Fraction valid SMILES: 100.0   Score: 0.5000   Time elapsed: 5   Time left: 37.5
  Agent     Prior     Target     Score     SMILES
-22.99    -23.04      6.90      0.94      C(N1CCOCC1)CCn1c(=O)c2cscc2[nH]c1=O
-27.56    -27.32     -5.65      0.68      c1(OC)c(OC)cc(C2(CNC(=O)NC(C)COC)CCCC2)cc1
-22.68    -22.79    -15.57      0.23      c1c(NC(=O)CCCC)cc2ccccc2n1
-18.95    -19.00     -4.55      0.45      c1(Cl)cc(C(O)=O)[nH]c1Cl
-28.40    -28.33    -25.23      0.10      c1cc(-n2c(N)c(C(OCC)=O)c3cccnc32)c(SC)cc1
-20.41    -20.56    -16.43      0.13      c1(-c2oc(SCC(=O)Nc3ccccc3Cl)nn2)ccccc1
-26.52    -26.33    -26.33      0.00      c1(-c2cn(-c3ccc(C)cc3)c(SCC(=O)OC)n2)cnccc1
-36.98    -36.98    -16.34      0.65      n1c(-c2c3n(nccc3C)c(C(F)(F)F)n2)cc[nH]c1=Nc1ccc(F)c(F)c1
-22.00    -22.18    -17.01      0.16      c1cc(NC(=O)CSCc2ccccc2Br)ccc1F
-34.02    -33.95    -31.89      0.06      c1(C(=O)OCC)c(=Nc2cccc(C(C)=O)c2)c2c(n(-c3ccccc3)cc2C#N)[nH]c1
Human-Component   raw_Human-Component
0.9354838728904724   0.9354838728904724   
0.6774193644523621   0.6774193644523621   
0.22580644488334656   0.22580644488334656   
0.4516128897666931   0.4516128897666931   
0.09677419066429138   0.09677419066429138   
0.12903225421905518   0.12903225421905518   
0.0   0.0   
0.6451612710952759   0.6451612710952759   
0.16129031777381897   0.16129031777381897   
0.06451612710952759   0.06451612710952759   

14:30:01: local_reinforcement_logger.timestep_report +41: INFO     
 Step 6   Fraction valid SMILES: 96.9   Score: 0.4844   Time elapsed: 6   Time left: 37.7
  Agent     Prior     Target     Score     SMILES
-45.01    -44.80    -34.13      0.33      CN(Cc1c(C(NCc2ccc(C)o2)O)[nH]oc1=O)C(=O)N=c1[nH]cc(Cl)s1
-36.79    -36.63     -5.70      0.97      C1N(S(c2sc(Cl)cc2)(=O)=O)CCN(CC(=O)N(c2ccc(Cl)c(C(F)(F)F)c2)C2CC2)C1
-23.13    -23.39     -5.26      0.57      n1cc(Cl)ccc1N=c1scc(-c2cccs2)[nH]1
-24.90    -24.93    -12.13      0.40      C1CN(C)CCN1S(c1ccc(CNC(=O)c2cnc3c(c2)cn[nH]3)cc1)(=O)=O
-24.49    -24.06    -17.66      0.20      c1(S(c2ccc(C(NCc3occc3)=O)cc2[N+]([O-])=O)(=O)=O)ccc(C)cc1
-30.01    -29.94    -26.74      0.10      s1nc(OCC(OCC)=O)c(C#N)c1-c1cc2c(cccc2)oc1=O
-25.38    -25.34      2.39      0.87      CCn1cc(CN2CCN(c3c(F)cc4c(n(C5CC5)cc(C(=O)O)c4=O)c3)CC2)cn1
-35.09    -34.89    -25.29      0.30      c1(C(C(=O)O)NC(CN2C(=O)C(Cc3ccc(OC)c(OC4CCCC4)c3)=NC2=O)=O)ccccc1
-35.27    -34.70    -13.36      0.67      n1(CCCOC)c(N)c(C(Nc2ccc(CC)cc2)=O)c(=O)n(CC2CCCCC2)c1=O
-30.16    -30.10     -6.63      0.73      C1C(N(c2ncnc3n(Cc4ccc(-c5ccccc5)cc4)ncc32)C)CCCCC1
Human-Component   raw_Human-Component
0.3333333432674408   0.3333333432674408   
0.9666666388511658   0.9666666388511658   
0.5666666626930237   0.5666666626930237   
0.4000000059604645   0.4000000059604645   
0.20000000298023224   0.20000000298023224   
0.10000000149011612   0.10000000149011612   
0.8666666746139526   0.8666666746139526   
0.30000001192092896   0.30000001192092896   
0.6666666865348816   0.6666666865348816   
0.7333333492279053   0.7333333492279053   

14:30:02: local_reinforcement_logger.timestep_report +41: INFO     
 Step 7   Fraction valid SMILES: 100.0   Score: 0.5000   Time elapsed: 6   Time left: 32.2
  Agent     Prior     Target     Score     SMILES
-22.46    -22.93     -3.31      0.61      N1=C(c2c(-c3ccccc3)nns2)CCC(=O)N1
-28.95    -28.95    -18.63      0.32      c1cc(CNC(c2cc3c(n2Cc2occc2)nccc3)=O)ccn1
-24.12    -24.23    -24.23      0.00      c1c(NC(=O)NCc2ccc(OC(C)(C)C)cc2)cncc1
-31.00    -31.23    -25.04      0.19      c1(C(OCc2c(Br)cncc2)=O)cc(Br)cnc1
-31.30    -31.08    -16.63      0.45      C(=O)(c1cnn2cccnc12)Nc1cc(CN2C(C(N(C)C)=O)CCCC2)ccc1
-29.43    -29.25    -19.96      0.29      c1c(CN(C)C(c2ccc(C(c3ccccc3)=C3SCCN3)cc2)=O)cccc1
-29.45    -29.46    -18.11      0.35      O=S(=O)(c1ccc(-c2cccc(OC)c2)cc1)N1CCC(c2ccccc2)(C(O)=O)CC1
-20.40    -20.32     -1.74      0.58      c1(O)c(Cc2ccc(C(C)(C)C)cc2)c(=O)[nH]c(=S)[nH]1
-22.48    -22.71      8.25      0.97      C1CN(CCCCn2c3ccccc3sc2=O)CCC1C(=O)c1ccc(F)cc1
-20.58    -20.40      0.24      0.65      n1(CCO)c(=O)c2sccc2[nH]c1=S
Human-Component   raw_Human-Component
0.6129032373428345   0.6129032373428345   
0.32258063554763794   0.32258063554763794   
0.0   0.0   
0.19354838132858276   0.19354838132858276   
0.4516128897666931   0.4516128897666931   
0.29032257199287415   0.29032257199287415   
0.35483869910240173   0.35483869910240173   
0.5806451439857483   0.5806451439857483   
0.9677419066429138   0.9677419066429138   
0.6451612710952759   0.6451612710952759   

14:30:03: local_reinforcement_logger.timestep_report +41: INFO     
 Step 8   Fraction valid SMILES: 100.0   Score: 0.5000   Time elapsed: 7   Time left: 32.7
  Agent     Prior     Target     Score     SMILES
-25.38    -25.37     -1.62      0.74      c1(C=Cc2ccc(N)cc2)n(C)c2c(=O)n(CC)c(=O)n(C)c2n1
-25.75    -25.54      2.33      0.87      C(O)CCCCCc1cccc(C2C(O)C(O)C(O)C(CO)O2)c1
-34.84    -35.46    -21.01      0.45      c1ccccc1CN=c1c2c([nH]cn2)n2c(nc[nH]2)c1C#N
-45.69    -45.35    -38.13      0.23      c1(CC(O)=O)nnn(C=CC=Cc2ccc(C#N)c(OC(CC)CC)c2)c1
-33.35    -33.27    -19.85      0.42      c12ccccc1cc1c([nH]c3c(c1=N)Cc1sc(C)c(C)c1-3)n2
-32.19    -32.20     -6.39      0.81      C1(N=c2c3c(n(C4C(O)C(O)C(OCc5nc6c(cccc6)[nH]5)O4)cn3)nc[nH]2)CC1
-35.94    -35.99    -17.41      0.58      c1cccc2nc(COc3cc(C)nc(N4CC5(CC6CCC(C5)O6)C4)n3)ccc12
-38.35    -38.49    -17.84      0.65      CC1(C2Cc3ccccc3C2=O)CC(OCc2cccc(OC)c2)OC1=O
-27.49    -27.53     -4.82      0.71      N(C(C1CCN(Cc2cc(NC(=O)c3cc(C)ccn3)ccc2)CC1)=O)CC1CC1
-26.88    -27.04    -10.52      0.52      CC1CN(C)CC(O)(CNC(c2ccc(F)cc2)=O)C1
Human-Component   raw_Human-Component
0.7419354915618896   0.7419354915618896   
0.8709677457809448   0.8709677457809448   
0.4516128897666931   0.4516128897666931   
0.22580644488334656   0.22580644488334656   
0.4193548262119293   0.4193548262119293   
0.8064516186714172   0.8064516186714172   
0.5806451439857483   0.5806451439857483   
0.6451612710952759   0.6451612710952759   
0.7096773982048035   0.7096773982048035   
0.5161290168762207   0.5161290168762207   

14:30:04: local_reinforcement_logger.timestep_report +41: INFO     
 Step 9   Fraction valid SMILES: 100.0   Score: 0.5000   Time elapsed: 8   Time left: 32.8
  Agent     Prior     Target     Score     SMILES
-27.61    -28.06    -21.87      0.19      C12CC3(C(=O)NCc4ccccc4)CC(C1)C(c1ccc(O)cc1)(C2)C3
-23.02    -22.85    -17.69      0.16      c1(-c2ccc(OCC(O)=O)cc2)cc(-c2ccccc2)c(C#N)c(=N)[nH]1
-29.36    -29.03    -16.64      0.39      c1(C(CC(SCC(O)=O)c2cc(OCC)c(OC)cc2)=O)ccc(Cl)cc1
-20.97    -21.20      6.67      0.87      c12ccccc1[nH]c(C)c2C(N1CCN(c2ccc(F)cc2)CC1)=O
-50.39    -50.44    -41.15      0.29      CCCCCCCCCCCCCCC(C=CC1=C(C=CC(C#C)O)C(=O)C1)(CC)O
-44.53    -44.40    -43.37      0.03      N1C(=O)NC2(C3=C(N(C)C2=O)C([N+]([O-])=O)C(c2ccc(Oc4ccccc4)cc2)C(C#N)=C3N2CCOCC2)C1=O
-25.69    -25.19      0.61      0.81      C(N1CCN(c2nc(C)nc3c2c(-c2cccs2)cs3)CC1)C
-50.94    -51.24    -19.24      1.00      c1c2c(ccc1)NC(=O)C21C2c3cccc(Cl)c3OCC2C(S(=O)(=O)Cc2cccc(Cl)c2)c2c1cccc2
-27.17    -27.00     -3.26      0.74      c1(C(F)(F)F)ccccc1C(Nc1cc(OC)c(NC(=O)c2ccncc2)cc1)=O
-25.89    -25.97     -1.19      0.77      c1ccc(N(C)S(=O)(c2sc(Cl)c(Br)c2)=O)cc1
Human-Component   raw_Human-Component
0.19354838132858276   0.19354838132858276   
0.16129031777381897   0.16129031777381897   
0.3870967626571655   0.3870967626571655   
0.8709677457809448   0.8709677457809448   
0.29032257199287415   0.29032257199287415   
0.032258063554763794   0.032258063554763794   
0.8064516186714172   0.8064516186714172   
1.0   1.0   
0.7419354915618896   0.7419354915618896   
0.774193525314331   0.774193525314331   

14:30:05: local_reinforcement_logger.log_message +32: INFO     Resetting Agent
14:30:05: local_reinforcement_logger.log_message +32: INFO     Adjusting sigma to: 82
14:30:05: local_reinforcement_logger.timestep_report +41: INFO     
 Step 10   Fraction valid SMILES: 100.0   Score: 0.5000   Time elapsed: 9   Time left: 32.7
  Agent     Prior     Target     Score     SMILES
-22.86    -23.16    -18.00      0.16      c1ccccc1Cn1c2c(nc(-c3ccc(N)cc3)c1=O)cncc2
-19.05    -19.18      0.43      0.61      c1ccc(O)c(C(C=Cc2ccc(OC)cc2)=O)c1O
-19.12    -19.23    -13.04      0.19      c1cc(OC)ccc1S(n1nc(C)cc1)(=O)=O
-24.28    -24.74      3.13      0.87      O(c1ccc(F)cc1)CC1OCCCN(Cc2ncccc2)C1
-26.81    -26.60    -26.60      0.00      c1c(C(NNC(CC(=O)NCc2ccccc2)=O)=N)cncc1
-21.15    -21.53     10.47      1.00      c12c(=N)c3c(cc(Cl)cc3)[nH]c1CC1CC2C1(C)C
-29.60    -30.03    -17.65      0.39      N(C1CCN(C(C)=O)CC1)=c1c2c(nc(-c3ccccc3)[nH]1)sc(CC)c2
-24.32    -24.35    -10.93      0.42      c1c(C2=C(C(=O)OC)C3CCC(C2)S3)ccc2cc(OC)ccc12
-17.21    -17.63     11.28      0.90      O=C1N(CN2CCN(c3ccccc3)CC2)C(=O)c2ccccc21
-26.97    -27.48     -9.93      0.55      c12c(NC(=O)N3CC(F)(F)C3)cccc1n[nH]c2
Human-Component   raw_Human-Component
0.16129031777381897   0.16129031777381897   
0.6129032373428345   0.6129032373428345   
0.19354838132858276   0.19354838132858276   
0.8709677457809448   0.8709677457809448   
0.0   0.0   
1.0   1.0   
0.3870967626571655   0.3870967626571655   
0.4193548262119293   0.4193548262119293   
0.9032257795333862   0.9032257795333862   
0.5483871102333069   0.5483871102333069   

14:30:07: local_reinforcement_logger.timestep_report +41: INFO     
 Step 11   Fraction valid SMILES: 100.0   Score: 0.5000   Time elapsed: 11   Time left: 35.8
  Agent     Prior     Target     Score     SMILES
-36.48    -36.48     42.87      0.97      O(c1ccc(C(c2c3cc(Br)ccc3n(Cc3ccc(C#N)cc3)c2)c2c(-c3c(Cl)cc(Cl)cc3)nn(-c3ccc(Cl)cc3)c2)cc1)C
-32.97    -32.97     49.03      1.00      c12ccc(-c3ccc(O)cc3)cc1c1c([nH]2)-c2c(ccc(O)c2)NC1c1ccc(C=Cc2ccccc2)cc1
-26.36    -26.36    -13.13      0.16      O=C(N=c1c(-c2nc(C)cs2)c(-c2ccccc2)[nH]o1)C
-37.20    -37.20    -34.56      0.03      C(C1OC(O)C(OC(=O)c2ccc(N(C)C)c(O)c2)C(O)C1O)OC1C(O)C(O)(CO)CO1
-27.61    -27.61     27.94      0.68      O(C(CCNC(c1ccccc1C)=O)=O)CC(=O)N1C(C)(C)C(=O)Nc2ccccc21
-20.14    -20.14     -9.56      0.13      C1CCCC(CNc2c(N3CCC(C(=O)OCC)CC3)c(=O)c2=O)C1
-34.87    -34.87      2.17      0.45      CC1(C)NC(C)C(O)C(O)(CC)c2c1c(-c1ccc(C)cc1)ccc2
-18.74    -18.74     31.51      0.61      c12c(cc3sc(=N)[nH]c3c1)OCCO2
-30.80    -30.80     22.10      0.65      N#Cc1cnc(N2CCOCC2)cc1-n1c2ccccc2nn1
-30.20    -30.20     30.64      0.74      c1cc(Cn2cc(C(NN3C(=O)C(Cl)C3c3ccccc3)O)cc2O)ccc1
Human-Component   raw_Human-Component
0.9677419066429138   0.9677419066429138   
1.0   1.0   
0.16129031777381897   0.16129031777381897   
0.032258063554763794   0.032258063554763794   
0.6774193644523621   0.6774193644523621   
0.12903225421905518   0.12903225421905518   
0.4516128897666931   0.4516128897666931   
0.6129032373428345   0.6129032373428345   
0.6451612710952759   0.6451612710952759   
0.7419354915618896   0.7419354915618896   

14:30:08: local_reinforcement_logger.timestep_report +41: INFO     
 Step 12   Fraction valid SMILES: 96.9   Score: 0.4844   Time elapsed: 12   Time left: 35.1
  Agent     Prior     Target     Score     SMILES
-25.31    -25.43     21.03      0.57      c1cc(N2CCN(c3ccc(S(C4(C(O)=NO)CCOCC4)(=O)=O)cc3)CC2)ccc1-n1ccnc1
-37.56    -37.56    -21.16      0.20      c1c(C(F)(F)F)ccc(-c2nc(C)c(C(=O)N(Cc3cscc3)C3C(N(C)C)CCCC3)s2)c1
-21.28    -21.22     -2.09      0.23      [nH]1c(=O)c(CCc2ccccc2)nc(C)c1
-33.32    -33.32     37.75      0.87      c1ccccc1C(=NOC)c1csc(N=c2[nH]cnc3c2nc[nH]3)c1
-29.65    -29.60     44.20      0.90      N1(Cc2ccccc2)CCN(CCCCCOC(c2cc(OC)c(OC)c(OC)c2)=O)C1=O
-26.38    -26.35     17.39      0.53      C1C(C(=O)Nc2ccccc2Br)CCCN1c1ncnc2n(C)ncc21
-25.57    -25.57    -20.11      0.07      c1(C(NC(c2cc(-c3ccc(C)cc3)cc(N(C(C(C)C)=O)C)c2)=O)C)nccs1
-24.71    -24.73      8.07      0.40      S(c1[nH]c(-c2ccccc2)c(C#N)c(=Nc2ccc(C)c(C)c2)n1)C
-21.68    -21.67      0.20      0.27      c1(S(=O)(=O)Nc2cc(C(=O)C)ccc2)ccc2[nH]c(=O)[nH]c2c1
-24.23    -24.19     35.94      0.73      c1(=O)[nH]c2c(c(-c3ccc(F)cc3)c1C#N)COc1ccc(C)cc1-2
Human-Component   raw_Human-Component
0.5666666626930237   0.5666666626930237   
0.20000000298023224   0.20000000298023224   
0.23333333432674408   0.23333333432674408   
0.8666666746139526   0.8666666746139526   
0.8999999761581421   0.8999999761581421   
0.5333333611488342   0.5333333611488342   
0.06666667014360428   0.06666667014360428   
0.4000000059604645   0.4000000059604645   
0.2666666805744171   0.2666666805744171   
0.7333333492279053   0.7333333492279053   

14:30:09: local_reinforcement_logger.timestep_report +41: INFO     
 Step 13   Fraction valid SMILES: 100.0   Score: 0.5000   Time elapsed: 13   Time left: 34.4
  Agent     Prior     Target     Score     SMILES
-24.15    -24.34     52.37      0.94      c1cc(Cl)cc(Cl)c1NS(=O)(c1cc(NC2CCN(C)CC2)ccc1)=O
-23.54    -23.45      3.00      0.32      c1ncc(C=NNC(=O)C(NC(=O)OC(C)(C)C)CCSC)cc1
-28.69    -28.67    -10.15      0.23      c1(-c2ccco2)n2c3c(=O)n(C)c(=O)n(C)c3nc2n(-c2cccc(OC)c2)n1
-19.75    -19.82     46.31      0.81      n1c(-n2c(=S)[nH]cc2)cccc1
-28.88    -28.81    -23.52      0.06      C(Nc1ccc2c(c1)OCO2)(=O)CNC(=O)C(c1ccccc1)NC(C)=O
-37.36    -37.29     23.55      0.74      Oc1c(F)cc(-c2[nH]c3cc(=Nc4c(F)c(C)ccc4)[nH]nc3c2)cc1F
-41.21    -41.01    -30.43      0.13      C(CCCCCc1sc(CN(S(C)(=O)=O)CC(Nc2ccccc2)=O)cn1)CCCCC
-33.49    -33.42      8.91      0.52      CC(C(CO)n1cc(C(c2cc(NC(Cc3c[nH]c(=NC(=O)C)cc3)=O)cnc2)=O)c2cnccc21)(C)C
-32.47    -32.41     20.50      0.65      c1c(C)ccc(CSCCC(c2n(C)ccn2)=NOC)c1
-20.00    -20.02     51.40      0.87      o1cccc1-c1n(-c2ccc3c(c2)OCO3)c(=S)[nH]n1
Human-Component   raw_Human-Component
0.9354838728904724   0.9354838728904724   
0.32258063554763794   0.32258063554763794   
0.22580644488334656   0.22580644488334656   
0.8064516186714172   0.8064516186714172   
0.06451612710952759   0.06451612710952759   
0.7419354915618896   0.7419354915618896   
0.12903225421905518   0.12903225421905518   
0.5161290168762207   0.5161290168762207   
0.6451612710952759   0.6451612710952759   
0.8709677457809448   0.8709677457809448   

14:30:10: local_reinforcement_logger.timestep_report +41: INFO     
 Step 14   Fraction valid SMILES: 93.8   Score: 0.4688   Time elapsed: 14   Time left: 33.6
  Agent     Prior     Target     Score     SMILES
-35.48    -35.58    -35.58      0.00      C(Cc1sc(CC(=NC(c2ccccc2)=O)C(=O)Nc2ccc(C(C)=O)cc2)cc1)Cc1cnccc1
-21.51    -21.54     60.46      1.00      FC(F)(F)c1cc(N2CCN(C(=O)C(Cc3ccc(Cl)cc3)N)CC2)ccc1
-29.08    -29.28     49.89      0.97      c12c3cccc1c(=O)[nH]nc2CN3S(c1cccc(F)c1)(=O)=O
-26.53    -26.46     49.89      0.93      c1(Cl)cc2c(cc1)c(=NCCCN1C(=O)CSC=C1c1ccc(OC)cc1)cc[nH]2
-26.29    -26.44    -26.44      0.00      c1(-c2ccccc2Cl)ccc2c(N3C(C)COCC3)[nH]c(N3CCOCC3C)nc2n1
-73.77    -73.51    -39.57      0.41      c1cc(-c2ccc(C(N(CCCCN)Cc3c(OCC(=O)NCC(=O)O)cc(CNC4CC4c5ccc(F)cc5)cc3)=O)c(F)c2)c(S(N)(=O)=O)cc1
-21.32    -21.31      1.31      0.28      FC(c1nnc2ccc(-c3cc(OC)ccc3)cn12)(F)F
-32.53    -32.67    -12.88      0.24      n1c(N2CCN(C)CC2)ncc(NC(Nc2ccc(-c3c4c([nH]cnc4=N)n(C)c3)cc2)=O)c1
-21.30    -21.14     -4.17      0.21      C(COC(=O)c1c(O)cc(O)cc1)(C)=C
-24.53    -24.51     23.56      0.59      C(CCC(NCCc1ccc(OC)cc1)=O)CN1C(=O)c2c(cccc2)C1=O
Human-Component   raw_Human-Component
0.0   0.0   
1.0   1.0   
0.9655172228813171   0.9655172228813171   
0.931034505367279   0.931034505367279   
0.0   0.0   
0.4137931168079376   0.4137931168079376   
0.27586206793785095   0.27586206793785095   
0.24137930572032928   0.24137930572032928   
0.2068965584039688   0.2068965584039688   
0.5862069129943848   0.5862069129943848   

14:30:11: local_reinforcement_logger.timestep_report +41: INFO     
 Step 15   Fraction valid SMILES: 96.9   Score: 0.4844   Time elapsed: 15   Time left: 32.8
  Agent     Prior     Target     Score     SMILES
-34.92    -34.99    -10.39      0.30      N(=C(CN1c2c(cc([N+]([O-])=O)cc2)NC(c2ccc(C)cc2)C1C)O)O
-36.25    -36.01     32.33      0.83      c1c(CN2CCC3(CC2)CC(N(Cc2ccncc2)CCC)N(C)C3=O)ccnc1
-28.19    -28.16     15.58      0.53      c1(C(=O)O)c(-c2ccc(N)c(N)c2)ncnc1
-26.94    -26.84    -10.44      0.20      c1ccc(C(F)(F)F)cc1C1(c2ccc(F)c(C)c2)NC(=N)c2c(F)cccc21
-24.76    -24.87     46.19      0.87      Brc1c(Br)sc(C=C2C(=O)NC(=O)N(c3ccccc3)C2=O)c1
-32.12    -32.23    -32.23      0.00      n12c3ccccc3c3c1c(c1ccccc13)C(=O)C(N1CCOCC1)=CC2=O
-25.79    -25.92     -6.78      0.23      c1(Cc2ccccc2)c(O)ccc(C=CC(=O)c2ccccc2)c1
-36.97    -37.05     25.82      0.77      N(C(Nc1cccc(OC2CCCC2)c1)=O)C1CC1c1cc(C)ccc1C
-30.09    -30.04      5.49      0.43      [N+](=O)(c1ccc2n(C)c(O)c(C(=O)C=Cc3ccc(C#N)cc3)c2c1)[O-]
-31.82    -31.68     -1.61      0.37      C(C1CCC(C(NC(C)(C)C)=O)CC1)(Nc1ccc(O)c(Cl)c1)=O
Human-Component   raw_Human-Component
0.30000001192092896   0.30000001192092896   
0.8333333134651184   0.8333333134651184   
0.5333333611488342   0.5333333611488342   
0.20000000298023224   0.20000000298023224   
0.8666666746139526   0.8666666746139526   
0.0   0.0   
0.23333333432674408   0.23333333432674408   
0.7666666507720947   0.7666666507720947   
0.4333333373069763   0.4333333373069763   
0.36666667461395264   0.36666667461395264   

14:30:12: local_reinforcement_logger.timestep_report +41: INFO     
 Step 16   Fraction valid SMILES: 100.0   Score: 0.5000   Time elapsed: 16   Time left: 32.0
  Agent     Prior     Target     Score     SMILES
-44.57    -44.51     24.27      0.84      C(c1cc(Cl)ccc1)n1c(=O)c2cnc(C(NC(C(O)=O)c3ccccc3)=O)cc2nc1C1CC(=O)OC1
-24.32    -24.52     31.03      0.68      c1(Cl)nc2ccc(Cl)cc2c(=Nc2ccccc2O)[nH]1
-21.90    -22.16     43.97      0.81      N1(c2cc(=NCc3ccccc3Cl)nc[nH]2)CCNCC1
-22.71    -22.72      3.73      0.32      n1c(N2CCOCC2)[nH]c(=Nc2ccccc2)[nH]c1=NN=Cc1cc(OC)c(O)cc1
-21.04    -20.97     21.36      0.52      c1(F)ccccc1NC(c1nc(C2CC2)c[nH]c1=Nc1cncnc1)=O
-30.02    -29.96    -14.08      0.19      c1(N(CCO)c2c(F)c(C)c(F)cc2)cc2c(cc1)ncc(-c1cnn(C)c1)n2
-20.16    -20.13    -20.13      0.00      c1c(CNC(=O)C2CCN(S(=O)(c3ccccc3)=O)CC2)occ1
-25.62    -25.84     11.19      0.45      Cc1cc2c(c(-c3ccsc3)c1)C(=O)NC2
-20.56    -20.66     -2.15      0.23      c1cc(OC(=O)C)ccc1C1CC(=O)c2c(cc(OC)cc2)O1
-22.20    -22.43     59.57      1.00      c1c2c(ccc1Cl)[nH]c(=S)n(-c1ccc(F)cc1)c2=O
Human-Component   raw_Human-Component
0.8387096524238586   0.8387096524238586   
0.6774193644523621   0.6774193644523621   
0.8064516186714172   0.8064516186714172   
0.32258063554763794   0.32258063554763794   
0.5161290168762207   0.5161290168762207   
0.19354838132858276   0.19354838132858276   
0.0   0.0   
0.4516128897666931   0.4516128897666931   
0.22580644488334656   0.22580644488334656   
1.0   1.0   

14:30:12: local_reinforcement_logger.timestep_report +41: INFO     
 Step 17   Fraction valid SMILES: 96.9   Score: 0.4844   Time elapsed: 17   Time left: 31.2
  Agent     Prior     Target     Score     SMILES
-22.35    -22.63     53.90      0.93      N(c1cc2c(cc1)CCCN2S(=O)(=O)C)(C)Cc1ccccc1
-33.12    -33.45     45.82      0.97      C1CN(Cc2c(N(C)C)cccc2)CCC1CNCCCCCCCC
-29.34    -28.95     20.25      0.60      C(CCCN=c1[nH]ccc(=Nc2cc(CN(CC)CC)c(O)cc2)[nH]1)CCCCCCCC
-37.23    -36.75      4.25      0.50      c1(O)cc(OC)c(O)c(Br)c1C(COC(=O)CC(C)(C)O)=O
-18.68    -18.68      3.19      0.27      NCCc1cc(O)c(O)c([N+](=O)[O-])c1
-23.74    -23.83    -21.09      0.03      c1(C(Nc2ccc3c(sc(SCCNC(=O)OCC=C)n3)c2)=O)ccco1
-23.83    -23.84     33.56      0.70      CCn1c(C#N)cnc1
-27.88    -27.80     54.20      1.00      N(CC)(CC)CCCCCCC(NC1CCN(CCO)CC1)=O
-20.29    -20.29     48.05      0.83      c1ccc(C2Nc3c(cccc3)C(=O)N2O)s1
-34.79    -35.18    -35.18      0.00      C1c2c(c3c(nc2=O)Nc2c-3cc(C)cc2)-c2ccccc21
Human-Component   raw_Human-Component
0.9333333373069763   0.9333333373069763   
0.9666666388511658   0.9666666388511658   
0.6000000238418579   0.6000000238418579   
0.5   0.5   
0.2666666805744171   0.2666666805744171   
0.03333333507180214   0.03333333507180214   
0.699999988079071   0.699999988079071   
1.0   1.0   
0.8333333134651184   0.8333333134651184   
0.0   0.0   

14:30:13: local_reinforcement_logger.timestep_report +41: INFO     
 Step 18   Fraction valid SMILES: 93.8   Score: 0.4688   Time elapsed: 18   Time left: 30.3
  Agent     Prior     Target     Score     SMILES
-43.42    -43.21    -29.07      0.17      C(=O)(c1cccc2[nH]c(-c3cc(COCCCc4cc(OC)ccc4)c(OC)cc3)nc12)N
-25.97    -26.08      5.02      0.38      c1(NC(N2CC3OC(CN(CC4CCCCC4)C3)C2)=O)ccc(F)cc1
-22.25    -22.41     39.80      0.76      N12C(C)=CSC1=NCC=C2
-35.88    -35.80    -30.14      0.07      c1(C(=O)C)ccc2n(Cc3cccc(C(F)(F)F)c3)cc(C(NCCCC)=O)c2n1
-21.10    -21.25     29.65      0.62      S=c1[nH]c(=N)c(-c2ccc(F)cc2)c[nH]1
-17.94    -17.85     35.87      0.66      C(CCC)C(CN)O
-24.52    -24.68     17.73      0.52      c1cc2n[nH]c(-c3ccc4c(O)c(O)ccc4c3)c2cc1
-26.04    -26.02    -14.71      0.14      c1(C)[nH]c(=N)[nH]c(=N)c1-c1cnc(N2CCOCC2)cc1
-26.02    -25.71     11.05      0.45      n1c(N2CCN(C(c3n(C4CCCCC4)nnn3)CCC)CC2)c2c(C)c(C)sc2nc1C
-21.92    -21.91     23.33      0.55      c1nc(Cl)ccc1C(NN=Cc1ccc(C)o1)=O
Human-Component   raw_Human-Component
0.17241379618644714   0.17241379618644714   
0.37931033968925476   0.37931033968925476   
0.7586206793785095   0.7586206793785095   
0.06896551698446274   0.06896551698446274   
0.6206896305084229   0.6206896305084229   
0.6551724076271057   0.6551724076271057   
0.517241358757019   0.517241358757019   
0.13793103396892548   0.13793103396892548   
0.4482758641242981   0.4482758641242981   
0.5517241358757019   0.5517241358757019   

14:30:14: local_reinforcement_logger.timestep_report +41: INFO     
 Step 19   Fraction valid SMILES: 90.6   Score: 0.4531   Time elapsed: 19   Time left: 29.4
  Agent     Prior     Target     Score     SMILES
-24.24    -24.15     -6.58      0.21      C(=O)(NCC[n+]1ccccc1)COc1ccccc1
-22.33    -22.16      1.27      0.29      c1ccc(C(c2c(C(O)=O)sc(C)c2C)=O)cc1
-46.30    -46.19    -46.19      0.00      N(=C=O)C(CCc1c2c(cccc2)n2nnc(S(=O)(=O)c3ccccc3)c21)C(=O)OCC
-24.46    -24.36     54.71      0.96      C1(C#N)C(n2[nH]c(=Nc3ccc(F)cc3)c(C(N)=O)c2)CCC(NC(=O)c2cc(C)ccc2)C1
-34.88    -35.17      8.76      0.54      C1OC(CNC(c2cc([N+](=O)[O-])c(N3CCc4[nH]c(=Nc5ccc(N6CCN(C)CC6)cc5)ncc4C3)cc2)=O)CC1
-22.50    -22.44     53.70      0.93      C1C(CNC(c2c(OC)cc(NC)c(Cl)c2)=O)CN(C)CC1
-37.29    -37.37    -37.37      0.00      c1(C=NNC(=N)c2ccncc2)ccc(NC(NC(CCC(=O)O)c2ccccc2)=O)cc1
-30.73    -31.12     50.88      1.00      C(CCSCCN1C(=O)c2cccc3c2c(ccc3)C1=O)CCCCC=C
-30.43    -30.18    -15.53      0.18      c1(NC(N=c2nn[nH]n2Cc2ccc(OC)cc2)O)ccccc1
-26.00    -26.11     20.75      0.57      C1(c2noc(C3CC3)n2)C2CN(Cc3cnccc3)CC21
Human-Component   raw_Human-Component
0.2142857164144516   0.2142857164144516   
0.2857142984867096   0.2857142984867096   
0.0   0.0   
0.9642857313156128   0.9642857313156128   
0.5357142686843872   0.5357142686843872   
0.9285714030265808   0.9285714030265808   
0.0   0.0   
1.0   1.0   
0.1785714328289032   0.1785714328289032   
0.5714285969734192   0.5714285969734192   

14:30:15: local_reinforcement_logger.timestep_report +41: INFO     
 Step 20   Fraction valid SMILES: 100.0   Score: 0.5000   Time elapsed: 20   Time left: 28.6
  Agent     Prior     Target     Score     SMILES
-20.95    -21.63     41.85      0.77      N1(Cc2ccccc2)C(=O)C(N2C(=O)c3c(cccc3)C2=O)CC1
-20.52    -20.24    -14.95      0.06      c1(C(C)C)c2c(c(C#N)c(=O)[nH]1)CC(C)(C)OC2
-23.46    -23.25     -2.09      0.26      Clc1c(OCC(=O)O)ccc(Oc2ncc(C#CC(NC(=O)C)C)s2)c1
-22.95    -23.09     -7.22      0.19      Cc1nc(-c2ccccc2)c2[nH]c(=O)[nH]c2c1
-27.93    -28.08     22.18      0.61      O(c1cc(C(C)C)ccc1)C(c1ccccc1)c1ccc(OC)cc1
-28.42    -28.65    -15.42      0.16      C1N(CC(=O)Nc2ccc(NC(=O)C)cc2)CCN(c2c3c(c4c(cccc4)o3)ncn2)C1
-19.23    -19.53     20.15      0.48      c1(N2CCOCC2)ccc(NC(c2cc(OC)ccc2)=O)cc1
-35.07    -34.63     10.34      0.55      C(CN=C(N=c1scc(-c2ncccc2)[nH]1)NC#N)CCCCCCNC(=NC(=NC(C)C)N)N
-37.00    -36.54     -7.44      0.35      c1ccccc1CCN(CCC)C(c1nn(-c2n(-c3c(C)cccc3)nnn2)c(=O)c2c1cccc2)=O
-26.08    -26.38     55.62      1.00      O(c1ccc(CCC)cc1)CCCCN1CCN(c2cccc(C(F)(F)F)c2)CC1
Human-Component   raw_Human-Component
0.774193525314331   0.774193525314331   
0.06451612710952759   0.06451612710952759   
0.25806450843811035   0.25806450843811035   
0.19354838132858276   0.19354838132858276   
0.6129032373428345   0.6129032373428345   
0.16129031777381897   0.16129031777381897   
0.4838709533214569   0.4838709533214569   
0.5483871102333069   0.5483871102333069   
0.35483869910240173   0.35483869910240173   
1.0   1.0   

14:30:17: local_reinforcement_logger.timestep_report +41: INFO     
 Step 21   Fraction valid SMILES: 100.0   Score: 0.5000   Time elapsed: 21   Time left: 27.7
  Agent     Prior     Target     Score     SMILES
-30.57    -30.28     -1.18      0.35      c1cccc(NC(=O)C2C(C(=O)N)O2)c1C(=O)OCCC
-23.31    -23.45     50.62      0.90      c12c3c(c(CCC)ccc3)[nH]c1-c1ccccc1NC(=O)C2
-27.21    -27.65     -3.84      0.29      c1(=NC(c2cc3cc(C)ccc3[nH]2)=O)[nH]c2ccccc2n1C
-20.46    -20.68     24.28      0.55      N1=C(C)C(C(=O)N=CC)CC1
-22.35    -21.93    -21.93      0.00      c1(C(C)=NNC(c2c(=Nc3cc(C(F)(F)F)ccc3)[nH]c(C(F)(F)F)cc2)=O)ccncc1
-24.04    -24.37     57.63      1.00      c12c(cccc1)c(CNC1CCN(CCCCCC)CC1)c[nH]2
-29.12    -29.63      2.12      0.39      CCN(Cc1ccccc1)N=Nc1ccc(C=Cc2ccnc3ccccc32)cc1
-36.68    -37.39    -26.81      0.13      O(c1cc2c(ncnc2N2CCN(c3ccc4c(n3)nccc4)CC2)cc1OC1CCOC1)C
-25.93    -25.57    -20.28      0.06      COc1ccc(OC)cc1S(=O)(NC(C(NCCc1ccccc1)=O)Cc1ccccc1)=O
-40.01    -40.00    -21.48      0.23      c1c(-n2c(-c3ccccc3)c3c(n2)CC2C(C)(C3)C3C(CC2)C2C(C)(CC3)C(C(=O)C)CC2)cc(C(F)(F)F)nc1
Human-Component   raw_Human-Component
0.35483869910240173   0.35483869910240173   
0.9032257795333862   0.9032257795333862   
0.29032257199287415   0.29032257199287415   
0.5483871102333069   0.5483871102333069   
0.0   0.0   
1.0   1.0   
0.3870967626571655   0.3870967626571655   
0.12903225421905518   0.12903225421905518   
0.06451612710952759   0.06451612710952759   
0.22580644488334656   0.22580644488334656   

14:30:18: local_reinforcement_logger.timestep_report +41: INFO     
 Step 22   Fraction valid SMILES: 100.0   Score: 0.5000   Time elapsed: 22   Time left: 26.8
  Agent     Prior     Target     Score     SMILES
-19.70    -19.84     54.22      0.90      [nH]1nc(-c2ccc(Cl)cc2)c2ccccc2c1=S
-27.54    -27.31      4.44      0.39      O(C)c1cc(-c2[nH]c(=Nc3ccc([N+]([O-])=O)cc3)sc2CC)ccc1
-33.92    -34.74     31.39      0.81      C12C(O)(C3CCC4C(C)(C=CC(=O)C4)C3C1)CCC1(OC(=O)N(c3ncccc3)C1)C2
-21.58    -21.65     47.13      0.84      Oc1c(Cl)cc(Cl)cc1C=NCc1ncccc1
-30.44    -30.76     -9.60      0.26      C1S(=O)(=O)CC(Nc2ccccc2Cl)C1c1ccc2c(cccc2)c1
-41.89    -41.57    -15.11      0.32      [nH]1c2c(c(C=CC)cnc2Br)c(C(CN(CCCCCC)CCCCCC)O)c1-c1cc(Cl)c(Cl)cc1
-30.94    -31.13     19.13      0.61      FC(F)(F)C(=O)C1C(CCCCCCO)C1
-18.79    -18.90     28.71      0.58      c1cc(Cl)ccc1C(=O)CSC(=S)N1CCOCC1
-34.09    -33.99      5.69      0.48      C(CN1CCC(C(=O)NC(c2ccccc2)c2nc3c(cc(-c4ccccc4)cc3)s2)CC1)N1CCN(C)CC1
-29.81    -29.69    -24.40      0.06      C(=S)(N(Cc1c(=O)[nH]c2c(c1)ccc(C)c2)CCN(C)C)Nc1cc(SC)ccc1
Human-Component   raw_Human-Component
0.9032257795333862   0.9032257795333862   
0.3870967626571655   0.3870967626571655   
0.8064516186714172   0.8064516186714172   
0.8387096524238586   0.8387096524238586   
0.25806450843811035   0.25806450843811035   
0.32258063554763794   0.32258063554763794   
0.6129032373428345   0.6129032373428345   
0.5806451439857483   0.5806451439857483   
0.4838709533214569   0.4838709533214569   
0.06451612710952759   0.06451612710952759   

14:30:19: local_reinforcement_logger.timestep_report +41: INFO     
 Step 23   Fraction valid SMILES: 100.0   Score: 0.5000   Time elapsed: 23   Time left: 25.9
  Agent     Prior     Target     Score     SMILES
-22.95    -23.30      3.15      0.32      c12c([nH]c(=Nc3ccc(S(=O)(=O)N)cc3)c3cncn31)cccc2
-34.60    -34.96     23.23      0.71      OC12C(c3ccccc3)(C(c3ccccc3)C2)C1c1coc(=O)cc1
-22.98    -22.82     11.57      0.42      c1(NC(=O)c2ccccc2O)ccc(S(N=c2[nH]oc(C)c2)(=O)=O)cc1
-23.62    -24.04     44.73      0.84      c1cc2c(cc1)sc(=NC(=O)Cc1ccccc1C)[nH]2
-29.54    -29.56     -0.46      0.35      c1(Cl)c(Cl)c(C(=O)N2CC(CNS(=O)(C)=O)CCC2)ccn1
-45.55    -45.64      1.97      0.58      c1(F)c(-c2cnn(C)c2)cc2nccc(C3CCN(CCn4c(=O)c5c(cccc5)c(-c5ccccc5)n4)CC3)c2c1
-22.96    -22.86     43.27      0.81      C1CC2(C)C(CCC2(C#Cc2ccccn2)O)C2CC=C3C(C)(CCC(O)C3)C12
-26.01    -25.82    -15.23      0.13      N(c1c([N+](=O)[O-])cc(C(=O)NCc2occc2)cc1)(C)C
-35.01    -34.62     36.80      0.87      c1c(NC(CCN2CCOCC2)=O)ccc2c(=O)n(-c3c(Cl)cc(Cl)cc3)c(CCCC)nc12
-22.17    -22.65     51.42      0.90      C1N(CC(NNC(c2ccccc2Cl)=O)=O)CCCC1
Human-Component   raw_Human-Component
0.32258063554763794   0.32258063554763794   
0.7096773982048035   0.7096773982048035   
0.4193548262119293   0.4193548262119293   
0.8387096524238586   0.8387096524238586   
0.35483869910240173   0.35483869910240173   
0.5806451439857483   0.5806451439857483   
0.8064516186714172   0.8064516186714172   
0.12903225421905518   0.12903225421905518   
0.8709677457809448   0.8709677457809448   
0.9032257795333862   0.9032257795333862   

14:30:20: local_reinforcement_logger.timestep_report +41: INFO     
 Step 24   Fraction valid SMILES: 100.0   Score: 0.5000   Time elapsed: 24   Time left: 25.0
  Agent     Prior     Target     Score     SMILES
-34.96    -34.91     -5.81      0.35      c1cc(-c2nn3c(c2)CNc2ccc(NC(=O)OCC(C)C)cc2-3)ccc1
-46.78    -46.30     -1.33      0.55      C(C(NC(=O)OCc1cccc(OC)c1)C1NCC(SC(=O)OCC)C1O)C(C)C
-62.21    -61.75    -53.82      0.10      CC(=CCc1c2c(=O)c3c(O)c4c(c(CC=C(C)C)c3oc2c(O)cc1O)c1c(cc4O)C(COC(=O)Cc2ccncc2)(O)C(O)CC(O)C1O)C
-35.44    -35.72     46.28      1.00      C(#N)c1ccccc1N1CCC(NCCN2C(=O)CSC2c2c[nH]c3c2cccc3)CC1
-35.37    -35.55    -17.04      0.23      C12CC3(Sc4ccc(CC(C(=O)N)N(C)C)cc4)CC(CC1C3)C2
-28.80    -28.66    -26.02      0.03      n1c(OC)ncc(C=CC(CCC=C(C=O)C)(C)O)c1
-21.61    -21.44     52.62      0.90      c12c(c(OC)c(OC)cc1)C(C#N)CCC2
-25.46    -25.66     -4.50      0.26      c1(C(=O)NCc2cccnc2)ccccc1N=c1cncc[nH]1
-20.71    -20.77     13.62      0.42      N(c1ccc(CC)cc1)C(=S)NCCC
-24.58    -24.63     41.50      0.81      Fc1cc(-c2cnc(Cl)nc2)cc(F)c1O
Human-Component   raw_Human-Component
0.35483869910240173   0.35483869910240173   
0.5483871102333069   0.5483871102333069   
0.09677419066429138   0.09677419066429138   
1.0   1.0   
0.22580644488334656   0.22580644488334656   
0.032258063554763794   0.032258063554763794   
0.9032257795333862   0.9032257795333862   
0.25806450843811035   0.25806450843811035   
0.4193548262119293   0.4193548262119293   
0.8064516186714172   0.8064516186714172   

14:30:21: local_reinforcement_logger.timestep_report +41: INFO     
 Step 25   Fraction valid SMILES: 100.0   Score: 0.5000   Time elapsed: 25   Time left: 24.0
  Agent     Prior     Target     Score     SMILES
-22.12    -22.15     41.34      0.77      c1ccccc1-c1oc(C2CCNC2)nn1
-26.70    -27.12      9.91      0.45      C1CN(CCC(=O)Nc2cc3c(cc2)C(=O)c2c(cc(NC(CCN4CCOCC4)=O)cc2)C3=O)C(CO)C1
-22.00    -22.18    -11.60      0.13      c1(N2CCN(S(=O)(=O)c3ccccc3)CC2)c2c3c(sc2ncn1)CCCC3
-39.69    -39.34     40.02      0.97      C12(COC)CCN(CCC)C3Cc4c(ccc(O)c4)C3(C1)CC2
-44.82    -45.37    -10.99      0.42      C1C(N(Cc2cccc(SC)c2)C2CCCC2)C2C1(c1cccc([N+]([O-])=O)c1)C2
-36.17    -35.84    -22.61      0.16      c1(S(CC)(=O)=O)ccc(CC(NC(c2c(C)c(C)ccc2)=O)c2oc3c(cccc3)c2)cc1
-24.98    -25.20     17.13      0.52      n12c(=O)c3cc(NC(OCC#C)=O)ccc3nc1CCC2
-28.47    -28.93     29.27      0.71      n1(-c2ccccc2)[nH]c(C2CCC2)cc1=NC(=O)Nc1cc2c(cc1)COC2=O
-24.81    -24.75     30.79      0.68      N(NC(CCN1C(=S)SC(=Cc2ccccc2)C1=O)=O)=Cc1c(O)ccc(Br)c1
-34.01    -34.35     37.07      0.87      C(C1C(=O)N(CC2CCCCC2)C(c2ccccc2F)c2ccccc2C1)CCC
Human-Component   raw_Human-Component
0.774193525314331   0.774193525314331   
0.4516128897666931   0.4516128897666931   
0.12903225421905518   0.12903225421905518   
0.9677419066429138   0.9677419066429138   
0.4193548262119293   0.4193548262119293   
0.16129031777381897   0.16129031777381897   
0.5161290168762207   0.5161290168762207   
0.7096773982048035   0.7096773982048035   
0.6774193644523621   0.6774193644523621   
0.8709677457809448   0.8709677457809448   

14:30:22: local_reinforcement_logger.timestep_report +41: INFO     
 Step 26   Fraction valid SMILES: 96.9   Score: 0.4844   Time elapsed: 26   Time left: 23.1
  Agent     Prior     Target     Score     SMILES
-37.06    -37.29    -29.09      0.10      c1cccc2onc(Cn3c4c(C(=O)NCCc5ccccc5)cnn4c(=O)c(C(=O)OCC)c3)c12
-26.77    -27.45     19.01      0.57      C1(=O)c2c(cccc2)C2=C(CN1)CC=CC2
-27.94    -28.21     34.65      0.77      c1cccc2c1CCc1c-2n(CC)c2c1CCCC2C(=O)O
-23.15    -23.12      6.95      0.37      c1cc(C2=C(C(=O)OC)C3CCC(N3C(NCc3ccc(Cl)cc3)=O)C2)ccc1OC(F)(F)F
-30.76    -31.39     45.15      0.93      n1nnn2c3cc(Br)ccc3cc(CN3CCN(c4ccc(Cl)c(Cl)c4)CC3)c12
-20.59    -20.62     39.51      0.73      C(NCCCCNCCCCNCC)CN
-29.62    -29.51     22.42      0.63      C(Cc1cnccn1)N=c1[nH]c(-c2ccccc2)cc2ccccc21
-75.27    -74.58    -60.91      0.17      C1(F)C2C(C3C=C(CO)CC4(CC1(C)OO4)C3)C(C)C(OC(=O)NCC)CC2OC(=O)NCCNC
-27.64    -27.90     10.37      0.47      C1c2c(C(NC(CC)c3ccccc3)=O)c(Cl)cnc2CCN1
-25.22    -25.53     48.27      0.90      c1(=Nc2ccc(Cl)cc2)sc2cc(NS(=O)(C)=O)ccc2[nH]1
Human-Component   raw_Human-Component
0.10000000149011612   0.10000000149011612   
0.5666666626930237   0.5666666626930237   
0.7666666507720947   0.7666666507720947   
0.36666667461395264   0.36666667461395264   
0.9333333373069763   0.9333333373069763   
0.7333333492279053   0.7333333492279053   
0.6333333253860474   0.6333333253860474   
0.1666666716337204   0.1666666716337204   
0.46666666865348816   0.46666666865348816   
0.8999999761581421   0.8999999761581421   

14:30:22: local_reinforcement_logger.timestep_report +41: INFO     
 Step 27   Fraction valid SMILES: 100.0   Score: 0.5000   Time elapsed: 27   Time left: 22.2
  Agent     Prior     Target     Score     SMILES
-27.74    -28.89     53.11      1.00      C1C(NC2CC2)CCN(c2ccc(Cl)cc2C(N)CC(C)C)C1
-20.03    -19.77     33.13      0.65      c1(-c2c(-c3ccc(F)cc3)nc(S(C)(=O)=O)[nH]2)ccncc1
-32.11    -32.88     30.60      0.77      c1(OCCC)cccc(C2C(c3ccccc3)c3c(O)occ3N2c2ccc(F)cc2)c1
-34.29    -34.77      4.91      0.48      c1(C(=O)N=c2[nH]c3c(cccc3)[nH]2)nccc(N(c2ccc3c(cccc3)c2)c2cncnc2)c1
-34.72    -34.26    -15.75      0.23      O=C(C)OC1CC2CCC3C4CC5C(C(C)C6(OCC(C)CC6)O5)C4(C)CCC3C2(CNCC)CC1
-26.52    -26.55     -5.39      0.26      c1c(CC)ccc(Sc2c(N(C)C)cc([N+](=O)[O-])cc2)c1
-22.74    -22.70      3.75      0.32      C1N(c2c(C#N)nc(-c3cccs3)o2)CCN(C(c2ccccc2)=O)C1
-21.33    -21.50    -13.57      0.10      c1ccc(C)c(NC(=O)c2ccc(-c3oc(C)c(CSc4ccccc4)n3)cc2)c1
-27.60    -27.67     17.30      0.55      Cc1ccc(S(=O)(N2CC3(C)CC(Cl)C(C3)C2(C)C)=O)cc1
-16.98    -17.30     54.12      0.87      c1c(Sc2cc3c(=N)[nH]c(=N)[nH]c3cc2)ccc(Cl)c1
Human-Component   raw_Human-Component
1.0   1.0   
0.6451612710952759   0.6451612710952759   
0.774193525314331   0.774193525314331   
0.4838709533214569   0.4838709533214569   
0.22580644488334656   0.22580644488334656   
0.25806450843811035   0.25806450843811035   
0.32258063554763794   0.32258063554763794   
0.09677419066429138   0.09677419066429138   
0.5483871102333069   0.5483871102333069   
0.8709677457809448   0.8709677457809448   

14:30:23: local_reinforcement_logger.timestep_report +41: INFO     
 Step 28   Fraction valid SMILES: 100.0   Score: 0.5000   Time elapsed: 27   Time left: 20.5
  Agent     Prior     Target     Score     SMILES
-25.42    -25.75      3.35      0.35      n12c(NC(C)(CC(C)(C)C)C)c(-c3ccc(SC)cc3)nc1ccc(Br)c2
-34.64    -34.38    -10.58      0.29      C1CN(C(=O)CCc2nc3c(cncc3)[nH]2)CCN1c1n(CC(C)C)c2ccccc2n1
-23.79    -24.34     57.66      1.00      c1(C2(C(=O)OCC)CCN(CCCCC34N(CCC3)CCC4)CC2)ccccc1
-29.96    -30.24     33.25      0.77      Clc1cc2c(cc1)n(CCCCn1c3nc[nH]c(=N)c3nc1)c(=O)c(-c1ccc(Cl)cc1)n2
-29.32    -29.39      2.35      0.39      C(F)(C(C(F)(F)F)(c1ccc(C2(S(=O)(c3ccc(F)cc3)=O)CCC(C(C)(C)C)CC2)cc1)C(F)(F)F)(F)F
-32.87    -33.80      0.59      0.42      C(Nc1cc2c(cc1)CC1(NC(=O)N2)N(C)CCC1)(Nc1ccc(F)cc1)=O
-24.82    -24.46     41.66      0.81      c1(N2CCN(c3ccc(OC)cc3)CC2)cnn(CCN(CC)CC)c(=O)c1Cl
-28.29    -30.11     41.31      0.87      c12cccc(-c3ccc4c(c3)OCO4)c1OCCN2C
-30.21    -30.00     44.07      0.90      c1c(F)cccc1N1CCN(C(c2ccc(C(NCc3ncccc3)=O)cc2)=O)CC1
-23.96    -23.99     -5.48      0.23      C1N(C(CCS(=O)(c2cc3c4c(c2)CCC(=O)N4CC3)=O)=O)CCN(c2ccc(OC)cc2)C1
Human-Component   raw_Human-Component
0.35483869910240173   0.35483869910240173   
0.29032257199287415   0.29032257199287415   
1.0   1.0   
0.774193525314331   0.774193525314331   
0.3870967626571655   0.3870967626571655   
0.4193548262119293   0.4193548262119293   
0.8064516186714172   0.8064516186714172   
0.8709677457809448   0.8709677457809448   
0.9032257795333862   0.9032257795333862   
0.22580644488334656   0.22580644488334656   

14:30:24: local_reinforcement_logger.timestep_report +41: INFO     
 Step 29   Fraction valid SMILES: 96.9   Score: 0.4844   Time elapsed: 28   Time left: 19.6
  Agent     Prior     Target     Score     SMILES
-22.49    -22.38     10.42      0.40      c1(O)cccc(C=NN=c2[nH]cnc3c2c2c(s3)CCC2)c1
-43.41    -44.33    -44.33      0.00      n12c(=O)[nH]cc(Cc3cccc(NS(=O)(=O)CCC)c3)c1nc(N1CC(C(=O)OC)CCC1)cc2
-19.35    -19.36     -2.96      0.20      O(C)c1c(OCc2ccccc2)ccc(C=C2SC(=O)NC2=O)c1
-23.82    -23.75    -18.28      0.07      n1n(CCC(=O)c2ccc(Oc3ccccc3)cc2)ccc1
-24.44    -24.34     16.66      0.50      c12c(cccc1)c1c(n2CCC(OCC)=O)CCCC1=O
-49.69    -49.33     19.01      0.83      s1c(C2(O)N(c3ccccc3F)C(=O)c3c2cccc3)c(N2CCCC2)cc1NC(=O)c1ccc(-c2ccc(F)cc2F)cc1
-29.82    -30.94     42.86      0.90      c12c(c(Br)c(C)cc1)[nH]c1c2CCNC1c1ccc(Cl)cc1
-27.23    -27.63      2.43      0.37      n1c(CNC(=O)c2ccccc2OC)c2ccccc2s1
-21.11    -20.97      6.36      0.33      COc1ccc(C#Cc2nnn(C(C)CC3CCC(C(C)C(NC(C)C)=O)O3)c2)cc1
-30.31    -30.00     -5.40      0.30      N#CC(c1cnc(-c2cccc(C(F)(F)F)c2)cn1)(O)C
Human-Component   raw_Human-Component
0.4000000059604645   0.4000000059604645   
0.0   0.0   
0.20000000298023224   0.20000000298023224   
0.06666667014360428   0.06666667014360428   
0.5   0.5   
0.8333333134651184   0.8333333134651184   
0.8999999761581421   0.8999999761581421   
0.36666667461395264   0.36666667461395264   
0.3333333432674408   0.3333333432674408   
0.30000001192092896   0.30000001192092896   

14:30:25: local_reinforcement_logger.timestep_report +41: INFO     
 Step 30   Fraction valid SMILES: 100.0   Score: 0.5000   Time elapsed: 29   Time left: 18.7
  Agent     Prior     Target     Score     SMILES
-18.84    -19.19     -8.61      0.13      O=C(C)N1N=C(c2ccc(C)cc2)CC1c1ccc(F)cc1
-22.38    -23.47     21.50      0.55      C1CN(C(c2ccc3c(=O)n4c(scc4)nc3n2)=O)CCN1c1ccccc1
-20.96    -21.41     60.59      1.00      c1ccc(C(c2ccc(F)cc2)OCCN2CCCC(C)C2)cc1
-34.27    -34.93     25.91      0.74      C1(c2nc3cc[nH]c3nc2)CN(C(CN2CCCC2CN2CCCC2)=O)CCC1
-20.02    -20.68     -7.46      0.16      c1c(NC(=O)c2ccc3ccccc3n2)ccc(Br)c1
-26.25    -26.22     50.49      0.94      C(C)(Cn1ccc(N2CC=CC2)nc1=O)C
-22.14    -21.51     -5.64      0.19      O(c1c2cc(C#CCNC(c3c(=O)n(C(CO)c4ccccc4)ccc3)=O)ccc2ncc1C#N)C
-28.35    -28.86     -7.70      0.26      C(=CC=C1N(CC)c2c(cccc2)S1)C=C1OC(CC)C(O)C(O)C1O
-38.50    -38.02      1.66      0.48      C1(O)C(O)C(Oc2ccc(C=CC(=O)OC(C(O)=O)Cc3cc(O)c(O)cc3)cc2)OC(CNC(C(CCCCN)N)=O)C1O
-25.75    -25.66     16.66      0.52      Cc1ccc(C(C2N(C)CCCC2)C(NC)=O)cc1
Human-Component   raw_Human-Component
0.12903225421905518   0.12903225421905518   
0.5483871102333069   0.5483871102333069   
1.0   1.0   
0.7419354915618896   0.7419354915618896   
0.16129031777381897   0.16129031777381897   
0.9354838728904724   0.9354838728904724   
0.19354838132858276   0.19354838132858276   
0.25806450843811035   0.25806450843811035   
0.4838709533214569   0.4838709533214569   
0.5161290168762207   0.5161290168762207   

14:30:27: local_reinforcement_logger.timestep_report +41: INFO     
 Step 31   Fraction valid SMILES: 96.9   Score: 0.4844   Time elapsed: 31   Time left: 18.4
  Agent     Prior     Target     Score     SMILES
-26.37    -26.30     20.16      0.57      c1cc(O)c2nc(-c3ncsc3)ncc2c1
-26.75    -26.92     35.95      0.77      c1(O)c(CCCC)c(=O)[nH]c(=O)n1C1=CC=CC1
-20.52    -21.10     55.44      0.93      C1CC(=Cc2ccccc2)C(=O)C1C(=O)C=Cc1ccccc1
-26.55    -26.39    -23.66      0.03      c1c(NC2CCCCC2S(=O)(c2ccccc2)=O)ccc(C)c1
-48.17    -48.26    -26.39      0.27      n1nc2c(cc1)cc(-n1c3c(cc1)ccnc3)c(OCc1cc(F)c(Oc3ccccn3)cc1)c2
-41.62    -42.28     -9.48      0.40      O=C(CCCCCC)ONC(c1ccc(Cl)cc1)C1C(O)C2C(O1)Oc1ccc(Br)cc1C2
-28.23    -27.59      7.94      0.43      O(C(=O)CNC(=O)c1cc(Br)cs1)CC(c1c(=O)n(C)c(=O)n(C)c1N)=O
-27.70    -28.12     -0.78      0.33      C(C1(C)Oc2c(cc3c(c2)C(=O)c2c(cccc2O)C3=O)O1)=C
-40.23    -39.91    -34.44      0.07      C1CC(COc2c(NC(Nc3cccc(F)c3)=O)c(=O)n(CC(NC(C#C)CC(C)C)=O)cc2)O1
-27.72    -28.62     23.31      0.63      c1c(Cl)c(Cl)ccc1-n1c2c(c(=O)n(-c3ccc(Cl)cc3)c(=S)n2-c2ccc(Cl)cc2)cn1
Human-Component   raw_Human-Component
0.5666666626930237   0.5666666626930237   
0.7666666507720947   0.7666666507720947   
0.9333333373069763   0.9333333373069763   
0.03333333507180214   0.03333333507180214   
0.2666666805744171   0.2666666805744171   
0.4000000059604645   0.4000000059604645   
0.4333333373069763   0.4333333373069763   
0.3333333432674408   0.3333333432674408   
0.06666667014360428   0.06666667014360428   
0.6333333253860474   0.6333333253860474   

14:30:28: local_reinforcement_logger.timestep_report +41: INFO     
 Step 32   Fraction valid SMILES: 100.0   Score: 0.5000   Time elapsed: 32   Time left: 17.5
  Agent     Prior     Target     Score     SMILES
-35.78    -36.67      3.01      0.48      N1C(c2cc(OCCCCCCOc3cccc(C4N(Cc5ccccc5)C(c5ccccc5)C(C(=O)OCC)S(=O)(=O)C4)c3)ccc2)=NCC1
-27.24    -26.46     29.09      0.68      c1c(C)ccc(-n2c(O)cc(SC(N)=NC(C)(C)C)c2O)c1
-17.28    -17.63     11.47      0.35      C1C(N=C=O)CCCC1
-35.93    -36.62     24.21      0.74      c12c3nc(Br)sc3ccc1c(Cl)nc1ccc(Cl)cc12
-32.92    -32.80      1.59      0.42      N(S(=O)(CCC)=O)CC1(O)CN(c2ncncc2C)C1
-35.16    -35.58      1.46      0.45      c1(NC(Cc2ccccc2)=O)cc2c(cc1C#Cc1cnccc1)OCC2
-42.52    -42.83    -40.19      0.03      C(C1CC(O)C(O)C1)(Nc1ccc(-c2csc3c2c(-n2cc(-c4ccccc4)nc2)ncn3)cc1)=O
-22.96    -23.18     27.08      0.61      n1nn(CC2OCCC2)cc1CNc1ccccc1
-20.01    -19.93     25.04      0.55      c1(-c2cn(C3C(O)C(O)C(CO)O3)c3c2c(=N)[nH]cn3)ccc(C)cc1
-26.60    -27.37     36.11      0.77      C(c1c(=O)n(Cc2ccccc2)c2ccccc2c1)N1CCN(Cc2cc3c(cc2)OCO3)CC1
Human-Component   raw_Human-Component
0.4838709533214569   0.4838709533214569   
0.6774193644523621   0.6774193644523621   
0.35483869910240173   0.35483869910240173   
0.7419354915618896   0.7419354915618896   
0.4193548262119293   0.4193548262119293   
0.4516128897666931   0.4516128897666931   
0.032258063554763794   0.032258063554763794   
0.6129032373428345   0.6129032373428345   
0.5483871102333069   0.5483871102333069   
0.774193525314331   0.774193525314331   

14:30:29: local_reinforcement_logger.timestep_report +41: INFO     
 Step 33   Fraction valid SMILES: 96.9   Score: 0.4844   Time elapsed: 33   Time left: 16.5
  Agent     Prior     Target     Score     SMILES
-23.43    -23.13     39.74      0.77      O=C(NCCc1c[nH]cn1)c1ccccc1-c1ccc(C(F)(F)F)cc1
-25.15    -24.88     -5.75      0.23      c1(-c2cccc(NC(c3sc(=NC(C)=O)[nH]c3)=O)c2)cn[nH]c1
-24.12    -24.68     32.72      0.70      c12ccccc1C(n1[nH]c(-c3ccccc3)cc1=N)CC2
-21.89    -21.63     19.37      0.50      C1CN(C)CCN1c1nc2c(cn1)C(=O)CC(c1ccc(OC)c(OC)c1)C2
-35.31    -35.77     40.76      0.93      FCc1cc2c(=O)n(-c3ccc(OCCCCN4CCCC4)cc3)c(C)nc2cc1
-38.67    -38.85     32.21      0.87      O(N1C(=O)CC(CN2CCCCC2)C1)c1c(OC)cc2c(=Nc3c(F)cc(Br)cc3)[nH]cnc2c1
-23.11    -22.83    -11.90      0.13      C(C(C(=O)NCc1ncccc1)CC)#N
-39.95    -39.56     -1.29      0.47      C(C)C(N)C(=O)N1Cc2cc(Cl)c(C(NC(C(C)(C)C)C(=O)N)=O)cc2OCC1
-37.54    -38.34    -11.01      0.33      C1C(C)(C)CCC23C4CCC5(C)C(=CCC5c5coc(=O)cc5)C4CCC2(O)OC13O
-24.13    -25.12     35.01      0.73      C1C2=c3c(cccc3)=NCCC2CCC1
Human-Component   raw_Human-Component
0.7666666507720947   0.7666666507720947   
0.23333333432674408   0.23333333432674408   
0.699999988079071   0.699999988079071   
0.5   0.5   
0.9333333373069763   0.9333333373069763   
0.8666666746139526   0.8666666746139526   
0.13333334028720856   0.13333334028720856   
0.46666666865348816   0.46666666865348816   
0.3333333432674408   0.3333333432674408   
0.7333333492279053   0.7333333492279053   

14:30:29: local_reinforcement_logger.timestep_report +41: INFO     
 Step 34   Fraction valid SMILES: 96.9   Score: 0.4844   Time elapsed: 34   Time left: 15.5
  Agent     Prior     Target     Score     SMILES
-25.91    -25.42     15.58      0.50      N(C(=O)c1cn(-c2cccc(C)c2)c(O)c1)c1c(C)cc(C)cc1
-36.28    -35.73     16.20      0.63      n1(C2CCC2)c2c(nc1N1CCNCC1)ccc(C(=O)N=c1[nH]c(C(F)(F)F)ccc1)c2
-44.78    -43.70    -16.36      0.33      C(#Cc1ccc(C(C=NOC)=NO)nc1)c1cc(NC(NCC(F)(F)F)=O)ccc1
-28.36    -29.75     49.52      0.97      c1c2c(cc3c1CCN(CCCCCNC(=O)c1ccc(-c4ccccc4Cl)cc1)CC3)OCCC2
-30.42    -31.04     42.76      0.90      C1NC(=O)N(c2cnnn2C)C1c1c(Br)cc2c(c1)OCO2
-21.06    -20.84     50.23      0.87      O=S(c1c(Cl)cc2c(c1)OCC(=O)N2)(=O)NCc1ccc(C)cc1
-27.61    -27.57     -8.44      0.23      [nH]1c(=O)[nH]c2ccc(NC(=O)CN(CC(Nc3ccc(Cl)c(Cl)c3)=O)C)cc12
-25.45    -25.53     29.14      0.67      c1(NC(c2n(C)cc(C=CC(=O)c3ccc(Br)cc3)c2)=O)ccc(Cl)cc1
-39.73    -40.44    -29.50      0.13      O(c1ccc(F)cc1Cc1cccnc1)c1c(NC=O)ccc(-c2ccccc2)c1
-18.98    -19.29     49.04      0.83      O=C(N1CCN(C2c3ccccc3-c3ccccc32)CC1)OC(C)(C)C
Human-Component   raw_Human-Component
0.5   0.5   
0.6333333253860474   0.6333333253860474   
0.3333333432674408   0.3333333432674408   
0.9666666388511658   0.9666666388511658   
0.8999999761581421   0.8999999761581421   
0.8666666746139526   0.8666666746139526   
0.23333333432674408   0.23333333432674408   
0.6666666865348816   0.6666666865348816   
0.13333334028720856   0.13333334028720856   
0.8333333134651184   0.8333333134651184   

14:30:30: local_reinforcement_logger.timestep_report +41: INFO     
 Step 35   Fraction valid SMILES: 100.0   Score: 0.5000   Time elapsed: 35   Time left: 14.6
  Agent     Prior     Target     Score     SMILES
-33.78    -33.41     30.07      0.77      c12nc(N3CCC(N4CCSCC4)CC3)sc1cc(-c1[nH]c(=O)sc1)cc2
-22.39    -23.14     21.83      0.55      C1CCCC(NC(=O)CN(c2ccc3c(c2)OCCO3)S(c2ccccc2)(=O)=O)C1
-33.15    -32.79     17.47      0.61      CC(C)(C)C(Oc1cc2c(cc(NC(=O)OC(C)(C)C)c3ccccc23)cc1)=O
-31.82    -30.91    -20.33      0.13      O(CC)C(N=c1[nH]c(-c2nnn(-c3ccc(CC)cc3)c2C)no1)=O
-26.56    -26.94      2.16      0.35      c1(CC)c(C)sc(NCC)c1C(=O)c1ccccc1
-16.78    -16.82      6.98      0.29      c1(Cc2ccccc2)ccc(OCCN(CC)CC)cc1
-21.61    -21.75     -5.88      0.19      N(C(NCC1CCCO1)=O)(CC)CC
-26.34    -27.17     41.61      0.84      C1N(c2ncc(F)cc2)CCN(C(NCC23CC4CC(CC(C4)C2)C3)=O)C1
-28.08    -28.13     30.06      0.71      C(ON(C(CCCCCN1C(CO)C(O)C(O)C(O)C1)=O)CC)C
-27.64    -28.54     32.30      0.74      c1cc(C2CCCN2Cc2cc3ccc(OC)cc3[nH]c2=O)ccc1C
Human-Component   raw_Human-Component
0.774193525314331   0.774193525314331   
0.5483871102333069   0.5483871102333069   
0.6129032373428345   0.6129032373428345   
0.12903225421905518   0.12903225421905518   
0.35483869910240173   0.35483869910240173   
0.29032257199287415   0.29032257199287415   
0.19354838132858276   0.19354838132858276   
0.8387096524238586   0.8387096524238586   
0.7096773982048035   0.7096773982048035   
0.7419354915618896   0.7419354915618896   

14:30:31: local_reinforcement_logger.timestep_report +41: INFO     
 Step 36   Fraction valid SMILES: 96.9   Score: 0.4844   Time elapsed: 36   Time left: 13.6
  Agent     Prior     Target     Score     SMILES
-28.18    -29.24     52.76      1.00      c1cc(NCCC)c2c(=O)n(CCN3CCN(c4ccccc4OC)CC3)c(=S)[nH]c2c1
-32.43    -31.79      6.48      0.47      c1(=O)c2c(cc3n1Cc1cc4c(c(N5CC(C)NC(C)C5)c(OC)cc1)nc4-3)C(CC)(O)C(=O)OC2
-31.34    -31.77     -9.90      0.27      c12c(cnn1-c1ccc(S(=O)(O)=O)cc1)ccc1c2cccn1
-24.68    -25.47     37.39      0.77      Cc1c(=NC(=O)CN2CCN(c3ccccc3)CC2)n(-c2ccccc2)[nH]c1
-35.19    -35.71     29.89      0.80      O=C1C(N2C(=O)c3c(c(-c4c(=O)[nH]ccc4)cc(F)c3)C2=O)CCCCN1C
-24.61    -25.84     28.83      0.67      c1c2c(c(=Nc3ccccc3)cc[nH]2)cc(-c2ccc(C)cc2)c1
-28.63    -28.03      2.04      0.37      c1c(C(=O)NC)nn(-c2ccc(S(=O)(=O)N)cn2)c1-c1ccccc1
-21.06    -21.15     58.12      0.97      c12c(=O)c(C(O)=O)cn(-c3c(F)cc(F)cc3)c1cc(N1CCN(CC)CC1)c(F)c2
-24.01    -23.66    -20.92      0.03      c1c(OC)c(NC(c2[nH]cc(S(=O)(N3CCOCC3)=O)c2)=O)ccc1
-41.00    -40.62     11.31      0.63      Cc1ccc(C2C(=O)C(c3ccccc3)C(c3nc4c(cccc4)[nH]3)C(=Nc3ccccc3)N2c2cccc(S(O)(=O)=O)c2)cc1
Human-Component   raw_Human-Component
1.0   1.0   
0.46666666865348816   0.46666666865348816   
0.2666666805744171   0.2666666805744171   
0.7666666507720947   0.7666666507720947   
0.800000011920929   0.800000011920929   
0.6666666865348816   0.6666666865348816   
0.36666667461395264   0.36666667461395264   
0.9666666388511658   0.9666666388511658   
0.03333333507180214   0.03333333507180214   
0.6333333253860474   0.6333333253860474   

14:30:32: local_reinforcement_logger.timestep_report +41: INFO     
 Step 37   Fraction valid SMILES: 93.8   Score: 0.4688   Time elapsed: 36   Time left: 12.3
  Agent     Prior     Target     Score     SMILES
-24.72    -24.86     28.86      0.66      C1=C(Cl)C(Cl)=C(Cl)C(=O)C1CC
-26.40    -25.73     36.47      0.76      Nc1ccc(C(N=c2n(C3CCN(Cc4ccc(COC)o4)CC3)[nH]cc2)=O)cc1
-39.50    -40.72     15.83      0.69      C1(C)(C)Cc2c3c(cc4c2n(c1=O)CCC4)C(=O)N(Cc1ccc(Br)cc1)C3
-25.59    -26.34    -17.86      0.10      CCc1c(Oc2c(=O)n(-c3ccc(C)cc3)ncc2)cccc1
-43.69    -43.49    -37.84      0.07      N=c1c(CNC(Nc2ccc3n(CCCC(=O)NCc4ccc(F)cc4)n(Cc4ccccc4)c3c2)=O)ccc[nH]1
-33.69    -32.87    -32.87      0.00      C(NC(=NCCCCCCNS(=O)(=O)C(C)C)NC#N)(=O)C
-27.73    -28.65    -11.69      0.21      c1cc(CC)ccc1NC(=O)c1cc(NC(c2cccc(Cl)c2)=O)ccc1F
-21.95    -22.09     42.94      0.79      Clc1c(Cl)c(C(=O)c2c[nH]c(=O)[nH]2)ccc1
-25.53    -26.91     15.51      0.52      C1CN(c2c(NC(c3ccccc3)=O)cc(-c3cnccc3)cc2)CCN1CC
-27.91    -27.60     31.78      0.72      c1(F)cc(Br)c(CCN=c2[nH]cnc3[nH]ncc32)cc1
Human-Component   raw_Human-Component
0.6551724076271057   0.6551724076271057   
0.7586206793785095   0.7586206793785095   
0.6896551847457886   0.6896551847457886   
0.1034482792019844   0.1034482792019844   
0.06896551698446274   0.06896551698446274   
0.0   0.0   
0.2068965584039688   0.2068965584039688   
0.7931034564971924   0.7931034564971924   
0.517241358757019   0.517241358757019   
0.7241379022598267   0.7241379022598267   

14:30:33: local_reinforcement_logger.timestep_report +41: INFO     
 Step 38   Fraction valid SMILES: 96.9   Score: 0.4844   Time elapsed: 37   Time left: 11.4
  Agent     Prior     Target     Score     SMILES
-23.24    -23.44     23.03      0.57      Clc1cccc(NC(=O)NNC(NC2CCCCC2)=S)c1
-34.82    -35.13     -5.06      0.37      n1c2c(c3c(s2)CCc2c-3sc(-c3n[nH]cn3)c2)nc(C)c1
-22.14    -21.86     -2.73      0.23      CC(C)(C)Oc1ccc(C=CC(=O)O)cc1
-22.62    -23.12     50.68      0.90      C1CC(CN2CC3(CCN(C(c4ccccc4)=O)CC3)C2)CCO1
-19.37    -19.84     37.56      0.70      c1(SCC)nnc(-c2ccc(F)cc2)cc1
-22.54    -22.51     37.63      0.73      NC(c1nc2c(s1)CCCN(c1ncccn1)C2)=O
-23.82    -23.35     -9.68      0.17      c12c(c(O)c(C(c3ccccc3)N=c3cccc(C)[nH]3)c(=O)o1)cccc2
-50.98    -50.22    -50.22      0.00      C(CN(C)C)CN1C(=O)c2c3ccc(NC(=O)NC)cc3c(NCCN)c3ccc(c12)c(=O)n3CCNCCO
-31.26    -30.70     23.97      0.67      C(OCOc1ccc(Cl)cc1)(NC(C(O)=O)CCCCN)=O
-20.54    -20.77     14.76      0.43      N(Cc1ccccc1)C(=O)c1c(=O)[nH]ccc1
Human-Component   raw_Human-Component
0.5666666626930237   0.5666666626930237   
0.36666667461395264   0.36666667461395264   
0.23333333432674408   0.23333333432674408   
0.8999999761581421   0.8999999761581421   
0.699999988079071   0.699999988079071   
0.7333333492279053   0.7333333492279053   
0.1666666716337204   0.1666666716337204   
0.0   0.0   
0.6666666865348816   0.6666666865348816   
0.4333333373069763   0.4333333373069763   

14:30:34: local_reinforcement_logger.timestep_report +41: INFO     
 Step 39   Fraction valid SMILES: 96.9   Score: 0.4844   Time elapsed: 38   Time left: 10.5
  Agent     Prior     Target     Score     SMILES
-26.42    -26.74    -13.08      0.17      C(c1c(NCC(=O)Nc2ccccc2)ccc(Cl)c1)(OC)=O
-43.63    -43.72    -38.25      0.07      c1(COC(C2C(=COC(=O)C)CSC3C(N=c4ncc(C#N)c[nH]4)C(OCc4cc(F)c(F)cc4)C32)=O)ccccc1
-27.14    -27.53     -5.66      0.27      C1CCCCC1CC(C(=O)O)c1nnc(-c2ccccc2)o1
-37.77    -37.71     25.15      0.77      c1(-c2nc(Cl)nc3c(O)c4c(c5[nH]cccc25)ccc4c3=O)c(Cl)cccc1
-18.86    -18.93      5.67      0.30      C(CC)CCN=c1[nH]c(=N)c2ncn(C3C(O)C(O)C(CO)O3)c2[nH]1
-38.89    -37.99    -37.99      0.00      c1ccc2c(c1)cc(C(=O)c1sc(-c3nn(-c4ccccc4)c(C)n3)cc1)cn2
-23.68    -24.07    -24.07      0.00      c1cc2[nH]c3c([N+](=O)[O-])ccc4cc[nH]c(c2cc1)c34
-32.40    -32.62     22.05      0.67      O=C(c1c(F)ccc(-c2cnc3c(c2)NCCCC3)c1)N
-26.10    -26.65      3.42      0.37      C(C)(C)CNCc1ccccc1S(=O)(=O)c1ccccc1
-29.46    -30.08     40.99      0.87      c1c(S(NC2CCN(Cc3cnccc3)C2)(=O)=O)c2c(n(C)cc2)cc1
Human-Component   raw_Human-Component
0.1666666716337204   0.1666666716337204   
0.06666667014360428   0.06666667014360428   
0.2666666805744171   0.2666666805744171   
0.7666666507720947   0.7666666507720947   
0.30000001192092896   0.30000001192092896   
0.0   0.0   
0.0   0.0   
0.6666666865348816   0.6666666865348816   
0.36666667461395264   0.36666667461395264   
0.8666666746139526   0.8666666746139526   

14:30:34: local_reinforcement_logger.timestep_report +41: INFO     
 Step 40   Fraction valid SMILES: 100.0   Score: 0.5000   Time elapsed: 39   Time left: 9.5
  Agent     Prior     Target     Score     SMILES
-40.33    -40.50     15.05      0.68      O(Cc1c(-c2ccccc2Cl)nc2n1nc(N1C(c3ccccc3)COCC1)s2)c1ccc(Cl)cc1
-23.04    -23.50      5.60      0.35      CCOCCCNC(=O)c1n(Cc2ccccc2)c2c(scc2)c1
-27.85    -27.03     12.64      0.48      c1(Sc2cc(-c3cn(C4CCNCC4)nc3)c[nH]c2=N)c(C#N)ccc(C)c1
-38.15    -38.55      9.06      0.58      N1(C(OC(C)(C)C)=O)CCC(CCn2c(N)c3c(n2)CN(CC)CC3)CC1
-33.53    -33.38     27.45      0.74      O1C(=O)c2c(OS(=O)(C)=O)cccc2C1Cc1ccc(OC)c(OCC=C)c1
-32.38    -32.67     41.40      0.90      c1(-c2ccc(Cl)cc2)csc(=NN=C2C=CC(OC)(CCCN3CCOCC3)CC2)[nH]1
-27.24    -27.61     43.81      0.87      C1N(Cc2nnc(-c3c[nH]c4ncccc43)o2)CCN(C)C1
-25.48    -26.64     52.71      0.97      c1cccc(Cl)c1-c1nc(CN2CCN(c3cccc(Cl)c3)CC2)cn1-c1ccc(OC)cc1
-24.62    -24.74     38.74      0.77      C1C(c2ccccc2)(C#N)CCN(Cc2c3c(ccc2OC)cc(OC)cc3)C1
-25.89    -25.65     -4.49      0.26      NC(=O)c1c(C(F)(F)F)cc(N(Cc2ccccc2)C)nc1
Human-Component   raw_Human-Component
0.6774193644523621   0.6774193644523621   
0.35483869910240173   0.35483869910240173   
0.4838709533214569   0.4838709533214569   
0.5806451439857483   0.5806451439857483   
0.7419354915618896   0.7419354915618896   
0.9032257795333862   0.9032257795333862   
0.8709677457809448   0.8709677457809448   
0.9677419066429138   0.9677419066429138   
0.774193525314331   0.774193525314331   
0.25806450843811035   0.25806450843811035   

14:30:36: local_reinforcement_logger.timestep_report +41: INFO     
 Step 41   Fraction valid SMILES: 90.6   Score: 0.4531   Time elapsed: 40   Time left: 8.6
  Agent     Prior     Target     Score     SMILES
-24.04    -24.09     16.91      0.50      c1(CC(C(=O)O)NC(=O)c2[nH]c3ccc(F)cc3c2)ccccc1
-18.53    -19.40     50.89      0.86      c12cc[nH]c1ccc1c2CCC(N(CCC)CCC)C1
-18.66    -19.24     30.54      0.61      c1cc(CC(=O)NCCC2CCN(Cc3ccccc3)CC2)ccc1
-28.93    -29.49      5.65      0.43      C1CCCCC1n1c(=O)c2c(nc1)sc(C(=O)NCc1ccc(C)cc1)c2
-28.22    -27.09     19.76      0.57      Fc1cc(CC(NC(=O)C(C)(C)Oc2ccc(Cl)cc2)C(OC)=O)ccc1
-36.91    -36.77    -36.77      0.00      c12nc(OCCC)c(CCC)c(SC)n1ccc(Cl)c2
-29.21    -29.88     14.05      0.54      O(C)C12CC3CC(C1)CC(C2)C3NCC(=O)N1CCc2ccccc21
-27.91    -27.86     -4.43      0.29      CC(C(=O)N=C1SC(c2ccccc2)N(c2ccccc2)C1c1ccccc1)C
-18.36    -19.31     42.19      0.75      C1CN(N=Cc2cc(F)ccc2)CCO1
-22.71    -22.87      9.35      0.39      C1SC(=Nc2ccc(Br)cc2)N(C(CC)=O)C1
Human-Component   raw_Human-Component
0.5   0.5   
0.8571428656578064   0.8571428656578064   
0.6071428656578064   0.6071428656578064   
0.4285714328289032   0.4285714328289032   
0.5714285969734192   0.5714285969734192   
0.0   0.0   
0.5357142686843872   0.5357142686843872   
0.2857142984867096   0.2857142984867096   
0.75   0.75   
0.3928571343421936   0.3928571343421936   

14:30:37: local_reinforcement_logger.timestep_report +41: INFO     
 Step 42   Fraction valid SMILES: 100.0   Score: 0.5000   Time elapsed: 41   Time left: 7.6
  Agent     Prior     Target     Score     SMILES
-29.16    -29.41     44.65      0.90      c1c(Cl)cccc1C(Cn1c2c(oc1=O)cccc2)OCCCC
-37.78    -37.32     23.52      0.74      c1c(F)cc2c(c1)-c1c(cnc(-n3ncc(C(=O)NCCN(C)C)c3C3CCCC3)n1)-c1ccccc1N2
-26.96    -27.96     48.75      0.94      C1N(CC)CCN(C(c2cc(=O)[nH]c3ccc(F)cc23)=S)C1
-35.31    -35.30    -35.30      0.00      C(c1cc(OC)c(OC)cc1)(c1c(Cl)cc(-c2ocnc2)cc1)=CCCCCC(=O)O
-42.92    -42.68    -29.46      0.16      Clc1nc(N2C(=O)c3c(ccc(N)c3C(C)C)OC2c2ccccc2)cc(=O)[nH]1
-22.05    -22.98     27.28      0.61      C1CN(C(C(Nc2cc3c(cc2)CCC3)=O)c2ccccc2)CC1
-32.73    -32.76      6.92      0.48      c1(-n2c(C)cc(C)n2)[nH]c(=NN=Cc2ccc(N(CC)CC)cc2)cc(CCC)n1
-27.54    -27.21    -19.27      0.10      Cc1ccnc(Sc2ccc([N+]([O-])=O)c3c2C(=O)c2c(cccc2)C3=O)n1
-32.73    -32.53      9.80      0.52      c1ccnc(C2N(C(=O)Nc3ccc(F)cc3)N=C(c3c4c(cccc4)ccc3O)C2)c1
-30.76    -29.98      1.76      0.39      O=S(O)(=O)C(C(C)C)(C)c1cc2c(cccc2)cc1
Human-Component   raw_Human-Component
0.9032257795333862   0.9032257795333862   
0.7419354915618896   0.7419354915618896   
0.9354838728904724   0.9354838728904724   
0.0   0.0   
0.16129031777381897   0.16129031777381897   
0.6129032373428345   0.6129032373428345   
0.4838709533214569   0.4838709533214569   
0.09677419066429138   0.09677419066429138   
0.5161290168762207   0.5161290168762207   
0.3870967626571655   0.3870967626571655   

14:30:38: local_reinforcement_logger.timestep_report +41: INFO     
 Step 43   Fraction valid SMILES: 100.0   Score: 0.5000   Time elapsed: 42   Time left: 6.7
  Agent     Prior     Target     Score     SMILES
-26.09    -25.37    -14.79      0.13      O=C(c1sc(N2CCOCC2)c(N)c1C#N)N
-28.50    -28.61     32.23      0.74      c1cccc2c1N(CC(=O)NCCCN1CCC(Cc3ccccc3)CC1)c1ccsc1SC2
-32.67    -32.90     25.29      0.71      C1(NC(C)=O)CCN(Cc2ccccc2-c2ccc(NC(N)=S)cc2)C1
-27.61    -28.29     -4.48      0.29      C(=NNC(NN=Cc1c2c(n(Cc3ccccc3)c1)cccc2)=S)c1ccccc1F
-23.03    -23.45     13.58      0.45      O=C(NCc1cccc(Cl)c1)c1cc(-c2occc2)nc2c1cccc2
-29.51    -30.58     46.13      0.94      O1C(c2ccc(F)cc2)(CCN2CC(C)N(c3ccc(F)cc3F)CC2)COC1
-39.06    -38.34      9.27      0.58      c1cccc(O)c1C(c1ccccc1)CCN1CCC(N(C(=O)CC2SC(C)(C)C(C(=O)Nc3ccccc3)N2)CC)CC1
-34.77    -33.70      5.97      0.48      C(CSC1CC(=O)N(C(c2ccccc2)=O)N1C(OC)=O)#C
-25.54    -26.18      8.21      0.42      C(CCCCCC=CCC=CCCCCC)C=NC(=O)C
-23.79    -24.01     47.41      0.87      c12cc(-c3occ(CN4CCc5c(cccc5)C4)n3)ccc1OCO2
Human-Component   raw_Human-Component
0.12903225421905518   0.12903225421905518   
0.7419354915618896   0.7419354915618896   
0.7096773982048035   0.7096773982048035   
0.29032257199287415   0.29032257199287415   
0.4516128897666931   0.4516128897666931   
0.9354838728904724   0.9354838728904724   
0.5806451439857483   0.5806451439857483   
0.4838709533214569   0.4838709533214569   
0.4193548262119293   0.4193548262119293   
0.8709677457809448   0.8709677457809448   

14:30:39: local_reinforcement_logger.timestep_report +41: INFO     
 Step 44   Fraction valid SMILES: 96.9   Score: 0.4844   Time elapsed: 43   Time left: 5.7
  Agent     Prior     Target     Score     SMILES
-31.20    -30.68      4.85      0.43      c1(N)n(N=Cc2ccc(O)cc2)c(=S)sc1C(c1ccc2c(cccc2)c1)=O
-21.47    -21.78      8.28      0.37      c12ccccc1[nH]c(COc1ccc(CCC(=O)O)cc1)n2
-18.42    -18.60     44.27      0.77      c1c(C)ccc(NN=C2C(Cl)=C(Cl)C(Cl)=C2Cl)c1
-20.20    -20.61     53.19      0.90      N1(CCC2CCC(NS(C)(=O)=O)CC2)CCC(c2cccc3c2OCO3)CC1
-28.86    -30.00     19.20      0.60      C(c1ccccc1)C12N(C(O)C(CC3CCNCC3)C1)C(=O)C(Cc1ccccc1)NC2=O
-26.72    -25.58     -6.45      0.23      O(c1ncc(-c2sc3n(n2)c(-c2ccc(OC)cc2)nn3)cc1)C
-22.60    -23.11     -6.71      0.20      C(NCCc1ccc(F)cc1)(CN1C(=O)C(c2ccccc2)(c2ccccc2)NC1=O)=O
-28.12    -28.53     23.41      0.63      c1cc2c(cc1C#N)C(NC(=O)CC1NCCOC1)C(OC)C2
-32.52    -31.39     12.35      0.53      c1(C)n(-c2ccccc2)c(C)c(C=CC(=O)OC(C(c2c(OC)cccc2)=O)C)c1
-25.10    -25.12     43.21      0.83      O=S(N1c2c(cccc2)CC1)(c1cc(C(N2CCN(C)CC2)=O)ccc1Cl)=O
Human-Component   raw_Human-Component
0.4333333373069763   0.4333333373069763   
0.36666667461395264   0.36666667461395264   
0.7666666507720947   0.7666666507720947   
0.8999999761581421   0.8999999761581421   
0.6000000238418579   0.6000000238418579   
0.23333333432674408   0.23333333432674408   
0.20000000298023224   0.20000000298023224   
0.6333333253860474   0.6333333253860474   
0.5333333611488342   0.5333333611488342   
0.8333333134651184   0.8333333134651184   

14:30:39: local_reinforcement_logger.timestep_report +41: INFO     
 Step 45   Fraction valid SMILES: 100.0   Score: 0.5000   Time elapsed: 44   Time left: 4.8
  Agent     Prior     Target     Score     SMILES
-32.32    -32.35    -32.35      0.00      c1(OCCCc2ccc(OC)cc2)ccc2n(Cc3cc4c(cc3)cccc4)c(CC(C)(C)C(=O)O)nc2c1
-27.03    -28.18    -20.24      0.10      C1N(c2nc(N3CCCC3)ncc2)CC(C(=O)Nc2cc(C(F)(F)F)cc(C(F)(F)F)c2)(C)C1
-28.84    -28.64     40.14      0.84      c1cocc1CN1C2C(=O)N(Cc3cc(Cl)ccc3)C(CC2)C1
-21.32    -21.44      2.36      0.29      C1(C(=O)N2CCC3(CCN(C4CCOCC4)CC3)CC2)CCOC1
-36.22    -35.84     38.23      0.90      c1(O)cccc2c(CCCn3cc4c([nH]c(=N)[nH]c4=NCC(c4ccccc4)c4ccccc4)n3)c[nH]c12
-29.68    -29.33    -16.10      0.16      c1cc(C(=COC)C(OC)=O)ccc1OCc1cccc(COc2cc3oc(=O)ccc3cc2)c1
-20.21    -21.50      7.60      0.35      OC(CCCCNCCCCCCCCCCCC)=O
-31.79    -31.79     31.70      0.77      C1CC1c1n(-c2ccc(Cl)cc2)nc(C(NC2CC2)=O)c1Br
-21.04    -22.09     28.17      0.61      c12c([nH]c3c1CCNC3c1cccc(OC)c1O)cccc2
-28.31    -27.97     -1.52      0.32      c1cccc(C(O)CN(Cc2cc(=O)[nH][nH]2)C)c1
Human-Component   raw_Human-Component
0.0   0.0   
0.09677419066429138   0.09677419066429138   
0.8387096524238586   0.8387096524238586   
0.29032257199287415   0.29032257199287415   
0.9032257795333862   0.9032257795333862   
0.16129031777381897   0.16129031777381897   
0.35483869910240173   0.35483869910240173   
0.774193525314331   0.774193525314331   
0.6129032373428345   0.6129032373428345   
0.32258063554763794   0.32258063554763794   

14:30:40: local_reinforcement_logger.timestep_report +41: INFO     
 Step 46   Fraction valid SMILES: 96.9   Score: 0.4844   Time elapsed: 44   Time left: 3.7
  Agent     Prior     Target     Score     SMILES
-27.79    -28.24      7.29      0.43      c1c(-c2scc3c2nc(-c2ccccc2)[nH]c3=N)cccc1
-34.30    -34.26    -34.26      0.00      N(N=c1[nH]c(=N)c2ncn(C3C(OC(C)=O)C(OC(=O)C)C(COC(=O)C)O3)c2[nH]1)=Cc1ccc2nonc2c1
-38.12    -40.44    -40.44      0.00      C1NCCN(c2ncc3ccc4c5c(ccc4c3-2)CCCC5)C1
-21.57    -21.57     44.03      0.80      c1(-c2ccc(Cl)cc2)nn(C(=O)N2CCCCC2)nn1
-40.38    -42.52     25.81      0.83      C1Cn2c3c4c(ccc3c3c2C(=O)N(Cc2cc(O)ccc2O)C13)CCCC4
-18.17    -19.32     62.68      1.00      c12c(ccc(C(=O)NCCCN3C(=O)CCC3)c1)OCO2
-31.95    -32.26      0.54      0.40      C1(=O)C(C)(C)n2c(ncc2CCCc2ccccc2)-c2c(cccc2)C1
-22.98    -22.84     34.56      0.70      C(C(=O)N1CCN(Cc2ccc(Cl)cc2)CC1)NC(=O)c1ccco1
-32.60    -32.62     19.31      0.63      c1(-c2c(OC3CCCCC3)ccc(N)c2)sc(C2(C)N=C(N)N(C)S(=O)(=O)C2)c(Cl)c1
-21.33    -22.82     31.85      0.67      O=C1N(Cc2ccco2)C2=NCCN2c2ccccc21
Human-Component   raw_Human-Component
0.4333333373069763   0.4333333373069763   
0.0   0.0   
0.0   0.0   
0.800000011920929   0.800000011920929   
0.8333333134651184   0.8333333134651184   
1.0   1.0   
0.4000000059604645   0.4000000059604645   
0.699999988079071   0.699999988079071   
0.6333333253860474   0.6333333253860474   
0.6666666865348816   0.6666666865348816   

14:30:41: local_reinforcement_logger.timestep_report +41: INFO     
 Step 47   Fraction valid SMILES: 96.9   Score: 0.4844   Time elapsed: 45   Time left: 2.8
  Agent     Prior     Target     Score     SMILES
-23.58    -22.95    -12.01      0.13      c1cc2c(cc1OC)C(C(NCCC)=O)=CC(C)(C)O2
-19.89    -21.90     57.37      0.97      N1(CN2CCN(c3c(OC)cccc3)CC2)Cc2ccccc2C1
-33.45    -34.57     17.36      0.63      c1(C)c2c(cccc2)c2c(c1)CC1C3c4c(cc(OC)cc4)CC(N3C)C1C2
-30.33    -30.22     32.64      0.77      c1n(C)c2c(cc(F)cc2)c1C1(O)c2c(cccc2)N(CCC(C)C)C1=O
-29.61    -30.54    -30.54      0.00      c1cccc(NC(c2c3c4c(ccc3)-c3c(cccc3)-c4ccc2)=O)c1O
-29.56    -29.80    -29.80      0.00      c1(C(C(=O)c2ccc(Br)cc2)c2c(OC)cc(OC)cc2)ccccc1
-25.15    -24.26    -16.06      0.10      C(C(O)=O)CSCc1cnc2n1cc(C)cc2
-23.05    -22.88     -6.48      0.20      O(Cc1nc(-c2ccccc2)oc1)c1ccc(F)c(C(=O)N)c1F
-26.64    -27.50     16.23      0.53      c12c(=O)n(Cc3ccc(Cl)cc3)c(=O)n(Cc3ccccc3)c1nc(-c1ccccc1)n2C
-19.78    -20.52     -1.38      0.23      CSc1cc(C)nc2ccccc21
Human-Component   raw_Human-Component
0.13333334028720856   0.13333334028720856   
0.9666666388511658   0.9666666388511658   
0.6333333253860474   0.6333333253860474   
0.7666666507720947   0.7666666507720947   
0.0   0.0   
0.0   0.0   
0.10000000149011612   0.10000000149011612   
0.20000000298023224   0.20000000298023224   
0.5333333611488342   0.5333333611488342   
0.23333333432674408   0.23333333432674408   

14:30:42: local_reinforcement_logger.timestep_report +41: INFO     
 Step 48   Fraction valid SMILES: 100.0   Score: 0.5000   Time elapsed: 46   Time left: 1.9
  Agent     Prior     Target     Score     SMILES
-41.32    -40.91     -9.17      0.39      c1c(C2CC(c3ccccc3OC(F)(F)F)(CCC3NCCOC3)CCC2)onc1C
-25.40    -24.48    -13.90      0.13      C(CC)NC(Cc1c(O)nc(N2CCOCC2)s1)=O
-26.37    -25.99     32.20      0.71      C(=O)(C(CC)(c1ccc(Cl)c(Cl)c1)C)N
-33.87    -33.08     -3.99      0.35      c12c(OC)cc(OC)c(OC)c1C1(C(=O)OC)C(c3c(cccc3)C1=O)O2
-23.50    -23.69     23.92      0.58      C1CCC(C(NN(C2=NS(=O)(=O)c3c2cccc3)C)=O)CC1
-30.08    -29.57     12.75      0.52      C1(C(O)=O)=C(c2c(C)ccs2)CC(c2ccc(OCCCCCCCCC)cc2)CC1=O
-29.98    -30.22      6.82      0.45      c1c(C(F)(F)F)ccc(C(NCCCNCCCNC(Cc2c(OC)cccc2)=O)=O)c1
-21.88    -21.98     28.28      0.61      c12c(ccc(OCCOc3ccccc3)c1)oc(=O)c(C)c2C
-34.01    -34.90     -0.51      0.42      C1c2cc(Nc3cc(CO)ccc3)ccc2C2C(C1C(=O)OC)C2
-34.32    -35.28     46.72      1.00      c1c2c(cc(Cl)c1)CCN(c1nc3c(c(=NCCC)[nH]3)ncn1C)C2
Human-Component   raw_Human-Component
0.3870967626571655   0.3870967626571655   
0.12903225421905518   0.12903225421905518   
0.7096773982048035   0.7096773982048035   
0.35483869910240173   0.35483869910240173   
0.5806451439857483   0.5806451439857483   
0.5161290168762207   0.5161290168762207   
0.4516128897666931   0.4516128897666931   
0.6129032373428345   0.6129032373428345   
0.4193548262119293   0.4193548262119293   
1.0   1.0   

14:30:43: local_reinforcement_logger.timestep_report +41: INFO     
 Step 49   Fraction valid SMILES: 100.0   Score: 0.5000   Time elapsed: 47   Time left: 0.9
  Agent     Prior     Target     Score     SMILES
-25.37    -25.48     27.43      0.65      c1(-c2c(O)c3c([nH]c2=O)nccc3)cc(Cl)cc(Cl)c1
-32.43    -32.41    -32.41      0.00      c1cc(-c2ccccc2C)c2ncn(Cc3cc(C(=O)OC)ccc3)c2n1
-20.82    -21.04     42.44      0.77      C1(=NN=c2scc(-c3ccc(C(F)(F)F)cc3)[nH]2)CCCN1C
-42.70    -41.84    -36.55      0.06      C(=NC(=O)c1c(C)cc(NC(CCl)=O)s1)(C=NC(c1ccco1)=O)C
-26.30    -26.57     -0.12      0.32      C1CCCCC1C(NC(=O)OCc1ccccc1)c1cn(C2(C#N)CC2)nn1
-25.29    -24.80     41.33      0.81      c1cc(C)c(C(N2CCC(CS(N)(=O)=O)CC2)=O)cc1
-26.20    -29.63     25.92      0.68      c12ccccc1CN(C1CCN(C(=O)NCc3cc(F)c(N)cc3)CC1)CC2
-31.47    -32.06     -2.96      0.35      c1c(C2N3CC4(C)CC(C)(C3)CC(C4)C2)ccc(NC(=O)CN(CC)CC)c1
-25.58    -26.35     21.26      0.58      n1cc2c(c(=O)[nH]c(=O)n2C)n1Cc1cccc2ccccc21
-30.28    -31.33     29.50      0.74      C1C(c2c(NC(=O)OCC)c(CC)ccc2)CN1
Human-Component   raw_Human-Component
0.6451612710952759   0.6451612710952759   
0.0   0.0   
0.774193525314331   0.774193525314331   
0.06451612710952759   0.06451612710952759   
0.32258063554763794   0.32258063554763794   
0.8064516186714172   0.8064516186714172   
0.6774193644523621   0.6774193644523621   
0.35483869910240173   0.35483869910240173   
0.5806451439857483   0.5806451439857483   
0.7419354915618896   0.7419354915618896   

