15:39:27: local_reinforcement_logger.log_message +32: INFO     starting an RL run
15:39:29: local_reinforcement_logger.timestep_report +41: INFO     
 Step 0   Fraction valid SMILES: 100.0   Score: 0.5000   Time elapsed: 1   Time left: 50.0
  Agent     Prior     Target     Score     SMILES
-39.37    -39.37    -35.86      0.11      c12c(c(C)c3c(c1OC(C)=O)OC1(C)C(C3)C(C)(C)CCC1)c(=O)c1c(c3c(O)cccc3cc1)o2
-31.70    -31.70    -12.16      0.61      C1=CC2(CCN(CCCc3ccccc3)CC2)OOC12CCCC(C)C2
-40.15    -40.15    -20.40      0.62      C(CN(CCCCC#N)c1ccc(C=C2CCn3c2nc2c(cccc2)c3=O)cc1)C(O)=O
-32.55    -32.55    -10.94      0.68      C1CN(CCF)CCN1C(=O)OC1CCN(Cc2ccc(C)c3ccccc23)CC1
-18.94    -18.94      5.05      0.75      s1c(-c2cnccc2)ccc1
-28.87    -28.87    -10.05      0.59      c1c(C2C(C(NCc3ccccc3)=O)CCC(=O)N2CC(C)C)ccc(OC)c1
-23.09    -23.09     -0.59      0.70      n12ccccc1nc1c(c2=O)cc(C(=O)N2CCN(c3ccc(OC)cc3)CC2)s1
-29.26    -29.26    -12.30      0.53      n1nc(C)c(C(=O)N2CCC3(CC2)CCCN(c2nncs2)C3)o1
-29.84    -29.84    -13.91      0.50      C12C(O)C(=CCCC)C(C(O)=O)N1C(=O)C2C(O)C
-25.05    -25.05     -4.64      0.64      c1cccc(OC)c1CN(C(CCn1c(O)ccc1O)=O)C
Human-Component   raw_Human-Component
0.10967741906642914   0.10967741906642914   
0.6107527017593384   0.6107527017593384   
0.6172043085098267   0.6172043085098267   
0.675268828868866   0.675268828868866   
0.749462366104126   0.749462366104126   
0.5881720185279846   0.5881720185279846   
0.7032257914543152   0.7032257914543152   
0.5301074981689453   0.5301074981689453   
0.4978494644165039   0.4978494644165039   
0.6376343965530396   0.6376343965530396   

15:39:31: local_reinforcement_logger.timestep_report +41: INFO     
 Step 1   Fraction valid SMILES: 100.0   Score: 0.5000   Time elapsed: 3   Time left: 73.5
  Agent     Prior     Target     Score     SMILES
-20.83    -20.83    -14.33      0.20      c1(CCCCC)ccc(-c2c(=N)[nH]c(=N)[nH]c2CC)cc1
-24.94    -24.96    -19.49      0.17      O=C1N(CC(Nc2ccc(C)cc2C)=O)C(=O)N=C1Cc1ccc(OC)c(OC)c1
-27.80    -27.81     -1.21      0.83      C1C2CC3(NC(CNC4C(F)C(O)C(CO)O4)=O)CC(CC1C3)C2
-27.40    -27.40     -5.65      0.68      C1(c2cc(OC)ccc2)=NC(Cc2cn(C)c3ccccc23)C(=O)Nc2c1cccc2
-54.11    -53.93    -29.33      0.77      C(c1cc(COc2ccc(CCC(=O)O)c(CN(Cc3cc(C)c(OC(C)(C)C(O)=O)cc3)CC)c2)ccc1F)(F)(F)F
-42.04    -42.03    -19.01      0.72      O(N=C(N)c1ccc(OCC(NCC)=O)cc1)C(C(C)(CO)C)=O
-32.42    -32.42    -10.13      0.70      c1c(Cn2c(=O)c3cc(F)c(N4CC(C)CC(C)C4)cc3nc2CC)ccc(SC)c1
-29.56    -29.54     -7.80      0.68      c1c(C(=O)NC(C)(C)C(=O)N)c(F)cc(-c2cc(Cl)cc(Cl)c2OCC(F)(F)F)c1
-29.23    -29.30     -9.13      0.63      CCCCCCCC(O)CCCCCCSCC(C(O)=O)=O
-20.49    -20.57     -3.64      0.53      c1ccc(C(N2CCN(C(C(C)C)=O)CC2)c2ccc(Cl)cc2)cc1
Human-Component   raw_Human-Component
0.20322580635547638   0.20322580635547638   
0.17096774280071259   0.17096774280071259   
0.8311827778816223   0.8311827778816223   
0.6795699000358582   0.6795699000358582   
0.7688171863555908   0.7688171863555908   
0.7193548679351807   0.7193548679351807   
0.6967741847038269   0.6967741847038269   
0.6795699000358582   0.6795699000358582   
0.6301075220108032   0.6301075220108032   
0.5290322303771973   0.5290322303771973   

15:39:32: local_reinforcement_logger.timestep_report +41: INFO     
 Step 2   Fraction valid SMILES: 96.9   Score: 0.4844   Time elapsed: 4   Time left: 64.0
  Agent     Prior     Target     Score     SMILES
-25.38    -25.37     -8.78      0.52      c1(C)ccc(-c2c(C(=O)C)[nH]c(=NC#N)[nH]2)cc1
-23.08    -23.14     -8.25      0.47      c1cc(S(N(CC)CC)(=O)=O)ccc1C(=O)Nc1ccc(F)c(Cl)c1
-32.33    -32.25    -11.21      0.66      c1(C)cnc(N2CCc3[nH]c(N4CCN(C)CC4)nc(=NC4CCNC4)c3C2)nc1
-30.29    -30.40    -13.12      0.54      C(CCCSC(=O)OC(C)CC)CCC
-16.99    -17.08     -2.52      0.46      c12nc[nH]c(=O)c1cccc2
-36.29    -36.14    -28.60      0.24      c1c(Cl)ccc(-c2c(COc3ccc(C(=O)C)c(O)c3CCC)c(C(O)=O)oc2C=Cc2c(Cl)cc(Cl)cc2)c1
-20.71    -20.73     -3.26      0.55      c1cc([N+]([O-])=O)ccc1S(=O)(=O)NCCN1CCCC1
-27.86    -27.99     -6.40      0.67      C1CC(N(C2CCC(C(N)=O)CC2)Cc2ccc(OCCn3c(O)ccc3O)c(OC)c2)CC1
-30.93    -30.91    -19.80      0.35      c1c2c(cc(O)c1)CCC(c1cncnc1)N2C(=O)CCl
-30.73    -30.77    -18.74      0.38      c1(C(=O)N2CCN(c3ccccc3OC)CC2)cnc2c3c(cccc3)n(C)c2c1O
Human-Component   raw_Human-Component
0.5183908343315125   0.5183908343315125   
0.4655172526836395   0.4655172526836395   
0.657471239566803   0.657471239566803   
0.540229856967926   0.540229856967926   
0.45517241954803467   0.45517241954803467   
0.23563218116760254   0.23563218116760254   
0.545976996421814   0.545976996421814   
0.6747126579284668   0.6747126579284668   
0.34712642431259155   0.34712642431259155   
0.3758620619773865   0.3758620619773865   

15:39:33: local_reinforcement_logger.timestep_report +41: INFO     
 Step 3   Fraction valid SMILES: 93.8   Score: 0.4688   Time elapsed: 5   Time left: 58.8
  Agent     Prior     Target     Score     SMILES
-23.81    -23.69     -4.10      0.61      N(=c1[nH]nc(SC2CCCC2)s1)C(Nc1ccc(Cl)c(Cl)c1)=O
-43.51    -43.29    -42.27      0.03      c1c(OC)cc(OC)c2c(=O)cc(C(OC(=O)c3cc(OC)c(OC)c(OC)c3)c3nnn(CC4COC(C)(C)O4)c3)oc12
-18.02    -18.04      5.09      0.72      c1cc(C(=O)CCCN2CCC(c3ccc(Cl)cc3)(O)CC2)ccc1
-32.28    -32.40    -11.00      0.67      c1nc(-c2ccc(C(C)C)cc2)c(SCC(=O)NCCN(C)C)n1-c1ccccc1
-19.39    -19.48      0.15      0.61      O(C)c1cc(C(=O)N=c2cc[nH]cc2)ccc1OC
-21.32    -21.39     -1.22      0.63      CC(C(NC(=O)c1c(Cl)cccc1Cl)C(O)=O)C
-27.20    -27.38     -6.06      0.67      O=Cc1ccc(-c2cc(C(C)(C)C)c(OC)c(C(C)(C)C)c2)cc1O
-38.29    -38.15    -38.15      0.00      [nH]1c2c(c(O)c3c(cccc3)c2=Nc2ccc(NS(C)(=O)=O)cc2)c(O)c2[nH]ccc12
-28.21    -28.16     -7.78      0.64      N(c1ccccc1)=c1[nH]c(C)c(-c2nc3cc(Cl)ccc3[nH]2)c(=N)[nH]1
-21.98    -22.24     -2.89      0.60      CCn1c(-c2ccc(OC)cc2)nnc1SCC(=O)N(CC)CC
Human-Component   raw_Human-Component
0.6120689511299133   0.6120689511299133   
0.03201970458030701   0.03201970458030701   
0.7229064106941223   0.7229064106941223   
0.6687192320823669   0.6687192320823669   
0.6133005023002625   0.6133005023002625   
0.6305418610572815   0.6305418610572815   
0.6662561297416687   0.6662561297416687   
0.0   0.0   
0.6366994976997375   0.6366994976997375   
0.6046798229217529   0.6046798229217529   

15:39:34: local_reinforcement_logger.timestep_report +41: INFO     
 Step 4   Fraction valid SMILES: 96.9   Score: 0.4844   Time elapsed: 6   Time left: 55.2
  Agent     Prior     Target     Score     SMILES
-36.86    -37.33    -16.47      0.65      Fc1cc2cnc3ccc(-c4ccc(OC)nc4)cc3c2n1CCCN1CCCC1
-27.06    -27.10    -10.36      0.52      c1(C(=O)NCC(NCC(OCC)=O)=O)c(OC)c2ccccc2cc1
-54.53    -54.50    -37.61      0.53      c1(CN2C(=O)CCC3C4CC=C5C(C)(C4CCC23C)C(C)=CCC5(C(N)=O)C)n2cccnc2nc1C
-22.70    -22.97     -6.67      0.51      c1cccc(-c2ccc(-c3c(C)[nH]c4cc(Cl)ccc4c3=O)cc2)c1
-54.66    -54.10    -46.78      0.23      CC(C)c1c(N=c2[nH]c3cc(N4CCN(CC)CC4)ccc3c(=NC3C(OC)CN(C(C=C)=O)C3)[nH]2)ccc(NS(=O)(=O)CC)c1
-58.97    -58.76    -49.97      0.27      N(C1CC2CCC1N(C(=O)C1N(Cc3cccc(O)c3)CC(CN3CCC(CN(C)C)CC3)C1)C2)C(CNC(c1cccc(N)c1)=O)=O
-29.43    -29.23    -20.15      0.28      [nH]1c(=Nc2cnc(N3CC(NC)CC3)cc2)nc2c(c1)CCc1c(C(N)=O)nn(CCO)c1-2
-19.81    -20.01     -2.39      0.55      c1c2nc(CN)ccc2ccc1
-22.96    -22.76     -1.72      0.66      c1c(NC(=O)COc2c([N+]([O-])=O)nc(C)cc2)ccc(C)c1F
-21.04    -21.00     -5.55      0.48      c1(N=Cc2c(O)[nH]c(=O)n(-c3ccccc3)c2=O)ccc2c(c1)OCO2
Human-Component   raw_Human-Component
0.6517241597175598   0.6517241597175598   
0.522988498210907   0.522988498210907   
0.5275862216949463   0.5275862216949463   
0.5091953873634338   0.5091953873634338   
0.22873562574386597   0.22873562574386597   
0.2747126519680023   0.2747126519680023   
0.28390803933143616   0.28390803933143616   
0.5505747199058533   0.5505747199058533   
0.657471239566803   0.657471239566803   
0.48275861144065857   0.48275861144065857   

15:39:35: local_reinforcement_logger.timestep_report +41: INFO     
 Step 5   Fraction valid SMILES: 100.0   Score: 0.5000   Time elapsed: 7   Time left: 52.5
  Agent     Prior     Target     Score     SMILES
-22.77    -22.72      1.85      0.77      c1c(CNCC2CN(C3CC3)CCC2)ccnc1
-27.01    -27.13    -13.09      0.44      c1c2c(ccc1Cl)-c1[nH][nH]c(=NCc3ccccc3)c1CC(=O)N2
-25.13    -25.44    -19.97      0.17      CC1CN(S(=O)(c2ccc3c(c2)CCN3C(CCCC(O)=O)=O)=O)CC(C)C1
-37.09    -37.09    -16.65      0.64      O=C1C(CC(C)(C)C)(O)c2cc(CCC#N)ccc2CN1C
-29.01    -29.28     -6.77      0.70      C12C(c3cc(C(=O)NCCCCCCC(O)=NO)cc4c3cccc4)CN(CC1)CC2
-18.68    -18.79      3.58      0.70      C(Oc1ccc(C2=NNC(=O)CC2)cc1)c1ccccc1
-29.41    -29.70     -8.67      0.66      N(C(C(O)(C)C)=O)CCC(c1ccc(C)cc1)=O
-32.46    -32.57    -16.19      0.51      O=C(OC)c1cc2c(ccc(-n3nnc(C(OCC)=O)c3C)c2)s1
-29.36    -29.28     -9.67      0.61      c1cc(C(Nc2ccc(OC(F)F)cc2Cl)=O)c(SCc2ccncc2)cc1
-35.11    -35.13    -16.55      0.58      c1cc2[nH]c(=O)cc(C(F)(F)F)c2cc1-c1ccc(N(C(c2oc(Br)cc2)=O)C)cc1
Human-Component   raw_Human-Component
0.7677419185638428   0.7677419185638428   
0.43870967626571655   0.43870967626571655   
0.17096774280071259   0.17096774280071259   
0.6387096643447876   0.6387096643447876   
0.7032257914543152   0.7032257914543152   
0.698924720287323   0.698924720287323   
0.6569892764091492   0.6569892764091492   
0.5118279457092285   0.5118279457092285   
0.6129032373428345   0.6129032373428345   
0.5806451439857483   0.5806451439857483   

15:39:37: local_reinforcement_logger.timestep_report +41: INFO     
 Step 6   Fraction valid SMILES: 100.0   Score: 0.5000   Time elapsed: 9   Time left: 56.6
  Agent     Prior     Target     Score     SMILES
-35.51    -35.35    -33.57      0.06      CON(c1nc2c(c(=O)[nH]1)n(CCN1CCOCC1)nc2)C
-23.99    -23.84     -1.07      0.71      FC(F)(c1c(=N)[nH]cc(-c2cc(C3C4CN(C5COC5)CC43)nc(N3CC4(CCC4)C3)n2)c1)F
-20.60    -20.53      1.22      0.68      c1ccc(N)cc1-c1nc(=O)o[nH]1
-25.80    -25.83    -19.26      0.21      c1c(OC)ccc(CNC(OC2C(c3cccc(OC)c3)Oc3ccc(OC)cc3C2=O)=O)c1
-34.30    -33.81    -25.14      0.27      c12c(c(-c3cc(O)[nH]c3O)cc(F)c1)CCC(c1cnc(Cl)cc1)O2
-41.48    -41.33    -27.81      0.42      n1c[nH]c2c(c(-c3ccncc3)c3c(n2)CCC(=Cc2ccc(Cl)cc2Cl)C3=O)c1=O
-34.38    -34.39    -20.66      0.43      c12c(ccc(CCN3CCN(c4c5ccccc5ccc4)CC3)c1)n(CC)cc2OC
-19.24    -19.34     -5.40      0.44      c1c(C)[nH][nH]c1=Nc1cc(OC)cc(OC)c1
-33.41    -33.23    -12.45      0.65      C(N(Cc1noc(C)n1)CC)c1ccc(F)cc1OC(F)F
-29.99    -30.26    -12.61      0.55      C1C(N=c2[nH]c3c(n(C4CCN(Cc5ccc(OC(F)F)cc5)CC4)nc3)nc2)CC1
Human-Component   raw_Human-Component
0.055913977324962616   0.055913977324962616   
0.7118279337882996   0.7118279337882996   
0.6795699000358582   0.6795699000358582   
0.20537634193897247   0.20537634193897247   
0.2709677517414093   0.2709677517414093   
0.42258065938949585   0.42258065938949585   
0.42903226613998413   0.42903226613998413   
0.4354838728904724   0.4354838728904724   
0.6494623422622681   0.6494623422622681   
0.551612913608551   0.551612913608551   

15:39:38: local_reinforcement_logger.timestep_report +41: INFO     
 Step 7   Fraction valid SMILES: 100.0   Score: 0.5000   Time elapsed: 10   Time left: 53.8
  Agent     Prior     Target     Score     SMILES
-20.66    -20.88      2.65      0.74      CC(C)(C)NC(NC(c1sccc1)=O)=S
-32.77    -32.95    -10.69      0.70      C(=Cc1ccccc1)c1n(N2C(=O)CN(c3cccc(C(F)(F)F)c3)CC2)c(=O)c2ccccc2n1
-26.61    -26.39     -5.64      0.65      O=C(c1c(NC)n(-c2cc(C)cc(C)c2)nc1C)OCC
-24.13    -24.24    -16.46      0.24      c1c2c(c(S(CC(=O)NCCCOC)(=O)=O)cc1)nsn2
-47.41    -46.91    -28.30      0.58      n1c(C2=C(C)C(=O)C3(O2)C(O)C(OC)C(COC)O3)[nH]c2c1c1c(cc2)CCC1
-23.20    -22.94     -4.09      0.59      c1cc(OC)c(C(Nc2ccc(NC(c3ccccn3)=O)cc2)=O)cc1
-32.87    -32.95    -21.56      0.36      Cc1ccc(NC(=O)CON=C2C(C=C(C)C)C3(CCCC3)OC2=O)cc1
-25.26    -25.45     -5.80      0.61      c1(F)ccccc1N1CCN(Cc2sc3c(c2)cccc3)CC1
-23.10    -23.00     -7.55      0.48      c12c(cccc1)c(CCNCc1nc(-c3c(Cl)cc(Cl)cc3)oc1)c[nH]2
-28.76    -28.56    -20.44      0.25      O=S(c1cc(C(=O)NN=C(C=Cc2c(OC)cccc2)C)ccc1)(=O)N1CCCCCC1
Human-Component   raw_Human-Component
0.7354838848114014   0.7354838848114014   
0.6956989169120789   0.6956989169120789   
0.64838707447052   0.64838707447052   
0.2430107593536377   0.2430107593536377   
0.5817204117774963   0.5817204117774963   
0.5892472863197327   0.5892472863197327   
0.3559139668941498   0.3559139668941498   
0.6139785051345825   0.6139785051345825   
0.48279568552970886   0.48279568552970886   
0.25376343727111816   0.25376343727111816   

15:39:39: local_reinforcement_logger.timestep_report +41: INFO     
 Step 8   Fraction valid SMILES: 100.0   Score: 0.5000   Time elapsed: 12   Time left: 56.0
  Agent     Prior     Target     Score     SMILES
-22.90    -22.96     -9.37      0.42      O=[N+]([O-])c1ccccc1OCCCC[N+](C)(C)C
-35.94    -35.58    -20.30      0.48      [nH]1cc(C#CC(O)(C)C)nc(C)c1=Nc1nc(=Nc2ccc(C(=O)N3CCOCC3)cc2)[nH]cc1Br
-21.85    -21.56     -7.31      0.45      c1cc(Oc2cc(C(=NO)N3C(C)CCC3)ccn2)c(F)c(F)c1
-39.69    -39.44    -18.08      0.67      c1(N(c2ccc(CN(S(=O)(Cc3ccccc3)=O)Cc3ccccc3)cc2)Cc2sccc2)sc(C(=O)O)c(C)n1
-18.52    -18.49      0.37      0.59      c1(O)cc(C=C2CCCC(=Cc3cc(OC)c(O)cc3)C2=O)ccc1O
-36.06    -36.40    -20.98      0.48      C(=C(C)C)CCC(O)(C)C1C(C(=O)c2c(O)cccc2)(C)C1
-27.98    -28.26     -7.82      0.64      c1ccccc1-c1ccc(CC(=O)N2CC(C(=O)Nc3cccc(Cl)c3)CCC2)cc1
-31.15    -31.31    -17.37      0.44      N(Cc1ccncc1)(CCN(Cc1ccc2c(c1)OCO2)S(=O)(c1ccc(Cl)cc1)=O)C(C)C
-29.73    -29.50    -14.53      0.47      c1c(Cl)cc(NC(=O)CCc2ccc(OC)cc2)c(C)c1O
-29.94    -29.70    -16.00      0.43      C(c1cc(OCc2ccc(Cl)cc2)ccc1)C(NC(=O)C1C2CCC(N1)C2)C#N
Human-Component   raw_Human-Component
0.42473119497299194   0.42473119497299194   
0.47741934657096863   0.47741934657096863   
0.44516128301620483   0.44516128301620483   
0.6677419543266296   0.6677419543266296   
0.5892472863197327   0.5892472863197327   
0.4817204177379608   0.4817204177379608   
0.6387096643447876   0.6387096643447876   
0.4354838728904724   0.4354838728904724   
0.4677419364452362   0.4677419364452362   
0.4279569983482361   0.4279569983482361   

15:39:41: local_reinforcement_logger.timestep_report +41: INFO     
 Step 9   Fraction valid SMILES: 100.0   Score: 0.5000   Time elapsed: 13   Time left: 53.3
  Agent     Prior     Target     Score     SMILES
-19.04    -19.11      2.98      0.69      c1(CN2CCCCC2)ccc(OC)c(Br)c1
-25.74    -25.88     -6.75      0.60      c1c(C)c(OC)ccc1C(=O)NCCNC(=O)c1ccccc1F
-28.80    -28.90    -17.40      0.36      Cc1cccc(CC)c1NC(=O)c1nc(C(OCC)=O)cs1
-24.04    -24.12     -5.40      0.58      c1n(Cc2ccccc2)c(O)cc1C(O)NC(c1ccc(Cl)cc1)C
-26.41    -26.78    -19.79      0.22      C1(NC(=S)NCCCC)=NC(=O)C(=Cc2c3c(cccc3)[nH]c2)S1
-29.85    -29.81    -22.41      0.23      C1CN(C(=O)C2CCCCC2)CC2(CCCN(Cc3cocc3)C2)C1
-43.79    -43.80    -35.99      0.24      C1N(c2c(NC(=O)c3cc(C4CCCCN4C(=O)c4cc(-c5noc(C)n5)ccc4)ccc3)cc(-c3ccccc3)s2)CCC(CN)C1
-25.83    -25.99     -7.30      0.58      CS(=O)(Nc1ccc(C(C(NCc2ccc(C(F)(F)F)nc2N2CCC(C(=O)OCC)CC2)=O)C)cc1F)=O
-31.08    -31.27    -18.02      0.41      N(C(=S)N1CCn2c3c(nc2C1Br)cccc3)Cc1ccccc1
-30.69    -30.70    -25.33      0.17      Cc1c(C(=O)OC)c2c(c[nH]c(=Nc3ccc(N4CCOCC4)cc3)n2)n1C1CCCC1
Human-Component   raw_Human-Component
0.6903225779533386   0.6903225779533386   
0.5978494882583618   0.5978494882583618   
0.3591397702693939   0.3591397702693939   
0.5849462151527405   0.5849462151527405   
0.21827957034111023   0.21827957034111023   
0.23118279874324799   0.23118279874324799   
0.24408602714538574   0.24408602714538574   
0.5838709473609924   0.5838709473609924   
0.4139784872531891   0.4139784872531891   
0.16774193942546844   0.16774193942546844   

15:39:42: local_reinforcement_logger.log_message +32: INFO     Resetting Agent
15:39:42: local_reinforcement_logger.log_message +32: INFO     Adjusting sigma to: 82
15:39:42: local_reinforcement_logger.timestep_report +41: INFO     
 Step 10   Fraction valid SMILES: 100.0   Score: 0.5000   Time elapsed: 15   Time left: 54.5
  Agent     Prior     Target     Score     SMILES
-25.10    -25.63    -11.45      0.44      c1cccc2c1C(=O)N(CCCC(N(C1CCCCC1)CCO)=O)C2=O
-31.80    -32.07    -20.06      0.38      C1OC(C)(C)Cc2cccc(NC(=O)Cc3c(OC)ccc(C(C)=O)c3)c21
-28.37    -28.45     -6.11      0.70      c1(OC)cc(-c2ccc(C=CC(=NO)O)cc2)ccc1-c1c[nH]c(=N)cc1
-17.82    -17.99      3.10      0.66      C(c1ccccc1)(NN=Cc1ccncc1)=O
-24.65    -24.77     -4.19      0.64      c1(NC(=O)N2CCC(N3CC=CC3)CC2)ccc(Br)cc1
-21.99    -22.27     -3.69      0.58      n1(-c2ccccc2)nc(-c2ccc(Cl)cc2)c(C=NNC(=S)NC)c1
-27.84    -27.91    -11.50      0.51      CCN(c1cc(C)ccc1)C(CNC(=O)c1ccc(S(Nc2ccccc2)(=O)=O)cc1)=O
-37.78    -37.87    -19.94      0.56      c1c2c(O)cccc2n(CCc2ccc(OC)c(OC)c2Cl)c1C(NC)=O
-54.44    -54.42    -37.67      0.52      CC(C(C(CC(C(=O)O)C)=O)NC(C(C(O)C(C(NC(CCCS(=O)(=O)C)=O)CC1C(=O)NCC1)O)OCC=C)=O)C
-36.88    -37.24    -22.55      0.46      C(N)(N=c1scc(C(C)=CC(CN=[N+]=[N-])C(C)C)[nH]1)=N
Human-Component   raw_Human-Component
0.44301074743270874   0.44301074743270874   
0.375268816947937   0.375268816947937   
0.697849452495575   0.697849452495575   
0.6591398119926453   0.6591398119926453   
0.6430107355117798   0.6430107355117798   
0.5806451439857483   0.5806451439857483   
0.5129032135009766   0.5129032135009766   
0.5602150559425354   0.5602150559425354   
0.523655891418457   0.523655891418457   
0.45913979411125183   0.45913979411125183   

15:39:44: local_reinforcement_logger.timestep_report +41: INFO     
 Step 11   Fraction valid SMILES: 100.0   Score: 0.5000   Time elapsed: 16   Time left: 52.0
  Agent     Prior     Target     Score     SMILES
-32.56    -32.56     28.72      0.75      C(c1[nH]c2ccccc2c1)c1c(F)cc(OCCCC(F)(F)F)cc1F
-21.92    -21.92     29.04      0.62      COc1cccc(CCC(=O)N2CCCC2)c1
-23.15    -23.15     25.17      0.59      C1CC(C(=O)NCc2c(Cl)cc(Cl)cc2)CCN1S(=O)(=O)N1CCCCC1
-23.78    -23.78     -0.15      0.29      N1(S(=O)(=O)c2c(C(N3CCCCC3)=O)cccc2)CCC(C(NCc2ccc(OC)cc2)=O)CC1
-24.37    -24.37     12.49      0.45      Fc1ccc(NC2Oc3ccccc3C(=O)N2)cc1
-34.84    -34.84      8.46      0.53      c1(Cc2[nH]c(SCc3ccccc3)nc(=NS(c3ccc(F)c(F)c3F)(=O)=O)c2)cccc(Cl)c1
-48.04    -48.04    -23.17      0.30      C(C1(CC=C(C)CC(F)(F)F)C(=O)N2C(=NCCC2C)NC1(C)C)=CC
-23.29    -23.29     28.90      0.64      c1(C(F)(F)F)nc(SCC(=O)Nc2ccc(Cl)cc2Cl)nc(-c2cccs2)c1
-24.68    -24.68     27.70      0.64      c1c(C(=O)N2CCN(C(=O)Cn3c(O)ccc3O)CC2)ccc(F)c1
-33.87    -33.87     -0.28      0.41      c1c(NC(=O)CSc2nc3ccccc3cc2C)c2ccccc2c(O)c1Sc1nc[nH]n1
Human-Component   raw_Human-Component
0.7473118305206299   0.7473118305206299   
0.6215053796768188   0.6215053796768188   
0.5892472863197327   0.5892472863197327   
0.28817203640937805   0.28817203640937805   
0.449462354183197   0.449462354183197   
0.5279569625854492   0.5279569625854492   
0.3032258152961731   0.3032258152961731   
0.6365591287612915   0.6365591287612915   
0.6387096643447876   0.6387096643447876   
0.4096774160861969   0.4096774160861969   

15:39:46: local_reinforcement_logger.timestep_report +41: INFO     
 Step 12   Fraction valid SMILES: 90.6   Score: 0.4531   Time elapsed: 18   Time left: 52.6
  Agent     Prior     Target     Score     SMILES
-25.80    -25.82      6.61      0.40      C(=Cc1c[nH]c2c1c(=O)[nH]c(=N)[nH]2)c1c(F)cccc1
-25.09    -25.08      4.43      0.36      C(CN1CCC(c2oc3ccccc3n2)CC1)CCn1c(=O)[nH]cc1O
-37.06    -37.06    -37.06      0.00      Fc1cc2c(=O)c(C(=O)O)cn(C3CC3)c2nc1-n1c2c([nH]c1)ccc(-c1cnn(C)c1)c2
-23.80    -23.77      2.81      0.32      c1(S(=O)(=O)N(c2sc3ccccc3c2Br)CCCC(F)(F)F)cccs1
-37.73    -37.64      3.04      0.50      C1(O)C(O)C(CO)OC(OC2OC=C(COC(C)=O)C3CC(=O)C(C)C(=C(OC(=O)CCC)C)C23)C1O
-27.51    -27.53    -16.90      0.13      C1CN(CCCNC(=O)c2cc(=O)[nH]c3n(CC)ncc23)C(C)CC1
-36.52    -36.46     13.54      0.61      c1c(F)cccc1-c1oc(C(N2CCCCC2C(NCc2ccccc2)=O)=O)c(C)n1
-26.49    -26.52     36.17      0.76      C1CC(CNS(=O)(c2ccc3[nH]c(SC)nc3c2)=O)CCC1C(O)=O
-37.10    -37.22     21.14      0.71      c1(C2c3c(ccc(Cl)c3)C3N(C2)C(C(F)(F)F)CC3)c(C)nn(C)c1C
-21.97    -21.95     33.47      0.68      c1ccc2c(=O)n(C3OC(CO)C(O)C3O)cnc2c1
Human-Component   raw_Human-Component
0.39550265669822693   0.39550265669822693   
0.35978835821151733   0.35978835821151733   
0.0   0.0   
0.32407405972480774   0.32407405972480774   
0.4960317313671112   0.4960317313671112   
0.12962962687015533   0.12962962687015533   
0.6097883582115173   0.6097883582115173   
0.7645502686500549   0.7645502686500549   
0.7116402387619019   0.7116402387619019   
0.6759259104728699   0.6759259104728699   

15:39:48: local_reinforcement_logger.timestep_report +41: INFO     
 Step 13   Fraction valid SMILES: 100.0   Score: 0.5000   Time elapsed: 20   Time left: 52.9
  Agent     Prior     Target     Score     SMILES
-25.98    -25.95     33.83      0.73      o1c2cc3occ(-c4cccc([N+](=O)[O-])c4)c(=O)c3cc2cc1
-27.05    -27.24     28.48      0.68      C(C)(C)Oc1cc2c([nH]c(C(=O)N(C)C)c2)cc1
-31.93    -31.85    -23.04      0.11      N(C(c1c(C)nco1)=O)(C)CC1Oc2cc(C#CC(C)O)ccc2C(=O)N(C(C)CO)CC1C
-26.78    -26.76     -3.13      0.29      c1cc(O)cc(C=Nc2cc(S(N(CC)CC)(=O)=O)ccc2)c1O
-28.41    -28.42     27.39      0.68      C1COCCC1N=c1[nH]c(=NCc2ccc(Cl)cc2)c2nc[nH]c2[nH]1
-41.95    -42.17     10.65      0.64      c1cc(Cl)c(OC(C)C)cc1-c1c2n(cc1)C=CS(=O)(=O)O2
-31.17    -31.15     14.34      0.55      c1c[nH]ccc1=Nc1ccc(OCCCCCCN2Cc3cc(OC)c(OC)cc3CC2)cc1
-25.85    -25.87     -1.89      0.29      C(c1ccccc1)C(N)C(CSC1=CC(=O)c2c(cccc2)C1=O)=O
-35.77    -35.70      4.50      0.49      c12c(ccc(Br)c1)-n1c(C=Cc3ccncc3)ccc1C(=O)NC2C#C
-33.41    -33.46     15.66      0.60      c1(CC(C(=O)N2CC(F)CC2C#N)N)ccc(-c2cc(CCN3CCC3)ccc2)cc1
Human-Component   raw_Human-Component
0.7290322780609131   0.7290322780609131   
0.6795699000358582   0.6795699000358582   
0.10752688348293304   0.10752688348293304   
0.28817203640937805   0.28817203640937805   
0.6806451678276062   0.6806451678276062   
0.6440860033035278   0.6440860033035278   
0.5548387169837952   0.5548387169837952   
0.29247310757637024   0.29247310757637024   
0.4903225898742676   0.4903225898742676   
0.5989247560501099   0.5989247560501099   

15:39:51: local_reinforcement_logger.timestep_report +41: INFO     
 Step 14   Fraction valid SMILES: 96.9   Score: 0.4844   Time elapsed: 23   Time left: 55.2
  Agent     Prior     Target     Score     SMILES
-24.83    -24.84     32.00      0.69      O=[N+](c1ccc(CCN2CCC(c3[nH]c4c(cccc4)n3)CC2)cc1)[O-]
-75.63    -75.88    -75.88      0.00      C1=C2C(OC(C)=O)CC3C(C2(C)C=C(C2(O)C45OC4(C2)C1)O1C(O)C(O)(C(C)CC1=O)O3)OC(=O)C5
-29.86    -29.81     24.76      0.67      c1(F)c(C(=O)NCC(C(C2OC(SC)C(O)C(O)C2O)O)=O)c(F)c(F)c(F)c1F
-22.78    -22.75     13.35      0.44      CC(C)CN(C(CCC(O)=O)=O)c1c(N)n(CCCC)c(=O)[nH]c1=O
-33.15    -33.19      8.85      0.51      C1CN(C(c2nc(-c3ncnn3C(C)C)sc2)=O)CCN1CCn1cccc1
-28.63    -28.63     11.90      0.49      C(c1c(C(=O)O)c(=O)ccn1CCO)CCCC
-18.69    -18.76     -2.55      0.20      c1cc(-c2[nH]c(S(=O)(=O)C(F)(F)C(F)F)nc2-c2ccccc2)ccc1
-33.58    -33.50     18.15      0.63      c1cc(C(=O)NN2CC=CC2)n(Cc2ccc(-c3ccccc3S(NC(c3ccccc3)=O)(=O)=O)cc2)c1CCC
-43.02    -42.71    -16.61      0.32      c1c(-c2c(-c3ccc(O)cc3)c3[nH]ncn3c(=O)n2)ccc(OCC2CNCC2)c1OC
-29.54    -29.68      9.81      0.48      C1(CO)C(N2C(=O)C(N)C2)CNC1
Human-Component   raw_Human-Component
0.6931034326553345   0.6931034326553345   
0.0   0.0   
0.665517270565033   0.665517270565033   
0.4402298927307129   0.4402298927307129   
0.5126436948776245   0.5126436948776245   
0.49425286054611206   0.49425286054611206   
0.19770115613937378   0.19770115613937378   
0.6298850774765015   0.6298850774765015   
0.318390816450119   0.318390816450119   
0.48160919547080994   0.48160919547080994   

15:39:53: local_reinforcement_logger.timestep_report +41: INFO     
 Step 15   Fraction valid SMILES: 96.9   Score: 0.4844   Time elapsed: 25   Time left: 54.7
  Agent     Prior     Target     Score     SMILES
-42.78    -42.73     10.90      0.65      O(Cc1sc(C(=O)NC(C)C(=O)N(C)C)c(-c2c(C)ccs2)n1)c1c(F)cccc1F
-35.72    -35.87    -28.80      0.09      n1c(=N)[nH]c2n(Cc3cn(N=Cc4ccc(OC)cc4)nn3)cnc2c1-c1ccco1
-45.89    -46.00     11.77      0.70      C(n1c(=N)n(CC(=O)C(C)(C)C)c2ccccc12)(C(N)C(C)c1ccc(OC(C)(C)C)cc1)C
-34.11    -34.25     -4.28      0.37      c1(C(F)(F)F)nc(=NCC2CCC(C(NC(C(O)=O)Cc3ccccc3)=O)CC2)[nH]c(N2CCOCC2)n1
-60.98    -61.12    -11.36      0.61      C12CC3C(CCN(S(=O)(=O)C)O3)OC1C1CC3CC2(C2(COC2)C(=O)c2ccccc2)C1C3
-21.72    -21.74     23.50      0.55      c1(=O)c2c(O)c(O)c(OC)cc2oc(-c2ccc(OC)c(O)c2)c1
-22.66    -22.70     32.25      0.67      c1ccc2c(c1)CCN(CCCN=c1cccc[nH]1)C2
-19.14    -19.22     27.82      0.57      c1c(NC(=O)Nc2cccc(Cl)c2)cccc1Cl
-88.61    -88.43    -88.43      0.00      c1(F)cccc(F)c1C(NC(CNCc1c(OC(C)(C)C)cccc1)C(=O)NC(C(NN(CC(N)=O)C(CCc1c2c(cccc2)[nH]c1C(=O)NCC[N+](CC(=O)NC(c1ccccc1)C)(=O)=O)=O)C)=O)=O
-29.61    -29.65      8.62      0.47      C(=C)(c1cc(OC)c(OC)c(OC)c1O)CCNC
Human-Component   raw_Human-Component
0.6540229916572571   0.6540229916572571   
0.08620689809322357   0.08620689809322357   
0.7045977115631104   0.7045977115631104   
0.3655172288417816   0.3655172288417816   
0.6068965792655945   0.6068965792655945   
0.5517241358757019   0.5517241358757019   
0.6701149344444275   0.6701149344444275   
0.5735632181167603   0.5735632181167603   
0.0   0.0   
0.46666666865348816   0.46666666865348816   

15:39:55: local_reinforcement_logger.timestep_report +41: INFO     
 Step 16   Fraction valid SMILES: 100.0   Score: 0.5000   Time elapsed: 27   Time left: 54.0
  Agent     Prior     Target     Score     SMILES
-25.04    -24.94      3.63      0.35      c1(C=NNC(C[n+]2ccccc2)=O)cccc(CCCC)c1O
-22.90    -22.77     40.89      0.78      c1c2c(cc(OC)c1)C(=NNC(=S)N)c1cc(OCC)ccc1-2
-23.02    -23.10     35.54      0.72      c1(C(=O)NCc2ccccn2)nc2ccc(-c3ccc(OC)cc3)cn2c1
-32.38    -32.21      3.94      0.44      O=C(c1cc(-c2ccc(C)cc2)cc(N(S(=O)(C)=O)C)c1)Nc1ccc(C)c(OC2CCCCC2)c1
-40.70    -40.69     -4.54      0.44      c1c2c(NC(NCc3cc(OC)cc(OC)c3)=O)c3c(cc(S(=O)(NCCO)=O)cc3)nc2ccc1
-21.81    -21.95     21.52      0.53      c1cc(S(N2CC3(CN(c4ncccc4)CC3)CCC2)(=O)=O)ccc1
-22.67    -22.77     26.87      0.61      c1(Cl)ccc(Cc2n[nH]c(=NC(=O)OCc3ccccc3)s2)cc1
-24.13    -24.17     31.64      0.68      N(Cc1ccc(OCc2ccccc2)c(OC)c1)C(c1c(OC)ccc(Cl)c1)=O
-30.56    -30.66      4.17      0.42      n1(C)ncc2c1[nH]c(SCCC(Nc1cccc(C(=O)C)c1)=O)nc2=O
-29.62    -29.70     23.82      0.65      c12c(cccc1)c1c(s2)C(C)(C)Nc2ccc(OC(CC)=O)cc2-1
Human-Component   raw_Human-Component
0.34838709235191345   0.34838709235191345   
0.7763440608978271   0.7763440608978271   
0.7150537371635437   0.7150537371635437   
0.44086021184921265   0.44086021184921265   
0.44086021184921265   0.44086021184921265   
0.5301074981689453   0.5301074981689453   
0.6053763628005981   0.6053763628005981   
0.6806451678276062   0.6806451678276062   
0.42473119497299194   0.42473119497299194   
0.6526881456375122   0.6526881456375122   

15:39:56: local_reinforcement_logger.timestep_report +41: INFO     
 Step 17   Fraction valid SMILES: 100.0   Score: 0.5000   Time elapsed: 28   Time left: 51.3
  Agent     Prior     Target     Score     SMILES
-21.54    -21.63     35.16      0.69      N(CCCCC)=C1C(=O)c2cnncc2C(=O)C1
-24.47    -24.50     11.82      0.44      c1cccc2c1c(CCC(NN=Cc1oc([N+]([O-])=O)cc1)=O)c[nH]2
-19.03    -19.12     29.72      0.60      c1(O)c(C(=O)O)ccc2c1cccc2
-43.04    -43.24     16.27      0.73      c1cc2sc3c(c2cc1)nc(=Nc1ncc(N2CCCC(NC(OCCN(C)C)=O)CC2)cn1)[nH]c3
-30.57    -30.21     17.41      0.58      c12c(c(=O)n(-c3ccccc3)c(SCC(=O)OCC)n1)c1c(s2)CC(NCCc2ccncc2)CC1
-22.44    -22.55     32.11      0.67      C1N(Cc2ccc(O)cc2)CCC(N2Cc3c(cccc3)NC2=O)C1
-31.74    -31.68     -1.35      0.37      c1c(-c2cscc2)n2c(c(C(=O)NC(c3ccccc3)CC)cn2)nc1C
-26.28    -26.33     13.44      0.48      C(C(c1ccc(-n2ccnc2)cc1)=O)(O)c1ccc(OC)cc1
-17.99    -17.98     36.43      0.66      c1(Br)c(O)c(Br)cc(C(C)=O)c1
-28.76    -28.60     22.54      0.62      c1c(-n2c(=O)n(NC(=O)C(c3ccc(-c4ccccc4)c(F)c3)C)cc(C#N)c2=O)cccc1
Human-Component   raw_Human-Component
0.6924731135368347   0.6924731135368347   
0.44301074743270874   0.44301074743270874   
0.5956989526748657   0.5956989526748657   
0.725806474685669   0.725806474685669   
0.5806451439857483   0.5806451439857483   
0.6666666865348816   0.6666666865348816   
0.3698924779891968   0.3698924779891968   
0.48494625091552734   0.48494625091552734   
0.6634408831596375   0.6634408831596375   
0.6236559152603149   0.6236559152603149   

15:39:58: local_reinforcement_logger.timestep_report +41: INFO     
 Step 18   Fraction valid SMILES: 100.0   Score: 0.5000   Time elapsed: 30   Time left: 50.5
  Agent     Prior     Target     Score     SMILES
-46.24    -46.29     -3.26      0.52      C(c1c(N2CCC(CNCCC3OCCc4cccc(F)c43)CC2)nc(C(O)=O)c(O)c1)N1CCCCC1
-33.02    -32.76     25.87      0.72      n12c(nnc3ccccc13)nc(-c1ccc(C)cc1)c2C=Cc1ccc([N+](=O)[O-])cc1
-25.68    -26.19      2.11      0.35      c1ccc(Cl)c(C(Nc2ccc(CN=c3nc[nH]cc3)cc2)=O)c1
-21.91    -22.22     30.51      0.64      CS(N(c1ccc(C(N2CCCCCC2)=O)cc1)CC)(=O)=O
-27.11    -26.92    -13.43      0.16      c1c(CCC(=O)c2c(OC3C(O)C(O)C(O)C(COC4C(O)C(CO)(O)CO4)O3)c(O)cc(O)c2)cc(O)c(O)c1
-27.66    -27.54     27.31      0.67      c1c(-c2ccccc2)nnc2c(N3CCOCC3)nc3cc(Br)ccc3c12
-30.04    -29.94     22.26      0.64      O=C(c1c(N)c(C(N2CCN(c3ccc(OC)cc3)CC2)=O)ns1)NC(C)CC
-29.82    -29.90    -11.03      0.23      CCC(NC(=O)CSc1[nH]cc(S(=O)(c2cc(Cl)c(OC)cc2)=O)c(=O)n1)C
-27.73    -28.07     12.93      0.50      c12[nH]c(C(=O)N3CCN(C4CCCCCC4)CC3)nc1cc(Cl)c(Cl)c2
-48.86    -48.77    -12.62      0.44      C(F)(F)(c1cc(NC(Nc2ccc(Oc3cc(-c4n5c(nc6c5ccc(=N)[nH]6)c(=N)[nH]n4)ccc3)cc2)=O)c(C)nc1)F
Human-Component   raw_Human-Component
0.5247311592102051   0.5247311592102051   
0.7150537371635437   0.7150537371635437   
0.3451612889766693   0.3451612889766693   
0.6430107355117798   0.6430107355117798   
0.1645161360502243   0.1645161360502243   
0.6688172221183777   0.6688172221183777   
0.6365591287612915   0.6365591287612915   
0.23010753095149994   0.23010753095149994   
0.5   0.5   
0.44086021184921265   0.44086021184921265   

15:39:59: local_reinforcement_logger.timestep_report +41: INFO     
 Step 19   Fraction valid SMILES: 100.0   Score: 0.5000   Time elapsed: 31   Time left: 48.1
  Agent     Prior     Target     Score     SMILES
-22.58    -22.65    -15.51      0.09      O(C)c1c(C=Nn2[nH]nnc2=N)cc(OC)c(OC)c1
-21.62    -21.62      1.04      0.28      c1c(NC(c2cccs2)=O)ccc(S(=O)(N=c2sc(CC)n[nH]2)=O)c1
-24.69    -24.91    -15.30      0.12      c1(C(N)=O)sc(=NN=Cc2ccccn2)[nH]c1C
-25.14    -25.78    -24.54      0.02      Cc1ccc(-n2c(O)c3c(c2O)C2(CC)C(=O)N(c4ccccc4)C(=O)N2C3c2ccc3c(c2)OCO3)cc1
-30.83    -30.95     20.19      0.62      c1(OCC)cccc2c1ncc(C(Nc1c(SC)cccc1)=O)c2
-38.67    -38.70      0.89      0.48      C(c1ccc(Cl)cc1)(C(NCCOc1ccccc1CC)=O)N(C1CCCCC1)C(c1nccnc1)=O
-25.08    -25.21     30.87      0.68      C1(O)C(n2c3c(c(=NCc4c(OC)cccc4)[nH]cn3)nc2)OC(CO)C1N
-25.92    -25.88     34.43      0.74      c1cc(Br)ccc1C(Cn1ccnc1)(O)c1cc2ccccc2cc1
-38.35    -38.45     11.81      0.61      CC(C(N)O)(CC(=O)C1CCCCC1)NC(OC(C)(C)C)=O
-49.58    -49.73    -16.14      0.41      C(c1ccccc1)(C1C2OC(C)(C)OC2C2OC(C)(C)OC2O1)OC(=O)CN(C(c1ccco1)=O)c1ccc(C)cc1
Human-Component   raw_Human-Component
0.08709677308797836   0.08709677308797836   
0.27634409070014954   0.27634409070014954   
0.11720430105924606   0.11720430105924606   
0.015053763054311275   0.015053763054311275   
0.6236559152603149   0.6236559152603149   
0.48279568552970886   0.48279568552970886   
0.6838709712028503   0.6838709712028503   
0.7354838848114014   0.7354838848114014   
0.6129032373428345   0.6129032373428345   
0.4096774160861969   0.4096774160861969   

15:40:01: local_reinforcement_logger.timestep_report +41: INFO     
 Step 20   Fraction valid SMILES: 100.0   Score: 0.5000   Time elapsed: 33   Time left: 47.1
  Agent     Prior     Target     Score     SMILES
-24.61    -24.58     39.44      0.78      N1(CC2CCCCC2)C(=O)CN(CCCc2ccccc2)C(=O)C1c1ccccc1
-36.39    -36.40     23.11      0.73      C(CCCCCC)CCCCCCC(=O)OC1c2cc3c(c(O)c2C(=O)C=C1C)COC(C)(C)O3
-25.69    -25.79     23.24      0.60      C(C)OC(=O)c1cc(C(=NO)O)nn1Cc1ccc(F)cc1
-37.96    -38.12     17.61      0.68      c12c(cccc1)[nH]c1c(N=Nc3ccccc3)c(-c3c(O)c(C)cc(C)c3)cc(=O)n21
-27.05    -27.10     -0.29      0.33      c12c(=O)n(CCN(C)C)cc(C(=O)Nc3cc(OC)ccc3OC)c1cccc2
-30.77    -30.57     24.36      0.67      c1cc(Oc2cc3c(cc2OC)c(=Nc2ccc(F)cc2)[nH]cn3)ccc1C(N)=O
-24.70    -24.58     25.76      0.61      c1(CSc2nnc(-c3cc(C)ccc3)o2)ccc(NC(=O)C)cc1
-50.00    -49.93    -24.18      0.31      C(=O)(C(N=c1c(Cl)cc(C(F)(F)F)c[nH]1)=O)OCOC(=O)OC1C(C2CCCCC2)C2N(CCCC2)C1
-26.16    -26.47     26.17      0.64      c1cc(CN2CCC(CCN(C)Cc3ccc(F)cc3)CC2)c(Cl)cc1
-24.65    -24.29     18.12      0.52      O(C)c1ccc(CNC(c2cc3c(cc2)S(=O)(=O)c2ccccc2C(=O)N3Cc2cc(C)ccc2C)=O)cc1OC
Human-Component   raw_Human-Component
0.7806451320648193   0.7806451320648193   
0.725806474685669   0.725806474685669   
0.5978494882583618   0.5978494882583618   
0.6795699000358582   0.6795699000358582   
0.3268817067146301   0.3268817067146301   
0.6698924899101257   0.6698924899101257   
0.6139785051345825   0.6139785051345825   
0.31397849321365356   0.31397849321365356   
0.6419354677200317   0.6419354677200317   
0.5172042846679688   0.5172042846679688   

15:40:04: local_reinforcement_logger.timestep_report +41: INFO     
 Step 21   Fraction valid SMILES: 96.9   Score: 0.4844   Time elapsed: 36   Time left: 47.5
  Agent     Prior     Target     Score     SMILES
-25.77    -25.62     33.19      0.72      c1ncc(-n2c(C)cc(=Cc3c(O)[nH]c(=O)n(-c4cccc(Cl)c4)c3=O)c2=C)cc1
-42.30    -42.55    -32.09      0.13      c1(OCCCCC2OC(c3cc(OC)c(OC)cc3)C(CC=CC=C)C2)c(OC)ccc2c1c[n+]1c(c2)-c2c(cc3c(c2)OCO3)CC1
-31.92    -32.17     17.50      0.61      c1cc(-c2[nH]c3c(n(C)nc3CCC)c(=O)n2)cc(OC(C)c2c(C(F)(F)F)cccc2)c1C(F)(F)F
-36.06    -36.25     10.69      0.57      C(c1ccc(F)cc1)N1CCCC2(NC(C)C=C2)C(F)C1
-36.87    -37.04     -0.85      0.44      c1cc(C#CCN2C(=O)c3ccccc3C2=O)cc2c1CC1C2=NN(CC(F)(F)F)C1=O
-29.81    -30.24      1.34      0.39      c1c(O)ccc(C2(c3ccc(O)cc3)c3cccc(NC(c4noc(C)c4)=O)c3NC2=O)c1
-24.63    -24.67      4.17      0.35      C(=O)(Nc1ccc2c(oc(-c3ccccc3)n2)c1)c1ccc(C(C)(C)C)cc1
-29.47    -29.45    -29.45      0.00      n1cc(-c2cc[nH]c(=Nc3ccc(=NCCN(C)C)cc3)[nH]2)cnc1C
-30.14    -29.91     23.72      0.65      c12c(c(=O)n(CC(C)C)c(CNC(C(Cc3ccccc3)S)=O)n1)cccc2
-28.11    -28.09     25.35      0.65      c1(C2(CC(=O)N3CC(C(OCC)=O)CCC3)OC(=O)C(SCc3ccccc3)C(=O)C2)ccccc1
Human-Component   raw_Human-Component
0.7172414064407349   0.7172414064407349   
0.12758620083332062   0.12758620083332062   
0.6057471036911011   0.6057471036911011   
0.5724138021469116   0.5724138021469116   
0.4413793087005615   0.4413793087005615   
0.3850574791431427   0.3850574791431427   
0.35172414779663086   0.35172414779663086   
0.0   0.0   
0.6540229916572571   0.6540229916572571   
0.6517241597175598   0.6517241597175598   

15:40:06: local_reinforcement_logger.timestep_report +41: INFO     
 Step 22   Fraction valid SMILES: 96.9   Score: 0.4844   Time elapsed: 38   Time left: 46.3
  Agent     Prior     Target     Score     SMILES
-25.41    -25.44     39.31      0.79      C(=NO)(O)c1cc2c(cc1)OCC2(C)C
-28.23    -28.27    -12.15      0.20      c12c(c(N3CCC(C(=O)NNC(=O)c4c(O)cccc4)CC3)ncn1)nc[nH]2
-28.31    -28.53     37.26      0.80      c1cc2c(c3c(cccc3)s2)nc1-n1cnnc1
-34.36    -34.29     26.60      0.74      N1(C(CCC(C(O)=O)NC(=O)NCc2ccccc2)=O)Cc2ccccc2CC1CNC(c1ccccc1)=O
-32.85    -32.72     27.60      0.74      CC1(C)C(O)CCC2(C)C3C(C)(C4(C)C(CC3)C3C(C(n5c(C)ncc5)=O)CCC(C)(C)C3(C)CC4)CCC12
-34.21    -34.37     21.99      0.69      C1(C)CN(C(c2c(CN)c3ccccc3n2Cc2cc(Cl)cc(Cl)c2)=O)CCC1
-43.51    -43.45    -43.45      0.00      N(=C(C(NC(=O)CC(=O)NC(CCSC)C(NC(C(N)=O)CCCCN)=O)Cc1ccccc1)=O)N1CCCCC1
-39.66    -40.10     16.64      0.69      CC(=O)N(C)C(C)CN(C(=O)C(C)(C)Oc1c(F)cc(F)cc1)C
-20.91    -21.24     16.65      0.46      n1(C)c(C(=O)Nc2ccc(OC)cc2)c([N+](=O)[O-])nc1
-28.47    -28.42     25.21      0.65      C1CN(c2c(F)cc(N3CC(C(=O)NC(C)C)CC3)cc2)CCN1CC
Human-Component   raw_Human-Component
0.7896551489830017   0.7896551489830017   
0.19655172526836395   0.19655172526836395   
0.8022988438606262   0.8022988438606262   
0.7425287365913391   0.7425287365913391   
0.7356321811676025   0.7356321811676025   
0.6873562932014465   0.6873562932014465   
0.0   0.0   
0.6919540166854858   0.6919540166854858   
0.46206897497177124   0.46206897497177124   
0.6540229916572571   0.6540229916572571   

15:40:08: local_reinforcement_logger.timestep_report +41: INFO     
 Step 23   Fraction valid SMILES: 100.0   Score: 0.5000   Time elapsed: 40   Time left: 45.0
  Agent     Prior     Target     Score     SMILES
-24.86    -25.14     32.79      0.71      c1(C2(Cc3ccccc3)OC(=O)C(Sc3cc(C)c(CO)cc3C(C)(C)C)C(=O)C2)ccc(-n2cccc2)cc1
-24.39    -24.50      0.54      0.31      c1(-c2ccc(OC)cc2)cc(C(F)(F)F)nc(=NCCc2c[nH]cn2)[nH]1
-33.71    -33.70     -1.34      0.39      c1(C(CCl)=O)cc(Cn2c3ncnc(-n4nccn4)c3nc2)ccc1
-27.42    -27.75     15.72      0.53      c12c3c(cccc3)[nH]c1C(c1ccc(Cl)cc1)n1n(c(=O)c3ccccc3c1=O)C2=S
-34.17    -34.12    -11.29      0.28      CCOC(CCCOC(=O)C=Cc1ccc2c(c1)OC(c1ccc(O)c(OC)c1)C(c1ccc(O)c(OC)c1)O2)=O
-36.27    -36.35      4.39      0.50      C(C)(C)CC(Cn1c(=O)n(Cc2ccccc2F)c(=O)cc1)N1C(=O)C(CC(O)=O)(C)CC(c2cc(Cl)ccc2)C1c1ccc(Cl)cc1
-20.91    -20.78     22.69      0.53      O(C)c1c(OC)c(OC)cc(-c2c(-c3ccc(OC)cc3)snc2)c1
-36.84    -36.99     -0.75      0.44      c1ccnc(OC(CN(C)C)C)c1-c1cc2c(-c3ccc(CN(C)C)cc3)c[nH]c(=N)c2o1
-21.47    -21.53     13.92      0.43      c1(Cl)ccc(-c2cc3c(c(OC)cc(OC)c3)o2)cc1
-30.26    -30.36     25.28      0.68      c1cccc(C)c1Cn1c(C2CCCN2)nc2cc([N+](=O)[O-])ccc21
Human-Component   raw_Human-Component
0.7064515948295593   0.7064515948295593   
0.3053763508796692   0.3053763508796692   
0.39462366700172424   0.39462366700172424   
0.5301074981689453   0.5301074981689453   
0.27849462628364563   0.27849462628364563   
0.49677419662475586   0.49677419662475586   
0.5301074981689453   0.5301074981689453   
0.4419354796409607   0.4419354796409607   
0.43225806951522827   0.43225806951522827   
0.6784946322441101   0.6784946322441101   

15:40:09: local_reinforcement_logger.timestep_report +41: INFO     
 Step 24   Fraction valid SMILES: 100.0   Score: 0.5000   Time elapsed: 41   Time left: 42.6
  Agent     Prior     Target     Score     SMILES
-23.28    -23.62     37.66      0.75      c1c(F)ccc(CN2CC3(CC2)CN(c2nncs2)CC3)c1
-28.24    -28.23      2.37      0.37      c1c(NC(=O)CNc2ccc(OC)c(F)c2)ccc(OC)c1OC
-32.83    -32.76     12.47      0.55      c1(=O)[nH]c2c(ccc(C(NNC(=S)Nc3ccc([N+](=O)[O-])cc3C)=O)c2)[nH]1
-35.27    -35.18     14.72      0.61      C1C(COc2nc(C(NC(c3nc(C)ccc3)=O)CCC)ccc2C#N)CO1
-16.98    -16.99     32.47      0.60      FC(c1cc(Cl)c(=NN)[nH]c1)(F)F
-21.79    -21.90     10.99      0.40      c1cc(CC2=NC(=O)N(S(c3ccc(C)cc3)(=O)=O)C2=O)oc1
-27.41    -27.60     27.60      0.67      N1(CCC)C2CCC2CC(=C)C1c1ccccc1
-26.55    -26.59     10.88      0.46      C1N(C)Cc2c(c3c(=O)n(-c4ccccc4)c(=O)n(CC(Nc4c(F)cccc4)=O)c3s2)C1
-32.40    -32.64     18.50      0.62      N(CC(=C)C)(C(CC)C)Cc1nc(-c2ccncc2)no1
-42.34    -42.59     -4.94      0.46      COC(C(NCc1cccnc1)=O)=C1C2(C)CCC3C(CC=C4C3(C)CCC(OC(=O)c3ccc([N+]([O-])=O)cc3)C4)C2CC1
Human-Component   raw_Human-Component
0.7473118305206299   0.7473118305206299   
0.3731182813644409   0.3731182813644409   
0.551612913608551   0.551612913608551   
0.6086021661758423   0.6086021661758423   
0.603225827217102   0.603225827217102   
0.4010752737522125   0.4010752737522125   
0.6731182932853699   0.6731182932853699   
0.45698925852775574   0.45698925852775574   
0.6236559152603149   0.6236559152603149   
0.45913979411125183   0.45913979411125183   

15:40:11: local_reinforcement_logger.timestep_report +41: INFO     
 Step 25   Fraction valid SMILES: 96.9   Score: 0.4844   Time elapsed: 43   Time left: 41.3
  Agent     Prior     Target     Score     SMILES
-20.25    -20.34     33.01      0.65      n1c(Oc2ccc(F)cc2F)ccc(N)c1
-32.68    -32.61     25.26      0.71      c1(OC)c(OC)ccc(C(=O)C2CCN(C(CCC)=O)CC2)c1C
-26.99    -26.88     19.59      0.57      Clc1c(Cl)cc2c(C(C#N)=Cc3ccc(C(O)=O)cc3)ccnc2c1
-34.52    -34.89      7.90      0.52      FC(F)(F)c1c(COc2c(OC)cccc2-c2c(C(=NO)N)cccc2)ccc(F)c1
-31.34    -31.60    -31.60      0.00      c1cccc2c1c1c(c3oc(C(=O)N4CCOCC4)cc1c2)C=CC(C)(C)O3
-36.11    -36.04      5.24      0.50      c1(N(C)C)c2sc(=NC(=O)c3ccncc3)[nH]c2c(C#N)cc1C(c1ccc(F)cc1)=O
-27.11    -27.04      7.64      0.42      c1(CNc2cccnc2Oc2ccc(N=c3[nH]cccc3)cc2)c(OC)cccn1
-28.70    -28.57      8.19      0.45      c1c(C(N=CCC(OC)=O)C)cc2c(c1)OCO2
-25.69    -25.84     21.66      0.58      c1(OCc2no[n+]([O-])c2C)ccc2c(c1)CCNCC2
-17.95    -18.18     29.52      0.58      C(c1ccccc1)=C(c1ccccc1)C(=O)O
Human-Component   raw_Human-Component
0.6505746841430664   0.6505746841430664   
0.705747127532959   0.705747127532959   
0.5666666626930237   0.5666666626930237   
0.5218390822410583   0.5218390822410583   
0.0   0.0   
0.5034482479095459   0.5034482479095459   
0.42298850417137146   0.42298850417137146   
0.4482758641242981   0.4482758641242981   
0.5793103575706482   0.5793103575706482   
0.5816091895103455   0.5816091895103455   

15:40:12: local_reinforcement_logger.timestep_report +41: INFO     
 Step 26   Fraction valid SMILES: 100.0   Score: 0.5000   Time elapsed: 44   Time left: 39.1
  Agent     Prior     Target     Score     SMILES
-20.84    -20.99      5.38      0.32      c1(Br)cc2c(cc1)NC(=O)C2=Nc1ccc(N2CCN(C)CC2)cc1
-30.65    -31.22     30.59      0.75      Cc1cc(C(N2CC(CCC)(CCC)CCC2)=O)cnc1
-32.49    -32.43     16.86      0.60      C1OC(CN(O)C(c2ccccc2)=O)COC1=N
-45.09    -45.11     -5.79      0.48      CC(C1CCC2(C)C(=C3C(=C4C(C)CC5C(C)(CCC6C(CO)(C)C(=O)CCC65C)C4(C)CC3)CC2)C1)=C
-30.40    -30.71     23.25      0.66      C1(C=C2Cc3c(ccc(C)c3)OC2=O)=Cc2c(cccc2)OC1
-38.86    -38.86    -26.34      0.15      O=C(NC)c1cc(F)c(COc2cnc(N3CCN(C(OCC(C(F)(F)F)C)=O)CC3)nc2)cc1F
-30.40    -29.87     -1.30      0.35      [nH]1c2ccccc2c(CCn2c(O)c(O)c(C(c3cccc(Cl)c3)=O)c2-c2cccc(OCC=C)c2)c1
-28.70    -28.53     24.29      0.64      C(Cc1nc(C=Cc2cc(OC)c(-n3cnc(C)c3)cc2)[nH]c(=O)c1)CCC
-42.93    -42.58     -2.73      0.49      c1c2nc(-c3c(OC)cc(CC(C)C)c(Cl)c3)sc2cnc1C(N)=O
-22.65    -22.63     31.60      0.66      C(Cn1nc(C)n(N=Cc2ccc(C)cc2)c1=O)=C
Human-Component   raw_Human-Component
0.3215053677558899   0.3215053677558899   
0.7537634372711182   0.7537634372711182   
0.601075291633606   0.601075291633606   
0.4795698821544647   0.4795698821544647   
0.6580645442008972   0.6580645442008972   
0.1526881754398346   0.1526881754398346   
0.34838709235191345   0.34838709235191345   
0.6440860033035278   0.6440860033035278   
0.4860215187072754   0.4860215187072754   
0.6612903475761414   0.6612903475761414   

15:40:14: local_reinforcement_logger.timestep_report +41: INFO     
 Step 27   Fraction valid SMILES: 100.0   Score: 0.5000   Time elapsed: 46   Time left: 37.8
  Agent     Prior     Target     Score     SMILES
-24.42    -24.35     13.47      0.46      O(CCCCCCc1ccccc1)CC(O)CC(O)=O
-21.19    -21.07     14.11      0.43      O=S(=O)(c1ccc(NC(NC(CC)=O)=S)cc1)N1CCCC1
-26.83    -26.79     -5.37      0.26      c1(OC)c(OC(=O)c2ccco2)c(OC)cc(C=CC(CC(=O)C=Cc2cc(OC)c(O)cc2)=O)c1
-36.54    -36.08     23.88      0.73      N1(C(COCc2ccc(OC)nc2)=O)CCN(c2cc(=NCCSC)[nH]cc2)CC1
-27.41    -27.66     21.28      0.60      C(#C)CNC(=N)N=c1scc(C)[nH]1
-36.00    -35.54     15.69      0.62      C1C(CC(=O)O)CCc2c3cc(F)ccc3n(CCCOc3ccc([N+](=O)[O-])cc3)c21
-40.96    -41.23    -26.06      0.18      CC(C(Cc1cc(OCc2ccccc2)ccc1)CC(C(F)(F)F)(O)CC(C)(c1c(C)cc(C(=O)C)cc1)C)(C)C
-29.87    -30.03     10.53      0.49      c1cccc2c1C(=O)C(CS(=O)(=O)C1C(=O)CCCC1)C2=O
-34.50    -34.48     18.25      0.64      c1c(N2CCN(CCCNC(c3cc4c([nH]cc4)nc3)=O)CCC2)c(Cl)c(Cl)cc1
-39.28    -39.19      7.98      0.58      c12n(C)c3ccc4c(c3c(=O)c1cc(C(=O)O)nc2)ccc(CC)n4
Human-Component   raw_Human-Component
0.4612903296947479   0.4612903296947479   
0.42903226613998413   0.42903226613998413   
0.2612903118133545   0.2612903118133545   
0.7311828136444092   0.7311828136444092   
0.5967742204666138   0.5967742204666138   
0.624731183052063   0.624731183052063   
0.1849462389945984   0.1849462389945984   
0.49462366104125977   0.49462366104125977   
0.6430107355117798   0.6430107355117798   
0.5752688050270081   0.5752688050270081   

15:40:16: local_reinforcement_logger.timestep_report +41: INFO     
 Step 28   Fraction valid SMILES: 96.9   Score: 0.4461   Time elapsed: 48   Time left: 36.4
  Agent     Prior     Target     Score     SMILES
-26.94    -26.85     24.90      0.63      c1(O)ccc(CCNC(CCCC(=O)NN=Cc2c(O)cccc2)=O)cc1
-33.84    -33.84     -6.32      0.34      n1c(=O)n2c(cc1OCC1Oc3cccnc3N(C)C1)-c1c(cc(C#CCn3c(=O)[nH]c4c3cccn4)cc1)CC2
-20.06    -20.30     18.53      0.47      C(OC(=O)C)C(=O)OC
-22.85    -23.02      1.77      0.30      CC(OC(COc1ccc(C(C)=O)cc1OC)=O)C
-27.18    -27.54     15.44      0.52      C(c1c2c([nH]c1C(NN=Cc1ccccc1)=O)ccc(F)c2)(=O)OC
-22.95    -23.38     16.87      0.49      O=C(C)Nc1cccc(C2CCN(CCCn3cc(-c4ccccc4)nn3)CC2)c1
-24.14    -24.27    -10.89      0.16      c12c(cccc1)C(=O)c1c(OC)ccc(N3CCOCC3)c1C2=O
-23.85    -23.83     24.99      0.60      c1cnccc1Oc1ccc(NC(=O)c2nccnc2)cc1
-21.06    -21.06    -21.06      0.00      C(CCCCCCCCC)CCCCCCOc1ccc(C=C(C(=O)OCC)C(OCC)=O)cc1
-24.95    -25.47     12.80      0.47      c1cc(OC)c(F)cc1-c1c2c(ccc1)CN(S(=O)(=O)N=c1[nH]cns1)CC2
Human-Component   raw_Human-Component
0.6310344934463501   0.6310344934463501   
0.33563217520713806   0.33563217520713806   
0.47356322407722473   0.47356322407722473   
0.3022988438606262   0.3022988438606262   
0.5241379141807556   0.5241379141807556   
0.4908045828342438   0.4908045828342438   
0.1632183939218521   0.1632183939218521   
0.5954023003578186   0.5954023003578186   
0.5804597735404968   0.5804597735404968   
0.46666666865348816   0.46666666865348816   

15:40:18: local_reinforcement_logger.timestep_report +41: INFO     
 Step 29   Fraction valid SMILES: 93.8   Score: 0.4688   Time elapsed: 50   Time left: 35.0
  Agent     Prior     Target     Score     SMILES
-21.80    -22.30      0.63      0.28      COc1c(OC)cc2c(c1)Cc1c(=Nc3ccccc3)[nH]cnc1O2
-26.46    -26.38     -2.45      0.29      n1cc(-c2cc3c(oc2=O)ccc(Cl)c3)oc1-c1ccccc1
-19.06    -19.31     38.46      0.70      c1cncc(C(=O)N2CC(C)OC(C)C2)c1
-36.03    -36.09    -18.52      0.21      FC(F)Oc1c(OC(F)F)ccc(C(C(N)=O)NC(=O)c2nc(-c3ccc(Cl)cc3)c(C)cc2)c1
-30.13    -30.06      2.86      0.40      c1(=O)n(CC(=O)NCc2cc3c(cc2)OCO3)c2nc(N(CC)CC)ncc2nc1CC
-29.78    -30.13      3.20      0.41      NC(c1nccc(CC)c1-c1cnc(OC)nc1OC)=O
-34.45    -34.82     -7.96      0.33      C12CCC3(C)C(CCC3C(=O)N(C(=O)NC(C)(C)C)C)C1C(=O)CC1CC(O)CCC21C
-33.55    -33.10     18.51      0.63      C1(NCCO)COc2c(-c3cc(OC(F)(F)F)c(OC)cc3)cccc21
-39.58    -39.69    -24.24      0.19      C(c1cccc(COC)n1)Oc1c(Cl)cc(Br)cc1C(Nc1ccc(F)cc1)=O
-16.97    -17.00     43.49      0.74      C1Cc2cccc3c2C(N(C)CC3)C1
Human-Component   raw_Human-Component
0.27955666184425354   0.27955666184425354   
0.29187193512916565   0.29187193512916565   
0.7044335007667542   0.7044335007667542   
0.2142857164144516   0.2142857164144516   
0.4014778435230255   0.4014778435230255   
0.40640392899513245   0.40640392899513245   
0.32758620381355286   0.32758620381355286   
0.6293103694915771   0.6293103694915771   
0.18842364847660065   0.18842364847660065   
0.7376847267150879   0.7376847267150879   

15:40:20: local_reinforcement_logger.timestep_report +41: INFO     
 Step 30   Fraction valid SMILES: 100.0   Score: 0.4784   Time elapsed: 52   Time left: 33.5
  Agent     Prior     Target     Score     SMILES
-30.23    -30.67     23.20      0.66      C12C(=NN(c3cc(C)c(C)cc3)C1c1sccc1)CC=CC2
-29.04    -28.79    -19.09      0.12      O(C)c1ccc(C(=O)c2cc(C#N)c3n2c2c(n(C)c(=O)n(C)c2=O)nc3)cc1
-23.95    -23.89     29.28      0.65      c1cc(C2CCN(Cc3c(Br)cccc3)CC2)c(OC)cc1
-41.18    -41.51     17.65      0.72      C(O)(=O)CCCCC1C(C)(C)C1C=CC(=CCC=C(F)F)C
-24.56    -24.62     27.93      0.64      O(C)c1c2c(cc(=O)[nH]1)cc(O)c(O)c2
-29.74    -29.48     19.80      0.60      c1(Cl)cc(COc2c(OC)cc(-c3oc4c(ccc(F)c4)c(=O)c3)cc2)ccc1
-25.89    -25.86     26.16      0.63      C(NC(=O)C1CCN(S(=O)(=O)N(CC(C)C)C(C)C)CC1)c1cccs1
-32.26    -32.16    -14.35      0.22      c1(S(NC(C)(C)CC)(=O)=O)c(OC)ccc(NC(=O)C=Cc2cc(OC)c(OC)cc2)c1
-25.74    -25.34      1.20      0.32      C1N(CC)CCN(C(c2oc3c(cccc3)c2CSCC(=O)O)=O)C1
-19.31    -19.62    -19.62      0.00      N(=C(N)N)c1ccc(F)cc1
Human-Component   raw_Human-Component
0.6569892764091492   0.6569892764091492   
0.11827956885099411   0.11827956885099411   
0.64838707447052   0.64838707447052   
0.7215054035186768   0.7215054035186768   
0.6408601999282837   0.6408601999282837   
0.601075291633606   0.601075291633606   
0.6344085931777954   0.6344085931777954   
0.21720430254936218   0.21720430254936218   
0.323655903339386   0.323655903339386   
0.6913978457450867   0.6913978457450867   

15:40:26: local_reinforcement_logger.timestep_report +41: INFO     
 Step 31   Fraction valid SMILES: 96.9   Score: 0.4844   Time elapsed: 58   Time left: 34.4
  Agent     Prior     Target     Score     SMILES
-22.05    -22.27     13.07      0.43      c1c(C(=O)O)ccc(N(Cc2ccccc2)C(=O)CC)c1
-29.21    -29.17      3.44      0.40      N(=c1sc2c(ccc(NC(c3ccc(-c4ccc(F)cc4)nc3)=O)c2)[nH]1)c1cccc(C(F)(F)F)c1
-27.91    -27.96     25.95      0.66      c1c(C(F)(F)F)ccc(C=Nn2c(=O)c3c(ccc(Cl)c3)nc2CC)c1
-42.45    -42.64    -31.71      0.13      C(c1ccccc1NS(=O)(=O)c1c(C)ccc(C(=O)Nc2ccc3nc[nH]c(=Nc4cc(OC)ccc4)c3c2)c1)(=O)OCC
-23.54    -23.77      1.39      0.31      C(=O)(CCCCc1onc(C(C)(C)C)n1)O
-21.82    -22.43     12.91      0.43      c1([N+](=O)[O-])cc2c(cc1)NC(C)(C)C=C2N(C)C
-28.77    -29.02      8.31      0.46      c1c(-c2[nH]c(=NC(=S)NCC)sc2)cccc1C(C)=O
-47.80    -48.22    -22.49      0.31      C(CCCCCOC(C1=C(C)CSC2C(NCCc3c[nH]c4c3cccc4)C(=CC)C(C(O)CO)N21)=O)CC
-22.32    -22.30     12.01      0.42      c1(OC)ccc(-n2c(C)nnc2SCC(=O)c2c(=O)[nH]c(=O)n(C3CC3)c2N)cc1
-29.36    -29.46     28.69      0.71      c12c(cc(-c3cnccc3)c(O)c1)C(=NO)CCC2
Human-Component   raw_Human-Component
0.43103447556495667   0.43103447556495667   
0.3977011442184448   0.3977011442184448   
0.657471239566803   0.657471239566803   
0.13333334028720856   0.13333334028720856   
0.30689653754234314   0.30689653754234314   
0.43103447556495667   0.43103447556495667   
0.45517241954803467   0.45517241954803467   
0.3137930929660797   0.3137930929660797   
0.41839081048965454   0.41839081048965454   
0.7091953754425049   0.7091953754425049   

15:40:29: local_reinforcement_logger.timestep_report +41: INFO     
 Step 32   Fraction valid SMILES: 96.9   Score: 0.4844   Time elapsed: 61   Time left: 33.3
  Agent     Prior     Target     Score     SMILES
-29.48    -29.10     30.28      0.72      c1cc2cc(C(N3CCOCC3)=O)nc(-c3ccc(CO)cc3)c2cc1
-28.07    -27.69     16.61      0.54      c1(=NCCn2c(=O)c3cc(C)ccc3[nH]c2=S)[nH]cccn1
-29.94    -29.87     15.47      0.55      c1(O)coc2c(c1=O)C(c1ccc(OC)cc1)c1c(c3c(cccc3)oc1=O)O2
-27.09    -27.30     13.13      0.49      c1(=N)[nH]cnc2cc(CCc3ccc(C(=O)NC(C(=O)O)CCC(O)=O)cc3)cnc12
-23.66    -23.82    -23.82      0.00      OC(c1cn2c3c(cc(F)c(N4CCNCC4)c3OC1)c(=O)c2C(=O)O)=O
-27.56    -27.71      6.79      0.42      C(CN(N=O)C)(=O)NC(C(O)=O)Cc1c2ccccc2[nH]c1
-22.30    -22.37     27.59      0.61      c1c(C(Nc2sc(C)c(CC)c2C(OC)=O)=O)c(C)oc1
-30.04    -30.02     -3.91      0.32      Clc1cccc(Cn2c(=O)n(C3CCNCC3)c3cc(OC)ccc23)c1
-24.75    -24.44     10.81      0.43      o1c2ccc(S(=O)(=O)NC3CCCC3)cc2cc1C(OCC)=O
-22.19    -22.67     26.82      0.60      c1(F)ccc(C2(c3ccc(F)cc3)CN=C(c3ccc(F)cc3F)N2)cc1
Human-Component   raw_Human-Component
0.7241379022598267   0.7241379022598267   
0.540229856967926   0.540229856967926   
0.5528735518455505   0.5528735518455505   
0.4931034445762634   0.4931034445762634   
0.0   0.0   
0.4206896424293518   0.4206896424293518   
0.6091954112052917   0.6091954112052917   
0.318390816450119   0.318390816450119   
0.42988505959510803   0.42988505959510803   
0.6034482717514038   0.6034482717514038   

15:40:30: local_reinforcement_logger.timestep_report +41: INFO     
 Step 33   Fraction valid SMILES: 96.9   Score: 0.4693   Time elapsed: 62   Time left: 31.0
  Agent     Prior     Target     Score     SMILES
-28.71    -27.74    -15.68      0.15      C1C(Oc2ccc(S(=O)(=O)N3CCCCC3CCOC)cc2)CCN(C(C)C)C1
-26.57    -27.10      6.08      0.40      C(Oc1c2c(cccc2)oc(=O)c1)C(Nc1c2nsnc2ccc1)=O
-20.95    -20.85     29.49      0.61      c1ccsc1CNC(=O)c1ccc2c(c1)N(Cc1ccc(C)cc1)CCS2
-27.76    -27.56     16.64      0.54      O=C(C1OCCC1)N1CC(NCc2ccc(OC)cc2)CCC1
-28.89    -28.58      2.62      0.38      C1COCCC1c1ccc(-c2c(-c3ccc(OC)cc3)nc3c(n2)cccc3)cc1
-28.68    -28.23     -9.94      0.22      c1(C)ccc(NC(N=CCc2cc(O)ccc2)=O)cc1Cl
-21.07    -21.08     36.88      0.71      c1coc(C)c1C(=O)NNC(Cc1ccc(OC)cc1)=O
-46.73    -46.41    -33.68      0.16      C12C34C5C(COC1c1ncccc1)Oc1cc(OC)cc(c13)CC2N(CC)CCC45OC
-26.71    -26.33     31.92      0.71      c1ccc(C=CC(=NO)O)cc1OCC(Nc1ccc(S(=O)(=O)N)cc1)=O
-35.13    -34.83    -34.83      0.00      c12c(csc1)CN(C(=O)c1c(=Nc3cccc(Cl)c3F)n1[nH]cc2Br)C
Human-Component   raw_Human-Component
0.1471264362335205   0.1471264362335205   
0.4045976996421814   0.4045976996421814   
0.6137930750846863   0.6137930750846863   
0.5390804409980774   0.5390804409980774   
0.3804597556591034   0.3804597556591034   
0.22298850119113922   0.22298850119113922   
0.7068965435028076   0.7068965435028076   
0.1551724076271057   0.1551724076271057   
0.7103448510169983   0.7103448510169983   
0.0   0.0   

15:40:33: local_reinforcement_logger.timestep_report +41: INFO     
 Step 34   Fraction valid SMILES: 93.8   Score: 0.4688   Time elapsed: 66   Time left: 30.2
  Agent     Prior     Target     Score     SMILES
-19.34    -19.49     39.89      0.72      Cc1cccc(C)c1N1C(=O)c2c(cccc2)C1(c1ccc2c(c1)NC(=O)CO2)O
-24.71    -24.79      4.40      0.36      C1CN(C(c2ccc(Cl)cc2)c2cccnc2)CCN1C(=O)NCc1ccco1
-22.16    -22.18     12.06      0.42      c1cccc(Cn2c3nc(N4CCOCC4)[nH]c(=N)c3[nH]c2=O)c1
-25.10    -25.32     24.16      0.60      c1(Oc2cccn(Cc3ccccc3)c2=O)ccc(O)cc1
-26.93    -26.81      3.39      0.37      c1(S(=O)(Nc2cc3c(n(CC(=O)OC)cc3)cc2)=O)ccc(OC)c(OC)c1
-20.69    -20.98     17.60      0.47      n1(CC(=O)Nc2ccc(CC)cc2)nnc(-c2ccc(C)cc2)n1
-30.46    -30.82     17.75      0.59      C1CN(C(OC(C)(C)C)=O)CC2(c3c(F)cccc3N(C)C2=O)C1
-27.27    -27.44      3.26      0.37      Cc1ccnc2c1c(S(=O)(=O)c1ccc(Cl)cc1)c(C(N)=O)[nH]2
-29.39    -29.37     20.22      0.60      S(c1oc(-c2ncc(CC)cc2)nn1)CC(NC(=O)N)=O
-39.70    -38.36      1.43      0.49      c1n(-c2ccc(S(=O)(N)=O)cc2)c(-c2ccc(OCCCCCCO[N+]([O-])=O)cc2)cc1-c1cccc(O)c1
Human-Component   raw_Human-Component
0.7241379022598267   0.7241379022598267   
0.35591134428977966   0.35591134428977966   
0.4174876809120178   0.4174876809120178   
0.6034482717514038   0.6034482717514038   
0.3682265877723694   0.3682265877723694   
0.47044333815574646   0.47044333815574646   
0.5923645496368408   0.5923645496368408   
0.37438422441482544   0.37438422441482544   
0.6046798229217529   0.6046798229217529   
0.4852216839790344   0.4852216839790344   

15:40:37: local_reinforcement_logger.timestep_report +41: INFO     
 Step 35   Fraction valid SMILES: 100.0   Score: 0.4646   Time elapsed: 70   Time left: 29.2
  Agent     Prior     Target     Score     SMILES
-28.67    -28.68     27.05      0.68      c1ccc(F)cc1C(=NOC(=O)Nc1cc(Cl)ccc1)SC
-39.62    -39.00     15.94      0.67      C1(=S)CCCc2cc3c(cc21)C(CC)CC(C)C3OC(C)=O
-30.68    -30.51     26.01      0.69      C=CCN1N=c2c(O)c3c(cccc3)c(O)c2=NC1
-30.53    -30.33     21.69      0.63      Brc1ccc(-c2cc(C(c3sccn3)(O)c3nccs3)ccc2)cc1
-32.20    -31.79      8.86      0.50      c1c(COc2ccc(F)cc2F)cc(C(=O)NNC(c2ccc(OC)cc2)=O)c(OC)c1
-22.19    -22.37     -4.21      0.22      c1(=N)[nH]c(=O)c2c([nH]1)n(C1OC(CO)C(O)C1O)nc2Br
-25.01    -25.10     20.57      0.56      c1(=NC2CC2)[nH]c(=Nc2ccc(OC)cc2)[nH]c(=NN=Cc2c(O)cccc2)[nH]1
-22.29    -22.22     24.51      0.57      CCN1C(=NCC)SCC1C(O)=O
-27.09    -27.52      8.19      0.44      C(CCCC(=O)N(Cc1ccc(OCc2ccccc2)cc1)CCN1CCOCC1)Cc1ccccc1
-28.98    -29.16     -2.79      0.32      C(CN=c1[nH]c2c(c(=O)n(C)c(=O)n2C)n1CC(=O)OC)CN1C(=O)CCC1
Human-Component   raw_Human-Component
0.6795699000358582   0.6795699000358582   
0.6698924899101257   0.6698924899101257   
0.6892473101615906   0.6892473101615906   
0.6344085931777954   0.6344085931777954   
0.4956989288330078   0.4956989288330078   
0.22150537371635437   0.22150537371635437   
0.5569892525672913   0.5569892525672913   
0.5698924660682678   0.5698924660682678   
0.4354838728904724   0.4354838728904724   
0.3215053677558899   0.3215053677558899   

15:40:39: local_reinforcement_logger.timestep_report +41: INFO     
 Step 36   Fraction valid SMILES: 100.0   Score: 0.5000   Time elapsed: 71   Time left: 26.9
  Agent     Prior     Target     Score     SMILES
-44.03    -43.92    -38.81      0.06      c12n(C3CCC(OCC(N(C)C)=O)CC3)cnc1cc(CCc1cnc(C)n1C)cn2
-24.50    -24.09     29.16      0.65      Cc1cc(C(O)=O)c(NS(c2ccc(Br)cc2)(=O)=O)cc1C
-26.87    -27.17     30.85      0.71      N1(Cc2ncccc2)S(=O)(=O)c2cccc(OC)c2OCC1
-35.16    -34.54     25.59      0.73      c1c(NC(c2cc3n(ccc(C(OCC)=O)c3)c2C)=O)cccc1C(F)(F)F
-22.80    -23.06     32.05      0.67      O=C(NCCN(C)C)c1c2c(ccc1)cncc2
-23.06    -23.01     24.78      0.58      c1cc2sn(-c3c(N)cc(Cl)cc3)c(=O)c2cc1
-23.50    -23.14     17.86      0.50      N1(Cc2c(Cl)cccc2Cl)C(=O)N=C(Cc2cc3c(cc2)OCO3)C1=O
-32.08    -32.01     12.52      0.54      c12c(Cl)cccc1c1c(CC(O)=O)cn(Cc3cc(Cl)c(Cl)cc3)c1cc2
-31.01    -31.23     17.70      0.60      CC(C)(C)OC(N1CCC(S(=O)(C)=O)(CC2ON=C(c3cc(Cl)cc(Cl)c3)C2)CC1)=O
-24.95    -24.91     24.20      0.60      O=C1NC(=O)C(c2c3ccccc3[nH]c2)=C1c1c2c(n(C)c1)ccc(C)c2
Human-Component   raw_Human-Component
0.062365591526031494   0.062365591526031494   
0.6494623422622681   0.6494623422622681   
0.7075268626213074   0.7075268626213074   
0.7333333492279053   0.7333333492279053   
0.6720430254936218   0.6720430254936218   
0.5827956795692444   0.5827956795692444   
0.5   0.5   
0.5430107712745667   0.5430107712745667   
0.5967742204666138   0.5967742204666138   
0.5989247560501099   0.5989247560501099   

15:40:40: local_reinforcement_logger.timestep_report +41: INFO     
 Step 37   Fraction valid SMILES: 100.0   Score: 0.5000   Time elapsed: 72   Time left: 24.6
  Agent     Prior     Target     Score     SMILES
-22.92    -22.82     25.77      0.59      O=S(c1c(Cl)ccc(C(N2CCCCCCC2)=O)c1)(N1CCCCC1)=O
-22.57    -22.40      1.67      0.29      c1cc(OC)ccc1N=c1[nH]c(C)nc2c1cccn2
-21.56    -21.68     36.25      0.71      c1(-c2ccccc2C(Nc2ccc(SC)cc2)=O)ccccc1
-32.78    -32.95    -19.46      0.16      O1CC2C(OC1)CC(c1cccs1)N(C(=O)Nc1ccc(F)cc1)C2
-32.76    -34.09     26.49      0.74      C(=O)(C)N1CCN(C(=O)C2(CC)c3cc4n(c(=O)c3COC2=O)Cc2ccccc2-4)CC1
-50.83    -50.10     -4.25      0.56      c12c(cc(C)cc1)C1(C3C(C(c4ccc(Cl)cc4)C2(C#N)C(OCC)=O)C(=O)C(=O)N3CC(=O)OC)C(=O)c2c(cccc2)C1=O
-27.63    -27.28      5.78      0.40      s1c(C=CC(OCC(Nc2cc(C(=O)N)cc(C(N)=O)c2)=O)=O)ccc1
-28.39    -28.64     25.15      0.66      FC(F)(F)Oc1ccc(-c2nc3ccc(F)cc3c(C(C3N4CCC(C3)C(CC)C4)O)c2)cc1
-24.08    -24.20     26.94      0.62      c1c(C)ccc(S(=O)(ON2c3ccccc3CC2)=O)c1
-26.71    -26.76     20.50      0.58      c1cc(C)c(C)cc1-n1nc(C(=O)NCC(=O)OC)cc1-c1ccc(Cl)cc1
Human-Component   raw_Human-Component
0.5924730896949768   0.5924730896949768   
0.2935483753681183   0.2935483753681183   
0.7064515948295593   0.7064515948295593   
0.1645161360502243   0.1645161360502243   
0.7387096881866455   0.7387096881866455   
0.5591397881507874   0.5591397881507874   
0.4032258093357086   0.4032258093357086   
0.6559139490127563   0.6559139490127563   
0.6236559152603149   0.6236559152603149   
0.5763440728187561   0.5763440728187561   

15:40:41: local_reinforcement_logger.timestep_report +41: INFO     
 Step 38   Fraction valid SMILES: 96.9   Score: 0.4844   Time elapsed: 73   Time left: 22.5
  Agent     Prior     Target     Score     SMILES
-20.78    -21.12     39.86      0.74      c1cc(CNC(C2CCN(c3nnc(-n4cccc4)s3)CC2)=O)cc2c1OCO2
-25.59    -25.66     30.99      0.69      N(S(O)(=O)=O)CCC=CC
-28.42    -28.43     24.83      0.65      c1(N)[nH]nc(C)c1-c1cc(F)cc(C#N)c1
-33.60    -34.14      5.35      0.48      C(CCCCCC)CC=Cc1cccc(C(NC2CCc3cc(C(O)=O)ccc32)=O)c1
-28.66    -28.85     -2.56      0.32      c1(OCc2nc(C(N=c3[nH]nc(CC)s3)=O)ccc2)c(Cl)cccc1
-49.36    -49.18    -49.18      0.00      C(CC=CCC(OC(=O)C)CC)=CCCC(C(F)(C(F)(F)C(F)(CCCCCCCCCCCCCC)=O)O)O
-29.64    -29.44     21.08      0.62      c1c(=O)[nH]cc(C(=O)N=c2[nH]c(-c3cccs3)c(-c3ccsc3)s2)c1
-30.09    -29.64     -6.65      0.28      c1c(-c2[nH]c(=Nc3ccc(CCN4CCOCC4)cc3)c3ncc(-c4ccc(F)cc4)n3n2)cnn1C
-29.59    -29.59     18.95      0.59      C(CCC(=O)O)CCCC=CCCCCCCC1(C)CCc2ccc(O)cc2O1
-17.83    -17.85     33.33      0.62      O=C(NC(C)Cc1ccc(C#Cc2cnc(OCCC)nc2)cc1)C
Human-Component   raw_Human-Component
0.7436781525611877   0.7436781525611877   
0.6908046007156372   0.6908046007156372   
0.6494252681732178   0.6494252681732178   
0.48160919547080994   0.48160919547080994   
0.3206896483898163   0.3206896483898163   
0.0   0.0   
0.6160919666290283   0.6160919666290283   
0.28045976161956787   0.28045976161956787   
0.5919540524482727   0.5919540524482727   
0.6241379380226135   0.6241379380226135   

15:40:43: local_reinforcement_logger.timestep_report +41: INFO     
 Step 39   Fraction valid SMILES: 100.0   Score: 0.4782   Time elapsed: 75   Time left: 20.6
  Agent     Prior     Target     Score     SMILES
-25.22    -25.21     -9.95      0.19      CCCCCC1=NOC(Cc2ccc(O)cc2)C1(C)C
-40.18    -39.97      1.29      0.50      C(Cc1ncc(CC(=O)O)s1)C1CC(C=CCCCC)C(=O)CC1
-25.40    -25.36     -0.23      0.31      C(NS(c1cc(C(O)=O)ccc1)(=O)=O)Cc1c(OC)cc(OC)cc1
-16.35    -16.35     -8.68      0.09      c1ccccc1COc1c(OC)cc(CCN)cc1OC
-28.64    -29.42      2.06      0.38      c1[nH]c(C(=O)Nc2c(F)cc(F)cc2)c(C(=O)Nc2c(C)ccc(Cl)c2)n1
-20.17    -20.18     22.58      0.52      c1c(-c2nc(-c3ccc(O)cc3)on2)ccc(O)c1OC
-23.21    -23.07     37.77      0.74      c1(Sc2nc3c(c(-c4ccc(OC)cc4)n2)Cc2ccccc2-3)ccccc1
-31.61    -31.70     17.59      0.60      N1CC(Nc2cc3c(cc2)CCN3C(=O)C)=NCC1
-27.57    -27.59      4.85      0.40      c1cccc(C(c2ccccc2)N2CCN(CC(NC(c3cc(C)ccc3)c3ccccc3)=O)CC2)c1
-39.30    -40.23      0.15      0.49      c1(=O)n(Cc2ccccc2)ncc2cc(C(N(C)C)=O)cc(Oc3cccc(C(C)(C)C)c3)c12
Human-Component   raw_Human-Component
0.18602150678634644   0.18602150678634644   
0.5032258033752441   0.5032258033752441   
0.30645161867141724   0.30645161867141724   
0.09354838728904724   0.09354838728904724   
0.3838709592819214   0.3838709592819214   
0.5215053558349609   0.5215053558349609   
0.7419354915618896   0.7419354915618896   
0.601075291633606   0.601075291633606   
0.3956989347934723   0.3956989347934723   
0.49247312545776367   0.49247312545776367   

15:40:44: local_reinforcement_logger.timestep_report +41: INFO     
 Step 40   Fraction valid SMILES: 100.0   Score: 0.4836   Time elapsed: 77   Time left: 18.8
  Agent     Prior     Target     Score     SMILES
-28.24    -28.66     37.91      0.81      C(CC)[S+](c1c([N+](=O)[O-])nc(CC)[nH]1)[O-]
-23.73    -23.87      5.49      0.36      Nc1c(C=c2c(=C)cc(C)[nH]2)c(=O)n(C)c(=O)n1C
-22.86    -23.23     24.29      0.58      COc1ccc2c(c(SC)c(OC)c(OC)c2)c1
-26.44    -26.58     15.83      0.52      c12cccc(OC)c1C(=O)CCC2Oc1ccc([N+](=O)[O-])cc1
-36.36    -36.72     26.50      0.77      C(CC(N1CCN(Cc2oc(C)c(C)c2)CC1)=O)C(NC(=O)C)C(=O)NC
-29.98    -30.85     29.73      0.74      C(C(C)C)n1c(C)cc(C(CN2C(=O)C(=Cc3cc(F)ccc3)SC2=S)=O)c1C
-25.05    -25.82     31.32      0.70      C(CCC)(C(O)=O)NC(c1c(OCc2ccccc2)cccc1)=O
-31.50    -31.81     21.00      0.64      C1C(CC2Cc3c(cccc3)C2)(C(=O)OCC)C(=O)c2c(cccc2)N1
-32.03    -31.87     16.36      0.59      o1c(-c2cc(C)ncc2)nc(CCNC(c2c(C)onc2CC)=O)c1
-56.93    -57.04     -6.51      0.62      C(=O)(C(NC(C(CC(C)C)NC(=O)Cc1cc(Oc2ccccc2)ccc1)=O)C)N(C(C(n1ccccc1=O)Cc1ccccc1)CCC(=O)O)CC
Human-Component   raw_Human-Component
0.8118279576301575   0.8118279576301575   
0.3580645024776459   0.3580645024776459   
0.5795698761940002   0.5795698761940002   
0.5172042846679688   0.5172042846679688   
0.7709677219390869   0.7709677219390869   
0.7387096881866455   0.7387096881866455   
0.6967741847038269   0.6967741847038269   
0.6440860033035278   0.6440860033035278   
0.5881720185279846   0.5881720185279846   
0.6161290407180786   0.6161290407180786   

15:40:47: local_reinforcement_logger.timestep_report +41: INFO     
 Step 41   Fraction valid SMILES: 100.0   Score: 0.4887   Time elapsed: 79   Time left: 16.9
  Agent     Prior     Target     Score     SMILES
-28.42    -29.04    -29.04      0.00      C1(c2ccccc2)N(C)C(=O)N(C)C(C)=C1C(=O)Nc1ccccc1CC
-31.23    -30.59      4.86      0.43      c12c(c3cc(OCc4ccccc4)ccc3[nH]1)CCCC2CC(NCCC(C)C)=O
-31.41    -31.82    -20.44      0.14      C(C)(S(c1cc(S(=O)(Nc2c(OC)ccc([N+](=O)[O-])c2)=O)ccc1)(=O)=O)C
-23.82    -23.88      9.18      0.40      c1ccc(NC(C)=O)cc1C(=O)N=c1ccc(C)c[nH]1
-37.50    -37.40     17.98      0.68      c1cc(C(=O)Nc2ccc(C)cc2)cc(-c2cncc(C(=O)NCC3CCCN3)c2)c1C
-42.08    -42.06      7.31      0.60      C(=C(C)C=CC=C(C)c1c(OCCCC(=O)NC(C)(C)C)occ1)CO
-49.65    -49.72    -17.54      0.39      c1(-c2cccc(CNc3ccc(C(O)=O)cc3)n2)nn(C)c2c1c(C)c(C)n2CC(=O)N(C)C
-20.89    -20.42     29.58      0.61      O=C(c1nc(-c2ccc(C)cc2)c2ccccc2n1)O
-21.18    -21.75      7.26      0.35      c1(OC)cc2c(cc1)OC(C)(C)C=C2C(N)=O
-25.15    -25.26      1.10      0.32      C1=CN(C)CC=C1C=NNC(c1ccncc1)=O
Human-Component   raw_Human-Component
0.0   0.0   
0.43225806951522827   0.43225806951522827   
0.1387096792459488   0.1387096792459488   
0.4032258093357086   0.4032258093357086   
0.675268828868866   0.675268828868866   
0.602150559425354   0.602150559425354   
0.39247313141822815   0.39247313141822815   
0.6096774339675903   0.6096774339675903   
0.3537634313106537   0.3537634313106537   
0.3215053677558899   0.3215053677558899   

15:40:48: local_reinforcement_logger.timestep_report +41: INFO     
 Step 42   Fraction valid SMILES: 100.0   Score: 0.4893   Time elapsed: 80   Time left: 14.9
  Agent     Prior     Target     Score     SMILES
-30.00    -29.82     30.58      0.74      c1(C(F)(F)F)cc(C(F)(F)F)nc(COc2ccccc2Cl)n1
-28.65    -28.19      5.58      0.41      N1(c2ccc(N)cc2)CCN(Cc2c[nH]c3ccccc32)CCC1
-22.77    -22.96      6.58      0.36      c1(C2C(=O)C(=O)CC(c3ccc(F)cc3)O2)ccc(F)cc1
-37.14    -37.06    -20.84      0.20      NC(=O)c1cc2c(n(CCc3sccc3)[nH]c2=NCc2ccc(C(F)(F)F)cc2)nc1
-24.28    -24.95     -7.67      0.21      c12c(C)n(-c3ccccc3)c(C)c1c(=NC1CCCCC1)nc[nH]2
-23.35    -22.73     38.82      0.75      c1c(CNS(c2c(C(N3CCCC3)=O)c(C)[nH]c2C)(=O)=O)scc1
-23.69    -23.75      7.90      0.39      N(=C(c1ccccn1)C)Nc1c2c(ccc1)cccc2
-22.48    -22.43     36.38      0.72      O=C(c1n[nH]c(=O)c2ccccc12)Nc1cc(OC)ccc1
-23.90    -23.46     -7.68      0.19      C1CC(N=c2[nH]c3c(cn2)CCc2c-3n(C)nc2C(N)=O)CCC1N1CCCCC1
-23.40    -23.56     27.67      0.62      c1(Sc2ccc([N+]([O-])=O)cc2[N+](=O)[O-])ccc(C)cc1N
Human-Component   raw_Human-Component
0.7365591526031494   0.7365591526031494   
0.411827951669693   0.411827951669693   
0.36021506786346436   0.36021506786346436   
0.19784946739673615   0.19784946739673615   
0.2107526808977127   0.2107526808977127   
0.750537633895874   0.750537633895874   
0.3860214948654175   0.3860214948654175   
0.7172042727470398   0.7172042727470398   
0.19247311353683472   0.19247311353683472   
0.624731183052063   0.624731183052063   

15:40:49: local_reinforcement_logger.timestep_report +41: INFO     
 Step 43   Fraction valid SMILES: 100.0   Score: 0.4908   Time elapsed: 81   Time left: 12.9
  Agent     Prior     Target     Score     SMILES
-40.56    -40.81      6.98      0.58      C(NC(C(NC(CCCN)C(NC(C(=O)NC(Cc1ccccc1)C(NC(Cc1ccccc1)C(NC)=O)=O)CCCN=C(N)N)=O)=O)CC(C)C)(C)=O
-21.90    -22.24     15.94      0.47      CC(C)(C)OC(NC(C(NC(C=O)Cc1c(O)[nH]cc1)O)CC1CCCCC1)=O
-26.44    -26.15      0.57      0.33      OC(c1c(=O)c2c(c(OC3CCCC3)c(F)c(N3CCN(C)CC3)c2C)n(C2CC2)c1)=O
-19.67    -19.28    -19.28      0.00      c1cc(NC(=O)C=CC(O)=O)ccc1C(F)(F)F
-27.16    -26.46     -0.45      0.32      c1ccc(OCC(O)CCN2CCN(c3ccc(OC)cc3)CC2)c(CCc2ccccc2)c1
-27.66    -28.38     11.56      0.49      c12ccc(OCc3cc(N4Cc5c(cccc5)CC4)ncn3)cc1cccc2
-26.17    -26.23     29.59      0.68      c1c(CN2CCc3n(c4cccnc4n3)CC2)nccc1
-32.08    -32.39     17.86      0.61      C(COC)Cc1c[nH]cnc1=NCc1cc(-c2ccccc2)[nH]n1
-32.52    -32.69     -9.06      0.29      C(C)(c1ccccc1)CNC(C)C(=O)NCc1c(C)oc(C)c1
-29.18    -29.26      7.15      0.44      N(Cc1[nH]c(-c2cccc(C)n2)c(-c2ccncc2)n1)CC(F)F
Human-Component   raw_Human-Component
0.5827956795692444   0.5827956795692444   
0.4655914008617401   0.4655914008617401   
0.3258064389228821   0.3258064389228821   
0.2935483753681183   0.2935483753681183   
0.3172042965888977   0.3172042965888977   
0.48709678649902344   0.48709678649902344   
0.6806451678276062   0.6806451678276062   
0.6129032373428345   0.6129032373428345   
0.28817203640937805   0.28817203640937805   
0.4440860152244568   0.4440860152244568   

15:40:50: local_reinforcement_logger.timestep_report +41: INFO     
 Step 44   Fraction valid SMILES: 96.9   Score: 0.4844   Time elapsed: 82   Time left: 10.9
  Agent     Prior     Target     Score     SMILES
-29.00    -29.20     32.82      0.76      N(CCOc1ccc2c(c1)OCO2)C(N1CCN(c2c(C)c(C)ccc2)CC1)=S
-23.50    -23.84     -2.83      0.26      C(CC(NCc1ccccc1)=O)N=c1c2c(cccc2)[nH]c(=S)[nH]1
-32.96    -33.45     24.98      0.71      n1cccc(CN(CC(O)COc2ccc(NS(C)(=O)=O)cc2)CC)c1-n1cccc1
-22.93    -22.91     31.57      0.66      N(CC(C)C)C(c1c2c(sc1N)CCCC2)=O
-25.23    -25.20     29.85      0.67      C1CCCC1N(CC)C(C=Cc1c(C)cccc1)=O
-37.68    -36.95     15.36      0.64      c1(-c2ncc3c(sc(N4CCC(C(=O)N5CCCCC5)CC4)n3)c2)cc[nH]c(=NC)c1
-30.43    -30.83     16.11      0.57      C(Cc1c([N+](=O)[O-])cccc1)N(C(=O)Cn1c([N+](=O)[O-])cnc1C)C
-19.05    -19.12      7.84      0.33      c1cc(C=C2C(=O)c3c(cccc3)O2)ccc1Br
-36.21    -36.02    -11.79      0.30      C1Cc2c3c([nH]c2C(CCN)C1)ccc(C(c1ccccc1)c1ccccc1)c3
-30.43    -30.61     17.27      0.58      O=C(C1CCC(OC)N1C(Nc1cn(C(=O)N)c2c1cccc2)=O)NCc1cccc(Cl)c1F
Human-Component   raw_Human-Component
0.7563218474388123   0.7563218474388123   
0.25632184743881226   0.25632184743881226   
0.7126436829566956   0.7126436829566956   
0.6643677949905396   0.6643677949905396   
0.6712643504142761   0.6712643504142761   
0.6379310488700867   0.6379310488700867   
0.5724138021469116   0.5724138021469116   
0.3287356197834015   0.3287356197834015   
0.29540228843688965   0.29540228843688965   
0.5839080214500427   0.5839080214500427   

15:40:51: local_reinforcement_logger.timestep_report +41: INFO     
 Step 45   Fraction valid SMILES: 100.0   Score: 0.5000   Time elapsed: 83   Time left: 9.0
  Agent     Prior     Target     Score     SMILES
-23.91    -24.39     32.48      0.69      c1(OC)c(C(N2CCC3(c4ccccc4CO3)CC2)=O)cccc1
-26.28    -26.23     -1.54      0.30      c1(O)c(OC)cc(CN2CCC(N3C(=O)C(=O)N(Cc4ccc(F)cc4)CC3)CC2)cc1
-29.21    -29.14     20.77      0.61      C1(=O)C2(C(C)CC(=Cc3ccc(Cl)cc3)C(=O)O2)C(=O)OC1
-34.25    -35.00    -22.84      0.15      C(c1ccsc1S(=O)(=O)NC(N=c1nc(OC)[nH]c(OC)n1)=O)OC(c1ccccc1)(C)C
-25.25    -25.14     13.57      0.47      c12oc3c(=Nc4ccc(Cl)cc4)[nH]cnc3c1ccc(C(N)=O)c2
-35.37    -35.33     14.40      0.61      c1c(O)c(C(c2cc3c(cc2)OC(C)(C)C=C3)OC(C(C)(C)Oc2ccc(Cl)cc2)=O)cc(F)c1
-34.49    -34.05     21.33      0.68      [nH]1ccc(C(=O)Nc2ccc(C)c(CNc3cnc4c(cc(C(=O)OCC)[nH]4)c3)c2)cc1=NCCN1CCOCC1
-23.80    -24.02     16.71      0.50      C1(C)CN(C(=O)c2cccnc2C(F)(F)F)CC(C)O1
-32.35    -32.12     11.70      0.53      c1coc(C(=O)N(CCN)c2cccc(C)c2OC)c1
-25.68    -25.68     20.87      0.57      c1cc(S(=O)(=O)C23c4c(c(F)ccc4F)OCC2C(CCS(=O)(=O)C)CCC3)cc(F)c1
Human-Component   raw_Human-Component
0.6935483813285828   0.6935483813285828   
0.301075279712677   0.301075279712677   
0.6086021661758423   0.6086021661758423   
0.1483870893716812   0.1483870893716812   
0.4720430076122284   0.4720430076122284   
0.6064516305923462   0.6064516305923462   
0.675268828868866   0.675268828868866   
0.49677419662475586   0.49677419662475586   
0.5344086289405823   0.5344086289405823   
0.5677419304847717   0.5677419304847717   

15:40:52: local_reinforcement_logger.timestep_report +41: INFO     
 Step 46   Fraction valid SMILES: 100.0   Score: 0.5000   Time elapsed: 84   Time left: 7.1
  Agent     Prior     Target     Score     SMILES
-22.76    -22.70    -22.70      0.00      COc1cc(CCNC(c2cc(=O)c3c(cccc3O)o2)=O)ccc1OC
-25.69    -25.89     36.71      0.76      C(c1c(F)c(Cl)ccc1C)OC1Cn2c(nc([N+](=O)[O-])c2)OC1
-32.97    -33.11     26.93      0.73      c12c(CSCCCN)cc3ccsc3c1nccc2
-21.43    -21.74     32.83      0.67      c1c(CN2CCC(Cn3c4ccccc4[nH]c3=O)CC2)ccnc1
-22.13    -22.04     19.84      0.51      S(c1sc(=NC(=O)c2ccc(C)cc2)[nH]n1)CC(N1CCCCC1)=O
-26.75    -26.83     26.86      0.65      c1c(CN2CCC(c3nnn4cnc5[nH]ccc5c34)CC2)cnc(OC)c1F
-19.01    -19.16     11.18      0.37      c1cc(Cn2c(=O)[nH]c(Cc3c[nH]c4c3cccc4)c2O)ccc1
-25.23    -25.95     26.95      0.65      CN(CCN(c1scc(-c2ccc(C)cc2)n1)C(=O)CCC)C
-27.57    -28.39     22.04      0.62      n1(-c2n[nH]cc2)c(=C)c(=Cc2c(O)[nH]c(=O)n(-c3cccc(Cl)c3)c2=O)cc1C
-27.22    -27.65      4.00      0.39      C(n1c2c(oc1=O)cccc2)C(=O)Nc1ccccc1C(=O)O
Human-Component   raw_Human-Component
0.0   0.0   
0.7634408473968506   0.7634408473968506   
0.7322580814361572   0.7322580814361572   
0.6655914187431335   0.6655914187431335   
0.5107526779174805   0.5107526779174805   
0.6548386812210083   0.6548386812210083   
0.3698924779891968   0.3698924779891968   
0.6451612710952759   0.6451612710952759   
0.6150537729263306   0.6150537729263306   
0.3860214948654175   0.3860214948654175   

15:40:53: local_reinforcement_logger.timestep_report +41: INFO     
 Step 47   Fraction valid SMILES: 100.0   Score: 0.4928   Time elapsed: 85   Time left: 5.3
  Agent     Prior     Target     Score     SMILES
-27.19    -27.23     30.08      0.70      c1(Br)ccc(C(NNC(CC2c3c(cccc3)CCC2)=O)=O)cc1
-37.03    -37.60      6.75      0.54      C(C(CO)(N)C(O)=O)c1ccc(OC2C(C)C(C)C(F)(F)C2)cc1
-22.16    -23.13    -13.16      0.12      C(NC(C)C)(c1cc2cc(N=c3[nH]ccc(-c4ncccc4)n3)ccc2[nH]1)=O
-30.18    -30.17     10.21      0.49      N(Cc1ccc(C)cc1)C(N1CCC(c2nc3c(ccc(C)c3)s2)CC1)=S
-77.66    -76.61    -42.49      0.42      C12C(C3(OCCO3)C3CC(CC)C4N(CCCC4C1C1OC4(CCCCC4)C1C)C2)C(C=C)OCO3
-40.33    -39.70     11.96      0.63      c1cccc(CC)c1-c1cc2ccc(N(CC(=O)NC)C(=O)C)cc2cc1
-18.46    -18.68     31.13      0.61      CN(C)c1ccc(C=C(C#N)c2cc(OC)cc(OC)c2)cc1
-25.34    -26.03     18.85      0.55      c1cccc(C2=c3cccc(C)c3=NC(=N)C(C)N2)c1
-28.96    -28.14    -28.14      0.00      c1c(S(=O)(=O)N(CCC#N)C(=O)OC)ccc(C(C)(C)C)c1
-35.34    -36.42     -8.55      0.34      c12ccccc1ccnc2CN1C(=O)C2(CCN(Cc3cccn3-c3c(OC)cccc3)CC2)N(c2ccccc2)C1
Human-Component   raw_Human-Component
0.698924720287323   0.698924720287323   
0.5408602356910706   0.5408602356910706   
0.12150537967681885   0.12150537967681885   
0.49247312545776367   0.49247312545776367   
0.4161290228366852   0.4161290228366852   
0.6301075220108032   0.6301075220108032   
0.6075268983840942   0.6075268983840942   
0.5473118424415588   0.5473118424415588   
0.2290322631597519   0.2290322631597519   
0.3397849500179291   0.3397849500179291   

15:40:54: local_reinforcement_logger.timestep_report +41: INFO     
 Step 48   Fraction valid SMILES: 96.9   Score: 0.4744   Time elapsed: 86   Time left: 3.5
  Agent     Prior     Target     Score     SMILES
-26.48    -26.30     38.45      0.79      Cc1cnc(OCCCC)c(C2=CCCN(C)C2)n1
-17.69    -18.26     44.32      0.76      N(=c1[nH]cnc2n(C3C(O)C(O)C(CO)O3)cnc12)c1ccccc1
-28.94    -28.95     17.71      0.57      NCCCCCS(=O)(Nc1ccc(Cl)cc1C(N=c1[nH]cc(C)cc1)=O)=O
-26.96    -26.45     28.12      0.67      c1c(-c2c(Cl)cc3c(c(C(=O)O)c[nH]3)c2)c(F)ccc1CO
-34.72    -34.04     16.38      0.61      [O-][N+](c1c(SCC(=O)OC2C3(C)C(C)CCC4(C(C)C(O)C(C)(C=C)C2)CCC(=O)C34)nn(-c2ccc(C(F)(F)F)cc2)c1)=O
-23.27    -23.00     33.08      0.68      Oc1c2c(ccc1)NC(CO)C(=O)N2
-19.26    -19.37     33.51      0.64      c1ccc(CCC2CC(c3ccccc3)=NO2)cc1
-22.99    -23.72     27.36      0.62      C1(c2cncc(F)c2)CCCN1c1ccn2ncc(C(=O)NCC(F)F)c2n1
-23.88    -23.75     22.91      0.57      C1CCC(NC(COC(C2CCN(S(=O)(=O)c3ccc(C)c(C)c3)CC2)=O)=O)C(C)C1C
-28.16    -27.96     19.73      0.58      C(OC(=O)NC(C(C)CC)C(=O)N1CCC(C(OCC)=O)CC1)(C)(C)C
Human-Component   raw_Human-Component
0.7896551489830017   0.7896551489830017   
0.7632184028625488   0.7632184028625488   
0.568965494632721   0.568965494632721   
0.665517270565033   0.665517270565033   
0.6149425506591797   0.6149425506591797   
0.6839080452919006   0.6839080452919006   
0.6448276042938232   0.6448276042938232   
0.6229885220527649   0.6229885220527649   
0.568965494632721   0.568965494632721   
0.5816091895103455   0.5816091895103455   

15:40:56: local_reinforcement_logger.timestep_report +41: INFO     
 Step 49   Fraction valid SMILES: 100.0   Score: 0.5000   Time elapsed: 88   Time left: 1.8
  Agent     Prior     Target     Score     SMILES
-28.52    -28.78    -14.76      0.17      c12[nH]cc(C(C(Nc3ccc4c(n[nH]c4)c3)=O)=O)c1cc(Cl)c(Cl)c2
-31.09    -31.82    -12.86      0.23      c1(CN2C(=O)CNCC2)n2c(sc(-c3cc(OC)ccc3)n2)nn1
-20.24    -21.12     43.51      0.79      c1c2c(sc1C(=O)NCc1ccc(OC)cc1)cccc2
-24.25    -24.89     25.98      0.62      c1c(F)ccc2c1C(c1ccccc1)=NCc1n-2c(C)c(CC(=O)O)c1C
-25.20    -25.52     32.76      0.71      C1C(c2n(CC)c(SCc3ccc(Cl)cc3)nn2)CCN(S(c2ccc(C)cc2)(=O)=O)C1
-26.48    -26.67     13.36      0.49      OC1C(O)C(CN)OC1OC1C(OC2C(N)C(O)C(O)C(CN)O2)C(CO)OC1OC
-35.46    -35.53      7.32      0.52      c1c(CN(Cc2cccc(C#Cc3ccccc3)c2)Cc2cccc(C(F)(F)F)c2)ccc(-c2ccc(CN(C)CC)cc2)c1
-25.70    -25.81     26.83      0.64      c1(C(=O)O)cnn(-c2ccnc3c2ccc(Cl)c3)c1CC
-22.21    -22.09     13.00      0.43      c1(O)c2c(ccc1)CCC1C3C(C)(CCC21)C(=O)CC3
-21.79    -21.30     11.14      0.40      c1(OCC(=O)Nc2ccc(S(=O)(N=c3scc[nH]3)=O)cc2)ccc(Br)cc1
Human-Component   raw_Human-Component
0.17096774280071259   0.17096774280071259   
0.23118279874324799   0.23118279874324799   
0.7881720662117004   0.7881720662117004   
0.6204301118850708   0.6204301118850708   
0.7107526659965515   0.7107526659965515   
0.4881720542907715   0.4881720542907715   
0.522580623626709   0.522580623626709   
0.6419354677200317   0.6419354677200317   
0.4279569983482361   0.4279569983482361   
0.3956989347934723   0.3956989347934723   

