21:06:54: local_reinforcement_logger.log_message +32: INFO     starting an RL run
21:06:56: local_reinforcement_logger.timestep_report +41: INFO     
 Step 0   Fraction valid SMILES: 100.0   Score: 0.4844   Time elapsed: 1   Time left: 5.0
  Agent     Prior     Target     Score     SMILES
-29.91    -29.91    -16.91      0.41      O=C(CC#N)N=Nc1c2n(c(COc3ccccc3)n1)CCC2
-22.84    -22.84      4.16      0.84      c12c(n(CC(N)=O)c(=O)c3cc(Cl)ccc13)-c1ccccc1C2=O
-34.73    -34.73    -18.73      0.50      c1cc(CN2CCC(=O)NCC2)ccc1-c1c(-c2scc(C)n2)c(=O)n(C)n1C
-33.82    -33.82    -26.82      0.22      CC(c1cc(C(c2ccccc2)C)cc(C(C)(C)CCCCC(O)=NO)c1)(C)C
-36.48    -36.48    -33.48      0.09      C1(=CC)C(C(OC)=O)C(=O)OC1(CC(=O)OC)c1cc(Cl)cc(Cl)c1
-25.33    -25.33    -13.33      0.38      c1(OC)c(CN(C)CC(N2CC(C)CC(C)C2)=O)cccc1OC
-29.07    -29.07      0.93      0.94      c1c(S(=O)(=O)N2CCC(C(=O)N)CC2)ccc(OCC)c1-c1nc(-c2ccncc2)no1
-30.75    -30.75    -24.75      0.19      O=C(NC(CC(C)C)C(=O)NC(CC1CCC(c2ccccc2)CC1)C(=O)N)c1ccccc1
-35.72    -35.72    -34.72      0.03      c1(NCc2c(C)c(C)cc(C)c2C)c2c(ncnc2)n(CCCN)c1
-22.86    -22.86     -5.86      0.53      c1(=O)c(SCC(=O)N2CCOCC2)nc2ccccc2n1CC
Human-Component   raw_Human-Component
0.40625   0.40625   
0.84375   0.84375   
0.5   0.5   
0.21875   0.21875   
0.09375   0.09375   
0.375   0.375   
0.9375   0.9375   
0.1875   0.1875   
0.03125   0.03125   
0.53125   0.53125   

21:06:57: local_reinforcement_logger.timestep_report +41: INFO     
 Step 1   Fraction valid SMILES: 93.8   Score: 0.4531   Time elapsed: 2   Time left: 4.0
  Agent     Prior     Target     Score     SMILES
-30.70    -30.72     -8.32      0.70      O=S(c1cccc2cccnc12)(=O)NCCNCCNC(=O)Cc1ccc(O)cc1
-34.07    -34.07    -14.87      0.60      n1c2c(=O)nc(C)[nH]c2c1-c1ccccc1OC(C)C
-30.25    -30.26     -3.60      0.83      S(=O)(C(C)C)(=O)N1CCc2c1ccc(C(NC1CCN(Cc3ccccc3)CC1)=O)c2
-23.48    -23.44    -11.71      0.37      c1cc(-n2c(-c3cccs3)ccn2)ccc1O
-19.71    -19.74    -16.54      0.10      O(c1cc(C)c(C(=O)C)cc1)C
-35.99    -36.10    -36.10      0.00      n1c(-c2cc(Cl)ccc2)c(CC(=O)O)c(=O)n2nc(C)cc12
-34.50    -34.42    -24.82      0.30      c1cc(C(N(CC(Nc2c(F)cccc2F)=O)c2ccc(C)c(C)c2)=O)sc1Br
-22.83    -22.82     -1.49      0.67      c1(Nc2c(Cl)cc([N+](=O)[O-])cc2)c(O)[nH]c(=O)s1
-38.11    -38.09    -12.49      0.80      [nH]1c2c(c(=NCCCCCN3CCC(C=NO)CC3)c3ccc(Cl)cc13)sc1c2cccc1
-36.47    -36.42     -6.55      0.93      C1N(C(=O)c2ccc(Cl)s2)CCN2CCC(Oc3c(OC)cc(C#N)cc3)CC21
Human-Component   raw_Human-Component
0.699999988079071   0.699999988079071   
0.6000000238418579   0.6000000238418579   
0.8333333134651184   0.8333333134651184   
0.36666667461395264   0.36666667461395264   
0.10000000149011612   0.10000000149011612   
0.0   0.0   
0.30000001192092896   0.30000001192092896   
0.6666666865348816   0.6666666865348816   
0.800000011920929   0.800000011920929   
0.9333333373069763   0.9333333373069763   

21:06:57: local_reinforcement_logger.timestep_report +41: INFO     
 Step 2   Fraction valid SMILES: 96.9   Score: 0.4688   Time elapsed: 2   Time left: 2.0
  Agent     Prior     Target     Score     SMILES
-26.62    -26.59      0.25      0.84      c1cnn(-c2c(C(=O)N3CCOCC3Cc3cc(-n4c(C)ncc4)ccc3)cccn2)n1
-26.52    -26.63    -24.57      0.06      O=C(C=Cc1n2c(cccc2)nc1)c1c(OCC)cccc1
-25.27    -25.35     -4.71      0.65      Cc1sc2c(c(=O)nc(CCC(N3CCC(C(=O)N)CC3)=O)[nH]2)c1C
-32.82    -32.69    -31.66      0.03      c1(Oc2[nH]c(=Nc3c(C(F)(F)F)cccc3)[nH]c(=Nc3ccc(C#N)cc3)n2)c(-c2oncc2)cccc1
-17.77    -17.92      9.95      0.87      c1c(OC)ccc(OCC2N(C)CCC2)c1
-34.73    -34.73    -27.50      0.23      c1cc(-c2cc(=NC(c3c(C)c4c(C)cc(C)cc4[nH]3)=O)n(-c3cccc(CN4CCCC4=O)c3)[nH]2)ccc1
-28.25    -28.13     -4.39      0.74      c1ccccc1NC(=O)Nc1sc2c(c1C(N1CCOCC1)=O)cccc2
-23.84    -23.91    -18.75      0.16      COc1ccc2c(=O)c(=O)c(=O)c2c1
-29.68    -29.71    -15.26      0.45      Cc1ccc2c(c1)C(=O)C(C=Cc1ccc(N(C)C)cc1)=CC2=O
-24.16    -24.26    -14.97      0.29      c1(C(=O)N2CCN(CC3Cc4c(cccc4)CN3)CC2)ccc(Cl)cc1
Human-Component   raw_Human-Component
0.8387096524238586   0.8387096524238586   
0.06451612710952759   0.06451612710952759   
0.6451612710952759   0.6451612710952759   
0.032258063554763794   0.032258063554763794   
0.8709677457809448   0.8709677457809448   
0.22580644488334656   0.22580644488334656   
0.7419354915618896   0.7419354915618896   
0.16129031777381897   0.16129031777381897   
0.4516128897666931   0.4516128897666931   
0.29032257199287415   0.29032257199287415   

21:06:58: local_reinforcement_logger.timestep_report +41: INFO     
 Step 3   Fraction valid SMILES: 96.9   Score: 0.4688   Time elapsed: 3   Time left: 1.5
  Agent     Prior     Target     Score     SMILES
-43.74    -43.51    -37.32      0.19      C1(=O)c2c(cccc2)C(=O)N1C(C(C)C)c1cc2c(n(CCCOC)c(-c3ccc([N+]([O-])=O)cc3)n2)nc1
-21.33    -21.55     -0.91      0.65      c12c(ccc(C)c1)-n1cnc(-c3noc(C4CC4)n3)c1CN2C
-23.66    -23.60    -21.54      0.06      c1cc(-c2onc(-c3ccc(NC(=O)c4cnccc4)cc3)n2)ccn1
-29.25    -29.26    -29.26      0.00      c1(N(S(=O)(CC2CCC(N(c3ncnc4[nH]ccc34)C)CC2)C)=O)cc(C)c(F)cc1
-29.72    -29.60    -22.38      0.23      NC1C(OC2OC(CNC(Cc3ccc(O)cc3)=O)C(O)C(O)C2O)C(O)C(OC2C(O)C(O)C(O)C(CN)O2)C(N)C1
-26.73    -26.72     -1.94      0.77      c1(CCCC)ccc(C2C(C(=O)OCC)C(CN3CCN(CC)CC3)=NC(=O)N2)cc1
-34.19    -34.08     -4.14      0.94      c1(Cl)ccccc1Cn1cc(C(=O)OCC)c(=O)c2c1cc(N1CCN(c3cccc(C)c3C)CC1)cc2
-26.59    -26.66     -7.05      0.61      O=C(CS)NCCCCC(NC(c1cccc(O)c1O)=O)C(=O)O
-26.21    -26.32     -2.58      0.74      c1c(CCN(C2CCN(C(=O)c3c(O)c(Cl)cc(Cl)c3)CC2)C)cccc1
-18.94    -18.92     -6.53      0.39      c1c(OC)cc(CCc2cc(O)cc(O)c2)cc1
Human-Component   raw_Human-Component
0.19354838132858276   0.19354838132858276   
0.6451612710952759   0.6451612710952759   
0.06451612710952759   0.06451612710952759   
0.0   0.0   
0.22580644488334656   0.22580644488334656   
0.774193525314331   0.774193525314331   
0.9354838728904724   0.9354838728904724   
0.6129032373428345   0.6129032373428345   
0.7419354915618896   0.7419354915618896   
0.3870967626571655   0.3870967626571655   

21:06:59: local_reinforcement_logger.timestep_report +41: INFO     
 Step 4   Fraction valid SMILES: 100.0   Score: 0.4844   Time elapsed: 4   Time left: 0.8
  Agent     Prior     Target     Score     SMILES
-35.18    -35.11     -5.11      0.94      OCC(CO)c1ccc(-c2nc(N3CCOCC3)c3cnn(C4CCC(N5CCOCC5)CC4)c3n2)cc1
-25.59    -25.54    -21.54      0.12      C(N=c1cc[nH]c(-n2cccn2)n1)c1ccc(C)cc1
-20.64    -20.81      3.19      0.75      Clc1ccc(S(=O)(NCCCN2c3c(cccc3)CCc3c2cc(Cl)cc3)=O)cc1
-24.86    -24.80    -24.80      0.00      c1cc(N(OC(=O)C)c2ccccc2)ccc1C(=O)O
-18.99    -18.98     -0.98      0.56      c1cc(-n2c(-c3ccc(F)cc3)nnn2)ccc1
-23.86    -23.91      1.09      0.78      N(C(=O)C(N)CC(C)C)c1ccc(C)c(Cl)c1
-48.26    -48.29    -17.29      0.97      c1c2c(ccc1C(=O)O)OC(OCC(C)C)C(=O)N(C(C(=O)O)Cc1cc3c(cc1)ccc(-c1ccccc1C(C)=O)c3)C2
-27.29    -27.47    -13.47      0.44      o1c2cccc(OCC(OCC)=O)c2cc1Br
-34.36    -34.28    -18.28      0.50      c1(C(=O)N(c2c(OC)cccc2)CC)cc(C)n(Cc2c(Br)cccc2)n1
-31.98    -31.81    -19.81      0.38      C(OC)(c1ccccc1)(C(=O)Nc1ccccc1C(=O)Nc1cccc(C(F)(F)F)c1)C
Human-Component   raw_Human-Component
0.9375   0.9375   
0.125   0.125   
0.75   0.75   
0.0   0.0   
0.5625   0.5625   
0.78125   0.78125   
0.96875   0.96875   
0.4375   0.4375   
0.5   0.5   
0.375   0.375   

