14:28:03: local_reinforcement_logger.log_message +32: INFO     starting an RL run
14:28:04: local_reinforcement_logger.timestep_report +41: INFO     
 Step 0   Fraction valid SMILES: 100.0   Score: 0.5000   Time elapsed: 0   Time left: 0.0
  Agent     Prior     Target     Score     SMILES
-24.43    -24.43    -12.04      0.39      c1(Oc2ccncc2)ccc2c(sc(=NC(C)=O)[nH]2)c1
-27.51    -27.51     -0.67      0.84      c1c([N+](=O)[O-])ccc(C(=O)NC(Nc2cc(NC(CCC(O)=O)=O)ccc2)=S)c1
-36.17    -36.17    -18.62      0.55      c1(Oc2cc(NCC3OC3)ccc2N)ccc(C=O)cc1OC
-25.79    -25.79    -16.50      0.29      c1ccc(N2C(=O)C=CC2=O)cc1C(=O)OCC(c1ccccc1OC)=O
-26.66    -26.66    -26.66      0.00      c1(-c2ccc(C(OCC3(CO)CC(=Cc4ccccc4O)C(=O)O3)=O)cc2)ccccc1
-33.00    -33.00     -5.13      0.87      C(c1cc(F)ccc1F)=Cn1c2[nH]c(=N)nc(-c3sccc3)c2nc1
-45.33    -45.33    -29.85      0.48      O=C(c1nc(-c2ccc(Cl)cc2)n(-c2ccc(Br)cn2)c1C1CC1)N=C1CC(C)N(C)CC1
-33.83    -33.83    -32.80      0.03      c1(Br)c2cc(C(CC(O)=O)n3cccc3)c(Cl)cc2ccc1
-27.51    -27.51    -14.09      0.42      C1N(C(=O)c2cc3c(o2)nc2n(cc(C)cc2)c3=O)CCCC1
-17.11    -17.11     -5.76      0.35      O=C(COc1ccc(Cc2ccccc2)cc1)O
Human-Component   raw_Human-Component
0.3870967626571655   0.3870967626571655   
0.8387096524238586   0.8387096524238586   
0.5483871102333069   0.5483871102333069   
0.29032257199287415   0.29032257199287415   
0.0   0.0   
0.8709677457809448   0.8709677457809448   
0.4838709533214569   0.4838709533214569   
0.032258063554763794   0.032258063554763794   
0.4193548262119293   0.4193548262119293   
0.35483869910240173   0.35483869910240173   

14:28:05: local_reinforcement_logger.timestep_report +41: INFO     
 Step 1   Fraction valid SMILES: 100.0   Score: 0.5000   Time elapsed: 1   Time left: 24.5
  Agent     Prior     Target     Score     SMILES
-45.99    -45.93    -22.19      0.74      O=C1COCCN1C(Cc1ccc([N+]([O-])=O)cc1)C(Nc1c(NC(=O)C(N)Cc2ccccc2)ccc(Cl)c1)=O
-23.10    -23.06    -13.77      0.29      C1CN(c2ncccc2)CCN1S(=O)(c1c(OC)cc(OC)cc1)=O
-24.92    -24.93    -17.70      0.23      C(CCCC)NC(NC(C(CC)C)C(OC)=O)=O
-21.21    -21.19     -5.71      0.48      c1c(-c2nc3c(c(=O)n2CCCn2cncc2)cccc3)cccc1
-34.78    -34.89    -28.70      0.19      c1ccc(S(=O)(C)=O)cc1N=c1[nH]c(C(F)(F)F)ccc1C(Nc1c(C(C)C)cc(O)c(C)c1C)=O
-34.91    -35.01    -15.39      0.61      c1c(Cc2nc3c(c(=N)[nH]2)NCCC3)c(Cl)ccc1Br
-23.22    -23.20     -9.78      0.42      c1ccn(C2=CCC3C4CCC5NC(=O)C=CC5(C)C4CCC32C)n1
-35.83    -35.74    -19.23      0.52      c1cccc(COC(=O)NC(CC(C)C)C(=O)NNC(NNC(CSc2c3c(ccc2)cccn3)=O)=O)c1
-38.43    -38.47    -11.63      0.84      C(C(Sc1ccc(C(O)(C(F)(F)F)C(F)(F)F)cc1)(c1ccccc1)c1ccccc1)CNS(N(C)C(C)C)(=O)=O
-32.69    -32.75    -32.75      0.00      O=C(C1(C)c2n(c(-c3sccc3)cn2)-c2ccc(Cl)cc2C(c2c(F)cccc2)=N1)OC
Human-Component   raw_Human-Component
0.7419354915618896   0.7419354915618896   
0.29032257199287415   0.29032257199287415   
0.22580644488334656   0.22580644488334656   
0.4838709533214569   0.4838709533214569   
0.19354838132858276   0.19354838132858276   
0.6129032373428345   0.6129032373428345   
0.4193548262119293   0.4193548262119293   
0.5161290168762207   0.5161290168762207   
0.8387096524238586   0.8387096524238586   
0.0   0.0   

14:28:06: local_reinforcement_logger.timestep_report +41: INFO     
 Step 2   Fraction valid SMILES: 100.0   Score: 0.5000   Time elapsed: 2   Time left: 32.0
  Agent     Prior     Target     Score     SMILES
-22.65    -22.63    -12.31      0.32      C(c1ccc(OC)cc1)n1c(=N)c(C)c[nH]1
-44.34    -44.30    -24.68      0.61      Cc1cc2c(cc1OCc1ccccc1)[nH]c(O)c2-c1[nH]c(SC)c2c(=N)[nH]cnc12
-21.90    -21.89    -14.67      0.23      COc1ccc(OC)c(C=C2C(=O)NC(=O)N(Cc3ccco3)C2=O)c1
-22.54    -22.53     -6.02      0.52      Oc1cc(CNc2ccc(C=Cc3ccc(O)cc3)cc2)ccc1O
-24.52    -24.47      6.49      0.97      C1CCCN1S(=O)(c1cn(C)c(C(Nc2ccc(C#N)cc2)=O)c1)=O
-30.46    -30.44     -5.67      0.77      c1c(OC2CCCCC2)ccc(C=NNC(=O)CCC(NCc2ccco2)=O)c1
-37.25    -37.20    -28.94      0.26      [nH]1c(=NNC(=O)C2=NNC(CC)(C)S2)c2n(c3ccccc13)ccc2
-25.04    -25.13    -12.74      0.39      c1(-c2ccc(N3CCCCC3)o2)c(Cl)cccc1
-22.14    -22.21    -10.85      0.35      CC(C)c1ccc(C(=O)NNC(=S)Nc2ccccc2)cc1
-39.26    -39.09    -25.67      0.42      CC(=NC1c2c(ccc(SC)c2)-c2ccc(-c3ccc(C=CC(O)=O)cc3)cc21)C(O)=O
Human-Component   raw_Human-Component
0.32258063554763794   0.32258063554763794   
0.6129032373428345   0.6129032373428345   
0.22580644488334656   0.22580644488334656   
0.5161290168762207   0.5161290168762207   
0.9677419066429138   0.9677419066429138   
0.774193525314331   0.774193525314331   
0.25806450843811035   0.25806450843811035   
0.3870967626571655   0.3870967626571655   
0.35483869910240173   0.35483869910240173   
0.4193548262119293   0.4193548262119293   

14:28:07: local_reinforcement_logger.timestep_report +41: INFO     
 Step 3   Fraction valid SMILES: 90.6   Score: 0.4531   Time elapsed: 3   Time left: 35.2
  Agent     Prior     Target     Score     SMILES
-31.55    -31.45    -31.45      0.00      C12C(C)(C)CCCC1(C)C1C(=CC2)C2(C)CCC(C(CC(=O)OC)CCC(=C)C(C)C)C2(C)CC1
-22.89    -22.96      5.61      0.89      c1(Oc2c(Cl)cc(Cl)cc2Cl)ccc(C(=NO)N)cn1
-23.44    -23.35    -17.63      0.18      n12c(c(-c3ccc(Oc4ccccc4)cc3)nc1-c1ccncc1)cc(Cl)cc2
-27.11    -27.10    -13.39      0.43      C1CCCC(CC(c2sccc2)NS(=O)(=O)c2ccccc2)C1
-26.09    -26.08     -4.37      0.68      c1(C)cc(NC(c2c3c(cccc3)nc3c2CN(C2CCCCC2)C3=O)=O)c(O)cc1
-33.03    -33.10    -15.95      0.54      c1(C(=S)N)cc(C2=NOC3(C2)CN(C(C2CCCCC2)=O)C(C(NC)=O)C3)ccc1
-37.23    -37.26     -5.26      1.00      [O-][n+]1[nH]c2c(cc3c(n(-c4ccccc4)nc3C)n2)c1C=O
-30.94    -30.98    -11.56      0.61      O=c1[nH]cnc(ON=C(c2ccccc2)c2ccc(F)cc2)c1Cl
-27.71    -27.64     -3.64      0.75      C(N)(=O)c1cc2c(oc1=O)c(OCc1cccc(OC)c1)ccc2
-25.34    -25.35     -7.07      0.57      c1c(C2CC(=O)CC(=NC(CC)=O)C2)scc1
Human-Component   raw_Human-Component
0.0   0.0   
0.8928571343421936   0.8928571343421936   
0.1785714328289032   0.1785714328289032   
0.4285714328289032   0.4285714328289032   
0.6785714030265808   0.6785714030265808   
0.5357142686843872   0.5357142686843872   
1.0   1.0   
0.6071428656578064   0.6071428656578064   
0.75   0.75   
0.5714285969734192   0.5714285969734192   

14:28:08: local_reinforcement_logger.timestep_report +41: INFO     
 Step 4   Fraction valid SMILES: 96.9   Score: 0.4844   Time elapsed: 4   Time left: 36.8
  Agent     Prior     Target     Score     SMILES
-24.09    -24.21    -10.34      0.43      C(N1CCN(c2ncccn2)CC1)(c1cc(F)ccc1Cl)=O
-20.22    -20.34     -4.34      0.50      C(CCCCCCCC(c1c(C)c(CCC(=O)O)n(C)c1C)=O)C
-29.51    -29.54    -27.41      0.07      CC(=O)NCc1cc(-c2sccc2)sc1C(Nc1ccc(Cl)cc1)=O
-22.65    -22.72      6.08      0.90      c1c(C(=O)Cn2c3ccccc3oc2=O)cc2c(c1)OCCO2
-18.94    -18.84      7.83      0.83      c1c(-n2c(C)cc(C=O)c2C)ccc(O)c1
-38.97    -39.14    -38.07      0.03      c1cc(Cl)c2c(c1)N=C(c1c(O)n(Cc3c(F)cc(F)cc3)c(C(C)(C)C)c1O)C(O)N2c1c(C)cc(Cl)cc1Cl
-34.45    -34.55    -15.35      0.60      c1(COC(C(N2C(C(=O)Oc3c(F)cccc3F)CCC2)C(C)C)=O)ccccc1
-26.80    -26.79    -15.05      0.37      C(O)(CNc1c(Br)cccc1)C(NC(=O)OC(C)(C)C)Cc1ccccc1
-29.42    -29.35    -25.08      0.13      n1(-c2ccccc2)c(C)c(Sc2ccnc(N3CCNCC3)n2)cn1
-28.28    -28.27    -20.80      0.23      c1c(N2CCOCC2)ccc(C(=O)N2CCCc3cc(N4CCN(C)CC4)ccc32)c1
Human-Component   raw_Human-Component
0.4333333373069763   0.4333333373069763   
0.5   0.5   
0.06666667014360428   0.06666667014360428   
0.8999999761581421   0.8999999761581421   
0.8333333134651184   0.8333333134651184   
0.03333333507180214   0.03333333507180214   
0.6000000238418579   0.6000000238418579   
0.36666667461395264   0.36666667461395264   
0.13333334028720856   0.13333334028720856   
0.23333333432674408   0.23333333432674408   

14:28:08: local_reinforcement_logger.timestep_report +41: INFO     
 Step 5   Fraction valid SMILES: 96.9   Score: 0.4844   Time elapsed: 4   Time left: 30.0
  Agent     Prior     Target     Score     SMILES
-22.98    -23.14    -12.48      0.33      c1cccc2[nH]c(C3=c4ccccc4=NC3=O)c(NOC(=O)Nc3ccc(Cl)cc3)c12
-38.47    -38.64    -17.30      0.67      C(Nc1ccccc1)(C(=Cc1cccc(OC2CCOCC2)c1)NC(=O)Cc1ccccc1)=O
-23.24    -23.23     -9.36      0.43      n1nn(C(C)C2CC2)c2nc(C#N)ncc12
-36.74    -36.84    -19.78      0.53      c1c2c(ccc(O)c2C=NNC(=O)c2cc(C(C)=NN=C(N)N)cc(O)c2O)cc(Cl)c1
-31.72    -31.85      0.15      1.00      C1CC(CNC(=O)C2C3CN(C4CCOCC4)CC(C2)O3)CCC1C
-20.80    -20.92    -20.92      0.00      O=S(c1ccc(C2=C(c3ccc(F)c(F)c3)C(=O)CC2)cc1)(C)=O
-22.25    -22.22      7.65      0.93      c1(C)c(C)cccc1N1CCN(C2=CC(=O)c3c(O)ccc(O)c3C2=O)CC1
-39.53    -39.45    -38.38      0.03      C(N(C)C)c1c2ccc(NC(C)=O)cc2c(NC2CCCCC2)c(=N)[nH]1
-31.20    -31.28    -29.14      0.07      c1c(F)ccc(CSc2n(Nc3ccccc3)c(C)c(CC(NN=C(C)c3ccccc3)=O)n2)c1
-30.04    -30.10    -15.16      0.47      c1c(C(Nc2ccc(S(=O)(=O)NCC3OCCC3)cc2)=O)ccc2[n+]([O-])onc12
Human-Component   raw_Human-Component
0.3333333432674408   0.3333333432674408   
0.6666666865348816   0.6666666865348816   
0.4333333373069763   0.4333333373069763   
0.5333333611488342   0.5333333611488342   
1.0   1.0   
0.0   0.0   
0.9333333373069763   0.9333333373069763   
0.03333333507180214   0.03333333507180214   
0.06666667014360428   0.06666667014360428   
0.46666666865348816   0.46666666865348816   

14:28:09: local_reinforcement_logger.timestep_report +41: INFO     
 Step 6   Fraction valid SMILES: 100.0   Score: 0.5000   Time elapsed: 5   Time left: 31.4
  Agent     Prior     Target     Score     SMILES
-29.90    -29.80     -9.16      0.65      n1n(C)nnc1-c1ccccc1NC(c1c(-c2ccccc2)nn(-c2ccccc2)c1)=O
-25.58    -25.23      4.70      0.94      n1c(-c2ccccn2)[nH]c(-c2ccncc2)c1-c1ccc(O)cc1
-41.11    -40.73    -40.73      0.00      C1(OC2OC(CNC(=O)C(=O)C(CC)C)C(O)C(O)C2N)C(O)C(OC2C(O)C(N)CC(N)C2OC2OC(CN)C(O)C(O)C2N)OC1C
-22.11    -22.02    -12.73      0.29      C(CCC)CCN=c1[nH]c(=NCCCC)[nH]c(=NCCCC)[nH]1
-25.37    -25.37    -21.24      0.13      O(C(=O)c1ccc(NS(c2c(OC)ccc(NC(C)=O)c2)(=O)=O)cc1)CC
-52.38    -52.33    -28.59      0.74      c12c3cc(-n4cc(C=Cc5ccccc5)c5c(C(=O)O)[nH]cc54)c4c(ccc(O)c4)c3[nH]c1cc(O)cc2
-26.36    -26.47     -3.76      0.71      c1(CC(=O)NNC(c2cc([N+]([O-])=O)c(O)cc2)=O)cc(O)c(O)cc1
-22.11    -21.97    -20.94      0.03      C1CC(NC(COC(CCOc2ccc(OCC)cc2)=O)=O)CS1(=O)=O
-32.97    -32.99     -5.12      0.87      C(N=C1C(c2cccc3ccccc32)C(=O)NC1=O)CN=c1nc(N2CCOCC2)[nH]c(N2CCOCC2)n1
-22.06    -21.97    -19.91      0.06      O=c1n(C2CCCC2)c(=O)[nH]c(O)c1C=NCCN(C)C
Human-Component   raw_Human-Component
0.6451612710952759   0.6451612710952759   
0.9354838728904724   0.9354838728904724   
0.0   0.0   
0.29032257199287415   0.29032257199287415   
0.12903225421905518   0.12903225421905518   
0.7419354915618896   0.7419354915618896   
0.7096773982048035   0.7096773982048035   
0.032258063554763794   0.032258063554763794   
0.8709677457809448   0.8709677457809448   
0.06451612710952759   0.06451612710952759   

14:28:10: local_reinforcement_logger.timestep_report +41: INFO     
 Step 7   Fraction valid SMILES: 100.0   Score: 0.5000   Time elapsed: 6   Time left: 32.2
  Agent     Prior     Target     Score     SMILES
-24.97    -25.42     -4.77      0.65      C(c1ccccc1)=Cc1cc(C(C)(C)C)c(OCC(CO)N)cc1C(C)(C)C
-36.27    -36.31    -31.15      0.16      O=C(C)C=CC=CC1=CC(C)(C)CC(CC=C)C1C(=O)O
-20.58    -20.51    -17.41      0.10      C(OCC)(c1c(C)c(C(OCC)=O)c(N=CN(C)C)s1)=O
-22.47    -22.44     -9.02      0.42      C(F)(c1ccc(-c2cc(=O)[nH]nc2)cc1)(F)F
-22.23    -22.48     -0.80      0.68      c12cc(OCc3ccccc3)ccc1C=C(CN(O)C(=O)N)CO2
-32.40    -32.28    -16.80      0.48      C1(N=c2c3c([nH]c(C(C)C)n2)cc(-c2ccccc2C)[nH]3)CNCCC1
-22.67    -22.58    -18.45      0.13      O=S(c1c(SCC(OC)=O)nc(C)cc1C)(=O)c1ccccc1
-26.32    -26.23    -24.16      0.06      c1c2c(ccc1)SC(=C1SC(=NS(c3ccc(Br)cc3)(=O)=O)c3ccccc31)N2CC
-32.53    -32.31    -20.96      0.35      n1cccc(-c2[nH]c(-c3c(F)ccc(Br)c3)c(C(N)=O)c2)c1OC
-30.74    -31.04     -1.10      0.94      c1(CC(N(c2cnc(C(F)(F)F)cc2Cl)c2ccccc2)C(O)=O)ccccc1
Human-Component   raw_Human-Component
0.6451612710952759   0.6451612710952759   
0.16129031777381897   0.16129031777381897   
0.09677419066429138   0.09677419066429138   
0.4193548262119293   0.4193548262119293   
0.6774193644523621   0.6774193644523621   
0.4838709533214569   0.4838709533214569   
0.12903225421905518   0.12903225421905518   
0.06451612710952759   0.06451612710952759   
0.35483869910240173   0.35483869910240173   
0.9354838728904724   0.9354838728904724   

14:28:11: local_reinforcement_logger.timestep_report +41: INFO     
 Step 8   Fraction valid SMILES: 96.9   Score: 0.4844   Time elapsed: 7   Time left: 32.7
  Agent     Prior     Target     Score     SMILES
-35.61    -35.45     -4.52      0.97      c1(=NC(COC(C=Cc2ccc(Cl)cc2)=O)=O)n(CC(OC)=O)[nH]c(-c2ccc(OC)cc2)c1
-74.99    -74.78    -72.64      0.07      c1c(O)ccc(CCN2CCc3c(c4c(cc3)C(c3ccc(N5CCN(C)CC5)cc3)N3C(C5C(c6ccccc6)c6c(cc(O)c(OC)c6)C53)N(C)C4C(O)=O)C2)c1
-44.42    -44.32    -31.52      0.40      C12=CCCCC13C(OC2=O)CN1CCCSc2c1c(ccc2)N3C
-36.21    -36.22    -10.62      0.80      c1cccn1-c1ccc(N2C(=O)c3c(c4ccccc4o3)C2c2c(OC)cccc2)cc1
-25.49    -25.65    -18.19      0.23      c1nccc(C(O)CNC(Cc2ccc(N)cc2)C)c1
-28.35    -28.16      1.70      0.93      c1(-c2oc(O)c(C(NCCCCCCCC(O)=NO)=O)c(=NO)c2)ccc(OC)c(OC)c1
-35.33    -35.96     -7.16      0.90      NC(=O)c1nc(COc2c3nc(C4Cc5ccccc5OC4)ccc3ccc2)oc1N
-25.95    -25.98      6.02      1.00      C(NCCc1ccc(N=c2c3ccccc3[nH]c3ccccc23)cc1)(=O)c1ccccc1
-25.31    -25.17    -21.97      0.10      C1CC(COCCCNC(C)=O)CCC1CN
-45.70    -45.90    -27.77      0.57      c1c(C)ccc(F)c1N(C)C(c1ccccc1N=c1c2c(cc3c(c2)nn[nH]3)nc[nH]1)=O
Human-Component   raw_Human-Component
0.9666666388511658   0.9666666388511658   
0.06666667014360428   0.06666667014360428   
0.4000000059604645   0.4000000059604645   
0.800000011920929   0.800000011920929   
0.23333333432674408   0.23333333432674408   
0.9333333373069763   0.9333333373069763   
0.8999999761581421   0.8999999761581421   
1.0   1.0   
0.10000000149011612   0.10000000149011612   
0.5666666626930237   0.5666666626930237   

14:28:12: local_reinforcement_logger.timestep_report +41: INFO     
 Step 9   Fraction valid SMILES: 96.9   Score: 0.4844   Time elapsed: 8   Time left: 32.8
  Agent     Prior     Target     Score     SMILES
-23.51    -23.53    -12.86      0.33      C1CC(C(=O)NCc2c(F)cccc2)CCC1Cn1c(=O)c2ccccc2[nH]c1=S
-23.28    -23.51      2.09      0.80      c1(=NCCOC)c2nonc2[nH]c(C)n1
-34.48    -34.15    -21.35      0.40      O(CCN=c1c2c(-c3ccccc3)c[nH]c2nc[nH]1)c1cc2c(c(OC)c1)OCO2
-29.16    -29.47     -2.80      0.83      c1cc(OCC)c(NC(=O)c2c3c(CN(C)C)c(O)oc3ccc2)cc1
-25.44    -25.34    -23.21      0.07      c1(-c2ccncc2)nnc(N(C(c2ccccc2Cl)=O)CC)s1
-21.47    -21.65     -6.71      0.47      c12c(ccc(Cl)c1)Sc1ccccc1N2C(=O)c1ccc(F)cc1
-29.13    -29.08    -15.21      0.43      c1c(C(C#N)=C(C#N)C(c2c(OC)cccc2)=O)ccc(OC)c1
-32.86    -33.20    -14.00      0.60      N(=c1sc2c(n1-c1ccccc1)[nH]c(C(OCC)=O)nc2=O)c1ccc(F)cc1
-29.05    -29.23    -23.90      0.17      c1(CC#N)c(O)cc(C(CCC)CC)c(O)c1
-28.46    -28.37     -0.63      0.87      FC(F)(F)c1ccc(CN(S(c2ccc(C(O)=O)cc2)(=O)=O)c2c(C)c3c(s2)cc(Cl)cc3)cc1
Human-Component   raw_Human-Component
0.3333333432674408   0.3333333432674408   
0.800000011920929   0.800000011920929   
0.4000000059604645   0.4000000059604645   
0.8333333134651184   0.8333333134651184   
0.06666667014360428   0.06666667014360428   
0.46666666865348816   0.46666666865348816   
0.4333333373069763   0.4333333373069763   
0.6000000238418579   0.6000000238418579   
0.1666666716337204   0.1666666716337204   
0.8666666746139526   0.8666666746139526   

14:28:13: local_reinforcement_logger.log_message +32: INFO     Resetting Agent
14:28:13: local_reinforcement_logger.log_message +32: INFO     Adjusting sigma to: 82
14:28:13: local_reinforcement_logger.timestep_report +41: INFO     
 Step 10   Fraction valid SMILES: 96.9   Score: 0.4844   Time elapsed: 9   Time left: 32.7
  Agent     Prior     Target     Score     SMILES
-59.24    -59.38    -59.38      0.00      c1c(Oc2c(-c3c4n(c(C5CCC5)c3Cc3c(C)cc5nn[nH]c5cc3C(C)(C)C)nnc4C)cccc2)c(F)cc(S(=O)(N=c2[nH]ccnc2)=O)c1F
-52.79    -52.38    -32.11      0.63      O=C1C2(C)C(O)C3OC(=O)C(=C)C3C(O)C(C)(C=C)C1OC(C)(CC)C2
-26.94    -26.39    -22.12      0.13      N(C(C(N1CCCC1)=O)CCSC)S(=O)(c1cc2c(cc1)N(C(C)=O)C(C)C2)=O
-34.64    -34.36    -21.56      0.40      c12c(ncc(C(=O)N(CCC#N)C(=O)NC3CCCC3)c1Cl)cccc2
-26.91    -26.89     -4.49      0.70      c1cc(N2CCNCC2)ccc1C(=O)Nc1cc2nc(C)sc2cc1
-29.38    -29.43     -3.83      0.80      C1C(C)N(C=Cc2[n+]([O-])cccc2)CCN1Cc1ccc(Cl)cc1
-18.53    -18.62     12.31      0.97      c1(CC=C(C)C)c(OC)ccc(C(=O)O)c1
-25.30    -25.26     -0.73      0.77      C(c1cc(OCC)c(OCC)c(OCC)c1)(Nc1ccc(N2CCN(C(=O)c3ccc(C)cc3)CC2)cc1)=O
-27.76    -27.70     -8.50      0.60      c1(C(=O)O)sc2c(C(O)=O)ccc(-c3c(C)cccc3)c2c1
-27.60    -27.69    -25.55      0.07      c12cc(OC)c(OC)cc1c(=N)nc(N1CCN(C(=O)c3cc4cc(Br)ccc4nc3Cl)CC1)[nH]2
Human-Component   raw_Human-Component
0.0   0.0   
0.6333333253860474   0.6333333253860474   
0.13333334028720856   0.13333334028720856   
0.4000000059604645   0.4000000059604645   
0.699999988079071   0.699999988079071   
0.800000011920929   0.800000011920929   
0.9666666388511658   0.9666666388511658   
0.7666666507720947   0.7666666507720947   
0.6000000238418579   0.6000000238418579   
0.06666667014360428   0.06666667014360428   

14:28:15: local_reinforcement_logger.timestep_report +41: INFO     
 Step 11   Fraction valid SMILES: 100.0   Score: 0.5000   Time elapsed: 11   Time left: 35.8
  Agent     Prior     Target     Score     SMILES
-17.42    -17.42     11.68      0.35      O=C(c1ccncc1)NN=Cc1ccc2c(c1)OCO2
-28.79    -28.79      8.25      0.45      n12ccc(=O)n(CCC(=O)N3CCN(c4c(-c5nc6c(cccc6)[nH]5)ncs4)CC3)c1ccc2
-21.96    -21.96     12.42      0.42      c1cnc(N(CCC#N)N2CCOCC2)nc1
-23.67    -23.67      8.07      0.39      c1(Br)ccc2nc(-c3cccs3)[nH]c(=NN3C(=O)C(C)=CC3=O)c2c1
-34.00    -34.00     40.07      0.90      c1(C2OC3(OC24C2CCCC2CCC3)CCN(Cc2ncccc2)CC4)cccc(OC)c1
-25.14    -25.14     38.35      0.77      C(c1ccc(C#N)cc1)NC(=O)C(N)COC
-28.38    -28.38     13.94      0.52      O(c1c(O)ccc(-c2n(Cc3ccco3)c(SCC(=O)N=c3[nH]nc(C)s3)nn2)c1)C
-26.10    -26.10    -12.87      0.16      S(=O)(=O)(Nc1ccc(-c2cn3cccc(C)c3n2)cc1)c1ccc(NC(=O)C)cc1
-33.03    -33.03     17.23      0.61      c12c(=NC(NCC)=O)[nH]cnc1n(C1OC(CNc3ccc(Cl)cc3)C(O)C1(O)C)cn2
-17.23    -17.23     62.13      0.97      c1(C(=O)Nc2cccc(CN3CCC(C(NC4CCCCC4)=O)CC3)c2)ccc(F)cc1
Human-Component   raw_Human-Component
0.35483869910240173   0.35483869910240173   
0.4516128897666931   0.4516128897666931   
0.4193548262119293   0.4193548262119293   
0.3870967626571655   0.3870967626571655   
0.9032257795333862   0.9032257795333862   
0.774193525314331   0.774193525314331   
0.5161290168762207   0.5161290168762207   
0.16129031777381897   0.16129031777381897   
0.6129032373428345   0.6129032373428345   
0.9677419066429138   0.9677419066429138   

14:28:16: local_reinforcement_logger.timestep_report +41: INFO     
 Step 12   Fraction valid SMILES: 100.0   Score: 0.5000   Time elapsed: 12   Time left: 35.1
  Agent     Prior     Target     Score     SMILES
-22.86    -22.85     -9.63      0.16      C1C(C)OCCN1c1c(-c2cncnc2)cc(C(=O)Nc2ccc(OC(F)(Cl)F)cc2)cn1
-28.06    -28.05     22.21      0.61      c1(C)ccc(NC(=O)N2CCC2)c(OCCCN2CCOCC2)c1
-28.49    -28.55     50.81      0.97      c1(=NC(NC2CCCNC2c2ccc(Cl)cc2)=O)[nH]c2ccccc2s1
-30.95    -30.96    -28.32      0.03      C(O)(CCCCCCCCCCCCc1cnccc1)CCO
-29.17    -29.10     37.03      0.81      c1(C)oc(=O)cc(CC(C)C)c1C(N1CCOCC1)=O
-30.30    -30.31    -19.73      0.13      c1ncc2c3c(oc2c1)-c1[nH]c(=O)c2ccccc2c1C3
-21.30    -21.29     60.71      1.00      Cn1c(=O)n(C)c(=O)c2c1nc(CN1CCN(c3ccc(F)cc3)CC1)n2CCC
-26.74    -26.70     18.27      0.55      o1c(CN2CCCN(C(C)=O)CC2)cc(=O)c(OCc2ccc(F)cc2)c1
-19.30    -19.31     38.89      0.71      c1c(C)ccc(S(N=C(c2ccccc2)N(CC)CC)(=O)=O)c1
-26.15    -26.17     45.25      0.87      c1(OCC(N=c2[nH]c3c(cc(S(=O)(=O)C)cc3)s2)=O)ccc2c(c1)OCO2
Human-Component   raw_Human-Component
0.16129031777381897   0.16129031777381897   
0.6129032373428345   0.6129032373428345   
0.9677419066429138   0.9677419066429138   
0.032258063554763794   0.032258063554763794   
0.8064516186714172   0.8064516186714172   
0.12903225421905518   0.12903225421905518   
1.0   1.0   
0.5483871102333069   0.5483871102333069   
0.7096773982048035   0.7096773982048035   
0.8709677457809448   0.8709677457809448   

14:28:17: local_reinforcement_logger.timestep_report +41: INFO     
 Step 13   Fraction valid SMILES: 100.0   Score: 0.5000   Time elapsed: 13   Time left: 34.4
  Agent     Prior     Target     Score     SMILES
-23.70    -23.75    -13.17      0.13      C1CC(CN2CCC3(c4cc(OC)ccc4CCC3)CC2)CCC1
-24.09    -24.11     15.56      0.48      CN(S(=O)(c1c(-c2ccc(CNCCC(C)(C)C)cc2)cccc1)=O)C
-30.36    -30.33    -27.69      0.03      c12ccccc1ccc(S(NC(Cc1cnccc1)C(N1CCN(c3c(OC)cccc3)CC1)=O)(=O)=O)c2
-21.87    -21.79     44.34      0.81      c1ccccc1C1n2nc(-c3ccc(C)cc3)nc2N=C(C)C1C(=O)N
-24.73    -24.73    -16.80      0.10      O=C(N1C(CN2CCCC2)CS(=O)(=O)C1)c1ccc(C(C)(C)C)cc1
-23.53    -23.56      8.18      0.39      c1(OC)ccccc1C(=O)NNC(c1c(C)c(C(=O)C)c(C)[nH]1)=O
-30.59    -30.61      6.42      0.45      c1(F)cc(Cl)c(-c2cc(=O)n(C(C)C(Nc3ccc(CN(C)C)cc3)=O)[nH]2)cc1F
-37.88    -37.95     17.60      0.68      C12CC(O)C(N1C)CC2c1sc2c(ccc(NC(c3ccc(F)cc3F)=O)c2)c1
-41.41    -41.46      8.80      0.61      C1(=O)c2c3c(ccc2OCC(C)C)-c2c(occ2)OCC3C1(C)C
-24.55    -24.50     36.34      0.74      C1c2cc(C(=O)Nc3c(F)cccc3F)sc2-c2c(cccc2)S1(=O)=O
Human-Component   raw_Human-Component
0.12903225421905518   0.12903225421905518   
0.4838709533214569   0.4838709533214569   
0.032258063554763794   0.032258063554763794   
0.8064516186714172   0.8064516186714172   
0.09677419066429138   0.09677419066429138   
0.3870967626571655   0.3870967626571655   
0.4516128897666931   0.4516128897666931   
0.6774193644523621   0.6774193644523621   
0.6129032373428345   0.6129032373428345   
0.7419354915618896   0.7419354915618896   

14:28:17: local_reinforcement_logger.timestep_report +41: INFO     
 Step 14   Fraction valid SMILES: 96.9   Score: 0.4844   Time elapsed: 14   Time left: 33.6
  Agent     Prior     Target     Score     SMILES
-26.44    -26.41     30.99      0.70      C(=O)(C1C(C(Nc2ccc(-n3ccccc3=O)cc2F)=O)OC(C)(C)O1)Nc1ccccc1
-38.84    -38.76    -11.43      0.33      c1cc(OCCN(C)C)ccc1C(c1ccc(OCC(CNC(C)C)O)c(OC)c1)CNC(CCC(=O)O)=O
-26.07    -26.10     36.76      0.77      c1([N+]([O-])=O)c[nH]c(=NCCNCC(N2CCCC2)=O)c(Cl)c1
-29.60    -29.57    -29.57      0.00      o1c2c(c(C)c3ccoc3c2OC)c(O)c(=C)c1=C
-19.46    -19.40     21.60      0.50      c1ccccc1COc1cc2occ(O)c2cc1
-31.59    -31.54      4.00      0.43      C1C(CN2C(=O)CCC2)N(c2cnccc2)c2ccccc21
-17.68    -17.67     61.60      0.97      c1ccc(OCc2ccc(C(=O)NN)cc2)cc1
-21.86    -21.72     24.75      0.57      c1cccc2c(C(=O)O)cc(-c3c(F)cccc3)nc12
-27.25    -27.21     16.52      0.53      c1cccc(-c2ccc(C=C3c4ccccc4CSc4c3cccc4)cc2)c1
-22.33    -22.34    -16.87      0.07      O(c1ccc(S(N(c2ccc(C(NCC3CCCO3)=O)cc2)C)(=O)=O)cc1)C
Human-Component   raw_Human-Component
0.699999988079071   0.699999988079071   
0.3333333432674408   0.3333333432674408   
0.7666666507720947   0.7666666507720947   
0.0   0.0   
0.5   0.5   
0.4333333373069763   0.4333333373069763   
0.9666666388511658   0.9666666388511658   
0.5666666626930237   0.5666666626930237   
0.5333333611488342   0.5333333611488342   
0.06666667014360428   0.06666667014360428   

14:28:18: local_reinforcement_logger.timestep_report +41: INFO     
 Step 15   Fraction valid SMILES: 100.0   Score: 0.5000   Time elapsed: 14   Time left: 30.6
  Agent     Prior     Target     Score     SMILES
-34.29    -34.33     31.80      0.81      O=C(CC1CCc2cccc(O)c21)C1C(=O)NCCC1
-19.24    -19.29     60.06      0.97      c12ccccc1CCN(c1ncnc3[nH]cnc31)C2
-26.20    -26.26     13.42      0.48      c1(C)ccc(-c2nnc(SCC(=O)N=c3scc(C)[nH]3)nc2-c2ccc(C)cc2)o1
-21.07    -21.04     29.22      0.61      O1c2c(cc(NC(=O)C3=C(C(O)=O)C4CCC3C4)cc2)OC1
-29.04    -29.00     42.42      0.87      c1(N2CCOCC2)ccc(C(=O)Nc2c3c(oc2C(Nc2c(C)cccc2)=O)cccc3)cc1
-25.93    -25.99     -4.83      0.26      c1(C)cn(Cc2cnc(-c3ccccc3Cl)cc2)c(=O)[nH]c1=O
-27.58    -27.58     30.61      0.71      O=S(N1CCCC(C(=O)OCC)C1)(=O)c1c(F)ccc(C(=O)Nc2ccc(CC)cc2)c1
-25.78    -25.81     42.96      0.84      c12[nH]cc(CC(C(=O)NCC3OCCC3)C)c1cccc2
-25.57    -25.49     -9.62      0.19      FC(c1nc(SCCC)nc(-c2c(O)cc(O)cc2)c1)(F)F
-23.16    -23.13    -20.48      0.03      c1c(OC)ccc(-c2nc(=N)[nH]c(C(=O)NCc3cccs3)c2)c1
Human-Component   raw_Human-Component
0.8064516186714172   0.8064516186714172   
0.9677419066429138   0.9677419066429138   
0.4838709533214569   0.4838709533214569   
0.6129032373428345   0.6129032373428345   
0.8709677457809448   0.8709677457809448   
0.25806450843811035   0.25806450843811035   
0.7096773982048035   0.7096773982048035   
0.8387096524238586   0.8387096524238586   
0.19354838132858276   0.19354838132858276   
0.032258063554763794   0.032258063554763794   

14:28:20: local_reinforcement_logger.timestep_report +41: INFO     
 Step 16   Fraction valid SMILES: 93.8   Score: 0.4688   Time elapsed: 16   Time left: 32.0
  Agent     Prior     Target     Score     SMILES
-35.01    -35.05     -6.77      0.34      C1(O)c2cc(C(=O)N3CCN(CC)CC3)ccc2Cc2n(ccc2)C1
-26.55    -26.48    -17.99      0.10      c1(S(=O)(=O)C2(C(O)=NO)CCN(CC)CC2)ccc(SC)cc1
-28.72    -28.74     41.95      0.86      N1(CCC#CC2(C(F)(F)F)NC(=O)NC2=O)CCC(c2ccccc2)CC1
-27.48    -27.77    -16.46      0.14      C(OCc1ccccc1)(=O)c1ccc(NC(=O)c2c(C(C)C)onc2C)cc1
-27.19    -27.10     -7.31      0.24      [N+]([O-])(=O)c1ccc(NC(c2ccc(S(CC)(=O)=O)cc2)=O)cc1
-23.58    -23.64     49.87      0.90      c12n[nH]c(=Nc3ccc(Cl)cc3)nc1cc(C)c(C)c2
-18.38    -18.34     -4.20      0.17      C#CCOc1ccc(Oc2ccccc2)cc1
-52.90    -52.17    -46.52      0.07      C12C(CC(C(NC(Cc3cccnc3)(C)C)=O)C(C(O)=O)N1)C(O)C(OCc1ccc(C(F)(F)F)cc1)C2
-46.29    -46.35     -6.77      0.48      c1c(CC(C(O)C(C(OCc2ccccc2)C(N=c2cccc[nH]2)O)O)NC(=O)C(CC(N)=O)NC(=O)C(NC(=O)OCC)Cc2ccccc2)cccc1
-25.27    -25.47     31.08      0.69      C(NC(C1Cc2ccccc2CN1C(C(Cc1c(C)cc(O)cc1C)N)=O)=O)(CCCCN)C(=O)c1nccs1
Human-Component   raw_Human-Component
0.3448275923728943   0.3448275923728943   
0.1034482792019844   0.1034482792019844   
0.8620689511299133   0.8620689511299133   
0.13793103396892548   0.13793103396892548   
0.24137930572032928   0.24137930572032928   
0.8965517282485962   0.8965517282485962   
0.17241379618644714   0.17241379618644714   
0.06896551698446274   0.06896551698446274   
0.48275861144065857   0.48275861144065857   
0.6896551847457886   0.6896551847457886   

14:28:20: local_reinforcement_logger.timestep_report +41: INFO     
 Step 17   Fraction valid SMILES: 100.0   Score: 0.5000   Time elapsed: 17   Time left: 31.2
  Agent     Prior     Target     Score     SMILES
-31.48    -31.52    -26.23      0.06      C(CCCN=C(C[N+]([O-])=O)NCC=C)CCCC(NCc1ccccc1)=O
-26.93    -27.30    -11.42      0.19      c1c2c(ccc1OCc1cn(CCN3CCc4c(cc(OC)c(OC)c4)C3)nn1)CCN(Cc1ccccc1)C2=O
-72.66    -72.60    -35.57      0.45      c1cc(C)ccc1OC1C(O)C(Oc2ccc3ccc(=O)oc3c2)OC2COC3(O)COC4OC13C21CCCC(C)(C)C4CC1O
-25.01    -25.03     54.33      0.97      C(=O)(NC(CC)CC)c1ccc(Cn2nc(C)c(Br)c2C)o1
-29.75    -29.80     -3.35      0.32      O=S(c1ccc(C)cc1)(=O)N=C(N=c1nc[nH][nH]1)c1sccc1
-28.69    -28.70     -4.89      0.29      C1CC(NC(=O)C(N(C(=O)c2occc2)C2CC2)C(F)(F)F)(C#N)CCC1
-28.38    -28.27    -28.27      0.00      C1C2N(C(=O)C3CCOCC3)CCN(C(CCC(C)C)=O)C2CS1(=O)=O
-28.38    -28.33      0.77      0.35      c1(N)ccc(C(=O)c2c(-c3ccc(OCC(OCC)=O)cc3)sc3c2cccc3)cc1
-33.07    -33.16     -1.42      0.39      C(C1C(OC)C2OC(C)(C)OC2O1)N=c1cc(Oc2ccc(OC)cc2)[nH]cn1
-23.61    -23.66    -13.08      0.13      c1(CN2c3c(nc4c(n3)cccc4)N(S(c3ccc(C)cc3)(=O)=O)C2)ccccc1
Human-Component   raw_Human-Component
0.06451612710952759   0.06451612710952759   
0.19354838132858276   0.19354838132858276   
0.4516128897666931   0.4516128897666931   
0.9677419066429138   0.9677419066429138   
0.32258063554763794   0.32258063554763794   
0.29032257199287415   0.29032257199287415   
0.0   0.0   
0.35483869910240173   0.35483869910240173   
0.3870967626571655   0.3870967626571655   
0.12903225421905518   0.12903225421905518   

14:28:22: local_reinforcement_logger.timestep_report +41: INFO     
 Step 18   Fraction valid SMILES: 96.9   Score: 0.4844   Time elapsed: 18   Time left: 30.3
  Agent     Prior     Target     Score     SMILES
-19.79    -19.89     56.64      0.93      c1(C)c(C(=O)N2CCC(c3ccc(C#N)cc3)CC2)cc(-c2nc(COC)[nH]c2C)c(C)c1
-51.89    -51.65     11.22      0.77      c1ccc(C(c2ccccc2)C(=O)OC2CCCN(CCCCCCCCN3CCC(Cc4nc5c(c(=O)n4-c4cc(OC)c(OC)c(OC)c5)cccc4)CC3)C2)cc1
-22.09    -22.07     13.47      0.43      [nH]1c(-c2ccc(C(F)(F)F)cc2)nc2c1ccc(Br)c2
-44.72    -44.67    -44.67      0.00      n1c2ccc(N(C(=O)c3ccc4nc(C)c(C)nc4c3)CCO)c3cccc(c23)[nH]1
-24.53    -24.48     13.78      0.47      O=C(COc1cccc(OC)c1)N(C)CC(=O)Nc1c(C)cccc1C
-33.03    -32.97    -11.10      0.27      C(CC(NC(=O)C(NC(=O)C(C)NC(C(CCCN=C(N)N)N)=O)CCCN=C(N)N)C(=O)N)c1ccc(O)cc1
-26.76    -26.82     14.18      0.50      c1c(NC(=O)N=c2[nH]oc(C(C)(C)C)c2)cc2c(c1)OCCN2
-31.39    -31.68    -28.94      0.03      c1ccccc1CNC(COc1cccc2c1c(=Nc1ccc(-c3ccccc3)cc1)[nH]cn2)=O
-34.88    -35.19    -26.99      0.10      C1N(c2ncc(C(O)CCC)cn2)CC1c1[n+]([O-])cccc1
-23.47    -23.49     42.11      0.80      N1(C(=O)C=C)CC(n2nc(-c3cccc(C#N)c3)c3c2nc[nH]c3=N)CCC1
Human-Component   raw_Human-Component
0.9333333373069763   0.9333333373069763   
0.7666666507720947   0.7666666507720947   
0.4333333373069763   0.4333333373069763   
0.0   0.0   
0.46666666865348816   0.46666666865348816   
0.2666666805744171   0.2666666805744171   
0.5   0.5   
0.03333333507180214   0.03333333507180214   
0.10000000149011612   0.10000000149011612   
0.800000011920929   0.800000011920929   

14:28:23: local_reinforcement_logger.timestep_report +41: INFO     
 Step 19   Fraction valid SMILES: 100.0   Score: 0.5000   Time elapsed: 19   Time left: 29.4
  Agent     Prior     Target     Score     SMILES
-40.97    -41.29    -41.29      0.00      Cc1cccc(-n2c(Cn3nc(-c4cc(C(=O)C)ccc4)c4c3nc[nH]c4=N)cc3c(N4CCN(C)CC4)nccc32)c1
-50.21    -50.49    -13.46      0.45      C1C=CCC2S(=O)(=O)Oc3n(ccc(=NN4CCOCC4)n3)C2C1c1ccc(C)cc1
-31.18    -31.18     34.95      0.81      COCCN1C(=O)C2(C)C(C(=O)OCC(C)C)C=CC(C2)C1
-30.64    -30.49    -25.20      0.06      c1c(-c2nc(C(C)(C)C)[nH]c2-c2cc(=NC(c3ccccc3)C)[nH]cc2)ccc(OC(F)(F)F)c1
-23.20    -23.44      3.01      0.32      C1(CCCNC(Nc2cccc(F)c2)=O)CCN(Cc2ccccc2)CC1
-41.45    -41.68    -12.58      0.35      c1c(OCc2cc(C(N3C(C(=O)N4CCCC4)CNC(C)(C)C3)=O)c(OC)cc2OC)c2c(cc1)[nH]cc2
-40.05    -40.28    -27.05      0.16      C1C(C(C)C)=C(CC(=O)OC(CCO)CCCC)SS1
-25.50    -25.64     24.62      0.61      c1cc(F)ccc1Cn1c(=O)sn(CCc2ccc(F)cc2)c1=O
-26.63    -26.52      5.22      0.39      c1c(C(=Cc2ccc(C=CC(O)=NO)cc2)C(N2CCCCC2)=O)ccc([N+](=O)[O-])c1
-24.40    -24.39     52.32      0.94      c1c(OC)c2ccc(C(CCC3CCN(Cc4ccccc4)CC3)=O)cc2cc1
Human-Component   raw_Human-Component
0.0   0.0   
0.4516128897666931   0.4516128897666931   
0.8064516186714172   0.8064516186714172   
0.06451612710952759   0.06451612710952759   
0.32258063554763794   0.32258063554763794   
0.35483869910240173   0.35483869910240173   
0.16129031777381897   0.16129031777381897   
0.6129032373428345   0.6129032373428345   
0.3870967626571655   0.3870967626571655   
0.9354838728904724   0.9354838728904724   

14:28:24: local_reinforcement_logger.timestep_report +41: INFO     
 Step 20   Fraction valid SMILES: 100.0   Score: 0.5000   Time elapsed: 20   Time left: 28.6
  Agent     Prior     Target     Score     SMILES
-31.94    -31.71     18.55      0.61      C(Oc1cc(C)c(-c2cc(COc3cc4c(cc3)C(CC(O)=O)CO4)ccc2)c(C)c1)C(OC(C)=O)C
-31.15    -30.91      0.83      0.39      C1(O)C(=C)C(=CC=C2C3CCC(C)CC3CC3C2(C)CCC(O)C3)CC(O)C1CC#C
-37.33    -37.30    -16.13      0.26      O=C(OCC)N1CCN(C(c2ccc(-c3c(C#N)c(OC)n[nH]3)cc2)C2CCC2)CC1
-52.34    -52.16      6.04      0.71      C1N(C(CC(N)Cc2ccccc2)=O)C(C(=O)OCCCn2c(O)c3n(c2=O)C(C(=O)NCc2ccc(C(=N)N)cc2)Cc2c3cc(OCc3ccccc3)cc2)CC1
-26.46    -26.48     -7.96      0.23      C1C2(CN(C(=O)COC)c3ccccc32)CCN(Cc2cnn(C)c2)C1
-32.30    -32.59    -32.59      0.00      FC(F)(F)c1nn(-c2cn3c(cc2)nnc3CC2CCC2)cc1
-20.59    -20.38     21.95      0.52      Oc1ccc(C(Cc2ccc(O)cc2)=S)cc1O
-37.22    -37.49     36.58      0.90      Cc1cc(Cl)ccc1CNC(=O)c1ccc2c(c1)CCC1CC(=O)N(Cc3ccccc3)C=C21
-33.67    -33.69      3.34      0.45      C(NC(C(c1ccccc1)NC(c1ccc(Cl)cc1)=O)=O)CC1CCCCN1S(=O)(=O)c1ccc(C)cc1
-31.70    -31.70     21.20      0.65      c1ccc(OCC(=O)NC(=S)N2CCN(C(=S)NCC)CC2)c2c1CC(C)(C)O2
Human-Component   raw_Human-Component
0.6129032373428345   0.6129032373428345   
0.3870967626571655   0.3870967626571655   
0.25806450843811035   0.25806450843811035   
0.7096773982048035   0.7096773982048035   
0.22580644488334656   0.22580644488334656   
0.0   0.0   
0.5161290168762207   0.5161290168762207   
0.9032257795333862   0.9032257795333862   
0.4516128897666931   0.4516128897666931   
0.6451612710952759   0.6451612710952759   

14:28:25: local_reinforcement_logger.timestep_report +41: INFO     
 Step 21   Fraction valid SMILES: 100.0   Score: 0.5000   Time elapsed: 21   Time left: 27.7
  Agent     Prior     Target     Score     SMILES
-25.59    -25.55     -4.39      0.26      c1cc(OCC)ccc1NC(=S)N(Cc1ccc2c(c1)OCO2)Cc1cc2c(ccc(OC)c2)[nH]c1=O
-50.82    -50.71    -45.42      0.06      O=C(O)C1CC2C(N)C(N=C3OC(OCc4ccccc4)C(CO)C3)C2N1
-21.86    -22.02     12.37      0.42      c1(COc2ccc(S(NCC(=NO)O)(=O)=O)cc2)ccc(C(C)C)cc1
-24.88    -25.01      1.44      0.32      c1(NC(=O)Nc2ccc(-c3nc(N4C(C)COCC4)nc(N4CCOCC4)n3)cc2)cccc(C(NCCN(C)C)=O)c1
-18.51    -18.53     26.44      0.55      c1ccc(-n2c(=O)c3c(c4ccccc4nc3)[nH]2)cc1
-28.97    -28.92     53.08      1.00      c1(C)cc(C)c2c(c1)oc(=O)cc2CN1C(C)CN(c2c(C)ccc(C)c2)CC1
-36.88    -37.51     -5.77      0.39      c1(C2C(C(C)C)CCC(C)=C2)cc(CC=C(C)COC(=O)C=Cc2ccc(O)cc2)c(O)cc1
-27.23    -27.07     39.06      0.81      C1CCC(C2NC(=O)C(CC(C)C)N(C(=O)CCC3CCCCC3)C2=O)CC1
-27.09    -27.56     51.80      0.97      c1(C(=O)NC2CCN(C(c3cccc4ccccc34)c3nnnn3C3CCCC3)CC2)occc1
-31.00    -31.15     -2.05      0.35      c1c(CNS(c2cc3c(c(=O)c(C(=O)O)c[nH]3)cc2)(=O)=O)cc(OC)c(OC)c1
Human-Component   raw_Human-Component
0.25806450843811035   0.25806450843811035   
0.06451612710952759   0.06451612710952759   
0.4193548262119293   0.4193548262119293   
0.32258063554763794   0.32258063554763794   
0.5483871102333069   0.5483871102333069   
1.0   1.0   
0.3870967626571655   0.3870967626571655   
0.8064516186714172   0.8064516186714172   
0.9677419066429138   0.9677419066429138   
0.35483869910240173   0.35483869910240173   

14:28:26: local_reinforcement_logger.timestep_report +41: INFO     
 Step 22   Fraction valid SMILES: 100.0   Score: 0.5000   Time elapsed: 22   Time left: 26.8
  Agent     Prior     Target     Score     SMILES
-23.33    -23.54    -23.54      0.00      c1(C(F)(F)F)cccc(COc2c(C)c3oc(=O)c(CCC(=O)O)c(C)c3cc2)c1
-24.61    -24.61     54.75      0.97      c12c(onc1CCC)c(Cl)cc(Cl)c2
-27.01    -27.24      9.80      0.45      C(NC(c1nc2c(ccc(C)c2)[nH]1)=O)Cc1ccc(F)cc1
-23.71    -24.00    -21.35      0.03      c1c(S(N(c2ccc(C(=O)NC3CC3)cc2)C)(=O)=O)ccc(F)c1
-25.47    -25.56     -9.69      0.19      c1c(-c2ccc(OCC(=O)NN=Cc3ccncc3)cc2)nc2[nH]c(=N)[nH]c2c1
-25.55    -25.45     45.97      0.87      C(c1c(O)c(C(=O)CCc2cc(O)cc(O)c2)c(O)cc1O)C=C(C)C
-24.78    -25.16     25.10      0.61      c1(C(Cc2ccccc2)C(=O)NC(C(NCC#N)=O)Cc2ccccc2)ccccc1
-22.43    -22.34     12.04      0.42      c1cc(-c2nnc(SC3CCCCC3)o2)ncc1
-29.76    -29.36     -5.55      0.29      C1NC(c2ccccc2)C(O)C2ON=C(c3ccc([N+]([O-])=O)cc3)C12
-30.64    -30.56     46.15      0.94      C(C)(=O)c1cc(-c2n(CCCN(C)C)ccc2)ccc1
Human-Component   raw_Human-Component
0.0   0.0   
0.9677419066429138   0.9677419066429138   
0.4516128897666931   0.4516128897666931   
0.032258063554763794   0.032258063554763794   
0.19354838132858276   0.19354838132858276   
0.8709677457809448   0.8709677457809448   
0.6129032373428345   0.6129032373428345   
0.4193548262119293   0.4193548262119293   
0.29032257199287415   0.29032257199287415   
0.9354838728904724   0.9354838728904724   

14:28:27: local_reinforcement_logger.timestep_report +41: INFO     
 Step 23   Fraction valid SMILES: 100.0   Score: 0.5000   Time elapsed: 23   Time left: 25.9
  Agent     Prior     Target     Score     SMILES
-24.76    -24.83     14.84      0.48      CCOC(=O)C(NC(=O)OC1CCOCC1)C(C)C
-27.18    -26.88    -26.88      0.00      c12c(c(Br)ccc1)OC(C)CN2C(=O)CCC(OCC)=O
-40.75    -40.64      9.61      0.61      n1c2c(c(N(C)CC3CC3c3cc(CO)cnc3)nc1)ccs2
-37.54    -37.43      7.54      0.55      O=C(NC(Cc1ccc(OCC2C(c3cccnc3)C2)cc1)C(=O)NCCN(C)C)N
-45.72    -46.16    -19.71      0.32      N(c1ccc(SCCCC[N+](CC)(C)Cc2ccc(-c3ccc(C(=O)C)c(O)c3)cc2)cc1)(CCCl)CCCl
-26.49    -26.25     -7.73      0.23      c1ccc(Cl)cc1C(C(C)N1Cc2n(nnc2)-c2c(cccc2)C1)=O
-21.71    -22.10     12.28      0.42      c1(OC)cc(NC(=O)CCCCCCCCCCCCC)ccc1OC
-30.54    -30.68     27.51      0.71      C(C12CCCC3C14CCN(CC1CCC1)C3Cc1ccc(O)c(c14)O2)C(O)(c1ccccc1)c1ccccc1
-33.66    -33.60    -23.02      0.13      C(F)(c1nc(-c2c(F)c(F)c(-c3ccc(C4C(C(O)=O)C4)cc3)cc2)cnc1)(F)F
-32.39    -32.20      4.83      0.45      c1c(NS(=O)(=O)c2ccc(NC(COc3ccc(OC)cc3)C)cc2)ccc(C)c1
Human-Component   raw_Human-Component
0.4838709533214569   0.4838709533214569   
0.0   0.0   
0.6129032373428345   0.6129032373428345   
0.5483871102333069   0.5483871102333069   
0.32258063554763794   0.32258063554763794   
0.22580644488334656   0.22580644488334656   
0.4193548262119293   0.4193548262119293   
0.7096773982048035   0.7096773982048035   
0.12903225421905518   0.12903225421905518   
0.4516128897666931   0.4516128897666931   

14:28:27: local_reinforcement_logger.timestep_report +41: INFO     
 Step 24   Fraction valid SMILES: 96.9   Score: 0.4844   Time elapsed: 24   Time left: 25.0
  Agent     Prior     Target     Score     SMILES
-26.43    -26.72     47.08      0.90      CCOC(=O)c1c(NC(N=c2cc(C)[nH]c3ccccc23)=O)sc(C(=O)OCC)c1C
-26.63    -26.52     55.48      1.00      Oc1ccc(CN2CCC(NC(=O)c3c4ccccc4ccc3)CC2)cc1O
-32.48    -32.61    -24.41      0.10      O(c1c(Cl)cc(Cl)cc1CNCC1CCCCN1Cc1cc(O)ccc1)C
-24.68    -24.56     24.64      0.60      O=S(c1ccc(-c2c[n+]3c(scc3C)s2)cc1)(=O)N
-46.04    -46.17      5.76      0.63      c1(C(N)=O)n(Cc2cc3c(ccc(C(=Cc4cc(Cl)c(Cl)cc4)CCC(=O)O)c3)cc2)ccn1
-28.12    -28.10    -28.10      0.00      CCCN(c1c2c([nH]c(=NCC)n2)cnn1C)CCC
-26.61    -26.63     17.10      0.53      c12c(cccc1)sc1nc3n(c1c2=O)C(C)CC3
-17.13    -17.08     51.25      0.83      c1c(C)ccc(Cc2c(O)[nH]c(=O)s2)c1
-16.64    -16.36     41.04      0.70      o1c2c(ccc(O)c2)c(C)cc1=O
-34.59    -35.09     27.77      0.77      c1c(OC)cccc1S(Nc1cc2c(c(C(=O)NC3CC4CCCC(C3)N4C)c1)cccc2)(=O)=O
Human-Component   raw_Human-Component
0.8999999761581421   0.8999999761581421   
1.0   1.0   
0.10000000149011612   0.10000000149011612   
0.6000000238418579   0.6000000238418579   
0.6333333253860474   0.6333333253860474   
0.0   0.0   
0.5333333611488342   0.5333333611488342   
0.8333333134651184   0.8333333134651184   
0.699999988079071   0.699999988079071   
0.7666666507720947   0.7666666507720947   

14:28:29: local_reinforcement_logger.timestep_report +41: INFO     
 Step 25   Fraction valid SMILES: 100.0   Score: 0.5000   Time elapsed: 25   Time left: 24.0
  Agent     Prior     Target     Score     SMILES
-27.91    -28.24    -28.24      0.00      c1(CC2CN(C(=O)OC(C)(C)C)C2)nc(-c2cccs2)no1
-25.99    -26.66    -16.08      0.13      c1(C(=O)N(NC(=O)c2ccc(CC)cc2)C(C)(C)C)c(C)c2c(cc(OC)cc2)o1
-25.77    -25.49     37.99      0.77      C1CN(C(c2ccccc2)c2ccccc2)CC1NC(NC12CC3CC(CC(C1)C3)C2)=O
-34.69    -35.25    -29.96      0.06      c1(C(F)F)cc(OC2CCN(c3sc(-c4cnc(OC)nc4)nn3)CC2)ncc1
-90.12    -90.76    -88.11      0.03      C1CC2C(C)(CC(OC(=O)C)C(O[N+](=O)[O-])C2(OC(=O)C)COC(c2ccco2)=O)C2=C1C1=CC(=O)C(C(C(C3CC4C(CC34)OC(=O)C)OC(=O)C)OC1=O)C2(C)C
-56.48    -55.74    -26.64      0.35      c1c(C)cc2nc(C(N=c3scc(-c4nc(=Nc5cccc([N+](=O)[O-])c5)[nH]cc4)cc3OC)C)cn2c1
-42.34    -42.42    -23.90      0.23      C1(NC(=O)c2ccccc2)C(O)C(O)C(c2ccnc(SC)n2)OC1C(C(O)CNC(=O)c1ccc(C#N)cc1)O
-52.04    -52.94     21.12      0.90      C(CC(=O)N1C(c2c3c(cccc3)[nH]c2)CC23C(=C(C#N)C(=O)N2C1c1cc(OC)c(OC)cc1)C=C3)C
-20.68    -20.57     40.27      0.74      c1cc(CCOc2cc3c(CC(=O)N)c(C)n(Cc4ccccc4)c3cc2)ccc1
-20.11    -20.24      6.21      0.32      S=c1scc(O)n1N=Cc1c(C)ccs1
Human-Component   raw_Human-Component
0.0   0.0   
0.12903225421905518   0.12903225421905518   
0.774193525314331   0.774193525314331   
0.06451612710952759   0.06451612710952759   
0.032258063554763794   0.032258063554763794   
0.35483869910240173   0.35483869910240173   
0.22580644488334656   0.22580644488334656   
0.9032257795333862   0.9032257795333862   
0.7419354915618896   0.7419354915618896   
0.32258063554763794   0.32258063554763794   

14:28:30: local_reinforcement_logger.timestep_report +41: INFO     
 Step 26   Fraction valid SMILES: 100.0   Score: 0.5000   Time elapsed: 26   Time left: 23.1
  Agent     Prior     Target     Score     SMILES
-19.66    -19.61     22.71      0.52      OC(=O)CCC(=NO)O
-36.33    -35.98     14.28      0.61      [N+](C)(C)(CCC[N+](C)(CCCCCC[N+](CC(C)(C)[N+](C)(CCCCCCCCCCCCCCCC)C)C)C)C
-36.98    -37.35     -2.97      0.42      c1(O)c(Cl)cc(Cl)cc1C=CC(=O)c1c(O)c(C(=O)CC(=O)C)c(O)c(C(CC(C)C)C2C(=O)c3ccccc3C2=O)c1O
-29.08    -29.55     15.42      0.55      c1c(OC)c2c(cc1)c(CCNC(c1ccc(-c3cccc(C#N)c3)cc1)=O)c[nH]2
-26.55    -26.79    -26.79      0.00      c1(-c2ccc(C3(CN4C(=O)c5cc(OC)ccc5C4=O)C(=O)NC(=O)N3)cc2)cscn1
-46.26    -47.46      5.45      0.65      c1(=O)c(NC(=O)N2CCN(c3ccc(Cl)cc3Cl)CC2)cc(C(O)=O)c2cc(C)cc(N(C3CCN(C)CC3)C)n12
-50.99    -50.77     23.29      0.90      C(CCNC(=O)C12C(C1)C(n1cnc3c(=NC)[nH]c(C#Cc4ccc(C(=O)N)nc4)nc31)(O)C2O)N1CCCCC1
-19.29    -19.06     57.65      0.94      c1c(-c2[nH]c(SC)nc2-c2ccc(Cl)cc2)ccc(F)c1
-29.71    -29.46     39.31      0.84      C1C2(C)C(=CC(=NOCc3ccccc3)CC2)CCC1C(=O)O
-36.67    -37.93     41.43      0.97      NCCCNC(c1cc(CNC(=O)c2cc3c(ccc(NC(=O)c4ccc(C#N)cc4)c3)cc2)ccc1)=O
Human-Component   raw_Human-Component
0.5161290168762207   0.5161290168762207   
0.6129032373428345   0.6129032373428345   
0.4193548262119293   0.4193548262119293   
0.5483871102333069   0.5483871102333069   
0.0   0.0   
0.6451612710952759   0.6451612710952759   
0.9032257795333862   0.9032257795333862   
0.9354838728904724   0.9354838728904724   
0.8387096524238586   0.8387096524238586   
0.9677419066429138   0.9677419066429138   

14:28:31: local_reinforcement_logger.timestep_report +41: INFO     
 Step 27   Fraction valid SMILES: 100.0   Score: 0.5000   Time elapsed: 27   Time left: 22.2
  Agent     Prior     Target     Score     SMILES
-52.00    -52.16    -44.23      0.10      COC12CC(C(C(=O)NC(CC(O)=O)C=O)Cc3cc(O)ccc31)N(C(c1ccccc1)=O)C2C#N
-20.56    -20.20     30.06      0.61      c1c(CC(N)C(O)=O)c2cc(Cl)ccc2[nH]1
-26.25    -25.94      5.81      0.39      N(C(=O)c1c(N)[nH]c(-c2c(F)cccc2F)c1Cl)CCOC
-28.83    -28.44     35.04      0.77      c1ccc(-c2c3c(nc4c2c(=N)[nH]c(=N)[nH]4)ncs3)cc1
-21.17    -21.26     -2.75      0.23      C1OCCN(S(=O)(=O)c2cc(NC(=O)CN3C(=O)C4(CCCC4)NC3=O)ccc2)C1
-26.82    -26.64    -24.00      0.03      O=[N+]([O-])c1cc(-c2ccc(C(=O)Nc3ccc4c(c(C)cc(N(CC)CC)n4)c3)o2)ccc1
-45.31    -45.93      6.98      0.65      c1c(OC)ccc(NC(COc2cc(C)c(C(C)c3oc(=NCc4ccc(OC)c(OC)c4)[nH]n3)c(OC)c2)=O)c1
-32.85    -33.12      9.20      0.52      O=C(NC(=O)NCc1ccccc1)C(N(S(c1ccc(C)cc1)(=O)=O)Cc1ccc(C)cc1)CCC
-31.62    -30.90      6.14      0.45      C1(OC)CCC(c2nnc(SCCCN3CCc4c(cc5c(oc(C)n5)c4C(N(C)C)=O)CC3)n2C)CC1
-25.53    -26.09      3.01      0.35      c1(CNC(=O)CN2CCN(Cc3cc(F)ccc3)C2=O)ccc(S(=O)(=O)N)cc1
Human-Component   raw_Human-Component
0.09677419066429138   0.09677419066429138   
0.6129032373428345   0.6129032373428345   
0.3870967626571655   0.3870967626571655   
0.774193525314331   0.774193525314331   
0.22580644488334656   0.22580644488334656   
0.032258063554763794   0.032258063554763794   
0.6451612710952759   0.6451612710952759   
0.5161290168762207   0.5161290168762207   
0.4516128897666931   0.4516128897666931   
0.35483869910240173   0.35483869910240173   

14:28:32: local_reinforcement_logger.timestep_report +41: INFO     
 Step 28   Fraction valid SMILES: 96.9   Score: 0.4844   Time elapsed: 28   Time left: 21.2
  Agent     Prior     Target     Score     SMILES
-33.70    -34.27     -1.47      0.40      O(c1c(OC)cc2c(-n3[nH]c(C)cc3=O)nc3c(ccc(OC(F)(F)F)c3)n21)C
-29.69    -29.79     44.01      0.90      c1(=N)[nH]nnn1N1C(=S)SC(=Cc2c(-c3ccc(F)cc3)n[nH]c2)C1=O
-23.52    -23.58     17.42      0.50      C(N1CC(=O)N2CCCC2C1=O)c1ncccc1
-20.90    -20.74     44.86      0.80      c1(Cn2c(C)cc(C)n2)[nH]c(=N)sc1
-30.21    -29.85    -27.12      0.03      c1(OC)cc(-c2nnc(SCC(n3c(=O)cccc3)=O)o2)c(OC)cc1
-61.55    -61.52    -31.46      0.37      C(=C(CCC(C(C=C(CC(C(C(C)C(=O)C(C)C(OC(=O)N)C(C)C=C(C)C=C(C=CC=CC(O)C(C)OC=C)O)C)O)C)C)C)C)CCC=C(C)C
-31.21    -31.67     47.60      0.97      CC(Nc1cc(CN=c2[nH]c(=Nc3cc(Cl)ccc3)[nH]cc2F)ccc1)(C)C
-22.96    -23.22    -12.29      0.13      c1csc(CN(C(C2CN(C3CCCCCC3)C(=O)CC2)=O)C)c1
-32.54    -32.03     -7.43      0.30      C(CN(C)C)Sc1nc2c(ccc(-n3c(=O)c4c(cc(C(F)(F)F)cc4)nc3C)c2)s1
-21.34    -21.56     41.31      0.77      COc1c(O)cc(CCc2ccc(NC3=NCCN3)cc2)cc1
Human-Component   raw_Human-Component
0.4000000059604645   0.4000000059604645   
0.8999999761581421   0.8999999761581421   
0.5   0.5   
0.800000011920929   0.800000011920929   
0.03333333507180214   0.03333333507180214   
0.36666667461395264   0.36666667461395264   
0.9666666388511658   0.9666666388511658   
0.13333334028720856   0.13333334028720856   
0.30000001192092896   0.30000001192092896   
0.7666666507720947   0.7666666507720947   

14:28:33: local_reinforcement_logger.timestep_report +41: INFO     
 Step 29   Fraction valid SMILES: 100.0   Score: 0.5000   Time elapsed: 29   Time left: 20.3
  Agent     Prior     Target     Score     SMILES
-20.49    -20.45    -17.81      0.03      c1(NC(N2CCC3(CCN(C(=O)c4ccncc4)CC3)CC2)=O)ccccc1
-23.55    -23.26    -17.97      0.06      COc1c(OC)ccc(C=C(C(=O)OC)c2ccccc2)c1
-53.87    -53.34    -11.02      0.52      N1(C)CCc2ncc(N=c3nc4c(OC(F)(C)F)c[nH]c4nc(-n4ccc(N)n4)n3)cc21
-26.48    -26.83     39.30      0.81      O=c1cc(COC(CCn2c(O)c3c(c2O)C2CC3CC2)=O)nc2n1[nH]c(C)n2
-27.72    -27.47      9.57      0.45      c1c(F)ccc(-c2c(CNc3ccc(Oc4ccccc4)cc3)c[nH]n2)c1Cl
-23.66    -23.95     36.89      0.74      c1cccc(Cn2cnc3cc(NCc4ccc(OCC)cc4)ccc3c2=O)c1
-28.83    -29.16     26.39      0.68      C(Cc1ccc(NC(C2COCC2)=O)cc1)N1CCN(c2ccc(Cl)cc2)CC1
-29.96    -29.76     44.31      0.90      c1(OC)ncc(N=c2c3n(CC)cnc3[nH]c(=N)[nH]2)cc1
-21.60    -21.03     26.58      0.58      c1(NC(N2CCOCC2)=S)cc(C(OC)=O)ccc1
-29.49    -29.45     47.26      0.94      c1(NC(=O)c2ccc(S(=O)(=O)N)s2)ccc(C(=O)N2CCCCCC2)cc1
Human-Component   raw_Human-Component
0.032258063554763794   0.032258063554763794   
0.06451612710952759   0.06451612710952759   
0.5161290168762207   0.5161290168762207   
0.8064516186714172   0.8064516186714172   
0.4516128897666931   0.4516128897666931   
0.7419354915618896   0.7419354915618896   
0.6774193644523621   0.6774193644523621   
0.9032257795333862   0.9032257795333862   
0.5806451439857483   0.5806451439857483   
0.9354838728904724   0.9354838728904724   

14:28:34: local_reinforcement_logger.timestep_report +41: INFO     
 Step 30   Fraction valid SMILES: 96.9   Score: 0.4844   Time elapsed: 30   Time left: 19.4
  Agent     Prior     Target     Score     SMILES
-49.66    -50.25     31.75      1.00      c12c3c(NC(CCCNC(=O)c4ccc(C)cc4)C(F)(F)F)ccc1N(C(C)=O)CC2CCN3C(=O)c1[nH]c2c(cc(OCCN(C)C)cc2)c1
-33.19    -32.81    -27.34      0.07      c1(NS(=O)(=O)CC)cc(Cl)ccc1C(Nc1cc([N+]([O-])=O)c(Cl)cc1)=O
-15.60    -15.82     49.78      0.80      c1cc(COC2=CS(=O)(=O)OC2(Cc2ccccc2)CC)ccc1
-24.60    -24.41     -5.28      0.23      c1ccn(CC2N(C(=O)c3cc(C)nn3-c3ccccc3)CCCC2)n1
-23.16    -23.53     -1.66      0.27      Fc1c(CN2CC(C(N3CCCCC3)=O)CCC2)ccc(C#N)c1
-29.20    -28.76     17.70      0.57      O(c1c(C#N)nccc1)C1CN(S(=O)(C(C)C)=O)C1
-26.77    -27.18    -10.78      0.20      c1c(C)nc(N2CCN(c3ccc(OC)cc3)CC2)c2c1sc1c2cccc1
-20.49    -20.31     53.49      0.90      c1(C(Oc2c(OC)cccc2)C2CCNC2)ccccc1
-20.81    -21.01    -18.27      0.03      C(c1ccccc1)OC(NC(CCCCNC(=O)C=C)C(OC)=O)=O
-40.66    -41.02      2.71      0.53      O=c1c2cc(S(=O)(N3CCCC3)=O)ccc2n2c(c1C)C(=O)N1c3c(cccc32)CC1
Human-Component   raw_Human-Component
1.0   1.0   
0.06666667014360428   0.06666667014360428   
0.800000011920929   0.800000011920929   
0.23333333432674408   0.23333333432674408   
0.2666666805744171   0.2666666805744171   
0.5666666626930237   0.5666666626930237   
0.20000000298023224   0.20000000298023224   
0.8999999761581421   0.8999999761581421   
0.03333333507180214   0.03333333507180214   
0.5333333611488342   0.5333333611488342   

14:28:35: local_reinforcement_logger.timestep_report +41: INFO     
 Step 31   Fraction valid SMILES: 96.9   Score: 0.4844   Time elapsed: 31   Time left: 18.4
  Agent     Prior     Target     Score     SMILES
-35.09    -34.74     44.53      0.97      c1(=O)c(C(OCC)=O)cn(C(C)(C)C)c2c1cc(F)c(N1CC3C(C(=O)O)(N)C(C1)CC3)n2
-33.34    -32.77    -13.63      0.23      c1c2c(ccc1)NCC(C(n1ccnc1)SC(C)(C)C)=N2
-21.67    -21.96    -11.03      0.13      C(NC(=O)Cc1c(=O)n(Cc2ccc(F)cc2)c(C)c(C(N2CCCCCC2)O)c1)C1CCCCC1
-25.25    -25.70     26.24      0.63      O=C(CN1CCN(CCCN(c2ccc(F)cc2)c2ccc(F)cc2)CC1)N=c1cc(C)[nH]c2ccccc21
-40.92    -40.28    -10.22      0.37      c1cc(N=Nc2c(C)c(C(=NN)N)cc(Br)c2O)ccc1OC
-27.16    -27.09     43.97      0.87      c1(C)c(-c2ccc(SC)cc2)n2c(n1)-c1ccccc1Nc1c-2cccc1
-19.87    -19.80     21.20      0.50      n1c(=N)[nH]c(OC(C)C)cc1N1CCCCC1
-26.90    -26.90      8.64      0.43      C(C)CN1C(=NC(CC)=O)SC2CCCCC12
-35.62    -36.02    -22.35      0.17      [nH]1cc(O)[nH]c1=NN=Cc1ccc(-c2ccc(C(=O)OCCO)cc2)o1
-33.33    -34.25     -9.65      0.30      c1c(CNCCn2c3[nH]cnc(=N)c3c(-c3ccc4c(cccc4)c3)c2)c(F)ccc1F
Human-Component   raw_Human-Component
0.9666666388511658   0.9666666388511658   
0.23333333432674408   0.23333333432674408   
0.13333334028720856   0.13333334028720856   
0.6333333253860474   0.6333333253860474   
0.36666667461395264   0.36666667461395264   
0.8666666746139526   0.8666666746139526   
0.5   0.5   
0.4333333373069763   0.4333333373069763   
0.1666666716337204   0.1666666716337204   
0.30000001192092896   0.30000001192092896   

14:28:36: local_reinforcement_logger.timestep_report +41: INFO     
 Step 32   Fraction valid SMILES: 96.9   Score: 0.4844   Time elapsed: 32   Time left: 17.5
  Agent     Prior     Target     Score     SMILES
-29.23    -29.30     49.97      0.97      c1cc2cccc(S(Nc3ccc(Cl)c4c3SCC(=O)N4)(=O)=O)c2cc1
-20.75    -20.94    -12.74      0.10      n1oc(CN2C(=O)c3ccccc3C2=O)cc1C
-37.19    -36.96      1.30      0.47      c1c2c(ccc1)-c1c(C(OC)=O)c(C(=O)OC)c(OCc3ccccc3)n1Cc1ccccc1-2
-34.48    -36.00     24.13      0.73      O=C(CCc1ccc(S(=O)(=O)NC(C(=O)N2CCSCC2)Cc2cccc(C(=N)N)c2)cc1)N
-26.37    -25.92     42.41      0.83      C12=NN(C(=O)C)C(c3ccccc3)C1CN(C)O2
-34.30    -33.93     37.14      0.87      N(C(=O)c1ccc(-n2cc(-c3ccccc3)nc2)cc1)=C(C(O)=O)CC(C)C
-34.28    -34.29    -15.16      0.23      c1c(OCCCCN2CCN(C3c4c(cccc4)-c4c3cccc4)CC2)c(Br)cc(NC(C)=O)c1
-18.65    -18.65     16.89      0.43      c1(NC(Nc2ccccc2)=O)c(C)cc(C)cc1
-28.69    -28.90     17.57      0.57      N1(C(c2oc(C)cc2C)=O)CCC1(C(=O)Nc1ccc2c(c1)OCCO2)C
-25.61    -25.54     31.86      0.70      c1cc(S(=O)(N(Cc2occc2)c2ccc(OCC)cc2)=O)ccc1OC
Human-Component   raw_Human-Component
0.9666666388511658   0.9666666388511658   
0.10000000149011612   0.10000000149011612   
0.46666666865348816   0.46666666865348816   
0.7333333492279053   0.7333333492279053   
0.8333333134651184   0.8333333134651184   
0.8666666746139526   0.8666666746139526   
0.23333333432674408   0.23333333432674408   
0.4333333373069763   0.4333333373069763   
0.5666666626930237   0.5666666626930237   
0.699999988079071   0.699999988079071   

14:28:37: local_reinforcement_logger.timestep_report +41: INFO     
 Step 33   Fraction valid SMILES: 100.0   Score: 0.5000   Time elapsed: 33   Time left: 16.5
  Agent     Prior     Target     Score     SMILES
-23.80    -23.92      2.53      0.32      C(OC(=O)c1c(Br)cccc1)C(NCc1c(Cl)cccc1)=O
-28.15    -28.75     53.25      1.00      C(C1(C)Oc2c(cc3ccc(=O)oc3c2)C(c2ccc(OC)c(OC)c2)C1C)=C
-33.67    -33.85    -17.98      0.19      c1(NC(=O)OCC2c3c(cccc3)-c3ccccc32)ccc(N(S(=O)(=O)c2ccc(Br)cc2)CC(O)=NO)cc1
-38.08    -38.15     -3.77      0.42      C12C(C)(C)C(CC(=O)NCc3ccc(F)cc3)N(CC1)C(COC)C2
-22.95    -23.31     21.66      0.55      c1(-c2cc3c(cc2)OCO3)[nH]c(=NCc2cc(F)ccc2)ccc1
-21.68    -21.49     57.86      0.97      C1=Nc2c(ncn2C2C(O)C(O)C(CO)O2)C(CO)C1CO
-35.07    -35.23      7.10      0.52      N(=c1sc2c(ccc(NC(Nc3cc(F)cc(F)c3)=O)c2)[nH]1)N=Cc1ccccc1Cl
-27.50    -26.90    -16.31      0.13      C(C(=O)Nc1sc2c(c1C(OC)=O)CCCC2)OC(CCNS(=O)(c1ccccc1)=O)=O
-36.62    -37.33    -29.39      0.10      c1(C(NC(C(OCC)=O)CCC(=O)OCC)=O)c(C)c(C#N)c(N2CCCCC2)[nH]1
-27.00    -27.29      4.45      0.39      Nc1c(C(=O)Nc2ccc(Oc3ccnc4c3cc(OC)c(OCCCN3CCOCC3)c4)c(F)c2)nc(-c2ccccc2Cl)nc1
Human-Component   raw_Human-Component
0.32258063554763794   0.32258063554763794   
1.0   1.0   
0.19354838132858276   0.19354838132858276   
0.4193548262119293   0.4193548262119293   
0.5483871102333069   0.5483871102333069   
0.9677419066429138   0.9677419066429138   
0.5161290168762207   0.5161290168762207   
0.12903225421905518   0.12903225421905518   
0.09677419066429138   0.09677419066429138   
0.3870967626571655   0.3870967626571655   

14:28:38: local_reinforcement_logger.timestep_report +41: INFO     
 Step 34   Fraction valid SMILES: 93.8   Score: 0.4688   Time elapsed: 34   Time left: 15.5
  Agent     Prior     Target     Score     SMILES
-40.87    -41.57      9.33      0.62      c1c(CC(NCCN(c2cc(OC)ccc2)C(c2ccc3n(C)ccc3c2)=O)=O)cc2c(c1)OCCO2
-22.73    -22.66     -8.52      0.17      c1(C)c(NC(c2c3c(on2)-c2c(cc(OC)cc2)CC3)=O)c(C)cc(C)c1
-27.20    -26.74    -15.43      0.14      c1c(C)c(N2CCN(C(c3ccc4c(c3)CCN4S(c3ccc(OC)cc3)(=O)=O)=O)CC2)cc(C)c1
-45.56    -46.01    -29.05      0.21      C1(=O)N(CCN2CCC(c3oc(-c4c(OCCNS(=O)(C(C)C)=O)cccc4)nn3)CC2)C(=O)c2c1cccc2
-21.64    -21.63     34.92      0.69      C(CCCCC)CCCCN=c1[nH]c(C)cc(C)n1
-38.94    -38.91    -10.64      0.34      O=C(N(Cc1cccc(C(O)=O)c1)CCCC1(c2ccccc2)C(C)(C)C1)CCc1ccccc1
-33.14    -33.16     34.70      0.83      C(C1NCCc2c1cccc2)N(Cc1c(-c2ccccc2)nc(-c2ccccc2)o1)C
-22.11    -22.04     23.20      0.55      c1(C)ccc(CNC(=O)CSc2nn3c(C)cc(C)nc3n2)cc1
-22.86    -22.88    -22.88      0.00      O=C(c1cnc(SCC(N2CCOCC2)=O)cc1)NCc1ccccc1
-27.80    -27.77      6.16      0.41      C1CCC(c2onc(-c3ccc(OC)cc3)n2)N1S(=O)(CCc1ccccc1)=O
Human-Component   raw_Human-Component
0.6206896305084229   0.6206896305084229   
0.17241379618644714   0.17241379618644714   
0.13793103396892548   0.13793103396892548   
0.2068965584039688   0.2068965584039688   
0.6896551847457886   0.6896551847457886   
0.3448275923728943   0.3448275923728943   
0.8275862336158752   0.8275862336158752   
0.5517241358757019   0.5517241358757019   
0.0   0.0   
0.4137931168079376   0.4137931168079376   

14:28:39: local_reinforcement_logger.timestep_report +41: INFO     
 Step 35   Fraction valid SMILES: 100.0   Score: 0.5000   Time elapsed: 35   Time left: 14.6
  Agent     Prior     Target     Score     SMILES
-54.52    -55.72     15.70      0.87      C(C12CC3CC(C1)CC(C2)C3)C(N1Cc2cc(C#N)cnc2N(Cc2cc(C)ccc2C)C(=O)C1c1cc(OCC)c(O)cc1)=O
-26.68    -26.79     26.12      0.65      c1c2c(ccc1)C1(c3c(cccc3)CC(OCC)O1)OC2=O
-25.99    -26.26     10.78      0.45      N1(c2sc3cc(C(NCCCN4CCN(C5CCCCC5)CC4)=O)ccc3n2)CCOCC1
-30.65    -30.29    -19.71      0.13      C(CC(O)(C)C=Cc1ccc(O)cc1)(C=Cc1cc(C(C)C)c(O)c(CC=C(C)C)c1)=O
-34.14    -34.94     31.19      0.81      C1CN(CCCNC(=O)c2cc3c(s2)-c2ccccc2OC3)CCC1(Oc1ccccc1)Cc1ccccc1
-25.23    -25.75     -4.59      0.26      c1(CNc2cc3nc(C)n(CCCCC)c3cc2)c(O)ccc(Cl)c1
-38.41    -37.81     36.26      0.90      Clc1cc(Cl)cc(-c2nc(-c3c(=O)n4c(c(C(O)=O)c3)cc(N3CCN(C)CC3)cc4)n[nH]2)c1
-36.94    -36.77     42.58      0.97      C(CCCCCC(=NO)O)(=O)Nc1ccc(NC(=O)c2ccccc2OC)cc1O
-34.43    -34.83    -34.83      0.00      c12c(-c3cn(C)nc3)cc(COc3ccc(C4CCC(C(=O)O)(C(F)(F)F)CC4)cc3)nc1cccc2
-28.15    -27.74    -22.45      0.06      Oc1c(O)cc2c(c1)CC(C)=C1C3C(C)(C(O)CC3)CCC21
Human-Component   raw_Human-Component
0.8709677457809448   0.8709677457809448   
0.6451612710952759   0.6451612710952759   
0.4516128897666931   0.4516128897666931   
0.12903225421905518   0.12903225421905518   
0.8064516186714172   0.8064516186714172   
0.25806450843811035   0.25806450843811035   
0.9032257795333862   0.9032257795333862   
0.9677419066429138   0.9677419066429138   
0.0   0.0   
0.06451612710952759   0.06451612710952759   

14:28:40: local_reinforcement_logger.timestep_report +41: INFO     
 Step 36   Fraction valid SMILES: 100.0   Score: 0.5000   Time elapsed: 36   Time left: 13.6
  Agent     Prior     Target     Score     SMILES
-29.64    -30.14     14.83      0.55      C1C2(C)CCC3(C(=O)OCc4csc(C)n4)CCC(C)C(C)C3C2=CC1
-34.17    -33.75     35.03      0.84      c1c(C(N2CC(OCc3ccc(CCC)cc3)CCC2)=O)c(C)on1
-47.33    -46.04      4.22      0.61      n1c2c(cc(O)cc2)nc2sc(=CC(N=c3cccc[nH]3)=O)c(=O)c(=CN(C)O)c12
-22.16    -21.88     41.60      0.77      NC1=NC(c2ccccc2)(c2ccccc2)CC(=O)N1
-31.04    -31.46    -18.24      0.16      c1(F)cc(C=NNC(c2ccc(OCc3c4ccccc4nc(C)c3)cc2)=O)ccc1F
-24.15    -24.15     -8.28      0.19      O(CC)c1c(Cl)cc(CNCCCC)c(OC)c1
-22.32    -22.37     12.01      0.42      c1(NC(c2cccc(C(F)(F)F)c2)=O)c(C)cc(N2CC(N3CCCC3C)CC2)cc1
-31.43    -31.60      0.14      0.39      c1(OC(F)(C(F)F)F)cc(C(N=c2ccc(C(=O)O)c[nH]2)=O)cc(OC(COC)C)c1F
-18.97    -19.23     23.09      0.52      c1c(CC(C(=O)NC2C(O)Cc3ccccc32)CC(=O)O)cccc1
-23.12    -23.09     32.46      0.68      c1(SC(C(C)C)=O)nc[nH]n1
Human-Component   raw_Human-Component
0.5483871102333069   0.5483871102333069   
0.8387096524238586   0.8387096524238586   
0.6129032373428345   0.6129032373428345   
0.774193525314331   0.774193525314331   
0.16129031777381897   0.16129031777381897   
0.19354838132858276   0.19354838132858276   
0.4193548262119293   0.4193548262119293   
0.3870967626571655   0.3870967626571655   
0.5161290168762207   0.5161290168762207   
0.6774193644523621   0.6774193644523621   

14:28:41: local_reinforcement_logger.timestep_report +41: INFO     
 Step 37   Fraction valid SMILES: 100.0   Score: 0.5000   Time elapsed: 37   Time left: 12.7
  Agent     Prior     Target     Score     SMILES
-23.71    -23.66     34.54      0.71      c1ccc(N2CCN(CCCCc3cn(-c4c5ccncc5ccc4)nn3)CC2)c(OC)c1
-19.90    -19.91     22.42      0.52      c1(=N)c2c(nc[nH]1)sc1c2CC(C)CC1
-27.92    -28.26     16.71      0.55      N(CC)(CC)c1c2c(ccc(OC)c2)[nH]c1-c1sccc1
-35.09    -35.71    -27.78      0.10      c1c(-c2c(=O)cc(O)[nH]c2C(O)O)ccc(OCCN(C)c2nc3c(cccc3)o2)c1
-34.69    -34.55    -29.26      0.06      c1c(C(CN(CCCCC)C(Cc2ccc(Cl)c(Cl)c2)=O)C(N)=O)cccc1
-33.03    -33.15     -9.34      0.29      C1(c2c(F)cccc2Cl)N(c2ccc(N(CC3Cc4c([nH]c(=N)[nH]c4=N)CC3)C)cc2)C(=O)OC1
-18.74    -19.19     46.94      0.81      c1c(Cl)ccc(CN2S(=O)(=O)c3ccccc3C23CC(=O)NC3=O)c1
-24.45    -24.50     57.50      1.00      c12c(C)n(Cc3ccccc3)nc1nc(C)[nH]c2=O
-21.63    -21.11     34.44      0.68      Clc1cc2c(cc1Cl)S(=O)(=O)N=C(NC(C)(C)C)N2
-23.79    -23.74     52.97      0.94      C1(C)CCCN1CC(=O)c1ccc2c(c1)OCCO2
Human-Component   raw_Human-Component
0.7096773982048035   0.7096773982048035   
0.5161290168762207   0.5161290168762207   
0.5483871102333069   0.5483871102333069   
0.09677419066429138   0.09677419066429138   
0.06451612710952759   0.06451612710952759   
0.29032257199287415   0.29032257199287415   
0.8064516186714172   0.8064516186714172   
1.0   1.0   
0.6774193644523621   0.6774193644523621   
0.9354838728904724   0.9354838728904724   

14:28:41: local_reinforcement_logger.timestep_report +41: INFO     
 Step 38   Fraction valid SMILES: 100.0   Score: 0.5000   Time elapsed: 38   Time left: 11.7
  Agent     Prior     Target     Score     SMILES
-27.94    -29.23     10.45      0.48      COc1c(N)cc(CNC(=S)NCCCN2CCCC2)cc1
-18.54    -18.81     34.10      0.65      c1ccc(Cn2c(=O)n(O)c(=O)c3sccc23)cc1
-28.18    -29.16    -10.64      0.23      c1(OC)cc(CN(S(c2ccc(OC)cc2)(=O)=O)C2Cc3c(ccc(C#N)c3)N(Cc3n(C)cnc3)C2=O)ccc1
-27.34    -27.08     15.25      0.52      n1cn(CC(Nc2c(C)ccc(F)c2)=O)c(=O)c2c(C)cc(C)nc12
-36.90    -37.24    -31.95      0.06      O=C(C(=O)C(NCc1ccccc1Cl)O)NC(c1ccccc1)C(=NO)O
-48.87    -49.29     22.13      0.87      C1(C=CC(CCCCCCCCCO)O)OC(C(O)CCC(CCCCC(=O)OC(C)C)(O)C)CC1
-30.70    -31.00     37.77      0.84      c1(C(NCC)=O)c(=N)[nH]c2c(c1)c1c(cc2)[nH]cnc1=Nc1ccc(Cl)cc1
-20.90    -21.37     34.18      0.68      c1(C(C#N)c2cc(Cl)c(Cl)cc2)ccccc1
-27.96    -28.14     32.70      0.74      N1=C(c2cc3oc(-c4ccc(OC)cc4)nc3cc2)CC(C(=O)NCc2ccncc2)O1
-26.51    -26.57    -13.34      0.16      c12cc(C(c3n(Cc4ccccc4)nnn3)N3CCC(C(N)=O)CC3)c(OC)cc1OCO2
Human-Component   raw_Human-Component
0.4838709533214569   0.4838709533214569   
0.6451612710952759   0.6451612710952759   
0.22580644488334656   0.22580644488334656   
0.5161290168762207   0.5161290168762207   
0.06451612710952759   0.06451612710952759   
0.8709677457809448   0.8709677457809448   
0.8387096524238586   0.8387096524238586   
0.6774193644523621   0.6774193644523621   
0.7419354915618896   0.7419354915618896   
0.16129031777381897   0.16129031777381897   

14:28:42: local_reinforcement_logger.timestep_report +41: INFO     
 Step 39   Fraction valid SMILES: 100.0   Score: 0.5000   Time elapsed: 38   Time left: 10.5
  Agent     Prior     Target     Score     SMILES
-30.95    -31.42    -10.26      0.26      Fc1ccc(C(c2c(=O)[nH][nH]c2C)c2cc3cc(OC)c(OC)cc3[nH]2)cc1
-24.01    -23.45     50.61      0.90      c1(=Nc2cc(C(NCCc3ccccc3)=O)ccc2)nc(-c2ccccn2)cc[nH]1
-22.02    -22.07     28.19      0.61      c1(C)c(NC(NN=Cc2ncccc2)=O)c(C)cc(C)c1
-31.77    -31.50      0.24      0.39      O=S(=O)(c1ccc(-c2cc(C(O)=O)c3ccc(Cc4ccc(F)cc4)cn32)cc1)C
-37.55    -38.18    -19.66      0.23      c1(NC(=O)OCCc2nc(=O)c3c(sc4c3CCc3ccccc3-4)s2)c(C)cccc1C
-29.89    -29.88     28.32      0.71      C(CC(c1cc(C(F)(F)F)ccc1)OCCC(O)=O)Cc1ccccc1
-29.61    -29.76    -13.89      0.19      C1CCCC(N2CCN(CCNC(c3cccc4c3C(=O)c3c(cc(-c5cnccc5)cc3)C4=O)=O)CC2)C1
-26.52    -25.73     19.23      0.55      C(CN(CCO)C)Oc1ccc(C(O)=O)cc1
-22.36    -22.52     46.25      0.84      Clc1cccc(NC(=O)CNC(C2CCCCC2)=O)c1C
-30.47    -31.15      5.88      0.45      C1CN(C(=O)OCc2ccccc2)C(C(=O)Nc2ccc(OCCC3CCOCC3)cc2)C1
Human-Component   raw_Human-Component
0.25806450843811035   0.25806450843811035   
0.9032257795333862   0.9032257795333862   
0.6129032373428345   0.6129032373428345   
0.3870967626571655   0.3870967626571655   
0.22580644488334656   0.22580644488334656   
0.7096773982048035   0.7096773982048035   
0.19354838132858276   0.19354838132858276   
0.5483871102333069   0.5483871102333069   
0.8387096524238586   0.8387096524238586   
0.4516128897666931   0.4516128897666931   

14:28:43: local_reinforcement_logger.timestep_report +41: INFO     
 Step 40   Fraction valid SMILES: 100.0   Score: 0.5000   Time elapsed: 39   Time left: 9.5
  Agent     Prior     Target     Score     SMILES
-32.24    -32.38      9.94      0.52      c1c(C(C)=NNC(=NCCC)NS(=O)(c2ccc(C)cc2)=O)ccnc1
-24.73    -24.54     44.24      0.84      O=C(Nc1ccc(NC(=O)C(C)C)cc1)c1cc2ccccc2s1
-30.12    -30.45     35.68      0.81      c1cc2c(c(O)c1C(CCCC(=O)CCCCCCCCCCCCC)=O)cccc2
-31.52    -31.42     18.84      0.61      c1c(C(=O)c2ccc(NS(c3ccc(C)cc3)(=O)=O)cc2)cc2c([nH]c(=N)n2S(=O)(c2ccccc2)=O)c1
-23.57    -24.09     -2.93      0.26      n1c(-c2ccc(S(=O)(c3ccc(Cl)cc3)=O)cc2)noc1CCC
-26.59    -26.87     -0.42      0.32      n1nc(SCC(=O)NCc2ccc(C)cc2)n(Cc2ccccc2)c1CN1CCCCC1
-24.65    -24.64    -19.35      0.06      CN(S(=O)(c1ccc(C(F)(F)F)cc1)=O)CC(Nc1cc2c(cc1)OCO2)=O
-27.77    -27.55    -24.91      0.03      CC(=O)OCC1C(O)C(O)C(O)C(OCC(C(C(O)CCCCCCCCCCCCCC)O)NC(CCCCCCCCCCCCCCCCCCC)=O)O1
-30.62    -30.69     40.73      0.87      C1CN(c2nc(=N)nc(CN3CCCCCC3)[nH]2)CCN1c1ccc(C)cc1
-34.11    -35.08    -11.27      0.29      c1cccc(C(c2c(=O)c3cc(Cl)c(C)cc3oc2C(=O)Nc2cc(OC)cc(OC)c2)=O)c1
Human-Component   raw_Human-Component
0.5161290168762207   0.5161290168762207   
0.8387096524238586   0.8387096524238586   
0.8064516186714172   0.8064516186714172   
0.6129032373428345   0.6129032373428345   
0.25806450843811035   0.25806450843811035   
0.32258063554763794   0.32258063554763794   
0.06451612710952759   0.06451612710952759   
0.032258063554763794   0.032258063554763794   
0.8709677457809448   0.8709677457809448   
0.29032257199287415   0.29032257199287415   

14:28:45: local_reinforcement_logger.timestep_report +41: INFO     
 Step 41   Fraction valid SMILES: 100.0   Score: 0.5000   Time elapsed: 41   Time left: 8.8
  Agent     Prior     Target     Score     SMILES
-20.61    -20.45     35.10      0.68      C(CCCCOc1ccc(O)cc1)CN1CCCCC1
-24.45    -24.47     46.94      0.87      c1nc(Cc2ccccc2)cnc1OCC1CCCN1C
-24.74    -24.76    -24.76      0.00      O=S(=O)(N1CCC(C(=O)NCc2cc(OC)ccc2)CC1)c1cc2c(cc1)cccc2
-24.61    -25.20     56.80      1.00      c1ccc(OCc2cc3n(n2)C(C(F)(F)F)CC(C(=O)NCCOC)N3)cc1
-26.02    -25.76     19.21      0.55      c1cc(C)cc(OC)c1NC(=O)c1c(O)cc(Cl)cc1
-26.20    -26.25     34.59      0.74      Clc1c(Cl)c(C(N2Cc3nnc(-c4ccc(Cl)cn4)n3CC2)=O)ccc1Cl
-36.38    -35.62     41.09      0.94      C1CCCC(COC2CCN(C(=O)C(NC(C3(CS)CCCC3)=O)CC(=O)O)CC2)C1
-37.39    -37.57     20.63      0.71      O=C(Cc1ccc(-n2[nH]cc(C(=O)c3[nH]c4cc(C(C)C)ccc4c3)c2=N)cc1)NCCCC
-17.90    -17.95     29.66      0.58      c1(O)cccc(CCCCC)c1O
-21.89    -22.15     46.62      0.84      C1(C)=Nc2n(nc(CCCO)n2)C(c2ccncc2)C1C(=O)N
Human-Component   raw_Human-Component
0.6774193644523621   0.6774193644523621   
0.8709677457809448   0.8709677457809448   
0.0   0.0   
1.0   1.0   
0.5483871102333069   0.5483871102333069   
0.7419354915618896   0.7419354915618896   
0.9354838728904724   0.9354838728904724   
0.7096773982048035   0.7096773982048035   
0.5806451439857483   0.5806451439857483   
0.8387096524238586   0.8387096524238586   

14:28:45: local_reinforcement_logger.timestep_report +41: INFO     
 Step 42   Fraction valid SMILES: 96.9   Score: 0.4844   Time elapsed: 42   Time left: 7.8
  Agent     Prior     Target     Score     SMILES
-33.07    -33.56    -22.63      0.13      c1(Cl)cc(CN=c2n3ncc(C)c3[nH]cc2C(=O)NCCC)ccc1Cl
-25.28    -25.59     29.07      0.67      c1cc(Cn2c3c(c(C(=O)NC4CC5CCCC(C4)N5C)c2)cccc3)ccc1C(F)(F)F
-29.29    -29.55     14.18      0.53      c1cccc(-c2ccc(Cn3c(C)c(C)c4cc(C(=O)NC(c5cc(C(C)C)ccc5)C)ccc34)cc2)c1S(N1CCN(CC(C)C)CC1)(=O)=O
-28.15    -28.26     -9.12      0.23      C(=O)(OCC=C)c1ccc(NS(c2ccc(C(C)(C)C)cc2)(=O)=O)cc1
-24.16    -24.19     14.07      0.47      CCC(C(Nc1ccc(-c2nnc(N3CCOCC3)cc2)cc1)=O)CC
-25.38    -25.64     23.56      0.60      c1(=NCC2CCC3(CC2)CCCO3)c(=O)n(C2CCN(C3CCCCCCC3)CC2)c2c(cccc2)[nH]1
-34.65    -34.60    -20.93      0.17      C1c2c(cc(O)c(CN3CCCCC3)c2)CN(C(N(CC)CC)=O)C1C
-28.28    -28.29     37.31      0.80      C(c1ccc(OCC(c2ccccc2)=O)c(OC)c1)=C1C(=O)N(CC(OC)=O)C(=O)S1
-22.70    -22.87     12.67      0.43      c12c(cccc1)CCN2CCC(Nc1ccc(C)cc1)=O
-33.11    -32.66      8.34      0.50      c1c(O)ccc(-c2oc3cc(OC)ccc3c(=O)c2C(=O)c2cccc(N)c2)c1
Human-Component   raw_Human-Component
0.13333334028720856   0.13333334028720856   
0.6666666865348816   0.6666666865348816   
0.5333333611488342   0.5333333611488342   
0.23333333432674408   0.23333333432674408   
0.46666666865348816   0.46666666865348816   
0.6000000238418579   0.6000000238418579   
0.1666666716337204   0.1666666716337204   
0.800000011920929   0.800000011920929   
0.4333333373069763   0.4333333373069763   
0.5   0.5   

14:28:46: local_reinforcement_logger.timestep_report +41: INFO     
 Step 43   Fraction valid SMILES: 100.0   Score: 0.5000   Time elapsed: 42   Time left: 6.7
  Agent     Prior     Target     Score     SMILES
-41.80    -43.24    -40.60      0.03      C(C(NC(=O)c1ccc(-c2ccc(C(C)=O)cc2C#N)cc1)C(=O)NC1(C#N)CC1)n1cc(CCO)nn1
-19.63    -19.27     -8.69      0.13      [O-][N+](c1cc(Cl)ccc1C(O)=O)=O
-35.74    -35.52     -9.07      0.32      Clc1ccc(C(C(NC(=O)C)c2ccccc2COc2cc(C)ccc2C)=O)c(Cl)c1
-33.63    -32.95      4.09      0.45      C(C(NC(c1cnn2c1NC(c1cccs1)CC2C(F)(F)F)=O)(C)C(F)(F)F)c1ccccc1
-26.05    -26.04      5.71      0.39      c1cc(N2CC(NC)C(O)C2C)ccc1
-36.78    -36.78     39.93      0.94      C(Oc1ccc2c(oc(=O)c(-c3sc(=NC(c4c(OC)cccc4)=O)[nH]n3)c2)c1)CCCCCCC
-49.69    -52.63    -28.82      0.29      c1(F)c(N2CCC(NCCOC)C2)c(C)c2n(c1=O)c(=O)n(CCOc1ccccc1)nc2Cc1ccc(OC)cc1
-25.81    -25.90     48.17      0.90      C1CCCC(n2c(=N)c3c(n(C)nc3C)[nH]c2=O)C1
-28.90    -28.76    -15.54      0.16      C(CC(C)=O)=CC=CC=CC=CCCCCC=CCCCC
-32.51    -32.99     14.63      0.58      C(CCCCC)CCCCCCCCCC(=O)OC1CC(O)CC(OC(C=Cc2ccc(O)c(O)c2)=O)C1O
Human-Component   raw_Human-Component
0.032258063554763794   0.032258063554763794   
0.12903225421905518   0.12903225421905518   
0.32258063554763794   0.32258063554763794   
0.4516128897666931   0.4516128897666931   
0.3870967626571655   0.3870967626571655   
0.9354838728904724   0.9354838728904724   
0.29032257199287415   0.29032257199287415   
0.9032257795333862   0.9032257795333862   
0.16129031777381897   0.16129031777381897   
0.5806451439857483   0.5806451439857483   

14:28:48: local_reinforcement_logger.timestep_report +41: INFO     
 Step 44   Fraction valid SMILES: 100.0   Score: 0.5000   Time elapsed: 44   Time left: 5.9
  Agent     Prior     Target     Score     SMILES
-33.71    -33.30      3.73      0.45      c1cc(-c2ccc(C(=O)NC3CC3)s2)cn2c(CN3CCC(O)C3)cnc12
-26.23    -26.05     21.57      0.58      c1c(Cl)c(NC(=O)CSc2n(CC)c(C(NC(=O)c3ccco3)C)nn2)ccc1
-25.70    -25.92     42.86      0.84      c1(Cl)ccc(C2=Nc3c(=O)oc4ccccc4c3OC2C)cc1
-36.08    -37.00     37.07      0.90      c1c(C#Cc2cc(F)ccc2C#Cc2ccccn2)cc(OCC=C)cn1
-24.06    -25.20     -6.69      0.23      c1(=O)c2c(oc(-c3ccc(OCCCCCCCCN(Cc4ccccc4OC)C)cc3)c1)cccc2
-29.40    -29.18    -13.31      0.19      c1(OC(=O)N(C)C)cccc(-c2cc3c(nc2)[nH]cc3C(c2c(F)c(NS(=O)(CCC)=O)ccc2F)=O)c1
-23.08    -30.72     30.12      0.74      N1(CCCCNC(=O)c2ccc(-c3ncc(C#N)cc3)cc2)CCC(N(C(=O)Nc2ccc(OC)cc2)CC)CC1
-21.06    -21.32     42.16      0.77      c1cc(Sc2cccc[n+]2[O-])ccc1
-27.92    -28.90     47.81      0.94      c1cc(N2CCN(CCCCCC(NCc3ccc(C#N)cc3)=O)CC2)c2ccc(C(F)(F)F)cc2c1
-24.46    -24.82    -19.53      0.06      O=C(Nc1ccc(C)c(S(N(CC)CC)(=O)=O)c1)CNc1ccc(F)cc1
Human-Component   raw_Human-Component
0.4516128897666931   0.4516128897666931   
0.5806451439857483   0.5806451439857483   
0.8387096524238586   0.8387096524238586   
0.9032257795333862   0.9032257795333862   
0.22580644488334656   0.22580644488334656   
0.19354838132858276   0.19354838132858276   
0.7419354915618896   0.7419354915618896   
0.774193525314331   0.774193525314331   
0.9354838728904724   0.9354838728904724   
0.06451612710952759   0.06451612710952759   

14:28:49: local_reinforcement_logger.timestep_report +41: INFO     
 Step 45   Fraction valid SMILES: 100.0   Score: 0.5000   Time elapsed: 45   Time left: 4.9
  Agent     Prior     Target     Score     SMILES
-30.17    -30.02     41.40      0.87      c1(NC(=O)C=C)ccc2c(=Nc3ccc(NCCCC)cc3)cc(C)[nH]c2c1
-26.16    -25.75      3.34      0.35      c1(CC(CN)CN)c(F)cc(F)cc1
-25.56    -26.06     21.55      0.58      c1cc(C(=O)Nc2c(-c3cc(C(C)C)c(O)cc3O)onc2C(NCC(C)C)=O)ccc1OC
-33.80    -34.42    -15.90      0.23      C1CNC(c2nc(=N)[nH]c(-c3cccc(OCCF)c3)c2)CC1
-25.73    -25.78     -9.91      0.19      [nH]1c(-c2ccc(OC(F)(F)F)cc2)csc1=NC1=NC(=O)C(=Cc2ccc(C(F)(F)F)cc2)S1
-38.40    -38.08    -14.28      0.29      c1cc(F)ccc1-c1cc(NCc2cncn2Cc2ccc(-n3cncc3)cc2)ccc1-c1ccccc1C=O
-38.32    -39.01     16.54      0.68      c12[nH]c(=O)c(=O)n(NC(=O)c3c(Cl)cc(Cl)cc3)c1cc(S(=O)(=O)c1ccc(C)c(C)c1)c(C)c2
-57.45    -56.82    -56.82      0.00      c1ccc2c(c1)N(NC(=O)C(Cc1cc(O)c(O)cc1)NC(c1ccc(CCc3nc4cc(O)ccc4cc3)c(C(O)=O)c1)=O)c1c(cccc1)S2
-27.23    -27.06    -13.84      0.16      C(c1c(Cc2ccc(F)cc2)ccc(OC)c1OC)(=O)O
-34.19    -34.21     47.79      1.00      c1(N2CCN(CCCOc3c4ccc(=O)oc4ccc3)CC2)c2c([nH]c1)cccc2
Human-Component   raw_Human-Component
0.8709677457809448   0.8709677457809448   
0.35483869910240173   0.35483869910240173   
0.5806451439857483   0.5806451439857483   
0.22580644488334656   0.22580644488334656   
0.19354838132858276   0.19354838132858276   
0.29032257199287415   0.29032257199287415   
0.6774193644523621   0.6774193644523621   
0.0   0.0   
0.16129031777381897   0.16129031777381897   
1.0   1.0   

14:28:49: local_reinforcement_logger.timestep_report +41: INFO     
 Step 46   Fraction valid SMILES: 100.0   Score: 0.4778   Time elapsed: 46   Time left: 3.9
  Agent     Prior     Target     Score     SMILES
-27.37    -26.85     12.83      0.48      n1n(-c2cccc(OC)c2)c(-c2ccnc(F)c2)nc1
-22.38    -22.10     46.67      0.84      C1(C#N)C(=N)Oc2c(c(C)nn2-c2ccccc2)C12CCOCC2
-34.20    -34.12    -12.96      0.26      Clc1c(Oc2nc3[nH]c(CC)c(Cl)c(=O)n3n2)ccc2ccccc21
-39.17    -38.63     14.28      0.65      c12[nH]c(=O)c3c(c1ccc1nc[nH]c21)NCC(=O)CC3=O
-22.99    -22.87     40.62      0.77      O=C(CS(=O)(=O)Cc1c(C)oc(-c2cccc(C)c2)n1)NCCc1ccccc1
-36.76    -35.76     -6.66      0.35      O(N=C1CC(C)Sc2c1cc(-c1cnn(C)c1)cc2)C(NC)=O
-22.93    -22.97     37.87      0.74      N(N=Cc1cccc2ccccc21)C(NCCCC)=S
-40.78    -42.06    -31.48      0.13      c1nc(C(Cc2ccccc2)N=c2cc(OCc3ncc(OCC)cc3)cc[nH]2)oc1
-30.34    -30.20     -3.75      0.32      C(=C)C(=O)Nc1ccc(Cl)c(NC(=O)c2c(C)onc2-c2c(Cl)cccc2F)c1
-36.50    -36.53     34.89      0.87      c1nccc(N2CCN(CCc3cccc(N=c4ccc5ccccc5n4CC)c3)CC2)c1
Human-Component   raw_Human-Component
0.4838709533214569   0.4838709533214569   
0.8387096524238586   0.8387096524238586   
0.25806450843811035   0.25806450843811035   
0.6451612710952759   0.6451612710952759   
0.774193525314331   0.774193525314331   
0.35483869910240173   0.35483869910240173   
0.7419354915618896   0.7419354915618896   
0.12903225421905518   0.12903225421905518   
0.32258063554763794   0.32258063554763794   
0.8709677457809448   0.8709677457809448   

14:28:50: local_reinforcement_logger.timestep_report +41: INFO     
 Step 47   Fraction valid SMILES: 96.9   Score: 0.4844   Time elapsed: 47   Time left: 2.9
  Agent     Prior     Target     Score     SMILES
-22.91    -23.33     36.80      0.73      C(C(=O)N=c1sc2c(ccc(C)c2)[nH]1)c1cccc(OC)c1
-25.23    -25.57     -6.44      0.23      c1(SCC)n[nH]c(=NC(=O)NCCC2=CCCCC2)s1
-26.72    -27.79     37.81      0.80      c1(Cl)c(C)cc(OCCCCCCN2CCC(C(N)=O)CC2)cc1C
-30.82    -32.95     49.05      1.00      [O-][n+]1onc(CC(Nc2c(Cl)ccc(S(=O)(O)=O)c2)=O)c1C
-28.86    -28.92     -7.06      0.27      c1(C=Cc2c3ccc(F)cc3n(CC)c2)nc2ccccc2s1
-34.56    -34.97     44.30      0.97      O=c1c(C(O)=O)cn(NS(=O)(=O)c2ccc(C#Cc3ccccc3)cc2F)c(=O)n1CCCC
-35.01    -34.54      6.46      0.50      C(C#Cc1cccc2c1c(=O)n(C1CCC(N3C(=O)OC(C)(C)C3c3ccccc3)CC1)[nH]2)C
-42.55    -42.31    -42.31      0.00      C1(C(C)CCC(C(C)C)=O)CCC2C1(C)CCC1C3(C)C(O)(CC(OC(=O)c4sccc4)CC3)CC(OS(=O)(=O)O)C21
-29.41    -29.80      0.26      0.37      c1c(C)ccc(C)c1NC(c1c(NCc2occc2)sc2n(C)c(=O)n(C)c(=O)c12)=O
-31.10    -31.74     11.99      0.53      N(c1cc(CN=c2c3c([nH]c(=NC4CCCCC4)[nH]2)cc(C)cc3)ccc1)S(C)(=O)=O
Human-Component   raw_Human-Component
0.7333333492279053   0.7333333492279053   
0.23333333432674408   0.23333333432674408   
0.800000011920929   0.800000011920929   
1.0   1.0   
0.2666666805744171   0.2666666805744171   
0.9666666388511658   0.9666666388511658   
0.5   0.5   
0.0   0.0   
0.36666667461395264   0.36666667461395264   
0.5333333611488342   0.5333333611488342   

14:28:51: local_reinforcement_logger.timestep_report +41: INFO     
 Step 48   Fraction valid SMILES: 100.0   Score: 0.5000   Time elapsed: 48   Time left: 2.0
  Agent     Prior     Target     Score     SMILES
-26.14    -26.22     21.39      0.58      CCc1noc(CN(C)Cc2nc(C(C)(C)C)[nH]c2)n1
-31.23    -32.22      7.46      0.48      c1c(C(NCCCCNC(c2ccccc2O)=O)=O)c(=Nc2ccc(C)cc2)[nH]c(C(F)(F)F)c1
-27.38    -27.81      6.57      0.42      O=c1[nH]cccc1C(=O)N1CC(C(Nc2cccc(OC(C)C)c2)=O)CCC1
-36.52    -36.51    -28.58      0.10      c1(=N)c2c(cc(-c3sc(=N)[nH]c3-c3ccc(OC)cc3)[nH]c2=NCCN(C)C)[nH]cc1
-39.88    -39.94      5.02      0.55      c1(O)cc2c(cc1)CC(Cc1ccccc1F)C2NCC(O)C(Cc1ccccc1)NC(=O)c1cc2ccccc2cn1
-17.81    -17.83     61.53      0.97      c1cc2[nH]c(SCc3ccc(Cl)cc3)nc2cc1
-39.35    -38.68     30.09      0.84      N1(C(C2CCCC2C(NC(C(=O)O)Cc2ccc(-c3c(OC)cccc3OC)c([N+]([O-])=O)c2)=O)=O)C(C#N)CCC1
-28.98    -29.60     47.11      0.94      OC1NC(C)c2ccc(OC)c(OC)c2C1c1cc(OC)c(OC)cc1
-30.04    -29.69     44.37      0.90      C(=O)(C1NC2CC1CC2)N1CCN(c2noc3c2cc(F)cc3)CC1
-26.63    -27.01      4.73      0.39      c1cc(OC)cc(N=c2c3c(cccc3)c(-c3cc(C(=O)O)ccc3)n[nH]2)c1
Human-Component   raw_Human-Component
0.5806451439857483   0.5806451439857483   
0.4838709533214569   0.4838709533214569   
0.4193548262119293   0.4193548262119293   
0.09677419066429138   0.09677419066429138   
0.5483871102333069   0.5483871102333069   
0.9677419066429138   0.9677419066429138   
0.8387096524238586   0.8387096524238586   
0.9354838728904724   0.9354838728904724   
0.9032257795333862   0.9032257795333862   
0.3870967626571655   0.3870967626571655   

14:28:52: local_reinforcement_logger.timestep_report +41: INFO     
 Step 49   Fraction valid SMILES: 93.8   Score: 0.4688   Time elapsed: 48   Time left: 1.0
  Agent     Prior     Target     Score     SMILES
-51.74    -50.83    -25.38      0.31      c1(C=CCNC(N)=NC(=NCCCCCC)NC2CCCCC2)cnc2c(c1)OCC(=O)N2CCNS(C)(=O)=O
-26.43    -26.98    -26.98      0.00      c1(=O)c(NC2CC2)c(NCc2ccccn2)c1NCc1ccco1
-34.01    -33.35    -13.55      0.24      Oc1n2c(nc1-c1ccccc1)sc(CCNC(N)=O)c2O
-28.09    -28.26     42.43      0.86      c1c2c(cc(NC(=O)c3cncc(Cl)c3)c1)CCc1c-2n(-c2ccc(F)cc2)nc1C(N)=O
-21.42    -22.18     14.58      0.45      c1cc(OCCOc2ccc(C=O)cc2)cc2ccccc12
-19.56    -19.76     11.35      0.38      O=c1[nH]c2cc3c([nH]c(=O)[nH]3)cc2[nH]c1=O
-28.62    -27.41    -16.10      0.14      c1cc(-c2cc3[nH]cc(C(N)=O)c(=Nc4cccc5cc[nH]c54)c3cc2)ccn1
-26.95    -27.12     54.88      1.00      N1(CC(=O)N=c2scc[nH]2)CCCC(c2ccccc2)C1CN1CCCC1
-29.71    -29.84    -27.01      0.03      C1Oc2c(cc(CNC(C3CCN(S(=O)(=O)c4ccc(F)cc4F)CC3)=O)cc2)OC1
-30.20    -30.55      3.38      0.41      C(C)c1ccccc1NC(=O)c1c(NS(=O)(c2ccccc2C)=O)cccc1
Human-Component   raw_Human-Component
0.3103448152542114   0.3103448152542114   
0.0   0.0   
0.24137930572032928   0.24137930572032928   
0.8620689511299133   0.8620689511299133   
0.4482758641242981   0.4482758641242981   
0.37931033968925476   0.37931033968925476   
0.13793103396892548   0.13793103396892548   
1.0   1.0   
0.03448275849223137   0.03448275849223137   
0.4137931168079376   0.4137931168079376   

