14:52:15: local_reinforcement_logger.log_message +32: INFO     starting an RL run
14:52:16: local_reinforcement_logger.timestep_report +41: INFO     
 Step 0   Fraction valid SMILES: 100.0   Score: 0.5000   Time elapsed: 0   Time left: 0.0
  Agent     Prior     Target     Score     SMILES
-29.66    -29.66    -19.34      0.32      c1(=O)c(=O)[nH]c2c(n1CC(NCC(=O)O)=O)cccc2Cl
-29.25    -29.25    -10.67      0.58      n1nc2n(c1Br)CCN(C(=O)Nc1c(Cl)c(Cl)ccc1)C2
-32.21    -32.21     -2.28      0.94      c1c(Cl)ccc2nc(CN(C)C3CCCc4c3nccc4)c3cccnc3c12
-38.62    -38.62    -33.46      0.16      O=C(NCC(F)(C1CCC2(CO)C1C(=O)CC1C3(C)C=CC(=O)C(C)(C)C3CCC12C)C)C
-26.84    -26.84    -14.45      0.39      c1c(C)[nH]c2c(-n3cncc3)nc3ccccc3c12
-52.37    -52.37    -44.12      0.26      c1c(Cl)c2c(c(Cl)c1)[nH]cc2-c1c(N=Nc2ccc(Br)cc2)c(=O)n(-c2cc(C)c(S(=O)(N(C)C)=O)cc2)c(=O)[nH]1
-21.55    -21.55    -20.51      0.03      c1c([N+]([O-])=O)ccc(COc2c(OC)cc(CNn3cnnc3)cc2)c1
-41.81    -41.81    -26.33      0.48      O(c1cc(-n2c(-c3nc(C(=O)Nc4c(C)c(Cl)ccc4)ccc3)ccn2)ccc1C(O)=O)C
-46.20    -46.20    -17.30      0.90      c1c(Cl)ccc2c1C1(C(=O)Nc3ccccc31)c1c(cc(-c3cc(OCC(CN4CCOCC4)O)c4c(cccc4)n3)cc1)O2
-44.04    -44.04    -24.43      0.61      C(CS(=O)(N1CC(=C2c3cc(F)ccc3CCc3c2nccc3)CCC1CC(=O)O)=O)CC
Human-Component   raw_Human-Component
0.32258063554763794   0.32258063554763794   
0.5806451439857483   0.5806451439857483   
0.9354838728904724   0.9354838728904724   
0.16129031777381897   0.16129031777381897   
0.3870967626571655   0.3870967626571655   
0.25806450843811035   0.25806450843811035   
0.032258063554763794   0.032258063554763794   
0.4838709533214569   0.4838709533214569   
0.9032257795333862   0.9032257795333862   
0.6129032373428345   0.6129032373428345   

14:52:17: local_reinforcement_logger.timestep_report +41: INFO     
 Step 1   Fraction valid SMILES: 100.0   Score: 0.5000   Time elapsed: 1   Time left: 24.5
  Agent     Prior     Target     Score     SMILES
-30.83    -30.88    -25.72      0.16      O=c1c2cc(-c3ccccc3)ccc2nc(C)n1NC(=O)CN1CCOCC1
-31.04    -30.97    -19.62      0.35      c1c(Oc2ccc(F)cc2)cc(Oc2ccc(C(=O)NCC(OC(C)C)=O)cc2)cc1
-46.61    -46.63    -46.63      0.00      c1c(OCc2ccccc2)ccc(CN(CCc2c3c([nH]c2C)ccc(OC(F)F)c3)C(c2nn(-c3ccc(OC)cc3)c(=O)c3c2cccc3)=O)c1
-32.17    -32.19    -10.51      0.68      N(C)(NC(c1ccc([N+](=O)[O-])cc1)=O)C(=O)CCCCCCN
-21.86    -21.83      6.04      0.87      c1(OCCN(Cc2c(O)cccc2)C)ccccc1
-27.66    -27.67     -7.02      0.65      c1cc2c(cc1C(=O)N1CCC(CC#N)(n3cc(C(=O)N)c(=Nc4ccc(F)cc4)[nH]3)CC1)NC(=O)CO2
-54.53    -54.49    -40.04      0.45      C1c2c(cc(OC)cc2)C2(CC)C(C2)CN(CC(CN(CCCN2C(=O)Cc3c(cc(OC)c(OC)c3)CC2)CC(O)C)Cc2ccccc2)C1
-24.14    -24.16      1.65      0.81      C(C)N(CC)CCCN=c1c2c([nH]c3c1cccc3)c1c(cccc1)o2
-30.51    -30.57     -3.73      0.84      [nH]1c(C(Cc2ccc(Cl)cc2)=O)cc2c(C(=O)O)[nH]nc12
-21.96    -21.96     10.04      1.00      n1(CC(O)(c2c(F)cc(F)cc2)CN2CCN(c3c(OC)cccc3)CC2)ncnc1
Human-Component   raw_Human-Component
0.16129031777381897   0.16129031777381897   
0.35483869910240173   0.35483869910240173   
0.0   0.0   
0.6774193644523621   0.6774193644523621   
0.8709677457809448   0.8709677457809448   
0.6451612710952759   0.6451612710952759   
0.4516128897666931   0.4516128897666931   
0.8064516186714172   0.8064516186714172   
0.8387096524238586   0.8387096524238586   
1.0   1.0   

14:52:18: local_reinforcement_logger.timestep_report +41: INFO     
 Step 2   Fraction valid SMILES: 100.0   Score: 0.5000   Time elapsed: 2   Time left: 32.0
  Agent     Prior     Target     Score     SMILES
-36.74    -36.74    -32.61      0.13      c1ccc(C(F)(F)F)c(-c2cc(=O)n(C(C)(C(Nc3ccc(C[N+](C4CCOCC4)(C)C)cc3)C)c3ccccc3)cc2)c1
-23.46    -23.48     -9.03      0.45      O=C1C(=Cc2ccc(O)cc2)N=C(N)N1
-23.11    -23.12    -14.86      0.26      c1cc(C(NC(=O)c2ccccc2)C(C(=O)OC)C(OC)=O)ccc1
-20.42    -20.39     -3.87      0.52      c1c(NCCCN)ccc(C(=O)O)c1
-31.80    -31.85    -21.53      0.32      C(c1c2c(nc3c1cc(C)cc3)non2)(N(CCCC)CCCC)=O
-32.33    -32.32    -29.22      0.10      O=S(c1ccc(OC)c(NC(CCC(N2CC3(C)CC2CC(C)(C)C3)=O)=O)c1)(N)=O
-21.74    -21.57      6.31      0.87      c1c(OC)cc(OC)c(C2CCN(C)CC2O)c1
-26.09    -26.12    -25.09      0.03      O(c1c(OC)c(OC)cc(C(N=NC(=S)NNC(c2ccncc2)=O)=O)c1)C
-21.78    -21.81      7.09      0.90      n1(-c2ccc(OCCN3CCCC3)cc2)c(=C)c(=Cc2c(O)[nH]c(=S)[nH]c2=O)cc1C
-33.83    -33.72    -16.17      0.55      C1C(C(O)=O)N(Cc2cccc(NC(c3sc(-c4ccccc4Cl)cc3)=O)c2)CCC1
Human-Component   raw_Human-Component
0.12903225421905518   0.12903225421905518   
0.4516128897666931   0.4516128897666931   
0.25806450843811035   0.25806450843811035   
0.5161290168762207   0.5161290168762207   
0.32258063554763794   0.32258063554763794   
0.09677419066429138   0.09677419066429138   
0.8709677457809448   0.8709677457809448   
0.032258063554763794   0.032258063554763794   
0.9032257795333862   0.9032257795333862   
0.5483871102333069   0.5483871102333069   

14:52:18: local_reinforcement_logger.timestep_report +41: INFO     
 Step 3   Fraction valid SMILES: 96.9   Score: 0.4844   Time elapsed: 3   Time left: 35.2
  Agent     Prior     Target     Score     SMILES
-31.26    -31.61    -31.61      0.00      [nH]1c(C)c(NC(=O)NC(c2occc2)CC(=O)OCC)c(=O)n1O
-22.63    -22.49    -12.89      0.30      c1(-c2ccc3ccccc3n2)c(=O)n(-c2ccccc2)n(C)c1C
-55.18    -55.25    -53.11      0.07      CN(c1cccc(NC(c2ccc(NC)c(S(=O)(NC(=NC(Nc3ccc(Cl)cc3)=O)C(c3ccccc3)C)=O)c2)=S)c1)C
-29.03    -28.92    -20.39      0.27      c1c(C(F)(F)F)cc(C(O)CNCc2ccc(C(OC)=O)cc2)c2ccc(C(F)(F)F)cc12
-26.00    -25.90     -7.77      0.57      c1(-c2ccccc2OCCNCC)ccncn1
-33.58    -33.64     -9.11      0.77      Clc1ccc(C(=O)N2CCc3c(=NCCc4ccc(OC(F)(F)F)cc4)[nH]cnc3C2)c(Cl)c1
-27.34    -27.36    -16.69      0.33      Nc1ccc(C)cc1-c1nnc(-c2cc(C#N)c(OC(C)C)cc2)s1
-26.22    -26.22    -19.82      0.20      c1c(NC(=O)Nc2ccc(Cl)cc2)ccc(N=c2c3ccccc3[nH]c3c2cncc3)c1
-24.04    -24.04      5.82      0.93      c1cn(Cc2ccc(C#N)cc2)c2cc(OC3CCN(C(C)C)CC3)ccc12
-26.54    -26.56      4.38      0.97      C(c1cc(Oc2cc(C#N)cc(Cl)c2)c(Cl)cc1)#CC1(CN2C(=O)c3c(ccc(OC)c3)C2)NC(=O)NC1=O
Human-Component   raw_Human-Component
0.0   0.0   
0.30000001192092896   0.30000001192092896   
0.06666667014360428   0.06666667014360428   
0.2666666805744171   0.2666666805744171   
0.5666666626930237   0.5666666626930237   
0.7666666507720947   0.7666666507720947   
0.3333333432674408   0.3333333432674408   
0.20000000298023224   0.20000000298023224   
0.9333333373069763   0.9333333373069763   
0.9666666388511658   0.9666666388511658   

14:52:19: local_reinforcement_logger.timestep_report +41: INFO     
 Step 4   Fraction valid SMILES: 100.0   Score: 0.5000   Time elapsed: 3   Time left: 27.6
  Agent     Prior     Target     Score     SMILES
-35.54    -35.61    -13.93      0.68      N1(C(c2c(C)oc3ncn(CC)c(=O)c23)=O)CCCCC1c1sc(C)nc1C
-21.23    -21.08      7.82      0.90      c1c(Cl)c(O)cc(O)c1C(=O)c1ccc(OC)cc1
-24.20    -24.16     -8.68      0.48      c1cc(S(N2CCN(Cc3c(O)c4ccccc4c(O)c3)CC2)(=O)=O)ccc1F
-26.10    -26.05     -5.41      0.65      S(N)(=O)(c1ccc(N=c2ccc(F)c[nH]2)cc1)=O
-44.17    -44.17    -41.08      0.10      c1(-n2c(-c3c(OCCN(C)C)cc(C(=O)N=c4scc[nH]4)cc3)nc3c2ccc(C(=O)NCC(C)C)c3)ccccc1
-25.36    -25.26    -24.23      0.03      C(=O)(N1CCOCC1)COC(=O)c1ccc(NC(=O)c2occc2)cc1
-26.71    -26.69    -22.56      0.13      c12cccc(NC(=O)c3cn(CC)c4nc(C)ccc4c3=O)c1ccnc2
-32.88    -32.83     -7.02      0.81      c1cc(-c2c[nH]c(=N)c(C(=O)NC3CCCC3O)n2)ccc1CCCCCCCCC
-31.41    -31.25     -8.54      0.71      c1c(S(C)(=O)=O)ccc(-n2c(Oc3c(F)cccc3)c(C(N3CCCc4ccccc43)=O)c(C)n2)c1
-33.48    -33.59    -22.23      0.35      [nH]1ccc(=NC(=O)c2nc(Cl)ccc2NC(Cc2ccc(OCCN(C)C)cc2)=O)cc1
Human-Component   raw_Human-Component
0.6774193644523621   0.6774193644523621   
0.9032257795333862   0.9032257795333862   
0.4838709533214569   0.4838709533214569   
0.6451612710952759   0.6451612710952759   
0.09677419066429138   0.09677419066429138   
0.032258063554763794   0.032258063554763794   
0.12903225421905518   0.12903225421905518   
0.8064516186714172   0.8064516186714172   
0.7096773982048035   0.7096773982048035   
0.35483869910240173   0.35483869910240173   

14:52:20: local_reinforcement_logger.timestep_report +41: INFO     
 Step 5   Fraction valid SMILES: 100.0   Score: 0.5000   Time elapsed: 4   Time left: 30.0
  Agent     Prior     Target     Score     SMILES
-22.47    -22.44      1.30      0.74      N(c1ccc2nc3n(c(=O)c2c1)CCCCC3)C(=O)c1ccc(Cl)cc1
-28.42    -28.63     -0.76      0.87      C(CN(C)CCC1CCc2c(cc(OC)c(OC)c2)C1)C
-24.71    -24.60      0.18      0.77      c1c(-c2cnc(=N)[nH]c2)cc2c(c1)C(=O)Nc1c(cccc1)N2
-20.27    -20.08    -12.85      0.23      COc1c(-c2ccc(CC(NC(=O)C3NC4CCC3C4)C#N)cc2)cccn1
-23.14    -23.19      3.65      0.84      c1(Cl)cc2c(cc1Cl)n(CCCCCC)cc(C(NC1CCCCC1)=O)c2=O
-23.04    -23.24     -1.57      0.68      n1(C2C(=O)CCCCC2)ccnc1
-36.97    -36.78    -28.52      0.26      n1n(-c2ccc(F)cc2)c(OC)c(Cn2cc(-c3oc4ccccc4c3)nn2)c1
-36.48    -36.72    -21.23      0.48      C(C)N(CCCCC(N1C(=S)SC(=Cc2c(OC)ccc3c2cccc3)C1=O)C(O)=O)CC
-24.85    -24.73    -20.60      0.13      c1ccccc1-c1c(=O)n(C(C(=O)NC(C)C)c2ccc(OC)cc2)c2ccccc2n1
-28.40    -28.19    -22.00      0.19      c1ccccc1Oc1cc(NC(C2CCCN(C(c3ccccn3)=O)C2)=O)ccc1
Human-Component   raw_Human-Component
0.7419354915618896   0.7419354915618896   
0.8709677457809448   0.8709677457809448   
0.774193525314331   0.774193525314331   
0.22580644488334656   0.22580644488334656   
0.8387096524238586   0.8387096524238586   
0.6774193644523621   0.6774193644523621   
0.25806450843811035   0.25806450843811035   
0.4838709533214569   0.4838709533214569   
0.12903225421905518   0.12903225421905518   
0.19354838132858276   0.19354838132858276   

14:52:20: local_reinforcement_logger.timestep_report +41: INFO     
 Step 6   Fraction valid SMILES: 96.9   Score: 0.4844   Time elapsed: 5   Time left: 31.4
  Agent     Prior     Target     Score     SMILES
-24.36    -24.31    -12.58      0.37      CN1C(=O)N(C)CC2(CCN(C(c3nnsc3)=O)CC2)C1
-44.70    -44.79    -44.79      0.00      C(OCC(CC)CC)(N(c1ccc(S(=O)(=O)N2C(C(=O)O)C3C(C3)C2)cc1)=O)C(C)C
-26.58    -26.34     -9.27      0.53      s1cccc1-c1cc(=O)[nH]c(=NCc2cccc(C)c2)[nH]1
-36.89    -36.80    -13.33      0.73      C1CCCC1(CC=C)c1sc2c(c1C#N)ccc(O)c2
-24.04    -23.91    -18.57      0.17      O(C)C(=O)Nc1c(=Nc2cccc(OC)c2)[nH]ccc1
-38.89    -38.86    -37.80      0.03      c1c(=NC)sc(-c2c(=O)n(C(C(NC3CCCCC3)=O)c3ccccc3)c3ccccc3n2)c(C)c1
-24.66    -24.78    -11.98      0.40      c1c(=O)[nH]c(=O)n(C(=C)CC)c1
-27.60    -27.56      2.30      0.93      O1COc2cc(C(=O)N=C3C(=O)Nc4c(cccc4)C(c4ccc(O)cc4)N3)ccc21
-26.13    -26.08     -3.68      0.70      O=S(=O)(Oc1ccc(CC=C)cc1)c1cc(Cl)ccc1
-28.60    -28.43      0.37      0.90      CN(c1ccccc1)C(=O)CCC1CCCN(c2cccnn2)C1
Human-Component   raw_Human-Component
0.36666667461395264   0.36666667461395264   
0.0   0.0   
0.5333333611488342   0.5333333611488342   
0.7333333492279053   0.7333333492279053   
0.1666666716337204   0.1666666716337204   
0.03333333507180214   0.03333333507180214   
0.4000000059604645   0.4000000059604645   
0.9333333373069763   0.9333333373069763   
0.699999988079071   0.699999988079071   
0.8999999761581421   0.8999999761581421   

14:52:21: local_reinforcement_logger.timestep_report +41: INFO     
 Step 7   Fraction valid SMILES: 100.0   Score: 0.5000   Time elapsed: 5   Time left: 26.9
  Agent     Prior     Target     Score     SMILES
-36.21    -36.21    -30.02      0.19      n1c(-c2ccc(C(C)=O)cc2)[nH]c(C)c(-c2nc(-c3cc(C(F)(F)F)cc(C(F)(F)F)c3)cs2)c1=N
-34.19    -34.14    -10.39      0.74      C[N+](C)(C)c1ccc(Oc2ccc(-c3nnn(CCCC)c3)cc2)cc1
-28.12    -28.00    -20.78      0.23      c12cc(-c3ccccc3)cc(C(c3ccc(OC)cc3)=O)c1cc(O)cc2
-31.79    -31.57    -16.09      0.48      c1ccc(OCc2[nH]c3c(cccc3)c(=NC(c3ccc(OC)cc3)=O)c2)cc1
-31.07    -30.95    -18.56      0.39      N(C(c1cc(OC)c(Sc2ncccc2)cc1)=O)c1ccc(C2CC2N)cc1
-27.68    -27.73      0.15      0.87      c1ccc(Cl)c(-c2nc(C(N3CCC(CO)CC3)=O)on2)c1Cl
-24.79    -24.81     -2.10      0.71      C1Cc2c(=NC(CC)CC)c(C(N)=O)c[nH]c2O1
-22.68    -22.71    -21.68      0.03      C(C(Nc1ccccc1OCC)=O)Sc1nnnn1C(C)C
-30.66    -30.54     -5.76      0.77      n1ccc(Cc2cc(-c3c(O)ccc4c3OCO4)c(O)c(OC)c2)cc1
-26.25    -26.42    -16.10      0.32      N1(C(c2ccn(C)c(=O)c2)=O)CCC(c2[nH]c3ncccc3n2)CC1
Human-Component   raw_Human-Component
0.19354838132858276   0.19354838132858276   
0.7419354915618896   0.7419354915618896   
0.22580644488334656   0.22580644488334656   
0.4838709533214569   0.4838709533214569   
0.3870967626571655   0.3870967626571655   
0.8709677457809448   0.8709677457809448   
0.7096773982048035   0.7096773982048035   
0.032258063554763794   0.032258063554763794   
0.774193525314331   0.774193525314331   
0.32258063554763794   0.32258063554763794   

14:52:22: local_reinforcement_logger.timestep_report +41: INFO     
 Step 8   Fraction valid SMILES: 93.8   Score: 0.4688   Time elapsed: 6   Time left: 28.0
  Agent     Prior     Target     Score     SMILES
-69.94    -69.43    -69.43      0.00      N(CCn1nc2c3c1cccc3C1CC(C(=O)OC)C(N(C)C(=O)OC(C)C)n3c(c4c2c(no4)C1)CN3C)C
-21.63    -21.51      6.08      0.86      c1cccc2c1C(=O)N(SC)c1ccccc1O2
-25.53    -25.67      3.02      0.90      c1(-c2c(F)cc(C3C(C(O)=NO)C3c3ccccc3)cc2)ccc(OCCN(C)C)cc1
-23.91    -23.79      6.00      0.93      C(c1c[nH]cc(C=CC)c1=O)#N
-22.78    -22.94      9.06      1.00      C1CCN(CCNC(c2cc3[nH]c(=O)[nH]c3cc2)=O)CC1
-42.33    -42.23    -21.26      0.66      c1cc2c(cc1)[nH]cc2CC(NC(c1sc(OCC)c(Br)c1)=O)C(N=C1CCCCC1C(=O)O)=O
-24.64    -24.63    -20.22      0.14      c1cccc(Cl)c1S(N1CCN(CC(Nc2cc(OC)cc(OC)c2)=O)CC1)(=O)=O
-40.04    -40.08    -14.70      0.79      OC(=O)CCOc1ccc2c(c1OC)NC(S)CC2
-28.41    -28.33    -26.12      0.07      NC(=O)Cc1c(N)oc2ccc(OC)cc21
-27.45    -27.45    -14.21      0.41      C12C(C3C(C)(CC1)C(=O)CC3)C(=O)COS2(=O)=O
Human-Component   raw_Human-Component
0.0   0.0   
0.8620689511299133   0.8620689511299133   
0.8965517282485962   0.8965517282485962   
0.931034505367279   0.931034505367279   
1.0   1.0   
0.6551724076271057   0.6551724076271057   
0.13793103396892548   0.13793103396892548   
0.7931034564971924   0.7931034564971924   
0.06896551698446274   0.06896551698446274   
0.4137931168079376   0.4137931168079376   

14:52:23: local_reinforcement_logger.timestep_report +41: INFO     
 Step 9   Fraction valid SMILES: 100.0   Score: 0.5000   Time elapsed: 7   Time left: 28.7
  Agent     Prior     Target     Score     SMILES
-31.21    -31.34    -13.79      0.55      S(CC(Cn1c2c(c3c1C(=O)CCC3)cccc2)=O)c1[nH]c2c(n1)cccc2
-63.99    -64.55    -62.49      0.06      C12C(C(=O)N1C(C(C(C)(C)C)NC(C(C(C)C)NC(=O)N(C)C(C(O)=NO)C(C)C)=O)NC(C(NC(c1cnccn1)=O)C(C)C)=O)O2
-31.24    -31.78     -5.97      0.81      [nH]1c2c(cc1C(=O)N1CCC(C(=O)N3CCCC3)CC1)cc(OCCN1CCCCC1)cc2
-28.51    -28.24    -17.92      0.32      C(N(CCc1ccccc1)S(=O)(c1ccc(C(O)=O)cc1)=O)COc1ccc2c(c1)C(Cc1ccccc1)C(N1CCCC1)CC2
-25.92    -25.84     -3.13      0.71      C1(=O)c2c(cccn2)C(=O)N1Cc1sc2ccccc2c1Cl
-19.59    -19.70      0.95      0.65      C1CN(C)CCN1C(NN=C(C)c1ncccc1)=S
-32.74    -32.80    -27.64      0.16      c1cccc(CC(CN(CC(=O)NC(Cc2ccc(OCC(=O)O)c(C(O)=O)c2)C(=O)O)Cc2ccccc2)N)c1
-51.86    -51.56    -32.98      0.58      c1c(-c2ccc(C(=O)O)o2)cc(F)c(C2Oc3cccc4n(Cc5ccc(CO)cc5)c(O)c4c3C2)c1
-27.75    -27.88    -13.43      0.45      Fc1cc(C(Nc2ccc(C(=O)O)c(N(C)C)c2)=O)ccc1
-22.67    -22.84      9.16      1.00      N(C(=O)c1ccccc1)C1CCC(CCN2CCC(c3c4c(cc(F)cc4)on3)CC2)CC1
Human-Component   raw_Human-Component
0.5483871102333069   0.5483871102333069   
0.06451612710952759   0.06451612710952759   
0.8064516186714172   0.8064516186714172   
0.32258063554763794   0.32258063554763794   
0.7096773982048035   0.7096773982048035   
0.6451612710952759   0.6451612710952759   
0.16129031777381897   0.16129031777381897   
0.5806451439857483   0.5806451439857483   
0.4516128897666931   0.4516128897666931   
1.0   1.0   

14:52:23: local_reinforcement_logger.log_message +32: INFO     Resetting Agent
14:52:23: local_reinforcement_logger.log_message +32: INFO     Adjusting sigma to: 82
14:52:23: local_reinforcement_logger.timestep_report +41: INFO     
 Step 10   Fraction valid SMILES: 100.0   Score: 0.5000   Time elapsed: 8   Time left: 29.1
  Agent     Prior     Target     Score     SMILES
-37.81    -37.49    -36.46      0.03      O=c1n(CCCC(=O)NCCc2cc(OC)c(OC)cc2)c(SC(C)C(Nc2ccc3c(c2)OCO3)=O)nc2sccc21
-35.46    -35.58    -23.19      0.39      O=C1COc2c(c(C(C)CNCCc3cccnc3)cc(F)c2)O1
-26.24    -26.36    -20.17      0.19      [nH]1nc(C(=O)N)c(=Nc2ccc(OC)c(Cl)c2)[nH]c1=N
-30.55    -30.47     -8.79      0.68      N1CC(OCc2cc(Cl)cc(Cl)c2)(CN2C(=O)c3c(ccc(OC)c3)C2)CC1
-24.79    -24.20    -13.88      0.32      N1C(=O)NC(=O)C(CCOCC)(Oc2ccc(Oc3ccc(-c4occ(-c5ccc(F)cc5)n4)cc3)cc2)C1=O
-20.57    -20.49     -3.98      0.52      c1c(C)ccc(CC(=O)NCCc2ccc(OC)c(OC)c2)c1
-23.32    -22.89     -7.40      0.48      c1cc(C)ccc1-c1c(-c2ccccc2)c(C(=O)OC)c(N)s1
-42.05    -41.85    -10.88      0.97      c1cc(CN2CC3C4N(CCC4)C(=O)C(N)C3CC2)cc(C23CC4CC(CC(C4)C2)C3)c1
-22.01    -21.94    -12.65      0.29      N(C(=O)Nc1ccc(C)cc1)c1cc(SC)ccc1
-47.87    -47.61    -26.97      0.65      C12C3C4(CNC(C3)O4)CC(O)C=C1C(O)(C)CC(=O)O2
Human-Component   raw_Human-Component
0.032258063554763794   0.032258063554763794   
0.3870967626571655   0.3870967626571655   
0.19354838132858276   0.19354838132858276   
0.6774193644523621   0.6774193644523621   
0.32258063554763794   0.32258063554763794   
0.5161290168762207   0.5161290168762207   
0.4838709533214569   0.4838709533214569   
0.9677419066429138   0.9677419066429138   
0.29032257199287415   0.29032257199287415   
0.6451612710952759   0.6451612710952759   

14:52:24: local_reinforcement_logger.timestep_report +41: INFO     
 Step 11   Fraction valid SMILES: 93.8   Score: 0.4688   Time elapsed: 9   Time left: 29.2
  Agent     Prior     Target     Score     SMILES
-31.49    -31.49     22.23      0.66      Cn1ncc2c1ccc(C=CC(=O)NS(Cc1ccc(F)cc1)(=O)=O)c2
-35.36    -35.36     -7.09      0.34      c1nn2c(=NCc3sc(C)c(C)n3)cc(-c3cc4c([nH]cc4)nc3)[nH]c2n1
-28.50    -28.50      2.61      0.38      O=C(COC(=O)CSCC(=O)Nc1ccccc1Cl)N1c2ccccc2CC1
-27.09    -27.09     29.46      0.69      c1(C=CC(=O)NCCCCCCN=c2c3c(cc(Cl)cc3)[nH]c3ccc(OC)cc32)cc(OC)c(O)c(OC)c1
-26.29    -26.29     18.95      0.55      c1c(OC)cc2c(=O)c(C(=O)NC3CCCC3)cn(CC)c2c1OC
-29.73    -29.73     18.34      0.59      N(C(C(=O)OCC)c1ccc(F)cc1)S(c1cccc(Cl)c1)(=O)=O
-27.81    -27.81     14.60      0.52      c1(C#Cc2ccncc2)cc2c(cc1)[nH]c(=NC(C)=O)s2
-22.72    -22.72     -8.58      0.17      c1ccccc1CSc1nc2c(nccc2)n1Cc1ccc(C(=O)NCc2occc2)cc1
-27.47    -27.47    -21.81      0.07      c1ccc(Cc2nc(-c3cc(S(=O)(NC(C)(C)C)=O)c(C)cc3)c[nH]2)cc1
-37.29    -37.29    -37.29      0.00      c12c(c(NCCC(=O)O)cc(NS(=O)(=O)c3ccccc3)c1)ncc(C(NCc1ccccc1)=O)c2
Human-Component   raw_Human-Component
0.6551724076271057   0.6551724076271057   
0.3448275923728943   0.3448275923728943   
0.37931033968925476   0.37931033968925476   
0.6896551847457886   0.6896551847457886   
0.5517241358757019   0.5517241358757019   
0.5862069129943848   0.5862069129943848   
0.517241358757019   0.517241358757019   
0.17241379618644714   0.17241379618644714   
0.06896551698446274   0.06896551698446274   
0.0   0.0   

14:52:25: local_reinforcement_logger.timestep_report +41: INFO     
 Step 12   Fraction valid SMILES: 100.0   Score: 0.5000   Time elapsed: 10   Time left: 29.2
  Agent     Prior     Target     Score     SMILES
-28.38    -28.50     53.50      1.00      C1CN(CCCNC(=O)Cn2cc(C(F)(F)F)cc(Cl)c2=O)CCN1c1c(C)c(Cl)ccc1
-19.82    -19.80     33.11      0.65      N(CCc1ccccc1)C(c1cccnc1Cl)=O
-35.36    -35.40      4.28      0.48      c1(C(O)=O)csc(-c2c(-c3ccc(Cc4c(CCCC)nc(C)n(-c5n(C)ccn5)c4=O)cc3)cccc2)n1
-39.97    -40.00    -34.71      0.06      c12cccnc1[nH]c(SC(CO[N+]([O-])=O)c1cc3c(cc(OC)cc3)o1)n2
-24.42    -24.48     46.94      0.87      C(CN(C)C)COc1c(Cl)cc2c(CCCC)cc(=O)oc2c1
-33.64    -33.61     -4.52      0.35      O(C(=O)C)c1c(OC2OC(COC(=O)C)C(OC(=O)C)C(OC(C)=O)C2OC(=O)C)ccc2oc(-c3ccccc3)cc(=O)c12
-23.65    -23.66     55.70      0.97      c1c(C2=CCN(C3=Nc4cc(Cl)ccc4N=C(c4ccccc4)C3)CC2)cccc1
-36.19    -36.21    -20.34      0.19      COCCOc1c(NC(=O)Nc2cc(C)ccc2C)cc(-c2nc3cccnc3s2)cc1
-31.87    -31.88     23.67      0.68      O(c1cc(C)cc(C)c1)CCCn1c(=O)c(CC(=O)NCCc2c3ccccc3[nH]c2)cc(C(O)N(CC)CC)c1C
-25.74    -25.66     32.53      0.71      O=S(=O)(c1ccccc1)Oc1cc(-c2cc(=S)ss2)ccc1
Human-Component   raw_Human-Component
1.0   1.0   
0.6451612710952759   0.6451612710952759   
0.4838709533214569   0.4838709533214569   
0.06451612710952759   0.06451612710952759   
0.8709677457809448   0.8709677457809448   
0.35483869910240173   0.35483869910240173   
0.9677419066429138   0.9677419066429138   
0.19354838132858276   0.19354838132858276   
0.6774193644523621   0.6774193644523621   
0.7096773982048035   0.7096773982048035   

14:52:26: local_reinforcement_logger.timestep_report +41: INFO     
 Step 13   Fraction valid SMILES: 93.8   Score: 0.4688   Time elapsed: 10   Time left: 26.4
  Agent     Prior     Target     Score     SMILES
-28.01    -28.05     -8.26      0.24      C(O)(c1c(-c2cc[n+](C)cc2)csc1)=O
-32.09    -32.10     15.97      0.59      c1(Br)c(O)ccc(Br)c1C(NCC(C)(C)CN)=O
-38.77    -38.85    -27.54      0.14      c1c(C2CCCN2C(=O)NCc2ccccc2CC)c(C)cc(C(O)O)c1
-25.91    -25.95     36.26      0.76      NCC1C2CN(C1=O)CCC2
-21.02    -20.82     13.11      0.41      O(c1ccccc1)Cc1sc(=NC(=O)C)[nH]n1
-20.58    -20.61      4.84      0.31      CCC(N=c1[nH]c2c(s1)C(=O)CC(C)(C)C2)=O
-38.31    -38.28    -38.28      0.00      Cc1c(-c2ccc3c(c2)OCC2N3C(=O)OC2C(=O)Nc2ccc(OC)cc2OC)nccn1
-36.91    -37.02    -34.19      0.03      c12c(=N)[nH]c(=N)[nH]c1CC(C)(COc1ccc(CNC(=O)Nc3cc(C)ccc3)cc1)CO2
-27.58    -27.62      3.49      0.38      CN=c1[nH]ccc(Oc2c(C(O)C)cccc2)c1
-30.76    -30.85    -30.85      0.00      OC(CSc1n2c(=NCCc3ccccc3)cc(C)nc2n[nH]1)C(F)(F)F
Human-Component   raw_Human-Component
0.24137930572032928   0.24137930572032928   
0.5862069129943848   0.5862069129943848   
0.13793103396892548   0.13793103396892548   
0.7586206793785095   0.7586206793785095   
0.4137931168079376   0.4137931168079376   
0.3103448152542114   0.3103448152542114   
0.0   0.0   
0.03448275849223137   0.03448275849223137   
0.37931033968925476   0.37931033968925476   
0.0   0.0   

14:52:27: local_reinforcement_logger.timestep_report +41: INFO     
 Step 14   Fraction valid SMILES: 96.9   Score: 0.4844   Time elapsed: 11   Time left: 26.4
  Agent     Prior     Target     Score     SMILES
-35.41    -35.34    -35.34      0.00      C(Oc1ccc(C(OC(C(=O)OC)c2occc2)C)cc1)(=O)c1ccccc1
-40.93    -41.04    -21.91      0.23      C(C)OC(C1C2(C1(C)C)OC(=O)CC(=NC(=O)OCC)N2c1ccc(C)cc1)=O
-25.47    -25.65     12.62      0.47      CC12C(O)CCC(=O)C1CCC(=C(C)C)CC2
-18.63    -18.79    -16.06      0.03      n1n2c(=NC3CC3)[nH]c(=NCc3ccc(OC)cc3)nc2c(=Cc2[nH]c(=O)[nH]c2O)c1
-31.63    -31.62    -23.42      0.10      c1c(OC)ccc2c1sc(COC(CNC(c1ccco1)=O)=O)c2C(=O)O
-31.78    -31.75     20.18      0.63      Clc1cc2c(cc(S(=O)(=O)NC(=O)NC3CCCCC3)s2)cc1
-19.29    -19.30    -19.30      0.00      c1cc(C)cc2[nH]c(C)c(CCCC)c(=O)n12
-23.11    -23.22     56.05      0.97      N1(c2ccc3c(c2)CN(C)CC3)CCN(C)CC1
-28.00    -27.88    -14.21      0.17      C(N(C(=O)c1ccccc1)NC(c1ccccc1)=S)(OC)=O
-24.24    -24.30     -2.43      0.27      c1(SSc2cccc3cccnc23)no[n+]([O-])c1S(=O)(=O)c1ccccc1
Human-Component   raw_Human-Component
0.0   0.0   
0.23333333432674408   0.23333333432674408   
0.46666666865348816   0.46666666865348816   
0.03333333507180214   0.03333333507180214   
0.10000000149011612   0.10000000149011612   
0.6333333253860474   0.6333333253860474   
0.0   0.0   
0.9666666388511658   0.9666666388511658   
0.1666666716337204   0.1666666716337204   
0.2666666805744171   0.2666666805744171   

14:52:28: local_reinforcement_logger.timestep_report +41: INFO     
 Step 15   Fraction valid SMILES: 100.0   Score: 0.5000   Time elapsed: 12   Time left: 26.2
  Agent     Prior     Target     Score     SMILES
-28.07    -28.11     27.44      0.68      CC(=CCn1c(=N)[nH]cc1-c1ccc(-c2cccnc2)cc1)C
-21.18    -21.19      2.62      0.29      c12[nH]c(=N)[nH]c(=N)c1cc(S(=O)(c1ccc(C(C)C)cc1)=O)cn2
-22.34    -22.38     25.23      0.58      c1c(-c2[nH]c3c(c(=O)c2)c(O)cc(O)c3)occ1
-29.85    -29.87     -0.77      0.35      c1(-c2ccncc2)cc(N2CCOCC2)c2nc(-c3ccccc3)[nH]c2c1
-32.66    -32.65    -30.01      0.03      O=C(c1cc2c(c(SSc3cc4c(cc(C(=O)OC)cc4)cc3)c1)cccc2)NCc1ccccc1
-33.58    -33.63      6.05      0.48      c1c(-c2ccccc2)sc2cc(Cn3c(Cn4c5ccccc5n(C(C)C)c4=O)nnc3)ccc12
-28.18    -28.16    -22.87      0.06      c12c(cccc1)S(=O)(=O)NC2=NCCOC(=O)c1c(N)cc(OC)cc1
-30.21    -30.08     28.11      0.71      C1N(C(=O)Nc2cccc(F)c2)CCc2cc(NC(=O)C)ccc21
-25.98    -25.96     11.08      0.45      c12c(c(=S)oc(C)c1-c1ccccc1)CCCC2
-22.77    -22.93     27.32      0.61      C1OC(CNC(=O)CCn2c3ccccc3oc2=O)CCC1
Human-Component   raw_Human-Component
0.6774193644523621   0.6774193644523621   
0.29032257199287415   0.29032257199287415   
0.5806451439857483   0.5806451439857483   
0.35483869910240173   0.35483869910240173   
0.032258063554763794   0.032258063554763794   
0.4838709533214569   0.4838709533214569   
0.06451612710952759   0.06451612710952759   
0.7096773982048035   0.7096773982048035   
0.4516128897666931   0.4516128897666931   
0.6129032373428345   0.6129032373428345   

14:52:28: local_reinforcement_logger.timestep_report +41: INFO     
 Step 16   Fraction valid SMILES: 100.0   Score: 0.5000   Time elapsed: 13   Time left: 26.0
  Agent     Prior     Target     Score     SMILES
-25.07    -25.00    -14.42      0.13      O(CC)c1ccc(C(CSc2nnc(-c3ccccn3)cc2)=O)cc1
-27.94    -28.02     30.17      0.71      C1C(c2coc3c(c2=O)cc(OC)c(OC)c3)Oc2cc(O)cc(O)c2C1
-30.91    -30.91     22.00      0.65      [nH]1c(-c2cccc(C)c2)nc(Nc2c(C)cccc2C)cc1=O
-24.35    -24.42     49.65      0.90      c1(NC(CN2CCC(NC(c3cccc(C)c3)=O)CC2)=O)cc(Cl)ccc1
-31.33    -31.29     -7.48      0.29      C1CC(NC(CCc2oc(C3CCCCC3)nn2)=O)CCC1Oc1ccnc2ccccc21
-34.23    -34.05     47.95      1.00      N1=c2c(c(C)nn2-c2cc(F)ccc2)=NC(c2ccccc2Cl)Nc2ccccc21
-45.62    -45.61    -27.09      0.23      O1COc2cc3c(cc21)C1C2CC(OC(=O)c4ccc(OC)cc4)=CCC2c2c(c4c(cc2)OCO4)CN13
-40.15    -40.41    -27.19      0.16      C1CCCCC1N1C(=O)c2cc(Br)cc3cc(NC(=O)NCCCC(=O)O)cc(c32)C1=O
-26.29    -26.29     13.39      0.48      n1ccc(-c2cn(CCNC(C)=O)nc2)c2c1[nH]cc2
-28.53    -28.35      8.69      0.45      C(=C1N=C(SC2CC(C)CCC2C(C)C)N(c2ccccc2)C1=O)c1ccccc1
Human-Component   raw_Human-Component
0.12903225421905518   0.12903225421905518   
0.7096773982048035   0.7096773982048035   
0.6451612710952759   0.6451612710952759   
0.9032257795333862   0.9032257795333862   
0.29032257199287415   0.29032257199287415   
1.0   1.0   
0.22580644488334656   0.22580644488334656   
0.16129031777381897   0.16129031777381897   
0.4838709533214569   0.4838709533214569   
0.4516128897666931   0.4516128897666931   

14:52:29: local_reinforcement_logger.timestep_report +41: INFO     
 Step 17   Fraction valid SMILES: 100.0   Score: 0.5000   Time elapsed: 14   Time left: 25.7
  Agent     Prior     Target     Score     SMILES
-34.30    -34.36     -5.27      0.35      C(C)(CN1CCC2(CN(C(C)=O)c3ccc(-c4ccco4)cc3C2=O)CC1)C
-37.50    -37.34    -37.34      0.00      N(C(C(NC(=S)Nc1ccccc1)Cc1ccccc1)=O)C(C(NCCC(Nc1ccccc1N)=O)=O)Cc1ccccc1
-34.49    -34.65    -29.36      0.06      O1CCN(C(=O)c2cc(S(=O)(=O)c3ccc(OC(C)C)cc3)cc(CC)c2)CC1
-26.72    -26.70     42.07      0.84      n1(CCCCC)cc(CC(=O)N)c2c1ccc(-c1c(Cl)cccc1Cl)c2
-23.52    -23.71     23.90      0.58      COc1cc(C=C2C(=O)C(=Cc3c(Cl)cccc3)CCCC2)cc(OC)c1OC
-37.82    -37.95     17.60      0.68      C(=CC=CC=CC=O)c1c(Cl)nc2n1cc(Cl)cc2Cl
-22.49    -22.51     51.56      0.90      c1c2c(ccc1C)NC(c1ccc(N(C)C)cc1)C1CCCOC21
-29.86    -29.74     41.68      0.87      C1OC(CO)CC12CCN(C(c1c(F)cc(-c3ncnc(CC)c3C#Cc3c[nH]c(=N)cc3)cc1)=O)CC2
-31.44    -31.35    -23.41      0.10      c1(CNC(c2ccc(C)c(C)c2NC(=O)c2c(=Nc3ccccc3)oc3ccccc3c2)=O)ccccc1
-28.88    -28.89    -10.38      0.23      c1cc(NN=Cc2cscc2-c2ccccc2)ccc1C(=O)O
Human-Component   raw_Human-Component
0.35483869910240173   0.35483869910240173   
0.0   0.0   
0.06451612710952759   0.06451612710952759   
0.8387096524238586   0.8387096524238586   
0.5806451439857483   0.5806451439857483   
0.6774193644523621   0.6774193644523621   
0.9032257795333862   0.9032257795333862   
0.8709677457809448   0.8709677457809448   
0.09677419066429138   0.09677419066429138   
0.22580644488334656   0.22580644488334656   

14:52:30: local_reinforcement_logger.timestep_report +41: INFO     
 Step 18   Fraction valid SMILES: 100.0   Score: 0.5000   Time elapsed: 14   Time left: 23.6
  Agent     Prior     Target     Score     SMILES
-41.94    -41.81    -15.36      0.32      C(c1ccc(C)cc1)n1cc(N=c2[nH]cnc3ccc(-c4cc5ncn(CC)c5cc4)cc32)cn1
-26.65    -26.40      5.34      0.39      c1(C(=O)N(c2ccc(F)cc2)C(C)C)ccc(-c2ccc(O)cc2)cc1
-27.12    -26.92     49.79      0.94      c1ccccc1N1C(=O)N(CCN2CCCCC2)C(c2cc(OC)c(OC)cc2)C1=O
-31.79    -32.35     17.91      0.61      C1C2(CN(c3c(C)cc(C#N)cc3)CCC2)CC(=O)N(c2c(C)cc(F)cc2)C1
-35.02    -35.35    -16.83      0.23      C(c1cc(C(NCCCn2cncc2)=O)cc2c1OCO2)Oc1ccc(C)cc1
-38.05    -37.94     30.83      0.84      c1(CCc2nc(N3CCCC3)nn2C)ccc2c(cc(OC3CCN(C)C3)cn2)n1
-25.74    -25.65     -1.84      0.29      c1c2[nH]c(=O)c3nc(C(O)=O)nn3c2cc(Br)c1OC
-20.80    -20.72     -4.85      0.19      CC(C)(C)C(N=c1[nH]nc(S(=O)(N(Cc2ccccc2)C)=O)s1)=O
-26.54    -26.69    -13.46      0.16      c1c(C)ccc2nc(N3CCN(S(=O)(=O)c4ccc(C)cc4)CC3)cc(C)c12
-21.26    -21.28      7.82      0.35      n1c(N=c2[nH]c(C(C)(C)C)cs2)cncc1
Human-Component   raw_Human-Component
0.32258063554763794   0.32258063554763794   
0.3870967626571655   0.3870967626571655   
0.9354838728904724   0.9354838728904724   
0.6129032373428345   0.6129032373428345   
0.22580644488334656   0.22580644488334656   
0.8387096524238586   0.8387096524238586   
0.29032257199287415   0.29032257199287415   
0.19354838132858276   0.19354838132858276   
0.16129031777381897   0.16129031777381897   
0.35483869910240173   0.35483869910240173   

14:52:31: local_reinforcement_logger.timestep_report +41: INFO     
 Step 19   Fraction valid SMILES: 100.0   Score: 0.5000   Time elapsed: 15   Time left: 23.2
  Agent     Prior     Target     Score     SMILES
-24.81    -24.82     -8.95      0.19      N(c1ccc(NC(C)=O)cc1)C(NN=Cc1c(O)c(OC)ccc1)=O
-29.44    -29.78      9.90      0.48      FC(F)(F)c1ccc(CCN2CCCn3c4c(=O)n(Cc5cc(Br)ccc5)c(=O)n(C)c4nc32)cc1
-34.74    -34.53     -2.79      0.39      N(Cc1c(Cl)c(Cl)cc(Cl)c1)c1[n+]([O-])c(Cl)c(Br)c(=N)[nH]1
-45.18    -45.03    -26.52      0.23      C(=C(C)CCC=C(C)CCC12OC(C(=O)O)(C(OCCCO)C(OC(CCC)=O)C1O)C(O)(C(=O)O)C(C(=O)O)O2)C(O)CCC(C)CC(=O)O
-48.59    -48.69    -35.46      0.16      c1ccc(-c2ccc(Cn3c(CCCC)nc4c(cccn4)c3=O)c(OCCCCCC(C)c3oc(CCCc4nc(-c5ccccc5)oc4C)cc3)c2)cc1
-40.08    -40.66     14.89      0.68      c1(=O)cc2n(cc1C(=O)N=c1cc(-c3ccccn3)[nH][nH]1)CCN(CC1CCN(C(C)C)CC1)C2
-21.99    -22.05    -14.11      0.10      CC(C)(C)NC(=O)c1sc(=NC(C)=O)[nH]c1C
-41.59    -41.27     19.57      0.74      OC(CN(C)Cc1cc(C(F)(F)F)cc(C(F)(F)F)c1)C(NC(=O)c1cc2c(c(C3CCCC3)c(-c3cc(Cl)ccc3)n2C)cc1)C(C)(C)C
-36.61    -36.79    -12.98      0.29      n1cccc(F)c1OC1CC2(CNC)OCCCC2CC1
-33.19    -33.12     -4.02      0.35      n1(C2c3cc(F)ccc3OC(C)(C)C2)c(=S)[nH]c2c1cc(F)cc2
Human-Component   raw_Human-Component
0.19354838132858276   0.19354838132858276   
0.4838709533214569   0.4838709533214569   
0.3870967626571655   0.3870967626571655   
0.22580644488334656   0.22580644488334656   
0.16129031777381897   0.16129031777381897   
0.6774193644523621   0.6774193644523621   
0.09677419066429138   0.09677419066429138   
0.7419354915618896   0.7419354915618896   
0.29032257199287415   0.29032257199287415   
0.35483869910240173   0.35483869910240173   

14:52:32: local_reinforcement_logger.timestep_report +41: INFO     
 Step 20   Fraction valid SMILES: 96.9   Score: 0.4844   Time elapsed: 16   Time left: 22.9
  Agent     Prior     Target     Score     SMILES
-32.34    -32.31    -29.57      0.03      C(OCC)(=O)c1c(Cl)nc(Cl)c(Sc2ccc(NC(C)=O)cc2)n1
-55.45    -55.60    -44.66      0.13      C1(C[S+](C)c2ccc(-c3cc4n(c3)[nH]cc(S(=O)(=O)C)c4=NCC(C)(C)C)cc2C)CNC1
-23.63    -23.50     14.77      0.47      c12c(cccc1)Sc1ccccc1N2C(=O)Cn1c(=O)cccc1
-31.60    -31.70     33.90      0.80      C1C2C(C)(C3=CCC4C(=C)CC3(CC2)C4)CCC1(C#CC)O
-27.00    -27.10     54.90      1.00      C(C)Cc1ncc(C(C)(C)C)nc1OCCCN1CCCCC1
-37.92    -37.64    -37.64      0.00      c1c(OC)ccc(CC(NS(c2ccc(C(NCC(N3CCC(C(=O)O)CC3)C(O)=O)=O)cc2)(=O)=O)C(=O)O)c1
-27.66    -27.42    -27.42      0.00      c1c(=NC2CC(Oc3c(-c4ccncc4)nccn3)C2)nc2c(cccc2)c1
-27.34    -27.20      5.60      0.40      O=C(c1cnc(=NN)[nH]c1)NCc1ccncc1
-21.71    -21.72     41.14      0.77      N(=c1c(Cl)c(C)[nH]c(-c2ccccn2)n1)C(C)C
-22.39    -22.28     13.25      0.43      c1ccnc2c1N(C(=O)C1CCC1)CC2
Human-Component   raw_Human-Component
0.03333333507180214   0.03333333507180214   
0.13333334028720856   0.13333334028720856   
0.46666666865348816   0.46666666865348816   
0.800000011920929   0.800000011920929   
1.0   1.0   
0.0   0.0   
0.0   0.0   
0.4000000059604645   0.4000000059604645   
0.7666666507720947   0.7666666507720947   
0.4333333373069763   0.4333333373069763   

14:52:32: local_reinforcement_logger.timestep_report +41: INFO     
 Step 21   Fraction valid SMILES: 93.8   Score: 0.4688   Time elapsed: 17   Time left: 22.4
  Agent     Prior     Target     Score     SMILES
-32.49    -32.54    -24.06      0.10      C(c1c2c(cccc2)ncc1)(=O)Nc1c(Cl)cc(C(O)CNC(C)(C)C)cc1
-30.68    -31.02     48.15      0.97      O=S(N(C)C)(=O)N1CCN(CCn2c(O)c[nH]c2=S)CC1
-27.92    -28.41     39.46      0.83      OC1C(N)CC(N)C(OC2C(N)CC(N)C(O)C2OCCCCCCN)OC1CN
-20.93    -21.03     55.31      0.93      C(n1cc(CN2CCS(=O)(=O)N(Cc3ccc(-c4ccc(F)nc4)cc3)C(C(C)C)C2=O)nn1)c1ccccc1
-29.81    -29.89     29.49      0.72      C(=O)(N1CC(CN2CCCC2)Cn2cc(CN3CCCC3)nc21)C1CC1
-22.81    -22.83     -5.86      0.21      c1ccc(-n2[nH]c(C)c(C(C)=NCCCC)c2=O)cc1
-37.99    -38.37     18.18      0.69      [nH]1n(CCC[N+](CCCCCC[N+](CCCN2c3c4c(cccc4ccc3)C2=O)(C)C)(C)C)c(=O)[nH]c1=N
-25.92    -26.40     38.63      0.79      c1ccccc1C(c1ccccc1)CNCCCCCCNCCSSCCNCCCCCCNCCn1nc(OC)cc1O
-45.42    -46.09    -34.78      0.14      CC1(C)C2(C)C(N(c3ccccc3)CCC2)CN1S(=O)(=O)c1c2c(ccc1N)cccc2
-27.91    -28.24     22.66      0.62      C12(c3cc(F)c(F)cc3)CC3CC(C1)CC(C(N)=O)(C2)C3
Human-Component   raw_Human-Component
0.1034482792019844   0.1034482792019844   
0.9655172228813171   0.9655172228813171   
0.8275862336158752   0.8275862336158752   
0.931034505367279   0.931034505367279   
0.7241379022598267   0.7241379022598267   
0.2068965584039688   0.2068965584039688   
0.6896551847457886   0.6896551847457886   
0.7931034564971924   0.7931034564971924   
0.13793103396892548   0.13793103396892548   
0.6206896305084229   0.6206896305084229   

14:52:34: local_reinforcement_logger.timestep_report +41: INFO     
 Step 22   Fraction valid SMILES: 100.0   Score: 0.5000   Time elapsed: 18   Time left: 21.9
  Agent     Prior     Target     Score     SMILES
-24.95    -25.03    -17.09      0.10      c1(=O)c2c(nc(SCC(=O)NCc3ccc(C)cc3)n1CCN(C)C)cccc2
-26.58    -26.40     31.79      0.71      C1(n2cc(C)c(=N)[nH]c2=O)SC(CO)C(CCO)C1O
-18.87    -18.83     42.01      0.74      c1cccc2[nH]c(-c3c(N)cccc3)nc12
-25.12    -25.28    -22.64      0.03      c1(NC(=O)CN(CC)C(=O)c2c(C)c3cc(OC)ccc3o2)c(Cl)cccc1
-25.89    -25.95     11.09      0.45      s1c(=NC(=O)CSc2ncnc3c2cccc3)[nH]cc1Cl
-24.67    -24.62     41.50      0.81      c1cc(F)cc(NC(=O)c2n(CCC#N)nc(-c3ccccc3)c2)c1
-20.03    -20.17     56.54      0.94      C1N(c2ccc(F)cc2)CCN(S(=O)(=O)c2ccc3c(c2)CCC(=O)N3)C1
-35.23    -34.97     -0.59      0.42      c1(-c2ccc(CNC(C3CC(OCc4ccccc4)CN3c3ncccc3)=O)cc2)ccc(F)cc1
-30.62    -30.11     -3.65      0.32      c1c(C(=O)N(C(C(O)=NO)C)Cc2ccc([N+]([O-])=O)cc2)cc(O)c(O)c1
-44.15    -45.41     23.36      0.84      C1CCC(CCCOC(NCCCCCCNC(CCCN=C(N)N)=O)=O)N1C(CCCc1ccc(N(CCCl)CCCl)cc1)=O
Human-Component   raw_Human-Component
0.09677419066429138   0.09677419066429138   
0.7096773982048035   0.7096773982048035   
0.7419354915618896   0.7419354915618896   
0.032258063554763794   0.032258063554763794   
0.4516128897666931   0.4516128897666931   
0.8064516186714172   0.8064516186714172   
0.9354838728904724   0.9354838728904724   
0.4193548262119293   0.4193548262119293   
0.32258063554763794   0.32258063554763794   
0.8387096524238586   0.8387096524238586   

14:52:35: local_reinforcement_logger.timestep_report +41: INFO     
 Step 23   Fraction valid SMILES: 96.9   Score: 0.4844   Time elapsed: 19   Time left: 21.4
  Agent     Prior     Target     Score     SMILES
-29.07    -29.30     19.90      0.60      c1(COC(=O)NCCc2c3cc(O)ccc3sc2-c2ccc(O)cc2)ccccc1
-35.94    -35.15     19.51      0.67      c12ccccc1CCc1c-2nc(C2C(c3n[nH]nn3)C2C(=O)O)cc1
-31.22    -31.90     30.96      0.77      c1c(N2CCN(C(=O)Nc3ccc(OC(F)(F)F)cc3)CCC2)c(OCCN2CCCCC2)ccc1
-23.53    -23.61    -12.68      0.13      c1c2c(ccc1)OCC(CNC(=O)c1ccc(S(=O)(Nc3ccccc3OC)=O)cc1)O2
-28.20    -28.65     15.08      0.53      O(c1c(O)cc2c(c1)-c1c(CC)ccc3c1C(CCC3)CCC2)C
-30.51    -31.04     45.50      0.93      O=C(Cn1c(=O)n(CCCN2CCN(c3ccccc3)CC2)c(=O)c2c1c1c(cccc1)s2)Nc1cc(C)ccc1
-31.34    -31.25     48.02      0.97      c1(C#N)c(O)ccc2c(=O)cc(CCC=CC)oc12
-28.89    -28.93     23.00      0.63      c1c(C2CCCCC2)c2c(c(O)c1O)OC(c1ccc(O)cc1)CC2=O
-24.67    -24.85      5.21      0.37      CC(C)CC1COC(=O)N1c1cc[nH]c(=NC(c2ccc(CN3CCC(O)C3)cc2)C)n1
-36.32    -36.17     23.97      0.73      c1c(F)c(C(C)c2[nH]nc3[nH]c(=O)ccc32)c(F)c(C(C)C)c1F
Human-Component   raw_Human-Component
0.6000000238418579   0.6000000238418579   
0.6666666865348816   0.6666666865348816   
0.7666666507720947   0.7666666507720947   
0.13333334028720856   0.13333334028720856   
0.5333333611488342   0.5333333611488342   
0.9333333373069763   0.9333333373069763   
0.9666666388511658   0.9666666388511658   
0.6333333253860474   0.6333333253860474   
0.36666667461395264   0.36666667461395264   
0.7333333492279053   0.7333333492279053   

14:52:36: local_reinforcement_logger.timestep_report +41: INFO     
 Step 24   Fraction valid SMILES: 100.0   Score: 0.5000   Time elapsed: 20   Time left: 20.8
  Agent     Prior     Target     Score     SMILES
-36.69    -36.78     39.93      0.94      c1(-c2c(-c3ccc(F)cc3)c(C(F)(F)F)nc3c2cnn3-c2c(OC)cccc2)cn(C)nc1
-42.05    -41.78    -31.20      0.13      C(C(NCCNC(C(CCC)CC(=O)OCCC)=O)=O)CC(=O)c1ccccc1
-31.23    -31.07    -12.55      0.23      N(c1ccc(-c2ncc(N(C)C)cc2)cc1)C(Nc1c(F)cccc1)=O
-55.79    -55.60    -47.66      0.10      C1C(n2cc3cc(NC(=O)Nc4ccc(-c5cn[nH]c5)cc4C(=O)C(C)C)ccc3n2)C(O)C(O)C(O)C1
-23.25    -23.30    -18.01      0.06      o1c2ccccc2c(C)c1C(=O)OCC(NC(C)C)=O
-32.59    -32.40      7.28      0.48      C(S(=O)(C)=O)c1nc(CN2CCCc3c2ccc(OC)c3)on1
-33.82    -33.44    -20.21      0.16      c1(-c2ccccc2)ccc(OCC(N2CCCC(Cc3c(C(F)(F)F)cccc3)(CO)C2)=O)cc1
-24.53    -24.38    -21.74      0.03      n1n(-c2c(=N)[nH]on2)c(-c2ccc(OC)cc2)c(C(NN=Cc2ccc(C)cc2)=O)n1
-28.10    -28.57     -2.12      0.32      CC1CCCCC1NC(=O)C1CCN(S(=O)(=O)c2cc(-c3nc(C)on3)ccc2OC)CC1
-54.89    -54.95    -12.63      0.52      C123C4C(C)CCC1C(O)C(Cn1c5c(ccc(OC)c5)c5c1c(ncc24)C3)C(=O)C=C5
Human-Component   raw_Human-Component
0.9354838728904724   0.9354838728904724   
0.12903225421905518   0.12903225421905518   
0.22580644488334656   0.22580644488334656   
0.09677419066429138   0.09677419066429138   
0.06451612710952759   0.06451612710952759   
0.4838709533214569   0.4838709533214569   
0.16129031777381897   0.16129031777381897   
0.032258063554763794   0.032258063554763794   
0.32258063554763794   0.32258063554763794   
0.5161290168762207   0.5161290168762207   

14:52:37: local_reinforcement_logger.timestep_report +41: INFO     
 Step 25   Fraction valid SMILES: 100.0   Score: 0.5000   Time elapsed: 21   Time left: 20.2
  Agent     Prior     Target     Score     SMILES
-36.68    -36.18     -9.72      0.32      Fc1c2c(ccc1)C(C(c1cccnc1)C(NCC(C)O)=O)CC2=O
-34.77    -34.95    -11.15      0.29      C(C=CCc1ccccc1)(CC=C)CC=CC=CCCC(=O)O
-43.99    -44.28     -4.60      0.48      FC1=CC2[S+]([O-])C(C1(c1ccccc1)C)OC2C(O)C1CCCCC1
-37.99    -38.47    -27.89      0.13      C1(=O)Nc2cc(-c3sc4c(cccc4)c3)ccc2C1=NNS(=O)(=O)c1ccc(OC)cc1
-23.89    -23.51     18.81      0.52      c1(Cl)nc(C(=O)OC)cc(OC)c1
-29.36    -30.03     51.97      1.00      c1(S(=O)(NC2CCN(CCCOc3c(F)cccc3)CC2)=O)cnn(CC)c1
-31.81    -31.95     13.02      0.55      c1ccc(C=CC(=O)OCCCCOC(C(C)(C)CCCC)=O)cc1
-20.76    -20.85     -2.34      0.23      OC(=O)c1c2c(ccc(Br)c2)nc(-c2ccccc2)c1
-22.57    -22.53     38.31      0.74      c1ccn(-c2cc3c(sc(C(O)=O)c3)cc2)c1
-47.51    -47.59      5.31      0.65      CC1(SC2CCCCC2)C(=O)N2CCC(O)C(CCC(N)=O)(C1)C2
Human-Component   raw_Human-Component
0.32258063554763794   0.32258063554763794   
0.29032257199287415   0.29032257199287415   
0.4838709533214569   0.4838709533214569   
0.12903225421905518   0.12903225421905518   
0.5161290168762207   0.5161290168762207   
1.0   1.0   
0.5483871102333069   0.5483871102333069   
0.22580644488334656   0.22580644488334656   
0.7419354915618896   0.7419354915618896   
0.6451612710952759   0.6451612710952759   

14:52:37: local_reinforcement_logger.timestep_report +41: INFO     
 Step 26   Fraction valid SMILES: 96.9   Score: 0.4844   Time elapsed: 22   Time left: 19.6
  Agent     Prior     Target     Score     SMILES
-19.52    -19.58     18.69      0.47      c1cc(C2=Nn3c(nnc3CC)SC2)ccc1C
-24.67    -24.73     16.27      0.50      O=c1n(CC=C)c2c(nc1)cc(C(=O)O)cc2
-39.85    -39.64     34.16      0.90      N1(c2ncc(C)c(-c3cc4c([nH]3)cc(C(=N)N)cc4)c2)CCCC(CO)C1
-28.59    -28.59     20.61      0.60      C1(C)Cc2ccc(OCc3cc(C(=O)N4CC(CO)CCC4)no3)cc2C1
-24.63    -24.75    -11.08      0.17      n1c2c(no1)cc(C(NN=Cc1cc(OC)ccc1OC)=O)cc2
-24.22    -24.33     57.67      1.00      [nH]1c(N2CCN(C)CC2)nc(=Nc2c(Br)cc(C#N)cc2)cc1C
-27.16    -26.84    -18.64      0.10      c1(OC)cccc(OC)c1-c1csc(C(N2CCOCC2)=O)c1
-17.59    -18.12     50.22      0.83      CC1(C)N=C(N)N=C(N)N1c1cccc(Br)c1
-34.61    -34.63     36.43      0.87      c1cccc2c1C1(CCN(CC3CC3)CC1)C(O)C2NC(C1(C)CN(C(=O)C)C1)=O
-38.89    -38.38    -38.38      0.00      c12ccc(O)cc1oc(-c1cc3c(c(O)c1)n1c(nnc1C)n3)c2
Human-Component   raw_Human-Component
0.46666666865348816   0.46666666865348816   
0.5   0.5   
0.8999999761581421   0.8999999761581421   
0.6000000238418579   0.6000000238418579   
0.1666666716337204   0.1666666716337204   
1.0   1.0   
0.10000000149011612   0.10000000149011612   
0.8333333134651184   0.8333333134651184   
0.8666666746139526   0.8666666746139526   
0.0   0.0   

14:52:39: local_reinforcement_logger.timestep_report +41: INFO     
 Step 27   Fraction valid SMILES: 100.0   Score: 0.5000   Time elapsed: 23   Time left: 18.9
  Agent     Prior     Target     Score     SMILES
-22.21    -21.92    -16.63      0.06      N(CC(=O)Nc1ccc(-c2nc3cc(C#N)cc(C)c3o2)cc1)(CC)CC
-28.60    -28.70     10.98      0.48      C(NS(=O)(=O)c1ccccc1)C1c2c(ccc(OC)c2)C2CCCN1C2
-24.61    -24.28      2.17      0.32      C(=O)(O)CCC(N=c1[nH]nc(-c2ccccc2OC)s1)=O
-24.80    -24.71     -6.20      0.23      c1(C(N2CCC(C(OCC)=O)(CCc3ccccc3)CC2)=O)ccccc1Cl
-33.14    -34.20     47.80      1.00      C1CCCC(c2c(O)cccc2)N(CCCN2CCN(CCOC(=O)c3ccc(F)cc3)CC2)C1
-29.01    -28.99     13.33      0.52      n1c(SCc2ccco2)n(N)c(CCCCCCCC)n1
-40.80    -39.96     10.30      0.61      C(c1ncc(NC(c2cnc(N3CC4C(c5ccccc5)(C4)C3)nc2)=O)cn1)(F)(F)F
-22.29    -22.22      6.88      0.35      C(=O)(c1ccc([N+](=O)[O-])o1)N1CCN(c2ccccc2F)CC1
-29.96    -30.28    -17.06      0.16      n1cccn2ncc(C(=O)Nc3c(F)c(-c4c(F)cccc4)cc(C(F)(F)F)c3)c12
-24.29    -24.43     -0.63      0.29      CC1=NN(C(CCl)=O)C(c2c(OC)ccc(OC)c2)C1
Human-Component   raw_Human-Component
0.06451612710952759   0.06451612710952759   
0.4838709533214569   0.4838709533214569   
0.32258063554763794   0.32258063554763794   
0.22580644488334656   0.22580644488334656   
1.0   1.0   
0.5161290168762207   0.5161290168762207   
0.6129032373428345   0.6129032373428345   
0.35483869910240173   0.35483869910240173   
0.16129031777381897   0.16129031777381897   
0.29032257199287415   0.29032257199287415   

14:52:40: local_reinforcement_logger.timestep_report +41: INFO     
 Step 28   Fraction valid SMILES: 100.0   Score: 0.5000   Time elapsed: 24   Time left: 18.2
  Agent     Prior     Target     Score     SMILES
-27.91    -28.07     46.00      0.90      c1cc(-c2ccc(C3(CNC(=O)Nc4cc(Cl)cc(C#N)c4)CCN(C4CCC4)CC3)cc2)ccc1
-29.36    -28.98     34.50      0.77      c1c(C(=O)N2CCc3n(c(C4CN(C)CCC4)nn3)CC2)cccc1OC
-31.17    -31.09    -15.22      0.19      c1(C(=O)N)c[nH]c(=NCCNS(c2ccc3c(c2)OCCO3)(=O)=O)nc1-c1ccccc1
-28.70    -28.34      3.40      0.39      COc1ccc(C(=O)N=c2nc3n(c(NC4CC4)c2)[nH]cc3C(N)=O)cc1
-22.16    -22.00     25.62      0.58      c1oc(-c2nn3c(nc(C)cc3N(CCC)CCC)n2)cc1
-35.43    -35.97     40.74      0.94      C(CCC)(NCC1CCCc2c1c(OCCCCCC)ccc2)C
-24.59    -24.33     -5.81      0.23      c1cc(OC)c(OC(c2cc3c(o2)cccc3)=O)cc1
-22.99    -23.46     47.96      0.87      c12ccccc1cccc2C1CC(c2ccccc2)=NN1C
-37.64    -37.41     31.37      0.84      Fc1c2c(ccc1)C(=Cc1c(Cl)cc(OCc3c(S(N4CCCC4)(=O)=O)cccc3)cc1)C(=O)N2
-19.33    -19.40     30.86      0.61      COc1cc(-c2c[nH]c(=N)nc2-c2ccccc2)ccc1
Human-Component   raw_Human-Component
0.9032257795333862   0.9032257795333862   
0.774193525314331   0.774193525314331   
0.19354838132858276   0.19354838132858276   
0.3870967626571655   0.3870967626571655   
0.5806451439857483   0.5806451439857483   
0.9354838728904724   0.9354838728904724   
0.22580644488334656   0.22580644488334656   
0.8709677457809448   0.8709677457809448   
0.8387096524238586   0.8387096524238586   
0.6129032373428345   0.6129032373428345   

14:52:41: local_reinforcement_logger.timestep_report +41: INFO     
 Step 29   Fraction valid SMILES: 100.0   Score: 0.5000   Time elapsed: 26   Time left: 18.2
  Agent     Prior     Target     Score     SMILES
-32.38    -32.66      7.01      0.48      C(NC(C1N(C(=O)C(=O)CCCCCC)CCCC1)=O)CC(=O)N
-30.54    -30.83     35.30      0.81      C(CCN=c1c2c(c(C(N)=O)cc(-c3cc(OC)c(OC)cc3)c2)c(C#N)c[nH]1)N1CCOCC1
-20.19    -20.42     11.32      0.39      C1CN(c2ccc(NC(c3ccc(C)cc3)=O)cc2)CCN1C(=O)c1occc1
-39.04    -38.65      3.67      0.52      c1ccc(C(=O)N(CC)CC2CCCN3C2CCC2(C)C(c4ccc(F)cc4)=NOC23)cc1
-26.60    -27.10     49.61      0.94      c12c(c(N3CCCCCC3)ccc1)nc(SC)[nH]2
-40.58    -41.09     32.97      0.90      C1CN(Cc2c(O)cc(C(C(O)=O)Cc3ccc(O)cc3)c(O)c2)CCN1CC1CCc2c(cccc2)C1
-29.58    -29.93      7.10      0.45      CCCN1CCN(C(Nc2ccc(S(=O)(=O)NCCc3cc(OC)c(OC)cc3)cc2)=O)CC1
-25.03    -25.02     -6.50      0.23      n1cc(NC(=NC#N)NCc2ccccc2)ncc1
-26.73    -26.45    -18.51      0.10      Clc1cc(Cl)cc(C(NCc2cc(NS(C)(=O)=O)ccc2)=O)c1
-29.03    -28.95     -5.14      0.29      s1c(-c2cc(-c3ccc(OCC)cc3)nc(-c3c(O)cc(C)cc3)c2)ccc1
Human-Component   raw_Human-Component
0.4838709533214569   0.4838709533214569   
0.8064516186714172   0.8064516186714172   
0.3870967626571655   0.3870967626571655   
0.5161290168762207   0.5161290168762207   
0.9354838728904724   0.9354838728904724   
0.9032257795333862   0.9032257795333862   
0.4516128897666931   0.4516128897666931   
0.22580644488334656   0.22580644488334656   
0.09677419066429138   0.09677419066429138   
0.29032257199287415   0.29032257199287415   

14:52:42: local_reinforcement_logger.timestep_report +41: INFO     
 Step 30   Fraction valid SMILES: 100.0   Score: 0.5000   Time elapsed: 27   Time left: 17.4
  Agent     Prior     Target     Score     SMILES
-23.64    -23.60     10.78      0.42      c12c(c3c(nc(SCc4cnccc4)n(-c4ccccc4)c3=O)s1)CCCC2
-31.23    -31.62     42.44      0.90      C1CN(C(=S)S)C(=O)C1C1=CCCN1CCO
-31.61    -32.06     -0.32      0.39      C1N(Cc2ccccc2F)CCc2c(CNC(=O)C3COCC3)cnn21
-24.36    -24.39     52.32      0.94      c1c(C(=N)N)cc2c(c1)[nH]c(-c1ccc3c(c1)ccc(C(=N)N)c3)n2
-31.38    -31.22     13.75      0.55      Cc1ccccc1-n1c(O)c(CC(=O)Nc2cccc(Cl)c2C)n(CCOC)c1=O
-19.85    -20.42     -4.54      0.19      N1(CC(NC)=O)c2ccccc2Sc2ccccc21
-31.19    -31.20    -17.97      0.16      FC(F)(F)c1cccc(-c2c(C(c3ccccc3)=O)cc3c(cc4c(c3)OCO4)c2O)c1
-27.69    -27.72     33.12      0.74      C(CCCNC(=O)CCCCC1CCSS1)CC(=N)NNC(=O)N
-29.25    -29.86     -8.70      0.26      C1C(COc2cc(CN3C(=O)N(Cc4cc(C(N=c5cccc[nH]5)=O)ccc4)C(Cc4ccccc4)C(O)C(O)C3Cc3ccccc3)ccc2)CC1
-27.34    -28.00    -20.06      0.10      C1CN(C(=O)CSc2n[nH]c(=NC(=O)C3CC3)s2)CCN1Cc1cc2c(cc1)OCO2
Human-Component   raw_Human-Component
0.4193548262119293   0.4193548262119293   
0.9032257795333862   0.9032257795333862   
0.3870967626571655   0.3870967626571655   
0.9354838728904724   0.9354838728904724   
0.5483871102333069   0.5483871102333069   
0.19354838132858276   0.19354838132858276   
0.16129031777381897   0.16129031777381897   
0.7419354915618896   0.7419354915618896   
0.25806450843811035   0.25806450843811035   
0.09677419066429138   0.09677419066429138   

14:52:43: local_reinforcement_logger.timestep_report +41: INFO     
 Step 31   Fraction valid SMILES: 100.0   Score: 0.5000   Time elapsed: 28   Time left: 16.6
  Agent     Prior     Target     Score     SMILES
-19.41    -19.85     56.85      0.94      COc1ccc(-c2cc(-c3ccc(N4CCNCC4)cc3)[nH]n2)cc1
-29.92    -30.25     27.94      0.71      C(N1CCC(c2ccccc2)CC1)(=O)c1cc2c(C)c(C)[nH]c2c(Br)c1
-22.43    -22.35     -3.84      0.23      c1cc(OC)ccc1-c1[nH]c(=O)c(C(=O)O)c(O)c1-c1ccccc1
-38.89    -38.80    -22.92      0.19      FC(c1cc(=O)oc2c1c(O)c1c(c2)OCC(C)C1(C)C)C(=O)O
-21.26    -21.23     18.45      0.48      c1(C(=O)OC)ccc(NCCC2=CCCCC2)cc1
-30.07    -30.47    -17.24      0.16      [nH]1[nH]ccc1=NC(CN1C(=O)CSc2c1cc(S(N1CCCC1)(=O)=O)cc2)=O
-20.25    -20.54     40.30      0.74      c1cc(CN(C)CC=Cc2occc2)ccc1
-21.62    -21.23    -21.23      0.00      c1(NC(C[n+]2c(C)cccc2)=O)ccc([N+]([O-])=O)cc1
-43.86    -44.75     24.02      0.84      C1CCN2CCC3N(C(C)=O)C(=O)C4NC(C1)CC23c1c(cccc1)C4
-23.00    -23.09      3.36      0.32      O=S(=O)(NC1CN(c2ccccc2)C(=O)C1)c1ccc([N+]([O-])=O)cc1
Human-Component   raw_Human-Component
0.9354838728904724   0.9354838728904724   
0.7096773982048035   0.7096773982048035   
0.22580644488334656   0.22580644488334656   
0.19354838132858276   0.19354838132858276   
0.4838709533214569   0.4838709533214569   
0.16129031777381897   0.16129031777381897   
0.7419354915618896   0.7419354915618896   
0.0   0.0   
0.8387096524238586   0.8387096524238586   
0.32258063554763794   0.32258063554763794   

14:52:45: local_reinforcement_logger.timestep_report +41: INFO     
 Step 32   Fraction valid SMILES: 93.8   Score: 0.4688   Time elapsed: 29   Time left: 15.8
  Agent     Prior     Target     Score     SMILES
-21.52    -21.75     40.45      0.76      C1CN(Cc2c(C)[nH]c3c(cc(OC)c(OC)c3)c2=O)CCCC1
-18.48    -18.97     48.89      0.83      C(CCCCCCCCCC)CCCCCOCCO
-21.63    -22.38     -5.41      0.21      C1CN(c2ncc(C(=O)Nc3ccccc3N)cn2)CCC1
-28.09    -27.52      3.59      0.38      C(c1ccc2c(c1)OC(c1cc(OC)c(O)cc1)C(CO)O2)(CC)CC
-21.77    -22.03     48.66      0.86      c1(CCSc2ccccc2)n[nH]c(=S)n1C
-27.06    -28.51     53.49      1.00      C1CN(CCCN=c2c3sc(Br)cc3nc[nH]2)CCN1c1ccc(F)cc1
-24.39    -24.23    -15.75      0.10      n12ncc(Cl)c1nc(-c1cccs1)cc2N1CCN(C(=O)c2ccoc2)CC1
-32.90    -32.37    -29.54      0.03      c1cc(Cl)ccc1-n1c(OC(=O)c2cc(C)ccc2)c(C(=O)Nc2ccc(Br)cc2)c(C)n1
-23.13    -23.26    -17.60      0.07      CN(C)Cc1c(O)c(OC)c(O)c2c(=O)cc(-c3ccc(O)cc3)oc12
-27.88    -27.68     28.87      0.69      N1(c2cc(Cl)ccc2)CCN(C(=O)NC(Nc2ccc(Cl)c(Cl)c2)=S)CC1
Human-Component   raw_Human-Component
0.7586206793785095   0.7586206793785095   
0.8275862336158752   0.8275862336158752   
0.2068965584039688   0.2068965584039688   
0.37931033968925476   0.37931033968925476   
0.8620689511299133   0.8620689511299133   
1.0   1.0   
0.1034482792019844   0.1034482792019844   
0.03448275849223137   0.03448275849223137   
0.06896551698446274   0.06896551698446274   
0.6896551847457886   0.6896551847457886   

14:52:46: local_reinforcement_logger.timestep_report +41: INFO     
 Step 33   Fraction valid SMILES: 100.0   Score: 0.5000   Time elapsed: 30   Time left: 15.0
  Agent     Prior     Target     Score     SMILES
-32.07    -32.12     -3.02      0.35      O=C(OC)N1CCN(C(NCc2ccc(C#N)cc2)=O)C1C(C)C
-30.30    -30.86     40.56      0.87      c12c(ccc(CNC(N3c4ccccc4Sc4ccccc43)=O)c1)CCN2C
-25.74    -25.75     21.86      0.58      c1c(C=C2C(=O)NC(=Nc3ccccc3OC)S2)c(O)c(OC)cc1
-24.52    -24.87     41.26      0.81      COc1cc(S(=O)(=O)c2cnc3c(c2N2CCCC2)cc(Cl)cc3)ccc1OC
-28.61    -28.16    -12.28      0.19      c1c(-c2occc2)cccc1C(=O)NC(C)(CO)C
-26.41    -26.70    -16.12      0.13      Fc1cccc(C=CC(NCCNS(=O)(=O)C)=O)c1
-29.19    -30.03    -24.74      0.06      C1N(C(=O)c2cc(-c3sccc3)cc(C(F)(F)F)c2)CCN(Cc2cc3c(cc2)OCO3)C1
-52.06    -52.57     -7.60      0.55      C1C(C#N)=C(C)Cc2c3oc4cc(OC)c5c(c4c(=O)o5)c(O)c(OC)c3ccc21
-33.94    -33.96    -12.80      0.26      c1(C(CNCC(=O)N(C)CC)O)c2occc2c(F)cc1
-20.91    -21.10     39.74      0.74      O=C1C(=NCC(C)C)C(Cl)C(=O)c2c1cccc2
Human-Component   raw_Human-Component
0.35483869910240173   0.35483869910240173   
0.8709677457809448   0.8709677457809448   
0.5806451439857483   0.5806451439857483   
0.8064516186714172   0.8064516186714172   
0.19354838132858276   0.19354838132858276   
0.12903225421905518   0.12903225421905518   
0.06451612710952759   0.06451612710952759   
0.5483871102333069   0.5483871102333069   
0.25806450843811035   0.25806450843811035   
0.7419354915618896   0.7419354915618896   

14:52:47: local_reinforcement_logger.timestep_report +41: INFO     
 Step 34   Fraction valid SMILES: 100.0   Score: 0.5000   Time elapsed: 32   Time left: 14.6
  Agent     Prior     Target     Score     SMILES
-25.18    -26.08     29.47      0.68      C1CCCN(c2sc3c(n2)[nH]c(-c2ccco2)nc3=O)C1
-34.73    -34.15    -15.63      0.23      c1(CS(c2ccccc2)(=O)=O)c(C(NNCc2ccc(OC)cc2)=O)c(C(F)(F)F)nn1C
-29.94    -30.18    -22.24      0.10      FC(CNC(=O)C(c1cc(F)c(NS(=O)(C)=O)cc1)C)(CC1CC1)c1cscn1
-54.99    -54.37     -1.47      0.65      n1nnc(N2CCC(S(=O)(=O)CC(C)(C)C(=O)NCCC(C)C)CC2)c2ccc(C(F)(F)F)nc12
-35.95    -35.66     -3.92      0.39      C1OCCC(n2c3c(cc(C(Nc4ccc(OC)c(OC)c4)=O)s3)cc2C(OC)=O)C1
-28.80    -29.04     37.09      0.81      C12C3CCC(C(O)(CCC(=O)CC)C)C3(C)CCC1C1(C)C(=CC2)CC(O)CC1
-30.10    -32.29     25.91      0.71      C(N1CCC(CNC(c2c(OCC)cc3n(C)c(=N)[nH]c3c2)=O)CC1)c1cc2ccccc2cc1
-29.47    -29.73     15.24      0.55      c1c(Cl)ccc(CCNC(c2ccc3n(Cc4ccc(Cl)cc4)c(-c4ccccc4)nc3c2)=O)c1
-36.71    -36.36      3.31      0.48      C12(c3ccc(Cl)cc3)N(NC(=O)C)C(=O)C(C)(c3ccccc31)N2
-24.02    -23.65     -7.78      0.19      c1(S(=O)(=O)N)cc(C(NCCc2ccc(OC)cc2)=O)c(OC)cc1
Human-Component   raw_Human-Component
0.6774193644523621   0.6774193644523621   
0.22580644488334656   0.22580644488334656   
0.09677419066429138   0.09677419066429138   
0.6451612710952759   0.6451612710952759   
0.3870967626571655   0.3870967626571655   
0.8064516186714172   0.8064516186714172   
0.7096773982048035   0.7096773982048035   
0.5483871102333069   0.5483871102333069   
0.4838709533214569   0.4838709533214569   
0.19354838132858276   0.19354838132858276   

14:52:49: local_reinforcement_logger.timestep_report +41: INFO     
 Step 35   Fraction valid SMILES: 93.8   Score: 0.4688   Time elapsed: 33   Time left: 13.8
  Agent     Prior     Target     Score     SMILES
-52.16    -51.81    -43.33      0.10      CC(OC1C(OC(=O)C)C(OC(C)=O)C2(O)C(C)=C(OC(C)=O)C3(C)C(CCC3)C1(C)C2C(C)C)=O
-41.08    -41.87     28.82      0.86      COCCN1CCC2CC(N(Cc3ccc(CC)cc3)CCOC)CC12
-31.61    -31.48     -3.20      0.34      c1(SCCCOc2ccc([N+](=O)[O-])cc2)nc(=Nc2cccnc2)cc(Cl)[nH]1
-18.62    -19.56     53.96      0.90      C1CN(c2nc(N3CCOCC3)nc(-c3cccc4[nH]ncc34)n2)CCO1
-38.08    -37.73    -37.73      0.00      Oc1cc2sc3c4c(=NCCCn5cncc5)ccc5c4c([nH]c5ccc3OC)c2cc1
-35.89    -36.91     13.99      0.62      n1c2c(sc1CC)cc(C=CC(c1cc(NCc3nc[nH]c3)ccc1)=O)cc2
-30.61    -30.96     -5.51      0.31      c1cscc1C1=CC(=O)CC2(c3c(cc(OC)cc3)CCC2)C1
-27.71    -27.35     32.03      0.72      c1(Cl)ccc(-c2nc3cc(C(O)=O)ccc3n2C2CC3N(C4CCCCCCC4)C(CC3)C2)cc1
-28.64    -28.32    -28.32      0.00      O=C(Nc1ccccc1CC)CSc1[nH]c(C)c(CC(C)C)c(=O)n1
-25.02    -24.99     42.87      0.83      C1(O)C(O)C(CO)OC1n1c2ncnc(C#N)c2c(-c2ccc(Cl)cc2)c1
Human-Component   raw_Human-Component
0.1034482792019844   0.1034482792019844   
0.8620689511299133   0.8620689511299133   
0.3448275923728943   0.3448275923728943   
0.8965517282485962   0.8965517282485962   
0.0   0.0   
0.6206896305084229   0.6206896305084229   
0.3103448152542114   0.3103448152542114   
0.7241379022598267   0.7241379022598267   
0.0   0.0   
0.8275862336158752   0.8275862336158752   

14:52:50: local_reinforcement_logger.timestep_report +41: INFO     
 Step 36   Fraction valid SMILES: 100.0   Score: 0.5000   Time elapsed: 34   Time left: 12.9
  Agent     Prior     Target     Score     SMILES
-21.71    -22.15    -11.57      0.13      CCN1CCN(C(c2c3ccccc3nc(-c3ccc(OC)c(OC)c3)c2)=O)CC1
-40.22    -40.96     -3.93      0.45      Clc1nn2c(N(C)CCCN(C(=O)c3cc(C#N)ccc3)CCCC)nc(C)nc2c1
-22.09    -21.86    -21.86      0.00      c1ccccc1S(=O)(=O)c1c(SC(C)C)oc(-c2sccc2)n1
-26.69    -26.89    -18.95      0.10      C1CS(=O)(=O)CC1NC(COc1ccc(C(C)=NO)cc1)=O
-31.13    -30.87     48.49      0.97      c1(OC2CCN(Cc3ccc(C#N)cc3)CC2)c(F)c(OC)cc(C(=O)NC)c1
-23.33    -23.66      5.43      0.35      c1c(NCc2cc3c([nH]c2=O)ccc(C)c3)cc(F)c(F)c1
-23.05    -22.76     46.01      0.84      S1C(=S)N(CC)C(=O)C1=Cc1cc(O)c(O)c(O)c1
-27.12    -26.66     -8.14      0.23      c1(OC)c(O)ccc(CCC(c2c(OCC(=O)OCC)cc(OC)cc2)=O)c1
-26.22    -25.85    -23.21      0.03      O(C)c1ccc(C(CSc2n(-c3ccccc3)c(Cn3c4ccccc4sc3=O)nn2)=O)cc1
-35.86    -36.40     21.79      0.71      C1Oc2cc(C(O)Nc3cccc(C)c3)c(Cl)cc2C1=O
Human-Component   raw_Human-Component
0.12903225421905518   0.12903225421905518   
0.4516128897666931   0.4516128897666931   
0.0   0.0   
0.09677419066429138   0.09677419066429138   
0.9677419066429138   0.9677419066429138   
0.35483869910240173   0.35483869910240173   
0.8387096524238586   0.8387096524238586   
0.22580644488334656   0.22580644488334656   
0.032258063554763794   0.032258063554763794   
0.7096773982048035   0.7096773982048035   

14:52:51: local_reinforcement_logger.timestep_report +41: INFO     
 Step 37   Fraction valid SMILES: 90.6   Score: 0.4531   Time elapsed: 36   Time left: 12.3
  Agent     Prior     Target     Score     SMILES
-25.39    -24.31      7.90      0.39      O(c1c(OC)c(OC)cc(-c2nccc3n(C)c(=O)n(C)c(=O)c32)c1)C
-35.53    -35.02     17.69      0.64      n1ccc(C)c2cc(C(=O)N3C(c4n[nH]cn4)CCC3)n(C)c12
-40.75    -41.15    -20.65      0.25      c12cc3c(c(O)c1C(=O)CC(c1ccccc1)O2)OC(C)(C)C1CCC(C)=CC2(O1)CCCCC23
-52.38    -53.20      5.37      0.71      CC1(C)C(c2ccc(Cl)cc2)NN=C(C(F)(F)C)C1NN=CN1C(C(=O)O)CCCC1
-25.16    -25.11    -16.32      0.11      O=c1n(-c2ccc(OC)cc2)c(=NC2CCCCC2)[nH]c2sc3c(c12)CCN(C)C3
-39.10    -38.24    -35.31      0.04      C(c1ccccc1)(c1ccccc1)(COCc1cc(C(F)(F)F)c(O)c(O)c1)CCNCc1ccccc1
-30.48    -30.74     45.41      0.93      c1c(OCCCC)cc2c([nH]c(CN(Cc3[nH]c4c(cccc4)c(=O)n3)C)nc2=O)c1
-31.53    -32.43     46.64      0.96      c1cc(Cl)ccc1C1Nc2nc(=N)[nH]n2C(CCC)C1C#N
-26.07    -25.72    -25.72      0.00      C(c1c(C)cc(C)[nH]c1=O)NC(Nc1ccc(N)cc1)=O
-28.00    -26.96     -0.60      0.32      S(c1nn2c(nnc2-c2ccc(OC)cc2)cc1)CC(N(C)C1CS(=O)(=O)CC1)=O
Human-Component   raw_Human-Component
0.3928571343421936   0.3928571343421936   
0.6428571343421936   0.6428571343421936   
0.25   0.25   
0.7142857313156128   0.7142857313156128   
0.1071428582072258   0.1071428582072258   
0.0357142873108387   0.0357142873108387   
0.9285714030265808   0.9285714030265808   
0.9642857313156128   0.9642857313156128   
0.0   0.0   
0.3214285671710968   0.3214285671710968   

14:52:53: local_reinforcement_logger.timestep_report +41: INFO     
 Step 38   Fraction valid SMILES: 100.0   Score: 0.5000   Time elapsed: 37   Time left: 11.4
  Agent     Prior     Target     Score     SMILES
-24.52    -25.28     51.43      0.94      C1C(CN(C)C)c2c(c(O)ccc2)CC1c1ccc(Cl)cc1
-43.44    -43.44    -32.86      0.13      O=C1C=C2CCC3C(C12C)CCC1(C)C3CCC1(O)C(CSC1=C(Cl)C=CC(C)=C1)=O
-29.22    -28.91     -5.10      0.29      S1CCN(C(c2c(-n3nccn3)ccc(C)n2)=O)CC1Oc1cc(F)ccc1
-27.07    -26.82    -24.17      0.03      n1oc(CCOc2ccc(OCC(=O)O)c(C)c2)nc1-c1ncccc1
-39.67    -38.69      3.64      0.52      c1c(F)cc(F)c(Oc2c(C(NC(c3c(F)ccc(C)c3)CC)=O)cc(Cl)c(Cl)c2)n1
-32.74    -34.65     -2.91      0.39      CC1(C)C=C(CNCCNCCOC)c2cc(F)ccc2S1
-22.21    -22.28     -1.12      0.26      c1c(NC(NCC=C)=O)cccc1C(=O)C
-24.97    -26.12     53.23      0.97      c1c(OCCCN2CCN(c3cccc(C(F)(F)F)c3)CC2)cc2cc3n(c2c1)CCNC3=O
-31.65    -31.79     31.69      0.77      Clc1cc(C)c(NC(=O)NCCc2c3ccc(O)cc3[nH]c2)c(Cl)c1
-32.68    -31.38    -23.44      0.10      C(C(NC1C(C)OC(C(O)=O)C1)=O)Oc1ccc([N+]([O-])=O)cc1
Human-Component   raw_Human-Component
0.9354838728904724   0.9354838728904724   
0.12903225421905518   0.12903225421905518   
0.29032257199287415   0.29032257199287415   
0.032258063554763794   0.032258063554763794   
0.5161290168762207   0.5161290168762207   
0.3870967626571655   0.3870967626571655   
0.25806450843811035   0.25806450843811035   
0.9677419066429138   0.9677419066429138   
0.774193525314331   0.774193525314331   
0.09677419066429138   0.09677419066429138   

14:52:54: local_reinforcement_logger.timestep_report +41: INFO     
 Step 39   Fraction valid SMILES: 100.0   Score: 0.5000   Time elapsed: 39   Time left: 10.7
  Agent     Prior     Target     Score     SMILES
-33.36    -35.02      2.02      0.45      N1=NNC(SCC(=O)N2CCN(c3ccc(F)cc3)CC2)=NC(c2ccc(C)cc2)=C1
-25.47    -26.17     53.19      0.97      C1N(CCCCCCN(C(Nc2ccc(F)cc2F)=O)c2ccccc2)CCCC1
-52.10    -51.53    -30.37      0.26      C(=O)(OCc1ccccc1)CNC(CC12CC3CC(NC(=O)CCCCCCC(NCCCCNC(C(CCCN=C(N)N)N)=O)=O)(C1)CC(C3)C2)=O
-27.86    -27.48    -16.90      0.13      c1(OCC)c(C(NNC(=S)Nc2cccc(SC)c2)=O)cccc1
-21.72    -22.09     -8.86      0.16      COC(=O)c1ccc(NC(CCN2C(=S)SC(=Cc3ccccc3)C2=O)=O)cc1
-23.17    -23.72     52.99      0.94      CC(C)(C)C1CCC(c2ccc(CCCCCC)cc2)CC1
-28.53    -29.57     18.04      0.58      c1ccc(NC(C2CCCN(c3c4c(ncn3)n[nH]c4)C2)=O)cc1CC
-24.37    -25.11     33.08      0.71      c1c(CNCCC(=O)N2c3c(cccc3)CCc3c2cccc3)cccc1
-32.12    -31.74      7.93      0.48      C1(CC(O)c2c3c(nc(CCc4ccccc4)cc3)n(C(=O)N(C)C)c2)CCCCN1C
-22.29    -22.81     43.32      0.81      CC1(C)Oc2[nH]cnc(=Nc3cccc(Cl)c3F)c2CC1C
Human-Component   raw_Human-Component
0.4516128897666931   0.4516128897666931   
0.9677419066429138   0.9677419066429138   
0.25806450843811035   0.25806450843811035   
0.12903225421905518   0.12903225421905518   
0.16129031777381897   0.16129031777381897   
0.9354838728904724   0.9354838728904724   
0.5806451439857483   0.5806451439857483   
0.7096773982048035   0.7096773982048035   
0.4838709533214569   0.4838709533214569   
0.8064516186714172   0.8064516186714172   

14:52:56: local_reinforcement_logger.timestep_report +41: INFO     
 Step 40   Fraction valid SMILES: 100.0   Score: 0.5000   Time elapsed: 41   Time left: 10.0
  Agent     Prior     Target     Score     SMILES
-32.28    -32.40    -24.46      0.10      c1ccc(N=c2[nH]c3cc(N)cc(NC(c4ccccc4)C)c3c(=N)[nH]2)cc1
-22.88    -23.89     44.89      0.84      C1CCCc2c(O)n(-c3cc(C(N4CCN(c5cc(OC)ccc5)CC4)=O)ccc3)c(O)c21
-46.92    -45.84    -32.62      0.16      c1cc(-c2ccccc2)cc(CN(c2cc(Oc3ccc(Cl)cc3)ccc2)C(=O)CNC(N[N+]([O-])=O)=N)c1
-38.64    -37.21      7.76      0.55      C1(CO)C(NC(C2(C(F)(F)F)CC2)=O)COc2cccc(C(F)(C(F)(F)F)F)c21
-38.26    -39.17     26.95      0.81      C(CN1C(=O)c2c3c(cccc3C1=O)cc(C(N=CCN1CCSCC1)=O)c2)N1CCCCC1
-21.49    -21.46      7.64      0.35      N(c1ccccc1)C(c1c(N)[nH]c(=S)[nH]c1=O)=O
-22.12    -21.92     30.98      0.65      N(CCc1c[nH]c2ccccc12)=c1cc(C)[nH]c(=N)[nH]1
-31.29    -31.39      3.00      0.42      c1(C)ccc(C#Cc2ccc(CC(CC(=O)O)C(O)=O)cc2)s1
-45.10    -45.69     15.15      0.74      c1c2cc[nH]c2c2c(c1)C1CC(c3[nH]c4ccc(C(F)(F)F)cc4n3)=CCC1CN2C(=O)OCC
-30.65    -30.77     -9.61      0.26      c1cc(C(N)=N)cc(CC(C(=O)N2CCN(C(=O)C3CCCN3C(OCc3ccccc3)=O)CC2)C)c1
Human-Component   raw_Human-Component
0.09677419066429138   0.09677419066429138   
0.8387096524238586   0.8387096524238586   
0.16129031777381897   0.16129031777381897   
0.5483871102333069   0.5483871102333069   
0.8064516186714172   0.8064516186714172   
0.35483869910240173   0.35483869910240173   
0.6451612710952759   0.6451612710952759   
0.4193548262119293   0.4193548262119293   
0.7419354915618896   0.7419354915618896   
0.25806450843811035   0.25806450843811035   

14:52:58: local_reinforcement_logger.timestep_report +41: INFO     
 Step 41   Fraction valid SMILES: 100.0   Score: 0.5000   Time elapsed: 43   Time left: 9.2
  Agent     Prior     Target     Score     SMILES
-27.40    -27.58     51.78      0.97      c1c(C(c2nnnn2C2CCCCC2)N2CCN(c3c(OC)cccc3)CC2)cc2c([nH]c(O)c2)c1
-22.74    -23.08     29.82      0.65      N1(c2ncccc2)CCN(c2c(F)cc3c(=O)c(C(O)=O)cn(C4CC4)c3c2C(F)(F)F)CC1
-29.33    -28.77    -18.19      0.13      O=S(=O)(c1cc(C(NC(C)c2c(OC)nccc2)=O)ccc1)N1CCCC1
-30.44    -30.15     30.69      0.74      C1CN(c2cc(-c3c(-c4ccc(F)cc4)nc(SC)n3C)ccn2)CCC1CC(=O)O
-35.97    -37.35     12.90      0.61      n1ccc(CCCCCC(NCCCNCCCNCCCNCCCNC(c2c(N)[nH]c(=N)c(Cl)n2)=O)=O)cc1
-28.52    -28.70     34.79      0.77      c1ccc2c(c1)NC(=O)C21C(C(=O)c2ccc(O)cc2)C(c2ccc(O)cc2)NC(=S)N1
-21.80    -23.17     45.60      0.84      C1CN(CC2CCCCC2)CCN1C(Nc1cc(Cl)ccc1)=O
-37.50    -38.32     35.75      0.90      C1C2COC(O)(c3oc4c(c3)cc(-c3cc(Cl)ccc3)cc4)CN2CCC1
-35.04    -35.46     -3.71      0.39      c1c(Cc2c[nH]c3[nH]c(=NCCCCO)oc(=O)c32)ccc(F)c1
-27.19    -27.05     20.56      0.58      c1c(OC)c(OC)c(S(=O)(=O)n2ccc3ccccc23)cc1
Human-Component   raw_Human-Component
0.9677419066429138   0.9677419066429138   
0.6451612710952759   0.6451612710952759   
0.12903225421905518   0.12903225421905518   
0.7419354915618896   0.7419354915618896   
0.6129032373428345   0.6129032373428345   
0.774193525314331   0.774193525314331   
0.8387096524238586   0.8387096524238586   
0.9032257795333862   0.9032257795333862   
0.3870967626571655   0.3870967626571655   
0.5806451439857483   0.5806451439857483   

14:53:00: local_reinforcement_logger.timestep_report +41: INFO     
 Step 42   Fraction valid SMILES: 96.9   Score: 0.4844   Time elapsed: 45   Time left: 8.4
  Agent     Prior     Target     Score     SMILES
-32.34    -33.74     37.33      0.87      CC1(C)C(c2ccccc2)N(c2ccc(N=c3[nH]cnc4c3ccc(C(F)(F)F)c4)cc2)CCO1
-29.17    -28.90      1.17      0.37      CCc1nc2c(c(OC)c(OC)c(OC)c2)cc1-c1ccc(C)cc1
-23.65    -24.13    -10.46      0.17      c1ccccc1CCCn1sc2nc(C)cc(C)c2c1=O
-19.32    -20.14     37.26      0.70      C1CCC(Cc2ccccc2)=CC1
-33.36    -32.65     32.95      0.80      O(Cc1ccc(OCCCCCCC(O)=O)cc1)C(c1ccccc1)c1ccccc1
-23.94    -24.40     49.40      0.90      N1C(=O)c2c3c(c4[nH]c5c(cc(O)cc5)c4c2C1=O)c(O)ccc3
-30.17    -30.70     -8.83      0.27      C1(=O)CCC2N(C(c3c(C)nc(C#N)cc3C)=O)CCN12
-24.58    -25.50     56.50      1.00      n1n(CCCN2CCN(c3ccccc3)CC2)c(=O)nc2oc(C)nc12
-70.07    -70.09    -70.09      0.00      C(C)Cc1c2cc(O)c3c4c(cc(O)c3)CCC3c5c(c1-4)C(N)CC5C(O3)n1c2ccc1
-19.69    -19.58     32.35      0.63      c1c(F)ccc(Oc2cc(C(F)(F)F)c(C#N)cc2)c1F
Human-Component   raw_Human-Component
0.8666666746139526   0.8666666746139526   
0.36666667461395264   0.36666667461395264   
0.1666666716337204   0.1666666716337204   
0.699999988079071   0.699999988079071   
0.800000011920929   0.800000011920929   
0.8999999761581421   0.8999999761581421   
0.2666666805744171   0.2666666805744171   
1.0   1.0   
0.0   0.0   
0.6333333253860474   0.6333333253860474   

14:53:02: local_reinforcement_logger.timestep_report +41: INFO     
 Step 43   Fraction valid SMILES: 96.9   Score: 0.4844   Time elapsed: 46   Time left: 7.3
  Agent     Prior     Target     Score     SMILES
-30.06    -29.48     19.72      0.60      c1ccnc(Cc2n(C)nc(C(F)(C)F)c2)c1
-22.53    -22.67     34.73      0.70      c1(-c2c3c(sc2)ncnc3N2CCC(CN3CC(N(C)C)CCC3)CC2)ccccc1
-27.26    -28.49     53.51      1.00      c12cc(CNC3CCN(CCc4c5c(ccc(OC)c5)ncc4F)CC3)[nH]c1c(C)c(F)cc2
-23.60    -23.49     44.84      0.83      c12cccc(NC(c3noc(CC(C)C)c3)=O)c1CCN(C)C2
-44.45    -43.26    -35.06      0.10      C(n1nccc2c3c(cc(OC)c(OC)c3)nc1-2)CCCCCCC(=O)OCCCCCC
-20.84    -20.71     17.56      0.47      o1c(Br)c(Br)cc1CO
-34.50    -34.36    -28.89      0.07      c1(C(C)N=c2cc(-c3ncccc3)[nH]c(=NC3CNCC3)[nH]2)nc(-c2ccccc2)no1
-39.49    -39.61     -9.54      0.37      CC1(C)C(OC2OCC(O)C(O)C2O)C2OCC3(C)CCCC(C)(C)OC3C2=C1C=O
-22.87    -23.12      9.68      0.40      c1c(C)cccc1-c1[nH]cnc(=NC)n1
-27.62    -26.86    -13.19      0.17      c1ccc(C(N2CCN(C(Nc3c(C)ccc(C(=O)O)c3)=O)CC2)c2ccccc2)cc1
Human-Component   raw_Human-Component
0.6000000238418579   0.6000000238418579   
0.699999988079071   0.699999988079071   
1.0   1.0   
0.8333333134651184   0.8333333134651184   
0.10000000149011612   0.10000000149011612   
0.46666666865348816   0.46666666865348816   
0.06666667014360428   0.06666667014360428   
0.36666667461395264   0.36666667461395264   
0.4000000059604645   0.4000000059604645   
0.1666666716337204   0.1666666716337204   

14:53:03: local_reinforcement_logger.timestep_report +41: INFO     
 Step 44   Fraction valid SMILES: 100.0   Score: 0.5000   Time elapsed: 48   Time left: 6.4
  Agent     Prior     Target     Score     SMILES
-26.00    -25.35    -22.70      0.03      c1(C)c2c(=O)nc(COC(=O)c3ccc(OC(F)(F)F)cc3)[nH]c2sc1C
-30.18    -30.04     30.80      0.74      C(c1c2c(ccc(C)c2)on1)=Cc1cccc(C)n1
-26.12    -26.25    -26.25      0.00      Clc1cc(NC(=O)CSc2nc(-c3ccco3)cc(C(F)(F)F)n2)c(OCC)cc1
-24.39    -24.46     -5.94      0.23      O=C(Nc1ccc(CC#N)cc1)Nc1ccc(Cl)cc1C
-37.65    -37.06    -23.84      0.16      C1N(C(COc2c(Cl)cc3occ(CN(Cc4ccccc4)C)c(=O)c3c2)C)CCOC1
-26.55    -27.57     27.98      0.68      C1(N=Cc2ccccc2)C2CC3CC1CC(O)(C2)C3
-30.11    -29.76     -5.95      0.29      n1c(-c2cc(Cl)ccc2F)nc(CNC(CO)C(C)(C)C)c(F)c1
-19.72    -20.78     45.35      0.81      FC(F)(F)c1cc(C2NCCN(c3n(C)c(=O)cc(-c4ccncc4)n3)C2)ccc1
-43.71    -44.13      3.48      0.58      C1(C(C(O)=O)NS(=O)(CCNC(=O)c2ccc(CNCCC(=O)O)cc2)=O)CCCc2ccccc21
-27.68    -29.14     44.92      0.90      N(C1CCCC1)C1=NSc2c(cccc2)N1
Human-Component   raw_Human-Component
0.032258063554763794   0.032258063554763794   
0.7419354915618896   0.7419354915618896   
0.0   0.0   
0.22580644488334656   0.22580644488334656   
0.16129031777381897   0.16129031777381897   
0.6774193644523621   0.6774193644523621   
0.29032257199287415   0.29032257199287415   
0.8064516186714172   0.8064516186714172   
0.5806451439857483   0.5806451439857483   
0.9032257795333862   0.9032257795333862   

14:53:05: local_reinforcement_logger.timestep_report +41: INFO     
 Step 45   Fraction valid SMILES: 100.0   Score: 0.5000   Time elapsed: 49   Time left: 5.3
  Agent     Prior     Target     Score     SMILES
-40.89    -42.61     -0.29      0.52      N12C(C3N(CCCC3)C(=O)C1CCC(C)C)c1cc3c(cc1C(C)(C)CCC2)n(C)cc3
-29.76    -29.47    -21.54      0.10      C(CNC(=O)OCc1ccccc1)C1OCC(NC(OC)=O)C1O
-35.78    -36.42    -23.20      0.16      C1CCCC(CCc2cc(N=c3c4ccccc4[nH]c4cc(NC(C)=O)ccc43)ccc2)N1
-44.52    -44.13     14.07      0.71      c1cc(CN2C3C(C(N4CC5C(N(C)C)Cc6c7ccccc7[nH]c6C4CC5)=O)C3CC2)ccc1F
-26.13    -26.16     10.87      0.45      O=S(N1Cc2c(C)nc(N3CCN(C)CC3)nc2CC1)(=O)CC
-22.73    -23.83     55.53      0.97      c1cc(C#N)c(OCCN2CCC(Cc3cccc(N4CCCC4)c3)CC2)cc1
-23.83    -24.08     31.47      0.68      c1cc2[nH]c(CN3CCN(Cc4c(C)ccc(C)c4)CC3)nc2cc1
-26.20    -26.54     50.17      0.94      c1c(C)c2c(cc(OC)c(OC)c2)c(=NCCCCCN2CCCC2)[nH]1
-31.58    -32.12     18.14      0.61      N1(S(=O)(=O)C)CCC2(CC3Cc4ccccc4C3c3ccccc32)CC1
-24.46    -25.77     19.20      0.55      C1C2NCC2N(c2c(F)cc3c(n(C4CC4)cc(C(=O)O)c3=O)n2)C1
Human-Component   raw_Human-Component
0.5161290168762207   0.5161290168762207   
0.09677419066429138   0.09677419066429138   
0.16129031777381897   0.16129031777381897   
0.7096773982048035   0.7096773982048035   
0.4516128897666931   0.4516128897666931   
0.9677419066429138   0.9677419066429138   
0.6774193644523621   0.6774193644523621   
0.9354838728904724   0.9354838728904724   
0.6129032373428345   0.6129032373428345   
0.5483871102333069   0.5483871102333069   

14:53:07: local_reinforcement_logger.timestep_report +41: INFO     
 Step 46   Fraction valid SMILES: 96.9   Score: 0.4844   Time elapsed: 51   Time left: 4.3
  Agent     Prior     Target     Score     SMILES
-27.36    -27.85     13.15      0.50      N1(Cc2ccc3c(c(SC)nn3-c3ccccc3)c2)CCC(N=c2[nH]cnc3ccsc32)CC1
-29.93    -29.83     19.37      0.60      c1(C(=O)NCC(c2ncccc2)N2CCN(C)CC2)nc2c(cc1)cccc2
-34.95    -35.78    -27.58      0.10      c1ccc(CCNCC(NCC(=O)NCc2cc(CNC(CC)=O)ccc2)=O)cc1
-39.34    -40.30    -40.30      0.00      C1C2N(c3c4c(-c5ccc(F)cc5)csc4nc(-c4cscc4)n13)CCN(C)C2
-30.37    -30.76     48.51      0.97      C1CNC(=O)C(N2CCc3c(ccc(OCc4ccncc4)c3)C2)C1
-36.23    -36.10    -19.70      0.20      c1c(NC(C2(c3cccc(F)c3)CCCC2)=O)c(-c2ccncc2)cc(C(C)C)c1
-32.47    -31.55     -4.22      0.33      c1(S(c2c(N3CCOCC3)c3c(nc2)nccc3)(=O)=O)ccncc1
-23.30    -23.80      6.27      0.37      c1ccccc1-n1nnnc1-c1c[nH]c(=N)[nH]c1=N
-22.11    -21.88     13.66      0.43      c12ccc(-c3ccc(OC(F)(F)F)cc3)cc1OCCN(Cc1ncccc1)C2=O
-33.09    -32.79    -32.79      0.00      C1CN(C(=O)CCC(N2CC(C)CC(C)C2)=O)CCN1C(=O)C(N1CCOCC1)C
Human-Component   raw_Human-Component
0.5   0.5   
0.6000000238418579   0.6000000238418579   
0.10000000149011612   0.10000000149011612   
0.0   0.0   
0.9666666388511658   0.9666666388511658   
0.20000000298023224   0.20000000298023224   
0.3333333432674408   0.3333333432674408   
0.36666667461395264   0.36666667461395264   
0.4333333373069763   0.4333333373069763   
0.0   0.0   

14:53:08: local_reinforcement_logger.timestep_report +41: INFO     
 Step 47   Fraction valid SMILES: 100.0   Score: 0.5000   Time elapsed: 52   Time left: 3.2
  Agent     Prior     Target     Score     SMILES
-25.98    -25.73      0.72      0.32      c1(C)cccc2c1nc(-c1ccc(OC(C)(C)C)cc1)[nH]2
-28.90    -29.18     15.79      0.55      n1c(-c2cc(F)cnc2)[nH]c2c1ccnn2
-23.28    -24.13     26.12      0.61      Cc1ccc(-n2c(=O)c(C=Nc3ccc(C)cc3)c[nH]2)cc1
-32.20    -31.76     39.65      0.87      N1(C2CCC(NC(c3cn4c(cccc4C)n3)=O)CC2)CC(C)N(Cc2ccccc2)CC1
-24.13    -24.23    -13.65      0.13      c1(CNC(c2cccc(-n3c(C)nc4cccnc34)c2)=O)ncccc1
-29.46    -29.64    -16.42      0.16      c1(C(NCc2nnn(-c3ccc(NC(=O)C)cc3)c2)=O)cnc2c(cccc2)c1
-34.26    -34.83    -29.54      0.06      C(#N)C1CCN(c2[nH]c(=N)c3c(c(=NCc4ccco4)[nH]c(N4CCOCC4)n3)n2)CC1
-22.20    -22.85     11.54      0.42      C1CC2C(C)(C)C(O)CCC2(C)C2C1(C)C1(C)CCC(C3(C)OC(C(C)(O)C)CC3)C1C(=O)C2
-22.86    -24.56     54.79      0.97      C1CN(CCCOc2cccc(C3(C)CCSC(=N)N3)c2)CCC1
-21.19    -21.89     -0.73      0.26      C1C(C)CN(S(c2sccc2)(=O)=O)CC1
Human-Component   raw_Human-Component
0.32258063554763794   0.32258063554763794   
0.5483871102333069   0.5483871102333069   
0.6129032373428345   0.6129032373428345   
0.8709677457809448   0.8709677457809448   
0.12903225421905518   0.12903225421905518   
0.16129031777381897   0.16129031777381897   
0.06451612710952759   0.06451612710952759   
0.4193548262119293   0.4193548262119293   
0.9677419066429138   0.9677419066429138   
0.25806450843811035   0.25806450843811035   

14:53:10: local_reinforcement_logger.timestep_report +41: INFO     
 Step 48   Fraction valid SMILES: 100.0   Score: 0.5000   Time elapsed: 54   Time left: 2.2
  Agent     Prior     Target     Score     SMILES
-28.68    -27.82     38.31      0.81      c1cc(-c2n(-c3ccc(C(=O)NC4CC4)cc3)c(CCC(O)=O)cc2)ccc1CCC
-38.81    -37.99    -22.12      0.19      c1cc(-n2nnc3c2n(CC)cc(C(=O)NC(C(F)(F)F)C)c3=O)ccc1C
-25.64    -25.85      5.89      0.39      c1ccccc1Oc1c2ncc(C)cc2ccc1
-31.75    -32.11      4.92      0.45      C(Cn1c(O)c2c(c1O)CC=CC2)N=c1[nH]c(C#N)cn2c1nc(-c1occc1)n2
-20.88    -20.71      3.10      0.29      c12c(cccc1)S(=O)(=O)N(C(C)C)C2CC(=O)OCC
-24.05    -23.18     -9.95      0.16      C(C(=O)NC1c2c(cc3c(c2)OCO3)C(c2cc(OC)c(OC)c(OC)c2)C2C(=O)OCC12)(F)(F)F
-21.92    -21.81     -0.64      0.26      c1c2n(Cc3ccccc3)c(=O)c(CC)c(O)[n+]2ccc1
-32.77    -32.73     30.75      0.77      c1c(Br)c(Br)cc2c1CCN(C(=O)c1sc(CC)cc1)C2
-28.16    -28.34      6.05      0.42      c12c(cc(-c3[nH]c(=NC(=N)Nc4ccc(F)cc4)[nH]c3)cc1)OCO2
-28.90    -28.86     47.85      0.94      C(CN1CCN(C(c2nnnn2-c2ccc(Cl)cc2)CCC)CC1)O
Human-Component   raw_Human-Component
0.8064516186714172   0.8064516186714172   
0.19354838132858276   0.19354838132858276   
0.3870967626571655   0.3870967626571655   
0.4516128897666931   0.4516128897666931   
0.29032257199287415   0.29032257199287415   
0.16129031777381897   0.16129031777381897   
0.25806450843811035   0.25806450843811035   
0.774193525314331   0.774193525314331   
0.4193548262119293   0.4193548262119293   
0.9354838728904724   0.9354838728904724   

14:53:11: local_reinforcement_logger.timestep_report +41: INFO     
 Step 49   Fraction valid SMILES: 100.0   Score: 0.5000   Time elapsed: 55   Time left: 1.1
  Agent     Prior     Target     Score     SMILES
-25.02    -24.84     25.42      0.61      c1(-c2c(O)ccc(-c3ccc(O)cc3)c2)cc(CCC)c(O)cc1O
-25.52    -25.58    -22.94      0.03      Clc1ccc(Cn2ccc3c2ccc(NC(CCC(=O)O)=O)c3)cc1
-26.67    -27.60     38.53      0.81      c1ccc(-c2cc(CN3CCCC3)ccc2)cc1-c1nc2cc(OC)ccc2[nH]1
-36.08    -38.18     41.17      0.97      CN1CCN(CCCOc2cc(NCCCCCCC(NC3CCCC3)=O)ccc2)CC1
-30.76    -31.51     21.39      0.65      C1(CNC(=O)CCC)N(CC(=O)N2CC(C)(C)c3ccc(F)cc32)CC(N)C1
-23.90    -24.62     17.70      0.52      CSc1cc2c([nH]c(-c3c(F)cccc3)n2)cc1
-37.82    -38.63    -33.34      0.06      C1CN(C(=O)c2c(Cl)cccc2)CCC1c1nc2[nH][nH]c(=NS(=O)(=O)c3ccc(C)cc3)c2nc1
-29.33    -28.69     40.08      0.84      C(N1CCC(NC(=O)NC(C(=O)N2CCC(N3CCCCC3)CC2)Cc2cc3c[nH]nc3c(C)c2)CC1)COC
-35.78    -36.36      3.32      0.48      COc1cc(OC)nc2n(C)c(=O)cc(-c3cc4ccoc4cc3)c21
-18.10    -17.74     11.36      0.35      C1CN(c2cc(=O)n(C)c(=O)[nH]2)CCO1
Human-Component   raw_Human-Component
0.6129032373428345   0.6129032373428345   
0.032258063554763794   0.032258063554763794   
0.8064516186714172   0.8064516186714172   
0.9677419066429138   0.9677419066429138   
0.6451612710952759   0.6451612710952759   
0.5161290168762207   0.5161290168762207   
0.06451612710952759   0.06451612710952759   
0.8387096524238586   0.8387096524238586   
0.4838709533214569   0.4838709533214569   
0.35483869910240173   0.35483869910240173   

