13:31:35: local_reinforcement_logger.log_message +32: INFO     starting an RL run
13:31:36: local_reinforcement_logger.timestep_report +41: INFO     
 Step 0   Fraction valid SMILES: 100.0   Score: 0.4638   Time elapsed: 0   Time left: 0.0
  Agent     Prior     Target     Score     SMILES
-42.28    -42.28    -27.53      0.46      C1CCCC(C(O)=O)(CN(S(c2ccc(CC)cc2)(=O)=O)C(OCCCC)=O)C1
-35.45    -35.45    -20.69      0.46      c1(C(C)N=c2[nH]c(Cl)nc(=Nc3cc4c(=N)[nH]c(=N)[nH]c4cc3)[nH]2)cccc(C)c1
-34.58    -34.58    -19.87      0.46      C(N(CC1CCCO1)C(=S)NN1C(c2c(O)cccc2)SCC1=O)CC
-21.00    -21.00     -6.14      0.46      COc1ccc2c(c1)oc(=O)c(-c1ccccc1)c2C
-25.45    -25.45    -10.53      0.47      c1cc(-c2n(C)c(=O)[nH]n2)ccc1CSc1ccccc1
-22.39    -22.39     -7.49      0.47      c1cc(C=CC(N2CCN(C(OCC)=O)CC2)=O)ccc1SC
-29.85    -29.85    -14.94      0.47      C(C)CCN=c1cc(-c2ccncc2)[nH]c(=NC2CCOCC2)[nH]1
-21.80    -21.80     -6.79      0.47      C(c1c(=O)[nH]c(=O)n(C)c1O)(CC)=O
-38.38    -38.38    -23.66      0.46      Clc1ccc(-c2c(-c3ncon3)sc(=NC(=O)C(NC(N)=O)C(C)(C)C)[nH]2)c(Cl)c1
-36.51    -36.51    -21.88      0.46      c1(N=c2oc(C(Nc3c(C)cc(C)c(OC(C)C)c3)=O)n[nH]2)cccc2ccccc12
Human-Component   raw_Human-Component
0.4609301686286926   0.4609301686286926   
0.46144533157348633   0.46144533157348633   
0.45992928743362427   0.45992928743362427   
0.46422526240348816   0.46422526240348816   
0.46629729866981506   0.46629729866981506   
0.46565762162208557   0.46565762162208557   
0.4658803343772888   0.4658803343772888   
0.4692210853099823   0.4692210853099823   
0.4599754810333252   0.4599754810333252   
0.45700469613075256   0.45700469613075256   

13:31:37: local_reinforcement_logger.timestep_report +41: INFO     
 Step 1   Fraction valid SMILES: 96.9   Score: 0.4495   Time elapsed: 1   Time left: 24.5
  Agent     Prior     Target     Score     SMILES
-41.21    -41.30    -41.30      0.00      c1(-c2ccccc2)onc(CC(C(=O)NC(C(=O)N)C)SSCC)o1
-22.54    -22.54     -7.76      0.46      O(C)c1ccc(NC(=O)CN2C(=O)N(Cc3occc3)C(=O)C2=O)cc1
-23.82    -23.85     -8.82      0.47      ON=C(O)CCCCCC#CCCc1ccccc1
-34.23    -34.19    -19.37      0.46      n1(C)c(C(c2sc3ccccc3n2)C)nnc1CCN1C(=O)c2ccccc2C1=O
-18.71    -18.70     -3.81      0.47      c1ccc2oc(Cc3ccccc3)cc(=O)c2c1
-32.44    -32.47    -17.51      0.47      CC12C3CCC4C(O)C3(C(=O)C4O)C(O)C(O)C1C(C)(C)C(=O)C=C2
-29.61    -29.60    -14.67      0.47      c1c(=O)c2c(O)cccc2oc1Sc1c(C(OC)=O)cccc1
-31.87    -31.89    -16.93      0.47      S(=O)(=O)(C)c1c(C(=O)NCCCCOC)cccc1
-26.31    -26.37    -11.62      0.46      O=C(C(C#N)=Cc1cn(Cc2ccc(Cl)cc2Cl)c2ccccc21)Nc1ccccc1
-33.32    -33.32    -18.43      0.47      c1cc(F)cc(CC)c1-c1[nH]ncc1CN1CCN(C(C)=O)CCC1
Human-Component   raw_Human-Component
0.0   0.0   
0.4619643986225128   0.4619643986225128   
0.46960771083831787   0.46960771083831787   
0.46312370896339417   0.46312370896339417   
0.4654112756252289   0.4654112756252289   
0.46727851033210754   0.46727851033210754   
0.4664834141731262   0.4664834141731262   
0.46747303009033203   0.46747303009033203   
0.4609970152378082   0.4609970152378082   
0.4653933346271515   0.4653933346271515   

13:31:37: local_reinforcement_logger.timestep_report +41: INFO     
 Step 2   Fraction valid SMILES: 93.8   Score: 0.4359   Time elapsed: 2   Time left: 32.0
  Agent     Prior     Target     Score     SMILES
-46.68    -46.82    -32.23      0.46      c1c(OC)c(OC(c2c(=O)oc(O)c(CC3CCCCC3)c2O)=O)ccc1C=CC(CC(C=Cc1oc(CN2CCCCC2)cc1)=O)=O
-29.24    -29.17    -14.18      0.47      C(c1ccc(N2CCN(C)CC2)cc1)(=O)NCCS(=O)(c1ncc(C(F)(F)F)cc1)=O
-27.71    -27.95    -13.07      0.47      CCOc1ccc(C(C#N)Nc2cc3c(cc2)CCC3)cc1
-27.65    -27.63    -12.93      0.46      c1nccc(CN2C(=O)c3c(ccc(C(=O)Nc4ccc(C(OCCCC)=O)cc4)c3)C2=O)c1
-61.86    -62.02    -47.30      0.46      c1c(O)cc2oc3c(c(=O)c2c1CC=C(C)C)C1C(COc2c(cc(C)cc2Cl)C1O)C1C3(O)C(=O)C(C(=O)C)C(=O)C1
-26.04    -25.95    -11.02      0.47      c1(C2(C(=O)N3CCC(CCCN)CC3)CCCC2)ccc(Cl)cc1
-25.61    -25.65    -10.85      0.46      [nH]1c(-c2c(F)cccc2)nc(=O)c(O)c1C(=O)NCc1ccco1
-29.58    -29.55    -14.49      0.47      O=C1C(Cl)CC(c2c(Cl)c(C)nn2C)=C1
-20.99    -20.96     -5.91      0.47      c1cc(Oc2cccc(CN3CCCC3)c2)ccc1C
-30.31    -30.36    -15.57      0.46      c12sc3c(c1c(=O)n(CC1CCCO1)c(=O)n2CC(=O)OCC)cc(CC)s3
Human-Component   raw_Human-Component
0.45591023564338684   0.45591023564338684   
0.46835291385650635   0.46835291385650635   
0.4650176763534546   0.4650176763534546   
0.45959731936454773   0.45959731936454773   
0.45983076095581055   0.45983076095581055   
0.46672433614730835   0.46672433614730835   
0.4626788794994354   0.4626788794994354   
0.4704439342021942   0.4704439342021942   
0.4702729880809784   0.4702729880809784   
0.46224963665008545   0.46224963665008545   

13:31:38: local_reinforcement_logger.timestep_report +41: INFO     
 Step 3   Fraction valid SMILES: 96.9   Score: 0.4494   Time elapsed: 3   Time left: 35.2
  Agent     Prior     Target     Score     SMILES
-23.52    -23.58     -8.86      0.46      c1c(C(=N)N)cccc1CC(NS(Cc1ccccc1)(=O)=O)C(=O)N1CCC(CCN)CC1
-18.73    -18.81     -3.86      0.47      N1(S(=O)(=O)C)CCC(C(NCc2ccc(C)cc2)=O)CC1
-37.96    -37.82    -23.15      0.46      C1CN(C(=O)CCC2Oc3c(cccc3)OC2)CCN1c1nc2cc(OC)c(OC)cc2c(=NCCCN(C)C)[nH]1
-20.28    -20.40     -5.41      0.47      C1(c2o[nH]c(=O)c2Cc2ccccc2)CC1
-65.28    -64.89    -50.23      0.46      c1cc(O)cc(CC2(O)NC(=O)C3(C(=O)N2CC(COc2ccccc2)O)CC(=C)CC(C(=O)OCc2ccccc2)N3)c1
-24.38    -24.39     -9.62      0.46      c1cccc(CNC(=O)Nc2c(=O)n(Cc3ccc(C(C)(C)C)cc3)ccc2)c1
-68.07    -68.31    -53.81      0.45      n1n(Cc2n(CCC)c(C(C)C)nc2)cc(C=C(C(OC2CC3C(C)(C4C(CC3)C3(C)C(C(C(OCC)=O)(C)C(OC(C)=O)CC3)CC4)CC2)=O)C)c1
-17.61    -17.62     -2.46      0.47      c1c(Nc2c(N)cccc2)cccc1
-30.01    -30.13    -15.28      0.46      c1cc(-c2ccc(C(=O)NC(C(=O)NC(C#N)Cc3ccccc3)Cc3ccc(-c4ccccc4)cc3)cc2)ccc1
-35.16    -35.16    -20.56      0.46      C1c2c3cc(NS(C)(=O)=O)ccc3[nH]c2-c2oc(C)c(C(=O)OCC)c2C1
Human-Component   raw_Human-Component
0.45983096957206726   0.45983096957206726   
0.467010498046875   0.467010498046875   
0.45854994654655457   0.45854994654655457   
0.4683707356452942   0.4683707356452942   
0.45836812257766724   0.45836812257766724   
0.46154093742370605   0.46154093742370605   
0.4531014561653137   0.4531014561653137   
0.47372132539749146   0.47372132539749146   
0.46401211619377136   0.46401211619377136   
0.4561959505081177   0.4561959505081177   

13:31:39: local_reinforcement_logger.timestep_report +41: INFO     
 Step 4   Fraction valid SMILES: 100.0   Score: 0.4636   Time elapsed: 4   Time left: 36.8
  Agent     Prior     Target     Score     SMILES
-26.15    -26.15    -11.20      0.47      C(NCc1ccccc1Cl)(C(OC(=O)c1ccc(F)cc1)C)=O
-22.17    -22.28     -7.41      0.46      C1N(CCO)CCN(CCC(Nc2c(OC)ccc(C)c2)=O)C1
-36.42    -36.47    -21.58      0.47      C1CCC2(C)C(CCC3(C)C4(C)C(=C5CC(C)(C(=O)O)CCC5(C(=O)N)CC4)CC(=O)C32)C1(C(O)=O)C
-39.82    -39.88    -25.02      0.46      C1n2c(cnc2)CC2(CCC2C(OC)=O)N1C(N(CC)CC)=O
-51.38    -51.23    -36.44      0.46      C(C(NC(C(N(C)C)C(c1ccccc1)O)=O)CC(C)C(CS(=O)(=O)c1ccc2ccccc2c1)=O)(CCl)=O
-24.45    -24.50     -9.65      0.46      C1CCC1C(=O)N1CC2C(CCC23N=C(C)N(CC2CC2)C3=O)C1
-33.14    -33.29    -18.49      0.46      n1c(C(C)C)c(C)c(CCc2ccccc2)[nH]c1=NC(Cc1cc(Cl)ccc1)=O
-31.15    -30.96    -15.98      0.47      c1c(NC(C2CCCCC2)c2ccccc2)ccc(CCC2OCCO2)c1
-33.32    -33.42    -18.62      0.46      c1(C2CC2COc2[nH]c(C)nc(=Nc3snc(CC)c3C)n2)[nH]ccc1
-21.81    -21.99     -7.14      0.46      C1(C)C(C)CCCC1NC(CCN1C(=O)c2c(cccc2)C1=O)=O
Human-Component   raw_Human-Component
0.46720874309539795   0.46720874309539795   
0.4648880958557129   0.4648880958557129   
0.46516117453575134   0.46516117453575134   
0.46424221992492676   0.46424221992492676   
0.4622761011123657   0.4622761011123657   
0.4641311466693878   0.4641311466693878   
0.4626167416572571   0.4626167416572571   
0.4681756794452667   0.4681756794452667   
0.4624152183532715   0.4624152183532715   
0.46398425102233887   0.46398425102233887   

13:31:40: local_reinforcement_logger.timestep_report +41: INFO     
 Step 5   Fraction valid SMILES: 96.9   Score: 0.4499   Time elapsed: 5   Time left: 37.5
  Agent     Prior     Target     Score     SMILES
-40.56    -40.50    -40.50      0.00      C(CNCC(C)c1c2cc(C(C)(C(=O)N3C4CC(C)(C)CC(C)(C4)C3)(CCC(F)(F)F)C)ccc2[nH]c1-c1cc(C)cc(C)c1)CC
-31.64    -31.50    -16.69      0.46      c1(C)c(C)cc(C)c(C)c1S(=O)(NC(CC(O)=O)C(=O)N1CCN(C(=O)C)CC1)=O
-21.14    -21.22     -6.50      0.46      c1c(C=Cc2onc(C)c2S(=O)(N2CCC(C(=O)NCc3ccc(Cl)cc3)CC2)=O)cccc1
-34.96    -34.79    -19.96      0.46      c1cc(OCC(=O)O)cc(C(CCCCCCC)=NOC(c2ccccc2)=O)c1
-42.13    -42.28    -27.50      0.46      C(N)(N1CCCC1)=NCc1c(-c2cc(Br)c(OC)c(OC)c2)sc2c1cccc2
-31.58    -31.33    -16.59      0.46      c1(-c2c(NC(CCS(=O)(=O)c3ccccc3)=O)c(C(=O)OC)nn2-c2ccc(Cl)cc2Cl)ccc(Cl)cc1
-24.42    -24.52     -9.88      0.46      C1CC1N=c1c(C(=O)NCC(C(C)(O)C)F)c[nH]c(-n2c3cc(C#N)cnc3cc2)c1
-23.14    -23.15     -8.16      0.47      n1cc(-c2cnc3cccnn23)cnc1
-34.55    -34.50    -19.87      0.46      c1cc(S(=O)(c2cccc(NC(C3C(C)=Nc4n(nc(C(F)(F)F)c4)C3c3ccc(F)cc3)=O)c2)=O)ccc1
-26.62    -26.67    -11.82      0.46      O1C(CNC(=O)c2c3c(cccc3)c(=O)n(C)n2)COCC1
Human-Component   raw_Human-Component
0.0   0.0   
0.46293437480926514   0.46293437480926514   
0.4601916968822479   0.4601916968822479   
0.46343380212783813   0.46343380212783813   
0.4621542990207672   0.4621542990207672   
0.4604383707046509   0.4604383707046509   
0.4573615789413452   0.4573615789413452   
0.4684813320636749   0.4684813320636749   
0.45719707012176514   0.45719707012176514   
0.46403780579566956   0.46403780579566956   

13:31:41: local_reinforcement_logger.timestep_report +41: INFO     
 Step 6   Fraction valid SMILES: 96.9   Score: 0.4504   Time elapsed: 5   Time left: 31.4
  Agent     Prior     Target     Score     SMILES
-24.32    -24.44     -9.72      0.46      c1cc(Cn2c(SCC(Nc3ccccc3OC)=O)nnc2Cc2ccccc2)ccc1
-24.86    -24.82     -9.94      0.46      c1(F)c(C2=NC(NC(=O)C3CCCC3)C(=O)Nc3ccccc32)cccc1
-23.02    -23.07     -8.17      0.47      c1c([N+](=O)[O-])ccc2c1-c1n(-c3ccc(Br)cc3)ncc1CC2
-33.45    -33.33    -18.72      0.46      c1(NC(CN2CCCC(c3[nH]c4c(n3)cc(NS(=O)(c3ccccc3)=O)cc4)C2)=O)ccc(Cl)cc1
-21.42    -21.51     -6.63      0.46      c1cc(C=CC(OCC(=O)Nc2c(C(=O)N)ccs2)=O)ccc1OC
-29.60    -29.61    -14.67      0.47      c12[nH]c(=N)[nH]c(=O)c1c(CNC1CCC(O)CC1)c(-c1ccccc1)s2
-30.57    -30.62    -15.70      0.47      c12c(=O)[nH][nH]c1nc(-c1ccc(C(C)(C)C)cc1)nc2C(N)=O
-27.21    -27.10    -12.22      0.46      O(c1cc(C(C)NCc2cc3c(cc2)OCO3)ccc1OCCCC)C
-20.40    -20.37     -5.28      0.47      c1cc(O)cc(CC(C)=O)c1O
-43.43    -43.42    -28.69      0.46      C(=O)(NCCCOC)C1(C)C2CCC(=C)C(CC(C(C3OC(=O)C(C)C(C)=C3)=O)O)C2(C)CCC1
Human-Component   raw_Human-Component
0.4601612985134125   0.4601612985134125   
0.46492940187454224   0.46492940187454224   
0.4656026363372803   0.4656026363372803   
0.45645463466644287   0.45645463466644287   
0.4649859070777893   0.4649859070777893   
0.46678489446640015   0.46678489446640015   
0.4662567377090454   0.4662567377090454   
0.4648630917072296   0.4648630917072296   
0.47150087356567383   0.47150087356567383   
0.46028876304626465   0.46028876304626465   

13:31:42: local_reinforcement_logger.timestep_report +41: INFO     
 Step 7   Fraction valid SMILES: 93.8   Score: 0.4350   Time elapsed: 6   Time left: 32.2
  Agent     Prior     Target     Score     SMILES
-43.66    -43.86    -43.86      0.00      CC12C(CCC3(C)C4(C)CCC5(C(OCc6cn(-c7cc(Cl)c(Cl)cc6Cl)nn6)=O)C(C(C(C)=C)CC5)C4CCC13)C(C)(CO)C(OC(CC(C)C)=O)CC2
-30.49    -30.67    -15.71      0.47      N(C(C(=O)O)CCC)(C)C(c1cccc(-c2ccccc2)n1)=O
-29.98    -30.12    -15.24      0.46      c1c(-c2c(N)cccc2)cnc2c1c(-c1nc3ccccc3[nH]1)[nH]n2
-25.22    -25.02    -10.12      0.47      c1(N2CCN(C(C3C(C)C(c4ccc(OC)cc4)=NO3)=O)CC2)ccc(F)cc1
-25.68    -25.70    -10.80      0.47      c1c(CNCC(O)(c2c(Cl)cc(Cl)cc2)C)cccc1
-23.35    -23.31     -8.42      0.47      COc1ccc(-c2[nH]c3n(nc(OC)n3)c(=O)c2)cc1
-37.45    -37.29    -22.44      0.46      Clc1c(Cl)cc(CN(c2c(C(O)CC)cc(F)cc2)S(c2cccnc2)(=O)=O)cc1
-34.11    -34.22    -19.30      0.47      c1(C(=O)O)ccccc1-c1nc(C(C2CCCC=C2C(=O)O)=O)sc1
-20.75    -20.79     -5.81      0.47      c12c3c(c4c(c1[nH]c1c2cccc1)CCC4)C(=O)NC3=O
-31.13    -31.13    -31.13      0.00      C1CCc2c(oc(O)c(C(c3cc(OC)c(OC)cc3)CC(=O)N(CC)CC)c2=O)=C1
Human-Component   raw_Human-Component
0.0   0.0   
0.46748605370521545   0.46748605370521545   
0.46489834785461426   0.46489834785461426   
0.46563616394996643   0.46563616394996643   
0.4656723141670227   0.4656723141670227   
0.46532317996025085   0.46532317996025085   
0.4639382064342499   0.4639382064342499   
0.4663154184818268   0.4663154184818268   
0.46823009848594666   0.46823009848594666   
0.0   0.0   

13:31:43: local_reinforcement_logger.timestep_report +41: INFO     
 Step 8   Fraction valid SMILES: 100.0   Score: 0.4646   Time elapsed: 8   Time left: 37.3
  Agent     Prior     Target     Score     SMILES
-31.06    -31.28    -16.36      0.47      c1c(C(O)=O)ccc2c1Sc1c(cccc1)C(S(=O)(=O)Cc1ccccc1)=C2
-51.00    -51.12    -36.56      0.45      O=C(NC(C(N1C(C(=O)NC(C=O)CC(C)C)CC2CCCCC21)=O)C(C)CC)C(CC)C(C)=NC(CCC(=O)OCC)=O
-28.59    -28.52    -13.54      0.47      C1C(=NOCC)CC2N(c3ccc(C#N)cc3C)C1CC2
-39.54    -39.80    -25.15      0.46      N#CN=C(NC=C1C(=O)C(C)(C)C2=CCC3C(C)(CCC4C(C)(C)C(OC(C)=O)C(OC(C)=O)CC34C)C2(C)C1)N
-20.61    -20.80     -5.89      0.47      C1CC(OC)CCC12C1(N=C(N)C(C)=N1)c1cc(C#CC3CC3)ccc1C2
-20.00    -19.76     -4.95      0.46      OC(=O)c1ccc(-n2cc(-c3ccc(OC)cc3)c(C#N)c2)cc1O
-16.68    -16.62     -1.57      0.47      CC(n1c(C)c(O)c(=O)cc1)C
-23.18    -23.33     -8.03      0.48      C(CN(N)C=O)#C
-19.96    -20.03     -4.97      0.47      C1CC2C3(CCN(CCC)C2Cc2ccc(O)cc23)CC1
-30.62    -30.72    -15.82      0.47      n1c(=NCc2ccccc2)[nH]c(=NC(C(N)=O)CCSC)[nH]c1N1CCCCC1
Human-Component   raw_Human-Component
0.46623748540878296   0.46623748540878296   
0.45493656396865845   0.45493656396865845   
0.4679338037967682   0.4679338037967682   
0.4577944576740265   0.4577944576740265   
0.46599462628364563   0.46599462628364563   
0.46306470036506653   0.46306470036506653   
0.4700752794742584   0.4700752794742584   
0.47829777002334595   0.47829777002334595   
0.47065964341163635   0.47065964341163635   
0.4655320346355438   0.4655320346355438   

13:31:44: local_reinforcement_logger.timestep_report +41: INFO     
 Step 9   Fraction valid SMILES: 96.9   Score: 0.4490   Time elapsed: 8   Time left: 32.8
  Agent     Prior     Target     Score     SMILES
-27.16    -27.34    -12.48      0.46      C1CC(CNCCNS(=O)(=O)c2cccc3c2nccc3)OC1
-42.19    -42.07    -27.25      0.46      c1(C(=O)O)cc(OC)ccc1-c1ccc(C(C2(CCC)CC2c2ccccc2)N)cc1
-27.38    -27.23    -12.54      0.46      C(=O)(c1cc(NC(Nc2ccc([N+](=O)[O-])cc2)=O)c(Cl)cc1)OCC
-30.92    -31.12    -16.43      0.46      c1cccc2c1[nH]c(COC(c1ccc3c(nc4c(c3Cl)CCCC4)c1)=O)nc2=O
-28.45    -28.31    -13.47      0.46      N(C)C(=O)Cn1nc(C)c(Oc2c(F)cc(F)cc2)c1C
-33.94    -33.88    -19.16      0.46      Cc1cc(C(OCC(O)=O)=O)c(NC(NS(c2ccc(C)cc2)(=O)=O)=O)cc1C
-27.14    -27.44    -12.52      0.47      C(CCC(=O)O)CCCCCn1c(-c2ccccc2)c(-c2ccccc2)c(C=O)c1C
-25.68    -25.69    -10.83      0.46      O=C1N(c2ccc(OC)cc2)C2=C(C(c3cccc(F)c3)C3=C1CCCC3=O)C(=O)CCC2
-25.96    -25.94    -11.04      0.47      c1c(OC)ccc(CNC(=O)C(C)OC(=O)c2ccc(Cl)cc2)c1
-24.85    -24.93     -9.93      0.47      COc1ccc2c3c1CCNC3c1ccccc1-2
Human-Component   raw_Human-Component
0.4644118547439575   0.4644118547439575   
0.46321824193000793   0.46321824193000793   
0.45899826288223267   0.45899826288223267   
0.4589087963104248   0.4589087963104248   
0.4638761878013611   0.4638761878013611   
0.4601219892501831   0.4601219892501831   
0.46614357829093933   0.46614357829093933   
0.4641067087650299   0.4641067087650299   
0.46559807658195496   0.46559807658195496   
0.46869438886642456   0.46869438886642456   

13:31:45: local_reinforcement_logger.log_message +32: INFO     Resetting Agent
13:31:45: local_reinforcement_logger.log_message +32: INFO     Adjusting sigma to: 82
13:31:45: local_reinforcement_logger.timestep_report +41: INFO     
 Step 10   Fraction valid SMILES: 96.9   Score: 0.4494   Time elapsed: 9   Time left: 32.7
  Agent     Prior     Target     Score     SMILES
-20.13    -20.00     -4.93      0.47      c1ccccc1Cc1c[nH]c2ccc(Br)cc21
-40.47    -40.12    -25.56      0.46      c1ccc(COc2cc3c([nH]c(C(=O)OCC)c3NC(=O)c3nc(C(F)(F)F)nn3-c3ccccc3)cc2)nc1
-24.72    -24.71     -9.92      0.46      C(c1ccc(C)cc1)n1c(=O)c(C(=O)Nc2cc(C)ccc2)ccc1
-29.25    -29.24    -14.42      0.46      c1(N2CCOCC2)cc(OC)c(NC(C=Cc2oc(C)cc2)=O)cc1
-28.77    -28.72    -13.90      0.46      c1(OC)c(NC(CC(=O)NCCOC)=O)ccc([N+](=O)[O-])c1
-27.11    -26.99    -12.12      0.46      C(S(=O)(=O)c1ccc(-c2cc(C=O)c(O)c(OC)c2)cc1)C#C
-33.35    -33.15    -18.40      0.46      c1(Cn2c(C)cc(OCc3c(F)cc(C(F)(F)F)cc3)c(C=O)c2=O)c2c(cccc2)ccc1
-25.83    -26.07    -11.37      0.46      CCN(S(=O)(=O)c1cc(C(=O)NCc2occc2)ccc1)C1CCCCC1
-29.01    -29.24    -14.53      0.46      O=S(=O)(C)N(CC(=O)Nc1ccc2nc(SCC(=O)Nc3ccccc3)sc2c1)C
-59.17    -59.10    -44.26      0.46      C1OC12C1OC3(C(C(CCCC)=O)C(C)(C)OC3C3C(O)(C)CCC(C1(C)C)C2)O3
Human-Component   raw_Human-Component
0.4710543751716614   0.4710543751716614   
0.4550643563270569   0.4550643563270569   
0.461995005607605   0.461995005607605   
0.46305298805236816   0.46305298805236816   
0.46299272775650024   0.46299272775650024   
0.4644363224506378   0.4644363224506378   
0.460967093706131   0.460967093706131   
0.45942458510398865   0.45942458510398865   
0.45964017510414124   0.45964017510414124   
0.4639216959476471   0.4639216959476471   

13:31:46: local_reinforcement_logger.timestep_report +41: INFO     
 Step 11   Fraction valid SMILES: 93.8   Score: 0.4357   Time elapsed: 10   Time left: 32.5
  Agent     Prior     Target     Score     SMILES
-23.80    -23.80     13.91      0.46      c12c(cccc1)nc(SCC(=O)Nc1c(Br)cc(C)cc1)n2C
-20.30    -20.30     17.79      0.46      O=C(c1ccc(OCCCN(CCC)CCC)cc1)c1ccccc1
-24.98    -24.98     13.56      0.47      C(CCCN1CCN(c2ccccc2OC)CC1)NC(=O)c1c(NC(=O)C)cccc1
-21.48    -21.48     17.00      0.47      C1Oc2c(cc(CCC(=O)NC3CC3)cc2)O1
-44.55    -44.55     -6.94      0.46      c1(C)[nH]c2c(n1)nc(N(C1CC1)CC(NC(CCCN)C(NC(C(=O)N)C)=O)=O)cn2
-23.97    -23.97     14.73      0.47      C1(OCC=C(C)C)C(O)C(CO)OC(OC)C1O
-22.52    -22.52     15.79      0.47      c1cc(N2CCN(CC3CCC(=Cc4c(OC)cccc4)C3=O)CC2)ccc1
-25.61    -25.61     12.32      0.46      s1c2ccccc2n(CCNC(c2ccc(NC(C)=O)cc2)=O)c1=O
-20.81    -20.81     17.76      0.47      c1cc(C2CCNCC2)ccc1N=c1[nH]cc(Cl)c(=NC)[nH]1
-24.14    -24.14     14.34      0.47      Fc1ccc(C2(c3ccc(F)cc3)CNC(c3ccc(OC)cc3)O2)cc1
Human-Component   raw_Human-Component
0.45981231331825256   0.45981231331825256   
0.464447945356369   0.464447945356369   
0.46999552845954895   0.46999552845954895   
0.46922460198402405   0.46922460198402405   
0.45862263441085815   0.45862263441085815   
0.4719160497188568   0.4719160497188568   
0.4671759605407715   0.4671759605407715   
0.46257704496383667   0.46257704496383667   
0.4703393578529358   0.4703393578529358   
0.46922507882118225   0.46922507882118225   

13:31:47: local_reinforcement_logger.timestep_report +41: INFO     
 Step 12   Fraction valid SMILES: 100.0   Score: 0.4632   Time elapsed: 12   Time left: 35.1
  Agent     Prior     Target     Score     SMILES
-22.94    -22.95     14.62      0.46      O=c1n(-c2ccc(C)cc2)c(=O)[nH]c(O)c1C=Nc1ccc(S(N=c2[nH]ccs2)(=O)=O)cc1
-27.51    -27.51     10.23      0.46      c1cc(NC(=O)COC(=O)c2c(OC(=O)c3ccccc3)cccc2)cc2c1OCO2
-28.49    -28.49      9.64      0.47      N(C(C(c1c(Cl)cccc1)OC)=O)c1ccccc1C(=O)OC
-26.23    -26.22     11.96      0.47      n1cc(C(CCCC)=O)ccc1Sc1ccc(Cl)cc1
-29.24    -29.27      8.48      0.46      C(c1c(O)cc(O)cc1)(=O)NCC(CN=c1c2c(cccc2)[nH]c2c1CCCC2)O
-19.91    -19.92     18.15      0.46      c1c(CNC(=O)COC(c2cnc(C)cn2)=O)ccc(F)c1
-37.19    -37.26      0.59      0.46      CC(CC(=O)OCN1C(=O)c2ccccc2C1=O)(C)N(C(=O)Cc1ccccc1)NC(=O)OCc1ccccc1
-23.79    -23.84     14.35      0.47      c1c(OC)ccc(CNC(=O)C(OC(=O)c2c(C)ccs2)C)c1
-25.16    -25.18     12.59      0.46      c1(NC(=O)c2ccc(Cl)cc2OC)ccc(S(=O)(N2CCCCC2C)=O)cc1
-19.32    -19.36     19.07      0.47      c1(=O)c2c(cc(N3CCNCC3)c(F)c2)n(C)cc1C(=O)O
Human-Component   raw_Human-Component
0.45818135142326355   0.45818135142326355   
0.46034160256385803   0.46034160256385803   
0.46509620547294617   0.46509620547294617   
0.46567630767822266   0.46567630767822266   
0.46040603518486023   0.46040603518486023   
0.4642510414123535   0.4642510414123535   
0.4615376889705658   0.4615376889705658   
0.4657314717769623   0.4657314717769623   
0.46058180928230286   0.46058180928230286   
0.4686976373195648   0.4686976373195648   

13:31:48: local_reinforcement_logger.timestep_report +41: INFO     
 Step 13   Fraction valid SMILES: 96.9   Score: 0.4475   Time elapsed: 13   Time left: 34.4
  Agent     Prior     Target     Score     SMILES
-40.21    -40.23     -2.59      0.46      c1(COC)c(C#N)c2n(ncn2)c(C(=O)NCc2ccccc2OC(F)(F)F)c1
-26.81    -26.84     11.25      0.46      c1cccc(C2C=NC(C)=CC(=O)c3cc(OC)c(OC)cc32)c1
-24.39    -24.45     13.36      0.46      c1c(OC)ccc(OC)c1NC(c1c(N)c2c(nc3ccc(OC)cc3c2)s1)=O
-45.65    -45.53     -8.14      0.46      CN(C)C(CNC(c1cc(C)cc(C(=O)N2CCCC2Cc2cc(C)c(-c3cn4cc(C)ncc4n3)cc2)n1)=O)C
-40.67    -40.40     -2.70      0.46      N1(C(C)=O)CCN(c2c3nc(C(NC)=O)c(=O)[nH]c3cc(-c3cnc(OC)cc3)c2)CCC1
-21.80    -21.78     16.86      0.47      C12C(C)(C(=O)CC1)C(O)CC1C2CCC2CC(O)CCC12C
-25.23    -25.36     12.88      0.47      ON=C(O)CCCCc1ccc(NC(=O)NCC)cc1
-23.70    -23.86     14.28      0.47      c1c(Br)cccc1CN(C(=O)Nc1c(SC)cc(C)nc1SC)C
-35.65    -35.78      1.93      0.46      C(CN(Cc1c(-c2ccc(OC)cc2)sc(N)c1C(=O)OCC)Cc1cc(C)ccc1)C#N
-30.47    -30.37      7.73      0.46      c1cc(C2(c3ccc(O)cc3)C(=O)N(c3ccc(F)cc3)c3c2cc(Cl)cc3)n(C)c1
Human-Component   raw_Human-Component
0.45896220207214355   0.45896220207214355   
0.4644596576690674   0.4644596576690674   
0.4610583484172821   0.4610583484172821   
0.45588165521621704   0.45588165521621704   
0.4597073793411255   0.4597073793411255   
0.47120335698127747   0.47120335698127747   
0.4663105607032776   0.4663105607032776   
0.46508705615997314   0.46508705615997314   
0.4598916172981262   0.4598916172981262   
0.46468135714530945   0.46468135714530945   

13:31:49: local_reinforcement_logger.timestep_report +41: INFO     
 Step 14   Fraction valid SMILES: 100.0   Score: 0.4641   Time elapsed: 14   Time left: 33.6
  Agent     Prior     Target     Score     SMILES
-23.96    -24.11     13.63      0.46      c1cccc2c(=O)cc(C(NC(C(=O)OC)CC(C)C)=O)oc12
-20.64    -20.62     18.05      0.47      N1=C2N(CCS1)C(C)=CS2
-27.25    -27.21     11.07      0.47      C1NCCC(NCC(=O)Nc2c(Cl)cc(Cl)cc2Cl)C1
-30.30    -30.25      8.02      0.47      c1c(F)c(N)ccc1-c1[nH]c2ncnc(-c3cn(C)nc3)c2c1
-24.68    -24.81     13.13      0.46      c1cccc2c(CC(=O)N3CCC(=C4c5ccc(Cl)cc5CCc5cccnc54)CC3)c[nH]c12
-22.95    -22.89     15.38      0.47      O=S(c1cc2c(cc1)OC(C)C(=O)N2)(=O)N1CCN(c2ccc(F)cc2)CC1
-25.08    -25.09     13.05      0.47      c12c(C)c(CC)sc1[nH]cnc2=Nc1ccccc1
-26.88    -26.88     11.18      0.46      S(C)c1ccc(-c2nc(-c3cc(C(F)(F)F)ccc3)[nH]c2-c2ccncc2)cc1
-25.06    -25.06     13.09      0.47      c1c(OCC(CN(Cc2ccc(Cl)cc2)C)O)c([N+]([O-])=O)ccc1
-38.74    -38.84     -1.18      0.46      O=C(c1c(C)ccc(-n2c(=O)n(Cc3ccc(C(C)(C)C)cc3)c(O)c2CCCC)c1)NN
Human-Component   raw_Human-Component
0.46018296480178833   0.46018296480178833   
0.471593976020813   0.471593976020813   
0.46680232882499695   0.46680232882499695   
0.4666755199432373   0.4666755199432373   
0.4626895487308502   0.4626895487308502   
0.4667354226112366   0.4667354226112366   
0.4651672840118408   0.4651672840118408   
0.46412569284439087   0.46412569284439087   
0.4653049111366272   0.4653049111366272   
0.45926031470298767   0.45926031470298767   

13:31:51: local_reinforcement_logger.timestep_report +41: INFO     
 Step 15   Fraction valid SMILES: 96.9   Score: 0.4479   Time elapsed: 16   Time left: 35.0
  Agent     Prior     Target     Score     SMILES
-25.28    -25.30     13.00      0.47      C1N(c2nnc(-c3ccc(Br)cc3)cc2)CCN(C(=O)c2ccc(Br)cc2)C1
-20.50    -20.60     17.44      0.46      c1ccc2c(=O)[nH]nc(C(c3cc(OC)c(OC)c(OC)c3)=O)c2c1
-28.31    -28.21     10.05      0.47      c1(CNCCc2c3c([nH]c2C)ccc(F)c3)cnc(C)cn1
-25.31    -25.22     12.90      0.46      n1cc(Br)cc(C(NCC)c2c(O)c3ncccc3c(Cl)c2)c1
-25.52    -25.60     12.72      0.47      N(C(NCc1cccc(Br)c1)=O)C1CCN(CCC)CC1
-23.43    -23.54     14.43      0.46      c1c2oc3ccccc3c2cc(NC(=O)CCN)c1
-22.13    -22.15     15.90      0.46      C1(O)C(n2cnc3c(=O)[nH]c(=N)[nH]c32)OC(CO)C1F
-37.72    -38.00      0.08      0.46      c1c(OCCO)c(CCc2cc(CCN(C)C)ccn2)ccc1
-28.77    -28.79      8.94      0.46      s1[nH]c(SCC(=O)Nc2ccc(C)c(F)c2)nc1=NC
-27.53    -27.43     10.56      0.46      C1CC2(CCN1c1nc(C)ccc1)CCN(C(c1c(C)noc1)=O)CC2
Human-Component   raw_Human-Component
0.46707597374916077   0.46707597374916077   
0.46391019225120544   0.46391019225120544   
0.46656307578086853   0.46656307578086853   
0.4648621678352356   0.4648621678352356   
0.46734362840652466   0.46734362840652466   
0.4631112515926361   0.4631112515926361   
0.4640064239501953   0.4640064239501953   
0.464464396238327   0.464464396238327   
0.4600745737552643   0.4600745737552643   
0.46324339509010315   0.46324339509010315   

13:31:52: local_reinforcement_logger.timestep_report +41: INFO     
 Step 16   Fraction valid SMILES: 100.0   Score: 0.4648   Time elapsed: 17   Time left: 34.0
  Agent     Prior     Target     Score     SMILES
-25.40    -25.45     12.23      0.46      O(C(C)C(=O)Nc1ccc2c(c1)OCO2)C(CCc1ccc(S(=O)(N2CCOCC2)=O)cc1)=O
-47.19    -47.07     -9.54      0.46      O=C(C(C)NC(C)C)NC(C(N1CC2(NCC1Cc1c(C(F)(F)F)cccc1)CCCC2)=O)c1ccccc1
-22.14    -22.32     16.05      0.47      c1c(C)c(C(NC)=O)cc(OC)c1OC
-23.63    -23.77     14.96      0.47      C1N(Cc2ccc(F)cc2)N=C(c2ccccc2)C(C)C1
-17.36    -17.46     21.68      0.48      C1(=O)NC(=O)NC(=O)C1(CCC)CCC
-24.44    -24.38     13.52      0.46      c1(Cl)c(Oc2c(C#N)cc(S(=O)(=O)N=c3[nH]cc(F)cc3)cc2)ccc(CN(C)C)c1
-29.82    -29.88      7.98      0.46      N1(C(=O)c2ccc(-c3ccn4c(CC(=O)N5CCCCC5)cnc4c3)cc2)CCCC1
-39.41    -39.28     -1.89      0.46      n1(CC)nc(N=c2c3n(cc(C(O)=O)c3)[nH]c(N3C(C(=O)N)CCC3)n2)cc1
-39.56    -39.32     -1.32      0.46      Cc1c(OC)c(C(N(C2CNCC2)C(C(=O)N)c2ccc(OC)c(OC)c2)=O)ccc1
-25.15    -25.11     12.99      0.46      C(C1CCN(c2sc3c(ccc(C)c3)n2)CC1)(NCc1ccc(C)cc1)=O
Human-Component   raw_Human-Component
0.45954227447509766   0.45954227447509766   
0.457660973072052   0.457660973072052   
0.4679105281829834   0.4679105281829834   
0.4723324775695801   0.4723324775695801   
0.4773387610912323   0.4773387610912323   
0.4621739983558655   0.4621739983558655   
0.4617045223712921   0.4617045223712921   
0.45595434308052063   0.45595434308052063   
0.4634213149547577   0.4634213149547577   
0.4646662175655365   0.4646662175655365   

13:31:53: local_reinforcement_logger.timestep_report +41: INFO     
 Step 17   Fraction valid SMILES: 96.9   Score: 0.4492   Time elapsed: 17   Time left: 31.2
  Agent     Prior     Target     Score     SMILES
-24.66    -24.50     13.83      0.47      S(CCC(N1CCC(C)(C)c2c1cccc2)=O)C
-46.24    -46.01     -8.33      0.46      C(C(=C)C)(c1ccc(C(F)(F)F)c(F)c1)NC(=O)c1cc2nc(=NC(C)C(C)(C)C)[nH]c(C)c2cc1
-27.53    -27.60     10.74      0.47      c1cc(=O)[nH]cc1S(=O)(=O)N1CCC(Cc2c(F)cc(F)cc2)CC1
-27.42    -27.14     10.38      0.46      C(c1c(-c2occc2)n(-c2sc(C(=O)OCC)c(C)n2)c(O)c1O)(=O)c1oc(C)cc1
-21.38    -21.37     16.90      0.47      C(n1c(C)c(CC(=O)O)c(-c2ccccc2)n1)Cc1ccccc1
-33.85    -33.92      4.21      0.46      C1CN(C(=O)C(Cc2ccc(O)cc2)NC(CCCCC)=O)CCN1CCOCCO
-26.77    -27.09     11.01      0.46      c1cc2c(cc1)OC(c1ccc(OCCN3C(C)CCC3)cc1)c1cc(O)ccc1O2
-26.15    -26.04     12.39      0.47      c1(OCC2OCCC2)ccc(CN2CC(Cn3ncnc3)OCC2)cc1
-25.61    -25.58     12.62      0.47      N1C2CCCCC2c2c(Cl)cc(Cl)cc2C1=O
-28.63    -28.55      9.30      0.46      [nH]1c2ccc(C)cc2cc1C(NC1CCN(Cc2n(Cc3ccc(C#N)cc3)cnc2)CC1)=O
Human-Component   raw_Human-Component
0.4674362540245056   0.4674362540245056   
0.4595128893852234   0.4595128893852234   
0.4675530195236206   0.4675530195236206   
0.4576227366924286   0.4576227366924286   
0.46674659848213196   0.46674659848213196   
0.46491941809654236   0.46491941809654236   
0.46459805965423584   0.46459805965423584   
0.468649297952652   0.468649297952652   
0.465885728597641   0.465885728597641   
0.4615035057067871   0.4615035057067871   

13:31:54: local_reinforcement_logger.timestep_report +41: INFO     
 Step 18   Fraction valid SMILES: 96.9   Score: 0.4509   Time elapsed: 18   Time left: 30.3
  Agent     Prior     Target     Score     SMILES
-28.34    -28.44      9.99      0.47      c1(SC(C)(C)Sc2cc(C(C)(C)C)c(O)c(C(C)(C)C)c2)ccc(C(C)(C)C)c(O)c1CO
-23.19    -23.14     15.31      0.47      c1cccc(Cn2cnc3c(F)cccc3c2=O)c1F
-18.37    -18.67     19.85      0.47      c1cc(Sc2ccc(N)cc2)c(CN(C)C)cc1
-19.76    -19.78     19.07      0.47      c1(N2CCCC2)[nH][nH]c(=O)c1
-23.36    -23.27     14.97      0.47      C(CCNCc1nc(-c2ccc(F)cc2)oc1)N=c1[nH]cccc1
-26.32    -26.45     11.79      0.47      Cc1cc(C)cc(-n2cc(NC(=O)C3CC3)cn2)c1
-31.77    -32.46    -32.46      0.00      N=c1c(C(=O)c2cc(C)cc(C)c2)ccc(=NC(C)C)[nH]c1N
-17.95    -18.08     20.09      0.47      c1ccccc1Cn1c(=O)cc(O)n(C2CCCC2)c1=O
-24.81    -24.81     13.09      0.46      C(C)c1ccc(Nc2sc(C(c3ccc(F)cc3)=O)c(N)c2C#N)cc1
-23.26    -23.13     15.59      0.47      Fc1c(F)c(F)c(F)c(CC(c2ccc(O)c(O)c2O)=O)c1F
Human-Component   raw_Human-Component
0.4686146080493927   0.4686146080493927   
0.4689350724220276   0.4689350724220276   
0.46983441710472107   0.46983441710472107   
0.47373053431510925   0.47373053431510925   
0.46631938219070435   0.46631938219070435   
0.4663892090320587   0.4663892090320587   
0.0   0.0   
0.46539199352264404   0.46539199352264404   
0.4622291326522827   0.4622291326522827   
0.47221773862838745   0.47221773862838745   

13:31:55: local_reinforcement_logger.timestep_report +41: INFO     
 Step 19   Fraction valid SMILES: 100.0   Score: 0.4641   Time elapsed: 20   Time left: 31.0
  Agent     Prior     Target     Score     SMILES
-26.82    -26.85     11.16      0.46      c1c(OCC(C)CN2C(=O)c3ccccc3C2=O)ccc(C(=O)OC)c1
-31.85    -31.75      5.96      0.46      C1(C)CN(c2c(S(=O)(c3ccc(C)c(C)c3)=O)nc(S(Cc3ccccc3)(=O)=O)nc2-c2ccc(F)cc2)CC(C)C1
-24.42    -24.50     13.97      0.47      S(CC(=O)C=C1C(C)(C)c2c(cccc2)N1C)C(=NO)N
-38.18    -38.54     -1.28      0.45      [nH]1c(=O)c(N(C(c2ccc(Br)o2)C(=O)Nc2cc(C)cc(C)c2)Cc2ccccc2)c(N)n(CCC)c1=O
-30.92    -30.92      7.34      0.47      c1(Cl)c(-c2cc(SCC(C)C)cc(C)n2)c(Cl)ccc1
-26.34    -26.47     11.08      0.46      c1ccc(-n2ncc3c(=O)n(CC(=O)NCc4ccccc4)cnc23)c(C)c1
-43.32    -43.26     -5.46      0.46      Cn1cc(C2CCN(CCCCNC(c3ccc(-c4ncc(-c5ccc(NC(CCCCCCC(=O)O)=O)cc5)cc4)s3)=O)CC2)c2c1cccc2
-26.31    -26.43     12.08      0.47      C1C[n+]2cc3c(O)cccc3c(Cl)c2C1
-23.64    -23.71     14.55      0.47      Clc1c(Cl)ccc(N=c2cc(C)[nH]c3c2cc2c(c3)OCO2)c1
-46.93    -47.10     -9.41      0.46      C1N(C(Cc2cc(Oc3cc(F)c(CC(=O)O)cc3)ccc2)=O)CCC2(CCCN2Cc2ccccc2)C1C
Human-Component   raw_Human-Component
0.4634283781051636   0.4634283781051636   
0.4598282277584076   0.4598282277584076   
0.4691924750804901   0.4691924750804901   
0.4543967843055725   0.4543967843055725   
0.46657314896583557   0.46657314896583557   
0.4578997492790222   0.4578997492790222   
0.4609776735305786   0.4609776735305786   
0.469662606716156   0.469662606716156   
0.4666006565093994   0.4666006565093994   
0.4597485065460205   0.4597485065460205   

13:31:57: local_reinforcement_logger.timestep_report +41: INFO     
 Step 20   Fraction valid SMILES: 93.8   Score: 0.4361   Time elapsed: 21   Time left: 30.0
  Agent     Prior     Target     Score     SMILES
-37.36    -37.30      0.31      0.46      Clc1ccc(-c2scc(C[S+](CC(C)CC(=O)Nc3ccccc3)[O-])n2)cc1
-27.70    -27.67     10.83      0.47      c1(-c2ccc(Cl)cc2)nc(C)c(F)c(OCC2CC2)n1
-22.71    -22.72     15.67      0.47      N1(C(=O)C=Cc2ccccc2Cl)CCN(c2ccccc2F)CC1
-23.17    -23.31     15.25      0.47      N=c1[nH]ccc2cccc(-c3ccncc3)c21
-37.03    -37.05    -37.05      0.00      c1coc(CNCc2c3c4c(c(CC)ccc4oc(=O)c3)cc2)c1
-35.11    -34.97      3.40      0.47      c1c(C#N)c(C)cc(C)c1C1SC(SCC=C)=NC1=S
-18.04    -18.19     19.60      0.46      O1C(=O)C(CC)(O)c2c(c(=O)n3c(c2)-c2nc4c(cccc4)cc2C3)C1
-26.23    -26.37     11.28      0.46      c1c(OC)cc(C(Nc2cc(OC)c(NC(=O)c3oc([N+](=O)[O-])cc3)cc2)=O)cc1
-24.80    -24.88     13.11      0.46      C(SCC(=O)Nc1cc(Cl)c(N2CCOCC2)cc1)c1ccccc1Cl
-21.83    -21.75     16.65      0.47      C1CCN(S(=O)(c2ccc(C(=O)N3CC(C)CCC3)cc2)=O)CC1
Human-Component   raw_Human-Component
0.4586108922958374   0.4586108922958374   
0.46950381994247437   0.46950381994247437   
0.4681303799152374   0.4681303799152374   
0.4702058732509613   0.4702058732509613   
0.0   0.0   
0.4678853452205658   0.4678853452205658   
0.4608287215232849   0.4608287215232849   
0.4591188430786133   0.4591188430786133   
0.46327850222587585   0.46327850222587585   
0.46829646825790405   0.46829646825790405   

13:31:58: local_reinforcement_logger.timestep_report +41: INFO     
 Step 21   Fraction valid SMILES: 100.0   Score: 0.4627   Time elapsed: 22   Time left: 29.0
  Agent     Prior     Target     Score     SMILES
-22.26    -22.30     15.92      0.47      CCN(CC)C(C(N1C(=O)c2ccccc2C1=O)CCSC)=O
-29.84    -29.56      8.37      0.46      O=C(c1c2n(cn1)-c1ccsc1C(=O)N2C)NCCCSCCC
-23.78    -23.70     14.51      0.47      C1CN(C(c2csnn2)=O)C(c2noc(CC)n2)CC1
-26.84    -26.86     11.06      0.46      c1cc([N+](=O)[O-])c(C(=O)n2c(=N)[nH]c(-c3cc(Cl)ccc3)n2)cc1
-47.61    -47.67    -10.39      0.45      C1(C(=O)NC(Cc2ccc(Br)cc2)C(N2C(C(NC(CCC)C(=O)N)=O)CCC2)=O)N2C(=O)C(Cc3ccc(CN)cc3)CCC2CC1
-36.31    -36.24      1.23      0.46      c12c(c(OCc3ccccc3)nc(=NC)[nH]1)ncn2Cc1c(C(=O)OC)cccc1F
-23.57    -23.23     15.21      0.47      Clc1cc2[n+]([O-])c(C#N)c(-c3oc(C)cc3)[n+]([O-])c2cc1Cl
-32.70    -32.61      5.27      0.46      c1c(CCCCCC)ccc(OC(Cc2ccc(CC(C(O)=O)OCC)cc2)(CC)CC)c1
-33.57    -33.45      3.97      0.46      N(C(=O)C(CC(NCCc1ccc(OC)c(OC)c1)=O)CC(C)C)C(Cc1cc(F)cc(F)c1)C(O)C1NCC(OCc2ccccc2)C1
-37.06    -37.29      0.02      0.46      O=C(C(CCCCNc1ccc(OC)cc1)NC(CCN)=O)c1ncc(-c2ccccn2)o1
Human-Component   raw_Human-Component
0.46617570519447327   0.46617570519447327   
0.4625394344329834   0.4625394344329834   
0.46599090099334717   0.46599090099334717   
0.46238452196121216   0.46238452196121216   
0.45467063784599304   0.45467063784599304   
0.45696914196014404   0.45696914196014404   
0.4688500463962555   0.4688500463962555   
0.4620196521282196   0.4620196521282196   
0.45635828375816345   0.45635828375816345   
0.4550442099571228   0.4550442099571228   

13:32:01: local_reinforcement_logger.timestep_report +41: INFO     
 Step 22   Fraction valid SMILES: 100.0   Score: 0.4636   Time elapsed: 26   Time left: 31.7
  Agent     Prior     Target     Score     SMILES
-24.80    -24.90     13.37      0.47      c1c(Cl)ccc(Cl)c1NC(Oc1cnccc1)=O
-27.19    -26.95     11.37      0.47      OC(C1=CC(n2cc(-c3ccc(CCCCC)cc3)nn2)CC1C(=O)O)=O
-22.48    -22.60     15.41      0.46      O=C(Nc1cc(=O)[nH]c(=O)[nH]1)c1ccc([N+](=O)[O-])cc1
-31.99    -31.83      5.85      0.46      CCCCc1c2c(=O)[nH]c(C(F)F)nc2n(-c2cc(OC)ccc2C)n1
-22.87    -22.82     15.44      0.47      C(CCNCc1ccccc1)N=c1cc[nH]c2c1ccc(C(F)(F)F)c2
-33.05    -32.81      5.12      0.46      N(C1Cc2c(c3cc(C(F)(F)F)ccc3[nH]2)CC1)S(=O)(=O)c1c(C)cc(C)cc1C
-28.95    -28.87      8.96      0.46      c1c(NC)cc(C=NNC(=O)c2c3c(sc2)CCCC3)cc1
-25.03    -24.95     13.11      0.46      O=C(CN(C)C(=O)CCCOc1ccc(OCC)cc1)Nc1ccc(Cl)cc1
-30.35    -30.27      8.14      0.47      c12cc(Cn3nc[n+](C)c3C=NO)ccc1cc(O)cc2
-35.71    -35.55      2.53      0.46      N1(c2c(F)cnc(OC3CCC3)n2)CCN(S(=O)(=O)C2CCC2)C(CCCN)C1=O
Human-Component   raw_Human-Component
0.4667089581489563   0.4667089581489563   
0.46737658977508545   0.46737658977508545   
0.4635007083415985   0.4635007083415985   
0.459547758102417   0.459547758102417   
0.46665993332862854   0.46665993332862854   
0.4625398516654968   0.4625398516654968   
0.46138811111450195   0.46138811111450195   
0.4641498029232025   0.4641498029232025   
0.46833908557891846   0.46833908557891846   
0.4643750786781311   0.4643750786781311   

13:32:02: local_reinforcement_logger.timestep_report +41: INFO     
 Step 23   Fraction valid SMILES: 100.0   Score: 0.4641   Time elapsed: 27   Time left: 30.4
  Agent     Prior     Target     Score     SMILES
-29.54    -29.80      7.39      0.45      O=C(c1ccc(NC(=O)C2C(C)(C)SCN2C(O)C(=O)C(Cc2ccccc2)NC(COc2c(C)cccc2C)=O)cc1)O
-28.14    -28.28     10.17      0.47      Cc1nc(SCCc2c[nH]cn2)c(C#N)nc1
-20.40    -20.44     18.12      0.47      C(CCCC(=O)O)CCCCCCCOc1ccc(C(=O)O)cc1
-23.42    -23.56     14.29      0.46      c1(Cl)cc(Cc2nn(CC)c(C3CCN(CC4CN(C(C(C)(C)C)C(=O)O)CC4c4cccc(F)c4)CC3)c2)ccc1
-20.43    -20.54     17.51      0.46      c1(NC(c2cnc(SC)nc2)=O)ccc(OC)cc1
-18.88    -18.90     19.26      0.47      c1cc(NC(c2cnc(Cl)nc2C(F)(F)F)=O)ccc1Cl
-22.05    -22.24     16.07      0.47      c1c(C(N2CCCC2)=O)ccn(C)c1=O
-20.58    -20.91     18.05      0.48      C1c2c(cccc2)N(CCO)CC1
-36.28    -35.96      1.50      0.46      c1cc(C=Cc2cc(OCC(=O)N)c(OC)cc2)c(C=CC(=O)NS(c2ccc(F)c(F)c2)(=O)=O)cc1OC
-23.41    -23.55     15.07      0.47      C(N)(=O)Oc1c(OC)cccc1OC
Human-Component   raw_Human-Component
0.4534665048122406   0.4534665048122406   
0.4689690172672272   0.4689690172672272   
0.47032734751701355   0.47032734751701355   
0.4615310728549957   0.4615310728549957   
0.46407538652420044   0.46407538652420044   
0.46534568071365356   0.46534568071365356   
0.46717721223831177   0.46717721223831177   
0.47513169050216675   0.47513169050216675   
0.4568212032318115   0.4568212032318115   
0.4709576368331909   0.4709576368331909   

13:32:04: local_reinforcement_logger.timestep_report +41: INFO     
 Step 24   Fraction valid SMILES: 96.9   Score: 0.4495   Time elapsed: 28   Time left: 29.1
  Agent     Prior     Target     Score     SMILES
-21.71    -21.80     16.62      0.47      C(#N)c1cc(C(=O)O)c(=N)[nH]c1
-30.19    -30.23      8.04      0.47      c1(C(=O)NCCN2CCC(O)(c3ccc(Cl)cc3)CC2)c2n(cccc2)c(C2CC2)n1
-21.93    -22.08     16.60      0.47      c1(C(=O)O)cncc(-c2cncnc2)c1
-31.68    -32.05      5.89      0.46      c1(F)ccc(CCOC)cc1N=c1[nH]c(=Nc2ccccc2C(=O)N)c(C(F)(F)F)c[nH]1
-27.81    -27.94      8.69      0.45      c1c(NC(=O)Nc2cc(Cl)c(C)cc2)cc2c(c1)OC(CN(C)Cc1ccc(C(=O)Nc3c(N)cccc3)cc1)C(C)CN(C(C)CO)C2=O
-35.72    -36.02      1.54      0.46      Oc1c(Sc2n(C)nnn2)cc(NS(=O)(=O)c2cccc(Cl)c2)cc1C=NNC(=O)OC
-31.83    -31.82      6.61      0.47      c1c(C)cc2c(c3c(c4c2CCCN4C)ccc(O)c3)c1
-41.65    -41.46     -3.34      0.46      O=C(C(C(c1nc2c(cccc2)s1)O)OCC(O)CN1C(=O)c2ccccc2C1=O)O
-39.91    -39.93     -2.35      0.46      C1(N(c2ncc(C)cc2)C(=O)C)=NC(=O)C(Cc2ccc3c(c2)OCCO3)=NN1
-33.43    -33.78      4.07      0.46      C1CCC2N(c3nc(=N)[nH]c4c3nc(-c3cc(F)c(C(=O)N)cc3)cc4)C1CC2
Human-Component   raw_Human-Component
0.4685995578765869   0.4685995578765869   
0.4667116403579712   0.4667116403579712   
0.47165513038635254   0.47165513038635254   
0.4627068042755127   0.4627068042755127   
0.4467308223247528   0.4467308223247528   
0.4581010341644287   0.4581010341644287   
0.4686812460422516   0.4686812460422516   
0.4648820161819458   0.4648820161819458   
0.4582321345806122   0.4582321345806122   
0.4615590274333954   0.4615590274333954   

13:32:06: local_reinforcement_logger.timestep_report +41: INFO     
 Step 25   Fraction valid SMILES: 100.0   Score: 0.4652   Time elapsed: 31   Time left: 29.8
  Agent     Prior     Target     Score     SMILES
-26.11    -26.16     12.45      0.47      c1c2c(ccc1)CN1C(=N2)c2cc(O)ccc2S1(=O)=O
-25.18    -25.42     12.31      0.46      c1cc(N)ccc1-c1nc(S(=O)(c2ccccc2)=O)c(NCCOC)o1
-36.82    -36.47      2.04      0.47      C1C(CN(C)C(N2CCC(OC)CC2)=O)CCN(CC(C2CC2)O)C1
-26.03    -25.97     12.37      0.47      n1c(C)nc(SCc2cccc(F)c2)[nH]c1=NCC
-20.02    -20.14     18.19      0.47      c1(C)o[nH]c(=NC(CSc2n(C3CC3)c(C3CC3)nn2)=O)c1
-29.73    -29.97      8.48      0.47      O1C(C2CN(C)CCC2)=Cc2c(OC)ccc(OC)c2C1
-30.02    -29.80      8.32      0.46      N1(Cc2cccc(F)c2)C(C)(C)C(=O)N(c2cc(Cl)cn(C)c2=O)C1=O
-27.40    -27.38     10.91      0.47      c1(C(=O)N2CC(Oc3c(C(F)(F)F)cccc3)C2)cc(C(O)=O)ccc1
-27.43    -27.66     10.21      0.46      c1cc(C2CC(O)CN2C(c2cc(-c3ccc(C)cc3)on2)=O)ccc1
-17.29    -17.53     20.75      0.47      c12c(nc[nH]c1=N)n(C1OC(CO)OC1)cn2
Human-Component   raw_Human-Component
0.4708186686038971   0.4708186686038971   
0.46016746759414673   0.46016746759414673   
0.46958088874816895   0.46958088874816895   
0.4675087630748749   0.4675087630748749   
0.46745821833610535   0.46745821833610535   
0.46884632110595703   0.46884632110595703   
0.46496981382369995   0.46496981382369995   
0.4669169783592224   0.4669169783592224   
0.4619366526603699   0.4619366526603699   
0.46676209568977356   0.46676209568977356   

13:32:09: local_reinforcement_logger.timestep_report +41: INFO     
 Step 26   Fraction valid SMILES: 93.8   Score: 0.4364   Time elapsed: 34   Time left: 30.2
  Agent     Prior     Target     Score     SMILES
-51.43    -51.23    -13.83      0.46      Oc1c(C(CC(=O)N)c2c(O)oc(C=Cc3ccc(O)cc3)cc2=O)c(-c2ccc(OCCN(C)C)cc2)cc2c1c(O)ccc2
-28.60    -28.74      9.62      0.47      c1c(-c2nnc(C)c3n2c(-c2ccc(C)cc2)nn3)cccn1
-21.85    -22.07     16.43      0.47      c1c2c(nnn2Cc2c(C)cccc2)ncc1
-22.35    -22.21     15.75      0.46      c1c(C(NC(=O)COc2c([N+]([O-])=O)nc(C)cc2)C)ccc(F)c1
-24.30    -24.20     13.83      0.46      O=C(OCC(=O)Nc1c(C(=O)OCC)c(C)c(C(C)=O)s1)c1ccc(F)cc1
-25.40    -25.38     12.80      0.47      n1(CCc2ccc(O)cc2)c(Cc2cc(OC)ccc2)nc2ccccc12
-25.26    -25.50     12.53      0.46      C(CN(S(=O)(=O)c1ccc(C)cc1)c1c(C)cc(C)cc1C)C(O)=O
-47.95    -47.89    -10.48      0.46      c1c(C(c2ccccc2)N2CCN(CC(OC(=O)C)Cn3c(=O)n(Cc4cc(C)ncc4)c(=O)c4c3scc4C(=O)OCC)CC2)cccc1
-29.13    -29.23      8.38      0.46      c1c(C(=O)Oc2ccc(C(NN=CC=Cc3ccccc3[N+]([O-])=O)=O)cc2)ccc(Cl)c1
-20.50    -20.71     17.32      0.46      C1N(C(C2CCN(S(c3ccc(OC)cc3)(=O)=O)CC2)=O)CCCCC1
Human-Component   raw_Human-Component
0.4560154676437378   0.4560154676437378   
0.4678890109062195   0.4678890109062195   
0.4694894254207611   0.4694894254207611   
0.4629669189453125   0.4629669189453125   
0.46386751532554626   0.46386751532554626   
0.46563830971717834   0.46563830971717834   
0.46368372440338135   0.46368372440338135   
0.4561951160430908   0.4561951160430908   
0.4587598741054535   0.4587598741054535   
0.4637785851955414   0.4637785851955414   

13:32:13: local_reinforcement_logger.timestep_report +41: INFO     
 Step 27   Fraction valid SMILES: 100.0   Score: 0.4645   Time elapsed: 37   Time left: 30.4
  Agent     Prior     Target     Score     SMILES
-25.10    -25.32     12.87      0.47      c1cc(C(O)=O)c2ccccc2c1NCC1CCCO1
-24.16    -24.48     13.23      0.46      C(OC)(=O)c1ccc(COc2c(C=NNC(CC#N)=O)cccc2)cc1
-24.40    -24.09     13.70      0.46      O1c2c(cc3c(c2)C(Nc2ccc(C(=O)NCc4ccccc4)cc2)C2COC(=O)C2C3c2cc(OC)c(O)c(OC)c2)OC1
-26.38    -26.48     11.07      0.46      C(CC)N(c1c(=O)[nH]c(=O)n(Cc2ccccc2)c1N)C(=O)COC(Cc1c2c(cccc2)ccc1)=O
-42.00    -41.87     -3.91      0.46      C1N(C(=O)c2ccc3[nH]c4c(c3c2)CCNC4=O)CC2CC3Cc4c(cccc4)CN3CC2C1
-60.35    -60.36    -22.65      0.46      C1(OCCCN(C)C)C(C(CC(c2cc(OC)ccc2)O)COC2C(O)C(O)C(O)C(CO)O2)OC(S(=O)(=O)c2ccc(C)cc2)CO1
-19.65    -19.79     18.58      0.47      c1cc(C)cc(NC(=S)N2CCCCC2)c1C
-31.79    -31.37      6.93      0.47      n1c(C)sc(CS(=O)(=O)c2c3cc(C)ccc3[nH]c2)c1C
-23.99    -24.27     13.63      0.46      O=C(COc1cc(C)ccc1C(C)C)NC1CCN(Cc2ccc(C)cc2)CC1
-23.46    -23.35     14.63      0.46      N(CCc1cc(OC)c(OC)cc1)C(=O)c1c(OCc2ccccc2)cccc1
Human-Component   raw_Human-Component
0.46572214365005493   0.46572214365005493   
0.4599112272262573   0.4599112272262573   
0.4608153998851776   0.4608153998851776   
0.4579331576824188   0.4579331576824188   
0.4629465937614441   0.4629465937614441   
0.45987704396247864   0.45987704396247864   
0.46789249777793884   0.46789249777793884   
0.46714141964912415   0.46714141964912415   
0.462206095457077   0.462206095457077   
0.46322497725486755   0.46322497725486755   

13:32:16: local_reinforcement_logger.timestep_report +41: INFO     
 Step 28   Fraction valid SMILES: 90.6   Score: 0.4210   Time elapsed: 40   Time left: 30.3
  Agent     Prior     Target     Score     SMILES
-20.25    -19.96     18.29      0.47      c1(OC(c2ccc(OC)cc2)=O)cncc(Cl)c1
-32.15    -31.91      6.05      0.46      C(NC(Nc1cc2c(nc1)n(CCN(C)C)nc2)=O)COC
-21.10    -21.31     17.02      0.47      c1c2c([n+]([O-])n(-c3ccc(C)cc3)c2)ccc1
-25.66    -25.79     12.82      0.47      n1(CCN(C2CC2)Cc2ccc(C#N)cc2)ncnc1
-25.07    -25.04     13.62      0.47      n1cc(CC)cnc1CCC1OCCO1
-31.99    -32.63      5.27      0.46      C12C(=O)CC3C4(C)C(C)(C(C(C)CCC=C(C)C)CC4)CCC3(C)C1CC=C(C(=O)O)C(C)(C)C2
-27.39    -27.12     10.89      0.46      n1nc(-c2ccccc2)oc1CN1CCCC(C(N2CCC(C)CC2)=O)C1
-19.63    -19.44     18.91      0.47      c1(-n2c(-c3ccc(C)cc3)n[nH]c2=S)ccc(F)cc1
-20.00    -20.26     17.80      0.46      C1CCCN(C(=O)CSc2nccc(C)n2)C1
-23.30    -23.79     14.20      0.46      c1cc(C#Cc2ccc(CC(NC(=O)C)C)cc2)c[nH]c1=NC(Cc1ccccc1)=O
Human-Component   raw_Human-Component
0.4664985239505768   0.4664985239505768   
0.4629548192024231   0.4629548192024231   
0.4674224257469177   0.4674224257469177   
0.470858097076416   0.470858097076416   
0.4714207649230957   0.4714207649230957   
0.46220582723617554   0.46220582723617554   
0.4636123776435852   0.4636123776435852   
0.46776512265205383   0.46776512265205383   
0.464067280292511   0.464067280292511   
0.46331530809402466   0.46331530809402466   

13:32:18: local_reinforcement_logger.timestep_report +41: INFO     
 Step 29   Fraction valid SMILES: 100.0   Score: 0.4497   Time elapsed: 43   Time left: 30.1
  Agent     Prior     Target     Score     SMILES
-33.34    -32.72      5.14      0.46      C(C(N)Cc1c(F)ccc(F)c1)(N1C[S+]([O-])CC1C(NCc1cccc(Cl)c1Cl)=O)=O
-24.92    -25.18     13.14      0.47      c1(O)c(CN(C)c2ccccc2)cc(C(=O)C)c(O)c1
-27.18    -27.35     10.69      0.46      C1(=O)c2c(cc(Cl)cc2)-c2n(C)c(=O)c3c(c21)C(O)(CC)C(=O)OC3
-20.01    -20.25     18.27      0.47      Clc1cc[nH]c(=Nc2ccc(O)cc2)c1
-21.68    -21.74     16.31      0.46      N(C(=O)c1cc(OC)c(OC)c(OC)c1)C(C(OC)=O)c1ccccc1
-26.44    -26.57     11.55      0.46      N#CCc1ccc(NC(=S)NCc2ccccc2F)cc1
-30.43    -30.47      7.52      0.46      c1cc2c(cc(Cl)cc2N2CCN(CCC3CCC(NC(=O)CC#N)CC3)CC2)cc1
-37.04    -36.48      1.18      0.46      Cc1cnc(C(=O)OCC(c2c(C)[nH]c3cc4c(cc32)OCCO4)=O)cn1
-25.04    -25.14     12.79      0.46      c1c(CCN=c2[nH]c3c(c(=O)n2C)sc(-c2c(Cl)cccc2)c3)cccn1
-26.74    -27.24     11.31      0.47      C1N(c2c3c(ccc2)cccc3)C(c2ccccc2)CNC1
Human-Component   raw_Human-Component
0.4617156684398651   0.4617156684398651   
0.46737587451934814   0.46737587451934814   
0.4639131724834442   0.4639131724834442   
0.4697476029396057   0.4697476029396057   
0.4639938473701477   0.4639938473701477   
0.46484583616256714   0.46484583616256714   
0.4633733034133911   0.4633733034133911   
0.4593467116355896   0.4593467116355896   
0.46254193782806396   0.46254193782806396   
0.47008654475212097   0.47008654475212097   

13:32:20: local_reinforcement_logger.timestep_report +41: INFO     
 Step 30   Fraction valid SMILES: 100.0   Score: 0.4649   Time elapsed: 45   Time left: 29.0
  Agent     Prior     Target     Score     SMILES
-22.48    -22.38     16.22      0.47      c1cc(-c2nc3n(cccc3)c2)n[nH]1
-28.07    -28.24     10.01      0.47      OS(=O)(=O)CCCCn1c2nc[nH]c(=O)c2c(C)c1C
-23.52    -23.19     15.20      0.47      C1C(=NNC(c2cccn2C)=O)CCC(C(C)(C)C)C1
-30.91    -31.14      7.05      0.47      N1(CCO)CC2(CN(Cc3ncccc3)CC1)CN(C)C(=O)CO2
-29.16    -28.87      9.11      0.46      c1(Cl)cc(Nc2c(CC(=O)O)c(C)c(Cl)c(C)c2)c(C)cc1
-22.71    -23.00     15.16      0.47      CC(=O)c1ccc(N2CCN(C(=O)COc3ccc(C#N)cc3)CC2)cc1
-35.34    -35.11      3.36      0.47      C1CC(NC(=O)C23CC4CC(NC(N5CCCCC5)=O)(CC(C2)C4)C3)C1
-23.18    -23.39     14.98      0.47      c1ccc(OCCCn2c(=O)scc2O)cc1OC
-23.42    -23.79     14.69      0.47      N1(Cc2ccccc2)CCC2(c3cnn(C)c3CCN2)C1
-26.06    -26.03     11.96      0.46      c1c(OCCCOc2ccc(OC(C(O)=O)(C)C)cc2)c(C)ccc1C
Human-Component   raw_Human-Component
0.47070959210395813   0.47070959210395813   
0.4664328396320343   0.4664328396320343   
0.46813565492630005   0.46813565492630005   
0.46572044491767883   0.46572044491767883   
0.4632174074649811   0.4632174074649811   
0.46538245677948   0.46538245677948   
0.4691723883152008   0.4691723883152008   
0.4678284227848053   0.4678284227848053   
0.4692288041114807   0.4692288041114807   
0.4631960391998291   0.4631960391998291   

13:32:22: local_reinforcement_logger.timestep_report +41: INFO     
 Step 31   Fraction valid SMILES: 96.9   Score: 0.4491   Time elapsed: 46   Time left: 27.3
  Agent     Prior     Target     Score     SMILES
-19.50    -20.01     18.26      0.47      C1CN(c2ccccc2)CCN1C(=O)c1ccc(S(=O)(=O)N2CCCC2)cc1
-27.54    -27.33     10.65      0.46      C1CN(Cc2ccc(C(Nc3sc4c(c3C#N)CCC(C)(C)C4)=O)cc2)CCN1C
-35.17    -35.53      2.38      0.46      FC(c1cccc(-n2c(=O)c(O)c(C#N)n(CCCCCC)c2=O)c1)(F)C(F)F
-39.93    -39.72     -2.06      0.46      c1(CN(CCC#N)C(c2ccc(Br)cc2)C(=O)Nc2c(F)cccc2)cc2c(cc1)OCCO2
-32.36    -32.78      5.97      0.47      c12c3n(CCCSC)nc(C)c3cc(C)n1nc(C)c2
-33.25    -33.44      5.07      0.47      CC12C(C3C(CC1)C1(C)C(CC3)CC(=O)CC1)CC(O)C(C)(C(CO)=O)C2
-27.82    -27.88     10.52      0.47      C1CC(CCC=C)(CCCCCC)NC(=O)O1
-37.57    -37.06      0.65      0.46      N(c1cn2cc(C(c3c(Cl)cccc3F)=O)ccc2n1)(CCCc1c[nH]nc1)C
-20.83    -21.26     17.36      0.47      c12c(OC)cccc1CC1C3C2(CCN1C)CCCC3
-25.48    -25.55     12.81      0.47      c1(OCCNC(OC)=O)ccccc1C(c1ccccc1)=O
Human-Component   raw_Human-Component
0.4667007327079773   0.4667007327079773   
0.46315085887908936   0.46315085887908936   
0.4622582495212555   0.4622582495212555   
0.4593595862388611   0.4593595862388611   
0.472520649433136   0.472520649433136   
0.4696490168571472   0.4696490168571472   
0.4682600796222687   0.4682600796222687   
0.45985203981399536   0.45985203981399536   
0.47092458605766296   0.47092458605766296   
0.46782371401786804   0.46782371401786804   

13:32:24: local_reinforcement_logger.timestep_report +41: INFO     
 Step 32   Fraction valid SMILES: 100.0   Score: 0.4490   Time elapsed: 49   Time left: 26.7
  Agent     Prior     Target     Score     SMILES
-27.33    -27.43     10.52      0.46      c1cc(=O)[nH]c2ncn(Cc3ccc(C(OC)=O)cc3)c12
-25.04    -25.21     12.79      0.46      C1Oc2ccc(C3=NN(CCC(=O)NCCc4cc(OC)c(OC)cc4)C(=O)CC3)cc2O1
-22.00    -22.11     16.17      0.47      n1cc(-c2cc3ncn(C)c(=O)c3c(=NC(C)C)[nH]2)ccc1CN1CCN(C)CC1
-17.76    -17.85     20.22      0.46      c1c(NC(c2ccc(-n3c(O)c4c(c3O)C3CC4C=C3)cc2)=O)cccc1
-24.15    -24.78     13.48      0.47      c1ccccc1Cc1nc(C(=O)O)cc2c1C(=O)c1ccccc1-2
-29.76    -29.50      8.69      0.47      c1(SC(=S)Nc2ccccc2C)nnc(-c2sccc2)n1CC=C
-36.55    -36.66      1.23      0.46      c1c(C)cc(CN(C)C2CCCNC2=O)cc1NC(=O)CC
-36.00    -35.69      2.46      0.47      n1c2c(c(=O)[nH]c1O)c(=CN(CC)c1ccccc1)c(=C)n2-c1ccccc1
-33.79    -33.53      3.93      0.46      c1cc(C(=O)N2CCN(C)CC2)c(NC(CSc2nnc(C(CC)N(C)C)n2Cc2ccccc2)=O)cc1
-35.96    -35.83      1.66      0.46      C1CC(N(Cc2c(OC)ccc(N=c3cc[nH]c4cc(Cl)ccc34)c2)Cc2cc([N+](=O)[O-])ccc2O)CCC1
Human-Component   raw_Human-Component
0.46280544996261597   0.46280544996261597   
0.46339163184165955   0.46339163184165955   
0.46675559878349304   0.46675559878349304   
0.46426159143447876   0.46426159143447876   
0.46658819913864136   0.46658819913864136   
0.4657421112060547   0.4657421112060547   
0.4621645510196686   0.4621645510196686   
0.4652779698371887   0.4652779698371887   
0.4567950367927551   0.4567950367927551   
0.45724692940711975   0.45724692940711975   

13:32:26: local_reinforcement_logger.timestep_report +41: INFO     
 Step 33   Fraction valid SMILES: 100.0   Score: 0.4493   Time elapsed: 50   Time left: 25.0
  Agent     Prior     Target     Score     SMILES
-25.59    -25.85     11.94      0.46      O=C(Nc1c(C)cccc1)NCC1(C)CCCC2(C)c3c(cc(C(C)C)cc3)CCC21
-39.75    -39.28     -1.53      0.46      c1cc(-c2ccc(C(F)(F)F)cc2)cc(C(Cn2ncnc2)C(C(OCC)=O)C(=O)OCC)c1
-24.66    -24.77     12.99      0.46      O(C)c1cccc(NC(=O)CSc2nc(CCCC)n[nH]2)c1
-27.89    -27.92     10.41      0.47      S=C1SC(=Cc2ccc(N(C)CC(O)=O)cc2)C(=O)N1CC(O)=O
-19.20    -19.52     18.85      0.47      c1nn(C2CCCC2)c2nc(=NC)[nH]cc12
-30.19    -30.63      7.24      0.46      C1(C)(C)OCc2c(c3c(nc(SCC(N=c4[nH]nc(C)s4)=O)nc3)s2)C1
-29.55    -29.52      8.93      0.47      Oc1c2c(cc(COC)o2)cc(-c2ccc(CO)cc2)c1
-31.25    -31.21      6.99      0.47      C1c2c(c(N(S(=O)(=O)c3cccc4cccnc34)C)ccc2)NCC1
-18.66    -19.25     19.02      0.47      c1ccc(C(C(=O)NC)N2CCOCC2)cc1
-26.06    -26.45     11.55      0.46      [nH]1c(=N)c2c(nc1)n(CCC1CCN(Cc3ccccc3)CC1)nc2-c1cccc(N)c1
Human-Component   raw_Human-Component
0.4608262777328491   0.4608262777328491   
0.4603002667427063   0.4603002667427063   
0.460486501455307   0.460486501455307   
0.46746209263801575   0.46746209263801575   
0.46791407465934753   0.46791407465934753   
0.461784690618515   0.461784690618515   
0.46899139881134033   0.46899139881134033   
0.46589845418930054   0.46589845418930054   
0.4666474759578705   0.4666474759578705   
0.4634436368942261   0.4634436368942261   

13:32:27: local_reinforcement_logger.timestep_report +41: INFO     
 Step 34   Fraction valid SMILES: 100.0   Score: 0.4359   Time elapsed: 52   Time left: 23.8
  Agent     Prior     Target     Score     SMILES
-27.69    -28.02     10.16      0.47      C(=O)(c1oc2c(cccc2)c1)N1CC2C(N(C)C(C)C2)C1
-29.33    -28.95      9.32      0.47      c12n(ncc1)-c1ccccc1CN(CCOC)C=N2
-48.52    -48.51    -10.84      0.46      c1nc(-c2ccccc2)cnc1-c1cc(=N)[nH]c2n(-c3ccc(C)cc3)c(C(=O)OC)cc21
-23.50    -23.57     14.95      0.47      c1cc(-c2ccccc2OCCOc2c(C(O)=O)cccc2)ccc1
-18.06    -18.29     20.17      0.47      c1c(OC)ccc(S(=O)(=O)N2CC(C)OC(C)C2)c1
-18.70    -19.15     19.30      0.47      c1c(N2CCCCC2)c([N+](=O)[O-])cc([N+]([O-])=O)c1
-35.57    -35.44      1.91      0.46      [O-][N+](c1cc(C(=O)Nc2ccc(Cl)c(S(Nc3c(=O)n(C)ccc3)(=O)=O)c2)ccc1)=O
-22.43    -22.49     16.22      0.47      c12ccccc1N(CCCCN1c3c(cccc3)CCc3ccccc31)C(=O)C2=O
-24.65    -24.29     13.58      0.46      C1(C(Nc2ccc(C(=O)NC(c3ccccc3)C)cc2)=O)CCN(Cc2ccccc2)CC1
-23.02    -22.68     15.48      0.47      c1cnc2[nH]c(-c3ccc(C4CCC(CC(=O)O)CC4)cc3)nc2c1N1CCOCC1
Human-Component   raw_Human-Component
0.4655958116054535   0.4655958116054535   
0.46676379442214966   0.46676379442214966   
0.45941683650016785   0.45941683650016785   
0.46973803639411926   0.46973803639411926   
0.4689844250679016   0.4689844250679016   
0.4688570201396942   0.4688570201396942   
0.45554491877555847   0.45554491877555847   
0.4720970392227173   0.4720970392227173   
0.4618328809738159   0.4618328809738159   
0.4653269052505493   0.4653269052505493   

13:32:29: local_reinforcement_logger.timestep_report +41: INFO     
 Step 35   Fraction valid SMILES: 100.0   Score: 0.4653   Time elapsed: 53   Time left: 22.1
  Agent     Prior     Target     Score     SMILES
-25.72    -26.16     11.95      0.46      N1(CC)CCCC(NC(=O)NCc2cnccc2)C1
-27.14    -26.99     11.18      0.47      S(=O)(N(CC)CC)(N1CCC(C(Nc2ccc(-c3ccccc3)cc2)=O)CC1)=O
-22.33    -22.61     15.15      0.46      c1ccccc1Cn1nnc2c(=O)[nH]c(C3CCN(C(=O)c4ccco4)CC3)nc12
-31.95    -32.13      5.96      0.46      c12ccc(C(=O)N)cc1nc(C1=CC3C(CN(C)C3)C1)n2C
-25.35    -25.82     12.56      0.47      c1(C2(C(F)(F)F)OC(=O)Nc3ccc(Cl)cc32)ccc(Cl)nc1
-25.25    -24.88     12.76      0.46      O=C(Cc1cc2c(cc1)OCc1ccccc1C2=O)OCCN(CC)CC
-29.85    -29.37      8.87      0.47      c1cc(-c2c(C3C(c4cc5c(cccc5)[nH]4)C3)[nH]nn2)ccc1
-25.86    -25.87     12.26      0.46      c12c(c3c(cccc3)cc1)[nH]c(C)cc2=Nc1cccc(OC)c1
-21.53    -21.64     16.58      0.47      c1c(Cl)cc(Cl)c(C(=O)NCC(=O)N2CCOCC2)c1
-29.51    -29.99      8.02      0.46      CC(C)C(C(NC)=O)NC(=O)c1c(C)c2c(cccc2)cc1
Human-Component   raw_Human-Component
0.46472829580307007   0.46472829580307007   
0.465480774641037   0.465480774641037   
0.46042174100875854   0.46042174100875854   
0.46452397108078003   0.46452397108078003   
0.4679778516292572   0.4679778516292572   
0.4589392840862274   0.4589392840862274   
0.4663489758968353   0.4663489758968353   
0.4648970067501068   0.4648970067501068   
0.4660392701625824   0.4660392701625824   
0.4634968936443329   0.4634968936443329   

13:32:30: local_reinforcement_logger.timestep_report +41: INFO     
 Step 36   Fraction valid SMILES: 100.0   Score: 0.4365   Time elapsed: 55   Time left: 20.8
  Agent     Prior     Target     Score     SMILES
-21.37    -21.33     17.16      0.47      c1(Cl)c(Cl)cc(NC(=S)NCCN2CCCC2)cc1
-34.33    -34.25      3.88      0.47      c1cccc(-c2nc(C(NC(=O)CCC)c3c(C)cccc3)oc2N2CCN(CCO)CC2)c1
-23.79    -23.95     13.87      0.46      c1cc(-c2ccccn2)sc1S(=O)(=O)NC1CCN(Cc2cc(C(=N)N)ccc2)C1=O
-22.15    -22.38     15.89      0.47      N1(Cc2ccco2)CCN(Cc2nc(-c3c(C)cccc3)oc2)CC1
-22.49    -22.82     15.60      0.47      N1(c2ccc(N=c3nc4c(c[nH]3)CNC(=O)C4(C)C)cc2)CCN(C)CC1
-25.61    -25.93     12.19      0.46      n1cc(CNC(=O)c2n(C(C)C)nc(C)c2)sc1
-21.20    -21.50    -21.50      0.00      O(C)C(c1ccc(NC(ON=C(C)C)=O)cc1)=O
-28.07    -28.09      9.55      0.46      c1(C(=O)NCc2ccc(CC)cc2)ccc(=O)n(CC(NC2CCCCC2)=O)n1
-35.08    -35.48      2.19      0.46      N1=C(c2ccccc2)c2ccccc2N(Cc2ccc(C(F)(F)F)cc2)C(=O)C1NC(=O)Nc1cc(C(NCCCN2CCCC2)=O)ccc1
-32.39    -32.02      5.60      0.46      c1c(C)cc(NC(=O)c2c(OCC)nccc2)c(C(=O)N2CCC2)c1
Human-Component   raw_Human-Component
0.4694244861602783   0.4694244861602783   
0.465024471282959   0.465024471282959   
0.4611266851425171   0.4611266851425171   
0.4667033553123474   0.4667033553123474   
0.46851488947868347   0.46851488947868347   
0.4649312198162079   0.4649312198162079   
0.4681852459907532   0.4681852459907532   
0.45903536677360535   0.45903536677360535   
0.4594176411628723   0.4594176411628723   
0.4588201940059662   0.4588201940059662   

13:32:32: local_reinforcement_logger.timestep_report +41: INFO     
 Step 37   Fraction valid SMILES: 100.0   Score: 0.4654   Time elapsed: 56   Time left: 19.2
  Agent     Prior     Target     Score     SMILES
-30.22    -30.33      7.48      0.46      c1c2c(ccc(C)c2SCc2cc(OC)c(OC)c(OC)c2)nc(=N)[nH]1
-18.61    -18.88     20.18      0.48      C1(=O)C(C)CCO1
-22.19    -22.71     14.92      0.46      C(CNC(=O)CC1OC(CO)C2Oc3ccc(NC(=O)C4CCCCC4)cc3C2C1)OC
-27.06    -27.41     10.99      0.47      N(C(C)(C)C)(CC(c1ccccc1)O)CCN1CCOCC1
-17.37    -17.96     20.82      0.47      c1cccc(C2C3CCC(N3)C2)c1
-21.96    -21.97     16.26      0.47      c1(Cl)c(Cl)c(NC(c2ccc(-c3ccccc3)cc2)=O)ccc1
-49.38    -49.42    -11.61      0.46      N(C(CC(C)C)C(=O)NC1C2CCC(N2C(=O)C(O)c2ccccc2)C1O)(CC)CC
-20.44    -20.07     17.90      0.46      c1(OCC(=O)N2CC(=O)Nc3ccccc32)ccc(Cl)cc1C
-21.09    -20.99     17.33      0.47      n1(-c2cc(OC)c(OCCN3CCCC3)cc2)c(=O)cc(OCc2ccc(F)cc2)cc1
-35.39    -35.65      2.63      0.47      C(COCc1nc(CC)on1)(COc1ccc(C(F)(F)F)cc1)(C)O
Human-Component   raw_Human-Component
0.46100208163261414   0.46100208163261414   
0.4763866066932678   0.4763866066932678   
0.45892202854156494   0.45892202854156494   
0.4682401120662689   0.4682401120662689   
0.47286084294319153   0.47286084294319153   
0.4663147032260895   0.4663147032260895   
0.4610787332057953   0.4610787332057953   
0.4631183445453644   0.4631183445453644   
0.46723395586013794   0.46723395586013794   
0.4668388068675995   0.4668388068675995   

13:32:33: local_reinforcement_logger.timestep_report +41: INFO     
 Step 38   Fraction valid SMILES: 96.9   Score: 0.4346   Time elapsed: 58   Time left: 17.8
  Agent     Prior     Target     Score     SMILES
-22.58    -23.18     14.93      0.46      c1cc(Cl)c(CNC(c2c(C)nn(CC)c2C)=O)cc1
-26.16    -26.11     11.84      0.46      C1c2c(n(-c3ccccc3)nc2C(NN=Cc2ccc(Cl)cc2)=O)CC1
-31.16    -31.08      6.61      0.46      C1CCN(c2ccc(C(Nc3cc(-c4nc[nH]c4)[nH]c(=O)c3)=O)cc2)C1=O
-19.22    -19.28     19.58      0.47      C1(=O)CC=CC=N1
-30.52    -30.32    -30.32      0.00      [nH]1c2cccc3c2c(ccc3C=Cc2cccs2)c1
-24.15    -24.23     14.12      0.47      N1(c2c([N+]([O-])=O)cc([N+]([O-])=O)cc2)CCN(c2c(O)cccc2)CC1
-38.83    -38.58     -0.67      0.46      c1c(F)c(C(NC2CC(n3cnc4c3c3c(Cl)nc(Cl)nc3nc4)CC2)=O)c(F)cc1
-24.10    -24.18     13.85      0.46      O=c1n(C2CC2)c(N)c(C(=O)CSc2nc(-c3ccccc3)cn2N)c(=O)[nH]1
-29.99    -30.74      6.80      0.46      c1ccccc1-n1c(C(C)N=c2[nH]cnc(N)c2C#Cc2ncccc2F)nn2c1cc(C)c2
-39.29    -39.67     -2.06      0.46      c1cc(C2(C#N)CCCC(CC)N2C(=O)CN(C2CCNCC2)CC)cc(C(F)(F)F)c1
Human-Component   raw_Human-Component
0.46477454900741577   0.46477454900741577   
0.46284568309783936   0.46284568309783936   
0.4595816731452942   0.4595816731452942   
0.47396180033683777   0.47396180033683777   
0.0   0.0   
0.46767979860305786   0.46767979860305786   
0.462313175201416   0.462313175201416   
0.463801771402359   0.463801771402359   
0.4578864872455597   0.4578864872455597   
0.4586099088191986   0.4586099088191986   

13:32:34: local_reinforcement_logger.timestep_report +41: INFO     
 Step 39   Fraction valid SMILES: 96.9   Score: 0.4364   Time elapsed: 59   Time left: 16.2
  Agent     Prior     Target     Score     SMILES
-23.26    -22.89     15.10      0.46      CC(C)Oc1ccc(-c2c(C3CC3)n3c(c2C(=O)N)CN(C(NC(C)(C)C)=O)CC3)cc1
-26.31    -26.12     12.15      0.47      C1CC(OC(C=Cc2c(Cl)cccc2)=O)C(=O)CC1O
-37.88    -38.17     -0.35      0.46      c1(Cc2ccc(Br)cc2)c(=O)c2ccccc2n2c1C(CC)CC(C(O)=O)C2
-26.15    -26.10     11.99      0.46      c1cc2c(cc1)CN(C(C1CCCC1C(NC1(C#N)CC1)=O)=O)CC2
-24.35    -24.58     13.99      0.47      c1(F)cccc(Oc2ccc(CC=C)cc2O)c1
-27.60    -28.22     10.02      0.47      N1C(=O)N(CC=O)C(=O)C12N(c1ccccc1)N=C(c1ccccc1)C2c1ccccc1
-31.63    -31.35    -31.35      0.00      o1c(-c2ccc(C#N)cc2)ccc(CNCC2CCN(c3ncccn3)CC2)c1
-26.20    -26.44     11.95      0.47      C1CCN(c2c(N3CCN(C)CC3)nc3c(cc(C(N)=O)cc3)n2)CC1
-24.74    -25.27     12.51      0.46      c1c(COC(=O)NC(CC(C)C)C(=O)NC(CO)Cc2cc(O)c(O)cc2)cccc1
-23.55    -23.29     15.16      0.47      O=C(OC(C(F)(F)F)C(F)(F)F)c1ccoc1C
Human-Component   raw_Human-Component
0.46329304575920105   0.46329304575920105   
0.46670448780059814   0.46670448780059814   
0.4611985683441162   0.4611985683441162   
0.46458593010902405   0.46458593010902405   
0.47040626406669617   0.47040626406669617   
0.46629205346107483   0.46629205346107483   
0.0   0.0   
0.4681445360183716   0.4681445360183716   
0.4606921076774597   0.4606921076774597   
0.46891483664512634   0.46891483664512634   

13:32:35: local_reinforcement_logger.timestep_report +41: INFO     
 Step 40   Fraction valid SMILES: 100.0   Score: 0.4638   Time elapsed: 60   Time left: 14.6
  Agent     Prior     Target     Score     SMILES
-22.22    -22.81     15.29      0.46      CC1CCC2C3(C=O)C4(C(O)=O)C(C(C)C)=CC(C42CO3)C1
-21.32    -21.61     16.58      0.47      o1c(C(C#N)=Cc2ccc(C)cc2)nc2ccccc12
-22.80    -22.87     15.05      0.46      Cc1c(NC(=O)COC(=O)CCCNC(c2ccccc2Cl)=O)c(C)ccc1
-27.34    -27.59     10.60      0.47      FC(F)(F)Oc1ccc(S(=O)(=O)N2CCC3(CC2)C(=O)NCCC3)cc1
-18.33    -18.60     19.73      0.47      c1(F)ccc(-c2c(-c3ccncc3)nc(SC)[nH]2)cc1
-24.33    -24.45     13.56      0.46      c12c(cccc1)N(c1ccccc1)CN2S(=O)(c1ccc(C)cc1)=O
-43.43    -42.81     -5.22      0.46      C(Nc1cc(N(CC2CCN(C(=O)OCC)CC2)C)c(Cl)cc1)COC
-22.73    -22.36     15.72      0.46      c1(C)ccc(OCc2nc3n(c(=O)c2)cccc3)cc1C
-43.45    -44.35     -6.42      0.46      C1C2(O)C(=O)OC1(C)C(OCOC)C(OC(c1ccc(C)cc1)=O)C2OC(=O)c1ccccc1
-22.04    -22.21     16.10      0.47      c1c(OC)ccc(C2C(C)C(c3ccc(OC)cc3)c3c(OC)cc(OC)cc3O2)c1
Human-Component   raw_Human-Component
0.4646918475627899   0.4646918475627899   
0.46572980284690857   0.46572980284690857   
0.4624367356300354   0.4624367356300354   
0.46580368280410767   0.46580368280410767   
0.46742337942123413   0.46742337942123413   
0.4635913670063019   0.4635913670063019   
0.4584922790527344   0.4584922790527344   
0.46433359384536743   0.46433359384536743   
0.4625300168991089   0.4625300168991089   
0.4671688973903656   0.4671688973903656   

13:32:37: local_reinforcement_logger.timestep_report +41: INFO     
 Step 41   Fraction valid SMILES: 93.8   Score: 0.4371   Time elapsed: 61   Time left: 13.1
  Agent     Prior     Target     Score     SMILES
-20.18    -20.52     18.36      0.47      N1CC(c2cncc(Br)c2)CC1
-22.22    -23.76     14.49      0.47      C1CN(Cc2ccccc2OC)CCC1n1[nH]ccc1=NC(CCOC)=O
-29.55    -30.11      8.22      0.47      C1(CO)C(O)C(O)C(O)C(c2csc(CNC(=O)CCC)n2)O1
-23.68    -24.18     14.16      0.47      c1(C)nc(CCC)cc(=Nc2cc(Cl)ccc2)[nH]1
-28.54    -29.10      9.12      0.47      C(CNC(=O)c1c2c([nH]c1)cccc2)CCCNC(CCCCC1SSCC1)=O
-23.85    -24.33     14.26      0.47      n1c(-c2ccc(Cl)cc2)cn2cc(CN)ccc12
-29.18    -28.69      9.16      0.46      C(c1ccc(C(F)(F)F)cc1)CNC(c1ccc2c(c1)[nH]c(=S)n(Cc1ccc(OC)cc1)c2=O)=O
-19.36    -18.86     19.68      0.47      c1(OC2CCN(S(=O)(=O)CC3(C)NC(=O)NC3=O)CC2)ccc(F)cc1
-20.83    -21.72     16.33      0.46      N(C)C(c1ccc(N=c2[nH]c(=NC)c(C#N)c[nH]2)c(OC)c1)=O
-25.59    -26.42     12.07      0.47      n1(CCO)nc(C2CCN(S(=O)(C)=O)C2)cc1
Human-Component   raw_Human-Component
0.47415006160736084   0.47415006160736084   
0.4663904011249542   0.4663904011249542   
0.4674708843231201   0.4674708843231201   
0.4675445556640625   0.4675445556640625   
0.46598947048187256   0.46598947048187256   
0.4705781936645508   0.4705781936645508   
0.46157974004745483   0.46157974004745483   
0.4700010120868683   0.4700010120868683   
0.46396604180336   0.46396604180336   
0.46941837668418884   0.46941837668418884   

13:32:38: local_reinforcement_logger.timestep_report +41: INFO     
 Step 42   Fraction valid SMILES: 100.0   Score: 0.4216   Time elapsed: 62   Time left: 11.5
  Agent     Prior     Target     Score     SMILES
-25.88    -26.81     11.58      0.47      N1(C(=O)N2CCOCC2)CCCC1C(NCC(=O)OC)=O
-27.01    -27.08     11.19      0.47      c1c(OC)c2c(c(C(=O)NCCC3N(C)CCC3)c1)OC(C)C2
-23.97    -24.34     13.72      0.46      C(Cc1ccc(C(=O)O)cc1)C(=O)Nc1ccc(CC)cc1
-27.34    -27.51     10.80      0.47      O=C(NCC1Nc2nc(=N)[nH]cc2C1)C
-34.99    -34.56      3.82      0.47      C(C#N)(=CC1CCC(C)=CC1)C1NCCNC1=O
-31.38    -30.93      7.03      0.46      c1c(-n2c(=S)c(C=Nc3scc(-c4cccc(OC)c4)n3)c(C)[nH]2)ccc(F)c1
-28.36    -28.40      9.97      0.47      c1(CCN2Cc3c(n(C)c(=Nc4ccccc4)[nH]c3=O)CC2)ccccc1
-23.09    -23.44     14.90      0.47      c1c(C=CC(C=C)c2cc(Cl)cc(Cl)c2O)cccc1
-21.57    -21.81     16.45      0.47      c12c3ccccc3[nH]c1ccc(C(N1CCN(C)CC1)=O)c2
-27.00    -26.60     11.32      0.46      C(=NNC(c1c(NC(=O)c2ccccc2)c2c(o1)cccc2)=O)c1ccc(O)cc1
Human-Component   raw_Human-Component
0.4680779278278351   0.4680779278278351   
0.4667949676513672   0.4667949676513672   
0.46410131454467773   0.46410131454467773   
0.4672428369522095   0.4672428369522095   
0.4681185781955719   0.4681185781955719   
0.4628821015357971   0.4628821015357971   
0.46796104311943054   0.46796104311943054   
0.46760597825050354   0.46760597825050354   
0.46657273173332214   0.46657273173332214   
0.4624807834625244   0.4624807834625244   

13:32:39: local_reinforcement_logger.timestep_report +41: INFO     
 Step 43   Fraction valid SMILES: 96.9   Score: 0.4359   Time elapsed: 63   Time left: 10.0
  Agent     Prior     Target     Score     SMILES
-30.90    -31.58      6.76      0.47      C(=O)N(CCCCCC)C(C[N+]12CCN(CC1)CC2)c1ccccc1
-40.64    -40.03     -2.26      0.46      C(c1n(CCN(C)C)c(=O)n2c(nc(-c3ccccc3)c2)c1)C(=O)c1cc(Br)ccc1
-23.24    -23.67     14.20      0.46      c1c(CC)ccc(C=CC(=O)OCC(=O)NCCc2ccc(OCC)c(OCC)c2)c1
-34.58    -34.56      3.35      0.46      c1(C2CN(CC(O)COCc3ccc(F)cc3)Cc3cc(OCC)ccc3O2)ccccc1
-32.41    -31.80      6.40      0.47      c1cccc(OC(NCC(N2c3c(cccc3)CCC2)=O)C)c1OC
-35.29    -35.09      2.55      0.46      c1(C(=O)N(CC)CC)c(=O)c2cc(S(=O)(=O)c3[nH]c(=O)[nH]c3O)ccc2n(CC)c1
-46.38    -45.16     -7.39      0.46      c1(C(C)(NCC(=O)NC2c3c(cccc3)SCC2)c2oc(C)cc2)scc(-c2ccccc2)n1
-22.46    -23.04     15.37      0.47      c1c(Br)ccc(C2N=C(CCc3ccccc3)N(C)Cc3c2cccc3)c1
-27.15    -26.98     10.01      0.45      c1(CNS(=O)(c2c(C)ccc(-c3c4c(cccc4)c(=Nc4ccc(NC(=O)C)cc4)[nH]n3)c2)=O)ccccc1
-21.05    -21.58     17.32      0.47      c1c(Cl)cc(N2CCCCC2)cc1Cl
Human-Component   raw_Human-Component
0.46766093373298645   0.46766093373298645   
0.46053773164749146   0.46053773164749146   
0.4617314636707306   0.4617314636707306   
0.46228086948394775   0.46228086948394775   
0.4658891558647156   0.4658891558647156   
0.4590374827384949   0.4590374827384949   
0.46052953600883484   0.46052953600883484   
0.4683288633823395   0.4683288633823395   
0.4511256814002991   0.4511256814002991   
0.47435587644577026   0.47435587644577026   

13:32:40: local_reinforcement_logger.timestep_report +41: INFO     
 Step 44   Fraction valid SMILES: 96.9   Score: 0.4487   Time elapsed: 65   Time left: 8.7
  Agent     Prior     Target     Score     SMILES
-27.24    -26.69     11.23      0.46      c1(C)c(C=c2[nH]c(=C)c(C(OCC)=O)c2O)c(OC(F)F)ccc1
-22.00    -22.11     16.35      0.47      c1(C(CCN2C(=O)NC(C)(C)C2=O)c2ccccc2)ccccc1
-25.79    -25.58     12.33      0.46      c1n(CC)c(CC(=O)Nc2sc3c(c2C#N)CCC(C)C3)nn1
-21.83    -22.34     15.64      0.46      S(c1c(C(=O)Nc2cccc(Cl)c2)cccn1)C
-22.19    -22.45     16.01      0.47      c1c(C2N(S(=O)(=O)c3ccccc3)CCc3c2cccc3)ccc(Cl)c1
-51.87    -50.95    -13.50      0.46      C(C(=NO)C)=CC=CC1C(=O)OC(COC(=O)CCC(OCC(CC)C=C)=O)(CO[N+](=O)[O-])C1
-30.19    -30.03      7.97      0.46      O=C(C(NCc1cccnc1)=O)C(Cc1occc1)=O
-34.43    -34.16      3.82      0.46      C(c1sccc1)CN1C2=C([N+](=O)[O-])CN(CCc3ccc(OC)c(OC)c3)CN2C(C)=CS1
-31.07    -31.06      6.89      0.46      C(C)(NC(c1ccc(C)cc1)C)=NOC(=O)COc1ccccc1
-24.75    -24.31     13.80      0.46      c1(O)c(O)cc(CCNC(Cc2ccccc2Nc2c(Cl)cccc2Cl)=O)cc1
Human-Component   raw_Human-Component
0.46242082118988037   0.46242082118988037   
0.4690181016921997   0.4690181016921997   
0.4622781276702881   0.4622781276702881   
0.4631557762622833   0.4631557762622833   
0.4689890444278717   0.4689890444278717   
0.45682257413864136   0.45682257413864136   
0.4634101688861847   0.4634101688861847   
0.46322888135910034   0.46322888135910034   
0.4628078043460846   0.4628078043460846   
0.46483269333839417   0.46483269333839417   

13:32:41: local_reinforcement_logger.timestep_report +41: INFO     
 Step 45   Fraction valid SMILES: 100.0   Score: 0.4370   Time elapsed: 66   Time left: 7.2
  Agent     Prior     Target     Score     SMILES
-28.49    -28.43      9.51      0.46      c12n3nc(-c4cccc(Cl)c4)nc3nc(C)c1c1ccccc1[nH]2
-30.97    -31.54      6.69      0.47      CCCN1CCN(Cc2cc(C(Nc3cc(C(=O)O)ccc3)=O)ccc2)CCC1
-24.65    -25.40     12.86      0.47      C1CC1(C(=O)N)NC(C(CCCC)CN(C=O)O)=O
-24.71    -24.69     13.23      0.46      c1(-c2oc(C(=O)CCCCCCc3ccccc3)nc2)n(C)c2ccccc2c1
-20.96    -21.64     16.86      0.47      c1cc2c(cc1C)occ2CC(O)=O
-21.91    -21.80     16.80      0.47      c1c(C(F)(F)F)cc(S(NCCc2ccncc2)(=O)=O)cc1
-46.69    -46.13    -46.13      0.00      C(O)C(NC(=O)C(NC(=O)CCC(C)C)C(C)C)C(=O)NC(Cc1ccccc1)C(O)C(C(C(NC(OC(C)(C)C)=O)C(C)C)O)O
-22.07    -22.36     15.97      0.47      c1c(-c2[nH]c(-c3cocc3)nc2-c2ccncc2)ccc(F)c1
-28.25    -28.26     10.11      0.47      c1cc(S(=O)(=O)N2CCN(c3c(C(C#N)C#N)cc(F)cc3)CC2)ccc1Cl
-50.25    -50.11    -50.11      0.00      N(C(OCc1ccccc1)=O)C(CNCCCC)C(=O)NC(C(NC(C(=O)NC(C(=O)OCC)CC(C)C)CCC(=O)OCC)=O)CCC(=O)OCC
Human-Component   raw_Human-Component
0.4626694619655609   0.4626694619655609   
0.4663122296333313   0.4663122296333313   
0.4666039049625397   0.4666039049625397   
0.46238040924072266   0.46238040924072266   
0.4694647192955017   0.4694647192955017   
0.470738023519516   0.470738023519516   
0.4576399028301239   0.4576399028301239   
0.4674050509929657   0.4674050509929657   
0.46791374683380127   0.46791374683380127   
0.45670440793037415   0.45670440793037415   

13:32:43: local_reinforcement_logger.timestep_report +41: INFO     
 Step 46   Fraction valid SMILES: 96.9   Score: 0.4505   Time elapsed: 67   Time left: 5.7
  Agent     Prior     Target     Score     SMILES
-38.20    -37.48      0.02      0.46      O(CC)C(C1=NN(C(c2c(C(O)=O)cc([N+](=O)[O-])cc2)=O)C(C(F)F)(O)C1)=O
-16.10    -16.64     22.17      0.47      c1(-c2ccc(OC)cc2)ccccc1
-32.85    -33.51      4.76      0.47      c1cc(CN(Cc2c(C)noc2C)C)ccc1-c1cc(CN(C)CCN(C)C)ccc1
-41.24    -40.08     -1.82      0.47      CC(NC(C(NC(=O)C(CS)NC=O)Cc1c2c(cccc2)[nH]c1)=O)C(=O)NC(C(=O)C(F)(F)F)C
-23.07    -23.31     15.27      0.47      c1(=O)oc2c(c(C)nc(N3CCN(C)CC3)n2)c(C)c1
-35.10    -35.45      2.94      0.47      C12CCCCC13CCN(CCCN1Cc4c(cc(OC)cc4)C1)C(C3CC)Cc1ccc(OC)cc12
-32.43    -32.18      5.79      0.46      O(C(CC1=CC2C(Oc3c(cc(OC)cc3)C2=O)OC1)=O)C
-41.29    -41.25     -3.41      0.46      COc1c(C)nc(N2CCN(c3nc(C(NC(C)(C)C)=O)c[nH]c3=NCC3CCOCC3)CC2)nc1
-27.22    -27.61     10.91      0.47      OC(CN1CCN(c2c(O)cccc2)CC1)CNS(=O)(c1ccc(F)cc1)=O
-33.59    -33.76      4.16      0.46      c1[nH]c(=O)c2cccc(Oc3ccccc3NC(Nc3ccc(O)cc3)=O)c2c1
Human-Component   raw_Human-Component
0.4572928845882416   0.4572928845882416   
0.4732833206653595   0.4732833206653595   
0.46667394042015076   0.46667394042015076   
0.46657562255859375   0.46657562255859375   
0.47049739956855774   0.47049739956855774   
0.4681848883628845   0.4681848883628845   
0.46305176615715027   0.46305176615715027   
0.4613848030567169   0.4613848030567169   
0.4697352945804596   0.4697352945804596   
0.46242767572402954   0.46242767572402954   

13:32:44: local_reinforcement_logger.timestep_report +41: INFO     
 Step 47   Fraction valid SMILES: 100.0   Score: 0.4641   Time elapsed: 68   Time left: 4.2
  Agent     Prior     Target     Score     SMILES
-20.28    -20.44     17.72      0.47      c1c(Cl)cc(C(C)C)c(Oc2c(=N)[nH]c(=N)[nH]c2)c1
-24.71    -24.65     13.83      0.47      C1CCCN(CCCCN2C(=O)c3c(cccc3)CCC2)C1=O
-20.27    -20.04     17.77      0.46      c1(N=c2[nH]c(=O)n(C(C)C)c(=O)n2Cc2ccc(Cl)cc2)ccc(OC(F)(F)F)cc1
-35.59    -34.70      3.17      0.46      c1nc(-c2c3cc[nH]c3c(F)cc2)nc2c(NC(=O)C)cn(C)c(=O)c12
-36.42    -36.08      1.92      0.46      N1(C)CCC(OC(c2c(-c3ccccc3)nc3c(c2)CCc2ccccc2-3)=O)C1
-21.69    -21.56     16.84      0.47      c1cc(F)ccc1S(=O)(=O)Nc1c(OC)n(C)nc1C
-19.07    -19.22     19.14      0.47      n1c(SC)[nH]c(-c2ccccc2)c1-c1sccc1
-25.03    -25.65     12.73      0.47      C1(CCN2CCC(c3noc4c3ccc(Cl)c4)CC2)CCNC(=O)C1
-21.46    -21.76     16.23      0.46      c1c(CNc2n(Cc3ccccc3)c(=O)n(C)c(=O)c2)ccc(OC)c1
-24.94    -25.12     13.05      0.47      C1CN(C(=O)NC(C)C)CCN1CCOc1cccc(C)c1
Human-Component   raw_Human-Component
0.4653182625770569   0.4653182625770569   
0.4691787362098694   0.4691787362098694   
0.46116161346435547   0.46116161346435547   
0.4617975056171417   0.4617975056171417   
0.46338900923728943   0.46338900923728943   
0.46836572885513306   0.46836572885513306   
0.46778345108032227   0.46778345108032227   
0.4680461585521698   0.4680461585521698   
0.46322908997535706   0.46322908997535706   
0.4654616117477417   0.4654616117477417   

13:32:45: local_reinforcement_logger.timestep_report +41: INFO     
 Step 48   Fraction valid SMILES: 96.9   Score: 0.4497   Time elapsed: 69   Time left: 2.8
  Agent     Prior     Target     Score     SMILES
-25.88    -25.99     12.69      0.47      n1(C)nc(C)c2c(=O)c3c(oc12)CC(C)CC3=O
-40.20    -40.52     -2.91      0.46      O1C2(CC3C(C)(C4CCC5(C)C(=CCC5OC(C)=O)C4CC3)CC2)OCC1N(CCF)C
-24.51    -24.72     13.20      0.46      c1cccc(SCCN2C(=O)C(=O)c3cc(C(=O)OCC)ccc32)c1
-28.58    -28.04      9.81      0.46      s1c(C(=O)NC(Nc2cc(Cl)c(OC)cc2)=S)c(Cl)c2c1cccc2
-27.66    -27.65     10.12      0.46      O=C(c1c(NC(=O)c2nc(SC)ncc2Cl)cccc1)Nc1cc(Cl)ccc1OC
-29.75    -29.68      8.49      0.47      C(c1ccccc1)N(C(C)C)CCn1ccc2c1ccc(Cl)c2
-26.50    -26.47     11.39      0.46      c1(C(=O)NCCc2ccc(C)cc2)c(=O)n2ccccc2c(O)c1
-28.60    -28.55     10.07      0.47      CN(C)CC1Cc2c(c(Cl)cc(Br)c2)C1=O
-20.65    -21.41     17.42      0.47      c1(Cl)cc(Cl)c(C2CCN(CC)CC2)cc1
-21.07    -21.79     16.68      0.47      C1Cc2cc(OC)ccc2N1S(C)(=O)=O
Human-Component   raw_Human-Component
0.47180989384651184   0.47180989384651184   
0.458675354719162   0.458675354719162   
0.46248573064804077   0.46248573064804077   
0.4615846574306488   0.4615846574306488   
0.46057119965553284   0.46057119965553284   
0.4655109643936157   0.4655109643936157   
0.461777001619339   0.461777001619339   
0.47092553973197937   0.47092553973197937   
0.47342798113822937   0.47342798113822937   
0.4691258370876312   0.4691258370876312   

13:32:46: local_reinforcement_logger.timestep_report +41: INFO     
 Step 49   Fraction valid SMILES: 100.0   Score: 0.4506   Time elapsed: 70   Time left: 1.4
  Agent     Prior     Target     Score     SMILES
-29.41    -29.40      8.54      0.46      C(CCNC(c1cnn(-c2ccccc2)c1C)=O)N1CCc2ccc(F)cc2C1
-29.42    -28.43      9.25      0.46      C1CC(n2[nH]c(=Nc3ccnc(F)c3)c(C(N)=O)c2)(CC#N)CCN1C(=O)OC(F)(F)C(C)(F)F
-24.41    -24.85     13.25      0.46      c1c(C)c2cc(NCc3ccco3)ccc2[nH]c1=O
-35.24    -34.64      3.46      0.46      c12c(n(CCCCN3CCN(c4ccccc4OC)CC3)cc1)nc(Cl)[nH]c2=Nc1ccc(OC)cc1
-30.28    -31.17      6.84      0.46      S1C=C(C=Nn2c(=O)c3c(cccc3)nc2C)NC1
-22.06    -21.86     16.43      0.47      O=C(N1CCN(c2nc(-c3ccccc3)cs2)CC1)c1ccc([N+]([O-])=O)cc1
-30.60    -29.10      9.29      0.47      c1(OCCNc2cn3c(-c4ccc(F)cc4)nnc3cc2)ccc(F)cc1
-23.63    -23.30     14.75      0.46      n1(Cc2ccccc2)c(O)cc(NNC(=O)c2ccc(Cl)cc2)c1O
-30.89    -32.08      6.16      0.47      C12OC(OC1C(NC(CCCCCCCCCCCCC)=O)C(C)Cl)C(O)C(CO)O2
-22.36    -22.11     16.06      0.47      Cn1nc(C(C)(C)C)c2c1C(=O)N(c1cn(C)c(=O)c(C)c1)C2c1ccc(Cl)cc1
Human-Component   raw_Human-Component
0.46279576420783997   0.46279576420783997   
0.4595775902271271   0.4595775902271271   
0.46473488211631775   0.46473488211631775   
0.4646211266517639   0.4646211266517639   
0.46350160241127014   0.46350160241127014   
0.4669245779514313   0.4669245779514313   
0.46818476915359497   0.46818476915359497   
0.4640648066997528   0.4640648066997528   
0.4663243591785431   0.4663243591785431   
0.46551257371902466   0.46551257371902466   

