21:06:16: local_reinforcement_logger.log_message +32: INFO     starting an RL run
21:06:17: local_reinforcement_logger.timestep_report +41: INFO     
 Step 0   Fraction valid SMILES: 98.8   Score: 0.4548   Time elapsed: 1   Time left: 1.0
  Agent     Prior     Target     Score     SMILES
-26.71    -26.71     10.30      0.46      c1cc(NC(c2cc(C(F)(F)F)ccc2Cl)=O)ccc1C(N1c2c(cccc2)CCC1)=O
-25.76    -25.76     10.63      0.45      c1(Cl)ccc(OCCCCCCn2c(=O)scc2O)cc1C
-37.03    -37.03     -0.73      0.45      O(C(NC(C(OC)=O)COC(=O)c1cc(CN2CCCCC2)cc(NC(=O)C)c1)=O)C(C)(C)C
-31.66    -31.66      4.53      0.45      c12c(=NC(c3occc3)=O)[nH]n(Cc3cc(Cl)ccc3OC)c1cc(OC)c(OC)c2
-40.89    -40.89     -5.47      0.44      Clc1ccc(C(=O)Nn2c(COc3c(OC)cc(C=CC=NNC(=O)c4ccncc4)cc3)nc3c(c2=O)cccc3)cc1
-40.10    -40.10     -2.51      0.47      c1(C(F)(F)F)c(N2Cc3ccc4c(c(N(CC)CC)nc(CC)n4)c3OC2)nccc1
-26.42    -26.42     10.77      0.46      c1cc(N=c2c(=O)n(C)c3c(cccc3)[nH]2)cc2c1scc2
-25.92    -25.92     11.20      0.46      CCCCN(CCNC(Cn1nc(C)c([N+]([O-])=O)c1C)=O)CC
-24.72    -24.72     12.21      0.46      C1C=C2C(C)(C3(C)C1C1(C)CCC(O)C(C)(C)C1CC3)CCC1(C(O)=O)C2C(C(C)=C)CC1
-21.22    -21.22     15.97      0.46      C(Nc1ccc(OC)cc1)(Nc1ccc(OS(=O)(=O)N)cc1)=O
Human-Component   raw_Human-Component
0.4625839293003082   0.4625839293003082   
0.45486339926719666   0.45486339926719666   
0.4537450075149536   0.4537450075149536   
0.4523353576660156   0.4523353576660156   
0.4427385628223419   0.4427385628223419   
0.46998119354248047   0.46998119354248047   
0.4648300111293793   0.4648300111293793   
0.463917076587677   0.463917076587677   
0.46162861585617065   0.46162861585617065   
0.4648241400718689   0.4648241400718689   

