14:17:45: local_reinforcement_logger.log_message +32: INFO     starting an RL run
14:17:46: local_reinforcement_logger.timestep_report +41: INFO     
 Step 0   Fraction valid SMILES: 100.0   Score: 0.3914   Time elapsed: 0   Time left: 0.0
  Agent     Prior     Target     Score     SMILES
-31.93    -31.93    -19.18      0.40      NC(=O)C(C)N1C(=O)C(C)SC1c1ccccc1Oc1ccccc1
-26.17    -26.17    -13.98      0.38      COc1c(C(CC(N2CCCCC2)=O)c2cnccc2)ccc(OC)c1
-37.79    -37.79    -25.97      0.37      C1CC1Cn1c2[nH]c(=NC(Oc3ccccc3)=O)ccc2c(C(=O)NCC(=O)O)c1
-18.82    -18.82     -4.86      0.44      C(N)(=O)C(N)CCCN=C(N)N
-26.15    -26.15    -14.75      0.36      COc1ccc(S(=O)(Nc2cc3c(cc2)C(=O)N(Cc2ccc(C(=O)OC)cc2)C3=O)=O)cc1
-50.10    -50.10    -37.50      0.39      N(S(=O)(=O)C)C(C1N(C(C2NCCC2)=O)CC2CCCC(C2)C1NC(C(C)NC)=O)=O
-18.46    -18.46     -4.89      0.42      C(=C(C(=O)O)C(O)=O)c1ccccc1
-39.93    -39.93    -26.95      0.41      c1c(ON=[N+](C(C#N)(C2CC2)C)F)cc(F)c(C)c1
-23.44    -23.44    -10.72      0.40      C(c1ccco1)NC(NN1CCCCCC1)=S
-25.97    -25.97    -13.89      0.38      c1cc(-c2c(C(NCc3ccc(-c4c(C(F)(F)F)cccc4)cc3)=O)c(C)on2)ccc1
Human-Component   raw_Human-Component
0.3985344171524048   0.3985344171524048   
0.3808799982070923   0.3808799982070923   
0.3693678081035614   0.3693678081035614   
0.43615639209747314   0.43615639209747314   
0.3560373783111572   0.3560373783111572   
0.39396432042121887   0.39396432042121887   
0.42413952946662903   0.42413952946662903   
0.405582070350647   0.405582070350647   
0.3973185122013092   0.3973185122013092   
0.3776837885379791   0.3776837885379791   

14:17:47: local_reinforcement_logger.timestep_report +41: INFO     
 Step 1   Fraction valid SMILES: 96.9   Score: 0.3800   Time elapsed: 1   Time left: 24.5
  Agent     Prior     Target     Score     SMILES
-26.10    -26.07    -13.56      0.39      n12c(ccc(O)c1)nc(-c1ccc(Br)cc1)c2Cc1ccc(Cl)cc1
-25.59    -25.65    -12.65      0.41      C1(CN(Cc2cccc(Cl)c2)c2cc(Oc3ccccc3)ccc2)CC1
-30.05    -30.04    -30.04      0.00      c1cc2n(CCN(C)C)nc3c4c([n+](C)c(-c5ccccc5)c24)cccc3c1
-33.08    -33.09    -20.87      0.38      C(F)(S(=O)(=O)Nc1ccc(F)c(C(=O)c2c3ncc(OC)nc3[nH]c2)c1F)(F)F
-33.75    -33.72    -21.16      0.39      c1(C)cc(-c2c3c(c4c(cc(OC)cc4)c2)CC(C)O3)ccc1O
-22.76    -22.70    -10.12      0.39      c1c(OC)cc2c(nccc2)c1NC(CCCN)CCC
-22.54    -22.55    -10.47      0.38      N1(C(CCNS(c2cc3c(cc2)n(C)c(=O)o3)(=O)=O)=O)CCN(c2c(F)cccc2)CC1
-20.49    -20.54     -7.61      0.40      c1cc2sc(=NC3CC(Oc4ncccc4C4CCOCC4)C3)[nH]c2cc1
-23.36    -23.36    -10.86      0.39      c1c2c(ccc1)COc1c(cccc1)C2=Cc1cc(OC)cc(OC)c1
-17.17    -17.17     -3.28      0.43      C1CCCCC1NC(NC1CCCCC1)=S
Human-Component   raw_Human-Component
0.3909863829612732   0.3909863829612732   
0.40650224685668945   0.40650224685668945   
0.0   0.0   
0.38176682591438293   0.38176682591438293   
0.3925866484642029   0.3925866484642029   
0.39325323700904846   0.39325323700904846   
0.3774406909942627   0.3774406909942627   
0.4042469561100006   0.4042469561100006   
0.3906003534793854   0.3906003534793854   
0.4340202510356903   0.4340202510356903   

14:17:48: local_reinforcement_logger.timestep_report +41: INFO     
 Step 2   Fraction valid SMILES: 100.0   Score: 0.3884   Time elapsed: 2   Time left: 32.0
  Agent     Prior     Target     Score     SMILES
-24.00    -24.04    -11.36      0.40      N(=c1[nH]c(-c2sccc2)ns1)C(=O)c1occc1
-27.33    -27.22    -15.17      0.38      c1(C(=O)Nc2cc(C(NCCN3CCOCC3)=O)n(C)c2)nc(-c2cc(OC)ncc2)sc1N
-28.22    -28.21    -15.48      0.40      CCCCN(CCCOc1ccc[nH]c1=N)CCC
-25.29    -25.36    -11.92      0.42      C(Oc1c(Cl)cccc1)COc1ccc2c(c1)CCC2
-39.60    -39.37    -27.62      0.37      CC(Sc1c(NC(=O)C2CCCCC2)cc(C(C)=O)cc1)C(Nc1cccc(C)c1)=O
-29.24    -29.11    -16.53      0.39      c1c(CC(NCC(C)Cn2c(C)cc(C)n2)C)cc(F)cc1
-51.78    -51.72    -39.97      0.37      c1(Cl)ccc(-c2ccc(C(N(CCCOC3C(OC(=O)C)C(OC(C)=O)C(OC(=O)C)C(COC(=O)C)O3)C(=O)N(C)C)C#CC#CCCl)cc2)cc1
-30.07    -30.10    -18.50      0.36      c12[nH]c(SCC(NCc3ccccc3)=O)nc(=N)c1cnn2Cc1ccc(Cl)cc1
-30.56    -30.67    -17.69      0.41      C1c2[nH]n(-c3cc(C)ccn3)c(=N)c2CO1
-26.79    -26.74    -13.90      0.40      OCCC(NCc1c2ccccc2c(=O)[nH]n1)C
Human-Component   raw_Human-Component
0.3959692120552063   0.3959692120552063   
0.3767470121383667   0.3767470121383667   
0.39769282937049866   0.39769282937049866   
0.41997039318084717   0.41997039318084717   
0.3671875   0.3671875   
0.39296218752861023   0.39296218752861023   
0.367231160402298   0.367231160402298   
0.36271917819976807   0.36271917819976807   
0.40573418140411377   0.40573418140411377   
0.4011925160884857   0.4011925160884857   

14:17:49: local_reinforcement_logger.timestep_report +41: INFO     
 Step 3   Fraction valid SMILES: 100.0   Score: 0.3858   Time elapsed: 3   Time left: 35.2
  Agent     Prior     Target     Score     SMILES
-21.36    -21.23     -9.65      0.36      c1cc(S(=O)(=O)Nc2cccc(C(C=Cc3cc(OC)c(O)cc3)=O)c2)ccc1C
-18.45    -18.39     -4.56      0.43      C1N(CCCC(c2ccc(F)cc2)=O)CCC(n2c(=O)oc3ccccc32)C1
-26.18    -26.24    -13.50      0.40      c1c(-c2ccc(C)cc2)n(Cc2ccccc2)c(=S)c2c1nccc2
-26.02    -26.04    -13.54      0.39      COc1cc(-c2n[nH]c(C(NC(COC)C)=O)c2)cc(OC)c1OC
-25.06    -24.95    -12.58      0.39      n1cccc(C(OCC(=O)NCc2ccc(F)cc2)=O)c1Oc1ccc(OC)cc1
-33.04    -33.06    -20.23      0.40      c12c(cc(-c3ccc(C(F)(F)F)cc3C)cc1)C(=O)CCC2(C)C
-22.51    -22.65    -10.13      0.39      c1(C(N(Cc2ccco2)Cc2ccc3c(c2)OCO3)=O)sccc1
-26.01    -25.85    -14.03      0.37      [O-][N+](c1cc2c(cc1)[nH]c(=NC(CCc1ccc(OC)cc1)=O)s2)=O
-29.03    -29.03    -15.92      0.41      C1C(n2cncn2)CCCC1NC(=O)c1c(O)cccc1
-25.31    -25.40    -13.25      0.38      FC(c1c(NC(N=c2scc(COc3ccccc3)[nH]2)=O)cccc1)(F)F
Human-Component   raw_Human-Component
0.3618403375148773   0.3618403375148773   
0.4323578178882599   0.4323578178882599   
0.3980519771575928   0.3980519771575928   
0.3905966579914093   0.3905966579914093   
0.3865363895893097   0.3865363895893097   
0.4009561836719513   0.4009561836719513   
0.3910985589027405   0.3910985589027405   
0.3693810999393463   0.3693810999393463   
0.4096268117427826   0.4096268117427826   
0.37979671359062195   0.37979671359062195   

14:17:50: local_reinforcement_logger.timestep_report +41: INFO     
 Step 4   Fraction valid SMILES: 96.9   Score: 0.3748   Time elapsed: 4   Time left: 36.8
  Agent     Prior     Target     Score     SMILES
-38.22    -38.14    -26.57      0.36      C1CC(C(NC(CNc2ccc(OC(F)(F)F)cc2)=O)C(=O)Nc2ccc(-n3cncn3)nc2)CCC1N(C)C
-19.03    -19.08     -6.45      0.39      c1c(C(F)(F)F)cc(NC(C=Cc2ccccc2)=O)cc1
-50.30    -50.60    -39.35      0.35      c1ccccc1C(=O)OC1C2C(C)(CCCC2(C)C)C2(C3(C)C(C)(C4CCC(C(C)C)C(=C)C4C(OC(=O)C)C3)C(O)OC2)C1
-29.91    -29.76    -29.76      0.00      c1(OC)c(OC)c(OC)cc(C=c2c3n(c4c(c3=O)CCCC4)sn2)c1
-45.40    -45.49    -33.45      0.38      N(C(NCCCN1C(=O)OCC1)=O)C(C(NC(Cc1c2ccccc2[nH]c1)c1nc(C(=O)O)c(Cc2ccccc2)cc1)=O)Cc1ccc(-c2ccccc2)cc1
-35.01    -34.70    -22.60      0.38      C(=O)(C(C)=CC1=C(OC(=O)c2cnccn2)CC(C)(C)CC1=O)OCC
-32.00    -32.10    -19.59      0.39      N1(C(=O)c2nc(OCC3CC3)c(N3CCC3)cc2)CCN(S(c2cccnc2)(=O)=O)CC1
-21.45    -21.56     -9.39      0.38      N1(C)CCN(CC(=O)Nc2cccc3c2C(=O)c2c(-c4ccc(OC)cc4)[nH]nc2-3)CC1
-31.36    -31.31    -19.57      0.37      c1c2nccnc2cc(C=C2C(=O)N(CC(=O)N3CCC(C(=O)OCC)CC3)C(=S)S2)c1
-34.12    -34.12    -22.35      0.37      c1(C#Cc2c(OC)cccc2OC)cc(C(=O)NCCc2c(Cl)cccc2F)ccc1C
Human-Component   raw_Human-Component
0.3614223897457123   0.3614223897457123   
0.3949376940727234   0.3949376940727234   
0.35150405764579773   0.35150405764579773   
0.0   0.0   
0.3761522173881531   0.3761522173881531   
0.3781087100505829   0.3781087100505829   
0.39109867811203003   0.39109867811203003   
0.38031575083732605   0.38031575083732605   
0.3669361472129822   0.3669361472129822   
0.36768344044685364   0.36768344044685364   

14:17:51: local_reinforcement_logger.timestep_report +41: INFO     
 Step 5   Fraction valid SMILES: 100.0   Score: 0.3866   Time elapsed: 5   Time left: 37.5
  Agent     Prior     Target     Score     SMILES
-36.95    -36.58    -24.68      0.37      C(CC=Cc1cc(CCCCCC)cc2c1OC(CCC)(CCC)CC2=O)C(=O)O
-24.93    -25.03    -12.60      0.39      s1c(C(=O)NC(C(=O)OC)c2occc2)ccc1
-26.54    -26.40    -13.98      0.39      c1c(OC)ccc(-c2cc(-c3cc(OC)c(OC)c(OC)c3)nc(N3CCCCC3)c2C#N)c1
-24.27    -24.40    -12.33      0.38      S(=O)(n1cccc1C(=O)OC)(=O)c1ccc(C)c(C)c1
-23.52    -23.58    -11.57      0.38      C(C)Oc1ccc(NC(c2c3c(n(-c4ccccc4)nc3C)nc(C)c2)=O)cc1
-23.02    -23.08    -11.07      0.38      COc1ccc(OCC(=O)NCCS(=O)(N2CCOCC2)=O)cc1
-20.22    -20.28     -6.96      0.42      O=C(NC1C(=N)CCCC1)C
-29.10    -29.17    -16.82      0.39      C(NC(c1sc2c(c1)c(-c1ccccc1F)nn2C)=O)Cn1c(O)csc1=S
-25.61    -25.81    -14.02      0.37      C(O)(=O)CCC(C(N1CCN(C(OCCCC)=O)CC1)=O)NC(c1cc(N2CCC(OC)C2)cc(-c2ccccc2)n1)=O
-43.71    -43.52    -31.29      0.38      C(C)C(C)NC(CCCNC(=O)N1CCC(C(c2ccc(C(F)(F)F)cc2)(c2ccc(F)cc2)O)CC1)=O
Human-Component   raw_Human-Component
0.371948778629303   0.371948778629303   
0.3887060582637787   0.3887060582637787   
0.3882748484611511   0.3882748484611511   
0.3771684467792511   0.3771684467792511   
0.37526193261146545   0.37526193261146545   
0.3755212426185608   0.3755212426185608   
0.41614118218421936   0.41614118218421936   
0.3856823444366455   0.3856823444366455   
0.368489533662796   0.368489533662796   
0.3820449411869049   0.3820449411869049   

14:17:51: local_reinforcement_logger.timestep_report +41: INFO     
 Step 6   Fraction valid SMILES: 100.0   Score: 0.3856   Time elapsed: 6   Time left: 37.7
  Agent     Prior     Target     Score     SMILES
-30.97    -30.63    -18.52      0.38      c1(CC)cnc(C(=O)OCC)c(OC(=O)c2c(OC)cccc2)c1
-23.76    -23.72    -10.46      0.41      [nH]1c(=NC(C(C)=CC)=O)sc(CCC)n1
-35.19    -35.01    -22.83      0.38      O(C(F)(F)F)c1cccc(-c2cc(CNCC[S+]([O-])C)c(F)cc2F)c1
-24.35    -24.40    -12.62      0.37      O(CC)c1ccccc1NC(=O)C1CCN(S(c2cc3c(cc2)N(C(C2CC2)=O)C(C)C3)(=O)=O)CC1
-25.50    -25.31    -12.83      0.39      C1(=O)C(Cc2c3c(n(Cc4ccc(Br)cc4)c2)cccc3)=c2cccnc2=N1
-23.80    -23.86    -10.38      0.42      O1OC2(OOC13CCC(C(=O)NC)CC3)C1CC3CC2CC(C3)C1
-27.27    -27.21    -14.95      0.38      C1(CSc2sc(=N)[nH]n2)=C(C([O-])=O)N2C(=O)C(NC(C(c3sc(=N)[nH]c3)=NOC)=O)C2SC1
-22.39    -22.38     -9.22      0.41      n1nc(CCCOc2ccc(C#N)cc2)oc1-c1ccccc1
-22.51    -22.56     -9.89      0.40      [N+](c1ccccc1OCC(=O)N1CCCCCC1)([O-])=O
-38.12    -38.09    -26.12      0.37      c12[n+](CC(=O)N)ccc(N(c3cc4ccc(=O)oc4cc3)C)c1ccc(OC)c2
Human-Component   raw_Human-Component
0.3784731328487396   0.3784731328487396   
0.41438671946525574   0.41438671946525574   
0.3805820047855377   0.3805820047855377   
0.36820143461227417   0.36820143461227417   
0.38994184136390686   0.38994184136390686   
0.4211450517177582   0.4211450517177582   
0.38336530327796936   0.38336530327796936   
0.4110425114631653   0.4110425114631653   
0.39607900381088257   0.39607900381088257   
0.37401726841926575   0.37401726841926575   

14:17:52: local_reinforcement_logger.timestep_report +41: INFO     
 Step 7   Fraction valid SMILES: 96.9   Score: 0.3801   Time elapsed: 7   Time left: 37.6
  Agent     Prior     Target     Score     SMILES
-40.20    -40.10    -27.19      0.40      C(CCC(C)C)C12c3c(cccc3)C(C=C3CCCO3)C1CCCC2
-39.79    -39.81    -26.59      0.41      [n+]1(C)ccc2c(c(=NCCCCCC)cc[nH]2)c1-c1ccc(N(CC)C)cc1
-28.88    -28.70    -16.41      0.38      C(c1cc(=O)oc2c(C)c(OCc3ccc(F)cc3)ccc21)CC(O)(C)C
-23.54    -23.44    -10.62      0.40      Cc1cc(C=Cc2c(OC)cccc2)n[nH]c1=O
-38.67    -38.75    -26.10      0.40      c1c(N2CCCC(F)(F)C2)[nH]c(=NCC)cc1-c1c[nH]nc1-c1ccccn1
-43.54    -43.62    -31.31      0.38      C1C2N(C)c3c(cc(OC(=O)NCC(=O)NCC[N+](CC#C)(C)Cc4ccccc4)cc3)C(C1)C2
-21.70    -21.66     -9.57      0.38      c1(S(=O)(=O)N2CCOCC2)c(C)cc(-n2c(=O)[nH]c(=O)cn2)cc1
-20.91    -21.26     -8.44      0.40      Cc1cc(C)cc(OCCn2c(=O)n(C)cc2O)c1
-22.12    -22.05     -9.33      0.40      C1C(NC(Cn2c(C)c(C(C)=O)cc2-c2ccc(F)cc2)=O)C1
-17.68    -17.84     -5.21      0.39      OC(C(NC(OCc1ccccc1)=O)C(C)C)=O
Human-Component   raw_Human-Component
0.40340495109558105   0.40340495109558105   
0.4131380617618561   0.4131380617618561   
0.3840648829936981   0.3840648829936981   
0.4006073772907257   0.4006073772907257   
0.3950861394405365   0.3950861394405365   
0.3847811222076416   0.3847811222076416   
0.3775910437107086   0.3775910437107086   
0.40063104033470154   0.40063104033470154   
0.39752939343452454   0.39752939343452454   
0.3946506679058075   0.3946506679058075   

14:17:54: local_reinforcement_logger.timestep_report +41: INFO     
 Step 8   Fraction valid SMILES: 100.0   Score: 0.3909   Time elapsed: 8   Time left: 37.3
  Agent     Prior     Target     Score     SMILES
-34.54    -34.29    -22.18      0.38      c1(N2C(c3ccc(OCCOC)cc3)N3C(C2)CCC3)ccc(C(=O)NC(c2ccccc2)C)cc1
-30.67    -30.73    -18.21      0.39      c1cc2c(=NC(=N)N)c(CC=C)c[nH]c2c(OC)c1
-29.20    -29.24    -17.11      0.38      O=c1n(C)c2c(cc(NC(NC(C(C)(C)C)=O)C(Cl)(Cl)Cl)cc2)o1
-34.57    -34.54    -23.06      0.36      c1(C)c(-c2ccccc2)ccc2c1nc(-c1ccc(OC)cc1OC)n(-c1cc(OC)c(OC)c(OC)c1)c2=O
-40.40    -39.89    -27.40      0.39      Cc1c2nc(CCc3c4cc(C)ccc4on3)cn2c(Br)c(C)n1
-36.95    -36.80    -24.70      0.38      c1c(C2(C)SCC(N)=N2)oc(CC2=NC(=O)N(Cc3ccccc3)C2=O)c1
-27.70    -27.59    -14.94      0.40      c1cc(=NC(c2ccccc2)C(C(=O)OC)c2ccccc2)cc[nH]1
-29.91    -30.15    -18.03      0.38      Cc1c([N+]([O-])=O)c(C)n(Cc2nc(C3(c4ccccc4)CC3)no2)n1
-45.06    -45.05    -32.98      0.38      c1cc2c([nH]cc2CC(C(=O)N)NC(C(NC(C(Cc2ccc(O)cc2)NC(C(NC(=O)C(Cc2c[nH]c3c2cccc3)N)Cc2c[nH]c3ccccc23)=O)Cc2c3c([nH]c2)cccc3)=O)=O)cc1
-20.32    -20.51     -7.11      0.42      c1(O)c(CN2CCOCC2)cc2ccccc2c1
Human-Component   raw_Human-Component
0.37832993268966675   0.37832993268966675   
0.39139029383659363   0.39139029383659363   
0.37902483344078064   0.37902483344078064   
0.3586859107017517   0.3586859107017517   
0.3904307186603546   0.3904307186603546   
0.37802058458328247   0.37802058458328247   
0.39520928263664246   0.39520928263664246   
0.3786464035511017   0.3786464035511017   
0.37713199853897095   0.37713199853897095   
0.4187244176864624   0.4187244176864624   

14:17:55: local_reinforcement_logger.timestep_report +41: INFO     
 Step 9   Fraction valid SMILES: 90.6   Score: 0.3550   Time elapsed: 9   Time left: 36.9
  Agent     Prior     Target     Score     SMILES
-49.74    -49.19    -37.42      0.37      c1cc(C(N=c2ccc(C(=O)c3ccc(F)c(Cl)c3)c[nH]2)=O)c2c(c1S(=O)(=O)c1ccc(Cl)cc1)c[nH]c(=N)n2
-25.94    -26.04    -13.20      0.40      c1c2n(Cc3ccccc3)c3c(c2ccc1)CCN(C(=O)C)C3Cc1ccccc1
-24.90    -24.90    -12.22      0.40      Cc1cc(=O)oc2c3c(oc(C(C)(C)C)c3)c(O)cc12
-25.39    -25.41    -12.40      0.41      c1c(Br)ccc2c3c([nH]c12)C(c1cc(OC)ccc1)N(C)CC3
-38.64    -38.07    -26.52      0.36      n12c(ccc1)c(Cc1c(OC)cc(OC3CCCC3)cc1)c(CCC)n2Cc1cc(OC(C(O)=O)C)ccc1
-29.37    -29.30    -16.82      0.39      C1CCCC(N=c2[nH]c(=NCc3ccc(Br)s3)c3c(cccc3)[nH]2)C1
-36.55    -36.20    -24.31      0.37      COc1c2c(c(OC)c(C(C(=O)CSc3n[nH]nn3)=O)c1)cco2
-33.04    -32.69    -20.72      0.37      c1ncn(-c2ccc(C=C3Sc4c(cccc4)N(CC=C)C3=O)cc2OCC)n1
-30.49    -30.23    -18.08      0.38      c1c2c(=O)[nH]ccc2c(-c2ccc(COC3COc4n(cc([N+]([O-])=O)n4)C3)cc2)cn1
-27.35    -27.50    -15.24      0.38      O=C(NC1CCN(C)CC1)C(NC(=O)C(CC1CCCCC1)NC(c1ccno1)=O)CC(C)C
Human-Component   raw_Human-Component
0.3678556978702545   0.3678556978702545   
0.40122130513191223   0.40122130513191223   
0.3960513174533844   0.3960513174533844   
0.4064044952392578   0.4064044952392578   
0.36095842719078064   0.36095842719078064   
0.39011672139167786   0.39011672139167786   
0.37169378995895386   0.37169378995895386   
0.3741218149662018   0.3741218149662018   
0.37965989112854004   0.37965989112854004   
0.3832010328769684   0.3832010328769684   

14:17:56: local_reinforcement_logger.log_message +32: INFO     Resetting Agent
14:17:56: local_reinforcement_logger.log_message +32: INFO     Adjusting sigma to: 82
14:17:56: local_reinforcement_logger.timestep_report +41: INFO     
 Step 10   Fraction valid SMILES: 96.9   Score: 0.3765   Time elapsed: 10   Time left: 36.4
  Agent     Prior     Target     Score     SMILES
-20.90    -20.84     -8.37      0.39      Cc1c(OC)c(CC=C(CCC(=O)O)C)c(O)c(C(=O)C)c1O
-35.49    -35.02    -22.39      0.39      C(CCCCCCCCNC(=O)C12CCC(CC1)C2(C)C)c1nc(-c2ccccc2)no1
-55.65    -55.90    -55.90      0.00      c1(COC(NC(C(NC(C(N2C(C(=O)N=C(C(CN3CCC(OCOC)CC3)(C)C)=O)C3CCC2C3)CCC)=O)C(C)C)=O)C(C)C)ccccc1
-17.91    -17.90     -4.08      0.43      c1(Br)ccc(C=NO)cc1
-24.72    -25.18    -12.35      0.40      C1N(C(=O)c2c3c([nH]c(C)c3)ncc2)CCN(c2ccccc2)C1
-48.21    -48.36    -35.55      0.40      CC1N(CCOc2ccc3sc(-c4cc5c(o4)cc(OCCN(CC)CC)cc5)cc(=S)c3c2)CCCC1
-24.96    -24.77    -12.49      0.38      C(C(OCCOc1c(-c2ccccc2)c(O)oc1)=O)=Cc1ccc(O)c(O)c1
-33.80    -33.99    -21.66      0.39      c12c(c(F)ccc1)C(n1c(=O)nc(OC)cc1)=C(C)C(C)(C)O2
-32.68    -32.25    -20.67      0.36      C(CC(C(=O)O)Cc1n(Cc2ccc(Cl)cc2)c2ccc(OCc3nc4c(cccc4)cc3)cc2c1)CCC
-26.09    -26.06    -14.44      0.36      N1(C(COc2cc3oc(-c4ccc(OC)cc4)cc(=O)c3cc2)=O)CC(=O)NCC1
Human-Component   raw_Human-Component
0.3898720145225525   0.3898720145225525   
0.39470919966697693   0.39470919966697693   
0.0   0.0   
0.4317977726459503   0.4317977726459503   
0.40080076456069946   0.40080076456069946   
0.4001161456108093   0.4001161456108093   
0.3837288022041321   0.3837288022041321   
0.3854295015335083   0.3854295015335083   
0.3616618812084198   0.3616618812084198   
0.36309322714805603   0.36309322714805603   

14:17:57: local_reinforcement_logger.timestep_report +41: INFO     
 Step 11   Fraction valid SMILES: 96.9   Score: 0.3779   Time elapsed: 11   Time left: 35.8
  Agent     Prior     Target     Score     SMILES
-27.31    -27.31      3.70      0.38      C(=O)(NNC(=S)Nc1ccccc1OC)CCCc1c[nH]c2c1cccc2
-42.50    -42.50     -7.69      0.42      c1(Cn2cncn2)c(Cl)c(Cl)c(-c2ccnc(N3CCN(CCN(C)C)CC3)c2)n1C
-22.24    -22.24     10.86      0.40      c1ccccc1C(NCC#N)Cc1ccccc1
-16.09    -16.09     18.27      0.42      Oc1ccc2c(oc(=O)cc2)c1
-26.51    -26.51      4.92      0.38      N1C(=O)N(CC(=O)Nc2c(C(=O)OC)c(C)c(C(C)=O)s2)C(=O)C12CCCC2
-26.90    -26.90      6.75      0.41      C=C(C1CCCC2C(C)(C=O)CCCC12C)CO
-22.59    -22.59     11.26      0.41      c1(C(=C(c2ccccc2)C#N)C(c2ccccc2)=O)ccccc1
-35.13    -35.13     -5.68      0.36      c12c3c(c(=Nc4cc(NS(=O)(c5ccccc5)=O)ccc4)cc(C)c3)c(C)[nH]c1cccc2
-28.04    -28.04      4.62      0.40      SCC(N1CCN(S(=O)(=O)c2ccc(OCC)cc2)CC1)C
-25.92    -25.92      7.08      0.40      c1cc(N(c2nc(N3CCOCC3)nc(C)c2)C)cc(C)c1OC
Human-Component   raw_Human-Component
0.37808263301849365   0.37808263301849365   
0.42447003722190857   0.42447003722190857   
0.403669148683548   0.403669148683548   
0.4190925657749176   0.4190925657749176   
0.3832630217075348   0.3832630217075348   
0.41036826372146606   0.41036826372146606   
0.412815660238266   0.412815660238266   
0.3591890037059784   0.3591890037059784   
0.398307740688324   0.398307740688324   
0.4024944007396698   0.4024944007396698   

14:17:58: local_reinforcement_logger.timestep_report +41: INFO     
 Step 12   Fraction valid SMILES: 100.0   Score: 0.3953   Time elapsed: 12   Time left: 35.1
  Agent     Prior     Target     Score     SMILES
-22.60    -22.55     12.61      0.43      Cc1nc(C#Cc2ccc(F)cc2)c(CC)s1
-27.90    -27.89      4.84      0.40      C(c1cc(-c2ccc(N)cc2)nc2c1c(=O)[nH]c(=O)n2C)C
-26.99    -27.02      2.50      0.36      s1cc(-c2cccc(NC(=O)c3cc(O)c(O)c(OC)c3)c2)[nH]c1=N
-41.03    -41.06    -11.89      0.36      c1(-c2cc(C)c(C)cc2C)sc(C(=O)NCc2cc(CC(C(=O)O)c3cnc(C)cc3)ccc2)cc1
-21.14    -21.16     12.90      0.42      c1(F)cccc(F)c1CN1C(C[N+]([O-])=O)=NCC1
-25.57    -25.54      6.75      0.39      C1(C)(C)Oc2ccc(C#N)cc2C(O)(CC2=NCCN2)C1
-22.49    -22.50      9.70      0.39      O(CC)c1cc(C(=NNC(N)=S)C)ccc1OC
-19.44    -19.45     14.53      0.41      [nH]1c(C)c2c(c(C#N)c1=N)CCCC2
-24.35    -24.35      7.39      0.39      c1c(OC)ccc(Nc2[n+]([O-])onc2-c2ccccc2)c1
-20.71    -20.73     11.28      0.39      Cc1n(Cc2occc2)c(C)cc1C(CCl)=O
Human-Component   raw_Human-Component
0.42878079414367676   0.42878079414367676   
0.3991573452949524   0.3991573452949524   
0.3599085807800293   0.3599085807800293   
0.3557068109512329   0.3557068109512329   
0.4153802692890167   0.4153802692890167   
0.39378291368484497   0.39378291368484497   
0.3926173150539398   0.3926173150539398   
0.41441068053245544   0.41441068053245544   
0.3870715796947479   0.3870715796947479   
0.3904380798339844   0.3904380798339844   

14:17:59: local_reinforcement_logger.timestep_report +41: INFO     
 Step 13   Fraction valid SMILES: 100.0   Score: 0.3931   Time elapsed: 13   Time left: 34.4
  Agent     Prior     Target     Score     SMILES
-23.96    -23.95      8.42      0.39      N(C1(C(=O)c2ccccc2)CCCC1)C(OC)=O
-31.08    -31.17      2.58      0.41      C(#N)CC(N1CCN(C(CO)Cc2ccccc2)CC1)C(C)C
-30.48    -30.44      0.07      0.37      C(=O)(C1C(=Nc2ccc(OC)cc2)CC(C)(C)C(C(OC)=O)C1=O)C(=O)Nc1ccc(Cl)cc1
-23.40    -23.43     10.24      0.41      CN(c1cc(Oc2ccccc2)ccc1)CCN(CC)CC
-34.68    -34.71     -1.85      0.40      Fc1cc(-c2cc(C)c3c(c2)n[nH]c(=Nc2ccc(=NC4CCN(C)CC4)[nH]c2)n3)c(F)cc1F
-41.04    -41.08     -9.38      0.39      CC1(C(=O)c2ccccc2)CC2(C)CCC3C(CCC4C3(C)C=CC(=O)C4=NO)C2C1
-19.35    -19.38     14.37      0.41      N=c1nc(-c2c(O)cccc2)c(-c2ccncc2)c[nH]1
-24.74    -24.72      7.53      0.39      C(NCc1n(Cc2ccc(F)cc2)c2ccccc2n1)(=O)NC1CCCC1
-23.94    -23.96      8.82      0.40      c1(C)nn(CC)c(C)c1CN1CCn2nc(COc3ccccc3)cc2C1
-32.88    -32.97     -1.20      0.39      c1c2c(c(OC)cc1)CC1C(C2)CC(C(=O)NCCNC(C2C3CC(CC3)C2)=O)CN1C
Human-Component   raw_Human-Component
0.394832044839859   0.394832044839859   
0.4115349352359772   0.4115349352359772   
0.37203237414360046   0.37203237414360046   
0.4106607437133789   0.4106607437133789   
0.40068063139915466   0.40068063139915466   
0.3865072429180145   0.3865072429180145   
0.41160979866981506   0.41160979866981506   
0.3933166563510895   0.3933166563510895   
0.399757444858551   0.399757444858551   
0.38743430376052856   0.38743430376052856   

14:18:00: local_reinforcement_logger.timestep_report +41: INFO     
 Step 14   Fraction valid SMILES: 100.0   Score: 0.3855   Time elapsed: 14   Time left: 33.6
  Agent     Prior     Target     Score     SMILES
-20.53    -20.69     14.07      0.42      C1=C(c2ccc(CN3CCOCC3)cc2)C2CCN1CC2
-54.91    -54.85    -26.10      0.35      c1cc(CC(n2c(O)c(Cc3cc(F)c4ccccc4c3O)[nH]c2=O)C(O)N2CCN(C(C)=O)CC2)ccc1C#N
-35.82    -35.71     -3.82      0.39      C1C2(C)C(N(C)C(=O)N1C(C)C(=O)OC(C)(C)C)CCCC2
-27.48    -27.48      4.00      0.38      Oc1c(O)c(O)cc(C(=O)Oc2ccc(O)cc2C(OC2C(NC(c3ccc(O)cc3)=O)CNC2)=O)c1
-33.36    -33.18     -2.25      0.38      O=S(c1cc(F)cc(F)c1)(Nc1c(Br)cc2c(c1)C(=O)N(Cc1ccc(C(=O)O)cc1)C2=O)=O
-24.97    -25.00      7.73      0.40      [nH]1cnccc1=Nc1nc(=O)c2c(cccc2)[nH]1
-19.71    -19.72     13.59      0.41      C1CN(c2nc(=O)c(CCCCC)c(C)[nH]2)CCO1
-22.24    -22.33      9.65      0.39      c1cc(S(=O)(N)=O)ccc1NC(CN1c2c(cccc2)CCC1)=O
-23.86    -23.93     10.40      0.42      Cn1c2c(cc(O)c(Br)c2)c2cc(Br)ccc12
-30.14    -30.22      1.69      0.39      C(=O)(CCc1ccc(O)cc1)NC1CCN2C(C)C=CCC21
Human-Component   raw_Human-Component
0.42394670844078064   0.42394670844078064   
0.35052019357681274   0.35052019357681274   
0.3889380395412445   0.3889380395412445   
0.3839053213596344   0.3839053213596344   
0.3771158456802368   0.3771158456802368   
0.3992125988006592   0.3992125988006592   
0.4061987102031708   0.4061987102031708   
0.38997170329093933   0.38997170329093933   
0.4186241328716278   0.4186241328716278   
0.38913023471832275   0.38913023471832275   

14:18:01: local_reinforcement_logger.timestep_report +41: INFO     
 Step 15   Fraction valid SMILES: 100.0   Score: 0.3893   Time elapsed: 15   Time left: 32.8
  Agent     Prior     Target     Score     SMILES
-31.04    -31.18     -0.47      0.37      C1C2C(N(c3n(C)c(=O)cc(-c4ccncc4F)n3)C1)CN(C(c1scnc1C)=O)C2
-26.69    -26.64      7.40      0.42      c1ccc(N2c3nc(=Nc4ncc(N5CCNCC5)cc4)[nH]cc3CCC2)c(C(F)(F)F)c1
-22.16    -22.21     11.14      0.41      c1ccccc1C=CCN(Cc1coc2c1cccc2)CC
-27.13    -27.18      3.40      0.37      FC(c1ccccc1-c1cc2c(cc1)OC(C)CN2C(c1c(Cl)cccc1F)=O)(F)F
-43.38    -43.21    -12.29      0.38      C(=Cc1ccc(O)cc1OC)c1cnc(-c2ccc(C(=O)NC3C4CCN(CC4)C3)cc2)cc1
-29.70    -29.80      1.33      0.38      c1c(C(F)(F)F)cccc1CNC(c1ccc(O)c(C(N)=S)c1)=O
-24.40    -24.37      9.02      0.41      C(CCCNC(=O)C)CCn1ccc(=O)[nH]c1=O
-26.29    -26.43      4.49      0.38      s1ccc(S(N2CCN(C(CCNC(c3ccccc3Cl)=O)=O)CC2)(=O)=O)c1
-24.05    -24.14      9.96      0.42      C(c1cc(F)ccc1)CNCCOc1ccc(OC)cc1
-24.35    -24.40      7.43      0.39      O(c1cc(C)cc(C)c1)CC(=O)N1C(C)(C)CC(C)=N1
Human-Component   raw_Human-Component
0.3744896948337555   0.3744896948337555   
0.4150868058204651   0.4150868058204651   
0.4067419171333313   0.4067419171333313   
0.37294331192970276   0.37294331192970276   
0.377065509557724   0.377065509557724   
0.37956827878952026   0.37956827878952026   
0.4072839617729187   0.4072839617729187   
0.37697306275367737   0.37697306275367737   
0.4158133268356323   0.4158133268356323   
0.3882245123386383   0.3882245123386383   

14:18:02: local_reinforcement_logger.timestep_report +41: INFO     
 Step 16   Fraction valid SMILES: 100.0   Score: 0.3898   Time elapsed: 16   Time left: 32.0
  Agent     Prior     Target     Score     SMILES
-22.38    -22.59     11.18      0.41      C1CN(C(c2n(C)c(Cl)c(Cl)c2)=O)CCN1C
-30.26    -30.17      0.35      0.37      O=C(N(Cc1ccccc1)CC)OCC1(CSc2ccccn2)CCN(C(=O)c2ccccc2)CC1
-24.69    -24.67      7.20      0.39      C(=O)(CCC(=O)N1CCC2(CC1)CC(=O)c1c(cccc1)O2)O
-29.09    -28.92      4.91      0.41      C(Cn1c2ccccc2c2c1c(=O)n1c(n2)SC(c2ccccc2)CC1=O)C
-22.82    -22.89      9.45      0.39      c1(C[S+]([O-])c2[nH]c3c(cc(OC)cc3)n2)sc(=N)[nH]n1
-28.46    -28.45      5.86      0.42      c1c2c(cc(-c3nnc(N(C)C)n3-c3c(F)cccc3)c1)cccc2
-21.78    -21.82     12.31      0.42      O=C1C(=Cc2cccs2)SC(=S)N1CC#C
-34.53    -34.61     -3.99      0.37      O(CC(C)n1c(-c2ccc(OC)c(F)c2)nc2c(N3CCOCC3)nc(C)nc21)C
-59.48    -59.83    -27.68      0.39      N1CN(C)C2(OC)C=C(C)C3OC4c5[nH]c6ccccc6c5C4OC3(OC)C21
-24.61    -24.53      7.26      0.39      c1nccc(-c2nc(C(=O)Nc3c(N4CCNCC4)cccc3)c(C(F)(F)F)o2)c1
Human-Component   raw_Human-Component
0.4118877351284027   0.4118877351284027   
0.3720947206020355   0.3720947206020355   
0.3886426091194153   0.3886426091194153   
0.4125445485115051   0.4125445485115051   
0.3943970799446106   0.3943970799446106   
0.4183368384838104   0.4183368384838104   
0.416277676820755   0.416277676820755   
0.37349772453308105   0.37349772453308105   
0.3920994699001312   0.3920994699001312   
0.3876419961452484   0.3876419961452484   

14:18:03: local_reinforcement_logger.timestep_report +41: INFO     
 Step 17   Fraction valid SMILES: 100.0   Score: 0.3908   Time elapsed: 17   Time left: 31.2
  Agent     Prior     Target     Score     SMILES
-38.49    -38.47     -7.33      0.38      CCCNc1[nH]c(-c2ccc(OC(F)(F)F)cc2)nc(=NCc2ccc(Br)cc2)c1
-43.60    -44.21    -13.73      0.37      n1c(-c2cc(NS(N3CCC(O)CC3)(=O)=O)ccc2C)c2c(nc1N1CCOCC1)OC(C)O2
-18.25    -18.39     15.09      0.41      c1c2c(ccc1)C(=Nc1ccc(Cl)cc1)CC(=O)C2=O
-26.93    -27.02      4.20      0.38      C1(=O)C2(C)CCC3c4c(c(C=O)c(OC)cc4O)CCC3C2CC1
-26.08    -26.16      4.00      0.37      c1cc(COC(c2cccc(NC(=O)c3cnc4ccccc4n3)c2)=O)ccc1
-40.67    -40.25     -8.32      0.39      CC(C(c1cc(-c2nccn2CC(F)(F)F)cc2n(-c3ccc(F)cc3)ccc12)=O)C
-23.68    -23.70     10.25      0.41      c1c2c(cc(O)c1)C1(CC=C)CCN(C)C(C2)C1(C)C
-45.64    -45.09    -15.35      0.36      C(c1ccc(S(c2ccc(OC)cc2)(=O)=O)cc1)(C(O)=O)Cc1ccc(CC(C(=O)O)NS(c2c(C)cc(C)cc2C)(=O)=O)cc1
-17.44    -17.43     17.58      0.43      c1cc(-c2cc(-c3ccc(O)cc3)nc(-c3ccc(O)cc3)c2)ccc1
-43.40    -43.43    -13.98      0.36      c1(Cc2ccc3c(c2)C2(O)C(c4ccc(OC)cc4)(Oc4c(OC)cc(OC(=O)C)cc42)C3)occc1
Human-Component   raw_Human-Component
0.37980571389198303   0.37980571389198303   
0.3716374337673187   0.3716374337673187   
0.408399760723114   0.408399760723114   
0.3807402551174164   0.3807402551174164   
0.36782515048980713   0.36782515048980713   
0.38934457302093506   0.38934457302093506   
0.41397008299827576   0.41397008299827576   
0.3626340627670288   0.3626340627670288   
0.4268937408924103   0.4268937408924103   
0.35914215445518494   0.35914215445518494   

14:18:04: local_reinforcement_logger.timestep_report +41: INFO     
 Step 18   Fraction valid SMILES: 100.0   Score: 0.3880   Time elapsed: 18   Time left: 30.3
  Agent     Prior     Target     Score     SMILES
-39.12    -39.07     -8.46      0.37      C1COCCN1CCn1c2c(nc(Cc3ccc(OC)cc3)[nH]2)c(=O)n(C(N2CCCCC2)=O)c1=O
-24.54    -24.70      8.59      0.41      c1ccc2s[nH]c(=NCc3ccc(Oc4ccccc4)cc3)c2c1
-31.89    -31.53     -1.09      0.37      c1(S(=O)(=O)N=c2[nH]cccc2)ccc(Oc2c(F)cc(-c3cc[nH]n3)cc2)c(C#N)c1
-36.98    -36.45     -5.20      0.38      n1cccc2c(C(=O)NC(c3ccccc3)CC)c(N(CC)CC)n(-c3ccc(F)cc3)c12
-29.00    -29.12      2.59      0.39      c1cc(CCCCNC(NC(c2ncn(C)c2C)C)=O)ccc1
-38.07    -37.67     -4.90      0.40      C(F)(C(=O)Nc1cc2c(cc1)N(C1CCN(Cc3c(Cl)cccc3OC)CC1)CCC2)(F)F
-31.61    -31.46     -0.83      0.37      C(=Cc1cc(OC)c(OCC(=O)Nc2ccc(F)cc2)cc1)C(Nc1c(S)cccc1)=O
-18.35    -18.58     14.37      0.40      c1c(C#Cc2ccc(C(C)NC(C)=O)cc2)ccc(OC)c1
-26.60    -26.46      4.50      0.38      CC(C1(C(=O)NCc2cc(C(F)(F)F)cc(C(F)(F)F)c2)CC(N2CCC(c3onc(C)n3)CC2)CC1)(C)C
-58.77    -58.72    -26.12      0.40      CN(CC#N)CC1=Cc2cccc3c2OC2C4(OC)C=CC5(C(N(CC6CC6)CCC4O5)C2C1)O3
Human-Component   raw_Human-Component
0.3733304738998413   0.3733304738998413   
0.40597599744796753   0.40597599744796753   
0.3712478578090668   0.3712478578090668   
0.3811527490615845   0.3811527490615845   
0.3866727948188782   0.3866727948188782   
0.39962947368621826   0.39962947368621826   
0.3735128343105316   0.3735128343105316   
0.4018842279911041   0.4018842279911041   
0.3775397837162018   0.3775397837162018   
0.3975396752357483   0.3975396752357483   

14:18:05: local_reinforcement_logger.timestep_report +41: INFO     
 Step 19   Fraction valid SMILES: 96.9   Score: 0.3816   Time elapsed: 20   Time left: 31.0
  Agent     Prior     Target     Score     SMILES
-19.31    -19.19     13.69      0.40      O=C(NC(Cc1ccc(O)cc1)C(O)=O)C(CS)C
-22.84    -23.01     10.93      0.41      c1cc(=NCc2c3ccccc3n(C)c2)[nH]cc1Br
-42.11    -42.27    -11.96      0.37      C1Oc2cccc(F)c2C(=C2CCN(C(c3cc4c(cc3C)C(C)(C)CCO4)=O)CC2)C1(C)C
-24.57    -24.65      5.85      0.37      C(c1ccc(O)c(NS(C)(=O)=O)c1)(=O)NCc1ccc(C(F)(F)F)cc1
-29.74    -29.71      1.69      0.38      OCC1C(O)C(O)C(O)C(Oc2c(C)c(Oc3c(=O)cc(C)[nH]c3C)ccc2)O1
-26.32    -26.03      6.26      0.39      c1(OC)c(OC)c(OC)cc2c1-c1c(cc(=O)c(OC)cc1)C(n1nnc(-c3ccc(OC)c(OC)c3)c1)CC2
-25.51    -25.52      4.99      0.37      COc1cc(OC)c(C(NN=c2[nH]c(-c3ccc(Cl)cc3)cs2)=O)cc1
-38.18    -38.07     -6.90      0.38      c1c(-c2cc3c(c(C(=O)NCCCN4CCN(C)CC4)cc(OC)c3)o2)cc2c(c1OC)OCO2
-35.44    -35.19     -1.91      0.41      n1c2ncnn2c(N2CCN(C(c3ccc(Cl)cc3)c3ccccc3)CC2)c2c1CC1(CCCCC1)O2
-25.25    -25.44      7.31      0.40      C(=O)(c1ccc(F)cc1)C=Cc1cccc(NC(=O)C)c1
Human-Component   raw_Human-Component
0.4010597765445709   0.4010597765445709   
0.41397762298583984   0.41397762298583984   
0.3697008192539215   0.3697008192539215   
0.3719017207622528   0.3719017207622528   
0.382883757352829   0.382883757352829   
0.3938048183917999   0.3938048183917999   
0.3721367418766022   0.3721367418766022   
0.38017117977142334   0.38017117977142334   
0.4058911204338074   0.4058911204338074   
0.3993067145347595   0.3993067145347595   

14:18:06: local_reinforcement_logger.timestep_report +41: INFO     
 Step 20   Fraction valid SMILES: 96.9   Score: 0.3769   Time elapsed: 21   Time left: 30.0
  Agent     Prior     Target     Score     SMILES
-28.86    -29.08      5.37      0.42      C(CCN1C(C)c2c3cc(OC)c(OC)cc3ccc2CC1)C
-31.55    -31.50      0.35      0.39      N1(CNC(=O)c2cc(Cl)c(Cl)cc2Nc2ccc3c(C=Cc4ccccn4)[nH]nc3c2)CCCCC1
-52.29    -52.02    -21.29      0.37      C(CC(C)C1=C(C)CC2OC(=O)C(=O)C3C(COC(=O)C)=COC(C)(C)C3(C1O)C2=O)O
-29.00    -28.72      2.04      0.38      C(=O)(c1ccc(NC(=S)NCc2nc(CSC)no2)cc1)N(CC)CC
-21.81    -21.93     12.13      0.42      N1(Cc2ccccc2)CCc2c(c(C)nn2CC)C1
-27.90    -28.33      5.60      0.41      c1cc2c(nc1C(=O)c1ccc(F)cc1)NC(=O)NN2
-37.21    -37.29     -5.63      0.39      C1(=O)c2ccc(C)cc2C(=O)c2nc3n(c2C1)-c1c(cccc1)C3(C)C
-37.30    -37.47     -5.39      0.39      N1C(=O)C2(N(Cc3c(OC)cccc3)C1)CCN(Cc1c(C(=O)O)cncc1)CC2
-22.83    -22.95      8.65      0.39      O=C(NCc1c(Cl)cccc1)C1N(S(=O)(=O)c2ccc(F)cc2)CCCC1
-22.26    -22.40      8.72      0.38      O(c1cc2oc(=O)cc(CNc3ccc(Cl)c(Cl)c3)c2cc1)C
Human-Component   raw_Human-Component
0.42004361748695374   0.42004361748695374   
0.3883717358112335   0.3883717358112335   
0.3748030364513397   0.3748030364513397   
0.37508025765419006   0.37508025765419006   
0.41528064012527466   0.41528064012527466   
0.41380202770233154   0.41380202770233154   
0.3860277533531189   0.3860277533531189   
0.39127349853515625   0.39127349853515625   
0.38534897565841675   0.38534897565841675   
0.37952905893325806   0.37952905893325806   

14:18:08: local_reinforcement_logger.timestep_report +41: INFO     
 Step 21   Fraction valid SMILES: 100.0   Score: 0.3905   Time elapsed: 22   Time left: 29.0
  Agent     Prior     Target     Score     SMILES
-30.93    -30.93      2.02      0.40      c1(-[n+]2nc(-c3ccc(OCc4ccccc4)cc3)sc2)nc(-c2ccccc2)cs1
-30.29    -30.08      0.74      0.38      c1cc(N(C(=O)c2ccc(Cl)nc2)C(c2cscc2)C(NC2CCCC2)=O)ccc1OC
-47.80    -47.84    -18.16      0.36      C1C2C(CCC3(C)C(OC(C)=O)C(OC(C=Cc4ccccc4)=O)CC13)C1(COC(=O)C)C(CC2C=O)OC(=O)C1=C
-29.33    -29.08      2.74      0.39      c1(OCC)c(F)cc(-c2nc(=O)c3c([nH]2)cncc3)cc1
-29.76    -29.71      3.14      0.40      S(=O)(=O)(c1ccc([S+](c2ccccc2C(F)(F)F)[O-])cc1)C
-37.77    -37.43     -4.87      0.40      c1cnn(Cc2nc(N(C)C)sc2)c1C(C)OC(C1CCCCC1)=O
-30.29    -30.14      1.01      0.38      C(O)(=O)Cc1cc(S(Nc2cccc(OC)c2)(=O)=O)c(OC)cc1OC
-24.39    -24.72     11.01      0.44      C12(C(=O)NC(=O)N1)C1CCC2C(O)C1
-28.57    -28.41      3.81      0.39      c12c(cccc1)c(C(=O)c1ccc3c(c1O)nccc3)cn2C(C)=O
-26.76    -26.58      4.53      0.38      O=C(NC(C(=O)NCc1ccccc1)CC1CCCCC1)C(CC(C)C)C(CS)=O
Human-Component   raw_Human-Component
0.401818186044693   0.401818186044693   
0.3759230375289917   0.3759230375289917   
0.36200764775276184   0.36200764775276184   
0.3880315124988556   0.3880315124988556   
0.4005437195301056   0.4005437195301056   
0.3970251679420471   0.3970251679420471   
0.3799099028110504   0.3799099028110504   
0.43572142720222473   0.43572142720222473   
0.3929295837879181   0.3929295837879181   
0.3793175220489502   0.3793175220489502   

14:18:09: local_reinforcement_logger.timestep_report +41: INFO     
 Step 22   Fraction valid SMILES: 96.9   Score: 0.3826   Time elapsed: 23   Time left: 28.0
  Agent     Prior     Target     Score     SMILES
-28.40    -28.49      4.69      0.40      c1cc(N2CCCCC2)c(Cl)cc1C(=O)N(C)c1ccc(Cl)cc1
-23.22    -23.25      8.84      0.39      C(NC(C(=O)NC(C(=O)O)Cc1ccccc1)CC(C)C)(C)=O
-30.81    -31.50      2.28      0.41      C12CC(NC(c3cc4ccccc4s3)(C)C)CC(N1C)CC2
-41.14    -41.21     -9.01      0.39      C(c1ccc(F)cc1)=NC=CN=c1[nH]c(C)nc2c1cc(-c1ccc(O)cc1)cc2
-24.09    -24.00      7.61      0.39      C1CN(CC(=O)Nc2cc(C#N)ccc2)CCN1CC(=O)Nc1cc(OC)ccc1
-24.34    -24.56      7.73      0.39      S(c1ncc(C(Nc2ccc(Br)cc2)=O)cc1)CC(=O)O
-35.51    -35.69     -4.94      0.38      S(NC)(=O)(c1ccc2c(c1)C(=Cc1c(Br)cc(C)cc1)C(=O)N2)=O
-25.06    -25.00      8.88      0.41      C1(CO)C(O)C(O)C(Nc2[nH]nc3c(=N)[nH]cnc23)C1
-23.59    -23.85      9.70      0.41      c1cccc2c1[S+]([O-])N(CCCCC)C2=O
-21.54    -21.92     15.00      0.45      C(CCOc1ccc(Cl)cc1)N1CCN(c2cccc(OC)c2)CC1
Human-Component   raw_Human-Component
0.4046592712402344   0.4046592712402344   
0.3913170099258423   0.3913170099258423   
0.4118940532207489   0.4118940532207489   
0.39270123839378357   0.39270123839378357   
0.38553476333618164   0.38553476333618164   
0.3937406837940216   0.3937406837940216   
0.37510013580322266   0.37510013580322266   
0.4131554067134857   0.4131554067134857   
0.4091070294380188   0.4091070294380188   
0.45022255182266235   0.45022255182266235   

14:18:10: local_reinforcement_logger.timestep_report +41: INFO     
 Step 23   Fraction valid SMILES: 100.0   Score: 0.3919   Time elapsed: 25   Time left: 28.1
  Agent     Prior     Target     Score     SMILES
-33.25    -32.48     -2.70      0.36      c1c(C(NC(NCc2ccc(C(C)(C)C)cc2)=S)C(N(CC(O)=NO)CCC(C)C)=O)cccc1
-24.23    -24.15     10.38      0.42      C(c1c[nH]c(-c2ccc(-c3ccccc3)cc2)n1)(C)(C)C
-33.38    -33.22     -1.66      0.38      c1c2c(ccc1C(NCC(NCC(NC(C(=O)O)CCCN=C(N)N)=O)=O)=O)NC(=O)CCC2
-27.33    -27.75      4.02      0.39      C(CNC(c1cc2nc(C)cc(C)n1n2)=O)Cn1cncc1
-22.66    -22.84     12.70      0.43      C12CC3CC(CNCCC=C)(CC(C1)C3)C2
-21.58    -21.96      9.75      0.39      CCCCNC(=O)C1CCN(C2=NS(=O)(=O)C(c3ccc(OC)cc3)=C2C)CC1
-40.28    -40.75     -8.38      0.39      C(CN1CCC(N(c2ccccc2)C(=O)CC)(COC(=O)N2C(C)CCC2C)CC1)COc1ccc2c(c1)occ2
-37.81    -37.79     -5.64      0.39      c1(C)ccc(-n2c(=N)c3c(-c4sccc4)cc(-c4ccc(Cl)cc4)nc3nc2OCCOC)cc1
-23.22    -23.40     10.49      0.41      c1(OC)ccc(C2CN(C(C)C(O)=O)CC2)cc1
-24.86    -24.69      9.42      0.42      C(C(OC[n+]1ccccc1)=O)CS
Human-Component   raw_Human-Component
0.363183856010437   0.363183856010437   
0.42110225558280945   0.42110225558280945   
0.38493654131889343   0.38493654131889343   
0.3874463140964508   0.3874463140964508   
0.43352678418159485   0.43352678418159485   
0.38666605949401855   0.38666605949401855   
0.3947754204273224   0.3947754204273224   
0.3921467065811157   0.3921467065811157   
0.41333797574043274   0.41333797574043274   
0.41595253348350525   0.41595253348350525   

14:18:12: local_reinforcement_logger.timestep_report +41: INFO     
 Step 24   Fraction valid SMILES: 96.9   Score: 0.3812   Time elapsed: 26   Time left: 27.0
  Agent     Prior     Target     Score     SMILES
-47.35    -47.24    -17.83      0.36      c1c(NC(NC(=O)c2ccc(Cl)cc2Cl)=O)cc(NC(=O)c2cccc(Nc3ccc4ncnc(C)c4n3)c2)cc1
-34.56    -34.43     -2.01      0.40      c1cccc(C(C(=O)C(C)=Cc2c3ccccc3ncc2)CN)c1
-36.10    -36.02     -4.13      0.39      c1(C(N)=S)n[nH]c2cc(OC)c(OCc3[nH]c4ccccc4n3)cc12
-29.23    -29.17      3.00      0.39      O(Cc1cnccc1)c1c(OC)cc(Cn2c(=O)oc3ncccc23)cc1
-30.62    -30.85      0.76      0.39      O=CC(Cc1ccc(-c2ccc(C)cc2)cc1)NC(=O)C(NC(OC)=O)C(C)(C)C
-28.27    -28.21      2.54      0.37      C(Cn1cc([N+](=O)[O-])cn1)(=O)N(C)Cc1ccc(OC)cc1OC
-22.13    -22.43     11.05      0.41      C(NS(c1cc2c3c(cc(O)n3CCC2)c1)(=O)=O)CC
-35.71    -35.36     -3.06      0.39      c1c(F)c(F)c(CCNC(=O)c2cc(-c3cncnc3)c(N3CCC(O)CC3)nc2)c(F)c1
-30.20    -30.07      2.19      0.39      CCN(CC)c1ccc(S(N(CC(NCCCN2CCOCC2)=O)c2ccccc2)(=O)=O)cc1
-25.53    -25.50      6.56      0.39      Cc1ccc(-c2sc3c(SCC(OC)=O)ncnc3c2)cc1
Human-Component   raw_Human-Component
0.35874035954475403   0.35874035954475403   
0.39530277252197266   0.39530277252197266   
0.3889423608779907   0.3889423608779907   
0.39231404662132263   0.39231404662132263   
0.3854576647281647   0.3854576647281647   
0.37495294213294983   0.37495294213294983   
0.4083569049835205   0.4083569049835205   
0.3939231038093567   0.3939231038093567   
0.39345091581344604   0.39345091581344604   
0.3910435736179352   0.3910435736179352   

14:18:13: local_reinforcement_logger.timestep_report +41: INFO     
 Step 25   Fraction valid SMILES: 100.0   Score: 0.3969   Time elapsed: 27   Time left: 26.0
  Agent     Prior     Target     Score     SMILES
-28.38    -28.33      2.85      0.38      O=S(=O)(Nc1cc2c([nH]c(C(N3CCCCC3)=O)c2)c(OC)c1)C
-27.01    -27.19      6.28      0.41      C1(N(CCCc2ccc(OCC)cc2)C)CCCCC1
-25.01    -25.04      7.88      0.40      c1sc(N=c2scc(-c3cc(Cl)ccc3Cl)[nH]2)nc1
-46.57    -47.08    -15.19      0.39      C1C2(c3c(c(Br)[nH]n3)CC1)N=CN1C2=C(C)C(=O)C(C)=C1
-37.53    -36.99     -6.21      0.38      c1ccc(Sc2nc(=NC3CCC(N)CC3)c3c(n(Cc4ccccc4C)cn3)[nH]2)cc1
-41.14    -41.12     -9.20      0.39      N1(CCn2c(=NC(c3ccc(C4N(C(=O)OCc5ccccc5)c5c(cccc5)C4)cc3)=O)nc(Cl)[nH]2)CCCCC1
-21.02    -21.54     14.61      0.44      N1(c2nc3c(s2)cc(Cl)cc3)CCN(CC)CC1
-35.48    -35.14     -5.24      0.36      c1cc(F)ccc1Cn1c2ccc(C(C)(C(=O)NCCC(C)C)C)cc2cc1-c1c(OC)cccc1
-24.40    -24.60      8.70      0.41      c1(=NC2CN(CC3CCCCC3)C(=O)C2)cc[nH]cc1
-21.93    -21.77     11.06      0.40      N1(Cc2ccc3c(c2)OCO3)CC(COc2ccc(OC)cc2)OCC1
Human-Component   raw_Human-Component
0.38023433089256287   0.38023433089256287   
0.4081893265247345   0.4081893265247345   
0.40148302912712097   0.40148302912712097   
0.3887966573238373   0.3887966573238373   
0.3752714991569519   0.3752714991569519   
0.3892461657524109   0.3892461657524109   
0.4409044682979584   0.4409044682979584   
0.36457982659339905   0.36457982659339905   
0.40614232420921326   0.40614232420921326   
0.4004122316837311   0.4004122316837311   

14:18:14: local_reinforcement_logger.timestep_report +41: INFO     
 Step 26   Fraction valid SMILES: 96.9   Score: 0.3752   Time elapsed: 28   Time left: 24.9
  Agent     Prior     Target     Score     SMILES
-30.09    -29.96      1.39      0.38      O=C(O)c1cc(=O)c2c(cc(C)c(CNCCCC)c2)[nH]1
-28.55    -28.45      3.03      0.38      C1CC(CNC(=O)c2cc(-c3cnn(CCC)c3)c[nH]c2=N)CCC1CN
-26.06    -26.69      2.71      0.36      C1(CNC(CCC)=O)NC(CNC(=O)c2ccc3ccccc3c2)CCN(CC(CC)c2ccccc2)C1=O
-47.07    -47.27    -15.74      0.38      C(N=c1[nH]c2c(scc2)c(=NCc2ccccc2)[nH]1)(c1ccccc1C=NO)CNCCO
-36.99    -36.72     -6.46      0.37      c1(CC(C(NC(C(N)=O)Cc2ccccc2)=O)NC(C(CC(=O)N)NC(=O)C2N(C(=O)C(Cc3c4c(cccc4)[nH]c3)N)CCC2)=O)ccccc1
-25.37    -24.93      5.26      0.37      C(c1c(C)nc2c(OCc3c(F)cccc3F)cccn12)C(=O)NC(CO)CO
-28.70    -28.97      3.71      0.40      C1(C#N)CCCN1C(=O)C(NC(c1cc(Cl)ccc1)=O)CO
-28.84    -29.25      3.98      0.41      N1(c2coc(O)c2)CC(c2cc[nH]n2)CC1
-32.70    -32.18     -2.59      0.36      C(c1ccc(OC)cc1)NCC(Oc1ccc(-c2cc(C)cc(=Nc3cc(C(F)(F)F)ccn3)[nH]2)cc1)C
-28.59    -28.37      3.35      0.39      c1cccc(COc2c(C(NN3CCOCC3)=O)nc(-c3ccccc3)s2)c1
Human-Component   raw_Human-Component
0.3823093771934509   0.3823093771934509   
0.3838905096054077   0.3838905096054077   
0.3585432171821594   0.3585432171821594   
0.3844987750053406   0.3844987750053406   
0.3689606189727783   0.3689606189727783   
0.3682198226451874   0.3682198226451874   
0.39849019050598145   0.39849019050598145   
0.4052242934703827   0.4052242934703827   
0.3609040379524231   0.3609040379524231   
0.3868221044540405   0.3868221044540405   

14:18:15: local_reinforcement_logger.timestep_report +41: INFO     
 Step 27   Fraction valid SMILES: 100.0   Score: 0.3879   Time elapsed: 29   Time left: 23.8
  Agent     Prior     Target     Score     SMILES
-22.95    -22.52      6.42      0.35      c1ccc2[nH]c3c(c2c1)CC1N(C(=O)CN(CC2CCCO2)C1=O)C3c1cc(OC)c(OC)cc1
-41.31    -40.87    -10.27      0.37      c1(OCC(=O)OCc2ccc(COC(c3c(O)cc(OC)cc3)=O)cc2)c(C(=O)OC)scc1
-25.40    -25.64      4.20      0.36      c1(NC(=O)Cc2ccc(NC(=O)C3CN(C(=O)c4ccccc4)CCC3)cc2)cccc(NS(C)(=O)=O)c1
-26.79    -26.48      2.72      0.36      c1cc(C(C(=O)NC(C)(C)C)N(C(CCC(N=c2[nH]oc(C)c2)=O)=O)c2ccc(OC)c(OC)c2)ccn1
-27.72    -27.94      4.77      0.40      c1([N+]([O-])=O)ccc(C=NNC(C(=O)N)=O)c(Cl)n1
-38.33    -38.50     -6.95      0.38      C12CCOC(C(OC)=O)(C1OC(=O)C)c1c(c(O)ccc1)C2
-31.61    -32.00     -0.28      0.39      c1c(CN=c2nc(-n3c(CNCC4CC4)ccc3)[nH]c(Cl)c2Cl)cccn1
-31.50    -31.25      0.07      0.38      COc1c(OC)cc2c(c(C(c3c4cc([N+](=O)[O-])ccc4[nH]c3)=O)ccc2OC)c1
-28.34    -28.08      4.09      0.39      c1c(CCCCCOC2C(OC(=O)C)C(OC(C)=O)C(OC(C)=O)C(COC(=O)C)O2)cccc1
-29.56    -29.46      3.28      0.40      S(=O)(NC(C)C(c1ccc(Cl)cc1)N1CCCCC1)(c1ccccc1Cl)=O
Human-Component   raw_Human-Component
0.3528832793235779   0.3528832793235779   
0.3731403350830078   0.3731403350830078   
0.3639013171195984   0.3639013171195984   
0.3561244308948517   0.3561244308948517   
0.3988801836967468   0.3988801836967468   
0.384767085313797   0.384767085313797   
0.38692376017570496   0.38692376017570496   
0.38203009963035583   0.38203009963035583   
0.3924102783203125   0.3924102783203125   
0.39918896555900574   0.39918896555900574   

14:18:16: local_reinforcement_logger.timestep_report +41: INFO     
 Step 28   Fraction valid SMILES: 100.0   Score: 0.3960   Time elapsed: 30   Time left: 22.8
  Agent     Prior     Target     Score     SMILES
-25.46    -25.34      4.72      0.37      N(c1c(OC)cccc1)C(=O)C(C#N)=Cc1oc(-c2ccc(Br)cc2)cc1
-22.44    -22.59     10.04      0.40      C12C(C)(CCCC1(CO)C)C(C=Cc1ccoc1O)C(=C)CC2
-25.60    -26.10      8.85      0.43      c1ccc2c(c1)N(C)C(c1cc(F)ccc1)C1CCCOC21
-32.34    -31.66      0.21      0.39      c1cc(OCCCCCCCC=CCCCCCCCC(O)=O)ccc1C=C(C)C(=O)OCCCC
-30.26    -30.44      1.08      0.38      C1N(Cc2ccoc2)CCN(C(c2cn(-c3ccccc3)c(C)cc2=O)=O)C1
-22.86    -22.59      9.30      0.39      c1(C)cc(NC(=O)C(=O)NCCCn2cncc2)c(C)cc1
-29.84    -29.93      2.61      0.40      O=[N+]([O-])c1ccc(NC(NCC(CN2CCN(c3c(Cl)c(Cl)ccc3)CC2)O)=O)c(Cl)c1
-46.38    -45.79    -16.73      0.35      c1(C(N)=O)ccc(CC(CNC(Cc2cc(OC)c(O)c(OC)c2)=O)C(NCCC(OCc2ccc([N+](=O)[O-])cc2)=O)=O)cc1
-25.11    -24.76      7.37      0.39      c1ccc(CN(c2cccc(C=CC(=O)OC)c2)C(=O)C(C)C)cn1
-25.04    -24.83      5.77      0.37      c1c(-c2ccc(Oc3c(C#N)cc(S(N=c4snc[nH]4)(=O)=O)cc3)cc2)c(F)cc(F)c1
Human-Component   raw_Human-Component
0.3665204644203186   0.3665204644203186   
0.39784568548202515   0.39784568548202515   
0.426207572221756   0.426207572221756   
0.38863179087638855   0.38863179087638855   
0.3843187093734741   0.3843187093734741   
0.3888959288597107   0.3888959288597107   
0.3967937231063843   0.3967937231063843   
0.35439664125442505   0.35439664125442505   
0.39174166321754456   0.39174166321754456   
0.37313687801361084   0.37313687801361084   

14:18:17: local_reinforcement_logger.timestep_report +41: INFO     
 Step 29   Fraction valid SMILES: 96.9   Score: 0.3540   Time elapsed: 31   Time left: 21.7
  Agent     Prior     Target     Score     SMILES
-53.55    -53.75    -53.75      0.00      C1=C2C3(C)CCC4(C3C(C)(C)C(Br)CC3OC23NC(=O)C(O)C1)O4
-22.11    -21.76     10.10      0.39      O=c1[nH]c(O)c(Nc2ccc(C)c(C)c2)c(=O)n1C
-36.96    -38.29     -4.35      0.41      C(N1NC(CN2CCN(C)CC2)C1)(=O)c1c2c(cc(Cl)c1)CCO2
-34.76    -35.01     -5.39      0.36      C(c1ccccc1)NC(=O)CSc1nc2ccccc2n1CC1=C(C)OC(C)(C)C(=O)C1C
-24.77    -24.57      7.11      0.39      c1c(F)cc(F)c(NC(=O)c2c(NC(=O)c3ccccc3)sc3c2CCC3)c1
-27.30    -27.12      4.65      0.39      c12c(=N)nc(SC3CCOC3=O)[nH]c1[nH]cc2-c1ccccc1
-20.55    -21.03     12.11      0.40      c1ccc(C2(CNC(=O)CNC(=O)C)CCCC2)cc1
-36.59    -36.29     -3.28      0.40      C1c2c(cccc2)C(C(C(=O)OCC)(C(=O)OC)C(=O)OCC)c2ccccc2-1
-26.33    -26.62      4.04      0.37      C1N(C(=O)CC)CCn2c1cc(CN=c1nccc[nH]1)n2
-20.35    -20.26     10.93      0.38      c1(Oc2ccc(S(N=c3[nH]cc(F)cc3)(=O)=O)cc2C#N)cc(F)c(F)cc1
Human-Component   raw_Human-Component
0.0   0.0   
0.38847240805625916   0.38847240805625916   
0.4138917326927185   0.4138917326927185   
0.3612603545188904   0.3612603545188904   
0.38636064529418945   0.38636064529418945   
0.38741421699523926   0.38741421699523926   
0.4041404724121094   0.4041404724121094   
0.4024621248245239   0.4024621248245239   
0.37381795048713684   0.37381795048713684   
0.3804199993610382   0.3804199993610382   

14:18:17: local_reinforcement_logger.timestep_report +41: INFO     
 Step 30   Fraction valid SMILES: 96.9   Score: 0.3388   Time elapsed: 32   Time left: 20.6
  Agent     Prior     Target     Score     SMILES
-20.54    -20.55     10.67      0.38      c1cc(C=C2N=C(SCC=C)N(c3ccccc3)C2=O)ccc1OC
-24.67    -24.54      6.37      0.38      C(c1cnc(OCc2ccccc2)cc1)(NCc1ccc(OC)cc1)=O
-24.46    -25.34      6.71      0.39      C1(NCc2ccc(-c3ccccc3)cc2)CCC2(O)C3Cc4ccc(O)c5c4C2(C1O5)CCN3CC1CC1
-25.52    -25.99      8.70      0.42      C1(C)CCN(CCCC(=O)N=c2c3ccccc3[nH]cc2)CC1
-26.60    -26.60      6.94      0.41      C(NCCCCNCCCNCc1ccco1)CCCN
-33.86    -34.12     -3.02      0.38      CC1(C(=O)N2CCC(c3c[nH]c(=N)c(-c4ccc(C(NC(COC)C)=O)cc4)n3)CC2)COC1
-19.54    -19.67     13.57      0.41      OCCc1oc(=O)cc(OC)c1
-24.69    -24.75      6.42      0.38      n1nc(-c2ccccc2)c(-c2ccco2)nc1SCC(NCc1ccc(F)cc1)=O
-29.70    -29.33      1.25      0.37      c1cc2c(cc1)C(CC(NC(C(CC)C)C(OC)=O)=O)(O)c1c(cccc1)O2
-32.19    -32.61     -1.92      0.37      C(NC(Nc1ccc2c(c(=O)n(CCCCC)c(=S)[nH]2)c1)=O)CN(C)C
Human-Component   raw_Human-Component
0.38080352544784546   0.38080352544784546   
0.3769090175628662   0.3769090175628662   
0.3908626437187195   0.3908626437187195   
0.4230059087276459   0.4230059087276459   
0.40904420614242554   0.40904420614242554   
0.37933143973350525   0.37933143973350525   
0.4053662121295929   0.4053662121295929   
0.3801893889904022   0.3801893889904022   
0.37294983863830566   0.37294983863830566   
0.3742452561855316   0.3742452561855316   

14:18:19: local_reinforcement_logger.timestep_report +41: INFO     
 Step 31   Fraction valid SMILES: 96.9   Score: 0.3679   Time elapsed: 33   Time left: 19.6
  Agent     Prior     Target     Score     SMILES
-38.45    -38.50     -8.36      0.37      CC(N(c1cc(C(F)(F)F)cc(C(OC)=O)c1)Cc1n(-c2c(F)cccc2)c(=O)c2ccc(F)cc2n1)=O
-17.41    -17.53     15.95      0.41      c1cc(C(=O)N=c2cc[nH]cc2)ccc1OC
-51.68    -51.97    -24.47      0.34      n1c(C2OC(=O)C3CCC4(C)C(CCC3C(C)CCC(Nc3cccc(S(N)(=O)=O)c3)=O)C24)c(C)cc(C)c1
-24.83    -24.76      8.01      0.40      Cc1c(-n2c(SCC(c3cc(C)n(C)c3C)=O)nnc2)c(C)ccc1
-21.64    -21.78     10.13      0.39      c1(=NN=Cc2ccccc2OC)sc2c(ccc(C)c2)[nH]1
-40.02    -39.68    -39.68      0.00      c12c(cc3[nH]c(O)c4ccc5c(nc6ccc(O)c(OC)c65)c3c41)OCO2
-27.79    -27.91      6.12      0.41      C(C)C(c1ccc(-c2ccccc2OC(F)(F)F)cc1)CN
-25.34    -25.52      7.76      0.41      C(c1ccc(O)c(O)c1O)c1c(OC)cc(OC)cc1
-30.01    -30.06      3.38      0.41      C1(C)SC(=NC(C)=O)NN1C(=O)CCCCCCCCCCCCC
-23.86    -24.44      8.43      0.40      O=c1n(C)c2ccc(NCc3ccc(F)cc3Cl)cc2n1C
Human-Component   raw_Human-Component
0.36754310131073   0.36754310131073   
0.40825939178466797   0.40825939178466797   
0.3354507088661194   0.3354507088661194   
0.39967578649520874   0.39967578649520874   
0.38913124799728394   0.38913124799728394   
0.0   0.0   
0.4149777293205261   0.4149777293205261   
0.4059273600578308   0.4059273600578308   
0.4078666865825653   0.4078666865825653   
0.4008212387561798   0.4008212387561798   

14:18:20: local_reinforcement_logger.timestep_report +41: INFO     
 Step 32   Fraction valid SMILES: 100.0   Score: 0.3943   Time elapsed: 34   Time left: 18.5
  Agent     Prior     Target     Score     SMILES
-21.45    -21.53      9.50      0.38      O(C)c1c(OC)c(OC)cc(-c2cc3cccc(O)c3oc2=O)c1
-39.80    -40.00     -7.49      0.40      s1c2c([nH]c1=NN=Cc1c(Cl)nc3c(c1)cc(F)cc3)-c1c(ccc(Cl)c1)CCC2
-25.65    -25.33      6.06      0.38      c1cc(N)cc(Oc2ccccc2C(=O)Nc2cc[nH]c(=O)c2)c1
-29.98    -30.03      2.84      0.40      c1(SCC#C)c(SCC#C)c(Cl)nc(COC(C)=O)n1
-29.56    -29.86      5.28      0.43      C(CN1CCN(c2ccc(Cl)cc2)CC1)(COc1ccc2c(c1)cnn2C)O
-30.13    -29.98      1.72      0.39      c1c(C#N)ccc(C(OCc2c(-c3ccc(CC)cc3)cc(C#N)s2)c2cncn2C)c1
-28.89    -28.77      0.88      0.36      c1(=NCc2cccc(NC(=O)C=C)c2)c(C(F)(F)F)c[nH]c(=Nc2ccc(C(N3CCN(C)CC3)=O)cc2)[nH]1
-34.72    -34.82     -2.73      0.39      [O-][N+](=O)c1ccc(SSc2c(CCC(O)=O)c3ccccc3n2O)cc1
-22.50    -22.34     10.22      0.40      c1(OCc2n[nH]c(=NC(C)=O)o2)ccc(Cl)cc1
-24.73    -24.90      9.29      0.42      c1(N=Nc2ccc(-c3ccc(C)o3)cc2)ccc(N(C)C)cc1
Human-Component   raw_Human-Component
0.37833088636398315   0.37833088636398315   
0.3964880108833313   0.3964880108833313   
0.3827643394470215   0.3827643394470215   
0.4008471965789795   0.4008471965789795   
0.4285516142845154   0.4285516142845154   
0.38658419251441956   0.38658419251441956   
0.3616909980773926   0.3616909980773926   
0.39140355587005615   0.39140355587005615   
0.3970188498497009   0.3970188498497009   
0.41697657108306885   0.41697657108306885   

14:18:21: local_reinforcement_logger.timestep_report +41: INFO     
 Step 33   Fraction valid SMILES: 93.8   Score: 0.3653   Time elapsed: 35   Time left: 17.5
  Agent     Prior     Target     Score     SMILES
-24.54    -24.50      5.22      0.36      c1c2c(cc(NC(c3cc(C)on3)=O)c1)=NC(=O)C=2Cc1ccc[nH]1
-34.17    -33.76     -4.01      0.36      c1(-c2cc3c(oc2=O)ccc(C#Cc2ccccc2)c3)nc(C(NCC)=O)cs1
-30.97    -30.71      0.92      0.39      c1cc(-c2[nH]c(=Nc3ccc(C(O)=O)cc3)c3[nH]cnc3c2)cc(Cl)c1F
-39.65    -39.43     -7.00      0.40      OC(=O)C(CCCCCCC#CC=CC(=O)O)c1c(O)c(CO)n(C)c1O
-32.48    -33.05     -1.26      0.39      c1c(C)c(N=c2c(C(=O)N)n[nH]c3c2ccc(OCCCN2CCOCC2)c3)cc(F)c1N1CCN(C)CC1
-26.54    -26.85      6.91      0.41      C1CC(O)CCC1N=c1c2c(ccc(-c3c(F)ccc(F)c3)c2)[nH]cn1
-20.98    -20.95     13.65      0.42      O=c1c(C(O)=O)cn(C2CC2)c2cc(N3CCC(=C)CC3)c(F)cc21
-34.05    -34.06     -2.13      0.39      n1(C(=O)c2ccccc2)c2c(c3ccccc13)Cn1c(c(O)n(CCCC)c1=S)N2
-33.01    -32.98     -1.16      0.39      n1nc(C2CCC2)nn1CC1CCC(NC(c2c(C)nco2)=O)CC1
-20.17    -20.42     11.94      0.39      c1cc(-c2occ(CNCc3ccc(OCC)cc3)n2)ccc1OC
Human-Component   raw_Human-Component
0.36242833733558655   0.36242833733558655   
0.3627965748310089   0.3627965748310089   
0.3858126401901245   0.3858126401901245   
0.395603209733963   0.395603209733963   
0.38771334290504456   0.38771334290504456   
0.41176530718803406   0.41176530718803406   
0.4219474792480469   0.4219474792480469   
0.38935795426368713   0.38935795426368713   
0.388109415769577   0.388109415769577   
0.39458367228507996   0.39458367228507996   

14:18:22: local_reinforcement_logger.timestep_report +41: INFO     
 Step 34   Fraction valid SMILES: 93.8   Score: 0.3410   Time elapsed: 36   Time left: 16.5
  Agent     Prior     Target     Score     SMILES
-35.69    -35.36    -35.36      0.00      c1c2c(-c3ccc(NC(=O)N=c4cc(C(C)(C)C#CC5CC5)on4)cc3)ccnc2[nH]c1
-21.37    -21.52     13.50      0.43      c1cc(C(NC(C)=O)c2ccc(F)cc2)ccc1F
-46.79    -45.79    -14.97      0.38      C(C1C(O)C(O)C(O)C(C(=O)C(O)CO)O1)Oc1c(C(CCc2ccccc2)=O)c(O)cc(CC)c1
-34.31    -35.99     -2.43      0.41      CCCCCCCCCCCCNC1C=CC2N1C(=O)C2CC
-44.63    -45.66    -16.37      0.36      O=C(NC(C)c1occc1)C1N(c2nc(=Nc3ccc(NC(CNCC)=O)cc3)[nH]cc2Cl)CCC1
-22.54    -22.57    -22.57      0.00      c1c(C(=O)CCCO)c(O)ccc1
-23.92    -25.08      8.87      0.41      C1Oc2cc(CCCCC)cc(O)c2C2C1CCC(C)C2
-32.00    -32.42      3.58      0.44      c1cn2cc(-c3ccc(N4CCC(CCCN5CCCCC5)CC4)cc3)nc(OC)c2n1
-25.70    -25.48      5.62      0.38      c1(C(NC(C)=O)c2ccccc2)nnn(Cc2cc(OC)ccc2)c1
-36.25    -35.79     -3.15      0.40      c1(C(CC2(c3ccc(Cl)cc3)C(=O)CC=CC2)C(C)C)cc(Cl)c(Cl)cc1
Human-Component   raw_Human-Component
0.0   0.0   
0.42716720700263977   0.42716720700263977   
0.37586790323257446   0.37586790323257446   
0.40931251645088196   0.40931251645088196   
0.35719063878059387   0.35719063878059387   
0.4255200922489166   0.4255200922489166   
0.4139702618122101   0.4139702618122101   
0.4390278458595276   0.4390278458595276   
0.3792472183704376   0.3792472183704376   
0.39809876680374146   0.39809876680374146   

14:18:23: local_reinforcement_logger.timestep_report +41: INFO     
 Step 35   Fraction valid SMILES: 100.0   Score: 0.3668   Time elapsed: 37   Time left: 15.4
  Agent     Prior     Target     Score     SMILES
-36.87    -35.66     -4.32      0.38      c1(C(=O)Nc2cc3c(C)cc(N4CCN(C)CCC4)nc3cc2)ccc(C(C(C)(C)C)=O)cc1
-18.79    -18.64    -18.64      0.00      O=S(=O)(N)c1ccc(CN=C=S)cc1
-20.33    -20.27     13.01      0.41      c1cc(=NCCCN(CCC)CCC)c2ccc(Cl)cc2[nH]1
-30.39    -30.44     -0.29      0.37      C(N1C(=O)c2cc(-c3ccc(OC)cc3)oc2C1(c1ccc(OC)cc1)O)c1ccccc1
-26.61    -26.68      4.86      0.38      COc1ccc2c(c1)C(=O)c1c(ccc(C=CC(=O)O)c1)C2=O
-21.14    -21.15      9.15      0.37      c1c(-c2c(CCNS(=O)(c3ccc(CCCCC)cc3)=O)[nH]c(-c3ccccc3)n2)ccc(OC)c1
-30.12    -30.57      1.46      0.39      C1c2c(-c3ccccc3)cnn2CCN1C(OC(C)CC1CCCCC1)=O
-24.68    -25.15      8.50      0.41      O(c1ccc(Cl)cc1Cl)CCN1CCC(NS(c2ccc(Cl)s2)(=O)=O)C1
-27.94    -27.79    -27.79      0.00      OC(C(C)=CC=CCCC=Cc1cccc(C)c1)=O
-26.81    -26.88      6.06      0.40      O=C1N(CC(C(F)(F)F)=O)C(=O)C(=O)c2c1cccc2
Human-Component   raw_Human-Component
0.3821917176246643   0.3821917176246643   
0.41397911310195923   0.41397911310195923   
0.40580201148986816   0.40580201148986816   
0.3676706850528717   0.3676706850528717   
0.3846210539340973   0.3846210539340973   
0.36960962414741516   0.36960962414741516   
0.390616774559021   0.390616774559021   
0.4103688895702362   0.4103688895702362   
0.40211769938468933   0.40211769938468933   
0.4017544984817505   0.4017544984817505   

14:18:24: local_reinforcement_logger.timestep_report +41: INFO     
 Step 36   Fraction valid SMILES: 100.0   Score: 0.3667   Time elapsed: 38   Time left: 14.4
  Agent     Prior     Target     Score     SMILES
-20.44    -20.42    -20.42      0.00      c1cc(S(=O)(N(CCO)CCO)=O)ccc1OC
-29.00    -28.39      4.08      0.40      c1(=O)[nH]c(=O)[nH]cc1NC(CCCCCCC(c1sccc1)=O)=O
-35.87    -35.71     -3.54      0.39      C(Cc1ccccc1)COc1ccc(C(=O)N(C)C(C)C)c(SC)c1
-28.45    -28.42      1.89      0.37      CC(CC(NC(=O)OCc1ccccc1)C(NC(CCCC)C(=O)NC(CC1CCCCC1)C(C(CC(C)C)O)O)=O)C
-48.02    -47.28    -18.32      0.35      O=S(C1(C(=O)NS(=O)(=O)c2ccc(OC(F)(F)F)c(F)c2)CC1CN1CCOCC1)(c1ccc(-c2ccco2)cc1)=O
-23.48    -23.53      9.56      0.40      C(N1c2c(cc(S(=O)(N3CCN(c4ccccc4)CC3)=O)cc2)CC1)(=O)C1CC1
-21.96    -22.80     10.89      0.41      O=CNc1c2ncc(C)cc2ccc1
-21.54    -21.38     11.69      0.40      c1c(-c2c3c(ncn2)n(C2OC(CO)C(O)C2O)cc3Cl)cccc1
-27.31    -26.53      3.65      0.37      c1(C(c2c(C)n(Cc3cn(Cc4ccccc4)nn3)c3ccccc32)=O)cc(OC)c(OC)c(OC)c1
-20.73    -21.54    -21.54      0.00      c1(CC(=NNC)C)ccc(Cl)cc1
Human-Component   raw_Human-Component
0.4127277135848999   0.4127277135848999   
0.3960670828819275   0.3960670828819275   
0.392341285943985   0.392341285943985   
0.36959052085876465   0.36959052085876465   
0.35317397117614746   0.35317397117614746   
0.40362951159477234   0.40362951159477234   
0.4109155833721161   0.4109155833721161   
0.40335679054260254   0.40335679054260254   
0.36807212233543396   0.36807212233543396   
0.41673487424850464   0.41673487424850464   

14:18:25: local_reinforcement_logger.timestep_report +41: INFO     
 Step 37   Fraction valid SMILES: 96.9   Score: 0.3657   Time elapsed: 39   Time left: 13.3
  Agent     Prior     Target     Score     SMILES
-30.84    -30.44      1.84      0.39      Fc1cccc(C(=O)C(=Cc2ccccc2)n2c(C)nc3c(cccc3)c2=O)c1
-25.94    -26.00    -26.00      0.00      O=C(NC)CC(NN=Cc1ccc(OC)c(OCC)c1)=O
-33.00    -32.89     -1.48      0.38      c1cc(Cn2c(=O)cc(O)n(C3c4c(ccc(Cl)c4)OCc4ccccc43)c2=O)cc(Br)c1
-34.03    -33.36     -3.06      0.37      c12c(cccc1)C(=O)N(CN(c1ccc(OCC)cc1)Cc1cn(CC(=O)OC)nn1)S2(=O)=O
-35.97    -36.36     -4.30      0.39      O=S(C1C2CCC(C1)N2)(c1cc2n(Cc3ccccc3)ccc2cc1)=O
-35.48    -34.51     -4.15      0.37      c1[nH]c(=NC2CCC(NS(c3cc(C(F)(F)F)ccc3)(=O)=O)CC2)cc(-c2cccc(=NCC3(O)CCOCC3)[nH]2)c1Cl
-32.18    -32.15      0.29      0.40      N1(c2ccc(C(N)=O)s2)CC(Cn2cc(C)nn2)OCC1
-24.12    -24.18      7.70      0.39      c12cccnc1cccc2NC(=O)c1ccccc1[N+]([O-])=O
-22.82    -23.04     11.44      0.42      c1(C)ccc(N=NC2=CN(C)CCN2C)cc1
-27.97    -27.58      4.67      0.39      c1c(Cl)cc(Cl)c(-n2c(-c3sc(C(=O)C(F)(F)F)cc3)nnn2)c1
Human-Component   raw_Human-Component
0.39366087317466736   0.39366087317466736   
0.37993618845939636   0.37993618845939636   
0.3829677700996399   0.3829677700996399   
0.3694586157798767   0.3694586157798767   
0.3909882605075836   0.3909882605075836   
0.3702850043773651   0.3702850043773651   
0.39556747674942017   0.39556747674942017   
0.38870981335639954   0.38870981335639954   
0.42043620347976685   0.42043620347976685   
0.3933858275413513   0.3933858275413513   

14:18:25: local_reinforcement_logger.timestep_report +41: INFO     
 Step 38   Fraction valid SMILES: 100.0   Score: 0.3946   Time elapsed: 40   Time left: 12.3
  Agent     Prior     Target     Score     SMILES
-40.64    -40.50     -8.52      0.39      c1c(C2SCS(=O)(=O)C2)ccc2nc(-c3ccc(OCC)cc3)n(Cc3ccc(F)cc3)c12
-23.39    -23.38      8.97      0.39      C(C(NC1CCCCC1)=O)(=NC(c1ccccc1)=O)C(c1ccccc1)Cl
-32.20    -32.10     -0.75      0.38      c1cc(-c2nc(N(C(Nc3c(C)cccc3)=O)COC(=O)C)sc2)ccc1
-28.93    -29.18      1.44      0.37      c1ccc(NC(=O)C(Sc2ccccc2)C)c2c1COC(C)(C)O2
-23.91    -23.91      8.56      0.40      C(OCC)(C1C(c2ccc(Cl)cc2)NC(=S)N=C1c1ccc(Cl)cc1)=O
-19.55    -19.88     13.04      0.40      c1cccc(CN2CCN(C(=O)c3occc3)CC2)c1F
-30.74    -31.00      3.65      0.42      O1C(c2sc3ccccc3c2)CN(C2CCN(Cc3ccc(F)cc3F)CC2)C1=O
-22.10    -22.19     10.91      0.40      c1(-c2cc(O)c(O)c(O)c2)coc2cc(O)ccc2c1=O
-28.88    -29.14      4.15      0.41      n1ccc(-c2ccc(C(F)(F)F)cc2)cc1-c1ccc2n(C)ccc2c1
-43.12    -42.88    -12.69      0.37      C(=O)(c1ccc(N(C)C)cc1)NCCCc1c(O)ccc(-c2nc3c(C)c(C)ccc3o2)c1
Human-Component   raw_Human-Component
0.3899204432964325   0.3899204432964325   
0.3944503962993622   0.3944503962993622   
0.3822431266307831   0.3822431266307831   
0.3734109699726105   0.3734109699726105   
0.3959697484970093   0.3959697484970093   
0.4014221131801605   0.4014221131801605   
0.4226383566856384   0.4226383566856384   
0.40358424186706543   0.40358424186706543   
0.4060555100440979   0.4060555100440979   
0.36809995770454407   0.36809995770454407   

14:18:26: local_reinforcement_logger.timestep_report +41: INFO     
 Step 39   Fraction valid SMILES: 100.0   Score: 0.3728   Time elapsed: 40   Time left: 11.0
  Agent     Prior     Target     Score     SMILES
-38.25    -37.68     -6.31      0.38      S=c1sc(C(c2cc(OC)ccc2)N2CCc3cc(OCC)c(OCC)cc3C2)c(O)n1CC
-24.60    -24.74      9.30      0.42      c12c(CN3CCOCC3)cn(CC3N(CC)CCC3)c1cccc2
-24.88    -25.46      9.60      0.43      o1c(C)c(CN2CCCC2)c(-c2ccsc2)n1
-18.30    -18.30     15.63      0.41      C1CC(c2nnn3c2c2c(nc3)[nH]cc2)CCC1
-27.88    -27.47      3.63      0.38      c1cc2c([nH]c(C3(NCc4c(OC)cccc4)CCCC3)n2)cc1Cl
-22.25    -22.49     12.42      0.43      OC1CC(=O)c2ccccc2CC1
-36.49    -36.27     -3.92      0.39      c1ccc2ncc(C(C(=Cc3ccc([N+]([O-])=O)cc3)Sc3ccc(F)cc3)=O)n2c1
-25.22    -24.64      8.61      0.41      c1(O)ccc(O)n1C(CC)C(=O)NC1CCCc2c1cccc2
-36.84    -37.75     -6.54      0.38      C(c1cccc(CN2CCCNCC2)c1)CNC(=O)c1ccc(-c2cc(C)ncc2)cc1
-35.60    -35.04     -3.79      0.38      C1N(c2cccc(-n3c4c5c(cc(OC)c(-c6ccc(CO)cc6)c5)[nH]c4c(C(N)=O)c3)c2)CCOC1
Human-Component   raw_Human-Component
0.38258621096611023   0.38258621096611023   
0.41515785455703735   0.41515785455703735   
0.42751356959342957   0.42751356959342957   
0.41381463408470154   0.41381463408470154   
0.3793387711048126   0.3793387711048126   
0.4256763458251953   0.4256763458251953   
0.39455661177635193   0.39455661177635193   
0.4054940640926361   0.4054940640926361   
0.380663126707077   0.380663126707077   
0.3811037242412567   0.3811037242412567   

14:18:27: local_reinforcement_logger.timestep_report +41: INFO     
 Step 40   Fraction valid SMILES: 100.0   Score: 0.3838   Time elapsed: 42   Time left: 10.2
  Agent     Prior     Target     Score     SMILES
-20.94    -21.16     11.21      0.39      O=C(O)CC1N(Cc2cc3ccccc3cc2)CCNC1=O
-33.07    -32.19      1.83      0.41      c1[nH]c(SCC(C)=NOCCC)nc1-c1ccc(F)cc1
-21.84    -22.02      9.05      0.38      C12Oc3c4c(ccc3O)CC3N(CC5CC5)CCC14C3(O)Cc1c2[nH]c2cc(OC)ccc21
-30.83    -30.96     -0.64      0.37      C(NC(Cc1ccccc1)C(O)CNCc1cc(C(F)(F)F)ccc1)c1cc2c(cc1Cl)OCO2
-21.15    -21.01     10.73      0.39      C(=O)(N1CCC(c2ccc(NC(=O)N3Cc4c(cncc4)C3)cc2)CC1)COC
-23.36    -24.30     11.32      0.43      C(CCCNC1=NCCCN1C)CCCCC
-48.38    -48.43    -17.07      0.38      O(C1OC(COC(C)=O)C(OC2C(OC(=O)C)C(OC(C)=O)COC2OC2C(O)C(O)C(O)C(C)O2)C(O)C1Oc1ccc(O)cc1)C1OC(C(O)CO)C(O)C1O
-24.08    -24.26    -24.26      0.00      c1cccc(Cl)c1NC(=O)CN(CC(O)=O)CCN(CC(=O)O)CC(=O)O
-27.33    -27.32      5.21      0.40      c1cc(NC(CCN2CCC(CCOc3ccc(C(F)(F)F)cc3)CC2)=O)ccc1F
-30.12    -30.47      0.95      0.38      c1(C(=NO)NC2CCCCC2)cc2c(s1)nc[nH]c2=Nc1cc(Cl)c(F)cc1
Human-Component   raw_Human-Component
0.3948427438735962   0.3948427438735962   
0.41480159759521484   0.41480159759521484   
0.37895408272743225   0.37895408272743225   
0.3698563873767853   0.3698563873767853   
0.38707032799720764   0.38707032799720764   
0.43443942070007324   0.43443942070007324   
0.38240286707878113   0.38240286707878113   
0.4015524089336395   0.4015524089336395   
0.3967558443546295   0.3967558443546295   
0.383188396692276   0.383188396692276   

14:18:29: local_reinforcement_logger.timestep_report +41: INFO     
 Step 41   Fraction valid SMILES: 100.0   Score: 0.3726   Time elapsed: 43   Time left: 9.2
  Agent     Prior     Target     Score     SMILES
-28.74    -29.28      1.75      0.38      c1(CC(NC2C(=O)N3C2SCC(C=CC[n+]2c4c(cccc4)sc2)=C3C([O-])=O)=O)ccc(F)cc1
-35.29    -35.54     -3.26      0.39      C1CC2CC(C(=O)NCCNC(Cc3oc(=N)[nH]n3)=O)C1CC2
-25.94    -25.87      6.37      0.39      c1c(CSc2c(C#N)c(C)c([N+]([O-])=O)c(C)n2)scc1
-18.76    -19.06     13.38      0.40      c1(F)ccccc1-c1occ(CNC(C)CCCCC)n1
-25.10    -25.40      8.07      0.41      C(C)(Cn1c(=O)[nH]c2c1ccnc2)(C)C
-37.82    -37.16     -5.78      0.38      CC1COCCN1c1c2c(nc(-c3cc4c(OC)ccnc4nc3)[nH]2)nc(N2C(C)COCC2)n1
-25.37    -25.46      8.30      0.41      C(c1ccccc1)(=O)C(C#N)C(Nc1c(Cl)cccc1Cl)=O
-19.04    -19.31     14.69      0.41      c12ccccc1C(O)(C(F)(F)F)c1c-2ccc(C#CC2CC2)c1
-24.55    -24.58      8.64      0.41      c1oc(-c2c(C(F)(F)F)cccc2)nc1-c1ccc(C)cc1
-22.48    -23.11     12.25      0.43      c1n[nH]cc1-c1cc(N2CCN(C)CC2)[nH]c(=N)n1
Human-Component   raw_Human-Component
0.3784189522266388   0.3784189522266388   
0.39370566606521606   0.39370566606521606   
0.3932541012763977   0.3932541012763977   
0.3956434428691864   0.3956434428691864   
0.4081237316131592   0.4081237316131592   
0.3826378285884857   0.3826378285884857   
0.41176629066467285   0.41176629066467285   
0.4146620035171509   0.4146620035171509   
0.40513670444488525   0.40513670444488525   
0.43114620447158813   0.43114620447158813   

14:18:30: local_reinforcement_logger.timestep_report +41: INFO     
 Step 42   Fraction valid SMILES: 96.9   Score: 0.3801   Time elapsed: 44   Time left: 8.2
  Agent     Prior     Target     Score     SMILES
-28.40    -28.77    -28.77      0.00      [nH]1c(=O)nc2n(n1)c(SCC(N1CCCCC1)=O)nc1ccccc21
-29.52    -28.77      0.64      0.36      c1(S(=O)(=O)NC(C(=O)N2CCC(C(=O)NC(CCCNC(N)=N)C(=O)O)CC2)Cc2ccccc2)ccccc1
-28.35    -28.61      4.94      0.41      O=c1oc(-c2ccc(CCC)cc2)nn1C1CC1
-35.73    -36.29     -4.69      0.39      C1(N=c2[nH]c(Br)c(-c3ccc(OCC4CC4)cc3)nc2C)CCNCC1
-40.32    -40.27     -9.06      0.38      N(=NN(CCCC)CCCC)c1ccc(NC2=NCc3c(cnc(C)c3)N2)cc1
-23.47    -23.66      8.67      0.39      c1cccc2c1cccc2NS(=O)(c1c(Cl)cc(Cl)cc1)=O
-25.53    -25.64      6.70      0.39      O=C(N1c2c(cccc2)NC(=O)c2cc(C)ccc21)NCC
-35.03    -34.76     -3.86      0.38      [nH]1c(C(O)=O)c(C=NCCC(c2ccc(OC)cc2)=O)c2cc(C)ccc12
-26.12    -25.78      4.79      0.37      c1(=O)cc(OC)cnn1Cc1ccc(-c2c(-c3n[nH]nn3)cccc2)cc1
-51.46    -50.28    -17.26      0.40      C1CC2(C)C(O)C(O)CC2C2C1C(O)(C(C)CC(C(C=CC(O)(C)C)O)C)CC2
Human-Component   raw_Human-Component
0.0   0.0   
0.35867181420326233   0.35867181420326233   
0.4090609550476074   0.4090609550476074   
0.3853440284729004   0.3853440284729004   
0.3806133270263672   0.3806133270263672   
0.39419305324554443   0.39419305324554443   
0.39437296986579895   0.39437296986579895   
0.3768649399280548   0.3768649399280548   
0.37277790904045105   0.37277790904045105   
0.40269944071769714   0.40269944071769714   

14:18:31: local_reinforcement_logger.timestep_report +41: INFO     
 Step 43   Fraction valid SMILES: 100.0   Score: 0.3842   Time elapsed: 45   Time left: 7.2
  Agent     Prior     Target     Score     SMILES
-31.15    -31.28      2.60      0.41      O(CCCCCCCC(C(=O)NC)=O)C=CC(=O)OC
-24.45    -24.44      8.15      0.40      S=C(N1CCN(c2nc(C(F)(F)F)ccn2)CC1)Nc1c(OC)cccc1
-28.86    -28.79      1.83      0.37      O=[N+](c1cc(F)c(Cl)cc1C(=O)Nc1ccccc1N1CCOCC1)[O-]
-28.85    -28.63      2.87      0.38      S1c2c(ccc(C(=O)C=Cc3ccc(OC)c(OC)c3)c2)N(C)C1=O
-25.23    -25.70      8.69      0.42      n1c(-c2nc(-c3ccc(O)cc3)ccc2)c(Cl)ccc1
-34.40    -34.39     -1.82      0.40      C1(C(=O)NCC(N=c2cc[nH]c(C(=O)O)c2)=O)NC2CCC1C2
-29.99    -29.84      4.10      0.41      N(=C(C)CC(C)C)C(=O)CCSCC
-27.28    -26.81      3.09      0.36      c1(OC)c(OC)ccc(S(N(CC2CCCCC2)CC(NCc2ccncc2)=O)(=O)=O)c1
-32.61    -34.11      0.95      0.43      N1CCCc2c1sc(C#CC1=NNNN1)c2
-44.58    -44.12    -12.67      0.38      n1nc2n(c3c(cccc3Cl)c(OCc3cc(C#N)c4ccccc4n3)c2)c1COc1ccc(Cl)cc1
Human-Component   raw_Human-Component
0.41321665048599243   0.41321665048599243   
0.397411584854126   0.397411584854126   
0.3733971118927002   0.3733971118927002   
0.3841610252857208   0.3841610252857208   
0.419440895318985   0.419440895318985   
0.3972289562225342   0.3972289562225342   
0.413850337266922   0.413850337266922   
0.3645293712615967   0.3645293712615967   
0.42764753103256226   0.42764753103256226   
0.38355109095573425   0.38355109095573425   

14:18:32: local_reinforcement_logger.timestep_report +41: INFO     
 Step 44   Fraction valid SMILES: 96.9   Score: 0.3725   Time elapsed: 46   Time left: 6.1
  Agent     Prior     Target     Score     SMILES
-31.99    -32.98      0.17      0.40      C(N=c1ncc(-c2cnc3c(=NCC)[nH]ccn32)c[nH]1)CN
-31.97    -32.18     -0.46      0.39      c1ccccc1-c1nc(-c2cc(=NC(N)=N)[nH]cc2)c(Br)cn1
-29.88    -30.29      3.24      0.41      c1cc(CN2CCN(c3c(C)cccc3)CC2)nc(-c2cc(OC)ccc2OC)n1
-30.68    -30.81      0.78      0.39      CC(C)CN(S(c1ccccc1)(=O)=O)c1sc2ccccc2c1OCCCN
-22.75    -22.74     13.58      0.44      c1cc(C(c2ccccc2)CCCCN2CCC(C(=O)N)CC2)ccc1
-26.96    -27.32      6.35      0.41      O=C1CC(NC(=O)c2ccc(C(N)=O)cc2)CN1
-35.26    -35.75     -4.08      0.39      c12c([nH]c(C)c1CC=C)nc(CC)c1c2c2ccccc2o1
-27.33    -27.34      5.47      0.40      N(C1CCCC(O)C1O)=c1[nH]c(-c2ccccc2)nc2ccccc21
-37.18    -36.35     -4.76      0.39      CN(CCC1C(CCCc2ccccc2)N(Cc2ccccc2)C(=O)N1Cc1cccc(C(=NO)N)c1)C
-42.55    -42.75    -11.30      0.38      n1[nH]c(-c2ccccc2NC(c2c3oc4c(c3ccc2)CNCC4)=O)c2c1cccc2
Human-Component   raw_Human-Component
0.4043184816837311   0.4043184816837311   
0.38682910799980164   0.38682910799980164   
0.4088798761367798   0.4088798761367798   
0.38520756363868713   0.38520756363868713   
0.4430248737335205   0.4430248737335205   
0.4106023609638214   0.4106023609638214   
0.38624030351638794   0.38624030351638794   
0.4002009928226471   0.4002009928226471   
0.3851848542690277   0.3851848542690277   
0.38349103927612305   0.38349103927612305   

14:18:33: local_reinforcement_logger.timestep_report +41: INFO     
 Step 45   Fraction valid SMILES: 96.9   Score: 0.3815   Time elapsed: 47   Time left: 5.1
  Agent     Prior     Target     Score     SMILES
-19.39    -20.32     13.38      0.41      O(C)c1c(CNCc2ccccn2)cccc1
-36.70    -35.71     -3.86      0.39      C(Oc1ccc(CC(n2cncc2)Sc2cc3c(cccc3)cc2)cc1)CN(C)C
-23.09    -23.89      9.39      0.41      N1(C(=O)C)CCC(NC(NCCc2ccccn2)=O)CC1
-25.40    -25.69      8.40      0.42      c12c(nnc(OCC)c1)c1ccccc1n2C
-26.34    -28.23      7.91      0.44      c1(CN2CCN(C)CC2)c(C2(O)CCN(CCCC(c3ccc(F)cc3)=O)CC2)cccc1
-20.52    -20.95     10.18      0.38      C1N(C(=O)Nc2ccc([N+](=O)[O-])cc2)CCN(Cc2ccc3c(c2)OCO3)C1
-25.64    -25.47      6.20      0.39      c1(S(=O)(=O)Nc2ccc3c(c2)N(S(CCC)(=O)=O)CCC3)c(OC)ccc(Cl)c1
-35.69    -36.27     -4.71      0.38      n1[nH]nc(CNc2c(C)c(S(NCCOC)(=O)=O)ccc2Cl)n1
-22.48    -22.95      9.58      0.40      c1cccc(NC(=O)c2cc(F)ccc2)c1C(=O)Nc1ccc(Cl)cc1
-24.59    -25.05      8.70      0.41      c1nc2n(c(=O)c3c(cccc3Cl)n2)[nH]1
Human-Component   raw_Human-Component
0.4109117090702057   0.4109117090702057   
0.3884425461292267   0.3884425461292267   
0.40586036443710327   0.40586036443710327   
0.4156651794910431   0.4156651794910431   
0.44078508019447327   0.44078508019447327   
0.37954631447792053   0.37954631447792053   
0.3862869143486023   0.3862869143486023   
0.3848082721233368   0.3848082721233368   
0.3967192471027374   0.3967192471027374   
0.4115573763847351   0.4115573763847351   

14:18:33: local_reinforcement_logger.timestep_report +41: INFO     
 Step 46   Fraction valid SMILES: 100.0   Score: 0.3969   Time elapsed: 48   Time left: 4.1
  Agent     Prior     Target     Score     SMILES
-17.57    -17.59     16.33      0.41      c1ccc(-c2nn(Cc3ccccc3)c(=S)[nH]2)cc1
-29.31    -29.85      2.89      0.40      c12c(cc(C)c(SCCC)n1)CCc1c-2[nH]c2c1cccc2
-27.83    -28.34      5.57      0.41      c1c(F)c(Cl)cc(F)c1-c1cc(Cl)c(O)cc1C
-52.90    -53.73    -21.12      0.40      C1(=O)OCC2CCC13N2CC1CC2CC=C(C(=O)O)CC2(C1)C3
-27.87    -28.21      3.38      0.39      C(NCCN1CCC(n2c(=O)[nH]c3cc(Cl)ccc23)CC1)c1ccc(C)cn1
-28.14    -28.69      3.48      0.39      c1cccc2sc(C(NC3(CN4CCOCC4)CCCCC3)=O)cc12
-23.81    -23.79      8.33      0.39      c1ccsc1C=NNC(c1c(C)cc(C)cc1)=O
-19.06    -19.48     14.85      0.42      n1[nH]cc(-c2cc(C(F)(F)F)ccc2)c1
-30.37    -30.47      1.55      0.39      N(=c1n(-c2ccccc2)c(=NCCC)ss1)N=c1scc(-c2ccc(Cl)cc2)[nH]1
-26.36    -26.77      4.39      0.38      c1c(Cl)cc(NC(=O)NNC(c2c(N)n(-c3ccccc3)c(=S)s2)=O)cc1
Human-Component   raw_Human-Component
0.41366857290267944   0.41366857290267944   
0.3992493748664856   0.3992493748664856   
0.413501113653183   0.413501113653183   
0.39765042066574097   0.39765042066574097   
0.38527926802635193   0.38527926802635193   
0.3923252820968628   0.3923252820968628   
0.391728937625885   0.391728937625885   
0.41863325238227844   0.41863325238227844   
0.39037269353866577   0.39037269353866577   
0.3800095021724701   0.3800095021724701   

14:18:34: local_reinforcement_logger.timestep_report +41: INFO     
 Step 47   Fraction valid SMILES: 100.0   Score: 0.3839   Time elapsed: 48   Time left: 3.0
  Agent     Prior     Target     Score     SMILES
-20.35    -20.58     11.93      0.40      CNC1=NC(c2ccccc2)C(C(OCC)=O)=C(C)N1CC
-43.43    -42.62    -13.34      0.36      C(C(NC(=O)OCc1ccc([N+](=O)[O-])cc1)C(=O)Oc1c(C(Nc2ccc(Oc3ccccc3)cc2)=O)cccn1)Cl
-25.64    -26.11      7.88      0.41      c1ccc2c(c1)CN(Cc1cccc(S(=O)(=O)C)c1)CC2
-32.69    -32.38     -1.60      0.38      Cc1nnc2n1CCN(C(=O)c1cccc(S(=O)(=O)c3ccccc3C)c1)C2
-25.12    -25.99      8.32      0.42      N1(Cc2ccccc2)c2c(cc(N=C(N)N)cc2)CC1
-19.69    -19.65     13.69      0.41      c1c(-c2[nH]c(=NN=C(CC)CC)sc2)ccc(F)c1
-20.80    -21.16     11.38      0.40      c1c(COc2ccc(-c3cc(=O)cc(N4CCOCC4)s3)cc2)cccc1
-24.12    -23.08      8.84      0.39      c1(C(C=Cc2c(C(F)(F)F)cc(C(F)(F)F)cc2)=O)ccccc1O
-23.29    -23.71      9.70      0.41      n1c(N2CC(c3nc4ccccc4n3C)C2)c2c3c(sc2nc1)CCCC3
-30.42    -29.77      2.69      0.40      O=c1cc(NC(=O)OCC(C)C)[nH]c(CCC)c1
Human-Component   raw_Human-Component
0.3964250683784485   0.3964250683784485   
0.35699978470802307   0.35699978470802307   
0.4144538938999176   0.4144538938999176   
0.37534552812576294   0.37534552812576294   
0.4184240996837616   0.4184240996837616   
0.4066343605518341   0.4066343605518341   
0.3968451917171478   0.3968451917171478   
0.389265775680542   0.389265775680542   
0.4073919653892517   0.4073919653892517   
0.3959275782108307   0.3959275782108307   

14:18:35: local_reinforcement_logger.timestep_report +41: INFO     
 Step 48   Fraction valid SMILES: 100.0   Score: 0.3850   Time elapsed: 50   Time left: 2.0
  Agent     Prior     Target     Score     SMILES
-31.89    -33.44     -0.68      0.40      C1CCN(CCOc2ccc(CCNC(=O)CC(c3ccccc3)CN)cc2)C1
-18.78    -19.07    -19.07      0.00      Cc1cc([N+]([O-])=O)c(N)cc1C
-21.03    -21.18     12.79      0.41      c1ccccc1CC1ON=C(c2cc(Cl)c(Cl)cc2)C1
-24.25    -24.52      9.58      0.42      C1CC(n2c3c(cc2)c[nH]c(=Nc2ncc(N4CC(C)N(C)CC4)cc2)n3)CC1
-22.17    -22.21     10.88      0.40      C(=Nc1ccc(-c2nc3ccccc3s2)cc1)c1ccc(OC)cc1
-25.65    -25.21      6.20      0.38      C(CNC(=O)Cn1c(=O)c2c(c(C(O)=O)n1)cccc2)COCC
-25.82    -26.17      5.85      0.39      C(N1CCCCC1)(Oc1cc(OC)c(-c2ccccc2)cc1)=O
-23.21    -23.02      9.97      0.40      c1cc2c(cc1)N(Cc1cc(F)cc(F)c1)C(=O)N(c1ccccc1)S2(=O)=O
-33.66    -34.17     -3.19      0.38      C1CC(c2n(C)nc(-c3ccc(F)cc3)c2-c2nn3c(nc(NC(c4ccncc4)=N)n3)cc2)CCN1C(=O)CN(C)C
-23.03    -22.99      9.11      0.39      C(CC)(C(Nc1ccc(C(=O)N2CCCCC2)cc1)=O)CC
Human-Component   raw_Human-Component
0.3995404839515686   0.3995404839515686   
0.4146493971347809   0.4146493971347809   
0.4143507778644562   0.4143507778644562   
0.41584309935569763   0.41584309935569763   
0.40349531173706055   0.40349531173706055   
0.38312187790870667   0.38312187790870667   
0.3905307650566101   0.3905307650566101   
0.40237295627593994   0.40237295627593994   
0.3778051435947418   0.3778051435947418   
0.3914375901222229   0.3914375901222229   

14:18:36: local_reinforcement_logger.timestep_report +41: INFO     
 Step 49   Fraction valid SMILES: 96.9   Score: 0.3765   Time elapsed: 50   Time left: 1.0
  Agent     Prior     Target     Score     SMILES
-20.83    -20.92      8.39      0.36      O=c1[nH]c(=O)c(N(CC)C(COC(=O)C2=COCCO2)=O)c(N)n1Cc1ccccc1
-22.95    -22.97      7.93      0.38      c1(Cn2cc(C=NNC(=O)c3ccc4c(c3)OCO4)c3ccccc32)ccccc1
-27.04    -27.97      2.23      0.37      c1c2c(c(=Nc3cc(NS(c4ccc(F)cc4)(=O)=O)ccc3)[nH]cn2)cc(OC)c1OC
-31.43    -31.54     -2.15      0.36      N(C(=O)c1noc(C2CCCCN2S(c2ccccc2F)(=O)=O)c1)c1ccc2c(c1)CCN2C(=O)C
-40.20    -38.91     -5.90      0.40      c12c3c(n(-c4ccc(OCC5(C(O)=O)CC5)cc4)c1CCN(C(C)=O)C2)CCN(C(=O)C)C3
-30.67    -30.14      2.69      0.40      O=S(CCNC(c1ccccc1)=O)(=O)N(C1CC1)Cc1ccc(Oc2ccccc2)cc1
-30.54    -30.57      2.71      0.41      O=C(N(C)C)C(c1ccc(O)cc1)N(C(c1ccc(O)cc1)=O)c1ccccc1
-30.58    -31.11      0.89      0.39      N(C1CC1)c1n2cnc(C)c2c(-c2c(C)cc(Cl)cc2)nn1
-28.70    -28.86      1.94      0.38      C1OC(C)=C(C(OCC)=O)C(c2c(Cl)cccc2)C1C(=O)OCCN1S(=O)(=O)c2ccccc2C1=O
-18.42    -18.37     15.64      0.41      c1c(C=C(C(N)=O)C#N)ccnc1
Human-Component   raw_Human-Component
0.35738033056259155   0.35738033056259155   
0.3768182694911957   0.3768182694911957   
0.3683185279369354   0.3683185279369354   
0.35848096013069153   0.35848096013069153   
0.40260550379753113   0.40260550379753113   
0.4003186523914337   0.4003186523914337   
0.40587231516838074   0.40587231516838074   
0.3902449905872345   0.3902449905872345   
0.37551966309547424   0.37551966309547424   
0.4147966206073761   0.4147966206073761   

