13:58:04: local_reinforcement_logger.log_message +32: INFO     starting an RL run
13:58:04: local_reinforcement_logger.timestep_report +41: INFO     
 Step 0   Fraction valid SMILES: 100.0   Score: 0.4655   Time elapsed: 0   Time left: 0.0
  Agent     Prior     Target     Score     SMILES
-32.11    -32.11    -17.08      0.47      c1ccc2c(c1)C(=O)C(C)(N=Cc1c(C#N)cccc1)C2=O
-22.20    -22.20     -7.25      0.47      [N+](=O)(c1cc(Cl)c(C(=O)Nc2ccccc2)cc1)[O-]
-30.79    -30.79    -15.93      0.46      C1(=O)C(=NCc2ccccc2)C(C(=O)O)CCC1=Cc1ccc(O)cc1
-25.27    -25.27    -10.42      0.46      c1ccccc1Cc1cc2c(OC)cc(OC)cc2c(=O)o1
-45.32    -45.32    -30.68      0.46      NCC1CN(c2ncc(-c3c(C)ccc(C(NC4CC4)=O)c3)cc2NC(c2ccc(F)c(Cl)c2)=O)CC(C)O1
-36.38    -36.38    -21.63      0.46      C1C2(NC(Cn3c(=O)c4ccc(C(=O)N5CCN(C(=O)OCC)CC5)cc4nc3CC)=O)CC3CC(CC1C3)C2
-29.67    -29.67    -14.86      0.46      c1nn(Cc2ccccc2)cc1-c1cc(NS(=O)(=O)c2c3ccccc3ccc2)ccc1
-20.92    -20.92     -6.03      0.47      c12c(O)n(-c3ccc(C)cc3)c(O)c1c(C(OCC)=O)n[nH]2
-43.39    -43.39    -28.48      0.47      c1(C2(C)C(OC)C(=O)N2SC)csc(-c2ccc(Cl)cc2)[n+]1-c1c(C)cc(C)cc1C
-22.76    -22.76     -7.69      0.47      C(N)(N=c1cc2[nH]nc(OC)c2c[nH]1)=O
Human-Component   raw_Human-Component
0.46968311071395874   0.46968311071395874   
0.4672418534755707   0.4672418534755707   
0.464408814907074   0.464408814907074   
0.46423307061195374   0.46423307061195374   
0.45759859681129456   0.45759859681129456   
0.4609386622905731   0.4609386622905731   
0.46285194158554077   0.46285194158554077   
0.46533310413360596   0.46533310413360596   
0.46601399779319763   0.46601399779319763   
0.4708614647388458   0.4708614647388458   

13:58:05: local_reinforcement_logger.timestep_report +41: INFO     
 Step 1   Fraction valid SMILES: 96.9   Score: 0.4503   Time elapsed: 1   Time left: 24.5
  Agent     Prior     Target     Score     SMILES
-25.78    -25.75    -10.98      0.46      S(CC(=O)NCCc1ccccc1)c1[nH]c(-c2ccc(OC)cc2)nc1-c1cc(OC)c(OC)c(OC)c1
-35.70    -35.70    -20.86      0.46      c1(C(F)(F)F)nc(-c2c3ccc(-c4ccccc4OC)cn3[nH]c2=N)ncc1
-28.96    -29.02    -14.42      0.46      c1(C(F)(F)F)ccc(C)c(S(Nc2ccc(C(=O)N3CCC(CCCC(F)(F)F)(O)CC3)cc2)(=O)=O)c1
-43.83    -43.74    -28.89      0.46      c1(OCC(CO)O)c2c(OCC(NC(C(=O)C)C(=O)O)=O)cccc2[nH]c(=O)c1
-46.05    -45.98    -31.34      0.46      C(C(NC(=O)C1CCCC(C)C1)C(N1CC(C)CCC1)=O)CC(OCc1cc(C)ccc1C)=O
-17.40    -17.45     -2.44      0.47      c1cc(OCc2ccccc2)cc2oc(=O)ccc12
-43.76    -43.67    -43.67      0.00      CCC1(O)c2cc3n(c(=O)c2COC1=O)Cc1c(Cc2ccc(CN(C4(C(=O)N=c5scc[nH]5)CCOCC4)=O)cc2)sc1C3
-29.88    -29.88    -15.01      0.46      C(c1ccc2n(CCC(=O)O)c(=O)c(Cc3ccccc3)cc2c1)(=O)O
-33.01    -33.04    -18.00      0.47      C(CC(=CC1CC2C(C)(C)C(C1=O)C2)C)=C(CCC=C(C)C)C
-31.37    -31.33    -16.36      0.47      c1(Cl)ccc(CNC2CCOC3(CCCC3)C2)c(C(F)(F)F)c1
Human-Component   raw_Human-Component
0.4612922668457031   0.4612922668457031   
0.46387234330177307   0.46387234330177307   
0.45629826188087463   0.45629826188087463   
0.4638814628124237   0.4638814628124237   
0.45745736360549927   0.45745736360549927   
0.46911314129829407   0.46911314129829407   
0.0   0.0   
0.4644568860530853   0.4644568860530853   
0.4699539244174957   0.4699539244174957   
0.4678530991077423   0.4678530991077423   

13:58:06: local_reinforcement_logger.timestep_report +41: INFO     
 Step 2   Fraction valid SMILES: 100.0   Score: 0.4653   Time elapsed: 2   Time left: 32.0
  Agent     Prior     Target     Score     SMILES
-35.42    -35.33    -20.40      0.47      CC1(F)CC(c2cccnc2)N(c2nccn2C)C1=O
-19.53    -19.55     -4.55      0.47      c1(Cc2c(=N)[nH]c(=N)[nH]c2)ccc(C=O)cc1
-31.75    -31.82    -16.79      0.47      C(C)n1cc(CN2CCC(CO)(O)C(CC)C2)nc1
-31.66    -31.59    -16.67      0.47      Oc1c(C(c2nc3c(cccc3O)[nH]2)c2ccccc2)c(=O)[nH]c(=S)[nH]1
-36.47    -36.54    -21.65      0.47      Clc1ccc(-c2c(Nc3c(Cl)ccc(Cl)c3)n3c4ccccc4ccc3n2)cc1C(F)(F)F
-26.97    -26.92    -12.02      0.47      c1cccc(CN2CCC(NC(NC(C34CC5CC(CC(C3)C5)C4)=O)=O)CC2)c1
-31.33    -31.37    -16.31      0.47      c1nc(CCN2CC(n3c4ccc(C#N)cc4nc3)C2)cs1
-50.44    -50.40    -35.58      0.46      S(O)(=O)(OC1C(C)(C)C2C(C)(C3C4(CCC2=CC(c2c(O)occ2)C4)CCCC3(CO)O)O1)=O
-30.75    -30.85    -16.15      0.46      c1cc(-c2ccc(OCCO)cc2)cc(OC)c1-n1c(=O)ccc2c1ccc(S(N=c1cc[nH]c(C)n1)(=O)=O)c2
-22.24    -22.34     -7.22      0.47      c12ccccc1C(=O)C(=O)N2Cc1ncccc1
Human-Component   raw_Human-Component
0.4667271375656128   0.4667271375656128   
0.4687332510948181   0.4687332510948181   
0.46947598457336426   0.46947598457336426   
0.46635162830352783   0.46635162830352783   
0.4651590585708618   0.4651590585708618   
0.46537500619888306   0.46537500619888306   
0.4706418812274933   0.4706418812274933   
0.46306097507476807   0.46306097507476807   
0.45926064252853394   0.45926064252853394   
0.4725596308708191   0.4725596308708191   

13:58:07: local_reinforcement_logger.timestep_report +41: INFO     
 Step 3   Fraction valid SMILES: 100.0   Score: 0.4643   Time elapsed: 2   Time left: 23.5
  Agent     Prior     Target     Score     SMILES
-34.27    -34.20    -19.45      0.46      c1c(N=c2[nH]cnc3cc4c(cc23)N(C(=O)NC2CCN(C)CC2)CCO4)ccc(N2CCOCC2)c1
-22.62    -22.63     -7.66      0.47      c1ccc(C2=C(c3cnccc3)C(=O)OC2(O)C)cc1
-35.77    -35.93    -20.92      0.47      C(C=Cc1ccc(N)c(CNC(C(C)(C)C)=O)c1)#C
-26.83    -26.94    -11.90      0.47      c1c(Cl)ccc(-c2nc(=O)c3c(sc4c3CC(CC)CC4)[nH]2)c1
-30.88    -30.91    -16.00      0.47      c12ccccc1C(C(OCCCCN(C)C)=O)=C(c1ccccc1Cl)C2
-27.39    -27.42    -12.30      0.47      c1cc2c(cc1)NC1(CCN(CC(C)C)CC1)Nc1c-2cccc1
-34.79    -34.78    -19.89      0.47      c1c(CCN(C)C)c2c(ccc(-c3ccc(Cl)cc3)c2)n1Cc1ccc[nH]c1=N
-30.99    -30.88    -15.92      0.47      c1(C(F)(F)F)c(F)ccc(-c2c[nH]c(=N)c(-c3nc4c(cc(F)c(F)c4)[nH]3)c2)c1
-44.72    -44.37    -29.42      0.47      C12N(C)CCc3cc(CN4CCN(Cc5c(OC)cc(OC)cc5)CC4)c(O)c(c31)N(CC#C)C2
-29.66    -29.71    -14.80      0.47      c1(C)ccc(C(Nc2cc(C(Nc3ccccc3C#N)=O)ccc2F)=O)cc1
Human-Component   raw_Human-Component
0.4608917236328125   0.4608917236328125   
0.46780717372894287   0.46780717372894287   
0.46914809942245483   0.46914809942245483   
0.46999573707580566   0.46999573707580566   
0.4657648801803589   0.4657648801803589   
0.4726145565509796   0.4726145565509796   
0.4652995467185974   0.4652995467185974   
0.46746572852134705   0.46746572852134705   
0.4673546254634857   0.4673546254634857   
0.4661750793457031   0.4661750793457031   

13:58:07: local_reinforcement_logger.timestep_report +41: INFO     
 Step 4   Fraction valid SMILES: 93.8   Score: 0.4354   Time elapsed: 3   Time left: 27.6
  Agent     Prior     Target     Score     SMILES
-36.10    -36.24    -21.52      0.46      CN(CCC)C(=O)c1cc(NC(Cc2c(O)nc(N3CCCC3)o2)=O)ccc1C
-33.11    -33.16    -18.24      0.47      c1n(CCN2CCCCC2C)c2c(cc(N=c3[nH]ccc(-c4ccsc4)n3)cc2)c1
-20.92    -20.98     -6.04      0.47      COc1cc2c(cc1)nc(C(=O)O)c(=O)[nH]2
-19.78    -19.72     -4.73      0.47      c1c(N=CCC(c2ccc(C)cc2)=O)ccc(O)c1
-41.92    -41.91    -27.11      0.46      n1(-c2ccc(OCC(=O)O)cc2Br)c2c(cc(F)cc2)c(C)c1-c1ccc(C(C)(C)C)cc1
-27.50    -27.58    -12.75      0.46      c1ccc(Br)cc1Cn1cc(-c2ccc(NC(NCC)=O)cc2)nc1
-28.46    -28.34    -13.50      0.46      O=C1C(c2c3cccnc3[nH]c2)=C2CC(C1)C2(C)C
-29.52    -29.39    -14.46      0.47      O(CN1C(=O)c2cccc3c2c(ccc3)C1=O)CCCN1CCN(Cc2ccc(OC)cc2)CC1
-36.84    -37.14    -22.34      0.46      C(N1CCN(Cc2nc(-c3c4ccccc4ccc3)oc2C)CC1)(=O)c1c2c(ccc1)cc(F)cc2
-35.04    -35.04    -20.20      0.46      C(N1CCN(Cc2n(CCCOC)c(=O)n(CC(NC(CC)C)=O)c(=O)c2)CC1)C
Human-Component   raw_Human-Component
0.45996731519699097   0.45996731519699097   
0.4661700129508972   0.4661700129508972   
0.4668901562690735   0.4668901562690735   
0.468485951423645   0.468485951423645   
0.4627585709095001   0.4627585709095001   
0.46344825625419617   0.46344825625419617   
0.4640355408191681   0.4640355408191681   
0.4667280614376068   0.4667280614376068   
0.46237343549728394   0.46237343549728394   
0.46367889642715454   0.46367889642715454   

13:58:08: local_reinforcement_logger.timestep_report +41: INFO     
 Step 5   Fraction valid SMILES: 100.0   Score: 0.4642   Time elapsed: 4   Time left: 30.0
  Agent     Prior     Target     Score     SMILES
-33.27    -33.41    -18.55      0.46      C1(CCC(=O)O)CCC(C)C(C=CC#Cc2ccc(C(OCC)=O)cc2)O1
-20.96    -21.01     -6.06      0.47      Cc1cc(NC(NC(C)(C)C)=S)c(C)cc1
-38.00    -38.02    -23.23      0.46      C(N=c1c2c(n(CC)nc2C)nc(CC2CCCCC2)[nH]1)CC(=O)NCC
-34.45    -34.15    -19.43      0.46      c12c(c[nH]c(=Nc3c(OCC)cc(-c4n5c(nn4)cccc5)cc3)c1)n(C)c(=O)n2-c1cccc(C(F)(F)F)c1
-27.71    -27.67    -12.81      0.46      FC(F)(F)c1ccnc(N2C3CCN(C(=O)CC)C3CC2)n1
-60.02    -59.83    -45.14      0.46      c1cccc2c3ccc(CNCCNCCNc4c(NN(C)CCCl)c(=O)c5cc(Cl)ccc5o4)cc3n(C)c12
-27.63    -27.56    -12.66      0.47      O=C1OC(c2cccc(Oc3ccccc3)c2)C(CC)C(=O)N1C
-29.59    -29.79    -14.94      0.46      c1sc(=NC(=O)C)[nH]c1CSc1n2cccc(OC)c2nn1
-24.94    -24.83    -10.03      0.46      c1ccc(-n2c3c(c(C)n2)N(CC(NCCN(CC)CC)=O)C(=O)CS3)cc1
-24.45    -24.45     -9.42      0.47      c1(CC#N)cc2n[nH]cc2cc1
Human-Component   raw_Human-Component
0.4642757177352905   0.4642757177352905   
0.4672197997570038   0.4672197997570038   
0.46221649646759033   0.46221649646759033   
0.4601287841796875   0.4601287841796875   
0.46438661217689514   0.46438661217689514   
0.4590436518192291   0.4590436518192291   
0.4656018018722534   0.4656018018722534   
0.46405258774757385   0.46405258774757385   
0.4623437523841858   0.4623437523841858   
0.46970468759536743   0.46970468759536743   

13:58:09: local_reinforcement_logger.timestep_report +41: INFO     
 Step 6   Fraction valid SMILES: 93.8   Score: 0.4356   Time elapsed: 5   Time left: 31.4
  Agent     Prior     Target     Score     SMILES
-24.38    -24.30     -9.34      0.47      C1(C)=CCC(C(=C)COC2C(O)C(O)C(O)C(CO)O2)OC1C
-32.43    -32.08    -17.43      0.46      c1nn(CC(N(c2cc(C)ccc2C)C(c2ccc(O)cc2)C(NCc2occc2)=O)=O)nc1
-23.67    -23.51     -8.59      0.47      c1c(N2CCN(CCC(=O)Nc3c(C(C)=O)cc4c(c3)OCO4)CC2)cccc1
-32.03    -31.96    -17.12      0.46      CC(C)n1c(C(Nc2c(Cl)cc(Cl)c(OC(F)(F)F)c2)=O)cc(C)n1
-29.07    -29.29    -14.31      0.47      c1(CSc2ccccc2OC)[nH]c2c(cc(C(=O)N)cc2)n1
-41.02    -41.03    -26.30      0.46      O=C1Nc2ccc(Cl)cc2C1(c1ccc(Cl)cc1)OCC1(C)C(C(OC)=O)C2CCC1N2C
-16.65    -16.74     -1.56      0.47      c1ccc(OCC(=O)O)cc1
-30.68    -30.75    -15.72      0.47      O=C(c1ccc(C(=N)N)cc1)N(CC(N(CCc1ccccc1)CC(=O)O)=O)CC(=O)O
-26.09    -26.07    -11.15      0.47      C(NC(Cc1c2c(cccc2)[nH]c1)C(O)=O)(=O)c1cc2ccccc2cc1N
-28.75    -28.64    -13.73      0.47      c1(-c2cc(OC(NCc3ccccc3)=S)ccc2)ccc(C)cc1
Human-Component   raw_Human-Component
0.4675736427307129   0.4675736427307129   
0.45806586742401123   0.45806586742401123   
0.466280072927475   0.466280072927475   
0.46379220485687256   0.46379220485687256   
0.46811366081237793   0.46811366081237793   
0.46017593145370483   0.46017593145370483   
0.47435232996940613   0.47435232996940613   
0.4696637690067291   0.4696637690067291   
0.4663749635219574   0.4663749635219574   
0.4657861888408661   0.4657861888408661   

13:58:09: local_reinforcement_logger.timestep_report +41: INFO     
 Step 7   Fraction valid SMILES: 93.8   Score: 0.4356   Time elapsed: 5   Time left: 26.9
  Agent     Prior     Target     Score     SMILES
-34.31    -34.08    -19.18      0.47      C1C2(N(Cc3cccnc3)C(=O)CC3C2CCN3Cc2cnccc2)CCC1
-21.13    -21.04     -6.13      0.47      c1c(-c2nc(C)c(-c3nnc(-c4ccc(Cl)cc4)o3)o2)cccc1
-43.62    -43.59    -43.59      0.00      C(C(=O)C1CCCN1)N1CCC=C(C2CC(C)=C(C)C(=O)O2)(C)C1=O
-22.66    -22.64     -7.61      0.47      Oc1c(C)ccc(CCc2cccc(O)c2)c1
-30.08    -30.00    -14.86      0.47      C1CN(CC(F)=C2CCC2)c2ccccc2CC1
-24.19    -23.96     -8.99      0.47      Clc1c(Cl)c(N2C(=O)CCC(c3ccc(OC)cc3)=N2)ccc1
-27.72    -27.70    -12.89      0.46      C1C(C)(C)CC2=C(C(=O)C1)CCC1=C2OC(=N)C(C#N)C1c1cccc([N+](=O)[O-])c1
-55.90    -55.86    -41.04      0.46      c1(C#N)ccc2c(c1)C(OCCc1cccc(OCCN(CC)CC)c1)C(C)(c1ccc(C#N)cc1F)N2CC
-24.90    -24.88    -10.22      0.46      C(Nc1c(OCC)cccc1)(=O)C1CCN(S(=O)(c2c(C)noc2C=Cc2occc2)=O)CC1
-36.19    -36.04    -21.23      0.46      c1(F)cc(-c2sc3c(c2)n(CC)c(=O)n(-c2ccc(C)cc2)c3=O)ccc1
Human-Component   raw_Human-Component
0.4657715857028961   0.4657715857028961   
0.46611011028289795   0.46611011028289795   
0.0   0.0   
0.4697651267051697   0.4697651267051697   
0.4731213450431824   0.4731213450431824   
0.4680200517177582   0.4680200517177582   
0.4627911448478699   0.4627911448478699   
0.46325236558914185   0.46325236558914185   
0.4580160677433014   0.4580160677433014   
0.46261343359947205   0.46261343359947205   

13:58:10: local_reinforcement_logger.timestep_report +41: INFO     
 Step 8   Fraction valid SMILES: 96.9   Score: 0.4519   Time elapsed: 6   Time left: 28.0
  Agent     Prior     Target     Score     SMILES
-19.08    -19.18     -4.20      0.47      C(Sc1ccccc1)C(NC1CCCC1)=O
-24.84    -25.03     -9.93      0.47      C1C(c2nc(CN3CC(CC)OCC3)on2)CC1
-35.42    -35.16    -20.22      0.47      N#CSc1ccc(N2C(C[N+](=O)[O-])N(CC)CC2)cc1
-29.24    -29.13    -14.42      0.46      NC1CN(c2n(Cc3c(C#N)cccc3)c(=O)c(C(NCc3ccc(Cl)cc3)=O)cc2Cl)CCCC1
-24.19    -24.28     -9.35      0.47      C1(NC(c2ccc(OC(F)(F)F)cc2)=O)CCOc2ccccc21
-41.12    -41.20    -41.20      0.00      Cn1c(=O)c2c(=Cc3c4c(ccc(Cl)c4)[nH]c3)c(SC)nn2c(SC)n1
-22.58    -22.63     -7.72      0.47      c1cccc(CCNC(=O)Cn2nc3c(c2)CC(C)CC3)n1
-30.99    -31.02    -16.10      0.47      C1CC(Oc2ncccc2CNC(C(c2ccc(OC(C)C)cc2)C)=O)CCC1
-23.46    -23.45     -8.58      0.46      n1cccc2cccc(C=CC(c3cc(OC)c(OC)cc3)=O)c12
-20.05    -19.96     -4.94      0.47      c12c(n(C3C(O)C(O)C(CO)O3)c(SC)n1)cc(Cl)c(Cl)c2
Human-Component   raw_Human-Component
0.4681430757045746   0.4681430757045746   
0.4717053472995758   0.4717053472995758   
0.46699944138526917   0.46699944138526917   
0.45977482199668884   0.45977482199668884   
0.46678784489631653   0.46678784489631653   
0.0   0.0   
0.4656633734703064   0.4656633734703064   
0.4660816192626953   0.4660816192626953   
0.4648820161819458   0.4648820161819458   
0.4695005714893341   0.4695005714893341   

13:58:11: local_reinforcement_logger.timestep_report +41: INFO     
 Step 9   Fraction valid SMILES: 100.0   Score: 0.4650   Time elapsed: 7   Time left: 28.7
  Agent     Prior     Target     Score     SMILES
-32.12    -32.26    -17.50      0.46      C(C)N(CCNC(c1cc2c(cc1OCCC)-c1[nH]nc(-c3ccc(C#N)cc3)c1C2)=O)CC
-26.61    -26.72    -11.80      0.47      N(Cc1c(Cl)cc(Cl)cc1)C(C1CN(Cc2ccc3c(c2)OCO3)CCC1)=O
-23.76    -23.77     -8.89      0.46      c1(NC(=O)c2cc3n[nH]c(-c4nc5c(cccc5)[nH]4)c3cc2)ccccc1F
-21.06    -21.16     -6.14      0.47      CNC(Oc1cc(C)c(Cl)cc1Cl)=O
-28.60    -28.59    -13.88      0.46      c1(C#N)nc(N(N2CCOCC2)C)c2ncn(Cc3ccc([N+]([O-])=O)cc3)c2n1
-24.42    -24.47     -9.41      0.47      C1(CN2CCN(Cc3ccccc3OCC)CC2)Oc2c(cccc2)OC1
-32.04    -32.05    -17.13      0.47      Cc1c[nH]c(=NCCc2ncn(C)c2)nc1N=c1c(Cl)cc(Cl)c[nH]1
-23.85    -23.73     -8.73      0.47      C1CCC(NCC(O)COc2ccc(=N)[nH]c2)CCC1
-22.73    -22.71     -7.96      0.46      C1(SCc2ccccc2)=NCC2c3c(O)n(Cc4ccccc4)c(O)c3C(c3ccc(C)cc3)N12
-33.03    -33.18    -18.35      0.46      C1CN(c2cc3c([nH]cc3C(C(=O)N3CCC(Cc4ccccc4F)CC3)=O)cc2)CCC1
Human-Component   raw_Human-Component
0.46119725704193115   0.46119725704193115   
0.4664197564125061   0.4664197564125061   
0.46496713161468506   0.46496713161468506   
0.46925410628318787   0.46925410628318787   
0.459740549325943   0.459740549325943   
0.47058919072151184   0.47058919072151184   
0.4662577509880066   0.4662577509880066   
0.46856191754341125   0.46856191754341125   
0.46084004640579224   0.46084004640579224   
0.4634496867656708   0.4634496867656708   

13:58:12: local_reinforcement_logger.log_message +32: INFO     Resetting Agent
13:58:12: local_reinforcement_logger.log_message +32: INFO     Adjusting sigma to: 82
13:58:12: local_reinforcement_logger.timestep_report +41: INFO     
 Step 10   Fraction valid SMILES: 100.0   Score: 0.4645   Time elapsed: 7   Time left: 25.5
  Agent     Prior     Target     Score     SMILES
-33.47    -33.48    -18.88      0.46      C(c1ccc2[nH]c(-c3c(=O)[nH]ccc3NCC(O)c3cc(Cl)ccc3)nc2c1)(=O)Nc1csc(N2CCCCC2)n1
-33.11    -33.27    -18.53      0.46      o1c(-c2cccc(OC)c2)cc(C(NC(Cc2ccccc2)C(O)CNCc2cccc(OC)c2)O)n1
-19.11    -18.98     -3.91      0.47      O=C(C=C1c2ccccc2CC1)O
-38.79    -39.44    -24.64      0.46      C(C1CCCCN1C(C1=CCCN1C(OC)=O)=O)CCCN1CC(C)C(C)(c2cccc(O)c2)CC1
-30.01    -30.14    -15.17      0.47      c1(C=O)c(CCOc2ccc(Cc3occc3)cc2)cccc1
-43.47    -44.07    -29.22      0.46      Fc1ccc(C2CC(C)(CC#N)C(=O)N=C2)cc1-c1ccc(C(=O)NCCC(O)(C)C)cc1
-23.73    -23.70     -8.91      0.46      O=C(NCC1OC(=O)N(c2cc(F)c(N3C(=O)CC(C)(C)CC3)cc2)C1)C
-33.19    -32.74    -17.90      0.46      n12nc(C)cc1nc(C)c1c2n(-c2c(F)cc(CC)cc2)nc1C
-31.81    -31.88    -17.18      0.46      C(C)Oc1cc(NC(=O)CSc2n(-c3ccc(C)cc3)c(-c3cc(OC)cc(OC)c3)nn2)c(OCC)cc1
-21.89    -21.86     -6.94      0.47      COc1c(OC)cc(-c2c(O)c(=O)c3ccccc3o2)cc1O
Human-Component   raw_Human-Component
0.4563932418823242   0.4563932418823242   
0.46061328053474426   0.46061328053474426   
0.47108352184295654   0.47108352184295654   
0.4625098705291748   0.4625098705291748   
0.4678707420825958   0.4678707420825958   
0.4642464220523834   0.4642464220523834   
0.46229809522628784   0.46229809522628784   
0.463823139667511   0.463823139667511   
0.45940548181533813   0.45940548181533813   
0.4661964178085327   0.4661964178085327   

13:58:13: local_reinforcement_logger.timestep_report +41: INFO     
 Step 11   Fraction valid SMILES: 100.0   Score: 0.4645   Time elapsed: 9   Time left: 29.2
  Agent     Prior     Target     Score     SMILES
-32.15    -32.15      5.65      0.46      C1COCCN1c1nc(=Nc2nc(CN(C)C)ccc2)nc(-n2nc(C)cc2C)[nH]1
-23.20    -23.20     14.63      0.46      C1CN(C(=O)c2n(C)cc(S(=O)(N3CCCCCC3)=O)c2)CCC1Cc1ccccc1
-33.00    -33.00      5.25      0.47      S(=O)(N1Cc2c(nc3c(c(N4CCC(C(O)=O)CC4)nc(C)n3)n2)CC1)(=O)c1ccc(C)cc1
-31.29    -31.29      7.23      0.47      C1(C)(C)N(Cc2ccc(-c3[nH]c(=N)ccc3)cc2)C(=S)NC1=O
-31.92    -31.92      6.12      0.46      C(NC1N=C(c2ccccc2)c2ccccc2N1)(Nc1c(OC)c(OC)ccc1)=O
-31.68    -31.68      6.21      0.46      C1CC(N2C(=O)C3(CN(C(Nc4c(F)ccc(F)c4)=O)CCC3)CC2)CCO1
-40.14    -40.14     -1.95      0.47      C(CCCCCCCCc1c(-n2c(C(=O)CCCC)c3ccccc3n2)cccc1)CCCC
-30.81    -30.81      6.67      0.46      c1(-c2nc(=Nc3ccc(C(N=c4[nH]ccs4)=O)cc3)[nH]cc2Cl)n2ccccc2nc1
-17.27    -17.27     22.05      0.48      CC1=C(C)CCC1=O
-27.97    -27.97     10.36      0.47      N(C(c1c[nH]c(O)c1)O)Cc1c(N2CCC(C)CC2)nc(C(C)(C)C)cc1
Human-Component   raw_Human-Component
0.46099650859832764   0.46099650859832764   
0.4613747000694275   0.4613747000694275   
0.466516375541687   0.466516375541687   
0.46979254484176636   0.46979254484176636   
0.4638298749923706   0.4638298749923706   
0.46210190653800964   0.46210190653800964   
0.4657212197780609   0.4657212197780609   
0.4570901393890381   0.4570901393890381   
0.4795711636543274   0.4795711636543274   
0.46743452548980713   0.46743452548980713   

13:58:14: local_reinforcement_logger.timestep_report +41: INFO     
 Step 12   Fraction valid SMILES: 100.0   Score: 0.4660   Time elapsed: 10   Time left: 29.2
  Agent     Prior     Target     Score     SMILES
-23.42    -23.43     14.82      0.47      c1(F)ccc(-c2ccccc2)c(C=CC2CC(O)CC(=O)O2)c1
-21.07    -21.10     17.45      0.47      c1cccc(C)c1-c1nc2c(C)cccc2[nH]1
-22.26    -22.24     16.74      0.48      c1[nH]cc(C#CC2=CCCCC2)n1
-27.52    -27.37     10.55      0.46      c1(=Nc2c(Cl)cccc2)cc(C2CC2)c(C(=O)NCC2CCCC2)c[nH]1
-26.55    -26.49     11.95      0.47      c1cc(C(N)=O)ccc1NC(=O)c1cc(C(O)=O)cc(C(=O)O)c1
-23.19    -23.25     14.57      0.46      c1(NC(c2sccc2)=O)cc(S(=O)(=O)Nc2c(OC)cccc2)c(N2CCCC2)cc1
-24.22    -24.24     14.32      0.47      c1(OCC)c(OC)cc(C2=NNC(c3ccc(N4CCCCC4)cc3)C2)cc1
-30.73    -30.76      7.24      0.46      c1ccc(-c2nc3ccc(-n4cnnc4)cc3c(N3CCCCC3)c2)cc1C#N
-59.34    -59.32    -21.56      0.46      O=C(OC1C(O)C2(CC)C(OC(Cc3ccccc3)=O)C(OC(=O)c3ccccc3)C3(OC)C4C(OC)C(C(OC)C2OC)C3C1(COC)C(O)CC4)C
-23.48    -23.46     14.78      0.47      c1(-c2ccc(Cl)cc2)[nH]c(=NN=Cc2cc(Br)c(Br)o2)sc1
Human-Component   raw_Human-Component
0.4665258526802063   0.4665258526802063   
0.4701121151447296   0.4701121151447296   
0.47540631890296936   0.47540631890296936   
0.46247896552085876   0.46247896552085876   
0.4687730669975281   0.4687730669975281   
0.46122920513153076   0.46122920513153076   
0.4702393412590027   0.4702393412590027   
0.46334323287010193   0.46334323287010193   
0.46053346991539   0.46053346991539   
0.46639859676361084   0.46639859676361084   

13:58:15: local_reinforcement_logger.timestep_report +41: INFO     
 Step 13   Fraction valid SMILES: 100.0   Score: 0.4645   Time elapsed: 10   Time left: 26.4
  Agent     Prior     Target     Score     SMILES
-24.22    -24.28     13.91      0.47      CSc1ccc(C=C2C=C(Cc3ccc([N+]([O-])=O)cc3)C(=O)O2)cc1
-32.83    -32.88      5.07      0.46      c1c(C2CC3C4CC=C(C#N)C4(C)CCC3C3(C)C2=CC(=O)CC3)cccc1[N+](=O)[O-]
-20.54    -20.51     17.11      0.46      n1(Cc2ccc(-c3ccccc3-c3n[nH]nn3)cc2)c(CCCC)nc2c1C(=O)CCC2
-21.95    -22.21     16.39      0.47      C1CCC(C)N(CCc2ccc(-c3[nH]c(=N)ccc3)cc2)C1
-32.28    -32.26      5.74      0.46      O=C(COc1ccccc1C)N1CCCN(C(=O)CCC(OC)=O)CC1
-36.43    -36.40      1.87      0.47      c1(O)cc(C2COc3c4c(ccc(OC)c4)[nH]c(=O)c3C2OC)ccc1
-41.46    -41.46     -3.40      0.46      c12c(SCc3c(OCC[N+](CC)(CC)CC)c(CC)ccc3)ccnc1ccc(Cl)c2
-20.75    -20.78     17.40      0.47      C(=NN=c1[nH]c(N2CCOCC2)nc(=Nc2ccccc2)[nH]1)c1cc(O)c(O)cc1
-22.98    -23.05     15.43      0.47      C(C(O)CN1CCC(c2ccc(Cl)cc2)(O)CC1)CC(C)C
-41.76    -41.66     -3.83      0.46      c1c(COc2c(OC)cc(Cn3cc4nc([S+]([O-])Cc5ccccc5N)n(Cc5ccccc5)c4c3)cc2)cccc1
Human-Component   raw_Human-Component
0.4657798707485199   0.4657798707485199   
0.46285054087638855   0.46285054087638855   
0.4588174521923065   0.4588174521923065   
0.47065815329551697   0.47065815329551697   
0.4634365141391754   0.4634365141391754   
0.4667056202888489   0.4667056202888489   
0.4641193449497223   0.4641193449497223   
0.46559736132621765   0.46559736132621765   
0.4692938029766083   0.4692938029766083   
0.46143263578414917   0.46143263578414917   

13:58:16: local_reinforcement_logger.timestep_report +41: INFO     
 Step 14   Fraction valid SMILES: 96.9   Score: 0.4502   Time elapsed: 12   Time left: 28.8
  Agent     Prior     Target     Score     SMILES
-27.02    -26.93     11.21      0.47      c1ccnc(CNS(=O)(CCCn2c(O)c3c(c2O)C2C=CC3C2)=O)c1
-29.33    -29.28      8.82      0.46      c1cccc(C(c2ccccc2)(c2ccccc2)NCCCn2cc([N+](=O)[O-])nc2)n1
-35.32    -35.27      2.75      0.46      c1c(C(C(C)C)=O)ccc(C(O)c2cc(C)nn2-c2ccc(S(=O)(=O)C)cc2)c1
-31.84    -31.85      6.37      0.47      N(N=C(N)N)=Cc1ccc(OS(=O)(c2ccc(C)cc2C(=NO)O)=O)cc1
-16.38    -16.36     21.83      0.47      c12c(cc3c(c1)C(c1cc(OC)c(OC)c(OC)c1)CC(=O)N3)OCO2
-25.74    -25.76     12.59      0.47      c1(=Nc2c(Br)cc(C)cc2Br)[nH][nH]c(-c2ccc(O)cc2)c1
-25.13    -25.12     12.97      0.46      c1(-c2c(SCC(=O)N=c3sc(C)c[nH]3)[nH]c(-c3ccc(OC)cc3)n2)ccccc1
-52.51    -52.28    -14.09      0.47      C(C)(C)(C(C(NCC(C(O)=O)NC(C(CCC(=O)O)N)=O)=O)NC(=O)C(NC(=O)C(CC(O)=O)NC(C(NC(=O)C)CC(=O)O)=O)CC(O)=O)C
-33.28    -33.25      4.66      0.46      c12nc(-c3c(F)c(OC)ccc3F)cnc1[nH]c(=N)c(=NC(C)C)[nH]2
-39.87    -39.88     -2.06      0.46      C(CC(OC(=O)c1cc(O)c2c(O)c3c(c(O)c2c1O)cccc3)C)N1C(=O)C(Cc2ccc(O)cc2)NC1=O
Human-Component   raw_Human-Component
0.46514013409614563   0.46514013409614563   
0.4645441472530365   0.4645441472530365   
0.46368658542633057   0.46368658542633057   
0.46605730056762695   0.46605730056762695   
0.4657665193080902   0.4657665193080902   
0.46779415011405945   0.46779415011405945   
0.46448394656181335   0.46448394656181335   
0.46579912304878235   0.46579912304878235   
0.46240687370300293   0.46240687370300293   
0.4612148106098175   0.4612148106098175   

13:58:17: local_reinforcement_logger.timestep_report +41: INFO     
 Step 15   Fraction valid SMILES: 100.0   Score: 0.4656   Time elapsed: 13   Time left: 28.4
  Agent     Prior     Target     Score     SMILES
-34.04    -34.18      4.10      0.47      Cc1c(Br)c(C)cc(OC)c1C1=NNC(=O)C(c2cc(OC)c(OC)c(OC)c2)C1
-28.07    -28.04      9.88      0.46      c1(COC2C3C(NC2=O)COC(c2ccc(C)cc2)OC3)ccccc1
-33.61    -33.60      4.50      0.46      c1(F)cccc(NC(NC2(Cc3ccc(F)cc3)CC2)=O)c1OC
-26.09    -26.29     12.11      0.47      C1CCCC1NS(c1cc(C(C)C)c(C)s1)(=O)=O
-35.38    -35.36      2.97      0.47      c1ccc2c(c1)OC(OC1CCC11COC(=N)N1)C2
-32.85    -33.00      5.61      0.47      C1C(c2cc(F)c3c(c2)nc(C2CC2)[nH]3)CCN(CC(O)=NO)C1
-48.25    -48.52    -10.31      0.47      C1CCC(N2CCc3c(cc(OC)c(S(N(c4ccc(OS(=O)(=O)N)cc4)CCC)C)c3)CC2)C1
-32.55    -32.52      5.18      0.46      N12C(C(=O)Nc3cccc(C(OC(C)C)=O)c3)CCC1C(=O)Nc1c(cccc1)C2=O
-24.11    -24.25     14.06      0.47      c1(NC(OCC)=O)ccc(NC(CCN2CCN(C)CC2)=O)cc1
-27.68    -27.67     10.52      0.47      C1CCC(n2c3c(c(=N)nc[nH]3)c(-c3n(C)c(C#N)cc3)n2)C1
Human-Component   raw_Human-Component
0.466829776763916   0.466829776763916   
0.46246275305747986   0.46246275305747986   
0.4646861255168915   0.4646861255168915   
0.4682067334651947   0.4682067334651947   
0.4674857258796692   0.4674857258796692   
0.4707832336425781   0.4707832336425781   
0.4660203754901886   0.4660203754901886   
0.45970526337623596   0.45970526337623596   
0.4671856462955475   0.4671856462955475   
0.46581074595451355   0.46581074595451355   

13:58:18: local_reinforcement_logger.timestep_report +41: INFO     
 Step 16   Fraction valid SMILES: 96.9   Score: 0.4506   Time elapsed: 14   Time left: 28.0
  Agent     Prior     Target     Score     SMILES
-21.10    -21.18     17.18      0.47      O=C(c1c[nH]c(SC)nc1=N)Nc1ccccc1
-27.21    -27.22     11.06      0.47      c1c(CC(CC)c2nnc(-c3ccccc3)o2)ccc(SC)c1
-23.14    -23.38     14.60      0.46      C1C2C(CC2)C(C=Cc2ncc(-c3cccc(F)c3)cc2)C2C1C(C)OC2=O
-34.60    -34.65      3.18      0.46      C(OCC)(=O)c1c2[nH]c3c(ccc(C#N)c3)c2cc(C(CN(CC)CC)O)c1
-30.80    -30.87      6.97      0.46      c1cc(COc2cc(-n3cnc4cccnc34)sc2C(=O)OC)ccc1C
-24.86    -24.92     13.55      0.47      c1ccnc2c1cccc2S(=O)(=O)N1CCC(Oc2cccnc2)CC1
-27.28    -27.34     10.89      0.47      C1(n2nc(C)c3c2sc(C(N(C)Cc2sccn2)=O)c3C)CC1
-20.18    -20.14     18.22      0.47      O=c1oc(-c2ccccc2)cc(N2CCOCC2)c1C#N
-17.30    -17.41     21.00      0.47      c1c(OC)c(OC)ccc1C=CC(O)=O
-23.62    -23.80     14.29      0.46      C1CCCN1Cc1ccc(C(=O)Nc2cc(C)ccc2OC)o1
Human-Component   raw_Human-Component
0.4678308665752411   0.4678308665752411   
0.4668610692024231   0.4668610692024231   
0.4631721079349518   0.4631721079349518   
0.4612601399421692   0.4612601399421692   
0.4614747166633606   0.4614747166633606   
0.469061940908432   0.469061940908432   
0.46617767214775085   0.46617767214775085   
0.4677468240261078   0.4677468240261078   
0.46840813755989075   0.46840813755989075   
0.46457892656326294   0.46457892656326294   

13:58:19: local_reinforcement_logger.timestep_report +41: INFO     
 Step 17   Fraction valid SMILES: 100.0   Score: 0.4644   Time elapsed: 15   Time left: 27.5
  Agent     Prior     Target     Score     SMILES
-41.28    -41.04     -3.31      0.46      C(COc1c2ccccc2ccc1)(OC(=O)CNC(=O)c1ccc(C(N)=N)cc1)C(=O)N1CCC2(CC1)CCCC2
-26.40    -26.48     12.01      0.47      c1(S(=O)(NC(C)CF)=O)ccc(Cl)cc1
-16.39    -16.63     22.83      0.48      C(CCCCCCCCCCCCCC)CO
-38.64    -38.87     -0.87      0.46      c1(C)ccc(C[S+](c2nc(=N)c(C#N)c(-c3ccc(C(N(C)C)=O)o3)[nH]2)[O-])cc1
-54.57    -54.70    -16.91      0.46      c1c(-c2oc(=O)c3cc(C#CC4CC4)nc(-c4c(-c5ccc(F)cc5)n(C)nc4)c3n2)ccc(O)c1
-34.90    -34.79      3.11      0.46      N(=c1[nH]cnc2c1ncn2C=Cc1cnccc1)Cc1cc2ccccc2cc1
-26.68    -26.94     11.31      0.47      [nH]1c(=N)[nH]c2nc(CCCCc3ccccc3)nc(C)c2c1=N
-24.07    -24.03     14.11      0.47      c1(C2=NN(C(COC(=O)C)=O)C(c3ccc(OC)cc3)C2)ccccc1OC
-43.36    -43.46     -5.88      0.46      C(CCC)C1(CC)CS(=O)(=O)c2c(cc(NC(=O)c3ccc(OC)cc3)c(N(C(C)=O)CCC)c2)C1CC(=O)OC
-25.03    -24.88     13.37      0.47      c1c(-c2cc(Cl)cc(Cl)c2)ccc(NC(=O)C(CO)(N)C)c1
Human-Component   raw_Human-Component
0.4600633680820465   0.4600633680820465   
0.4693793058395386   0.4693793058395386   
0.4812719225883484   0.4812719225883484   
0.4633947014808655   0.4633947014808655   
0.46085894107818604   0.46085894107818604   
0.46219712495803833   0.46219712495803833   
0.4665023386478424   0.4665023386478424   
0.4651637673377991   0.4651637673377991   
0.45823681354522705   0.45823681354522705   
0.4665139615535736   0.4665139615535736   

13:58:20: local_reinforcement_logger.timestep_report +41: INFO     
 Step 18   Fraction valid SMILES: 100.0   Score: 0.4666   Time elapsed: 16   Time left: 26.9
  Agent     Prior     Target     Score     SMILES
-31.51    -31.38      7.37      0.47      C(#Cc1cnc2c(c1)cc[nH]2)c1cc(Br)c(F)cc1
-39.16    -38.56     -1.28      0.45      O=C(Cn1c2nc3ccccc3cc2c(=O)n1-c1ccccc1Cl)N(c1ccc(NC(=O)C)cc1)CC(=O)NC1CCCCC1
-22.32    -22.34     16.51      0.47      c1coc(C(O)=NO)c1C
-26.81    -27.01     11.62      0.47      C1C(COc2cc(Cl)ccc2)Oc2ncccc21
-33.89    -33.83      4.48      0.47      N1(C(C2N(C(c3cccnc3)=O)CC(c3ccc(Cl)cc3)N2)=O)CCCCC1
-24.61    -24.69     13.88      0.47      c12c(cccc1)C(=CC#N)c1ccccc1C[N+]2(C)C
-33.24    -33.70      4.54      0.47      C1=Cc2c(ccc(NC(NC(Nc3ccccc3)=O)=O)c2)NC1=O
-20.30    -20.37     17.87      0.47      O=C(C=C)Nc1c(OCCN2CCCCC2)c(OC)c2occc2c1OC
-36.92    -36.41      2.20      0.47      c1c(Oc2cc3[nH]ccc(=NC4CCN(S(=O)(=O)CCN5CCCC5)CCC4)c3cc2)ccc(F)c1
-19.46    -19.45     19.04      0.47      c12oc(=O)[nH]c1ccc(C(O)=O)c2
Human-Component   raw_Human-Component
0.47257229685783386   0.47257229685783386   
0.4546773433685303   0.4546773433685303   
0.4738380014896393   0.4738380014896393   
0.47105035185813904   0.47105035185813904   
0.4671686291694641   0.4671686291694641   
0.4703701138496399   0.4703701138496399   
0.4663401246070862   0.4663401246070862   
0.46637946367263794   0.46637946367263794   
0.4708852469921112   0.4708852469921112   
0.4694151282310486   0.4694151282310486   

13:58:21: local_reinforcement_logger.timestep_report +41: INFO     
 Step 19   Fraction valid SMILES: 96.9   Score: 0.4492   Time elapsed: 17   Time left: 26.4
  Agent     Prior     Target     Score     SMILES
-21.15    -21.35     17.34      0.47      C1=C(CCNC(c2ccc(N3CCCCC3)cc2)=O)CCCC1
-32.97    -32.72      5.49      0.47      c1c(Cl)cc(N(C2CCN(CC3C(c4ccc(F)cc4)CN(C(C4CCCC4)C(O)=O)C3)CC2)C)cc1
-27.10    -26.92     10.89      0.46      c12ncc(-c3cn(C)nc3)nc1cc(N(c1cc(C(NC)=O)cc(F)c1)CCC(F)(F)F)cc2
-27.56    -27.75     10.89      0.47      C1C2CC3CC(C24OC2(CCC(CNC)=CC2)OO4)CC1C3
-41.85    -41.98     -3.96      0.46      c1cc(F)ccc1C(C)NC(c1cc(C(=O)O)c(CNC(=O)Nc2ccc(=O)n(C)c2)cc1)=O
-26.78    -26.64     11.56      0.47      C(Cc1cc(OC)c(OC)c(OC)c1)C(=O)c1ccccc1OCC(CN(CCC)CCC)O
-48.79    -48.64    -48.64      0.00      c1(C=CC(NCCCCNC(=O)Cn2c3c(c4c(cc([N+]([O-])=O)cc4)n3C)nc3c2cccc3)=O)ccc(O)cc1
-20.65    -20.52     17.56      0.46      Cc1ccc(C(=O)NC(=S)Nc2c(N3CCOCC3)cccc2)cc1
-29.79    -29.81      8.21      0.46      c1c(C(c2ccc(OC)cc2)c2sc(CCC)c(CC)n2)cc(OC)c(OC)c1OC
-56.78    -56.64    -18.86      0.46      c1(=NCC)[nH]c2c(nc1N1CCN(C)CC1)ccc(C=CC(Nc1cccc(F)c1-c1sc(C(O)=O)c(C(N)=O)n1)=O)c2
Human-Component   raw_Human-Component
0.4718013405799866   0.4718013405799866   
0.4659876823425293   0.4659876823425293   
0.4612124562263489   0.4612124562263489   
0.47116366028785706   0.47116366028785706   
0.46368250250816345   0.46368250250816345   
0.4658355414867401   0.4658355414867401   
0.0   0.0   
0.4644036293029785   0.4644036293029785   
0.4636854827404022   0.4636854827404022   
0.46064141392707825   0.46064141392707825   

13:58:22: local_reinforcement_logger.timestep_report +41: INFO     
 Step 20   Fraction valid SMILES: 100.0   Score: 0.4664   Time elapsed: 18   Time left: 25.7
  Agent     Prior     Target     Score     SMILES
-29.49    -29.22      8.60      0.46      c1c(CN2C(=O)N(CC(=O)N3CCN(c4ncccn4)CC3)CC2)ccc(OC)c1F
-23.31    -23.32     14.63      0.46      c1ccc2c(c1)c(=O)n(CCC)nc2C(NCCN1CCOCC1)=O
-25.06    -25.13     13.53      0.47      C1N(c2ccc(F)cc2)CCN(c2c(C#N)nc(Cc3ccco3)o2)C1
-20.13    -20.56     17.93      0.47      CC(C)=CCCC1(C)CCc2c(cccc2)O1
-23.35    -23.42     15.04      0.47      C(c1c(C(=O)OC)cccc1)=CC(=O)OC
-26.54    -26.69     11.19      0.46      s1c(NC(Nc2ccc(C)cc2)=S)c(C(=O)OCC)c2c1nccc2
-22.88    -22.78     15.89      0.47      c1c2c([nH]c1-c1cnc3ccccc3c1)cccc2
-36.27    -35.94      2.10      0.46      C(=c1sc(=Cc2[n+](Cc3ccccc3)cccc2)n(Cc2cc(C(O)=O)ccc2)c1=O)c1ccc(O)cc1
-40.30    -40.12     -2.59      0.46      C(CCCCC)CCCCCCCCCC[S+](CC(=O)C(C(COC1OC(CO)C(O)C(O)C1O)NC(CCc1ccccc1)=O)[O-])C(=O)O
-30.73    -30.76      7.42      0.47      S=C(Nc1c(Cl)cc(SC#N)cc1)N1CCN(c2ncccn2)CC1
Human-Component   raw_Human-Component
0.46114057302474976   0.46114057302474976   
0.4627849757671356   0.4627849757671356   
0.47140878438949585   0.47140878438949585   
0.46939295530319214   0.46939295530319214   
0.46900224685668945   0.46900224685668945   
0.4619894325733185   0.4619894325733185   
0.47163325548171997   0.47163325548171997   
0.4638206362724304   0.4638206362724304   
0.45763885974884033   0.45763885974884033   
0.46554091572761536   0.46554091572761536   

13:58:23: local_reinforcement_logger.timestep_report +41: INFO     
 Step 21   Fraction valid SMILES: 100.0   Score: 0.4663   Time elapsed: 19   Time left: 25.0
  Agent     Prior     Target     Score     SMILES
-20.41    -20.34     17.76      0.46      c1cc(S(=O)(NC(=NC)N2N=C(c3ccc(Cl)cc3)C(c3ccccc3)C2)=O)ccc1F
-24.13    -24.29     13.59      0.46      COc1cc(-c2nnc3ccc(SCC(NC4CCCC4)=O)nn32)ccc1OC
-20.16    -20.29     18.79      0.48      Nc1cc(C)cc(C)c1Cl
-21.82    -21.79     16.16      0.46      c1cc(S(=O)(=O)C)ccc1-c1cc(CC(O)=O)cc2ccc(C)nc21
-46.18    -46.09     -8.33      0.46      c1(-n2cncn2)c(Cl)cncc1N=c1[nH]sc(=NC(Nc2ccc(CCl)cc2)=O)[nH]1
-20.14    -20.16     18.68      0.47      C(CCCCCCC(=O)N(CCO)CCO)CCCCCCCCC
-27.24    -27.09     10.99      0.46      c1(-c2cc(Cl)ccc2)nc(C2CN(C(=O)c3n[nH]c(C4CC4)c3)C2)on1
-42.56    -41.97     -4.00      0.46      c1cc(Oc2ccccc2)ccc1-c1c(N2CC(C)(C)c3c2cc(N2CCNCC2)nc3)c2c([nH]cc2)c(F)c1
-26.55    -26.62     11.32      0.46      c1(CNC(c2c(C)nc(-c3ncccc3)s2)=O)nnc2n1CCCCC2
-32.94    -32.99      5.07      0.46      c1(N2C(=O)OCC2)cccc(N(C)CCC)c1C
Human-Component   raw_Human-Component
0.4646608531475067   0.4646608531475067   
0.46201780438423157   0.46201780438423157   
0.4765627384185791   0.4765627384185791   
0.46291160583496094   0.46291160583496094   
0.4604763388633728   0.4604763388633728   
0.47375428676605225   0.47375428676605225   
0.46429598331451416   0.46429598331451416   
0.4630556106567383   0.4630556106567383   
0.4626639485359192   0.4626639485359192   
0.46414703130722046   0.46414703130722046   

13:58:25: local_reinforcement_logger.timestep_report +41: INFO     
 Step 22   Fraction valid SMILES: 96.9   Score: 0.4504   Time elapsed: 21   Time left: 25.6
  Agent     Prior     Target     Score     SMILES
-22.53    -22.30     16.28      0.47      OC(=NO)c1cnc(=Nc2ccc(C3CCNCC3)cc2)[nH]c1
-31.04    -31.29      7.18      0.47      C(C)n1nnc2c1cc1c(n2)N(c2c(Cl)cc(Cl)cc2)CC1
-23.43    -23.78     14.87      0.47      C(C)CCCCCCCCCCCCCNC(CNC(OC(C)(C)C)=O)=O
-26.09    -26.15     12.31      0.47      c1c(F)ccc(-c2[nH]c3n(c2)ccc(=NCCOC)n3)c1
-43.30    -42.96     -4.96      0.46      C(C)(N1C(CN(C(=O)C2C(c3n(C)ncc3)C2)Cc2c(Cl)c(Cl)ccc2)CCCC1)=O
-39.30    -38.95     -1.43      0.46      c1c(C(=O)N2CCN(C(CC)COC)CC2)cccc1CNS(c1c(F)cccc1)(=O)=O
-31.44    -31.26      6.46      0.46      c1c(NC(N2CCC(C(Nc3ccc([N+]([O-])=O)cc3)=O)CC2)=S)c(C)ccc1Cl
-23.33    -23.01     15.06      0.46      c1n(CCCNC(c2c(NC(c3ccccc3)=O)cccc2)=O)ccn1
-21.16    -21.36     16.68      0.46      c1ccc(-c2c(-c3ccccc3)[nH]c(SCC(NCCC)=O)n2)cc1
-29.01    -28.99      9.25      0.47      O=C(N(CCc1nc[nH]c1)C)c1cc2c(cc1)CCCC2
Human-Component   raw_Human-Component
0.47045600414276123   0.47045600414276123   
0.46908849477767944   0.46908849477767944   
0.4714016914367676   0.4714016914367676   
0.468988299369812   0.468988299369812   
0.4634396433830261   0.4634396433830261   
0.4576302766799927   0.4576302766799927   
0.45998355746269226   0.45998355746269226   
0.4642825126647949   0.4642825126647949   
0.4638844430446625   0.4638844430446625   
0.46635326743125916   0.46635326743125916   

13:58:26: local_reinforcement_logger.timestep_report +41: INFO     
 Step 23   Fraction valid SMILES: 100.0   Score: 0.4503   Time elapsed: 22   Time left: 24.8
  Agent     Prior     Target     Score     SMILES
-35.55    -35.57      2.71      0.47      c1(C)c(C2CN=NN2c2cccc(F)c2)c2ccccc2nc1N1CCCC1
-32.93    -33.14      4.59      0.46      Fc1cc(F)c(-c2c(C(NC(C)(C)C)=O)n(C)c(OC3CCCCC3)n2)cc1
-22.47    -22.43     15.41      0.46      c1(CNc2csnc2C(Nc2cccc(C)c2)=O)ccco1
-40.65    -40.75     -3.21      0.46      O=C(C(Cc1ccccc1)NC(C(NC(=O)OCc1ccccc1)COCc1ccccc1)=O)NC(CC1CCCNC1=O)C(=O)CNCc1ccccc1OC
-30.81    -30.67      7.46      0.47      C1(=O)NC(=O)C(C#N)C(c2cc(Cl)ccc2)N1c1ccc(S(=O)(=O)N)cc1
-29.45    -29.53      8.50      0.46      C1(C)N(C(=O)CCc2c(C)c(C(=O)NCCOC)[nH]c2C)CCCC1
-28.64    -28.59      9.79      0.47      s1cc(CNC(=O)C(c2ccc(Cl)cc2)C(C)C)nc1Cl
-23.35    -23.53     14.70      0.47      C(NN=C(c1ccc(Cl)s1)C)(N1CCCCCC1)=S
-25.53    -26.05     12.28      0.47      C1CCCC2(OOC(C(c3ccc(C4CCCCC4)cc3)O)C2)C1
-31.89    -32.18      6.08      0.47      C1COCCN1CC(COc1cc(C(=O)C(C)C)cc2c1OCC2)O
Human-Component   raw_Human-Component
0.4668530523777008   0.4668530523777008   
0.4600251317024231   0.4600251317024231   
0.46141475439071655   0.46141475439071655   
0.45775073766708374   0.45775073766708374   
0.4650256931781769   0.4650256931781769   
0.46376657485961914   0.46376657485961914   
0.46799761056900024   0.46799761056900024   
0.4661788046360016   0.4661788046360016   
0.4675276279449463   0.4675276279449463   
0.4666772782802582   0.4666772782802582   

13:58:28: local_reinforcement_logger.timestep_report +41: INFO     
 Step 24   Fraction valid SMILES: 96.9   Score: 0.4506   Time elapsed: 23   Time left: 23.9
  Agent     Prior     Target     Score     SMILES
-35.77    -35.55      2.26      0.46      C(CCN1c2c(cc(C=CC(O)=NO)cc2)C(C)(C)CC1)CN(Cc1cc(Cl)c(Cl)cc1)CC
-22.71    -22.66     15.22      0.46      c1(-c2ccc(NC(=O)Nc3cc(Cl)c(Cl)cc3)cc2)nc(N2CCOCC2)c(SC)c(Cl)n1
-29.62    -29.06      8.95      0.46      c1cc(COc2ccc(CC(N(CCS(c3ccc(Cl)cc3)(=O)=O)C(C)C)=O)cc2)ccc1
-31.61    -30.95      7.44      0.47      c1cc(C(C(CN(c2ccccc2)C)(C)O)(Cc2ccccc2)O)ccc1
-21.69    -21.54     16.62      0.47      [nH]1c2c[nH]c(=NCc3ccccc3)cc2c(=Nc2cccc(Br)c2)nc1
-34.56    -34.42      3.47      0.46      c1(OC)cc(CC=C)c2oc(-c3ccc(OC(F)(F)F)cc3)c(CCC)c(=O)c2c1
-38.06    -37.91      0.01      0.46      c1c(-c2c3ccc(Oc4ncccc4C4N(C)C(=O)CC4)cc3n(C)c(=O)c2)c(C)no1
-40.95    -40.57     -2.21      0.47      n1c(C(CC)ONC(C)(C)C)c2c(c3ccccc3[nH]2)c(-c2ccccc2)c1
-54.85    -54.33    -16.90      0.46      c1c(S(=O)(N(Cc2ccc(C(C)(C)C)cc2)CC(C)C)=O)ccc2c1Cc1c-2ccc(NC(=O)C(C)OCc2ccc([N+](=O)[O-])cc2)c1
-32.30    -32.37      5.95      0.47      N1C2(C)c3c(ccc(-c4cc(F)cc(C#N)c4)c3)OC2C(CC)C1=O
Human-Component   raw_Human-Component
0.46106311678886414   0.46106311678886414   
0.46200039982795715   0.46200039982795715   
0.46360668540000916   0.46360668540000916   
0.46816498041152954   0.46816498041152954   
0.46530407667160034   0.46530407667160034   
0.462063729763031   0.462063729763031   
0.46240106225013733   0.46240106225013733   
0.46777573227882385   0.46777573227882385   
0.45645076036453247   0.45645076036453247   
0.4672670066356659   0.4672670066356659   

13:58:29: local_reinforcement_logger.timestep_report +41: INFO     
 Step 25   Fraction valid SMILES: 100.0   Score: 0.4506   Time elapsed: 25   Time left: 24.0
  Agent     Prior     Target     Score     SMILES
-33.38    -33.60      4.47      0.46      C1(O)CCC(=C)C(C2C3CCC(C(CC=CC(C(O)=O)C)C)C3(C)CCC2)C1
-21.85    -22.08     16.38      0.47      c1(-c2ccc(F)cc2)nc(N2CCOCC2)c(OCC)cn1
-31.97    -31.91      5.69      0.46      c1(C)ccc(CC)c2n(CC(=O)Nc3cccc(OC)c3)c(=O)oc12
-40.51    -40.87     -3.16      0.46      c1c(C(=O)CC(C)C)c(-c2c(COC)cccc2OCC#N)c2c([nH]c(=O)o2)c1OC
-17.53    -17.53     20.91      0.47      c1([N+](=O)[O-])ccc2[nH]c(-c3ccccc3)nc2c1
-27.71    -27.72     10.28      0.46      c1c(N=c2[nH]cnc3cc(OC=CC)c(OC)cc23)cc(Br)cc1
-42.57    -42.41     -4.60      0.46      C1N(Cc2ccc(OCc3ccccc3)cc2O)C(c2ccc(Cl)cc2)C2C1CN(C)C2=O
-27.01    -27.35     10.93      0.47      O=C1c2c(cc(OC)cc2O)OCC1CCCCCCCCCCCCC
-27.62    -27.91     10.07      0.46      CC(c1ccc(OC)c(N=c2c(=NC3CCCCC3)[nH]c3ccccc3[nH]2)c1)(C)C
-24.41    -24.41     13.68      0.46      c1cc(Cl)cc2[nH]ccc(=NCCNC(=O)c3nccn3C)c12
Human-Component   raw_Human-Component
0.4641839563846588   0.4641839563846588   
0.46908459067344666   0.46908459067344666   
0.45856618881225586   0.45856618881225586   
0.4599272608757019   0.4599272608757019   
0.4687659442424774   0.4687659442424774   
0.46336275339126587   0.46336275339126587   
0.4610631465911865   0.4610631465911865   
0.4667762517929077   0.4667762517929077   
0.4632027745246887   0.4632027745246887   
0.46444064378738403   0.46444064378738403   

13:58:30: local_reinforcement_logger.timestep_report +41: INFO     
 Step 26   Fraction valid SMILES: 100.0   Score: 0.4517   Time elapsed: 26   Time left: 23.1
  Agent     Prior     Target     Score     SMILES
-31.16    -31.07      6.91      0.46      c1c(C(C(N2CCCC2c2cscc2)=O)C)ccc(-c2cccc(NC(=O)C)c2)c1
-22.36    -22.90     16.01      0.47      C1(=O)OCCN1C1CCC(=O)NC1=O
-28.24    -28.22      9.68      0.46      c1c(OCc2ccc3ccccc3n2)ccc(-c2noc(-c3ccccc3)n2)c1C
-56.70    -56.81    -19.01      0.46      C1(C(C)C=C)(OC)C2(C)C(C3(C)C(C)(C4C5(CC35)CCC(OC3C(NC(C)=O)C(O)C(O)C(CO)O3)C4)CC2)CC1
-21.25    -20.95     17.17      0.46      O(CC(=O)Nc1ccc(OCc2ccccc2)cc1)c1ccc(C=O)cc1
-36.32    -36.34      1.88      0.47      O=C1OC(CC=c2c(C)c(Cc3ccc(-c4ccccc4)cc3)c(=CCC)[nH]2)C(=O)O1
-24.33    -24.42     13.77      0.47      c1(-c2cccc(C)n2)n2[nH]c(=Nc3ccc(N4CCN(C)CC4)cc3)nc2ccc1
-23.98    -24.01     14.14      0.47      c1(=O)n(CCC)c(=O)c2c(n1CCCC)[nH]c(-c1ccc(OCC(O)=O)cc1)n2
-41.96    -41.55     -3.90      0.46      COc1cc(NC(=O)Cc2csc(=Nc3ccc(C(Nc4ccccc4NCCN(C)C)=O)nc3)n2C)cc(OC)c1
-21.71    -21.95     16.56      0.47      C1CCC(Nc2c(Nc3ccc(Br)cc3)c(=O)c2=O)C1
Human-Component   raw_Human-Component
0.46311014890670776   0.46311014890670776   
0.4745539724826813   0.4745539724826813   
0.4621169865131378   0.4621169865131378   
0.46088549494743347   0.46088549494743347   
0.464845210313797   0.464845210313797   
0.46614736318588257   0.46614736318588257   
0.46572741866111755   0.46572741866111755   
0.46519559621810913   0.46519559621810913   
0.4591679871082306   0.4591679871082306   
0.4696204364299774   0.4696204364299774   

13:58:31: local_reinforcement_logger.timestep_report +41: INFO     
 Step 27   Fraction valid SMILES: 96.9   Score: 0.4508   Time elapsed: 27   Time left: 22.2
  Agent     Prior     Target     Score     SMILES
-27.27    -27.86     10.51      0.47      C(COC(Nc1ccc(F)cc1)=O)OCCN1CCN(C)CC1
-20.86    -21.19     17.58      0.47      c12ccccc1n(CCC(C)C)c1c2cccc1
-20.70    -20.67     17.99      0.47      c1(N=c2[nH]c(=N)nc[nH]2)cc(Cl)cc(Cl)c1
-23.20    -23.05     15.35      0.47      c1cc(C(=O)c2cn3c(nc(C(F)(F)F)n3)cc2)ccc1
-24.51    -24.55     13.55      0.46      c1c(-c2nc(-c3sc(C(NC4CC4)=O)cc3)cs2)cccc1
-30.39    -30.49      7.96      0.47      C(c1ccc(OC)cc1)(CCNC(CC)C)Oc1ccc(OC)cc1
-23.73    -23.95     14.35      0.47      c1c(C)cc2c(n(CC(CN3CCCCC3)O)c3c2CCCC3)c1
-32.42    -32.84      5.34      0.47      c1ccc(-c2ccc(C=C3Oc4c(F)cccc4S3(=O)=O)o2)c([N+](=O)[O-])c1
-44.90    -44.91     -7.05      0.46      C1C(O)C2N(C(C([O-])=O)=C1CSc1sc3cccnc3n1)CC(=CCOCC)C2=O
-41.30    -41.42     -4.04      0.46      c1(-c2ccccc2)nc2ccccc2c(=Nc2cc(NC(=O)CN3CCN(CCO)CC3)c(O)c3c2ccs3)[nH]1
Human-Component   raw_Human-Component
0.46798422932624817   0.46798422932624817   
0.4728173017501831   0.4728173017501831   
0.47149658203125   0.47149658203125   
0.46825021505355835   0.46825021505355835   
0.4645247459411621   0.4645247459411621   
0.46886205673217773   0.46886205673217773   
0.46699246764183044   0.46699246764183044   
0.4656082093715668   0.4656082093715668   
0.461648166179657   0.461648166179657   
0.4557746350765228   0.4557746350765228   

13:58:32: local_reinforcement_logger.timestep_report +41: INFO     
 Step 28   Fraction valid SMILES: 100.0   Score: 0.4355   Time elapsed: 28   Time left: 21.2
  Agent     Prior     Target     Score     SMILES
-23.26    -23.31     14.60      0.46      C1(NC(NC(=O)CSc2n(CC)c(C(C)C)nn2)=O)CCCCC1
-40.17    -40.18     -2.35      0.46      c1nc(COCC(NCC(=O)OC)c2ccccc2)cn1-c1ccc(OC)nc1
-27.88    -28.07    -28.07      0.00      C(c1ccc(OCC=C)c(C)c1)(NCC)=O
-39.36    -40.01     -2.40      0.46      c1c(C(NCc2c(C)c(CNC(C3CC3)=O)n(C)n2)=O)ccc2c1n(C)c(Cc1cc(OC)c(OC)c(OC)c1)n2
-21.53    -21.76     16.33      0.46      C1Oc2cc(C(=O)C=Cc3c(OC)cc(OC)cc3)c(OC)cc2O1
-25.89    -25.81     12.61      0.47      c1c(-n2nnc(-c3ccc4[nH]ccc4c3)c2)c(C)cc(C(N)=O)c1
-24.82    -24.58     13.79      0.47      O=C(OC)c1c2c(sc1NC(CN(C)C)=O)CN(CC)CC2
-32.14    -32.45      6.16      0.47      C1CCC(C#Cn2c3c(cccc3)[nH]c2=S)NN1
-27.92    -28.00      9.97      0.46      n1n2c(-c3ccc(C#N)cc3)cnc2ccc1SCC(N1CCOCC1)=O
-44.35    -44.01     -5.44      0.47      c12cc(O)c3c4c1C1Cc5c(cccc5)C1=C3OC4O2
Human-Component   raw_Human-Component
0.46234509348869324   0.46234509348869324   
0.46131888031959534   0.46131888031959534   
0.4664575159549713   0.4664575159549713   
0.4586646556854248   0.4586646556854248   
0.4645044207572937   0.4645044207572937   
0.46848416328430176   0.46848416328430176   
0.46799206733703613   0.46799206733703613   
0.4709552526473999   0.4709552526473999   
0.46299171447753906   0.46299171447753906   
0.47030138969421387   0.47030138969421387   

13:58:34: local_reinforcement_logger.timestep_report +41: INFO     
 Step 29   Fraction valid SMILES: 96.9   Score: 0.4488   Time elapsed: 29   Time left: 20.3
  Agent     Prior     Target     Score     SMILES
-29.76    -28.82      9.35      0.47      o1cc(CN2CC3(C(=O)N=C(c4ccccc4)OC3)CC2=O)cc1
-41.75    -41.32     -3.45      0.46      c12c(cccc1)c(CC(NC(=O)OC(C)(C)C)C(NC(CC1C(NC(=O)C3C(C(C)CC)CCN3)CCC1)C(C)(C)C)=O)c[nH]2
-28.06    -28.40      9.82      0.47      c1cc(-c2cc(C(N)=O)c(SCCCO)nc2-c2c(Cl)cc(Cl)cc2)ccc1Cl
-30.25    -29.51      8.43      0.46      O(C(c1c(=C)n(-c2ccc(Br)cc2)c(=C(C#N)C(OCC)=O)c1C)=O)CC
-29.12    -28.68      9.30      0.46      C(c1ccccc1)CCCNS(c1ccc(C(=O)Nc2ccc(C(=O)O)cc2)cc1)(=O)=O
-30.91    -31.28      6.07      0.46      N1=C(c2ccccc2)c2ccccc2N(C2CC2)C(=O)C1NC(c1ccc(-n2nc(C)cc2C)cc1)=O
-31.48    -31.05      7.04      0.46      C1(C(=O)Nc2ccc3cccnc3c2)CCN(Cc2cccc(C(N)=O)c2)CC1
-17.27    -17.25     21.68      0.47      C(O)C[n+]1ccc(C=NO)cc1
-33.88    -34.69      3.03      0.46      C1N(C(OCCCC)=O)CCC(CNC(c2ccc(Cl)cc2Cl)=O)NC1CCC
-27.60    -28.09     10.19      0.47      c1c(C(C)C)cccc1N=C1SCC(CO)N1
Human-Component   raw_Human-Component
0.4655732810497284   0.4655732810497284   
0.4618433117866516   0.4618433117866516   
0.46600186824798584   0.46600186824798584   
0.46265149116516113   0.46265149116516113   
0.4631786346435547   0.4631786346435547   
0.4555753767490387   0.4555753767490387   
0.4644513428211212   0.4644513428211212   
0.474754273891449   0.474754273891449   
0.4599928557872772   0.4599928557872772   
0.4668123722076416   0.4668123722076416   

13:58:35: local_reinforcement_logger.timestep_report +41: INFO     
 Step 30   Fraction valid SMILES: 90.6   Score: 0.4087   Time elapsed: 30   Time left: 19.4
  Agent     Prior     Target     Score     SMILES
-26.07    -26.37     12.08      0.47      C1Cc2c(sc3c2c(OC)nnc3-c2ccc(OC)cc2)CC1
-20.16    -20.07     18.62      0.47      c1(C(F)(F)F)ccc(-c2nc(C(O)c3ccccc3)[nH]c2)cc1
-38.27    -37.95    -37.95      0.00      C1N(Cc2n3c(n(Cc4c(F)cccc4)c2)ccc(=O)n3)CCC2(C1)OC(=O)N(C1CCOCC1)C2
-22.79    -22.42     16.26      0.47      C1(c2ccccc2)(c2ccccc2)C(=NO)C(=O)NC1
-23.94    -23.63     14.96      0.47      O(C)c1c(O)ccc(CSc2ccccc2)c1
-37.31    -37.97      0.20      0.47      Cn1ccc2c1c(CCC)c1c(n2)C(=O)N(C2C(=O)NC(=O)CC2)C1c1ccc(C#N)cc1
-26.90    -26.72     11.69      0.47      C1C(c2sc(=NC(=O)C3ON=C(c4ccc(C(F)(F)F)cc4)C3)[nH]n2)C1
-16.25    -16.94     21.68      0.47      CC1(C)C=Cc2c(ccc(CO)c2)O1
-29.57    -29.29      8.85      0.47      C1N(C)CC(c2ccc(Cl)cc2)c2cc(C(N3CCN(C)CC3)=O)ncc21
-21.25    -21.45     16.96      0.47      Clc1ccc(-c2cc(-c3ccco3)c(C#N)c(OCC)n2)cc1
Human-Component   raw_Human-Component
0.468880832195282   0.468880832195282   
0.4718698561191559   0.4718698561191559   
0.0   0.0   
0.4716864824295044   0.4716864824295044   
0.4706692397594452   0.4706692397594452   
0.4654536247253418   0.4654536247253418   
0.4684538245201111   0.4684538245201111   
0.4709789454936981   0.4709789454936981   
0.4652245044708252   0.4652245044708252   
0.4684890806674957   0.4684890806674957   

13:58:36: local_reinforcement_logger.timestep_report +41: INFO     
 Step 31   Fraction valid SMILES: 100.0   Score: 0.4219   Time elapsed: 32   Time left: 19.0
  Agent     Prior     Target     Score     SMILES
-27.94    -28.17     10.50      0.47      c1ccccc1N1CCN(CC(=NOC)c2sc(Cl)cc2)CC1
-20.57    -20.45     18.10      0.47      O1CCN(c2c3n(c4c(cccc4)n2)ccc3)CC1
-26.85    -26.91     10.78      0.46      Fc1cc(S(=O)(C)=O)ccc1N=c1[nH]cnc2c1cc(OC1CCN(C(=O)C=C)CC1)c(OC)c2
-45.34    -45.02     -7.15      0.46      C(Oc1ccc(-n2c(-c3c(C(=O)O)nc(N(C)C)s3)cc(-c3cc(C(N)=N)sc3SC)n2)cc1)(F)(F)F
-21.61    -21.74     16.75      0.47      c1cc(CNC(NCCC)=S)cnc1
-36.37    -36.55      0.90      0.46      c12[nH]c(=NC(=O)C3CCCCN3Cc3ccccc3)n(CCCn3cncc3)c1ccc(OC)c2
-17.23    -17.22     21.30      0.47      c1(=NS(=O)(=O)c2ccccc2)cccc[nH]1
-22.61    -22.71     15.81      0.47      c1(-c2ccccc2)ncc2ncc(OC)n2c1
-22.28    -22.81     15.49      0.47      C1CCc2[nH]c(=O)c(C(=O)N3CCC(C)CC3)cc2C1
-22.03    -22.41     16.07      0.47      O=C(c1c(F)cccc1F)NCC1CCN(CCCC)CC1
Human-Component   raw_Human-Component
0.47156649827957153   0.47156649827957153   
0.47007063031196594   0.47007063031196594   
0.459659218788147   0.459659218788147   
0.4618510603904724   0.4618510603904724   
0.4692811071872711   0.4692811071872711   
0.4566670358181   0.4566670358181   
0.46980106830596924   0.46980106830596924   
0.46986833214759827   0.46986833214759827   
0.46699535846710205   0.46699535846710205   
0.4692789912223816   0.4692789912223816   

13:58:37: local_reinforcement_logger.timestep_report +41: INFO     
 Step 32   Fraction valid SMILES: 100.0   Score: 0.4657   Time elapsed: 33   Time left: 18.0
  Agent     Prior     Target     Score     SMILES
-23.36    -23.28     15.01      0.47      c1cc([N+]([O-])=O)c(Sc2ccc3n(cnn3)n2)cc1
-30.59    -30.82      7.40      0.47      c1(-c2c(O)occ2-c2cccc(Cl)c2)cc(F)c(N)c(F)c1
-21.24    -21.34     17.11      0.47      c1ccccc1CNC(=O)CCSc1ccc(F)cc1
-26.49    -27.01     11.02      0.46      C1CCC(n2c(=O)c3c(c(Cc4nnc(C)o4)n2)cccc3)CC1
-34.07    -34.11      3.63      0.46      c1(Oc2ccc(OC)cc2N)ccc(-n2c(C=Cc3ccc(Cl)cc3)nc3ccccc3c2=O)cc1
-24.14    -24.62     14.09      0.47      C1N(Cc2nc(CS(=O)(C)=O)on2)CCC1
-27.61    -28.31      9.59      0.46      [nH]1nc(C2CC2)oc1=NC1CCN(C(Cn2nc(C)cc2C)=O)CC1
-27.47    -27.58     10.03      0.46      N#CCC1(n2cc(C(N)=O)c(=Nc3ccnc(F)c3)[nH]2)CCN(C(=O)Cc2c(F)cc(F)cc2)CC1
-24.17    -24.38     14.25      0.47      c1c(F)ccc(N2CC(=O)N(c3ccc(F)c(Cl)c3)CC2=O)c1
-32.76    -33.57      4.49      0.46      c1(Cl)c[nH]c(=O)c(-c2nc3c([nH]2)CCN(C(=O)CN2CCOCC2)CC3)n1
Human-Component   raw_Human-Component
0.4669252336025238   0.4669252336025238   
0.46614429354667664   0.46614429354667664   
0.4688861668109894   0.4688861668109894   
0.4637567698955536   0.4637567698955536   
0.4603024125099182   0.4603024125099182   
0.4721560776233673   0.4721560776233673   
0.46225470304489136   0.46225470304489136   
0.4587121307849884   0.4587121307849884   
0.4711296260356903   0.4711296260356903   
0.46412765979766846   0.46412765979766846   

13:58:38: local_reinforcement_logger.timestep_report +41: INFO     
 Step 33   Fraction valid SMILES: 100.0   Score: 0.4653   Time elapsed: 34   Time left: 17.0
  Agent     Prior     Target     Score     SMILES
-22.36    -23.16     14.87      0.46      CCCCCNC(=O)c1ccc(-c2oc(C)c(CSc3ccc(C)cc3)n2)cc1
-31.64    -31.77      6.24      0.46      c1c(-c2c(=O)[nH]c3c(cc(Cl)cc3)c2Nc2cc3c(cc2)OCO3)c(O)cc(O)c1
-37.10    -36.91      1.27      0.47      N(CCCS(=O)(=O)C)C(CC(c1cc(F)ccc1F)c1ccco1)=O
-28.29    -28.21      9.74      0.46      o1c2cc(OC)cc(OC)c2c(=O)c(-c2cc(OC)ccc2OC)c1C(OC)=O
-40.07    -39.81     -1.23      0.47      O=[N+]([O-])c1ccc2c(c(C#Cc3ccc(CN4CCC(C)CC4)cc3)cnc2)c1
-20.96    -21.50     16.85      0.47      C1CCCN1c1ccc(C=C2Oc3cc(OC)ccc3C2=O)cc1
-28.41    -28.85      8.86      0.46      CC(C)Oc1ccc(S(=O)(=O)N2CCOCC2)cc1NC(CCNc1ccc(C)cc1)=O
-27.78    -28.19     10.01      0.47      N(C1CCCC1)C(=O)C(N(CCc1ccccc1)C(Cc1cccs1)=O)c1sccc1
-36.00    -36.03      1.84      0.46      Clc1cccc(F)c1C(=O)N=c1n(CCCC)c2c(cc1C(N1CCOCC1)=O)CNCC2
-28.71    -28.27      9.51      0.46      C(=S)(Nc1ccc2c(c1)OCCO2)N1CC(C)N(Cc2ccccc2)CC1
Human-Component   raw_Human-Component
0.4638010263442993   0.4638010263442993   
0.4635576605796814   0.4635576605796814   
0.4656270742416382   0.4656270742416382   
0.4628646969795227   0.4628646969795227   
0.47050946950912476   0.47050946950912476   
0.4677071273326874   0.4677071273326874   
0.459806352853775   0.459806352853775   
0.46581733226776123   0.46581733226776123   
0.4617789387702942   0.4617789387702942   
0.460807204246521   0.460807204246521   

13:58:40: local_reinforcement_logger.timestep_report +41: INFO     
 Step 34   Fraction valid SMILES: 96.9   Score: 0.4351   Time elapsed: 35   Time left: 16.0
  Agent     Prior     Target     Score     SMILES
-21.59    -21.47     16.95      0.47      C(Sc1n(Cc2ccccc2)ccn1)c1ccccn1
-29.87    -29.77      8.77      0.47      C1N(c2ccc(-c3ccccc3)cc2)CCN(C(=O)Cc2c(F)c(F)ccc2)C1
-41.55    -41.63     -3.96      0.46      O(c1cc(-c2c(F)c(-n3cc(C(C)(O)C)nc3C(C)N=c3c(Cl)c(N)[nH]c(=N)[nH]3)c(Cl)cc2)cnc1)CC
-24.97    -24.96     13.28      0.47      N(c1c(F)cccc1)C(=O)NN=Cc1ccc(F)c(F)c1
-25.91    -26.05     12.02      0.46      C(N1CCOCC1)CSc1nc(-c2c(C)cccc2)nc2cc(=O)[nH]n12
-21.96    -22.28     15.84      0.46      C1CSCN1C(=O)c1noc(COc2cc(OC)ccc2)c1
-32.15    -31.96      6.08      0.46      c1c(S(=O)(=O)NC)cc(-c2cc(C)cc3c2OC(CN)C3)cc1Cl
-35.20    -34.45      3.02      0.46      c1cc(C=NN=c2n(Cc3c4c(ccc3)cccc4)c(O)c(C3=c4cc(OC)ccc4=NC3=O)s2)sc1
-30.77    -30.69      7.39      0.46      c1(=NCCCCCN2CCN(C3=NS(=O)(=O)c4ccccc4N3c3ccccc3)CC2)c2c([nH]c3cc(Cl)ccc13)ccc(OC)c2
-28.95    -28.56      9.47      0.46      O=c1n(C)c(=O)n(C)c(C)c1S(=O)(Nc1cc(S(=O)(Nc2ccc(OC)cc2)=O)ccc1)=O
Human-Component   raw_Human-Component
0.4684649109840393   0.4684649109840393   
0.47002190351486206   0.47002190351486206   
0.4594072997570038   0.4594072997570038   
0.46631625294685364   0.46631625294685364   
0.4643767178058624   0.4643767178058624   
0.4648507833480835   0.4648507833480835   
0.4639115333557129   0.4639115333557129   
0.45687296986579895   0.45687296986579895   
0.46437275409698486   0.46437275409698486   
0.4637583792209625   0.4637583792209625   

13:58:41: local_reinforcement_logger.timestep_report +41: INFO     
 Step 35   Fraction valid SMILES: 96.9   Score: 0.4508   Time elapsed: 37   Time left: 15.4
  Agent     Prior     Target     Score     SMILES
-25.04    -24.96     13.18      0.47      C1(C(=O)Nc2ccc(-c3nc4c(cccc4)[nH]3)cc2)Cc2c(cccc2)O1
-27.90    -27.73     10.53      0.47      c1(-c2cc(C(c3cc(OC)c(OC)c(OC)c3)=O)cnc2)ncoc1
-26.79    -27.44     10.64      0.46      C1C(NC(c2cc(Br)ccc2OC2CCC2)=O)CCCC1
-22.55    -22.88     15.58      0.47      c1c(Oc2ccccc2)cccc1C=C1C(=O)NC(=NC)S1
-27.24    -27.02     11.01      0.46      O=C1N(CC(=O)N2CCN(c3sc4ccc(Cl)cc4n3)CC2)c2ccccc2OC1
-52.18    -52.93    -52.93      0.00      C(=O)(N(CCCC)CC(C)C)C(NS(=O)(=O)N(Cc1ccc(-c2ccccc2S(=O)(NC(c2ccccc2)=O)C(=O)O)cc1)=O)Cc1ccc(F)cc1
-26.34    -26.58     11.59      0.47      C1CC(C(=O)N2Cc3cc(CNC(=O)C4CCC4)ccc3OCC2)CC1
-24.36    -24.24     13.98      0.47      C1N(Cc2c(C(OCC)=O)sc3ncccc32)CCOC1
-29.29    -29.45      8.54      0.46      [N+](=O)([O-])c1cc([N+]([O-])=O)c(SCC(C(OCC)=O)N2CCCC2)cc1
-22.41    -22.32     15.89      0.47      [N+](c1cccc(C=NCCN=c2cc[nH]c3cc(Cl)ccc23)c1)(=O)[O-]
Human-Component   raw_Human-Component
0.46518146991729736   0.46518146991729736   
0.4665214419364929   0.4665214419364929   
0.46433714032173157   0.46433714032173157   
0.4690636098384857   0.4690636098384857   
0.4637095034122467   0.4637095034122467   
0.0   0.0   
0.4654579162597656   0.4654579162597656   
0.46599987149238586   0.46599987149238586   
0.4632367491722107   0.4632367491722107   
0.4660131633281708   0.4660131633281708   

13:58:42: local_reinforcement_logger.timestep_report +41: INFO     
 Step 36   Fraction valid SMILES: 96.9   Score: 0.4076   Time elapsed: 38   Time left: 14.4
  Agent     Prior     Target     Score     SMILES
-27.07    -27.69      9.99      0.46      c1ccc(COC(=O)NCCCCCCNC(C2(C)CCc3c(C)c(O)c(C)c(C)c3O2)=O)cc1
-38.68    -38.69     -1.04      0.46      N1(C(c2cnc3[nH]cc(C(c4c(OC)ccc(Cl)c4)=O)c3c2)=O)CC2CCC1CN2C
-33.09    -33.24      4.95      0.47      C(N(CCC)CCC)CCNC(=O)c1cc2c(cc1)SC(N(CC)CC)N2C(=O)C
-24.98    -24.96     13.54      0.47      n1c(OCCc2c(-c3ccccc3)noc2C)nccc1
-31.48    -30.98      6.91      0.46      Clc1ccc(OCC(=O)N(Cc2cccc(OC(C)(C)C)c2)C2CCCCC2)cc1
-28.78    -29.13      9.59      0.47      C=CCC(CCCC)C(CSC)=O
-32.39    -33.59      4.75      0.47      c12c(cccc1)CC(C)N2CCCCCC1(C)SC(=S)NC1=O
-39.81    -42.11    -42.11      0.00      C1N(C)CCN(Cc2ccc(N=C(c3ccccc3)c3c4ccc(C5=NNC(=O)C5(C)C)cc5cccc6c4ccc5cc3)cc2)C1
-37.88    -38.37     -0.26      0.46      ClCC1c2cc([N+](=O)[O-])c(Cl)cc2N(C(=O)N)c2cc(C(C)=O)ccc21
-32.51    -32.65      5.64      0.47      C12CC(NS(=O)(=O)c3cccnc3)C(CC1)N2c1ccccc1[N+](=O)[O-]
Human-Component   raw_Human-Component
0.45950713753700256   0.45950713753700256   
0.45919835567474365   0.45919835567474365   
0.4657609462738037   0.4657609462738037   
0.4695596396923065   0.4695596396923065   
0.4621245265007019   0.4621245265007019   
0.4721725583076477   0.4721725583076477   
0.46754828095436096   0.46754828095436096   
0.0   0.0   
0.464865118265152   0.464865118265152   
0.46690231561660767   0.46690231561660767   

13:58:44: local_reinforcement_logger.timestep_report +41: INFO     
 Step 37   Fraction valid SMILES: 93.8   Score: 0.4213   Time elapsed: 39   Time left: 13.3
  Agent     Prior     Target     Score     SMILES
-17.59    -17.75     20.88      0.47      O=S(N1CCCC1)(=O)c1ccc(N)cc1
-24.97    -24.61     13.01      0.46      O=S(c1cc2c(n(CC)cc(C(NCc3cc4c(cc3)OCO4)=O)c2=O)cc1)(=O)N1CCCC1
-29.72    -29.42      8.98      0.47      C1(=C)C(=O)OC2C3C(CCC(C)C13C)C=C(C)C2
-33.27    -32.53      5.84      0.47      C1CN(CCCOc2ccc3c(oc(=O)c4c3CCC4)c2)CCN1c1c2c(c(F)cc1)cccc2
-37.01    -36.94    -36.94      0.00      C(CN=c1n(C)c(O)c2n(c(=S)n(-c3cc(Cl)c(Cl)cc3)c2)c1C)C
-27.03    -26.99     10.94      0.46      COc1cc(OC)ccc1NC(c1cnn2c1nc(N1CCCC1)cc2)=NO
-31.40    -31.14      6.73      0.46      c1sc(-c2ccc(S(=O)(N3CCCC3C(NCCNc3ccc(OC)cc3)=O)=O)cc2)cc1
-20.90    -21.13     17.41      0.47      Clc1nc[nH]c(=NCc2ccc(OC)cc2)c1
-20.99    -20.38     17.99      0.47      c1cccc2c1C(=O)C(=O)CC2=NS(=O)(c1ccccc1)=O
-39.84    -38.99     -1.29      0.46      OCC(NC(=O)Nc1cc2c(cc1)CN(CC(CN(C)C)(C)C)C2=O)c1ccc(C)cc1
Human-Component   raw_Human-Component
0.47109606862068176   0.47109606862068176   
0.45886170864105225   0.45886170864105225   
0.4683588147163391   0.4683588147163391   
0.4678719937801361   0.4678719937801361   
0.0   0.0   
0.4625411331653595   0.4625411331653595   
0.46176663041114807   0.46176663041114807   
0.47000712156295776   0.47000712156295776   
0.46787503361701965   0.46787503361701965   
0.45983943343162537   0.45983943343162537   

13:58:46: local_reinforcement_logger.timestep_report +41: INFO     
 Step 38   Fraction valid SMILES: 96.9   Score: 0.4366   Time elapsed: 42   Time left: 12.9
  Agent     Prior     Target     Score     SMILES
-28.75    -28.62      9.79      0.47      c1(Cl)cccc(C=C2Cc3c(c(O)c(OC)cc3)O2)c1
-28.70    -28.17      9.70      0.46      Brc1cc(C(C=Cc2cccc(Cl)c2)=O)c(O)c(CN(C)C)c1OC
-23.41    -23.10     15.01      0.46      c1c(-c2n3c([n+](Cc4ccc([N+](=O)[O-])cc4)c2)CCCC3)ccc(OC)c1
-17.28    -17.18    -17.18      0.00      c1c(C(CC(=O)C(=O)O)=O)cccc1
-47.51    -48.57    -10.72      0.46      S(=O)(=O)(N=CC=C1Cc2c(c(O)c3c(cccc3OC)c2O)N1C)c1ccc(C(C)=O)cc1
-20.11    -20.20     18.51      0.47      C(Cc1ccc(O)cc1)NS(=O)(=O)c1ccccc1
-44.92    -45.82     -7.30      0.47      C1OC(OCC=C)C2C3(OC)C(CC)C1C2C(O)C3O
-20.07    -20.94     17.32      0.47      C1CCCCC(NC(CSc2n(CC)nnn2)=O)C1
-20.90    -21.23     17.43      0.47      c1(N(C)C)ncnc2n(COCCOC)cc(C#N)c12
-22.43    -21.68     16.80      0.47      c1c(C(=O)NC(=S)N2CCN(C(=O)c3ccccc3)CC2)cccc1
Human-Component   raw_Human-Component
0.46834829449653625   0.46834829449653625   
0.461821049451828   0.461821049451828   
0.4647006690502167   0.4647006690502167   
0.47264784574508667   0.47264784574508667   
0.46157243847846985   0.46157243847846985   
0.4719836413860321   0.4719836413860321   
0.4696882665157318   0.4696882665157318   
0.46657106280326843   0.46657106280326843   
0.4715370833873749   0.4715370833873749   
0.46929633617401123   0.46929633617401123   

13:58:49: local_reinforcement_logger.timestep_report +41: INFO     
 Step 39   Fraction valid SMILES: 100.0   Score: 0.4648   Time elapsed: 45   Time left: 12.4
  Agent     Prior     Target     Score     SMILES
-25.07    -25.60     12.80      0.47      CC(N1CCC(c2c(O)[nH]c3ncccc32)CC1)=O
-29.29    -29.14      9.16      0.47      c1(C(=C(C)C)N(C(=O)c2ccc3ccccc3c2)C2CCCCC2)ccccc1
-42.18    -41.80     -3.93      0.46      C(C(OC)(C)C)NC(CO)C(c1ccc([N+]([O-])=O)cc1)OCc1cc([N+]([O-])=O)ccc1
-32.00    -32.25      5.12      0.46      n1(-c2ncccn2)c(C2CCCC(NC(=O)c3cc4c([nH]nc4-c4ccncc4)cc3)C2)cc(C)n1
-38.65    -37.91      0.06      0.46      C(CCCn1c(=N)n(CC(=O)c2ccc(C)cc2)c2ccccc12)C(S)=O
-27.60    -27.65     10.47      0.46      C1(c2nc(C)cc(=NC(C)C)[nH]2)OCCN(Cc2cscc2)C1
-20.85    -20.84     17.32      0.47      c1cc(C)cc(NC(=O)n2ccnc2)c1
-27.51    -28.73      9.71      0.47      C1C2(CC(c3ccc(F)cc3)C1CNC(C)=O)CCCC2
-25.28    -25.06     13.01      0.46      N1(C(=O)C2(C)CC2)C(C(NC2(C#N)CC2)=O)CC(S(=O)(=O)c2ccccc2Cl)C1
-23.31    -23.76     14.16      0.46      n1c(Oc2cccc(OC)c2)cc(C(NC2CCCCC2)=O)cc1
Human-Component   raw_Human-Component
0.4683094620704651   0.4683094620704651   
0.46706968545913696   0.46706968545913696   
0.461816668510437   0.461816668510437   
0.4557185471057892   0.4557185471057892   
0.4630979299545288   0.4630979299545288   
0.4648692309856415   0.4648692309856415   
0.4653554856777191   0.4653554856777191   
0.4687930941581726   0.4687930941581726   
0.4642995297908783   0.4642995297908783   
0.462486207485199   0.462486207485199   

13:58:49: local_reinforcement_logger.timestep_report +41: INFO     
 Step 40   Fraction valid SMILES: 100.0   Score: 0.4509   Time elapsed: 45   Time left: 11.0
  Agent     Prior     Target     Score     SMILES
-40.33    -40.38     -1.98      0.47      c1cccc2c1N=C1C2=C(OC(CN2CCN(c3ccccc3)CC2)=O)C(C)CN1
-31.97    -32.08      6.34      0.47      Cn1cc(CN2CC3(CNC3)CCC2)nc1-c1ccccc1
-31.53    -30.95      6.98      0.46      C(Nc1c(C(c2ccccc2)=O)cc(Cl)cc1)(=O)CNCCN(O)C
-28.58    -28.48      9.53      0.46      c1cc(C(=O)NC2C(OC)CCCC2)ccc1NS(=O)(=O)c1cccc(OC)c1
-32.82    -33.17      4.74      0.46      O=C(N)Cn1c(-c2ccc(Cl)cc2)nc2n(Cc3ccco3)c(=O)n(Cc3c(F)cccc3)c(=O)c21
-30.97    -30.96      6.57      0.46      c1c(NC(=O)CCN(CC)CC)cccc1OCc1cccc(N=c2cc[nH]c3c2ccc(Cl)c3)c1
-25.16    -25.34     12.57      0.46      c1(NC2OC(=O)c3c2cccc3)c([N+]([O-])=O)cc(Cl)cc1
-28.08    -28.27     10.00      0.47      O=C(C)c1cc2nc(-c3ccc(OCCC)c([N+](=O)[O-])c3)[nH]c2cc1
-26.87    -26.36     12.17      0.47      n1c[nH]c2cccc(Oc3ccc(F)cc3)c2c1=NC(C)(C)C
-26.60    -26.91     11.53      0.47      C1CN(C(=O)NCCOC)CCN1Cc1cc(Br)ccc1O
Human-Component   raw_Human-Component
0.4683249890804291   0.4683249890804291   
0.4685196876525879   0.4685196876525879   
0.4625140428543091   0.4625140428543091   
0.46346765756607056   0.46346765756607056   
0.462335467338562   0.462335467338562   
0.45763087272644043   0.45763087272644043   
0.46229615807533264   0.46229615807533264   
0.46662503480911255   0.46662503480911255   
0.4697839021682739   0.4697839021682739   
0.46879351139068604   0.46879351139068604   

13:58:50: local_reinforcement_logger.timestep_report +41: INFO     
 Step 41   Fraction valid SMILES: 96.9   Score: 0.4066   Time elapsed: 46   Time left: 9.9
  Agent     Prior     Target     Score     SMILES
-29.18    -28.88      9.33      0.47      c1ccc2cc(C)[nH]c2c1CNC1CCCN(Cc2noc(C3CC3)n2)C1
-34.56    -34.06      3.62      0.46      [nH]1ccc(=NC(=O)OCCC2CCN(CC3COc4c(cc(O)cc4)O3)CC2)cc1
-25.18    -25.08     13.06      0.47      c1c(OC)ccc(Cc2c(O)oc3c(c2=O)ccc(OC(=O)C)c3)c1
-27.88    -27.88     10.29      0.47      c1cc(N2CCN(C)CC2)c(NC(=O)C(c2ccccc2)OC)cc1C(OC)=O
-29.12    -29.32      9.03      0.47      FC(F)(c1ccc(F)c(-c2[nH]c(=O)c3c4c(sc3n2)CN(C)CC4)c1)F
-19.63    -19.79     18.42      0.47      C1(CO)C(O)C(O)C(n2c3nc(OC4CCCC4)[nH]c(=N)c3nc2)O1
-40.15    -39.84     -1.47      0.47      c12c(cc3c(c1)Cc1c(c(O)ccc1C(=N)N1CCCCC1)O3)OCO2
-29.74    -30.32      7.86      0.47      C1(N)CC(C)(C)C1CNC(C1c2cccnc2OC1)=O
-21.72    -21.79     16.34      0.47      C1N(CC(Nc2ccc(Br)cc2)=O)C(=O)NC1(C)C
-23.78    -24.02     14.35      0.47      c1ccc2c(c1CCNC(=O)CC)Cc1c-2cccc1
Human-Component   raw_Human-Component
0.466042697429657   0.466042697429657   
0.45953935384750366   0.45953935384750366   
0.46511900424957275   0.46511900424957275   
0.465524286031723   0.465524286031723   
0.4676177501678467   0.4676177501678467   
0.46600010991096497   0.46600010991096497   
0.4678301513195038   0.4678301513195038   
0.46551892161369324   0.46551892161369324   
0.46505993604660034   0.46505993604660034   
0.46791574358940125   0.46791574358940125   

13:58:52: local_reinforcement_logger.timestep_report +41: INFO     
 Step 42   Fraction valid SMILES: 100.0   Score: 0.4652   Time elapsed: 48   Time left: 8.9
  Agent     Prior     Target     Score     SMILES
-23.43    -24.00     13.85      0.46      [nH]1occc1=NS(c1ccc2c(c1)ccnc2OCC1CCCCC1)(=O)=O
-28.13    -27.84     10.26      0.46      c1(Cl)cc(OCC(=O)O)ccc1OCc1cnc2c(cccc2)n1
-21.77    -21.57     16.65      0.47      C(O)(c1cn(CC)c2ccc(S(N(C)C)(=O)=O)cc2c1=O)=O
-35.14    -34.82      3.40      0.47      n1[nH]cc2c(N=c3[nH]c(-c4ccc(OC)c(OC)c4)cc(C)c3)c(C)cc(C)c12
-22.23    -23.03     14.89      0.46      c1c(C2C3C=CCCC3(C)C(=O)N2Cc2ccccc2)ccc(-c2cc(C)ccc2)c1
-45.42    -45.54     -7.70      0.46      c1ccccc1-c1ccc(CN2c3c(cccc3)CCC(NC(C(C3=NCCCC3)CC(O)=O)=O)O2)cc1
-19.22    -19.87     18.48      0.47      c1ccc(OCCN2CCCCC2)c(NC(=O)C=C)c1
-24.81    -25.13     13.26      0.47      O(C)c1c(NC(=O)C2CCCC2)c(CC)ccc1
-37.05    -36.93      0.81      0.46      C12(CCCCC1)OOC1(CCCCC1CC(Nc1cn(C)c(C(=O)N)c1)=O)OO2
-23.31    -23.14     15.11      0.47      c1(Cl)cc(-c2cc3c(c(=NC(C)C)[nH]2)c(=O)n(C)cn3)ccc1O
Human-Component   raw_Human-Component
0.4616422653198242   0.4616422653198242   
0.46462148427963257   0.46462148427963257   
0.4661329984664917   0.4661329984664917   
0.4660980999469757   0.4660980999469757   
0.4624963104724884   0.4624963104724884   
0.46144649386405945   0.46144649386405945   
0.46768659353256226   0.46768659353256226   
0.4681893289089203   0.4681893289089203   
0.4602469503879547   0.4602469503879547   
0.4665173888206482   0.4665173888206482   

13:58:53: local_reinforcement_logger.timestep_report +41: INFO     
 Step 43   Fraction valid SMILES: 93.8   Score: 0.4207   Time elapsed: 49   Time left: 7.8
  Agent     Prior     Target     Score     SMILES
-38.29    -38.54     -0.43      0.46      c1c(CN2CC(NC(CO)=O)CC2)ccc(-c2ccc(C(C)=NO)c(OC)c2)c1
-21.46    -21.50     16.75      0.47      c1cc2[nH]cc(C=NNC(c3c(Cl)cc(Cl)cc3)=O)c2cc1
-33.59    -33.12      4.80      0.46      O(Cc1cnc2c(c1)C(=O)Nc1ccccc1N2)c1cc(NC(c2ccc(Br)cc2)=O)ccc1
-24.83    -25.27     12.82      0.46      CS(Nc1cccc(-c2nn3c(cc2)nnc3CC2CC2)c1)(=O)=O
-29.48    -29.70      8.33      0.46      c1(C(CNCCc2ccc(-c3cc(OC4CCCCC4C)nn3C)cc2)O)ccccc1
-19.38    -19.83     19.06      0.47      c12c3cccc1cccc2C=CC3
-36.34    -36.10      1.99      0.46      C1N(Cc2ccc(F)cc2)S(=O)(=O)c2c(csc2-c2n(C)c(=O)[nH]c2O)O1
-39.90    -40.01     -1.81      0.47      c1(=N)[nH]c(=O)c2nc(C)n(C3OC4OC5(CCCCC5C3)O4)c(=O)c2[nH]1
-37.03    -36.87      0.83      0.46      N1(CCCC(OCC)=O)C(=O)c2c(=O)n3c(c(C)ccc3)nc2N(C2CCCCC2)C1
-26.02    -25.56     12.34      0.46      c1c(-c2cc(OC(F)(F)F)ccc2)cc2c(n1)nc(N1CCOCC1C)nc2N1C(C)COCC1
Human-Component   raw_Human-Component
0.4647163450717926   0.4647163450717926   
0.4664769768714905   0.4664769768714905   
0.4624235928058624   0.4624235928058624   
0.46452972292900085   0.46452972292900085   
0.46375590562820435   0.46375590562820435   
0.47426700592041016   0.47426700592041016   
0.46452727913856506   0.46452727913856506   
0.46585074067115784   0.46585074067115784   
0.4597204327583313   0.4597204327583313   
0.4621436595916748   0.4621436595916748   

13:58:54: local_reinforcement_logger.timestep_report +41: INFO     
 Step 44   Fraction valid SMILES: 96.9   Score: 0.4348   Time elapsed: 50   Time left: 6.7
  Agent     Prior     Target     Score     SMILES
-22.20    -22.52     16.36      0.47      C1CN(c2nc3ccccc3n3c(CC)nnc32)CCN1C
-29.70    -30.38      7.85      0.47      CC(NCCNc1cccc(OCCn2cncn2)c1)=O
-22.42    -22.36     16.08      0.47      c1c(-c2cc3c(=Nc4ccccc4)[nH]cnc3s2)ccc(F)c1
-26.21    -25.99     12.11      0.46      C1(NC(=O)c2ccccc2O)CCC(CCN(C2Cc3c([nH]c(=N)s3)CC2)CCC)CC1
-25.19    -25.34     12.91      0.47      c1cccc2cc(-c3cc(NS(=O)(C)=O)c(OC)nc3)ccc12
-25.63    -25.83     12.13      0.46      CCOC(c1c(C)c(C(OC)=O)c(NC(=O)C2=C(C(=O)O)CCCC2)s1)=O
-20.11    -20.00     18.67      0.47      c1cc(Cc2[nH]c3ccccc3n2)ccc1N
-25.66    -25.46     12.80      0.47      c1ccncc1-c1ncc(NCc2cccc(C(F)(F)F)c2)cc1
-31.72    -32.03      6.41      0.47      C(CN1CCOCC1)(n1nnc(-c2ccc(S(=O)(C)=O)cc2)n1)c1ccc(C#N)cc1
-36.45    -36.27      1.64      0.46      O1C2C(COC(=O)c3c4cc(OC(F)(F)F)ccc4[nH]c3)OC3C(OCO3)C2OC1(C)C
Human-Component   raw_Human-Component
0.474124014377594   0.474124014377594   
0.4662269949913025   0.4662269949913025   
0.46880704164505005   0.46880704164505005   
0.46456441283226013   0.46456441283226013   
0.46650099754333496   0.46650099754333496   
0.46297046542167664   0.46297046542167664   
0.4716024696826935   0.4716024696826935   
0.46655720472335815   0.46655720472335815   
0.4687747657299042   0.4687747657299042   
0.4623216390609741   0.4623216390609741   

13:58:56: local_reinforcement_logger.timestep_report +41: INFO     
 Step 45   Fraction valid SMILES: 100.0   Score: 0.4651   Time elapsed: 51   Time left: 5.5
  Agent     Prior     Target     Score     SMILES
-28.08    -27.95     10.55      0.47      c1c(Cc2ccccc2)c(C(O)CNC(N)=N)ccc1
-31.78    -31.82      6.37      0.47      CN(c1ccc(C(Cc2ccc3c(c2O)C(=O)c2c(cccc2)C3=O)C)cc1)C
-43.00    -42.36     -4.64      0.46      c1cc(Cl)ccc1CN1C(=O)N(CC(N(C(c2ccccc2)C)Cc2c(C)nn(C)c2OC)=O)CC1
-25.97    -26.43     12.03      0.47      C1N(CCc2ccc3[nH]c(=N)ccc3c2)CCN(c2ccnc3c2ccc(Cl)c3)C1
-38.52    -38.56     -0.68      0.46      c1(-c2cc[nH]c(=Nc3cc(N4CCOCC4)cc(-c4cnco4)c3)n2)c[nH]c2nc(C)ccc12
-21.37    -22.45     16.20      0.47      CC(OCCCN1C(=O)C(C)=C(C)C1=O)=O
-22.31    -22.43     16.11      0.47      c1ccccc1-n1c2c([nH]c(=O)c1=O)cncn2
-18.41    -18.31     20.12      0.47      c1cccc(CN2CCN(C(=S)Nc3ccccc3)CC2)c1
-20.26    -20.82     17.94      0.47      C1Cc2c(c(-c3ccc(C(F)(F)F)cc3)[nH]n2)CC1
-27.36    -27.93      9.93      0.46      C1CCc2c(sc(NC(=S)NCCCN(CCCC)CC)c2C(OCC)=O)C1
Human-Component   raw_Human-Component
0.46958982944488525   0.46958982944488525   
0.46577396988868713   0.46577396988868713   
0.4600215554237366   0.4600215554237366   
0.4689333438873291   0.4689333438873291   
0.4619818925857544   0.4619818925857544   
0.4713574945926666   0.4713574945926666   
0.4699430763721466   0.4699430763721466   
0.4686669707298279   0.4686669707298279   
0.47260582447052   0.47260582447052   
0.4616278111934662   0.4616278111934662   

13:58:57: local_reinforcement_logger.timestep_report +41: INFO     
 Step 46   Fraction valid SMILES: 100.0   Score: 0.4355   Time elapsed: 53   Time left: 4.5
  Agent     Prior     Target     Score     SMILES
-29.30    -29.66      8.95      0.47      c1c(F)ccc(C(C2CCN(CCCOc3ccc4c(c3)[nH]cc4CC)CC2)(O)c2ccc(F)cc2)c1
-19.43    -20.32     18.15      0.47      c12ccc(O)cc1OC1C2COC1=O
-31.67    -31.62      6.20      0.46      c1cc(Cc2cnc3c([nH]c(=N)[nH]c3=NS(=O)(=O)c3cc([N+]([O-])=O)ccc3)c2)ccc1
-26.67    -26.86     10.99      0.46      O=C(C(C)OC(=O)c1cccc(S(N(CC)CC)(=O)=O)c1)NCc1ccc2c(c1)OCO2
-31.22    -30.92      6.73      0.46      S(c1ccccc1NC(=O)CCc1ccccc1)CC(=O)Nc1ccc2c(c1)OCO2
-30.26    -30.28      8.42      0.47      O(c1c2nc(Cc3c(Br)c(Br)c(OC)c(OC)c3)[nH]c2ccc1)C
-21.34    -21.51    -21.51      0.00      N(=C=S)Cc1ccccc1[N+](=O)[O-]
-33.65    -33.69      4.38      0.46      N1CCN(c2cnc(F)cc2)c2ccc(-c3ccc(=O)n(C)c3)cc21
-24.03    -23.81     13.62      0.46      c1(C(=O)NCc2ccc(S(=O)(=O)c3ccccc3)cc2)cnn2c1nc(C)cc2C
-25.67    -25.16     12.61      0.46      S(=O)(N(CC(NCc1c(OC)cccc1)=O)c1c(C)cccc1)(=O)c1ccccc1
Human-Component   raw_Human-Component
0.470853328704834   0.470853328704834   
0.4692367911338806   0.4692367911338806   
0.4612196087837219   0.4612196087837219   
0.4615425169467926   0.4615425169467926   
0.45912542939186096   0.45912542939186096   
0.4719158411026001   0.4719158411026001   
0.4719136655330658   0.4719136655330658   
0.46419021487236023   0.46419021487236023   
0.4565011262893677   0.4565011262893677   
0.46066296100616455   0.46066296100616455   

13:58:58: local_reinforcement_logger.timestep_report +41: INFO     
 Step 47   Fraction valid SMILES: 96.9   Score: 0.4511   Time elapsed: 54   Time left: 3.4
  Agent     Prior     Target     Score     SMILES
-24.69    -24.92     13.33      0.47      C1N=C(N2c3cccc4cccc(c43)C2=O)CCCC1
-32.81    -32.24      5.66      0.46      N(CC(=O)N1N=C(c2cc(C)c(O)cc2)CC1)(S(=O)(=O)C)c1ccccc1
-22.42    -22.61     15.88      0.47      c1c(OCCCOc2ccc(-c3oc4cc(C5=NCCN5)ccc4c3)cc2)cccc1
-28.16    -27.70     10.46      0.47      c1cc(Cc2c3c(c(=O)[nH]n2)cccc3)ccc1S(=O)(Nc1cscn1)=O
-23.70    -23.99     14.25      0.47      c1ccc2c(c1)n1c(cc(C)n1)[nH]c2=O
-28.37    -28.80      9.35      0.47      c1(C)cc(C)cc(C)c1NCc1nc(-c2cc(F)ncc2)on1
-23.30    -23.43     14.88      0.47      c1ccc2c(NC=O)c(-c3ccccc3)c(=O)[nH]c2n1
-21.53    -21.81     16.65      0.47      COc1c([N+]([O-])=O)cc(-c2sc3c(cccc3)n2)cc1
-21.64    -21.35     17.02      0.47      c1cccc(C(c2cn(CCN(C)C)c(O)c2O)=O)c1
-30.57    -30.50      7.61      0.46      COc1ccccc1NN(C)S(=O)(=O)c1cccc(C(F)(F)F)c1
Human-Component   raw_Human-Component
0.4663933217525482   0.4663933217525482   
0.4621461033821106   0.4621461033821106   
0.46936795115470886   0.46936795115470886   
0.465323805809021   0.465323805809021   
0.4663720428943634   0.4663720428943634   
0.4651937484741211   0.4651937484741211   
0.46724674105644226   0.46724674105644226   
0.4690776765346527   0.4690776765346527   
0.4679643511772156   0.4679643511772156   
0.4647104740142822   0.4647104740142822   

13:59:00: local_reinforcement_logger.timestep_report +41: INFO     
 Step 48   Fraction valid SMILES: 100.0   Score: 0.4505   Time elapsed: 56   Time left: 2.3
  Agent     Prior     Target     Score     SMILES
-21.41    -21.01     16.93      0.46      OC(=O)c1cn(C2CC2)c2c(OC)c(N3CC(N)C3)c(F)cc2c1=O
-27.10    -27.40     10.96      0.47      C1N(CCOC(c2ccccc2)c2ccccc2)CCN(CCOC(=O)C(C)O)C1
-23.56    -23.18     14.99      0.47      n1c2c(c(C=CC(c3c(OC)ccc(OC)c3)=O)cc1)cccc2
-33.51    -33.75      4.23      0.46      c1nc(-c2c(-c3c4cccnc4ccc3)cc(OCC(O)=O)c(Cl)c2)[nH]c1
-25.59    -25.68     12.99      0.47      c12c3c(cccc3)[nH]c1ncnc2Oc1ccccc1OC
-23.65    -23.62     14.54      0.47      c12ccccc1c(=NCCCCCCOc1cccc3ccccc13)c1c([nH]2)CCCC1
-22.95    -23.44     15.26      0.47      c1cc(-c2c(Cl)cccc2)ccc1C(=O)NC
-44.73    -45.36     -7.92      0.46      c1ccc(COCCOC(c2ccc(C#CCCCCOC(C3C(CCCC)=NC(=Cc4ccc(OC)cc4)C3C)=O)cc2)=O)cc1
-29.51    -29.86      8.41      0.47      o1[n+]([O-])c(SCC(N2CCCCCC2)=O)nc1-c1c(Cl)cccc1
-27.31    -27.76     10.55      0.47      C(OCC(NCCNC(COC(CSc1ccccc1)=O)=O)=O)(c1c(F)cccc1F)=O
Human-Component   raw_Human-Component
0.46268123388290405   0.46268123388290405   
0.4677681624889374   0.4677681624889374   
0.46546471118927   0.46546471118927   
0.4631761908531189   0.4631761908531189   
0.4715738296508789   0.4715738296508789   
0.46528685092926025   0.46528685092926025   
0.4719341993331909   0.4719341993331909   
0.4565633237361908   0.4565633237361908   
0.46678271889686584   0.46678271889686584   
0.46718284487724304   0.46718284487724304   

13:59:02: local_reinforcement_logger.timestep_report +41: INFO     
 Step 49   Fraction valid SMILES: 96.9   Score: 0.4497   Time elapsed: 58   Time left: 1.2
  Agent     Prior     Target     Score     SMILES
-36.68    -37.05    -37.05      0.00      c1(-n2cnc(C)c2)c(OC)cc(-c2nc3c4c(c(=O)[nH][nH]c[nH][nH]4=O)nc3cc2)cc1
-25.74    -25.77     12.12      0.46      c1ccc(S(=O)(N2CCCc3c2cccc3)=O)cc1C(=O)N1CCN(C(=O)OCC)CC1
-34.28    -32.95      4.76      0.46      C(CCC(N(CCC(O)=O)O)=O)CCC=C(C)C=CC=C(C=CC1=C(C)CCCC1(C)C)C
-35.52    -34.95      2.80      0.46      c1cccc(C(C)(N)C(=O)N2C(C(=O)NC(CC(=O)O)C(=O)CSCc3ccccc3)CCC2)c1
-28.57    -28.01      9.84      0.46      OC(CC(C(NC(C(NCc1ccc2c(c1)OCO2)=O)CC(C)C)=O)NC(OCc1ccccc1)=O)=O
-24.45    -24.69     14.00      0.47      c12ccccc1C(O)C1(CCCCC1)c1ccccc12
-40.16    -39.85     -2.00      0.46      c1(Cl)c(Cc2ccc(N3CCCC(NC(=S)Nc4ccc(CCCC)cc4)C3)cc2)cccc1
-26.39    -26.56     11.43      0.46      c1[nH]c(=Nc2cc(C)ccc2)c2c(-c3cc(OC)c(OC)cc3)csc2n1
-34.13    -34.12      3.89      0.46      n1c2ccc(OCC)cc2cc(-c2n3c(c(=NC)[nH]cc3)nc2)c1
-19.91    -19.93     18.44      0.47      n1c(CC)sc(=NC(CS(=O)(=O)Cc2ccccc2)=O)[nH]1
Human-Component   raw_Human-Component
0.0   0.0   
0.46216249465942383   0.46216249465942383   
0.4598747193813324   0.4598747193813324   
0.4603514075279236   0.4603514075279236   
0.4615805447101593   0.4615805447101593   
0.4717969298362732   0.4717969298362732   
0.4616661071777344   0.4616661071777344   
0.4633064568042755   0.4633064568042755   
0.46345633268356323   0.46345633268356323   
0.46790799498558044   0.46790799498558044   

