13:26:01: local_reinforcement_logger.log_message +32: INFO     starting an RL run
13:26:02: local_reinforcement_logger.timestep_report +41: INFO     
 Step 0   Fraction valid SMILES: 100.0   Score: 0.4631   Time elapsed: 0   Time left: 0.0
  Agent     Prior     Target     Score     SMILES
-55.06    -55.06    -40.43      0.46      C1C2CC1C(C(Nc1cc(-c3nc4c(nn3)[nH]c(=N)nc4C(F)(F)F)c(F)cc1)=O)(c1ccccc1)C2
-26.46    -26.46    -11.58      0.46      c1(OC)c(OC)cc(C2SC(c3cc(C(F)(F)F)ccc3)=NN2)cc1
-27.57    -27.57    -12.66      0.47      N1(C2CCN(C(=O)C)CC2)CCc2cc(OC3COCC3)ccc21
-28.60    -28.60    -13.91      0.46      Fc1ccc(NC(=O)C)cc1C(N1CCN(S(=O)(c2ccc(F)cc2)=O)CC1)=O
-28.78    -28.78    -13.98      0.46      c1c(CCn2c3nc(=O)n(Cc4ccco4)c(=O)c-3nc3c2cccc3)cccc1
-23.02    -23.02     -8.26      0.46      c1ccccc1CC1(CO)CCN(C(=O)Cc2ccc3c(c2)OCO3)CC1
-27.75    -27.75    -12.85      0.47      O=C(N)c1cccc2[nH]n(-c3cccc(C)c3)c(=N)c21
-26.37    -26.37    -11.28      0.47      c1ccc(N(c2ccccc2)Cc2c(O)[nH]c(=N)s2)cc1
-22.80    -22.80     -7.98      0.46      N1(Cc2nc(-c3cccc(F)c3)oc2)CCCCC1Cn1cncn1
-26.16    -26.16    -11.44      0.46      C1OCCN(CCNC(c2cc3c4c(c(=O)n(C(C)C)c3cc2)cccc4)=O)C1
Human-Component   raw_Human-Component
0.45708924531936646   0.45708924531936646   
0.464939683675766   0.464939683675766   
0.46602362394332886   0.46602362394332886   
0.4592866599559784   0.4592866599559784   
0.4624631404876709   0.4624631404876709   
0.46150290966033936   0.46150290966033936   
0.46565622091293335   0.46565622091293335   
0.471660852432251   0.471660852432251   
0.46325114369392395   0.46325114369392395   
0.4601065218448639   0.4601065218448639   

13:26:02: local_reinforcement_logger.timestep_report +41: INFO     
 Step 1   Fraction valid SMILES: 100.0   Score: 0.4646   Time elapsed: 1   Time left: 24.5
  Agent     Prior     Target     Score     SMILES
-30.46    -30.44    -15.77      0.46      C(OC(CCC(C(OC)=O)=NC(=O)C(NC(C(CC(C)C)NC(=O)OCc1ccccc1)=O)CC(C)C)=O)C
-32.34    -32.28    -17.53      0.46      c12[nH]nc(-c3ccc(OC)cc3C)c1cc(C(N(CCC)CCC)=O)cc2
-42.49    -42.48    -27.85      0.46      C(C(=O)NNc1ccc(OC)cc1)C(C(=O)O)Sc1cc(NC(=O)CCc2ccccc2)ccc1
-38.73    -38.72    -23.83      0.47      N1C2C(c3ccsc3)c3c(c([N+](=O)[O-])ccc3)CC2C(C)N(C)C1=O
-32.23    -32.25    -17.47      0.46      CC(C(C(=O)N=c1sc2c(cccc2)[nH]1)(NC(=O)C)C#N)(C)C
-18.59    -18.62     -3.67      0.47      c1cc(C=Cc2nc3ccccc3c(=O)n2Cc2ccccc2)ccc1
-32.10    -32.03    -17.32      0.46      n1(-c2ccncc2)c(C2CCCCN2C(COc2ccccc2)=O)ncc1-c1ccccc1
-30.13    -30.05    -15.25      0.46      c1c(-c2c(-c3ccccc3OC)c3c(o2)ccc(Cl)c3)ccc(S(=O)(N)=O)c1
-28.96    -28.93    -14.03      0.47      c1c(Br)ccc2c1c(CCNC(CC[S+](C)C)=O)c[nH]2
-62.14    -62.12    -47.32      0.46      C1C(Oc2cccc(OC)c2OC)CC2C1C1C(C#N)NC(=O)C2N1C(=O)CCCN(CC)CC
Human-Component   raw_Human-Component
0.4584727883338928   0.4584727883338928   
0.460845947265625   0.460845947265625   
0.4571131765842438   0.4571131765842438   
0.4652104675769806   0.4652104675769806   
0.4618810713291168   0.4618810713291168   
0.46735838055610657   0.46735838055610657   
0.45991647243499756   0.45991647243499756   
0.4625128209590912   0.4625128209590912   
0.46547651290893555   0.46547651290893555   
0.46228617429733276   0.46228617429733276   

13:26:03: local_reinforcement_logger.timestep_report +41: INFO     
 Step 2   Fraction valid SMILES: 96.9   Score: 0.4474   Time elapsed: 2   Time left: 32.0
  Agent     Prior     Target     Score     SMILES
-29.23    -29.08    -14.30      0.46      C(Nc1ccc([N+]([O-])=O)c(C(F)(F)F)c1)(=O)Nc1ccc(S(=O)(=O)Nc2ccc(C(O)=O)cc2)cc1
-25.89    -26.04    -11.15      0.47      c1c(CSc2c3c(nc(SCC)n2)scc3)cccc1
-33.91    -33.87    -33.87      0.00      c12c(c(O)c(CC)cc1O)c(C)c(O)c2O
-30.05    -30.01    -15.25      0.46      c12c(cc(OC)cc1)COC2c1oc(-c2ccc([N+](=O)[O-])cc2)nn1
-27.68    -27.57    -12.72      0.46      c1cc(S(=O)(=O)N(c2ccc(Oc3ccccc3)cc2)C(C)C(=NO)O)cc(C(F)(F)F)c1
-51.59    -51.53    -36.96      0.46      c1cccc(C(NC(C(NC(=O)C(Cc2ccc([N+]([O-])=O)cc2)NC(C(c2[nH]c(=O)[nH]c(=O)c2)O)O)CC(C)C)=O)c2ccc(C(=O)O)cc2)c1
-24.90    -25.03    -10.40      0.46      CC(C)OCCCNC(=O)CC1CC2(C(=O)OC)C(=CCCCC2)N(Cc2ccc(Cl)cc2Cl)C1=O
-26.11    -26.13    -11.39      0.46      c12c(cc(NC(c3cccc(C)c3C)=O)cc1)-c1c(c(C(=O)N)nn1-c1ccc(F)cc1)CC2
-23.48    -23.43     -8.60      0.46      c1(C(c2ccc(OC)cc2)N2C(CC(C)C)C(=O)NC(CC(C)C)C2=O)ccccc1
-41.48    -41.47    -26.69      0.46      CC(C)(C)COc1nc2c(c(N3CC(CO)CC3=O)n1)CN(C(NC)=O)C2
Human-Component   raw_Human-Component
0.4617505669593811   0.4617505669593811   
0.46542713046073914   0.46542713046073914   
0.0   0.0   
0.461151659488678   0.461151659488678   
0.4639688730239868   0.4639688730239868   
0.45536568760871887   0.45536568760871887   
0.4570421874523163   0.4570421874523163   
0.46063944697380066   0.46063944697380066   
0.46344199776649475   0.46344199776649475   
0.46190550923347473   0.46190550923347473   

13:26:04: local_reinforcement_logger.timestep_report +41: INFO     
 Step 3   Fraction valid SMILES: 100.0   Score: 0.4626   Time elapsed: 2   Time left: 23.5
  Agent     Prior     Target     Score     SMILES
-28.38    -28.44    -13.85      0.46      c1(C(=O)O)n(Cc2ccc(-c3c(S(=O)(NC(=O)CCC4CCCC4)=O)cccc3)cc2)c(CC)nc1C(C)(C)C
-19.60    -19.58     -4.66      0.47      CC(CCOc1ccc(C(CCN(C)C)=O)cc1)C
-20.76    -20.81     -5.94      0.46      c1(OC)ccc(CC(C(=O)N2CCOCC2)=NC(c2ccccc2)=O)cc1
-21.81    -21.87     -6.85      0.47      C(C(=O)Nc1ccccc1)(Nc1ccc(F)cc1)=O
-32.41    -32.35    -17.56      0.46      n1c(=Nc2c(F)cc(OC)cc2OC)[nH]ccc1-c1c(C)[nH]c(=NC)s1
-23.81    -23.99     -8.96      0.47      c1ccc2c(n(C)c(-c3ccc(F)cc3)c2C)c1
-19.60    -19.62     -4.52      0.47      CSc1ccc(C2S(=O)(=O)NC(=O)C2)cc1
-17.43    -17.48     -2.43      0.47      O=S(Nc1ccccc1)(c1ccc(N)cc1)=O
-24.71    -24.68     -9.97      0.46      c1(OC)cccc(CC(=O)NC2CC(=O)N(c3cc(C)c(C)cc3)C2)c1
-20.88    -20.93     -6.02      0.47      c1cc(C2CC(OCCCCO)OC(C(N3CCCCC3)=O)=C2)ccc1
Human-Component   raw_Human-Component
0.4557656943798065   0.4557656943798065   
0.46611639857292175   0.46611639857292175   
0.46449726819992065   0.46449726819992065   
0.4695591330528259   0.4695591330528259   
0.46202701330184937   0.46202701330184937   
0.4696105420589447   0.4696105420589447   
0.4717007875442505   0.4717007875442505   
0.47022637724876404   0.47022637724876404   
0.45989495515823364   0.45989495515823364   
0.46584734320640564   0.46584734320640564   

13:26:04: local_reinforcement_logger.timestep_report +41: INFO     
 Step 4   Fraction valid SMILES: 100.0   Score: 0.4631   Time elapsed: 3   Time left: 27.6
  Agent     Prior     Target     Score     SMILES
-24.99    -25.16    -10.52      0.46      c1ccc(N)cc1-c1cc2c(C(=O)NC)c(-c3ccc(F)cc3)oc2cc1N(C)S(=O)(C)=O
-27.40    -27.47    -12.71      0.46      c1(C(N(CCC)CC(Nc2ccc(Cl)cc2)=O)=O)cc2c(cccc2)cc1O
-50.61    -50.46    -35.88      0.46      O(c1ccc(C(=O)Nc2ccc3c(nnc(N4CCOCC4)c3)c2)cn1)c1ncc(C(NC)=O)cc1C(F)(F)F
-20.51    -20.58     -5.70      0.47      c1cccc(-c2cc(=O)c3c(c(OC)c(OCCN4CCCC4)cc3O)o2)c1
-26.47    -26.40    -11.57      0.46      c1nc2c(c(=O)n(C)c(=O)[nH]2)cc1-c1ccc(Oc2ccccc2)cc1
-28.39    -28.28    -13.52      0.46      c1(C(NC(c2cc3c(cc2)n(Cc2ccc(-c4ccccc4)cc2)c(C)c3C)=O)C)ccc(CN2CCN(CC)CC2)cc1
-26.21    -26.28    -11.36      0.47      s1c2c(cc(S(=O)(=O)N)cc2)sc1=NC(CCl)=O
-24.58    -24.61     -9.42      0.47      C1(N2CC(C)CCC2)C2CCCCN2CCC1
-42.61    -42.67    -28.10      0.46      S(CC(=O)OCC)CC(O)C(NC(=O)CNC(=O)C(NS(=O)(=O)c1ccc(C)cc1)Cc1ccccc1)C(C)C
-32.27    -32.05    -17.37      0.46      c1(C2=NC(=Cc3ccccc3)C(=O)N2N=C2c3cc(OC)c(OC)cc3CCC2)ccc(O)cc1
Human-Component   raw_Human-Component
0.45751455426216125   0.45751455426216125   
0.4613247215747833   0.4613247215747833   
0.4556628465652466   0.4556628465652466   
0.4650938808917999   0.4650938808917999   
0.4634557366371155   0.4634557366371155   
0.4610433876514435   0.4610433876514435   
0.4663597047328949   0.4663597047328949   
0.47475388646125793   0.47475388646125793   
0.4552444815635681   0.4552444815635681   
0.45885664224624634   0.45885664224624634   

13:26:05: local_reinforcement_logger.timestep_report +41: INFO     
 Step 5   Fraction valid SMILES: 100.0   Score: 0.4640   Time elapsed: 4   Time left: 30.0
  Agent     Prior     Target     Score     SMILES
-20.29    -20.22     -5.19      0.47      c1(CCCCOc2c(C)cc(-c3nn(C)nn3)cc2C)cc(C)no1
-37.79    -37.32    -22.72      0.46      C1(=O)N=c2c(cc(OC)c(OC)c2)=C(c2sc(=S)n(-c3cc(Cl)c(Cl)cc3)c2O)N1c1ccc(N(CC)CC)cc1
-35.38    -35.24    -20.44      0.46      N(CCOC)=c1[nH]cc(C(Nc2ccccc2N2CCN(C)CC2)=O)cc1-c1ccccc1C
-25.42    -25.29    -10.43      0.46      C1(=O)Nc2c(cccc2)C(c2ccc(OC)cc2)=[N+]([O-])C12CCCC2
-30.06    -29.92    -15.22      0.46      c12[nH]c(-c3ccc(OCCCCCCCN(CC)Cc4ccccc4OC)cc3)cc1[nH]c(=N)[nH]c2=O
-31.01    -30.94    -16.21      0.46      c1(C)cc(-c2c(C(=O)OC)n(Cc3ccc(Br)cc3)cn2)sc1
-26.27    -26.18    -11.40      0.46      O(c1c(NC(=O)CSc2ccccc2)c(=O)[nH]c(C)c1)C
-26.19    -26.19    -11.37      0.46      c1cc(C2N3CC4(C)C(=O)C(C)(CN2C4CC2CC2)C3)ccc1F
-32.24    -32.29    -17.34      0.47      O(c1c2c(ccn1)cc(C(NCC(=O)O)=O)nc2)C
-30.81    -30.66    -15.99      0.46      FC(c1ccc(-c2ccc(Cn3c4ccc(Cl)cc4c(=O)c(C(=O)O)c3)cc2)c(Cl)c1)(F)F
Human-Component   raw_Human-Component
0.46963566541671753   0.46963566541671753   
0.4560442864894867   0.4560442864894867   
0.46224716305732727   0.46224716305732727   
0.46425867080688477   0.46425867080688477   
0.45920318365097046   0.45920318365097046   
0.46026846766471863   0.46026846766471863   
0.46167829632759094   0.46167829632759094   
0.4632786214351654   0.4632786214351654   
0.46729224920272827   0.46729224920272827   
0.45857560634613037   0.45857560634613037   

13:26:05: local_reinforcement_logger.timestep_report +41: INFO     
 Step 6   Fraction valid SMILES: 100.0   Score: 0.4632   Time elapsed: 4   Time left: 25.1
  Agent     Prior     Target     Score     SMILES
-35.67    -35.73    -20.96      0.46      NC(C(COc1ccc(-c2sc(-c3[nH]cc(C(F)(F)F)n3)cc2)cc1)=O)OCC
-22.78    -22.92     -8.10      0.46      c1cc(N2CCCCCC2)ccc1NC(=O)NCc1ccco1
-25.81    -25.88    -11.09      0.46      [nH]1c(=NCCc2ccc(F)cc2)c2ncn(Cc3ccccc3)c2[nH]c1=N
-21.94    -22.01     -7.00      0.47      c12nc(-c3ccccc3)[nH]c(=O)c1c(CCC)[nH]n2
-28.63    -28.60    -13.76      0.46      [nH]1c2c([nH]c(=O)c1=O)c([N+](=O)[O-])cc(S(=O)(=O)Nc1c(F)cccc1)c2
-36.16    -36.24    -21.52      0.46      O(CCCCN(c1[nH]c2c(c(=Nc3cccc(C)c3)n1)ncn2CC(CO)O)C)C
-30.95    -30.84    -16.04      0.46      c1c(CN=c2[nH]c(Cl)cc(-c3nn(CCC)cc3)c2)c(OC)ccc1
-18.20    -18.25     -3.31      0.47      O=c1cc(N2CCOCC2)sc(-c2ccc(-c3ccc(O)cc3)cc2)c1
-30.16    -30.09    -15.06      0.47      c1(CN2C3CCC2CC3)cc(F)c(CN2CCC(N(C)C)CC2)cc1
-30.37    -30.46    -15.82      0.46      C(c1ccccc1O)=NNC(NNC(COc1c(Cl)cc(Cl)cc1)=O)=S
Human-Component   raw_Human-Component
0.46154066920280457   0.46154066920280457   
0.4629804790019989   0.4629804790019989   
0.46241313219070435   0.46241313219070435   
0.4692791700363159   0.4692791700363159   
0.4636092185974121   0.4636092185974121   
0.4600079655647278   0.4600079655647278   
0.46244505047798157   0.46244505047798157   
0.46701669692993164   0.46701669692993164   
0.4696374237537384   0.4696374237537384   
0.45745301246643066   0.45745301246643066   

13:26:06: local_reinforcement_logger.timestep_report +41: INFO     
 Step 7   Fraction valid SMILES: 96.9   Score: 0.4477   Time elapsed: 5   Time left: 26.9
  Agent     Prior     Target     Score     SMILES
-33.45    -33.32    -18.54      0.46      Cc1ccc(-c2[nH]c3c([nH]c(=Nc4ccc(OC)cc4)nn3)c(=N)n2)cc1
-34.30    -34.72    -19.93      0.46      C(Nc1cc(NC(=O)C)ccc1)(C(F)(F)F)(C(F)(F)F)NC(=O)Cc1ccc(OCC)cc1
-39.44    -39.28    -24.54      0.46      c1c(-c2nc3c([nH]2)c(=NCC(C)C(F)(F)F)cc(C(N)=O)[nH]3)cccc1O
-22.65    -22.69     -7.94      0.46      C(C)c1c(NC(CSc2nc(-c3occc3)cc(C(F)(F)F)n2)=O)c(CC)ccc1
-40.12    -39.95    -39.95      0.00      n1c2c(nc(OCC)n1CC(=O)c1cc(OC3CCCC3)c(Cl)cc1)cccc2
-32.56    -32.43    -17.78      0.46      c1c(Cc2ccc(OCCCCC(=O)O)cc2)c2c(c(C)c1C)CC1C(C)(C)C(O)CCC12C
-21.04    -21.08     -6.30      0.46      c1cc(-c2c(C=C3SC(=N)N(c4nccs4)C3=O)c[nH]n2)ccc1Br
-42.17    -42.27    -27.49      0.46      C1(COc2cccc3cccnc23)N2CCN(Cc3ccc(Cl)cc3)C2CC1NC(=O)C
-21.34    -21.14     -6.08      0.47      C1(=O)c2c(nc(C)[nH]2)C(=O)C=C1
-38.63    -38.47    -23.91      0.45      c1(COC2CC(C(NC(C=O)C(C)(C)C)=O)N(C(=O)C(C(C)C)NC(OCc3ccccc3)=O)C2)ccsc1
Human-Component   raw_Human-Component
0.4618225693702698   0.4618225693702698   
0.4621492624282837   0.4621492624282837   
0.46054399013519287   0.46054399013519287   
0.46089544892311096   0.46089544892311096   
0.0   0.0   
0.45771926641464233   0.45771926641464233   
0.46199706196784973   0.46199706196784973   
0.46206673979759216   0.46206673979759216   
0.47078409790992737   0.47078409790992737   
0.4548362195491791   0.4548362195491791   

13:26:07: local_reinforcement_logger.timestep_report +41: INFO     
 Step 8   Fraction valid SMILES: 100.0   Score: 0.4630   Time elapsed: 5   Time left: 23.3
  Agent     Prior     Target     Score     SMILES
-34.92    -34.79    -20.05      0.46      C(=O)(OCC)c1c(C)n(CCC#N)c(=O)c(CNC(=O)c2ccccc2)c1-c1ccc(C)cc1
-23.98    -24.09     -9.15      0.47      Clc1cc2[nH]cc(C(C(NCCCO)=O)=O)c2cc1
-43.80    -44.10    -29.56      0.45      c1c(N2C3=C(C(c4ccc(C#N)cc4C(N4C(CN)CC(NS(=O)(=O)C)C4)=O)N(C)C2=O)C(=O)CC3)cc(Cl)cc1
-27.38    -27.38    -12.49      0.47      c12cc(CO)oc1c1c(cc2)c(=O)cc(-c2ccc(OC)cc2)o1
-41.70    -41.82    -26.84      0.47      c12c(CCCNC3CC3)cn(C)n1cc1c2ccc(OC)c1
-23.43    -23.37     -8.70      0.46      c1ccc(NC(=S)NN=CC=Cc2cc([N+]([O-])=O)ccc2)cc1
-26.39    -26.35    -11.32      0.47      C1C2C(CCC1)C(C)(C)C(C(=O)O)CC2
-40.62    -40.97    -26.13      0.46      C(C(c1c[nH]c2ccc(OC)cc12)=O)NCCCCn1cnc(C(NC)=O)n1
-31.99    -32.01    -17.06      0.47      C(C(c1ccc2c(c3c(ccc(C(C)(C)C)c3)n2C)c1)n1ccnc1)C
-21.39    -21.45     -6.52      0.47      FC(c1cc(Cl)c(-n2nnc3ccccc23)c(Cl)c1)(F)F
Human-Component   raw_Human-Component
0.4605640172958374   0.4605640172958374   
0.4668402671813965   0.4668402671813965   
0.4543934762477875   0.4543934762477875   
0.4654867351055145   0.4654867351055145   
0.46820300817489624   0.46820300817489624   
0.4582228660583496   0.4582228660583496   
0.469666063785553   0.469666063785553   
0.463568776845932   0.463568776845932   
0.46732473373413086   0.46732473373413086   
0.46645042300224304   0.46645042300224304   

13:26:07: local_reinforcement_logger.timestep_report +41: INFO     
 Step 9   Fraction valid SMILES: 96.9   Score: 0.4480   Time elapsed: 6   Time left: 24.6
  Agent     Prior     Target     Score     SMILES
-28.73    -28.75    -13.94      0.46      c1(F)c(C(F)(F)F)cc(-c2csc3[nH]cnc(=NCC4OCCC4)c32)cc1
-18.66    -18.57     -3.92      0.46      c12c(c(=O)n3c(c1)-c1c(cc4cc(O)ccc4n1)C3)COC(=O)C2(O)CC
-27.67    -27.66    -12.78      0.46      c1cc2sc(=NS(=O)(=O)c3sc(Br)cc3)[nH]c2c(C(F)(F)F)c1
-31.68    -31.69    -16.87      0.46      c1(C)nc2c3ccccc3oc2c(OCC(NCCCN2CCN(CC)CC2)=O)n1
-30.78    -30.76    -16.03      0.46      c1(=O)c(C(NOCCCO)=O)cn(-c2ccccc2)c2c1ccc(Cl)c2
-29.56    -29.66    -14.65      0.47      O(CC(=C)C)C(CSc1c(C(=O)O)scc1)=O
-26.64    -26.78    -12.07      0.46      c1(OC)c(OC)c(OC)cc(CN2C(=O)C(=Cc3ccc(-c4ccc(Cl)c(C(O)=O)c4)o3)SC2=O)c1
-22.13    -22.34     -7.36      0.47      C(O)(c1nn(-c2ccccc2)c(=O)cc1)OC
-21.26    -21.28     -6.67      0.46      C(c1ccccc1)=CC(=O)Nc1ccc(S(N=c2nc(C)[nH]c(C)c2)(=O)=O)cc1
-28.36    -28.45    -13.72      0.46      COc1c(OC)cc(Cn2cnc3c(N4CCOCC4)nc(-c4ccncc4)nc32)cc1OC
Human-Component   raw_Human-Component
0.4627920687198639   0.4627920687198639   
0.45793020725250244   0.45793020725250244   
0.4649214744567871   0.4649214744567871   
0.4629608392715454   0.4629608392715454   
0.46006661653518677   0.46006661653518677   
0.468941330909729   0.468941330909729   
0.4596451222896576   0.4596451222896576   
0.4680674374103546   0.4680674374103546   
0.4564995765686035   0.4564995765686035   
0.4602419435977936   0.4602419435977936   

13:26:08: local_reinforcement_logger.log_message +32: INFO     Resetting Agent
13:26:08: local_reinforcement_logger.log_message +32: INFO     Adjusting sigma to: 82
13:26:08: local_reinforcement_logger.timestep_report +41: INFO     
 Step 10   Fraction valid SMILES: 96.9   Score: 0.4481   Time elapsed: 7   Time left: 25.5
  Agent     Prior     Target     Score     SMILES
-44.71    -44.42    -29.78      0.46      Oc1c(Cl)cc(Cl)c(CN=c2[nH]c(=NCc3cc(O)ccc3)c(-c3nnc(-c4ccccc4)o3)c[nH]2)c1
-20.14    -20.21     -5.32      0.47      c1(-c2cc(=O)c3c(cccc3)o2)c(C)cccc1
-51.10    -50.39    -35.75      0.46      c1c(C(O)CC(=O)Nc2cc(C3CC(=O)Nc4ccc(C)cc43)ccc2CC=C)cc(O)c(O)c1
-27.98    -28.36    -13.48      0.47      n1cc(N2CCCC(NC(=O)CC)C2)c(C#N)cc1
-35.43    -35.55    -20.63      0.47      N(C(c1ccccc1)C1C(C(OC)=O)Cc2ccccc2C1)C(c1ccccc1)=O
-30.14    -30.02    -30.02      0.00      C(c1nc2c(ccc3c(cccc3)c2)cc1)Oc1ccccc1
-43.27    -43.39    -28.78      0.46      c12c(C(O)=O)cccc1n(-c1c(N(S(=O)(c3cccc4c3cccc4N(C)C)=O)CCC)cccc1)nc2C
-26.92    -26.99    -12.17      0.46      c1(S(=O)(N2CCCc3c2cccc3)=O)ccc(C(=O)NCC2COc3c(cccc3)O2)cc1
-34.59    -34.45    -19.64      0.46      CN1S(=O)(=O)c2ccccc2-c2c1c1n(c(N(C)Cc3ccc(F)cc3)n2)ccc1
-30.25    -30.25    -15.65      0.46      c1cc2oc(C(Nc3ccccc3)=O)cc2c(=Nc2cccc(C(F)(F)F)c2)[nH]1
Human-Component   raw_Human-Component
0.45734724402427673   0.45734724402427673   
0.46531832218170166   0.46531832218170166   
0.4575795531272888   0.4575795531272888   
0.46508267521858215   0.46508267521858215   
0.4663950204849243   0.4663950204849243   
0.0   0.0   
0.4568061828613281   0.4568061828613281   
0.46308669447898865   0.46308669447898865   
0.4628213942050934   0.4628213942050934   
0.45625442266464233   0.45625442266464233   

13:26:09: local_reinforcement_logger.timestep_report +41: INFO     
 Step 11   Fraction valid SMILES: 100.0   Score: 0.4627   Time elapsed: 8   Time left: 26.0
  Agent     Prior     Target     Score     SMILES
-37.98    -37.98     -0.29      0.46      N1(C(C(C(C)C)NC(=O)OC(C)(C)C)O)CCC(c2cc(-c3cccc(Cl)c3)nn2-c2ccccc2C)CC1
-35.94    -35.94      2.03      0.46      S(CCOc1ncc(-c2cc(OC)c(-n3cnc(C)c3)cc2)cc1)c1cc(C)ccc1
-19.20    -19.20     18.75      0.46      c1(C(=O)OCC)[nH]c2ccc(OC)cc2c1N
-48.64    -48.64    -11.62      0.45      N1=C(C(N=c2[nH]cc([N+](=O)[O-])s2)=O)SC2N(NC(=S)Nc3cc(OCCCC)ccc3)C(C)=C(C(=O)OCC)C12C
-34.89    -34.89      3.23      0.46      C(CCCC)CCCCCCCCCCCCC(OC1C2C(O)(COC(=O)C)OC(CO)(O1)C2)=O
-35.89    -35.89      1.80      0.46      c1cc(C(F)(F)F)c(O)cc1N=c1c2c(ccc(-c3ccc(OC)c(CNCCS(C)(=O)=O)c3)c2)[nH]cc1
-31.29    -31.29      6.64      0.46      O=C(N=c1[nH]occ1)NC(c1cc(NC(=O)CBr)ccc1Cl)=O
-23.28    -23.28     14.59      0.46      c1(OC)c(OCc2ccc([N+]([O-])=O)cc2)ccc(CC2=NC(=O)NC2=O)c1
-19.82    -19.82     18.33      0.47      c1cc(Cc2n3cc(Cl)ccc3nc2-c2ccc(Cl)cc2)ccc1OC
-44.71    -44.71     -6.32      0.47      O(CC1C2(C)C3(C(C4CCC(O)C4(C)C)(CC3)OC2=O)O1)C1C(O)C(O)C(O)CO1
Human-Component   raw_Human-Component
0.4595916271209717   0.4595916271209717   
0.4631083607673645   0.4631083607673645   
0.46277809143066406   0.46277809143066406   
0.45143041014671326   0.45143041014671326   
0.4649309515953064   0.4649309515953064   
0.45963072776794434   0.45963072776794434   
0.4625392556190491   0.4625392556190491   
0.4619108736515045   0.4619108736515045   
0.4652511179447174   0.4652511179447174   
0.46814507246017456   0.46814507246017456   

13:26:10: local_reinforcement_logger.timestep_report +41: INFO     
 Step 12   Fraction valid SMILES: 96.9   Score: 0.4483   Time elapsed: 8   Time left: 23.4
  Agent     Prior     Target     Score     SMILES
-21.53    -21.57     16.51      0.46      c1cc(C2N(NC(c3ccc([N+](=O)[O-])cc3)=O)C(=O)C2Cl)ccc1
-28.15    -28.11      9.65      0.46      c1(C(Nc2cccc(Cl)c2)=O)ccccc1NCc1nccnc1
-32.51    -32.50      5.17      0.46      c1cc(C)c(CC(C(O)=O)NC(c2ccc(N)c(OCc3ccccc3)c2O)=O)cc1
-21.03    -21.01     17.05      0.46      c1(CNC(=O)c2oc([N+](=O)[O-])cc2)ccc(Cl)c(Cl)c1
-24.45    -24.47     13.39      0.46      c1cc2nc(C(=O)c3ccc(Oc4c(C5CN(C(C)C)CC5)cccn4)cc3)[nH]c2cc1
-33.65    -33.76      4.20      0.46      C(N=c1c2c(nc(-n3c4ccccc4cn3)[nH]1)cccc2)CCCN1CCOCC1
-30.59    -30.55      7.37      0.46      c1(-c2c(S(NCCc3ccccc3)(=O)=O)cccc2)nc(C(=O)OC)cs1
-22.52    -22.52     15.72      0.47      O=C1CC(C)N(C(OC(C)(C)C)=O)c2ccccc2N1
-36.10    -36.11      1.63      0.46      c12c(n(C3C(O)C(O)C(CO)O3)cc1C=CC(=O)N=C1C(C(O)=O)C3CC1C=C3)cccc2
-25.48    -25.52     12.61      0.46      c1c(Cl)c2c(c([N+]([O-])=O)c1)C=C(C(=O)O)CO2
Human-Component   raw_Human-Component
0.4644611179828644   0.4644611179828644   
0.46042951941490173   0.46042951941490173   
0.4594886600971222   0.4594886600971222   
0.46422383189201355   0.46422383189201355   
0.46171149611473083   0.46171149611473083   
0.46294480562210083   0.46294480562210083   
0.46236908435821533   0.46236908435821533   
0.466421514749527   0.466421514749527   
0.46025046706199646   0.46025046706199646   
0.4649589955806732   0.4649589955806732   

13:26:10: local_reinforcement_logger.timestep_report +41: INFO     
 Step 13   Fraction valid SMILES: 100.0   Score: 0.4630   Time elapsed: 9   Time left: 23.8
  Agent     Prior     Target     Score     SMILES
-26.86    -26.79     10.70      0.46      c1cc(S(=O)(=O)N=c2[nH]ccs2)ccc1N=c1c(C(N)=O)cc(C(F)(F)F)c[nH]1
-30.83    -30.83      7.28      0.46      CC(C)C(C(OC(=O)C=Cc1ccccc1)C(=O)OCC)=NC(=O)C
-21.17    -21.14     17.02      0.47      c1cc(NC(=O)CCCC(=O)O)ccc1N(CC)CC
-28.88    -28.84      8.70      0.46      c1c(OC)ccc(-c2n[nH]cc2C=Nc2sc(CC(=O)O)c(O)n2)c1
-23.58    -23.53     14.66      0.47      c1c(F)c(NNC(Nc2ccc(OC)cc2)=S)c(F)c(F)c1
-25.39    -25.40     12.72      0.46      c1c(N(C)Cc2n[nH]nn2)ccc2c1nc[nH]2
-38.59    -38.61     -0.64      0.46      CC(C)Oc1nn(-c2c(C(F)(F)F)cccc2)c(-c2ccc(Cl)cc2)c1C(=O)NN
-28.79    -28.92      9.10      0.46      CCCCCCCC#Cc1c2c(c3ccccc3oc2=O)sc1
-36.55    -36.70      1.24      0.46      C(CNC(Cn1ncc(-c2n3cc(C4CCCCC4)ncc3nc2)n1)=O)(F)(F)F
-28.25    -28.20     10.58      0.47      c1c(OC(=O)c2cc(O)c(O)c(O)c2)cc(OC(c2cc(O)c(O)c(O)c2)=O)cc1CO
Human-Component   raw_Human-Component
0.45718252658843994   0.45718252658843994   
0.4647369682788849   0.4647369682788849   
0.46535199880599976   0.46535199880599976   
0.4578120708465576   0.4578120708465576   
0.4657272398471832   0.4657272398471832   
0.46493786573410034   0.46493786573410034   
0.46301552653312683   0.46301552653312683   
0.46362072229385376   0.46362072229385376   
0.46273234486579895   0.46273234486579895   
0.4729246497154236   0.4729246497154236   

13:26:11: local_reinforcement_logger.timestep_report +41: INFO     
 Step 14   Fraction valid SMILES: 96.9   Score: 0.4492   Time elapsed: 10   Time left: 24.0
  Agent     Prior     Target     Score     SMILES
-26.24    -26.19     12.34      0.47      c1(CN(C)C)c(O)c(O)c(C(=O)C)c(O)c1
-20.71    -20.64     17.64      0.47      c1c(C(=O)Nc2cccc(C(C)=O)c2)c(C)ccc1
-21.53    -21.53     16.18      0.46      c1(-c2cn(C)nc2)cc(C(=O)N=c2cc(-c3ccc4c(c(C)co4)c3)nc(C)[nH]2)ccc1
-41.34    -41.33     -3.78      0.46      c1ccc(C(CC(=N)NN=Cc2cn(Cc3ccccc3[N+]([O-])=O)c3ccccc23)S)cc1
-25.93    -25.90     12.13      0.46      C(CC1CCC=C1C(Nc1ccccc1)=O)CC
-19.40    -19.50     18.41      0.46      C1C(c2cc(OC)c(OC)c(OC)c2)=NOC1C(NCCCC)=O
-29.49    -29.58      8.13      0.46      c1cc(OC)ccc1S(=O)(=O)CCc1nc(-c2ccccc2)c(C(OCC)=O)s1
-52.34    -52.69    -15.59      0.45      C1(OC(=O)NC(C(O)CC(Cc2ccc(CCCN(C)Cc3ccccc3)cc2)C(=O)O)O)C(OC2C(N)C(O)C(O)C(C(N)C)O2)C(O)C(CO)O1
-29.91    -29.92      8.33      0.47      C(CC)[n+]1cc(SCc2ccccc2)c(OCC)cc1
-21.48    -21.58     16.41      0.46      c1ccc(NC(CCC(NN=CCCc2ccccc2)=O)=O)cc1
Human-Component   raw_Human-Component
0.46985021233558655   0.46985021233558655   
0.46692004799842834   0.46692004799842834   
0.4598954916000366   0.4598954916000366   
0.45800694823265076   0.45800694823265076   
0.46377211809158325   0.46377211809158325   
0.4623796343803406   0.4623796343803406   
0.459807813167572   0.459807813167572   
0.4523483216762543   0.4523483216762543   
0.466454416513443   0.466454416513443   
0.4633390009403229   0.4633390009403229   

13:26:12: local_reinforcement_logger.timestep_report +41: INFO     
 Step 15   Fraction valid SMILES: 100.0   Score: 0.4637   Time elapsed: 11   Time left: 24.1
  Agent     Prior     Target     Score     SMILES
-40.65    -40.89     -3.02      0.46      n12[nH]c(=O)c(CNC(c3c(=NC4CCC(N)CC4)cc[nH]c3)O)c1nccc2
-25.60    -25.74     12.60      0.47      O1c2cc(CNC3CCCc4ccccc43)ccc2OCCC1
-24.54    -24.68     13.32      0.46      [N+](c1ccc(COc2c(OCc3ccc([N+](=O)[O-])cc3)cc3c(c2)C=CC(C)(C)O3)cc1)([O-])=O
-39.71    -40.01     -2.08      0.46      c1cncc(C(NCCCCSc2nc(N)c(C)c(=O)[nH]2)=O)n1
-20.41    -20.41     18.07      0.47      O(C(=O)Nc1ccc(N2CCN(c3ccccc3)CC2)cc1)C
-22.55    -22.44     15.29      0.46      c1c(-c2c(=O)nc(C)n(-c3ccc(OC(F)(F)F)cc3)c2C)cccc1
-23.02    -23.06     15.32      0.47      c1c(C=CC(N2CC=CCC2=O)=O)csc1
-28.53    -28.45      9.43      0.46      c1cc2c(cc1C(=O)Nc1ccc(NC(=O)C)cc1)c(-c1ccc(C)cc1)c[nH]2
-18.48    -18.56     19.91      0.47      n12c(=O)n(CCCCNCc3ccccc3)c(O)c1CCC2
-31.22    -31.16      6.10      0.45      c1cc(S(=O)(Nc2cc(C(NCC(C)(N3CCOCC3)C)=O)ccc2C)=O)c2c(nsn2)c1
Human-Component   raw_Human-Component
0.461851567029953   0.461851567029953   
0.4676545560359955   0.4676545560359955   
0.46342045068740845   0.46342045068740845   
0.4625245928764343   0.4625245928764343   
0.4692891240119934   0.4692891240119934   
0.4601944088935852   0.4601944088935852   
0.46808576583862305   0.46808576583862305   
0.4619585871696472   0.4619585871696472   
0.4691298305988312   0.4691298305988312   
0.45437610149383545   0.45437610149383545   

13:26:13: local_reinforcement_logger.timestep_report +41: INFO     
 Step 16   Fraction valid SMILES: 96.9   Score: 0.4485   Time elapsed: 12   Time left: 24.0
  Agent     Prior     Target     Score     SMILES
-34.69    -34.44      3.30      0.46      c1(-c2c3ccccc3c(=Nc3cc(Cl)c(Br)cc3Cl)[nH]n2)ccc(O)c(OC)c1
-19.57    -19.63     18.28      0.46      c1cccc(NC(=S)NNC(COc2ccc(Cl)cc2)=O)c1
-24.62    -24.62     13.74      0.47      c1cc2[nH]c(=NC(CCCl)=O)sc2c(OC)c1
-23.15    -23.35     14.50      0.46      c1c(C)ccc(NC(=O)C2CCC(CNS(Cc3ccccc3)(=O)=O)CC2)c1
-27.11    -27.18     11.53      0.47      c1(C2CCC(CNC3CC3)=CC2)cc(F)ccc1
-39.45    -39.24     -1.63      0.46      OC(=O)C1C(C)=Nc2nc(-c3c(Cl)cccc3)nn2C1c1c(Oc2ccccc2)nc2cc(C)c(C)cc2c1
-49.13    -48.99    -11.24      0.46      C1(=O)NC(=S)NC(=O)C1(CC(C1=C(OC)C2(CC=C(C)C)C(=O)C(CC=C(C)C)(C2=O)C(C)(C)C1CC=C(C)C)=O)CCCCCC(C)C
-20.56    -20.53     18.47      0.48      Oc1c(CCCCCCCCCCO)ccc(O)c1
-30.39    -30.45      7.52      0.46      C1(NC(c2ccc(OCCCCC)cc2)=O)CCN(C(NCCCC)=S)CC1
-24.26    -24.28     13.64      0.46      c1c(C(=O)c2cc(C)c(O)c(C(OC)=O)c2)ccc(C(O)=O)c1
Human-Component   raw_Human-Component
0.46028319001197815   0.46028319001197815   
0.46229055523872375   0.46229055523872375   
0.4677564203739166   0.4677564203739166   
0.46160316467285156   0.46160316467285156   
0.47208845615386963   0.47208845615386963   
0.45873329043388367   0.45873329043388367   
0.4604489803314209   0.4604489803314209   
0.47568947076797485   0.47568947076797485   
0.46315062046051025   0.46315062046051025   
0.46248871088027954   0.46248871088027954   

13:26:14: local_reinforcement_logger.timestep_report +41: INFO     
 Step 17   Fraction valid SMILES: 100.0   Score: 0.4641   Time elapsed: 12   Time left: 22.0
  Agent     Prior     Target     Score     SMILES
-25.07    -25.20     13.09      0.47      C1C(c2occc2)CC(=O)Nc2c1cnn2C
-33.78    -33.61      4.30      0.46      O=c1c(-c2c(NCCN(C)C)nc3cccc(C)n32)cc2ccccc2o1
-42.75    -42.70     -5.13      0.46      c1(C)ccc(-c2[nH]c(=NCCN=c3nc(N4C(N)CC(N(C)C)CC4)[nH]cc3)sc2)cc1
-31.58    -31.61      6.51      0.46      C12C(C3CCC(C(C)CCCC(C)C)C3(C)CC1)C(OC1OC(CO)C(O)C(O)C1O)CC1C2(C)CCC1
-27.05    -27.17     11.12      0.47      c1(C(=O)O)sc2c(n1)cccc2Cc1ccccc1
-23.74    -23.71     14.10      0.46      c1(Cl)ccc(CNC(=O)Oc2c(C(Nc3ccccc3)=O)cc(Cl)cc2)cc1
-29.05    -28.95      9.31      0.47      O=C(CN1CCSCC1)N1CCOC(c2c(Cl)cc(Cl)cc2)C1
-17.14    -17.33     20.85      0.47      C1(=O)SC(=Cc2ccc(OCCC3CCCCC3)cc2)C(=O)N1
-21.42    -21.56     16.95      0.47      c12cc(C)c(C)cc1N=C(C)N(CCN1CCOCC1)C2c1ccccc1
-21.27    -21.55     16.17      0.46      c12c(n(CCCCC)cc(C(NC3CCCCCC3)=O)c1=O)cc(OC)c(OC)c2
Human-Component   raw_Human-Component
0.46701472997665405   0.46701472997665405   
0.4622996151447296   0.4622996151447296   
0.45823243260383606   0.45823243260383606   
0.4648827314376831   0.4648827314376831   
0.46694785356521606   0.46694785356521606   
0.46114999055862427   0.46114999055862427   
0.46665817499160767   0.46665817499160767   
0.46560171246528625   0.46560171246528625   
0.46955522894859314   0.46955522894859314   
0.460068017244339   0.460068017244339   

13:26:14: local_reinforcement_logger.timestep_report +41: INFO     
 Step 18   Fraction valid SMILES: 100.0   Score: 0.4621   Time elapsed: 13   Time left: 21.9
  Agent     Prior     Target     Score     SMILES
-32.92    -32.92      4.92      0.46      c1(-c2cn(C)nc2)cnc2nc(N3CCC(NC(C(C)N)=O)CC3)ccc2n1
-21.64    -21.65     16.36      0.46      c1c(C(=O)Nc2ccc(C(O)=O)cc2)c(OCC)ccc1
-36.12    -35.94      1.75      0.46      ON=C(N)c1ccc(-c2cc(-n3cc(OC(C#N)C)c(C(N)=O)n3)ccc2)cc1
-30.93    -31.02      6.81      0.46      c12c3c(cc(Cl)c1)NC(=O)C3(CNC(=O)CCC)CC2
-61.07    -60.38    -23.05      0.46      O(c1c(Cl)cccc1)c1ccc(-n2c(CNC3CCCCC3)nc3ccc(-c4cc(CN5CC(C(C)(C)C)C5)cnc4)cc3c2=O)cc1
-30.52    -30.46      7.39      0.46      C(=O)(O)c1cc(NC2=NC(=O)N(C)C(=O)C2(C)CC(C)C)ccc1
-44.40    -44.05     -6.49      0.46      c1(NC(=O)CNCCCN=CCC2C(=O)CC(c3ccc([N+]([O-])=O)cc3)CC2=O)ccc(C)cc1
-44.65    -44.96     -6.81      0.47      N(CCCCCCCCCCCCCCC)C(CCC1C(=O)N=C(NC(C)C(=O)N)NC1=O)=O
-22.71    -22.66     15.59      0.47      c1ccc(C2(c3ccccc3)CC(Cn3nnc(-c4ccccc4)c3)OC2=O)cc1
-28.18    -28.26     10.19      0.47      c1nc2c(Br)cccc2c(C(=C)N(C)C)c1
Human-Component   raw_Human-Component
0.4614875614643097   0.4614875614643097   
0.4635375738143921   0.4635375738143921   
0.45965227484703064   0.45965227484703064   
0.4613642692565918   0.4613642692565918   
0.4552074372768402   0.4552074372768402   
0.46149811148643494   0.46149811148643494   
0.45801401138305664   0.45801401138305664   
0.4652239680290222   0.4652239680290222   
0.46644511818885803   0.46644511818885803   
0.46885770559310913   0.46885770559310913   

13:26:15: local_reinforcement_logger.timestep_report +41: INFO     
 Step 19   Fraction valid SMILES: 96.9   Score: 0.4481   Time elapsed: 14   Time left: 21.7
  Agent     Prior     Target     Score     SMILES
-28.62    -28.77      8.58      0.46      FC(c1cccc(CC(N2CCC3(CCCN(C(=O)Nc4ccc(OC)cc4)C3)CC2)=O)c1)(F)F
-28.69    -28.57      9.25      0.46      [O-][N+](=O)c1cccc2c1C(=O)C(=Cc1ccc(OC)c(OC)c1)CC2
-23.43    -23.59     14.02      0.46      O1c2c(Cl)cc(CN(C(C3CCN(Cc4c(C)ccc(C)c4)C3)=O)CC(C)C)cc2OCCC1
-23.26    -23.30     14.87      0.47      c1(C(O)=O)ccccc1-n1ccc2c(cccc2)c1=O
-40.32    -40.46     -2.67      0.46      N1(C)CCCC1CNC(=O)CCn1c2c(c(-c3c4c(ccc3)cccc4)ncn2)c2ccccc21
-39.90    -40.23     -2.77      0.46      C(CCNC(N(CCCCCCC)CCCCCSc1nc2cc(Cl)ccc2cc1)=NC#N)CO
-22.09    -22.29     15.84      0.47      OCCCN=c1c2c(nc(-c3ccccc3)[nH]1)ccs2
-27.32    -27.53     10.53      0.46      N(C)C(=O)N(c1cc(=Nc2ccc(N3CCN(C)CC3)cc2)nc2c(C#N)c[nH]n12)C
-34.08    -34.33      3.24      0.46      c1c([N+](=O)[O-])cc([N+]([O-])=O)cc1COC(C(NC(=S)N1CCOCC1)C)=O
-39.54    -38.86     -0.93      0.46      c1c(OCC)ccc(N2C(c3c(F)ccc(C(F)(F)F)c3)c3[nH]cnc3C(CO)C2)c1
Human-Component   raw_Human-Component
0.4555947780609131   0.4555947780609131   
0.46118852496147156   0.46118852496147156   
0.4586770534515381   0.4586770534515381   
0.4654817283153534   0.4654817283153534   
0.46087637543678284   0.46087637543678284   
0.4568673074245453   0.4568673074245453   
0.4650397300720215   0.4650397300720215   
0.46415960788726807   0.46415960788726807   
0.4581650495529175   0.4581650495529175   
0.4625147581100464   0.4625147581100464   

13:26:16: local_reinforcement_logger.timestep_report +41: INFO     
 Step 20   Fraction valid SMILES: 100.0   Score: 0.4636   Time elapsed: 14   Time left: 20.0
  Agent     Prior     Target     Score     SMILES
-23.64    -23.68     14.80      0.47      c1c(OCCCCCC)ccc(C=NO)c1F
-24.79    -24.85     13.38      0.47      CC(c1ccc2[n+]([O-])nc3n(cc(C)n3)c2c1)C
-28.35    -28.37      9.76      0.46      c12nc(-c3nc4ccccc4[nH]3)oc1cc(Cc1ccccc1)cc2
-21.96    -22.13     16.08      0.47      c1(-c2cc(N3CCOCC3)[nH]c(=N)n2)cccc(C)c1
-29.88    -29.85      7.86      0.46      c1ccoc1C(C(NCCC(C)C)=O)N(C(=O)CNC(=O)c1ccco1)c1cc(C)cc(C)c1
-25.18    -25.08     12.49      0.46      c1ccc(-c2nc3n(c(C)c(CCC(Nc4ccc(OCC)cc4)=O)c(C)n3)n2)c(F)c1
-22.04    -22.31     15.75      0.46      CCCCOC(Nc1ccc(OCC(CNC(C)C)O)cc1)=O
-23.01    -23.13     14.82      0.46      c1ccc(F)cc1NS(=O)(=O)c1ccc2c(c1)CCN2C(CC)=O
-22.35    -22.46     15.75      0.47      c1ccc(CNC(=O)NCC(NCCc2ccccc2)=O)cc1
-22.14    -22.43     15.48      0.46      n1c2n(C3CCCC3)c(=O)c(-c3cnc(OC)cc3)cc2c[nH]c1=NC1CCCC1
Human-Component   raw_Human-Component
0.4693053960800171   0.4693053960800171   
0.4662802815437317   0.4662802815437317   
0.464990496635437   0.464990496635437   
0.46598541736602783   0.46598541736602783   
0.4598715901374817   0.4598715901374817   
0.4580947458744049   0.4580947458744049   
0.46407511830329895   0.46407511830329895   
0.4627532660961151   0.4627532660961151   
0.4660429358482361   0.4660429358482361   
0.4623624086380005   0.4623624086380005   

13:26:17: local_reinforcement_logger.timestep_report +41: INFO     
 Step 21   Fraction valid SMILES: 96.9   Score: 0.4492   Time elapsed: 15   Time left: 19.8
  Agent     Prior     Target     Score     SMILES
-19.78    -19.89     18.34      0.47      O=C1Nc2ccc(S(=O)(N3CCCCCC3)=O)cc2CC1
-53.49    -52.99    -15.82      0.45      C1N2C(=N)C(=O)C(Sc3nc4nc[nH]c4c(OCc4ccccc4)n3)CC2C1N=c1c2c([nH]cn1)cc(OC)c(OC)c2
-44.57    -44.80     -6.99      0.46      C1CCC2(C)C(C=CC3C(=O)OCC3O)C3(C)C(=CC(OCCC)C3)CC(=O)C2C1=O
-22.82    -23.25     15.22      0.47      c1(Cl)cc(N2CCN(c3cc(C)nc(=N)[nH]3)CC2)ccc1
-31.69    -31.36      6.64      0.46      c1cc(OC)cc(-n2c(O)c3c(c2O)C(c2c(Cl)cccc2)Nc2cc(Cl)ccc2N3)c1
-21.34    -21.47     16.80      0.47      Cc1c(C(=O)NCCc2ccc(F)cc2)scc1
-28.21    -28.18      9.59      0.46      C(COC(=O)Cc1cc(OCC)c(OCC)cc1)(NCCc1ccc(Cl)cc1Cl)=O
-28.75    -28.70      9.38      0.46      O(CC1CC1)c1nc(CNS(=O)(c2ccccc2)=O)cs1
-23.62    -23.47     14.00      0.46      c1cccc(C(C)CN2C(=O)C(CCCN)NC(CNC(c3cc4c(cc3)cccc4)=O)CC2)c1
-24.82    -24.77     13.71      0.47      C1N(C)CCN(CCCN2c3nccc[n+]3CC2(c2ccc(C)cc2)O)C1
Human-Component   raw_Human-Component
0.4662017226219177   0.4662017226219177   
0.4533576965332031   0.4533576965332031   
0.46101343631744385   0.46101343631744385   
0.4691985845565796   0.4691985845565796   
0.4634895324707031   0.4634895324707031   
0.4665902554988861   0.4665902554988861   
0.46063727140426636   0.46063727140426636   
0.4643755853176117   0.4643755853176117   
0.4569759964942932   0.4569759964942932   
0.46931543946266174   0.46931543946266174   

13:26:18: local_reinforcement_logger.timestep_report +41: INFO     
 Step 22   Fraction valid SMILES: 96.9   Score: 0.4488   Time elapsed: 16   Time left: 19.5
  Agent     Prior     Target     Score     SMILES
-34.48    -34.40      3.58      0.46      N(=CN1CCN(C(Cc2sccc2)=O)CC1)Cc1cscc1
-25.64    -25.48     12.90      0.47      C(c1c(-c2ccc(O)cc2)c(=N)oc2ccccc21)#N
-32.06    -31.61      6.04      0.46      C(c1nc(-c2ncccc2)no1)N(C(C)C)C(=O)c1cnc(-n2nnnc2)cc1
-40.32    -40.20     -1.97      0.47      c1c(C=CC(OC(C)C(Oc2ccc(C(C)C)cc2)Sc2ccccc2)=O)cccc1
-39.14    -39.27     -0.97      0.47      CCCCN1CC(O)(CN(C)CC(CON=C(C)C)C)CCC1
-32.70    -32.46      5.58      0.46      c1(=S)[nH]c2c([nH]c(=N)c(-c3cc(O)ccc3)c2)c(=O)[nH]1
-31.22    -31.31      6.52      0.46      C12CCC(O1)CN(C(C)=O)C2CNC(=O)Nc1cc(Cl)c(Cl)cc1
-22.36    -22.30     15.74      0.46      c12c(ccc(OC)c1)-n1c(CC)nnc1CN=C2c1ccccc1Cl
-28.83    -28.71      9.04      0.46      c1c(C(=NNC(=O)C(c2ccc(C(F)(F)F)cc2)=Cc2cnccc2)C)ccc(Cl)c1
-27.39    -27.53     10.26      0.46      c1cc(OCC)ccc1CNC(=O)N1CCC(O)(Cc2ccccc2)CC1
Human-Component   raw_Human-Component
0.4631040692329407   0.4631040692329407   
0.4679591655731201   0.4679591655731201   
0.45919594168663025   0.45919594168663025   
0.46621260046958923   0.46621260046958923   
0.4670971930027008   0.4670971930027008   
0.4638625979423523   0.4638625979423523   
0.46143755316734314   0.46143755316734314   
0.46384724974632263   0.46384724974632263   
0.4604109227657318   0.4604109227657318   
0.46078917384147644   0.46078917384147644   

13:26:18: local_reinforcement_logger.timestep_report +41: INFO     
 Step 23   Fraction valid SMILES: 96.9   Score: 0.4488   Time elapsed: 17   Time left: 19.1
  Agent     Prior     Target     Score     SMILES
-33.87    -33.68      4.20      0.46      C(Cc1cc(CCc2ccc(F)c(NS(C)(=O)=O)c2)cnc1)C(O)=O
-38.49    -38.09    -38.09      0.00      c1ccc(C=CS(Nc2cc(OC)c(N=c3c4c(c(C)n(CCCN(C)C)c3C)cccc4)cc2)(=O)=O)cc1
-26.81    -27.30     10.64      0.46      N(O)=C(CC(CCCC)C(NC(Cc1ccc(O)cc1)C=O)=O)O
-21.95    -21.91     15.74      0.46      c1(C2C(C(=O)OCC)C(=CC(OCC)=O)OC(=N)C2C#N)ccc(OC)cc1
-25.11    -25.35     12.49      0.46      COc1c2[nH]cc(C#N)c(=Nc3cccc(Cl)c3)c2cc(OC)c1OC
-21.59    -21.50     17.17      0.47      c1ccc2c(c1)C(O)(C1=CN3CCC1CC3)c1c(cccc1)O2
-25.02    -24.98     13.40      0.47      C(N1CCN(CCSC(c2ccccc2)c2ccccc2)CC1)(=O)OC
-29.95    -29.70      8.23      0.46      c1(C(=O)c2ccc(C(C)(C)C)cc2)c2c(cccc2)[nH]c1-c1ccc(O)cc1O
-39.54    -39.79     -1.89      0.46      C1(Nc2cc(NCC)cc(C(F)(F)F)c2)CCN(c2nc(=Nc3ccc(C(F)(F)F)cc3)[nH]cc2)C1
-28.66    -28.80      9.15      0.46      c1(-n2c(C)ncc2)ccc(=NCc2cc[nH]c(=O)c2)[nH]c1
Human-Component   raw_Human-Component
0.46194562315940857   0.46194562315940857   
0.0   0.0   
0.46262046694755554   0.46262046694755554   
0.45918333530426025   0.45918333530426025   
0.4614432454109192   0.4614432454109192   
0.4715504050254822   0.4715504050254822   
0.467977911233902   0.467977911233902   
0.46249547600746155   0.46249547600746155   
0.46219754219055176   0.46219754219055176   
0.46272918581962585   0.46272918581962585   

13:26:19: local_reinforcement_logger.timestep_report +41: INFO     
 Step 24   Fraction valid SMILES: 96.9   Score: 0.4476   Time elapsed: 18   Time left: 18.7
  Agent     Prior     Target     Score     SMILES
-26.66    -26.40     11.48      0.46      C(NS(=O)(c1ccc(Cl)cc1)=O)(=O)c1cc(S(=O)(=O)N(CC)CC)c(Cl)cc1
-28.78    -28.53      9.12      0.46      c1cc(NC(N2CC3C(NCC(N4C(C#N)CCC4)=O)CC3C2)=O)ccc1C(F)(F)F
-38.22    -38.03     -0.28      0.46      c1(C(=O)NN)ncn2c1N(C(=O)Cc1ccc(Cl)cc1)C(OC(C)=O)C2C#N
-46.68    -46.48     -9.43      0.45      C(CNC(=O)C(Cc1ccc(OC(C(=O)O)C(O)=O)cc1)NC(c1ccc(CCc2nc3c([nH]2)c(=O)[nH]c(=N)[nH]3)cc1[N+]([O-])=O)=O)(C)C
-27.48    -27.59      9.58      0.45      N(C(c1c[nH]c2ncc(Oc3ccc(NC(=O)Nc4c(F)ccc(C)c4)cc3)cc12)=O)CC(F)(F)F
-29.32    -30.04      7.67      0.46      c1(O)n(-c2ccccc2Cl)c(O)cc1N1CCCC(C(=O)NCCCC)C1
-24.50    -24.88     13.06      0.46      COc1ccc(CNC2C(c3ccc(F)cc3)COCC2)c(O)c1
-30.32    -30.93      6.78      0.46      c1(Cl)ccc(OC(F)(F)F)cc1-c1cc(=NC(O)c2cc(O)[nH]c2)[nH]n1CCC(F)(F)F
-23.16    -23.15     14.84      0.46      c1c(C(=O)N(CC(C)C)C2CS(=O)(=O)CC2)oc([N+]([O-])=O)c1
-27.23    -27.21     11.12      0.47      Fc1c(-c2c(-c3ccc(F)cc3)[nH]c(-c3ccoc3)n2)cccc1
Human-Component   raw_Human-Component
0.4619618356227875   0.4619618356227875   
0.4591723084449768   0.4591723084449768   
0.4604116380214691   0.4604116380214691   
0.45185360312461853   0.45185360312461853   
0.4532815217971802   0.4532815217971802   
0.45997530221939087   0.45997530221939087   
0.4626714885234833   0.4626714885234833   
0.459808886051178   0.459808886051178   
0.46323415637016296   0.46323415637016296   
0.4674231708049774   0.4674231708049774   

13:26:20: local_reinforcement_logger.timestep_report +41: INFO     
 Step 25   Fraction valid SMILES: 96.9   Score: 0.4497   Time elapsed: 19   Time left: 18.3
  Agent     Prior     Target     Score     SMILES
-19.42    -19.33     18.90      0.47      c1cccc2c1oc(-c1cccc(C)c1)n2
-23.40    -23.18     14.41      0.46      c1cc(OC)c(NC(=O)COC(c2c(=N)[nH]ccn2)=O)cc1OC
-49.44    -49.56    -11.69      0.46      FC1(F)CCC2C1C(=O)OC(CC)c1c(O)n(-c3c4c(nc(C)c3)cccc4)c(O)c12
-51.37    -51.48    -14.14      0.46      OC(=O)CCCCCCC(Nc1ccc2c(c(-c3cccc(-c4c(O)c(OCC)cc(N=C(N)N)c4)c3)ccc2O)c1)=O
-25.42    -25.54     12.27      0.46      c1c(Nc2c3c(cncc3)ccc2)cc(OC)c(-n2cc(C)nc2)c1
-36.97    -37.00    -37.00      0.00      c1(=O)c2c(cccc2)c(O)n(CN2CCCCC2)c1C(NC(=O)NCc1ccccc1)C
-30.88    -31.57      6.26      0.46      C(O)(=O)CC1(C)CC(c2cccc(Cl)c2)C(c2ccc(Cl)cc2)N(C(C2CC2)C(C)(O)C)CC1
-30.85    -31.29      6.93      0.47      c1(CNCC=C)cc(N2C(=O)NCCC2)ccc1
-40.99    -40.88     -2.42      0.47      C(C=C(C)C)=CC=CC(O)(C)CC(C=O)C(CC)=O
-27.31    -27.50     10.70      0.47      C(c1c[nH]c(=N)c2c1sc(-c1ccc(CCO)cc1)n2)(=O)N
Human-Component   raw_Human-Component
0.4662121832370758   0.4662121832370758   
0.45848822593688965   0.45848822593688965   
0.46190759539604187   0.46190759539604187   
0.45527809858322144   0.45527809858322144   
0.4609939754009247   0.4609939754009247   
0.0   0.0   
0.4614270031452179   0.4614270031452179   
0.46614524722099304   0.46614524722099304   
0.4690672755241394   0.4690672755241394   
0.46584391593933105   0.46584391593933105   

13:26:22: local_reinforcement_logger.timestep_report +41: INFO     
 Step 26   Fraction valid SMILES: 96.9   Score: 0.4342   Time elapsed: 20   Time left: 17.8
  Agent     Prior     Target     Score     SMILES
-31.07    -30.78      7.31      0.46      c1cccc(C2C(c3ccccc3)N=C(c3ccncc3)N2CC(C)N2CCCCCC2)c1
-25.44    -25.46     12.50      0.46      c1(C)c(C(=O)NNC(COc2cc(C)c(Cl)c(C)c2)=O)cccc1
-36.56    -36.53      1.63      0.47      O=C1COC2(CCCN(C(=O)CN(C)CCN(C)C)C2)O1
-44.61    -44.20     -6.82      0.46      C(C(C)C(NCCCCC(C(=O)NCCc1c[nH]c2c1cccc2)NC(OC(C)(C)C)=O)=NS(c1ccc(C)cc1)(=O)=O)Cc1ccccc1
-42.36    -42.57    -42.57      0.00      C(C)BrCNC(=O)c1c(C)cc(-c2c(C)cc(CC)cc2)nc1
-29.39    -29.52      8.52      0.46      c1ccccc1Cn1cc(-c2cc(N=c3c4c([nH]cn4)cc(OC)c(OC)c3)ccc2)nn1
-24.21    -24.42     13.47      0.46      c1(NCC2OCCC2)cc(Cl)ccc1C(=O)OC
-32.46    -32.56      5.15      0.46      c1cc(-n2[nH]c(=N)nc2)cc(-c2c(OC)cc(C(N)=O)cc2)c1
-21.29    -21.10     17.38      0.47      c1cc(Cl)ccc1-c1c(-c2c(Cl)cc(Cl)cc2)nnn1CCC
-23.82    -24.01     14.11      0.46      c1ccc2ncc3ncc(=O)n(C4CCN(CC)CC4)c3c2c1
Human-Component   raw_Human-Component
0.4644860029220581   0.4644860029220581   
0.4629530906677246   0.4629530906677246   
0.4653656780719757   0.4653656780719757   
0.455932080745697   0.455932080745697   
0.0   0.0   
0.4638524353504181   0.4638524353504181   
0.46203237771987915   0.46203237771987915   
0.45986878871917725   0.45986878871917725   
0.46927759051322937   0.46927759051322937   
0.46495017409324646   0.46495017409324646   

13:26:23: local_reinforcement_logger.timestep_report +41: INFO     
 Step 27   Fraction valid SMILES: 96.9   Score: 0.4490   Time elapsed: 21   Time left: 17.2
  Agent     Prior     Target     Score     SMILES
-33.89    -33.70      4.34      0.46      O=C(c1cc(C)c(C)c(S(c2cccc(C(=N)N)c2)(=O)=O)c1)O
-23.54    -23.79     14.53      0.47      C(CNS(c1cccc2ccccc12)(=O)=O)CNCCCCNCCCN
-47.51    -46.97     -9.10      0.46      NC(N)=NCCS(=O)(=O)N1C(=S)SC(=Cc2ccc(C=Cc3cc[n+](CC)cc3)cc2)C1=O
-32.20    -31.87      5.59      0.46      n1(C)nc(C(=O)Nc2cc(C3(C)CCSC(=N)N3)cc(Cl)c2)cc1-c1ccc(F)cc1
-21.71    -22.17     15.67      0.46      C1CCCCC1NC(COC(COc1ccc(C(=O)C)cc1)=O)=O
-26.98    -26.87     10.78      0.46      c1(C(=O)OCC)c(NC(=O)CN(CC(Nc2ccc(NC(C)=O)cc2)=O)C)cccc1
-32.65    -32.37      5.72      0.46      n1c2c([nH]c(=N)c1S(c1ccc(C)cc1)(=O)=O)c(C)ccc2Cl
-27.56    -27.53     10.34      0.46      c1cccc(Oc2c(C(F)(F)F)nn(-c3ccccc3)c2OC)c1C
-28.34    -28.10      9.65      0.46      o1nc(C)c(C(=O)N2CCCC(n3ccnc3)C2)c1-c1onc(C)c1
-34.68    -34.32      3.53      0.46      c1(-c2c3c([nH]n2)C(=O)N(c2c(C)cccc2)C3c2c(O)cccc2)ccc(O)c(C)c1
Human-Component   raw_Human-Component
0.46384283900260925   0.46384283900260925   
0.4673319160938263   0.4673319160938263   
0.4618883728981018   0.4618883728981018   
0.45682090520858765   0.45682090520858765   
0.461509644985199   0.461509644985199   
0.4592607915401459   0.4592607915401459   
0.46454644203186035   0.46454644203186035   
0.46179720759391785   0.46179720759391785   
0.46030402183532715   0.46030402183532715   
0.46155545115470886   0.46155545115470886   

13:26:24: local_reinforcement_logger.timestep_report +41: INFO     
 Step 28   Fraction valid SMILES: 100.0   Score: 0.4649   Time elapsed: 22   Time left: 16.7
  Agent     Prior     Target     Score     SMILES
-33.83    -34.12      3.41      0.46      C1NCC(F)(F)CC1n1cc(-c2nc(=NC(C)c3ccccc3)[nH]cc2)c(-c2cccc(C)c2)n1
-39.21    -38.98     -1.06      0.46      c1(NC(NC(c2ccc(Br)cc2)=O)=Nc2cc(C)ccc2OC(F)F)ccc(F)cc1
-38.27    -38.14     -0.41      0.46      C(C(NC(CCC(=NC(=O)CCC(OC)=O)C)C(O)=O)=O)=Cc1ccc2c(c1)OCO2
-28.92    -29.37      9.02      0.47      c1c(Cl)c([N+]([O-])=O)cc(C=CC(=O)CC(C=Cc2cc(Cl)c(Cl)cc2)=O)c1
-24.87    -24.54     13.24      0.46      N1(C(=O)N(C)Cc2ccccc2)CCN(S(c2ccc(C)cc2)(=O)=O)CC1
-17.04    -16.99     21.51      0.47      c1cccc(-n2c(=S)n3c(c2O)CCC3)c1
-25.12    -25.43     12.89      0.47      C(N1CCCCC1)c1c(-c2cc(CNC3CCCC3)ccc2)cccc1
-23.72    -24.06     13.31      0.46      c1(CC)ncnc(-c2cc(F)c(C(N(C)C3CCOCC3)=O)cc2)c1C#Cc1ccc(=N)[nH]c1
-20.77    -21.04     17.28      0.47      N(CC)(CC)c1ccc(C(=O)C=Cc2ccccc2)cc1
-26.20    -26.16     12.21      0.47      CN(c1ccc(C=CC=Cc2ccc(Br)cc2)nc1)C
Human-Component   raw_Human-Component
0.45769429206848145   0.45769429206848145   
0.4624152183532715   0.4624152183532715   
0.46004971861839294   0.46004971861839294   
0.46818745136260986   0.46818745136260986   
0.4608195126056671   0.4608195126056671   
0.469536691904068   0.469536691904068   
0.46731260418891907   0.46731260418891907   
0.4557390511035919   0.4557390511035919   
0.4672808349132538   0.4672808349132538   
0.4679737389087677   0.4679737389087677   

13:26:25: local_reinforcement_logger.timestep_report +41: INFO     
 Step 29   Fraction valid SMILES: 100.0   Score: 0.4638   Time elapsed: 23   Time left: 16.1
  Agent     Prior     Target     Score     SMILES
-22.29    -22.11     16.15      0.47      c1cc(F)c(-c2oc(SCc3c(Cl)cc(Cl)cc3)nn2)cc1
-33.30    -33.46      4.51      0.46      C1C2(C)C3CCC4(C)C(Cc5c(O)n(SC)nc5)CCC4(O)C3CCC2CC(O)C1
-25.99    -25.79     12.06      0.46      [nH]1c2c(ccc(F)c2)c2ncn(-c3ccc(OC)c(OC)c3)c(=O)c12
-24.73    -24.40     13.56      0.46      c1(SCc2ccc3c(c(=N)[nH]c(=N)[nH]3)c2)ccc(OC)c(OC)c1
-30.54    -29.95      7.75      0.46      C1N(S(c2c(Cl)ccc(C(OCC(=O)c3c[nH]c4c3cccc4)=O)c2)(=O)=O)c2c(cccc2)CC1
-27.97    -28.13      9.94      0.46      c1(C2N(C(c3ccc(S(=O)(C)=O)cc3)=O)N=C(c3cc(OC)ccc3)C2)ccc(OC)cc1
-22.53    -22.22     15.34      0.46      N(=c1[nH]cc2c(n1)N(C1CN(C(=O)CC)CC1)C(=O)N(c1ccccc1Cl)C2)C(C)C
-28.47    -28.80      9.51      0.47      O=c1n(N2C(c3ccccc3)SCC2=O)cccc1CC
-24.01    -24.22     13.92      0.47      C(CCc1c2c(ccc1)NC(=O)CO2)CCC
-30.35    -30.34      8.18      0.47      o1c(CN(CCC)C(CO)CC)cc(C)c1C
Human-Component   raw_Human-Component
0.46659207344055176   0.46659207344055176   
0.4630278944969177   0.4630278944969177   
0.461597204208374   0.461597204208374   
0.46290525794029236   0.46290525794029236   
0.45978060364723206   0.45978060364723206   
0.4643367826938629   0.4643367826938629   
0.45806798338890076   0.45806798338890076   
0.46719372272491455   0.46719372272491455   
0.4650610685348511   0.4650610685348511   
0.46977895498275757   0.46977895498275757   

13:26:26: local_reinforcement_logger.timestep_report +41: INFO     
 Step 30   Fraction valid SMILES: 93.8   Score: 0.4352   Time elapsed: 24   Time left: 15.5
  Agent     Prior     Target     Score     SMILES
-34.31    -34.14      3.75      0.46      S(=O)(c1ccc(-n2[nH]c(C(F)F)c(C#N)c2=Nc2cnn(C)c2)cc1)(=O)CC
-24.81    -25.05     13.16      0.47      n1cc(C(=O)N2CCN(c3c(F)cc(C#N)cc3)CC2)cc(OC)c1
-24.71    -25.33     12.66      0.46      C1C(CN=c2cc(-c3cccc(C#N)c3)[nH]c(C)n2)CCOC1
-32.43    -32.98      5.05      0.46      c1cc(C(C)=O)cc(Cl)c1-n1c(=O)n(C)c2c(N)c(C)ccc21
-27.80    -28.18     10.21      0.47      C(CC)c1c(O)c(Cl)cc2c1OC(CC)C2
-24.97    -25.37     12.85      0.47      c12[nH]cc(C=C3SC(NCCCN(C)C)=NC3=O)c1cccc2
-23.44    -23.79     14.22      0.46      C(CNC(c1c2c(nc(C)c1)cccc2)=O)#N
-22.11    -22.38     15.78      0.47      c1c(Cl)c(Cl)cc(C2C(c3cccc(Cl)c3)CC(C)(CC(O)=O)O2)c1
-28.32    -28.42      9.85      0.47      C1Cc2oc(CCC)nc2C(=O)c2n1ccc2
-36.20    -36.43      1.35      0.46      C1C[N+](C)(CCC(=O)NCC(C)(C)NS(c2ccc(F)cc2)(=O)=O)CCC1
Human-Component   raw_Human-Component
0.462138831615448   0.462138831615448   
0.4659646153450012   0.4659646153450012   
0.4632672965526581   0.4632672965526581   
0.46385520696640015   0.46385520696640015   
0.46818628907203674   0.46818628907203674   
0.46606987714767456   0.46606987714767456   
0.4635043740272522   0.4635043740272522   
0.4653846323490143   0.4653846323490143   
0.46676868200302124   0.46676868200302124   
0.46077004075050354   0.46077004075050354   

13:26:27: local_reinforcement_logger.timestep_report +41: INFO     
 Step 31   Fraction valid SMILES: 96.9   Score: 0.3912   Time elapsed: 25   Time left: 14.8
  Agent     Prior     Target     Score     SMILES
-18.90    -19.08     18.91      0.46      N1(C)CCN(c2ccc([N+]([O-])=O)c(NCc3ccccc3)c2)CC1
-40.24    -40.43     -2.72      0.46      c1cc2c(c(=NCCC3CC3)[nH][nH]2)cc1NCc1cccc(NC(Cc2ccc(F)cc2)=O)c1
-31.47    -31.18      6.73      0.46      c1c(C(C2(NC(c3sc(Cl)cc3)=O)CCC2)=O)cc(Cl)c(S(=O)(C)=O)c1
-26.66    -26.54    -26.54      0.00      c1ccc(COC(NC(C(F)(F)F)(C(=O)OCC)NC(C(C)(C)C)=O)=O)cc1
-28.36    -28.82    -28.82      0.00      O(CCNC(C(c1ccccc1)(CC)C)O)C
-24.59    -24.63     13.59      0.47      c1ccc2c(c1OC)SC1=NCCCN1S2(=O)=O
-27.15    -26.67     11.11      0.46      O=S(c1ccccc1NS(c1cc(C(=O)O)ccc1)(=O)=O)(=O)c1ccc(Cl)cc1
-35.67    -36.03      1.89      0.46      c1(C(NC(=O)C2CCC(CN)CC2)CC(=O)O)ccc(N=c2[nH]cc3c(n2)N(C)c2c(cccc2)C3)cc1
-24.96    -24.32     13.33      0.46      c1cc2c(cc1)N(C(CSc1[nH]c(N)c(-c3ccccc3)c(=O)n1)=O)CC(=O)N2
-15.62    -15.81     23.06      0.47      c12ccc(OC)cc1CCNC2
Human-Component   raw_Human-Component
0.4632975459098816   0.4632975459098816   
0.45992031693458557   0.45992031693458557   
0.4623308777809143   0.4623308777809143   
0.463596910238266   0.463596910238266   
0.4658213257789612   0.4658213257789612   
0.4660423696041107   0.4660423696041107   
0.46073800325393677   0.46073800325393677   
0.46240487694740295   0.46240487694740295   
0.4590930938720703   0.4590930938720703   
0.4740627110004425   0.4740627110004425   

13:26:28: local_reinforcement_logger.timestep_report +41: INFO     
 Step 32   Fraction valid SMILES: 100.0   Score: 0.4193   Time elapsed: 27   Time left: 14.7
  Agent     Prior     Target     Score     SMILES
-49.84    -50.32    -12.18      0.47      C12CC(C1N)CC=C2n1cc(CN2C(CO)CC(O)C2)c(=O)nc1
-20.90    -20.81     17.54      0.47      Clc1c(CN2CCN(C(=O)COc3ccc(Cl)cc3)CC2)cccc1
-29.25    -29.45      8.58      0.46      c1cc(CC(C(NCc2ccc(O)c(O)c2)=O)NC(C2N(C(C(Cc3ccc(O)cc3)N)=O)CCC2)=O)ccc1O
-50.17    -49.61    -11.54      0.46      C(N1C(C)(C)CNS1(=O)=O)CCN(Cc1cncn1Cc1ccc(F)nc1)C
-36.35    -36.44      1.35      0.46      COc1cc(-c2n(CC(NCC(C)C)C)c(-c3ccc(O)cc3)cn2)ccc1
-52.53    -52.56    -15.36      0.45      C1N(OCC2COC(C)(C)O2)C2C(OC(C)(C)O2)C1NC(c1n(C)cc(NC(c2cc(NC(=O)CN=C(N)N)cn2C)=O)n1)=O
-20.46    -21.10    -21.10      0.00      Fc1ccc(C(C)(C)C(=O)O)cc1
-22.07    -22.34     16.18      0.47      S(=O)(c1cc(C(F)(F)F)cc(C(F)(F)F)c1)(N1CCN(C)CC1)=O
-35.85    -35.99      2.56      0.47      C12CC(O)CCC1(C)C1CCC3(C)C1CC(C)N=C3C2
-27.49    -27.33     10.66      0.46      O=C(c1ccccc1)c1cccc2cc3c(cc12)OCCC3
Human-Component   raw_Human-Component
0.4651029407978058   0.4651029407978058   
0.4676845371723175   0.4676845371723175   
0.4638347327709198   0.4638347327709198   
0.4642179608345032   0.4642179608345032   
0.4608723521232605   0.4608723521232605   
0.45362088084220886   0.45362088084220886   
0.4711247384548187   0.4711247384548187   
0.4697771668434143   0.4697771668434143   
0.4701801836490631   0.4701801836490631   
0.46333274245262146   0.46333274245262146   

13:26:29: local_reinforcement_logger.timestep_report +41: INFO     
 Step 33   Fraction valid SMILES: 96.9   Score: 0.4487   Time elapsed: 28   Time left: 14.0
  Agent     Prior     Target     Score     SMILES
-33.55    -33.55    -33.55      0.00      C(CO)CN=c1nc(-c2c(-c3ccccc3)cncc2)sc1
-34.31    -34.85      2.93      0.46      c1c(Br)c(=O)n(C)c2ccc(OCC(O)CNCC(c3ccc(O)c(NC=O)c3)O)cc12
-35.33    -34.86      2.95      0.46      N(C(C(=O)N=CCc1ccccc1)Cc1oc(C)cc1)=c1sc(C2CC2)n[nH]1
-25.80    -25.89     11.95      0.46      [O-][N+](=O)c1ccc(NC(N(CCC(c2ccccc2)c2ccccc2)CCc2ccccc2)=O)cc1
-23.22    -23.34     14.79      0.47      c1(O)c2c(O)cccc2c(C(=O)Cc2ccc(C(F)(F)F)cc2)c(O)c1
-38.92    -38.54     -0.75      0.46      C1CN(c2nc(-c3cnc4c(cc(C(=O)O)cc4)c3)[nH]c(=N)n2)CC(F)C1
-24.60    -25.03     13.01      0.46      [nH]1c(C(NC2CCC(C)CC2)=O)nc(=O)c2c1nccc2
-26.64    -27.24     11.04      0.47      c1(C(c2ccc(F)cc2)=O)c(C=C)nccc1
-24.94    -25.12     12.84      0.46      CCCCC(Nc1cccc(NC(CN2CCCC2)=O)c1)=O
-36.90    -36.56      1.77      0.47      O=c1[nH]sc(C2CN(Cc3cn(C)nc3)CC2CO)c1
Human-Component   raw_Human-Component
0.0   0.0   
0.4607405960559845   0.4607405960559845   
0.46110549569129944   0.46110549569129944   
0.46143603324890137   0.46143603324890137   
0.4650219976902008   0.4650219976902008   
0.4609251022338867   0.4609251022338867   
0.4639618396759033   0.4639618396759033   
0.4667719006538391   0.4667719006538391   
0.4629228413105011   0.4629228413105011   
0.46746358275413513   0.46746358275413513   

13:26:30: local_reinforcement_logger.timestep_report +41: INFO     
 Step 34   Fraction valid SMILES: 96.9   Score: 0.3917   Time elapsed: 29   Time left: 13.3
  Agent     Prior     Target     Score     SMILES
-30.99    -31.56      6.63      0.47      C1C(F)C(CO)(C)C2COc3c(cc(C#N)cc3)C12
-31.84    -32.02      6.09      0.46      c1c2c(c(=O)n(C3CSCCC3)[nH]2)cc(OC)c1OC
-37.04    -36.45      1.65      0.46      c1cc(-c2cc(S(C)(=O)=O)cnc2)ccc1NC(c1cccc(C(=O)Nc2ccc(CN3CCN(C)CC3)cc2)c1)=O
-25.87    -26.37     11.72      0.46      C1CCCC1N=c1[nH]cc(C(O)Nc2ccccc2)cn1
-35.45    -35.24    -35.24      0.00      n1c2n(-c3nc([N+](=O)[O-])ccc3)nnc2c(=C)[nH]1
-42.25    -42.02     -4.09      0.46      [nH]1c(=O)c(F)c[nH]c1=NS(=O)(Cc1nccc(-c2ccc(C)cc2)c1)=O
-33.33    -32.63      5.03      0.46      C1(=O)c2cc(C(=O)OCC)c(=NC(=O)C(C)C)[nH]c2N2CCC1O2
-25.04    -24.98     13.05      0.46      C1C2=C(C(c3c(OC)cccc3)C3C(=O)CC(C)(C)C=C3N2c2ccc(Cl)cc2)C(=O)CC1(C)C
-20.19    -20.18     18.07      0.47      c1(OCCN2CCCCC2)ccc(C2Oc3cc(O)ccc3C(=O)C2c2ccc(O)cc2)cc1
-16.92    -17.50    -17.50      0.00      c1(CNC(CCCCCCCC=CCCCCCCCC)=O)ccccc1
Human-Component   raw_Human-Component
0.4656932055950165   0.4656932055950165   
0.46473026275634766   0.46473026275634766   
0.4645676910877228   0.4645676910877228   
0.46456730365753174   0.46456730365753174   
0.0   0.0   
0.46259596943855286   0.46259596943855286   
0.4592910706996918   0.4592910706996918   
0.46375319361686707   0.46375319361686707   
0.46646106243133545   0.46646106243133545   
0.4643808901309967   0.4643808901309967   

13:26:32: local_reinforcement_logger.timestep_report +41: INFO     
 Step 35   Fraction valid SMILES: 96.9   Score: 0.4347   Time elapsed: 30   Time left: 12.5
  Agent     Prior     Target     Score     SMILES
-25.84    -25.57     12.74      0.47      c1c(OC)c(OC)cc2c1C(Cl)C(c1ccc(OC)cc1)C2c1ccc(N(C)C)cc1
-20.21    -20.17     17.71      0.46      c1(-c2ccccc2)c(C(N=c2scc[nH]2)=O)cn(-c2ccccc2)n1
-22.43    -23.18     15.24      0.47      C1(C(C)C)=CCC2(C)CCCC(=C)C2C1
-28.90    -29.24      9.01      0.47      [S+]1([O-])c2ccc(C)cc2C(=O)N(Cc2ccccn2)C1C
-17.62    -17.63     21.01      0.47      c1cc(C2CC3(N4CCCC4)CCN(CCc4ccccc4)C2C(c2ccccc2)C3)ccc1
-26.51    -26.58     11.74      0.47      c12ccccc1c(C=C1C(=O)C=CC1=O)c(-c1ccccc1)s2
-23.45    -23.55     14.93      0.47      C1CCCN(C(=O)C)C1c1snnc1C
-28.06    -28.18      9.85      0.46      c1cc(CNCCCN=c2c3c([nH]cc2)cc(Cc2c(F)cc(F)cc2)cc3)cc(O)c1
-35.15    -35.84      1.89      0.46      CCOC(C)CN1CCN(C(c2c(=O)[nH]c3cc(Cl)ccc3c2)=O)CC1
-23.63    -24.13     13.94      0.46      O=C(NCCCC)Cn1c(=N)n(C)c2ccccc21
Human-Component   raw_Human-Component
0.46716856956481934   0.46716856956481934   
0.4619242548942566   0.4619242548942566   
0.4685351252555847   0.4685351252555847   
0.46636220812797546   0.46636220812797546   
0.4712039828300476   0.4712039828300476   
0.4673440456390381   0.4673440456390381   
0.46921610832214355   0.46921610832214355   
0.4637677073478699   0.4637677073478699   
0.4601238965988159   0.4601238965988159   
0.46431776881217957   0.46431776881217957   

13:26:33: local_reinforcement_logger.timestep_report +41: INFO     
 Step 36   Fraction valid SMILES: 96.9   Score: 0.4211   Time elapsed: 32   Time left: 12.1
  Agent     Prior     Target     Score     SMILES
-29.06    -29.21      9.19      0.47      C(#C)C1(N2CCCCC2)CC2N(C(c3ccccc3Cl)c3ccccc3Cl)C(CC2)C1
-57.27    -58.29    -20.82      0.46      CC12CCC(C(C)CCC3OC(C(=C)C)CC4(C)C3C(=O)CC3C5(C)C(CCC34C)C(C)(C)C(OC3OCCN(CCCC)C3)CC5)C1C(C(C)=C)CC2
-25.29    -25.09     13.09      0.47      o1nc(-c2ccc(OCc3ccc(F)cc3)cc2)nc1Cc1cc(OC)c(OC)cc1
-29.00    -28.71      9.20      0.46      c1(SCC(COC(C)=O)OC(=O)C)nc(=O)cc(Cc2c(F)cccc2F)[nH]1
-25.34    -25.53     12.18      0.46      C(F)(F)(C1(O)c2c(c(-c3cn(C)nc3)cc(C(=O)N(C)CC)c2)-c2ccccc21)F
-20.49    -21.51     17.15      0.47      C(CCCCCCC)CCCCCCCC(OCC(CO)OC(CCCCCCCCCCCCCCC)=O)=O
-27.79    -28.20     10.01      0.47      C1C(CCO)CCN(c2c3nc(-c4ccc(CN5CCOCC5)cc4)[nH]c3ncc2Cl)C1
-24.79    -24.80     13.00      0.46      c1cc(C)ccc1S(=O)(=O)c1c[nH]c(SCC(N2c3ccccc3CC2)=O)nc1=N
-36.38    -36.64      1.49      0.46      N(CCN)c1c2ccccc2nc2c(Cc3cnccc3)cccc21
-33.08    -33.27    -33.27      0.00      FC(F)(c1ccc2n(Cc3ccc(O)cc3)c3c(c2cc1)CN(C)CC3)F
Human-Component   raw_Human-Component
0.4682144224643707   0.4682144224643707   
0.4569787383079529   0.4569787383079529   
0.4655545651912689   0.4655545651912689   
0.4623393714427948   0.4623393714427948   
0.4598364233970642   0.4598364233970642   
0.4714764952659607   0.4714764952659607   
0.46601399779319763   0.46601399779319763   
0.4609590172767639   0.4609590172767639   
0.46499255299568176   0.46499255299568176   
0.0   0.0   

13:26:35: local_reinforcement_logger.timestep_report +41: INFO     
 Step 37   Fraction valid SMILES: 100.0   Score: 0.4046   Time elapsed: 33   Time left: 11.3
  Agent     Prior     Target     Score     SMILES
-31.21    -30.70      6.87      0.46      c1(C(C)C)cc2c(cc1)C1(C)C(CC2=O)C(C(=O)NN2CCOCC2)C(=O)O1
-31.03    -31.46      6.34      0.46      C(C)N(c1cccc(Cn2nc(C)c(NC(=O)CC(C)(C)C)c2C)c1)CC
-20.51    -20.87     17.78      0.47      c1ccsc1C1CC(c2ccc(F)cc2)=CC(=O)C1
-32.12    -32.73    -32.73      0.00      O(C)C(CC(C)N(CC(C)C)S(c1c(Cl)cc(Cl)cc1)(=O)=O)=O
-32.80    -32.71      5.18      0.46      C(O)C(C)N1CC(C)C(CN(Cc2ccc(-c3ccccc3OC)cc2)C)N(C)C1=O
-35.47    -35.53      2.21      0.46      c1cc(C(=O)OC2CCCNCC2OCCCCCCCCCCCCCCC)cc(OC)c1O
-54.53    -55.11    -17.57      0.46      CC(C)NC(=O)CCCC1=C2C(C)(CC(OC)C1)C1C(CC2)C2C3(COC3=O)C1(C)CC(O)C2
-26.19    -26.06     11.88      0.46      n1c(N2CCN(C(CN(C)S(=O)(=O)c3ccccc3Br)=O)CC2)nccc1
-33.79    -33.42      4.44      0.46      c12c(non1)ccc(-c1nc(CNC3CC4CC(C3C)C4(C)C)ccn1)c2
-26.78    -26.76     11.06      0.46      c1[nH]c(=NC(=O)C2CC2)c2c(Cl)nn(-c3ccc(OC)cc3)c2n1
Human-Component   raw_Human-Component
0.45821431279182434   0.45821431279182434   
0.46093010902404785   0.46093010902404785   
0.471366822719574   0.471366822719574   
0.4652528762817383   0.4652528762817383   
0.46212828159332275   0.46212828159332275   
0.46028220653533936   0.46028220653533936   
0.45778805017471313   0.45778805017471313   
0.46262311935424805   0.46262311935424805   
0.4617166221141815   0.4617166221141815   
0.46123412251472473   0.46123412251472473   

13:26:36: local_reinforcement_logger.timestep_report +41: INFO     
 Step 38   Fraction valid SMILES: 96.9   Score: 0.4048   Time elapsed: 35   Time left: 10.8
  Agent     Prior     Target     Score     SMILES
-26.84    -26.88     10.70      0.46      c1cc(NC(=O)Nc2cccc(Br)c2)ccc1N=c1c2cc(OC)ccc2[nH]c(C)c1
-22.69    -22.92     15.39      0.47      c12c(O)n(-c3sc(C)c(C)n3)c(O)c1C1CCC2C1=C(C)C
-33.48    -32.78      4.92      0.46      c1(=O)n(-c2cc(OC)c3c(c2)OCO3)c(=O)c(C=NCc2ccc(C)cc2)c(O)[nH]1
-23.56    -23.92    -23.92      0.00      O(c1ccc([N+]([O-])=O)cc1C(NN=C(C)C)=O)C
-30.91    -30.39      7.57      0.46      c1(OC)cccc2c1cc(C(N(C)Cc1nc(C(C)C)no1)=O)[nH]2
-23.33    -23.61    -23.61      0.00      C(O)(c1cccc(CC(CS)N)c1)=O
-23.30    -23.50     14.97      0.47      C1CC(NC(C)=O)c2cccc(O)c2O1
-27.44    -27.10     10.33      0.46      CCc1cccc(C(=O)OCC(N=c2[nH]cc(C(F)(F)F)cc2Cl)=O)c1O
-30.43    -29.96      8.08      0.46      c1cc(OC)c(CC2CN(Cc3ccc(CO)o3)CCO2)cc1OC
-41.05    -40.47     -2.48      0.46      c1cc(Cl)ccc1C(C)(C(Nc1cccc(OC(CCC(=O)O)=O)c1Br)=O)C
Human-Component   raw_Human-Component
0.45833295583724976   0.45833295583724976   
0.46719685196876526   0.46719685196876526   
0.45978862047195435   0.45978862047195435   
0.462345689535141   0.462345689535141   
0.4629288613796234   0.4629288613796234   
0.46700623631477356   0.46700623631477356   
0.46923694014549255   0.46923694014549255   
0.45652636885643005   0.45652636885643005   
0.4639359712600708   0.4639359712600708   
0.46328914165496826   0.46328914165496826   

13:26:38: local_reinforcement_logger.timestep_report +41: INFO     
 Step 39   Fraction valid SMILES: 100.0   Score: 0.4491   Time elapsed: 36   Time left: 9.9
  Agent     Prior     Target     Score     SMILES
-22.25    -22.01     15.62      0.46      O1COc2c1cc(C1NC(=O)N=C(C)C1C(=O)OCc1ccccc1)cc2
-35.40    -35.78      2.31      0.46      C1C(CNCC2C(O)C3OCOC3C(O)C2O)CCN(c2ccc(C(F)(F)F)cc2)C1
-29.16    -28.78      8.96      0.46      C(NC(c1cc2c(nc(-c3occc3)c(-c3ccoc3)n2)[nH]1)=O)c1ccc(F)cc1
-20.34    -20.57     17.58      0.47      n12c(=NCCc3ccc(Cl)cc3)cc(C)[nH]c1ncn2
-43.92    -44.56     -7.06      0.46      OC1(C(=O)C)CC2n3c(cc(C)c(C)c3=O)OCC2C(C(F)(F)F)(NC(=O)c2ccccc2)O1
-24.98    -24.72     13.40      0.46      n1(C)nc(C)c(NS(c2c(Cl)cc(-c3cccc(C4CCNCC4)n3)cc2Cl)(=O)=O)c1C
-25.18    -24.89     13.22      0.46      N1(Cc2c(F)cccc2)C(=O)C(Cc2ccccc2)Oc2ccccc21
-27.07    -26.99     10.43      0.46      c1(C=NNC(c2ccncc2)=O)c(C)nn(-c2ccccc2)c1OC(=O)c1occc1
-23.83    -23.93     14.44      0.47      C1CN(c2nnc(N3CCOCC3)cc2)CCN1c1cc(C)ccc1
-38.02    -38.40     -0.06      0.47      C(CCCCCC)C=CC=CCC(OC(C=CC(CC)OCCCC)C)=O
Human-Component   raw_Human-Component
0.45893415808677673   0.45893415808677673   
0.4644704759120941   0.4644704759120941   
0.46029892563819885   0.46029892563819885   
0.4652079939842224   0.4652079939842224   
0.4573122262954712   0.4573122262954712   
0.46489349007606506   0.46489349007606506   
0.464741587638855   0.464741587638855   
0.45626264810562134   0.45626264810562134   
0.46796220541000366   0.46796220541000366   
0.4676312208175659   0.4676312208175659   

13:26:39: local_reinforcement_logger.timestep_report +41: INFO     
 Step 40   Fraction valid SMILES: 96.9   Score: 0.4205   Time elapsed: 37   Time left: 9.0
  Agent     Prior     Target     Score     SMILES
-27.19    -27.17     10.96      0.47      c1(C)c[nH]c(=NC(C2C3CCC(C2C(=O)N=c2sc(Br)c[nH]2)C32CC2)=O)s1
-22.25    -22.26     16.27      0.47      c1(Br)cn2c(-c3ccc(Cl)cc3)nnc2cc1
-28.23    -28.93      8.51      0.46      c1(Cl)c(OC2CCCC2)c(-c2nc(=N)[nH]c3c2CN(C(NC2CCC2)=O)C3)ccc1
-17.23    -17.43     21.16      0.47      c1cc(-c2cc(-c3ccc(O)cc3)nc(-c3ccc(O)cc3)c2)ccc1
-32.43    -31.83    -31.83      0.00      [nH]1c2c(cccc2)nn1CCNC(=O)Cc1ccc(-c2ccccc2)cc1
-33.84    -34.09      3.73      0.46      C(CNCc1[nH]c2ccccc2c1)CNCc1c2c(c(C)nc1)ccc(OC)c2
-21.91    -22.28     15.70      0.46      n1(CC)cc(CNCCCn2cccn2)c2c1cccc2
-22.88    -23.36     15.15      0.47      OCCSc1[nH]c2ccccc2c(=O)c1
-25.16    -25.75     12.14      0.46      c1ccc(CC2CCN(S(=O)(c3ccc(-c4oc(C5CCCCC5)nc4)cc3)=O)CC2)cc1
-32.58    -32.56      5.51      0.46      c1c(-c2ccc(F)cc2F)ccc(C(NCCC(C)(C)C)=O)c1C(=O)O
Human-Component   raw_Human-Component
0.46501004695892334   0.46501004695892334   
0.46987754106521606   0.46987754106521606   
0.4566461443901062   0.4566461443901062   
0.4706367552280426   0.4706367552280426   
0.0   0.0   
0.46121397614479065   0.46121397614479065   
0.46320533752441406   0.46320533752441406   
0.469584196805954   0.469584196805954   
0.4621255397796631   0.4621255397796631   
0.4643336534500122   0.4643336534500122   

13:26:40: local_reinforcement_logger.timestep_report +41: INFO     
 Step 41   Fraction valid SMILES: 100.0   Score: 0.4348   Time elapsed: 39   Time left: 8.4
  Agent     Prior     Target     Score     SMILES
-23.75    -24.66     13.24      0.46      C1CC(C(=C)C)C2C3C(C)(CCC12C(=O)OCCCC)C1(C)CCC2C(C)(C)C(O)CCC2(C)C1CC3
-25.18    -26.01     12.10      0.46      C1CN(C(C2CCCC2)=O)CCC1c1n(C)c(-c2ncccc2)nn1
-21.34    -20.99     17.13      0.46      [nH]1c(C(=O)Nc2ccc(OC)cc2)c2c(cccc2)n1
-22.99    -23.25     15.13      0.47      c1cc(C(N2CCN(Cc3n(CC)ccn3)CC2)C)ccc1OC
-21.08    -21.22     17.15      0.47      n1nc2n(nc(OCc3ccccn3)c3ccccc32)c1
-26.55    -26.31    -26.31      0.00      C(C=CCCCC(O)=O)C(CCc1c(OC)ccc(O)c1)=O
-21.88    -21.96     15.64      0.46      C1OC(CNC(Cn2c(=O)c3c(nc2)onc3-c2ccc(F)cc2)=O)CC1
-51.37    -51.75    -13.68      0.46      C(CN(CC)CC)#CC1(O)C2(C)CC(c3cscc3)C3C(C2C1)CCc1c(C(O)CCC)cccc13
-29.95    -29.90      8.42      0.47      C(CCCCn1c(=O)n(CCCC)c2c(=O)[nH]c(=N)[nH]c21)(O)=O
-25.18    -25.12     13.02      0.47      C1C(c2c(OC)c(OC)ccc2)=NN(c2scc(-c3ccc(Br)cc3)n2)C1c1ccc(Cl)cc1
Human-Component   raw_Human-Component
0.4622366428375244   0.4622366428375244   
0.46466460824012756   0.46466460824012756   
0.46491023898124695   0.46491023898124695   
0.4680396020412445   0.4680396020412445   
0.4679156243801117   0.4679156243801117   
0.463882714509964   0.463882714509964   
0.4586055874824524   0.4586055874824524   
0.4642179608345032   0.4642179608345032   
0.4674244225025177   0.4674244225025177   
0.4651716649532318   0.4651716649532318   

13:26:42: local_reinforcement_logger.timestep_report +41: INFO     
 Step 42   Fraction valid SMILES: 100.0   Score: 0.4506   Time elapsed: 40   Time left: 7.4
  Agent     Prior     Target     Score     SMILES
-28.37    -29.11      9.16      0.47      C1CCCC1Sc1[nH]cc(Cc2cnc(Cl)cc2)c(=O)n1
-47.09    -48.29    -10.70      0.46      CS(=O)(=O)Nc1ccc(C2NC(c3c(O)cc(OC)cc3)C3C(c4cc(C)c(C)cc4)OC(CC)C3C2C)cc1
-34.94    -35.31      3.22      0.47      C(C)(COC(C=CC(=O)CCCCCCCCCC)=O)(O)C
-26.35    -26.72     11.27      0.46      C(Cn1c(-c2cc(OC)ccc2)c(-c2ccccc2OC)cn1)CC
-32.46    -31.91      5.87      0.46      FC(Oc1ccc(N=c2[nH]ccc(=Nc3c(C)ccc(-c4oc(C)nc4)c3)[nH]2)cc1)(F)F
-22.92    -23.92     14.39      0.47      C1(C)N2CCCC2CN(S(=O)(c2ccc(OC)cc2)=O)C1
-24.85    -25.23     12.86      0.46      c1c(C(C)=NNC(=O)c2c(O)cccc2)c(Cl)ncc1
-21.78    -21.92    -21.92      0.00      Brc1c(NC=O)c(C)ccc1
-23.32    -23.34     14.87      0.47      O(C)c1c(OC)ccc(CNS(c2cc(OC)c(OC)cc2)(=O)=O)c1
-21.26    -21.51     16.45      0.46      n1(C)c2ccccc2c(=O)c(C(NCc2ccccc2)=O)c1
Human-Component   raw_Human-Component
0.46681174635887146   0.46681174635887146   
0.45849308371543884   0.45849308371543884   
0.4699084460735321   0.4699084460735321   
0.46329355239868164   0.46329355239868164   
0.4607383608818054   0.4607383608818054   
0.46715229749679565   0.46715229749679565   
0.46457013487815857   0.46457013487815857   
0.469684898853302   0.469684898853302   
0.46597376465797424   0.46597376465797424   
0.4629157781600952   0.4629157781600952   

13:26:43: local_reinforcement_logger.timestep_report +41: INFO     
 Step 43   Fraction valid SMILES: 100.0   Score: 0.4633   Time elapsed: 42   Time left: 6.7
  Agent     Prior     Target     Score     SMILES
-28.23    -28.21      9.87      0.46      Fc1ccc(N(C(CCc2nc3cccnc3n2CC)=O)C)cc1
-35.45    -36.25      1.37      0.46      N1CCOCC(C(O)=NO)(CS(=O)(=O)N2CCC(c3ccc(-c4ccc(OC)c(F)c4)cc3)CC2)C1
-31.73    -31.62      5.87      0.46      [O-][N+](=O)c1cc(-c2n(C)nc3c2-c2c(c[nH]c(=Nc4ccc(C(NCCN5CCCC5)=O)cc4OC)n2)CC3)c(OC)cc1
-31.30    -31.15      7.51      0.47      N1=C(C2=CCN(C(C)C)CC2)OC(CCC)C1(C)C
-19.88    -20.41     17.78      0.47      c1(=NC(=O)C2CCCC2)nc(C)cc(C)[nH]1
-30.23    -29.73      8.55      0.47      C(S)C(C(=O)Oc1ccc(C=Cc2cc(O)cc(O)c2)cc1)=Cc1ccc(O)cc1
-24.95    -24.90     12.87      0.46      c1c(Cl)c(-c2ccc(C=NNC(c3ccc(Cl)cc3)=O)o2)c(Cl)cc1
-22.58    -22.64     15.29      0.46      c1(Cl)c(OCC(Nc2cc(C(=O)C)ccc2)=O)ccc(Cl)c1
-22.37    -24.22     13.97      0.47      c12cc(OC)ccc1C=C(C(O)=O)CO2
-21.10    -21.24     16.48      0.46      C1COC(CNC(c2cc(-c3ccc(OC)cc3)on2)=O)C1
Human-Component   raw_Human-Component
0.4644812345504761   0.4644812345504761   
0.45879852771759033   0.45879852771759033   
0.45709314942359924   0.45709314942359924   
0.471422016620636   0.471422016620636   
0.46581655740737915   0.46581655740737915   
0.4667750298976898   0.4667750298976898   
0.4606194496154785   0.4606194496154785   
0.462531179189682   0.462531179189682   
0.46568918228149414   0.46568918228149414   
0.4600635766983032   0.4600635766983032   

13:26:45: local_reinforcement_logger.timestep_report +41: INFO     
 Step 44   Fraction valid SMILES: 96.9   Score: 0.4355   Time elapsed: 43   Time left: 5.7
  Agent     Prior     Target     Score     SMILES
-26.94    -27.65     10.33      0.46      c1c(C(NC2CCN(Cc3cc(OCC)c(C)c(OC)c3)CC2)=O)cccc1OC
-28.20    -28.69      8.98      0.46      c1c(COc2ccc(CCC(c3ncc(C(C)(C)C)o3)=NOCOC(C(C)(C)C)=O)cc2)cccc1
-25.05    -25.44     13.25      0.47      CC(C)CC(=O)CC(N1CCN(C)CC1)=O
-25.82    -27.07     10.76      0.46      C1CC23CCN(CC4CCC4)C(Cc4c2cc(NC(CCC)=O)cc4)C3CC1
-24.54    -24.94     12.92      0.46      Cn1c(O)c(C=NNC2=NS(=O)(=O)c3ccccc32)c(=O)n(C)c1=O
-38.34    -38.03     -0.45      0.46      c1(S(=O)(=O)c2ccccc2)ccc(Cl)c(-c2oc(-c3c(C)n(-c4ccc(C(C)C)cc4)nn3)cc2)c1
-21.63    -22.29     15.52      0.46      C(=O)(NCCc1cc(OC)c(OC)cc1)C1CCC(CNS(=O)(c2ccccc2)=O)CC1
-24.49    -24.91     13.34      0.47      c1(F)c(OC(CSc2n(C)nnn2)=O)cccc1
-30.84    -30.42    -30.42      0.00      c1c(CCN2C(=O)COc3cc(-c4ccccc4)ccc32)c[nH]c2ccccc12
-24.50    -24.23     13.86      0.46      OC1C(=C)C(=CC=C2C3C(C)(CCC2)C(C(C)CCCC(O)C)CC3)CC(O)C1
Human-Component   raw_Human-Component
0.4631781280040741   0.4631781280040741   
0.4593653380870819   0.4593653380870819   
0.4717288017272949   0.4717288017272949   
0.46126750111579895   0.46126750111579895   
0.461700975894928   0.461700975894928   
0.45835375785827637   0.45835375785827637   
0.4611569046974182   0.4611569046974182   
0.46645405888557434   0.46645405888557434   
0.0   0.0   
0.46451666951179504   0.46451666951179504   

13:26:46: local_reinforcement_logger.timestep_report +41: INFO     
 Step 45   Fraction valid SMILES: 100.0   Score: 0.4627   Time elapsed: 45   Time left: 4.9
  Agent     Prior     Target     Score     SMILES
-28.13    -28.56      9.40      0.46      N1(CC(C)C)C(C(C)C)CN(C(c2ncc[nH]c2=N)=O)CCC1=O
-21.90    -21.87     16.18      0.46      C1CC(=NNC(CNc2cc(C(F)(F)F)ccc2)=O)CC1
-33.47    -33.17      4.96      0.46      [N+](=O)([O-])c1c(C)cc(=N)[nH]c1N1CCN(c2cccc(Cl)c2Cl)CC1
-25.23    -25.99     12.31      0.47      N12CCCC1c1nc[nH]c(=NC)c1C2=O
-26.09    -26.43     11.65      0.46      Clc1cc(Cl)cc(Cl)c1Nc1c(-c2ccc(Cl)cc2)nc2n1cccc2
-24.07    -23.99     14.27      0.47      n1c(=O)c2nc[nH]c2[nH]c1SCCOc1ccccc1
-38.48    -37.99     -0.37      0.46      N(OC(=O)c1ccc(Br)cc1)C(c1c[nH]c(=NNC(c2ccncc2)=O)c([N+]([O-])=O)c1)=O
-23.08    -22.85     15.73      0.47      c12c(cc3c(c1)CCC3)C(C(O)=O)CC2
-26.24    -25.97     11.87      0.46      c1(OC)cc(-c2c(O)cc(O)c3c2oc(-c2ccc(O)cc2)c(OC)c3=O)cc(OC)c1OC
-36.89    -36.51      1.04      0.46      c1cccc(C(C)C)c1NC(=O)C(NC(=O)OCc1ccccc1)CCC(NC(C(=O)O)CCC(O)=O)=O
Human-Component   raw_Human-Component
0.4628369212150574   0.4628369212150574   
0.46397969126701355   0.46397969126701355   
0.464926540851593   0.464926540851593   
0.46713340282440186   0.46713340282440186   
0.46433040499687195   0.46433040499687195   
0.4665709435939789   0.4665709435939789   
0.45887792110443115   0.45887792110443115   
0.4704086184501648   0.4704086184501648   
0.461443692445755   0.461443692445755   
0.45792245864868164   0.45792245864868164   

13:26:47: local_reinforcement_logger.timestep_report +41: INFO     
 Step 46   Fraction valid SMILES: 100.0   Score: 0.4626   Time elapsed: 46   Time left: 3.9
  Agent     Prior     Target     Score     SMILES
-28.23    -27.70      9.80      0.46      C1OC(C)=C(C(Nc2c(=O)n(-c3ccccc3)n(C)c2C)=O)SC1=Cc1ccc(Cl)cc1
-23.99    -23.81     14.50      0.47      C1C(n2[nH]ccc2=NC(=O)c2ccc(F)cc2)CCN(Cc2ccccc2C(F)(F)F)C1
-28.28    -27.78      9.55      0.46      c1(NC(=O)C2(CN(C)C)CCN(c3nc[nH]c(=N)c3-c3cn[nH]c3)CC2)ccc(C(F)(F)F)cc1
-25.10    -25.14     12.95      0.46      Clc1cc(Cl)cc(Cl)c1N(c1nc(N(CCC)CC2CC2)cc(C)n1)CC
-34.54    -33.63      4.20      0.46      n1[nH]c(=S)n2c3ccc(C(=O)Nc4ccc(Br)cc4C)cc3ccc12
-31.18    -30.84      7.26      0.46      C(=O)(c1ccccc1O)N1CC2CN(Cc3ncccc3)C(C1)CC2
-34.10    -33.87      3.56      0.46      n1c2c(c(=O)n(CC(=O)Nc3ccc(OC)cc3)cn2)c2c([nH]cn2)c1-c1ccc(C)cc1
-24.50    -24.45     13.57      0.46      c12c(c(S(=O)(=O)N=c3sc(C)n[nH]3)ccc1)nccc2
-38.88    -38.72     -0.69      0.46      C(Cc1c[nH]c2ccc(Cl)cc12)N1CCc2cc3c(cc2NC1=O)OCCC3
-22.44    -22.66     15.35      0.46      c1cc2c(=NCCCNC(C)C)c3cc(OC)ccc3[nH]c2cc1Cl
Human-Component   raw_Human-Component
0.4572394788265228   0.4572394788265228   
0.46715599298477173   0.46715599298477173   
0.45526716113090515   0.45526716113090515   
0.46452170610427856   0.46452170610427856   
0.4613097012042999   0.4613097012042999   
0.46467605233192444   0.46467605233192444   
0.4565231204032898   0.4565231204032898   
0.4636785089969635   0.4636785089969635   
0.4638313055038452   0.4638313055038452   
0.46349889039993286   0.46349889039993286   

13:26:49: local_reinforcement_logger.timestep_report +41: INFO     
 Step 47   Fraction valid SMILES: 96.9   Score: 0.4196   Time elapsed: 47   Time left: 2.9
  Agent     Prior     Target     Score     SMILES
-23.34    -23.08     14.38      0.46      C1(=O)OC(CNC(C)=O)CN1c1c(F)c2c(cc1F)c(=O)c(C(=O)O)cn2-c1c(F)cc(F)cc1
-35.93    -37.11      0.51      0.46      C1CC(C(=O)c2cc(-c3cccc(F)c3)ccc2OC)CCN1S(=O)(=O)NCCCC
-28.54    -28.68      9.13      0.46      c12c(NCCC)c3c(nc1-c1nccc(C)c1C2=O)cccc3
-21.54    -21.67     16.93      0.47      c1n2c(c(O)cc1)nc(-c1ccccc1)c2
-27.53    -28.14     10.21      0.47      ON(CC1Oc2c(cccc2)OC1)C(=O)COC
-53.13    -53.59    -15.79      0.46      C(C)OC(=O)CCCCCC(=O)N(CC(Cn1nnc(C2(NC(=O)OCC)CC2)c1)O)C1CC1
-28.26    -28.31      9.29      0.46      n1cc(CNC2=NC(c3ccccc3F)C(C(OC)=O)=C(C)N2CC(C)C)ccc1
-22.34    -22.33     16.01      0.47      C(Oc1ccccc1Cc1nc[nH]c1)C1CCCCC1
-29.19    -28.38      9.70      0.46      c1cc(-c2ccc(-c3ccncc3)s2)cc2c1sc(=NC(=O)C)[nH]2
-23.38    -23.01     14.78      0.46      O(c1ccc(-c2nnc(SCC(=O)Nc3c(F)cccc3)n2N)cc1)C
Human-Component   raw_Human-Component
0.4568385183811188   0.4568385183811188   
0.4587755501270294   0.4587755501270294   
0.46112871170043945   0.46112871170043945   
0.4707237482070923   0.4707237482070923   
0.4676845073699951   0.4676845073699951   
0.4609126150608063   0.4609126150608063   
0.4585953652858734   0.4585953652858734   
0.46755942702293396   0.46755942702293396   
0.4643777012825012   0.4643777012825012   
0.460933655500412   0.460933655500412   

13:26:51: local_reinforcement_logger.timestep_report +41: INFO     
 Step 48   Fraction valid SMILES: 100.0   Score: 0.4207   Time elapsed: 50   Time left: 2.0
  Agent     Prior     Target     Score     SMILES
-25.50    -26.35     11.86      0.47      FC(F)(F)c1cc(C(F)(F)F)cc(-c2nc3c(nc(OC)cc3)n2C)c1
-30.91    -31.21    -31.21      0.00      c1(CCCCCCCC(NCC(O)CO)=O)ccc(Cl)c(Cl)c1
-29.14    -29.50      8.61      0.46      C(C)(OC(=O)N1CCC(CCC(=O)N2CC(Oc3ccc(C(F)(F)F)cc3)C2)CC1)(C)C
-25.16    -25.14     13.11      0.47      CN1C2CCC1CC(NCC1CCC(c3c4c5c([nH]cc5)ncn4nn3)CC1)C2
-33.75    -32.88      5.27      0.47      N(CC(Oc1cc(OC)cc(OC)c1)c1c2ccccc2ccc1)(C)C(=O)C
-28.77    -28.43      9.60      0.46      c1cccc2c1CN(C(C(c1ccccc1)=O)C(O)c1ccc([N+]([O-])=O)cc1)CC2
-26.47    -26.92     11.22      0.47      c1c(NC(C2C(O)C(O)C(CO)O2)C)ccc(C(=O)C)c1
-25.42    -25.99     11.88      0.46      c1(Cn2cc(-c3cc(F)cc(F)c3)c(=O)n(CC(c3ccccc3)N)c2=O)c(F)cccc1
-26.42    -26.36     12.39      0.47      c1c(SCCCCCN2CCC(c3c4ccccc4[nH]c3)CC2)c(O)ccc1
-38.06    -38.19     -0.32      0.46      c1ccc2c(-c3c(Cl)c(OC)cc(OC)c3Cl)cc(=NCCC3OCCOC3)[nH]c2c1OC
Human-Component   raw_Human-Component
0.46590229868888855   0.46590229868888855   
0.46741002798080444   0.46741002798080444   
0.4647563695907593   0.4647563695907593   
0.4664181172847748   0.4664181172847748   
0.46523213386535645   0.46523213386535645   
0.4638330340385437   0.4638330340385437   
0.4651530981063843   0.4651530981063843   
0.46182501316070557   0.46182501316070557   
0.4726611077785492   0.4726611077785492   
0.46180376410484314   0.46180376410484314   

13:26:53: local_reinforcement_logger.timestep_report +41: INFO     
 Step 49   Fraction valid SMILES: 100.0   Score: 0.4481   Time elapsed: 52   Time left: 1.0
  Agent     Prior     Target     Score     SMILES
-21.79    -21.04     17.04      0.46      c1ccc2c(c1)C(=O)N(c1ccc(OC)cc1)C(c1ccc(CC)s1)N2
-29.41    -29.44      8.59      0.46      c1ccncc1-c1c(-c2ccc(O)cc2)nn2nc(N3CCOCC3)ccc21
-26.49    -26.98     11.26      0.47      C1OCCN(c2cc(=O)cc(-c3ccc(-c4ccc(C=O)cc4)cc3)cc2)C1
-25.25    -25.42     12.47      0.46      c1c(C2C(C#N)(C#N)C(=N)C(C#N)C3=CCS(=O)(=O)C32)cc2ccccc2n1
-25.31    -25.63     12.81      0.47      c1(CN2C(CCO)CN(Cc3cccc(C#N)c3)CC2)sc(Cl)cc1
-31.13    -31.33      7.21      0.47      c1cc2c(cc1Cl)C(Cc1ncc(F)cc1)=CC2=Cc1cccnc1
-29.57    -29.79      7.59      0.46      N(CC1N(C(=O)OC(C)(C)C)CCC1)C(c1cc(=NC(c2c(Cl)cc(F)c(-c3ccccn3)c2)=O)n(-c2ccccc2)[nH]1)=O
-42.14    -42.05     -4.42      0.46      c1c(C)cc(C(=O)NCC2CC3CC(NC(=O)OC4CCC4)CN3C2)c(O)c1
-27.81    -27.43     10.35      0.46      c1ccc(Cn2c3c(cn2)c(=NCc2ccccc2OC)[nH]cn3)s1
-27.39    -27.37     10.68      0.46      n1c(N=c2scc(-c3cnn(C)c3)[nH]2)scc1-c1ccccc1
Human-Component   raw_Human-Component
0.46442553400993347   0.46442553400993347   
0.46378278732299805   0.46378278732299805   
0.4663492441177368   0.4663492441177368   
0.4620577096939087   0.4620577096939087   
0.4687711000442505   0.4687711000442505   
0.46997320652008057   0.46997320652008057   
0.4558866620063782   0.4558866620063782   
0.4588739275932312   0.4588739275932312   
0.46073490381240845   0.46073490381240845   
0.4640926420688629   0.4640926420688629   

