15:50:04: local_reinforcement_logger.log_message +32: INFO     starting an RL run
15:50:05: local_reinforcement_logger.timestep_report +41: INFO     
 Step 0   Fraction valid SMILES: 93.8   Score: 0.4688   Time elapsed: 1   Time left: 50.0
  Agent     Prior     Target     Score     SMILES
-52.88    -52.88    -49.06      0.12      c1cc(N2C3(O)C(O)(C4C(C)(C=CCC4(C)C)C3=O)C(c3ccccc3F)N2)ccc1O
-21.92    -21.92     -8.28      0.43      CCOC(=O)c1n(C)cc(S(=O)(=O)N2CCN(c3c(OC)cccc3)CC2)c1
-23.60    -23.60    -20.41      0.10      c1c(Cl)ccc(C(NNC(=O)CCc2c[nH]c3ccccc32)=O)c1
-36.01    -36.01    -29.71      0.20      c1c(OC)cc(OC)cc1N(S(=O)(c1cc(F)c(C(O)=O)cc1F)=O)CCC(F)(F)F
-39.73    -39.73    -37.64      0.07      c1c([N+](=O)[O-])ccc(S(=O)(=O)N=c2[nH]ccnc2-c2ccc(CN(C(=O)Nc3cc(C#N)ccc3)Cc3cc(C)no3)cc2)c1
-35.06    -35.06    -35.06      0.00      n1c(=Nc2ccc(OC)cc2)[nH]c(=NC2C(OC)CNCC2)c2[nH]ccn12
-35.04    -35.04    -12.02      0.72      c1n(-c2c([N+](=O)[O-])cc3c(=O)c(C(=O)O)cn(Cc4ccc(C(F)(F)F)cc4)c3c2)cnc1CN1CCN(S(=O)(=O)C)CC1
-27.59    -27.59    -11.63      0.50      c1(N=c2[nH]cc(F)c(=Nc3cc(C)c(N4CCC(N)CC4)cc3)[nH]2)ccc(F)cc1
-25.48    -25.48     -3.06      0.70      S(CCNCCNC(=N)N)C(N)=N
-23.63    -23.63    -10.86      0.40      c1cc(CC(Oc2cncc(Cl)c2)=O)cc[n+]1[O-]
Human-Component   raw_Human-Component
0.11945813149213791   0.11945813149213791   
0.42610836029052734   0.42610836029052734   
0.09975369274616241   0.09975369274616241   
0.19704432785511017   0.19704432785511017   
0.06527093797922134   0.06527093797922134   
0.0   0.0   
0.7192118167877197   0.7192118167877197   
0.49876847863197327   0.49876847863197327   
0.7007389068603516   0.7007389068603516   
0.39901477098464966   0.39901477098464966   

15:50:07: local_reinforcement_logger.timestep_report +41: INFO     
 Step 1   Fraction valid SMILES: 100.0   Score: 0.5000   Time elapsed: 2   Time left: 49.0
  Agent     Prior     Target     Score     SMILES
-25.84    -25.84    -10.66      0.47      c1(C)csc2nc(SCc3[nH]c4ccccc4n3)nc(N3CCOCC3)c12
-30.15    -30.07    -23.95      0.19      c1cc(CCCCCCCCCCC2C3C(CS2)NC(=O)N3)c[nH]1
-24.05    -24.05     -3.54      0.64      CCOCCCNCCOc1c(C)cc(C)cc1
-24.06    -24.02    -21.75      0.07      CC1OC(OC2CCC3(C)C4CCC5(C)C(C4CCC3C2)CCC5O)C(O)C(O)C1O
-23.42    -23.49     -5.39      0.57      C1(C(OCC(=O)NCC2OCCC2)=O)CCN(S(=O)(c2ccc(OCC)cc2)=O)CC1
-25.57    -25.54    -12.23      0.42      C(c1c(C)n(Cc2ccccc2)c(-c2c(F)cccc2F)c1)(=O)O
-26.64    -26.63     -4.92      0.68      c1cccc(NN=C(n2cnc3c2cccc3)C)c1C
-49.79    -49.71    -40.42      0.29      C1CC2(C)C(C)(C3CC(O)C4C(C)(C)C(OC5C(OC(C)=O)C(O)C(O)CO5)CCC45CC35C1)CCC2C(C)CC(=O)C(C)=CCOC
-39.60    -39.63    -25.93      0.43      CC(C(OCCN1CCc2nccn2C1)=O)N=c1[nH]cnc2ccc(C(F)(F)F)cc21
-27.27    -27.32    -13.73      0.42      c1cc(C2=Nc3c(cccc3)N=C(SCC(=O)OCC)C2C(=O)OCC)ccc1OC
Human-Component   raw_Human-Component
0.4741935431957245   0.4741935431957245   
0.19139784574508667   0.19139784574508667   
0.6408601999282837   0.6408601999282837   
0.07096774131059647   0.07096774131059647   
0.5655913949012756   0.5655913949012756   
0.4161290228366852   0.4161290228366852   
0.6784946322441101   0.6784946322441101   
0.29032257199287415   0.29032257199287415   
0.4279569983482361   0.4279569983482361   
0.42473119497299194   0.42473119497299194   

15:50:08: local_reinforcement_logger.timestep_report +41: INFO     
 Step 2   Fraction valid SMILES: 100.0   Score: 0.5000   Time elapsed: 3   Time left: 48.0
  Agent     Prior     Target     Score     SMILES
-29.05    -29.04    -21.51      0.24      C1CC2C(CN1C(c1c(-n3nncn3)cccc1)=O)N(CC1CCC1)CC2
-22.53    -22.48     -3.28      0.60      O(CC1=C(C(=O)OC)C(c2cccc(Cl)c2Cl)C(C(OC)=O)C(C)=N1)C
-40.47    -40.71    -21.58      0.60      O=C(C=Cc1ccccc1)NC(Cc1cnc[nH]1)C(N=C(C(c1nc2ccccc2s1)O)C(C)(C)C)=O
-25.83    -25.80     -4.78      0.66      C(=CC(=O)OCCC=C(C)CCC=C(C)C)c1cc(O)c(O)cc1
-37.72    -37.60    -19.05      0.58      c1(Cl)cc2c(cc1)OC1(CN(C)CC1)CC21CCN(C(c2ccccc2OC(F)(F)F)=O)CC1
-29.10    -29.16    -17.91      0.35      CC1=NC(=S)NC(c2c(SCC)cccc2)C1C(=O)OCCc1ccccc1
-25.17    -25.19     -9.71      0.48      CC(SCC(=O)NC(=O)NC1CCCCC1)C(O)=O
-25.57    -25.64    -10.02      0.49      N1(CCN2CCN(C(=O)c3nc(C)ccc3)CC2)C(=O)OCC1
-21.32    -21.34    -12.73      0.27      c12c(Cl)ncnc1n(C1CC3C(CO)C1CC3)cn2
-37.03    -37.01    -28.41      0.27      c1cc(OC(C2CCCC3(C)C(CCC3(C)O)C2C)=O)ccc1
Human-Component   raw_Human-Component
0.23548386991024017   0.23548386991024017   
0.6000000238418579   0.6000000238418579   
0.5978494882583618   0.5978494882583618   
0.6569892764091492   0.6569892764091492   
0.5795698761940002   0.5795698761940002   
0.3516128957271576   0.3516128957271576   
0.4838709533214569   0.4838709533214569   
0.4881720542907715   0.4881720542907715   
0.2688172161579132   0.2688172161579132   
0.2688172161579132   0.2688172161579132   

15:50:09: local_reinforcement_logger.timestep_report +41: INFO     
 Step 3   Fraction valid SMILES: 100.0   Score: 0.5000   Time elapsed: 4   Time left: 47.0
  Agent     Prior     Target     Score     SMILES
-22.89    -22.92      0.48      0.73      c1([N+]([O-])=O)cnn(CC)c1C(=O)N1CCOCC1
-29.90    -30.04    -11.87      0.57      c1sc(-c2nn(CCOC(=O)C=Cc3ccccc3)nn2)nc1-c1ccccc1
-24.30    -24.36    -13.70      0.33      c12nonc1C(=O)C(Cl)=C(n1cncc1)C2=O
-20.33    -20.21      1.06      0.66      C1(=O)NC2(CCCC2)C(=O)N1CC(=O)N1C(C)CCCC1C
-29.95    -29.83    -13.45      0.51      c12c(C(=O)c3ccc(Cl)cc3)c(OCc3cc(C#N)ccc3)ccc1cccc2
-27.11    -27.26    -20.34      0.22      c1c(C2=CCN(C(Nc3ccc(Cl)c(Cl)c3)=O)CC2)n(-c2c(Cl)cccn2)nc1C
-23.30    -23.44     -3.11      0.64      C(N=c1[nH]cc(Br)c(N=c2[nH][nH]c(C3CC3)c2)n1)CCN1CCNCC1
-27.39    -27.64     -8.34      0.60      C(c1cc(S(=O)(=O)Nc2cc(C)c(C)cc2)cn1C)(=O)NCCCOCC
-27.72    -27.66     -8.70      0.59      N1(CC2CCN(C(=O)c3ccccc3)CC2)CCC(C(=O)O)(n2nccc2)CC1
-23.91    -23.92     -6.38      0.55      O=S(N(CC)CC)(=O)c1cc(NC(CN2CCN(CC)CC2)=O)c(OC)cc1
Human-Component   raw_Human-Component
0.7311828136444092   0.7311828136444092   
0.5677419304847717   0.5677419304847717   
0.3333333432674408   0.3333333432674408   
0.6645161509513855   0.6645161509513855   
0.5118279457092285   0.5118279457092285   
0.21612903475761414   0.21612903475761414   
0.6354838609695435   0.6354838609695435   
0.603225827217102   0.603225827217102   
0.5924730896949768   0.5924730896949768   
0.5483871102333069   0.5483871102333069   

15:50:10: local_reinforcement_logger.timestep_report +41: INFO     
 Step 4   Fraction valid SMILES: 96.9   Score: 0.4844   Time elapsed: 6   Time left: 55.2
  Agent     Prior     Target     Score     SMILES
-27.02    -26.95    -21.50      0.17      C(=O)(C(c1ccccc1)CC)N=c1ccn(CCOC)[nH]1
-23.62    -23.88    -16.67      0.23      O(C)c1c(OC)c(OC)cc(NC(CCNS(=O)(=O)c2cc3c(cc2)N(C(C)=O)CC3)=O)c1
-21.72    -21.56     -4.64      0.53      c1cc(OC)ccc1CCCc1cccnc1
-26.34    -26.33    -16.22      0.32      c1c(NC(=O)c2cc3c(ccc(F)c3)n2Cc2ccccc2)ccc(N2CCOCC2)c1
-32.96    -33.01    -22.71      0.32      C1(C)C(OC(=O)C)C(C)(C)C2C(C)(C3C(C)(CC2)C2(C)C(=CC3)C3C(C(NCCCCCCCN)=O)(CCC(C)(C)C3)CC2)C1
-25.88    -25.74    -17.87      0.25      c1c(C2OC2(c2ccccc2)c2ccc(OC)cc2)ccc(OC)c1OC
-26.68    -26.67    -21.63      0.16      c1c(-c2ccc(C(=O)N=Nc3c(O)n(CN(CC)CC)c4c3cccc4)s2)ccc(Cl)c1
-23.77    -23.82    -13.30      0.33      c1ccccc1Cn1c(=N)n(CC(=O)OCC)c2c1nccc2
-30.80    -30.82    -10.15      0.65      c1c(OCc2c(C(n3ccnc3)N3CCC(Oc4ccccc4)CC3)cccc2)cccc1
-28.83    -28.96    -24.77      0.13      o1c(=NC(=O)C)[nH]nc1-c1c(-c2ccco2)nn(-c2ccccc2)c1
Human-Component   raw_Human-Component
0.17011494934558868   0.17011494934558868   
0.22528736293315887   0.22528736293315887   
0.5287356376647949   0.5287356376647949   
0.31609195470809937   0.31609195470809937   
0.3218390941619873   0.3218390941619873   
0.2459770143032074   0.2459770143032074   
0.15747126936912537   0.15747126936912537   
0.3287356197834015   0.3287356197834015   
0.6459770202636719   0.6459770202636719   
0.1310344785451889   0.1310344785451889   

15:50:11: local_reinforcement_logger.timestep_report +41: INFO     
 Step 5   Fraction valid SMILES: 100.0   Score: 0.5000   Time elapsed: 7   Time left: 52.5
  Agent     Prior     Target     Score     SMILES
-31.85    -31.62     -8.05      0.74      c1ccc(C(F)(F)F)c2c1C1c3cc(Cl)ccc3NC(=NC(C)(C)C)C1CO2
-28.99    -29.02    -15.67      0.42      N(c1ccc(C(N)=O)cc1)=Nc1sc(C(=O)c2ccc(C)cc2)c(N)n1
-38.99    -38.98    -16.78      0.69      N1(C(OC(C)CC)=O)Cc2cc(-c3csc4[nH]cnc(=N)c43)sc2C1
-44.93    -44.53    -33.04      0.36      FC(F)(CN=c1[nH]c(C(=O)Nc2cc(C(Nc3cc(Br)ccc3)=O)c(OC)cc2)c(OCC(F)F)cc1)F
-27.36    -27.26    -12.57      0.46      N(C(c1scnc1C)=O)c1ccc(S(N(c2ccccc2)CC)(=O)=O)cc1
-53.12    -53.67    -38.50      0.47      N(Cc1ccc(N2CC(O)Cn3c(C)c(C(=O)OCC)nc32)c(F)c1)C(=O)C(Cc1ccc(-c2ccccc2)cc1)NC(=O)C
-30.74    -30.71    -16.57      0.44      C12CC3(C(N)=O)CC(CC(O)(C1)C3=C)C2
-34.35    -34.28    -21.45      0.40      C(c1c2n(c3c(=O)n(CCC)c(=O)n(C)c13)nc(SC)n2C)c1ccc(OC)cc1
-50.23    -50.77    -29.95      0.65      c1c(N(Cc2cc(O)c(O)c(O)c2)C)c(C)c2c(c1C)OC(COc1ccc(C(C)(C)CC)cc1)CN2CC(O)=O
-44.96    -44.63    -33.35      0.35      o1c2c(cc(-c3cc4c(nc3)n(-c3ccc(C(NC5CC5)=O)c(C)c3)ccc4=O)cc2)c(C(NC)=O)c1-n1cncc1
Human-Component   raw_Human-Component
0.7365591526031494   0.7365591526031494   
0.4172042906284332   0.4172042906284332   
0.6935483813285828   0.6935483813285828   
0.3591397702693939   0.3591397702693939   
0.45913979411125183   0.45913979411125183   
0.4741935431957245   0.4741935431957245   
0.4419354796409607   0.4419354796409607   
0.4010752737522125   0.4010752737522125   
0.6505376100540161   0.6505376100540161   
0.35268816351890564   0.35268816351890564   

15:50:13: local_reinforcement_logger.timestep_report +41: INFO     
 Step 6   Fraction valid SMILES: 100.0   Score: 0.5000   Time elapsed: 9   Time left: 56.6
  Agent     Prior     Target     Score     SMILES
-21.73    -21.94    -12.20      0.30      c12nc(=NCc3cc(OC)c(OC)cc3)[nH]cc1C(=O)CC(C)(C)C2
-35.89    -36.16    -14.34      0.68      c1c(N(CCCl)CCCl)cc(NC(OC2(CC)c3c(c(=O)n4c(c3)-c3n-4c(=O)c4ccccc4n3)CCC2)=O)cc1
-40.79    -40.95    -32.45      0.27      c12c(OCC)c(OCC)cc(NCCCOc3ccc(-c4n(CC)c5ccccc5n4)cc3)c1non2
-37.50    -37.63    -17.09      0.64      CN(CC1C(CNC(=O)c2sc(-c3cc4ccccc4o3)nc2)CCC1)C
-20.50    -20.36     -0.85      0.61      c1c(C(CCS)=O)cccc1
-28.94    -28.76    -10.80      0.56      O=C(OC(C)C)N(C(Cc1ccccc1)C(=O)O)c1ccccc1
-33.70    -33.81    -14.19      0.61      C(C(N=c1c(Cl)cc(Cl)c(Cl)[nH]1)=O)CC(N(C)CCc1ccc(OC)c(OC)c1)=O
-30.43    -30.34    -13.45      0.53      c1c(-c2c3n(c(-c4cc(OCC5CC5)c(C(F)(F)F)cc4)ccn3)nc2)ccc(C)c1
-37.50    -38.13    -20.48      0.55      c1c(C)cc(OC(=O)N2CCN(C(=O)C(CCC(O)=O)NC(=O)c3nc(-c4ccccc4)nc(OCC)c3)CC2)cc1C
-31.69    -31.58    -18.81      0.40      C(CN)CNCCC1CC2CC(=O)CCC2(C)C1C
Human-Component   raw_Human-Component
0.30430108308792114   0.30430108308792114   
0.6817204356193542   0.6817204356193542   
0.2655913829803467   0.2655913829803467   
0.6419354677200317   0.6419354677200317   
0.6096774339675903   0.6096774339675903   
0.5612903237342834   0.5612903237342834   
0.6129032373428345   0.6129032373428345   
0.5279569625854492   0.5279569625854492   
0.551612913608551   0.551612913608551   
0.39892473816871643   0.39892473816871643   

15:50:15: local_reinforcement_logger.timestep_report +41: INFO     
 Step 7   Fraction valid SMILES: 100.0   Score: 0.5000   Time elapsed: 10   Time left: 53.8
  Agent     Prior     Target     Score     SMILES
-27.94    -28.05    -10.98      0.53      N(=NC(NC(c1ccccc1[N+](=O)[O-])=O)=O)c1c(O)[nH]c2ccccc21
-31.06    -31.22    -26.09      0.16      C(=O)(NC)NCc1cc(COc2c3c(ccc2)cccn3)ccc1
-29.24    -29.14     -7.08      0.69      N=c1[nH]cc(Cc2c(OC)ccc([N+]([O-])=O)c2)cc1C
-24.56    -24.71     -5.26      0.61      c1(C(F)(F)F)cc(C(F)(F)F)cc(CN=c2nc(C)[nH]cc2)c1
-35.75    -35.46    -19.94      0.48      C1(CO)N2C(C(=O)N)=C(SCc3cccnc3)C(C)C2CC1
-25.13    -25.23     -5.83      0.61      c1(SCc2ccc(N3C(=O)C(CC)(CC)C3=O)cc2)[nH]c2ccc(C)cc2n1
-38.77    -38.95    -27.25      0.37      COC(Cc1c(C(c2ccc(OC)cc2)n2c3c(c(CC(OC)=O)c2)cccc3)cccc1)=O
-20.33    -20.13    -10.71      0.29      c1ccc2[nH]cc(C3CCN(CCCCn4c(=O)[nH]c5ccccc5c4=O)CC3)c2c1
-22.44    -22.39     -7.86      0.45      [N+]([O-])(=O)c1c(C=C2COc3c(cccc3)C2=O)cccc1
-21.56    -21.59     -8.11      0.42      c1c(C2C(C(OCC)=O)C(CCl)=NC(=O)N2)ccc(C)c1
Human-Component   raw_Human-Component
0.5333333611488342   0.5333333611488342   
0.16021504998207092   0.16021504998207092   
0.6892473101615906   0.6892473101615906   
0.6075268983840942   0.6075268983840942   
0.48494625091552734   0.48494625091552734   
0.6064516305923462   0.6064516305923462   
0.3655914068222046   0.3655914068222046   
0.29462364315986633   0.29462364315986633   
0.4537634551525116   0.4537634551525116   
0.4215053617954254   0.4215053617954254   

15:50:16: local_reinforcement_logger.timestep_report +41: INFO     
 Step 8   Fraction valid SMILES: 100.0   Score: 0.5000   Time elapsed: 12   Time left: 56.0
  Agent     Prior     Target     Score     SMILES
-25.32    -25.32    -13.18      0.38      COc1cc(-c2ccc(NC(=O)CC(c3ccccc3)CC(O)=O)cc2)ccc1
-25.36    -25.77    -11.80      0.44      c1(OC)cc(OC2OC(CO)C(O)C(O)C2O)c(CC=C(C)C)cc1C(=O)OC
-31.68    -31.55    -21.33      0.32      O1C2C1C(c1ccc(C#N)cc1)N(C)C(CC(C)C)C2
-32.70    -32.99    -16.65      0.51      C(C(CC(CCc1ccc(-c2ccc(OC)cc2)cc1)=O)c1cc(OC)c(OC)c(OC)c1)(=O)O
-28.77    -28.52    -11.90      0.52      c12c(ccc(F)c1)OCCN2C(=O)c1nnn(-c2ccccc2)c1C
-52.59    -52.93    -47.01      0.18      c1cc(C(=O)c2n(C(C)(C)C)nnn2)c(N)cc1C(=O)NC(Cc1ccccc1)C(CNCC(Cc1c2ccccc2[nH]c1)NC(OC)=O)O
-25.30    -25.65    -13.02      0.39      c1(Cn2nnc3c2[nH]c(C)nc3=Nc2ccc(OC)cc2)ccc(C)cc1
-26.80    -27.06    -12.99      0.44      Clc1c(S(=O)(N2CC3(CN(C(OC)=O)C3)CC2)=O)cccc1
-37.42    -37.63    -27.30      0.32      n1c[nH]c2c(c1=N)ncn2C1OC(CS(NC(=O)C(C)NC(=O)OC(C)(C)C)(=O)=O)C(O)C1
-31.13    -30.97    -15.69      0.48      c1(C(F)(F)F)cc(SCC(=O)NC(=O)c2cc(Cl)ccc2)c2ccccc2n1
Human-Component   raw_Human-Component
0.3795698881149292   0.3795698881149292   
0.43655914068222046   0.43655914068222046   
0.3193548321723938   0.3193548321723938   
0.5107526779174805   0.5107526779174805   
0.5193548202514648   0.5193548202514648   
0.1849462389945984   0.1849462389945984   
0.39462366700172424   0.39462366700172424   
0.4397849440574646   0.4397849440574646   
0.32258063554763794   0.32258063554763794   
0.47741934657096863   0.47741934657096863   

15:50:18: local_reinforcement_logger.timestep_report +41: INFO     
 Step 9   Fraction valid SMILES: 100.0   Score: 0.5000   Time elapsed: 13   Time left: 53.3
  Agent     Prior     Target     Score     SMILES
-36.51    -36.41    -33.76      0.08      O=C(CNCCCCNCCCCCCNCc1c2c(cccc2)ccc1)NCCCCNCc1c(N)cccc1
-23.10    -23.12      0.52      0.74      c1cc(C)c(-c2nc3cn(Cc4ccc(F)cc4)ccc-3n2)cc1
-32.45    -32.71    -14.99      0.55      C1CCN(C(=O)CC(c2cc(F)ccc2)CC(=O)NC)CC1
-24.00    -24.22    -13.89      0.32      S=C(Nc1ccc(C(=O)OC)cc1)N1CCN(S(c2ccc3c(c2)OCCO3)(=O)=O)CC1
-35.76    -35.73    -15.46      0.63      c1nc2cc(F)c(N)cc2n2c1n[nH]c2=NC
-32.24    -32.09    -15.84      0.51      N(=c1nc(-c2ccccc2)[nH]c(C(=O)NCc2cc(Cl)c(Cl)cc2)c1)CC1CCNCC1
-37.32    -37.05    -16.34      0.65      c1(C(F)(F)F)nc2n(-c3c(F)cccc3)c3c(cc-2c(=O)n1)CSC(c1ccccc1)C3
-23.63    -24.02     -3.07      0.65      c1(SCc2ccc(Cl)cc2)n(C)c(=O)c(C#N)c(C2CC2)n1
-34.55    -34.80    -15.74      0.60      c1(N2CCCC(c3c(C(=O)N4CCN(c5c(C)c(C)ccc5)CC4)cnn3C)CC2)nc(C)cc(C)n1
-27.58    -27.59    -18.19      0.29      O=C(NN=C(Cc1ccccc1)CC)C(C)Oc1ccc(C)cc1
Human-Component   raw_Human-Component
0.08279570192098618   0.08279570192098618   
0.7387096881866455   0.7387096881866455   
0.5537634491920471   0.5537634491920471   
0.32258063554763794   0.32258063554763794   
0.6333333253860474   0.6333333253860474   
0.5075268745422363   0.5075268745422363   
0.647311806678772   0.647311806678772   
0.6548386812210083   0.6548386812210083   
0.5956989526748657   0.5956989526748657   
0.2935483753681183   0.2935483753681183   

15:50:19: local_reinforcement_logger.log_message +32: INFO     Resetting Agent
15:50:19: local_reinforcement_logger.log_message +32: INFO     Adjusting sigma to: 82
15:50:19: local_reinforcement_logger.timestep_report +41: INFO     
 Step 10   Fraction valid SMILES: 100.0   Score: 0.5000   Time elapsed: 15   Time left: 54.5
  Agent     Prior     Target     Score     SMILES
-61.19    -61.95    -61.95      0.00      C1CC2C(c3ccc(OC(C(NS(=O)(=O)c4c(C)onc4C)(C(OC)=O)C)=O)c(OC)c3)c3cc(OC)c(OC)cc3C3CCN1C32
-30.02    -29.85    -15.36      0.45      C(CC(=O)O)(c1ccccc1)(c1sc(CC)cc1)CCC
-44.25    -44.19    -20.27      0.75      c1(Br)c(N)c(Cl)cc(CC(N)C(=O)N2CCC(C(NC(C)C(Nc3cc(Cl)c(Cl)cc3)=O)=O)CC2)c1
-19.66    -19.83     -5.65      0.44      c1(O)c(C(C)(C)C)cc(C=Cc2c3c(ncc2)cccc3)cc1C(C)(C)C
-43.45    -43.79    -22.56      0.66      CC1(C)C(C)(C)[N+]([O-])=C2CCCC(=O)C2C1(OC)Oc1ccc(C(F)(F)F)cc1C(F)(F)F
-29.56    -29.41     -8.66      0.65      c1cc2n(-c3ccc(F)cc3)c3c(c2cc1)c[n+](CC(=O)c1cccs1)cc3
-20.28    -19.68     -7.16      0.39      c12c(cccc1)[nH]cc2-c1nnc(-c2ccccc2)o1
-23.72    -23.66     -5.01      0.58      O(C)c1ccc(OC)c(NC(=S)N2C(c3ccc(OC)cc3)CCC2)c1
-22.26    -22.44     -4.82      0.55      c1(CCN)n(CCCOc2ccccc2)c2c(cccc2)n1
-46.86    -47.64    -28.47      0.60      C(C(C(Oc1ccc([N+](=O)[O-])cc1C(F)(F)F)=O)C(NC(C(OCC=C)=O)CC(C)C)=O)CC
Human-Component   raw_Human-Component
0.0   0.0   
0.45268815755844116   0.45268815755844116   
0.7473118305206299   0.7473118305206299   
0.44301074743270874   0.44301074743270874   
0.6634408831596375   0.6634408831596375   
0.64838707447052   0.64838707447052   
0.3913978636264801   0.3913978636264801   
0.5827956795692444   0.5827956795692444   
0.550537645816803   0.550537645816803   
0.5989247560501099   0.5989247560501099   

15:50:22: local_reinforcement_logger.timestep_report +41: INFO     
 Step 11   Fraction valid SMILES: 100.0   Score: 0.5000   Time elapsed: 17   Time left: 55.2
  Agent     Prior     Target     Score     SMILES
-23.96    -23.96     28.86      0.64      c1c(S(NCc2cc(C)ccc2)(=O)=O)cc2c(c1)NC(=O)C(C)C(=O)N2
-29.71    -29.71    -17.72      0.15      C(Sc1cnn(CC)c(=O)c1Cl)(=O)N1CCN(Cc2ccccc2)CC1
-18.97    -18.97     -5.12      0.17      c1cc(OC)ccc1C1=Nc2c([nH]cnc2=N)OC1(C)C
-24.61    -24.61     34.47      0.72      C(C)c1ccc(C(O)c2[nH]cc(-c3cccc(C(C)C)c3)n2)cc1
-28.83    -28.83     31.48      0.74      c1(-n2c(=O)c3c(cccc3)nc2C(C)N(C(=S)Nc2cc(OC)ccc2)CCCN2CCN(C)CC2)ccccc1
-30.27    -30.27     26.69      0.69      c1ncc2c(n(CCCC)c3nc(=O)n(-c4cccc(F)c4)c(=O)n23)c1
-21.41    -21.41     32.91      0.66      C(=C)C(O)CNC(C)=O
-19.96    -19.96     22.98      0.52      C1N(c2ccc(OC)cc2)CCN(CCCCn2c3c(=O)n(C)c(=O)n(C)c3nc2)C1
-27.90    -27.90     28.35      0.69      Cc1cc(C)cc(-c2[nH]c3ccccc3c2C2CCCC2)c1O
-42.90    -42.90      7.71      0.62      n1c(-c2cc(F)c(C(=O)NCCOC)cc2)nc(C2(c3c[nH]c(=Nc4ncccc4)o3)CC2)n1C1CCCCC1
Human-Component   raw_Human-Component
0.6440860033035278   0.6440860033035278   
0.14623655378818512   0.14623655378818512   
0.1688172072172165   0.1688172072172165   
0.7204301357269287   0.7204301357269287   
0.7354838848114014   0.7354838848114014   
0.6946236491203308   0.6946236491203308   
0.6623656153678894   0.6623656153678894   
0.523655891418457   0.523655891418457   
0.6860215067863464   0.6860215067863464   
0.6172043085098267   0.6172043085098267   

15:50:23: local_reinforcement_logger.timestep_report +41: INFO     
 Step 12   Fraction valid SMILES: 96.9   Score: 0.4844   Time elapsed: 19   Time left: 55.5
  Agent     Prior     Target     Score     SMILES
-39.21    -39.19    -32.40      0.08      c1c2c(-c3c(OC)cccc3)c[nH]c2c(OCc2c(CN(C(C)=O)C(C)C)cccc2)cc1
-22.70    -22.70     18.40      0.50      c12ccc(S(=O)(Nc3c(OCC)cccc3)=O)cc1CCN2C(C1CCC1)=O
-35.92    -35.97     21.90      0.71      c1cc2c(cc1)CN(CC(C(=O)c1ccc(O)c(O)c1)=C)CN2
-28.39    -28.36     24.70      0.65      Cc1n(CC(=O)OCC(NCC(C)C)=O)c2c(cccc2)n1
-46.65    -46.61     -0.99      0.56      C(Nc1cc(C(=O)N2CCCCC2C(OCCCc2cccnc2)=O)cc(F)c1)(=O)c1cc2c(cc1)[nH]nn2
-34.74    -34.72     -3.05      0.39      c1[nH]cnc1CCCC1N(S(=O)(=O)c2ccccc2C(=O)OC)CCCC1
-21.54    -21.55     19.26      0.50      C(c1sccc1)C(OCC(NC1CCCCC1)=O)=O
-36.30    -36.40     12.42      0.60      c1(F)ccc(-c2cc(-c3ccc(OC)cc3)[nH]c(=NC(Cc3c(O)[nH]c(=S)s3)=O)n2)cc1F
-29.76    -29.72    -10.68      0.23      c1(Cl)cccc(F)c1Cn1cnc2c1nc(C#N)[nH]c2=NCc1cnccc1
-34.80    -34.77      9.62      0.54      c1cc(-n2nc(C)n(C(CC)C34CC5CC(CC(C5)C3)C4)c2=O)cc(SC)c1
Human-Component   raw_Human-Component
0.08275862038135529   0.08275862038135529   
0.5011494159698486   0.5011494159698486   
0.705747127532959   0.705747127532959   
0.6471264362335205   0.6471264362335205   
0.5563218593597412   0.5563218593597412   
0.38620689511299133   0.38620689511299133   
0.49770113825798035   0.49770113825798035   
0.5954023003578186   0.5954023003578186   
0.23218390345573425   0.23218390345573425   
0.5413793325424194   0.5413793325424194   

15:50:25: local_reinforcement_logger.timestep_report +41: INFO     
 Step 13   Fraction valid SMILES: 100.0   Score: 0.5000   Time elapsed: 21   Time left: 55.5
  Agent     Prior     Target     Score     SMILES
-21.46    -21.47     -8.77      0.15      CC1(CCC=C(C)C)CCc2c(O)c(C(=O)C)c(O)c(C)c2O1
-31.80    -31.77    -21.72      0.12      c1(=NC(=O)CCC(NN=c2[nH]c3c(cccc3)nc2)=O)sc2cccc(C)c2[nH]1
-33.81    -33.84      1.52      0.43      c1(C)c2c(c3c(n(C4CCCCC4)cn3)n1)c(=N)[nH]cn2
-24.68    -24.73     35.93      0.74      c1(-c2ccccn2)n(CCC)c(CNc2ccc(F)cc2)nn1
-29.30    -29.44     25.75      0.67      CC(=NNC(CN1CCN(Cc2ccc(C)cc2)CC1)=O)CC(Nc1ccc(C(C)=O)cc1)=O
-47.56    -47.39      2.60      0.61      C(#N)c1cc(C#N)ccc1Cn1c(C(NC)=O)c(Cl)cc1NCc1cocc1
-21.73    -21.65     20.14      0.51      c1ccc(NC(=O)Nc2ccc3c(c2)C(=O)N(C(CO)C)CC(C)C(CN(C)Cc2ccc(-c4ccccc4)cc2)O3)cc1
-30.63    -30.69     14.81      0.55      c1cc(C2NC(=O)N=C(CN3CCN(C(=O)c4sccc4)CC3)C2C(=O)OC)c(F)cc1
-32.64    -32.62    -15.07      0.21      N(CC)=c1c(S(Nc2ccc(OCC(=O)N)cc2)(=O)=O)c[nH]cc1
-43.93    -43.76     13.38      0.70      N1CCn2c(cc3c2c(Cl)c2c(c3CN(CC)CC)CCCC2)C1
Human-Component   raw_Human-Component
0.1548387110233307   0.1548387110233307   
0.1225806474685669   0.1225806474685669   
0.4311828017234802   0.4311828017234802   
0.7397849559783936   0.7397849559783936   
0.6731182932853699   0.6731182932853699   
0.6096774339675903   0.6096774339675903   
0.5096774101257324   0.5096774101257324   
0.5548387169837952   0.5548387169837952   
0.21397849917411804   0.21397849917411804   
0.6967741847038269   0.6967741847038269   

15:50:27: local_reinforcement_logger.timestep_report +41: INFO     
 Step 14   Fraction valid SMILES: 100.0   Score: 0.5000   Time elapsed: 22   Time left: 52.8
  Agent     Prior     Target     Score     SMILES
-29.30    -29.31     -6.30      0.28      O=C(CCCC(=O)C)CC(CCC=CCCCCCCCCC)=O
-22.20    -22.14     26.97      0.60      c1c2c(=O)[nH]c(=N)[nH]c2ccc1CCC
-31.35    -31.34     30.82      0.76      c1n(-c2cnc(N3CCOCC3)cc2)cc(CC2CC2)n1
-24.27    -24.21     29.22      0.65      c1cc(COC(c2cccc(Br)c2)=O)oc1C(OCC)=O
-34.98    -34.98     18.72      0.65      C(=O)(C1CC1)NCc1cccc(C(=O)N=c2cc(Sc3ccc(Cl)cc3)nc[nH]2)c1
-23.89    -24.08     20.09      0.54      c1ccc(-c2c[nH]c3ncnc(N4CCN(Cc5cccc(F)c5)CC4)c32)cc1
-27.04    -27.08     -5.03      0.27      c1(C2CNCC2C(N2CCN(c3cccc(C(F)(F)F)c3)C(=O)C2)=O)ccc(Cl)cc1
-19.29    -19.38     22.32      0.51      c1(C(C)(C)C)ccc(S(=O)(=O)Nc2ccc(Cl)cc2C(=O)c2ccncc2)cc1
-33.17    -33.23      9.19      0.52      c1c(CNC)ccc(OCC(O)CN(Cc2cccc(OC(F)(F)F)c2)CCC)c1
-34.08    -34.18     -8.43      0.31      C(C1CCCCC1)n1c(=O)c(C(NC(c2ccc(C(=O)OC)cc2)C)=O)cc2ccccc12
Human-Component   raw_Human-Component
0.2806451618671417   0.2806451618671417   
0.5989247560501099   0.5989247560501099   
0.7580645084381104   0.7580645084381104   
0.6516128778457642   0.6516128778457642   
0.6548386812210083   0.6548386812210083   
0.5387097001075745   0.5387097001075745   
0.2688172161579132   0.2688172161579132   
0.5086021423339844   0.5086021423339844   
0.5172042846679688   0.5172042846679688   
0.31397849321365356   0.31397849321365356   

15:50:28: local_reinforcement_logger.timestep_report +41: INFO     
 Step 15   Fraction valid SMILES: 96.9   Score: 0.4844   Time elapsed: 23   Time left: 50.3
  Agent     Prior     Target     Score     SMILES
-40.16    -40.07      5.26      0.55      c1cc(COC(=O)NOCC2C(Oc3ccc(OC)cc3)C(OCc3cc(C#N)ccc3)CC(OC)O2)ccc1
-23.91    -23.85     30.54      0.66      c1(S(=O)(=O)N=c2n(-c3cc(C)ccc3)[nH]c(C)c2)ccc(Cl)cc1
-23.35    -23.60     20.51      0.54      n12c(sc(C)n1)nc(COC(=O)c1c(C)c(C(=O)C)c(C)[nH]1)n2
-23.16    -23.20     26.37      0.60      c1(C(=O)OC(C(=O)NC2CCCCC2)C)cn(C)c2ccccc12
-36.72    -36.93    -22.32      0.18      c1c(N=C(NC#N)N)cc(OC)c(-c2ccc(Oc3ccccc3)cc2)n1
-20.13    -20.08     25.06      0.55      c1c(N=Cc2ccccc2O)cc(O)c(O)c1
-28.15    -28.12     27.49      0.68      C1NC(SC2CC(=C)C2)=NC1
-22.20    -22.12     31.04      0.65      O=C(c1cc2scnc2cc1)N1CCN(c2ccccc2F)CC1
-24.68    -24.67     10.48      0.43      c1c(Cl)sc(C(=O)NCCCC(N2CCCCCC2)=O)c1
-34.92    -35.08      2.72      0.46      c1(C(=O)N2C3CCC2CC(C(N=c2[nH]ccnc2)=O)(C)C3)c(-c2nc(C)no2)cccc1
Human-Component   raw_Human-Component
0.5528735518455505   0.5528735518455505   
0.6632183790206909   0.6632183790206909   
0.5379310250282288   0.5379310250282288   
0.6045976877212524   0.6045976877212524   
0.1781609207391739   0.1781609207391739   
0.5505747199058533   0.5505747199058533   
0.6781609058380127   0.6781609058380127   
0.6482758522033691   0.6482758522033691   
0.4287356436252594   0.4287356436252594   
0.4609195291996002   0.4609195291996002   

15:50:29: local_reinforcement_logger.timestep_report +41: INFO     
 Step 16   Fraction valid SMILES: 100.0   Score: 0.5000   Time elapsed: 25   Time left: 50.0
  Agent     Prior     Target     Score     SMILES
-23.49    -23.55     17.72      0.50      C(C(Nn1c(C)nc2c(cccc2)c1=O)=O)Oc1ccccc1OC
-18.47    -18.32     30.00      0.59      OC(=O)c1c(=O)c2cc(F)c(N3CCOCC3)cc2n(CC)c1
-27.69    -27.68     -1.14      0.32      N(CC(O)COc1c2c(ccc1)NC(=O)CO2)Cc1c2c(ccc1)cccc2
-29.72    -29.78     18.80      0.59      c1(CCCCCSCC(O)=O)cnc(C2=CCCC2)c(C)c1
-26.82    -26.83     26.52      0.65      c1c(C)c(F)ccc1C(c1c(N)sc2c1CCNC2)=O
-34.13    -34.19     17.31      0.63      c1(C=C2C(=O)N3C2(CCC)C(=O)Nc2cc(C)cc(C)c2C3=O)cnccc1
-23.03    -22.94      1.93      0.30      c1c(NC(=O)C=CC(=O)OCC)ccc(-c2ccccc2)c1
-25.47    -25.12     -2.90      0.27      C1(NC(N=c2[nH]cc3c(-c4ccnc(C)c4)n[nH]c3c2)=O)CN(S(C)(=O)=O)C1
-38.49    -38.48    -13.97      0.30      C1(=O)N(CC(=O)NC(C)(C)C)c2ccccc2C12Sc1ccccc1N2CC(N1CCCCCC1)=O
-24.14    -24.02     21.38      0.55      O(C(N1CCN(Cc2nnc(-c3c(Br)cccc3)o2)CC1)=O)C(C)(C)C
Human-Component   raw_Human-Component
0.5032258033752441   0.5032258033752441   
0.5892472863197327   0.5892472863197327   
0.323655903339386   0.323655903339386   
0.5924730896949768   0.5924730896949768   
0.6505376100540161   0.6505376100540161   
0.6279569864273071   0.6279569864273071   
0.3032258152961731   0.3032258152961731   
0.2709677517414093   0.2709677517414093   
0.2989247441291809   0.2989247441291809   
0.5537634491920471   0.5537634491920471   

15:50:31: local_reinforcement_logger.timestep_report +41: INFO     
 Step 17   Fraction valid SMILES: 90.6   Score: 0.4531   Time elapsed: 26   Time left: 47.7
  Agent     Prior     Target     Score     SMILES
-23.18    -23.25     38.25      0.75      CC(C(N)C(O)Cc1ccccc1)CC
-42.16    -42.31     12.14      0.66      N1(C2=C(Cl)C(=S)N(c3ccc(C)c(C)c3)C2=O)c2c(cccc2)C(C)C1
-28.99    -29.21     -1.33      0.34      C1(C(=O)OCC)=C(C)N(CC2OCCC2)C(C)=C(C(OCC)=O)C1c1ccsc1
-27.56    -27.27     27.40      0.67      C(N=c1cc(Cl)nc[nH]1)(NCc1ccccc1)=NC#N
-53.63    -53.66    -53.66      0.00      n1cnc(OC(F)F)c1-c1[nH]nc2c(F)c(=NC(=O)NCC(C(C)(O)C)O)[nH]cc21
-24.83    -25.08     -2.95      0.27      C(CO)CN=c1cc(-n2c3ncc(C#N)cc3cn2)[nH]cc1C(=O)NCC(C(C)(O)C)F
-31.20    -31.21    -12.01      0.23      COc1c(C(O)=O)ccc(C(c2ccc(OC(=O)C)cc2)CC)c1
-28.37    -28.63     23.00      0.63      c12cc(O)c(O)cc1C(=O)C(c1cc(O)c(O)cc1OC)CC2
-30.30    -30.31     10.59      0.50      c1(CC)ccc2c(c1)OCc1c-2nc(Cc2ccc(OC)cc2)s1
-30.27    -30.43     24.12      0.67      Cc1cccc(-c2nc(N3CCCC3)nn2-c2cc(Cl)ccc2)n1
Human-Component   raw_Human-Component
0.75   0.75   
0.6640211343765259   0.6640211343765259   
0.3399471044540405   0.3399471044540405   
0.6666666865348816   0.6666666865348816   
0.0   0.0   
0.2698412835597992   0.2698412835597992   
0.2341269850730896   0.2341269850730896   
0.6296296119689941   0.6296296119689941   
0.49867725372314453   0.49867725372314453   
0.6653439402580261   0.6653439402580261   

15:50:32: local_reinforcement_logger.timestep_report +41: INFO     
 Step 18   Fraction valid SMILES: 100.0   Score: 0.5000   Time elapsed: 28   Time left: 47.2
  Agent     Prior     Target     Score     SMILES
-31.95    -31.83     19.39      0.62      c1[nH]c(=Nc2ccc(CCN3CCCC3CO)cc2)c2ncc(Cl)cc2c1
-19.52    -19.42     38.51      0.71      c1c2nc(C=CC(=O)O)ccc2ccc1
-27.38    -27.64     26.93      0.67      c1c2n(CCc3ccccc3)c(N3CCC(C(NCCC(C)C)=O)CC3)nc2ccc1
-28.85    -29.04     22.28      0.63      c1(-c2ccc(S(=O)(=O)N3CCN(C)CC3C(O)=NO)cc2)cn(C)nc1
-20.41    -20.24     25.61      0.56      C1CC(=Cc2c(Cl)cccc2)C(=O)c2ccccc21
-47.47    -47.47    -30.18      0.21      C(NC(=O)C(=NO)Cc1c[nH]cn1)(Cc1c2ccccc2[nH]c1)C(=O)NS(OCC1C(O)C(O)C(n2cnc3c2nc[nH]c3=NC(C)=O)O1)(=O)=O
-27.03    -27.00     21.94      0.60      Fc1ccc(F)c2c1CCC1N2CCCNC1
-33.81    -33.61      9.25      0.52      c1ccc2c(c1)CC(NC(=O)COCC(NCC=C)=O)C(=O)N2CC(F)(F)F
-28.38    -28.61     17.15      0.56      c1ccc(C)c(OCC(=O)OCc2cc(=O)n3c(n2)ccs3)c1C
-23.87    -23.73     18.68      0.52      O=C1CC2=C(CCOC2=O)C=C1C
Human-Component   raw_Human-Component
0.624731183052063   0.624731183052063   
0.7064515948295593   0.7064515948295593   
0.6655914187431335   0.6655914187431335   
0.625806450843811   0.625806450843811   
0.5591397881507874   0.5591397881507874   
0.2107526808977127   0.2107526808977127   
0.5967742204666138   0.5967742204666138   
0.522580623626709   0.522580623626709   
0.5580645203590393   0.5580645203590393   
0.5172042846679688   0.5172042846679688   

15:50:34: local_reinforcement_logger.timestep_report +41: INFO     
 Step 19   Fraction valid SMILES: 100.0   Score: 0.5000   Time elapsed: 29   Time left: 45.0
  Agent     Prior     Target     Score     SMILES
-22.74    -22.77     34.63      0.70      n12ccnc1sc(S(=O)(C)=O)n2
-24.33    -24.61     21.41      0.56      c1(N2CCCCC2)ncc(C(=O)NCc2ccc(Cl)cc2)c(=O)[nH]1
-23.25    -23.32    -10.63      0.15      c1c(CNCCOC)ccc(OC)c1OC1CCCC1
-28.90    -28.76     15.07      0.53      O(C(=O)CC(Nc1cccc(S(N2CCCCC2)(=O)=O)c1)=O)CC
-27.07    -26.83     19.37      0.56      n1csc(N2C(=O)CSC2c2cccnc2)c1C#N
-23.63    -23.70     32.20      0.68      COc1cc(N2CCC(NC(C3CC3)=O)CC2)cc(OC)c1
-30.74    -30.26     26.79      0.70      c1c(S(=O)(=O)NCC2CCC(N=c3[nH]c(Oc4c(C)cc(C#N)cc4C)c(Cl)c(=O)[nH]3)CC2)ccc(C(F)(F)F)c1
-23.84    -23.60     -5.70      0.22      O=C1SC(=Cc2cc(C(=O)N)ccc2OC)C(=O)N1
-29.57    -29.36     18.35      0.58      c1c(OC(C)C2CCN(c3ncc(CC)cn3)CC2)ccc(C(NC2CNCCC2)=O)c1
-21.87    -21.77     27.61      0.60      c1c(Cl)ccc(-c2noc(-c3csc(C)n3)c2)c1
Human-Component   raw_Human-Component
0.699999988079071   0.699999988079071   
0.5612903237342834   0.5612903237342834   
0.1548387110233307   0.1548387110233307   
0.5344086289405823   0.5344086289405823   
0.5634408593177795   0.5634408593177795   
0.6817204356193542   0.6817204356193542   
0.6956989169120789   0.6956989169120789   
0.21827957034111023   0.21827957034111023   
0.5817204117774963   0.5817204117774963   
0.602150559425354   0.602150559425354   

15:50:35: local_reinforcement_logger.timestep_report +41: INFO     
 Step 20   Fraction valid SMILES: 96.9   Score: 0.4844   Time elapsed: 31   Time left: 44.3
  Agent     Prior     Target     Score     SMILES
-73.56    -73.41    -38.63      0.42      O=C1C2(C)C(C(=O)O)C3OC(=O)C4(C=CCCCCCCCCCCCCCCCCCCC)C1C2C2(CO)C(c1cc(OC)c(OC)c(OC)c12)(O4)OC3
-44.95    -45.33     16.32      0.75      C1(OC(C)=O)CCC(C)C23C(OC(=O)C)C(=CC(OC(C)=O)C(OC(=O)c4c(C#N)cccc4)C12)C(C)(C)O3
-28.79    -28.74     29.23      0.71      c1ccc2c(n(Cc3ccc(Cl)c(Cl)c3)ccc2=Nc2ccc(OC)cc2)c1
-26.29    -26.15     14.47      0.50      O=C(CSc1c(NC(=O)c2ccc(OC)cc2)cccc1)Nc1ccc(OC)cc1
-16.25    -16.45     25.68      0.51      [nH]1cnc(CC(N)C(=O)O)c1
-37.08    -37.31     -7.52      0.36      [nH]1c2c(c(=Nc3c(C)c(C)ccc3)cc1NC(=O)NC(C)C)cc(C(=O)OC)cc2
-24.80    -24.58     28.96      0.65      c1(C2c3c(cccc3)CN(C)C(c3ccc(N(C)C)cc3)=N2)ccccc1
-35.98    -36.39      0.28      0.45      C1CC2(c3cc(-c4ccc(C#CCCO)s4)ccc3OC2)CCN1C(=O)CC#N
-29.76    -29.55     20.78      0.61      c1(CN(c2ccccc2)C(=O)c2cc3ccccc3o2)coc(-c2ccc(O)cc2)n1
-27.75    -27.52     15.55      0.53      C1CC(C(NCCCN=c2[nH]ccc(OC)c2)=O)CCN1C(=O)C=Cc1ccccc1
Human-Component   raw_Human-Component
0.4241379201412201   0.4241379201412201   
0.751724123954773   0.751724123954773   
0.7068965435028076   0.7068965435028076   
0.4954023063182831   0.4954023063182831   
0.5137931108474731   0.5137931108474731   
0.36321839690208435   0.36321839690208435   
0.6528735756874084   0.6528735756874084   
0.44712644815444946   0.44712644815444946   
0.6137930750846863   0.6137930750846863   
0.5252873301506042   0.5252873301506042   

15:50:37: local_reinforcement_logger.timestep_report +41: INFO     
 Step 21   Fraction valid SMILES: 96.9   Score: 0.4844   Time elapsed: 33   Time left: 43.5
  Agent     Prior     Target     Score     SMILES
-44.05    -44.68     19.50      0.78      c1c(C(O)(COc2cc(-c3cc4ncc(=O)n(CC(C)C)c4cc3)ccc2)c2n(C)cnc2)ccc(C#N)c1
-39.22    -39.18    -39.18      0.00      O=c1c(F)c(CCc2ccccc2)c(C)n(C)c1C(C)(c1ccccc1OC)O
-37.09    -37.28     13.72      0.62      c1c(OC)ccc(CC(CC(N)C(CC(C(=O)NCC(C(NC(OCc2cncs2)=O)C(C)C)Cc2ccccc2)O)=O)C(C)C)c1
-27.69    -27.61     29.60      0.70      c1cc(N=C2SC3(CCCCC3)NN2CC)c(C)cc1C
-44.90    -44.53    -22.95      0.26      O(CC(OCC)=O)C1C(Cl)(C)C2CCC(O)(C)C2C2C(C(C)CC2)O1
-27.95    -28.41     24.75      0.65      C(F)Cn1c2c(cc(OC)cc2)c(CC(C(=O)O)N)c1
-19.25    -19.14     30.44      0.60      O=C(OCC(=O)c1ccccc1)c1n(C)ccc1
-26.00    -26.01      6.79      0.40      O(C)c1cc(NC(=S)NC)c(OC)cc1NC(CC)=O
-25.59    -25.73     26.20      0.63      c12cc(CN(c3ccc(C(=O)NC(C(O)=O)CCC(=O)NC(CCC(O)=O)C(O)=O)cc3)CC#C)ccc1cccc2
-22.43    -22.51     29.90      0.64      c1(=Nc2cccc(NC(=O)C)c2)[nH]cnc2n(C3OC(CO)C(O)C3O)cnc12
Human-Component   raw_Human-Component
0.7827585935592651   0.7827585935592651   
0.0   0.0   
0.6218391060829163   0.6218391060829163   
0.6977011561393738   0.6977011561393738   
0.26321840286254883   0.26321840286254883   
0.6482758522033691   0.6482758522033691   
0.6045976877212524   0.6045976877212524   
0.4000000059604645   0.4000000059604645   
0.6333333253860474   0.6333333253860474   
0.6390804648399353   0.6390804648399353   

15:50:38: local_reinforcement_logger.timestep_report +41: INFO     
 Step 22   Fraction valid SMILES: 100.0   Score: 0.5000   Time elapsed: 34   Time left: 41.4
  Agent     Prior     Target     Score     SMILES
-26.79    -27.31     36.26      0.78      C(=O)(N1CCCC1C(=O)NCc1cccc(Cl)c1F)c1cc(F)cc(F)c1
-23.50    -23.35     35.82      0.72      O1C(CO)C(O)CC1n1c2c(c(C#N)nc(F)n2)nc1
-27.74    -27.88     28.29      0.68      C1CNCCC1C(=O)Nc1c(C)ccc(C(=O)NC)c1
-19.85    -19.76     31.74      0.63      c1(OC)cc2c(cc1OC)CCNC2CCCCC
-25.95    -26.14      6.04      0.39      C(c1ccc(Oc2ccccc2)cc1)N1C(=O)C(c2cc3ccccc3cc2)(C)NC1=O
-40.42    -40.71     12.28      0.65      c1(C)cc(C)ccc1OC(c1nc2ccc(-c3ccc(OC)c(C(=O)C)c3)cn2c1)=O
-31.71    -32.24     17.05      0.60      c1(C=c2c(C)n[nH]c2=C)c(Cl)n(COC(CO)CO)c(=O)[nH]c1=O
-72.21    -71.82    -48.11      0.29      C1(C(=CC=CCCCCCCCC(=O)O)C(OC(C)=O)(CC)CC)C(C(O)=O)OC1(CO)CCC(CC=CCC=CCC=CCCCCC)O
-30.48    -30.57      2.93      0.41      c1cnc(C(=Cc2ccc(N(CCC)CCC)cc2)c2[nH]c3c(n2)cccc3)cc1
-24.54    -24.67     18.00      0.52      c1c(Cl)ccc(Cc2sc(=Nc3cc4cn[nH]c4cc3)[nH]c2)c1
Human-Component   raw_Human-Component
0.7752687931060791   0.7752687931060791   
0.7215054035186768   0.7215054035186768   
0.6849462389945984   0.6849462389945984   
0.6279569864273071   0.6279569864273071   
0.39247313141822815   0.39247313141822815   
0.6462365388870239   0.6462365388870239   
0.601075291633606   0.601075291633606   
0.2892473042011261   0.2892473042011261   
0.40860214829444885   0.40860214829444885   
0.5204300880432129   0.5204300880432129   

15:50:40: local_reinforcement_logger.timestep_report +41: INFO     
 Step 23   Fraction valid SMILES: 100.0   Score: 0.5000   Time elapsed: 35   Time left: 39.4
  Agent     Prior     Target     Score     SMILES
-22.71    -23.15     41.48      0.79      c1c2c(ccc1)c(=O)c(C(=O)O)cn2Cc1cc(F)c(F)cc1
-34.78    -34.50     27.48      0.76      N1(c2cc3oc(=O)cc(CC(N4CCCC4)=O)c3cc2)CCC(N)C1
-37.02    -37.14     21.05      0.71      COc1ccc(C2=CN3C(C)=C(C)CSC3C2)c(OC(C)=O)c1
-29.50    -30.02      5.25      0.43      c1(=Nc2cccc(C(=O)O)c2)cc(C)nc(-c2c(C(C)C)onc2-c2ccc(F)cc2)[nH]1
-23.80    -24.00     32.08      0.68      C(C(=O)NCCc1ccccc1F)C1CC2CCC1C2
-31.27    -31.33     19.01      0.61      c1(C)c(C)ccc(OCc2onc(-c3ccc(OC)c(S(=O)(=O)NC4CC4)c3)n2)c1
-38.36    -38.73     10.73      0.60      Cc1noc(COc2c3c(cc(-c4cc5n(CC(C)C)c(=O)oc5cc4)c2)OCCO3)n1
-25.16    -24.98     19.37      0.54      c1cc(-c2ccc(=O)n(CCCN)n2)cc(Cl)n1
-24.06    -23.98     20.81      0.55      C1CN(C(=O)CSc2nc3ccccc3n3cccc23)CCC1
-28.57    -28.84     16.30      0.55      c1c(NC(C(C)Br)=O)c(C(=O)NC2CCC(OC)CC2)cc(Cl)c1
Human-Component   raw_Human-Component
0.7881720662117004   0.7881720662117004   
0.7559139728546143   0.7559139728546143   
0.7096773982048035   0.7096773982048035   
0.4301075339317322   0.4301075339317322   
0.6838709712028503   0.6838709712028503   
0.6139785051345825   0.6139785051345825   
0.603225827217102   0.603225827217102   
0.5408602356910706   0.5408602356910706   
0.5462365746498108   0.5462365746498108   
0.550537645816803   0.550537645816803   

15:50:41: local_reinforcement_logger.timestep_report +41: INFO     
 Step 24   Fraction valid SMILES: 96.9   Score: 0.4844   Time elapsed: 37   Time left: 38.5
  Agent     Prior     Target     Score     SMILES
-23.13    -23.31     39.09      0.76      O=[N+]([O-])c1cc(C(=O)NCCc2ccc(S(=O)(=O)N)cc2)ccc1C
-21.88    -21.71    -17.19      0.06      O=C(NCCc1ccc(OC)c(OC)c1)CN(S(=O)(=O)c1c(C)onc1C)c1ccc(OC)cc1
-25.94    -25.83     -0.10      0.31      Brc1ccc(C=C2C(=O)N(Cc3ccc(C)cc3)C(=O)N2C)cc1
-19.92    -19.74     43.03      0.77      C1CCc2c(c(O)c3c(cccc3)c2O)O1
-31.20    -31.67     27.99      0.73      n1cnc2c(c1N1CCCCCC1)c(C(=O)N1CCCCC1)nn2C
-26.77    -27.17     31.08      0.71      n1n2ccc(C3CCN(C(C(F)(F)F)=O)CC3)nc2nc1-c1ccc(F)cc1
-29.76    -30.86      9.20      0.49      Cc1csc(-c2nc(C3(c4cnc(-c5c[nH]c(=N)cc5)cc4)CCC3)n(C)n2)n1
-19.76    -19.66     28.60      0.59      O=C(O)CN1C(=O)N(Cc2ccc(OC)cc2)C(=O)C1=O
-26.30    -26.15     12.87      0.48      c1(C(=O)NN2C(=O)C=CC2=O)cc2c([nH]cc2)cc1
-38.05    -38.32    -38.32      0.00      [nH]1c2cc3c(cc2nc(=CCC(=O)O)n1)=NC(=O)C3(Cc1ccc(SC)cc1)C
Human-Component   raw_Human-Component
0.7609195113182068   0.7609195113182068   
0.05517241358757019   0.05517241358757019   
0.3137930929660797   0.3137930929660797   
0.7655172348022461   0.7655172348022461   
0.7275862097740173   0.7275862097740173   
0.7103448510169983   0.7103448510169983   
0.4885057508945465   0.4885057508945465   
0.588505744934082   0.588505744934082   
0.475862056016922   0.475862056016922   
0.0   0.0   

15:50:43: local_reinforcement_logger.timestep_report +41: INFO     
 Step 25   Fraction valid SMILES: 100.0   Score: 0.5000   Time elapsed: 39   Time left: 37.5
  Agent     Prior     Target     Score     SMILES
-38.33    -38.55     19.82      0.71      c12c(ccc(-c3ccc4[nH]c(C)nc(=NC5CC(CS(=O)(=O)C)CC5)c4c3)c1)OCCO2
-33.83    -33.65    -16.02      0.22      C(CCCc1cc2ccccn2c1)N1Cc2c3c(cccc3)[nH]c2CC1
-59.42    -59.79    -12.79      0.57      c1(CN2c3c(cccc3)C(OCC3(c4ccccc4)CC3)=NC(NC(=O)Nc3c(-c4ccccc4)ccc(C(F)(F)F)c3)C2=O)cccc(C(=O)N=c2[nH]ccnc2)c1
-23.74    -23.86     18.73      0.52      c1cc(S(=O)(NCCC(=O)NCc2oc(C)cc2)=O)ccc1Cl
-32.10    -31.72     21.27      0.65      c1n(CC(=O)N2CCC(CNS(=O)(=O)c3cccc4cccnc34)CC2)c2ccccc2c1
-36.21    -35.99     15.59      0.63      CC1(C)c2c3ccccc3c(CN3CCC(S(=O)(=O)C)CC3)cc2C(=O)O1
-34.47    -34.34    -17.50      0.21      c1[nH]cc(CCCCN=c2c3cc(OC)c(OC)cc3[nH]c(N3C(C)CNCC3)n2)n1
-30.69    -30.08     19.74      0.61      N(C(OCC1Oc2c(cccc2)OC1)=O)CCSCc1oc(CN(C)C)cc1
-21.14    -21.34      4.05      0.31      FC(c1cccc(S(=O)(=O)c2cnc3ccc(F)cc3c2N2CCC(C)CC2)c1)(F)F
-20.63    -20.37     26.98      0.58      n1c2n(nc1)ccc1c2cccc1
Human-Component   raw_Human-Component
0.7118279337882996   0.7118279337882996   
0.2150537669658661   0.2150537669658661   
0.573118269443512   0.573118269443512   
0.5193548202514648   0.5193548202514648   
0.6462365388870239   0.6462365388870239   
0.6290322542190552   0.6290322542190552   
0.20537634193897247   0.20537634193897247   
0.6075268983840942   0.6075268983840942   
0.3096774220466614   0.3096774220466614   
0.5774193406105042   0.5774193406105042   

15:50:44: local_reinforcement_logger.timestep_report +41: INFO     
 Step 26   Fraction valid SMILES: 100.0   Score: 0.5000   Time elapsed: 40   Time left: 35.6
  Agent     Prior     Target     Score     SMILES
-22.71    -22.63     39.71      0.76      c1cccc(N2CCN(Cc3cccc4c3OCCO4)CC2)c1OC
-24.83    -25.13     -2.20      0.28      c1(C)cc(S(=O)(=O)N=c2[nH]cns2)ccc1Oc1c(-c2n(C)ncc2)cc(C(F)(F)F)cc1
-42.40    -43.19      5.21      0.59      O(c1c(C)cc(CCC(O)=O)cc1C)c1c(C(C)(C)C)c(OCCc2cccc(N3C(C(O)=O)CCC3)c2C)ccc1
-22.90    -23.15     31.34      0.66      c1(OCCCc2cnccc2)c(C)cc(-c2noc(CC)n2)cc1C
-37.17    -36.99      7.09      0.54      O=S(=O)(OCC1C(O)C(O)C(OCC=C)C(COC(c2sccc2)=O)O1)c1ccc(OC)cc1
-30.32    -30.91    -15.83      0.18      C1C(=C)C(C=CC2C(=O)OCC2OC(C=Cc2cc(OC)c(O)c(OC)c2)=O)C2(C)C(C(C)(C)CCC2)C1O
-33.44    -33.56     20.49      0.66      c1c(-c2ccccc2S(=O)(NCC2OCCC2)=O)ccc(Cn2c(C(=O)CC)ncc2CCC)c1
-26.17    -26.73     22.83      0.60      c1c(C2CCCN2C(=O)C(C(C(N)=O)CCC)CC(C)C)c(F)ccc1F
-24.79    -24.71     19.46      0.54      c1cnc(C(N2CCCC2)=S)c(O)c1
-21.81    -21.73     19.53      0.50      c1(NC(=O)N=c2c(C(=O)OCC)c[nH][nH]2)ccc(OC)cc1
Human-Component   raw_Human-Component
0.7602150440216064   0.7602150440216064   
0.2795698940753937   0.2795698940753937   
0.5903225541114807   0.5903225541114807   
0.6645161509513855   0.6645161509513855   
0.5376344323158264   0.5376344323158264   
0.18387097120285034   0.18387097120285034   
0.6591398119926453   0.6591398119926453   
0.6043010950088501   0.6043010950088501   
0.5387097001075745   0.5387097001075745   
0.5032258033752441   0.5032258033752441   

15:50:46: local_reinforcement_logger.timestep_report +41: INFO     
 Step 27   Fraction valid SMILES: 100.0   Score: 0.5000   Time elapsed: 41   Time left: 33.7
  Agent     Prior     Target     Score     SMILES
-23.05    -23.02      4.49      0.34      c1cc(Cl)c(-n2[nH]c3c(c2=N)CCCC3)cc1
-26.61    -26.72     20.27      0.57      O=C(c1ccc(N=c2cc(N3CCCCC3)[nH]c(N3CCCC3CO)n2)cc1)C
-18.04    -17.84    -13.35      0.05      c1(OC)ccc(C2=NOC(C(=O)NCc3ccccc3)C2)cc1
-38.83    -39.07      1.66      0.50      Cc1[nH]c2c(cc(Cl)c([N+]([O-])=O)c2)c1CC(=O)NC(c1cc(F)ccc1)CC(O)=O
-37.55    -37.47    -19.93      0.21      C1(=O)CCCCN1c1cc(-c2cc(C(NCC(=O)N)=O)c[nH]c2=N)ccc1C
-23.90    -24.19     25.45      0.61      c1n(CC(C)NCc2c(-n3cncn3)nccc2)ncc1
-23.88    -23.90     26.89      0.62      O=S(N(C)c1ccccc1)(c1ccc(C(N2CC(C(OCC)=O)CCC2)=O)cc1)=O
-43.75    -43.78     -7.01      0.45      c1cc(-n2c(-c3ccc(C4(O)CCC(O)(C)CC4)nc3)nc3c2cc(-c2ncccn2)cc3)ccc1
-28.33    -28.47     20.73      0.60      c12c(cc(S(=O)(N3CCN(Cc4ccc(C=CC(=NO)O)cc4)CC3)=O)cc1)cccc2
-19.15    -19.37     27.18      0.57      c1cc(Cl)ccc1C(C1CCN(C(C)C)CC1)=O
Human-Component   raw_Human-Component
0.3354838788509369   0.3354838788509369   
0.573118269443512   0.573118269443512   
0.05483870953321457   0.05483870953321457   
0.49677419662475586   0.49677419662475586   
0.21397849917411804   0.21397849917411804   
0.6053763628005981   0.6053763628005981   
0.6193548440933228   0.6193548440933228   
0.448387086391449   0.448387086391449   
0.6000000238418579   0.6000000238418579   
0.5677419304847717   0.5677419304847717   

15:50:47: local_reinforcement_logger.timestep_report +41: INFO     
 Step 28   Fraction valid SMILES: 100.0   Score: 0.5000   Time elapsed: 43   Time left: 32.6
  Agent     Prior     Target     Score     SMILES
-36.05    -35.66     14.16      0.61      C1CCCC(n2c(C)cc(C)n2)C12CCN(S(=O)(=O)CCC(C)C)C2
-33.88    -33.77    -11.03      0.28      C(c1ccccc1)CC=CCC(CCCCCCCCCCCCCCCCCCCCCCCC)=O
-30.32    -30.36      1.92      0.39      c1ccc(-c2nc(=NCc3cc(F)cc4c3OCOC4)[nH]cc2)c(C)c1
-36.53    -36.47      1.00      0.46      C1(C)(C)CC2C(C(=O)OC(C)C)(CC1)CCC1(C)C3(C)C(C4(C)CCC(N)C(C)(C)C4CC3O)CCC21
-28.44    -28.21      3.62      0.39      c1(NC(=O)CN(S(=O)(=O)c2ccc(C)cc2)C2CCCC2)cc2c(cc1)CCC2
-22.99    -23.22      4.99      0.34      c1c(-c2nc(C)sc2)c2n(c(=O)cc(-c3ccc(OC)cc3)n2)[nH]1
-37.20    -38.06      8.05      0.56      C(c1c(-c2ccc(Cl)cc2)nc(-c2ccccn2)nc1)n1nc(C(F)(F)F)c(F)c1-c1ccc(S(C)(=O)=O)cc1
-16.59    -16.79     37.17      0.66      C(C=C)[N+](C)(C)C
-22.28    -22.75     37.30      0.73      [nH]1c(=NC2CCC(CN(C)C)CC2)cc(-c2[nH]c(=NCc3ccc(F)cc3)ccc2)c(Cl)c1
-23.54    -23.51     28.51      0.63      C1CN(c2ccc(Cl)cc2)CCN1C(c1cc2c(cc1)[S+]([O-])c1c(cccc1)C(=O)N2Cc1c(F)cccc1)=O
Human-Component   raw_Human-Component
0.6075268983840942   0.6075268983840942   
0.2774193584918976   0.2774193584918976   
0.3935483992099762   0.3935483992099762   
0.45698925852775574   0.45698925852775574   
0.3881720304489136   0.3881720304489136   
0.34408602118492126   0.34408602118492126   
0.5623655915260315   0.5623655915260315   
0.6580645442008972   0.6580645442008972   
0.7322580814361572   0.7322580814361572   
0.6344085931777954   0.6344085931777954   

15:50:48: local_reinforcement_logger.timestep_report +41: INFO     
 Step 29   Fraction valid SMILES: 96.9   Score: 0.4844   Time elapsed: 44   Time left: 30.8
  Agent     Prior     Target     Score     SMILES
-40.82    -40.32    -29.01      0.14      o1c(CCCC)nnc1CCC(NCC1(C)Cn2ccc3c(F)ccc1c32)=O
-30.56    -30.54    -29.97      0.01      C1N(CCNS(=O)(c2ccc(-c3[nH]c4c(=O)n(CC(C)C)c(=O)n(CCCC)c4n3)cc2)=O)CCC1
-23.85    -23.76     35.25      0.72      c1cc(CCCNc2ccc(C(=O)Nc3ccccc3)cc2)ccc1
-39.49    -39.81    -32.93      0.08      C(N(c1ccc(CCc2cc(=O)c3c(c(-c4ccc(F)nc4)ccc3)o2)cc1)CCCC)CCC
-29.25    -29.44     23.81      0.65      C(C(C1CC(O)C(n2cnc3c(N4CCCCC4)ncnc23)O1)O)C
-28.74    -29.10      4.17      0.41      c12ccc(C)cc1n(-c1cc[nH]c(=Nc3c(CC)cccc3)n1)cn2
-19.86    -19.97     35.55      0.68      c12c(cc(F)c(F)c1)[nH]cc2
-27.26    -26.78    -11.23      0.19      c1(C=Cc2c(S(=O)(=O)N3CCC(C(=O)NC4CCN(C(=O)OCC)CC4)CC3)c(C)no2)ccc(OC)cc1
-27.52    -27.68     30.94      0.71      N(CC(=O)Nc1ccc2c(c1)c(C)cc(N(CC)CC)n2)CC=C
-37.15    -37.58    -17.04      0.25      N(C1c2c(ccc(F)c2)OC(C)(C)C1)=c1c2oc(-c3cc(C(NC)=O)c[nH]3)cc2[nH][nH]1
Human-Component   raw_Human-Component
0.13793103396892548   0.13793103396892548   
0.006896551698446274   0.006896551698446274   
0.7195402383804321   0.7195402383804321   
0.08390804380178452   0.08390804380178452   
0.6494252681732178   0.6494252681732178   
0.40574711561203003   0.40574711561203003   
0.6770114898681641   0.6770114898681641   
0.18965516984462738   0.18965516984462738   
0.7149425148963928   0.7149425148963928   
0.2505747079849243   0.2505747079849243   

15:50:49: local_reinforcement_logger.timestep_report +41: INFO     
 Step 30   Fraction valid SMILES: 96.9   Score: 0.4844   Time elapsed: 45   Time left: 29.0
  Agent     Prior     Target     Score     SMILES
-29.84    -29.81     20.62      0.61      c1c(=O)c(OCC(=O)NCCc2ccccc2)ccc(O)n1
-36.72    -36.95    -36.95      0.00      c1(C(=O)Nc2cc(C)cc(C)c2)c(=C(C)C)c(=Cc2c3cc(Cl)ccc3[nH]c2)c(O)[nH]1
-22.06    -21.70      7.24      0.35      O=C(c1cc2c(cccc2)cc1)Nc1cccnc1Cl
-27.38    -27.87     23.79      0.63      c1c(C(CNCc2c(OC)n(C)nc2C)c2ccccc2)c(F)ccc1F
-30.30    -29.85     28.49      0.71      C12CC1CC(Cc1cccnc1)N2CCC
-20.96    -21.10     26.40      0.58      C12CN(c3nc(N4CC5CC4C5)nc(-c4c[nH]c(=N)c(OC(F)F)c4)c3)CC1C2
-20.11    -20.48      4.21      0.30      c1c(C(=O)Nc2cc(Cl)ccc2C(=O)O)cc(C(F)(F)F)cc1C(F)(F)F
-20.55    -20.38     18.26      0.47      c1(-c2ccc(Cl)cc2)oc(C)c(CSCC(=O)N2CCCCC2)n1
-21.48    -21.43     14.48      0.44      c12c(oc3ccccc13)c(=NCCc1ccccc1)[nH]cn2
-21.64    -21.86     35.16      0.70      N(C(=O)CSc1n(CC)c(C)nn1)c1ccc(OCC)cc1
Human-Component   raw_Human-Component
0.6149425506591797   0.6149425506591797   
0.0   0.0   
0.3528735637664795   0.3528735637664795   
0.6298850774765015   0.6298850774765015   
0.7114942669868469   0.7114942669868469   
0.5793103575706482   0.5793103575706482   
0.3011494278907776   0.3011494278907776   
0.4712643623352051   0.4712643623352051   
0.43793103098869324   0.43793103098869324   
0.6954023241996765   0.6954023241996765   

15:50:51: local_reinforcement_logger.timestep_report +41: INFO     
 Step 31   Fraction valid SMILES: 96.9   Score: 0.4844   Time elapsed: 47   Time left: 27.9
  Agent     Prior     Target     Score     SMILES
-24.62    -24.86     12.74      0.46      c1c2c(cc(C)c1)c(=O)c1c(O)c(CC=C(C)C)c(OC)c(CC=C(C)C)c1o2
-21.94    -22.04      7.18      0.36      C(N)(=O)C12CC3(c4ccc(C)cc4)CC(CC(C3)C1)C2
-45.06    -44.50    -40.92      0.04      CCC(C(NC(C(C(C)C)NC(=O)CC1c2ccccc2CN1C(C(C(CC)C)NC(CCCN)=O)=O)=O)C(O)=O)C
-30.35    -30.57     -8.51      0.27      C(C)CCCCCCCC(=O)NCC(Nc1ccc(S(N(C)C)(=O)=O)cc1)=O
-21.59    -21.64      9.75      0.38      c1(O)occc1NC(=O)c1ccc(C(C)(C)C)cc1
-28.24    -28.35      0.30      0.35      c1ccc2c3nc(SCc4ccccc4)n(CC(=O)Nc4ccccc4F)c(=O)c3sc2c1
-22.68    -22.78     32.83      0.68      N(=c1[nH]cccc1)CC(=O)NN=Cc1cccnc1
-51.48    -52.04    -15.57      0.44      c1c(C(=O)O)ccc(CN(Cc2cc(O)ccc2)C(=O)c2cnc(=NCCN3CCOCC3)[nH]c2)c1CC
-30.43    -30.12     15.50      0.56      CCOC(=O)C1=C(C)Oc2c3c(cccc3)oc(=O)c2C1c1c(Br)c(OC)c(OC)c(OC)c1
-48.99    -48.85    -26.04      0.28      CC1CC2=CC(=CC)OCC(O)(C(c3ccc(F)cc3)O)C2S(=O)(=O)C1(C)C
Human-Component   raw_Human-Component
0.45862069725990295   0.45862069725990295   
0.3563218414783478   0.3563218414783478   
0.0436781607568264   0.0436781607568264   
0.2689655125141144   0.2689655125141144   
0.38275861740112305   0.38275861740112305   
0.3494252860546112   0.3494252860546112   
0.6781609058380127   0.6781609058380127   
0.4448275864124298   0.4448275864124298   
0.5563218593597412   0.5563218593597412   
0.2781609296798706   0.2781609296798706   

15:50:52: local_reinforcement_logger.timestep_report +41: INFO     
 Step 32   Fraction valid SMILES: 96.9   Score: 0.4844   Time elapsed: 48   Time left: 26.2
  Agent     Prior     Target     Score     SMILES
-34.96    -34.94    -15.81      0.23      C12N(C(=O)c3c(cc(F)cc3)OC1)CCN(CC(N1CCN(C)CC1)=O)C2
-30.53    -30.37    -30.37      0.00      Cc1[nH]n2c(Cl)c(C#N)c(C(F)(F)F)cc2n1
-28.70    -28.88    -18.51      0.13      c1c(C(c2ccc(O)cc2)=C)ccc(N=c2c3c([nH]c4ccccc42)cccc3)c1
-40.19    -40.07      4.98      0.55      COc1c(OC)cc(C2S(=O)(=O)C3(C(=N)C2)C=CC(c2ccc(Br)cc2)O3)cc1OC
-41.93    -42.86    -28.82      0.17      NC(c1c(N=c2cc(C(C)C)[nH]o2)cc(-n2cc(CC3CC3)nn2)n1C)=O
-29.94    -30.11     17.02      0.57      C(NC(=O)c1c(F)cccc1)CNCc1c(=O)[nH]c2c(C)c(C)ccc2c1
-24.06    -24.15      1.02      0.31      Cc1cc(Br)ccc1NC(Cc1c2c([nH]c1)cccc2)=O
-32.73    -33.06    -10.63      0.27      C1(=O)N2C3C(CC2)C(C(OCc2ccccc2)=O)C(C(=O)OC)CC31CC=C
-30.35    -29.93     26.05      0.68      OC(c1c2c(ccc1)c(=O)c1c(o2)ccc(C(N2CCN(c3ccccc3)CC2)=O)c1)=O
-35.45    -34.52     -3.61      0.38      C1(NC(=O)c2c3c(ccc2)OCC2C(CN)OCC23)CCCCC1
Human-Component   raw_Human-Component
0.23333333432674408   0.23333333432674408   
0.0   0.0   
0.12643678486347198   0.12643678486347198   
0.5494253039360046   0.5494253039360046   
0.17126436531543732   0.17126436531543732   
0.5747126340866089   0.5747126340866089   
0.30689653754234314   0.30689653754234314   
0.2735632061958313   0.2735632061958313   
0.682758629322052   0.682758629322052   
0.3770115077495575   0.3770115077495575   

15:50:54: local_reinforcement_logger.timestep_report +41: INFO     
 Step 33   Fraction valid SMILES: 100.0   Score: 0.5000   Time elapsed: 49   Time left: 24.5
  Agent     Prior     Target     Score     SMILES
-28.54    -28.13     16.57      0.55      c1cccc2c1c(=O)n(-c1c(C)cc(Cl)cc1C)c(CN1CCN(C)CC1)n2
-22.84    -22.90     31.51      0.66      c1(CC(=O)NN=Cc2cc(OC)c(O)cc2)ccco1
-18.82    -18.86     34.22      0.65      c1(C)nc2c(c(C)c1)c(N)c(C(=O)OCC)s2
-22.79    -22.57     18.96      0.51      O=C(c1c(N)c2cc(C)ccc2nc1C)OC
-25.19    -25.37     25.50      0.62      c1(C(CO)n2ncc(SC)c(Cl)c2=O)ccc(Cl)cc1
-27.82    -27.65     13.71      0.50      c1c(CSc2[nH]ccn2)cc(C(NCc2ccccc2)=O)cc1
-37.40    -37.98     -5.09      0.40      [nH]1c(OCCC)nc2c(c[nH]c(=NC)n2)c1=Nc1c(C)ccc(C(=O)Nc2c(C)c(C(F)(F)F)ccc2)c1
-29.42    -29.14      7.36      0.45      c1(-c2ccc(N)cn2)cc(=Nc2ccccc2)[nH]c2ccccc12
-25.05    -25.65      0.71      0.32      C1CC1NC(=O)c1cn(Cc2ccc(OC)c(F)c2)nc1
-29.06    -29.36     16.40      0.56      c1c2c(C(NCCCCCCC(=O)O)=O)ccc(Oc3ccccc3)c2ccc1
Human-Component   raw_Human-Component
0.5451613068580627   0.5451613068580627   
0.6634408831596375   0.6634408831596375   
0.647311806678772   0.647311806678772   
0.5064516067504883   0.5064516067504883   
0.6204301118850708   0.6204301118850708   
0.5043010711669922   0.5043010711669922   
0.4010752737522125   0.4010752737522125   
0.44516128301620483   0.44516128301620483   
0.3215053677558899   0.3215053677558899   
0.5580645203590393   0.5580645203590393   

15:50:55: local_reinforcement_logger.timestep_report +41: INFO     
 Step 34   Fraction valid SMILES: 100.0   Score: 0.5000   Time elapsed: 51   Time left: 23.3
  Agent     Prior     Target     Score     SMILES
-36.71    -36.46    -19.18      0.21      O=C(Nc1ccc(S(O)(=O)=O)cc1)CN1C(=O)C2(C)c3c(O)n(Cc4ccccc4)c(O)c3C1C2
-23.05    -23.05      1.55      0.30      c1(S(=O)(Nc2ccc(Br)cc2)=O)ccc2c(c1)N(C)CCO2
-36.61    -36.33     24.25      0.74      CCOC(CCCN(C(C(CCSC)NC(C(C)NC(C)=O)=O)=O)C)=O
-31.08    -30.86     16.31      0.58      c1(O)cc(OCCCCC)cc2c1c1c(c[n+](C)cc1)n2C
-22.09    -21.75     28.60      0.61      O1C(C)(C)OC2CCCCC1C2
-26.11    -26.75     26.69      0.65      C1CC(=O)CCN1c1ccc(-c2cc(F)cc(F)c2)nn1
-53.41    -53.17     -3.17      0.61      C1(=O)N2C3C(CCC2)C(O)C(C)C(C(C)CO)C3C1C(C)=CCC1CCCCC1
-26.33    -26.38     -6.28      0.25      c1(C)cc(C)c(-c2cccc(COc3ncc(C(=O)NCC(F)(F)F)cc3)c2)cc1
-26.90    -26.58     -1.36      0.31      C1(n2ncc3cc(-c4cc(NS(c5c(F)cc(F)cc5)(=O)=O)c(OC)nc4)ccc32)CCOCC1
-28.56    -28.79      2.34      0.38      c1(C(=O)N2CC3CCC(N(Cc4cnn(C)c4)C3=O)C2)ccoc1
Human-Component   raw_Human-Component
0.2107526808977127   0.2107526808977127   
0.30000001192092896   0.30000001192092896   
0.7387096881866455   0.7387096881866455   
0.5752688050270081   0.5752688050270081   
0.6139785051345825   0.6139785051345825   
0.6516128778457642   0.6516128778457642   
0.6096774339675903   0.6096774339675903   
0.2451612949371338   0.2451612949371338   
0.3075268864631653   0.3075268864631653   
0.3795698881149292   0.3795698881149292   

15:50:56: local_reinforcement_logger.timestep_report +41: INFO     
 Step 35   Fraction valid SMILES: 93.8   Score: 0.4688   Time elapsed: 52   Time left: 21.7
  Agent     Prior     Target     Score     SMILES
-26.37    -26.54      4.87      0.38      O=C(C=Cc1ccsc1)c1ccc(OCc2ccc(Cl)cc2)cc1O
-30.75    -31.02     18.26      0.60      CC(C)Cn1c(=O)n(Cc2c(F)c(Cl)cc(F)c2)c2c1cccc2
-51.35    -51.34     -4.89      0.57      c1c(C(N(C)C)=N)ccc2c1[nH]c(=NC1CCCCC1)c(C(=O)N(c1ncncc1)c1ccc(F)cc1)c2
-34.24    -34.29    -20.45      0.17      O=C(CC(NC(c1cnn(-c2ccccc2)n1)=O)C(NCC#N)=O)N1CCN(C(C)=O)CC1
-22.20    -21.91     28.28      0.61      c1cc(N2CCN(C)CC2)ccc1CNCCCSc1nnnn1C
-27.51    -27.23     30.84      0.71      [O-][N+](=O)c1ccc(SC(=CC=C(C)C)C(=O)O)cc1
-20.75    -20.72     22.40      0.53      [N+](c1cc2c(cc1)[nH]c(=O)cc2)(=O)[O-]
-25.34    -25.00     -5.41      0.24      C1C(=O)Nc2c(cc(S(=O)(N3CCN(c4ccc(OC)cc4)CC3)=O)c(Cl)c2)NC1=O
-28.91    -28.60      8.46      0.45      Cc1nc(N2CCN(Cc3c(Cl)cccc3)CC2)n2c(nnc2)c1C
-27.59    -27.46     17.98      0.55      c1(F)cc(O)ccc1C(N(O)C(N)=O)C
Human-Component   raw_Human-Component
0.38300493359565735   0.38300493359565735   
0.6009852290153503   0.6009852290153503   
0.5665024518966675   0.5665024518966675   
0.16871921718120575   0.16871921718120575   
0.6120689511299133   0.6120689511299133   
0.7081280946731567   0.7081280946731567   
0.5258620977401733   0.5258620977401733   
0.23891626298427582   0.23891626298427582   
0.4519704580307007   0.4519704580307007   
0.5541871786117554   0.5541871786117554   

15:50:58: local_reinforcement_logger.timestep_report +41: INFO     
 Step 36   Fraction valid SMILES: 100.0   Score: 0.4851   Time elapsed: 53   Time left: 20.1
  Agent     Prior     Target     Score     SMILES
-36.77    -36.52     21.50      0.71      c1cccc(COC(=O)NCC(c2c3cccc(O)c3c(SC)cc2)O)c1
-31.05    -30.69    -17.29      0.16      C(CN(CC)CCCC)Oc1ccc(N=c2c3c(ccc(Cl)c3)[nH]c3ccccc23)cc1
-21.71    -22.40     12.78      0.43      OC(=O)Cc1ccc(Oc2ccc(S(=O)(=O)CC3SC3)cc2)cc1
-29.76    -29.98     23.89      0.66      c1cccc2ccc(NC(=O)CCc3nc4cc(C=C)ccc4[nH]3)cc12
-36.40    -36.47     13.08      0.60      N(=C(N)N)CCCC(C(=O)OC(c1ccccc1)c1ccccc1)NC(=O)C(NC)CC(C)C
-33.36    -33.59     11.65      0.55      o1c2c(c(Cn3c(=O)oc(-c4cnccc4)n3)nc1=N)ccc(C(F)(F)F)c2
-24.19    -24.34      8.73      0.40      c1cnc(CCN2CCN(C(=O)c3cc(C(C)C)n[nH]3)CC2)cc1
-20.76    -20.69      8.50      0.36      CC(C)COc1ccc(CNC(C)(C)C)cc1
-25.75    -26.15     30.81      0.69      n1n(-c2ccc(C(C)C)cc2)c(C)c(C(CSc2nnnn2-c2ccccc2)=O)c1
-28.71    -28.82     25.50      0.66      N(CCCN(CC)CC)C(c1nnn(CCc2cc(F)ccc2)c1)=O
Human-Component   raw_Human-Component
0.7075268626213074   0.7075268626213074   
0.16344085335731506   0.16344085335731506   
0.42903226613998413   0.42903226613998413   
0.6569892764091492   0.6569892764091492   
0.6043010950088501   0.6043010950088501   
0.551612913608551   0.551612913608551   
0.4032258093357086   0.4032258093357086   
0.3559139668941498   0.3559139668941498   
0.6946236491203308   0.6946236491203308   
0.6623656153678894   0.6623656153678894   

15:50:59: local_reinforcement_logger.timestep_report +41: INFO     
 Step 37   Fraction valid SMILES: 100.0   Score: 0.4419   Time elapsed: 55   Time left: 18.8
  Agent     Prior     Target     Score     SMILES
-48.15    -48.11    -42.29      0.07      C(c1ccc(S(NC(C(=O)O)C(C)C)(=O)=O)cc1)C(NCc1c(F)c(Cl)ccc1F)CC(O)=O
-43.59    -43.60    -43.43      0.00      c1c(O)ccc(-c2c3n(c(=Nc4cc(S(=O)(N(C)C)=O)ccc4)[nH]c(=Nc4cc(NC(=O)C=C)ccc4)n3)[nH]c2)c1
-55.04    -56.41    -19.03      0.46      C1CC2(C(=O)N(Cc3cn(CCCCCCCCCC)nn3)C1)c1ccc(N3CCCCC3)cc1-c1n(CC(=O)OCC)ncc12
-31.35    -31.68     30.21      0.75      c1(=NCc2cccc3ccccc23)[nH]nc(-c2ccc(OC)cc2OC)c2ccccc12
-33.75    -33.81     15.92      0.61      C(n1c(Cc2ccccc2)nnc1Sc1cc[n+](C)cc1)c1ccc(Cl)cc1
-21.44    -21.33     12.53      0.41      O=C1OC(CNC(C)=O)CN1c1cc(F)c(-n2cccn2)cc1
-29.78    -29.32     21.47      0.62      Clc1cn(C)c(=O)c2c1cc1c(c2)-c2cc3c(c(=O)n2C1)COC(=O)C3(CC)O
-46.26    -47.12     -3.56      0.53      CC(C)NCc1ccccc1-c1ccc(C(Cc2ccccc2)(O)CCn2c(CC)nc3c(C)cc(C)nc32)cc1
-28.93    -28.28     18.18      0.57      Oc1ccc(O)n1Cc1ccc(C(=O)NN=C(C)c2ccc(Cl)s2)cc1
-32.59    -32.96    -32.96      0.00      C(O)(=O)C(N)C(C(=O)Nc1ccccc1)CCC(C)C
Human-Component   raw_Human-Component
0.07096774131059647   0.07096774131059647   
0.0021505376789718866   0.0021505376789718866   
0.4559139907360077   0.4559139907360077   
0.7548387050628662   0.7548387050628662   
0.6064516305923462   0.6064516305923462   
0.41290321946144104   0.41290321946144104   
0.6193548440933228   0.6193548440933228   
0.5311827659606934   0.5311827659606934   
0.5666666626930237   0.5666666626930237   
0.21612903475761414   0.21612903475761414   

15:51:01: local_reinforcement_logger.timestep_report +41: INFO     
 Step 38   Fraction valid SMILES: 100.0   Score: 0.5000   Time elapsed: 56   Time left: 17.2
  Agent     Prior     Target     Score     SMILES
-34.12    -34.23     11.45      0.56      c1(N2CCC(NC(N(C)Cc3ccnc(F)c3)=O)C2)nnc(C)cc1
-27.39    -27.20     -9.48      0.22      c1cccc2[nH]c(=O)c(=O)n(C(=O)CN)c12
-29.83    -30.09      4.73      0.42      c1c(C2C(c3ccc(OC)cc3)=NN(c3cc(Cl)cc(Cl)c3)C2CN2CCOC2=O)ccc(F)c1
-35.82    -36.42      3.78      0.49      c1(Cn2c3c(c4c2CCCC4)cc(S(=O)(=O)N(C)C)cc3C(=O)O)ccc(S(=O)(C)=O)cc1
-22.00    -22.07      9.67      0.39      N=c1[nH]cnc2c1ncn2C1OCC(CO)C1O
-23.04    -23.55     33.76      0.70      c1ccc2c(c1)[nH]c(-c1ccccc1)cc2=Nc1ccc(C(=O)C)cc1
-27.07    -27.03      9.03      0.44      Oc1cc(C(O)NNC(=O)COc2ccc(C(C)C)cc2)cc(O)c1
-28.63    -28.62      0.30      0.35      n1(C)c(C)c(C(=O)C=Cc2cc(OC)cc(OC)c2)c(=N)[nH]1
-28.25    -28.86     17.34      0.56      c1c(-c2nnc(CSc3cc(F)c(C)cc3)n2N)ccc(F)c1
-21.67    -21.97     -3.19      0.23      c1ccccc1CN1CCC(N(C(=O)C)Cc2oc(C)cn2)CC1
Human-Component   raw_Human-Component
0.5569892525672913   0.5569892525672913   
0.21612903475761414   0.21612903475761414   
0.42473119497299194   0.42473119497299194   
0.4903225898742676   0.4903225898742676   
0.3870967626571655   0.3870967626571655   
0.698924720287323   0.698924720287323   
0.4397849440574646   0.4397849440574646   
0.35268816351890564   0.35268816351890564   
0.5634408593177795   0.5634408593177795   
0.2290322631597519   0.2290322631597519   

15:51:02: local_reinforcement_logger.timestep_report +41: INFO     
 Step 39   Fraction valid SMILES: 93.8   Score: 0.4688   Time elapsed: 57   Time left: 15.7
  Agent     Prior     Target     Score     SMILES
-25.66    -25.35     -2.73      0.28      ClCCN(c1ccc(NC(Nc2cc3c(c(C)cc(=O)[nH]3)cc2)=O)cc1)CCCl
-30.99    -31.86    -17.32      0.18      C(N1CCOCC1)C1=Nc2c([nH]c(=N)nc2N)N(C(Cc2ccccc2)C)C1
-21.55    -21.69     25.37      0.57      c12ccccn1nc1c2C(=O)C(OC)=CC1=O
-35.97    -35.98     25.41      0.75      c1cc(F)c(-c2c3cccc4c3c(cc2S(NCC)(=O)=O)[nH][nH]4)c(F)c1
-23.75    -24.30     32.96      0.70      C(F)(C(C(F)(F)F)(C(Nc1cccnc1)=O)O)(F)F
-25.59    -26.40      0.87      0.33      C1CN(C(=O)CNc2c(OC)ccc(S(=O)(=O)N(CC)CC)c2)CCO1
-21.85    -22.15     35.42      0.70      c1(C=C(C)C(NC2CC2)=O)csc(C)n1
-24.29    -24.66     29.77      0.66      c1cc(OC)c(-c2ccc(CC(C(O)=O)Nc3ccc(F)cc3)cc2)cc1
-23.13    -23.25      6.44      0.36      c1cccc(CCCOC(c2coc(-c3ccccc3)n2)=O)c1
-23.93    -23.95     22.00      0.56      C(=O)(NCCN1CCCCC1)c1cc(C(C)=O)c[nH]1
Human-Component   raw_Human-Component
0.27586206793785095   0.27586206793785095   
0.17733989655971527   0.17733989655971527   
0.5738916397094727   0.5738916397094727   
0.7487684488296509   0.7487684488296509   
0.6982758641242981   0.6982758641242981   
0.3325123190879822   0.3325123190879822   
0.7019704580307007   0.7019704580307007   
0.6637930870056152   0.6637930870056152   
0.36206895112991333   0.36206895112991333   
0.5603448152542114   0.5603448152542114   

15:51:03: local_reinforcement_logger.timestep_report +41: INFO     
 Step 40   Fraction valid SMILES: 100.0   Score: 0.4798   Time elapsed: 59   Time left: 14.4
  Agent     Prior     Target     Score     SMILES
-32.79    -34.45    -14.96      0.24      C1(c2c3c(=O)nc(CC(=O)Nc4ccc(F)cc4F)[nH]c3n(C)n2)CC1
-36.74    -37.09     12.46      0.60      c1cc(S(=O)(=O)Cc2nc(-c3c(C)nc4n3c(C)cc(C)n4)n(C)n2)ccc1
-31.18    -30.99     24.03      0.67      c1(N2C(=O)NC3CS(=O)(=O)CC32)c2nc(C)oc2ccc1
-30.78    -30.66      9.64      0.49      C1CCN(C(CN(c2ccc(F)cc2)Cc2ccc(Cl)cc2)=O)C(C(=O)O)C1
-28.69    -28.89      0.47      0.36      C(c1c[nH]c2c1cccc2)C(C(=O)NCCc1c[nH]c2c1cccc2)NC(c1ccc(OC)cc1)=O
-33.69    -33.81     11.33      0.55      c1c(COc2ccc(C=CC(C)=CC(=O)c3c(OC)cccc3OC)cc2)ccc(Br)c1
-34.50    -34.62     19.69      0.66      C1(OC(N(c2ccccc2)c2ccccc2)=O)C2CC[N+](Cc3nnn(CC(C)C)n3)(CC2)C1
-24.40    -24.40      9.81      0.42      C1CCCCN(CCN2C(=O)C(c3cc(OC)c(OC)cc3)=C(c3ccc(OC)c(OC)c3)C2=O)C1
-26.30    -27.04     12.55      0.48      c1(C(=O)Nc2cc(C3(C(F)F)C(F)(F)COC(N)=N3)c(F)cc2)ncc(C(F)(F)C)cc1
-33.84    -33.66     -4.65      0.35      C(OCCc1ccc(OC)cc1)C(c1ccc(Cl)cc1)NC(=O)C(C)C
Human-Component   raw_Human-Component
0.23763440549373627   0.23763440549373627   
0.6043010950088501   0.6043010950088501   
0.6709677577018738   0.6709677577018738   
0.4913978576660156   0.4913978576660156   
0.3580645024776459   0.3580645024776459   
0.550537645816803   0.550537645816803   
0.6623656153678894   0.6623656153678894   
0.4172042906284332   0.4172042906284332   
0.48279568552970886   0.48279568552970886   
0.3537634313106537   0.3537634313106537   

15:51:06: local_reinforcement_logger.timestep_report +41: INFO     
 Step 41   Fraction valid SMILES: 93.8   Score: 0.4313   Time elapsed: 61   Time left: 13.1
  Agent     Prior     Target     Score     SMILES
-41.34    -41.83     -5.28      0.45      c1ccc(-c2c(C#N)c(NC(C(C)C)=NC(C)C)on2)c2cccc(C(F)(F)F)c12
-26.62    -26.17     -6.98      0.23      c1c(C=NNS(=O)(c2c(Br)cccc2)=O)c2c(cccc2)[nH]1
-29.62    -29.44     32.16      0.75      C1(N2C(=O)OCc3cc(F)ccc32)CCN(C(C(NC(C(C)NC)=O)Cc2ccc(Cl)cc2)=O)CC1
-27.13    -27.32    -27.32      0.00      CC(NC(=O)CCNC(=O)NCc1cc(F)ccc1)C
-28.96    -28.94    -28.94      0.00      c1(C)n(-c2nc(C)cc(C)n2)[nH]c(=C)c1=Cc1c(=O)oc2c(c1O)cccc2
-29.89    -29.51      9.88      0.48      C(OCC)(C(=O)N(CCC1CCN(Cc2ccc(C)cc2)CC1)c1ccc(Br)cc1)=O
-23.99    -24.31     28.91      0.65      c1csc(-c2scc(CN(CC(=O)N)C)n2)c1
-27.22    -27.14      4.57      0.39      c1(OC)cc(OC)cc(Nc2ccc(S(NCCCCCc3ccccc3)(=O)=O)cc2)c1
-28.55    -27.96     13.34      0.50      C(c1c(=NC)[nH]c(SCC(=O)OCC)nc1-c1ccc(Cl)cc1)#N
-22.37    -22.05      9.16      0.38      C(Nc1ccc(Cl)cc1Cl)(c1cccc(OC)c1)=O
Human-Component   raw_Human-Component
0.44581282138824463   0.44581282138824463   
0.2339901477098465   0.2339901477098465   
0.7512315511703491   0.7512315511703491   
0.7068965435028076   0.7068965435028076   
0.0   0.0   
0.4802955687046051   0.4802955687046051   
0.6490147709846497   0.6490147709846497   
0.38669949769973755   0.38669949769973755   
0.5036945939064026   0.5036945939064026   
0.3805418610572815   0.3805418610572815   

15:51:07: local_reinforcement_logger.timestep_report +41: INFO     
 Step 42   Fraction valid SMILES: 100.0   Score: 0.5000   Time elapsed: 63   Time left: 11.7
  Agent     Prior     Target     Score     SMILES
-28.29    -28.73     14.47      0.53      Cc1cc(C(=O)c2c(N=C3N(C)CCC3)cccc2)ccc1C
-31.46    -31.89     30.27      0.76      c1(-n2c(=S)[nH]nc2-c2ccc(O)cc2)cc(OC(C)C)c(Cl)cc1C
-32.26    -31.99     23.64      0.68      C1(NC(=O)c2cccc(C#Cc3cccc(C)c3)c2)CCCCN(CC2CC2)C1
-19.84    -20.55     34.29      0.67      c1ccc(-c2nnc(SCc3cccc(C#N)c3)o2)cc1
-25.85    -26.38     18.67      0.55      c1([N+]([O-])=O)cc(C(CC(=O)O)NC(c2cccc(OC)c2)=O)ccc1
-28.65    -28.48     19.75      0.59      C(CCN1C(=O)C(=O)c2c1ccc(F)c2)Cn1nnc2ccccc2c1=O
-20.22    -19.99     24.89      0.55      N1(C(C)=O)c2c(cc(S(=O)(=O)NCCc3ccccc3)cc2)CC1
-32.54    -32.09     17.02      0.60      c1(N)c(O)n(-c2cc(C)c(C)cc2)c(SCC(NCCc2ccc(OC)c(OC)c2)=O)c1
-31.57    -31.66      1.58      0.41      c1(-c2ccccc2)cc(NC(=O)CNC(=O)N=c2cccc(C)[nH]2)ccc1
-25.00    -25.26     16.09      0.50      c1(=S)cc[nH]c(=NN=Cc2cc(Cl)ccc2)[nH]1
Human-Component   raw_Human-Component
0.5268816947937012   0.5268816947937012   
0.7580645084381104   0.7580645084381104   
0.6784946322441101   0.6784946322441101   
0.6688172221183777   0.6688172221183777   
0.5494623780250549   0.5494623780250549   
0.5881720185279846   0.5881720185279846   
0.5473118424415588   0.5473118424415588   
0.5989247560501099   0.5989247560501099   
0.4053763449192047   0.4053763449192047   
0.5043010711669922   0.5043010711669922   

15:51:08: local_reinforcement_logger.timestep_report +41: INFO     
 Step 43   Fraction valid SMILES: 90.6   Score: 0.4531   Time elapsed: 64   Time left: 10.2
  Agent     Prior     Target     Score     SMILES
-27.45    -27.39    -11.23      0.20      FC(F)(c1cnc2c(c1)CCc1cc(Cl)ccc1C2=C1CCN(C(=O)CCC(=O)OC)CC1)F
-28.59    -28.23    -27.58      0.01      c1(=NC(NCCCC)=O)[nH][nH]c2c1CN(C(N1CC3OCC1C3)=O)C2(C)C
-27.99    -27.99     32.65      0.74      O=C1CCC2c3cc(C(=O)O)ccc3NC2C1
-22.96    -23.22     24.72      0.58      FC(C1OC(=N)NC(CF)(c2cc(F)c(F)cc2F)C1)F
-29.15    -28.91     14.48      0.53      C(C)(C)(C)C1CSC(c2c(F)cc(Cl)cc2)S1
-23.62    -23.85     30.06      0.66      C1(C)CC(=O)C=C(c2cnccc2)C1
-23.57    -23.45     23.30      0.57      CCC(c1ccc(C(Nc2cccnc2)=O)cc1)CC
-19.86    -19.89     17.31      0.45      C(CCCCCCCCCC)C[N+](C)(CCCCCCCCCCCC)C
-20.72    -21.26     14.97      0.44      c1(Oc2ccc(C#CC3(O)C4CCN(CC4)C3)cc2)ccc(C(=O)N)cc1
-24.17    -24.05     19.77      0.53      n1n(-c2ccc(C(NN=Cc3ccc([N+]([O-])=O)s3)=O)cc2)cnn1
Human-Component   raw_Human-Component
0.19708994030952454   0.19708994030952454   
0.007936508394777775   0.007936508394777775   
0.7394179701805115   0.7394179701805115   
0.5846560597419739   0.5846560597419739   
0.5291005373001099   0.5291005373001099   
0.6574074029922485   0.6574074029922485   
0.570105791091919   0.570105791091919   
0.45370370149612427   0.45370370149612427   
0.44179895520210266   0.44179895520210266   
0.5343915224075317   0.5343915224075317   

15:51:10: local_reinforcement_logger.timestep_report +41: INFO     
 Step 44   Fraction valid SMILES: 93.8   Score: 0.4203   Time elapsed: 66   Time left: 8.8
  Agent     Prior     Target     Score     SMILES
-41.41    -41.93    -31.83      0.12      c1ccnc(C=CC(c2c3c(c4ccccc4c4ccccc34)cc3ccc4c(c32)OCO4)=O)c1
-24.08    -24.33    -24.33      0.00      C(C(Nc1c(C(=O)O)cc(OC)c(OC)c1)=O)(=O)OCC
-31.28    -32.12      2.52      0.42      n1n(C2CC(c3cc(C(F)(F)F)ccc3)N(C(C3CCCCC3)=O)CC2)c(=O)[nH]c(=O)c1C
-23.17    -23.39     31.55      0.67      O=C(N1CCC(Oc2ccc(C#N)cc2)CC1)c1c(C)c(C)ccc1
-28.10    -27.96    -10.18      0.22      COc1cc(OC)ccc1C=C1C(=O)N(CCCC(=O)NCCCN(C)C)C(=S)S1
-43.16    -43.51     12.43      0.68      o1[nH]c(=N)c(-c2n(CC(=O)NC(C(C(NCCc3ccc(C(=O)N4CCOCC4)cc3)=O)=O)C(C)C)nc(-c3ccc(F)cc3)c2)n1
-24.10    -24.17     12.99      0.45      [nH]1c(O)c(N=NC(=O)CN(c2ccc(C)cc2)S(=O)(=O)c2ccc(C)cc2)c2ccccc12
-29.63    -30.98     12.95      0.54      n1nc2n(c1C)-c1ccc(Cl)cc1C(c1ccc(C=CC(O)=O)cc1)=NC(N)N2
-32.60    -32.58     23.47      0.68      C1C(N)CCN(C(Sc2ccc(F)cc2)=S)S1(=O)=O
-21.83    -22.00    -22.00      0.00      c1c(C=CC(=O)NCCN(C)C)ccc([N+]([O-])=O)c1
Human-Component   raw_Human-Component
0.1231527104973793   0.1231527104973793   
0.5985221862792969   0.5985221862792969   
0.42241379618644714   0.42241379618644714   
0.6699507236480713   0.6699507236480713   
0.21674877405166626   0.21674877405166626   
0.6822659969329834   0.6822659969329834   
0.4532019793987274   0.4532019793987274   
0.5357142686843872   0.5357142686843872   
0.6834975481033325   0.6834975481033325   
0.42241379618644714   0.42241379618644714   

15:51:11: local_reinforcement_logger.timestep_report +41: INFO     
 Step 45   Fraction valid SMILES: 100.0   Score: 0.4859   Time elapsed: 67   Time left: 7.3
  Agent     Prior     Target     Score     SMILES
-33.38    -34.05     14.44      0.59      C(c1ccc(OC)cc1OCC)=NNC(=O)Cn1c2ccc(C)cc2cn1
-32.26    -32.43     -3.15      0.36      C1CC(c2c3c([nH]c2)ccc(C(=O)O)c3)CCN1CCCCc1c2c(cccc2O)[nH]c1
-32.02    -31.67      1.92      0.41      c1cc(OC)c(S(Nc2ccc(C(F)(F)F)cc2)(=O)=O)cc1C(N1CCN(S(=O)(=O)c2ccccc2)CC1)=O
-26.65    -27.15     -5.46      0.26      c1(C(=O)NC2CC3N(CC(=O)Nc4cccc(F)c4)C(CCC3)C2)cocc1
-17.18    -17.14     39.20      0.69      c1[nH]c(=NC2=NCCN2)ccc1
-31.05    -31.01     -0.68      0.37      C(C)(C)(C)CNC(=S)Nc1c2cc(O)c(O)cc2ccc1
-26.40    -26.25      0.46      0.33      c1c(Cl)ncc(C(=O)Nc2cc3c(cc2Cl)OCO3)c1
-40.07    -39.42    -20.82      0.23      [nH]1c2c(nc(N(C)CC(Cn3c(C)cc(C)n3)O)s2)c(=O)c(C(OCc2ccccc2)=O)c1
-28.43    -28.02    -16.38      0.14      C(O)C1(COC(=O)c2c(OC)cc(N)c(Cl)c2)CC(=Cc2ccncc2)C(=O)O1
-31.20    -31.00     29.57      0.74      O1CC(=O)N(c2ccc(-c3[nH]c4c(n3)n(CCC)c(=O)n(CCC)c4=O)c(F)c2)CC1
Human-Component   raw_Human-Component
0.5913978219032288   0.5913978219032288   
0.3569892346858978   0.3569892346858978   
0.4096774160861969   0.4096774160861969   
0.26451611518859863   0.26451611518859863   
0.6870967745780945   0.6870967745780945   
0.3698924779891968   0.3698924779891968   
0.3258064389228821   0.3258064389228821   
0.2268817275762558   0.2268817275762558   
0.14193548262119293   0.14193548262119293   
0.7387096881866455   0.7387096881866455   

15:51:13: local_reinforcement_logger.timestep_report +41: INFO     
 Step 46   Fraction valid SMILES: 100.0   Score: 0.5000   Time elapsed: 68   Time left: 5.8
  Agent     Prior     Target     Score     SMILES
-33.71    -34.45     15.46      0.61      CC1CCN(CC(=O)N(C(C)C)Cc2cn(-c3c(C)cc(C)cc3)nc2)CC1
-31.16    -32.84     22.88      0.68      c1ccccc1Oc1ccc(-c2c(C(N(CCO)C)=O)ccc(C(N)=N)c2)cc1
-29.13    -29.76     27.91      0.70      c12nnc(CC)n1CCN(Cc1c(OC)c3c(cc1)CCCC3)C2
-27.90    -28.23      8.45      0.45      c1(OC)c(OC)c(OC)cc(C(=O)NC(Nc2ccc(-c3cc4c(cccc4)n3C)cc2)=S)c1
-24.73    -24.58     23.13      0.58      c1(Br)c(C)nc2[nH]c(SCC(N(CC)CC)=O)nc(=O)c2c1
-19.29    -19.73     31.50      0.62      c1ccccc1C(Nc1ccc(S(=O)(=O)N2CCC(C)CC2)cc1)=O
-29.67    -29.90     19.92      0.61      c1cc(-c2ccc(Cl)c(Cl)c2)ccc1C#Cc1nnc(C)o1
-28.48    -28.51     12.22      0.50      c12c(ccc(OC(CCc3ccccc3)=O)c1)ncs2
-21.50    -21.42     20.28      0.51      c1cc(CNC(O)c2cc(O)n(C3CCCCCC3)c2)ccc1Cl
-45.95    -46.41    -12.20      0.42      O(C)n1c(C(C)(C)C)cc(=NC(=O)Nc2cccc3c2C2C(C(OCC)=O)C3CC2)[nH]c1=O
Human-Component   raw_Human-Component
0.6086021661758423   0.6086021661758423   
0.6795699000358582   0.6795699000358582   
0.7032257914543152   0.7032257914543152   
0.4473118185997009   0.4473118185997009   
0.5817204117774963   0.5817204117774963   
0.624731183052063   0.624731183052063   
0.6075268983840942   0.6075268983840942   
0.49677419662475586   0.49677419662475586   
0.5086021423339844   0.5086021423339844   
0.4172042906284332   0.4172042906284332   

15:51:14: local_reinforcement_logger.timestep_report +41: INFO     
 Step 47   Fraction valid SMILES: 100.0   Score: 0.5000   Time elapsed: 70   Time left: 4.4
  Agent     Prior     Target     Score     SMILES
-21.92    -22.94      3.51      0.32      c1c(C2n3nccc3N=C(C)C2C(=O)N2CCCC2)ccc(F)c1F
-28.37    -27.90    -17.76      0.12      C(Nc1ccc(S(=O)(=O)N2CCC(C)CC2)cc1)(=O)CSc1nnc(CNC(c2ccc(OC)cc2)=O)o1
-26.95    -27.48     16.07      0.53      c1cc(Cl)ccc1N1CCN(c2cc(C(C)C)ccc2NC(CC(C)C)=O)CC1
-21.67    -21.79     40.63      0.76      C1OCCN(CCSC(=S)N2CCN(C(=S)NCc3ccccc3)CC2)C1
-30.95    -31.11     10.94      0.51      c1(C(NC(C)C)=O)oc2ccn(C(C(NCc3ccccc3)=O)C)c(=O)c2c1
-24.97    -24.61     33.67      0.71      c1cc2c(cc1)C(N=c1c(C)c[nH]c(-c3ccccc3)n1)CCC2
-36.48    -37.56     17.29      0.67      C(CS(=O)(=O)c1cc(C#N)ccc1)(CCc1ccc(SC)cc1)(CC(=NO)O)O
-44.88    -46.55     -5.99      0.49      Fc1cccc(F)c1CC(C(C)(C)C)C(=O)N1C(C(NC(NC)=O)=O)C(CC)(CC)C1=O
-25.47    -26.25     24.18      0.62      c1cc(-c2cc(C(=O)O)nn2-c2ccc(F)cc2)ccc1CN1CCC(n2c3ccccc3[nH]c2=O)CC1
-27.95    -28.71     15.56      0.54      C(c1ccc2c(c1)OCO2)=C1C(=O)N(Cc2c(F)cc(F)cc2)CCC1
Human-Component   raw_Human-Component
0.32258063554763794   0.32258063554763794   
0.12365591526031494   0.12365591526031494   
0.5311827659606934   0.5311827659606934   
0.7612903118133545   0.7612903118133545   
0.5129032135009766   0.5129032135009766   
0.7107526659965515   0.7107526659965515   
0.6688172221183777   0.6688172221183777   
0.49462366104125977   0.49462366104125977   
0.6150537729263306   0.6150537729263306   
0.5397849678993225   0.5397849678993225   

15:51:16: local_reinforcement_logger.timestep_report +41: INFO     
 Step 48   Fraction valid SMILES: 100.0   Score: 0.4733   Time elapsed: 71   Time left: 2.9
  Agent     Prior     Target     Score     SMILES
-35.66    -35.50     14.85      0.61      C(#N)c1c(-c2ccccc2OC2CCOCC2)nc(N2CCOCC2)nc1-c1c[nH]c(=N)nc1
-35.86    -35.70     20.02      0.68      c1cccc2c1C(O)(c1ccc3c(c1)N(CCC)C(=O)CO3)N(Cc1cc(Cl)cc(N)c1)C2=O
-24.83    -24.80     -0.90      0.29      C(Cn1c(C)c(-c2ccc(OC)cc2)c(=O)n(CC(c2ccccc2)N)c1=O)(C)(C)C
-17.20    -17.17     23.30      0.49      c1(OC)cc2c(=Nc3cccc(Br)c3)nc[nH]c2cc1OC
-21.81    -21.59     31.05      0.64      c12[n+](C)c3c([nH]c3c1)cccc2
-24.55    -24.40     22.07      0.57      c1(NC(c2ccc(OCC3CCCO3)cc2)=O)scnc1
-35.61    -35.18      7.50      0.52      C(COc1ccc(NC(CC(C)C)=O)cc1-c1cccc(-c2ccccc2)c1)CCC
-22.56    -22.79      7.18      0.37      c1(OC)ccc(C(=O)NC2CCCC2N=c2[nH]cc(C(F)(F)F)nc2)cc1F
-23.64    -24.50     17.12      0.51      c1cccc(Cn2c(=O)c3c(ccc(OCC)c3)[nH]c2=S)c1F
-20.73    -20.82      1.40      0.27      c1ncc2c(n1)C(=O)C(Sc1ccccc1)=C(Sc1ccc(O)cc1)C2=O
Human-Component   raw_Human-Component
0.6139785051345825   0.6139785051345825   
0.6795699000358582   0.6795699000358582   
0.2913978397846222   0.2913978397846222   
0.4935483932495117   0.4935483932495117   
0.6419354677200317   0.6419354677200317   
0.5666666626930237   0.5666666626930237   
0.5204300880432129   0.5204300880432129   
0.3655914068222046   0.3655914068222046   
0.5075268745422363   0.5075268745422363   
0.2709677517414093   0.2709677517414093   

15:51:17: local_reinforcement_logger.timestep_report +41: INFO     
 Step 49   Fraction valid SMILES: 100.0   Score: 0.4717   Time elapsed: 72   Time left: 1.4
  Agent     Prior     Target     Score     SMILES
-29.71    -29.63     25.12      0.67      CC(c1ccc(S(=O)(N=c2c(C(OCC)=O)c(C)[nH]o2)=O)cc1)(C)C(F)(F)F
-26.95    -26.85    -11.95      0.18      FC(CN=c1[nH]ccc2c1nc(=Nc1c(O)cccc1)[nH]c2)(F)F
-29.96    -30.31     21.45      0.63      N1(c2c3c(-c4cccc(F)c4)cn(C)c3nc(CC)n2)CCCC1
-22.19    -22.39      1.33      0.29      c1cccc(Cn2cnc3c(=NCc4sccc4)[nH]cnc32)c1
-27.76    -29.52      7.69      0.45      c1(N2CCC(NS(=O)(=O)N(C)C)CC2)ncnc2c1cc(C(C)C)s2
-28.36    -29.13     -7.70      0.26      c1(Oc2c(-c3cccnc3OC)cc(C(=O)NS(=O)(=O)C)cc2)c(F)cc(F)cc1
-18.60    -19.31     28.57      0.58      c1ccc(SCC(=O)Nc2c(=O)n(-c3ccccc3)n(C)c2C)cc1
-34.17    -35.05     13.62      0.59      c1(C(=O)N2CCN(CCOCC)CC2)nc(C)c(CN)c(-c2c(Cl)cc(F)cc2)c1
-23.02    -23.11     21.15      0.54      C1C(=O)C(C2=CC(=O)C=CC2=O)=CC(C)(C)O1
-23.20    -23.46      1.23      0.30      CC12c3ccc(C(C)C)cc3C(=O)C(=O)C1C(C)(C(=O)O)CCC2
Human-Component   raw_Human-Component
0.6677419543266296   0.6677419543266296   
0.18172043561935425   0.18172043561935425   
0.6311827898025513   0.6311827898025513   
0.2892473042011261   0.2892473042011261   
0.4537634551525116   0.4537634551525116   
0.2612903118133545   0.2612903118133545   
0.5838709473609924   0.5838709473609924   
0.5935483574867249   0.5935483574867249   
0.5397849678993225   0.5397849678993225   
0.301075279712677   0.301075279712677   

