14:23:50: local_reinforcement_logger.log_message +32: INFO     starting an RL run
14:23:51: local_reinforcement_logger.timestep_report +41: INFO     
 Step 0   Fraction valid SMILES: 96.9   Score: 0.3781   Time elapsed: 1   Time left: 50.0
  Agent     Prior     Target     Score     SMILES
-32.03    -32.03    -20.09      0.37      CC1N(C(=O)c2c(-n3c(C)cc(C(=O)N(CCCC)CCCC)n3)ccc(-c3cnccc3)c2)CCC1
-36.73    -36.73    -36.73      0.00      c12c(nc(N(CCN=c3cc[nH]c4cc(Cl)ccc34)CCN3CCOCC3)n1)cc(N1CCOCC1)c(NC(=O)C=C)c2
-26.79    -26.79    -14.08      0.40      O=C(c1ccc(OCC2CO2)cc1)NNC(=O)c1c(O)cccc1
-21.47    -21.47     -8.41      0.41      CN=c1c(C(F)(F)F)c[nH]c(=Nc2cc3c(cc2)N(C)CCC3(C)C)[nH]1
-40.42    -40.42    -28.45      0.37      C(Oc1ccc(Cc2c3ccccc3c(=O)[nH]n2)cc1CNC)C1(C#N)CC1
-34.41    -34.41    -21.47      0.40      C(C1(C2CCCCC2)CCN(C(C23CC4CC(CC(C4)C2)C3)=O)CC1)(NS(=O)(C)=O)=O
-22.50    -22.50     -9.51      0.41      C1OC=C(C(OC(C)C(NC2CCCC2)=O)=O)OC1
-24.70    -24.70    -11.81      0.40      N(=c1cc[nH]cc1)C(NN=C(c1cccc(N)c1)C)=S
-23.85    -23.85    -11.30      0.39      c1c(-c2oc(C(=O)n3c4ccccc4nn3)cc2)cccc1
-25.97    -25.97    -13.14      0.40      C1CCC(CSc2nc3c(s2)cc(N)cc3)O1
Human-Component   raw_Human-Component
0.3728863596916199   0.3728863596916199   
0.0   0.0   
0.39701196551322937   0.39701196551322937   
0.40807482600212097   0.40807482600212097   
0.3741115629673004   0.3741115629673004   
0.4045780301094055   0.4045780301094055   
0.405929833650589   0.405929833650589   
0.40292471647262573   0.40292471647262573   
0.39208513498306274   0.39208513498306274   
0.40095844864845276   0.40095844864845276   

14:23:52: local_reinforcement_logger.timestep_report +41: INFO     
 Step 1   Fraction valid SMILES: 100.0   Score: 0.3886   Time elapsed: 2   Time left: 49.0
  Agent     Prior     Target     Score     SMILES
-24.28    -24.28    -11.20      0.41      c1(-c2nc(S(=O)(=O)C)[nH]c2-c2ccccc2)ccccc1N
-33.21    -33.15    -21.85      0.35      O=C(NCC(O)C(C1C(NC(C)=O)C(O)CC(OCc2ccc3ccccc3c2)(C(=O)O)O1)O)c1ccc(OC)cc1
-23.70    -23.69    -10.99      0.40      C(c1c2ccccc2oc1-c1ccccc1)=CC(c1occc1)=O
-32.61    -32.57    -20.26      0.38      COc1cc(-c2ccc(OC)c(OC)c2)cc(=O)c2c1c(CC=C(C)C)c(OC)c(OCC=C(C)CCC=C(C)C)c2O
-35.17    -35.19    -22.80      0.39      c1[nH]c2sc(C(=O)N(C)CCC)c(C)c2c(=NC(C(=O)N)C)n1
-25.25    -25.26    -12.04      0.41      N=c1n(C(C)C)c(O)c(C2=CCCCC2)s1
-32.19    -32.08    -19.76      0.39      c1(OC)n[nH]c(=NC(Nc2cccc3c2OC(C)(C)C2(COC2)C3)=O)cc1
-20.59    -20.61     -8.25      0.39      N(C(COC(=O)C1CCCCC1)=O)c1ccc(NC(=O)C)cc1
-40.57    -40.50    -28.64      0.37      N(c1c(Br)cc(Cl)cc1C(=O)N(CCn1cccc1)C)C(c1ccc(Cl)cc1)=O
-31.17    -31.07    -18.66      0.39      C(c1cnc2n1cc(OCCOC)cc2)(c1c(O)ccc(Cl)c1)=O
Human-Component   raw_Human-Component
0.4088432490825653   0.4088432490825653   
0.35295262932777405   0.35295262932777405   
0.39700818061828613   0.39700818061828613   
0.38450002670288086   0.38450002670288086   
0.3872832953929901   0.3872832953929901   
0.41316157579421997   0.41316157579421997   
0.3851112127304077   0.3851112127304077   
0.3862385153770447   0.3862385153770447   
0.3704225420951843   0.3704225420951843   
0.3877893388271332   0.3877893388271332   

14:23:54: local_reinforcement_logger.timestep_report +41: INFO     
 Step 2   Fraction valid SMILES: 96.9   Score: 0.3785   Time elapsed: 3   Time left: 48.0
  Agent     Prior     Target     Score     SMILES
-37.00    -37.03    -24.87      0.38      c1c(OC)cc(-c2cc(C)cc(=Nc3nccc(C(F)(F)F)c3)[nH]2)cc1NCCC1CCN(C)C1
-21.74    -21.70     -8.39      0.42      C(CCCCOc1ccc(C(C=NO)=N)cc1)CCC
-26.00    -26.06    -14.11      0.37      C1(NC(=O)CSc2ncc(-c3cc(C)ncc3)nn2)CCCC1
-51.23    -51.22    -51.22      0.00      C12C3CC4C5=C(C(=O)CC6(C)C6(CC5)CCC4CC3)CC11OC(C)(C)OC1CC2
-47.59    -47.75    -35.19      0.39      c1ccccc1OCCC(C)N(CCCCC(CCCCCCCC(=O)N(CC)CC)CO)C
-25.12    -24.98    -12.00      0.41      C1(c2nc(C)on2)=C(C)C2C34C(OC(C)(OO3)CCC4C(C)CC2)O1
-30.45    -30.44    -18.85      0.36      O(C)c1ccc(C2C(C(=O)Nc3cnn(Cc4c(F)cc(F)cc4)c3)C(C)=NC(=O)N2)cc1
-31.49    -31.48    -19.47      0.38      c1[nH]c(=NC(=O)c2oc([N+](=O)[O-])cc2)sc1C(CCC)C(F)(F)F
-22.41    -22.48     -9.13      0.42      C1C2(O)CC3CC(CC1C3NCC(N1C(C#N)CCC1)=O)C2
-21.96    -22.01     -9.78      0.38      c1c(NC(c2c(O)[nH]c3c(c2=O)CCCC3)=O)c(F)ccc1
Human-Component   raw_Human-Component
0.3797135055065155   0.3797135055065155   
0.41605883836746216   0.41605883836746216   
0.37340211868286133   0.37340211868286133   
0.0   0.0   
0.39243966341018677   0.39243966341018677   
0.40573641657829285   0.40573641657829285   
0.362477570772171   0.362477570772171   
0.37517327070236206   0.37517327070236206   
0.4172556698322296   0.4172556698322296   
0.38244643807411194   0.38244643807411194   

14:23:54: local_reinforcement_logger.timestep_report +41: INFO     
 Step 3   Fraction valid SMILES: 100.0   Score: 0.3872   Time elapsed: 4   Time left: 47.0
  Agent     Prior     Target     Score     SMILES
-25.53    -25.45    -12.66      0.40      C1(O)C(CO)OC(n2c3nc(=O)[nH]c(O)c3nc2)C1O
-25.83    -25.81    -12.32      0.42      c1ccccc1CN(Cc1ccccc1)Cc1cc(N2CCCCC2)ccc1
-34.99    -35.00    -23.49      0.36      c1cc(Oc2ccccc2C)c(NC(Nc2ccc(-c3cc(=NC(=O)C4CCC4)[nH][nH]3)cc2)=O)cc1
-23.24    -23.22    -10.68      0.39      c1(CN(Cc2ccccc2)CCc2ccccc2)coc(-c2cc(C)ccc2)n1
-33.55    -33.42    -20.43      0.41      c1(-c2nc3ncnn3c(N3CC(Oc4nc5ncccc5cc4)C3)c2)ccccc1
-29.50    -29.47    -17.15      0.38      Cc1n(CC)c2c(c(OC)ccc2)c(=O)c1C(N=c1scc[nH]1)=O
-19.02    -18.96     -5.88      0.41      n1c2[nH]c(-c3ccccc3)cc(=N)c2ccc1
-41.78    -41.83    -30.18      0.36      FC(F)(c1cc(ON=C(C)C(=O)O)c(CNc2cc(-c3c(C)cnc4ccc(-c5cc(Cl)c(O)cc5)cc34)ccc2)cc1)F
-31.89    -32.06    -19.76      0.38      c1ccccc1-c1csc(N=c2[nH]cc(NCC3CCOCC3)cn2)n1
-18.09    -18.00     -4.88      0.41      C(c1ccccc1)Cn1c(C)c(O)c(=O)cc1
Human-Component   raw_Human-Component
0.39965003728866577   0.39965003728866577   
0.4214293956756592   0.4214293956756592   
0.35971638560295105   0.35971638560295105   
0.39206740260124207   0.39206740260124207   
0.4060837924480438   0.4060837924480438   
0.38498467206954956   0.38498467206954956   
0.40870973467826843   0.40870973467826843   
0.36411142349243164   0.36411142349243164   
0.3843924105167389   0.3843924105167389   
0.4099781811237335   0.4099781811237335   

14:23:55: local_reinforcement_logger.timestep_report +41: INFO     
 Step 4   Fraction valid SMILES: 100.0   Score: 0.3955   Time elapsed: 5   Time left: 46.0
  Agent     Prior     Target     Score     SMILES
-22.30    -22.63     -9.43      0.41      C1CN(C(=O)CNC(=O)C2CCCCC2)CCN1C
-26.45    -26.57    -13.97      0.39      n1ccn(Cc2cc(Cl)cc3c2oc(-c2ccc(OC)cc2)n3)c1
-26.06    -25.97    -13.55      0.39      C1(c2c(C(OC)=O)[nH]c3ccc(Cl)cc32)CCCCC1
-19.49    -19.47     -6.12      0.42      c1(N=Cc2c(=O)n(C)c(=O)n(C)c2O)ccc(N(C)C)cc1
-29.27    -29.21    -17.31      0.37      c1(S(=O)(N(c2ccc(OCC)cc2)CC)=O)ccc(NC(=O)c2n(C)ccc2)cc1
-22.87    -22.78     -9.76      0.41      C(c1n2c(=O)n(C)nc2c2c(cccc2)n1)c1ccccc1
-25.56    -25.56    -12.97      0.39      c12c(cccc1)SC(CC(NC)=O)c1c-2nc2ccccc2n1
-29.05    -29.27    -16.95      0.39      o1nc(-c2ccncc2)nc1C1CN(Cc2ccc(-c3nc4cc[nH]c(=N)c4nc3-c3ccccc3)cc2)C1
-22.30    -22.25    -10.03      0.38      c1(NC(c2ccc3ccccc3c2O)=O)cccc(C(C)=O)c1
-30.02    -30.01    -17.32      0.40      Cc1nc(N2CCC(NC(c3nn[nH]c3)=O)CC2)c(C)c(C)n1
Human-Component   raw_Human-Component
0.41255906224250793   0.41255906224250793   
0.39368534088134766   0.39368534088134766   
0.388135701417923   0.388135701417923   
0.41722917556762695   0.41722917556762695   
0.37187355756759644   0.37187355756759644   
0.40674278140068054   0.40674278140068054   
0.39331889152526855   0.39331889152526855   
0.38510778546333313   0.38510778546333313   
0.3815702497959137   0.3815702497959137   
0.3966190218925476   0.3966190218925476   

14:23:56: local_reinforcement_logger.timestep_report +41: INFO     
 Step 5   Fraction valid SMILES: 93.8   Score: 0.3647   Time elapsed: 6   Time left: 45.0
  Agent     Prior     Target     Score     SMILES
-34.49    -35.13    -22.14      0.41      N(CCC(C)(O)C)c1ccc(CNCCCCCCCCCCCCCCN)cc1
-24.39    -24.28    -11.38      0.40      c1ccc2c(c1)N(C(=O)CN1CCN(Cc3cc(Cl)ccc3)CC1)Cc1c(cccc1)O2
-27.91    -27.85    -14.95      0.40      C1OC(c2ccc(Cl)cc2)(C)Cn2c(=O)n(Cc3ccccc3)c(=O)n21
-26.04    -26.13    -13.60      0.39      c1(C2=NOC(C(NCc3occc3)=O)C2)cc(N(C)C)ccc1
-29.84    -29.66    -17.34      0.39      c1(C2OCCO2)ccc2c(c1)NC(=O)c1ccc(-c3ccc(OC)cc3)cc1N2
-26.11    -26.14    -13.31      0.40      C1C2CN(Cc3ccc(OC)cc3)C(CO)C2OC1
-28.87    -28.72    -16.56      0.38      C(c1ccccc1)N=c1nc[nH]c2ccc(NC(=O)C(O)=O)cc21
-30.81    -30.85    -18.09      0.40      Cn1c(=O)c([N+]([O-])=O)c(C)c2c1ccc1c2cc(OC)cc1
-16.58    -16.53     -2.62      0.43      c1cc(O)c(C=O)cc1
-31.93    -32.22    -21.07      0.35      c1(NC(C2N(S(c3cccnc3)(=O)=O)CCC2)=O)ccc(C)c(-n2cccc2)c1
Human-Component   raw_Human-Component
0.40621039271354675   0.40621039271354675   
0.4032496511936188   0.4032496511936188   
0.40327247977256775   0.40327247977256775   
0.391724169254303   0.391724169254303   
0.3851564824581146   0.3851564824581146   
0.4009265601634979   0.4009265601634979   
0.3801463544368744   0.3801463544368744   
0.3987881541252136   0.3987881541252136   
0.434731662273407   0.434731662273407   
0.34863296151161194   0.34863296151161194   

14:23:57: local_reinforcement_logger.timestep_report +41: INFO     
 Step 6   Fraction valid SMILES: 96.9   Score: 0.3783   Time elapsed: 7   Time left: 44.0
  Agent     Prior     Target     Score     SMILES
-32.50    -32.17    -20.33      0.37      S(c1c(C(=O)N2CCN(C(c3occc3)=O)CC2)cccc1)Cc1[nH]c(=N)sc1
-25.29    -25.22    -12.84      0.39      C1CN(C(=O)c2cc(C)cc(C)c2)CCC12CN(C(C)C)C(=O)O2
-29.60    -29.49    -18.20      0.35      O=C(c1ccco1)Nc1ccccc1-c1oc(C)c(COc2ccccc2Cl)n1
-25.54    -25.81    -13.07      0.40      c1cc(C=Cc2c(C#N)cn(-c3ccc(C(O)=O)cc3)n2)ccc1F
-23.28    -23.32    -10.59      0.40      C1c2ccccc2CC1N1CCN(C(c2cc(OC)c(OC)cc2)=O)CC1
-33.00    -32.85    -19.79      0.41      S1C(C)(C)Cc2nc(C3CC3)n(Cc3ccccc3OC)c2C1
-32.38    -32.31    -20.78      0.36      c1c(OC)ccc2c1C(=O)C(OC(=O)C)=C(C=NNc1ccccc1)C2=O
-39.46    -39.40    -27.37      0.38      N(C)(C)c1c(F)cc2c(=O)c(C(=O)O)c3n(c2c1)Cc1ccc(-c2ncccc2)cc1[S+]3[O-]
-24.00    -23.74    -11.53      0.38      c1c(C=CCn2cc(C(=O)O)c(=O)c3c2c(F)ccc3)ccc(OC)c1
-38.83    -38.84    -25.51      0.42      CC(N(C)C(CCOC(CCCCCCCCCCC=C)=O)CO)=O
Human-Component   raw_Human-Component
0.3699570894241333   0.3699570894241333   
0.3869158625602722   0.3869158625602722   
0.3527383804321289   0.3527383804321289   
0.39816707372665405   0.39816707372665405   
0.39777445793151855   0.39777445793151855   
0.40811729431152344   0.40811729431152344   
0.3601847290992737   0.3601847290992737   
0.37607666850090027   0.37607666850090027   
0.3817186653614044   0.3817186653614044   
0.416532427072525   0.416532427072525   

14:23:57: local_reinforcement_logger.timestep_report +41: INFO     
 Step 7   Fraction valid SMILES: 96.9   Score: 0.3751   Time elapsed: 7   Time left: 37.6
  Agent     Prior     Target     Score     SMILES
-48.80    -48.70    -37.12      0.36      C1(C(=O)Nc2ccc(C(=N)N)cc2)C(C(NCC2CCNCC2(CC(C)C)C(O)=O)O)CCC1
-27.89    -28.18    -15.37      0.40      C(CCC=C(c1cc(Cl)c(OC)c(C(=O)O)c1)c1cccc(N)c1)C
-29.60    -29.51    -16.96      0.39      c1c(-c2coc3c(c(O)c(O)c(O)c3C=O)c2=O)cc(OC)c(O)c1
-25.93    -26.08    -13.10      0.41      c1c(CCCCCC2Oc3ccccc3C=C2C(O)=O)cccc1
-22.31    -22.21    -10.28      0.37      c1[nH]c(=NS(c2ccc(NC(c3c(F)c(F)c(F)c(F)c3F)=O)cc2)(=O)=O)sc1
-22.54    -22.37     -9.37      0.41      c1(-c2cc(C(=O)O)c(O)cc2)csc(-c2ccc(Cl)cc2)n1
-29.89    -29.67    -18.35      0.35      O=c1c2c(n(CC(=O)Nc3c(C)c(Cl)ccc3)cc1C(O)=O)ccc(CN(CC)CC)c2
-29.69    -29.56    -17.12      0.39      c1c(F)cccc1N(CC(=O)Nc1ccc2c(sc(C)n2)c1)S(C)(=O)=O
-35.64    -35.58    -23.30      0.38      C(N(C(=O)NC(C)C)CCc1c2c(n(CCN(C)C)c1)cccc2)(C)C
-27.24    -27.38    -15.16      0.38      CCCON=Cc1c(Oc2ccc(-n3cncc3)cc2)[nH]cnc1=N
Human-Component   raw_Human-Component
0.3618626296520233   0.3618626296520233   
0.4001597464084625   0.4001597464084625   
0.39219820499420166   0.39219820499420166   
0.40559327602386475   0.40559327602386475   
0.37308862805366516   0.37308862805366516   
0.4064645767211914   0.4064645767211914   
0.35367417335510254   0.35367417335510254   
0.3885149359703064   0.3885149359703064   
0.38396283984184265   0.38396283984184265   
0.3816477358341217   0.3816477358341217   

14:23:58: local_reinforcement_logger.timestep_report +41: INFO     
 Step 8   Fraction valid SMILES: 96.9   Score: 0.3803   Time elapsed: 8   Time left: 37.3
  Agent     Prior     Target     Score     SMILES
-25.79    -26.04    -13.39      0.40      C(C(N=c1nc[nH][nH]1)=O)(c1ccccc1)OCC
-17.78    -17.67     -4.09      0.42      O=C1C(Cl)=C(Cl)C(=O)N1c1ccc(C)cc1
-32.71    -32.52    -20.11      0.39      c1(N=c2nc(N(C)c3cccc(OC(F)(F)F)c3)cc[nH]2)cc(F)c(O)cc1
-21.03    -21.06     -9.19      0.37      c1c(NC(c2c(C)onc2-c2c(Cl)cccc2Cl)=O)cc(C(=O)C)cc1
-44.02    -43.73    -31.35      0.39      c12cc(CCC(=O)O)ccc1sc(-c1ccc(CN3CCN(C(Nc4ccc5c(c4)OCO5)=O)CC3)cc1)n2
-25.19    -24.96    -12.19      0.40      N1=C(c2cc(F)cc(F)c2)CC(C(=O)NCc2c(Cl)cc(F)cc2)O1
-33.59    -34.00    -21.28      0.40      c1c(C(=O)NCC[S+](CNCCC)[O-])cccn1
-28.90    -28.74    -16.53      0.38      c1(NC(=O)N2CCN(c3c(OC)cccc3)CC2)c2c(ccc1)n(Cc1nc(C)ccc1)nc2
-27.59    -27.62    -14.60      0.41      c1c(OCC)c2c(cc1OC)C(=O)C=C(N1CC1)C2=O
-31.96    -31.73    -19.69      0.38      OC(Nc1cc([N+]([O-])=O)ccc1OC(F)F)c1nc2nc(C)cc(C)n2n1
Human-Component   raw_Human-Component
0.39526188373565674   0.39526188373565674   
0.42445382475852966   0.42445382475852966   
0.38793447613716125   0.38793447613716125   
0.37091365456581116   0.37091365456581116   
0.3867693543434143   0.3867693543434143   
0.3989589512348175   0.3989589512348175   
0.3975706994533539   0.3975706994533539   
0.38145607709884644   0.38145607709884644   
0.4071086049079895   0.4071086049079895   
0.3763507306575775   0.3763507306575775   

14:23:59: local_reinforcement_logger.timestep_report +41: INFO     
 Step 9   Fraction valid SMILES: 96.9   Score: 0.3812   Time elapsed: 9   Time left: 36.9
  Agent     Prior     Target     Score     SMILES
-24.43    -24.07    -11.82      0.38      c1cc([N+]([O-])=O)cc(S(=O)(=O)N(NS(=O)(c2ccccc2)=O)C)c1C
-24.87    -24.80    -12.04      0.40      c1cccc(-c2nc(C3N(Cc4c(C)nn(C)c4)CCOC3)[nH]c2)c1
-33.68    -33.62    -21.52      0.38      c1c(-c2c(=NNc3c(Cl)ccc(Cl)c3)[nH]cc([N+](=O)[O-])c2)cccc1
-26.65    -26.86    -15.41      0.36      CC1N(Cc2cc3c(=O)c(C(NCc4ccc(Cl)cc4)=O)cn(C)c3nc2)CCCC1
-29.10    -29.01    -15.71      0.42      C12(CCN(S(=O)(CC34C(C)(C)C(CC3)CC4N)=O)CC1)OOCC2
-22.74    -22.95     -9.94      0.41      CN=c1[nH]c(C(c2sccc2C)=O)cs1
-37.29    -37.37    -25.08      0.38      O=C(N1CC(N)C(C(N2CCCC2)=O)C1)c1nc(C(C)C)ncc1-n1nc(-c2cnn(C)c2)cc1
-25.13    -24.75    -11.37      0.42      n1cc(C(c2cnc(C(F)(F)F)cc2)(O)c2ccc(Cl)cc2)ccc1Cl
-39.71    -39.62    -27.16      0.39      C1(c2c(C(F)(F)F)c(F)c(F)cc2)C2N3CCCCN3C(=O)C2(c2ccccc2)CC1
-23.23    -23.37    -10.88      0.39      c1(C(NCC(OCCOc2ccc(F)cc2)=O)=O)cc(OC)cc(OC)c1
Human-Component   raw_Human-Component
0.38301873207092285   0.38301873207092285   
0.3985092341899872   0.3985092341899872   
0.37812739610671997   0.37812739610671997   
0.3580329120159149   0.3580329120159149   
0.4159131348133087   0.4159131348133087   
0.4066521227359772   0.4066521227359772   
0.3841213583946228   0.3841213583946228   
0.41816040873527527   0.41816040873527527   
0.38928812742233276   0.38928812742233276   
0.3902445435523987   0.3902445435523987   

14:24:00: local_reinforcement_logger.log_message +32: INFO     Resetting Agent
14:24:00: local_reinforcement_logger.log_message +32: INFO     Adjusting sigma to: 82
14:24:00: local_reinforcement_logger.timestep_report +41: INFO     
 Step 10   Fraction valid SMILES: 100.0   Score: 0.3958   Time elapsed: 10   Time left: 36.4
  Agent     Prior     Target     Score     SMILES
-28.80    -28.76    -16.94      0.37      c12c([nH]c3c1cc(NC(=O)C)cc3)C(=O)c1c-2cccc1C
-32.94    -32.89    -20.20      0.40      c1(C(O)N2C3CC(COc4ncccc4)C2CC3)cc(C(F)(F)F)c(-c2ncccn2)cc1
-19.83    -19.88     -6.85      0.41      c1(S(=O)(=O)NC2CCCCC2)c(Cl)ccc(Cl)c1
-29.22    -28.93    -16.97      0.37      O=C(N1CCCC1(C(OCC)=O)Cc1cc(C)ccc1)c1ccc(Cl)cc1
-24.57    -24.58    -12.00      0.39      c1ccc(-c2c(OC(c3ccco3)=O)no[n+]2[O-])cc1
-31.27    -31.38    -18.78      0.39      c1c(OC)c(OC)c(C(NC2CCC(NC(=O)c3c(F)cccc3Cl)CC2)=O)cc1
-40.91    -41.12    -28.96      0.38      N(=CC1C=CC=CC=C1)c1nc(=Nc2ccc(OCCCC)cc2)[nH]c(N2CCNCC2)c1
-28.81    -28.68    -17.07      0.36      C(C)(C)(OC(N1CC(C)N(S(c2c[nH]c3ncccc23)(=O)=O)CC1)=O)C
-26.81    -26.74    -14.20      0.39      c1c(SC(C)C(Nc2ccc(OCC)cc2)=O)ccc(N)c1
-32.06    -31.74    -18.58      0.41      s1cc(-c2ccc(Cl)s2)nc1C(c1c(C#N)c(F)ccc1)O
Human-Component   raw_Human-Component
0.36930954456329346   0.36930954456329346   
0.3966633379459381   0.3966633379459381   
0.40726238489151   0.40726238489151   
0.3737501800060272   0.3737501800060272   
0.3931412398815155   0.3931412398815155   
0.3936426341533661   0.3936426341533661   
0.3801206052303314   0.3801206052303314   
0.3630807101726532   0.3630807101726532   
0.39176827669143677   0.39176827669143677   
0.4112003445625305   0.4112003445625305   

14:24:02: local_reinforcement_logger.timestep_report +41: INFO     
 Step 11   Fraction valid SMILES: 100.0   Score: 0.3935   Time elapsed: 11   Time left: 35.8
  Agent     Prior     Target     Score     SMILES
-26.93    -26.93      4.93      0.39      c1(OC)cc(CC(=O)c2ccccc2)cc2c1oc(-c1ccccc1)cc2=O
-25.73    -25.73      6.13      0.39      c1(CC(OC(C)C)C(=O)OC2CN3CCC2CC3)ccccc1
-30.02    -30.02      0.35      0.37      O=C(Nc1cc(CN2CCC(C(NC(CC)(C)C)=O)CC2)ccc1)c1c2ccccc2[nH]c1
-25.50    -25.50      8.87      0.42      c1c2c(nc3n([nH]c(=S)n3)c2)ccc1C
-22.75    -22.75     10.71      0.41      Cn1ccc(NC(=O)C)cc1=O
-22.70    -22.70     10.31      0.40      c1[nH]ncc1-c1nc(=NC2CCCCC2)[nH]cc1
-26.84    -26.84      4.28      0.38      c1cccc(-c2nc(C(F)(F)F)cc(OCC(Nc3cnccc3)=O)n2)c1
-22.43    -22.43     11.14      0.41      c1c(OC)cc(Br)cc1C(=O)NN
-27.16    -27.16      3.71      0.38      c1ccc(C(F)(F)F)cc1N1CCN(C(=O)CN2C(=O)CSc3c2c(C)nn3-c2ccccc2)CC1
-41.23    -41.23     -8.91      0.39      COc1c(N=C2SCC(c3cc4c(c(OC)c3)[nH]c(=O)s4)=N2)ccc(Cl)c1
Human-Component   raw_Human-Component
0.3884914815425873   0.3884914815425873   
0.3884536325931549   0.3884536325931549   
0.37033990025520325   0.37033990025520325   
0.41919630765914917   0.41919630765914917   
0.40813207626342773   0.40813207626342773   
0.4026263952255249   0.4026263952255249   
0.37948158383369446   0.37948158383369446   
0.40941712260246277   0.40941712260246277   
0.37653636932373047   0.37653636932373047   
0.39408475160598755   0.39408475160598755   

14:24:02: local_reinforcement_logger.timestep_report +41: INFO     
 Step 12   Fraction valid SMILES: 100.0   Score: 0.3881   Time elapsed: 12   Time left: 35.1
  Agent     Prior     Target     Score     SMILES
-32.38    -32.31     -2.67      0.36      O=c1c2ccccc2n(C(CCC)C(Nc2c(C)cccc2)=O)c(=O)n1-c1ccc(C)c(C)c1
-22.29    -22.38      9.63      0.39      c1ccc(NC(=O)c2nc(COc3ccccc3)oc2)cc1
-28.59    -28.69      3.38      0.39      c1(-n2cc(-c3[nH]c4ccc(Cl)cc4n3)cc2O)ccccc1
-23.61    -23.64     10.25      0.41      c1c2[n+](c3c(c1)cccc3)CCc1c3ccccc3[nH]c1-2
-48.29    -48.14    -17.54      0.37      O(C1C2(C)C(O)(C3(C)C(CC1OC(=O)CCCCCC)C(C)(C)CCC3O)C(COC(C)=O)(O)C(OC(C)=O)CC2OC(C)=O)C(C)=O
-33.18    -33.09     -2.89      0.37      C1(N(C)CC(CNS(=O)(c2c(C)ccc(F)c2)=O)O)CCCCC1
-32.18    -32.22     -1.54      0.37      c1nc(C(=O)NC2CCCCCC2)cc(OC(COC)CC)c1
-16.26    -16.29     18.37      0.42      c1c(C(=NO)CSc2ccccc2)cccc1
-22.27    -22.29     12.59      0.43      c1(Oc2cc(OS(=O)(=O)N)ccc2)ccccc1
-43.83    -43.80    -13.73      0.37      c1c(Cl)c2c(n[nH]c2)c(-c2cc3c(=NS(c4ccccc4C(O)=O)(=O)=O)[nH]oc3cc2)c1
Human-Component   raw_Human-Component
0.3614666759967804   0.3614666759967804   
0.39028608798980713   0.39028608798980713   
0.39106446504592896   0.39106446504592896   
0.4133606255054474   0.4133606255054474   
0.3731580078601837   0.3731580078601837   
0.368224173784256   0.368224173784256   
0.3741733133792877   0.3741733133792877   
0.422604501247406   0.422604501247406   
0.42528167366981506   0.42528167366981506   
0.36669260263442993   0.36669260263442993   

14:24:03: local_reinforcement_logger.timestep_report +41: INFO     
 Step 13   Fraction valid SMILES: 100.0   Score: 0.3896   Time elapsed: 13   Time left: 34.4
  Agent     Prior     Target     Score     SMILES
-24.90    -24.96      5.82      0.38      c1cc(C(=N)N)ccc1NC(c1c(Sc2ccc(Cl)cc2)nccc1)=O
-28.52    -28.43      2.48      0.38      c1(C2C(C(=O)O)C(c3ccc(OC)cc3)N(CC(NCCCN(CC)CC)=O)C2)ccc(CC)cc1
-28.59    -28.48      2.91      0.38      s1cc(C)n2cc(-c3cc(NC(c4ccncc4)=O)c(OC)cc3)nc12
-18.12    -18.17     16.55      0.42      c1cc(-n2cccc2)ccc1C(O)=NO
-33.44    -33.47     -1.71      0.39      N=c1[nH]cnc2n(Cc3ccccc3F)c(Sc3nc4c(cc3)cccc4)nc12
-34.88    -34.89     -1.55      0.41      C(O)C1C(C(OC)OC)OC2SC(=NC)N(C)C2c2ccccc21
-29.38    -29.36      3.20      0.40      n12c3c(nc1N(CCCC)Cc1cc(OC)c(OC)cc12)cccc3
-28.59    -28.57      4.33      0.40      c1c(O)oc(-c2ccccc2)c1-c1sc2c(c1)cc(Cl)cc2
-27.92    -27.87      8.06      0.44      C1(N(CC)CC)CCN(Cc2c(C)c(C)c(OC)c(C)c2C)CC1
-31.37    -31.24     -0.47      0.38      N1(C(c2cc(-n3nccc3)cc(Oc3ccc(S(=O)(C)=O)cc3)c2)=O)CCC(c2ccc(C#N)cc2F)CC1
Human-Component   raw_Human-Component
0.37539929151535034   0.37539929151535034   
0.3769548237323761   0.3769548237323761   
0.38282057642936707   0.38282057642936707   
0.42335546016693115   0.42335546016693115   
0.38735589385032654   0.38735589385032654   
0.40653854608535767   0.40653854608535767   
0.3970194160938263   0.3970194160938263   
0.40129584074020386   0.40129584074020386   
0.4382343292236328   0.4382343292236328   
0.37525674700737   0.37525674700737   

14:24:04: local_reinforcement_logger.timestep_report +41: INFO     
 Step 14   Fraction valid SMILES: 96.9   Score: 0.3756   Time elapsed: 14   Time left: 33.6
  Agent     Prior     Target     Score     SMILES
-28.05    -27.97      3.20      0.38      c1cc(OCCOCC(O)CNCCNC(Nc2ccccc2)=O)c(C#N)cc1
-29.94    -30.00      3.04      0.40      C(#N)C(=C1C(=O)N(C)c2c1cc(OC(c1ccccc1)=O)cc2)C#N
-39.90    -39.84     -6.98      0.40      C1N(C(C(O)C2CCCCC2)=O)CC(C(OCC)CC(O)=O)CC1
-35.06    -35.07     -4.53      0.37      c1cccc2cccc(C(c3nc(C)c(=Nc4ccccc4)[nH]c3CCC)=O)c12
-22.16    -22.18     12.29      0.42      c1c2c(c(-c3nnc(SCCCN4CCc5c(cc6oc(C)nc6c5)CC4)n3C)cc1)cco2
-37.98    -37.88     -6.27      0.39      C1C(OC(=O)C(=O)N(CCO)CCOC(=O)c2ccc(C)cc2)CCOC1
-28.06    -28.15      4.54      0.40      c1c(NCCC(O)=O)ccc(S(=O)(c2cccs2)=O)c1
-27.75    -27.65      2.39      0.37      C1(NC(=O)N2CCC(c3onc(-c4nc5ccccc5n4C)n3)CC2)CC(F)(F)CCNC1
-46.65    -46.70    -13.59      0.40      C12=C(C=NCC=C)CCC(C)(C)C3=C1C1C(C)(CCCC1(C)C)C(C)CC32
-27.64    -27.57      2.56      0.37      c1cc(C(=O)NCc2cnccc2)c(-c2onc(-c3c(OC)c(OC)ccc3)n2)cc1
Human-Component   raw_Human-Component
0.38004642724990845   0.38004642724990845   
0.4029853045940399   0.4029853045940399   
0.40082085132598877   0.40082085132598877   
0.37246647477149963   0.37246647477149963   
0.42027634382247925   0.42027634382247925   
0.38553962111473083   0.38553962111473083   
0.39859601855278015   0.39859601855278015   
0.36641794443130493   0.36641794443130493   
0.40377381443977356   0.40377381443977356   
0.36747434735298157   0.36747434735298157   

14:24:05: local_reinforcement_logger.timestep_report +41: INFO     
 Step 15   Fraction valid SMILES: 96.9   Score: 0.3800   Time elapsed: 15   Time left: 32.8
  Agent     Prior     Target     Score     SMILES
-20.60    -20.59     11.53      0.39      c1c(CNC(=O)Nc2cc3c(cc2)OCO3)scc1
-21.44    -21.77     15.21      0.45      n1n(CCCCCCCCCCCC)nnc1
-32.02    -32.11     -1.25      0.38      C1(C(=O)NC2N(c3nc(C#N)ccc3)C(=O)N(c3cc(C(F)(F)F)ccc3)C(=O)c3ccccc32)CC1
-24.32    -24.44      7.33      0.39      c1(CC)nn(Cc2cccc(C(=O)OC)c2)c(=O)o1
-44.59    -44.74    -13.29      0.38      C12(CCN(c3cccc(C(=O)NCc4cc(CN5CCCCC5)ccc4)c3)CC1)Cc1c(cc(C)cc1)C2
-26.40    -26.30      5.79      0.39      c1c(C(=O)NC(C=O)C(O)O)ccc(N=c2nc(C)cc(N(C)C)[nH]2)c1
-37.95    -37.85     -6.88      0.38      C(N)(C(NC(c1ccc(OC)cc1)c1c(C(O)=O)[nH]c2c1cccc2)=O)CCSC
-32.50    -32.55     -1.58      0.38      c12ccc(OC)cc1c(C(=O)N1CC(Oc3cc(C)c(C)cc3)CC1)co2
-29.46    -29.54      2.05      0.39      O=c1c(C#CCCCCC)c(Cl)cnn1CCc1ccc(C(=O)O)cc1
-29.83    -29.61      2.06      0.39      c1(C(CC(=O)O)NC(=O)c2cc(COc3ccccc3F)ccc2)cc(C(F)(F)F)ccc1
Human-Component   raw_Human-Component
0.3916471004486084   0.3916471004486084   
0.45096203684806824   0.45096203684806824   
0.37636950612068176   0.37636950612068176   
0.3874906301498413   0.3874906301498413   
0.3836343288421631   0.3836343288421631   
0.3912898600101471   0.3912898600101471   
0.37768641114234924   0.37768641114234924   
0.3776952922344208   0.3776952922344208   
0.3851843774318695   0.3851843774318695   
0.3862757384777069   0.3862757384777069   

14:24:06: local_reinforcement_logger.timestep_report +41: INFO     
 Step 16   Fraction valid SMILES: 96.9   Score: 0.3805   Time elapsed: 16   Time left: 32.0
  Agent     Prior     Target     Score     SMILES
-26.77    -26.66      4.75      0.38      C1(c2ccc(C)c(Cc3ccc(CCCC(O)=O)cc3)c2)=NCCO1
-27.01    -26.84      4.30      0.38      C(CCCCC)CCCCCCCCCC(=O)NC(C(CN(CC(C)C)S(=O)(=O)c1ccc(N)cc1)O)Cc1ccccc1
-26.55    -26.47      7.10      0.41      c1(-c2ccc(C)cc2)c(C)nn2c1nc(C)cc2N1CCN(CCc2cc(F)c(F)cc2)CC1
-30.06    -29.97      2.34      0.39      Oc1ccc(C(=O)OCC(NCCCCCCCC)=O)cc1Br
-29.36    -29.54      3.59      0.40      n1ccc(CN2C(c3ccc(SC)cc3)c3cccc4c3c(ccc4)C2=O)cc1
-31.44    -31.32     -0.65      0.37      c1c2c(ccc1C)CN(C(Nc1ccc(C(NCC(=O)N3CCCCCC3)=O)cc1)=O)C2
-21.56    -21.58     11.01      0.40      c12ncc(-c3ccc(OC)c(OC)c3)nc1cc(C)cc2
-33.20    -33.26     -1.91      0.38      CC12CCC(=O)N(C)C1CCc1c2c(O)n(CCCCCC(Nc2c(C)cccc2)=O)c1O
-23.07    -23.11     10.55      0.41      c1(C#N)cc(N2CCC(N=c3[nH]nc(C)cc3)CC2)ccc1
-31.20    -31.14      1.46      0.40      C(Cn1cnc2c1N=CNCC2O)COCCCCCCc1c(OC)cccc1
Human-Component   raw_Human-Component
0.383032888174057   0.383032888174057   
0.37976258993148804   0.37976258993148804   
0.40929654240608215   0.40929654240608215   
0.39401909708976746   0.39401909708976746   
0.4040062129497528   0.4040062129497528   
0.37400126457214355   0.37400126457214355   
0.39737918972969055   0.39737918972969055   
0.38233473896980286   0.38233473896980286   
0.4105800986289978   0.4105800986289978   
0.397573322057724   0.397573322057724   

14:24:07: local_reinforcement_logger.timestep_report +41: INFO     
 Step 17   Fraction valid SMILES: 100.0   Score: 0.3923   Time elapsed: 17   Time left: 31.2
  Agent     Prior     Target     Score     SMILES
-27.02    -27.31      5.34      0.40      N(=C1SC2CS(=O)(=O)CC2N1c1cccc(OC)c1)CCCC
-21.01    -21.07     14.18      0.43      C1(CO)C(C)OC1=O
-39.67    -39.85     -7.31      0.40      C12C(O)(CCCC1)CC1(OCCC)C(C2=O)CCCC1O
-18.30    -18.33     15.49      0.41      C1(c2ccccc2)CC(=O)C(C=NCCCOC)C(=O)C1
-31.40    -31.26     -0.16      0.38      O=S(=O)(N=c1ccc(C(N)=O)c[nH]1)c1ccc(NC(=O)Nc2ccc(Cl)cc2)cc1
-28.97    -28.90     -0.47      0.35      c1cc(NC(=O)CN(C)S(c2cc(C)c(OC)cc2)(=O)=O)ccc1S(N=C1NCCCCC1)(=O)=O
-30.94    -30.69     -1.18      0.36      Cc1c(F)cc(-c2ccc(C(NCCC(O)=O)=O)cc2)c(CNc2ccc(-c3ccc(Cl)cc3Cl)cc2)c1
-21.32    -21.30     11.99      0.41      c1ccc([N+]([O-])=O)c(N=c2scc(C)[nH]2)c1
-25.60    -25.63      6.07      0.39      c1cc2c(cc1)S(=O)(=O)NC2=c1c(O)c(O)c(=C2c3cc(F)ccc3N=C2C)c(O)c1O
-19.23    -19.31     13.97      0.41      c1ccc2c(c1)S(=O)(=O)c1cc(C(O)=O)ccc1O2
Human-Component   raw_Human-Component
0.398196280002594   0.398196280002594   
0.42987877130508423   0.42987877130508423   
0.3968929946422577   0.3968929946422577   
0.4125223159790039   0.4125223159790039   
0.3792840242385864   0.3792840242385864   
0.3467203676700592   0.3467203676700592   
0.35990068316459656   0.35990068316459656   
0.40605637431144714   0.40605637431144714   
0.38659560680389404   0.38659560680389404   
0.40581557154655457   0.40581557154655457   

14:24:08: local_reinforcement_logger.timestep_report +41: INFO     
 Step 18   Fraction valid SMILES: 96.9   Score: 0.3814   Time elapsed: 18   Time left: 30.3
  Agent     Prior     Target     Score     SMILES
-28.41    -28.48      5.20      0.41      N1(S(c2cc3c(cc2)N(C)C(=O)C3=C(C#N)C#N)=N)CCCC1
-21.91    -22.01     10.47      0.40      FC(F)(F)c1cc(NC(=O)CN)ccc1Cl
-43.52    -43.31    -12.65      0.37      n1c2c3c(c(C4=NN(C(=O)C)C(c5cccc(OCc6ccccc6)c5)OC4)ccc13)C=CCO2
-21.84    -21.68      9.04      0.37      c1(C)oc(-c2ccc(-c3ccccc3)cc2)nc1CN1CCN(C(=O)c2ccco2)CC1
-37.56    -37.51    -37.51      0.00      c1(C)c2c3c(n(C(=O)CC)n2)C(=O)C(N2CC2C)=CC(=O)C3=C1
-18.28    -18.36     14.34      0.40      CC(=O)N=c1[nH]c(C)c(C(OCC)=O)s1
-36.66    -36.54     -2.99      0.41      c1(C(c2ccc3c(c(N4CCN(C)CC4)cnc3N3CCc4c(cccc4)C3)c2)=O)ccccc1
-24.29    -24.30      7.87      0.39      CCNC(=O)c1c(C(O)=O)c(CSc2c(F)c(F)ccc2)no1
-23.41    -23.41      8.41      0.39      O=C(Nc1ccc(S(N(C)c2ccc(Cl)cc2)(=O)=O)cc1)CCl
-29.20    -29.22      5.08      0.42      c12c(cccc1)C(n1ncnc1)C(C1CC1)OC2
Human-Component   raw_Human-Component
0.410721093416214   0.410721093416214   
0.3961033821105957   0.3961033821105957   
0.37395238876342773   0.37395238876342773   
0.3746255040168762   0.3746255040168762   
0.0   0.0   
0.3988085687160492   0.3988085687160492   
0.4091508090496063   0.4091508090496063   
0.3923254907131195   0.3923254907131195   
0.3880404233932495   0.3880404233932495   
0.4182836711406708   0.4182836711406708   

14:24:09: local_reinforcement_logger.timestep_report +41: INFO     
 Step 19   Fraction valid SMILES: 100.0   Score: 0.3942   Time elapsed: 18   Time left: 27.9
  Agent     Prior     Target     Score     SMILES
-24.50    -24.71      7.49      0.39      c1c(C)c(F)cc(C(N2CCCC2C(O)=O)=O)c1
-26.92    -27.06      4.15      0.38      CC(c1ccccc1)NC(=O)Cn1c(=O)n(CCCC)c(=O)c2sccc12
-25.71    -25.67      5.73      0.38      c1c(OCCN(CC)CC)ccc(C(N2CCN(C(=O)OCC)CC2)=O)c1
-19.83    -20.01     13.56      0.41      n1ccc(C(F)(F)F)cc1N=c1cccc(C)[nH]1
-23.11    -23.00      8.51      0.38      c1(C(F)(F)F)cc(-c2cccc(Cl)c2)n(-c2ncc(S(C)(=O)=O)cc2)n1
-28.66    -28.81      2.93      0.39      c1c(NC(=O)Nc2cc(Cl)ccc2)ccc(C#Cc2c3c([nH][nH]c3=N)ccc2)c1
-31.05    -31.07     -1.09      0.37      c1cc2c([nH]c(C(Nc3cccc(C)c3)=O)c2-c2ccc(OC)cc2)nc1
-29.42    -29.52      3.23      0.40      c1cc(Cl)c(Cl)cc1C(CCN1CCC2(CC1)C[S+]([O-])c1c2cccc1)CNC(C)C
-21.87    -21.82     11.96      0.41      ON=C(O)NCCc1ccc(S(N)(=O)=O)cc1
-46.13    -46.21    -16.10      0.37      C1(c2cccc(NC(=S)NC(CC)c3ccc(Cl)cc3)c2)=NOC(C)(c2cc3ccccc3o2)C1
Human-Component   raw_Human-Component
0.39270561933517456   0.39270561933517456   
0.38050201535224915   0.38050201535224915   
0.382844477891922   0.382844477891922   
0.4093940556049347   0.4093940556049347   
0.38417327404022217   0.38417327404022217   
0.38711413741111755   0.38711413741111755   
0.36564698815345764   0.36564698815345764   
0.39933618903160095   0.39933618903160095   
0.41192594170570374   0.41192594170570374   
0.36721423268318176   0.36721423268318176   

14:24:10: local_reinforcement_logger.timestep_report +41: INFO     
 Step 20   Fraction valid SMILES: 96.9   Score: 0.3774   Time elapsed: 20   Time left: 28.6
  Agent     Prior     Target     Score     SMILES
-36.10    -35.91     -4.67      0.38      O=C(c1cc2c(ncc(Cl)c2)[nH]1)C(C#N)c1nc2c(cc(Cl)c(Cl)c2)[nH]1
-30.88    -30.92      1.87      0.40      C1(c2ccc(F)cc2)(CC)C(C=C)OC(=O)N1c1ccc(F)cc1
-40.74    -40.63     -9.13      0.38      s1c(Cl)cc2c1C(c1ccccc1)=Nn1c(nnc1-c1cc3c(cccc3)nc1OC)S2
-27.05    -27.03      4.95      0.39      c12c(=O)c(C(=O)N3CCN(CCO)CC3)cn(CC)c1c(F)ccc2
-24.52    -24.65      7.91      0.40      c1cc(C(C=Cc2ccccc2)=O)ccc1NC(CCCCCCCCCCC)=O
-25.46    -25.38      7.19      0.40      c1(=O)cc(-c2ccc(OC)cc2)[nH]c2c1cc(CC(C)(C)C)cc2
-32.30    -32.03     -0.91      0.38      c1c(C(C)=O)c(F)ccc1-c1c(C(c2ccccc2)=O)c(O)c(O)n1CCN(CC)CC
-27.34    -27.19      3.22      0.37      c1cc(C)ccc1S(N(Cc1ccc(F)c(C(F)(F)F)c1)c1c(C2CCNCC2)cc(Cl)cc1)(=O)=O
-20.08    -20.21     13.37      0.41      c1c(Cl)ccc(Sc2c(CC)c3c([nH]c(=N)[nH]c3=N)[nH]2)c1
-42.43    -42.01    -11.22      0.38      c1ccc(N(CC)Cc2ccc(F)cc2)nc1-c1c(=O)[nH]c(N2CCCC2)nc1C(F)(F)F
Human-Component   raw_Human-Component
0.3810538947582245   0.3810538947582245   
0.3998952805995941   0.3998952805995941   
0.3841034173965454   0.3841034173965454   
0.3899145722389221   0.3899145722389221   
0.397115021944046   0.397115021944046   
0.3971194326877594   0.3971194326877594   
0.3794146180152893   0.3794146180152893   
0.3709118068218231   0.3709118068218231   
0.40946269035339355   0.40946269035339355   
0.3755320608615875   0.3755320608615875   

14:24:11: local_reinforcement_logger.timestep_report +41: INFO     
 Step 21   Fraction valid SMILES: 100.0   Score: 0.3901   Time elapsed: 21   Time left: 27.7
  Agent     Prior     Target     Score     SMILES
-25.57    -25.53      5.77      0.38      O=C(C=CC=Cc1ccc2c(c1)OCO2)C=Cc1nc2ccccc2n1Cc1ccccc1
-31.05    -31.25      2.17      0.41      Oc1cc2c(cc1)=C1Oc3c(O)c(C)cc(O)c3C=C1C=2
-29.03    -28.75      4.72      0.41      c1(Cn2cc(C(=S)NCC)ccc2=O)c(F)cccc1F
-38.11    -37.84     -6.29      0.38      c1(C(NCCCCCCCNC(=O)OC(C)(C)C)=O)sc(-c2c(OC)cc(C)cc2C)nc1C
-39.64    -39.50     -9.03      0.37      C(Cc1ccc(Cl)cc1Cl)N(C)c1nc2c([nH]c1=NS(c1cc(F)ccc1)(=O)=O)cccc2
-24.76    -24.78      7.22      0.39      N1(Cc2ncccc2C)Cc2nc(Cn3nccc3)cn2CC1
-21.60    -21.37      8.67      0.37      c1c(C#N)ccc(C2C3=C(CCC3=O)N(c3cc(C(F)(F)F)ccc3)C(=O)N2CC(N2CCS(=O)(=O)CC2)=O)c1
-27.80    -27.74      2.98      0.37      c1cc2c([nH]c(C)cc2=Nc2cc(N)cc(CN(CC)CC)c2)cc1[N+](=O)[O-]
-36.19    -36.08     -4.42      0.39      n1(C)ccc(CN(C(NC(C)C)=O)C2CCN(C3CCCCCC3)C2)n1
-39.09    -38.81     -8.70      0.37      c1c(CN2C(=O)C3C(CN(C(c4c(C)c(O)ccc4)=O)C3)C2)c(-n2cccn2)ccc1F
Human-Component   raw_Human-Component
0.381631076335907   0.381631076335907   
0.40750429034233093   0.40750429034233093   
0.40815067291259766   0.40815067291259766   
0.3847697973251343   0.3847697973251343   
0.3716921806335449   0.3716921806335449   
0.39019909501075745   0.39019909501075745   
0.36635828018188477   0.36635828018188477   
0.3747149109840393   0.3747149109840393   
0.3860863745212555   0.3860863745212555   
0.367143452167511   0.367143452167511   

14:24:12: local_reinforcement_logger.timestep_report +41: INFO     
 Step 22   Fraction valid SMILES: 100.0   Score: 0.3931   Time elapsed: 22   Time left: 26.8
  Agent     Prior     Target     Score     SMILES
-18.45    -18.41     16.81      0.43      c1c(-c2ccc(Br)cc2)[nH]c(=S)[nH]1
-28.45    -28.64      3.50      0.39      C(CCC)CNC(n1c(=O)c2c(cc1)cccc2)=S
-40.26    -39.96    -10.43      0.36      Clc1c(Cl)cc(-n2nnc(Cn3c(-c4ccc(S(N)(=O)=O)cc4)ncc3C(=O)OCC)c2)c(C(=O)O)c1
-32.98    -33.17     -2.66      0.37      C(OC)c1ccc(C(F)(F)F)cc1NC(NCc1cnc(=N)[nH]c1)=O
-34.96    -34.68     -2.01      0.40      c1(N2C3(CCN(Cc4cc(C#N)ccc4C)CC3)C(=O)NC2)c(F)cc(C#N)cc1
-22.29    -22.31     10.09      0.40      c12c([nH]cc1-c1[nH]c(=NC(=N)N)sc1)cc(OC)cc2
-20.17    -20.30     13.28      0.41      C(Nc1ccccc1F)(=O)C=Cc1ccccc1
-19.65    -19.82     14.01      0.41      O1C(c2ccccc2)(C)OOC12CCCCC2
-39.73    -39.71     -8.26      0.38      O=C(CN1CCCCC1)N1c2c(C(=O)c3ccccc3)cnn2-c2ccc(OC)cc2N1
-23.02    -23.19      9.39      0.40      c1(Oc2c(Cl)cc(S(=O)(N=c3ccc(F)c[nH]3)=O)c(F)c2)ccc(F)cc1
Human-Component   raw_Human-Component
0.42950239777565   0.42950239777565   
0.39191585779190063   0.39191585779190063   
0.3601457178592682   0.3601457178592682   
0.3720499277114868   0.3720499277114868   
0.3983690142631531   0.3983690142631531   
0.39507147669792175   0.39507147669792175   
0.40949779748916626   0.40949779748916626   
0.4124937355518341   0.4124937355518341   
0.3835727870464325   0.3835727870464325   
0.3973557651042938   0.3973557651042938   

14:24:13: local_reinforcement_logger.timestep_report +41: INFO     
 Step 23   Fraction valid SMILES: 100.0   Score: 0.3927   Time elapsed: 23   Time left: 25.9
  Agent     Prior     Target     Score     SMILES
-25.08    -25.79      6.92      0.40      C1(=O)N(CCCCCCCC)CCCCC1NC(c1ccccc1)=O
-27.14    -27.04      3.91      0.38      n1c(=NC(c2ccccc2C)=O)cc(N2CCC(C(C)C)CC2)[nH]c1
-20.35    -20.56     13.37      0.41      c1ccc(C2(CN)CCOCC2)c(C)c1
-25.08    -25.22      4.94      0.37      c1cccc(C)c1-c1nc(C(=O)Nc2c(=O)n(C3CCCCC3)n(C)c2C)c(C(F)(F)F)o1
-29.41    -29.49      1.54      0.38      C1C2(C)C(CCC3(C)C2CCC2C4C(C(=O)OCC=C)(CCC23C)CCC4C(=C)C)C2(C)CCC(OC(=O)C)C(C)(C)C2C1
-28.79    -29.10      3.14      0.39      c12c(cc(OC)cc1OC)c(=O)n(CCC(O)=O)cc2
-25.17    -25.30      8.49      0.41      c1ccccc1CN(CCCl)c1cnccn1
-23.78    -24.15      8.81      0.40      C1N(c2c(C)ccc(C)c2)CCN(Cc2[nH]c3c(n2)cc(Cl)cc3)C1
-20.28    -20.28     12.66      0.40      c1c(C(=O)N=c2scc(-c3ccccn3)[nH]2)oc(Br)c1
-22.35    -22.42      9.62      0.39      C1C(CNC(NN=Cc2cccs2)=S)CCCC1
Human-Component   raw_Human-Component
0.39892348647117615   0.39892348647117615   
0.3775348365306854   0.3775348365306854   
0.4137485921382904   0.4137485921382904   
0.36780744791030884   0.36780744791030884   
0.37843555212020874   0.37843555212020874   
0.3932528793811798   0.3932528793811798   
0.4120178818702698   0.4120178818702698   
0.40197673439979553   0.40197673439979553   
0.40172144770622253   0.40172144770622253   
0.39076516032218933   0.39076516032218933   

14:24:14: local_reinforcement_logger.timestep_report +41: INFO     
 Step 24   Fraction valid SMILES: 93.8   Score: 0.3654   Time elapsed: 24   Time left: 25.0
  Agent     Prior     Target     Score     SMILES
-20.13    -20.36     13.82      0.42      CC(C)n1c(=O)[nH]c(=O)cc1C
-23.40    -23.54      6.31      0.36      c1ccc(NC(CCn2nc(C)c3c(nn(-c4ccccc4)c3C)c2=O)=O)cc1OC
-42.54    -42.67    -13.23      0.36      C12(CC(NC(c3nc(C(N)Cc4cc(Cl)c(F)cc4)ccc3)=O)CCC1)CCCCC2
-25.04    -25.16    -25.16      0.00      c1ccc2c(c1)NC=c1c(nc(OC)cc1=O)=N2
-49.74    -49.91    -18.98      0.38      O=C(c1ccc(-c2nn(C)c(C3(c4ccccc4)CC3)n2)nc1N1CCc2nc(CS(=O)(=O)N)cn2CC1)NC
-38.26    -38.22     -5.58      0.40      O=C1CCN2c3c(cc([N+]([O-])=O)cc3)NC(=O)C2C1(O)CS
-27.16    -27.37      6.11      0.41      c1(=O)n(C)c2cc(-c3cc4c(cc3)OCCO4)ccc2n1CCN1CCCCC1
-26.60    -26.73      5.90      0.40      c12ccccc1S(=O)(=O)N(CCCCCCNS(c1ccc3c(cccc3)c1)(=O)=O)C2=O
-31.07    -31.34     -0.12      0.38      c1(F)c(Oc2sc3ccccc3n2)cc2sc(=NC(C)=O)[nH]c2c1
-20.94    -21.32     13.58      0.43      C1N(C)CCN(CCOc2ccccc2[N+](=O)[O-])C1
Human-Component   raw_Human-Component
0.4167936444282532   0.4167936444282532   
0.36406683921813965   0.36406683921813965   
0.3590658903121948   0.3590658903121948   
0.0   0.0   
0.3771745562553406   0.3771745562553406   
0.3980506360530853   0.3980506360530853   
0.4083075225353241   0.4083075225353241   
0.3979725241661072   0.3979725241661072   
0.38067522644996643   0.38067522644996643   
0.4256405234336853   0.4256405234336853   

14:24:15: local_reinforcement_logger.timestep_report +41: INFO     
 Step 25   Fraction valid SMILES: 96.9   Score: 0.3766   Time elapsed: 25   Time left: 24.0
  Agent     Prior     Target     Score     SMILES
-31.53    -31.18      1.67      0.40      C1C(F)(F)CCC(c2ccc(-c3nc4c([nH]3)ccc(-c3nc5ccccc5[nH]3)c4)cc2)(N)C1
-23.34    -23.34      9.13      0.40      CC1=C(C)Cc2c(c(O)n(-c3ccc(OC(=O)C)cc3)c2O)C1
-35.76    -35.53     -5.58      0.37      C1CCC(NC(N2C(Oc3ccc(F)cc3)C(CC)(CC(OCC)=O)C2=O)=O)C(C(C)C)C1
-26.90    -26.87      2.83      0.36      O=C(C1C(OC)C(F)CN1C(=O)Cn1nc(C(C)=O)c2c1cncc2)NCc1c(F)c(Cl)ccc1
-29.13    -29.19      0.68      0.36      c1cc(COc2ccc(C(NN=Cc3cc(Cl)c(OCC(=O)O)c(OC)c3)=O)cc2)ccc1
-22.00    -21.90      9.67      0.38      n1(-c2ccc(OCC)cc2)c(=O)c2c(cccc2)nc1CCN1C(=O)c2ccccc2C1=O
-24.64    -24.43      7.57      0.39      n12nc(-c3cccs3)cc1[nH]c(-c1ccc([N+](=O)[O-])cc1)cc2=O
-31.00    -31.05      3.22      0.42      [N+](=NC(=CCC)c1ccccc1CCl)=[N-]
-28.64    -28.67      1.43      0.37      O=C(c1c(=Nc2cccc(C)c2)[nH]ccc1C)NCc1ccccc1
-18.45    -18.65     14.69      0.41      N1(CCCCOc2cc3c(cc2)c(=O)cc(-c2ccccc2)o3)CCCCC1
Human-Component   raw_Human-Component
0.4006534516811371   0.4006534516811371   
0.39608049392700195   0.39608049392700195   
0.36517858505249023   0.36517858505249023   
0.3621490001678467   0.3621490001678467   
0.364262193441391   0.364262193441391   
0.3849988281726837   0.3849988281726837   
0.3901847302913666   0.3901847302913666   
0.41787028312683105   0.41787028312683105   
0.36711373925209045   0.36711373925209045   
0.4065835773944855   0.4065835773944855   

14:24:16: local_reinforcement_logger.timestep_report +41: INFO     
 Step 26   Fraction valid SMILES: 100.0   Score: 0.3849   Time elapsed: 26   Time left: 23.1
  Agent     Prior     Target     Score     SMILES
-33.38    -33.20     -3.46      0.36      N(C(c1nn(-c2cc(C)cc(C)c2)c(=O)cn1)O)NC(=S)NCc1ccccc1
-34.65    -34.78     -2.87      0.39      N(C)=c1cc(CCCCOc2nc(C)cc(C)n2)nc(-c2c(O)cccc2)[nH]1
-51.34    -51.05    -20.40      0.37      c1cc(-c2c(S(N)(=O)=O)cc(Cn3c(-c4ccc(CCN5CCOCC5)cc4)c4c(ccn(Cc5ccccc5)c4=O)c3)cc2)cc(C(=O)O)c1
-25.95    -25.81      4.82      0.37      c1ccc(-n2[nH]c(=C)c(=Cc3ccccc3OC(=O)c3occc3)c2=O)cc1
-18.35    -18.60     14.46      0.40      c1cccc(-c2oc(SCc3ccccc3F)nn2)c1
-27.94    -28.13      1.39      0.36      Clc1ccc(S(=O)(=O)N(Cc2ccc(C(NCc3ccccn3)=O)cc2)C(C)C)cc1
-18.95    -18.70     15.75      0.42      OC(c1ccc(-c2cn[nH]c2)cc1)=O
-30.34    -30.52      1.53      0.39      C1(Cn2c(C)nc(C)n2)CN(Cc2[nH]c3c(cn[nH]3)c(=O)c2)CC1
-42.97    -42.79    -12.20      0.37      c1ccccc1-c1ccc(CC(CC(=NO)O)C(=O)NC(C(NCc2cccc3[nH]ccc32)=O)CCCCNC(=O)OC(C)(C)C)cc1
-26.78    -26.75      3.91      0.37      c12n(cnc3[nH]ccc13)cc(C(Nc1c(F)cccc1)=O)n2
Human-Component   raw_Human-Component
0.362699031829834   0.362699031829834   
0.3891651928424835   0.3891651928424835   
0.3737802505493164   0.3737802505493164   
0.3736127018928528   0.3736127018928528   
0.40315163135528564   0.40315163135528564   
0.3599901497364044   0.3599901497364044   
0.4202308654785156   0.4202308654785156   
0.3908621370792389   0.3908621370792389   
0.37295398116111755   0.37295398116111755   
0.3738842010498047   0.3738842010498047   

14:24:17: local_reinforcement_logger.timestep_report +41: INFO     
 Step 27   Fraction valid SMILES: 100.0   Score: 0.3791   Time elapsed: 26   Time left: 21.4
  Agent     Prior     Target     Score     SMILES
-54.30    -54.51    -24.68      0.36      n1cc(OCCc2ccccn2)cc(C(NC(CC(C)C)C(CC(C)C(=O)N2CCN(C)CC2)C(C)C)O)c1
-26.52    -26.75      5.67      0.40      c1(=Cc2c(OC)c(OC)c(OC)cc2)[nH]c(=C)c(C#N)c1O
-27.60    -27.49      5.65      0.40      c1(=NCC=C)[nH]c(CO)c2c([nH][nH]c2=N)c1C#N
-26.23    -26.23      8.58      0.42      c1c2c(ccc1)CCN(CCC(=O)C1C(=O)CCCC1=O)C2
-28.28    -28.35      3.95      0.39      c1cc(Br)ccc1N=C1SC(=Cc2ccc(OCc3cccc(F)c3)cc2)C(=O)N1
-35.85    -35.63     -4.92      0.37      c1cccc(C2C(C(=O)Nc3cc4cnn(CCCNC(N)=O)c4cc3)C(CO)=CC(C)=C2)c1
-32.56    -32.64     -2.13      0.37      c1(NC(=O)c2cc(CC)ccn2)cc(Nc2cc3c(cccc3)cc2C(=O)N)ccc1
-21.70    -22.06     12.35      0.42      c1(Oc2ccccc2)ccc(OC2C(O)CNCC2)cc1
-32.52    -32.55     -1.12      0.38      c1cc(NC(=O)Nc2c(Cl)cccc2)c2c(c1)cc(S(=O)(NC(=O)C)=O)cc2
-23.19    -23.27      8.64      0.39      c12c(cc3c(=O)c(S(=O)(=O)c4ccc(C(C)C)cc4)c(O)[nH]c3c1)OCO2
Human-Component   raw_Human-Component
0.36381563544273376   0.36381563544273376   
0.39540085196495056   0.39540085196495056   
0.40416091680526733   0.40416091680526733   
0.4244648516178131   0.4244648516178131   
0.39386072754859924   0.39386072754859924   
0.37459516525268555   0.37459516525268555   
0.3721471428871155   0.3721471428871155   
0.4196073114871979   0.4196073114871979   
0.38327911496162415   0.38327911496162415   
0.3891398310661316   0.3891398310661316   

14:24:17: local_reinforcement_logger.timestep_report +41: INFO     
 Step 28   Fraction valid SMILES: 96.9   Score: 0.3572   Time elapsed: 27   Time left: 20.5
  Agent     Prior     Target     Score     SMILES
-42.87    -42.62     -9.72      0.40      C(C(C1CCCC(OC)C1)O)(C1CCCCC1)OCC1OC(OC)C(O)C(O)C1O
-29.35    -29.51      2.82      0.39      N1(c2ccc(S(C)(=O)=O)cc2)C2=CSSC2C(=NOCC)C1=O
-33.48    -33.64     -1.78      0.39      C(C)C(c1ccc(C)cc1)NC(NC(c1c(C)occ1)=O)=S
-24.52    -24.57      8.98      0.41      COc1c(C(=O)N=c2[nH][nH]nn2)ccc(OC)n1
-25.52    -25.67      4.46      0.37      c1c(F)c(F)cc(N=c2[nH]c(O)c(CC(Nc3c(C)cccc3)=O)s2)c1
-47.45    -47.35    -16.13      0.38      c1ccccc1C(=O)OC1C2(O)C(C(O)OC2)CC2(O)C1CC13OC1(C)C3C2
-26.23    -26.77      6.24      0.40      C1CC2(CCC1)Cc1c(cc(C(F)(F)F)cn1)C2=O
-27.07    -27.04      5.62      0.40      C12CC3CC(C1)CC(NC(=O)C(C)Sc1n[nH]c(=O)[nH]1)(C2)C3
-18.57    -19.26     17.21      0.44      CCC1=CCCCC1
-48.06    -49.06    -18.64      0.37      C1=CCC2Cn3c(C(NCCO)=O)c(COCC)c4c3c(n12)c(N1CCOCC1)nc4
Human-Component   raw_Human-Component
0.4013192355632782   0.4013192355632782   
0.3942883014678955   0.3942883014678955   
0.38860180974006653   0.38860180974006653   
0.4091825783252716   0.4091825783252716   
0.3673921525478363   0.3673921525478363   
0.3808329105377197   0.3808329105377197   
0.4025430679321289   0.4025430679321289   
0.3982974588871002   0.3982974588871002   
0.44478335976600647   0.44478335976600647   
0.3710082471370697   0.3710082471370697   

14:24:18: local_reinforcement_logger.timestep_report +41: INFO     
 Step 29   Fraction valid SMILES: 96.9   Score: 0.3641   Time elapsed: 28   Time left: 19.6
  Agent     Prior     Target     Score     SMILES
-20.50    -20.89     12.75      0.41      c12c(cc(OC)cc1)C(c1ccc(O)cc1)=CC(C)(C)O2
-34.15    -34.25    -34.25      0.00      C(OC(C)=O)CS(NC(C1CCN(c2nc(C)c(C(=O)CCC)cc2C#N)CC1)(=O)=O)=O
-22.12    -22.01     10.06      0.39      N(C)(CCn1c(O)c(O)c(C(=O)c2ccc3c(c2)CC(C)O3)c1-c1ccc(C)cc1)C
-45.16    -44.46    -14.29      0.37      c1(C(=O)N2CC(C(=O)N3C(C(Nc4ccccc4CCCCCC(=O)OCC)=O)(C)CC3)C2)ccccc1
-45.62    -45.30    -15.88      0.36      [O-][n+]1c(CN(c2cc3c(nc2)cccc3)C2CC(C(NCc3ccc(F)cc3)=O)N(C(=O)C=Cc3cc(F)cc(F)c3)C2)cccc1
-33.12    -33.10     -0.30      0.40      c1nc2cc(C)c(S(CCCN3CCN(Cc4ccccc4)CC3)(=O)=O)cc2cc1
-30.46    -30.36     -1.67      0.35      N1(C(OCC)=O)CCN(C(=O)Cn2c(=O)c3c(sc(C)c3S(=O)(=O)N3CCN(c4cc(C)ccc4)C(C)C3)nc2)CC1
-38.08    -38.31     -3.35      0.43      C[N+](C)(CCSCCOCC(C)N)COC
-24.88    -25.10      8.44      0.41      C12(C)CCC3C(C1CCC2(CO)C)CC=C1CC(=O)CCC13C
-29.11    -28.95      1.54      0.37      Clc1ccc(-c2nc3sc(C)cn3c2C=NN(C)S(=O)(=O)c2c(C)ccc([N+]([O-])=O)c2)cc1
Human-Component   raw_Human-Component
0.41031500697135925   0.41031500697135925   
0.0   0.0   
0.39110100269317627   0.39110100269317627   
0.3679804801940918   0.3679804801940918   
0.35876938700675964   0.35876938700675964   
0.40002357959747314   0.40002357959747314   
0.3498876094818115   0.3498876094818115   
0.4263642728328705   0.4263642728328705   
0.40905898809432983   0.40905898809432983   
0.3718074560165405   0.3718074560165405   

14:24:19: local_reinforcement_logger.timestep_report +41: INFO     
 Step 30   Fraction valid SMILES: 100.0   Score: 0.3777   Time elapsed: 29   Time left: 18.7
  Agent     Prior     Target     Score     SMILES
-24.52    -24.48      6.60      0.38      o1c(-c2cccc(OC)c2)cc(C(=O)Nc2ccc(F)cc2)c1
-29.91    -29.76      5.09      0.42      N1(CCc2ccc(-c3c(Cl)cccc3)cc2)CC=CCC(O)C1
-31.12    -31.35     -0.61      0.37      C(c1ccccn1)C(C)c1nc(=Nc2ccc(C#N)cc2)[nH]cc1C
-32.98    -32.48     -1.97      0.37      c1ccc2c([nH]c3cc4c(ccc(OC)c4)c(C(NCCN(C)C)=O)c32)c1C
-20.35    -20.51     10.78      0.38      n1c(SCC(NCc2cc3c(cc2)OCO3)=O)[nH]ccc1=O
-21.15    -21.53      8.67      0.37      c1ccc(C=NN=c2[nH]cc(Cl)c(=Nc3c(S(=O)(=O)C(C)C)cccc3)[nH]2)c(F)c1
-21.12    -21.41     12.00      0.41      c1csc(C2c3cc(Cl)ccc3NC(=O)C=N2)c1
-40.02    -39.33    -10.61      0.35      c1(-c2ccc(NC(=O)c3n(-c4cc(CN)ccc4)nc(C(F)(F)F)c3)c(C)c2)[nH]c2c(c(=O)n1)ccc(C)c2
-28.58    -28.52      3.40      0.39      Clc1cc(C(=N)NOC(=O)c2ccccc2)c2c(cccc2)c1
-25.87    -26.03      6.87      0.40      n1c(SCCCCCSc2nc(-c3ccccc3)c(-c3ccccc3)[nH]2)cccc1Br
Human-Component   raw_Human-Component
0.3790213167667389   0.3790213167667389   
0.42491090297698975   0.42491090297698975   
0.37492606043815613   0.37492606043815613   
0.37211450934410095   0.37211450934410095   
0.38154664635658264   0.38154664635658264   
0.3683089017868042   0.3683089017868042   
0.4074309766292572   0.4074309766292572   
0.35030752420425415   0.35030752420425415   
0.3892754912376404   0.3892754912376404   
0.40119510889053345   0.40119510889053345   

14:24:21: local_reinforcement_logger.timestep_report +41: INFO     
 Step 31   Fraction valid SMILES: 100.0   Score: 0.4002   Time elapsed: 31   Time left: 18.4
  Agent     Prior     Target     Score     SMILES
-19.65    -19.93     13.92      0.41      C(N=c1[nH]c(=Nc2ccccc2)[nH]c(=Nc2ccc(F)cc2)[nH]1)CC
-29.02    -29.91      4.15      0.42      C(O)C1CN(c2ncc(C#N)cc2)CCC1(O)Cc1ccccc1
-24.16    -24.57      7.97      0.40      n1c(N2CCOCC2)nc(Oc2ccccc2C#N)nc1
-19.53    -19.80     12.92      0.40      c1c(Cl)c(Cc2ccc(CC)cc2)cc(C2C(O)C(O)C(O)C(CO)O2)c1O
-36.43    -35.68     -3.56      0.39      c1(C(C)NC(N(C2CCCCC2)C)=O)sc2c(c(Cl)ccc2Cl)c1Cl
-35.88    -35.72     -2.47      0.41      OC(N=C(N)N)c1ncccc1-c1cccnc1
-26.41    -26.94      6.00      0.40      c1cccc(C2(O)CCN(C(C)COCc3ccc(OC)cc3)CC2)c1
-29.57    -29.14      4.42      0.41      c1c(C(NC(=O)C2CCN(CCCc3ccccc3)CC2)c2ccc3c(cccc3)c2)ccc(Cl)c1Cl
-24.75    -25.08      5.95      0.38      C1N(c2nc(=Nc3ccccc3C)[nH]c(=Nc3ccc(N=c4cc[nH]c5cc(Cl)ccc45)cc3)[nH]2)CCNC1
-21.28    -21.62     12.14      0.41      n1oc(C)c(-c2ccc(C3CNCCO3)cc2)c1C
Human-Component   raw_Human-Component
0.4127904176712036   0.4127904176712036   
0.4152565598487854   0.4152565598487854   
0.3968084454536438   0.3968084454536438   
0.39899522066116333   0.39899522066116333   
0.3917370140552521   0.3917370140552521   
0.4055161774158478   0.4055161774158478   
0.40177106857299805   0.40177106857299805   
0.40938207507133484   0.40938207507133484   
0.3785042464733124   0.3785042464733124   
0.4116465747356415   0.4116465747356415   

14:24:22: local_reinforcement_logger.timestep_report +41: INFO     
 Step 32   Fraction valid SMILES: 93.8   Score: 0.3702   Time elapsed: 32   Time left: 17.5
  Agent     Prior     Target     Score     SMILES
-23.88    -24.06      7.79      0.39      O=C(C1=C(C)N=C(C)C(C(=O)OCC)C1c1cccc(F)c1)OC(C)C
-27.61    -27.96      2.56      0.37      c1cc(NC(Nc2ccc(OC(F)(F)F)cc2)=O)cc(F)c1Oc1ncnc2c1cc(OC)cn2
-22.08    -22.16      9.84      0.39      [nH]1c(=Nc2ccc(C)cc2)nc(N2CCOCC2)c2c1cccc2
-23.93    -23.91      9.09      0.40      N1CC2CN(C(=O)c3ccc(SC)cc3)CC2C1=O
-40.12    -39.53     -8.66      0.38      C(CC(=O)NC(C(NC(CC1CCCCC1)C(=O)NC(CCCN=C(N)N)C=O)=O)CC1CCCCC1)C(=O)N=Cc1ccccc1
-21.54    -22.22     13.86      0.44      C1CC23CN(CC2)CC3CCC1
-67.75    -67.54    -67.54      0.00      c1(Br)ccc(C(Nc2c(OCc3[nH]c(=NCc4cc(C)ccc4)nc(=NC)[nH]3)ccc(C3CCN(Cc4ccc(C#N)cc4)CC3)c2)=O)nc1
-30.35    -30.61      3.52      0.42      C1(O)C(O)C(O)C(O)C2OC(c3ccccc3)OC(CCl)=C12
-23.35    -23.82      9.64      0.41      C12(CCN(c3cccnc3)C1=O)CCN(CC1CCC1)CC2
-30.55    -30.26      1.29      0.38      CC(CC(c1noc(C)n1)NC(c1cc2cnccc2[nH]1)=O)C
Human-Component   raw_Human-Component
0.38838449120521545   0.38838449120521545   
0.37224146723747253   0.37224146723747253   
0.3902261555194855   0.3902261555194855   
0.4025178849697113   0.4025178849697113   
0.3764113187789917   0.3764113187789917   
0.4400409460067749   0.4400409460067749   
0.0   0.0   
0.4162804186344147   0.4162804186344147   
0.4080698490142822   0.4080698490142822   
0.38475096225738525   0.38475096225738525   

14:24:22: local_reinforcement_logger.timestep_report +41: INFO     
 Step 33   Fraction valid SMILES: 100.0   Score: 0.3944   Time elapsed: 32   Time left: 16.0
  Agent     Prior     Target     Score     SMILES
-36.93    -37.32     -7.39      0.36      c12ccccc1n(C(C)c1ccc3oc(CCCCc4n[nH]c(=NC(=O)C)s4)nc3c1)c(=O)s2
-21.08    -20.72     11.72      0.40      c1(C(CCN(Cc2ccccc2)C(C)C)=O)occc1
-21.76    -21.80     10.23      0.39      c1cc(-c2n(-c3ccc(CC)cc3)c(CCC(=O)O)cc2)ccc1
-30.74    -31.24     -0.46      0.38      c12c(cccc1)N(c1ccccc1)CC21CCN(C(=S)Nc2ccccc2C)CC1
-25.99    -25.20      7.93      0.40      n1c(CN2CC(Cn3ncnc3)Cn3ccnc3C2)csc1C1CC1
-34.55    -34.64     -3.17      0.38      c1(OCc2cc(OCc3ccccc3)cc(N)c2)cc(C(=O)OC)cc(C(OC)=O)c1
-27.23    -27.33      5.00      0.39      c1(N=Nc2c(C)nn(C(c3ccc(O)cc3)=O)c2C)ccc(Cl)cc1
-21.37    -21.34     10.32      0.39      n1c(N(CCOc2ccc(Cc3c(O)[nH]c(=O)s3)cc2)C)c(C)ccc1
-31.71    -31.48     -1.44      0.37      N(C(CC)CC)C(CSc1c(C(=O)N2CCN(c3ccccc3)CC2)cccn1)=O
-24.50    -24.45      9.92      0.42      c1(C2CC2)n(Cc2ccc(C(C)C)cc2)c2c(cccc2)n1
Human-Component   raw_Human-Component
0.3649625778198242   0.3649625778198242   
0.39561283588409424   0.39561283588409424   
0.39067062735557556   0.39067062735557556   
0.3754284679889679   0.3754284679889679   
0.4039844572544098   0.4039844572544098   
0.3837845027446747   0.3837845027446747   
0.3942537009716034   0.3942537009716034   
0.3861083984375   0.3861083984375   
0.3663571774959564   0.3663571774959564   
0.41910362243652344   0.41910362243652344   

14:24:23: local_reinforcement_logger.timestep_report +41: INFO     
 Step 34   Fraction valid SMILES: 100.0   Score: 0.3958   Time elapsed: 33   Time left: 15.1
  Agent     Prior     Target     Score     SMILES
-38.65    -38.60     -6.48      0.39      C1COCCC1N1CC2(c3sc(F)c(Oc4ccc(F)cc4)c3)C(C(=O)N(C)C(N)=N2)C1
-33.28    -34.00     -1.39      0.40      C1CCC(CN(C)S(=O)(C)=O)N1c1sc(C)c(-c2ccc(C)cc2)n1
-18.14    -18.40     15.96      0.42      c1(SN2CCOCC2)ccc(C)cc1
-28.37    -29.69      2.06      0.39      c1oc2ccccc2c1Cc1ccc(F)c(C(OC)=O)c1
-33.09    -32.89     -0.92      0.39      c1ccc(N(CC)C(C)=O)nc1N1CCC2(C(=O)NCC2)C1
-24.23    -24.17     10.28      0.42      c1(-c2scc(CN3Cc4c(cnc(CC)n4)CC3)n2)nccnc1
-28.16    -28.39      4.86      0.41      Fc1c2c(c(=N)[nH]c(N3CCC(c4ccccc4)CC3)n2)c(Cl)cc1
-25.84    -25.62      5.26      0.38      c1cc2nc3c(c(=O)n2cc1NC(Nc1ccc(Cl)cc1)=O)cccc3
-22.91    -22.17     10.93      0.40      c1cc(C=CC(NC2CC3CCC2(C)C3(C)C)=O)ccc1Cl
-33.33    -32.88     -1.08      0.39      c1(C)cc(=NC(=O)COc2cc(Cl)c(CNCCN3CCOCC3)cc2OC)[nH][nH]1
Human-Component   raw_Human-Component
0.3917957842350006   0.3917957842350006   
0.3976348340511322   0.3976348340511322   
0.41894593834877014   0.41894593834877014   
0.38721543550491333   0.38721543550491333   
0.38990211486816406   0.38990211486816406   
0.42006251215934753   0.42006251215934753   
0.4055417776107788   0.4055417776107788   
0.37654104828834534   0.37654104828834534   
0.4036913514137268   0.4036913514137268   
0.38781052827835083   0.38781052827835083   

14:24:24: local_reinforcement_logger.timestep_report +41: INFO     
 Step 35   Fraction valid SMILES: 96.9   Score: 0.3756   Time elapsed: 34   Time left: 14.2
  Agent     Prior     Target     Score     SMILES
-49.50    -49.34    -16.93      0.40      C=C1COC2(SC1NCCCNC(OC(C)(C)C)=O)C1C(C)(C)C(C2)CC1
-17.38    -17.92     17.33      0.43      O=C1NC(=S)NC(=O)C1(CC)CCC
-26.68    -26.63      4.09      0.37      c1(C(Nc2cc(OC)ccc2)=O)[nH]c2c(C)ccc(C)c2c(=O)c1
-27.64    -27.86      3.31      0.38      N(C)(c1ccc(Cl)cc1)CC(NN=Cc1ccc(OC)cc1OC)=O
-23.05    -23.54      8.55      0.39      CN(C1CCN(C)CC1)C(c1cc(COc2cc(C)c(C)cc2)on1)=O
-20.78    -20.96     14.20      0.43      c1ncc2n1-c1c(cccc1)CC2
-20.92    -21.10     13.05      0.42      CN(Cc1ccccc1OC)CCc1c[nH]cn1
-23.15    -22.91     10.04      0.40      C(N(CC(O)COC(c1ccc(Cl)cc1)c1ccc(Cl)cc1)CC)C
-24.41    -24.76      8.18      0.40      c1(N2CCN(Cc3[nH]c4c(cc(OC)c(OC)c4)c(=O)n3)CC2)ccccn1
-36.88    -37.35    -37.35      0.00      c12c(OC)c3c(cc1OCO2)C(OC1CC(O)C(O)C(C)O1)C(C)(O)C(C)Cc1c2c(c(OC)c(OC)cc2)c(OC)c1C3
Human-Component   raw_Human-Component
0.39516109228134155   0.39516109228134155   
0.4299366772174835   0.4299366772174835   
0.37454161047935486   0.37454161047935486   
0.38013535737991333   0.38013535737991333   
0.39133650064468384   0.39133650064468384   
0.42872384190559387   0.42872384190559387   
0.4165194630622864   0.4165194630622864   
0.40178465843200684   0.40178465843200684   
0.4017002284526825   0.4017002284526825   
0.0   0.0   

14:24:25: local_reinforcement_logger.timestep_report +41: INFO     
 Step 36   Fraction valid SMILES: 100.0   Score: 0.3909   Time elapsed: 35   Time left: 13.2
  Agent     Prior     Target     Score     SMILES
-20.84    -20.49     11.18      0.39      C12(C(C#N)C(=N)N=C(SCC(c3ccccc3)=O)C1C#N)CCCCC2
-23.55    -23.42      9.13      0.40      c1c(-c2nc(CSc3nc4nc(C)cc(C)n4n3)c(C)o2)cccc1Cl
-29.73    -29.12      2.49      0.39      c1[nH]c(=NC(=O)c2c(NC(C3=C(C(=O)O)CCC3)=O)sc(C)c2C)sc1
-22.08    -22.47      9.69      0.39      N1(C(=O)Nc2ccc(C)cc2)CCN(CCN=CC2C(=O)CC(c3ccc(Cl)cc3)CC2=O)CC1
-30.14    -30.48      1.20      0.39      N1S(=O)(=O)c2c(cc(N3CCN(Cc4c(O)c(OCC)ccc4)CC3)cc2)OCC1
-29.65    -29.92      0.93      0.38      Fc1cc(C(=O)Nc2c(C)cccc2C)ccc1CC1CCCNC1
-24.68    -25.26      7.64      0.40      c1(=Nc2cnccc2N2CC(C)NC(C)C2)c(C(C2CC2)=O)c[nH]cn1
-34.00    -34.07     -3.48      0.37      FC(F)(c1cc(-c2cc(OC)ccc2)c(C)c(C(=O)NC(C(=O)O)CCCNC(N)=N)c1)F
-21.79    -21.94      8.24      0.37      c1ccc(C(OC)=O)c(-c2ccc(CN3C(CCCC)=NC4(CCCC4)C3=O)cc2)c1
-31.42    -31.56     -0.08      0.38      CC1CC(OCCc2cc3ccccc3cc2)C(NC(C)=O)C(OC)O1
Human-Component   raw_Human-Component
0.3861871659755707   0.3861871659755707   
0.39694640040397644   0.39694640040397644   
0.3854947090148926   0.3854947090148926   
0.39211559295654297   0.39211559295654297   
0.38631671667099   0.38631671667099   
0.3762505054473877   0.3762505054473877   
0.40113887190818787   0.40113887190818787   
0.3731248676776886   0.3731248676776886   
0.368013471364975   0.368013471364975   
0.3838813602924347   0.3838813602924347   

14:24:26: local_reinforcement_logger.timestep_report +41: INFO     
 Step 37   Fraction valid SMILES: 100.0   Score: 0.3813   Time elapsed: 36   Time left: 12.3
  Agent     Prior     Target     Score     SMILES
-22.95    -22.93     10.30      0.41      S1(=O)(=O)CC(N(C(C2CCCCC2)=O)CC(C)C)CC1
-40.34    -39.54     -8.38      0.38      O(CCCC(=O)N(CCCCC(OC)=O)Cc1ccc(Cl)cc1)c1cc2c(cc1)ccc(=O)o2
-34.53    -34.36     -1.44      0.40      c12cc(O)cc(C=C)c1C(=O)C=C([S+](C)[O-])C2=O
-31.72    -32.14      0.43      0.40      c12c(cc3c(c1)C(=O)OC3C)oc1c(O)c(OC)ccc21
-25.11    -25.47      8.00      0.41      C1N(c2ncnc3scc(-c4sccc4)c23)CCC(C)(C)C1
-29.58    -30.12    -30.12      0.00      c1(CCC(N(CCO)C)=O)c(C)cc(C)cc1C
-33.64    -32.88      0.41      0.41      c1ccc(-c2c(-c3cc(O)c(O)cc3)c3c(cc2)OCO3)c(OC)c1O
-20.64    -21.06     10.86      0.39      O=C1c2c(cccc2)-n2cnc(C(=O)OCC)c2C1=O
-26.75    -26.72      3.63      0.37      c1cc(Br)ccc1C(NCCc1n(C)c2c(cc(S(N3CCCC3)(=O)=O)cc2)n1)=O
-32.22    -31.95     -0.54      0.38      c1c(Cl)ccc(C2N(C(COC)=O)CCN=C2COc2cc(C)ccc2)c1
Human-Component   raw_Human-Component
0.4052022099494934   0.4052022099494934   
0.3800453841686249   0.3800453841686249   
0.40148475766181946   0.40148475766181946   
0.397266685962677   0.397266685962677   
0.40807822346687317   0.40807822346687317   
0.4129545986652374   0.4129545986652374   
0.4060244560241699   0.4060244560241699   
0.38933518528938293   0.38933518528938293   
0.3701803386211395   0.3701803386211395   
0.3830157518386841   0.3830157518386841   

14:24:27: local_reinforcement_logger.timestep_report +41: INFO     
 Step 38   Fraction valid SMILES: 96.9   Score: 0.3687   Time elapsed: 37   Time left: 11.4
  Agent     Prior     Target     Score     SMILES
-29.34    -28.38      0.35      0.35      c1c(C(=O)Nc2ccc(S(=O)(NCC3OCCC3)=O)cc2)c(=O)n2c(scc2)n1
-22.33    -22.11     12.75      0.43      NC(CCC(C(O)=O)NC(=O)CS)=O
-24.48    -23.95      7.50      0.38      c1cc(Cc2c3c(c(=O)[nH]n2)CCCC3)c(F)c(C(NCCN(C)C)=O)c1F
-40.05    -39.58     -9.20      0.37      C(n1c2c(c3cc(O)ccc13)C1C(C)(C(=O)OCCCC)CCCC1(C)c1c-2cc(C(C)C)c(Br)c1)CC
-27.83    -28.13      5.26      0.41      Oc1cc(O)cc(O)c1C(CCCCC)=Nc1cc(C)ccc1
-44.09    -43.26    -13.54      0.36      c1c(CCC(=O)CC(Cc2ccccc2)S(c2ccc(OS(=O)(=O)NC)cc2S(=O)(=O)c2ccccc2)(=O)=O)cccc1
-33.51    -33.81     -2.89      0.38      c1(-c2cccnc2)ccc(Cn2c(=O)ccn(CCOc3ccc(C)cc3)c2=O)cc1OCC
-19.89    -20.49     15.14      0.43      C1CCCN2C(CNCC2)C1
-27.47    -27.73      3.06      0.38      c1cnc2c(c3n(c(=NC(=O)C)[nH]2)nc(-c2ccc(F)cc2)c3)c1
-21.31    -21.24     10.68      0.39      O=c1n(CC(c2ccc(OC)cc2)=O)ccc(=N)[nH]1
Human-Component   raw_Human-Component
0.35034579038619995   0.35034579038619995   
0.4251193404197693   0.4251193404197693   
0.3835686445236206   0.3835686445236206   
0.37045231461524963   0.37045231461524963   
0.40711256861686707   0.40711256861686707   
0.3625132143497467   0.3625132143497467   
0.3769870698451996   0.3769870698451996   
0.4345889389514923   0.4345889389514923   
0.3755483627319336   0.3755483627319336   
0.38918474316596985   0.38918474316596985   

14:24:27: local_reinforcement_logger.timestep_report +41: INFO     
 Step 39   Fraction valid SMILES: 87.5   Score: 0.3471   Time elapsed: 37   Time left: 10.2
  Agent     Prior     Target     Score     SMILES
-29.53    -29.58      4.40      0.41      c12c(=O)c3c(oc1cccc2)cccc3C(F)(C(F)(F)F)F
-23.04    -22.73     10.86      0.41      Oc1ccc(CC(=O)NCCN2CCC(Cc3ccccc3)CC2)cc1
-40.20    -40.43    -10.17      0.37      c1c2c(nc(CN3C(=O)c4c(C(F)(F)F)nn(C)c4N4CCCC34)n2CCOC)ccc1
-25.42    -26.47      5.70      0.39      C1CN(Cc2cc(C)ccc2)CCC1NS(=O)(=O)c1cccc(Cl)c1
-20.62    -21.13     13.08      0.42      c1(C)nc(C#Cc2cnc(N3CCCCC3)cc2)ccc1
-59.68    -59.68    -59.68      0.00      C12CC3(C(F)(F)F)c4ccccc4OC34C(C)(C1)c1c(cc(CC)c(N=c3c5ccc(Cl)cc5[nH]c3)C1=O)CCCC24
-29.24    -29.02      0.85      0.36      Clc1cc(N=c2c3c(cc(OCCCN4CCOCC4)c(NC(O)c4ccc(OC)c(OC)c4)c3)nc[nH]2)ccc1F
-31.61    -31.33      0.13      0.38      c1(-c2ccc(Cl)cc2)c2c(nc3c1CC1(O)C4N(CC5CC5)CCC15c1c(ccc(O)c4OC35)C1)cccc2
-42.36    -41.33    -41.33      0.00      C12N(CC3CC3)CCC34c5c(ccc(O)c5OC3C1=OC1OC(CO)(OC1)C(OC)C(OC)C2)C4
-36.42    -35.26     -3.17      0.39      O(C1(CC(C(C)C)=O)C(C#N)C(SCC)=NC1=O)CC
Human-Component   raw_Human-Component
0.4143502116203308   0.4143502116203308   
0.40966033935546875   0.40966033935546875   
0.3690185844898224   0.3690185844898224   
0.3923104405403137   0.3923104405403137   
0.4171367287635803   0.4171367287635803   
0.0   0.0   
0.36431053280830383   0.36431053280830383   
0.3835884928703308   0.3835884928703308   
0.0   0.0   
0.39132219552993774   0.39132219552993774   

14:24:29: local_reinforcement_logger.timestep_report +41: INFO     
 Step 40   Fraction valid SMILES: 100.0   Score: 0.3850   Time elapsed: 38   Time left: 9.3
  Agent     Prior     Target     Score     SMILES
-39.74    -39.17     -7.51      0.39      c1(CN(C)CCCN=c2c3ccc(Cl)cc3[nH]cc2)c2c([nH]c3c2cccc3C(=O)OCC)ccc1
-24.49    -25.17     10.21      0.43      N=C(CC)C1CCCN1
-20.10    -20.83      9.96      0.38      C1(C)=NC(=O)NC(c2cn(-c3ccccc3)nc2C)C1C(=O)OC
-27.19    -27.63      3.76      0.38      N1(S(=O)(=O)c2ccccc2)CCN(CC(=O)Nc2c3c(ccc2)[nH]cc3)CC1
-41.22    -40.73    -11.57      0.36      c1(C)n(C)n(-c2ccccc2)c(=O)c1Cc1cccnc1C(C(OC)=O)(Cc1cc(C(F)(F)F)cc(C(F)(F)F)c1)C
-24.33    -24.89      8.23      0.40      C(CN1S(=O)(=O)c2c(cccc2)C1CC(O)=O)CCCCCCCC
-21.19    -21.15     12.39      0.41      COc1cc2c(cc1OC)CC1COC(=O)N1C2c1cc2c(cc1)OCO2
-24.16    -24.55      7.86      0.40      o1c(=O)cc(C)c2c1cc(OC1c3ccccc3C(=O)O1)cc2
-31.09    -31.17      1.83      0.40      C1(CN)CC(C(NCCc2nc[nH]c2)=O)CC(C)C1
-24.65    -24.18      8.00      0.39      C1(C(N)=O)n2nc(-c3ccc(Oc4ccccc4)cc3)c(C(N)=O)c2NC1
Human-Component   raw_Human-Component
0.38605424761772156   0.38605424761772156   
0.43144723773002625   0.43144723773002625   
0.3754726052284241   0.3754726052284241   
0.3828316628932953   0.3828316628932953   
0.35563740134239197   0.35563740134239197   
0.4039640724658966   0.4039640724658966   
0.4090467393398285   0.4090467393398285   
0.39525657892227173   0.39525657892227173   
0.40252333879470825   0.40252333879470825   
0.39244022965431213   0.39244022965431213   

14:24:30: local_reinforcement_logger.timestep_report +41: INFO     
 Step 41   Fraction valid SMILES: 100.0   Score: 0.3815   Time elapsed: 40   Time left: 8.6
  Agent     Prior     Target     Score     SMILES
-31.66    -31.54      1.44      0.40      c12c(scn1)nc(SCc1nn3c(C)cc(C)cc3n1)nn2
-26.23    -26.81      5.54      0.39      S(N=c1cc(C)[nH]o1)(=O)(c1c(Br)cccc1)=O
-25.51    -25.97      7.06      0.40      c1(CN(C)Cc2c(C)[nH]nc2)ccon1
-25.17    -25.69      7.16      0.40      c1(O)ccc(C=Nc2nc(C)nc3sccc32)cc1OC
-18.29    -19.22    -19.22      0.00      O(C)c1cc(C(OCC)=O)ccc1
-35.20    -35.12     -2.75      0.39      c1(C(O)=O)c(CCCCCCCCCCCCCCC)onc1-c1ccc(CC)cc1
-20.94    -20.86     11.19      0.39      c1(=Nc2ccc(C#N)cc2)[nH]c(=Nc2c(Br)cc(C)cc2C)[nH]c(=NCCO)[nH]1
-25.67    -25.98      6.52      0.40      c1cccc(CN(Cc2cc3cccc(C)c3n3nnnc32)Cc2ccncc2)c1
-26.12    -26.51      5.15      0.39      c1cccc(C(NC(OC)=O)C(Nc2cc(OC)ccc2)=O)c1
-22.03    -22.60     12.59      0.43      C(C)CCC(CC)CNS(=O)(C)=O
Human-Component   raw_Human-Component
0.40223178267478943   0.40223178267478943   
0.39454472064971924   0.39454472064971924   
0.40286165475845337   0.40286165475845337   
0.40053078532218933   0.40053078532218933   
0.4121272563934326   0.4121272563934326   
0.39473438262939453   0.39473438262939453   
0.3908052444458008   0.3908052444458008   
0.3963354527950287   0.3963354527950287   
0.38613924384117126   0.38613924384117126   
0.429257333278656   0.429257333278656   

14:24:31: local_reinforcement_logger.timestep_report +41: INFO     
 Step 42   Fraction valid SMILES: 100.0   Score: 0.3674   Time elapsed: 41   Time left: 7.6
  Agent     Prior     Target     Score     SMILES
-32.58    -32.42     -0.10      0.39      c1cc2nc3c([nH]c(=S)[nH]c3=O)n2nc1-c1cccc(C(F)(F)F)c1
-25.19    -25.81      7.27      0.40      C1CCCCC1=CCNCCC(c1ccc(F)cc1)c1ccc(F)cc1
-29.87    -30.67      3.09      0.41      c1(CN2COc3ccccc3C2)n(CCCCC)ccn1
-23.83    -24.33      8.54      0.40      Fc1cc(F)cc2ncn(-c3ccccc3)c(=O)c21
-29.68    -29.81      1.86      0.39      c1c(CC(=O)N2CCc3ccc(C(F)(F)F)cc3C2)nc(C)s1
-28.61    -28.37      3.03      0.38      c1c(Cl)ncc(C(C2CN(C(c3cc(CC)on3)=O)CCC2)=O)c1
-32.19    -32.47     -0.05      0.40      N1C2CCC1NC(=O)c1c3c(cccc32)n(Cc2ccc(C(F)(F)F)cc2)c1
-25.28    -26.46      6.97      0.41      c1(C2CCCN2CC)nc2ccccc2n1Cc1c(F)cccc1F
-24.36    -24.36      9.11      0.41      N#Cc1c(=N)[nH]c(-c2cc(Br)ccc2O)cc1-c1ccsc1
-27.76    -27.65      4.46      0.39      C12(CCN(C3CCC(CO)CC3)CC1)C(=O)N(C(C)C)CN2c1ccccc1
Human-Component   raw_Human-Component
0.394147664308548   0.394147664308548   
0.40340086817741394   0.40340086817741394   
0.4117279648780823   0.4117279648780823   
0.40082013607025146   0.40082013607025146   
0.38621214032173157   0.38621214032173157   
0.382943332195282   0.382943332195282   
0.39535245299339294   0.39535245299339294   
0.40775638818740845   0.40775638818740845   
0.4081553518772125   0.4081553518772125   
0.39162254333496094   0.39162254333496094   

14:24:32: local_reinforcement_logger.timestep_report +41: INFO     
 Step 43   Fraction valid SMILES: 96.9   Score: 0.3655   Time elapsed: 42   Time left: 6.7
  Agent     Prior     Target     Score     SMILES
-40.82    -40.65    -10.70      0.37      CC(C)CNS(=O)(=O)c1ccc2c3c(cc(NC(NNC(c4ccncc4)=O)=O)cc31)CCC2C
-16.99    -18.06     15.04      0.40      C1CN(CCOC(c2cc(Cl)c(N)cc2OC)=O)CCC1
-20.28    -20.25     12.56      0.40      c1c(Br)ccc2c(N3CCOCC3)cc(C)nc12
-27.03    -26.72      5.51      0.39      [nH]1c2ccccc2c2c(C)nn(Cc3c(C)c(C(F)(F)F)ccc3)c(=O)c12
-27.41    -27.48      3.08      0.37      C1N(c2[nH]c(N3CCOCC3)nc(=NN=Cc3ccc(OC)c(OC)c3)n2)CCCC1CO
-33.12    -33.32     -0.82      0.40      c1cc(Br)ccc1Nc1cc(C[N+](C)(C)C)c2ccccc2n1
-26.27    -26.57      5.41      0.39      c1c(OCC)c(C2OC(=O)CC(O)(C)C2)ccc1
-29.11    -29.40      5.51      0.43      c1cc2ccc(-c3ccc(OC)cc3)nc2c(CF)c1
-17.96    -18.41     16.15      0.42      COc1cc(C2=NNC(=O)CC2)ccc1
-30.36    -30.59      1.90      0.40      c1c(Oc2cc3c(cc2)CCC2C3CCC3(C)C2CCC3(C#N)C)cccc1
Human-Component   raw_Human-Component
0.3651617169380188   0.3651617169380188   
0.4037077724933624   0.4037077724933624   
0.400211900472641   0.400211900472641   
0.39301159977912903   0.39301159977912903   
0.37272512912750244   0.37272512912750244   
0.39630410075187683   0.39630410075187683   
0.3899650275707245   0.3899650275707245   
0.4256681501865387   0.4256681501865387   
0.4214669167995453   0.4214669167995453   
0.39620500802993774   0.39620500802993774   

14:24:33: local_reinforcement_logger.timestep_report +41: INFO     
 Step 44   Fraction valid SMILES: 100.0   Score: 0.3964   Time elapsed: 42   Time left: 5.6
  Agent     Prior     Target     Score     SMILES
-30.76    -30.67      1.46      0.39      S(NCCOc1c(Cl)cc(Cl)c2ncccc21)(c1ccccc1)(=O)=O
-22.47    -23.08      9.20      0.39      c1cc(CN=c2[nH]c3ccc(Cl)cc3n3c2ccc3)ccc1
-26.97    -26.52      3.50      0.37      O=[N+]([O-])c1cc(C(NCC(c2occc2)S(=O)(=O)c2sccc2)=O)ccc1
-19.46    -19.73     13.16      0.40      Fc1ccc(C(OCN2C(=O)c3c(cccc3)C2=O)=O)cc1
-31.12    -30.62      2.37      0.40      c1(-c2cc3ccc(O)c(CN4CCOCC4)c3cc2)nc2c(c(C(O)=O)c1)cccc2
-21.41    -21.55     12.42      0.41      c1c(Cn2c(=S)[nH]nc2-c2ccncc2)c(C)ccc1
-42.01    -41.50     -8.19      0.41      C(CCCCCCC1OC1C(CCCCCCCC(=O)CCCCCCC(C1OC(C(CCCCCCCCCCCC)O)CC1)=O)O)CCCCCC
-31.20    -31.49      0.98      0.40      C12c3c(c(OC)ccc3CN3c4c(cccc41)N(C)C3=O)CCC2
-36.57    -36.97     -2.94      0.41      n1c2c3c(c(C(F)(F)F)cc(F)c3[nH]n2)n(Cc2ccncc2)n1
-23.42    -23.57     10.19      0.41      N(N=C(c1ccccc1)C)C(CN1CCN(C)CC1)=O
Human-Component   raw_Human-Component
0.39179757237434387   0.39179757237434387   
0.3936084508895874   0.3936084508895874   
0.36610090732574463   0.36610090732574463   
0.40107420086860657   0.40107420086860657   
0.4023023247718811   0.4023023247718811   
0.4142923355102539   0.4142923355102539   
0.4061790406703949   0.4061790406703949   
0.39594167470932007   0.39594167470932007   
0.4149351716041565   0.4149351716041565   
0.4116861820220947   0.4116861820220947   

14:24:33: local_reinforcement_logger.timestep_report +41: INFO     
 Step 45   Fraction valid SMILES: 100.0   Score: 0.3726   Time elapsed: 43   Time left: 4.7
  Agent     Prior     Target     Score     SMILES
-26.19    -26.40      3.98      0.37      c1c(C(O)=O)ccc(COc2ccccc2C=C(S(=O)(=O)c2ccc(C)cc2)C#N)c1
-27.72    -27.70      6.55      0.42      c1(C2=CCN(CCCSc3nc4c(cc3C#N)CCCC4)CC2)ccccc1
-23.80    -25.08     11.53      0.45      c1(N2CCN(CCCCCN3C(=O)c4ccc(F)cc4C3=O)CC2)c(Cl)c(Cl)ccc1
-23.40    -23.67      9.21      0.40      c1(CN=c2cccc[nH]2)n(Cc2ccc(F)cc2)c2ccccc2n1
-21.81    -22.11     10.92      0.40      CC(CCn1c2c(c(CCN)c1)cc(OC)cc2)C
-21.66    -22.01     11.05      0.40      c1(C)nc2c(s1)cc(NS(c1ccc(F)cc1)(=O)=O)cc2
-50.35    -50.48    -19.35      0.38      C(CCCCCN=C(N)N)C(C(=O)NC(C)C(NC(CO)C(=O)NC(C(C)CC)Cn1ccnc1C)=O)C
-18.62    -18.58     13.52      0.39      c1n[nH]cc1-c1c(Oc2ccc(N=c3cccc[nH]3)cc2)nccn1
-40.97    -41.48     -9.77      0.39      O=[N+](c1ccc(CC)c2c3c(cc(OC)c12)ccc1c3OC(C)(C)C=C1)[O-]
-22.47    -23.23     10.21      0.41      O=C(Cc1n(C)c(C=CCCCC)cc1)O
Human-Component   raw_Human-Component
0.37043672800064087   0.37043672800064087   
0.41766974329948425   0.41766974329948425   
0.4465460479259491   0.4465460479259491   
0.40099164843559265   0.40099164843559265   
0.4029003977775574   0.4029003977775574   
0.4030715823173523   0.4030715823173523   
0.3795940577983856   0.3795940577983856   
0.3914124667644501   0.3914124667644501   
0.38669291138648987   0.38669291138648987   
0.40778183937072754   0.40778183937072754   

14:24:34: local_reinforcement_logger.timestep_report +41: INFO     
 Step 46   Fraction valid SMILES: 100.0   Score: 0.3690   Time elapsed: 44   Time left: 3.7
  Agent     Prior     Target     Score     SMILES
-21.22    -21.71      9.73      0.38      c1ccccc1CNC(=O)Nc1cc(S(=O)(N(C)C)=O)ccc1
-33.94    -34.26     -4.76      0.36      c12cc(F)c(-c3cnc(OCC(C)(C)C(=O)O)c(F)c3)c(F)c1n(Cc1ccccc1)cc(C(O)=O)c2=O
-27.29    -27.66      4.81      0.40      c1(C)n(Cc2c(O)ccc(C)n2)c(=O)n(CC(C)N(C)C)n1
-27.43    -28.02      5.69      0.41      C(F)(F)(F)c1nn(-c2ccc(F)cc2)c(C#CC(C)(O)C)c1
-28.44    -28.98      2.62      0.39      c1c(C2=CCN(C(N)=O)CC2)cc(=NC2c3ccccc3CCC2)[nH]c1C
-26.51    -26.74      6.59      0.41      c1(OC)ccc(C(CCCN2CCC3(N(C)CNC3=O)CC2)c2ccc(F)cc2)cc1
-23.46    -23.99      8.77      0.40      S=c1n(N=Cc2cc(Cl)ccc2)c(CSc2ccccc2)n[nH]1
-22.97    -23.17      9.12      0.39      Cc1ccc(S(N=C2CCCN2)(=O)=O)c(Br)c1
-22.16    -23.63     11.10      0.42      c1cccnc1CN1CCN(c2sccn2)CCC1
-15.57    -16.63    -16.63      0.00      C(CCC)CCCCCCCCCCCCNc1ccc(C(OCC)=O)cc1
Human-Component   raw_Human-Component
0.38344573974609375   0.38344573974609375   
0.35977065563201904   0.35977065563201904   
0.3958723247051239   0.3958723247051239   
0.4111174941062927   0.4111174941062927   
0.38540181517601013   0.38540181517601013   
0.4064156711101532   0.4064156711101532   
0.3995029628276825   0.3995029628276825   
0.3937626779079437   0.3937626779079437   
0.4236249625682831   0.4236249625682831   
0.3959690034389496   0.3959690034389496   

14:24:35: local_reinforcement_logger.timestep_report +41: INFO     
 Step 47   Fraction valid SMILES: 96.9   Score: 0.3305   Time elapsed: 45   Time left: 2.8
  Agent     Prior     Target     Score     SMILES
-36.64    -35.60    -35.60      0.00      C(CC(C(=O)OCC#N)C)(C)CCCOc1ccc(Cl)cc1
-14.96    -16.01    -16.01      0.00      c1cccc(CCCN(C)C)c1
-30.22    -30.63    -30.63      0.00      c1ccccc1CCCCCC(=O)NCCC[S+]([O-])CCCCCCCCCC
-25.53    -25.28    -25.28      0.00      c1c(Br)cc(C=CC(NC(CC)(C)C)=O)c(OC)c1
-25.88    -25.38      7.02      0.40      c1ccnc(CN2CCC3(OCC(N(C)Cc4ccccc4)C3)CC2)c1
-30.92    -31.11      1.11      0.39      c1cc(Cl)cc2c1nc(N(CCc1cc(OC)ccc1)C)c(C#N)c2
-26.46    -26.95      5.92      0.40      c12c([nH]c(-c3ccccc3)cc1=O)nnn2Cc1ccncc1
-25.65    -25.66      6.30      0.39      c1(CNS(=O)(c2c(Cl)cc(Cl)cc2)=O)ccc(OC(C)C)cc1
-41.18    -40.71     -9.14      0.38      n1(-c2ccc(C(=O)c3c4ccc(O)cc4sc3-c3ccc(O)cc3)c(O)c2)c(CCCCCCc2ccc(C)cc2)nnn1
-24.35    -23.96      6.61      0.37      c1c(NC(=O)Nc2ccc(-c3nc4c(nccc4)n3C(C)C)cc2)cccc1
Human-Component   raw_Human-Component
0.3990543782711029   0.3990543782711029   
0.4297391474246979   0.4297391474246979   
0.38959965109825134   0.38959965109825134   
0.3943995237350464   0.3943995237350464   
0.39513665437698364   0.39513665437698364   
0.39290904998779297   0.39290904998779297   
0.40089961886405945   0.40089961886405945   
0.38964903354644775   0.38964903354644775   
0.38489097356796265   0.38489097356796265   
0.3728093206882477   0.3728093206882477   

14:24:36: local_reinforcement_logger.timestep_report +41: INFO     
 Step 48   Fraction valid SMILES: 100.0   Score: 0.3717   Time elapsed: 46   Time left: 1.9
  Agent     Prior     Target     Score     SMILES
-22.76    -22.21     10.53      0.40      o1c(=O)c([N+]([O-])=O)c(O)c2ccc(OC)cc12
-28.19    -28.79     -0.60      0.34      c1cc(OC2CCNCC2)cc2nccc(Oc3ccc(NC(N4CCN(c5ccccc5)C4=O)=O)cc3F)c12
-25.74    -26.20      5.96      0.39      c1(C#N)ccc(N=c2[nH]c(=Nc3ccccc3)[nH]c(OCCCN3CCOCC3)n2)cc1
-33.58    -33.60      0.55      0.42      C1CCC(CN2C3Cc4n(CCCC)c5c(cccc5)c4C(O)(C3)CC2)CC1
-23.07    -22.97      8.00      0.38      C1N(C(=O)Nc2cc(C)cc(C)c2)CCC(c2oc3c(cccc3)n2)C1
-19.68    -20.36     12.87      0.41      n12ncc(C(=O)N)c1nc(C1CC1)cc2C(F)(F)F
-33.23    -33.43     -0.95      0.40      C1CN(c2c3ccc(NCc4cc5ccccc5[nH]4)cc3nc(Cl)n2)CCN1C
-25.77    -26.08      6.81      0.40      n1c2n(c3c(=O)cc(O)[nH]c13)CCOCC2
-36.81    -36.69     -5.30      0.38      c12c3c(cc(C(=O)O)c1ccc(C)n2)CCCN3S(=O)(=O)c1c(F)cc(F)cc1
-23.30    -23.79      7.55      0.38      c12ccccc1N(Cc1c(C)ccc(C)c1)C(=O)C21N(c2ccc(F)cc2)C(=O)CS1
Human-Component   raw_Human-Component
0.3992968201637268   0.3992968201637268   
0.3437930941581726   0.3437930941581726   
0.39221808314323425   0.39221808314323425   
0.41649213433265686   0.41649213433265686   
0.37761884927749634   0.37761884927749634   
0.40524622797966003   0.40524622797966003   
0.3960571885108948   0.3960571885108948   
0.4010816812515259   0.4010816812515259   
0.3827911615371704   0.3827911615371704   
0.38221439719200134   0.38221439719200134   

14:24:37: local_reinforcement_logger.timestep_report +41: INFO     
 Step 49   Fraction valid SMILES: 100.0   Score: 0.3703   Time elapsed: 47   Time left: 0.9
  Agent     Prior     Target     Score     SMILES
-26.35    -27.63    -27.63      0.00      c1(CC=C(C)C)cc(CC)c(OCC=C)c(CC=C(C)C)c1
-30.61    -30.68      0.34      0.38      C1CNCC(Nc2[nH]c3n(c(=Nc4c(F)c(Cl)ccc4)c2C(=O)N)ccc3)C1
-23.88    -24.16      7.87      0.39      c1ccc(C=CC=NN=c2nc(-c3ccc(C)cc3)cc(C(F)(F)F)[nH]2)cc1
-26.67    -27.12      4.83      0.39      O=S(c1ccc(Cl)c(Cl)c1)(NC1CCC(NCc2cnccc2)CC1)=O
-24.41    -24.44      8.20      0.40      N(N1CCCCC1)C(NN=Cc1cccc(OC)c1O)=S
-21.13    -21.22     11.00      0.39      c1c(OC)ccc(C(C)=NOC(Nc2ccccc2)=O)c1
-30.42    -29.65      2.90      0.40      S(c1ccc(F)cc1F)(=O)(=O)Nc1cc(-c2nnc(N3CC(F)CC3)cc2)ccc1
-29.77    -28.42      2.76      0.38      O(c1ccccc1C=CC(=O)C=Cc1c(OC)cc(OC)c(OC)c1)Cc1c(C)cc(C)cc1C
-29.99    -30.80      0.58      0.38      OC1CCCC1NC(c1cn(Cc2ccc(S(=O)(=O)N)cc2)c2ccccc21)=O
-18.79    -19.49     13.67      0.40      c1(N2CCCC2)c(F)cc2c(=O)c(C(O)=O)cn(C3CC3)c2n1
Human-Component   raw_Human-Component
0.40415331721305847   0.40415331721305847   
0.3782957196235657   0.3782957196235657   
0.39053282141685486   0.39053282141685486   
0.38967129588127136   0.38967129588127136   
0.3980540931224823   0.3980540931224823   
0.39293181896209717   0.39293181896209717   
0.3969534635543823   0.3969534635543823   
0.38026320934295654   0.38026320934295654   
0.38262251019477844   0.38262251019477844   
0.4043019711971283   0.4043019711971283   

