15:21:10: local_reinforcement_logger.log_message +32: INFO     starting an RL run
15:21:11: local_reinforcement_logger.timestep_report +41: INFO     
 Step 0   Fraction valid SMILES: 100.0   Score: 0.5000   Time elapsed: 1   Time left: 50.0
  Agent     Prior     Target     Score     SMILES
-48.45    -48.45    -39.61      0.28      c1cc(S(=O)(C)=O)ccc1C=CCOC(C(NC(=O)C(C(C)C)NC(OCc1ccccc1)=O)Cc1ccccc1)C(C(C(NC1C(=O)NCCCC1)=O)O)O
-32.51    -32.51     -9.91      0.71      c1(CO)cc(-c2ccccc2)cc(C(c2c(O)c(O)n(CCN(C)C)c2-c2cc(OC)ccc2)=O)c1
-24.79    -24.79    -21.73      0.10      CC1(C)OC2=C(C(=O)C(=O)c3[nH]ccc32)C1
-33.15    -33.15    -11.51      0.68      c1c(-c2cccc(-c3[nH]c(=NCC(NC)=O)sc3)c2)ccc(C)c1
-30.48    -30.48    -21.46      0.28      c1(-c2[nH]c3nc(C(F)(F)F)ccc3n2)ccc(NC(=O)C2CCCCC2)cc1
-42.77    -42.77    -39.40      0.11      C(=O)(OCN1C(=O)C(CN2Cc3ccc(OC)c(F)c3C2=O)(c2ccc(C)cn2)SC1=O)c1c(C(F)(F)F)cccc1
-29.08    -29.08    -19.58      0.30      C(c1ccccc1)CNC(=O)CCCC(=O)c1cc(Cl)cc(Cl)c1
-22.67    -22.67     -4.12      0.58      c1c(-c2ccc3c(c2)C(C(F)(F)F)(O)c2c-3cccc2)ccc(C(F)(F)F)c1
-19.59    -19.59      4.22      0.74      c1(N2CCN(C(c3cc4c(s3)CCCC4)=O)CC2)ccc(OC)cc1
-36.46    -36.46    -20.83      0.49      n1(-c2cc(C)cc(C)c2)c(O)cc(C(NC2(c3nc(C)ns3)CCCCC2)O)c1
Human-Component   raw_Human-Component
0.27634409070014954   0.27634409070014954   
0.7064515948295593   0.7064515948295593   
0.09569892287254333   0.09569892287254333   
0.676344096660614   0.676344096660614   
0.28172042965888977   0.28172042965888977   
0.10537634044885635   0.10537634044885635   
0.2967741787433624   0.2967741787433624   
0.5795698761940002   0.5795698761940002   
0.7440860271453857   0.7440860271453857   
0.4881720542907715   0.4881720542907715   

15:21:12: local_reinforcement_logger.timestep_report +41: INFO     
 Step 1   Fraction valid SMILES: 100.0   Score: 0.5000   Time elapsed: 2   Time left: 49.0
  Agent     Prior     Target     Score     SMILES
-38.23    -38.24    -19.07      0.60      c1c(C(NC(=S)N2CCN(C(NC(=Nc3cc(C)ccc3)SSCCC)=S)CC2)=O)ccc(Cl)c1Cl
-27.70    -27.71     -5.35      0.70      c1cc(CN2C(c3c4c(cccc4)ccc3)Nc3c(cccc3)C2=O)ccc1Cl
-37.93    -38.00    -17.08      0.65      s1c(C(Nc2cc(-c3nc[nH]c3)cc(C(N=C(N)N)=O)c2)=O)ccc1F
-18.99    -18.97     -8.30      0.33      C(c1ccc(CCN)cc1)(C)(C)C
-23.06    -23.06     -3.28      0.62      c1c(-c2cc3cccc(F)c3o2)cccc1O
-23.60    -23.58     -8.78      0.46      O=S(=O)(N)c1ccc(CCNC(=O)c2ccc(Cl)c(S(=O)(N3CCCCCC3)=O)c2)cc1
-37.02    -37.10    -17.28      0.62      c1c(CNC(=O)C(NC(C(CC(NC)=O)NC(=O)c2ccc(Cl)c(Cl)c2)=O)CC(C)C)ccc(Cl)c1
-32.70    -32.64    -15.64      0.53      C(C)(C)(n1cc2c(n1)C(=O)N(c1ccc(C)c(F)c1)C2c1ccc(Cl)cc1)C(NC)=O
-30.11    -30.13    -20.63      0.30      c1(Cl)sc(C(=NNC(=O)c2cc3c(cccc3)cc2O)CC)cc1
-30.75    -30.77    -22.31      0.26      c1c(NC(=O)c2c(N)c3c4nc(Oc5ccccc5)nc(-c5ccccc5)c4sc3nc2)ccc(OC)c1
Human-Component   raw_Human-Component
0.5989247560501099   0.5989247560501099   
0.698924720287323   0.698924720287323   
0.6537634134292603   0.6537634134292603   
0.3333333432674408   0.3333333432674408   
0.6182795763015747   0.6182795763015747   
0.46236559748649597   0.46236559748649597   
0.6193548440933228   0.6193548440933228   
0.5311827659606934   0.5311827659606934   
0.2967741787433624   0.2967741787433624   
0.26451611518859863   0.26451611518859863   

15:21:13: local_reinforcement_logger.timestep_report +41: INFO     
 Step 2   Fraction valid SMILES: 96.9   Score: 0.4844   Time elapsed: 2   Time left: 32.0
  Agent     Prior     Target     Score     SMILES
-35.37    -35.35    -19.90      0.48      c1(OC)nc2c(nc1-c1ccccc1C(F)(F)F)nc(N1CCOCCC1)nc2
-17.12    -17.17      7.14      0.76      c1(-c2ccc(CSc3oc(-c4ccc5c(c4)OCO5)nn3)cc2)ccccc1
-25.56    -25.67     -2.28      0.73      CC(N(c1cc(C)cc(C)c1)C(c1oc(C)cc1)=O)C
-25.57    -25.53     -3.20      0.70      n1cc(CN2CCOC3C(OCc4ccsc4)CCC32)ncc1
-25.44    -25.29     -3.52      0.68      c1cccc(CN2CCC(CNC(CC(C)=O)=O)CC2)c1
-20.65    -20.74     -1.80      0.59      CC1=NC(=O)NC(c2c(-c3ccc(F)cc3)nn(-c3ccccc3)c2)C1C(OC)=O
-23.90    -23.81     -5.93      0.56      c1c(-c2ccccc2)nn(C2CCCCC2O)c1-c1ncccc1
-29.26    -29.25    -13.73      0.49      C(CCSc1ncccn1)SC1=C(C(=O)O)N2C(C1C)C(C(O)C)C2=O
-26.70    -26.66    -10.95      0.49      c1c(OC)cc2c(oc(C3=NOC(CO)C3)c2)c1
-27.55    -27.59     -8.02      0.61      C(=O)(N1CCCN(CC(=O)N=c2[nH]ccs2)CC1)c1cccs1
Human-Component   raw_Human-Component
0.48275861144065857   0.48275861144065857   
0.7597700953483582   0.7597700953483582   
0.7310344576835632   0.7310344576835632   
0.6977011561393738   0.6977011561393738   
0.6804597973823547   0.6804597973823547   
0.5919540524482727   0.5919540524482727   
0.5586206912994385   0.5586206912994385   
0.4850574731826782   0.4850574731826782   
0.4908045828342438   0.4908045828342438   
0.611494243144989   0.611494243144989   

15:21:14: local_reinforcement_logger.timestep_report +41: INFO     
 Step 3   Fraction valid SMILES: 100.0   Score: 0.5000   Time elapsed: 3   Time left: 35.2
  Agent     Prior     Target     Score     SMILES
-22.12    -22.08     -4.39      0.55      n1c2c(cc[nH]2)c2c(c1)N(C)C(=O)c1c-2cccc1
-23.22    -23.29     -9.01      0.45      c1cccc(N=c2sc(CC(Nc3cccc(C)c3C)=O)c(O)[nH]2)c1
-26.85    -26.88     -3.79      0.72      o1c(-c2cc([N+](=O)[O-])ccc2)cc2ccc(C(=O)OC)cc12
-20.58    -20.72      1.03      0.68      C1(C)(C)C(=O)N(c2cnn(Cc3c(C)onc3C)c2)C(=O)N1Cc1ccc(C)cc1
-34.03    -34.07    -28.98      0.16      c12c(ccc(OC)c1)cc(C1N(c3cc(OC)c(OC)c(OC)c3)C(=O)C1(C)C)c1ccc(OC)cc12
-27.08    -27.13     -8.72      0.58      c1c(-n2nnc(-c3ccccn3)c2)ccc(Oc2ccc(C3CC3)cc2)c1
-26.86    -27.01    -14.14      0.40      c1cc(N(C)C(=O)c2c(=O)n(CCC)c3c(cccc3)c2O)ccc1OC(F)F
-18.37    -18.40      2.56      0.65      O(c1c(OC)c(OC)c2c(c1)CCC(NC(=O)C(F)(F)F)c1c-2ccc(SC)c(=O)c1)C
-29.75    -29.80    -14.59      0.48      c1(OCC2N(C(Nc3ccc(F)cc3)=O)CCN(C)C2)cc(OC)ccc1
-24.92    -24.96     -5.28      0.62      o1cc(CN2CCCCC2)nc1-c1ccc(C(=O)Nc2ccc(C)cc2)cc1
Human-Component   raw_Human-Component
0.5526881814002991   0.5526881814002991   
0.4462365508079529   0.4462365508079529   
0.7215054035186768   0.7215054035186768   
0.6795699000358582   0.6795699000358582   
0.15913978219032288   0.15913978219032288   
0.5752688050270081   0.5752688050270081   
0.40215054154396057   0.40215054154396057   
0.6548386812210083   0.6548386812210083   
0.47526881098747253   0.47526881098747253   
0.6150537729263306   0.6150537729263306   

15:21:14: local_reinforcement_logger.timestep_report +41: INFO     
 Step 4   Fraction valid SMILES: 96.9   Score: 0.4844   Time elapsed: 4   Time left: 36.8
  Agent     Prior     Target     Score     SMILES
-38.55    -38.56    -15.64      0.72      c1cc(C2c3cc(O)c(O)cc3Cc3nc(-c4ccc(O)cc4)cn3-2)ccc1
-23.32    -23.31     -4.66      0.58      c1cc(C(C)(C)C)ccc1C(Nc1ccc(-c2cc(CN(C)C)c(OC)cc2)cc1)=O
-32.44    -32.53    -21.35      0.35      N1(c2c(OC)ccc(C(F)(F)F)c2)C2(C(=O)NC1)CCN(C1c3c(cccc3)C(C)(C)CC1)CC2
-42.29    -42.33    -38.87      0.11      N(N=c1[nH]c(O)cc(=O)[nH]1)=C(C=C1C(=O)c2c(cccc2)OC1c1cccc(O)c1)C
-40.02    -40.23    -30.01      0.32      C1(=O)c2c(c3cccc(C(F)(F)F)c3cc2)C(C2CCN(C(=O)C)CC2)N1c1ccc(-c2nc(C)oc2)cc1
-26.43    -26.43    -14.07      0.39      c1(-c2c(C=CC(=O)c3ccc(S(=O)(C)=O)cc3)c3ccccc3[nH]2)ccccc1
-23.48    -23.61     -2.76      0.65      N1(C(CO)c2ccccc2)CCN(c2ccccc2OC)CC1
-24.32    -24.18     -8.40      0.49      c1c(-c2nnn(CCCCCC)c2)cc(O)c(O)c1O
-22.13    -22.10      0.27      0.70      c1[nH]c(=N)c2c(n1)n(C1C(O)C(O)C(CNCc3ncccc3)O1)cn2
-23.20    -23.40    -13.88      0.30      c1(C)c(C(NCCCN2CCN(CCCN(CC(C)C)CC(C)C)CC2)=O)cco1
Human-Component   raw_Human-Component
0.7160919308662415   0.7160919308662415   
0.5827586054801941   0.5827586054801941   
0.3494252860546112   0.3494252860546112   
0.10804598033428192   0.10804598033428192   
0.31954023241996765   0.31954023241996765   
0.38620689511299133   0.38620689511299133   
0.6517241597175598   0.6517241597175598   
0.4931034445762634   0.4931034445762634   
0.6988505721092224   0.6988505721092224   
0.2977011501789093   0.2977011501789093   

15:21:15: local_reinforcement_logger.timestep_report +41: INFO     
 Step 5   Fraction valid SMILES: 100.0   Score: 0.5000   Time elapsed: 5   Time left: 37.5
  Agent     Prior     Target     Score     SMILES
-32.41    -32.49     -8.78      0.74      N(C(C(CCC(=O)N)N)=O)=C(C(N)=O)Cc1cc2c(cc1)cccc2
-32.03    -32.01    -23.83      0.26      c1(CC2CCCCC2)c2c(n(-c3ccc(C(C)(C)C(=O)O)cc3)n1)CCCC2
-30.55    -30.70    -15.35      0.48      c1c(F)c(Cl)ccc1Cn1c(=Nc2ccc(F)cc2)sc(CC(Nc2ccc(Cl)cc2)=O)c1O
-36.86    -36.80    -16.36      0.64      C(c1cnc(-c2ccc(CC(=O)O)cc2)n1Cc1c(Cl)cc(F)cc1)(C)(C)C
-30.13    -29.98    -10.57      0.61      o1c2c(c(C3CCN(CCC4CCC(NC(C)CC)CC4)CC3)n1)cccc2
-27.47    -27.36     -6.65      0.65      c1(C(=O)C)ccc(NC(=O)C(Sc2n3c(nc(C)cc3C)nn2)CC)cc1
-32.27    -32.33    -22.59      0.30      c1(OC)ccc(Br)c(NC(=O)CSC2=NN3C(=N)C(=Cc4cc(OC)c(OC)c(OC)c4)C(=O)N=C3S2)c1
-26.14    -26.10    -19.15      0.22      C1(c2cc(O)ccc2)CC2=NC(C)=C(C(OCCC)=O)C(c3ccc(C(C)C)cc3)C2C(=O)C1
-39.01    -39.10    -28.68      0.33      C1C(OC2OC(CO)C(O)C(O)C2O)CCC2(C)C3CC(OC(=O)C)C4(C)C(CCC4C(CCC(N4CCOCC4)=O)C)C3C(O)CC21
-40.04    -40.20    -17.76      0.70      c1c(Cc2ccncc2)c(C)cc(-c2nc(-c3c(OC)cc(OC)cc3)[nH]n2)c1C
Human-Component   raw_Human-Component
0.7408602237701416   0.7408602237701416   
0.25591397285461426   0.25591397285461426   
0.4795698821544647   0.4795698821544647   
0.6387096643447876   0.6387096643447876   
0.6064516305923462   0.6064516305923462   
0.647311806678772   0.647311806678772   
0.30430108308792114   0.30430108308792114   
0.21720430254936218   0.21720430254936218   
0.3258064389228821   0.3258064389228821   
0.7010752558708191   0.7010752558708191   

15:21:16: local_reinforcement_logger.timestep_report +41: INFO     
 Step 6   Fraction valid SMILES: 96.9   Score: 0.4844   Time elapsed: 6   Time left: 37.7
  Agent     Prior     Target     Score     SMILES
-32.43    -32.64    -31.36      0.04      C1N(Cc2nc(C(F)(F)F)nc(C(C)(C)C)c2)CCCC1n1c(=O)[nH]c(=O)cc1
-18.55    -18.51     -6.52      0.37      c12ccccc1sc(C1(O)C=CC(=O)C=C1)n2
-19.18    -19.15      2.41      0.67      Brc1cc(Oc2ccccc2)ccc1
-26.13    -26.23     -4.27      0.69      O=S1(=O)c2c(sc(SC)c2)C(=O)c2ccncc21
-40.03    -39.99    -32.19      0.24      c1(OC)cc(OC)c2c(-c3cc(-c4ccc(OC)cc4)c4c(=N)[nH]c(=N)[nH]c4c3)cn(S(N(C)C)(=O)=O)c2c1
-30.72    -30.82    -24.09      0.21      O=C1OC(=O)c2c1c(NC(=O)C=O)cc(O)c2
-26.67    -26.36     -4.22      0.69      C(C(C)C)C(C(NCCc1ccc(OCC)cc1)=O)NC(C1CCCCC1)=O
-49.14    -48.81    -43.81      0.16      c12c(cnn1-c1cc(N3CC(c4n(C)c5c(n4)cccc5)C3)nc(-n3cc(C#CCOC(=O)OC)nn3)n1)CCCC2
-23.37    -23.50    -14.01      0.30      c1ccc(CNCC(=O)Nc2c(OC)ccc(OC)c2)c(OC)c1
-36.96    -36.81    -20.30      0.52      c12c(ccc(N3CC4C(CNC4)C3)c1)C(=O)Cc1ccccc1N2C(=O)OCc1ccccc1
Human-Component   raw_Human-Component
0.04022988677024841   0.04022988677024841   
0.37471264600753784   0.37471264600753784   
0.6735632419586182   0.6735632419586182   
0.6862068772315979   0.6862068772315979   
0.24367816746234894   0.24367816746234894   
0.2103448212146759   0.2103448212146759   
0.6919540166854858   0.6919540166854858   
0.15632183849811554   0.15632183849811554   
0.29655173420906067   0.29655173420906067   
0.5160919427871704   0.5160919427871704   

15:21:17: local_reinforcement_logger.timestep_report +41: INFO     
 Step 7   Fraction valid SMILES: 100.0   Score: 0.5000   Time elapsed: 7   Time left: 37.6
  Agent     Prior     Target     Score     SMILES
-23.30    -23.58     -4.48      0.60      c1(NC(=O)C(=O)NN=C2CCN(C)CC2)c(C)cc(C)cc1
-35.74    -35.41    -26.77      0.27      c1c(-c2ccc(OCCCC)cc2)n(-c2ccc(OCCCCC)cc2)c2c1nccc2
-44.74    -44.68    -31.47      0.41      C(C1(n2cc(C(=O)N)c(=Nc3ccc(C(OC)=O)cc3)[nH]2)CCC(NS(=O)(=O)C)(C)C1)c1ccc(C)cc1Cl
-31.67    -31.39    -10.54      0.65      Clc1c(CONC(C(=O)OCC)CC2CCCC2)cccc1
-24.77    -24.48    -13.95      0.33      c1c(OC)c(CNC(CCn2c(=O)oc3ccc(Cl)cc32)=O)ccc1
-22.10    -21.96      0.20      0.69      c1c2c(cncc2)c([N+](=O)[O-])cc1
-19.06    -18.86     -0.97      0.56      c1(Cc2ccccc2)oc2cccc(O)c2c(=O)c1
-25.69    -25.92    -19.59      0.20      C(OC(=O)c1c(N)sc2c1CCC(C(C)(C)C)C2)CN
-32.60    -32.69    -24.43      0.26      N(CC(N1CCOCC1)c1ccccc1F)C(c1cc(S(N(c2ccc(OC)cc2)C)(=O)=O)c(Cl)cc1)=O
-27.38    -27.54     -8.48      0.60      N1(CC)CCN(c2cc(CSC)nc(S(c3ccccc3)(=O)=O)n2)CC1
Human-Component   raw_Human-Component
0.5967742204666138   0.5967742204666138   
0.26989248394966125   0.26989248394966125   
0.41290321946144104   0.41290321946144104   
0.6516128778457642   0.6516128778457642   
0.3290322721004486   0.3290322721004486   
0.6924731135368347   0.6924731135368347   
0.5591397881507874   0.5591397881507874   
0.19784946739673615   0.19784946739673615   
0.25806450843811035   0.25806450843811035   
0.5956989526748657   0.5956989526748657   

15:21:18: local_reinforcement_logger.timestep_report +41: INFO     
 Step 8   Fraction valid SMILES: 100.0   Score: 0.5000   Time elapsed: 8   Time left: 37.3
  Agent     Prior     Target     Score     SMILES
-25.75    -25.72     -1.29      0.76      c1(Cl)ncc2c(c1)C(=O)c1c-2n(CCCN(C)C)c(=O)c2cc([N+]([O-])=O)ccc21
-32.44    -32.26    -11.20      0.66      c1(C)noc2ncc(S(NCC(=O)NCc3ccc(Cl)cc3)(=O)=O)cc12
-28.95    -28.98    -15.91      0.41      O=C(N)c1c(NC(=O)C2Cc3c(cccc3)C(=N)N2)cccc1
-30.04    -29.84     -7.48      0.70      c1c2cc(CN(CC)CC)nc(CCC)c2c(OC)cc1OC
-22.75    -22.30     -2.20      0.63      c1(CCc2ccccc2)c(OCCCCNC2CCCC2)cccc1
-27.25    -27.14     -7.04      0.63      c1ccncc1-c1nc2c(ccc(Cl)c2)c(=O)n1-c1ccc(Br)cc1
-21.41    -21.41     -6.72      0.46      c1c(S(=O)(=O)N2CCCCCC2)cccc1C(=O)N=c1ccc(C)c[nH]1
-25.07    -25.39    -17.51      0.25      c1c(Cl)c(Cn2c(C(NC(=O)C(C)(N)C)COCc3ccccc3)nnn2)ccc1
-22.78    -22.66     -2.43      0.63      n1cc(Cc2ccc3c(c2)[n+]([O-])on3)ccc1
-25.64    -25.57     -6.71      0.59      s1c(COc2cc3oc(=O)c(CCC(c4ccccc4)=O)c(C)c3cc2)ccc1
Human-Component   raw_Human-Component
0.7634408473968506   0.7634408473968506   
0.6580645442008972   0.6580645442008972   
0.40860214829444885   0.40860214829444885   
0.698924720287323   0.698924720287323   
0.6279569864273071   0.6279569864273071   
0.6279569864273071   0.6279569864273071   
0.45913979411125183   0.45913979411125183   
0.24623656272888184   0.24623656272888184   
0.6322580575942993   0.6322580575942993   
0.5892472863197327   0.5892472863197327   

15:21:19: local_reinforcement_logger.timestep_report +41: INFO     
 Step 9   Fraction valid SMILES: 100.0   Score: 0.5000   Time elapsed: 9   Time left: 36.9
  Agent     Prior     Target     Score     SMILES
-21.92    -21.86     -6.82      0.47      C(=O)(CSc1[nH]nc(C)c(=O)n1)Nc1c(C)ccc(Cl)c1
-47.25    -47.22    -42.40      0.15      C1(C(N(CCOC)CCOC)=O)c2c(n(CSc3n[nH]cn3)cn2)N=C2C(CC=C2)C1
-32.53    -32.76    -20.48      0.38      C1c2ccccc2N(C(C)=O)C(c2cc(OC)c(OC)c(OC)c2)N1c1sc2c(n1)ccc(F)c2
-24.61    -24.36    -17.55      0.21      c1c(Cl)c(Cl)cc(S(=O)(N2CCCC2c2cc[nH]n2)=O)c1
-27.85    -28.48     -8.28      0.63      c12c(-c3cc(-c4c(O)cc(OC)cc4)[nH]c3C)cccc1cccc2
-22.88    -22.97    -17.85      0.16      C1C(NC(N2CC(CC)Oc3ccccc32)=O)CCN(Cc2ccccc2)C1
-20.22    -20.38      1.74      0.69      C(O)(c1ccc(-n2cc(C#N)c(C)n2)cc1)=O
-35.94    -36.20    -15.38      0.65      Cc1cc2c3c(sc2cc1)c(-c1ccc(C(=O)O)c(O)c1)nc(=O)n3CC
-27.09    -27.36    -20.31      0.22      c1(-c2n[nH]c(=S)n2N=Cc2c(C(O)=O)cccc2)ccc(N=[N+]=[N-])cc1
-29.25    -29.41    -18.26      0.35      O=C(Nc1c(C)n(C(c2cccc(OC)c2)=O)nc1C)c1ccccc1F
Human-Component   raw_Human-Component
0.4698924720287323   0.4698924720287323   
0.1505376398563385   0.1505376398563385   
0.3838709592819214   0.3838709592819214   
0.21290323138237   0.21290323138237   
0.6311827898025513   0.6311827898025513   
0.16021504998207092   0.16021504998207092   
0.6913978457450867   0.6913978457450867   
0.6505376100540161   0.6505376100540161   
0.22043010592460632   0.22043010592460632   
0.34838709235191345   0.34838709235191345   

15:21:21: local_reinforcement_logger.log_message +32: INFO     Resetting Agent
15:21:21: local_reinforcement_logger.log_message +32: INFO     Adjusting sigma to: 82
15:21:21: local_reinforcement_logger.timestep_report +41: INFO     
 Step 10   Fraction valid SMILES: 100.0   Score: 0.5000   Time elapsed: 11   Time left: 40.0
  Agent     Prior     Target     Score     SMILES
-41.99    -41.56    -24.01      0.55      O=C(OCCC(=O)O)c1ccccc1COC(COc1cc(Cl)ccc1)C
-27.23    -27.03    -15.74      0.35      C(Nc1cccc(Br)c1)(c1ccccc1NC(=O)c1sc2c(n1)CCN(C)C2)=O
-20.84    -21.09     -3.34      0.55      C(CC(=O)c1ccc(-c2ccccc2)cc1)CCC(=O)O
-28.73    -28.63    -23.47      0.16      n1c2c(N=c3[nH]c(C)ccc3)ncnc2n(-c2cccc(NC(C=C)=O)c2)c1
-26.90    -27.05     -3.90      0.72      c1(C(OC)=O)cc(-n2c3c(cn2)c(N(C)C)ncn3)ccc1
-33.34    -33.47    -22.87      0.33      N(c1ccc(-c2n[nH]nn2)cc1)C(=O)c1ccc(Cl)c(S(=O)(NCCC2=CCCCC2)=O)c1
-31.04    -30.85    -17.53      0.42      n1ccnn1-c1ccc(Cl)cc1CNC(=O)C1Oc2nccc(-c3cccc(OC)c3)c2C1
-57.84    -57.39    -42.94      0.45      C(N1CCCCC(N)C1=O)(=O)C(NC(=O)c1ccc(NCc2cncn2C)c(-c2c(OCCN(C)C)cc3c(cccc3)c2)c1)CCCN=C(N)N
-21.82    -21.97     -2.26      0.62      c1[nH]c2c(c(-c3ccc(N)cc3)ncc2)c1
-21.59    -21.90      0.43      0.70      O=C(N1Cc2ccccc2C1)Nc1ccc(C(N2CC3(C)CC2CC(C)(C)C3)=O)cc1
Human-Component   raw_Human-Component
0.5483871102333069   0.5483871102333069   
0.35268816351890564   0.35268816351890564   
0.5548387169837952   0.5548387169837952   
0.16129031777381897   0.16129031777381897   
0.7236559391021729   0.7236559391021729   
0.3311828076839447   0.3311828076839447   
0.4161290228366852   0.4161290228366852   
0.4516128897666931   0.4516128897666931   
0.6161290407180786   0.6161290407180786   
0.697849452495575   0.697849452495575   

15:21:23: local_reinforcement_logger.timestep_report +41: INFO     
 Step 11   Fraction valid SMILES: 100.0   Score: 0.5000   Time elapsed: 13   Time left: 42.2
  Agent     Prior     Target     Score     SMILES
-27.29    -27.29      7.98      0.43      Clc1c(Cl)cc(C2=NN(S(=O)(=O)c3c(C(OC)=O)cccc3)CCCC2)cc1
-22.56    -22.56     -7.75      0.18      c1cccc2c(C(c3c(O)c(OC)ccc3)=O)c[nH]c12
-19.89    -19.89     40.95      0.74      O=C(Nc1ccccc1)NN=Cc1ccc(O)c(OC)c1
-28.68    -28.68     28.72      0.70      c1cc(CC(C(O)CN(S(c2ccc(N)cc2)(=O)=O)CCc2ccccc2)NC(OC2C3C(OC2)OCC3)=O)ccc1
-61.82    -61.82    -10.07      0.63      C(C)(C(=O)c1ccc(NS(=O)(=O)C)cc1)(C)N=c1oc(C2=Cc3c4c(ccc3CCC2)C(=O)CC(C)(C)O4)n[nH]1
-29.39    -29.39      5.79      0.43      [nH]1c2ccccc2c(C(=O)C(=O)N(C)S(c2ccc(OC)cc2)(=O)=O)c1
-39.36    -39.36      5.16      0.54      c12c(ccc(F)c1)nc(C1CCCN1C(=O)c1cc(C(=O)N3C(C(OCC)=O)CCCC3)ccc1)[nH]2
-24.63    -24.63     -8.23      0.20      c1(=Nc2ccc(OCc3ccccc3)cc2)c2c([nH]c(=NC(C)C)[nH]1)ccs2
-25.76    -25.76     24.41      0.61      c1(Cl)c(CNC(=O)C2CCCN(c3sc4c(ccc(Cl)c4)n3)C2)cccc1
-28.28    -28.28     -4.48      0.29      c1(-c2ccoc2)csc2ncnc(N3C4CC(O)CC4CC3)c12
Human-Component   raw_Human-Component
0.4301075339317322   0.4301075339317322   
0.1806451678276062   0.1806451678276062   
0.7419354915618896   0.7419354915618896   
0.699999988079071   0.699999988079071   
0.6311827898025513   0.6311827898025513   
0.42903226613998413   0.42903226613998413   
0.5430107712745667   0.5430107712745667   
0.20000000298023224   0.20000000298023224   
0.6118279695510864   0.6118279695510864   
0.29032257199287415   0.29032257199287415   

15:21:24: local_reinforcement_logger.timestep_report +41: INFO     
 Step 12   Fraction valid SMILES: 100.0   Score: 0.5000   Time elapsed: 14   Time left: 40.9
  Agent     Prior     Target     Score     SMILES
-29.05    -28.98     31.41      0.74      C1CN(C(=O)C)CCC1c1cc(=O)n2[nH]c(-c3cccc(C#N)c3)cc2n1
-23.36    -23.33    -10.37      0.16      O=C(NN=Cc1ccncc1)c1ccc(-c2ccc(C(F)(F)F)cc2)cc1
-26.10    -26.12     32.86      0.72      c12ccc(-c3ccc(Cl)nc3)cc1c(=NC(c1ccc(C(F)(F)F)cc1)=O)[nH][nH]2
-25.14    -25.16     -4.35      0.25      C12C3(C)C(C(C)(C)C(OC(=O)c4ccccc4)CC3)CCC1(C)C1(C)C(=CC2)C2C(C(=O)OC)(CC1)CCC(C)(C)C2
-27.20    -27.26     29.79      0.70      c1ccccc1C(=O)c1n(CC(=O)NCc2ccc3c(c2)OCO3)c2c(c1)C(=O)CCC2
-47.18    -47.29      6.23      0.65      n12c([nH]c(=O)[nH]1)c(CN(CC(O)=O)CC)c1c2C(C)=NC1(C)C
-43.81    -43.82     -7.23      0.45      ClC1N(Cc2c3cc(Cl)ccc3[nH]c2[N+](=O)[O-])C(=O)c2cc(OC)ccc21
-28.12    -28.18     16.70      0.55      C1C(C(N2C(C)Cc3cc(S(=O)(=O)N(c4ccc(Cl)cc4)C)ccc32)=O)OCC1
-23.14    -23.12     26.08      0.60      n1(CC2(c3c(Cl)cc(Cl)cc3)OCC(C3CCCCC3)O2)nnnc1
-34.56    -34.52      2.25      0.45      C(=NC(C)(C)CCl)(Nc1ccccc1)NC1C2CC3CC(CC1C3)C2
Human-Component   raw_Human-Component
0.7365591526031494   0.7365591526031494   
0.15806451439857483   0.15806451439857483   
0.7193548679351807   0.7193548679351807   
0.25376343727111816   0.25376343727111816   
0.6956989169120789   0.6956989169120789   
0.6526881456375122   0.6526881456375122   
0.4462365508079529   0.4462365508079529   
0.5473118424415588   0.5473118424415588   
0.6000000238418579   0.6000000238418579   
0.448387086391449   0.448387086391449   

15:21:25: local_reinforcement_logger.timestep_report +41: INFO     
 Step 13   Fraction valid SMILES: 96.9   Score: 0.4844   Time elapsed: 15   Time left: 39.6
  Agent     Prior     Target     Score     SMILES
-28.28    -28.30    -20.85      0.09      c12c(=NCCS(=O)(O)=O)[nH]cnc1ccc(N)c2
-36.08    -35.91    -22.62      0.16      C1CCCC12c1c(oc3cc(OCC(CO)O)ccc3c1=O)OC1=CCCC(=O)C21
-35.72    -35.64     24.49      0.73      Cc1c(-c2n3c(nn2)ccc(-c2ccc(Cl)cc2)n3)cc(S(=O)(N2CCC(N(C)C)CC2)=O)cc1
-29.91    -29.96    -11.49      0.23      n1cc(C(=O)N(CC)CC)c(C)nc1N=c1[nH]c(-c2sc(C)nc2C)cs1
-25.24    -25.23      6.06      0.38      c1n2c(ncc(C(=O)Nc3c(N4CCCCC4)cccc3)c2=O)ccc1
-55.10    -54.99    -14.47      0.49      C1C(C(C)NC(=O)c2ccc(OC)c(C)c2)CN(Cc2ccccc2)C2C1N1CCCC2N1
-32.16    -32.15    -24.05      0.10      C1C(CC(=O)O)C(NC2CCC(CC#N)(n3[nH]c(=Nc4ccccc4)c(C(=O)N)c3)CC2)CCO1
-20.37    -20.28     42.68      0.77      C1(=O)CCC2(O)C3Cc4c5c(c(OC)cc4)OC1C52CCN3CC1CC1
-26.06    -26.13     30.51      0.69      C(O)(=O)c1nn(Cc2cccc(C)c2)c(=O)n1C
-26.28    -26.27     29.53      0.68      c1(C(=O)NN)nc(-c2ccccc2)cc(=NCc2ccccc2)[nH]1
Human-Component   raw_Human-Component
0.09080459922552109   0.09080459922552109   
0.16206896305084229   0.16206896305084229   
0.7333333492279053   0.7333333492279053   
0.22528736293315887   0.22528736293315887   
0.3816092014312744   0.3816092014312744   
0.49425286054611206   0.49425286054611206   
0.09885057806968689   0.09885057806968689   
0.7678160667419434   0.7678160667419434   
0.6908046007156372   0.6908046007156372   
0.6804597973823547   0.6804597973823547   

15:21:27: local_reinforcement_logger.timestep_report +41: INFO     
 Step 14   Fraction valid SMILES: 100.0   Score: 0.5000   Time elapsed: 16   Time left: 38.4
  Agent     Prior     Target     Score     SMILES
-26.57    -26.65     26.34      0.65      c12c(=O)c3c(OC)cccc3n(C)c1cc(OC)cc2C
-26.37    -26.17     29.55      0.68      n1c(N2CCOCC2)nc(-c2c[nH]c(=N)nc2)c2scc(-c3cc(N4CCNCC4)ccc3)c12
-24.39    -24.45     26.96      0.63      O(c1cc2[nH]c(-c3ccccc3)cc(=NCC(N)=O)c2cc1)C
-35.50    -35.59     15.55      0.62      C(C1CCCN(C(C)C)C1)N=Cc1c(C)n(-c2cccnc2)c(C)c1
-22.48    -22.63      4.71      0.33      O(c1ccc(C=C2SC(=Nc3ccccc3)N(C(C)(C)C)C2=O)cc1)C
-34.94    -34.89     13.34      0.59      n1c2c(ccc(N=c3cc(OC(C)c4ccccc4)nc[nH]3)c2)[nH]c1C(CC)C
-22.74    -22.90     13.69      0.45      [nH]1c(=Nc2ccc(C(N3CCN(c4ccccc4)CC3)=O)cc2)c2ccccc2nc1
-21.19    -21.25      2.29      0.29      FC(c1ccc(Cl)c(NC(C2=C(C)OCCS2)=O)c1)(F)F
-30.82    -31.05     -0.19      0.38      C(OC)(c1c(C)[nH]c(CCC(NC(c2ccc(N(C)C)cc2)C)=O)c1C)=O
-24.09    -24.11     22.01      0.56      c1cc(S(N(CC)CC)(=O)=O)cc2c(=O)c(C(=O)N3CCN(c4ccccc4)CC3)c[nH]c12
Human-Component   raw_Human-Component
0.6462365388870239   0.6462365388870239   
0.6795699000358582   0.6795699000358582   
0.6268817186355591   0.6268817186355591   
0.6236559152603149   0.6236559152603149   
0.3333333432674408   0.3333333432674408   
0.5881720185279846   0.5881720185279846   
0.4462365508079529   0.4462365508079529   
0.28709676861763   0.28709676861763   
0.37634408473968506   0.37634408473968506   
0.5623655915260315   0.5623655915260315   

15:21:28: local_reinforcement_logger.timestep_report +41: INFO     
 Step 15   Fraction valid SMILES: 96.9   Score: 0.4844   Time elapsed: 18   Time left: 39.4
  Agent     Prior     Target     Score     SMILES
-24.84    -24.65     20.69      0.55      c1n(N2CCN(CCO)CC2)cnc1[N+](=O)[O-]
-27.05    -27.06     27.32      0.66      c1(S(=O)(NCC2CCC(C(Nc3cccc(CC)c3)=O)CC2)=O)cc(C(F)(F)F)ccc1
-28.32    -28.43     11.63      0.49      CC(=O)N=c1[nH]c(C)c(C(=O)N2CCN(C(C#N)c3ccccc3)CC2)s1
-40.07    -40.07    -40.07      0.00      c1cccc2cc3c(c(=NCCCNC(=O)c4c5c(cc(OC)cc5)cc5c4cccc5)c12)cccc3
-19.99    -20.00     -2.56      0.21      c1c(C(Nc2cn(Cc3c(C)noc3C)nc2)=O)ccc(OC)c1
-35.17    -35.29    -16.53      0.23      c1(Cl)ccc2c(c1)[nH]c(=NCCN=c1nccc[nH]1)[nH]c2=NCc1cccs1
-23.67    -23.51     18.14      0.51      c1(C(OCC)=O)c(S(=O)(=O)N2CCC(C(N3CCCCCC3)=O)CC2)c(C)n(C)c1C
-34.83    -35.15    -12.06      0.28      c1(O)c(SC(=NC(=O)OCC)Nc2c(Br)cccc2)cc(Cl)cc1
-43.81    -44.02    -23.66      0.25      C1(=O)CCC2C3C(=O)CC4C(C)(CCC5C4(CO)C(O)C(C)CC5)C3(C)CCC12C(O)(C)C
-23.04    -23.03     13.45      0.44      c1cc(Cn2c3c(nccc3)nc2-c2c(=N)[nH]on2)ccc1
Human-Component   raw_Human-Component
0.5528735518455505   0.5528735518455505   
0.6632183790206909   0.6632183790206909   
0.4885057508945465   0.4885057508945465   
0.0   0.0   
0.21264368295669556   0.21264368295669556   
0.22873562574386597   0.22873562574386597   
0.5080459713935852   0.5080459713935852   
0.2816092073917389   0.2816092073917389   
0.24827586114406586   0.24827586114406586   
0.4448275864124298   0.4448275864124298   

15:21:29: local_reinforcement_logger.timestep_report +41: INFO     
 Step 16   Fraction valid SMILES: 100.0   Score: 0.5000   Time elapsed: 19   Time left: 38.0
  Agent     Prior     Target     Score     SMILES
-27.38    -27.35     11.80      0.48      c1cc(-c2c3c(nc(SC)n2)n(Cc2ccc(OC)cc2OC)cn3)ccc1
-35.09    -35.20    -26.82      0.10      O=S(N(c1ccc(C(c2ccc[nH]2)=CCCCc2nc(C)no2)cc1)C)(C)=O
-31.11    -31.38     29.19      0.74      c12cc(Cl)ccc1C(N1CC(C(NCC3CC3)=O)N(C(=O)c3ccccc3OC)CC1)CC2
-35.42    -35.29     23.17      0.71      c1c(CCc2c(Cl)cncc2Cl)c2c(n1C)ccc(OC(C)(C(=O)O)C)c2
-27.43    -27.33     14.90      0.52      c1(C#N)c([S+](N2CCN(C3CCCC3)CC2)[O-])cccc1
-27.93    -27.91     23.05      0.62      c1(C(N)=O)ccc2nc(-c3ccccc3)c(-c3cnccc3)nc2c1
-29.60    -29.59      7.53      0.45      C1CCCC(CN(c2ccc(C(NCc3nc4c(cccc4)[nH]3)=O)cc2)CCC)C1
-30.03    -30.34     16.21      0.57      N(Nc1ccc(Cl)cc1)=Cc1ccc(C(c2ccc(Cl)cc2Cl)=O)cc1
-28.25    -28.46     23.56      0.63      C(Oc1c(Br)cccc1)CN1CCC(C(=O)NC(c2ccc(C)cc2)c2ccccn2)CC1
-26.66    -26.62     18.08      0.55      c1cc(C(C)NC(=O)Nc2c3ccncc3ccc2)cs1
Human-Component   raw_Human-Component
0.47741934657096863   0.47741934657096863   
0.10215053707361221   0.10215053707361221   
0.7387096881866455   0.7387096881866455   
0.7129032015800476   0.7129032015800476   
0.5150537490844727   0.5150537490844727   
0.6215053796768188   0.6215053796768188   
0.45268815755844116   0.45268815755844116   
0.5677419304847717   0.5677419304847717   
0.6344085931777954   0.6344085931777954   
0.5451613068580627   0.5451613068580627   

15:21:31: local_reinforcement_logger.timestep_report +41: INFO     
 Step 17   Fraction valid SMILES: 100.0   Score: 0.5000   Time elapsed: 21   Time left: 38.5
  Agent     Prior     Target     Score     SMILES
-33.06    -33.06     28.66      0.75      FC(F)(Br)C(Cc1ccccc1C(O)=O)(F)F
-38.46    -38.57     -9.56      0.35      C1CCCN(C(COc2c3c(ccc2Br)n(C)c(=S)s3)=O)C1C
-25.60    -25.74     28.48      0.66      Clc1ccc(NC(=O)CSc2[nH]c3ccccc3c(=NCc3ccccc3)n2)cc1
-19.94    -19.94     31.91      0.63      c1(NC(Nc2ccc(OC)cc2)=O)ccc(S(=O)(N)=O)cc1
-40.95    -41.16    -12.24      0.35      C12C(OC(=O)c3ccccc3)C3(CC(c4ccccc4)C1C2)C(=O)N(C(C)c1ccccc1)C(=O)N3
-19.22    -19.24     30.49      0.61      c1nc(N2CCN(CCO)CC2)ncc1
-34.52    -34.52    -17.24      0.21      c1c(C(O)=O)c(C(=O)O)cc(CN2C(=O)C(=Cc3cc(Cl)c(O)cc3)OC(C)(C)C2=O)c1
-32.53    -33.11     17.58      0.62      OC(CC(C(C)C)C(=O)NCc1ccc(OC)cc1)C(CN1C(C)(C)CN(c2c(Cl)cccc2)C(=O)C1)O
-32.65    -32.83     21.92      0.67      N(C(=O)C)Cc1cccc(OC2C(=O)c3c(nccc3)C2=O)c1
-33.11    -33.22     17.66      0.62      Clc1cc(Cl)ccc1C(O)(c1cnccc1C)C1(O)CCCCC1
Human-Component   raw_Human-Component
0.7526881694793701   0.7526881694793701   
0.3537634313106537   0.3537634313106537   
0.6612903475761414   0.6612903475761414   
0.6322580575942993   0.6322580575942993   
0.35268816351890564   0.35268816351890564   
0.6064516305923462   0.6064516305923462   
0.2107526808977127   0.2107526808977127   
0.6182795763015747   0.6182795763015747   
0.6677419543266296   0.6677419543266296   
0.6204301118850708   0.6204301118850708   

15:21:32: local_reinforcement_logger.timestep_report +41: INFO     
 Step 18   Fraction valid SMILES: 100.0   Score: 0.5000   Time elapsed: 22   Time left: 37.1
  Agent     Prior     Target     Score     SMILES
-29.80    -29.64     25.73      0.68      c1c2c(=O)n(Cc3ccc(OC)c4ccccc34)c(=O)[nH]c2cc(C(=O)N2CCN(Cc3cc4c(cc3)OCO4)CC2)c1
-30.46    -30.35     27.93      0.71      c1c(OC2CCC3N(S(CCC)(=O)=O)CCC23)ncc(C(F)(F)F)c1
-25.58    -25.68     12.85      0.47      c1ccc(NC(=O)c2ccc3c(c2)N(CC=C)C(=O)c2c(cccc2)[S+]3[O-])c(Cl)c1
-24.11    -24.18      5.27      0.36      N(=Nc1c(Cl)cccc1)c1c(O)[nH]c2ccc(S(=O)(NCc3ccccc3)=O)cc12
-44.17    -44.14     -3.14      0.50      C(Oc1cc2c(cc1O)C1CC3(C)C(C)=CCC(=O)C3(O)C1(C)C=C2)C=C
-30.62    -30.62     23.17      0.66      c1c(CO)cc(C(O)CNC(CCc2cc3c(cc2)OCO3)C)c2c1OCO2
-36.22    -36.24      2.74      0.48      c1c(-c2[nH]c(=NC3CNCC3)c3ccccc3n2)c(=Nc2ccc3n(CC)ncc3c2)[nH]cc1
-22.35    -22.54     26.75      0.60      [nH]1ccnc(SCC(=O)Nc2cccc(C)c2)c1=N
-36.93    -36.71     12.14      0.60      c1c(F)ccc(C2(CCCN3CCC4(CC3)c3c(cc(CN)cc3)C(c3ccccc3)CNC4=O)OCCO2)c1
-26.24    -26.29      7.74      0.42      O(C)c1cc(C2(CCCN(C)C)COc3ccccc3O2)cc(OC)c1OC
Human-Component   raw_Human-Component
0.675268828868866   0.675268828868866   
0.7107526659965515   0.7107526659965515   
0.4698924720287323   0.4698924720287323   
0.3591397702693939   0.3591397702693939   
0.5   0.5   
0.6559139490127563   0.6559139490127563   
0.47526881098747253   0.47526881098747253   
0.601075291633606   0.601075291633606   
0.5956989526748657   0.5956989526748657   
0.41505375504493713   0.41505375504493713   

15:21:34: local_reinforcement_logger.timestep_report +41: INFO     
 Step 19   Fraction valid SMILES: 100.0   Score: 0.5000   Time elapsed: 24   Time left: 37.2
  Agent     Prior     Target     Score     SMILES
-35.27    -35.26      9.71      0.55      C1C(CNC(=O)c2cc(OCC)ccc2)(N2CCN(S(=O)(=O)C(F)(F)F)CC2)CCCC1
-15.26    -15.33     43.75      0.72      c1(C2(N3CCCCC3)CCCCC2)ccccc1
-25.45    -25.20     -2.18      0.28      O1C(=O)N(Cc2ccc(Oc3ccc4ccccc4c3)cc2)CC1
-22.72    -22.53     34.96      0.70      Cc1cc(CC)c2c(N)c(C(=O)OCC)sc2n1
-38.21    -37.89      9.90      0.58      c1c(C)cc(-c2cccc3c(=Nc4ccc(CCN=c5c6c(cc(Cl)cc6)[nH]cc5)cc4OC)[nH]ccc32)cc1
-33.11    -33.72    -16.88      0.21      c1ccccc1CC(S(=O)(c1ccc(Cl)cc1)=O)(C(NCc1ccc2c(c1)OCO2)=O)C
-22.94    -23.28     25.66      0.60      c1ccccc1N1CCN(C(c2nn(CC)cc2)=O)CCC1
-40.02    -39.72      4.37      0.54      c12c(OC)cc(CCCOC)nc1c(C)c(C)cc2N1CCN(C)CC1
-33.02    -32.75      9.75      0.52      O(C(C1CCCNC1)=O)CC12C3CCC4(C)C(C3CC=C1CC(=O)CC2)CCC4=O
-26.64    -26.56     23.79      0.61      c1cc2[nH]c(=O)[nH]c2cc1N1C(c2ccc3nccnc3c2)CCC1
Human-Component   raw_Human-Component
0.5483871102333069   0.5483871102333069   
0.7204301357269287   0.7204301357269287   
0.2806451618671417   0.2806451618671417   
0.7010752558708191   0.7010752558708191   
0.5827956795692444   0.5827956795692444   
0.20537634193897247   0.20537634193897247   
0.5967742204666138   0.5967742204666138   
0.5376344323158264   0.5376344323158264   
0.5182795524597168   0.5182795524597168   
0.6139785051345825   0.6139785051345825   

15:21:36: local_reinforcement_logger.timestep_report +41: INFO     
 Step 20   Fraction valid SMILES: 96.9   Score: 0.4844   Time elapsed: 25   Time left: 35.7
  Agent     Prior     Target     Score     SMILES
-25.85    -25.99     34.23      0.73      Cc1ccc(C2CN(C(N)=O)CC2)nc1C
-36.00    -35.69     21.80      0.70      c12cc(-c3c(=NCC4CCC5(CN(C(OC(C)(C)C)=O)C5)C4)nc(N4CCC(C(N)=O)CC4)[nH]c3Cl)ccc1OCO2
-42.55    -42.75     11.35      0.66      C1CC(C(Sc2ccc(NC(C)=O)cc2F)=N)CC=C1C
-32.62    -33.23     20.12      0.65      c1(C(N2CCC(CNC(=O)c3ccc(Cl)cc3)N(C)C2)=O)cc(-c2ccccc2)[nH]n1
-27.72    -27.68     23.50      0.62      C(c1n2c3c(cccc3)c(=O)n(CCCOC(C)C)c2nn1)=Cc1ccc(F)cc1
-29.04    -29.22     20.27      0.60      c1(=NS(=O)(=O)c2ccccc2)c2c([nH]c(OCC#C)n1)n(Cc1ccccc1)cn2
-20.79    -20.99     18.03      0.48      c1cccc(CN(C(=O)CCCc2c3c(cccc3)[nH]c2)C)c1
-35.77    -35.87    -35.87      0.00      c1c2c(=O)c3c(n4c2c(c1)C(O)CCC4)OC(CC)C3
-26.47    -26.47     15.38      0.51      C(C(NCCNS(=O)(C)=O)=O)n1c([N+](=O)[O-])ncc1
-38.78    -38.69    -15.22      0.29      C1c2c(C(=O)OC)cc(Sc3nccs3)cc2S(=O)(=O)N1Cc1ccccc1
Human-Component   raw_Human-Component
0.7344827651977539   0.7344827651977539   
0.7011494040489197   0.7011494040489197   
0.659770131111145   0.659770131111145   
0.6505746841430664   0.6505746841430664   
0.6241379380226135   0.6241379380226135   
0.6034482717514038   0.6034482717514038   
0.475862056016922   0.475862056016922   
0.0   0.0   
0.5103448033332825   0.5103448033332825   
0.2862069010734558   0.2862069010734558   

15:21:38: local_reinforcement_logger.timestep_report +41: INFO     
 Step 21   Fraction valid SMILES: 100.0   Score: 0.5000   Time elapsed: 27   Time left: 35.6
  Agent     Prior     Target     Score     SMILES
-35.24    -34.86     -9.46      0.31      C(C(N(C=O)O)CN1CCN(c2cc(OC)c(N=c3[nH]cc4c(n3)-c3c(-c5ccccc5Cl)n(C)nc3CC4)cc2)CC1)#N
-21.16    -21.25     42.41      0.78      C1CC(CCc2cccc3c2cccc3)NC1
-26.23    -26.10    -13.22      0.16      C1CC(C2=NN(CC(Nc3c(C(O)=O)cccc3)=O)C(=O)N(CCCCC(=O)O)c3ccccc32)CCC1
-20.34    -20.57     43.09      0.78      N(N=Cc1ccc(F)cc1)C(NC(C)(C)C)=S
-24.96    -25.13     36.24      0.75      c1cc(C(=CC)C(c2ccc(OC)cc2)c2ccc(O)cc2)ccc1OCCN(CC)CC
-24.32    -24.17     33.23      0.70      C1CCc2c(SCC(=O)N=c3sc(C)n[nH]3)nc(=O)n(CCN(CC)CC)c21
-26.94    -27.13     14.40      0.51      c1nn(C)cc1NC(=O)c1ccc(CSc2ccccc2)cc1
-33.51    -33.59     20.90      0.66      c1(NC(Cn2c(=NCc3c(Cl)cccc3)nc3cc(C)[nH]c(=O)n32)=O)ccc(Cl)cc1
-26.10    -26.01     25.13      0.62      c1c(Cc2c3c(c(=O)[nH]n2)cccc3)cc(CN2CCS(=O)(=O)CC2)cc1
-22.30    -22.06     29.17      0.62      c1(N)ccc(S(=O)(c2cc(OC)ccc2OC)=O)cc1
Human-Component   raw_Human-Component
0.3096774220466614   0.3096774220466614   
0.7763440608978271   0.7763440608978271   
0.15698924660682678   0.15698924660682678   
0.7763440608978271   0.7763440608978271   
0.7483870983123779   0.7483870983123779   
0.699999988079071   0.699999988079071   
0.5064516067504883   0.5064516067504883   
0.6645161509513855   0.6645161509513855   
0.6236559152603149   0.6236559152603149   
0.624731183052063   0.624731183052063   

15:21:40: local_reinforcement_logger.timestep_report +41: INFO     
 Step 22   Fraction valid SMILES: 100.0   Score: 0.5000   Time elapsed: 29   Time left: 35.3
  Agent     Prior     Target     Score     SMILES
-29.35    -29.28     10.22      0.48      O=C(CCCOc1ccc(NC(=O)c2ccc(OC)cc2)cc1)NC
-32.40    -32.22     18.92      0.62      c1(N(C)C)nccnc1Cc1onc(-c2ccccc2Cl)n1
-38.60    -39.03     16.87      0.68      C(C1C2OC3(C1)C(C2)c1c(cccc1)C3)N(CC)CC
-34.18    -33.83     -1.47      0.39      c12c(cc(Br)cc1)c1c3cc(Br)ccc3n(CCN(CC)CC)c1c1[nH]c3c(cc(O)cc3)c21
-23.00    -22.85     20.35      0.53      c1(-c2cc(C(=O)Nc3cc(NC(=O)C)ccc3)c(C)o2)ccccc1
-40.63    -40.82    -22.40      0.22      C(C)C1(c2cc(N=C(N)c3sccc3)ccc2)N=C2N(c3c(cc(C(N)=O)cc3)C(=O)N(C)C2)C1
-28.30    -28.07     24.22      0.64      O1CCC(C(=O)N2CCCC2C(N=c2[nH]cc(F)cc2)=O)C1
-22.08    -22.56     30.44      0.65      c1c(S(=O)(=O)N2CC(C(=O)N3CCN(c4cccc(C)c4C)CC3)CCC2)cccc1
-30.30    -30.39      7.96      0.47      C(CCCCSC(C(N1CCCC1)=O)NC(=O)C)C
-31.66    -31.77     16.90      0.59      C1CN(c2c(C=C3SC(=S)N(CC)C3=O)c(N(C)C)c3ccccc3n2)C(=O)C1
Human-Component   raw_Human-Component
0.4817204177379608   0.4817204177379608   
0.6236559152603149   0.6236559152603149   
0.6817204356193542   0.6817204356193542   
0.39462366700172424   0.39462366700172424   
0.5268816947937012   0.5268816947937012   
0.2247311770915985   0.2247311770915985   
0.6376343965530396   0.6376343965530396   
0.6462365388870239   0.6462365388870239   
0.4677419364452362   0.4677419364452362   
0.5935483574867249   0.5935483574867249   

15:21:41: local_reinforcement_logger.timestep_report +41: INFO     
 Step 23   Fraction valid SMILES: 93.8   Score: 0.4687   Time elapsed: 31   Time left: 34.9
  Agent     Prior     Target     Score     SMILES
-27.34    -27.22     20.44      0.58      C1(C)CN(CC(COC(c2cc(Cl)ccc2)c2cccs2)O)CCC1
-23.83    -23.75    -15.78      0.10      c1cc(-c2ccc(-c3nc4ccccc4[nH]3)s2)ccc1CNCCS(=O)(=O)C
-33.28    -33.21      7.08      0.49      c12c(cccc1)nc1c(c2C=C)c2c(nc1C(C)C)cccc2
-42.97    -43.01    -16.75      0.32      FC(F)(c1cc(C(=C2CCN(S(=O)(c3c(C)n(C)nc3C)=O)CC2)CCC(C(O)=O)Nc2cc(C)cc(C)c2)cc(C(F)(F)F)c1)F
-32.08    -31.86    -17.11      0.18      C1(=O)C(NC(Nc2c(C)cccc2)=O)C=C(C(C)C)CC1
-27.54    -27.44     23.25      0.62      C1(CN2CCCC2)CN(C(c2c[nH]nc2C)=O)CCC1
-30.64    -30.97     -2.79      0.34      N(C(C#N)(CCc1ccc(C(C)(C)C)cc1)CC)CCc1ccccc1
-36.89    -37.07      1.81      0.47      C(CCCC(=O)N(CCC(O)=O)O)CCCCCCCNC(=O)C(Cc1ccc(OC)cc1)=NO
-27.23    -27.68     29.98      0.70      c1c(-c2cc(N3CC(CN(C)C)OCC3)ncc2Cl)ccnc1
-25.25    -25.34     -5.44      0.24      c1c(OC)ccc(NC(=O)Cn2c3cc(OC)ccc3cc2C(=O)OCC)c1
Human-Component   raw_Human-Component
0.5812807679176331   0.5812807679176331   
0.09729064255952835   0.09729064255952835   
0.4913793206214905   0.4913793206214905   
0.32019704580307007   0.32019704580307007   
0.17980295419692993   0.17980295419692993   
0.6182265877723694   0.6182265877723694   
0.34359607100486755   0.34359607100486755   
0.47413793206214905   0.47413793206214905   
0.703201949596405   0.703201949596405   
0.2426108419895172   0.2426108419895172   

15:21:43: local_reinforcement_logger.timestep_report +41: INFO     
 Step 24   Fraction valid SMILES: 100.0   Score: 0.5000   Time elapsed: 33   Time left: 34.3
  Agent     Prior     Target     Score     SMILES
-31.59    -31.83     12.25      0.54      o1c2c(ccc(-c3ccccc3)c2)c(=O)c(CCCCCCC=O)c1C
-31.38    -31.38      8.03      0.48      S=C(N(Cc1n(C)cc(Cl)c1)C(C)C)Nc1ccc(OC)cc1
-23.07    -23.19     13.58      0.45      C1CN(C(Cn2cc(-c3[nH]c4c(=O)n(CCC)c(=O)n(CCC)c4n3)cn2)=O)CCN1c1ccccc1
-22.66    -22.82     30.43      0.65      OC(CC(CCc1ccc(OC)c(OC)c1)O)CCc1ccc(OC)c(OC)c1
-33.81    -33.75     22.07      0.68      O=C(NCC(O)(c1ccccc1)c1ccc(C(C)(C)C)cc1)CCCCCC(O)=NO
-27.71    -28.03      6.89      0.43      n1ccc(C(NCC(C)(C)SSC2CCCCC2)=O)cc1
-40.84    -41.85     10.53      0.64      C(NC(C(NC(=O)C1CCCN(C(C(C(C)C)N)=O)C1)CC(C)(C)C)=O)Cc1cc2ccccc2cc1
-33.15    -33.66    -13.56      0.25      C1(C(=NO)O)(C)CCN(c2nc(-c3c(OCc4c(F)c5c(cc4)CCCC5)c(F)ccc3)ccn2)CC1
-24.61    -24.72     30.03      0.67      NC(c1cc(C(=O)N2CCOCC2)ccc1)=N
-37.11    -36.68     -4.23      0.40      n1(-c2c(Cl)cc(Cl)cc2Cl)cc(C(Oc2ccc(CCN=c3[nH]cnc4c3ncn4C3OC(C(=O)NC)C(O)C3O)cc2)=O)nn1
Human-Component   raw_Human-Component
0.5376344323158264   0.5376344323158264   
0.48064514994621277   0.48064514994621277   
0.448387086391449   0.448387086391449   
0.6494623422622681   0.6494623422622681   
0.6806451678276062   0.6806451678276062   
0.42580646276474   0.42580646276474   
0.6387096643447876   0.6387096643447876   
0.2451612949371338   0.2451612949371338   
0.6677419543266296   0.6677419543266296   
0.3956989347934723   0.3956989347934723   

15:21:45: local_reinforcement_logger.timestep_report +41: INFO     
 Step 25   Fraction valid SMILES: 96.9   Score: 0.4844   Time elapsed: 34   Time left: 32.7
  Agent     Prior     Target     Score     SMILES
-32.03    -32.26     -2.29      0.37      CC(c1c(C(C)=O)n2c([n+]1CC(OCC)=O)CCCC2)C
-35.65    -34.90     22.40      0.70      c1(O)cc(C2C([N+](=O)[O-])=C3N(CCN3c3ccccc3)C(c3ccc(Cl)cc3)S2)ccc1OC
-43.29    -43.20      8.93      0.64      Cc1c(N(COC(=O)C(NC(C)=O)COC(C)=O)CC)n2c(ccc(Cl)c2)n1
-51.27    -51.06    -34.47      0.20      c1c(C(N=c2[nH]c(=O)c3ccc(N(C)C(=O)C4CCCCC4)cc3n2CC(NCCCCN=c2c3c([nH]c4cc(Cl)ccc42)CCCC3)=O)c2ccccc2)cccc1
-24.57    -24.87      0.49      0.31      CC(CO)N1C(=O)c2cccc(NC(c3cnccc3)=O)c2OC(CN(S(=O)(c2sccc2)=O)C)C(C)C1
-26.99    -26.98    -14.91      0.15      c1c(C(OC)=O)c(NC(C2C(c3occc3)NC(=S)N=C2C)=O)ccc1
-45.46    -45.18    -31.80      0.16      c1(OC)ccc(C2=CCN(C3C=C(c4n(CCO)ncc4C)Cc4c3ccc(OC)c4)CC2)cc1
-25.58    -25.80     -8.37      0.21      N(S(c1ccccc1)(=O)=O)C1CC(=O)N(CCc2ccc(OC)cc2)C1
-21.04    -21.34     38.23      0.73      c1ccc(N2CCN(CCCCC3=Cc4c(cccc4)CC3)CC2)cc1
-22.03    -22.19     -0.32      0.27      c1c(Br)cccc1C(NN=Cc1c[nH]c2c1cccc2)=O
Human-Component   raw_Human-Component
0.3655172288417816   0.3655172288417816   
0.6988505721092224   0.6988505721092224   
0.6356321573257446   0.6356321573257446   
0.2022988498210907   0.2022988498210907   
0.3091953992843628   0.3091953992843628   
0.1471264362335205   0.1471264362335205   
0.1632183939218521   0.1632183939218521   
0.21264368295669556   0.21264368295669556   
0.7264367938041687   0.7264367938041687   
0.2666666805744171   0.2666666805744171   

15:21:46: local_reinforcement_logger.timestep_report +41: INFO     
 Step 26   Fraction valid SMILES: 93.8   Score: 0.4688   Time elapsed: 36   Time left: 32.0
  Agent     Prior     Target     Score     SMILES
-25.79    -25.73     24.26      0.61      o1c(N)c(C#N)c2c(=O)n(-c3ccccc3)c(=S)[nH]c12
-24.45    -24.27     36.32      0.74      C(NC1=NCCN1OCc1ccccc1)CCn1cncc1
-19.56    -19.92     33.90      0.66      c1(Cl)ccc(C(C#N)(C)C)cc1
-29.10    -29.45     14.27      0.53      n12c3c(cccc3)nc1-c1ccccc1C2(C(OC)=O)c1ccccc1
-37.98    -37.87     -5.76      0.39      O(c1c(C(F)(F)F)cc(C[S+]([O-])CC(=O)N2CCOCC2)cc1)S(c1ccc(F)cc1)(=O)=O
-35.75    -35.60     14.18      0.61      c1c(S(c2cc(S(c3ccc(=N)[nH]c3)(=O)=O)ncc2)(=O)=O)c(C)nc(C)c1
-21.27    -21.58     27.30      0.60      C1CCCC1n1c(=O)c(C#N)cc2c1nc(=Nc1ccc(N3CCN(C)CC3)cc1)[nH]c2
-23.76    -23.59     13.47      0.45      [nH]1nnc(-c2c(-c3ccc(CN4C(CCCC)=NC(C5CCCCC5)(C(F)(F)F)C4=O)cc3)cccc2)n1
-21.92    -22.24     13.71      0.44      C1OCC(Cc2ccccc2C(F)(F)F)C1
-25.38    -25.18     -1.85      0.28      [n+]1(CC(OCC)=O)ccc(C=C2Oc3cc(OCCC)ccc3C2=O)cc1
Human-Component   raw_Human-Component
0.6096059083938599   0.6096059083938599   
0.738916277885437   0.738916277885437   
0.6564039587974548   0.6564039587974548   
0.5332512259483337   0.5332512259483337   
0.39162561297416687   0.39162561297416687   
0.6071428656578064   0.6071428656578064   
0.5960590839385986   0.5960590839385986   
0.4519704580307007   0.4519704580307007   
0.43842363357543945   0.43842363357543945   
0.2844827473163605   0.2844827473163605   

15:21:48: local_reinforcement_logger.timestep_report +41: INFO     
 Step 27   Fraction valid SMILES: 93.8   Score: 0.4688   Time elapsed: 38   Time left: 31.2
  Agent     Prior     Target     Score     SMILES
-36.68    -36.18     22.59      0.72      c1c(NC(=O)c2cc3c(oc2=N)c(Br)c([N+](=O)[O-])cc3)cccc1Br
-28.82    -28.66     10.02      0.47      S(c1sc(CC(Nc2ccccc2CC)=O)c(CC)c1C)(=O)(N)=O
-28.71    -29.19     24.44      0.65      C1C(C2CCCCC2)(C2c3cc(OCCNS(=O)(c4cccs4)=O)ccc3CCN2)C1
-29.41    -29.84     -8.83      0.26      c1(=O)cc(C(C)C)[nH]n1-c1cc(CNc2ccccc2)ccc1
-25.18    -24.75     -0.41      0.30      N(c1ccc(OC(F)F)cc1)C(CNC(Cc1ccc(OC)c(OC)c1)=O)=O
-49.75    -49.60    -49.60      0.00      C1C23C(C)(C)C(CC1)CC2OO1OC(n2nnc(-c4ccc(F)cc4)c2)CC1C3
-29.15    -29.01    -11.44      0.21      N(=c1[nH]cnc(C)c1)S(=O)(c1ccc2n(-c3cc(F)c(-c4cc(Cl)cnc4OC)cc3OC)c(=O)ccc2c1)=O
-22.24    -22.30      4.77      0.33      c1cccc2c1C1(OCCO1)C(=O)N2CC(NC1CCCCC1)=O
-28.23    -28.12     21.47      0.60      Oc1c(C(=O)O)c2cccnc2n1Cc1cc2c(cccc2)cc1
-21.02    -21.22     35.54      0.69      c1(-c2occ(CN(c3ccccc3)C)n2)ccccc1Cl
Human-Component   raw_Human-Component
0.7167487740516663   0.7167487740516663   
0.4716748893260956   0.4716748893260956   
0.6539409160614014   0.6539409160614014   
0.25615763664245605   0.25615763664245605   
0.2967980206012726   0.2967980206012726   
0.0   0.0   
0.2142857164144516   0.2142857164144516   
0.3300492465496063   0.3300492465496063   
0.6046798229217529   0.6046798229217529   
0.692118227481842   0.692118227481842   

15:21:50: local_reinforcement_logger.timestep_report +41: INFO     
 Step 28   Fraction valid SMILES: 96.9   Score: 0.4844   Time elapsed: 40   Time left: 30.3
  Agent     Prior     Target     Score     SMILES
-21.73    -21.49     36.00      0.70      C(c1nc[nH]c1)(c1ccc(Br)cc1)=O
-37.52    -37.32     14.62      0.63      n1c2sc3c(c2c(=O)n(N=Cc2cc(O)ccc2)c1)CCOC(CCN(C)C)C3
-31.09    -30.75     -9.73      0.26      c1c2c(C)c(-c3ccc(N(C)C)cc3)oc2ccc1NC(c1ccc(OC)c(-c2cccc(OC)c2)c1)=O
-25.64    -25.47     -1.34      0.29      c1(Br)sc2c(c(SCC(=O)N(C)C)ncn2)c1
-18.69    -19.33     38.07      0.70      c1ccccc1-c1cnc(C)nc1
-50.30    -50.25    -28.48      0.27      c1c(-c2cnc(C(CCCCCCc3ccccc3)=O)o2)n(-c2ccc(C(=O)N(C(C(C)(C)CO)=C)C)nn2)cc1
-21.86    -21.87      2.45      0.30      C12=Cc3c(cnn3-c3ccc(F)cc3)CC1(COCC)OC(C)(C)O2
-35.48    -35.55    -35.55      0.00      Cc1cc(C)n2c(n1)nc(C(C)C)c1nc(C)ccc21
-20.91    -20.85     22.50      0.53      O(c1c(Cc2c(C)c(=O)nc(SC(CC)C)[nH]2)cccc1)C
-22.27    -22.46     35.41      0.71      c1c(C(=O)NC(=O)NCc2ccccc2)ccc(OCC)c1
Human-Component   raw_Human-Component
0.7011494040489197   0.7011494040489197   
0.6333333253860474   0.6333333253860474   
0.25632184743881226   0.25632184743881226   
0.294252872467041   0.294252872467041   
0.699999988079071   0.699999988079071   
0.2655172348022461   0.2655172348022461   
0.29655173420906067   0.29655173420906067   
0.0   0.0   
0.5287356376647949   0.5287356376647949   
0.705747127532959   0.705747127532959   

15:21:52: local_reinforcement_logger.timestep_report +41: INFO     
 Step 29   Fraction valid SMILES: 100.0   Score: 0.5000   Time elapsed: 41   Time left: 28.7
  Agent     Prior     Target     Score     SMILES
-27.79    -28.08    -17.50      0.13      C1(=Cc2nc3c(cccc3)cc2)C(=O)N(CCNC(=O)c2ccc(OC)cc2)C(=O)S1
-20.52    -20.27     -0.96      0.24      c12cc(OC)c(OC)cc1c1c(c3c2cc(OC)cc3)CN2CCCC2C1
-32.97    -32.59     -4.20      0.35      c1cc(OC)cc2c1nc(CSc1nc3c(C)cccc3o1)o2
-22.97    -22.82    -13.92      0.11      c1cc(F)cc(F)c1NC(CN1c2c(ccc(S(N3CCC(C)CC3)(=O)=O)c2)OCC1=O)=O
-24.34    -24.31      5.31      0.36      OC(=O)c1cn(C2CC2)c2c(cc(F)c(N3C(CC)CC(OC)C3)n2)c1=O
-25.95    -25.94    -12.63      0.16      CCC(CC(OCC(=O)c1ccc(OC)cc1OC)=O)CC
-25.65    -25.58     -4.95      0.25      C(C)N(CC)C(CN1CCC(c2nc(=NC3CC3)[nH]cc2)CC1)=O
-21.82    -22.01     18.64      0.50      c1c(-c2nc(=NC3CCCC3)c3ccccc3[nH]2)nccc1
-25.45    -25.53     -2.78      0.28      c1cc2c(cc(C(NCC3CCN(CC(c4ccccc4)c4ccccc4)C(=O)C(CCCNC(=N)N)N3)=O)cc2)cn1
-25.97    -25.88    -19.80      0.07      c1(N=Nc2c3ccccc3c(O)c(C(O)=O)c2O)ccc(N(C)C)cc1
Human-Component   raw_Human-Component
0.12903225421905518   0.12903225421905518   
0.23548386991024017   0.23548386991024017   
0.34623655676841736   0.34623655676841736   
0.10860215127468109   0.10860215127468109   
0.3612903356552124   0.3612903356552124   
0.16236558556556702   0.16236558556556702   
0.25161290168762207   0.25161290168762207   
0.4956989288330078   0.4956989288330078   
0.2774193584918976   0.2774193584918976   
0.0741935446858406   0.0741935446858406   

15:21:53: local_reinforcement_logger.timestep_report +41: INFO     
 Step 30   Fraction valid SMILES: 96.9   Score: 0.4844   Time elapsed: 43   Time left: 27.7
  Agent     Prior     Target     Score     SMILES
-51.68    -52.17    -52.17      0.00      COCCN(Cc1cc(N=c2c3c(cc(Cl)cc3)[nH]cc2)cc(OC)c1)CCOCCOc1cc(-c2cc(-c3ccc[nH]c3=O)[nH]c(=N)n2)ccc1
-23.19    -23.24     30.11      0.65      N(C(=O)Cc1cc2c(cc1)OCO2)Cc1ccccc1Cl
-55.05    -55.11    -28.91      0.32      C(C(O)=O)CC1CCN(C(N(C)C(c2cc(Cl)c(Cl)cc2)CCCN2CCC(n3c4ccccc4nc3C)CC2)CCCC(=O)O)CC1
-39.72    -39.11    -29.59      0.12      c1(C)c2c(OC)noc2c(C)c(Cc2cc(OC)c(CCCC)cc2)c1
-28.20    -27.27     29.94      0.70      c1ccc(OC)cc1CNC(=O)c1c(C)n2c(s1)nc(-c1cc(OC)c(OC)c(OC)c1)c2
-37.31    -37.57      5.32      0.52      c1cc(CC(O)=O)ccc1NC(=O)c1cnc(N(CC2CC2)C2C(F)CCCC2)cc1
-30.02    -30.38     13.26      0.53      C(C(C)=O)CC(C(OC)=O)=C1c2ccccc2C(=O)O1
-36.37    -36.50    -22.27      0.17      C1(NS(=O)(=O)c2ccc(NC(=O)Nc3cc(C(=N)N)ccc3)cc2)(c2cc(OC)ccc2)CCN(Cc2ccccc2)CC1
-35.13    -36.34      0.13      0.44      c1cc(C(C)C)ccc1C(c1c(-c2ccc(Cl)cc2)c(C(CC(=O)C(=O)OCC)=O)[nH]c1C(C)C)=O
-21.99    -22.08     30.14      0.64      Cc1ccc(C=NNC(=O)Cc2[nH]c(=N)sc2)cc1
Human-Component   raw_Human-Component
0.0   0.0   
0.6505746841430664   0.6505746841430664   
0.31954023241996765   0.31954023241996765   
0.11609195172786713   0.11609195172786713   
0.6977011561393738   0.6977011561393738   
0.522988498210907   0.522988498210907   
0.5321838855743408   0.5321838855743408   
0.17356321215629578   0.17356321215629578   
0.4448275864124298   0.4448275864124298   
0.636781632900238   0.636781632900238   

15:21:56: local_reinforcement_logger.timestep_report +41: INFO     
 Step 31   Fraction valid SMILES: 93.8   Score: 0.4688   Time elapsed: 46   Time left: 27.3
  Agent     Prior     Target     Score     SMILES
-59.14    -59.68    -14.03      0.56      c12ccccc1N1C(C3(C)CCC(C3(c3cc(C(SC)=NS(=O)(c4ccc(Cl)cc4)=O)ccc3O)O)CC1)O2
-38.74    -38.78      5.76      0.54      CC(O)(C(O)C(Nc1ccc(-c2[nH]cc(C)n2)c(F)c1)=O)C
-22.33    -22.51     33.84      0.69      c1ccc(CCCNS(=O)(=O)c2c(C)[nH]c(C)c2C(=O)N2CCCCC2)cc1
-42.98    -42.30    -23.41      0.23      c1n(NS(c2cc(OC)c(OC)cc2)(=O)=O)c2cc(S(c3cccc4c3cccc4N(C)C)(=O)=O)ccc2c1
-24.96    -25.24      0.62      0.32      c1cccc(C(=O)O)c1C(N(c1cccc(C)c1)C)=O
-31.09    -31.39     25.36      0.69      C1=C(SC)C(=O)C(c2c(=O)n(C)c(=O)n(C)c2O)=C1
-30.64    -30.18     24.26      0.66      N(CC1CCCO1)(C1CCN(c2ccnc(SC)n2)C1)CC
-28.37    -28.15     24.06      0.64      c12c(ccnc1)nc(-c1cn(C)c3c1cc(F)cc3)cc2C(=O)O
-39.16    -39.65    -17.63      0.27      c1c(C(=O)N)c2c(ccc(C(C)(C(NC3(C(N=c4[nH]c(OC)c(C=CC(O)=O)cc4)=O)CCCC3)=O)CCC)c2)s1
-22.29    -22.91     25.36      0.59      c1cccc(CN(C)C(c2ccc(C#Cc3ccccc3)cc2)C)c1
Human-Component   raw_Human-Component
0.5566502213478088   0.5566502213478088   
0.5431034564971924   0.5431034564971924   
0.6871921420097351   0.6871921420097351   
0.2302955687046051   0.2302955687046051   
0.31527093052864075   0.31527093052864075   
0.692118227481842   0.692118227481842   
0.6637930870056152   0.6637930870056152   
0.6366994976997375   0.6366994976997375   
0.26847290992736816   0.26847290992736816   
0.5886699557304382   0.5886699557304382   

15:21:58: local_reinforcement_logger.timestep_report +41: INFO     
 Step 32   Fraction valid SMILES: 96.9   Score: 0.4844   Time elapsed: 48   Time left: 26.2
  Agent     Prior     Target     Score     SMILES
-25.15    -24.86      1.91      0.33      Cc1cc(-n2nccn2)c(C(=O)N2CC3C(CN(c4nc(C)cc(OC)n4)C3)C2)cc1
-26.98    -27.98     13.21      0.50      c1c(Cl)[nH]c(C(NCc2ccc(S(=O)(=O)c3cncc(C(F)(F)F)c3)cc2)=O)c1
-42.12    -41.32      6.09      0.58      c1(OC)ccc2c(oc(C)cc2=O)c1CN=c1cc[nH]c(=Nc2ccc3ccccc3c2)[nH]1
-43.39    -43.78    -18.52      0.31      O1C2(CC(c3ccc(OC)cc3)=N1)C1C3(C2)C(=O)Nc2ccccc2C3(O)C2OC21
-18.80    -18.63     28.59      0.58      n1[nH]c2cc(=NC(=O)NC(C)c3ccccc3)[nH]c(CO)c2c1
-26.45    -26.51     28.44      0.67      C(c1cc(-n2nnc(COc3ccc(C=O)cc3)c2)ccc1)#C
-25.75    -25.12     -4.95      0.25      O=C(NCC1CCN(CC(c2ccccc2)c2ccccc2)C(=O)C(CCCN)N1)c1ccc2c(c1)c(C)c[nH]2
-25.16    -24.82     26.46      0.63      c1(OC)cc2n(C3C(O)C(O)C(CO)O3)c(SC)nc2cc1OC
-30.95    -31.71     13.53      0.55      c12c(c(F)c3c(c1)CC(C(=O)NCc1c(F)cc(F)cc1)O3)C(C)(C)CCC2(C)C
-24.53    -24.60     24.98      0.60      C(C)(NC(=NO)c1cc(F)ccc1)C
Human-Component   raw_Human-Component
0.3264367878437042   0.3264367878437042   
0.5022988319396973   0.5022988319396973   
0.5781609416007996   0.5781609416007996   
0.30804598331451416   0.30804598331451416   
0.5758620500564575   0.5758620500564575   
0.6701149344444275   0.6701149344444275   
0.2459770143032074   0.2459770143032074   
0.6252873539924622   0.6252873539924622   
0.5517241358757019   0.5517241358757019   
0.6045976877212524   0.6045976877212524   

15:21:59: local_reinforcement_logger.timestep_report +41: INFO     
 Step 33   Fraction valid SMILES: 100.0   Score: 0.5000   Time elapsed: 49   Time left: 24.5
  Agent     Prior     Target     Score     SMILES
-25.83    -25.48     32.71      0.71      c1c2c(cc(CN3CCC(N=c4[nH]c(=NCCC)[nH]c(=NCC=C)[nH]4)CC3)c1)OCO2
-16.45    -16.64     37.49      0.66      c12ccccc1c(=O)c1ccccc1[nH]2
-19.71    -19.82     -3.15      0.20      c1cc(C(NCCCC)=O)sc1
-27.33    -27.20     25.08      0.64      C(N(CC)CC)(=O)c1ccc2c(nc(Cc3ccc(OCC)cc3)n2CC2OCCC2)c1
-46.04    -46.33    -27.90      0.22      O(C(C=Cc1ccc(OC)cc1OC)=O)C1C23C(C(=O)C(=O)C=C2)C(C(C)=C3)C1
-27.40    -27.50      5.74      0.41      C(CC(O)=O)CCCn1nnc(-c2ccc(NS(=O)(C)=O)cc2)c1
-18.39    -18.73     28.53      0.58      c1ccc(CNC(=O)CCC)cc1
-22.76    -23.46     27.86      0.63      c1cc(-n2c(=O)n(Cc3c(F)cccc3F)c3sc(C(N(CC)CC)=O)c(C)c3c2=O)ccc1
-37.04    -37.07     -7.71      0.36      c1cc(C(NC(C(NCCN2C(=O)c3ccc([N+](=O)[O-])cc3C2=O)=O)CC(N)=O)=O)ccc1
-77.81    -77.79    -58.39      0.24      c1(COc2c(SC)c(Br)sc2S(=O)(=O)C(C(Br)=C(Br)Br)=NC2C(=O)N(C(C(=O)OCC)c3ccccc3)CCC2)cccc(C(F)(F)F)c1
Human-Component   raw_Human-Component
0.7096773982048035   0.7096773982048035   
0.6602150797843933   0.6602150797843933   
0.20322580635547638   0.20322580635547638   
0.6376343965530396   0.6376343965530396   
0.2247311770915985   0.2247311770915985   
0.4053763449192047   0.4053763449192047   
0.5763440728187561   0.5763440728187561   
0.625806450843811   0.625806450843811   
0.3580645024776459   0.3580645024776459   
0.23655913770198822   0.23655913770198822   

15:22:00: local_reinforcement_logger.timestep_report +41: INFO     
 Step 34   Fraction valid SMILES: 100.0   Score: 0.5000   Time elapsed: 50   Time left: 22.9
  Agent     Prior     Target     Score     SMILES
-24.62    -24.40     12.37      0.45      c1c(Cl)c(CN(C(=O)C2N(c3cnc(OCCCOCc4ccccc4OC)nc3)C(=O)CNC2)C2CC2)cc(CCCOC)n1
-24.57    -24.61     27.94      0.64      c1cc2c(cc1F)C(OCCC)=C(C(OCC)=O)C2=O
-25.66    -25.56     24.34      0.61      c1(Sc2ccccc2)c2c(nc(N(C)C)n1)cccc2
-25.03    -25.50     18.32      0.53      C(Oc1c(Cl)cccc1)C(=O)Nc1ccc(S(=O)(=O)NC(=N)N)cc1
-22.56    -22.63      7.52      0.37      c1cccc(-c2n[nH]c(=S)n2CCCCCC)c1F
-26.88    -27.51     16.75      0.54      C(N1CCN(C(=O)C(=O)c2c3c([nH]c2)c(-n2ccc(C(F)(F)F)n2)ncn3)CC1)(=O)C
-46.20    -46.51    -20.15      0.32      O(C)C1C(OC)C(n2c(Cl)cc(=O)c3c2[nH]c(C(NCc2occc2)=O)n3)OC(CO)C1O
-36.44    -36.13    -22.73      0.16      CC(CC)c1cc(-c2[nH]nc(C(=O)NN=Cc3cc(OC)c(O)cc3)c2)on1
-33.77    -34.02      9.27      0.53      C(C(N1CCC(NS(c2ccc(C)cc2)(=O)=O)CC1)=O)=Cc1c2ccccc2n(-c2ccc(F)cc2)c1
-23.22    -22.98     26.48      0.60      C1NC(=O)c2[nH]c3cc(F)c(Cl)cc3c2CC1
Human-Component   raw_Human-Component
0.448387086391449   0.448387086391449   
0.6408601999282837   0.6408601999282837   
0.6086021661758423   0.6086021661758423   
0.5344086289405823   0.5344086289405823   
0.3677419424057007   0.3677419424057007   
0.5397849678993225   0.5397849678993225   
0.3215053677558899   0.3215053677558899   
0.16344085335731506   0.16344085335731506   
0.5279569625854492   0.5279569625854492   
0.603225827217102   0.603225827217102   

15:22:01: local_reinforcement_logger.timestep_report +41: INFO     
 Step 35   Fraction valid SMILES: 96.9   Score: 0.4844   Time elapsed: 51   Time left: 21.2
  Agent     Prior     Target     Score     SMILES
-38.74    -39.11     23.10      0.76      CN(C1CN(C(CCC(C(N2CCc3ccccc3C2)=O)NS(CCCc2ccccc2)(=O)=O)=O)CC1)C
-29.00    -28.94      6.78      0.44      C1(c2n3c4c(cccc4)c(=O)n(C)c3nn2)CCN(C(=O)c2c(C)cccc2)CC1
-29.67    -29.49    -11.96      0.21      c12c(cccc1)n(C)c1[nH]c3ccccc3c1c2=NCCCCCCCCN=c1c2c([nH]c3c1cccc3)CCC2
-26.26    -25.85     16.09      0.51      c1sc(=NC(c2ccc(OCC=CCCC)cc2)=O)[nH]c1C
-28.85    -29.04    -13.21      0.19      C(O)(c1cc(-c2ccccc2)n(S(=O)(c2ccc(Cl)cc2)=O)c1C(=O)OC)=O
-23.08    -23.14      9.09      0.39      C(c1cc(=O)oc2ccc3c(c12)occ3)CC
-24.57    -24.68     24.99      0.61      N1(C)CC(c2ccc(F)cc2)c2ccc(OCC)cc21
-31.76    -31.39     30.25      0.75      O=S(=O)(Nc1cccnc1)c1ccc2cc(OCCCC#N)ccc2c1
-26.25    -26.84     30.46      0.70      c1c(CN(c2c(C)cc(C)cc2C)S(=O)(=O)c2ccc(C(=O)O)cc2)ccc(F)c1
-22.47    -22.83     29.77      0.64      n1c(-c2ccc(Cl)cc2)n(CCC)c(=O)c2ccccc12
Human-Component   raw_Human-Component
0.7586206793785095   0.7586206793785095   
0.4356321692466736   0.4356321692466736   
0.2137930989265442   0.2137930989265442   
0.5114942789077759   0.5114942789077759   
0.19310344755649567   0.19310344755649567   
0.3931034505367279   0.3931034505367279   
0.6057471036911011   0.6057471036911011   
0.751724123954773   0.751724123954773   
0.6988505721092224   0.6988505721092224   
0.6413792967796326   0.6413792967796326   

15:22:03: local_reinforcement_logger.timestep_report +41: INFO     
 Step 36   Fraction valid SMILES: 96.9   Score: 0.4844   Time elapsed: 52   Time left: 19.7
  Agent     Prior     Target     Score     SMILES
-24.18    -23.97     37.67      0.75      CC(c1c(N=C2NCCO2)ccc(F)c1)=O
-40.34    -40.46     13.07      0.65      c1cc(CC(C(NC2C(O)Cc3c2cccc3)=O)CC(CN2C(=O)CN(C(CCc3ccccc3)C(=O)NC(C)(C)C)C2=O)O)cc(O)c1
-28.09    -27.67     16.44      0.54      c1(C)cc2oc(=O)ccc2cc1-c1oc(C2CC2)nn1
-22.55    -23.15     14.36      0.46      n1c(=NC2CCCCC2)[nH]c(-c2c(Cl)c[nH]c(=NC3CCC(O)CC3)c2)cc1
-31.08    -31.98    -31.98      0.00      c1cc2c(c(-c3c(Cl)cccc3)c(C#N)c(=N)[nH]2)c2[nH]cccc12
-33.71    -33.04     19.74      0.64      c1c(N)ccc(Cn2nnc(CN3S(=O)(=O)CC(N(Cc4ccc(OCC(F)F)cc4)C)C3)c2)c1
-38.80    -38.51     -4.49      0.41      C1C2(N(C(=O)Cc3ccccc3Nc3cccc4ccccc43)C(=O)C1C)CCC2
-28.02    -27.72     18.84      0.57      n1(C)c(=O)c(=NC2CCC(O)CC2)[nH]c(Cl)c1Cc1cccc(C(F)(F)F)c1C
-37.68    -37.48     12.56      0.61      c1ccc(F)cc1CN1C(=O)CCCC12CCSC(=Nc1c(CC)cccc1)NC2=O
-28.75    -29.17      1.65      0.38      c1(C)c(OCC(O)=O)ccc(Nc2c(Cl)c(Cl)ccc2)c1
Human-Component   raw_Human-Component
0.751724123954773   0.751724123954773   
0.6528735756874084   0.6528735756874084   
0.5379310250282288   0.5379310250282288   
0.45747125148773193   0.45747125148773193   
0.0   0.0   
0.6436781883239746   0.6436781883239746   
0.41494253277778625   0.41494253277778625   
0.5678160786628723   0.5678160786628723   
0.6103448271751404   0.6103448271751404   
0.3758620619773865   0.3758620619773865   

15:22:04: local_reinforcement_logger.timestep_report +41: INFO     
 Step 37   Fraction valid SMILES: 96.9   Score: 0.4844   Time elapsed: 54   Time left: 18.5
  Agent     Prior     Target     Score     SMILES
-23.39    -23.19     27.80      0.62      C1(=N)C2C(c3ccccc3CC2)CC=N1
-25.03    -25.41      7.11      0.40      n1cc(C(OCc2cc([N+]([O-])=O)ccc2)c2ccccc2)ccc1
-33.15    -32.94     23.33      0.69      c12cc3c(cc1cc(CN(CC1OCCC1)C(CN1CCOCC1)=O)c(=O)[nH]2)cccc3
-25.29    -25.27     15.35      0.50      N(NC(=S)N)C(c1cc(-c2ncccc2)nc2ccccc12)=O
-37.09    -37.85     -6.65      0.38      C(=Cc1cc(Br)c(Br)cc1)C(=O)NCCCN=c1nc(N2CCCCC2)[nH]c(Cl)n1
-19.64    -19.48     24.63      0.54      c1c(C=NNC(=NO)N)c(Br)ccc1
-25.71    -25.36     -0.95      0.30      c1(=O)[nH]c(C)cc(C)c1CNC(=O)N(CCCOC)C
-30.78    -30.80     24.90      0.68      [nH]1c2c(cc(Cl)cc2)c2nc(C)nc(OC3CC3)c12
-27.10    -27.48     23.51      0.62      C(c1ccnc(Br)c1)CCCc1ccccc1
-27.34    -26.55     -4.69      0.27      n1n(-c2cc(CNC(C)(C)C)sc2)c(C)c(Cl)c1C
Human-Component   raw_Human-Component
0.6218391060829163   0.6218391060829163   
0.3965517282485962   0.3965517282485962   
0.6862068772315979   0.6862068772315979   
0.4954023063182831   0.4954023063182831   
0.3804597556591034   0.3804597556591034   
0.5379310250282288   0.5379310250282288   
0.2977011501789093   0.2977011501789093   
0.6793103218078613   0.6793103218078613   
0.6218391060829163   0.6218391060829163   
0.2666666805744171   0.2666666805744171   

15:22:06: local_reinforcement_logger.timestep_report +41: INFO     
 Step 38   Fraction valid SMILES: 100.0   Score: 0.5000   Time elapsed: 56   Time left: 17.2
  Agent     Prior     Target     Score     SMILES
-36.13    -37.21     17.81      0.67      c1ccc2c(c1)C1(C(CC(C)(C)C)NC(C(=O)NC3CCC(NS(c4cccc(Cl)c4)(=O)=O)C3)C1=O)c1ccccc1-2
-31.00    -30.91     33.02      0.78      c1ncn2cc(-c3c(-c4ncccc4)oc(C4CC4)n3)ccc12
-26.32    -26.23     -0.13      0.32      c1c(OC(Nc2ccc(F)cc2F)=O)cc(C(C)(C)C)c(O)c1C(C)(C)C
-27.98    -28.12     32.36      0.74      OCc1cc(Br)c(F)cc1N1CCCCC1
-27.92    -28.13     21.34      0.60      C1COCCN1c1c(NC(c2cc(C#N)ccc2)=O)cc2c(c1)ncn2C(C)C
-25.84    -25.93     32.17      0.71      c12ccc(-c3nc(C)cnc3)cc1C(=O)CCC2
-20.35    -20.65     34.64      0.67      OC(CNCCc1ccc(OC)c(OC)c1)c1cccc(Cl)c1
-37.28    -37.31     13.04      0.61      c1cc2n(-c3ccccc3)c(=O)c(Cc3ccc(SC(F)F)cc3)cc2c(Br)c1
-21.76    -22.81     26.22      0.60      C(C1CCCCC1)(C1CCCCC1)CC1CCCCN1
-30.36    -30.54     16.99      0.58      c1(C)ccc(SCN2C(C(N3CCCCC3)=O)CCC2=O)cc1
Human-Component   raw_Human-Component
0.6709677577018738   0.6709677577018738   
0.7795698642730713   0.7795698642730713   
0.31827956438064575   0.31827956438064575   
0.7376344203948975   0.7376344203948975   
0.603225827217102   0.603225827217102   
0.7086021304130554   0.7086021304130554   
0.6741935610771179   0.6741935610771179   
0.6139785051345825   0.6139785051345825   
0.5978494882583618   0.5978494882583618   
0.5795698761940002   0.5795698761940002   

15:22:07: local_reinforcement_logger.timestep_report +41: INFO     
 Step 39   Fraction valid SMILES: 96.9   Score: 0.4844   Time elapsed: 57   Time left: 15.7
  Agent     Prior     Target     Score     SMILES
-30.49    -30.82     29.50      0.74      FC(C(=O)c1c(OCC)cccc1)(c1cnccc1)O
-24.64    -24.99     32.60      0.70      O=C(N1CC2CCC(CC1)C2)c1ccccc1
-35.56    -35.89     -1.11      0.42      C1CC(F)(F)CC2(C)C1CCC1C3CCC(=O)C3(C)C(OC)CC21
-41.92    -41.47     10.84      0.64      c1(C2OCCS(=O)(=O)N(Cc3cc(NC(=O)C4CNCCC4)c(C)cc3)C2C)cnccc1
-25.37    -24.96     12.18      0.45      c1cc2cccc(N)c2cc1OC(C)=O
-35.53    -35.43      9.34      0.55      c1(-c2nc(=NC(c3ccccn3)CN)[nH]nc2)ccc2c(c1)cccc2
-28.04    -27.62     -3.58      0.29      c1(OCc2cc(OCc3ccccc3)ccc2)cc(C(N)=N)ccc1O
-23.67    -24.11      0.40      0.30      c1ccc2c(c1)N(C)C(=O)C21N(c2ccccc2)C(=O)C2CCCN12
-20.50    -20.60     15.88      0.44      C(CCCCCCCCCC)CN1S(=O)(=O)c2ccccc2C1=O
-26.47    -26.42     27.78      0.66      c1c(NC(c2ccccc2F)=O)ccc(CN2CCN(C=O)CC2)c1
Human-Component   raw_Human-Component
0.7356321811676025   0.7356321811676025   
0.7022988796234131   0.7022988796234131   
0.4241379201412201   0.4241379201412201   
0.6379310488700867   0.6379310488700867   
0.452873557806015   0.452873557806015   
0.545976996421814   0.545976996421814   
0.2931034564971924   0.2931034564971924   
0.29885056614875793   0.29885056614875793   
0.4448275864124298   0.4448275864124298   
0.6609195470809937   0.6609195470809937   

15:22:09: local_reinforcement_logger.timestep_report +41: INFO     
 Step 40   Fraction valid SMILES: 93.8   Score: 0.4688   Time elapsed: 58   Time left: 14.1
  Agent     Prior     Target     Score     SMILES
-37.21    -37.20     25.82      0.77      c1(C)c2nc(N3CCCCC3)c(C3=NN(C(C)=O)C(c4ccc(C)cc4)C3)c(-c3ccc(Cl)cc3)c2ncc1
-27.23    -28.35     30.73      0.72      c1cccc(-c2cc(C(N3Cc4ccccc4CC3)=O)n(C)c2-c2ccc(Cl)cc2)c1
-33.78    -33.92     17.38      0.63      C1(c2ccc(CC(c3ccc(O)cc3)C(O)=O)cc2)CC(SCC)CCC1
-21.37    -22.12     29.59      0.63      c1cc(N2CCN(C(c3cccnc3)CNC(C(NCc3ccc(C)cc3)=O)=O)CC2)ccc1
-25.18    -24.73     26.16      0.62      O=C1NC(=O)NC(=O)C1(CCCC)NCC1CC1
-24.57    -23.81     20.22      0.54      O=c1c(=Cc2cc(OC)c(OCC)cc2)sc2nc(SCC)nn12
-21.76    -21.65     22.58      0.54      O1C2(CCN(C)CC2)CN(c2ccccc2)CC1
-25.04    -24.80     16.60      0.50      n1(Cc2ccc(-c3c(-c4nn[nH]n4)cccc3)cc2)c(=O)c2ccccc2c(C)n1
-30.27    -29.85     13.17      0.52      CC(C)(OC(=O)c1c(C(OCC)=O)c(-c2ccc([N+]([O-])=O)cc2)cs1)C
-35.47    -35.74      1.22      0.45      C1CC(c2n3c(c(C(=O)NC4CC4)cn3)ncc2)CN1C(c1nccnc1)=O
Human-Component   raw_Human-Component
0.7684729099273682   0.7684729099273682   
0.7204433679580688   0.7204433679580688   
0.6256157755851746   0.6256157755851746   
0.6305418610572815   0.6305418610572815   
0.6206896305084229   0.6206896305084229   
0.5369458198547363   0.5369458198547363   
0.5394088625907898   0.5394088625907898   
0.5049260854721069   0.5049260854721069   
0.5246305465698242   0.5246305465698242   
0.45073890686035156   0.45073890686035156   

15:22:10: local_reinforcement_logger.timestep_report +41: INFO     
 Step 41   Fraction valid SMILES: 100.0   Score: 0.5000   Time elapsed: 60   Time left: 12.9
  Agent     Prior     Target     Score     SMILES
-30.44    -31.30    -14.55      0.20      c1(Sc2c(C)nc3ccccc3n2)cccc(NC(C2CCCCC2)=O)c1
-24.51    -23.69     -5.61      0.22      COc1c(OC)cc(C(=O)NN=Cc2c(O)[nH]c(=O)n(-c3ccc(OC)cc3)c2=O)cc1
-23.57    -24.29     17.95      0.52      CC1(C)c2c(cccc2)-c2c([nH]c3c(c2=O)cccc3)C1
-31.15    -30.81    -16.09      0.18      c12cc(OCC3CN(c4cccc(C#N)c4)C(=O)O3)ccc1[nH]cn2
-25.67    -25.64    -13.56      0.15      CC(Cc1ccc(O)cc1)NCCOc1c(OC)cc(C(C)=O)cc1
-36.72    -37.50    -34.24      0.04      c1(Oc2ccc(C(F)(F)F)cc2)cccc(C(CSc2cccc(F)c2)=NOC)c1
-26.16    -26.40     42.20      0.84      S(c1ccc(CBr)cc1)CCCCCC(=NO)O
-21.11    -20.75     32.33      0.65      NC(N=Nc1c(O)[nH]c2ccc(Br)cc21)=N
-26.77    -26.65     23.79      0.62      c1cc(N2CCN(Cc3[nH]c(=Nc4ccccn4)[nH]c(=N)n3)CC2)c(F)cc1
-25.43    -25.20     29.38      0.67      c12c(O)cc(-c3cccc(O)c3)cc1c(C(OCC)=O)c(C)o2
Human-Component   raw_Human-Component
0.20430107414722443   0.20430107414722443   
0.22043010592460632   0.22043010592460632   
0.5150537490844727   0.5150537490844727   
0.17956988513469696   0.17956988513469696   
0.14731182157993317   0.14731182157993317   
0.03978494554758072   0.03978494554758072   
0.8365591168403625   0.8365591168403625   
0.647311806678772   0.647311806678772   
0.6150537729263306   0.6150537729263306   
0.6655914187431335   0.6655914187431335   

15:22:12: local_reinforcement_logger.timestep_report +41: INFO     
 Step 42   Fraction valid SMILES: 100.0   Score: 0.5000   Time elapsed: 62   Time left: 11.5
  Agent     Prior     Target     Score     SMILES
-20.79    -20.69     32.04      0.64      c1c(Cl)ccc(S(=O)(=O)N=c2ccn(C)[nH]2)c1
-26.21    -25.93     23.89      0.61      C(c1cc(O)c(O)cc1)(NCCCCCCCCCCNC(=O)c1c(O)c(O)ccc1)=O
-26.81    -27.25    -20.11      0.09      O1C(C)Cc2c(NC(=O)CN3CCCC3)cccc2C1
-28.07    -28.22     -3.36      0.30      C1(c2c(OCC)ccc(C(C)(C)C)c2)C(=O)c2c(cccc2)C1=O
-23.25    -23.85     31.26      0.67      C1C(C(NCCC)=O)(CO)CCCC1
-25.41    -25.07      7.11      0.39      c1(-c2ccc(C)cc2)sc(N)c(C(=O)NCCN(CC)CC)c1-c1ccc(Cl)cc1
-23.08    -24.07     10.58      0.42      C1C(CNCc2ccccc2)(COCc2ccccc2)CC(O)C(O)C1
-39.54    -39.33      4.58      0.54      N=c1nc[nH]c2c1c(-c1ccc(NC(=O)Nc3cc4c(cc3)-c3c(c(Cl)ccc3)C4)cc1)ccc2
-28.79    -29.15      5.06      0.42      n1c(=NC2CC(COS(=O)(=O)N)C(O)C2)[nH]ccc1-c1cc2c(cc1)n(C)nc2
-29.41    -29.47     23.78      0.65      N1(C(=O)CCl)CCN(C(=O)C(CCC(=O)O)NC(=O)c2cc(=NCCOC)cc(-c3ccccc3)[nH]2)CC1
Human-Component   raw_Human-Component
0.6430107355117798   0.6430107355117798   
0.6075268983840942   0.6075268983840942   
0.08709677308797836   0.08709677308797836   
0.3032258152961731   0.3032258152961731   
0.6720430254936218   0.6720430254936218   
0.39247313141822815   0.39247313141822815   
0.42258065938949585   0.42258065938949585   
0.5354838967323303   0.5354838967323303   
0.4172042906284332   0.4172042906284332   
0.6494623422622681   0.6494623422622681   

15:22:13: local_reinforcement_logger.timestep_report +41: INFO     
 Step 43   Fraction valid SMILES: 100.0   Score: 0.4903   Time elapsed: 63   Time left: 10.0
  Agent     Prior     Target     Score     SMILES
-26.10    -26.11      9.25      0.43      c1cc(S(=O)(NNC(=O)NCCc2ccccc2)=O)ccc1CCCCC
-27.58    -27.97     32.87      0.74      c1c(CSc2c3nnc(C)n3c3ccccc3n2)ccc(Cl)c1
-37.03    -36.86     12.17      0.60      C1N(c2ccc(NC(c3cc(N4CCN(CCO)CC4)ccc3)=O)cn2)CCN(C(=O)c2ccc(F)cc2)C1
-21.36    -21.35     20.62      0.51      c1cc(-n2[nH]nc(C(Nc3cc(C(F)(F)F)ccc3)=O)c2=N)ccc1
-43.49    -43.17      2.32      0.55      S=C1SC(=Cc2cc(NC(CCCCc3nccn3Cc3c(Cl)cccc3)=O)ccc2)C(=O)N1
-20.19    -20.08     33.53      0.65      O=c1cc(CN2CCCC2)c2c(o1)ccc(C)c2
-34.03    -34.02      6.98      0.50      C(c1c(F)c(Oc2ncccc2)ccc1)NC(=O)c1c(C)nc(-c2ccncc2)s1
-31.73    -31.69    -12.47      0.23      C1CN(C(CCNC(c2c(Cl)cc3c(c2)-c2c(c(C(N)=O)nn2C(C)C)C3)=O)C)CCO1
-25.06    -24.60     17.63      0.52      C1C2(NC(=O)N(CCCC)C2=N)CCC1
-23.00    -23.28     -1.76      0.26      c1c(OC)ccc(N=c2[nH]cnc3c2cc(NC(=S)Nc2cccc(Cl)c2)cc3)c1
Human-Component   raw_Human-Component
0.4311828017234802   0.4311828017234802   
0.7419354915618896   0.7419354915618896   
0.5978494882583618   0.5978494882583618   
0.5118279457092285   0.5118279457092285   
0.5548387169837952   0.5548387169837952   
0.6537634134292603   0.6537634134292603   
0.5   0.5   
0.23440860211849213   0.23440860211849213   
0.5150537490844727   0.5150537490844727   
0.26236557960510254   0.26236557960510254   

15:22:14: local_reinforcement_logger.timestep_report +41: INFO     
 Step 44   Fraction valid SMILES: 93.8   Score: 0.3953   Time elapsed: 64   Time left: 8.5
  Agent     Prior     Target     Score     SMILES
-28.80    -28.81    -28.81      0.00      N(C)(C)CC(C)NC(=O)CCc1cc(C)c(C)cc1
-27.35    -27.50     23.90      0.63      O(C)c1ccccc1CN(CCO)Cc1cc2cc3c(cc2[nH]c1=O)OCCO3
-38.97    -39.12    -39.12      0.00      C(c1c(O)c(CNC(C(C)C)C(=O)O)ccc1O)(C)C=CC=C(C)CCC=C(CCC=C(C)C)C
-22.40    -22.04    -11.84      0.12      C1NC(=O)C(CC(=O)NC)N(CC(C)(C)C)C1
-31.67    -31.86     -7.02      0.30      c1(=O)c2c(n(C)c3ccc(C(C)(C)C)cc13)cc(C(O)=O)[nH]2
-23.92    -24.40    -24.40      0.00      C(CCc1ccc(NC(C)=O)cc1)CCC=CCC=CCCCCC
-28.45    -28.73     -8.64      0.25      O=C(NC)C(N1C(=O)C(CC(=O)O)(CC)CC(c2cccc(Cl)c2)C1c1ccc(Cl)cc1)CO
-32.16    -32.23     24.22      0.69      c12c(cc3n(C(CCC)C)c(CCC)c(CC(=O)O)c3c1)CCC2
-23.64    -23.77      1.17      0.30      c1(S(=O)(Nc2c3c(ccc2)CCCC3)=O)cc(Cl)cc(Cl)c1
-25.36    -25.55     29.59      0.67      C(NC(CN1C(=O)C2(CC(C)(C)CC(C)C2)NC1=O)=O)Cc1ccc(S(N)(=O)=O)cc1
Human-Component   raw_Human-Component
0.564039409160614   0.564039409160614   
0.6268472671508789   0.6268472671508789   
0.6711822748184204   0.6711822748184204   
0.12438423931598663   0.12438423931598663   
0.30295565724372864   0.30295565724372864   
0.6945812702178955   0.6945812702178955   
0.24507388472557068   0.24507388472557068   
0.6884236335754395   0.6884236335754395   
0.30418717861175537   0.30418717861175537   
0.6724137663841248   0.6724137663841248   

15:22:16: local_reinforcement_logger.timestep_report +41: INFO     
 Step 45   Fraction valid SMILES: 100.0   Score: 0.4804   Time elapsed: 66   Time left: 7.2
  Agent     Prior     Target     Score     SMILES
-27.85    -27.97     24.41      0.64      [nH]1c(=NC(=O)Nc2c(C(C)C)cccc2C(C)C)c2cc(Br)ccc2nc1
-24.15    -24.58     25.15      0.61      c1cc(F)ccc1C(CNCCOc1ccc(OCC(=O)N2CCOCC2)cc1)O
-32.03    -31.37      3.19      0.42      c1cc(C#N)cc2c(C=Cc3cnc(COC)cc3)[nH]nc12
-23.37    -23.50     10.80      0.42      c1(OC)c(OC)ccc(CC(OC23CC4CC(CC(C2)C4)C3)=O)c1
-40.90    -40.35     -2.00      0.47      O(CC)CC1CN(CC(=O)N(C)C(C)C)C(C)c2c1[nH]c1c2cccc1
-33.77    -34.39     22.57      0.69      C(F)(c1nc(C(=O)N2CCCC2c2cccc(C(F)(F)F)c2)cc(=O)[nH]1)(F)F
-22.61    -23.16     29.92      0.65      c1cc(S(N2CCN(C(c3ccc(C(F)(F)F)cc3)=O)CC2)(=O)=O)ccc1NC(C)=O
-30.36    -30.37     11.51      0.51      C1CCN(C(C2CCN(CC)CC2)=O)CC1c1[nH]nc2ncccc12
-30.06    -30.28     -0.48      0.36      c1cc(OC)cc(CS(=O)(C=Cc2c(OC)cc(OC)cc2OC)=O)c1C(=O)NCCN
-25.70    -27.12      9.21      0.44      Cc1ccc(C(COC(CCCC(=O)c2ccc(Cl)cc2)=O)=O)cc1
Human-Component   raw_Human-Component
0.6387096643447876   0.6387096643447876   
0.6064516305923462   0.6064516305923462   
0.4215053617954254   0.4215053617954254   
0.4182795584201813   0.4182795584201813   
0.4677419364452362   0.4677419364452362   
0.6946236491203308   0.6946236491203308   
0.647311806678772   0.647311806678772   
0.5107526779174805   0.5107526779174805   
0.3634408712387085   0.3634408712387085   
0.44301074743270874   0.44301074743270874   

15:22:17: local_reinforcement_logger.timestep_report +41: INFO     
 Step 46   Fraction valid SMILES: 96.9   Score: 0.4736   Time elapsed: 67   Time left: 5.7
  Agent     Prior     Target     Score     SMILES
-25.71    -25.68      1.93      0.34      c12ccccc1nnn2Cc1ccc(-c2c(S(=O)(=O)NC(=O)OCCCC)cccc2)cc1
-25.41    -25.05     -5.82      0.23      C1N(Cc2csc(N)c2C(c2ccc(Cl)cc2)=O)CCN(C(c2c3c(cccc3)ccc2)=O)C1
-43.30    -43.08     -8.68      0.42      C1(OCOC)C(NC(c2ccc(C)cc2)=O)C(n2cnc3c(=NCc4ccco4)[nH]cnc32)OC1COC(c1ccccc1)(c1ccccc1)c1ccccc1
-36.53    -36.71    -16.25      0.25      c1ccc(CNC(=O)c2ccc(-c3c(COC(C)=O)cccc3C)cc2)cn1
-23.50    -23.33     28.51      0.63      c1(OC)c(O)ccc2oc(-c3ccccc3)c(O)c(=O)c12
-28.49    -28.22    -13.33      0.18      c1ccc2c(c1)c(NC(=O)Nc1cccc(CC)c1)c(C(=O)OC)o2
-20.99    -22.13     29.71      0.63      c1cccc(C(Cc2nc3c(cccc3)[nH]c2=O)C(=O)O)c1
-43.53    -43.24      9.35      0.64      c1c2ccccc2n(CSc2[nH]ccn2)c1C(=O)OC1COCC1
-27.43    -27.76     28.41      0.69      c1cc(C(N(C)C)C(c2ccccc2)n2cncc2)ccc1Br
-20.72    -20.90     24.25      0.55      c1cc(C(NNc2c(O)[nH]c3ccccc32)=O)ccc1
Human-Component   raw_Human-Component
0.3367816209793091   0.3367816209793091   
0.2344827651977539   0.2344827651977539   
0.4195402264595032   0.4195402264595032   
0.24942529201507568   0.24942529201507568   
0.6321839094161987   0.6321839094161987   
0.18160919845104218   0.18160919845104218   
0.6321839094161987   0.6321839094161987   
0.6413792967796326   0.6413792967796326   
0.6850574612617493   0.6850574612617493   
0.5505747199058533   0.5505747199058533   

15:22:19: local_reinforcement_logger.timestep_report +41: INFO     
 Step 47   Fraction valid SMILES: 100.0   Score: 0.4849   Time elapsed: 68   Time left: 4.2
  Agent     Prior     Target     Score     SMILES
-31.37    -31.57      5.82      0.46      C1CN(C(=O)c2ccccc2F)Cc2c1c(=Nc1ccc(S(=O)(=O)C(F)(F)F)cc1)[nH][nH]2
-28.78    -28.35     34.78      0.77      C1CN(CCc2ccc(C(F)(F)F)cc2)CCN1c1ncc2nc[nH]c(=Nc3c(C)ccc(C(=O)N=c4[nH]oc(C(C)(C)C)c4)c3)c2n1
-21.37    -21.51     17.99      0.48      c1c(OC)ccc(C(=O)C=Cc2ccc3c(c2)C(C)(C)CCC3(C)C)c1
-25.31    -25.01      8.32      0.41      c1(Cl)cc(N2C(=O)C3(CCN(C4CCOCC4)CC3)CC2)ccc1
-28.16    -27.99     26.32      0.66      C(CN1CCOCC1)Oc1c(C)cccc1C1=NOC(c2ccc(Cl)cc2Cl)C1
-20.55    -20.64     36.58      0.70      c1c(CN2CCN(c3ccc(Cl)cc3)CC2)c([N+]([O-])=O)ccc1
-28.69    -29.28      4.31      0.41      CC(c1c[nH]c(=Nc2cc3c(cccc3)cc2)nc1C)C
-16.53    -17.28     29.80      0.57      C(CCCC(O)=O)CCCCCCCCC
-38.32    -38.21     10.46      0.59      CC12CCC(=NOC)CC1CCC1C3C(C)(C(C(C)C=CC(C(C)C)OC4C(O)C(O)C(O)CO4)CC3)CCC21
-28.16    -29.47     23.70      0.65      c1c2c(ccc1)cc(CC(NC(CCCCCC(=NO)O)=O)c1ccccc1)cc2
Human-Component   raw_Human-Component
0.4559139907360077   0.4559139907360077   
0.7698924541473389   0.7698924541473389   
0.4817204177379608   0.4817204177379608   
0.40645161271095276   0.40645161271095276   
0.6623656153678894   0.6623656153678894   
0.697849452495575   0.697849452495575   
0.4096774160861969   0.4096774160861969   
0.57419353723526   0.57419353723526   
0.5935483574867249   0.5935483574867249   
0.64838707447052   0.64838707447052   

15:22:20: local_reinforcement_logger.timestep_report +41: INFO     
 Step 48   Fraction valid SMILES: 100.0   Score: 0.4807   Time elapsed: 70   Time left: 2.9
  Agent     Prior     Target     Score     SMILES
-30.13    -30.02     27.82      0.71      C(CC(=O)Nc1cc([N+](=O)[O-])ccc1C)(O)c1c(OC)cccc1
-33.43    -33.34      3.43      0.45      c1c(NS(=O)(N2CCCC2)=O)ccc2c1C(=O)N(C(CO)C)CC(C)C(CN(C(NC1CCCCC1)=O)c1ccccc1)O2
-24.04    -23.20     -6.00      0.21      s1c(=NCCN2CCOCC2)[nH]c(N)c1C(c1cc(OC)c(OC)c(OC)c1)=O
-24.63    -25.26     30.65      0.68      C(Cc1ccc(-c2ccccc2)cc1)CC(C(=O)O)NC(C)=O
-21.36    -21.47     32.76      0.66      c1cccc2c1CCN2C(CSc1nc(-c2occc2)[nH]n1)=O
-17.50    -17.93     27.65      0.56      c1ccccc1C=C(C#N)c1cc(OC)c(OC)c(OC)c1
-28.22    -28.51     -0.29      0.34      C(CCC)CCCCCC(NC1CNCC1CCCCCCCCCCCC)=O
-25.81    -25.56     18.61      0.54      c1ccc(NCc2cccc([N+](=O)[O-])c2)c2nccnc12
-42.79    -42.47    -18.84      0.29      c1c(Oc2ccc(CN(C)C(CCC(=O)OC)C(O)=O)cc2)ccc(C(C(O)=O)OC)c1
-23.78    -23.84     20.16      0.54      c1ccc(C(=O)N2CCc3c([nH]c(=N)[nH]c3=N)CC2)cc1
Human-Component   raw_Human-Component
0.7053763270378113   0.7053763270378113   
0.448387086391449   0.448387086391449   
0.20967741310596466   0.20967741310596466   
0.6817204356193542   0.6817204356193542   
0.6612903475761414   0.6612903475761414   
0.5559139847755432   0.5559139847755432   
0.34408602118492126   0.34408602118492126   
0.5387097001075745   0.5387097001075745   
0.28817203640937805   0.28817203640937805   
0.5365591645240784   0.5365591645240784   

15:22:22: local_reinforcement_logger.timestep_report +41: INFO     
 Step 49   Fraction valid SMILES: 100.0   Score: 0.5000   Time elapsed: 71   Time left: 1.4
  Agent     Prior     Target     Score     SMILES
-24.46    -25.54     39.79      0.80      C(n1c(CCCC)nc2ccncc12)CC
-26.31    -26.60     28.51      0.67      c1(C(c2ncccc2)OCCC2CCN(Cc3ccc(C)cc3)CC2)ccc(F)cc1
-35.28    -35.75     22.18      0.71      c1cc(Cl)ccc1S(=O)(=O)C1C2(c3sccc31)CCN(CCC)CC2
-48.54    -48.67      7.76      0.69      C1CCC(C)C(CC2C(=O)OC3(C(=C)C)CCC4(C)C(C(O)CC5C(C)(C)C(O)CCC45)C3C2)=C1
-37.72    -37.31      0.25      0.46      n1(NCCCC)c(COc2ccc(Oc3c(F)cc(Cl)cc3)cc2)n[nH]c1=S
-27.83    -27.26     23.18      0.62      C(NC(=O)c1c(Br)cccc1)(Nc1sc2c(c1C#N)CCCC2)=O
-30.41    -30.37      6.93      0.45      O(c1ccc(C(=O)N2CC(c3ccc(C(C(F)(F)F)(F)C(F)(F)F)cc3)(S(=O)(=O)c3ccc(F)cc3)CC2)cn1)CC(C)(C)O
-31.54    -30.88     -0.64      0.37      c1(C2=NC(N)=NC(c3c(OC)c(OC)ccc3)C2CC(=O)O)ccc(C(O)=O)cc1
-23.38    -23.45     29.54      0.65      c1cc2c(cc1OC)cc1c(=O)[nH]c(=O)nc-1n2CCO
-33.21    -31.90     19.68      0.63      n1(C)c(O)c2c(c3c(n2CC(O)CO)ccc2ccccc32)c1O
Human-Component   raw_Human-Component
0.7967742085456848   0.7967742085456848   
0.6720430254936218   0.6720430254936218   
0.7064515948295593   0.7064515948295593   
0.6881720423698425   0.6881720423698425   
0.4580645263195038   0.4580645263195038   
0.6150537729263306   0.6150537729263306   
0.45483872294425964   0.45483872294425964   
0.36881721019744873   0.36881721019744873   
0.6462365388870239   0.6462365388870239   
0.6290322542190552   0.6290322542190552   

