14:55:13: local_reinforcement_logger.log_message +32: INFO     starting an RL run
14:55:13: local_reinforcement_logger.timestep_report +41: INFO     
 Step 0   Fraction valid SMILES: 96.9   Score: 0.4844   Time elapsed: 0   Time left: 0.0
  Agent     Prior     Target     Score     SMILES
-29.25    -29.25     -4.72      0.77      C12C(C)(C(=O)O)CCCC1(C)C1C3(c4ccc(O)cc4C(C)(CC1)C3)C(=O)C2
-26.12    -26.12      3.75      0.93      c1ccc2c([nH]c(=NCCN)[nH]c2=NCCC)c1
-44.84    -44.84    -12.84      1.00      N(=c1[nH]c(C(C)C)ncc1-c1nc(=Nc2c(OC)cccc2)[nH]n1C)C(c1oc(C)cc1)=O
-21.52    -21.52     -5.52      0.50      C1CN(C)C2C1c1cccc(OC)c1CC2
-22.63    -22.63     -9.83      0.40      c1c(NS(=O)(c2cc(NC(=O)C3CC3)ccc2)=O)ccc(C)c1
-33.79    -33.79    -18.86      0.47      N1(c2ccc(N3CCCC(Cc4oc(C5CC5)nn4)C3)cc2)CCCC1=O
-22.37    -22.37      3.23      0.80      c1cc(NC(NC2CCCCC2)=O)ccc1CC(OCC)=O
-24.35    -24.35    -23.29      0.03      n1c2scc(C)n2c(=O)c(NC(c2cccnc2)=O)c1C
-30.92    -30.92    -22.39      0.27      c1(C(O)=O)ccc2c([N+]([O-])=O)ccc(Sc3c(F)cc(F)cc3)c2c1
-35.10    -35.10    -11.63      0.73      n1(CC(=O)c2c(-n3cccc3)csc2)c(Cl)c(Cl)nc1
Human-Component   raw_Human-Component
0.7666666507720947   0.7666666507720947   
0.9333333373069763   0.9333333373069763   
1.0   1.0   
0.5   0.5   
0.4000000059604645   0.4000000059604645   
0.46666666865348816   0.46666666865348816   
0.800000011920929   0.800000011920929   
0.03333333507180214   0.03333333507180214   
0.2666666805744171   0.2666666805744171   
0.7333333492279053   0.7333333492279053   

14:55:15: local_reinforcement_logger.timestep_report +41: INFO     
 Step 1   Fraction valid SMILES: 96.9   Score: 0.4844   Time elapsed: 1   Time left: 24.5
  Agent     Prior     Target     Score     SMILES
-30.33    -30.37    -14.37      0.50      c12c(cccc1)C(c1ccccc1)CCC2(NCC(C)C)C
-28.25    -28.30    -27.23      0.03      c12ccccc1C1(CCN(Cc3onc(C)c3)CC1)C(O)C2NC
-23.68    -23.71    -10.91      0.40      O1C(C(=O)N=c2n(C(C)(C)C)[nH]c3c2CSC3)COc2c1cccc2
-21.63    -21.64      2.90      0.77      c1(C)c(Cc2c[nH]cn2)ccc(C(C)(C)C)c1
-27.72    -27.75    -27.75      0.00      c1cc(OCCC)c(-c2csc(N3CCC(C(=O)OCC)CC3)n2)cc1C(C)C
-27.29    -27.23     -9.10      0.57      N(CC1CCCO1)C(C=Cc1ccc(C=C2C(=O)NC(=S)NC2=O)o1)=O
-23.67    -23.64    -21.51      0.07      O=C(NCCCCc1ccccc1)COc1ccc2c(c1)CCC2
-23.61    -23.63    -14.03      0.30      c1cc(S(=O)(Nc2ccc(C(=O)N)cc2)=O)cc(-c2cc(C)no2)c1
-39.22    -39.24    -30.71      0.27      c1ccnc(Cl)c1NC(COc1cc(C)c(Br)c2c1c1c(c(=O)o2)CCCCC1)=O
-27.92    -27.94      4.06      1.00      c12nc(-c3cc(NC(=O)c4cc(Br)ccc4Cl)ccc3Cl)oc1c(C)cc(C)c2
Human-Component   raw_Human-Component
0.5   0.5   
0.03333333507180214   0.03333333507180214   
0.4000000059604645   0.4000000059604645   
0.7666666507720947   0.7666666507720947   
0.0   0.0   
0.5666666626930237   0.5666666626930237   
0.06666667014360428   0.06666667014360428   
0.30000001192092896   0.30000001192092896   
0.2666666805744171   0.2666666805744171   
1.0   1.0   

14:55:15: local_reinforcement_logger.timestep_report +41: INFO     
 Step 2   Fraction valid SMILES: 100.0   Score: 0.5000   Time elapsed: 2   Time left: 32.0
  Agent     Prior     Target     Score     SMILES
-27.59    -27.50    -21.31      0.19      c1cncc(CNC(Cn2c(=O)c(NS(c3cccnc3)(=O)=O)ccc2C)=O)c1
-35.17    -35.19    -10.41      0.77      c1(F)c(F)ccc(CC(NC(C(NC(=O)CCCC(C)C)Cc2ccccc2)=O)C(=O)NCc2ccc(CN)cc2)c1
-31.03    -31.23     -7.49      0.74      c12c(OC)cccc1cc(-c1[nH]c(C)c(N(CCC)CCC)n1)c(Cl)n2
-29.87    -29.90      1.06      0.97      c1(=NC(=O)Nc2ccccc2N2c3c(O)ccc(CO)c3C3(CCN(CC(C)(C)C)CC3)C2)c(C)c(C)[nH]o1
-37.59    -37.62    -37.62      0.00      CC(C)c1c(CC2=NCCN2)cc(OC)c(-c2ccnc(SC)c2)c1
-31.60    -31.57     -3.70      0.87      C(c1ccc(C2CCCCC2)cc1)(CC1CNC1)Oc1nc(C#N)ccc1
-28.46    -28.43     -9.85      0.58      C1=CC2C(C)(C)C(O)C(O)CC2C=CC1=O
-33.96    -33.99    -12.31      0.68      c1(Cl)ccc(C(c2n(C)c(CC(=O)N)c(CC)c2-c2c(Cl)cccc2)=O)cc1
-24.50    -24.51    -19.35      0.16      c1c(C)nc(N(C)c2ccc(O)cc2)nc1C(F)(F)F
-29.31    -29.23    -17.87      0.35      C(CCC(=O)N=c1sc(C)c(-c2ccc(Cl)cc2)[nH]1)CCCC(=O)Nc1ccccc1N
Human-Component   raw_Human-Component
0.19354838132858276   0.19354838132858276   
0.774193525314331   0.774193525314331   
0.7419354915618896   0.7419354915618896   
0.9677419066429138   0.9677419066429138   
0.0   0.0   
0.8709677457809448   0.8709677457809448   
0.5806451439857483   0.5806451439857483   
0.6774193644523621   0.6774193644523621   
0.16129031777381897   0.16129031777381897   
0.35483869910240173   0.35483869910240173   

14:55:16: local_reinforcement_logger.timestep_report +41: INFO     
 Step 3   Fraction valid SMILES: 100.0   Score: 0.5000   Time elapsed: 2   Time left: 23.5
  Agent     Prior     Target     Score     SMILES
-32.42    -32.57     -0.57      1.00      c1(=O)c(OC2CCCC2)c(N2CCN(S(Cc3ccccc3)(=O)=O)CC2)cnn1C(c1ccc(Cl)cc1)C
-25.54    -25.49    -20.33      0.16      c12[nH]c(=NC(=O)CCc3ccc(C(C)(C)C)cc3)sc1CCCCC2
-25.64    -25.77      2.10      0.87      CC(c1cc(C(=O)N2c3c(cccc3)NC(=O)CC2C)ccc1)=O
-23.20    -23.27     -2.62      0.65      c1c(Oc2c(F)cc(Cl)cc2)ncc(C(=NO)NCC2CCCCC2)c1
-36.34    -36.41    -36.41      0.00      O=C1C=NC(c2csc3c2cc(Br)cc3)=CC(=O)C1(O)C
-23.26    -23.21     -9.79      0.42      O=C(OCC)c1[nH]cnc1C(NCCNC(OC(C)(C)C)=O)=O
-24.03    -24.04     -1.33      0.71      C(N1CCOCC1)Cn1cc(C(CC)=O)c2c1cccc2
-16.98    -17.12     -4.73      0.39      c1nn(C)c2[nH]c(=N)[nH]c(=N)c12
-28.47    -28.43    -19.14      0.29      c1ccc(CC(C(=O)NC(C(=O)OC)Cc2ccc(O)cc2)CC2CCCCC2)cc1
-22.20    -22.17     -6.68      0.48      C(=Cc1ccc2c(c1)cccc2)C1(O)C=CC(=O)C=C1
Human-Component   raw_Human-Component
1.0   1.0   
0.16129031777381897   0.16129031777381897   
0.8709677457809448   0.8709677457809448   
0.6451612710952759   0.6451612710952759   
0.0   0.0   
0.4193548262119293   0.4193548262119293   
0.7096773982048035   0.7096773982048035   
0.3870967626571655   0.3870967626571655   
0.29032257199287415   0.29032257199287415   
0.4838709533214569   0.4838709533214569   

14:55:16: local_reinforcement_logger.timestep_report +41: INFO     
 Step 4   Fraction valid SMILES: 96.9   Score: 0.4844   Time elapsed: 3   Time left: 27.6
  Agent     Prior     Target     Score     SMILES
-21.95    -22.02      9.98      1.00      O(c1c(O)cc(C=CC(=O)CC(=O)C=Cc2ccccc2)cc1)C
-36.32    -36.17    -35.11      0.03      O=C1N(CCC(C)C2=NCCO2)C(=S)SC1=Cc1c(O)ccc(Br)c1
-28.18    -27.90     -3.37      0.77      c1(Cl)cc2c(=O)c3c(oc2cc1)C(=O)N(CCCN(CC)CCCC)C3
-25.42    -25.31    -17.84      0.23      O=S(=O)(c1cc2c(cc1)OCCO2)N(CC(O)=O)c1ccc(Cl)cc1
-22.45    -22.49     -0.09      0.70      c1c(NC(=O)N2CCN(Cc3ccc4c(c3)OCO4)CC2)cccc1C(OCC)=O
-30.54    -30.40    -20.80      0.30      c1(F)cc(N2C(=O)OC(CNC(C)=O)C2)cc(OC(c2ccco2)=O)c1
-24.86    -24.95    -24.95      0.00      O=S(CC(Nc1cc(C)c(C)cc1)=O)(=O)c1cc2c(cc1)N(C(C)=O)CC2
-32.98    -32.97     -4.17      0.90      c1c2c(ccc1)-n1cc(-c3ccc(F)cc3)nc1C(Sc1nncn1C)C2=O
-24.61    -24.73    -24.73      0.00      c1(=NCCC(C)C)c(=Nc2ccccc2)s[nH]n1
-25.24    -25.15    -23.02      0.07      c1ccnc(N2CCN(CC(O)CN3C(=O)NC(c4ccc(F)cc4)(C)C3=O)CC2)n1
Human-Component   raw_Human-Component
1.0   1.0   
0.03333333507180214   0.03333333507180214   
0.7666666507720947   0.7666666507720947   
0.23333333432674408   0.23333333432674408   
0.699999988079071   0.699999988079071   
0.30000001192092896   0.30000001192092896   
0.0   0.0   
0.8999999761581421   0.8999999761581421   
0.0   0.0   
0.06666667014360428   0.06666667014360428   

14:55:17: local_reinforcement_logger.timestep_report +41: INFO     
 Step 5   Fraction valid SMILES: 96.9   Score: 0.4844   Time elapsed: 4   Time left: 30.0
  Agent     Prior     Target     Score     SMILES
-35.37    -35.50     -7.77      0.87      c1(Cl)c(Cn2c(=O)n(CC(F)(F)F)c3cccc(NC(OCCC)=O)c32)c(Cl)ccc1
-26.73    -26.72    -11.79      0.47      C(CC(=O)NNc1cc(C)ccc1)N1CCCCC1
-25.97    -26.11    -14.37      0.37      C(N=c1cc[nH]c(Sc2ccc(Cl)cc2)n1)(=O)Nc1ccccc1
-26.38    -26.28      3.59      0.93      c1(CCNC(=O)c2ccc3c([nH]c(-c4ccccc4)c3)c2)ccccc1
-27.44    -27.30     -1.70      0.80      c1ccc(-c2ccccc2)cc1NC(=O)c1ccc(C)c(-c2ccc3c(cnc(=N)[nH]3)c2)c1
-19.70    -19.82    -19.82      0.00      c1(N2CCN(C(=S)Nc3ccc(SC(F)F)cc3)CC2)ncccn1
-37.98    -37.63    -32.29      0.17      C(C(C)N(CCN(CCCC)CCCC)C(=O)CCCc1ccccc1)c1c[nH]c2c1cc(O)cc2
-28.03    -28.14    -23.88      0.13      CC(C)CC(C(=O)O)NC(=O)c1ccc(N(Cc2nc3c(=N)[nH]c(=N)[nH]c3nc2)C)cc1CC
-25.16    -25.16     -9.16      0.50      c1c(C(=O)N2CCN(C3(CNCCc4ccccc4)CCCCC3)CC2)ccc(F)c1
-42.52    -42.50    -25.43      0.53      C(CCn1c(=O)n(CC)c(=O)c2oc3nccc(N(CC(N)=O)C)c3c12)C
Human-Component   raw_Human-Component
0.8666666746139526   0.8666666746139526   
0.46666666865348816   0.46666666865348816   
0.36666667461395264   0.36666667461395264   
0.9333333373069763   0.9333333373069763   
0.800000011920929   0.800000011920929   
0.0   0.0   
0.1666666716337204   0.1666666716337204   
0.13333334028720856   0.13333334028720856   
0.5   0.5   
0.5333333611488342   0.5333333611488342   

14:55:18: local_reinforcement_logger.timestep_report +41: INFO     
 Step 6   Fraction valid SMILES: 96.9   Score: 0.4844   Time elapsed: 4   Time left: 25.1
  Agent     Prior     Target     Score     SMILES
-24.15    -24.10      0.43      0.77      C(Cn1c(=N)[nH]c2c(Cl)cc(Cl)cc12)CCCCCC
-29.11    -29.06    -13.06      0.50      C(NCCN1CCOCC1)(CCCCCNC(C=NO)=O)=O
-29.62    -29.44    -27.31      0.07      C(C)c1c(C(=O)N(CC(=O)Nc2cc(F)cc(F)c2)CCC)onc1C
-49.95    -49.61    -26.15      0.73      C1(OS(=O)(N)=O)C(O)C(OC2C(c3ccccc3)OC3(C2CO)OC(C)(C)OC3)OCC1OC1C(O)C(O)C(O)CO1
-35.78    -35.54    -29.14      0.20      c1c(C(C(=O)NCCOC)N(C(c2nnsc2C)=O)c2cc(Cl)c(OC)cc2)c(OC)cc(OC)c1
-50.72    -50.86    -30.59      0.63      Oc1c(NC(=O)Cn2cc(CSC(=NC3CCCCC3)N=Cc3ccc(OC)cc3)c3c2cccc3)cc(Br)cc1C(=O)N
-42.70    -42.69    -28.82      0.43      N1C(C(NC(C(NC(C(NC(C=O)Cc2ccccc2)=O)=O)CCSC)=O)CCCNC(N)=N)CCCC1
-21.70    -21.90    -11.23      0.33      c1(C(C)=NN=c2[nH]c(-c3ccc(Cl)cc3)cs2)cccc(O)c1
-21.61    -21.61      5.05      0.83      CCn1c(=S)[nH]nc1C1(C)CC1
-29.82    -29.79      2.21      1.00      [nH]1c(-c2cc(N3C4CCC3COC4)nc(C3CC3)n2)c2cccnc2n1
Human-Component   raw_Human-Component
0.7666666507720947   0.7666666507720947   
0.5   0.5   
0.06666667014360428   0.06666667014360428   
0.7333333492279053   0.7333333492279053   
0.20000000298023224   0.20000000298023224   
0.6333333253860474   0.6333333253860474   
0.4333333373069763   0.4333333373069763   
0.3333333432674408   0.3333333432674408   
0.8333333134651184   0.8333333134651184   
1.0   1.0   

14:55:18: local_reinforcement_logger.timestep_report +41: INFO     
 Step 7   Fraction valid SMILES: 100.0   Score: 0.5000   Time elapsed: 5   Time left: 26.9
  Agent     Prior     Target     Score     SMILES
-30.91    -30.78    -22.52      0.26      O1CCN(CCNC(=O)c2ccc(N3CCN(c4nc5ccccc5n5cccc45)CC3)c(F)c2)CC1
-24.82    -25.00      0.81      0.81      C(c1ccc(NC(C=CC(=O)O)=O)cc1)(Nc1ccc(N(CCCl)CCCl)cc1)=O
-24.09    -24.19    -19.02      0.16      c1(OC)ccc2nccc(C(c3ccccc3)O)c2c1
-21.21    -21.28     -7.86      0.42      c1c(C)ccc(-c2oc3c(n2)cccn3)c1
-26.40    -26.30      3.64      0.94      C(C)(n1c(C)cc(C(=O)CSc2nnc(-c3ccoc3C)n2CC=C)c1C)C
-35.10    -35.14    -32.05      0.10      c1ccc(CNC(=O)CC(=Nc2c(O)cccc2)C(c2occc2)=O)cc1
-22.68    -22.74    -18.61      0.13      c1(NC(=O)c2n(C)c3c(scc3)c2)cc(F)c(C)cc1
-48.04    -47.71    -20.87      0.84      C1Cc2n(Cc3ccc(C(=O)NS(c4ccccc4C)(=O)=O)cc3OC)c(C=O)c(-c3cc(OCC(=O)O)ccc3)c2CC1
-36.14    -35.94     -8.07      0.87      Oc1c(CC(=O)Nc2cc(C(NCc3occc3)=O)ccc2)n(O)c2c1cc(Cl)cc2
-33.35    -32.76     -3.86      0.90      O(C)c1cccc(-c2sc3c(cc(OCCCN4CCOCC4)cc3)c2C(=O)c2ccc(OC)cc2)c1
Human-Component   raw_Human-Component
0.25806450843811035   0.25806450843811035   
0.8064516186714172   0.8064516186714172   
0.16129031777381897   0.16129031777381897   
0.4193548262119293   0.4193548262119293   
0.9354838728904724   0.9354838728904724   
0.09677419066429138   0.09677419066429138   
0.12903225421905518   0.12903225421905518   
0.8387096524238586   0.8387096524238586   
0.8709677457809448   0.8709677457809448   
0.9032257795333862   0.9032257795333862   

14:55:19: local_reinforcement_logger.timestep_report +41: INFO     
 Step 8   Fraction valid SMILES: 96.9   Score: 0.4844   Time elapsed: 6   Time left: 28.0
  Agent     Prior     Target     Score     SMILES
-24.39    -24.46    -12.72      0.37      Brc1ccc(C(=O)N2c3c(cccc3)C(=O)Nc3ccccc32)cc1
-32.75    -32.45    -17.52      0.47      c1ccccc1CON(c1c(CC)c(C)nc2n(C)c(=O)n(C)c(=O)c21)C
-38.48    -38.21    -28.61      0.30      C(C(C=CCC)c1c(OC)nc2c(cc(Br)cc2)c1)(C=CC(OC)=O)=O
-22.39    -22.12    -14.66      0.23      n1(CCN(C)C)cc(C(c2cc(OC)c(OC)c(OC)c2)=O)c2cc(OC)ccc12
-25.98    -26.04      4.89      0.97      c1(-c2cc(=NC(=O)C)[nH]c(-c3occc3)c2)ccc(OC)c(OC)c1O
-43.06    -43.05    -22.78      0.63      c1cc2nc(=NC(=O)C3CC(F)C3)[nH]c(OC)c2nc1-c1c(Cl)cc(F)cc1
-33.00    -33.19     -9.72      0.73      C(COc1ccc(Br)nc1)=C1c2c(cccc2)N(c2cc(Cl)ccc2)C1=O
-29.63    -29.43    -10.23      0.60      CCCc1cc2c(cc1OCCOCC(C)C)OCO2
-26.33    -26.64    -18.11      0.27      c12n(c3c([nH]c1=O)cncc3)c(CCC)nc2
-35.32    -36.00    -13.60      0.70      c1c(-c2cc(NCC(c3ccccc3)N)ccc2OC)scc1Cl
Human-Component   raw_Human-Component
0.36666667461395264   0.36666667461395264   
0.46666666865348816   0.46666666865348816   
0.30000001192092896   0.30000001192092896   
0.23333333432674408   0.23333333432674408   
0.9666666388511658   0.9666666388511658   
0.6333333253860474   0.6333333253860474   
0.7333333492279053   0.7333333492279053   
0.6000000238418579   0.6000000238418579   
0.2666666805744171   0.2666666805744171   
0.699999988079071   0.699999988079071   

14:55:20: local_reinforcement_logger.timestep_report +41: INFO     
 Step 9   Fraction valid SMILES: 100.0   Score: 0.5000   Time elapsed: 6   Time left: 24.6
  Agent     Prior     Target     Score     SMILES
-34.55    -34.50    -26.24      0.26      c1cccc2c1c1c(n2CCO)ccc(C(=O)COCc2ccccc2)n1
-23.23    -23.26      6.67      0.94      c1(=O)n(C2OC(CO)C(O)C2)cc(C#CC#CC2CCCCC2)c(=O)[nH]1
-33.03    -33.06    -29.97      0.10      c1(Cl)cc2c(=O)c(C(CC(C(=O)O)=O)=O)nn(CCC)c2c(Cl)c1
-23.34    -23.34    -11.99      0.35      c1cc(N=Cc2c(O)[nH]c(=S)n(Cc3ccccc3)c2=O)ccc1C(OC)=O
-23.55    -23.79     -3.14      0.65      c1c(-c2nnc(SCc3ccc(Cl)cc3)o2)ccc(S(=O)(=O)N2CCc3ccccc32)c1
-19.81    -20.17      4.61      0.77      c1(Cl)cccc(Cl)c1Cc1nc(CN2CCOCC2)on1
-27.86    -27.81    -20.58      0.23      [nH]1c(=O)c(CN(Cc2ccccc2OC)C(=O)c2cnccc2)cc2cc(C)cc(C)c12
-30.07    -30.16    -30.16      0.00      c1ccc(NC(=O)C)cc1C(N1CCC2(Cc3cnn(C(C)C)c3C(=O)N2)C1)=O
-22.94    -22.94     -7.45      0.48      c1cccc2c1C(c1ccc3c(c1)NC(=O)CO3)(O)N(c1c(F)cccc1F)C2=O
-24.92    -24.98    -22.91      0.06      N(C(CSc1nnc2scc(-c3ccccc3)n12)=O)c1c(Br)cccc1
Human-Component   raw_Human-Component
0.25806450843811035   0.25806450843811035   
0.9354838728904724   0.9354838728904724   
0.09677419066429138   0.09677419066429138   
0.35483869910240173   0.35483869910240173   
0.6451612710952759   0.6451612710952759   
0.774193525314331   0.774193525314331   
0.22580644488334656   0.22580644488334656   
0.0   0.0   
0.4838709533214569   0.4838709533214569   
0.06451612710952759   0.06451612710952759   

14:55:21: local_reinforcement_logger.log_message +32: INFO     Resetting Agent
14:55:21: local_reinforcement_logger.log_message +32: INFO     Adjusting sigma to: 82
14:55:21: local_reinforcement_logger.timestep_report +41: INFO     
 Step 10   Fraction valid SMILES: 100.0   Score: 0.5000   Time elapsed: 7   Time left: 25.5
  Agent     Prior     Target     Score     SMILES
-41.63    -41.85    -15.01      0.84      [nH]1c(=NCCCSC(=O)c2ccccc2)n(CC=Cc2ccccc2)c(=O)c2ccccc12
-19.54    -19.35    -11.09      0.26      FC(F)(c1ccc(-n2cnc3ccc(=O)[nH]c23)cc1)F
-26.53    -26.51     -2.77      0.74      C12CC3(C(NC(=O)Cc4ccccc4)(C#N)C1)CC(C3)C2
-34.84    -34.26    -23.94      0.32      c1(C(O)=O)ccc(Cc2ccc(OCC3(C(=O)O)CCCC3)cc2)c2cccnc12
-23.87    -24.08    -10.66      0.42      c1cc(S(=O)(=O)N)cc(N=c2[nH]c(=Nc3ccc(OC)cc3)cc(C)[nH]2)c1
-32.62    -32.74    -13.13      0.61      c1cc2c(NC(=O)CNCC3CCCN3C(CN(C)C)=O)cccc2cc1
-25.71    -25.45      0.36      0.81      c1cccnc1C(C)=NNC(c1n[nH]c(-c2ccc(OC)cc2)c1)=O
-23.66    -23.53      1.24      0.77      C1CN(c2cc3c(cc2)c(=O)n(-c2ccccc2)c(C)n3)CCO1
-24.24    -24.27    -12.92      0.35      O(c1c(F)cc(NC(C2CCN(S(=O)(c3ccc(OC)cc3)=O)CC2)=O)cc1)C
-57.26    -56.71    -27.80      0.90      O1CC(C(=O)NC(C(O)=O)Cc2ccc(OCc3ccccc3)cc2)(CC)N2C(=O)C(Nc3cc4cn[nH]c4cc3)(Cc3ccc(O)cc3)C12
Human-Component   raw_Human-Component
0.8387096524238586   0.8387096524238586   
0.25806450843811035   0.25806450843811035   
0.7419354915618896   0.7419354915618896   
0.32258063554763794   0.32258063554763794   
0.4193548262119293   0.4193548262119293   
0.6129032373428345   0.6129032373428345   
0.8064516186714172   0.8064516186714172   
0.774193525314331   0.774193525314331   
0.35483869910240173   0.35483869910240173   
0.9032257795333862   0.9032257795333862   

14:55:22: local_reinforcement_logger.timestep_report +41: INFO     
 Step 11   Fraction valid SMILES: 100.0   Score: 0.5000   Time elapsed: 8   Time left: 26.0
  Agent     Prior     Target     Score     SMILES
-26.27    -26.27     21.34      0.58      c1(CNc2c(=O)n(CC(NC3CC(=O)OC3O)=O)ccc2)ccc(F)cc1F
-26.91    -26.91     28.64      0.68      c1cc(C(c2c(Cl)cccc2)=O)ccc1NC1CCNCC1
-30.24    -30.24     -1.15      0.35      c1cc(NC(=S)c2sccc2)ccc1S(=O)(c1cccc(OC)c1)=O
-27.39    -27.39     22.86      0.61      n1nc(C(=Cc2cccc(O)c2)C(c2ccccc2)=O)n[nH]1
-20.19    -20.19    -17.54      0.03      c1c(OC)ccc(C(c2ccc(OC)cc2OC)=O)c1
-36.00    -36.00     -9.55      0.32      C1CC(C(OC(c2ccc(Br)cc2)C(c2ccccc2)=O)=C)=CCC1
-26.96    -26.96     10.08      0.45      C1(n2ccnc2)CCCC1C(=O)N
-38.41    -38.41    -38.41      0.00      c1(OC(CC)C(OCC)=O)cc2c(cc1)c(=O)n(CCCN(CCc1cc(OC)c(OC)cc1)C)cc2
-28.81    -28.81     37.32      0.81      c1cc(-c2n[nH]c(=S)n2-c2cc(OC)ccc2OC)ccc1N=Cc1ccc([N+](=O)[O-])cc1
-27.37    -27.37     54.63      1.00      C(O)(=O)COc1c(C#Cc2cc(S(=O)(=O)N(C)C)c(C)cc2)cc(Cl)cc1
Human-Component   raw_Human-Component
0.5806451439857483   0.5806451439857483   
0.6774193644523621   0.6774193644523621   
0.35483869910240173   0.35483869910240173   
0.6129032373428345   0.6129032373428345   
0.032258063554763794   0.032258063554763794   
0.32258063554763794   0.32258063554763794   
0.4516128897666931   0.4516128897666931   
0.0   0.0   
0.8064516186714172   0.8064516186714172   
1.0   1.0   

14:55:23: local_reinforcement_logger.timestep_report +41: INFO     
 Step 12   Fraction valid SMILES: 96.9   Score: 0.4844   Time elapsed: 9   Time left: 26.3
  Agent     Prior     Target     Score     SMILES
-32.71    -32.65      2.89      0.43      C1(C)Cc2sc3c(c(=NCC(C)C)[nH]cn3)c2CC1c1ccc(C)cc1
-40.93    -40.89     38.38      0.97      C(=Cc1ccnn1C)c1[nH]nc2cccc(-c3ccc(OCCC4CCN(Cc5ccccc5)CC4)cc3)c12
-22.25    -22.26     32.41      0.67      c1(Cl)cc2[nH]c(=O)c3n(nc(C(=O)OCC)c3)c2cc1
-27.89    -27.91    -11.51      0.20      C(NN1c2ccc(Cl)cc2Sc2c1cccc2)(=O)OCCCl
-30.64    -30.78    -30.78      0.00      c1n(CCCOc2cccc(C(F)(F)F)c2)c(=O)n2ccccc2n1
-22.26    -22.32      2.28      0.30      C1N(C(Nc2ccc(Cl)cc2)=O)c2ccccc2C=C1
-22.37    -22.28      7.79      0.37      N1C(C2Cc3ccccc3CN2)CSCC1
-16.55    -16.61     10.72      0.33      c1c(Br)cc(Br)c2c1C(=O)C(=O)N2
-43.55    -43.57    -24.43      0.23      O(CCOC(=O)C(NC(=O)OCc1ccccc1)CCCOC(C(c1ccc(CC(C)C)cc1)C)=O)CCCCC
-28.05    -28.04     37.56      0.80      c12ccc3c(cccc3C(NCCO)=O)c1ccnc2
Human-Component   raw_Human-Component
0.4333333373069763   0.4333333373069763   
0.9666666388511658   0.9666666388511658   
0.6666666865348816   0.6666666865348816   
0.20000000298023224   0.20000000298023224   
0.0   0.0   
0.30000001192092896   0.30000001192092896   
0.36666667461395264   0.36666667461395264   
0.3333333432674408   0.3333333432674408   
0.23333333432674408   0.23333333432674408   
0.800000011920929   0.800000011920929   

14:55:24: local_reinforcement_logger.timestep_report +41: INFO     
 Step 13   Fraction valid SMILES: 93.8   Score: 0.4688   Time elapsed: 10   Time left: 26.4
  Agent     Prior     Target     Score     SMILES
-34.27    -34.23    -28.57      0.07      c1(S(=O)(N(CCCNS(c2ccc(F)cc2)(=O)=O)C(C(=NO)O)CCC(=O)OC)=O)ccc(OC)cc1
-21.95    -22.01    -19.18      0.03      C1OCCN(c2c(C#N)cc(-c3cn[nH]c3)cc2)C1
-46.80    -46.62    -32.48      0.17      c1c(CCN2CCC(CC(c3ccc(Cl)cc3)=NOC)CC2)cc(NC(=O)CCCC(=O)OC)c(Cl)c1
-23.47    -23.47     -6.50      0.21      c12c(cccc1)nc1n2CCN1C(NC(C(=O)NCCc1ccccc1)C(C)C)=O
-20.34    -20.33     10.77      0.38      C1N(c2c3c(-c4ccccc4)csc3ncn2)CCC(CNC2CCCC2)C1
-19.93    -19.95     33.77      0.66      c12ccc(CN(C)CC=Cc3ccc(F)cc3)cc1OCCC2
-26.06    -26.08     30.47      0.69      n1(-n2nnc(C(O)=O)c2C)cccc1
-40.06    -39.95     22.25      0.76      c1(NC(=O)C)ccccc1C(=O)NC1CCC(N=c2[nH]c3c(CO)cccc3cc2)CC1
-19.52    -19.53     -8.22      0.14      c1ccccc1S(N1CCC(C(N2CCC(C)CC2)=O)CC1)(=O)=O
-39.36    -39.28     25.75      0.79      n1(-c2ccc(Oc3ncc(C(OC)=O)cc3)s2)c(=O)on(CC)c1=O
Human-Component   raw_Human-Component
0.06896551698446274   0.06896551698446274   
0.03448275849223137   0.03448275849223137   
0.17241379618644714   0.17241379618644714   
0.2068965584039688   0.2068965584039688   
0.37931033968925476   0.37931033968925476   
0.6551724076271057   0.6551724076271057   
0.6896551847457886   0.6896551847457886   
0.7586206793785095   0.7586206793785095   
0.13793103396892548   0.13793103396892548   
0.7931034564971924   0.7931034564971924   

14:55:25: local_reinforcement_logger.timestep_report +41: INFO     
 Step 14   Fraction valid SMILES: 100.0   Score: 0.5000   Time elapsed: 11   Time left: 26.4
  Agent     Prior     Target     Score     SMILES
-51.13    -51.11    -51.11      0.00      C(=O)(C1(C)C2CCC34C(C)(CCC5(C)C3(C)CCC53c5ccoc5CCC33COC3C4)C2(C)CC(OC(C)=O)C1=O)OC
-20.78    -20.98      2.83      0.29      c1c(C(c2cccc(C)c2)=O)cncc1
-23.30    -23.48     -7.61      0.19      c1cc(S(N(C)c2ccccc2)(=O)=O)cc(C(=O)OCc2c(C)onc2C)c1
-22.93    -22.89     59.11      1.00      C1CCCCC1OC(c1c(C)c(C(=O)OCC)[nH]c1C)=O
-27.25    -27.19      1.90      0.35      S(C)c1n[nH]c(=NC(CC(Nc2ccccc2C)=O)=O)s1
-24.81    -24.92     54.44      0.97      c1cc(OCC(=O)O)ccc1-c1sc(-c2ccc(F)cc2)cc1
-19.00    -18.95     36.59      0.68      NCCNC1CC1
-29.21    -29.48      7.55      0.45      O=C(N(O)C(c1cc(Br)ccc1)=O)C(C)(C)C
-37.10    -37.06     15.84      0.65      c1(Br)c2c(cc(OCC(=O)NCC(O)c3ccc(OCC(C)CCCCCC)cc3)c1)OC(C)(C)CC2
-29.16    -29.18     18.44      0.58      O=c1[nH]c2ccc(C)cc2cc1C(=O)OCC(N=c1n(-c2ccccc2)[nH]c(C(C)(C)C)c1)=O
Human-Component   raw_Human-Component
0.0   0.0   
0.29032257199287415   0.29032257199287415   
0.19354838132858276   0.19354838132858276   
1.0   1.0   
0.35483869910240173   0.35483869910240173   
0.9677419066429138   0.9677419066429138   
0.6774193644523621   0.6774193644523621   
0.4516128897666931   0.4516128897666931   
0.6451612710952759   0.6451612710952759   
0.5806451439857483   0.5806451439857483   

14:55:26: local_reinforcement_logger.timestep_report +41: INFO     
 Step 15   Fraction valid SMILES: 96.9   Score: 0.4844   Time elapsed: 12   Time left: 26.2
  Agent     Prior     Target     Score     SMILES
-22.96    -23.08    -23.08      0.00      N1(C(Cc2ccccc2)=O)CC(C)(C(NS(=O)(CCC)=O)=O)CC1
-39.98    -39.88    -12.55      0.33      c1cc(OC)ccc1CCN(c1c2c3c(cc1)ccc1ccc4cccc(c41)c32)C
-32.83    -32.92      2.61      0.43      n1ccoc1C(N(C(=O)c1cc(-c2cnccc2)cs1)C)C
-30.45    -30.27     43.53      0.90      n1c(C)c(-c2ccc(Cl)cc2)n2c(C)c(CCC(=O)OCC)c(CC)nc12
-30.51    -30.52    -16.85      0.17      o1c(CN(C)C(c2c(F)cccc2)C(OC)=O)nc(CCC)n1
-18.35    -18.38      0.75      0.23      N1(CC(COCc2cccs2)O)CCOCC1
-31.26    -31.11     48.16      0.97      CCCCCCCCCCOc1c(OC)cc(C(Nc2ccc3[nH]c(=O)oc3c2)=O)cc1
-32.08    -32.07    -10.20      0.27      [nH]1c(=O)c(C(=O)N2CCC(c3c(C)cccc3)CC2)ccc1-c1cccnc1
-30.52    -30.48     15.99      0.57      c1(C=NNC(=O)c2ccc(Cl)cc2)n(-c2cccc(C(OC)=O)c2)c(=S)[nH]c(=O)c1
-15.72    -15.86     60.67      0.93      c1nc2n(C3C(O)C(O)C(CO)O3)cnc2c(=N)[nH]1
Human-Component   raw_Human-Component
0.0   0.0   
0.3333333432674408   0.3333333432674408   
0.4333333373069763   0.4333333373069763   
0.8999999761581421   0.8999999761581421   
0.1666666716337204   0.1666666716337204   
0.23333333432674408   0.23333333432674408   
0.9666666388511658   0.9666666388511658   
0.2666666805744171   0.2666666805744171   
0.5666666626930237   0.5666666626930237   
0.9333333373069763   0.9333333373069763   

14:55:26: local_reinforcement_logger.timestep_report +41: INFO     
 Step 16   Fraction valid SMILES: 100.0   Score: 0.5000   Time elapsed: 13   Time left: 26.0
  Agent     Prior     Target     Score     SMILES
-24.78    -24.74      7.00      0.39      N(C(CCCCC1SSCC1)=O)CCN=c1nccc[nH]1
-25.72    -25.79      8.60      0.42      C(c1[nH]cc(S(c2c(OC)ccc(Cl)c2)(=O)=O)c1)(=O)O
-42.14    -42.01    -34.07      0.10      c1(COc2c(C)ccc(OCc3nnc4sc(-c5cc(OC)c(OC)c(OC)c5)nn43)c2)n2c(nc(-c3ccccc3)n2)cc(C)n1
-23.50    -23.60     50.47      0.90      n1(CC2Cc3c(cccc3)OC2)cnc2c(=N)[nH]cnc12
-22.52    -22.61     17.07      0.48      c1ccc(O)c(-c2sc(C)cc2)c1
-29.66    -29.38     20.87      0.61      c1ccc2c(nc(SCC(N3CCN(CC(=O)Nc4c(C)c(C)ccc4)CC3)=O)n(C)c2=O)c1
-33.66    -33.48      8.84      0.52      FC1C(O)C(OC(C)CCCCC)OC1n1c(Br)nc2c1cc(Cl)c(Cl)c2
-21.97    -21.86      1.95      0.29      n1(-c2ccc(F)cc2)c2c(c(=O)n(Cc3ccc(OC)cc3)cn2)cn1
-25.04    -25.15     22.46      0.58      c1(SCc2cc(Cl)ccc2)nn2c(n1)nc(C)c(C)c2C
-31.95    -32.01     -2.91      0.35      c1cccc2n(Cc3nc(C(O)(C)C)sc3)c3nc(=O)n(C)c(=O)c3nc12
Human-Component   raw_Human-Component
0.3870967626571655   0.3870967626571655   
0.4193548262119293   0.4193548262119293   
0.09677419066429138   0.09677419066429138   
0.9032257795333862   0.9032257795333862   
0.4838709533214569   0.4838709533214569   
0.6129032373428345   0.6129032373428345   
0.5161290168762207   0.5161290168762207   
0.29032257199287415   0.29032257199287415   
0.5806451439857483   0.5806451439857483   
0.35483869910240173   0.35483869910240173   

14:55:27: local_reinforcement_logger.timestep_report +41: INFO     
 Step 17   Fraction valid SMILES: 100.0   Score: 0.5000   Time elapsed: 14   Time left: 25.7
  Agent     Prior     Target     Score     SMILES
-28.28    -28.21     32.63      0.74      C(=O)(C=Cc1ccc(C)cc1)c1cccn1CC(N(C)C)=O
-20.74    -20.66     45.47      0.81      C(C(O)CN1CCOCC1)Oc1c(Cl)cc(Cl)cc1
-23.70    -23.96     34.24      0.71      c1cc(F)ccc1C(=O)NC(=O)NC1CCOC1=O
-27.20    -27.23     -0.78      0.32      c1ccsc1-c1nc(C2OCCN(C(=O)c3[nH]nc(C)c3)C2)on1
-36.77    -36.75     18.80      0.68      CC(CC(C(NC(C(=O)N)C1CC1)=O)CCS)C
-19.02    -19.18     52.24      0.87      C(=CCC=CCC=CCC=CCC)CC=CCC=CCCCC(NC(C)CO)=O
-23.75    -23.76     -7.89      0.19      c1cc(O)ccc1-c1cc(C(F)(F)F)cc2c1cn[nH]2
-40.49    -40.00    -26.77      0.16      C(C=C(C)C=CC=C(C)C=Cc1c(Cl)cc(OC)c(C)c1Cl)=CC(C)CCCC(CO)C
-17.76    -18.06     61.30      0.97      C(c1ccc(O)cc1)=CC(=O)c1ccc(Cl)cc1
-41.77    -41.62    -38.98      0.03      c1c(O)c(C(C)C)cc(-c2sc(COc3ccc(Cn4c(CCC)nc5c4cc(-c4ccccc4-c4n[nH]nn4)cc5)cc3)nc2)c1
Human-Component   raw_Human-Component
0.7419354915618896   0.7419354915618896   
0.8064516186714172   0.8064516186714172   
0.7096773982048035   0.7096773982048035   
0.32258063554763794   0.32258063554763794   
0.6774193644523621   0.6774193644523621   
0.8709677457809448   0.8709677457809448   
0.19354838132858276   0.19354838132858276   
0.16129031777381897   0.16129031777381897   
0.9677419066429138   0.9677419066429138   
0.032258063554763794   0.032258063554763794   

14:55:28: local_reinforcement_logger.timestep_report +41: INFO     
 Step 18   Fraction valid SMILES: 100.0   Score: 0.5000   Time elapsed: 14   Time left: 23.6
  Agent     Prior     Target     Score     SMILES
-22.08    -22.28     22.69      0.55      Fc1ccccc1C1NC(=S)N=C(c2ccccc2)C1C(=O)OCC
-24.36    -24.52    -13.94      0.13      C1N(C(=O)c2c(OC)cc(SC)cc2)CCN(c2scc(C)n2)C1
-59.39    -59.29    -54.00      0.06      C1C2(COC(=O)C)C(CC3C(=C)CC4C(C(CCO)C3(C)C2)C(O)OC4)c2cc(O)oc2CC1
-24.93    -25.15     48.92      0.90      C1(C)N(c2n(C)nc(-c3ccc(F)cc3)c2C#N)CCC1
-22.93    -22.96    -20.31      0.03      C(OC(c1c(NC(=O)Cc2cccs2)sc(C(C)=O)c1C)=O)C
-35.66    -35.71     14.55      0.61      c1(=O)cc(C(NC(C(CC(=O)NC2c3ccccc3CC2O)O)Cc2ccccc2)O)cc(Cc2ccc(O)cc2)[nH]1
-22.16    -22.39     49.03      0.87      c1(-n2c(-c3ccccc3)cn(CCC#N)c2=O)ccccc1
-21.59    -21.56     -3.04      0.23      c1c(Cl)ccc(C(CSc2nnc(-c3ccc([N+](=O)[O-])cc3)o2)=O)c1
-27.58    -27.55    -19.61      0.10      C(COc1cc(C)c(-c2cc(Cl)c(CCC(O)=O)cc2)cc1)N1CCCC1
-34.29    -34.47     -2.73      0.39      c1ccc(C(NC(=O)c2cc(C(N(C)CC)=O)n(-c3ccc(F)cc3)n2)CC)c(F)c1
Human-Component   raw_Human-Component
0.5483871102333069   0.5483871102333069   
0.12903225421905518   0.12903225421905518   
0.06451612710952759   0.06451612710952759   
0.9032257795333862   0.9032257795333862   
0.032258063554763794   0.032258063554763794   
0.6129032373428345   0.6129032373428345   
0.8709677457809448   0.8709677457809448   
0.22580644488334656   0.22580644488334656   
0.09677419066429138   0.09677419066429138   
0.3870967626571655   0.3870967626571655   

14:55:29: local_reinforcement_logger.timestep_report +41: INFO     
 Step 19   Fraction valid SMILES: 96.9   Score: 0.4844   Time elapsed: 15   Time left: 23.2
  Agent     Prior     Target     Score     SMILES
-34.07    -34.02     39.78      0.90      c1c2cc(CC(C)=CCCl)ccc2c(O)c2c(O)cccc12
-51.47    -51.21    -34.81      0.20      C(NC1CN(c2nc(=N)[nH]cc2)CC1)(c1cc2c(c(OC3CCCC3)c(CCC(=O)N3CCOCC3)cc2OC)[nH]1)=O
-26.54    -26.60      8.93      0.43      c1(O)c(C(c2ccco2)=O)c(O)n(C)c1CCCC
-19.27    -19.54     48.79      0.83      c1(N=Nc2c(=O)[nH][nH]c2-c2ccc(C)cc2)ccccc1
-27.82    -27.75     18.72      0.57      O=[N+]([O-])c1c(-c2c(O)ccc3c2OCO3)cc(O)c(O)c1
-33.70    -33.78     42.75      0.93      O(C1CC(O)C(O)C(COc2cccc3ccccc23)O1)C(NC1CCCCC1)=O
-26.91    -26.96    -16.02      0.13      Clc1cc(C=C2C(=O)C(=Cc3ccc(Cl)cc3Cl)CNC2)n(C)c1
-31.34    -31.21    -31.21      0.00      c1cc2c([nH]c3ccccc32)c(CCCCN2CCC(c3ccc(Cl)cc3)=CC2)[nH]1
-31.47    -31.91    -31.91      0.00      c1(N2N=C(c3ccc(N)cc3)c3c(C)c(C)sc3C2C=Cc2ccccc2)ccc(S(N)(=O)=O)cc1
-44.61    -44.22    -36.02      0.10      C1(Nc2ccc(-c3ccc4c(c3)n(C)c(O)c4)cc2C)CCCc2cc(OC)ccc21
Human-Component   raw_Human-Component
0.8999999761581421   0.8999999761581421   
0.20000000298023224   0.20000000298023224   
0.4333333373069763   0.4333333373069763   
0.8333333134651184   0.8333333134651184   
0.5666666626930237   0.5666666626930237   
0.9333333373069763   0.9333333373069763   
0.13333334028720856   0.13333334028720856   
0.0   0.0   
0.0   0.0   
0.10000000149011612   0.10000000149011612   

14:55:29: local_reinforcement_logger.timestep_report +41: INFO     
 Step 20   Fraction valid SMILES: 100.0   Score: 0.5000   Time elapsed: 16   Time left: 22.9
  Agent     Prior     Target     Score     SMILES
-38.22    -37.71    -16.55      0.26      n1(CC)c(SCC(Nc2cc(C(=O)OC)cc(C(=O)OC)c2)=O)nc2c(c1=O)ccc(-c1cccs1)n2
-35.02    -34.85     47.15      1.00      c1c[nH]c(=Nc2cc(OC)c(CN(C)C)c(OC)c2)nc1-c1c[nH]c(C(Nc2ccc(F)cc2)=O)c1
-29.76    -29.44     31.40      0.74      c12c(ccc(Nc3cc4n[nH]c(C=Cc5ccccn5)c4cc3)c1)nc(-c1ccncc1)[nH]2
-27.61    -27.55     -1.10      0.32      C1CC(C)CCC1Cn1c(=O)c(C(NCc2ccc(Cl)cc2)=O)cc2c1ncc(F)c2
-29.61    -29.84    -19.26      0.13      C(O)(=O)CCc1c(O)c2c(cc1)C(=O)C1=C(C2=O)OC(C)(C)CC1
-20.16    -20.36     27.26      0.58      COc1cc2c(cc1OC)CCN=C2CCc1ccccc1
-24.73    -25.23      9.16      0.42      c1c(C(=O)N=c2sc(C(C)(C)C)n[nH]2)cccc1-c1ccccc1
-25.26    -25.24     17.08      0.52      c1c2c(O)[nH]c(=O)c(C(NCc3ccccc3)=O)c2ccc1
-24.66    -24.47     28.43      0.65      OC(c1ccc(C(C)C)cc(=NCC)c1)=O
-22.76    -22.79     48.63      0.87      c1cc(N2CCN(c3nc4n(C)c(=O)[nH]c(=O)c4n3CCc3ccc(OC)cc3)CC2)ccc1
Human-Component   raw_Human-Component
0.25806450843811035   0.25806450843811035   
1.0   1.0   
0.7419354915618896   0.7419354915618896   
0.32258063554763794   0.32258063554763794   
0.12903225421905518   0.12903225421905518   
0.5806451439857483   0.5806451439857483   
0.4193548262119293   0.4193548262119293   
0.5161290168762207   0.5161290168762207   
0.6451612710952759   0.6451612710952759   
0.8709677457809448   0.8709677457809448   

14:55:31: local_reinforcement_logger.timestep_report +41: INFO     
 Step 21   Fraction valid SMILES: 100.0   Score: 0.5000   Time elapsed: 17   Time left: 22.4
  Agent     Prior     Target     Score     SMILES
-23.67    -23.59     37.25      0.74      c1c(C(=S)N2CCC(C)CC2)cc(OC)c(OCc2ccc(Cl)cc2)c1
-21.35    -21.38    -10.80      0.13      C1N(S(=O)(=O)c2ccc(C(C)C)cc2)CCC(C(=O)NC2CCCCCC2)C1
-32.91    -33.12     38.30      0.87      c1c(C#Cc2c3c(ncn2)[nH]nc3)cccc1-c1ccccc1C(C)=O
-28.26    -28.47     16.50      0.55      c1ccccc1NC(=O)NC(CC1CCCCC1)C(=O)NC1c2c(cccc2)CC1O
-26.36    -26.12     29.43      0.68      c1c(OC)c(C(Nn2c(=O)c3c4c(sc3nc2)CCCC4)=O)c(OC)cc1
-25.43    -25.49     16.84      0.52      C1N(Cc2onc(C)n2)CCC2(CC(=O)NC2)C1
-21.81    -21.95     17.72      0.48      o1c(=O)c(C(C=Cc2c(OC)ccc(Br)c2)=O)cc2ccccc12
-20.92    -21.05     31.86      0.65      c1(Cl)ccc(OCC(O)Cn2c([N+](=O)[O-])cnc2C)c(Cl)c1
-29.36    -29.48     -3.03      0.32      OC(c1ccccc1)C(=O)Nc1c(Cl)ccc(S(=O)(Nc2ccccc2OC)=O)c1
-29.69    -29.84    -27.19      0.03      CCn1ccnc1CN1CCc2ccc(-c3ccncc3)cc2C1
Human-Component   raw_Human-Component
0.7419354915618896   0.7419354915618896   
0.12903225421905518   0.12903225421905518   
0.8709677457809448   0.8709677457809448   
0.5483871102333069   0.5483871102333069   
0.6774193644523621   0.6774193644523621   
0.5161290168762207   0.5161290168762207   
0.4838709533214569   0.4838709533214569   
0.6451612710952759   0.6451612710952759   
0.32258063554763794   0.32258063554763794   
0.032258063554763794   0.032258063554763794   

14:55:32: local_reinforcement_logger.timestep_report +41: INFO     
 Step 22   Fraction valid SMILES: 96.9   Score: 0.4844   Time elapsed: 18   Time left: 21.9
  Agent     Prior     Target     Score     SMILES
-25.51    -25.76     -9.36      0.20      c1([N+](=O)[O-])cc2c(cc1)OC(C(NCc1ccccc1)=O)(C)C=C2c1ccccc1
-27.58    -27.69     40.64      0.83      C(=Cc1cc2ccn(CC(=O)C)c2cc1)C(c1ccc(Cl)cc1)=O
-31.34    -31.55     34.05      0.80      C(C1=CCCN(CCc2cc3c(cc2)OCO3)C1=O)(CNCc1ccccc1)C
-26.55    -26.63     30.77      0.70      c1c2nc(-c3c(C)c(NC(=O)c4ccc(S(F)(=O)=O)cc4)ccc3)oc2ccc1
-20.39    -20.59    -17.86      0.03      c1cccc(CNC(=O)C)c1Oc1ccccc1
-23.42    -23.69     11.84      0.43      c1c(N=c2[nH]nc(-c3cc(C)ccc3)s2)c(C)ccc1
-23.01    -23.50     31.17      0.67      c1(-c2ccccc2)nn(CC=C)c2c1CSc1ccccc1-2
-23.43    -23.50     58.50      1.00      c1(=Nc2ccc(Cl)cc2)cc[nH]c(-c2ccc(C#N)cc2)n1
-24.03    -23.86      6.21      0.37      c1(OC)ccc(C(=O)NNC(=O)CSc2ccc3c(c2)OCCO3)cc1
-22.73    -23.15      4.19      0.33      C(C(=O)O)(N)Cc1ccccc1Oc1ccccc1
Human-Component   raw_Human-Component
0.20000000298023224   0.20000000298023224   
0.8333333134651184   0.8333333134651184   
0.800000011920929   0.800000011920929   
0.699999988079071   0.699999988079071   
0.03333333507180214   0.03333333507180214   
0.4333333373069763   0.4333333373069763   
0.6666666865348816   0.6666666865348816   
1.0   1.0   
0.36666667461395264   0.36666667461395264   
0.3333333432674408   0.3333333432674408   

14:55:33: local_reinforcement_logger.timestep_report +41: INFO     
 Step 23   Fraction valid SMILES: 100.0   Score: 0.5000   Time elapsed: 19   Time left: 21.4
  Agent     Prior     Target     Score     SMILES
-36.28    -36.30     -1.92      0.42      n1nn(CC2CCOCC2)c2c1c(C(=O)NC1CCN(C(C)C)CC1)ccc2Oc1ccc(S(C)(=O)=O)cc1
-30.88    -31.45     21.45      0.65      [N+](c1cc(-c2ccccc2)n(S(c2c(C#N)cccc2)(=O)=O)c1)(=O)[O-]
-29.49    -29.93     12.40      0.52      O=C(O)CCC(=O)OC1CC(C)(C)C2CCC3(C)C4(C)C(=CCC3C2(C)C1)C1C(C)(CCC(C(=O)O)(C)C1)CC4
-22.35    -22.62      9.12      0.39      CC(n1ccnc1)C(N=c1scc(C)[nH]1)=O
-22.28    -22.66     -6.79      0.19      c1cccc2c1c(C)c(C(=O)OCCOC)o2
-26.98    -27.09     -3.28      0.29      c1(Br)c(C=C2C(=O)N(Cc3cc[n+]([O-])cc3)C(=O)S2)cccc1
-28.26    -28.48    -17.90      0.13      c1(N2CCC(c3c(C(=O)N)c[nH]n3)CC2)ncc(OCc2ccc(S(=O)(=O)C)cc2)cn1
-22.23    -21.83     46.94      0.84      Cc1cc(N)c2c([nH]c(=N)s2)c1
-22.52    -22.51     35.68      0.71      c1cc(Sc2ccc(C)cc2)ccc1NC=NC(=N)N
-34.28    -34.32     -5.22      0.35      c1cc(C)c(-c2c3c(ccc2)ccc(-c2c(F)cccc2F)n3)cn1
Human-Component   raw_Human-Component
0.4193548262119293   0.4193548262119293   
0.6451612710952759   0.6451612710952759   
0.5161290168762207   0.5161290168762207   
0.3870967626571655   0.3870967626571655   
0.19354838132858276   0.19354838132858276   
0.29032257199287415   0.29032257199287415   
0.12903225421905518   0.12903225421905518   
0.8387096524238586   0.8387096524238586   
0.7096773982048035   0.7096773982048035   
0.35483869910240173   0.35483869910240173   

14:55:34: local_reinforcement_logger.timestep_report +41: INFO     
 Step 24   Fraction valid SMILES: 100.0   Score: 0.5000   Time elapsed: 20   Time left: 20.8
  Agent     Prior     Target     Score     SMILES
-20.45    -20.76    -15.47      0.06      C1(C)(C)NC(=S)N(CCCCC)C(C)(C)C1
-22.74    -22.66     -9.44      0.16      c1c(S(=O)(N2CC(O)CC(C)(C)C2C(O)=NO)=O)ccc(OCCC)c1
-26.17    -26.28     39.85      0.81      Clc1cc(Cl)cc(Cl)c1-n1c2[nH]c(C3=CCCCC3)nc(=O)c2c(C)n1
-25.55    -25.63      0.82      0.32      c1c(NC(N2C3CCCC2CC(NC(=O)COC)C3)=O)ccc(C(F)(F)F)c1
-31.34    -30.88      6.16      0.45      c12c(OCC(O)CNCc3cccc(OC)c3)c(OC)ccc1C(=O)CCO2
-26.40    -26.37     13.31      0.48      c1cc(-n2c(O)c(-c3ccc(C)cc3)cc2O)ccc1S(C)(=O)=O
-19.75    -19.72     59.63      0.97      c1c2c(cc(CNC(Nc3cc(C)cc(C)c3)=S)c1)OCO2
-24.59    -24.34     44.43      0.84      FC(c1cc(S(=O)(NCCCN(C)C)=O)ccc1C#N)(F)F
-20.49    -20.56      8.53      0.35      c12c3[nH]c(=O)c(=O)[nH]c3cc([N+](=O)[O-])c1cccn2
-28.32    -28.28     21.98      0.61      Clc1cc(C#N)ccc1Oc1c(Cl)cnn(Cc2cccc(C)c2)c1=O
Human-Component   raw_Human-Component
0.06451612710952759   0.06451612710952759   
0.16129031777381897   0.16129031777381897   
0.8064516186714172   0.8064516186714172   
0.32258063554763794   0.32258063554763794   
0.4516128897666931   0.4516128897666931   
0.4838709533214569   0.4838709533214569   
0.9677419066429138   0.9677419066429138   
0.8387096524238586   0.8387096524238586   
0.35483869910240173   0.35483869910240173   
0.6129032373428345   0.6129032373428345   

14:55:35: local_reinforcement_logger.timestep_report +41: INFO     
 Step 25   Fraction valid SMILES: 100.0   Score: 0.5000   Time elapsed: 21   Time left: 20.2
  Agent     Prior     Target     Score     SMILES
-23.51    -23.68     18.64      0.52      c1(CNC(=O)c2ccc(Cn3cccn3)cc2)cnccc1
-29.50    -29.14     52.86      1.00      [nH]1c2ccc(S(=O)(Nc3cc(Br)c(C)cc3)=O)cc2c(=N)cc1C
-18.26    -18.86     26.11      0.55      O=c1n(C)c(=O)n(C)c(N)c1S(=O)(=O)c1ccccc1
-18.40    -18.51     50.27      0.84      c1(-c2ccc(Cl)cc2Cl)[nH]c(=N)[nH]c(=N)n1
-24.67    -24.94     33.25      0.71      CCN(CC)CCc1[nH]c2c(cc(C)cc2)c(=O)c1
-47.12    -47.22    -10.19      0.45      C(C)(C(O)C(O)c1n(C)ccc1)=c1cc(O)c(=CC(=O)C)c(OC)c1O
-49.78    -49.50    -17.76      0.39      CC(=CCC1C(C2COC(C)(C)O2)C(O)CC12C(OC(=O)C)C(C)(C=C)CC=C2)C
-27.60    -27.53     25.37      0.65      COc1c(OC)cc(NCc2c(O)cc(OC)cc2)c2ccccc21
-26.69    -26.93     -3.12      0.29      C(C(=O)N1C(C(=O)N(C)C)CCC1)Oc1ccc(Br)cc1
-21.88    -22.41      6.69      0.35      O=[N+](c1oc(C=CC(c2c(Cl)cccc2)=O)cc1)[O-]
Human-Component   raw_Human-Component
0.5161290168762207   0.5161290168762207   
1.0   1.0   
0.5483871102333069   0.5483871102333069   
0.8387096524238586   0.8387096524238586   
0.7096773982048035   0.7096773982048035   
0.4516128897666931   0.4516128897666931   
0.3870967626571655   0.3870967626571655   
0.6451612710952759   0.6451612710952759   
0.29032257199287415   0.29032257199287415   
0.35483869910240173   0.35483869910240173   

14:55:36: local_reinforcement_logger.timestep_report +41: INFO     
 Step 26   Fraction valid SMILES: 96.9   Score: 0.4844   Time elapsed: 22   Time left: 19.6
  Agent     Prior     Target     Score     SMILES
-37.70    -37.61      0.66      0.47      [nH]1cc(C23NC(=N)SCC2C(F)(F)C2C(C3)OCC2)ccc1=Nc1c(F)cc(F)cc1
-29.86    -30.27     18.93      0.60      c1(S(=O)(Nc2c(OC)ncc(-c3ccc(N4CCC(O)C4)nc3)c2)=O)cn(C)nc1
-25.08    -25.21     37.65      0.77      C(c1cc(O)c(C(O)=O)cc1OC)=Cc1ccccc1
-23.35    -23.44    -23.44      0.00      c12c(=O)n(Cc3cccnc3)nc-1c1ccccc1n2CC
-42.70    -41.86     -0.86      0.50      c1cc(NC(C)C)c(C(=O)O)cc1S(N1CCC(C(=O)Nc2ccc(-c3sc4c(ccc(C)c4)n3)cc2)CC1)(=O)=O
-34.94    -34.58     33.75      0.83      c1(OC)ccc(-c2c3ccccc3c(=Nc3ccc(S(=O)(N=c4nc(C)cc(C)[nH]4)=O)cc3)[nH]n2)cc1OCC=C
-32.74    -32.75     -8.15      0.30      C1C(N(CCC)CCC)CC2(CCN(C(=O)c3cc(OC)cc(N(C)C)c3)CC2)O1
-31.31    -31.72    -28.98      0.03      C(OC(=O)c1ccccc1)(CCSC)C(Nc1c(N2CCOCC2)cccc1)=O
-37.62    -37.26    -37.26      0.00      c1cccc(-c2c(N=NN(Cc3ccccc3)CCCN)c(C(OC)=O)[nH]n2)c1
-34.55    -34.46    -15.32      0.23      c1cc(Cl)cc(C(=O)NCC)c1[S+](N1CCC(O)C1)[O-]
Human-Component   raw_Human-Component
0.46666666865348816   0.46666666865348816   
0.6000000238418579   0.6000000238418579   
0.7666666507720947   0.7666666507720947   
0.0   0.0   
0.5   0.5   
0.8333333134651184   0.8333333134651184   
0.30000001192092896   0.30000001192092896   
0.03333333507180214   0.03333333507180214   
0.0   0.0   
0.23333333432674408   0.23333333432674408   

14:55:37: local_reinforcement_logger.timestep_report +41: INFO     
 Step 27   Fraction valid SMILES: 100.0   Score: 0.5000   Time elapsed: 23   Time left: 18.9
  Agent     Prior     Target     Score     SMILES
-29.38    -29.57     -5.76      0.29      Cc1cc(C)c2cc(CN(CC(C)C)C(=O)c3cc(C)ccc3)sc2n1
-22.02    -22.61     -4.09      0.23      c12c(O)cc(O)cc1oc(-c1c(CO)cccc1)cc2=O
-23.86    -23.80      7.94      0.39      O(c1ccc(C(=O)NCC2C(O)C(O)CN2)cc1)CC
-30.95    -31.39     47.97      0.97      c1cccc(CNC(=O)OCC(OCn2c(=O)[nH]c(=O)o2)COCc2ccccc2)c1
-24.88    -24.91     30.64      0.68      N1(C(=O)Cn2c(=O)sc3cc(Cl)ccc23)CCN(c2cccc(C(F)(F)F)c2)CC1
-38.07    -38.10    -11.65      0.32      C(N)(=N)N=C(c1ccc(N(C)C(=O)c2c3ccccc3n[nH]2)cc1)N
-26.42    -26.46    -10.59      0.19      OCc1c(O)ccc(C=CC(=O)CC(C=Cc2cc(OC)cc(O)c2)=O)c1
-34.96    -35.27     28.21      0.77      C1(=O)N2C(c3c(Cl)c(O)ccc31)CC(C1CC1)=CCC2
-27.24    -27.27     12.41      0.48      c12ccccc1n(CCCN1CCN(CCN=c3c4c([nH]c5ccccc35)cccc4)CC1)c1ccccc21
-28.55    -28.78     29.42      0.71      O=C1Oc2c(c(=O)nc(-c3ccc(C(C)(C)C)cc3)o2)CC1
Human-Component   raw_Human-Component
0.29032257199287415   0.29032257199287415   
0.22580644488334656   0.22580644488334656   
0.3870967626571655   0.3870967626571655   
0.9677419066429138   0.9677419066429138   
0.6774193644523621   0.6774193644523621   
0.32258063554763794   0.32258063554763794   
0.19354838132858276   0.19354838132858276   
0.774193525314331   0.774193525314331   
0.4838709533214569   0.4838709533214569   
0.7096773982048035   0.7096773982048035   

14:55:38: local_reinforcement_logger.timestep_report +41: INFO     
 Step 28   Fraction valid SMILES: 100.0   Score: 0.5000   Time elapsed: 24   Time left: 18.2
  Agent     Prior     Target     Score     SMILES
-20.48    -20.84     24.13      0.55      O=C(c1ccc(-c2ccccc2)cc1)OCC(N1CCOCC1)=O
-29.41    -29.68     23.23      0.65      c1c(C(O)=O)ccc(-c2n(-c3cnc(OC)nc3OC)c3ccc(OC)cc3c2C#N)c1
-23.92    -23.80    -18.51      0.06      c1(OC)ccc(C2=NN(C(N3CCN(c4ncccc4)CC3)=S)CC2)cc1
-24.50    -24.85    -16.91      0.10      c1(OC)cc(OCc2cnccc2)c2c(oc(-c3nc4n(c3)nc(OC)s4)c2)c1
-18.97    -18.91     60.45      0.97      CN(CCCOc1ccc2ccc(=O)oc2c1)C
-20.24    -20.45      6.00      0.32      n1(C(=O)c2ccc(Cl)cc2Cl)nc(C)cc1C
-24.62    -24.89     49.18      0.90      O=S(c1no[n+]([O-])c1OCC)(=O)c1ccc(C)cc1
-36.80    -36.97     45.03      1.00      c1c2ccccc2n(-c2ccc(O)cc2C(=O)Nc2cc(OC(F)(F)F)ccc2)c1
-30.20    -30.00    -30.00      0.00      C1c2c(ccc(S(O)(=O)=O)c2)C2CCC3(C)C(CCC3(O)CC)C2C1
-24.39    -24.74     17.58      0.52      c1(C(=O)O)cc(NN=Cc2c(Cl)cccc2)c(Cl)cc1
Human-Component   raw_Human-Component
0.5483871102333069   0.5483871102333069   
0.6451612710952759   0.6451612710952759   
0.06451612710952759   0.06451612710952759   
0.09677419066429138   0.09677419066429138   
0.9677419066429138   0.9677419066429138   
0.32258063554763794   0.32258063554763794   
0.9032257795333862   0.9032257795333862   
1.0   1.0   
0.0   0.0   
0.5161290168762207   0.5161290168762207   

14:55:39: local_reinforcement_logger.timestep_report +41: INFO     
 Step 29   Fraction valid SMILES: 90.6   Score: 0.4531   Time elapsed: 25   Time left: 17.5
  Agent     Prior     Target     Score     SMILES
-24.23    -24.06     28.65      0.64      c1(Cl)cc(Cl)c(CC(NCC(F)F)=O)cc1
-24.30    -24.29    -24.29      0.00      N(OC(=O)Nc1ccccc1)=C(C)c1ccc(OCC)cc1
-33.82    -34.02     24.56      0.71      C(=O)(N(CC)CC)c1ccc(NC(Nc2ccc3c(ccnc3Cl)c2)=O)cc1
-20.40    -20.74    -20.74      0.00      c1cccc2c(CO)c(OC)cc(=O)c12
-39.23    -39.22     -1.15      0.46      c1cccc(-c2c(Cn3ncnc3)cnc(OCC3C(c4ccccc4)(C)C3)c2)c1
-31.41    -31.17     18.61      0.61      C1CN(C(=O)c2c(C)ccs2)CCC(CNCc2ccc(CC)o2)C1
-20.90    -21.28     34.37      0.68      c1cc(NC(=O)CSc2nc(N)cc(=O)[nH]2)ccc1N1CCOCC1
-26.43    -26.26      3.03      0.36      N(C(C)=O)Cc1cc(-n2[nH]nnc2=S)ccc1
-28.95    -28.62     18.23      0.57      n1(-c2ccc(Cl)c(Cl)c2)nc(C(NC(C)C)=O)c2c(=N)nc[nH]c12
-32.12    -32.64     -6.28      0.32      CC(=NOC(=O)c1ccc(Cl)cc1)c1cc(N=C=S)cc2ccccc21
Human-Component   raw_Human-Component
0.6428571343421936   0.6428571343421936   
0.0   0.0   
0.7142857313156128   0.7142857313156128   
0.0   0.0   
0.4642857015132904   0.4642857015132904   
0.6071428656578064   0.6071428656578064   
0.6785714030265808   0.6785714030265808   
0.3571428656578064   0.3571428656578064   
0.5714285969734192   0.5714285969734192   
0.3214285671710968   0.3214285671710968   

14:55:40: local_reinforcement_logger.timestep_report +41: INFO     
 Step 30   Fraction valid SMILES: 100.0   Score: 0.5000   Time elapsed: 27   Time left: 17.4
  Agent     Prior     Target     Score     SMILES
-39.27    -39.55     18.64      0.71      C1(=O)c2c3c4c(n(CCO)n3c3c2cccc3)cccc4C(=O)N2C1CCC2
-26.86    -26.54     26.36      0.65      C1(=S)N(C(Cc2ccccc2)C(Nc2c(C)cc(C)cc2)=O)C(=O)C(=Cc2ccc(N(C)C)cc2)S1
-31.22    -32.27     23.28      0.68      c1c(Oc2ccc(C(N(C)C)=O)cc2)ccc(CN(C)C(=O)Oc2cc(C(F)(F)F)ccc2)c1
-29.17    -28.99     34.49      0.77      c1c(-n2c(O)c(C(=NNC3=NCCN3)C)c3c(cccc3)c2=O)ccc(C)c1
-30.66    -30.32     -1.22      0.35      c1(NC(c2nc3c(ccc(OC(F)(F)F)c3)nc2)=O)cc(Cl)ccc1
-29.28    -29.54     -5.74      0.29      c1c(CCN2CCN(CC(c3c4cc(OC)ccc4ncc3)O)CC2)ccc(NC(=O)c2ccc(Cl)cc2)c1
-31.85    -31.62    -15.74      0.19      C(OCC)(C(=S)Nc1c2c(cc(Cl)c1)cccn2)=O
-26.64    -27.42     44.00      0.87      n12c(nc(C)c(C)c1C)c(-c1sc3ccccc3n1)c(C)n2
-31.79    -31.72      2.67      0.42      O=C(C)C1C(C)Cc2c(cccc2)C1c1ccccc1OC
-33.79    -33.40     45.95      0.97      NCCCCCCCCc1c(CCCCCCCCCCO)c2c([nH]1)cccc2
Human-Component   raw_Human-Component
0.7096773982048035   0.7096773982048035   
0.6451612710952759   0.6451612710952759   
0.6774193644523621   0.6774193644523621   
0.774193525314331   0.774193525314331   
0.35483869910240173   0.35483869910240173   
0.29032257199287415   0.29032257199287415   
0.19354838132858276   0.19354838132858276   
0.8709677457809448   0.8709677457809448   
0.4193548262119293   0.4193548262119293   
0.9677419066429138   0.9677419066429138   

14:55:41: local_reinforcement_logger.timestep_report +41: INFO     
 Step 31   Fraction valid SMILES: 100.0   Score: 0.5000   Time elapsed: 28   Time left: 16.6
  Agent     Prior     Target     Score     SMILES
-34.01    -34.52    -29.23      0.06      C(C(=O)O)C(C)(C)C1CCc2cc(OC(=O)c3cccs3)ccc2C1
-36.68    -37.85    -27.27      0.13      C(O)C(OC(CNC(=O)C(CSSCC(CC(O)=O)N)S)=O)CO
-32.59    -31.68     -2.58      0.35      c1([N+](=O)[O-])c(=Nc2cccc(OC(F)(F)F)c2)[nH]c(=NC2C(O)C(O)C(COS(N)(=O)=O)C2)[nH]c1
-34.86    -34.86     -8.41      0.32      c1cc(N(C)C)ccc1C(Nc1sc2c(c1C(=O)N)CCN(CNS(=O)(=O)c1ccc(C)cc1)C2)=O
-19.98    -20.08     51.34      0.87      O=C(N1CCCCC1)c1ccc([N+](=O)[O-])s1
-21.96    -23.03     24.58      0.58      Nc1c(N(C(c2ccncc2)=O)C)c(=O)[nH]c(=O)n1Cc1ccccc1
-23.20    -23.27     21.70      0.55      c1(C(C2CCN(C(=O)N=c3scc[nH]3)CC2)c2ccccc2)ccccc1
-22.20    -22.72     19.61      0.52      c1cc(F)ccc1CC1C(=O)N(O)c2c(cccc2)O1
-40.91    -41.39     37.96      0.97      C1(=O)C(C)(C)COc2c(cc(N=c3nc[nH]c(N4CCC(CC(=O)N)CC4)c3C)c(Cl)c2)O1
-21.60    -21.74    -19.09      0.03      O(C)C(=O)c1ccc2c(c1)CC(C)(C)O2
Human-Component   raw_Human-Component
0.06451612710952759   0.06451612710952759   
0.12903225421905518   0.12903225421905518   
0.35483869910240173   0.35483869910240173   
0.32258063554763794   0.32258063554763794   
0.8709677457809448   0.8709677457809448   
0.5806451439857483   0.5806451439857483   
0.5483871102333069   0.5483871102333069   
0.5161290168762207   0.5161290168762207   
0.9677419066429138   0.9677419066429138   
0.032258063554763794   0.032258063554763794   

14:55:43: local_reinforcement_logger.timestep_report +41: INFO     
 Step 32   Fraction valid SMILES: 96.9   Score: 0.4844   Time elapsed: 29   Time left: 15.8
  Agent     Prior     Target     Score     SMILES
-18.80    -19.06     57.47      0.93      c1c2c3c(cccc3C(=O)N(CCCNCCO)C2=O)cc1
-17.70    -17.75     23.25      0.50      c1cncn1C(C)C
-31.22    -31.20     50.80      1.00      C(C)N(CC)CCCCOc1c(Cl)cc(NC(c2ccc(C(O)=O)cc2)=O)cc1
-33.90    -34.28    -26.08      0.10      c12nccn1cc(C)[nH]c2=NCCc1c[nH]c(=NC(OCc2ccccc2)=O)s1
-29.72    -29.77    -10.64      0.23      O=C(c1c(Br)ccc(Oc2ccccc2)c1)N1CCN(c2cc(C)ccc2C)CC1
-22.92    -23.46     28.48      0.63      N1(c2ccccc2)CCN(C(=O)c2oc(CS(=O)(=O)Cc3ccccc3C)cc2)CC1
-21.77    -21.97     16.29      0.47      c1c(NC(N2CCN(c3ccc(C(=O)C)cc3)CC2)=O)cc(OC)cc1
-40.85    -41.08    -30.14      0.13      C(C)CC(c1ccccc1)C(=O)N1Cc2c(cccc2-c2c(F)ccc(F)c2C=O)CC1
-21.51    -21.59     22.15      0.53      c1(Cl)ccc(C(C(C#N)=C2SCCCS2)=O)cc1
-37.96    -38.18     24.68      0.77      O(c1cnc2n1CCN(C)C2=O)CCNC(c1cc(F)cc(F)c1)=O
Human-Component   raw_Human-Component
0.9333333373069763   0.9333333373069763   
0.5   0.5   
1.0   1.0   
0.10000000149011612   0.10000000149011612   
0.23333333432674408   0.23333333432674408   
0.6333333253860474   0.6333333253860474   
0.46666666865348816   0.46666666865348816   
0.13333334028720856   0.13333334028720856   
0.5333333611488342   0.5333333611488342   
0.7666666507720947   0.7666666507720947   

14:55:44: local_reinforcement_logger.timestep_report +41: INFO     
 Step 33   Fraction valid SMILES: 100.0   Score: 0.5000   Time elapsed: 31   Time left: 15.5
  Agent     Prior     Target     Score     SMILES
-26.44    -26.62     39.50      0.81      c1c(-c2nc3c(ccc(N=c4[nH]cnc5ccc(Cl)cc54)c3)o2)ccc(OC)c1
-36.16    -36.68    -23.46      0.16      C1C(C#N)(c2nc(-c3cc(Cl)c(C)cc3)cs2)C(C#N)C(C)=N1
-19.26    -19.48     28.14      0.58      O=C(Nc1ccccc1)N1CCN(Cc2noc(C)c2)CC1
-33.40    -32.96      4.08      0.45      C(CN(C)C)Cc1cc2nc(-c3cc4c(cc3)cn[nH]4)[nH]c2cc1
-23.76    -23.41      0.39      0.29      C(CCCCCSC#N)CS
-28.21    -28.30     -9.79      0.23      C(C(NC(C1CCCN1C(C(C(c1ccccc1)c1ccccc1)NC(OC)=O)=O)=O)C)c1ccccc1
-35.93    -35.86    -25.28      0.13      c1(-c2cn3c(-c4cncc(N)c4)cnc3c(=Nc3ccncc3)[nH]2)ccc[nH]1
-43.72    -42.83    -37.54      0.06      c1c(Cl)ccc(Cl)c1Oc1cc(N(CC(OCC)=O)Cc2cc(OCC(F)(F)C(F)F)c(OC)cc2)ccc1
-21.37    -21.61     47.16      0.84      c1([N+](=O)[O-])c(Oc2c(OC)cccc2)c([N+]([O-])=O)cc(C(F)(F)F)c1
-29.77    -29.89     30.94      0.74      Clc1ccc(C2Cc3c(oc(NCc4ccccc4)c3C#N)C(=O)C2)cc1
Human-Component   raw_Human-Component
0.8064516186714172   0.8064516186714172   
0.16129031777381897   0.16129031777381897   
0.5806451439857483   0.5806451439857483   
0.4516128897666931   0.4516128897666931   
0.29032257199287415   0.29032257199287415   
0.22580644488334656   0.22580644488334656   
0.12903225421905518   0.12903225421905518   
0.06451612710952759   0.06451612710952759   
0.8387096524238586   0.8387096524238586   
0.7419354915618896   0.7419354915618896   

14:55:45: local_reinforcement_logger.timestep_report +41: INFO     
 Step 34   Fraction valid SMILES: 100.0   Score: 0.5000   Time elapsed: 31   Time left: 14.2
  Agent     Prior     Target     Score     SMILES
-27.73    -26.92     33.92      0.74      O(Cc1cn(C2C(C=Cc3ccccc3)N(c3ccc(F)cc3)C2=O)nn1)c1ccc(C(=O)C=Cc2ccc(OC)cc2)cc1
-32.81    -33.10    -30.46      0.03      n1c2c(F)c(-c3c(C)nc(OC4CCOCC4)cc3)c(F)cc2ncc1
-33.72    -33.60     24.60      0.71      C1(=O)c2c3cc(Br)ccc3n(C(C)C)c2C2N1C(=O)c1c(cccc1)O2
-40.68    -41.31     -9.57      0.39      O=C1c2ccc(C(OC)=O)cc2C(O)(c2cc3c(cc2)[nH]c(=NC(C)=O)[nH]3)N1c1cccc(O)c1
-49.88    -50.04     13.44      0.77      N1=C(C=C(c2occc2)c2ccc(N(C)C)cc2)CC(c2cccc(OC)c2OC)N1c1ccc(N=Nc2ccc(OC)cc2)cc1
-26.66    -26.53     55.47      1.00      Cc1[nH]n(C)c(=NC(Nc2cc3occc3cc2)=O)c1
-17.51    -18.64     28.98      0.58      C1(=O)c2c(cc(OC)cc2)OC(c2ccccc2)C1
-34.99    -34.84    -29.55      0.06      c1(-c2c(Cl)cc(O)cc2)nc(Cl)[nH]c(=NC(c2n(-c3cc(F)cc(F)c3)c(=O)c3c(Cl)cccc3n2)C)c1
-20.53    -20.54     -4.67      0.19      c1ncccc1-c1[nH]c(=NN=Cc2ccc(OC)cc2)sc1
-26.35    -26.54     39.59      0.81      O=C(NOCC=C)c1c2c(nc(-c3ccccc3)c1)ccc(Br)c2
Human-Component   raw_Human-Component
0.7419354915618896   0.7419354915618896   
0.032258063554763794   0.032258063554763794   
0.7096773982048035   0.7096773982048035   
0.3870967626571655   0.3870967626571655   
0.774193525314331   0.774193525314331   
1.0   1.0   
0.5806451439857483   0.5806451439857483   
0.06451612710952759   0.06451612710952759   
0.19354838132858276   0.19354838132858276   
0.8064516186714172   0.8064516186714172   

14:55:46: local_reinforcement_logger.timestep_report +41: INFO     
 Step 35   Fraction valid SMILES: 100.0   Score: 0.5000   Time elapsed: 33   Time left: 13.8
  Agent     Prior     Target     Score     SMILES
-24.13    -24.42    -16.49      0.10      O=C(C(=Cc1cc(O)c(O)cc1)C#N)c1ccc(N2CCN(C)CC2)cc1
-20.87    -21.30     47.47      0.84      c12c(sc(C(O)=O)c1)c(C(N)=O)ccc2
-21.33    -21.84     -8.61      0.16      O=C1C(=Cc2cc(O)ccc2)COc2c1ccc(OC)c2
-29.84    -30.18     12.14      0.52      C1(=Cc2ccc(N3CCCC3)c([N+](=O)[O-])c2)c2nc3c(cccc3)cc2C(=O)C1=O
-35.75    -35.69    -33.05      0.03      C1Oc2cc3c(c(CN(Cc4cocc4)C)cc4c3cc3c(c4)OCO3)cc2O1
-38.03    -39.13     27.00      0.81      O=C1N2OC(c3ccc(Cl)cc3)(c3ccccc3)CC2C1=CO
-33.98    -34.10     24.09      0.71      C(N=c1[nH]c2cc(OC)ccc2[nH]c1=NC(Nc1cc(OC)ccc1)=O)C
-32.21    -32.45    -21.87      0.13      CCCNC(CC(c1ccc(OC2CCN(C(C)=O)CC2)c(C(F)(F)F)c1)(C)C)=O
-23.77    -24.10     -2.93      0.26      C1(=O)CC2=CCC3C(CCC4(C)C(C(=O)CCl)(O)CCC34)C2(C)C=C1
-27.21    -27.65    -22.36      0.06      c1(C(OC)=O)c2sc3c(cccc3)c(=O)c2c(NC)cc1
Human-Component   raw_Human-Component
0.09677419066429138   0.09677419066429138   
0.8387096524238586   0.8387096524238586   
0.16129031777381897   0.16129031777381897   
0.5161290168762207   0.5161290168762207   
0.032258063554763794   0.032258063554763794   
0.8064516186714172   0.8064516186714172   
0.7096773982048035   0.7096773982048035   
0.12903225421905518   0.12903225421905518   
0.25806450843811035   0.25806450843811035   
0.06451612710952759   0.06451612710952759   

14:55:48: local_reinforcement_logger.timestep_report +41: INFO     
 Step 36   Fraction valid SMILES: 100.0   Score: 0.5000   Time elapsed: 34   Time left: 12.9
  Agent     Prior     Target     Score     SMILES
-33.73    -33.68     -7.23      0.32      C(C1(C(=O)O)CCCC1)(c1ccccc1)c1cc2c(cc1)OC(C)C2
-38.41    -38.22     -3.83      0.42      [N+](c1oc(C(CC[N+](C)(CC)CC)(CO)c2ccccc2)cc1)(=O)[O-]
-20.88    -21.77     44.36      0.81      n1(-c2ccccc2)[nH]c(=O)c(C(O)=NO)c1C
-27.92    -28.09     27.46      0.68      O=C(Nc1ccc(NC(COc2ccc(C(C)(C)C)cc2)=O)cc1C)c1cc(Cl)cc(Cl)c1
-29.27    -29.46     23.45      0.65      c12n(c(=N)nc(-c3n[nH]cc3)c1)CCN2
-25.47    -25.28     51.43      0.94      c1cc(-c2ccc(S(C)(=O)=O)cc2)ccc1CCNCC(c1cccc(NS(=O)(=O)C)c1)O
-30.97    -31.12     40.30      0.87      O=c1n(CC(=O)Nc2c(C)ccc(Cl)c2)cnc2nc3c(ccc(C)c3)cc21
-22.71    -22.76      1.05      0.29      O=C(C(=Cc1cc(OC)c(OC)c(OC)c1)C#N)NCc1ccc(C)cc1
-32.15    -32.26    -29.61      0.03      c12c3c(cc(C)c1OCC)CCC(=O)C=C3c1cc3c(cc1C2)OCO3
-25.54    -25.32      3.77      0.35      c1c(Cl)ccc(-c2ccc(C(Nc3ccc4nn(-c5ccc(OC)cc5)nc4c3)=O)o2)c1
Human-Component   raw_Human-Component
0.32258063554763794   0.32258063554763794   
0.4193548262119293   0.4193548262119293   
0.8064516186714172   0.8064516186714172   
0.6774193644523621   0.6774193644523621   
0.6451612710952759   0.6451612710952759   
0.9354838728904724   0.9354838728904724   
0.8709677457809448   0.8709677457809448   
0.29032257199287415   0.29032257199287415   
0.032258063554763794   0.032258063554763794   
0.35483869910240173   0.35483869910240173   

14:55:49: local_reinforcement_logger.timestep_report +41: INFO     
 Step 37   Fraction valid SMILES: 100.0   Score: 0.5000   Time elapsed: 36   Time left: 12.3
  Agent     Prior     Target     Score     SMILES
-31.15    -31.93    -16.06      0.19      c1(=N)[nH]c(C(=O)NN=Cc2ccc(Br)cc2)cc(-c2c(O)cc(Br)cc2)n1
-37.58    -37.63    -16.47      0.26      c1(C)n(-c2ccc(-c3c(CN(C(C4CC4)=O)C)cccc3)cc2)c(CC)cn1
-32.00    -31.99     26.21      0.71      c1(C(c2ccc(OCCN3CCCC3)cc2)(C)C)nc2c(cc(O)cc2)o1
-20.77    -20.97      2.84      0.29      C(c1ccccc1)N(CCN(C)C)C(=O)Nc1ccccc1
-24.41    -24.38     49.68      0.90      C(CC)N=c1cc(C)c2c(C)nn(C)c2[nH]1
-28.22    -28.47     50.88      0.97      c1c(=O)c2c(cc(OCc3cccc(C(=O)O)c3)cc2)oc1C(=O)OCC
-24.37    -23.89     26.37      0.61      C1C(NCc2nc(-c3ccccc3)sc2)CCN(c2ncccn2)C1
-28.41    -28.79     47.92      0.94      c1(CC)nn(-c2nnc(C)s2)c(C)c1N=Nc1ccc(OC)cc1
-24.02    -23.99     28.91      0.65      [nH]1c(=N)n2nc(-c3ccco3)nc2nc1Oc1cc(C)ccc1
-20.29    -20.60     -7.37      0.16      O(C)c1ccc(C=NN=c2[nH]o[nH]c2=N)cc1OC
Human-Component   raw_Human-Component
0.19354838132858276   0.19354838132858276   
0.25806450843811035   0.25806450843811035   
0.7096773982048035   0.7096773982048035   
0.29032257199287415   0.29032257199287415   
0.9032257795333862   0.9032257795333862   
0.9677419066429138   0.9677419066429138   
0.6129032373428345   0.6129032373428345   
0.9354838728904724   0.9354838728904724   
0.6451612710952759   0.6451612710952759   
0.16129031777381897   0.16129031777381897   

14:55:50: local_reinforcement_logger.timestep_report +41: INFO     
 Step 38   Fraction valid SMILES: 100.0   Score: 0.5000   Time elapsed: 37   Time left: 11.4
  Agent     Prior     Target     Score     SMILES
-38.76    -38.24     33.18      0.87      C(CN1CCOCC1)(CNC(=O)c1c(Cl)cccc1Cl)NC(NCc1c(C)cccc1)=O
-22.43    -23.22      3.24      0.32      c1(C(=O)Nc2sc3c(c2C(=O)OCC)CCC3)ccc(C#N)cc1
-27.05    -27.48     -8.97      0.23      C(OCC(c1cc(C)n(Cc2ccccc2)c1C)=O)(=O)COc1ccccc1OC
-30.66    -31.12     32.36      0.77      n1cn(CCC(NC(=O)OC2COCC2)C(C)C)nc1
-26.18    -26.35    -23.70      0.03      c1c2c(ccc1)ccc(C=C1SC(=S)N(NC(c3ccc(OC)cc3)=O)C1=O)c2
-24.75    -24.70     22.91      0.58      [nH]1nc2c3ccc(Cl)cc3[nH]c(=Nc3cccc(OC)c3)c2c1
-24.94    -25.24     51.47      0.94      c1c(OCC(N2CC(O)C(Cc3ccccc3)N(Cc3ccc(O)cc3)C(=O)N2)=O)cccc1
-24.82    -25.22     43.55      0.84      c1(=N)nc(OC(C)C)[nH]c(=NN=Cc2c(O)c(OC)ccc2)[nH]1
-29.63    -29.47    -29.47      0.00      C1(S(=O)(=O)c2ccc(Oc3ccc(OC)cc3)cc2)(C(O)=NO)CCN(C(CC(C)C)=O)CC1
-25.47    -25.77    -17.84      0.10      C(N(CC)CC)(=O)c1ccc2n(CCCC)c3c(c2c1)CN(C)CC3
Human-Component   raw_Human-Component
0.8709677457809448   0.8709677457809448   
0.32258063554763794   0.32258063554763794   
0.22580644488334656   0.22580644488334656   
0.774193525314331   0.774193525314331   
0.032258063554763794   0.032258063554763794   
0.5806451439857483   0.5806451439857483   
0.9354838728904724   0.9354838728904724   
0.8387096524238586   0.8387096524238586   
0.0   0.0   
0.09677419066429138   0.09677419066429138   

14:55:52: local_reinforcement_logger.timestep_report +41: INFO     
 Step 39   Fraction valid SMILES: 90.6   Score: 0.4531   Time elapsed: 38   Time left: 10.5
  Agent     Prior     Target     Score     SMILES
-26.14    -26.02    -23.09      0.04      c1(-c2nn(C)c(C3CCN(CC4CN(C(C5CCCCC5)C(=O)O)CC4c4ccccc4)CC3)c2)cccc(F)c1
-35.00    -35.21    -26.42      0.11      c1(C(=O)c2ccc(C)s2)c(=N)n(Cc2ccc(-c3cccc(OC)c3)cc2)[nH]c1CC
-32.90    -33.08     43.06      0.93      C1CCCC(Cn2nc(-c3c4c(ccc3)cccc4)oc2=O)(c2ccccc2)C1
-33.93    -34.06     45.01      0.96      c1c(Br)cc(Br)c2oc(C(CN=c3[nH]cnc4c3ncn4C3C(O)C(O)C(CO)O3)=O)cc12
-49.45    -48.73    -48.73      0.00      C(=NC(C)=O)(C(NC(C(CC)C)C(NC(C(C(CC(=O)NC1CCCCCC1)O)O)CC(C)C)=O)C(C)C)=O
-27.84    -28.13     -4.70      0.29      c1(OC)cc(C=Nc2ccc(O)cc2)ccc1OCC(=O)Nc1cc(C)c(C)cc1
-27.65    -27.60    -27.60      0.00      C1C2Oc3cc4c(cc3C(=O)N2CC1)OC1OCCC1=C4
-22.40    -22.24     48.05      0.86      c1c(NC(=O)CSc2nc3c([nH]2)ccc(C)c3)ccc(F)c1
-22.96    -23.12     32.52      0.68      C(=NC)(NCc1ccccc1)O
-30.46    -30.43    -12.86      0.21      n1[nH]c(C(=O)O)c2c1ccc(NS(=O)(=O)c1ccc3c(cccc3)c1)c2
Human-Component   raw_Human-Component
0.0357142873108387   0.0357142873108387   
0.1071428582072258   0.1071428582072258   
0.9285714030265808   0.9285714030265808   
0.9642857313156128   0.9642857313156128   
0.0   0.0   
0.2857142984867096   0.2857142984867096   
0.0   0.0   
0.8571428656578064   0.8571428656578064   
0.6785714030265808   0.6785714030265808   
0.2142857164144516   0.2142857164144516   

14:55:53: local_reinforcement_logger.timestep_report +41: INFO     
 Step 40   Fraction valid SMILES: 100.0   Score: 0.5000   Time elapsed: 40   Time left: 9.8
  Agent     Prior     Target     Score     SMILES
-29.04    -29.10     44.97      0.90      O=S(c1ncn(C)c1Cl)(Cc1c(Cl)c(Cl)ccc1)=O
-31.35    -30.96    -15.09      0.19      c1ccc([S+](C(C(=O)NS(C)(=O)=O)c2ccccc2)[O-])c([N+](=O)[O-])c1
-32.71    -32.90    -14.38      0.23      c1(CCC)c(OC(C)C(=O)O)c(CC)c2c(c1)C1CC(C2(C)C)CC1
-31.05    -31.58     34.54      0.81      C(N1CCC1)(=O)c1cc(OC(C)c2ccc(F)cc2)ccc1
-25.35    -25.42    -22.78      0.03      c1(C(N2CC(c3ccc(C#N)cc3)(F)C2)=O)c(C)cc(C)c(-c2nc(COC)[nH]c2Cl)c1
-25.36    -25.99     56.01      1.00      O=C(N=c1nc2c(c[nH]1)CCc1c-2c(Cc2ccc(OC)cc2)n(C)n1)c1ccccc1
-29.64    -29.45     15.52      0.55      c1(C(=O)NCCN(CC)C(C)C)ccc(NC(c2cc(Cl)c(Cl)cc2)=O)cc1
-21.03    -20.82    -12.88      0.10      n1(CCCn2cnc3c2N=CNCC3O)c2nc[nH]c(=N)c2nc1
-42.58    -42.69     20.80      0.77      O(c1c(F)cccc1)c1cc2c(nc(-c3ccc(OCCCN(C)C)cc3)[nH]2)c(C(Nc2c(CC(=O)O)cccc2)=O)c1
-22.33    -22.44     48.98      0.87      c1(C(=O)Nc2ccccc2F)cc2c(cc1)n(CC)nn2
Human-Component   raw_Human-Component
0.9032257795333862   0.9032257795333862   
0.19354838132858276   0.19354838132858276   
0.22580644488334656   0.22580644488334656   
0.8064516186714172   0.8064516186714172   
0.032258063554763794   0.032258063554763794   
1.0   1.0   
0.5483871102333069   0.5483871102333069   
0.09677419066429138   0.09677419066429138   
0.774193525314331   0.774193525314331   
0.8709677457809448   0.8709677457809448   

14:55:54: local_reinforcement_logger.timestep_report +41: INFO     
 Step 41   Fraction valid SMILES: 96.9   Score: 0.4844   Time elapsed: 41   Time left: 8.8
  Agent     Prior     Target     Score     SMILES
-32.39    -31.95      9.05      0.50      C12OC3c4cc(Br)ccc4OCC3C1N(CCC)CC2
-27.61    -27.91     34.96      0.77      c1(OC)ccc(S(=O)(N2CCN(C)CC2)=O)cc1NC(=O)C1C(C(O)=O)CCC=C1
-25.15    -24.96     51.57      0.93      N(C(CC)CC)C(c1c(=O)n2nc(C)sc2nc1)=O
-33.66    -34.25     -1.45      0.40      N(N=Cc1c(S(=O)(=O)O)c(O)c2ccccc2c1O)c1cc(Cl)cc(Cl)c1
-25.04    -25.58      9.95      0.43      c1(CCN(C)C(COc2ccc(Cl)cc2Cl)=O)ncccc1
-27.84    -27.85     -8.71      0.23      O=S(NC(CC(C)C)C(O)=O)(c1c[nH]ccc1=NC(C)C)=O
-23.77    -23.29    -20.56      0.03      c1(C(F)(F)F)nc(SCC(NCCc2ccc(OC)cc2)=O)nc(C)c1
-22.70    -22.51     15.76      0.47      O(CC(=O)N1CCCC1)c1ccc(CC2=NC(=O)NC2=O)cc1
-36.33    -36.41     34.66      0.87      n1c2c(nc(C)c1)c1c(c3c2cccc3)CC2(O)C3N(CC4CC4)CCC24C1Oc1c(O)ccc(c14)C3
-25.87    -26.74    -26.74      0.00      c1c(-c2ccc(C#N)cc2)cc2nc(-c3ccccc3)cc(N3CCN(C(c4cocc4)=O)CC3)n2n1
Human-Component   raw_Human-Component
0.5   0.5   
0.7666666507720947   0.7666666507720947   
0.9333333373069763   0.9333333373069763   
0.4000000059604645   0.4000000059604645   
0.4333333373069763   0.4333333373069763   
0.23333333432674408   0.23333333432674408   
0.03333333507180214   0.03333333507180214   
0.46666666865348816   0.46666666865348816   
0.8666666746139526   0.8666666746139526   
0.0   0.0   

14:55:55: local_reinforcement_logger.timestep_report +41: INFO     
 Step 42   Fraction valid SMILES: 96.9   Score: 0.4844   Time elapsed: 42   Time left: 7.8
  Agent     Prior     Target     Score     SMILES
-27.61    -27.86     32.27      0.73      c1(C(=O)N(CCO)CCO)cc(-n2nc3ccccc3n2)ccc1
-20.87    -21.41    -13.21      0.10      C1N(C(c2ccc(Cl)cc2)=O)CCC(C(=O)N=c2scc[nH]2)C1
-25.39    -25.48    -25.48      0.00      C1CC1S(=O)(c1ccc2nc(CC)c(CC)cc2c1)=O
-29.66    -29.83     43.97      0.90      N(c1ccccc1)C(CCc1ccc(C=O)[nH]1)O
-36.04    -36.39    -36.39      0.00      c1(CNC(=O)c2ccc(C)c(N=c3[nH]cnc4cnc(N5CCN(C)C6CC6)nc5c43)c2)ccc(F)cc1
-36.15    -36.16     43.11      0.97      c1(O)cccc(C2C(N)C(c3ccccc3)=c3cc(N)ccc3=N2)c1
-20.16    -20.35     61.65      1.00      C1CN(CCOc2cc3oc(=O)ccc3cc2)CCN1c1ccccc1
-19.91    -20.57      4.03      0.30      c1(-c2ccc(C#N)cc2)cccc(CNC)c1
-47.20    -47.65    -28.51      0.23      c1(C2C3(OC)C=c4c(c(O)c(COC)c(C)c4O)=C3C3C=2C=C3)cc2c(c(OC)c1)OCO2
-28.03    -27.82    -11.42      0.20      C(CC(CC=CCCC(=O)O)C)N(C)C
Human-Component   raw_Human-Component
0.7333333492279053   0.7333333492279053   
0.10000000149011612   0.10000000149011612   
0.0   0.0   
0.8999999761581421   0.8999999761581421   
0.0   0.0   
0.9666666388511658   0.9666666388511658   
1.0   1.0   
0.30000001192092896   0.30000001192092896   
0.23333333432674408   0.23333333432674408   
0.20000000298023224   0.20000000298023224   

14:55:56: local_reinforcement_logger.timestep_report +41: INFO     
 Step 43   Fraction valid SMILES: 100.0   Score: 0.5000   Time elapsed: 43   Time left: 6.8
  Agent     Prior     Target     Score     SMILES
-23.78    -23.89      2.56      0.32      c12ccsc1c(C)c1c([nH]c3ccccc31)c2C
-32.61    -31.37     26.83      0.71      C1N(C(COC(=O)Cc2cc(C)n(C(C)C)c2C)=O)CCN(C(OCC)=O)C1
-28.86    -29.37    -16.14      0.16      c1cccc(CN(Cc2ccc(C(O)=O)cc2)c2ccc(S(=O)(N3CCOCC3)=O)cc2)c1
-38.29    -37.80    -14.00      0.29      c1(-c2c3c(c(C(=O)N=c4c(Cl)c[nH]cc4Cl)cc2)cc(C(N(C)C)=O)n3C)ccc(S(=O)(C)=O)cc1
-44.63    -44.75    -13.00      0.39      O=S(=O)(c1ccc(C2=NOC3CC4C(CCC5(C)C(OC(=O)CCl)CCC45)CC32)cc1)C
-23.43    -23.26    -23.26      0.00      n1cc(CC(C(=O)OC)NC(OCc2ccccc2)=O)ccc1
-19.41    -20.06     51.36      0.87      c1cc(C)cc(N=c2[nH]cnc3n(C)ncc32)c1
-73.04    -73.00     -9.52      0.77      c1cc2cccc(C(N)=O)c2cc1OC1CCN(c2cccc(N3CCC(CC)(O)CC3)c2CN(CCCl)CCF)CC1
-17.19    -18.22     61.14      0.97      c1c(C=O)cc(C#N)cc1
-29.96    -30.02    -22.08      0.10      COC1C(O)(CN=c2[nH]c(=Nc3cnn(C)c3)[nH]cc2Br)CCC1
Human-Component   raw_Human-Component
0.32258063554763794   0.32258063554763794   
0.7096773982048035   0.7096773982048035   
0.16129031777381897   0.16129031777381897   
0.29032257199287415   0.29032257199287415   
0.3870967626571655   0.3870967626571655   
0.0   0.0   
0.8709677457809448   0.8709677457809448   
0.774193525314331   0.774193525314331   
0.9677419066429138   0.9677419066429138   
0.09677419066429138   0.09677419066429138   

14:55:57: local_reinforcement_logger.timestep_report +41: INFO     
 Step 44   Fraction valid SMILES: 96.9   Score: 0.4844   Time elapsed: 44   Time left: 5.9
  Agent     Prior     Target     Score     SMILES
-23.25    -22.81    -20.08      0.03      c1cc2c(cc1)N(CC(=O)O)C(=O)C(NC(C(S)CC(C)C)=O)CO2
-23.88    -23.54     25.66      0.60      Clc1ccc(C[S+](Cc2ccc(C(=O)NCCN3CCOCC3)o2)[O-])cc1
-29.51    -28.93      1.14      0.37      c1cccc2[nH]c(=Nc3ccc(-c4cn(Cc5ccccc5)nn4)cc3)cc(C(N)=O)c12
-21.81    -21.45     52.35      0.90      N(C(=O)c1nc(OCC2CC2)c(N2CC(F)(F)C2)nc1)C(CO)(C)C
-23.33    -23.68     44.65      0.83      c1(CN(c2c(=O)[nH]c(=O)n(Cc3ccccc3)c2N)C(C2COc3ccccc3O2)=O)ccccc1
-24.42    -25.07    -25.07      0.00      N1c2c3c(cccc3[nH]c(O)c2)C1
-31.71    -32.11    -18.44      0.17      c1c(=O)c2c(nc(-c3ccc(N4CCOCC4)cc3)[nH]c2=O)n(CC(c2ccccc2)Cl)c1
-36.73    -37.41     25.46      0.77      O(C(c1c(Cl)cc(Cl)cc1)=NOC)c1c(-c2ccccc2)nn(C)c1
-38.09    -37.82      0.45      0.47      O(C)c1c(S(=O)(=O)NC2CC(=C)C(=O)O2)c(OC)ccc1Cl
-25.70    -26.20     33.93      0.73      C1CN(CCO)CCN1c1c(C(N(C)C)=O)cc(N)cc1
Human-Component   raw_Human-Component
0.03333333507180214   0.03333333507180214   
0.6000000238418579   0.6000000238418579   
0.36666667461395264   0.36666667461395264   
0.8999999761581421   0.8999999761581421   
0.8333333134651184   0.8333333134651184   
0.0   0.0   
0.1666666716337204   0.1666666716337204   
0.7666666507720947   0.7666666507720947   
0.46666666865348816   0.46666666865348816   
0.7333333492279053   0.7333333492279053   

14:55:58: local_reinforcement_logger.timestep_report +41: INFO     
 Step 45   Fraction valid SMILES: 100.0   Score: 0.5000   Time elapsed: 45   Time left: 4.9
  Agent     Prior     Target     Score     SMILES
-24.23    -23.94     44.84      0.84      c12cccc(S(N3CCOCC3)(=O)=O)c1NC(=O)C(CC)(CC)NC2c1ccccc1
-25.71    -26.58     15.74      0.52      c1ccc(N2C(C)CN(C(=O)c3c(=O)[nH]c4ccc(C)cc4c3)CC2)cc1
-22.80    -22.30     27.96      0.61      O(c1c(OC)cc(C(NCCCNC(=O)c2cc(OC)c(OC)cc2)=O)cc1)C
-26.96    -26.87     -3.06      0.29      N(=Nc1ccc([N+](=O)[O-])cc1[N+]([O-])=O)c1c2c([nH]c1O)cccc2O
-21.39    -21.40     60.60      1.00      c12c(ncs1)CC(C(O)=O)(N)CC2
-23.74    -24.00    -18.71      0.06      o1cccc1C(N(CC(=O)O)C1CCCC1)=O
-25.74    -25.98     -4.82      0.26      Cn1ccnc1SCC(=O)Oc1cc(C)c(Cl)cc1
-27.82    -28.11    -25.46      0.03      N1(c2c(C)cccc2C)C(=O)C(C)(C)C1c1ccc(C(O)(C)C)cc1
-20.42    -21.44     26.17      0.58      c1(-c2oc(=NC(=O)c3ccc(S(=O)(N(C)C)=O)cc3)[nH]n2)ccc(OC)cc1
-26.32    -27.15      4.60      0.39      OC(=O)c1c2n(c3cc(Cl)ccc31)Cc1c-2cccc1
Human-Component   raw_Human-Component
0.8387096524238586   0.8387096524238586   
0.5161290168762207   0.5161290168762207   
0.6129032373428345   0.6129032373428345   
0.29032257199287415   0.29032257199287415   
1.0   1.0   
0.06451612710952759   0.06451612710952759   
0.25806450843811035   0.25806450843811035   
0.032258063554763794   0.032258063554763794   
0.5806451439857483   0.5806451439857483   
0.3870967626571655   0.3870967626571655   

14:55:59: local_reinforcement_logger.timestep_report +41: INFO     
 Step 46   Fraction valid SMILES: 96.9   Score: 0.4844   Time elapsed: 46   Time left: 3.9
  Agent     Prior     Target     Score     SMILES
-36.94    -35.77     10.70      0.57      c1c(O)ccc(CCCNCCNC(c2ccc(C=CC(c3ccc(F)cc3)=O)cc2)=O)c1
-29.10    -28.63    -14.97      0.17      c1(Cl)cnc(C(=NOC(=O)c2ccc(OCCCC)cc2)N)c(Cl)c1
-28.87    -29.45     44.35      0.90      C=CCn1c(C)[n+](Cc2ccc(C=CC(=O)c3ccccc3)cc2)cc1
-25.42    -26.01     -6.87      0.23      O(C)c1c(OC)c(OC)cc(C(=O)Nc2cc(C(O)=O)c(N3CCN(c4ccccc4)CC3)cc2)c1
-31.23    -32.14     25.26      0.70      O=C(OCc1ccccc1)c1c(C)[nH]c2c1C1Oc3c4c(ccc3O)CC3N(C)CCC14C3(O)C2
-19.50    -20.23     12.57      0.40      C(c1sc(=NC(=O)c2cccc(Cl)c2)[nH]n1)C
-50.87    -50.20    -50.20      0.00      C1C(CN2CCc3c4c(oc(=O)c3C2)cc(OCC(Cn2cc(Cc3cccc(Cl)c3)nc(-c3ccccc3)c2=O)O)c4)C1
-23.07    -23.23     42.37      0.80      o1c(CN(CC2CCCO2)C(=O)c2sccc2)ccc1
-33.83    -34.04    -23.11      0.13      n1nn(-c2ccccc2C(=O)N2CCC(C(=O)N)CC2)cc1C(c1c[nH]c2c1cccc2)=O
-56.35    -55.36    -25.30      0.37      c1(OCOCCOc2ccc(N3C(c4ccccc4)=CCC3(C)CCCN3CCC(C)CC3)cc2)cccc([N+](=O)[O-])c1
Human-Component   raw_Human-Component
0.5666666626930237   0.5666666626930237   
0.1666666716337204   0.1666666716337204   
0.8999999761581421   0.8999999761581421   
0.23333333432674408   0.23333333432674408   
0.699999988079071   0.699999988079071   
0.4000000059604645   0.4000000059604645   
0.0   0.0   
0.800000011920929   0.800000011920929   
0.13333334028720856   0.13333334028720856   
0.36666667461395264   0.36666667461395264   

14:56:00: local_reinforcement_logger.timestep_report +41: INFO     
 Step 47   Fraction valid SMILES: 100.0   Score: 0.5000   Time elapsed: 47   Time left: 2.9
  Agent     Prior     Target     Score     SMILES
-28.46    -29.10    -18.52      0.13      C1c2c([nH]nc2-c2cnccc2)-c2c1cc(N1CCCC1=O)c(OC)c2
-43.34    -43.37    -43.37      0.00      C(C)(C)C1C=C2C(C(=O)OC)(CC1c1oc(-c3ccc(Cl)cc3)cc1)C(=O)N2C
-22.53    -22.96     45.81      0.84      C1C(C)(C)Oc2c(C(Nc3ccc(C)cc3)=O)cccc21
-29.01    -29.74      7.29      0.45      C(n1c(C)c(C2=NNC(=Nc3ccccc3)SC2)cc1C)(=O)c1occc1
-24.62    -24.98     33.21      0.71      c1(C)cc(NC(=O)c2ccc(N(S(=O)(=O)C)Cc3ccccc3C)cc2)c(OC)cc1
-19.07    -19.19     20.48      0.48      c1ccccc1C(N1CCC(CCc2ccccc2)(CO)CC1)=O
-18.40    -18.41     53.01      0.87      Cc1ccc(S(NCCN2CCOCC2)(=O)=O)cc1
-22.07    -22.30     20.02      0.52      Clc1ccc(NC(=O)c2cccc(Cl)n2)cc1
-27.94    -27.75    -14.53      0.16      c1ccc2c(c1)C(=O)C(C=Nc1c(S(C)(=O)=O)cccc1)C(OC)O2
-24.40    -25.01      6.73      0.39      C(OC(c1c(Cl)cc(Cl)cc1)=O)C(Nc1c(C)cccc1)=O
Human-Component   raw_Human-Component
0.12903225421905518   0.12903225421905518   
0.0   0.0   
0.8387096524238586   0.8387096524238586   
0.4516128897666931   0.4516128897666931   
0.7096773982048035   0.7096773982048035   
0.4838709533214569   0.4838709533214569   
0.8709677457809448   0.8709677457809448   
0.5161290168762207   0.5161290168762207   
0.16129031777381897   0.16129031777381897   
0.3870967626571655   0.3870967626571655   

14:56:01: local_reinforcement_logger.timestep_report +41: INFO     
 Step 48   Fraction valid SMILES: 96.9   Score: 0.4844   Time elapsed: 48   Time left: 2.0
  Agent     Prior     Target     Score     SMILES
-23.98    -24.10     57.90      1.00      O=C(c1c2ccccc2c(O)n1CCc1ccccn1)NCCc1ccccc1
-31.82    -31.86     28.28      0.73      Clc1nnc(Sc2n(CC=C)c(=O)c3c(n2)sc(C)c3C)s1
-20.24    -20.79     -9.85      0.13      c1(=N)[nH]c2[nH]c(-c3ccc(C)cc3)cc2c(=O)[nH]1
-34.56    -36.19      7.54      0.53      O=C1CSC(CCO)(CC(=O)O)N1c1ccc(N=O)cc1
-23.88    -24.20     25.00      0.60      c1cc(C(NCCC(=O)O)=O)cc(OCc2[n+](C)cccc2)c1
-25.85    -26.63     36.24      0.77      N1(c2cccc(C)c2)CC=C(C(C)=O)CC1
-18.39    -18.82    -10.62      0.10      c1cc(-c2ccc(C)cc2)cc(C=O)c1O
-32.26    -32.19    -29.46      0.03      NS(=O)(=O)NCC1CCN(C(=O)Nc2ccc(C(OC(C)(C)C)=O)cc2)CC1
-35.67    -36.48     42.79      0.97      c1ccc(N=c2[nH]ccc(-c3n4ncccc4nc3)n2)cc1N1CCN(C)C(=S)C1
-23.04    -23.69    -10.03      0.17      C1CC(CCNC(=O)c2ccc(C=C)cc2)=CCC1
Human-Component   raw_Human-Component
1.0   1.0   
0.7333333492279053   0.7333333492279053   
0.13333334028720856   0.13333334028720856   
0.5333333611488342   0.5333333611488342   
0.6000000238418579   0.6000000238418579   
0.7666666507720947   0.7666666507720947   
0.10000000149011612   0.10000000149011612   
0.03333333507180214   0.03333333507180214   
0.9666666388511658   0.9666666388511658   
0.1666666716337204   0.1666666716337204   

14:56:03: local_reinforcement_logger.timestep_report +41: INFO     
 Step 49   Fraction valid SMILES: 96.9   Score: 0.4844   Time elapsed: 49   Time left: 1.0
  Agent     Prior     Target     Score     SMILES
-26.69    -27.03    -24.30      0.03      C(N1CCCC1)C1CCc2c(OC)c(NS(=O)(=O)C)ccc2C1
-27.01    -26.89    -21.42      0.07      c1c(NNCN2C(=O)c3c(cccc3)C2=O)ccc(Oc2ccccc2)c1
-36.88    -37.62      6.11      0.53      c1c(-c2ccc(C=C3C4N(C=C(c5cnc(OC)cc5)C4)c4c(cccc4)N3C)cc2)cccc1
-27.76    -27.96     21.24      0.60      C1(OC)c2c(c(Cl)cc(Cl)c2)C(c2ccc(F)cc2)CC1
-45.41    -45.24    -26.10      0.23      N1(Cc2sccc2)C(c2cccc(CO)c2)N(CC(C)C)C(=O)CC1c1ccc(O)cc1
-18.56    -18.80     16.74      0.43      c1(Cl)ccc(C(c2ncccc2)=NNC(=S)N)cc1
-39.82    -39.41     34.39      0.90      c1ccccc1-n1cc(Cn2cc(C(=O)C(=O)N=c3cc(C4CC4)[nH]n3C)c3ccccc23)nc1
-65.89    -65.29    -13.35      0.63      C1N(C)CCN(S(=O)(=O)Nc2cccc3c2CC2N4CC(CC)C(C2)CC4=C3CC=C)C1O
-17.70    -17.82     47.78      0.80      C(c1ccccc1)n1c2c(=O)n(C)c(=O)n(C)c2nc1
-21.33    -21.63     49.44      0.87      C1(C(OC)=O)=C(c2cc(OC)ccc2)CC2CCC1N2C
Human-Component   raw_Human-Component
0.03333333507180214   0.03333333507180214   
0.06666667014360428   0.06666667014360428   
0.5333333611488342   0.5333333611488342   
0.6000000238418579   0.6000000238418579   
0.23333333432674408   0.23333333432674408   
0.4333333373069763   0.4333333373069763   
0.8999999761581421   0.8999999761581421   
0.6333333253860474   0.6333333253860474   
0.800000011920929   0.800000011920929   
0.8666666746139526   0.8666666746139526   

