15:12:30: local_reinforcement_logger.log_message +32: INFO     starting an RL run
15:12:31: local_reinforcement_logger.timestep_report +41: INFO     
 Step 0   Fraction valid SMILES: 96.9   Score: 0.4844   Time elapsed: 1   Time left: 50.0
  Agent     Prior     Target     Score     SMILES
-19.67    -19.67     -6.39      0.41      c1(S(=O)(N2CCCC2)=O)ccc(S(=O)(N2CCC(C)CC2)=O)cc1
-26.23    -26.23     -1.62      0.77      c1c(Br)ccc(Cn2c3ccccc3c(C(N3CCN(C(OCC)=O)CC3)=O)c2)c1
-89.23    -89.23    -89.23      0.00      CC(C(C=CC1(CC)CC(CC)C(C)(C2C(CC(OCc3ccccc3)=O)(C)C(C=CC(C)C=C(C)C)CC2(CC=NOC(c2ccccc2)=O)=O)C(=C)C1)C)=C
-36.90    -36.90    -22.56      0.45      O=C(NCCCCCN1CCC(CCOc2cccc3ccccc32)CC1)c1c(OCC)cc(N)c(Cl)c1
-33.52    -33.52    -30.36      0.10      c1cc(CCOC(=O)NCCCn2cc(CN3CCC(Cc4ccccc4)CC3)nn2)ncc1
-23.16    -23.16     -3.85      0.60      C(C(N=c1sc(C)c(-c2ccc(OC)cc2)[nH]1)=O)CCOc1ccccc1
-22.12    -22.12     -0.57      0.67      C1Sc2nc(=O)c(C)c(O)n2C1
-46.54    -46.54    -27.30      0.60      c12c3c(ccc(Br)c3)n(CC(=O)N3CCN(C(=O)C4(NS(=O)(c5ccc(C)cc5)=O)CCCCC4)C(CCC)C3=O)c1cccc2
-29.94    -29.94     -7.98      0.69      c1nn(C(C)C)c2c3cc(-c4cc(F)c(O)c(Cl)c4)ccc3[nH]c(=O)c12
-23.91    -23.91     -4.38      0.61      C(Sc1n(N)cnn1)c1ccc(C(OC)=O)o1
Human-Component   raw_Human-Component
0.41494253277778625   0.41494253277778625   
0.7689655423164368   0.7689655423164368   
0.0   0.0   
0.4482758641242981   0.4482758641242981   
0.09885057806968689   0.09885057806968689   
0.6034482717514038   0.6034482717514038   
0.6735632419586182   0.6735632419586182   
0.6011494398117065   0.6011494398117065   
0.6862068772315979   0.6862068772315979   
0.6103448271751404   0.6103448271751404   

15:12:33: local_reinforcement_logger.timestep_report +41: INFO     
 Step 1   Fraction valid SMILES: 100.0   Score: 0.5000   Time elapsed: 2   Time left: 49.0
  Agent     Prior     Target     Score     SMILES
-34.08    -34.09     -9.80      0.76      C1(c2ccccc2)CC(CNCC#Cc2cccs2)CC1O
-35.61    -35.55    -15.46      0.63      N(C(C)c1c(O)[nH]cc1)C(C(CC(C)C)NC(=O)c1cccnc1)=O
-29.12    -29.13    -12.13      0.53      c1c(NC(=O)C2CCCCC2)cccc1C(=O)C1CCN(CCc2ccccc2)CC1
-36.90    -37.05    -15.14      0.68      C(C(C)NC(=O)c1n(Cc2cc(-c3ncc([O-])cc3)ccc2)c(O)cc1)C
-23.18    -23.16     -1.75      0.67      [N+](=O)([O-])c1cc(-c2cn(-c3ccccc3)c(=S)[nH]2)ccc1
-29.35    -29.35    -13.14      0.51      C1(=O)CC2C(C)(C)CCCC2(CSc2ccccc2)C(=O)O1
-24.10    -24.03     -4.80      0.60      FC(F)(F)c1ccccc1C(NCc1ccccc1)=NO
-22.05    -22.06     -2.10      0.62      c1(C=CC(=O)NCC2NC(CCN3CCCCC3)C(=O)N(c3cc4c(cc3)OCO4)CC2)ccccc1
-33.44    -33.38    -15.80      0.55      c1ccoc1C(=O)N1CCCC(C(=O)Nc2cccc(Oc3ccc(C(=N)N)cc3)c2)C1
-33.80    -33.65    -15.28      0.57      C(c1ccc(OC2CN(c3nc(N(C)CC4CN(Cc5ncccc5)CC4)ccn3)CC2)cc1)(F)(F)F
Human-Component   raw_Human-Component
0.7591397762298584   0.7591397762298584   
0.6279569864273071   0.6279569864273071   
0.5311827659606934   0.5311827659606934   
0.6849462389945984   0.6849462389945984   
0.6688172221183777   0.6688172221183777   
0.5064516067504883   0.5064516067504883   
0.601075291633606   0.601075291633606   
0.6236559152603149   0.6236559152603149   
0.5494623780250549   0.5494623780250549   
0.57419353723526   0.57419353723526   

15:12:33: local_reinforcement_logger.timestep_report +41: INFO     
 Step 2   Fraction valid SMILES: 100.0   Score: 0.5000   Time elapsed: 3   Time left: 48.0
  Agent     Prior     Target     Score     SMILES
-32.06    -32.16    -10.59      0.67      C(c1ccc(NC(=O)N2Cc3c(cccc3)C2)cc1)(OCc1ncc(C(=O)OC)cc1)=O
-20.13    -20.18      0.19      0.64      CCCCC1(C)SC(=O)C(CC=C)C1=O
-21.93    -22.02    -17.45      0.14      c12cc3c(cc1OCO2)C(c1cc(OC)c(OC(=O)c2cnccc2)c(OC)c1)C1C(COC1=O)C3
-29.05    -29.00    -19.91      0.28      S(c1c(C#N)cc2cc(OC)ccc2n1)CC(=O)NN=C1CCN(C)CC1
-33.72    -33.56    -21.97      0.36      c1c(-c2ccccc2)ccc(C2(CCCN(C)C)c3cc(-c4nc(OC)on4)ccc3CO2)c1
-23.26    -23.30     -2.79      0.64      Cc1cc(C)c(NC(=O)CSc2n3cccnc3nn2)c(C)c1
-19.02    -19.05     -1.26      0.56      c1(Oc2c(C(Nc3ccc(C(=O)O)nc3)=O)cc(Cl)c(Cl)c2)ccccc1
-37.22    -37.38    -26.58      0.34      c12occc1c(N1CCN(Cc3cc(C)c4c(c3)NC(=O)C(CC)S4)CC1)ncc2
-21.08    -21.05     -8.49      0.39      c1(-c2ccc(O)c(OC)c2)oc2c(c(=O)c1)c(O)ccc2
-25.55    -25.51    -10.03      0.48      O(C)c1ccc(C2C(C)C(N3CCCCC3)Oc3cc4c(cc23)OCO4)cc1OC
Human-Component   raw_Human-Component
0.6741935610771179   0.6741935610771179   
0.6365591287612915   0.6365591287612915   
0.14301075041294098   0.14301075041294098   
0.28387096524238586   0.28387096524238586   
0.36236560344696045   0.36236560344696045   
0.6408601999282837   0.6408601999282837   
0.5559139847755432   0.5559139847755432   
0.337634414434433   0.337634414434433   
0.39247313141822815   0.39247313141822815   
0.4838709533214569   0.4838709533214569   

15:12:34: local_reinforcement_logger.timestep_report +41: INFO     
 Step 3   Fraction valid SMILES: 93.8   Score: 0.4688   Time elapsed: 4   Time left: 47.0
  Agent     Prior     Target     Score     SMILES
-44.69    -44.69    -44.69      0.00      FC(F)(F)c1ccc(-c2nc3c4c(nc(C)n3n2)C(C(Oc2ccc(C)cc2)C)CCC1)c(Cl)cc4
-28.55    -28.53     -3.43      0.78      c1ccc(C#N)c(CN2Cc3nn4ccccc4c3CC2)c1
-29.59    -29.55     -8.86      0.65      c1(CCC(=O)c2cccc3ccccc32)n(CC)c(SC)nn1
-30.99    -30.97    -16.78      0.44      c1c(Br)c(O)c(C(c2ccccc2)=O)c(O)c1CC(O)C
-20.08    -20.04     -0.45      0.61      N(C)(C)C(OC1=C(c2ccccc2)Oc2ccccc2-n2cccc21)=O
-39.67    -39.84    -23.52      0.51      C(C(SC(CC)c1ccc(CC(C)C)cc1)(C(N)=O)c1ccccc1)C(C)C
-21.43    -21.55      0.99      0.70      O(CC)c1c(OCCCNC2CCCCC2)cccc1
-24.38    -24.41    -13.18      0.35      n1(CC(=O)c2c(OC)ccc(OC)c2)c(C(OC)=O)cc2occc12
-23.92    -23.94     -2.70      0.66      c1ncn(-c2ccc(NS(=O)(=O)c3cc(OC)ccc3OC)cc2)c1
-29.50    -29.43     -9.22      0.63      N(C(COc1ccc(Cl)cc1C)=O)N=C1CCSC2(CCCCC2)C1
Human-Component   raw_Human-Component
0.0   0.0   
0.7844827771186829   0.7844827771186829   
0.6465517282485962   0.6465517282485962   
0.4433497488498688   0.4433497488498688   
0.6120689511299133   0.6120689511299133   
0.5098522305488586   0.5098522305488586   
0.7044335007667542   0.7044335007667542   
0.35098522901535034   0.35098522901535034   
0.6637930870056152   0.6637930870056152   
0.6317734122276306   0.6317734122276306   

15:12:35: local_reinforcement_logger.timestep_report +41: INFO     
 Step 4   Fraction valid SMILES: 100.0   Score: 0.5000   Time elapsed: 4   Time left: 36.8
  Agent     Prior     Target     Score     SMILES
-39.32    -39.72    -39.72      0.00      COc1cccc(-c2oc(=NC(=O)COc3ccc(C(OCC(C(F)F)(F)F)=O)cc3)[nH]c2)c1
-22.87    -22.99    -20.34      0.08      c1cc(CC2=NC(=O)N(CC(OC)=O)C2=O)ccc1C(O)=O
-30.81    -30.88    -16.53      0.45      c1c(CC2CCCN2CC2CCCCC2)c(OC)cc(Br)c1OC
-36.88    -36.82    -25.71      0.35      c1(-c2ccc3c(c2)n(CCN2CCOCC2)c(C(CC)c2ccc(C)cc2)n3)cc[nH]n1
-20.45    -20.43      2.63      0.72      c1c(CCc2c(=O)[nH]c(C)c(CC)c2)ccc(Cl)c1Cl
-34.59    -34.33    -11.07      0.73      c1c2n(C)c(=O)c(=O)n(C)c2cc(SC)c1NC(Cc1cc(OC)ccc1)=O
-31.85    -31.81    -14.33      0.55      C(CC)CCCN1CC2N(C(=O)C1)C(C=Cc1ccccc1)c1c(O)n(Cc3ccccc3)c(O)c12
-22.46    -22.48     -1.22      0.66      C(=O)(c1ccccc1)C1C(=O)C(N)CCC1
-27.81    -27.93     -8.63      0.60      C(N1CCOCC1)(N1CCN(CC(Nc2cccc(F)c2)=O)CCC1)=O
-28.60    -28.67    -16.46      0.38      C(=O)(c1ccccc1)C1=Nc2cc(C)ccc2NC(=O)C1
Human-Component   raw_Human-Component
0.0   0.0   
0.08279570192098618   0.08279570192098618   
0.448387086391449   0.448387086391449   
0.3473118245601654   0.3473118245601654   
0.7204301357269287   0.7204301357269287   
0.726881742477417   0.726881742477417   
0.5462365746498108   0.5462365746498108   
0.6645161509513855   0.6645161509513855   
0.603225827217102   0.603225827217102   
0.3817204236984253   0.3817204236984253   

15:12:36: local_reinforcement_logger.timestep_report +41: INFO     
 Step 5   Fraction valid SMILES: 96.9   Score: 0.4844   Time elapsed: 5   Time left: 37.5
  Agent     Prior     Target     Score     SMILES
-26.06    -26.05     -1.74      0.76      Fc1ccc(CN2CCCN(Cc3c(F)cc(C)cc3)S2(=O)=O)cc1
-22.12    -22.16      1.09      0.73      c1cc(NC(=O)Cn2[nH]nc(C(=O)NCc3cc4c(cc3)OCO4)c2=N)c(C)c(Cl)c1
-26.57    -26.65    -11.16      0.48      c1(CN(CC=C)CC=C)ccc2c(c(=O)c3c(cccc3)[nH]2)c1
-39.06    -39.06    -19.90      0.60      n1(CCO)c(N)c(C#N)c2cc3nc(C)n(CCN(CC)CC)c(=O)c3cc12
-27.75    -27.73    -12.57      0.47      c1c(OCC2=C(C(O)=O)N3C(C(C(O)C)C3=O)S2)ccc(C(F)(F)F)c1
-23.59    -23.48     -5.50      0.56      c1c(O)c(O)cc(-c2nnn(-c3cc(C(F)(F)F)ccc3)c2)c1
-26.57    -26.53     -6.89      0.61      c1ccc(C(c2ccccc2)NC(C(CC(=O)N)NC(=O)CS)=O)cc1
-16.83    -16.80      1.78      0.58      C1CN(C(=O)Nc2ccccc2)CCN1Cc1ccccc1
-28.17    -28.09    -11.72      0.51      n1ccc(C=Cc2cn(CCOc3ccccc3)c3ccccc23)nc1
-25.38    -25.31    -11.52      0.43      O=C(CCC(N(CC(C)C)c1c(=O)[nH]c(=O)n(CC(C)C)c1N)=O)N=c1ccc(Cl)c[nH]1
Human-Component   raw_Human-Component
0.7597700953483582   0.7597700953483582   
0.7264367938041687   0.7264367938041687   
0.4839080572128296   0.4839080572128296   
0.5988505482673645   0.5988505482673645   
0.47356322407722473   0.47356322407722473   
0.5620689392089844   0.5620689392089844   
0.6137930750846863   0.6137930750846863   
0.5804597735404968   0.5804597735404968   
0.5114942789077759   0.5114942789077759   
0.43103447556495667   0.43103447556495667   

15:12:37: local_reinforcement_logger.timestep_report +41: INFO     
 Step 6   Fraction valid SMILES: 100.0   Score: 0.5000   Time elapsed: 6   Time left: 37.7
  Agent     Prior     Target     Score     SMILES
-27.35    -27.37     -9.34      0.56      c1(N2CCC(NC(=O)CC)C2)ncnc(C(C)C)c1
-21.03    -21.46    -17.60      0.12      O1c2cc3c(cc2OC1)C(c1cc(OC)c(OC(c2cnccc2)=O)c(OC)c1)C1C(COC1=O)C3
-31.37    -31.20    -11.55      0.61      O=c1n(C)c2ccc(NC(=S)NCCO)cc2c(=O)n1-c1ccc(F)cc1
-20.86    -20.88     -4.92      0.50      C12(CNC(c3cc(Cl)c(N)c(Cl)c3)=O)CC3CC(C1)CC(C2)C3
-41.21    -41.26    -18.34      0.72      c1cc(C)ccc1NC(=O)C1CN(C(=O)Nc2c(C)cc(N(C)C)cc2)CCN1CC(O)C(NC(=O)OC1COC2OCCC21)Cc1ccccc1
-30.17    -29.94     -9.63      0.63      c1(Cl)cc(N=C(C2C(=O)CCOC2=O)C)c(Cl)cc1
-25.60    -25.77    -13.76      0.38      c12c(n(-c3ccc(OC)cc3)nc1)ncn(CC(NCC1N(CC)CCC1)=O)c2=O
-32.64    -32.59    -12.46      0.63      c1c(C(CCC)N2C(=O)C=CC2=O)ccc(O)c1C
-23.59    -23.43     -3.09      0.64      O(c1cc(F)ccc1)CCNCCOc1ccccc1F
-22.53    -22.48     -3.66      0.59      c1cc(-n2c(=NC(=O)c3ccncc3)c3c([nH]2)C[S+]([O-])C3)ccc1OC
Human-Component   raw_Human-Component
0.5634408593177795   0.5634408593177795   
0.1204301044344902   0.1204301044344902   
0.6139785051345825   0.6139785051345825   
0.49892473220825195   0.49892473220825195   
0.7161290049552917   0.7161290049552917   
0.6344085931777954   0.6344085931777954   
0.375268816947937   0.375268816947937   
0.6290322542190552   0.6290322542190552   
0.6354838609695435   0.6354838609695435   
0.5881720185279846   0.5881720185279846   

15:12:38: local_reinforcement_logger.timestep_report +41: INFO     
 Step 7   Fraction valid SMILES: 100.0   Score: 0.5000   Time elapsed: 7   Time left: 37.6
  Agent     Prior     Target     Score     SMILES
-28.42    -28.29     -9.71      0.58      c1cc(F)c(C=C2CN(CC)CC3C(c4cc(Cl)ccc4)NC(=O)NC32)cc1
-22.13    -22.28    -12.71      0.30      c1cc(C(=O)NCCCN2CCOCC2)ccc1N=C1NC2CS(=O)(=O)CC2S1
-29.11    -29.27    -12.51      0.52      c12c(c(=Nc3ccccc3OCCCO)cc[nH]1)c(OC)ccc2
-34.46    -34.24    -12.94      0.67      C(F)(F)(F)Oc1cccc(C)c1CNCc1cnccc1C1CC1
-24.41    -24.29     -5.53      0.59      C1N(C(=S)NN=C(c2cccc(C)n2)C)CCN(CC)C1
-26.17    -26.15     -5.13      0.66      c12n(cc(Cl)cc1)cc(CSc1nnc(-c3c(F)cccc3)o1)n2
-18.04    -17.99     -1.57      0.51      c1c2c(ccc1O)CC1N(C)CCC2(CC)C1C
-21.84    -21.69     -1.12      0.64      c1(OC)c(OC)cc(C2c3cc4c(cc3C(NC(CN3CCOCC3)=O)C3C2C(=O)OC3)OCO4)cc1OC
-18.85    -18.73     -0.87      0.56      C(O)(=NO)CCCCCCC(c1ccc(-c2ccccc2)cc1)=O
-23.96    -23.83     -9.38      0.45      C1N(c2ccc(Nc3c(C(F)(F)F)cccc3)cn2)CCCC1
Human-Component   raw_Human-Component
0.5806451439857483   0.5806451439857483   
0.2989247441291809   0.2989247441291809   
0.523655891418457   0.523655891418457   
0.6655914187431335   0.6655914187431335   
0.5860214829444885   0.5860214829444885   
0.6569892764091492   0.6569892764091492   
0.5129032135009766   0.5129032135009766   
0.6430107355117798   0.6430107355117798   
0.5580645203590393   0.5580645203590393   
0.4516128897666931   0.4516128897666931   

15:12:39: local_reinforcement_logger.timestep_report +41: INFO     
 Step 8   Fraction valid SMILES: 96.9   Score: 0.4844   Time elapsed: 8   Time left: 37.3
  Agent     Prior     Target     Score     SMILES
-23.16    -23.25     -2.51      0.65      c1ccc(C(=O)CCCc2c(=O)[nH]c(=S)[nH]c2)cc1
-30.82    -30.97     -9.71      0.66      C1CC(Cc2n[nH]c(=S)n2C)CCC12CCN(C(OC(C)(C)C)=O)CC2
-33.81    -33.73    -23.21      0.33      O(c1c(NC(CSc2nnc3n2c2nc4c(cccc4)cc2c(C)c3)=O)cc(Cl)cc1)C
-19.61    -19.70    -11.65      0.25      O(c1ccc(NC(O)c2cc(O)n(CCc3ccccc3)c2)cc1)C
-34.29    -34.40    -25.94      0.26      c1c(OCc2ccc(-n3cncc3)cc2)c[nH]c(=NC(=O)CC(C)C)c1
-19.79    -20.10     -9.66      0.33      c1c(C(OCC(=O)c2ccccc2)=O)c(C)oc1C
-30.14    -29.89    -21.25      0.27      O=C(OC)C(C(N)=O)Cc1ccc(C(N)=NC(C)C)cc1
-28.70    -28.54     -6.22      0.70      c1(CCNC(=O)c2ccc(-c3ccc(C#N)cc3C)cc2)ccc(OC)c(OC)c1
-28.36    -28.38     -9.55      0.59      c1cc2c(nc(-c3ccco3)oc2=O)cc1CN1CCN(Cc2ccccc2)CC1
-28.12    -27.94    -10.18      0.56      CC(C)(OC(N1CCN(S(=O)(=O)c2ccc(-c3n(CCC)c(=S)[nH]n3)cc2)CC1)=O)C
Human-Component   raw_Human-Component
0.6482758522033691   0.6482758522033691   
0.6643677949905396   0.6643677949905396   
0.3287356197834015   0.3287356197834015   
0.25172412395477295   0.25172412395477295   
0.26436781883239746   0.26436781883239746   
0.3264367878437042   0.3264367878437042   
0.270114928483963   0.270114928483963   
0.6977011561393738   0.6977011561393738   
0.588505744934082   0.588505744934082   
0.5551724433898926   0.5551724433898926   

15:12:40: local_reinforcement_logger.timestep_report +41: INFO     
 Step 9   Fraction valid SMILES: 100.0   Score: 0.5000   Time elapsed: 9   Time left: 36.9
  Agent     Prior     Target     Score     SMILES
-23.85    -23.94    -19.19      0.15      c1c(C2CN(C(c3ncc(C)nc3)=O)CCC2)[nH]nc1C
-35.62    -35.75    -11.56      0.76      c12c(ncc(F)c1C1CN(CC3CCC3)CC1)ccc(F)c2
-35.11    -35.16    -15.96      0.60      c1cc2c(c(C(=O)O)cn2CC(N2C(C(NC(C)C)=O)C(OC)(C)C2)=O)cc1
-26.25    -25.97    -14.76      0.35      n1c(C)c(CNCc2cccc(C)n2)c(C)n1CC
-19.42    -19.39      2.77      0.69      c1(-c2[nH]c3c(n2)cc(C(N)=N)cc3)ccc(C(=N)N)cc1
-20.85    -20.86     -6.41      0.45      c1cc(C(C)=NNc2ccccc2)cc2c1OCCO2
-28.79    -28.68     -6.97      0.68      N(c1c(O)ccc(Cl)c1)=NN(C)C(NC(=O)c1c(Cl)cc(Cl)cc1)=N
-19.91    -19.80     -2.32      0.55      COc1ccc(C(C=Cc2ccc(C=C3SC(=O)N(Cc4ccc(C(O)=O)cc4)C3=O)cc2)=O)cc1
-27.80    -27.95     -8.10      0.62      c12c(cc(C(=O)O)cc1)C(=O)N(CC(=O)c1ccncc1)C2=O
-26.55    -26.55    -12.13      0.45      C(F)(F)(c1c(CN2CCN(CC)CC2)ccc(NC(=O)c2ccc(C)c(C#Cc3c[nH]c(=NC(C)C)nc3)c2)c1)F
Human-Component   raw_Human-Component
0.1483870893716812   0.1483870893716812   
0.7559139728546143   0.7559139728546143   
0.6000000238418579   0.6000000238418579   
0.35053762793540955   0.35053762793540955   
0.6924731135368347   0.6924731135368347   
0.4516128897666931   0.4516128897666931   
0.6784946322441101   0.6784946322441101   
0.5462365746498108   0.5462365746498108   
0.6204301118850708   0.6204301118850708   
0.45053762197494507   0.45053762197494507   

15:12:41: local_reinforcement_logger.log_message +32: INFO     Resetting Agent
15:12:41: local_reinforcement_logger.log_message +32: INFO     Adjusting sigma to: 82
15:12:41: local_reinforcement_logger.timestep_report +41: INFO     
 Step 10   Fraction valid SMILES: 100.0   Score: 0.5000   Time elapsed: 10   Time left: 36.4
  Agent     Prior     Target     Score     SMILES
-28.09    -28.32    -19.27      0.28      c1c(CCN(CCC2CCCC2)C(=O)CCCc2c[nH]c3ccccc23)c2c([nH]1)cccc2
-36.10    -36.21    -11.30      0.78      c1cn(Cc2cc(C)ccc2)c2c(c1=NCCCc1ccccc1)CCN(C(=O)C)C2
-20.70    -20.75     -1.41      0.60      c1cc(-c2cc[nH]c(=Nc3cccc(O)c3)n2)cnc1
-31.59    -31.15     -9.03      0.69      Fc1cc(F)ccc1Oc1c2c(ccc1)C(=O)N(Cc1cn(Cc3ccc(Cl)cc3)nn1)CC2
-20.40    -20.41     -2.65      0.55      C(c1ccccc1)NC1Cn2c(nc(C)n2)CC1
-48.00    -48.21    -32.55      0.49      c1ccc[n+](CC2=C(C([O-])=O)N3C(C2C)C(C(C)O)C3=O)c1NC(=O)CCCC(Nc1cc2c([n+](C)c3c(cccc3)c2O)cc1)=O
-38.80    -38.89    -22.93      0.50      C(CCCC=CCCCCCCCC)CCc1c(OC)nn(-c2ccc(C)cc2)c(=O)c1
-46.33    -46.61    -39.83      0.21      c1(OC(=O)C)cc2c(cc1)CC1N3C(CCC12)C(C)C(=C(C(NC1CCCCC1)=O)C#N)O3
-27.01    -27.20     -5.07      0.69      c1sc(CN=C(SC)C(C#N)C(=O)OCCCCO)cc1
-22.83    -22.88    -15.69      0.22      c1cc(NC(NC2CCCC2)=S)ccc1S(=O)(=O)N1CCOCC1
Human-Component   raw_Human-Component
0.2827956974506378   0.2827956974506378   
0.7784945964813232   0.7784945964813232   
0.6043010950088501   0.6043010950088501   
0.6913978457450867   0.6913978457450867   
0.5548387169837952   0.5548387169837952   
0.48924732208251953   0.48924732208251953   
0.49892473220825195   0.49892473220825195   
0.21182796359062195   0.21182796359062195   
0.6913978457450867   0.6913978457450867   
0.2247311770915985   0.2247311770915985   

15:12:42: local_reinforcement_logger.timestep_report +41: INFO     
 Step 11   Fraction valid SMILES: 100.0   Score: 0.5000   Time elapsed: 11   Time left: 35.8
  Agent     Prior     Target     Score     SMILES
-37.81    -37.81     22.94      0.74      CC(C(=O)Cc1[nH]c(=O)c(C)cc1)=CCOc1ccc(CC(SCCc2ccc(F)cc2)C(O)=O)cc1
-36.90    -36.90    -20.76      0.20      c1cc2c(c(OC)c1CCN1C(C)(C)CCCC1(C)C)c(Cl)c(OCC(=O)O)cc2
-38.95    -38.95     -9.41      0.36      c1(NC(Nc2cc(CN3CCOCC3)sc2C(NC(C(=O)OC)C(C)C)=O)=O)ccc(OC)cc1
-29.39    -29.39     30.21      0.73      N(c1c(F)cc(-c2c3c(=N)nc[nH]c3sc2CC)cc1)C(=O)Nc1cc(C(F)(F)F)cc(C(F)(F)F)c1
-24.64    -24.64     24.21      0.60      C1(C)=Nc2ccccc2SC(c2cccs2)C1C(NC(C)(C)C)=O
-25.14    -25.14     29.70      0.67      c1ccc(N(C(=O)CCC(OCC(=O)c2[nH]ccc2)=O)CC)cc1
-25.86    -25.86      1.83      0.34      c1(C)ncc(C(NCc2cc(F)c(F)cc2)C)nc1
-30.17    -30.17     11.80      0.51      c12n(nc(-c3ccc(OC)cc3)s1)c(O)c(C)c2C(=O)OC
-31.29    -31.29    -12.25      0.23      c1nn(C2(CC#N)CCN(C(OCc3ccccc3)=O)CC2)cc1-c1ncnc2c1cc(CC)[nH]2
-31.25    -31.25     24.21      0.68      C1(C)(C)C2CN(C(=O)c3nn4cc(Br)cnc4c3C)CC1CN(C)C2
Human-Component   raw_Human-Component
0.7408602237701416   0.7408602237701416   
0.1967741996049881   0.1967741996049881   
0.36021506786346436   0.36021506786346436   
0.726881742477417   0.726881742477417   
0.5956989526748657   0.5956989526748657   
0.6688172221183777   0.6688172221183777   
0.337634414434433   0.337634414434433   
0.5118279457092285   0.5118279457092285   
0.23225806653499603   0.23225806653499603   
0.676344096660614   0.676344096660614   

15:12:43: local_reinforcement_logger.timestep_report +41: INFO     
 Step 12   Fraction valid SMILES: 100.0   Score: 0.5000   Time elapsed: 12   Time left: 35.1
  Agent     Prior     Target     Score     SMILES
-29.04    -29.05     25.44      0.66      c1c(=NC(CN2CC(C)CC(C)C2)=O)[nH]n(CC)c1-c1cc2c(cc1)OCO2
-18.96    -18.92     29.39      0.59      c12cc(C(=O)NC3CCCCC3)[nH]c1cccc2
-20.30    -20.30     -9.72      0.13      c1cc(CCC2COC(=N)N2)ccc1N=c1[nH]cc(C2CC2)cn1
-37.79    -37.75     -5.22      0.40      C12CC(OC(c3ccccc3)=O)C3(C)C(C1(C)C(OC(=O)C)C(OC(=O)c1ccc(Br)cc1)CC2OC(C)=O)C(C)(C)CCC3
-32.72    -32.70    -11.19      0.26      c1cc2c(nc(-c3cccc(-c4c(NC(=O)c5ccccc5)cccc4)c3)[nH]2)c(C(=O)N)c1
-31.13    -31.13      2.99      0.42      C(c1c(F)c(C(F)(F)F)nn1CC(NC1CCCCC1)=O)(=O)c1ccccc1
-30.61    -30.54      3.59      0.42      c1(=NCC)ccn(CCC(c2cc(Cl)c(Cl)cc2)C)cc1
-25.52    -25.49     30.86      0.69      C(=O)(OC)NC(C#C)Cc1ccccc1
-32.41    -32.51    -14.26      0.22      c1cc(NS(=O)(c2ccccc2)=O)ccc1S(N(C)CC1C(C)CN(C(C)CO)C(=O)c2c(c(NS(=O)(=O)c3sccc3)ccc2)O1)(=O)=O
-24.39    -24.33     27.07      0.63      Cc1n(Cc2ccc(-c3c(C(O)=O)cccc3)cc2)c(=O)sc1C
Human-Component   raw_Human-Component
0.6645161509513855   0.6645161509513855   
0.5892472863197327   0.5892472863197327   
0.12903225421905518   0.12903225421905518   
0.39677420258522034   0.39677420258522034   
0.26236557960510254   0.26236557960510254   
0.4161290228366852   0.4161290228366852   
0.4161290228366852   0.4161290228366852   
0.6870967745780945   0.6870967745780945   
0.22258064150810242   0.22258064150810242   
0.6268817186355591   0.6268817186355591   

15:12:44: local_reinforcement_logger.timestep_report +41: INFO     
 Step 13   Fraction valid SMILES: 96.9   Score: 0.4844   Time elapsed: 13   Time left: 34.4
  Agent     Prior     Target     Score     SMILES
-22.68    -22.63     44.38      0.82      c1ccc(-c2ccc(Cn3cnc4c(=N)[nH]c(F)nc34)cc2)cc1
-33.53    -33.35     23.86      0.70      c1(S(C)(=O)=O)ccc(-n2cc(-c3c4ccc(Cl)cc4[nH]c3C)nn2)nc1
-25.21    -25.20     -6.07      0.23      c1ccc2c(nsn2)c1S(=O)(NCc1ccc(N2CCN(C)CC2)cc1)=O
-30.64    -30.57     30.98      0.75      c1(C)c2nnc(-c3c(OC(F)(F)F)cccc3)cc2n(-c2c(Cl)cccc2F)c1
-31.70    -31.65     28.77      0.74      O=S(CCCS(=O)(=O)NCc1cc(C)cc(C)c1)(=O)N
-19.40    -19.41     37.71      0.70      c1c(C2CC(=O)N(C(CC)C(=O)N)C2)cccc1
-37.74    -37.70     14.80      0.64      c1cc2c(cc1)CCC21C(C)(c2ccc(F)cc2)C(CNS(=O)(C)=O)C1
-23.84    -23.91     26.80      0.62      c1cccc2c1C(NC(C(c1c3ccccc3[nH]c1)=O)=O)CC2
-20.23    -20.26      6.60      0.33      O=C(OCC)C1=C(C)N=C2CC(C)(C)CC(=O)C2C1c1ccc([N+]([O-])=O)cc1
-36.29    -36.36     17.09      0.65      [nH]1c(C(CC)(CO)Oc2ccc(C(c3ccc(Br)cc3)=O)cc2)nc2c1cccc2
Human-Component   raw_Human-Component
0.817241370677948   0.817241370677948   
0.6977011561393738   0.6977011561393738   
0.23333333432674408   0.23333333432674408   
0.7505747079849243   0.7505747079849243   
0.7367815971374512   0.7367815971374512   
0.6965517401695251   0.6965517401695251   
0.6402298808097839   0.6402298808097839   
0.6183907985687256   0.6183907985687256   
0.32758620381355286   0.32758620381355286   
0.6517241597175598   0.6517241597175598   

15:12:45: local_reinforcement_logger.timestep_report +41: INFO     
 Step 14   Fraction valid SMILES: 93.8   Score: 0.4688   Time elapsed: 14   Time left: 33.6
  Agent     Prior     Target     Score     SMILES
-54.17    -54.02    -54.02      0.00      c1c(F)ccc(Nc2nc3cc(-c4[nH]c(-c5cccc6c5cnn6C5CCN(C)CC5)cnc4)cnc3[nH]2)c1
-44.69    -44.76     12.10      0.69      Cn1cc(-c2cn(C)nc2)c2c1c(NC(=O)CC1CC1)cc(Cc1ccc(C#N)cc1)c2
-34.62    -34.72    -15.33      0.24      CC(C)c1csc(COCC2ON=C(c3cn(C(C)(C)C)c4c3cccc4)C2)n1
-34.67    -34.47     17.94      0.64      n1(C(C)C)c(=NC2CCOC2)[nH]c2c1nc(-c1cn[nH]c1)nc2
-25.80    -25.89      4.31      0.37      c1cc(N(CCCl)CCCl)cc2c1n(C(C)C)cc2C#N
-24.97    -24.87     24.41      0.60      c1cc(-c2n[nH]nn2)ccc1-c1nc(CCC)on1
-24.24    -24.17     -3.06      0.26      C1C2(C)C3CC(O)C4C(C)(CCC5(C(O)=O)CCC(C)(C)CC54)C3(C)CCC2C(C)(C)C(O)C1
-29.98    -30.09     -6.46      0.29      C(C(C(=O)N)NC(C(C=O)NC(Cc1ccc(N(CCCl)CCCl)cc1)=O)=O)C(C)C
-26.66    -26.57      0.79      0.33      O=C(N)C(=NOC)c1ccc(Oc2ccc(F)cc2F)cc1
-27.94    -27.90     16.33      0.54      CC1(C)Oc2c(N(C)C=O)cccc2C1
Human-Component   raw_Human-Component
0.0   0.0   
0.6933497786521912   0.6933497786521912   
0.23645320534706116   0.23645320534706116   
0.639162540435791   0.639162540435791   
0.3682265877723694   0.3682265877723694   
0.6009852290153503   0.6009852290153503   
0.2573891580104828   0.2573891580104828   
0.28817734122276306   0.28817734122276306   
0.3337438404560089   0.3337438404560089   
0.5394088625907898   0.5394088625907898   

15:12:45: local_reinforcement_logger.timestep_report +41: INFO     
 Step 15   Fraction valid SMILES: 96.9   Score: 0.4844   Time elapsed: 15   Time left: 32.8
  Agent     Prior     Target     Score     SMILES
-22.67    -22.60     15.10      0.46      O=C(C=Cc1ccccc1Cl)N=c1[nH]c2c(cccc2)[nH]1
-31.97    -31.87     24.68      0.69      c1(OCC)ccc(CC2N(C(=O)c3csc(-c4ccncc4)n3)CCCC2)cc1
-32.60    -32.63     21.19      0.66      Clc1ccc(-c2ccc(CN(CC(=O)O)C(NCc3ccc(Cl)cc3)=O)cc2)cc1
-65.90    -65.63    -65.63      0.00      C(CCCCC)[N+](C)(c1ccc(-c2cc(C[n+]3ccc(-c4c5c(cccc5)cc(-c5[n+](C)c6nccc5n6nccc4)c3)OC)ccc2)cc1)C
-25.84    -25.74     20.16      0.56      n1n(C)c(C)c(N(CCOC)C(=O)c2ccc(C#N)cc2)c1C
-26.14    -26.05     18.82      0.55      n1(C)c2ccc(CNC(=O)c3ccc(Br)cc3)cc2cn1
-24.22    -24.24     25.62      0.61      C1C(c2cc(CC3NCCc4c3[nH]c3c4cccc3)ccc2OC)CCCC1
-29.73    -29.53     12.79      0.52      S(c1nc(-c2cccc(Cl)c2)cc(C)n1)CC(Nc1ccc(N(C)C)cc1)=O
-42.79    -43.09     -8.31      0.42      C1CN(C(=O)N(C2CCN(C3CCC(c4ccc(Cl)cc4)(CN)CC3)C2)CC=C)CCC1(c1ccccc1)Br
-19.79    -19.84     19.08      0.47      C1CN(Cc2nc(C)ccc2)C(c2nc(C3CC3)on2)C1
Human-Component   raw_Human-Component
0.4597701132297516   0.4597701132297516   
0.6896551847457886   0.6896551847457886   
0.6563218235969543   0.6563218235969543   
0.0   0.0   
0.5597701072692871   0.5597701072692871   
0.5471264123916626   0.5471264123916626   
0.6080459952354431   0.6080459952354431   
0.5160919427871704   0.5160919427871704   
0.4241379201412201   0.4241379201412201   
0.47471264004707336   0.47471264004707336   

15:12:46: local_reinforcement_logger.timestep_report +41: INFO     
 Step 16   Fraction valid SMILES: 100.0   Score: 0.5000   Time elapsed: 16   Time left: 32.0
  Agent     Prior     Target     Score     SMILES
-31.69    -31.68     27.04      0.72      n1(Cc2ccccc2)cc(CNC(=O)Nc2c(-c3ccccc3)nc3ccccc3n2)nn1
-21.53    -21.43     38.53      0.73      c12ccc(=O)oc1c(OCC1CCCCC1)cc(C)c2
-27.11    -27.07     25.74      0.64      c1cc(C(C)C)c(NC(=O)NCC2(O)CC[S+]([O-])CC2)c(C(C)C)c1
-30.63    -30.91      8.94      0.49      c1ccccc1CNCc1ccc(-c2cc(C(NCCC3OCCC3)=O)no2)cc1
-26.47    -26.43     24.89      0.63      N12C(=O)CC(c3ccc(C)cc3)CC1C=C(C)CC2=O
-24.21    -24.17     26.09      0.61      N(Cc1ccncc1)(C(Nc1c(C)cc(C)cc1C)=O)C
-27.03    -26.94      4.10      0.38      c12c([nH]c(=NC)[nH]c1=O)-c1ccc(C(NCC)=O)cc1CC2
-27.63    -27.62      0.77      0.35      c1ccc2c(NC(c3sc(=Nc4cc5c(cc4)OCCO5)[nH]c3)=O)cccc2c1
-25.49    -25.41     13.83      0.48      Cc1c(CSc2nnc(CCCC)n2N)c(C)cc(C)c1
-29.72    -29.34     16.86      0.56      c1(-c2c(=O)[nH]c3c(cnc(N4CCN(C)CC4)n3)n2)ccc[nH]c1=N
Human-Component   raw_Human-Component
0.7161290049552917   0.7161290049552917   
0.7311828136444092   0.7311828136444092   
0.6440860033035278   0.6440860033035278   
0.4860215187072754   0.4860215187072754   
0.625806450843811   0.625806450843811   
0.6129032373428345   0.6129032373428345   
0.37849462032318115   0.37849462032318115   
0.34623655676841736   0.34623655676841736   
0.4784946143627167   0.4784946143627167   
0.5634408593177795   0.5634408593177795   

15:12:48: local_reinforcement_logger.timestep_report +41: INFO     
 Step 17   Fraction valid SMILES: 100.0   Score: 0.5000   Time elapsed: 17   Time left: 31.2
  Agent     Prior     Target     Score     SMILES
-26.40    -26.47     32.26      0.72      c1c2c(ccc1)nc(CCNS(c1ccc(C(C)=O)cc1)(=O)=O)n2CCC
-23.14    -23.00     23.99      0.57      C(c1ccc(OC)cc1)C(N(CC)CCO)=O
-24.79    -24.93     16.69      0.51      c1cc(SCCN2CCC(n3c4ccccc4oc3=O)CC2)ncc1
-25.72    -26.03     12.94      0.48      n1(C(C)C)c(=O)c2n(C)c3ccccc3c2c(C(=O)NCc2cc3c(cc2)OCO3)c1
-30.11    -30.07     -0.18      0.36      C1(O)N=C(Nc2ccccc2)Nc2cc(Cl)c(Cl)cc21
-22.69    -22.56     14.82      0.46      c1cc(-c2ccccc2)ccc1NC(Nc1cc(C(F)(F)F)ccc1Cl)=O
-19.54    -19.64      4.43      0.29      c12c(cccc1)C(CC(c1ccccc1)=O)(O)C(=O)N2C
-35.09    -35.33     17.05      0.64      C1(N(C(c2ccc(-c3ccc(F)cc3)cc2)C(=O)NCCCOCC)C(CNC(c2occc2)=O)=O)CCCCC1
-37.43    -37.47      7.93      0.55      c1cc2c(c(=O)n(-c3ccc(-c4[nH]c(C)nc4C=O)cc3)cn2)cc1Br
-25.65    -25.64     13.87      0.48      c1cc2c(cc1)sc(-c1c(=O)c3c(cc(OC(N(C)C)=O)cc3)oc1)n2
Human-Component   raw_Human-Component
0.7161290049552917   0.7161290049552917   
0.573118269443512   0.573118269443512   
0.5075268745422363   0.5075268745422363   
0.47526881098747253   0.47526881098747253   
0.36451613903045654   0.36451613903045654   
0.4559139907360077   0.4559139907360077   
0.2935483753681183   0.2935483753681183   
0.6387096643447876   0.6387096643447876   
0.5537634491920471   0.5537634491920471   
0.4817204177379608   0.4817204177379608   

15:12:49: local_reinforcement_logger.timestep_report +41: INFO     
 Step 18   Fraction valid SMILES: 100.0   Score: 0.5000   Time elapsed: 18   Time left: 30.3
  Agent     Prior     Target     Score     SMILES
-30.22    -30.35     27.32      0.70      O1C(c2ccc(-c3cccs3)cc2)(CC)SC(=NC(C)=O)NC1
-26.02    -25.87     33.56      0.72      C1CN(c2nc(=NN=Cc3cn(-c4ccc(Cl)cc4)nc3-c3sccc3)nc(N3CCOCC3)[nH]2)CCC1
-24.28    -24.22     32.04      0.69      c1(=NC2CCC(O)CC2)[nH]c(-c2cc(=NC3CCC(C(=O)N)CC3)[nH]cc2Cl)ccc1
-19.86    -19.67     32.09      0.63      NC(=O)CSCc1c(Cl)cccc1Cl
-34.59    -34.44     14.59      0.60      n1c(-c2cc(Cl)ccc2OCC)c(C(N)=O)nc2n[nH]cc12
-19.44    -19.56     15.27      0.42      c1cc(C(C(O)=O)CC(c2ccccc2)=O)ccc1
-27.18    -27.36      4.82      0.39      c12cc[n+](C)cc1n(C)c1c2ccc2ccccc21
-48.78    -49.13    -30.08      0.23      C1(=O)N(CC(=O)C(NC(C(NC(C(NC(=O)OCCN2CCCC2)c2ccccc2)=O)C)=O)C(C)C)C(C(NCc2c(C)cccc2)=O)CC1
-44.83    -44.85      6.29      0.62      OC(C(CNC(=O)CCCCCC=CCC=CCC=CCC=CCC=CCC=CCC)CNCCc1c(Cl)cccc1)=O
-34.52    -34.58     13.56      0.59      c1(C)c(Cc2c(S(=O)(C)=O)cc3c(c2)OCO3)nc2cc(Cl)ccc2n1
Human-Component   raw_Human-Component
0.7032257914543152   0.7032257914543152   
0.7247312068939209   0.7247312068939209   
0.6860215067863464   0.6860215067863464   
0.6311827898025513   0.6311827898025513   
0.5978494882583618   0.5978494882583618   
0.42473119497299194   0.42473119497299194   
0.39247313141822815   0.39247313141822815   
0.23225806653499603   0.23225806653499603   
0.6236559152603149   0.6236559152603149   
0.5870967507362366   0.5870967507362366   

15:12:50: local_reinforcement_logger.timestep_report +41: INFO     
 Step 19   Fraction valid SMILES: 96.9   Score: 0.4844   Time elapsed: 19   Time left: 29.4
  Agent     Prior     Target     Score     SMILES
-41.83    -41.54    -28.72      0.16      C(N)C(CC(=O)NC1C(C)(C)Nc2cccc(OC)c2C1)C(N1CCCCC1)=O
-27.23    -27.01     25.20      0.64      CC(C)(c1ccc(-c2noc(-c3cc(C(F)(F)F)ccc3)n2)c(C)c1)C
-32.31    -32.82     27.41      0.73      C(c1cccc(NC(Cn2ncc([N+]([O-])=O)c2)=O)c1)(=O)OCc1c(C#N)cccc1
-33.43    -33.54    -33.54      0.00      n1cnc2[nH]c3c(cccc3)c(=NC(COC)CCC)c12
-30.93    -31.14    -13.98      0.21      Cc1nn(-c2ccnc3c2CCN3c2cc[nH]c(=NC(C)c3ncc(F)cn3)n2)cc1C
-22.63    -22.75     30.88      0.65      c1(NC(CSc2sc3c(ccc(NC(=O)COc4ccccc4)c3)n2)=O)ccccc1
-34.02    -34.08      7.96      0.51      c1(Cc2ccc(Br)cc2)c(O)c2c(=O)c(C(O)=O)c(Sc3ccccc3)oc2cc1
-20.88    -20.74      6.78      0.34      c1c2c3c(cccc3cc1)N(CC(=O)Nc1ccc(F)cc1)S2(=O)=O
-22.17    -21.97     34.39      0.69      C1OCCN(c2nc(-c3ccc(NC(=O)N=c4cco[nH]4)cc3)c3c(n2)OC(C)(C)CN(CC)C3=O)C1
-33.30    -33.33     17.10      0.61      c12c(=N)[nH]c3ccccc3c1SCCN2C(=O)Nc1ccc(Cl)cc1
Human-Component   raw_Human-Component
0.15632183849811554   0.15632183849811554   
0.636781632900238   0.636781632900238   
0.7344827651977539   0.7344827651977539   
0.0   0.0   
0.20919540524482727   0.20919540524482727   
0.6540229916572571   0.6540229916572571   
0.5126436948776245   0.5126436948776245   
0.33563217520713806   0.33563217520713806   
0.6873562932014465   0.6873562932014465   
0.6149425506591797   0.6149425506591797   

15:12:51: local_reinforcement_logger.timestep_report +41: INFO     
 Step 20   Fraction valid SMILES: 93.8   Score: 0.4688   Time elapsed: 20   Time left: 28.6
  Agent     Prior     Target     Score     SMILES
-19.00    -19.02     38.84      0.71      CCN(CC)c1ccc(CN(CC)CC)cc1
-32.14    -32.31    -32.31      0.00      c12n(c(=O)c(CCN3CCC(Cc4cc(F)ccc4)CC3)ccc1O)cccn2
-32.03    -32.14      8.36      0.49      c1(C=O)ccc2c(c1)Cc1c-2n(CCCN(C)C)nc1C(=O)N
-20.90    -20.70     35.05      0.68      c1cccc(C=Cc2c(OC)ccc(Cl)c2)c1
-23.22    -23.34     15.64      0.48      c1cc(C)ccc1CCNC(=O)C(NCC1N(S(=O)(c2cccs2)=O)CCCO1)=O
-30.09    -29.92     15.83      0.56      Oc1c(O)cccc1CCNC(=O)N=c1n(C)[nH]c(C(C)(C)C)c1
-20.68    -20.67     22.25      0.52      Fc1ccc(N2CCN(CCCN3C(=O)CC(c4ccccc4)(C)C3=O)CC2)cc1
-31.55    -31.40     -1.91      0.36      c12[nH]c3c(c1c(=Nc1cccc(Cl)c1F)cc(C)[nH]2)CCCC3
-20.14    -20.20     10.50      0.37      c1cc(Cc2c[nH]c3ccccc23)ccc1Cl
-26.88    -27.03     28.81      0.68      C1CCCC(Cn2c(C)nc3cc(C(NCc4ccc(F)cc4)=O)ccc32)C1
Human-Component   raw_Human-Component
0.7056650519371033   0.7056650519371033   
0.0   0.0   
0.49384236335754395   0.49384236335754395   
0.6798029541969299   0.6798029541969299   
0.4753694534301758   0.4753694534301758   
0.557881772518158   0.557881772518158   
0.5233989953994751   0.5233989953994751   
0.35960590839385986   0.35960590839385986   
0.37438422441482544   0.37438422441482544   
0.681034505367279   0.681034505367279   

15:12:52: local_reinforcement_logger.timestep_report +41: INFO     
 Step 21   Fraction valid SMILES: 100.0   Score: 0.5000   Time elapsed: 22   Time left: 29.0
  Agent     Prior     Target     Score     SMILES
-52.44    -52.75    -39.88      0.16      O=c1c2c(nc(C(=O)C3N(C(=O)C4NC5C(CC4)CN(Cc4ccc(Br)cc4)C5)NCC3)o1)cccc2
-20.96    -20.80     13.06      0.41      N1CCC2(CC1)c1c(cccc1)N(C)C2=O
-27.69    -27.70     21.68      0.60      Fc1c[nH]c(=Nc2ccc3[nH]ccc3c2)[nH]c1=Nc1cccc(S(=O)(N)=O)c1
-25.04    -24.97     27.93      0.65      Cn1c(=N)[nH]c(CC)c(CC)c1=O
-21.00    -20.75     34.71      0.68      c1c(Cl)ccc2nc(Cl)c(N3CCCCC3)nc12
-22.41    -22.55     19.24      0.51      c1cc(-c2oc3cc(OCCCCCCN4CCC(O)CC4)ccc3c(=O)c2)ccc1N(C)C
-26.90    -27.07     -6.35      0.25      CC(CC(NC(C1CCN1S(=O)(=O)c1cc(Cl)cc(Cl)c1)=O)C(=O)C(=O)O)C
-27.29    -27.11      6.92      0.42      NC(=O)C(CS)C(C)CCCC
-39.70    -39.83    -12.41      0.33      c1c(C#CC(O)(c2ccccc2)CO)cc(-c2cc3c(C(Nc4ccc(OC)cc4)=O)c[nH]c3cc2)cn1
-19.39    -19.23     27.15      0.57      C1C2(NC(=O)c3ccc(F)cc3)CC3CC(CC1C3)C2
Human-Component   raw_Human-Component
0.15698924660682678   0.15698924660682678   
0.41290321946144104   0.41290321946144104   
0.602150559425354   0.602150559425354   
0.6451612710952759   0.6451612710952759   
0.676344096660614   0.676344096660614   
0.5096774101257324   0.5096774101257324   
0.2526881694793701   0.2526881694793701   
0.41505375504493713   0.41505375504493713   
0.33440861105918884   0.33440861105918884   
0.5655913949012756   0.5655913949012756   

15:12:53: local_reinforcement_logger.timestep_report +41: INFO     
 Step 22   Fraction valid SMILES: 96.9   Score: 0.4643   Time elapsed: 23   Time left: 28.0
  Agent     Prior     Target     Score     SMILES
-48.23    -49.27     -7.52      0.51      C1C(n2c3c(c(=N)nc[nH]3)c(C#Cc3ccc(N4CCN(C(=O)C)CC4)nc3)c2)CCN(C(Cc2ccc(S(=O)(C)=O)cc2)=O)C1
-24.77    -24.65     14.37      0.48      COc1cc(-c2cc(=O)[nH]c(=O)n2C)ccc1OCC
-29.69    -29.72    -16.72      0.16      C(N1CCN(Cc2cc(Cl)cc(Cl)c2OC)CC1)(=O)c1c(C)cco1
-26.43    -26.43      3.73      0.37      o1ccc2c1c(OC)ccc2C(Oc1ccc(OC)cc1)=O
-21.70    -21.54    -21.54      0.00      C(OCC)(c1ccc(NC(=O)CC)cc1)=O
-24.31    -24.36     25.69      0.61      s1cccc1S(NCc1nn2c(c1)CN(C)CC2)(=O)=O
-26.49    -26.33    -13.61      0.16      C1C(NCC(O)Cn2c3c(nc2)c(-n2cncc2)ncn3)CCCC1
-31.92    -32.08    -15.96      0.20      Clc1ccc(C2CC3CN(CCOC)CC3N(c3ncc(C)cn3)C2)cc1
-37.37    -37.04      7.92      0.55      c12c(c(=O)[nH]c(=N)[nH]1)n1ccc(C(c3cc4c(cccc4)cc3)=O)cc1n2
-22.93    -23.14     27.94      0.62      c1cc(C(F)(F)F)ccc1C(=O)NCc1c(=N)nc(C)[nH]c1
Human-Component   raw_Human-Component
0.5091953873634338   0.5091953873634338   
0.475862056016922   0.475862056016922   
0.158620685338974   0.158620685338974   
0.36781609058380127   0.36781609058380127   
0.6436781883239746   0.6436781883239746   
0.6103448271751404   0.6103448271751404   
0.1551724076271057   0.1551724076271057   
0.19655172526836395   0.19655172526836395   
0.548275887966156   0.548275887966156   
0.6229885220527649   0.6229885220527649   

15:12:54: local_reinforcement_logger.timestep_report +41: INFO     
 Step 23   Fraction valid SMILES: 100.0   Score: 0.4778   Time elapsed: 24   Time left: 27.0
  Agent     Prior     Target     Score     SMILES
-23.32    -23.47     13.21      0.45      c1cc(C)ccc1-c1nnc(SCC(NC(Nc2ccccc2)=O)=O)o1
-27.90    -28.25     34.62      0.77      O=C(n1cc(C)nc1[N+]([O-])=O)Cc1ccc(F)cc1
-16.71    -16.77     42.39      0.72      O=C(C=Cc1ccccc1)c1ccc(C)cc1
-43.59    -43.92     -2.65      0.50      c1(C)c2c(ncnc2N2CC(CNC(=O)c3sc4c(cccc4)c3)CC2)[nH]c1C(COC)O
-21.21    -21.41     33.88      0.67      Oc1ccccc1C(C=Cc1cc(C)cc(C)c1)=O
-21.41    -21.32     30.18      0.63      c1(=NC(=O)C=Cc2ccccc2)[nH]nc(SC)s1
-38.48    -38.29      1.30      0.48      c1(C2CC2)c(C(=O)N2CCOCC2)c2n(c1)CCCN(C(=O)c1ccc(-c3c(C)onc3C)cc1)C2
-23.47    -23.74     23.79      0.58      c1cccc(Cn2c3c([nH]c(=N)[nH]c3=N)cc2)c1Cl
-27.96    -27.82     12.39      0.49      C1C(N=c2nc(C)[nH]c3n(C)nc(C)c23)CCC(CNS(C)(=O)=O)C1
-45.84    -45.90     -3.05      0.52      c1cc2c(NC(CCCOC(NC(NCC)=O)=O)=O)cc(Sc3n[nH]cn3)c(O)c2cc1
Human-Component   raw_Human-Component
0.4473118185997009   0.4473118185997009   
0.7666666507720947   0.7666666507720947   
0.7215054035186768   0.7215054035186768   
0.5032258033752441   0.5032258033752441   
0.6741935610771179   0.6741935610771179   
0.6279569864273071   0.6279569864273071   
0.48279568552970886   0.48279568552970886   
0.5795698761940002   0.5795698761940002   
0.4903225898742676   0.4903225898742676   
0.522580623626709   0.522580623626709   

15:12:55: local_reinforcement_logger.timestep_report +41: INFO     
 Step 24   Fraction valid SMILES: 96.9   Score: 0.4663   Time elapsed: 25   Time left: 26.0
  Agent     Prior     Target     Score     SMILES
-19.14    -19.32     30.91      0.61      c1c(N2CCN(C(=O)C)CC2)ccc(N=c2nc3n(C4CCCC4)c4cnccc4c3c[nH]2)n1
-40.29    -40.01    -17.58      0.27      c1(-c2c3c(c(OC(C)=O)cc(-c4cc(OC)c(OC(=O)C)cc4)c3)c(OCc3ccccc3)cc2)ccc(OC(C)C)cc1
-35.42    -35.85    -20.21      0.19      c1cccc2nc(C(C)(C)C)n(OS(c3cc4c(cc3)OCO4)(=O)=O)c12
-32.30    -32.96     24.72      0.70      n12c(C(N(CCC)CC3CC3)=O)cnc1ncc(-c1c[nH]cn1)c2
-44.05    -44.02    -13.11      0.38      [nH]1c(-c2nccnc2N2CCN(C(=O)N=c3ccc(C(F)(F)F)c[nH]3)CC2)c2cc[nH]c2nc1=NCC1CCOCC1
-44.65    -44.99     -0.41      0.54      C1(=C)CC23C(C)(C1)CC1C(O)(CCC(C#N)C12C)C3
-32.61    -32.68     -1.30      0.38      O(C)C(Cc1ccc(Nc2ccccc2C(Nc2ccc(C(=O)OC)cc2)=O)cc1)=O
-39.93    -39.88    -12.45      0.33      CC(C)(CC(F)(CCCCOc1c(OC)c(CC=Cc2ccccc2)ccc1)C)O
-24.54    -24.62     29.58      0.66      C1C(O)(CC(C)C)c2cc(-c3cccc(Cl)c3)ccc2NC1=O
-33.86    -33.83     23.00      0.69      c1(OCCc2c(Cl)[nH]c(=N)s2)cc(CN2CCCCC2)n[nH]1
Human-Component   raw_Human-Component
0.6126436591148376   0.6126436591148376   
0.2735632061958313   0.2735632061958313   
0.1908046007156372   0.1908046007156372   
0.7034482955932617   0.7034482955932617   
0.3770115077495575   0.3770115077495575   
0.5436781644821167   0.5436781644821167   
0.38275861740112305   0.38275861740112305   
0.33448275923728943   0.33448275923728943   
0.6609195470809937   0.6609195470809937   
0.6931034326553345   0.6931034326553345   

15:12:56: local_reinforcement_logger.timestep_report +41: INFO     
 Step 25   Fraction valid SMILES: 100.0   Score: 0.4696   Time elapsed: 26   Time left: 25.0
  Agent     Prior     Target     Score     SMILES
-23.51    -23.19     16.66      0.49      c1(OC)nc(OC)[nH]c(=NS(=O)(c2ccc(NC(=O)CCc3ccc(OC)cc3)cc2)=O)c1
-20.95    -20.98     25.40      0.57      c1c(C=Cc2oc(-c3ccc(Cl)cc3)nn2)cc2c(c1)OCO2
-21.56    -21.51     30.69      0.64      c1(CC2C(O)C(Cc3ccccc3)C[S+]([O-])C2)ccccc1
-23.30    -23.38     18.06      0.51      N1(C(=O)CC(C)C)CCN(S(=O)(c2ccc(CCC)cc2)=O)CC1
-38.75    -38.84      9.13      0.58      C(Nc1cc(C(N)=O)ccc1NC(C)C)(=O)N(C)c1cnc(-c2ccccc2)cc1
-28.95    -28.83     23.19      0.63      c1cc2c(c(OC)c1)oc(=O)n2CC(NN=Cc1cc(OC)c(O)cc1)=O
-42.43    -43.01      1.78      0.55      C1CC2(NC(=O)c3c2c2cccc4c2c(c23)C(O)CC(=O)c4c2)CN1C
-24.88    -24.91      7.45      0.39      C(NS(=O)(=O)CCCC)(C)CC
-25.62    -25.73     21.09      0.57      c1cc2c(cc1-c1cc(C)ccc1)CCN(CCCSc1n(C)c(-c3cccc4c3ccc(C)n4)nn1)CC2
-40.26    -40.39     -9.27      0.38      C1C2C(C)(C3CC(OS(=O)(O)=O)C4C(C)(CCC4C(C)(O)CCCC(=C)C)C3(C)CC2)CC(=O)C1O
Human-Component   raw_Human-Component
0.4860215187072754   0.4860215187072754   
0.5655913949012756   0.5655913949012756   
0.6365591287612915   0.6365591287612915   
0.5053763389587402   0.5053763389587402   
0.5849462151527405   0.5849462151527405   
0.6344085931777954   0.6344085931777954   
0.5462365746498108   0.5462365746498108   
0.39462366700172424   0.39462366700172424   
0.5709677338600159   0.5709677338600159   
0.3795698881149292   0.3795698881149292   

15:12:58: local_reinforcement_logger.timestep_report +41: INFO     
 Step 26   Fraction valid SMILES: 100.0   Score: 0.5000   Time elapsed: 27   Time left: 24.0
  Agent     Prior     Target     Score     SMILES
-35.71    -35.20     28.99      0.78      O(n1c(O)c2c(O)c(O)c(-c3ccccc3)c(C)c2c1-c1ccccc1)Cl
-24.31    -24.70     10.84      0.43      C(c1ccc(C)cc1C)n1nnc2c1nc(C1CC1)[nH]c2=N
-34.19    -34.47     22.31      0.69      C1N(Cc2ccc(OC)c(OC)c2Cl)CCN(C(C)C(N2CCN(C(OCC)=O)CC2)=O)C1
-26.47    -26.69     30.88      0.70      C(=O)(c1nc(-c2ccc(C)cc2)n(-c2ccc(C(C)C)cc2)c1C)OC
-21.95    -22.39     34.04      0.69      c1nc(C(OCC(=O)N(C2CS(=O)(=O)CC2)CC(C)C)=O)ccc1
-29.37    -29.44      8.65      0.46      c1(=O)[nH]c(=O)c(N(C(=O)CC2(c3ccccc3)CC(C)(C)OCC2)Cc2occc2)c(N)n1CCCC
-21.07    -20.97     31.67      0.64      O=C(c1ccccc1)c1c(Cl)c(=O)n(C)nc1
-24.46    -24.56     25.17      0.61      C(C=Cc1c([N+]([O-])=O)cccc1)(=O)Nc1ccc(C(=O)C)cc1
-25.22    -25.38     21.80      0.58      O=c1n(CC)c(Cc2ccccc2)nc2c(C)nn(C)c12
-32.19    -31.82      7.07      0.47      O(C)c1ccc(N=c2[nH]cnc3ccc(OC4CCN(C(=O)OC(C)(C)C)CC4)cc32)cc1
Human-Component   raw_Human-Component
0.7827957272529602   0.7827957272529602   
0.4333333373069763   0.4333333373069763   
0.6924731135368347   0.6924731135368347   
0.7021505236625671   0.7021505236625671   
0.6881720423698425   0.6881720423698425   
0.46451613306999207   0.46451613306999207   
0.6419354677200317   0.6419354677200317   
0.6064516305923462   0.6064516305923462   
0.5752688050270081   0.5752688050270081   
0.4741935431957245   0.4741935431957245   

15:12:59: local_reinforcement_logger.timestep_report +41: INFO     
 Step 27   Fraction valid SMILES: 100.0   Score: 0.4812   Time elapsed: 28   Time left: 23.0
  Agent     Prior     Target     Score     SMILES
-20.24    -19.83     34.48      0.66      O=C(N1CCN(c2ccccc2)CC1)c1n(-c2ccccc2)nc(C)c1
-32.22    -31.82      2.21      0.42      c1(OC)ccccc1CN1CCC12CCN(c1nc(C(F)(F)F)nc(C)c1)C2
-40.70    -41.45     15.68      0.70      N(O)=C(C(Cc1ccc(COc2ccccc2)cc1)NS(=O)(=O)CCNC(=O)C(c1ccccc1)c1ccccc1)O
-21.38    -21.38    -21.38      0.00      c1c(O)c(CNC(C)=O)cc(C)c1
-23.08    -22.94     19.03      0.51      c1(OC)c2occc2c(OC)c2c1oc(-c1c(OC)cccc1)cc2=O
-28.97    -28.74     19.93      0.59      c1c(S(=O)(=O)N(c2ncc3ccccc3c2C)CC2CC2)ccc(NC(=O)C)c1
-23.36    -23.22     21.48      0.55      N(CC(=O)NCCc1ccc(OC)cc1)(C)S(=O)(=O)c1ccc(C)cc1
-26.67    -26.80     23.54      0.61      c1(OC)ccc(CCNCc2n(Cc3ccccc3)c3c(n2)cccc3)c(OC)c1
-24.47    -24.30     12.65      0.45      [nH]1c2c(nc1-c1sc(-c3ccc(CNCc4cc(C(OC)=O)ccc4)cc3)cc1)ccc(C(F)(F)F)c2
-22.38    -22.39     24.52      0.57      C1CCC(CCC(=O)c2ccccc2O)CC1
Human-Component   raw_Human-Component
0.6623656153678894   0.6623656153678894   
0.41505375504493713   0.41505375504493713   
0.6967741847038269   0.6967741847038269   
0.601075291633606   0.601075291633606   
0.5118279457092285   0.5118279457092285   
0.5935483574867249   0.5935483574867249   
0.5451613068580627   0.5451613068580627   
0.6139785051345825   0.6139785051345825   
0.45053762197494507   0.45053762197494507   
0.5720430016517639   0.5720430016517639   

15:13:00: local_reinforcement_logger.timestep_report +41: INFO     
 Step 28   Fraction valid SMILES: 100.0   Score: 0.5000   Time elapsed: 29   Time left: 22.0
  Agent     Prior     Target     Score     SMILES
-23.76    -23.71     27.78      0.63      C1C(N(C)CC(Nc2ccc(S(N)(=O)=O)cc2)=O)CCN(CCc2ccccc2)C1
-37.30    -37.72     16.33      0.66      Oc1cc2c(OCC(=O)N3CCOCC3)c(OC)c(OC)cc2c(Cc2ccc(OC)cc2)c1OC
-38.39    -38.51      7.87      0.57      n1c(C2CCC(C)N(C(c3c(-c4cccnc4)nccc3)=O)C2)c(OCC(O)=O)ccc1C(F)(F)F
-30.53    -30.24     24.69      0.67      c1(O)c(-c2cc(-c3cc(C)c([N+]([O-])=O)cc3)on2)cccc1
-29.64    -30.21     -3.58      0.32      C1C(CCn2c(C(=O)OCC)cc(-c3ccc(OC)cc3)n2)CCN(C(=O)NC(C)C)C1
-31.42    -31.62    -14.69      0.21      c1(-c2nc(C3CCN(C(=O)C=CC)CC3)[nH]c2)cn2c(cc1)ncn2
-23.67    -23.73     31.64      0.68      c1(C)c(C)[nH]c(C(=O)Nc2ccc3c(c2)OCCO3)c1C
-22.22    -22.15     30.57      0.64      C1Cc2cc(Br)cc(S(Nc3ccc(OC)cc3)(=O)=O)c2N1C(C)=O
-35.81    -35.75      6.57      0.52      O=c1[nH]c(=O)c(N(CCC)C(=O)C23CC4CC(CC(C2)C4)C3)c(N)n1Cc1ccc2ccccc2c1
-27.21    -27.34     21.07      0.59      C1N(C(=O)CCc2ccc(Cl)cc2)CC(CCC(NCc2ccc(F)c(F)c2)=O)CC1
Human-Component   raw_Human-Component
0.6279569864273071   0.6279569864273071   
0.6591398119926453   0.6591398119926453   
0.5655913949012756   0.5655913949012756   
0.6698924899101257   0.6698924899101257   
0.32473117113113403   0.32473117113113403   
0.20645160973072052   0.20645160973072052   
0.675268828868866   0.675268828868866   
0.6430107355117798   0.6430107355117798   
0.5161290168762207   0.5161290168762207   
0.5903225541114807   0.5903225541114807   

15:13:01: local_reinforcement_logger.timestep_report +41: INFO     
 Step 29   Fraction valid SMILES: 96.9   Score: 0.4707   Time elapsed: 30   Time left: 21.0
  Agent     Prior     Target     Score     SMILES
-36.96    -37.27    -29.45      0.10      C1(=S)SC(=Cc2cccc(C(C(NC(C)(C)C)=O)C#N)c2)C(=O)N1c1cc(C(F)(F)F)ccc1
-24.51    -24.22    -19.13      0.06      c1c(N=c2[nH]c(CC(=O)Nc3c(C)cccc3)cs2)ccc(Cl)c1
-29.70    -29.86     23.02      0.64      O=C1C2(C)CCC3C4(C)CCC(OC(=O)C)CC4CCC3C2CC1=Cc1ncccn1
-44.62    -45.32    -32.50      0.16      C1CCC(c2nccnc2OCc2ccc(OC(F)(F)F)cc2)N1C(=O)CC(N)Cc1ncc(Cl)cc1Cl
-23.93    -24.28     35.76      0.73      N1=C(NC#N)NCC(c2cccnc2)C1
-26.59    -26.65     -1.58      0.31      C1CCc2c(c3c(ccc(OCCCN4CCN(Cc5ccccc5)CC4)c3)oc2=O)C1
-22.40    -22.77     35.39      0.71      c12n(CC(Nc3ccc(C(C)C)cc3)=O)cc(C(C)=O)c1cccc2
-39.51    -40.05     -1.41      0.47      C(NC(=O)C(Cc1ccc(OCC(O)=O)c(C(=O)OC(C)(C)C)c1)NC(C)=O)C1CCC(C(=O)O)CC1
-24.75    -24.76     11.15      0.44      c1ccc2c(ccc(=S)[nH]2)c1Nc1ccccc1
-33.86    -34.16     17.21      0.63      O=C(C(C(NC(=O)C1CC(S(c2ccc(-n3cncc3)cc2)(=O)=O)CN1C(=O)C1(c2ccc(Cl)cc2)CC1)CCC)=O)N1CCOCC1
Human-Component   raw_Human-Component
0.0954023003578186   0.0954023003578186   
0.062068965286016464   0.062068965286016464   
0.6448276042938232   0.6448276042938232   
0.15632183849811554   0.15632183849811554   
0.7321839332580566   0.7321839332580566   
0.3057471215724945   0.3057471215724945   
0.7091953754425049   0.7091953754425049   
0.4712643623352051   0.4712643623352051   
0.43793103098869324   0.43793103098869324   
0.6264367699623108   0.6264367699623108   

15:13:02: local_reinforcement_logger.timestep_report +41: INFO     
 Step 30   Fraction valid SMILES: 100.0   Score: 0.5000   Time elapsed: 32   Time left: 20.6
  Agent     Prior     Target     Score     SMILES
-47.43    -48.27    -24.90      0.28      c1ccccc1CN(S(=O)(=O)CCCC#N)CC#Cc1cc2c(CCN3CC(CNCc4ccccc4)CC3)c[nH]c2cc1
-25.95    -26.28     34.65      0.74      c1(Cl)ccc(NC(=O)CNS(=O)(c2cc3c(nc(C)s3)cc2)=O)cc1
-28.20    -28.46     29.83      0.71      c1(C)ccc(CSc2c(C(F)(F)F)cc(N)cc2)o1
-23.25    -22.67     29.62      0.64      N1CC(CCN)OC1=O
-25.69    -25.40    -12.44      0.16      C1C2C(C3C(C)(C(=O)N(C)C(=O)C3)C1)CCc1cc(O)ccc12
-22.09    -22.47     28.67      0.62      c1ccc(Cl)cc1C(c1ccccc1)=CC(=O)O
-26.37    -26.40      2.34      0.35      CCc1nn(C)c(C(=O)NCCN2CCN(c3ccc(OC)cc3OC)CC2)c1Cl
-37.34    -37.29     15.09      0.64      c1c(-c2c(Br)cccc2)n(CC(N2CCN(c3cc(Cl)ccc3)CC2)=O)c(-c2occc2)c1
-33.15    -33.52      8.80      0.52      c1[nH]nc2cc(OCC(OCCCN=C3c4c(cccc4)S(=O)(=O)N3)=O)ccc12
-29.64    -29.80     21.16      0.62      C(C)OC(=O)c1c(C)n(-c2ccc(F)cc2)c(CC2CC2)c1C
Human-Component   raw_Human-Component
0.2849462330341339   0.2849462330341339   
0.7430107593536377   0.7430107593536377   
0.7107526659965515   0.7107526659965515   
0.6376343965530396   0.6376343965530396   
0.15806451439857483   0.15806451439857483   
0.6236559152603149   0.6236559152603149   
0.35053762793540955   0.35053762793540955   
0.6387096643447876   0.6387096643447876   
0.5161290168762207   0.5161290168762207   
0.6215053796768188   0.6215053796768188   

15:13:04: local_reinforcement_logger.timestep_report +41: INFO     
 Step 31   Fraction valid SMILES: 100.0   Score: 0.4860   Time elapsed: 33   Time left: 19.6
  Agent     Prior     Target     Score     SMILES
-25.49    -25.59     32.25      0.71      C1C2(c3c(cccc3F)C(N)=N2)CCN(C(C)=O)C1
-56.80    -56.55    -27.81      0.35      CCC(C)C(C(NC(C)C(NC(C(NNC(=O)C(Cc1cc(OC)ccc1)=NC(=O)C(C)NC(OCc1ccccc1)=O)=O)CO)=O)=O)NC(OC(C)(C)C)=O
-40.14    -39.78      5.45      0.55      O(CC(CO[N+](=O)[O-])(CO[N+]1=CN2CCC1CC2)C1CCCCC1)C(C(C)C)=O
-26.55    -26.93     25.71      0.64      c1cccc(-c2nc(C(Nc3ccccc3N3CCNCC3)=O)[nH]n2)c1F
-31.70    -31.54     11.58      0.53      c1cc(C)ccc1CN(C(C1CC(CC)(CC)C(=O)N1)=O)CC
-29.98    -29.99     -3.54      0.32      n1nc(C(Nc2c(C)cc(C)cc2C)=O)c(-c2csc(-c3ccccc3)n2)[nH]1
-22.52    -22.88     -1.28      0.26      CC(C)(C)OC(N1CCC(c2c(C(N3CCN(c4ccc(F)cc4)CC3)=O)cnn2-c2ccc(C)cc2C)CC1)=O
-36.50    -36.34    -17.38      0.23      C1C(c2ccc(C(=O)N=c3cccc(C)[nH]3)cc2)CCC(CO)(C)C1(C)C
-33.82    -34.19      2.93      0.45      c12c(cc(C)cc1)nc(SCC(=O)NNS(=O)(=O)c1ccccc1)n(-c1ccc(C)c(C)c1)c2=O
-31.62    -31.05     -3.90      0.33      FC(c1cc(CNC(Cn2cc(NC(c3c(-c4cc(C)ccc4)ocn3)=O)cn2)=O)ccc1Cl)(F)F
Human-Component   raw_Human-Component
0.7053763270378113   0.7053763270378113   
0.35053762793540955   0.35053762793540955   
0.551612913608551   0.551612913608551   
0.6419354677200317   0.6419354677200317   
0.5258064270019531   0.5258064270019531   
0.32258063554763794   0.32258063554763794   
0.2634408473968506   0.2634408473968506   
0.23118279874324799   0.23118279874324799   
0.45268815755844116   0.45268815755844116   
0.3311828076839447   0.3311828076839447   

15:13:05: local_reinforcement_logger.timestep_report +41: INFO     
 Step 32   Fraction valid SMILES: 100.0   Score: 0.4805   Time elapsed: 35   Time left: 19.1
  Agent     Prior     Target     Score     SMILES
-40.82    -41.04    -26.14      0.18      c1(F)cn(C23CCN(CCc4ccc(-c5ccccc5)nc4C)CC2COC3=O)nc1
-26.43    -26.97     19.67      0.57      C1N(C(CNC(C(N)C)=O)c2ccccc2)CCN(c2ccccc2)C1
-30.36    -30.93     26.11      0.70      c1cccc(CC23CN(C(=O)c4cccnc4)CCC2(O)CNCC3)c1
-26.35    -25.82     23.03      0.60      c1cc(-n2c(O)cc(Nc3ccc(OCC)cc3)c2O)c(OC)cc1Cl
-41.22    -41.37    -15.36      0.32      c1(CCCCOC)ccc2c(c1)n(CC(NCc1ccc(-c3cccs3)cc1)=O)c(CCc1cccc(F)c1F)n2
-28.32    -28.31    -28.31      0.00      c1(C)ccc(C(C)C(C)(C)C)cc1Cl
-31.94    -31.79     -0.93      0.38      c1cc(-c2n(C(=O)c3ccccc3)[nH]c(=NC(O)c3cc(=NCC)[nH]c(C)c3)c2)ccc1
-45.29    -44.54    -24.61      0.24      c1cccc(CC(C(CNC(C(NCC(CCC)O)=O)=O)O)NC(=O)c2cc(N(S(=O)(=O)C)c3ccncc3)cc(N(C)S(=O)(=O)C)c2)c1
-40.37    -40.33     -2.59      0.46      C1=CCN(C(=O)CN2CCCCC2)c2c1sc1c2ncn(-c2ccc(OC)cc2OC)c1=O
-34.32    -34.45     18.37      0.64      c1(=NC(c2cc(Cl)ccc2NC(=O)c2ccc(C(NCCN3CCCC3)=O)cc2)CCC)cc[nH]cc1
Human-Component   raw_Human-Component
0.18172043561935425   0.18172043561935425   
0.5688171982765198   0.5688171982765198   
0.6956989169120789   0.6956989169120789   
0.5956989526748657   0.5956989526748657   
0.3172042965888977   0.3172042965888977   
0.624731183052063   0.624731183052063   
0.37634408473968506   0.37634408473968506   
0.2430107593536377   0.2430107593536377   
0.4602150619029999   0.4602150619029999   
0.6440860033035278   0.6440860033035278   

15:13:07: local_reinforcement_logger.timestep_report +41: INFO     
 Step 33   Fraction valid SMILES: 100.0   Score: 0.4717   Time elapsed: 36   Time left: 18.0
  Agent     Prior     Target     Score     SMILES
-18.40    -18.84     28.06      0.57      c12ccccc1nc(C=NNC(N)=O)cc2
-25.54    -25.38     35.73      0.75      C(C1CCC1)(=O)NCCCN1CCc2c(cccc2)C1
-33.89    -34.43    -19.18      0.19      c1cc(CSc2n(C3C(C)C(C)CC3)c(=O)c3c(n2)cccc3)ccc1Br
-45.19    -44.72     15.51      0.73      c12nc3c(c(COC(C)=O)c1COC(C=Cc1cc(F)ccc1)C2C(=O)OCc1ccc(Cl)cc1)cccc3
-20.49    -20.75    -20.75      0.00      C(#N)c1ccccc1OS(=O)(=O)N
-33.98    -33.47     14.94      0.59      c1(C)[nH]cc(C(N(C2CC2)C(c2c(F)cccc2)C(NC(C)(C)C)=O)=O)c(=O)n1
-21.29    -21.56     27.99      0.60      c12cccc(S(Nc3cccc(C(=O)O)c3)(=O)=O)c1nccc2
-23.78    -23.48      0.59      0.29      C1N(CCNC(=O)c2cccc(-n3c4c(c(C(F)(F)F)n3)CCCC4)c2)CCOC1
-30.60    -30.84     14.39      0.55      [nH]1c(=Nc2ccc(C(=O)CCCCCC(=O)O)cc2)[nH]c(=N)[nH]1
-23.62    -23.65     22.38      0.56      c1(-c2sccc2C)ccco1
Human-Component   raw_Human-Component
0.5720430016517639   0.5720430016517639   
0.7451612949371338   0.7451612949371338   
0.18602150678634644   0.18602150678634644   
0.7344086170196533   0.7344086170196533   
0.48709678649902344   0.48709678649902344   
0.5903225541114807   0.5903225541114807   
0.6043010950088501   0.6043010950088501   
0.2935483753681183   0.2935483753681183   
0.551612913608551   0.551612913608551   
0.5612903237342834   0.5612903237342834   

15:13:08: local_reinforcement_logger.timestep_report +41: INFO     
 Step 34   Fraction valid SMILES: 100.0   Score: 0.5000   Time elapsed: 37   Time left: 16.9
  Agent     Prior     Target     Score     SMILES
-31.99    -31.34     19.19      0.62      CC(=CC=C(c1cc(O)c2c(O)ccc(O)c2c1O)O)CCCC(C)=CCCC(=CCCC=C(C)CCC=C(C)C)C
-34.57    -35.09     13.05      0.59      n1(-c2cc(CN3C(C)C(=O)N(C)C(CC)C3)c(OC)cc2)cnc(C)n1
-21.16    -21.18    -14.74      0.08      S=C(N1CCOCC1)SCc1[nH]c2ccccc2c(=O)n1
-26.58    -26.88     20.91      0.58      c1ccc2nc(SCC(NC(Cc3ccccc3)C(OC)=O)=O)n(-c3ccccc3)c2c1
-26.41    -26.96      6.46      0.41      O=C(Cc1cn(Cc2ccccc2)c2ccccc21)Nc1ccccc1C(OC)=O
-25.71    -26.54     21.52      0.59      C1C(C)N(C(=NO)c2ccc(C)nc2Oc2cc(C(C)C)ccc2)CCN1C(=N)C
-24.22    -24.23     -2.10      0.27      C1(=Nc2ccc(OC)cc2)NCCc2c3c(cccc3)[nH]c21
-49.90    -50.84    -10.28      0.49      c1(C(CNCc2ccc(C)cc2)N(C)C(=O)C(NS(=O)(=O)N(CC)CC)COCc2ccccc2)ccc(Cl)cc1
-22.96    -22.91     18.00      0.50      c1c(N)ccc(S(=O)(c2ccc(NC(CCC=C)=O)cc2)=O)c1
-27.60    -27.86     -1.85      0.32      c12c(cccc1)[nH]c(=NS(=O)(c1ccccc1)=O)c(=Nc1ccc(-c3nn[nH]n3)cc1)[nH]2
Human-Component   raw_Human-Component
0.6161290407180786   0.6161290407180786   
0.5870967507362366   0.5870967507362366   
0.07849462330341339   0.07849462330341339   
0.5827956795692444   0.5827956795692444   
0.4075268805027008   0.4075268805027008   
0.5860214829444885   0.5860214829444885   
0.26989248394966125   0.26989248394966125   
0.49462366104125977   0.49462366104125977   
0.49892473220825195   0.49892473220825195   
0.3172042965888977   0.3172042965888977   

15:13:09: local_reinforcement_logger.timestep_report +41: INFO     
 Step 35   Fraction valid SMILES: 100.0   Score: 0.5000   Time elapsed: 39   Time left: 16.2
  Agent     Prior     Target     Score     SMILES
-34.55    -34.31    -34.31      0.00      c1nc2c(cc1)C(O)CN(C(CCC)=O)C2CC1CCCCC1
-23.55    -24.08    -21.43      0.03      c1ccc2[nH]c3c(c2c1OCC(O)=O)CCCC3
-26.32    -26.12     29.25      0.68      c12c(nc(SCC(c3ccc(C#N)cc3)=O)[nH]c1=NCc1ccccc1)cccc2
-33.14    -33.86     22.93      0.69      CCCC(c1ccc(C(C)(C)C)cc1)OCC1(c2ccccc2)CC(=O)C(Sc2cc(C)c(C)cc2)C(=O)O1
-29.09    -29.29     22.73      0.63      O1CCN(c2cc(-c3nccs3)nc3n2ncc3-c2ccc(C(F)(F)F)cc2)CC1
-26.11    -26.24      6.39      0.40      C1(N2CCN(c3cccc(Cl)c3)CC2)CCCN(C(Nc2ccccc2F)=O)C1
-18.34    -18.36      3.86      0.27      O=S(=O)(C)Nc1ccc(N=c2c3c([nH]c4ccccc24)cccc3)c(OC)c1
-28.21    -28.50     11.53      0.49      O=S(=O)(N1CCN(Cc2c3c(ccc2)cccc3)CC1)N(Cc1ccccc1)C
-34.14    -34.85     23.43      0.71      C1(CO)C(O)C(O)C(O)C(CNC(=O)COc2cc3c(cc2OC)oc(-c2ccc(OCC=C)cc2)cc3=O)O1
-34.91    -36.19      8.08      0.54      O=C(NC(Cc1ccc(OC(C)(C)C)cc1)C(O)=O)c1nc(C(CCc2ccccc2)NC(=O)c2[nH]c3ccccc3c2)sc1
Human-Component   raw_Human-Component
0.0   0.0   
0.032258063554763794   0.032258063554763794   
0.675268828868866   0.675268828868866   
0.6924731135368347   0.6924731135368347   
0.6344085931777954   0.6344085931777954   
0.3978494703769684   0.3978494703769684   
0.2709677517414093   0.2709677517414093   
0.4881720542907715   0.4881720542907715   
0.7107526659965515   0.7107526659965515   
0.5397849678993225   0.5397849678993225   

15:13:11: local_reinforcement_logger.timestep_report +41: INFO     
 Step 36   Fraction valid SMILES: 100.0   Score: 0.4835   Time elapsed: 40   Time left: 15.1
  Agent     Prior     Target     Score     SMILES
-37.86    -38.57    -14.06      0.30      c1ccc2sc(=O)c(C3=NN(C(CN4CCC(n5c6c(cccc6)nn5)CC4)=O)CC3c3ccccc3)cc2c1
-43.02    -43.21     16.49      0.73      C(=O)(O)c1cc(C(CCC)OCC)ccc1N1C(=O)C2N(CCC2)CC1
-54.51    -55.46     -9.61      0.56      N(Cc1ccc(-c2nccs2)cc1)(Cc1ccc(Cl)cc1OCCC(=O)O)CCCCN(Cc1ccc2c(cccc2)c1)C(=O)NC(C)C
-31.70    -31.82     16.49      0.59      N(C(OC(C)(C)C)=O)C(Cc1ccccc1)C(=O)NC(Cc1ccc(O)cc1)C(NC(CC1CCCCC1)C(O)CSc1nnc(C)s1)=O
-23.59    -23.78      4.70      0.35      CC1(C)CCC2(C(O)=O)CCC3(C)C(C2C1)CCC1C2(C)CCC(O)C(C)(C)C2CCC13C
-33.28    -33.75    -12.77      0.26      CC(C)Cc1c(-c2cc3c(cc2)oc(-c2ccc(F)cc2)c3C(=O)NC)cc(C(=O)NC2CC2)cc1
-31.63    -32.10    -18.26      0.17      C(NNC(C(c1ccccc1)=Cc1ccc(OC)cc1)=O)(Cc1[nH]c(=N)sc1)=O
-34.98    -34.99     20.64      0.68      CC12CCC(=O)C(C)C1CCC(C(=O)OC)(C)C2(C=Cc1ccc(O)cc1)C
-33.59    -33.53     19.46      0.65      c1(N(S(=O)(=O)c2ccccc2)C(c2ccnc3ccccc23)CC)cccc(O)c1
-29.44    -29.51     26.48      0.68      c1c(C(=O)NC(C)CCn2ccc3c2cccc3)cccn1
Human-Component   raw_Human-Component
0.2989247441291809   0.2989247441291809   
0.727957010269165   0.727957010269165   
0.5591397881507874   0.5591397881507874   
0.5892472863197327   0.5892472863197327   
0.3473118245601654   0.3473118245601654   
0.25591397285461426   0.25591397285461426   
0.1688172072172165   0.1688172072172165   
0.6784946322441101   0.6784946322441101   
0.6462365388870239   0.6462365388870239   
0.6827957034111023   0.6827957034111023   

15:13:13: local_reinforcement_logger.timestep_report +41: INFO     
 Step 37   Fraction valid SMILES: 100.0   Score: 0.5000   Time elapsed: 42   Time left: 14.4
  Agent     Prior     Target     Score     SMILES
-21.88    -21.71     40.37      0.76      O(c1cc(CCc2c(O)cc(O)cc2)ccc1)C
-24.59    -24.50     33.07      0.70      C(=O)(N(C(C)C)C(C)C)CSc1[nH]c2c(cc(OC)cc2)n1
-33.26    -33.13     22.42      0.68      c1c(-c2[nH]c3ccc(F)cc3n2)ccc(C(=O)N(C)CCNC2CCCCC2)c1
-44.44    -44.20    -28.15      0.20      c12ccccc1c(CNN=Cc1ccc(C=NNC(=O)c3cc(C4CCCCC4)n(-c4c5ccccc5ccc4)c3C)c(O)c1)ccc2
-45.43    -45.35    -20.31      0.31      c1c2c(cc(NC(=N)N3CCCCCC3)c1)ccn2C(OCCCCN)=O
-18.69    -18.94     35.28      0.66      c1cc(C=C2C(=O)NC(=S)NC2=O)ccc1C(C)C
-24.98    -25.05     27.59      0.64      c1ccc(CCN2CCCCC2)cc1N1C(=O)OC(CNC(=O)C)C1
-43.97    -43.63      0.54      0.54      c1c(-c2ccc3c(-c4[nH]c5c(ccc(C6CCN(C(C)C)CC6)c5)c4)[nH]nc3c2)c2c(cc1)cc(OCC)cc2
-37.21    -36.86      4.67      0.51      c1(OCc2ccccc2)nc(=N)[nH]c2n(CC)c(OC(C)(C)C)nc12
-25.46    -25.58     19.47      0.55      O(C(=O)C(CC(=O)c1c(=O)oc2c(cccc2)c1O)c1ccccc1)C(C)C
Human-Component   raw_Human-Component
0.7569892406463623   0.7569892406463623   
0.7021505236625671   0.7021505236625671   
0.6774193644523621   0.6774193644523621   
0.19569893181324005   0.19569893181324005   
0.3053763508796692   0.3053763508796692   
0.6612903475761414   0.6612903475761414   
0.6419354677200317   0.6419354677200317   
0.5387097001075745   0.5387097001075745   
0.5064516067504883   0.5064516067504883   
0.5494623780250549   0.5494623780250549   

15:13:15: local_reinforcement_logger.timestep_report +41: INFO     
 Step 38   Fraction valid SMILES: 100.0   Score: 0.4712   Time elapsed: 44   Time left: 13.5
  Agent     Prior     Target     Score     SMILES
-35.90    -36.36     12.49      0.60      CC(C(C)C1CCNCC1)=NCc1ccccc1SC
-19.52    -19.57      4.68      0.30      C1N(c2ccccc2)CCN(c2cc3n(C4CC4)cc(C(O)=O)c(=O)c3cc2F)C1
-36.92    -37.32      1.92      0.48      c1ccc2c(c1O)C(=O)C1(C(CCC(C)(C)C)(C)COc3ccc(C)cc31)O2
-32.44    -32.78     13.95      0.57      c1(C(N(Cc2cccc(C(=O)O)c2)Cc2ccccc2OC)=O)ccc(C)cc1C
-35.06    -34.96     -3.75      0.38      c12ncc(Cl)c(C3CCCN3C(CN)=O)c1NCCC2
-21.98    -22.52     18.13      0.50      c1([N+]([O-])=O)cc(C(F)(F)F)ccc1Sc1ccccc1[N+]([O-])=O
-25.73    -25.57      7.14      0.40      c1ccccc1N(CC(NC1CC(C)(C)NC(C)(C)C1)=O)S(=O)(=O)c1ccc(OC)cc1
-24.42    -24.11     -2.33      0.27      C(c1cccc(O)c1)=C(c1ccsc1)C#N
-31.18    -31.54     -4.91      0.32      C1SC(C2C(=O)CCCC2=O)=C(C(C)=C)S1
-33.92    -34.24     15.66      0.61      c1cc(Cl)ccc1C[S+]([O-])CCCC(N(C(Cc1ccccc1)CN1CCCC1)c1ccc(-c2ccccc2)cc1)=O
Human-Component   raw_Human-Component
0.5956989526748657   0.5956989526748657   
0.2956989109516144   0.2956989109516144   
0.4784946143627167   0.4784946143627167   
0.5698924660682678   0.5698924660682678   
0.38064515590667725   0.38064515590667725   
0.4956989288330078   0.4956989288330078   
0.39892473816871643   0.39892473816871643   
0.2655913829803467   0.2655913829803467   
0.32473117113113403   0.32473117113113403   
0.6086021661758423   0.6086021661758423   

15:13:16: local_reinforcement_logger.timestep_report +41: INFO     
 Step 39   Fraction valid SMILES: 96.9   Score: 0.4487   Time elapsed: 46   Time left: 12.7
  Agent     Prior     Target     Score     SMILES
-22.28    -22.20     10.04      0.39      N(CCc1ccc(S(N)(=O)=O)cc1)C(=S)NCc1ccco1
-25.46    -25.72     32.05      0.70      c1cc(-c2noc(C)c2C(NN=C(C)c2c([N+]([O-])=O)cccc2)=O)ccc1
-42.18    -41.93      9.72      0.63      C1(C)=C2C(O)(C)C(C(=O)C)(O)CC2C(=C)C(OC(c2cccnc2)=O)C1OC(=O)C
-28.36    -29.02     -7.43      0.26      N1(C)CCN(C2CN(Cc3sc4cccc(F)c4n3)CCC2)CC1
-30.47    -30.46     25.91      0.69      C1(C(N2c3ccccc3C=Cc3ccccc32)=O)CCCN(C(=O)Cc2ccc(O)cc2)C1
-24.33    -25.08     27.32      0.64      c1cc(-c2ccc(C(CNCc3cccnc3)N3CCCCC3)cc2)ccc1
-19.39    -19.41    -19.41      0.00      O=S(=O)(c1ccc(N=NN(C)C)cc1)NC(C)=O
-47.63    -46.83    -46.83      0.00      c1[nH]c(N=NC(=S)N=c2cc[nH]cc2)[n+](-c2ccc(Cl)cc2)n1CC=C
-29.54    -29.68    -29.68      0.00      O(c1c(OC)ccc(C=CC(=O)CC(OC(C)=O)C(=O)O)c1)C
-29.15    -28.66      8.95      0.46      C1CCCC1Oc1cc(Cl)ccc1OCCCONC1=NCCN1
Human-Component   raw_Human-Component
0.3931034505367279   0.3931034505367279   
0.7045977115631104   0.7045977115631104   
0.6298850774765015   0.6298850774765015   
0.26321840286254883   0.26321840286254883   
0.6873562932014465   0.6873562932014465   
0.6390804648399353   0.6390804648399353   
0.565517246723175   0.565517246723175   
0.0   0.0   
0.5747126340866089   0.5747126340866089   
0.45862069725990295   0.45862069725990295   

15:13:18: local_reinforcement_logger.timestep_report +41: INFO     
 Step 40   Fraction valid SMILES: 93.8   Score: 0.4688   Time elapsed: 48   Time left: 11.7
  Agent     Prior     Target     Score     SMILES
-33.92    -33.10    -24.52      0.10      c1c(Cl)c(C(=O)N(c2ccc(C(=O)c3ccccc3C(O)=O)cc2)OCc2ccccc2)c(Cl)cc1
-43.41    -42.72     12.41      0.67      c1c2[nH]c(=O)[nH]c2c(CC(NCc2ccn(-c3c(C)cc(F)cc3)n2)C)cc1
-24.93    -25.19     13.79      0.48      C(=O)c1c(C=O)c2c(cccc2)o1
-26.99    -26.99     24.51      0.63      c1c(C)[nH]c(=NC(CSc2sc3c(ccc(NC(c4ccc(OCC)cc4)=O)c3)n2)=O)cc1
-30.11    -30.81    -17.48      0.16      c1cc(COC(C(NC(=O)C(Cc2c3ccccc3[nH]c2)NC(C)C(=O)O)CC(C)C)=O)ccc1
-23.66    -23.70     -0.37      0.28      C1C(c2ccc(N3C(=O)OC(CNC(NC)=S)C3)cc2)C1
-20.36    -21.03     38.76      0.73      Cc1ccc(CNC(=O)Cc2ccc([N+]([O-])=O)cc2)cc1
-30.33    -30.64     -3.08      0.34      c1c(CCCCNC(=O)c2cccc3c2[n+]([O-])on3)ccc(OC)c1
-22.03    -22.46     24.60      0.57      Clc1ccc2nc(N=c3nc(C)c4cc(OC)ccc4[nH]3)sc2c1
-26.00    -27.26     26.26      0.65      C1N(C(C2CCN(C(=O)C)CC2)=O)CCC(CNCc2cccc(-n3nccc3)c2)C1
Human-Component   raw_Human-Component
0.10467980057001114   0.10467980057001114   
0.6724137663841248   0.6724137663841248   
0.4753694534301758   0.4753694534301758   
0.628078818321228   0.628078818321228   
0.1625615805387497   0.1625615805387497   
0.2844827473163605   0.2844827473163605   
0.7290640473365784   0.7290640473365784   
0.3362068831920624   0.3362068831920624   
0.5738916397094727   0.5738916397094727   
0.6527093648910522   0.6527093648910522   

15:13:21: local_reinforcement_logger.timestep_report +41: INFO     
 Step 41   Fraction valid SMILES: 100.0   Score: 0.5000   Time elapsed: 51   Time left: 10.9
  Agent     Prior     Target     Score     SMILES
-35.70    -35.97     -4.06      0.39      C(C(C(=O)O)CC(N(C)C(=O)C(N)Cc1ccc(OCc2ccccc2)cc1)C)C
-23.69    -24.45     17.87      0.52      c1ccccc1-n1c(SCC(Nc2ccc(-n3nnnc3)cc2)=O)nnc1C
-28.26    -28.43     17.86      0.56      C1(C(=O)N2C(c3ccccc3)c3cc(OC)c(OC)cc3CC2)CN(C(C)c2ccccc2)CCC1
-18.18    -17.94     -1.81      0.20      c1csc(C2(O)C=CC(=O)C=C2)c1
-23.76    -24.66     -0.85      0.29      c12ccccc1cccc2CN1C(=O)C(=Cc2ccc(CC)cc2)SC1=O
-21.84    -21.70     31.91      0.65      C1CCC2C3CCc4c(cc(O)c(O)c4)C3CCC2(C)C1O
-32.49    -32.77     16.08      0.60      c1c(CC(C(=O)NC(CC(C)C)C(NC(C(C(=O)NCc2ccccc2)=O)C(C)C)=O)N(C)C)cccc1
-40.62    -40.58    -17.48      0.28      N1C2CCC1C=C(CN(Cc1ccc(-c3cc(C(F)(F)F)ccc3)cc1)S(=O)(c1ccc(OC)cc1)=O)C2C
-18.22    -18.35     14.01      0.39      COc1ccc(C(N2CCN(Cc3ccccc3)CC2)=O)cc1
-29.19    -28.94     17.62      0.57      c1cc(S(=O)(=O)N)ccc1-n1c2ccccc2[nH]c2cc(=Nc3ccccc3)c(=Nc3ccccc3)cc2-1
Human-Component   raw_Human-Component
0.3892472982406616   0.3892472982406616   
0.5161290168762207   0.5161290168762207   
0.5645161271095276   0.5645161271095276   
0.1967741996049881   0.1967741996049881   
0.29032257199287415   0.29032257199287415   
0.6537634134292603   0.6537634134292603   
0.5956989526748657   0.5956989526748657   
0.28172042965888977   0.28172042965888977   
0.39462366700172424   0.39462366700172424   
0.5677419304847717   0.5677419304847717   

15:13:22: local_reinforcement_logger.timestep_report +41: INFO     
 Step 42   Fraction valid SMILES: 100.0   Score: 0.4438   Time elapsed: 52   Time left: 9.7
  Agent     Prior     Target     Score     SMILES
-22.32    -22.44     37.43      0.73      [nH]1c(=NC(CCCN2C(=O)c3ccccc3C2=O)=O)ccc([N+]([O-])=O)c1
-39.87    -40.44     19.78      0.73      C(NCCc1[nH]nc(C)n1)(=O)C(C)NC(=O)C1CCCN1C(=O)OCc1ccc(Br)cc1
-27.11    -28.07     28.01      0.68      c1c2c(ccc(=O)o2)c2c(c1)OC(C)(C)C(OC(=O)C)C2NC(=O)C
-36.74    -38.05     -5.52      0.40      C1CC(Oc2c3c(ccc2)oc2c(=NCc4ccc(C5CC5)cc4)nc[nH]c23)CCN1C
-24.12    -24.12     31.43      0.68      C1C(c2oc3c(c2)cccc3)(C(=S)NC)C1
-22.37    -22.71     29.58      0.64      c1c(C#N)ccc2c1CC(N(CC1CCN(C(=O)OC(C)C)CC1)S(=O)(=O)c1cn(C)cn1)CN2Cc1cncn1C
-31.33    -32.45     17.28      0.61      C1C2(N(Cc3ccc(C#N)cc3)CC1)CCN(C(CCC(OC)=O)=O)CC2
-28.09    -27.33     22.84      0.61      c1c(=O)oc2cc(OCC(OCC)=O)ccc2c1CN1CCN(C(c2ccccc2)c2ccccc2)CC1
-28.36    -27.98     18.75      0.57      c1(C)c(=NC2C(NC(=O)c3ccccc3-n3cccn3)C2)[nH]ccc1
-32.72    -32.65      0.24      0.40      O=C(Nc1c(Br)cc2c(=O)c(C(O)=O)cn(CCOC)c2c1)c1cccc(Cl)c1
Human-Component   raw_Human-Component
0.7301075458526611   0.7301075458526611   
0.7344086170196533   0.7344086170196533   
0.6838709712028503   0.6838709712028503   
0.39677420258522034   0.39677420258522034   
0.6774193644523621   0.6774193644523621   
0.6376343965530396   0.6376343965530396   
0.6064516305923462   0.6064516305923462   
0.6118279695510864   0.6118279695510864   
0.5698924660682678   0.5698924660682678   
0.4010752737522125   0.4010752737522125   

15:13:24: local_reinforcement_logger.timestep_report +41: INFO     
 Step 43   Fraction valid SMILES: 96.9   Score: 0.4844   Time elapsed: 54   Time left: 8.6
  Agent     Prior     Target     Score     SMILES
-30.99    -30.29      2.89      0.40      C(N)c1cnc(N2CCC(NC(c3ccc(Cl)c(Cl)c3)=O)CC2)nc1
-32.14    -32.32     12.36      0.54      O=C(CCCCCCCCCC)N1CCC(OC(=O)CC(C)C)CC1
-21.40    -20.89     27.74      0.59      s1c(=NC(N)=N)[nH]c(CO)c1
-22.01    -22.43     35.54      0.71      c1cc(Cl)cc(CNC(=O)Cc2ccccc2[N+](=O)[O-])c1
-28.04    -27.63     23.73      0.63      c1(F)ccc(OCC(=O)NCc2n(-c3ccc(C)c(C)c3)nnn2)c(Cl)c1
-23.05    -22.99     23.29      0.56      C1CC(C)CCC1C(NCCN=c1nccc[nH]1)=O
-22.43    -21.98     14.40      0.44      O=c1c(CNc2ccc(Cl)cc2)cc2c(cccc2)[nH]1
-37.01    -37.90     -2.46      0.43      c1ccc(CNC(=O)C(N=c2[nH]ccc(C)n2)CC2CCCCO2)cn1
-21.92    -22.12     -3.74      0.22      c1(COc2ccccc2-c2nc3ccccn3c2)ccccc1
-29.75    -30.02    -30.02      0.00      c1c(=NN=Cc2ccc(OC)cc2)[nH]c(-c2ccccc2)c(-c2nnn(Cc3ccccc3)n2)s1
Human-Component   raw_Human-Component
0.4045976996421814   0.4045976996421814   
0.5448275804519653   0.5448275804519653   
0.5931034684181213   0.5931034684181213   
0.7068965435028076   0.7068965435028076   
0.6264367699623108   0.6264367699623108   
0.5643678307533264   0.5643678307533264   
0.4436781704425812   0.4436781704425812   
0.4321839213371277   0.4321839213371277   
0.22413793206214905   0.22413793206214905   
0.0   0.0   

15:13:27: local_reinforcement_logger.timestep_report +41: INFO     
 Step 44   Fraction valid SMILES: 100.0   Score: 0.5000   Time elapsed: 56   Time left: 7.5
  Agent     Prior     Target     Score     SMILES
-22.61    -22.39     -1.84      0.25      c1cc(CN2CCC(C3CCN(c4ccc(F)cc4)CC3)CC2)ccc1
-31.58    -31.68     32.69      0.78      C(c1c(F)cccc1)(C(=O)NC1Cc2c(cccc2)CC1)CC(=NO)O
-27.50    -27.45     32.07      0.73      O(C(=O)C)c1ccc(NC(=S)Sc2[nH][nH]c(=N)n2)cc1
-29.91    -29.95     27.98      0.71      c1c(C2(c3ccccc3)C(=S)C(=O)C2=CN2CCCCC2)cccc1
-30.63    -29.83     19.81      0.61      c1c(NC(=O)C(=O)NC)cc(N)c2ncncc12
-21.67    -22.12     31.14      0.65      C1(C)=C(CC(=O)NCc2ccc(F)cc2)c2cc(F)ccc2C1=Cc1ccc([S+]([O-])C)cc1
-27.92    -27.66     15.63      0.53      C1COCCC1S(=O)(=O)N(C1Cc2c(ccc(C#N)c2)N(Cc2cncn2C)C1)CC1CCN(C(=O)OC)CC1
-32.78    -32.82    -10.51      0.27      C1C2CC(C(N3CCCCC3)=O)(Cc3c(OC)cccc32)C1
-17.45    -17.68     34.87      0.64      CN(C)c1ccc(-c2sc3c(cccc3)n2)cc1
-28.60    -28.18     19.52      0.58      Cc1c(O)oc(CCCCCCCCC=CCCCC#N)c1O
Human-Component   raw_Human-Component
0.250537633895874   0.250537633895874   
0.7849462628364563   0.7849462628364563   
0.725806474685669   0.725806474685669   
0.7064515948295593   0.7064515948295593   
0.6053763628005981   0.6053763628005981   
0.6494623422622681   0.6494623422622681   
0.5279569625854492   0.5279569625854492   
0.27204301953315735   0.27204301953315735   
0.6408601999282837   0.6408601999282837   
0.5817204117774963   0.5817204117774963   

15:13:30: local_reinforcement_logger.timestep_report +41: INFO     
 Step 45   Fraction valid SMILES: 100.0   Score: 0.4876   Time elapsed: 59   Time left: 6.4
  Agent     Prior     Target     Score     SMILES
-39.63    -39.67    -15.07      0.30      O1C(OC(C2OC(n3ccc(=O)[nH]c3=O)C(O)C2)CNC(c2ccc(OCC=C)cc2)=O)C(O)C(n2c(=O)[nH]c(=O)cc2)C1(O)C
-40.75    -41.58    -27.65      0.17      C(C)(=O)NN(C(C(=NNc1ccccc1O)C(=O)C)C)C(=O)OC
-20.99    -20.53     26.64      0.58      c1(CN2CCN(C(=O)c3ccc(O)cc3)CC2)ccccc1
-31.97    -32.03     19.38      0.63      c12cccc(CN3CCN(C4CC(c5ccc(F)cc5)c5c(cc(C)c(C)c5)C4O)CC3)c1cccc2
-18.76    -18.65     20.15      0.47      c1c(OC)cccc1NC(=S)NCCc1ccccc1
-29.64    -29.97     -7.75      0.27      C1CNCCN1c1nc2cc(OCCOC)c(OCCOC)cc2c(N2CCN(Cc3ccc4c(c3)OCO4)CC2)n1
-53.97    -54.46    -42.47      0.15      c12cc3c(cc1C(=O)C1CC4C(C(=O)NC(=O)N=CCC(=O)C)N(C)C4C1N2C)OCO3
-22.87    -22.99     35.38      0.71      c1c(C(=O)N=c2[nH]cnc(N(C)C)c2)ccc(C#N)c1
-25.29    -25.16     22.36      0.58      O=C(N1CC2(CCN(c3ncccn3)C2)C1)CNC(C)=O
-23.27    -23.48     30.66      0.66      c1c(C)cc(C)cc1NC(=S)Nc1ccccc1N1CCN(C)CC1
Human-Component   raw_Human-Component
0.30000001192092896   0.30000001192092896   
0.16989247500896454   0.16989247500896454   
0.5752688050270081   0.5752688050270081   
0.6268817186355591   0.6268817186355591   
0.47311827540397644   0.47311827540397644   
0.2709677517414093   0.2709677517414093   
0.14623655378818512   0.14623655378818512   
0.7118279337882996   0.7118279337882996   
0.5795698761940002   0.5795698761940002   
0.6602150797843933   0.6602150797843933   

15:13:32: local_reinforcement_logger.timestep_report +41: INFO     
 Step 46   Fraction valid SMILES: 100.0   Score: 0.5000   Time elapsed: 61   Time left: 5.2
  Agent     Prior     Target     Score     SMILES
-27.11    -27.37      5.87      0.41      O=C(c1cc2ccccc2nc1)N1C2CC(COc3ncc(F)cn3)C1CC2
-24.98    -26.01     38.54      0.79      c1(CN2C(c3ccc([N+]([O-])=O)cc3)C(C(OCC)=O)C(C)=NC2=S)cccnc1
-23.85    -24.08     36.23      0.74      CCC(c1n[nH]c(=NC(c2ccccc2F)=O)s1)C
-25.37    -25.22     34.38      0.73      c1c(Cl)cc(-c2nc(CN3CCOCC3)ccc2)cc1
-26.93    -27.79     27.59      0.68      C1CN(C(Cc2ccccn2)c2cccnc2)C(=O)C1
-22.45    -22.22      1.77      0.29      C(N=c1sc2cc(OC)ccc2[nH]1)(=O)c1ccc(-n2c(O)ccc2O)cc1
-20.86    -21.01     30.84      0.63      c1cc(C(=O)COc2c(C(=O)N)cccc2)ccc1
-28.52    -28.12     25.13      0.65      C(c1cc(C(OCN2C(=O)N(c3ccc(C#N)c(C(F)(F)F)c3)C(=O)C2(C)C)=O)ccc1)#N
-22.86    -22.88     17.85      0.50      c1cc(CN2CCNC(=O)C2CC(N(C)Cc2csc(C)n2)=O)sc1
-29.93    -29.47     13.29      0.52      C(c1ccc(NC(c2c(Cl)c(Cn3c(=N)[nH]cn3)c(F)cc2)=O)cc1)(F)(F)F
Human-Component   raw_Human-Component
0.4053763449192047   0.4053763449192047   
0.7870967984199524   0.7870967984199524   
0.7354838848114014   0.7354838848114014   
0.726881742477417   0.726881742477417   
0.675268828868866   0.675268828868866   
0.29247310757637024   0.29247310757637024   
0.6322580575942993   0.6322580575942993   
0.6494623422622681   0.6494623422622681   
0.49677419662475586   0.49677419662475586   
0.5215053558349609   0.5215053558349609   

15:13:33: local_reinforcement_logger.timestep_report +41: INFO     
 Step 47   Fraction valid SMILES: 100.0   Score: 0.5000   Time elapsed: 63   Time left: 3.9
  Agent     Prior     Target     Score     SMILES
-22.99    -23.01     37.13      0.73      c1cc2cc(-c3c(Cl)nc(C)[nH]3)ccc2[nH]1
-31.46    -31.94     15.32      0.58      c12cc(CN3CCN(C(=O)CNC(CC45CC6CC(C4)CC(C6)C5)=O)CC3)c(O)cc1oc(=O)cc2C
-35.20    -35.83    -18.11      0.22      c1ccccc1Cn1c(=O)n(C)c2nc(-c3ccc(COC(=O)NCc4ccccc4OC)cc3)[nH]c2c1=O
-35.38    -35.22    -13.35      0.27      C(N(C1CCCCC1)C(=O)c1ccc(S(=O)(N(Cc2ccccc2)C)=O)cc1)c1onc(CC)n1
-37.95    -38.09     14.28      0.64      Cc1cccc(OS(=O)(C2Oc3nc(SCCC)nc(-c4ccccc4)c3C2)=O)c1
-26.88    -27.63     13.19      0.50      c1ccc(CNC(=O)c2ccc(C(=O)NC(C(O)=O)C(C)C)cn2)cc1
-29.81    -29.75    -17.58      0.15      c1c(F)ccc(-n2c(=O)c3c(c4cc(OCC(C)C)ccc4n3C)nc2)c1
-30.96    -31.33     26.95      0.71      n1(C)nc(S(Cc2ccc(C)cc2N)(=O)=O)nc1
-26.39    -25.52     30.12      0.68      C1CN(CCC2c3c(cc(OC)c(OC)c3)CCO2)CCc2c1cc(OC)c(OC)c2
-29.18    -29.52     17.56      0.57      c1ccn(-c2ccccc2)c1C=c1sc(=C(C#N)C#N)n(C)c1=O
Human-Component   raw_Human-Component
0.7333333492279053   0.7333333492279053   
0.5763440728187561   0.5763440728187561   
0.21612903475761414   0.21612903475761414   
0.2666666805744171   0.2666666805744171   
0.6387096643447876   0.6387096643447876   
0.4978494644165039   0.4978494644165039   
0.1483870893716812   0.1483870893716812   
0.7107526659965515   0.7107526659965515   
0.6784946322441101   0.6784946322441101   
0.57419353723526   0.57419353723526   

15:13:35: local_reinforcement_logger.timestep_report +41: INFO     
 Step 48   Fraction valid SMILES: 100.0   Score: 0.4701   Time elapsed: 64   Time left: 2.6
  Agent     Prior     Target     Score     SMILES
-27.67    -27.72      1.46      0.36      Fc1cccc(F)c1S(=O)(=O)N1CCC(n2c3ccc(C(F)(F)F)cc3nc2C)CC1
-17.40    -18.53     44.69      0.77      c1cc(C#N)ccc1Cn1ccc2nc(-c3ccccc3)nc-2c1
-24.84    -25.56     34.22      0.73      Cc1n(C)nc(C)c1CN(Cc1onc(C)n1)CC
-40.62    -41.15     10.61      0.63      C1CCN(c2cc3c(cc2N(CC(F)(F)F)CC(F)F)n(CC)c(=O)cc3N2CCC(OC)C(C)C2)C1C
-24.65    -24.27     28.02      0.64      c1(-c2ccccc2)cn2c(-c3ccc(C(NC4CC4)=O)cc3)cnc2s1
-29.30    -28.92     22.31      0.62      C(NC1CCN(C(NC2CCN(C)CC2)=O)CC1)c1cc(C)c(C)cc1
-57.80    -57.84     -9.88      0.58      C1=c2c(=C(C#N)C#N)c(C)nc(=O)c(=CCC)n2C2(O)OC(C=C)CC=C2N1
-17.41    -18.36    -18.36      0.00      c1ccccc1CNC(=O)CC(C)C
-37.67    -36.47     -0.23      0.44      C(=O)(c1[nH]c2ccc(OC)cc2c1CCCCCSC(C)=O)c1ccc(OC)c(OC)c1
-24.66    -24.42     16.41      0.50      C(C)CCC(N)C(NC(C)C(OC)=O)=O
Human-Component   raw_Human-Component
0.3559139668941498   0.3559139668941498   
0.7709677219390869   0.7709677219390869   
0.7290322780609131   0.7290322780609131   
0.6311827898025513   0.6311827898025513   
0.6376343965530396   0.6376343965530396   
0.624731183052063   0.624731183052063   
0.5849462151527405   0.5849462151527405   
0.5688171982765198   0.5688171982765198   
0.4419354796409607   0.4419354796409607   
0.4978494644165039   0.4978494644165039   

15:13:37: local_reinforcement_logger.timestep_report +41: INFO     
 Step 49   Fraction valid SMILES: 96.9   Score: 0.4844   Time elapsed: 66   Time left: 1.3
  Agent     Prior     Target     Score     SMILES
-30.54    -29.84    -18.24      0.14      c1(OC(F)(F)F)ccc(-c2ccc3c(c2)C2(NC(=N)OC2)c2cc(C(=O)C)cnc2O3)cc1
-21.75    -21.77     36.11      0.71      C1N(CC(NCc2ccncc2)=O)CC(Cn2c(C)nc(C)n2)CC1
-29.54    -28.94     17.24      0.56      n1c(-c2ccccc2)ccc(N2CCC(Oc3ccc(OC)c(OC)c3)(C(=O)O)CC2)n1
-25.75    -26.51      3.37      0.36      CC(C)NC(=O)C(Cc1ccccc1)N=c1cc(C)[nH]c(=NCCc2ccccn2)[nH]1
-26.08    -26.93     25.28      0.64      CC(C)(C)c1ccc(-c2c(C(c3oc(C)cc3)=O)c(O)c(O)n2CCSC)cc1
-28.92    -29.01     13.12      0.51      c12c(n3cccc3c(-c3cccc(NC(=O)C)c3)n1)cc(C(=O)O)cc2
-41.66    -41.62     12.67      0.66      n1(CCCCCCCn2c3c(cccn3)c3c2C(=S)N(Cc2cc(Cl)c(Cl)cc2)CC3)c2c(cccc2)cc1
-37.67    -36.29    -14.42      0.27      c1c(F)cc(N=c2c3c([nH]c(SC)n2)CCN(c2c(C(F)(F)F)cccn2)CC3)cc1-n1c(=O)n(C)cc1
-42.86    -43.08      0.18      0.53      C12(C)CCC3C(C1CCC2OC1OCC(O)C(O)C1O)CCC1C2CCC4C(C)COC4(C(=O)C2)CCC31
-20.91    -20.62      6.43      0.33      c1(C=CC(=O)c2cccc(N=c3cc[nH]c4cc(Cl)ccc34)c2)ccc(Cl)cc1
Human-Component   raw_Human-Component
0.14137931168079376   0.14137931168079376   
0.705747127532959   0.705747127532959   
0.5632184147834778   0.5632184147834778   
0.364367812871933   0.364367812871933   
0.636781632900238   0.636781632900238   
0.5137931108474731   0.5137931108474731   
0.6620689630508423   0.6620689630508423   
0.2666666805744171   0.2666666805744171   
0.5275862216949463   0.5275862216949463   
0.3298850655555725   0.3298850655555725   

