14:45:32: local_reinforcement_logger.log_message +32: INFO     starting an RL run
14:45:33: local_reinforcement_logger.timestep_report +41: INFO     
 Step 0   Fraction valid SMILES: 100.0   Score: 0.5000   Time elapsed: 0   Time left: 0.0
  Agent     Prior     Target     Score     SMILES
-23.02    -23.02    -21.99      0.03      c1(NC(Nc2ccc(Oc3ccnc4c3cc(OC)c(OC)c4)cc2)=O)cc(CO)ccc1
-23.18    -23.18      0.56      0.74      OC(c1c(N)c2ccc(Cl)nc2s1)=O
-37.79    -37.79    -27.46      0.32      c1cc(N(c2ccc(F)cc2)CCN(Cc2ccccc2)Cc2ccccc2-c2cc(OC)ccc2)ccc1
-34.26    -34.26    -14.65      0.61      c1(=O)c(C(Nc2cccc(F)c2)=O)cc(CN2CCOCC2)c(O)c(Br)c1O
-35.66    -35.66    -23.27      0.39      C(C(NC(c1cc(NC(=O)C(Cl)C)ccc1)=O)C)Cc1cc(OC)c(OC)cc1
-26.14    -26.14    -20.98      0.16      CC(NC(=O)Nc1c(NC(=O)OCC)cccc1)(C)C
-22.19    -22.19      0.52      0.71      c1c(Cl)c(C(=O)Nc2cc(NC(c3cnccc3)=O)ccc2)ccc1
-25.98    -25.98     -7.40      0.58      c1(=Nc2cc3c(cc2)ncs3)[nH]ccc(=Nc2cccc(OC)c2)[nH]1
-28.42    -28.42    -25.32      0.10      c1nn(CC(Nc2ccc(C)cc2C)=O)c(=O)c2n(-c3ccc(OC)cc3)nc(C)c12
-31.58    -31.58     -0.62      0.97      O1CC2=Nc3c(cccc3)N(C(=O)CCCC(=O)N3CCCCC3)C2C1=Cc1ccccc1
Human-Component   raw_Human-Component
0.032258063554763794   0.032258063554763794   
0.7419354915618896   0.7419354915618896   
0.32258063554763794   0.32258063554763794   
0.6129032373428345   0.6129032373428345   
0.3870967626571655   0.3870967626571655   
0.16129031777381897   0.16129031777381897   
0.7096773982048035   0.7096773982048035   
0.5806451439857483   0.5806451439857483   
0.09677419066429138   0.09677419066429138   
0.9677419066429138   0.9677419066429138   

14:45:34: local_reinforcement_logger.timestep_report +41: INFO     
 Step 1   Fraction valid SMILES: 96.9   Score: 0.4844   Time elapsed: 1   Time left: 24.5
  Agent     Prior     Target     Score     SMILES
-30.37    -30.25    -20.65      0.30      c1(C(O)=O)cc(-c2cc(N=c3[nH]cccn3)cc(-c3ccc(C(C)(C)C)cc3)c2)sc1
-23.11    -23.04    -19.84      0.10      n1(CC(O)(C(C)NS(=O)(=O)c2ccc(C)cc2)c2ccc(F)cc2F)cncn1
-50.34    -50.27    -30.00      0.63      N1(c2cc3c(cc2F)c(=O)c(C(=O)O)cn3C=CF)CCN(C(CC2CCc3cc(-c4c(=N)[nH]cc(C(F)(F)F)c4)ccc32)=O)CC1
-29.51    -29.47    -14.54      0.47      c1c(C(NS(=O)(C(F)(F)F)=O)=O)ccc(S(c2c(OC)cccc2)(=O)=O)c1
-23.92    -23.96      8.04      1.00      c1c(O)c2c(=O)cc(-c3ccc(O)c(O)c3)oc2cc1OCCCCCCCCN1CCC(O)CC1
-25.66    -25.68     -0.08      0.80      C1CCC(n2ncc3c(=O)[nH]c(Cc4cc(Cl)c(F)cc4)nc23)C1
-25.36    -25.35     -4.01      0.67      c1(CCn2c(O)cc(NC(NC3CCCCC3)=O)c2O)ccccc1
-22.35    -22.31    -16.98      0.17      c1(S(=O)(=O)NC(C)(C)C)cc(Br)ccc1C
-24.10    -24.09    -10.22      0.43      c1cc(F)ccc1NC(c1cccc(S(N(c2ccccc2OC)C)(=O)=O)c1)=O
-23.99    -23.94    -15.41      0.27      c1(O)cc(C(=O)c2ccnc3cc(O)ccc32)ccc1
Human-Component   raw_Human-Component
0.30000001192092896   0.30000001192092896   
0.10000000149011612   0.10000000149011612   
0.6333333253860474   0.6333333253860474   
0.46666666865348816   0.46666666865348816   
1.0   1.0   
0.800000011920929   0.800000011920929   
0.6666666865348816   0.6666666865348816   
0.1666666716337204   0.1666666716337204   
0.4333333373069763   0.4333333373069763   
0.2666666805744171   0.2666666805744171   

14:45:34: local_reinforcement_logger.timestep_report +41: INFO     
 Step 2   Fraction valid SMILES: 100.0   Score: 0.5000   Time elapsed: 2   Time left: 32.0
  Agent     Prior     Target     Score     SMILES
-20.22    -20.14      0.50      0.65      c1cc(C)ccc1C1C(C(=O)OC)=C(C)N(CC)C(=O)N1
-29.15    -29.17     -6.46      0.71      c1cccc(CC(NC(=O)OC(C)(C)C)C(=O)NC(CO)c2ccc(F)cc2F)c1
-40.41    -40.30    -28.94      0.35      C(C(O)=O)(C=C(C(C)C)N(CC)C(CC)c1sc(C)c(CC)n1)=O
-17.88    -17.93      6.85      0.77      c1ccc(N=Nc2c(O)[nH]c3ccccc32)cc1
-26.50    -26.34    -13.96      0.39      c1c(C(C(NC)c2ccccc2)NC(=O)C(C)(C)C)cccc1
-33.06    -33.10    -32.07      0.03      N(Cc1ccc(OC)cc1)C(=O)c1c(-c2c(C#N)c(=N)[nH]c(-c3ccc(Cl)cc3)c2)c(C)nn1-c1ccccc1
-36.24    -36.09    -16.48      0.61      C1c2c(cc[nH]c2=NC(NC(c2n(C)ccn2)C)=O)CCC1
-30.71    -30.58    -28.51      0.06      C1CN(c2nc(-c3ccn(S(=O)(c4ccc(C)cc4)=O)c3)cc(-c3ccc(C)cc3)n2)CCO1
-39.25    -39.28    -25.86      0.42      c1(C(=O)O)c(Cl)cc(Cl)c(S(=O)(N(CC(Nc2cc(Cl)ccc2)=O)C2CCCC2)=O)c1
-31.47    -31.58     -2.68      0.90      O(CCOC)c1nccnc1C1=C(c2ccc(Cl)cc2Cl)C(=O)NC1=O
Human-Component   raw_Human-Component
0.6451612710952759   0.6451612710952759   
0.7096773982048035   0.7096773982048035   
0.35483869910240173   0.35483869910240173   
0.774193525314331   0.774193525314331   
0.3870967626571655   0.3870967626571655   
0.032258063554763794   0.032258063554763794   
0.6129032373428345   0.6129032373428345   
0.06451612710952759   0.06451612710952759   
0.4193548262119293   0.4193548262119293   
0.9032257795333862   0.9032257795333862   

14:45:35: local_reinforcement_logger.timestep_report +41: INFO     
 Step 3   Fraction valid SMILES: 100.0   Score: 0.5000   Time elapsed: 2   Time left: 23.5
  Agent     Prior     Target     Score     SMILES
-37.53    -37.43    -15.75      0.68      C(Cc1cc(OCCOc2ccc(-c3nc(C4CC4)[nH]n3)cc2)ccc1)(O)=O
-31.98    -31.93    -27.80      0.13      c1(=O)cc(CO)oc2c1[nH]c(=O)n(CC(OC)=O)c2=O
-21.08    -21.24      8.70      0.94      C1CC1N=c1nc[nH]c2ccc(-c3cc4c(cc3)OCO4)cc21
-29.34    -29.16     -8.51      0.65      C(C(C)C)C(C(=O)NC(CO)Cc1ccccc1)NC(=O)c1cccc2c1cccc2
-31.70    -31.73    -30.70      0.03      c1cc(OC)ccc1C=C(Cl)S(=O)(C(c1sc2ccccc2n1)C#N)=N
-23.71    -23.87      1.94      0.81      C1C2(Oc3ccccc31)CCN(C1(c3ccccc3)CCCCC1)CC2
-27.03    -26.95    -20.75      0.19      SCC(C)C(N1C(C(O)=O)CC2(SCCS2)C1)O
-33.42    -33.20    -10.49      0.71      c1(=O)c(=C(c2ccccc2)N(C)C)[nH]c(SC)nc1=CCCC
-20.08    -20.07      3.68      0.74      c12c(cccc1)c(O)c(C=c1c(=C)cc(C)[nH]1)[nH]2
-41.53    -41.50    -14.66      0.84      C(C)N(CCNC(c1c(Br)cccc1)=O)c1cccc(C(NCC(CO)O)=O)c1
Human-Component   raw_Human-Component
0.6774193644523621   0.6774193644523621   
0.12903225421905518   0.12903225421905518   
0.9354838728904724   0.9354838728904724   
0.6451612710952759   0.6451612710952759   
0.032258063554763794   0.032258063554763794   
0.8064516186714172   0.8064516186714172   
0.19354838132858276   0.19354838132858276   
0.7096773982048035   0.7096773982048035   
0.7419354915618896   0.7419354915618896   
0.8387096524238586   0.8387096524238586   

14:45:36: local_reinforcement_logger.timestep_report +41: INFO     
 Step 4   Fraction valid SMILES: 100.0   Score: 0.5000   Time elapsed: 3   Time left: 27.6
  Agent     Prior     Target     Score     SMILES
-20.35    -20.19     -7.81      0.39      COc1c(OC)cc(C=c2c(=C)[nH]n(-c3cc(C(=O)O)ccc3)c2=O)cc1
-80.39    -80.25    -78.18      0.06      OC1CC2C(C)(C3C(C45C6(C)C(C(=O)C(OC)(C(C)(C)C3(CC6)C(C)(C)NC(C)C1)C4=O)O5)C)O2
-38.04    -38.16    -30.93      0.23      c1(-c2c[nH]c(=NCC3C4CN(C(c5nnccc5)=O)CC43)[nH]2)ccccc1F
-41.46    -41.62    -32.33      0.29      C1C23C(C)(C4(C)CCC5C(C)(C=C(C=O)C(=O)C5(C)C)C4=CC2OC1)CCC3C(C)(CCC=C(C)C)O
-31.84    -31.58    -14.03      0.55      c1c(N2CCN(C(=O)CSC(c3ccccc3)C)CC2)c(F)cc2c(=O)c(C(O)=O)cn(C)c12
-27.34    -27.53     -3.79      0.74      c1(CCc2ccncc2)c(=O)nc(SCc2ccc(F)cc2)[nH]c1N
-27.49    -27.68    -17.35      0.32      n1c(OC2COCC2)cc(N2CCC(Oc3ccc(C(C)NC(=O)C=CC)cc3)C2)cc1
-31.43    -31.44     -8.74      0.71      c1c2c(ccn1)sc(C(C)C)c2C(N1CCN(c2ncccn2)CC1)=O
-27.28    -27.43      4.57      1.00      C(Oc1cc(-c2nnc(N3CCC(O)CC3)cc2)ccc1)c1ccc(Cl)cc1
-18.53    -18.49      8.35      0.84      CN(C)CCC12CC3CC(C1)CC(C2)C3
Human-Component   raw_Human-Component
0.3870967626571655   0.3870967626571655   
0.06451612710952759   0.06451612710952759   
0.22580644488334656   0.22580644488334656   
0.29032257199287415   0.29032257199287415   
0.5483871102333069   0.5483871102333069   
0.7419354915618896   0.7419354915618896   
0.32258063554763794   0.32258063554763794   
0.7096773982048035   0.7096773982048035   
1.0   1.0   
0.8387096524238586   0.8387096524238586   

14:45:36: local_reinforcement_logger.timestep_report +41: INFO     
 Step 5   Fraction valid SMILES: 96.9   Score: 0.4844   Time elapsed: 4   Time left: 30.0
  Agent     Prior     Target     Score     SMILES
-19.38    -19.19     -2.13      0.53      N1(S(=O)(c2ccc(N3C(=O)CCC3)cc2)=O)CCC(C)CC1
-24.29    -24.53    -24.53      0.00      c1[nH]c2c3c(c(O)cc2)cccc3c1=O
-25.26    -25.38    -15.78      0.30      Oc1cc(O)cc2cc(-c3ccc(OC)cc3OC)oc(=O)c12
-30.39    -30.35    -25.01      0.17      O(C(N1CCCCC1)=O)CCn1c(CC)nc2ccc([N+](=O)[O-])cc2c1=O
-23.06    -23.00    -12.33      0.33      N(C(CCc1ccc(O)c(O)c1)=O)c1cccc(C)c1
-26.35    -26.39      3.48      0.93      c12c(c(N3CCN(S(=O)(=O)C)CC3)nc(C3CC3)c1)cccc2
-30.07    -30.10     -9.83      0.63      N(CCNC(=O)c1ocnc1)=c1[nH]cnc2c1cc(OC)c(OC)c2
-27.40    -27.65     -0.99      0.83      [nH]1[nH]c(=O)c2c(cc(-n3ccc(OCc4ccccc4)cc3=O)c(F)c2)c1=O
-25.95    -26.01    -23.88      0.07      O=C(Nc1ccc(N2CCOCC2)cc1)CSc1nc2c(c(=O)n1C)[nH]c1ccccc21
-27.43    -27.50    -26.43      0.03      NS(c1cc(F)c(Oc2c(-c3ccccc3)nc(OC)cc2)cc1)(=O)=O
Human-Component   raw_Human-Component
0.5333333611488342   0.5333333611488342   
0.0   0.0   
0.30000001192092896   0.30000001192092896   
0.1666666716337204   0.1666666716337204   
0.3333333432674408   0.3333333432674408   
0.9333333373069763   0.9333333373069763   
0.6333333253860474   0.6333333253860474   
0.8333333134651184   0.8333333134651184   
0.06666667014360428   0.06666667014360428   
0.03333333507180214   0.03333333507180214   

14:45:37: local_reinforcement_logger.timestep_report +41: INFO     
 Step 6   Fraction valid SMILES: 100.0   Score: 0.5000   Time elapsed: 4   Time left: 25.1
  Agent     Prior     Target     Score     SMILES
-26.88    -27.15    -25.09      0.06      C1COc2c(ccc(C(=O)OCC(N(C)c3ccccc3)=O)c2OC)O1
-21.13    -21.16    -20.13      0.03      c1(NC(CC2=C(C)C(=Cc3ccc([S+](C)[O-])cc3)c3c2cc(F)cc3)=O)ccccc1
-30.06    -29.84    -24.68      0.16      c1(N(C)C(Nc2ccc(-c3cc[nH]c(=NC(C)=O)n3)cc2)=O)cccc(OC)c1
-33.68    -34.54     -5.64      0.90      c1(O)cccc(OCCC)c1-c1n(C)c(-c2ccccc2Cl)c(-c2ccc(O)cc2)c1
-31.76    -31.99    -19.60      0.39      N(C(=O)C(O)(CSCc1ccccc1)C)c1ccc(N2CCN(C)CC2)cc1
-24.60    -24.67      2.17      0.84      c1c(C=CC(C=Cc2ccc(Cl)cc2)=O)c2cc(Cl)ccc2[nH]1
-29.90    -29.88     -7.17      0.71      c1ccc(S(Nc2cc([N+](=O)[O-])c(NCCCC)cc2)(=O)=O)cc1Cl
-28.12    -28.26    -16.91      0.35      C1CC1COc1cc(F)c(C(=O)NS(=O)(N2CCOCC2)=O)cc1C(C)C
-23.67    -23.67    -19.54      0.13      N(N=C(c1cc2ccccc2o1)C)C(c1ccc([N+](=O)[O-])cc1)=O
-29.47    -29.76      0.17      0.94      c12c(cn[nH]1)c(N=c1nc[nH]c3ccc(OCCCCn4cncc4)cc13)ccc2
Human-Component   raw_Human-Component
0.06451612710952759   0.06451612710952759   
0.032258063554763794   0.032258063554763794   
0.16129031777381897   0.16129031777381897   
0.9032257795333862   0.9032257795333862   
0.3870967626571655   0.3870967626571655   
0.8387096524238586   0.8387096524238586   
0.7096773982048035   0.7096773982048035   
0.35483869910240173   0.35483869910240173   
0.12903225421905518   0.12903225421905518   
0.9354838728904724   0.9354838728904724   

14:45:37: local_reinforcement_logger.timestep_report +41: INFO     
 Step 7   Fraction valid SMILES: 100.0   Score: 0.5000   Time elapsed: 5   Time left: 26.9
  Agent     Prior     Target     Score     SMILES
-35.27    -35.43    -10.66      0.77      O=C(NCCc1c2c(ccc(F)c2)[nH]c1)NC(CCN1CC2CN(C(c3c(C)ncnc3C)=O)CC2C1)c1ccccc1
-26.92    -26.99     -3.24      0.74      S(=O)(c1c(Cl)cc(-c2ccccc2O)cc1)(Nc1c(C)n(C)nc1C)=O
-29.74    -29.62    -29.62      0.00      n12c(CC)nn(CC(=O)N3CCC(C(=O)OCC)CC3)c(=O)c1cc1c(c2=O)cccc1
-41.83    -42.08    -26.59      0.48      c12c(n(C3C(OC)CN(CC4COC4)CC3)cc1C(N)=O)c(-c1cn(C)cn1)ccn2
-25.45    -25.10    -22.00      0.10      C(C)(C)CC(C(=O)O)NS(=O)(=O)c1ccc(-c2ccc(OCc3ccc(C)cc3)cc2)cc1
-30.89    -31.36     -0.39      0.97      c1(O)c(O)c2c(cc1)CC1c3ccccc3-c2c1CCCc1ccccc1
-18.88    -18.76     -6.37      0.39      c1(C(n2nc(C)cc2C)=O)ccc(C)cc1
-21.47    -21.58      5.26      0.84      C1N(c2cc(=N)c3c(C)c(C)sc3[nH]2)CCN(C)C1
-32.80    -32.65    -21.30      0.35      n1[nH]c(N2CCC(CC(=O)NC3CS(=O)(=O)CC3)CC2)cc1C
-36.52    -36.34    -27.05      0.29      C1CC2C3C(C)(CCC2C2(C)CCC(C(=O)OC)C12)C(C(CCC(NC(CC(C)C)C(=O)OC)=O)C)CC3
Human-Component   raw_Human-Component
0.774193525314331   0.774193525314331   
0.7419354915618896   0.7419354915618896   
0.0   0.0   
0.4838709533214569   0.4838709533214569   
0.09677419066429138   0.09677419066429138   
0.9677419066429138   0.9677419066429138   
0.3870967626571655   0.3870967626571655   
0.8387096524238586   0.8387096524238586   
0.35483869910240173   0.35483869910240173   
0.29032257199287415   0.29032257199287415   

14:45:38: local_reinforcement_logger.timestep_report +41: INFO     
 Step 8   Fraction valid SMILES: 96.9   Score: 0.4844   Time elapsed: 6   Time left: 28.0
  Agent     Prior     Target     Score     SMILES
-26.72    -26.88      1.92      0.90      C1CN(c2ccc(N=c3[nH]c4c(c(=Nc5ccccc5S(C(C)C)(=O)=O)[nH]3)C(C)(C)CN4C3CCCC3)c(OC)c2)CCN1C
-27.91    -27.54    -26.47      0.03      O=S(n1c(C(=O)NNc2ccccc2)cc(C)n1)(c1ccc(C)cc1)=O
-42.43    -42.14    -42.14      0.00      c1(OCC(NC(C(C)C)c2occ(C(NC(C(O)CNC(C)(c3ccccc3)C(F)(F)F)Cc3ccccc3)=O)n2)=O)c(C)nccc1
-29.69    -29.70    -12.63      0.53      c1c[nH]c(=NCC2N(Cc3cccs3)CCC2)nc1C
-26.16    -26.08    -22.88      0.10      N(=c1sc(C)n[nH]1)C(c1cccc(NS(=O)(c2ccccc2)=O)c1)=O
-24.44    -24.37     -1.97      0.70      FC(F)(F)c1ccc(OC(c2ccccc2)CCNCCCCC)cc1
-19.62    -19.62      0.65      0.63      c1cccc(CC2C(=O)c3c(cccc3)CCC2)c1
-30.39    -30.80    -30.80      0.00      c1c(COCC2C3(OC)C4Oc5c(O)ccc6c5C46CCN(CC4CCC4)C3CC2(O)C5)cccc1
-37.17    -36.96     -6.03      0.97      N1c2c(C(F)(F)F)cccc2Cn2c(C(C)(C)C)nc(C(C)C)c21
-34.32    -34.49     -9.95      0.77      C(=O)(C(NC1C(=O)N(c2ccc(F)cc2)CCC1)=O)N1CCCCCC1
Human-Component   raw_Human-Component
0.8999999761581421   0.8999999761581421   
0.03333333507180214   0.03333333507180214   
0.0   0.0   
0.5333333611488342   0.5333333611488342   
0.10000000149011612   0.10000000149011612   
0.699999988079071   0.699999988079071   
0.6333333253860474   0.6333333253860474   
0.0   0.0   
0.9666666388511658   0.9666666388511658   
0.7666666507720947   0.7666666507720947   

14:45:39: local_reinforcement_logger.timestep_report +41: INFO     
 Step 9   Fraction valid SMILES: 100.0   Score: 0.5000   Time elapsed: 6   Time left: 24.6
  Agent     Prior     Target     Score     SMILES
-22.88    -23.06     -5.51      0.55      c1(=NC(c2nnsc2)=O)[nH]nc(C2CC2)s1
-24.49    -24.47    -18.27      0.19      N(CC1Oc2c(ccc(C=CC)c2)S(=O)(=O)N(C(C)CO)CC1C)(Cc1ccccc1)C
-22.76    -23.16      1.61      0.77      c1(-c2cc3c(nc2)N(C(N)=O)CCC3)cc(C)c(Cl)nc1
-19.78    -19.85     -9.52      0.32      c1c(NS(=O)(c2ccc3c(c2)OCCO3)=O)cccc1
-22.90    -23.05     -8.60      0.45      O(c1cc(N2CCOCC2)c(OC)cc1NC(c1cc(C)ccc1)=O)C
-22.05    -22.15      0.56      0.71      c1cc(C)cc2[nH]cc(CC(N)C(=O)O)c12
-38.18    -38.48    -31.25      0.23      c1(C)ccc(C(=O)CNC2Cn3ncnc3CC(OC)C2)s1
-26.36    -26.22     -9.70      0.52      N#CC(C(=O)NC1CCN(C(OC(C)(C)C)=O)CC1)=Cc1ccc(F)cc1
-19.94    -20.08      7.79      0.87      c1cc(F)ccc1N=Cc1c[nH]c2c1cccc2
-27.77    -27.82     -9.24      0.58      c1cc(C2=C(c3ccc(OC)cc3)CC3CCCN3C2=O)ccc1C=Cc1ncccc1
Human-Component   raw_Human-Component
0.5483871102333069   0.5483871102333069   
0.19354838132858276   0.19354838132858276   
0.774193525314331   0.774193525314331   
0.32258063554763794   0.32258063554763794   
0.4516128897666931   0.4516128897666931   
0.7096773982048035   0.7096773982048035   
0.22580644488334656   0.22580644488334656   
0.5161290168762207   0.5161290168762207   
0.8709677457809448   0.8709677457809448   
0.5806451439857483   0.5806451439857483   

14:45:40: local_reinforcement_logger.log_message +32: INFO     Resetting Agent
14:45:40: local_reinforcement_logger.log_message +32: INFO     Adjusting sigma to: 82
14:45:40: local_reinforcement_logger.timestep_report +41: INFO     
 Step 10   Fraction valid SMILES: 93.8   Score: 0.4688   Time elapsed: 7   Time left: 25.5
  Agent     Prior     Target     Score     SMILES
-27.96    -27.79     -1.31      0.83      c1(-c2cn3c(ncc3Br)cn2)cc(C)ccc1
-24.16    -24.50     -0.22      0.76      C12(C3=NCCN3C(=O)N1)CC2
-17.33    -17.27      1.48      0.59      n1(CC)c(=S)[nH]nc1Cc1ccccc1
-28.77    -29.07    -16.93      0.38      C12N(Cc3ccccc3)C1CN(C(=O)c1n(C)ncc1)C2
-38.74    -38.45    -13.07      0.79      C(=CCN1C(=O)NC2(c3cc(S(N)(=O)=O)ccc3CC2)C1=O)c1ccccc1
-32.39    -32.19    -23.36      0.28      c1(=O)[nH]n2c(n1)Nc1cc(OCc3ccccc3)c(C)cc1C2
-23.85    -23.86     -6.21      0.55      COc1ccc2c(c(C=NNC(N)=NCCCCCCC)c[nH]2)c1
-24.14    -24.01    -19.59      0.14      C1(=Cc2cc(Br)ccc2OCc2cccs2)C(=O)NC(=S)S1
-27.53    -27.30    -25.09      0.07      N(C(N=c1cc(C(C)(C)C)o[nH]1)=O)c1ccc(-c2ccc(C(=O)OC)cc2)cc1
-25.90    -26.81      4.09      0.97      C(c1ccc(Cl)cc1Cl)Oc1nc(-c2ccc(Cl)cc2Cl)c(-c2ccc(Cl)cc2)cc1C#N
Human-Component   raw_Human-Component
0.8275862336158752   0.8275862336158752   
0.7586206793785095   0.7586206793785095   
0.5862069129943848   0.5862069129943848   
0.37931033968925476   0.37931033968925476   
0.7931034564971924   0.7931034564971924   
0.27586206793785095   0.27586206793785095   
0.5517241358757019   0.5517241358757019   
0.13793103396892548   0.13793103396892548   
0.06896551698446274   0.06896551698446274   
0.9655172228813171   0.9655172228813171   

14:45:41: local_reinforcement_logger.timestep_report +41: INFO     
 Step 11   Fraction valid SMILES: 100.0   Score: 0.5000   Time elapsed: 8   Time left: 26.0
  Agent     Prior     Target     Score     SMILES
-29.01    -29.01      2.73      0.39      N1(C(=O)c2ccccc2-c2nc(-c3c(C)c(Cl)ccc3)on2)CCCC1
-30.79    -30.79     24.75      0.68      COc1ccccc1CN(C1CCCCC1)Cc1c(=O)c2ccc(C)cc2oc1
-25.74    -25.74     11.29      0.45      C(c1ccccc1)(NC(Nc1c(-c2ccccc2)noc1C)=O)=O
-21.78    -21.78    -13.85      0.10      c1c(S(N(C2CCCCC2)CC(NCc2ccncc2)=O)(=O)=O)cccc1
-25.30    -25.30     22.31      0.58      c1(C)scc(C2N(Cc3ncc[nH]3)CCOC2)n1
-23.20    -23.20     58.80      1.00      c1cc2c(c3c1CCCC3)CCN(CCCSc1n(C)c(-c3c4ccc(C)nc4ccc3)nn1)CC2
-26.56    -26.56    -10.69      0.19      c1c(C=C2SC(=S)N(C(C)C(N)=O)C2=O)cncc1
-33.98    -33.98     -4.88      0.35      c1c(NC(=O)NC2CC(C(O)=O)N(C3CCCCC3)CC2)cc(C)cc1
-24.93    -24.93     46.49      0.87      C(CNC(=O)c1ccc2c(c1)OCCO2)CNC(c1c(OC)cccc1)=O
-27.66    -27.66     49.05      0.94      OCc1c(O)c(C)c(N2CC2)c2c(O)c(C)c(C)c(O)c12
Human-Component   raw_Human-Component
0.3870967626571655   0.3870967626571655   
0.6774193644523621   0.6774193644523621   
0.4516128897666931   0.4516128897666931   
0.09677419066429138   0.09677419066429138   
0.5806451439857483   0.5806451439857483   
1.0   1.0   
0.19354838132858276   0.19354838132858276   
0.35483869910240173   0.35483869910240173   
0.8709677457809448   0.8709677457809448   
0.9354838728904724   0.9354838728904724   

14:45:41: local_reinforcement_logger.timestep_report +41: INFO     
 Step 12   Fraction valid SMILES: 100.0   Score: 0.5000   Time elapsed: 9   Time left: 26.3
  Agent     Prior     Target     Score     SMILES
-29.25    -29.30    -16.07      0.16      c1(C)cc(C)cc(C(N=c2[nH]c(-c3cc(-c4cn(C)nc4)ccc3)cs2)=O)c1
-27.68    -27.62      4.12      0.39      C1(=O)CCCC1=NC(=O)OCC(C)C
-24.97    -24.95     35.88      0.74      CC(c1c(O)c(C(C)(C)C)cc(C=C2c3c(Cl)cccc3C(=O)c3c2cccc3)c1)(C)C
-24.46    -24.53     52.18      0.94      c1c(C(NN=CC2=CCCN(C)C2)=O)ccc(Cl)c1
-27.42    -27.36     17.61      0.55      c1(-c2c3c(n(Cc4ccnc(C)c4)n2)CCN(C(=O)C)C3)c[nH]c(=N)nc1
-27.51    -27.50     22.76      0.61      c1(N2C(=O)NCC2)cc(Sc2nncn2C)c([N+]([O-])=O)cc1
-27.75    -27.80     54.20      1.00      c1(N=NC(CCCCCNC(c2ccccc2O)=O)=O)c2c(n(C)c1O)cccc2
-23.37    -23.36     42.77      0.81      o1nc(C)c(C(=O)N2CC(c3ccccc3)CC2)c1C
-22.75    -22.77     -1.61      0.26      c1[nH]c2oc(C)c(C(=O)OCC)c2c(=Nc2ccc(C)cc2)n1
-20.97    -20.99      2.81      0.29      c1(-c2c3c4c(ccc3cc(CO)c2)OCO4)ccc(OC)cc1
Human-Component   raw_Human-Component
0.16129031777381897   0.16129031777381897   
0.3870967626571655   0.3870967626571655   
0.7419354915618896   0.7419354915618896   
0.9354838728904724   0.9354838728904724   
0.5483871102333069   0.5483871102333069   
0.6129032373428345   0.6129032373428345   
1.0   1.0   
0.8064516186714172   0.8064516186714172   
0.25806450843811035   0.25806450843811035   
0.29032257199287415   0.29032257199287415   

14:45:42: local_reinforcement_logger.timestep_report +41: INFO     
 Step 13   Fraction valid SMILES: 100.0   Score: 0.5000   Time elapsed: 9   Time left: 23.8
  Agent     Prior     Target     Score     SMILES
-25.75    -25.74     11.29      0.45      c1ccc(-c2nnc(CSc3sc(=Nc4cc(C)ccc4)[nH]n3)o2)c(OC)c1
-28.58    -28.43     53.57      1.00      c12c(C(O)CNCCSCCCNCCc3ccc(Cl)c(Cl)c3)c[nH]c1ccc(O)c2
-44.29    -44.32     29.74      0.90      C(C=CCCCCCCCCCCC=CC#CC(C(C)(C)O)O)CCCNC(O)=NO
-18.77    -18.75     57.96      0.94      c1cc(F)ccc1N=c1[nH]c(=NC)c(C(F)(F)F)c[nH]1
-26.38    -26.37     42.40      0.84      c1nc(N2CCN(CC)CC2)nc2c1c(=O)c(C(=O)OCC)c[nH]2
-27.01    -27.02     25.88      0.65      C(C1CCCn2c1nc(CN1CCN(S(C)(=O)=O)CC1)c2)c1ccccc1
-37.22    -37.21    -26.63      0.13      c1(-c2cccc(C(=O)O)c2)ccc(-n2c(C)cc3c(ccc(OC)c3)c2=O)c(N)c1
-34.40    -34.27    -13.10      0.26      C1CN(C(Nc2ccc3ncsc3c2)=O)CCC12CC(c1oc3c(c1)cccc3)=NO2
-31.29    -31.47    -15.60      0.19      c1(N2CC(O)C(N)CC2)nc(-c2c3c(ccc2OC)nccc3)nc(N2CCOCC2)n1
-33.75    -33.66     32.47      0.81      n1c(-c2c(Cl)cccc2)sc2n1c(C(F)(F)F)c(-c1ccc(OC)c(OC)c1)n2
Human-Component   raw_Human-Component
0.4516128897666931   0.4516128897666931   
1.0   1.0   
0.9032257795333862   0.9032257795333862   
0.9354838728904724   0.9354838728904724   
0.8387096524238586   0.8387096524238586   
0.6451612710952759   0.6451612710952759   
0.12903225421905518   0.12903225421905518   
0.25806450843811035   0.25806450843811035   
0.19354838132858276   0.19354838132858276   
0.8064516186714172   0.8064516186714172   

14:45:43: local_reinforcement_logger.timestep_report +41: INFO     
 Step 14   Fraction valid SMILES: 96.9   Score: 0.4844   Time elapsed: 10   Time left: 24.0
  Agent     Prior     Target     Score     SMILES
-30.23    -30.32     24.35      0.67      n1c2c(ccc(-c3nnc(C4(c5ccccc5)CC4)s3)c2)[nH]c1-c1ccccc1
-26.11    -26.07     36.80      0.77      C(N(C)C)CCC(c1cccc2c1S(=O)(=O)c1c(cccc1)O2)=O
-31.80    -31.90     14.57      0.57      c1cc(CN2CCN(CCCSc3n(N)c(=O)c4c(-c5cc([N+](=O)[O-])ccc5)csc4n3)CC2)ccc1
-36.33    -36.33     29.27      0.80      N(C1C(=O)N(Cc2cc(Cl)ccc2)c2c(cccc2)CC1)n1c(=O)c2cc(Cl)ccc2nc1C
-33.94    -33.87     -3.80      0.37      S1c2[n+]([O-])nn(-c3ccc([N+]([O-])=O)cc3)c2-c2ccccc21
-21.33    -21.34      0.53      0.27      N1=C(Nc2ccccc2)OC(C)=N1
-34.61    -34.46     47.54      1.00      C(NC(c1nn(C)c(-c2cc3c(cc2)-c2c(c4c(cccc4)[nH]2)C3)c1)=O)CCCCC(O)=O
-29.35    -29.40     49.87      0.97      Oc1n(CCCCNC2=NC(c3ccccc3)CC(C)=N2)c(=O)ccc1-c1ccccc1
-19.85    -20.03     53.77      0.90      COc1ccc(C2CCN(CCc3ccccc3)CC2)cc1
-21.22    -21.14     -2.01      0.23      c1cc2c(cc1NC(=O)C)C(=O)c1c(ccc(N)c1)C2=O
Human-Component   raw_Human-Component
0.6666666865348816   0.6666666865348816   
0.7666666507720947   0.7666666507720947   
0.5666666626930237   0.5666666626930237   
0.800000011920929   0.800000011920929   
0.36666667461395264   0.36666667461395264   
0.2666666805744171   0.2666666805744171   
1.0   1.0   
0.9666666388511658   0.9666666388511658   
0.8999999761581421   0.8999999761581421   
0.23333333432674408   0.23333333432674408   

14:45:43: local_reinforcement_logger.timestep_report +41: INFO     
 Step 15   Fraction valid SMILES: 100.0   Score: 0.5000   Time elapsed: 11   Time left: 24.1
  Agent     Prior     Target     Score     SMILES
-31.30    -31.34     -2.24      0.35      O=C(c1c(C)cc(C)c(C)c1)Nc1ccc(Cl)cc1C(N=c1scc[nH]1)=O
-34.49    -34.57    -16.05      0.23      c1(OC)ccc2[nH]c(C(=O)NNNC(=S)NC)c(C)c2c1
-24.72    -24.68     30.87      0.68      Oc1c(Cc2ccc(OC)cc2)oc(O)c1C=CC(C)C
-27.57    -27.82     51.53      0.97      c1c(OC)c(F)cc(CN2CC(Nc3ccc4c(c3)nc[nH]4)CC2)c1
-51.91    -51.81    -17.42      0.42      C(=C(C)CCC=C(C)C=O)Cc1c(OC)c(O)c2c(c1O)C1C(C)c3c(ccc(O)c3)CCC1C(C)(C)O2
-25.98    -26.26     -2.45      0.29      c1ccccc1CN(c1ccccc1)C(=O)CN1c2ccccc2Sc2ccccc21
-27.48    -27.67     46.39      0.90      c1c(N2C(CN(C)C)CCCC2=O)ccc(C#N)c1
-24.17    -24.14    -21.50      0.03      CC1CN(c2ccc(C(NCc3cnccc3)=O)nn2)CC(C)O1
-31.02    -31.10     29.74      0.74      c1c(N)ccc2c1[nH]cc2C=C1Oc2c(O)c(O)ccc2C1=O
-55.89    -55.80    -47.86      0.10      O1C(c2ccoc2O)C2(C)C(O)(C1)C(OC(C)=O)C(OC(C)=O)C1C3(C)C(OC(=O)CBr)CC(OC(NCC)=O)C(C)(C)C3C(O)CC21C
Human-Component   raw_Human-Component
0.35483869910240173   0.35483869910240173   
0.22580644488334656   0.22580644488334656   
0.6774193644523621   0.6774193644523621   
0.9677419066429138   0.9677419066429138   
0.4193548262119293   0.4193548262119293   
0.29032257199287415   0.29032257199287415   
0.9032257795333862   0.9032257795333862   
0.032258063554763794   0.032258063554763794   
0.7419354915618896   0.7419354915618896   
0.09677419066429138   0.09677419066429138   

14:45:44: local_reinforcement_logger.timestep_report +41: INFO     
 Step 16   Fraction valid SMILES: 96.9   Score: 0.4844   Time elapsed: 12   Time left: 24.0
  Agent     Prior     Target     Score     SMILES
-37.36    -37.41     -7.34      0.37      n1c(-c2occc2)oc(CSCCSCC(=O)N=c2[nH]c3c([nH]2)cccc3)n1
-37.74    -37.72    -34.99      0.03      c1(COc2ccc3c(c2)nc([S+]([O-])Cc2c(C)c(OCC)ccn2)o3)ccc(Cl)cc1F
-32.12    -32.08     33.52      0.80      c1(-c2ccc(F)cc2F)nn(C)c2c(Br)c(=O)n(C)c(=O)n12
-33.11    -33.08    -27.61      0.07      c1(C)cc(C(=O)OC(C)C(NC2CCCCC2)=O)ccc1NC(=O)CC
-29.99    -30.13     51.87      1.00      c12ccccc1c1cc(CCCN3CCOCC3)cc(Cl)c1n2C
-32.99    -33.11      2.42      0.43      c1cc(-c2cc(Cl)cc(Cl)c2)ccc1CN=c1c2scc(C)c2nc(-c2ccccc2)[nH]1
-23.51    -23.62     25.58      0.60      c1c(-c2cc(=O)n3[nH]cc(-c4cnc(OC)nc4)c3n2)cccc1
-32.61    -32.72     41.08      0.90      c1c(Cl)ccc(C2OC(Cn3cncc3)(O)C(OC)C2O)c1
-23.86    -24.14     36.00      0.73      c1(O)c(Cl)cc(C=NNC(Nc2c(Cl)cccc2)=S)cc1OC
-25.56    -25.45      7.35      0.40      c1(NC(=O)C(C)C)ccc2[nH]cnc(=Nc3cc(OC)c(OC)c(OC)c3)c2c1
Human-Component   raw_Human-Component
0.36666667461395264   0.36666667461395264   
0.03333333507180214   0.03333333507180214   
0.800000011920929   0.800000011920929   
0.06666667014360428   0.06666667014360428   
1.0   1.0   
0.4333333373069763   0.4333333373069763   
0.6000000238418579   0.6000000238418579   
0.8999999761581421   0.8999999761581421   
0.7333333492279053   0.7333333492279053   
0.4000000059604645   0.4000000059604645   

14:45:45: local_reinforcement_logger.timestep_report +41: INFO     
 Step 17   Fraction valid SMILES: 100.0   Score: 0.5000   Time elapsed: 12   Time left: 22.0
  Agent     Prior     Target     Score     SMILES
-20.37    -20.75     61.25      1.00      Fc1ccc(N2CCN(CCN3C(=O)CCC3)CC2)cc1
-25.85    -25.86     11.17      0.45      C(CO)(OC)OCc1cc(OC)c(O)c(OC)c1
-20.76    -20.84     -4.96      0.19      C(N(C(=O)Nc1ccccc1)CC(=NO)O)c1ccccc1
-29.57    -29.81     31.03      0.74      O(C)c1c(O)ccc(CC2N(CCCc3ccccc3)COC2)c1
-25.25    -25.29      1.16      0.32      N(C(=O)c1c(N)cccc1)NC(COc1c(F)cccc1)=O
-23.44    -23.57      0.23      0.29      c1ccc2c(N3CCOCC3)nc3cc(C)c(C)cc3c2c1
-34.19    -34.13     18.78      0.65      C(c1ncc(C)nc1Cl)N(C(=O)c1c(Cl)c(Cl)ccc1)C
-18.92    -19.51     59.84      0.97      c1ccccc1CN1CC(c2ccccc2)CC1
-19.46    -19.52     38.67      0.71      [nH]1c(=S)[nH]cc1-c1ccc(Br)cc1
-29.00    -29.30     39.47      0.84      c1(OC)ccc(-c2nc3n(cc(F)cc3)c2-c2nc(=Nc3ccc(N4CCN(C)CC4)cc3)[nH]cc2)cc1
Human-Component   raw_Human-Component
1.0   1.0   
0.4516128897666931   0.4516128897666931   
0.19354838132858276   0.19354838132858276   
0.7419354915618896   0.7419354915618896   
0.32258063554763794   0.32258063554763794   
0.29032257199287415   0.29032257199287415   
0.6451612710952759   0.6451612710952759   
0.9677419066429138   0.9677419066429138   
0.7096773982048035   0.7096773982048035   
0.8387096524238586   0.8387096524238586   

14:45:46: local_reinforcement_logger.timestep_report +41: INFO     
 Step 18   Fraction valid SMILES: 100.0   Score: 0.5000   Time elapsed: 13   Time left: 21.9
  Agent     Prior     Target     Score     SMILES
-27.78    -27.42     -8.90      0.23      C(NC(=O)C(F)(F)F)C1OC(=O)N(c2cc(F)c(N3CCN(C(C(=O)OCC)=O)CC3)cc2)C1
-24.97    -25.01     43.76      0.84      N(CCCCNC(C=Cc1cc(O)c(O)cc1)=O)C(=O)C=Cc1cc(OC)c(O)cc1
-39.62    -39.53     13.37      0.65      C(CCC1(CCC)OC(=O)C(CC)(CC)CC1=O)c1cccc(OCc2nc(N(C)C)sc2)c1
-43.80    -43.71    -17.25      0.32      c1c(S(=O)(=O)CC2(CC(O)=NO)C3n4c(=O)c5c(cccc5)c(=O)n4C(C=C2)C3)cccc1
-41.84    -41.29    -30.71      0.13      c1cc(C(F)(F)F)cc(CN(C(=O)C2CC2)CC)c1-c1cccc(CN(CC(O)=O)C(=O)OCC)c1CCC
-27.39    -27.63     46.44      0.90      C1CC(N2CCCC3(C(=O)N(CC)CCC3)C2)CCN1C(c1ccc(Cl)cc1)=O
-36.03    -35.70    -11.89      0.29      C1(c2c[nH]c(=N)c(-c3ccn(CC#CCNC(=O)c4cc(C(F)(F)F)cc(C(F)(F)F)c4)n3)n2)CC1
-21.78    -21.97     12.41      0.42      c1(Cl)cc(Cl)ccc1Oc1oc(=O)n(-c2ccccc2)n1
-31.29    -31.28    -31.28      0.00      c1ccc(-c2ccccc2)c(NC(=O)CSc2n(CCCC(=O)N)c(=O)c3c(n2)cccc3)c1
-37.82    -37.65    -32.36      0.06      O(c1ccc(C(N)=N)cc1)C1C2C(CC1OC(=O)c1ccncc1)CCCC2
Human-Component   raw_Human-Component
0.22580644488334656   0.22580644488334656   
0.8387096524238586   0.8387096524238586   
0.6451612710952759   0.6451612710952759   
0.32258063554763794   0.32258063554763794   
0.12903225421905518   0.12903225421905518   
0.9032257795333862   0.9032257795333862   
0.29032257199287415   0.29032257199287415   
0.4193548262119293   0.4193548262119293   
0.0   0.0   
0.06451612710952759   0.06451612710952759   

14:45:46: local_reinforcement_logger.timestep_report +41: INFO     
 Step 19   Fraction valid SMILES: 100.0   Score: 0.5000   Time elapsed: 14   Time left: 21.7
  Agent     Prior     Target     Score     SMILES
-24.32    -24.35     49.71      0.90      C(C)(C)n1[nH]c(=NC(c2ccc(Cl)cc2)=O)nn1
-22.07    -22.53     56.83      0.97      FC(F)(c1c2c(ccc1OC)CCC(N(CCC)CCC)C2)F
-37.79    -37.76     -3.38      0.42      C1CC2(C)C(=C3CC(C)(C(O)=O)CCC31C)C1(C)CC(O)C(C(C)=NNC(=S)NC)C1(C)CC2
-46.59    -46.35     35.65      1.00      c1c2c(cc(C(N(CC(CCN3CCC(C(=O)O)CC3)=C)c3ccccc3)=O)c1)c(-c1c(O)cc(F)cc1)no2
-25.24    -25.29     35.55      0.74      c1c2c[n+](C)c(CCCC(O)=O)cc2ccc1
-37.90    -37.85    -11.40      0.32      O(c1ccccc1S(=O)(=O)NCC(O)CC(Cc1ccccc1)C(=O)NC1C(OCc2ccccc2)CC(=O)C1)C
-41.48    -41.35     14.20      0.68      C1CC23N(C(=O)C(C)O2)C(=O)C1C(c1ccncc1)N3C=O
-27.46    -28.07     43.35      0.87      c1(N2CCC3(CC2)CCC(=O)N3)nc2c(n1C)cccc2
-20.90    -20.90     16.13      0.45      C1=CC2(C)OC2(C)C(O)C1=O
-33.40    -32.88     12.08      0.55      [nH]1ccc(=NC(=NC(c2c(-c3c(OC)cccc3)noc2C)O)NC#N)cc1
Human-Component   raw_Human-Component
0.9032257795333862   0.9032257795333862   
0.9677419066429138   0.9677419066429138   
0.4193548262119293   0.4193548262119293   
1.0   1.0   
0.7419354915618896   0.7419354915618896   
0.32258063554763794   0.32258063554763794   
0.6774193644523621   0.6774193644523621   
0.8709677457809448   0.8709677457809448   
0.4516128897666931   0.4516128897666931   
0.5483871102333069   0.5483871102333069   

14:45:47: local_reinforcement_logger.timestep_report +41: INFO     
 Step 20   Fraction valid SMILES: 100.0   Score: 0.5000   Time elapsed: 15   Time left: 21.4
  Agent     Prior     Target     Score     SMILES
-45.02    -44.51    -44.51      0.00      N(C(COC)=O)C(Nc1ccc(S(=O)(N(c2c(OC)cccc2)CC(=O)C)=S)cc1)=O
-30.68    -30.81     24.74      0.68      FC(c1ccc(C(=O)N2CCC3(CC2)c2n(ccc2)-c2c(cccc2OC)O3)cc1)(F)F
-26.43    -27.26     54.74      1.00      c1c(Cl)cccc1N1CCN(CCCCCN=c2c3cccn3c3c([nH]2)cccc3)CC1
-37.22    -37.08    -23.86      0.16      N(C(=O)C1Cc2c(cccc2)N1C(=O)C)C(C(NCc1c(OCC(O)=O)cccc1)=O)C(C)C
-37.87    -38.11     38.60      0.94      O=c1[nH]c2c(cccc2)c(OCC(O)CN2CCCC(C(OCCCCCC)=O)(C)C2)c1
-36.61    -36.35    -15.19      0.26      OCc1c(NS(=O)(c2c(OC)ccc(C)c2)=O)cc(S(=O)(c2c(F)cccc2)=O)cc1
-20.32    -20.26     45.87      0.81      COc1cc(C2=NOCc3c2cccc3)cc(OC)c1OC
-28.57    -28.45      5.94      0.42      C1C(C#N)C(=N)N(NC(=O)CCCCl)C1=N
-26.42    -26.12     13.55      0.48      C(C(CC)C(OCC(C)C)=O)C(OCC)=O
-24.27    -24.22     -0.42      0.29      c12ccccc1nc(-c1c(=O)[nH]c(N3CCN(C(=O)OCC)CC3)nc1NC1CNCCC1)s2
Human-Component   raw_Human-Component
0.0   0.0   
0.6774193644523621   0.6774193644523621   
1.0   1.0   
0.16129031777381897   0.16129031777381897   
0.9354838728904724   0.9354838728904724   
0.25806450843811035   0.25806450843811035   
0.8064516186714172   0.8064516186714172   
0.4193548262119293   0.4193548262119293   
0.4838709533214569   0.4838709533214569   
0.29032257199287415   0.29032257199287415   

14:45:48: local_reinforcement_logger.timestep_report +41: INFO     
 Step 21   Fraction valid SMILES: 100.0   Score: 0.5000   Time elapsed: 16   Time left: 21.1
  Agent     Prior     Target     Score     SMILES
-39.63    -39.29     -2.26      0.45      O(c1c(OC)c(OC)c2cc3[n+](cc2c1OCCC#CC)c(=O)c(CCC)c(C)[nH]3)C
-26.46    -26.79     26.11      0.65      c1(F)c(C(O)=O)cccc1NS(=O)(C=Cc1ccccc1)=O
-21.09    -21.12     47.65      0.84      C1(=O)c2c(nccc2)Oc2ccccc2N1Cc1ccc(C(F)(F)F)cc1
-23.42    -23.36      3.09      0.32      C(Cn1c(C)c(C(CSc2[nH]ccc(=O)n2)=O)cc1C)=C
-23.97    -23.69     37.15      0.74      C(c1n(Cc2ccc(-c3ccccc3C(O)=O)cc2)c(CCCC)nc1)C1CCCCC1
-38.49    -38.12     33.30      0.87      FC(F)(F)c1c2[nH]nc(-c3ccccc3)c2c(N2CC(CO)(C(C)C)CC2)nc1
-19.39    -19.32     44.16      0.77      c1(=O)c(C=CC(O)=O)cn(C2CC(O)C(CO)O2)c(=O)[nH]1
-22.54    -22.53    -11.95      0.13      O(c1ccc(CNC(c2nc3n(c(=O)c2O)CCCCC3)=O)cc1)C
-37.20    -37.16    -13.35      0.29      c1c(-c2cccc(Cn3c(=Nc4ccccc4C)[nH]c4c3c(C(NCC)=O)ccc4)c2)cccc1
-29.93    -29.69     25.86      0.68      c1c(-c2ccc(-c3cnn(C)c3)cc2)c(C)c(OC(=O)C)cc1Cl
Human-Component   raw_Human-Component
0.4516128897666931   0.4516128897666931   
0.6451612710952759   0.6451612710952759   
0.8387096524238586   0.8387096524238586   
0.32258063554763794   0.32258063554763794   
0.7419354915618896   0.7419354915618896   
0.8709677457809448   0.8709677457809448   
0.774193525314331   0.774193525314331   
0.12903225421905518   0.12903225421905518   
0.29032257199287415   0.29032257199287415   
0.6774193644523621   0.6774193644523621   

14:45:49: local_reinforcement_logger.timestep_report +41: INFO     
 Step 22   Fraction valid SMILES: 96.9   Score: 0.4844   Time elapsed: 17   Time left: 20.7
  Agent     Prior     Target     Score     SMILES
-25.24    -25.29     -6.16      0.23      N(C(=O)c1[nH]c(=O)[nH]c(=O)c1C)c1cccc(C)c1
-30.12    -30.33     27.07      0.70      c1ncc(OC)cc1Oc1c(=N)[nH]c(N2CCN(C)CC2)cc1
-20.14    -20.40     45.20      0.80      c12c(nc(C)s1)cc(N)cc2
-21.06    -20.92    -20.92      0.00      n1(-c2ccc(C)cc2)nnnc1SCC(N=c1scc(C)[nH]1)=O
-34.70    -33.94     20.73      0.67      Cc1sc(C(c2cn(CC)c3c(ccc(C(=O)O)c3)c2=O)=O)cc1C
-28.95    -28.66      1.41      0.37      [N+](c1cn(CCn2c(C)nnc2C(C)C)nc1)([O-])=O
-36.07    -36.17    -33.44      0.03      C(N(CC(=O)O)C)(C(NC(=O)CCC(NC(OCCCC)=O)C(O)=O)=O)Cc1ccccc1
-27.59    -27.40     -5.53      0.27      c1c(-c2ccc3c(c2)CCN(CC(=O)Nc2cc(F)c(OC)cc2)C3=O)ccc(O)c1
-18.98    -19.09     43.78      0.77      c1(=O)c(=O)cc(CCCCCCC)[nH][nH]1
-20.98    -20.99     47.34      0.83      c1(=Nc2cc(N3CCOCC3)cc(N3CCOCC3)c2)nc(-c2ncccc2)cc[nH]1
Human-Component   raw_Human-Component
0.23333333432674408   0.23333333432674408   
0.699999988079071   0.699999988079071   
0.800000011920929   0.800000011920929   
0.0   0.0   
0.6666666865348816   0.6666666865348816   
0.36666667461395264   0.36666667461395264   
0.03333333507180214   0.03333333507180214   
0.2666666805744171   0.2666666805744171   
0.7666666507720947   0.7666666507720947   
0.8333333134651184   0.8333333134651184   

14:45:50: local_reinforcement_logger.timestep_report +41: INFO     
 Step 23   Fraction valid SMILES: 100.0   Score: 0.5000   Time elapsed: 17   Time left: 19.1
  Agent     Prior     Target     Score     SMILES
-33.99    -33.71     48.29      1.00      C(CCCc1ccccn1)(NC1CCC(CCN2CCC(c3csc4ccccc43)CC2)CC1)=O
-31.59    -31.76     -2.66      0.35      [N+](=O)(c1cc([N+]([O-])=O)ccc1Oc1ccc2c(c1)ccc(Cl)c2Cl)[O-]
-20.29    -20.55     21.77      0.52      c1ccccc1C(SCC(N)C(=O)O)(c1ccccc1)C(F)(F)F
-27.45    -27.25     -6.09      0.26      [nH]1c(=NCCO)[nH]c(=N)nc1Oc1cc(NC(C=C)=O)ccc1
-33.68    -33.99     37.43      0.87      c1c(Cl)ccc(Cn2c(CN(Cc3occc3)Cc3cc4cc(Cl)ccc4[nH]3)nnc2C)c1
-29.33    -29.34     47.37      0.94      Cn1c(CN(Cc2n(C)c(CN3CCN(c4ncccn4)CC3)cc2)C)ccc1
-23.55    -23.49     29.41      0.65      c12c(nc(C)c(=O)n1CC(=O)O)c(=O)n(C)c(=O)n2C
-20.73    -21.14     15.89      0.45      c1(NC(c2cc(OC)cc(OC)c2)=O)ccccc1C
-22.48    -22.34     -3.83      0.23      O=[N+]([O-])C(=Cc1ccc(OC)cc1)C(C)=O
-33.99    -34.20     29.28      0.77      c1[nH]c(=N)c2c(Cl)cn(C3CCCc4n(C(C)C)ncc43)c2n1
Human-Component   raw_Human-Component
1.0   1.0   
0.35483869910240173   0.35483869910240173   
0.5161290168762207   0.5161290168762207   
0.25806450843811035   0.25806450843811035   
0.8709677457809448   0.8709677457809448   
0.9354838728904724   0.9354838728904724   
0.6451612710952759   0.6451612710952759   
0.4516128897666931   0.4516128897666931   
0.22580644488334656   0.22580644488334656   
0.774193525314331   0.774193525314331   

14:45:51: local_reinforcement_logger.timestep_report +41: INFO     
 Step 24   Fraction valid SMILES: 100.0   Score: 0.5000   Time elapsed: 18   Time left: 18.7
  Agent     Prior     Target     Score     SMILES
-21.39    -21.32     47.45      0.84      C1Cc2c(cccc2)C(NC(C(Cc2c(C)cc(O)cc2C)N)=O)C1O
-29.20    -29.11     29.08      0.71      N(C(=O)C1N(C(C(=O)C(C)C)O)CCC1)C(Cc1ccc(N)cc1)C(O)=O
-30.81    -30.94    -15.07      0.19      c1c2cccnc2ccc1-c1nc(COc2cccc(C(N)=N)c2)cs1
-30.74    -30.62    -22.69      0.10      OC(c1ccc(NC(NS(=O)(=O)c2ccc(Oc3ccc(Br)cc3)cc2)=O)cc1)=O
-22.61    -22.48     48.94      0.87      N1(C(=O)C2CN(Cc3cn(C)nc3)Cc3cccn3C2)CCCC1
-26.65    -26.74    -24.10      0.03      S(c1ccc([N+]([O-])=O)cc1)(c1ccc(NC(Cc2ccccc2)=O)cc1)(=O)=O
-28.72    -29.31     -2.86      0.32      c1n2ncc(C(Nc3c(F)ccc(OC)c3)=O)c2nc(-c2ccc(F)cc2)c1
-31.90    -31.51     18.75      0.61      N1(c2n(-c3ncc(S(=O)(=O)N)cc3)nc(C(F)(F)F)c2C#N)CCN(C(=O)NC(C)C)CC1
-23.17    -23.59     39.90      0.77      [nH]1c(=Nc2ccc(N)cc2)[nH]c2ccccc2c1=NCCN(CC)CC
-34.34    -33.72     -9.92      0.29      c12c(=O)c3ccc(OCCCN(Cc4cc(OC(C)C)c(OC(C)=O)cc4)C)cc3oc1cc(OCC1OC1)cc2O
Human-Component   raw_Human-Component
0.8387096524238586   0.8387096524238586   
0.7096773982048035   0.7096773982048035   
0.19354838132858276   0.19354838132858276   
0.09677419066429138   0.09677419066429138   
0.8709677457809448   0.8709677457809448   
0.032258063554763794   0.032258063554763794   
0.32258063554763794   0.32258063554763794   
0.6129032373428345   0.6129032373428345   
0.774193525314331   0.774193525314331   
0.29032257199287415   0.29032257199287415   

14:45:51: local_reinforcement_logger.timestep_report +41: INFO     
 Step 25   Fraction valid SMILES: 100.0   Score: 0.5000   Time elapsed: 19   Time left: 18.3
  Agent     Prior     Target     Score     SMILES
-24.89    -24.70     33.49      0.71      CCc1c(-c2ccc(Cl)cc2)[nH]c(=Nc2ccc(C(=O)O)cc2)s1
-28.35    -28.44     13.88      0.52      c1(SC)c(CC(CC)CC)nc2cc(C(F)(F)F)ccc2n1
-17.39    -17.61     -9.67      0.10      c1c(Oc2ccc(C)cc2)ccc(C=NNC(=O)N)c1
-31.20    -30.45    -14.58      0.19      c1(C2=C(c3ccc(Br)cc3)C(=O)OC2=Cc2ccc(C)cc2)ccc(OC)c(Br)c1
-18.14    -18.37     -5.15      0.16      O=c1n(-c2ccc(F)cc2)c(C)nc2c1cccc2
-18.83    -18.96     52.46      0.87      Clc1cc(C(F)(F)F)cc(Cl)c1-n1[nH]c(SC)c(-c2ccccc2)c1=N
-44.36    -44.52     37.48      1.00      C12(CCN(CCCCOc3c(Cl)ccc(C)c3)CC1)C(NC(c1ccc(C(OC)=O)cc1)=O)c1ccccc12
-29.49    -29.54     20.72      0.61      n1cc[nH]c1C1c2ncc(C=O)nc2CCC1
-21.61    -21.85     41.63      0.77      C(CCCC)CCCCCOCCCCC[n+]1ccccc1
-27.86    -27.92     -4.11      0.29      n1n(Cc2ccc(OC)cc2)c(C)c(S(N(c2ccccc2)C)(=O)=O)c1C
Human-Component   raw_Human-Component
0.7096773982048035   0.7096773982048035   
0.5161290168762207   0.5161290168762207   
0.09677419066429138   0.09677419066429138   
0.19354838132858276   0.19354838132858276   
0.16129031777381897   0.16129031777381897   
0.8709677457809448   0.8709677457809448   
1.0   1.0   
0.6129032373428345   0.6129032373428345   
0.774193525314331   0.774193525314331   
0.29032257199287415   0.29032257199287415   

14:45:52: local_reinforcement_logger.timestep_report +41: INFO     
 Step 26   Fraction valid SMILES: 90.6   Score: 0.4531   Time elapsed: 19   Time left: 16.9
  Agent     Prior     Target     Score     SMILES
-22.76    -23.11     20.82      0.54      c1(Oc2sc(C#CC(O)C)cn2)cccc(C)c1
-31.34    -31.16      6.91      0.46      N(C#N)C(NC(=O)OC(C)(C)C)Nc1c(Br)cccc1
-23.44    -23.67    -23.67      0.00      n1cnc2c3c([nH]c12)nccc3
-17.07    -17.40     35.32      0.64      O1CCN(c2nc(N3CCOCC3)nc(-c3cc(O)ccc3)n2)CC1
-22.37    -21.94     36.63      0.71      c1cccc(C(=O)NC(C(=O)NC2CCCCC2)C(C)C)c1Cl
-29.04    -29.26     -2.90      0.32      C1CN(C(Nc2ccccc2)=O)CCN1C(C(c1c2c([nH]c1)ccc(NC(C)=O)c2)=O)=O
-23.67    -23.45     43.90      0.82      C1N(Cc2cc(F)c(F)cc2)CCC(C(N2CCOCC2)=O)C1
-32.54    -32.82    -32.82      0.00      C1Cc2c3ccccc3n(C)c2-c2ccccc2[S+]11C
-30.43    -29.59     -9.09      0.25      c1(OC)cc(OC)c(C(=O)c2cc(-c3ccc(N(C)C)cc3)c(N)cc2)cc1
-27.47    -27.15    -15.44      0.14      C(=O)(N1C(c2c(C)c[nH]n2)COCC1)c1ncc(C)cc1
Human-Component   raw_Human-Component
0.5357142686843872   0.5357142686843872   
0.4642857015132904   0.4642857015132904   
0.0   0.0   
0.6428571343421936   0.6428571343421936   
0.7142857313156128   0.7142857313156128   
0.3214285671710968   0.3214285671710968   
0.8214285969734192   0.8214285969734192   
0.0   0.0   
0.25   0.25   
0.1428571492433548   0.1428571492433548   

14:45:53: local_reinforcement_logger.timestep_report +41: INFO     
 Step 27   Fraction valid SMILES: 96.9   Score: 0.4844   Time elapsed: 20   Time left: 16.4
  Agent     Prior     Target     Score     SMILES
-59.80    -59.60     -2.20      0.70      C123C(C(O)CC(=C)C1CCC(C)(C)C2CC(n1ncnc1)C1C(C(C)CCCNCCCC)C31)C
-41.92    -41.42    -41.42      0.00      O=c1c2c(C)cn1C(C(NCCc1nc(C(C)C)no1)=O)CS2
-24.88    -24.78    -22.04      0.03      CCn1c(CNC(=O)c2ccc(OCC)cc2)nnn1
-31.52    -31.30    -17.63      0.17      CC1CN(C(=O)c2c(Cl)n3c(c(C(F)(F)F)cc(-c4ccc(C5CCC(CC(O)=O)CC5)cc4)c3)n2)C1
-41.61    -42.40    -26.00      0.20      O1C2C(OCC2)CN1c1ncc(-c2n[nH]cc2C)cc1OC
-33.34    -33.38     -6.05      0.33      S(CCCCCSSCCOc1ccc(C=NO)cc1)SCC
-19.56    -20.32    -12.12      0.10      c1ccccc1N1CCN(C(=O)CCNS(c2ccccc2)(=O)=O)CC1
-30.76    -31.06    -31.06      0.00      c1(Oc2c(-c3cc4c(cc3)OC(F)(F)O4)cccn2)ccc(C(=O)c2ccccc2)nc1
-32.22    -32.35     16.85      0.60      OC1C(CO)OC(n2c(Cl)c(-c3ccc4c(c3)C3CC4CNC3)cn2)C1O
-26.60    -27.52     43.55      0.87      FC(F)(c1ccc(CN2SN3CCCC3C2)cc1)F
Human-Component   raw_Human-Component
0.699999988079071   0.699999988079071   
0.0   0.0   
0.03333333507180214   0.03333333507180214   
0.1666666716337204   0.1666666716337204   
0.20000000298023224   0.20000000298023224   
0.3333333432674408   0.3333333432674408   
0.10000000149011612   0.10000000149011612   
0.0   0.0   
0.6000000238418579   0.6000000238418579   
0.8666666746139526   0.8666666746139526   

14:45:53: local_reinforcement_logger.timestep_report +41: INFO     
 Step 28   Fraction valid SMILES: 87.5   Score: 0.4375   Time elapsed: 21   Time left: 15.9
  Agent     Prior     Target     Score     SMILES
-18.22    -18.72     14.69      0.41      c1c(CSCCC(=O)O)cccc1
-42.94    -41.90    -32.78      0.11      N1(C(C(CCC(=O)O)N)=O)C(C(NC(c2ccccc2)C(NC(C(=O)N2C(C(N)=O)CCC2)C(=O)C)O)=O)CCC1
-34.30    -33.81     33.01      0.81      O=C(c1c2c(ccc1)C(=O)Cc1c(cccc1)CO2)NCCCCCCCC
-21.35    -21.50     21.02      0.52      C(O)(c1ccc(-c2n[nH]c(=N)s2)cc1)=O
-20.89    -21.02     39.72      0.74      N#Cc1c(=Nc2ccc(F)c(Cl)c2)c2c(cc(OC)c(NC(C=CCN(C)C)=O)c2)[nH]c1
-28.96    -28.84     53.16      1.00      C1CCCN(c2c(=O)n(C3CCN(CCO)CC3)nc(C)c2)C1
-24.08    -24.72     29.95      0.67      N1(c2ccc3c(c2)OCCO3)C(=O)c2c(c(Br)ccc2)C1=O
-24.14    -24.67     54.29      0.96      C1CCN(c2n(CCCOC)c3c(n2)cccc3)CC1C
-31.16    -31.51     38.35      0.85      C(CCCCCCCN=Cc1cc(CC=C)c(O)cc1)CN1C(=O)c2c(cccc2)C1=O
-25.12    -25.05     26.58      0.63      C1C(C(N=c2[nH]cc(C)cc2)=O)COc2c1scc2
Human-Component   raw_Human-Component
0.40740740299224854   0.40740740299224854   
0.1111111119389534   0.1111111119389534   
0.8148148059844971   0.8148148059844971   
0.5185185074806213   0.5185185074806213   
0.7407407164573669   0.7407407164573669   
1.0   1.0   
0.6666666865348816   0.6666666865348816   
0.9629629850387573   0.9629629850387573   
0.8518518805503845   0.8518518805503845   
0.6296296119689941   0.6296296119689941   

14:45:54: local_reinforcement_logger.timestep_report +41: INFO     
 Step 29   Fraction valid SMILES: 100.0   Score: 0.5000   Time elapsed: 22   Time left: 15.4
  Agent     Prior     Target     Score     SMILES
-43.21    -42.61      5.00      0.58      C1(=O)C(CNC(=O)C)CCc2c3c(c(OC)c(OC)c21)[nH]c1c(OC)c(OC)ccc13
-33.79    -34.26    -34.26      0.00      c12ccccc1nccc2CNC(=O)c1c(Br)c(=NC(c2c(Cl)cccc2F)=O)n(-c2ccccc2)[nH]1
-31.12    -31.72     21.18      0.65      S(c1cc(C)ccc1F)C1=NN2CCS(=O)(=O)N=C2S1
-28.17    -28.16     48.55      0.94      C(N1CCCc2ccccc21)(=NO)c1ccc(Oc2cc(Cl)cc(Cl)c2)nc1
-20.96    -21.60     60.40      1.00      N1(c2ccccc2OCCN(C)C)CCCC1
-24.65    -24.46     -5.94      0.23      n1(-c2cccc([N+](=O)[O-])c2)c(=O)c2c(nc1SC)sc1c2CCC1
-40.82    -40.24    -11.14      0.35      C(Oc1nccnc1)C1COc2c3cc(C(=O)O)n(C)c3ccc2C1=O
-20.86    -20.91      2.90      0.29      s1c2c(nc[nH]c2=N)nc1-c1ccc(OC)cc1
-26.19    -25.67     48.39      0.90      c1cc2c(cc1)C(N1CCN(c3ccc(C(=O)C)cc3)CC1)C(O)C21CCNCC1
-40.45    -40.79      1.53      0.52      O1C(C)(C)CC(n2ncc3c2NC(c2ccccc2)C(c2ccccc2C)O3)CC1
Human-Component   raw_Human-Component
0.5806451439857483   0.5806451439857483   
0.0   0.0   
0.6451612710952759   0.6451612710952759   
0.9354838728904724   0.9354838728904724   
1.0   1.0   
0.22580644488334656   0.22580644488334656   
0.35483869910240173   0.35483869910240173   
0.29032257199287415   0.29032257199287415   
0.9032257795333862   0.9032257795333862   
0.5161290168762207   0.5161290168762207   

14:45:55: local_reinforcement_logger.timestep_report +41: INFO     
 Step 30   Fraction valid SMILES: 96.9   Score: 0.4844   Time elapsed: 23   Time left: 14.8
  Agent     Prior     Target     Score     SMILES
-24.82    -25.32     -8.92      0.20      c1(C2CCCN(C(c3n[nH]cc3)=O)C2)ncncc1
-21.27    -21.26     55.27      0.93      c1nc(C(=O)CCC2CCN(Cc3ccccc3)CC2)c[nH]1
-25.49    -25.81     37.06      0.77      C(CCC)CCOC(=O)N1CCN(C(C(CCC(O)=O)NC(c2nc(-c3ccccc3)nc(N3CCN(C)CC3)c2)=O)=O)CC1
-24.78    -25.33     56.67      1.00      c1(OCCN2CCCCC2)cc2c(cc1)C(c1ccc(O)cc1)CN(C)CC2
-26.53    -26.63     17.10      0.53      C(N)(=O)c1ccc(-c2ccc(C(CCN(C)C)O)cc2)cc1
-26.16    -26.86     52.40      0.97      C1N(CCC)CCN(c2[nH]c(=N)nc(-c3cc(Cl)ccc3OC)c2)C1
-33.16    -32.89     16.31      0.60      c1c(Cl)c(Cl)cc(CNCCCNC(=S)Nc2ccc(Br)cc2Br)c1OC
-25.02    -24.63     -2.77      0.27      c1(O)c(OC)ccc(-c2c(OC)c(=O)c3cc(O)c(O)c(OC)c3o2)c1
-29.54    -30.06     35.54      0.80      c1cc(N=c2c3c([nH]cc2)cc(Cl)cc3)ccc1C1=NN(C(CC)=O)C(c2cc(OC)c(O)cc2)C1
-33.97    -34.21     -6.88      0.33      c1nn(Cc2ccccc2)cc1C=CC(NCC(c1ccccc1OC)N1CCC(C)CC1)=O
Human-Component   raw_Human-Component
0.20000000298023224   0.20000000298023224   
0.9333333373069763   0.9333333373069763   
0.7666666507720947   0.7666666507720947   
1.0   1.0   
0.5333333611488342   0.5333333611488342   
0.9666666388511658   0.9666666388511658   
0.6000000238418579   0.6000000238418579   
0.2666666805744171   0.2666666805744171   
0.800000011920929   0.800000011920929   
0.3333333432674408   0.3333333432674408   

14:45:56: local_reinforcement_logger.timestep_report +41: INFO     
 Step 31   Fraction valid SMILES: 100.0   Score: 0.4788   Time elapsed: 24   Time left: 14.2
  Agent     Prior     Target     Score     SMILES
-19.77    -19.59     46.54      0.81      c1(-c2cc(C=O)c(O)c(F)c2)cccs1
-26.98    -25.95    -20.66      0.06      C(=NNC(=S)NCC=C)c1cn(-c2ccc(S(N)(=O)=O)cc2)nc1-c1ccc(OC)cc1
-33.31    -34.67     36.75      0.87      C(NC(c1cnc(N2CCOCC2)cc1)=O)CCCCC(N)C(N1CCCCC1)=O
-25.10    -25.74     32.45      0.71      c1c(-c2cc(C=CCO)ccc2)c(C)ccc1
-18.34    -18.68     26.29      0.55      c1(C(O)=O)cccc2c1C(=O)c1c-2cccc1
-19.76    -19.45      7.01      0.32      COc1c(OC)cc(-c2noc(-c3ccc(C)cc3)n2)cc1
-26.56    -26.76    -10.89      0.19      c1(C#N)ccc(-n2cnc(C)c2)c(Oc2ccc(S(N=c3[nH]ccs3)(=O)=O)cc2Cl)c1
-28.07    -27.38      7.01      0.42      c1(C(Nc2c(F)ccc(Nc3cc4c(cc3)C(=O)c3c(ccc(C(NCCN)=O)c3)CC4)c2)=O)occc1
-31.17    -30.51    -22.58      0.10      N1=C2C(C(=O)CC(C)(C)C2)C(c2ccc(C)cc2)c2c3c(cccc3)n(C(=O)c3ccccc3)c21
-35.95    -36.27     -4.53      0.39      Cc1nc(-c2ccc3[nH][nH]c(=NC(=O)C)c3c2)c(OC)cc1-c1ccncc1
Human-Component   raw_Human-Component
0.8064516186714172   0.8064516186714172   
0.06451612710952759   0.06451612710952759   
0.8709677457809448   0.8709677457809448   
0.7096773982048035   0.7096773982048035   
0.5483871102333069   0.5483871102333069   
0.32258063554763794   0.32258063554763794   
0.19354838132858276   0.19354838132858276   
0.4193548262119293   0.4193548262119293   
0.09677419066429138   0.09677419066429138   
0.3870967626571655   0.3870967626571655   

14:45:57: local_reinforcement_logger.timestep_report +41: INFO     
 Step 32   Fraction valid SMILES: 96.9   Score: 0.4781   Time elapsed: 25   Time left: 13.6
  Agent     Prior     Target     Score     SMILES
-24.13    -24.39     -5.26      0.23      c1cccc2ncn(S(=O)(c3ncccc3)=O)c12
-33.80    -33.26    -19.59      0.17      c1(=O)n(C2CCCC2)cc(O)c(=O)n1C(C(=O)c1ccc([N+]([O-])=O)cc1)C
-39.79    -39.24     20.89      0.73      c1(CN(Cc2cc(Cl)c(O)c(Cl)c2)Cc2nc(CN(Cc3cc(OC)c(OC)c(OC)c3)CCNCCCO)ccc2)ccccc1
-18.67    -19.01     19.25      0.47      OC1C(O)C(n2cnc3c(=N)[nH]c(=NN=CCCC)[nH]c32)OC1CO
-20.65    -21.04     58.22      0.97      c1cc2c(cc1O)CC(NCCOC)CC2
-22.72    -23.02    -23.02      0.00      O=[N+](c1c(SCC)ccc([N+](=O)[O-])c1)[O-]
-26.08    -26.12     -4.25      0.27      O(CC)c1cc2[nH]cc(C(=O)O)c(=O)c2c(CC)c1
-21.26    -22.56     51.24      0.90      c1nc2c(cc1)CNCCN2c1ccc(Cl)cc1
-31.57    -31.70    -23.50      0.10      c1(OCC#Cn2c(=O)ccc(-c3ccccc3)n2)ccc(OC)cc1
-25.87    -26.99     14.01      0.50      N1C(C)CN(c2ccccc2)CC1CNCc1ccncc1
Human-Component   raw_Human-Component
0.23333333432674408   0.23333333432674408   
0.1666666716337204   0.1666666716337204   
0.7333333492279053   0.7333333492279053   
0.46666666865348816   0.46666666865348816   
0.9666666388511658   0.9666666388511658   
0.20000000298023224   0.20000000298023224   
0.2666666805744171   0.2666666805744171   
0.8999999761581421   0.8999999761581421   
0.10000000149011612   0.10000000149011612   
0.5   0.5   

14:45:58: local_reinforcement_logger.timestep_report +41: INFO     
 Step 33   Fraction valid SMILES: 96.9   Score: 0.4844   Time elapsed: 25   Time left: 12.5
  Agent     Prior     Target     Score     SMILES
-23.78    -23.56     -7.16      0.20      S(c1sc(=NC(COc2ccccc2F)=O)[nH]n1)CC(=O)NC1CC1
-24.33    -25.13     45.94      0.87      N1(C(N2CCN(CC3COCC3)CC2)=O)CCCCC1
-28.65    -28.49     -3.89      0.30      C(C)c1nc2c(c(C(OCC(c3c[nH]c4ccccc43)=O)=O)c1)cccc2
-24.10    -24.23     33.17      0.70      c1c(CN2CCC(c3ccsc3)=CC2)scc1
-26.24    -26.69      8.84      0.43      c1c2c(ccc1)CN(c1cc(NS(=O)(=O)c3cc(Cl)cc(Cl)c3)ccc1)C2=O
-39.48    -38.91      2.09      0.50      C(n1c(SC)nc(=N)n2c1cc(Cl)c2)c1ccc(-c2c(-c3noc(=O)[nH]3)cccc2)cc1
-41.92    -41.81     -9.01      0.40      CC1C(O)C2C(O)(Cc3cc4c(c(O)c3C2OC(=O)N)c(O)c(O)cc4)C1=O
-24.42    -24.83      2.50      0.33      c1cccc(C2=NC(C(O)=O)CCS2)c1F
-36.99    -37.21     25.65      0.77      c1nc2c(cc1C1CCN(C(=O)CO)CC1)N(C1CN(Cc3ncccc3)CC1)CC2
-23.02    -23.37     -9.70      0.17      c12[nH]c(-c3sccc3)nc1c1ccccc1c(=O)[nH]2
Human-Component   raw_Human-Component
0.20000000298023224   0.20000000298023224   
0.8666666746139526   0.8666666746139526   
0.30000001192092896   0.30000001192092896   
0.699999988079071   0.699999988079071   
0.4333333373069763   0.4333333373069763   
0.5   0.5   
0.4000000059604645   0.4000000059604645   
0.3333333432674408   0.3333333432674408   
0.7666666507720947   0.7666666507720947   
0.1666666716337204   0.1666666716337204   

14:45:59: local_reinforcement_logger.timestep_report +41: INFO     
 Step 34   Fraction valid SMILES: 100.0   Score: 0.4677   Time elapsed: 26   Time left: 11.9
  Agent     Prior     Target     Score     SMILES
-25.61    -25.27     -6.75      0.23      c1c(Cl)c(COC2(C(O)=O)CC(O)C(NC(=O)C)C(C(C(O)CO)O)O2)c(Cl)cc1
-22.01    -22.90     59.10      1.00      c1nn(C2CCCCC2)cc1CN1CCN(c2ccccc2OC)CC1
-26.60    -27.04    -27.04      0.00      N(CC(F)=C)c1ccccc1CO
-28.65    -28.28     19.34      0.58      S=C(NC(c1c(Cl)cccc1)=O)N(C(c1c(Cl)cccc1)=O)c1ccc(F)cc1
-29.64    -29.33    -24.04      0.06      C(CC(O)=O)c1c(CCC)n2c(nc1C)c(C#N)cn2
-48.19    -48.13     23.29      0.87      C1c2c(nc(-c3c4ncccc4n(C)c3)nc2N2CCN(CCO)CC2F)CCNC1
-24.95    -25.19    -11.96      0.16      o1cccc1C=CC=CC(Nc1cccc(C(O)=O)c1)=O
-23.13    -23.68     42.45      0.81      c1c(NC(c2ncc(C(F)(F)F)cc2)=O)cccc1CN1CCC(C(NC(C)(C)C)=O)CC1
-20.27    -20.55     56.16      0.94      c1c(F)ccc(-c2n(-c3ccc(Cl)cc3)c(Cl)nc2)c1
-19.28    -19.85     40.99      0.74      c1c2c(ccc1C=NNC(c1cc(Cl)c(O)cc1)=O)OCO2
Human-Component   raw_Human-Component
0.22580644488334656   0.22580644488334656   
1.0   1.0   
0.6451612710952759   0.6451612710952759   
0.5806451439857483   0.5806451439857483   
0.06451612710952759   0.06451612710952759   
0.8709677457809448   0.8709677457809448   
0.16129031777381897   0.16129031777381897   
0.8064516186714172   0.8064516186714172   
0.9354838728904724   0.9354838728904724   
0.7419354915618896   0.7419354915618896   

14:46:00: local_reinforcement_logger.timestep_report +41: INFO     
 Step 35   Fraction valid SMILES: 100.0   Score: 0.5000   Time elapsed: 27   Time left: 11.2
  Agent     Prior     Target     Score     SMILES
-21.78    -21.99     36.20      0.71      c1c(O)ccc(C=[N+](c2ccc(Cl)cc2)[O-])c1
-28.71    -28.99    -15.76      0.16      C1(C)CN(C(=O)C2OC(C)(C)OC2C(OC)=O)CC(C)O1
-33.31    -34.01     42.70      0.94      N1(CCCNC(=O)NN=Cc2c(Cl)c3cc(Cl)ccc3[nH]c2=S)CCOCC1
-25.55    -25.58     19.39      0.55      c1c(COCc2n3c(nn2)CN=C(c2ccccc2)c2c-3ccc(Cl)c2)cccc1OC
-58.59    -58.00    -42.12      0.19      C1(C2OC(C)(C)OC2CC=c2c(=C(C)C)nc(N3C(C)(C)N=C(N)N=C3N)n(O)c2=S)C(OC(=O)C)C(O)C(O)C(CO)O1
-29.25    -29.27    -10.76      0.23      c1c2cccnc2c(NCCC(=O)c2c(N)cccc2)cc1OC
-25.64    -26.30     39.83      0.81      C1C(OC2OCCCC2)(O)CCN(C)C1
-23.77    -24.91     54.45      0.97      O1c2ccc(CCN3CCN(c4c5c(ccc4)OCCO5)CC3)cc2NC(=O)C1C
-18.75    -18.67     23.65      0.52      c1cc(Cn2cc3c(n2)N(O)C(=O)C(N)C3)ccc1
-23.69    -23.87     29.03      0.65      C1C2(NC(c3nc(CCC)sc3)=O)CC3CC(C2)CC1C3
Human-Component   raw_Human-Component
0.7096773982048035   0.7096773982048035   
0.16129031777381897   0.16129031777381897   
0.9354838728904724   0.9354838728904724   
0.5483871102333069   0.5483871102333069   
0.19354838132858276   0.19354838132858276   
0.22580644488334656   0.22580644488334656   
0.8064516186714172   0.8064516186714172   
0.9677419066429138   0.9677419066429138   
0.5161290168762207   0.5161290168762207   
0.6451612710952759   0.6451612710952759   

14:46:00: local_reinforcement_logger.timestep_report +41: INFO     
 Step 36   Fraction valid SMILES: 100.0   Score: 0.4889   Time elapsed: 28   Time left: 10.6
  Agent     Prior     Target     Score     SMILES
-30.90    -31.29    -12.78      0.23      c1oc2c3ccccc3n(C)c(=O)c2c1Cc1cc(OC)ccc1
-26.71    -26.64    -13.42      0.16      C(C(=O)NCCCCCC(=NO)O)c1c([N+]([O-])=O)cccc1
-37.08    -37.59     -3.20      0.42      c12c(c3c(cccc3)c(CCNC(=S)NC(CCCN=C(N)N)C(=O)O)c1)cccc2
-24.89    -24.83     33.36      0.71      c1ccccc1C=CS(=O)(Nc1c(S(=O)(N)=O)cc(F)cc1F)=O
-27.81    -28.02    -28.02      0.00      c1cc(C)cc(C(=O)N(C)CCCSCC)c1
-29.12    -30.05     36.08      0.81      c1ccc(N)cc1CC(N1CCC12CCNCC2)=O
-24.47    -25.46     16.86      0.52      C(CNC(=O)C)CCN=C(N)NCCCCN
-19.18    -20.11     61.89      1.00      N1(CC(=O)N2c3ccccc3CCc3ccccc32)CCN(C)CC1
-27.15    -27.30    -11.43      0.19      C1CC2C(C)(C)C(OC(CO)CO)CCC2(C)C2CCC3C4C(C(C)C)CCC4(C(=O)O)CCC3(C)C12C
-26.72    -26.90     23.36      0.61      C(N(CC)c1ccc2n(C)c(N(C)C)nc2c1)C
Human-Component   raw_Human-Component
0.22580644488334656   0.22580644488334656   
0.16129031777381897   0.16129031777381897   
0.4193548262119293   0.4193548262119293   
0.7096773982048035   0.7096773982048035   
0.35483869910240173   0.35483869910240173   
0.8064516186714172   0.8064516186714172   
0.5161290168762207   0.5161290168762207   
1.0   1.0   
0.19354838132858276   0.19354838132858276   
0.6129032373428345   0.6129032373428345   

14:46:01: local_reinforcement_logger.timestep_report +41: INFO     
 Step 37   Fraction valid SMILES: 100.0   Score: 0.5000   Time elapsed: 29   Time left: 9.9
  Agent     Prior     Target     Score     SMILES
-39.84    -39.69    -37.05      0.03      c1(OC)cc(C)c(C(N2CCC(NC)C2)=O)cc1-c1ccc2c(c1)OC(C1CCN(C(C)=O)CC1)O2
-29.08    -30.25     25.30      0.68      c1(Br)ccc(C2CN(c3ccccc3)CC2C(N2CCCC2)=O)cc1
-26.77    -27.09     25.82      0.65      N1(c2ccc(CN(S(=O)(c3ccc(C)cc3)=O)C3CCCCNC3=O)cc2)CCC(CO)CC1
-23.17    -23.77     50.29      0.90      c1ccc2c(c1)CN(CCCN(C)C)c1c(ccc(C(F)(F)F)c1)S2
-24.07    -24.87     25.39      0.61      Fc1c(=Nc2cc(F)c(F)cc2)[nH]c(=Nc2ccccc2)[nH]c1
-25.99    -26.99     52.37      0.97      c1ncccc1C1CCN(CC(O)COc2ccc3c(c2)OCO3)CC1
-26.10    -25.50     -6.98      0.23      n1(S(=O)(=O)c2ccccc2)cc(NC(=O)c2cccc(C#N)c2)cn1
-31.84    -32.34     49.66      1.00      C1CN(c2ccc(-c3nc(=Nc4ccc(CN5CCN(C)CC5)nc4)[nH]cc3F)cc2)CCN1CCO
-34.37    -34.35     -2.61      0.39      n1c2c(c3c(s2)CCCC3)c(=O)n(CCC(C)C)c1C(CC)=N
-32.08    -31.58      2.81      0.42      N1(C2CCOC3(CCN(C(=O)c4oc(O)cc4)CC3)C2)CCN(C(C)C)CC1
Human-Component   raw_Human-Component
0.032258063554763794   0.032258063554763794   
0.6774193644523621   0.6774193644523621   
0.6451612710952759   0.6451612710952759   
0.9032257795333862   0.9032257795333862   
0.6129032373428345   0.6129032373428345   
0.9677419066429138   0.9677419066429138   
0.22580644488334656   0.22580644488334656   
1.0   1.0   
0.3870967626571655   0.3870967626571655   
0.4193548262119293   0.4193548262119293   

14:46:02: local_reinforcement_logger.timestep_report +41: INFO     
 Step 38   Fraction valid SMILES: 96.9   Score: 0.4844   Time elapsed: 30   Time left: 9.2
  Agent     Prior     Target     Score     SMILES
-30.27    -30.42     16.04      0.57      NC(CC(O)C=CC1C(O)CC2C1CC(O)C2CCCCCCC(=O)O)C
-28.26    -27.92     -6.06      0.27      n1ccccc1CN(Cc1c(C)noc1C)S(=O)(=O)c1cc(OC)c(OC)cc1
-24.91    -24.34     -7.94      0.20      N(C(=O)Cn1c(=O)c2ccccc2c(C(=O)O)n1)c1c(CC)cccc1CC
-27.84    -27.33     -2.73      0.30      c1(C(c2ccc(N(C)C)cc2)(c2c(C)nc3c(c2)cccc3)O)ccccc1
-32.26    -33.07    -24.87      0.10      c1cc(-n2c(O)c3c(ccc(O)c3)c2-c2c(O)c3cc(Br)ccc3oc2=O)ccc1
-20.13    -20.15    -20.15      0.00      c1(C)ccc(NC(CSc2c(C#N)c(COC)cc(C)n2)=O)cc1
-26.95    -27.26     52.00      0.97      C(c1c(Cl)c(OC)c(Cl)cc1Cl)(NCCN1CCCC1)=O
-27.70    -28.12     40.21      0.83      c1(=O)n(C)c2ncc(N3CCCNCC3)cc2n1C
-30.21    -30.60     29.53      0.73      FC(F)(c1c(CN2CCN(C)CC2)ccc(NC(c2sc(-c3c(C)ccc(C(F)(F)F)c3)cc2)=O)c1)F
-26.00    -26.26     36.61      0.77      N(CCC)=c1c([N+](=O)[O-])c[nH]c(=NCCCN2CCCCC2C)[nH]1
Human-Component   raw_Human-Component
0.5666666626930237   0.5666666626930237   
0.2666666805744171   0.2666666805744171   
0.20000000298023224   0.20000000298023224   
0.30000001192092896   0.30000001192092896   
0.10000000149011612   0.10000000149011612   
0.0   0.0   
0.9666666388511658   0.9666666388511658   
0.8333333134651184   0.8333333134651184   
0.7333333492279053   0.7333333492279053   
0.7666666507720947   0.7666666507720947   

14:46:03: local_reinforcement_logger.timestep_report +41: INFO     
 Step 39   Fraction valid SMILES: 100.0   Score: 0.5000   Time elapsed: 30   Time left: 8.2
  Agent     Prior     Target     Score     SMILES
-29.78    -28.88     -5.07      0.29      C(NCC1(O)C2(CS(=O)(=O)N3CCC4(c5c(cccc5)C=C4)CC3)CCC(C1)C2(C)C)CF
-30.69    -32.37     49.63      1.00      c1c(F)c(N=c2cc[nH]c3c2ccc(Cl)c3)cc(OC)c1OC1CN(CCCC)CC1
-15.62    -16.05     -8.11      0.10      c1ccccc1CNC(=O)C
-31.87    -32.09     20.81      0.65      c1c(-c2ccc(Cl)c(Cl)c2)c(F)cc(-c2ccc3nccn3c2)c1
-22.37    -22.35     25.26      0.58      C1Cc2c(O)n(CCC(=O)Nc3c(C)ccc(Cl)c3)c(O)c2CC1
-45.49    -45.22    -13.48      0.39      c1(C(N)=O)cc(-c2[nH]c3c(cc(C4N5C(=S)NC(C)(C)C4=N3)cc5)c2)ccc1
-18.80    -19.49     54.58      0.90      N1(Cc2c(O)ccc3c2occ(-c2ccc(Cl)cc2)c3=O)CCCCC1
-23.19    -22.85      3.60      0.32      COc1c(C(NNC(=O)c2ccc(Br)cc2)=O)cc(Cl)cc1
-20.57    -20.94    -18.29      0.03      C1CCN(S(=O)(=O)c2ccccc2)CC1C(=O)N1CCOCC1
-22.49    -23.38     -2.22      0.26      c1ccccc1CC1CCN(C(c2cnn(C)c2C)C)CC1
Human-Component   raw_Human-Component
0.29032257199287415   0.29032257199287415   
1.0   1.0   
0.09677419066429138   0.09677419066429138   
0.6451612710952759   0.6451612710952759   
0.5806451439857483   0.5806451439857483   
0.3870967626571655   0.3870967626571655   
0.9032257795333862   0.9032257795333862   
0.32258063554763794   0.32258063554763794   
0.032258063554763794   0.032258063554763794   
0.25806450843811035   0.25806450843811035   

14:46:04: local_reinforcement_logger.timestep_report +41: INFO     
 Step 40   Fraction valid SMILES: 96.9   Score: 0.4708   Time elapsed: 31   Time left: 7.6
  Agent     Prior     Target     Score     SMILES
-29.46    -29.16     30.98      0.73      C(C1=C(C)CCC2C1(C)CCCC2(C)CCC=C(C)C)C1OC1(C)C
-28.05    -27.81      2.26      0.37      c1(C(C)C)cc(C(C)C)c(-c2sc(=NN=Cc3ccco3)[nH]n2)c(C)c1
-32.61    -31.10    -31.10      0.00      C1CC(N(C(C(Oc2cc(C)c(C)cc2)C)=O)CC(=O)NCCc2ccccc2)CCC1
-38.32    -36.98      9.49      0.57      Oc1c(C(=NN=c2[nH]c3c(cc(C)cc3)s2)C)nc(Cc2ccc(SC)cc2)n1C
-26.30    -26.90     25.03      0.63      N1(c2cc(S(=O)(=O)N(C)C)ccc2OC)CCN(S(=O)(C)=O)CC1
-23.60    -24.32     49.48      0.90      c1c2cc(CCl)ccc2c(O)cc1
-29.62    -30.57      7.69      0.47      O=C1c2ccccc2NC(c2ccccc2)C1C(OCC#CCO)=O
-40.38    -40.98    -35.52      0.07      C1CNC(c2ccc(C)c(N=C(c3ccc4cc(C5=NCCN5)ccc4c3)N)c2)NC1
-25.69    -26.21     14.79      0.50      C1C2CC3CC(CC1(CC(=O)NN=Cc1c4c(n(C)c1)cccc4)C3)C2
-25.28    -25.39    -25.39      0.00      c1cc(C(C(NCCCN(C)C)=O)NC(C)C)ccc1
Human-Component   raw_Human-Component
0.7333333492279053   0.7333333492279053   
0.36666667461395264   0.36666667461395264   
0.0   0.0   
0.5666666626930237   0.5666666626930237   
0.6333333253860474   0.6333333253860474   
0.8999999761581421   0.8999999761581421   
0.46666666865348816   0.46666666865348816   
0.06666667014360428   0.06666667014360428   
0.5   0.5   
0.4333333373069763   0.4333333373069763   

14:46:05: local_reinforcement_logger.timestep_report +41: INFO     
 Step 41   Fraction valid SMILES: 96.9   Score: 0.4594   Time elapsed: 32   Time left: 6.9
  Agent     Prior     Target     Score     SMILES
-31.65    -31.80      9.20      0.50      C12C(=O)Nc3c(ccc(NC(=O)NCc4occc4)c3)C1CCC=C2
-27.25    -27.95     43.12      0.87      Fc1ccccc1N=c1sc(C=c2cc(C)n(CCN(C)C)c2=C)c(O)n1C
-21.34    -21.87     27.33      0.60      c12[nH]c(C)nc1c(Br)c(=O)n(C)c2
-23.45    -23.37    -23.37      0.00      N(C(Cc1ccc(O)c(O)c1)C(O)=O)C(=O)C(CCSC)N
-28.41    -28.45     31.68      0.73      c1cc(CNC(c2n(C)nc(CC)c2Cl)=O)nc2ccc(Cl)nc12
-27.75    -26.18     50.35      0.93      c1cc(-n2c(=O)c(NC(CN3CCC(n4nnc5cc(C(F)(F)F)ccc45)CC3)C)c(C)n2C)ccc1
-41.73    -41.93    -14.60      0.33      c1ccc(COCn2c(=O)[nH]c(=O)c(CC)c2C(CN2C(C(O)O)CCC2)=O)cc1
-23.67    -24.97     -5.83      0.23      c1(S(C)(=O)=O)ccc(CCNCc2ccccc2F)cc1
-23.86    -23.35    -20.62      0.03      c1c(OCC(C)=C)cc2c(c(=O)cc(-c3ccc(OC)cc3)o2)c1O
-23.95    -24.48     54.79      0.97      C(CCNC(C=Cc1cc(Cl)c(Cl)cc1)=O)CCN1CCN(C(Nc2cc(Cl)c(F)cc2)=O)CCC1
Human-Component   raw_Human-Component
0.5   0.5   
0.8666666746139526   0.8666666746139526   
0.6000000238418579   0.6000000238418579   
0.800000011920929   0.800000011920929   
0.7333333492279053   0.7333333492279053   
0.9333333373069763   0.9333333373069763   
0.3333333432674408   0.3333333432674408   
0.23333333432674408   0.23333333432674408   
0.03333333507180214   0.03333333507180214   
0.9666666388511658   0.9666666388511658   

14:46:07: local_reinforcement_logger.timestep_report +41: INFO     
 Step 42   Fraction valid SMILES: 96.9   Score: 0.4844   Time elapsed: 34   Time left: 6.3
  Agent     Prior     Target     Score     SMILES
-33.29    -32.67      0.13      0.40      n12c(nc(-c3ccccc3)c1Cc1cc(Cl)ccc1OC)c(C)cc(-c1nn[nH]n1)c2
-70.37    -70.20    -67.47      0.03      CC(C)(C)C(C1N2C(C3CCCCCC(NC(=O)C(NC(=O)C(NC)C)Cc4ccccc4)C3=O)CC(NC(C(N(C(c3ccccc3)=O)C)CCCN)=O)(C2=O)C1)=O
-17.87    -18.02     22.98      0.50      c1cccc(C(C)NC(=O)N=c2[nH]cc3c(=NCC)[nH][nH]c3c2)c1
-31.10    -30.71    -17.05      0.17      C(C1=C(C)N=CC2=C1C(c1ccc(Br)cc1)C(=O)C(C)(OC)C2=O)#N
-42.09    -41.60    -33.40      0.10      C(C(C(N=c1[nH]n(Cc2cc(NC(C)=O)ccc2)nc1)=O)NC(c1cc(OCC)ccc1)=O)c1ccccc1
-28.75    -28.64     42.43      0.87      C(CN1CCN(c2ccccc2)CC1)CN1c2c(ccc(C(=O)N3CCCC3)c2)Sc2ccccc2C1=O
-29.82    -30.54     32.33      0.77      Oc1cc(N2CCN(c3c(O)cccc3)CC2)c2c(c1)oc(C)cc2=O
-21.46    -22.49     15.78      0.47      c1[nH]c(=NC(NCC)=O)cc(N)c1
-23.95    -23.87     -2.00      0.27      c1(CN(C)Cc2cc(-n3cccn3)ccc2)c(C)noc1C
-32.67    -32.58     19.36      0.63      c1ccc2c(c1)CSc1c(cncc1)C(N)C2
Human-Component   raw_Human-Component
0.4000000059604645   0.4000000059604645   
0.03333333507180214   0.03333333507180214   
0.5   0.5   
0.1666666716337204   0.1666666716337204   
0.10000000149011612   0.10000000149011612   
0.8666666746139526   0.8666666746139526   
0.7666666507720947   0.7666666507720947   
0.46666666865348816   0.46666666865348816   
0.2666666805744171   0.2666666805744171   
0.6333333253860474   0.6333333253860474   

14:46:07: local_reinforcement_logger.timestep_report +41: INFO     
 Step 43   Fraction valid SMILES: 100.0   Score: 0.5000   Time elapsed: 35   Time left: 5.6
  Agent     Prior     Target     Score     SMILES
-30.42    -30.17    -14.29      0.19      O(c1cccc(OCC)c1OCC)CC(NN=CC=Cc1sccc1)=O
-25.05    -25.28      9.11      0.42      FC(c1ccc2sc(-c3ccccc3)nc(=O)c2c1)(F)F
-29.10    -30.25     30.59      0.74      O(CCC)c1ccc2c(c1)CCCN2CCCn1cnc2n(C)c(=O)n(C)c(=O)c21
-27.05    -26.86     28.68      0.68      Cc1nc(Cl)nc(Oc2ccc(OCCN(C)C)cc2)c1
-27.45    -27.86      9.17      0.45      C1N(C(OC(C)(C)C)=O)CCC(CNC(c2c3ccccc3nc(-c3ccc(F)cc3)c2)=O)C1
-34.81    -35.15     15.11      0.61      CC1c2c(c(O)c3c(cc(CCl)cc3)c2O)C2(C)CCCC(C)(C)C2C1=O
-41.47    -42.31     10.59      0.65      c1cc2c(c(=NCCN)[nH][nH]c2=NCCN(C)C)c2[nH]ccc(=NCCCN)c12
-47.69    -47.21     24.21      0.87      C1(C(=O)NN2C3(O)C(OC24C(=O)N(C)c2c4cccc2)CCCCC3=Cc2ccccc2)CCCN(C)C1
-26.12    -25.87    -12.64      0.16      C(NC(c1c(OC)cc(OC)cc1)=O)(Nc1cccc(C(F)(F)F)c1)=O
-20.06    -20.50     -1.99      0.23      c1(=O)c2ccccc2nc(SCCC)n1N
Human-Component   raw_Human-Component
0.19354838132858276   0.19354838132858276   
0.4193548262119293   0.4193548262119293   
0.7419354915618896   0.7419354915618896   
0.6774193644523621   0.6774193644523621   
0.4516128897666931   0.4516128897666931   
0.6129032373428345   0.6129032373428345   
0.6451612710952759   0.6451612710952759   
0.8709677457809448   0.8709677457809448   
0.16129031777381897   0.16129031777381897   
0.22580644488334656   0.22580644488334656   

14:46:09: local_reinforcement_logger.timestep_report +41: INFO     
 Step 44   Fraction valid SMILES: 100.0   Score: 0.4819   Time elapsed: 36   Time left: 4.8
  Agent     Prior     Target     Score     SMILES
-30.43    -29.72     36.41      0.81      N(C)(CCN1CC2=C(C(C)(C)Oc3c2c(O)cc(C(C(CCCCC)C)C)c3)C1(C)C)C
-36.51    -37.12      5.20      0.52      N#Cc1c[nH]c(=NCCO)c2c1n(C)c(=O)n2C(CC)C
-22.36    -22.10     14.93      0.45      O1c2c(ccc(-c3c(C(=O)N4CCCCC4)c(N)sc3)c2)OC1
-45.33    -44.99    -21.18      0.29      C(c1cc(C#Cc2ccc3c(c2)nc(N2CCCCC2)[nH]c3=NC2CCCCCC2)ccc1)(OC)=O
-20.26    -20.53     37.66      0.71      c1(N(C)C)ccc(C=Cc2c[nH]cc(C#N)c2=Nc2c(C)c3cc[nH]c3cc2)cc1
-26.01    -25.19    -25.19      0.00      c1(S(N2CCC(C(NCCC(=O)NCc3ccc(OCC)cc3)=O)CC2)(=O)=O)ccc(C)cc1
-20.87    -19.96     -6.73      0.16      O=S1(=O)c2cc([N+]([O-])=O)cc3cccc(c23)N1
-20.56    -21.10     10.64      0.39      [nH]1c(=N)[nH]c2c(ncn2C2C(O)C(N)C(CO)O2)c1=N
-26.78    -27.11     25.80      0.65      COc1c(OC)c(OC)cc(CNCCCN=c2c3c(cc(OC)c(OC)c3)[nH]c(C)c2)c1
-31.05    -30.67     -9.51      0.26      c1(=O)c2c(-c3ccc(Br)cc3)c(CN)c(=O)[nH]c2ncn1CCc1ccccc1
Human-Component   raw_Human-Component
0.8064516186714172   0.8064516186714172   
0.5161290168762207   0.5161290168762207   
0.4516128897666931   0.4516128897666931   
0.29032257199287415   0.29032257199287415   
0.7096773982048035   0.7096773982048035   
0.0   0.0   
0.16129031777381897   0.16129031777381897   
0.3870967626571655   0.3870967626571655   
0.6451612710952759   0.6451612710952759   
0.25806450843811035   0.25806450843811035   

14:46:10: local_reinforcement_logger.timestep_report +41: INFO     
 Step 45   Fraction valid SMILES: 96.9   Score: 0.4688   Time elapsed: 37   Time left: 4.0
  Agent     Prior     Target     Score     SMILES
-36.19    -35.50    -19.10      0.20      C(c1ccccc1F)(Nc1ccc(-c2[nH]c3c(cc(NS(=O)(=O)c4ccc5c(c4)OCO5)cc3)n2)cc1)=O
-24.10    -24.54     24.66      0.60      CC1N(C(Cc2ccc(-c3ccccc3)cc2)=O)c2c(cccc2)C1
-32.23    -33.99     48.01      1.00      N1(c2c(F)cccc2)CCN(CCCCc2cnc3c(cccc3)c2CC)CC1
-25.69    -26.65     19.82      0.57      N12C(=O)c3c(Oc4ccc(N)cc4)cccc3C1CCCC2
-26.74    -27.13    -27.13      0.00      c1ccc(C#CCC(N)=O)cc1O
-36.37    -36.81     31.52      0.83      C1CN(C)CCC1c1ccc2c(c1)ccc(-c1nc(-c3cccc(N(C)C)c3)[nH]c1-c1ccncc1)c2
-17.36    -18.26     39.14      0.70      C(C1CC1)N1CCC23c4cc(O)ccc4CC1C2CCCC3
-21.10    -21.22     33.44      0.67      c1(S(=O)(c2ccccc2)=O)c(=O)c2c(cc(N3CCCCCC3)c(F)c2)n(CCC)c1
-28.74    -29.73     33.14      0.77      CN1CCCCC1CCC(c1cc(F)c(N2CCCC2)cc1)=O
-28.93    -29.06      3.74      0.40      n1(C)c(CCN2CCC3(N(c4ccccc4)CN(CC(C)C)C3=O)CC2)ncc1
Human-Component   raw_Human-Component
0.20000000298023224   0.20000000298023224   
0.6000000238418579   0.6000000238418579   
1.0   1.0   
0.5666666626930237   0.5666666626930237   
0.5   0.5   
0.8333333134651184   0.8333333134651184   
0.699999988079071   0.699999988079071   
0.6666666865348816   0.6666666865348816   
0.7666666507720947   0.7666666507720947   
0.4000000059604645   0.4000000059604645   

14:46:11: local_reinforcement_logger.timestep_report +41: INFO     
 Step 46   Fraction valid SMILES: 100.0   Score: 0.5000   Time elapsed: 38   Time left: 3.2
  Agent     Prior     Target     Score     SMILES
-24.00    -24.28      4.82      0.35      O=C(NC1CN2CCC1CC2)c1c(NC(=O)C)cccc1
-22.71    -22.81     19.52      0.52      c1(-c2noc(C(C)C)n2)c(F)cc(F)cc1
-18.71    -18.93     18.10      0.45      C1C(N(C)C)C(=O)N(c2ccccc2)C1
-41.44    -39.61    -31.67      0.10      N(C(=O)c1ccc(C(=O)C)cc1)=c1n(CCC(=O)N)c2c([nH]1)cc(Oc1cc(NC(C(C)=C)=O)ccc1)cc2
-20.96    -20.83     18.84      0.48      c1c(Br)ccc(Cn2ccc3c4c(=N)[nH]c(=N)[nH]c4ccc32)c1
-22.82    -22.87     -1.71      0.26      c1cc(CNC(c2cc3c(cc2)SC(=Cc2ccccc2F)C(=O)N3)=O)cc2c1OCO2
-20.11    -20.66     40.17      0.74      [nH]1c(-c2cnccc2)cc2cc(Cl)ccc12
-36.95    -37.75     41.61      0.97      C1=C2C(Nc3c(OC)cc(Cl)cc3)c3ccccc3CC2SCC1
-21.02    -22.34     49.08      0.87      N1(c2c3c(scc3C)ncn2)CCN(CCO)CC1
-32.86    -33.19    -22.60      0.13      c1(-c2ccccc2)n(C)c(-c2oc(CNS(=O)(N)=O)nn2)nn1
Human-Component   raw_Human-Component
0.35483869910240173   0.35483869910240173   
0.5161290168762207   0.5161290168762207   
0.4516128897666931   0.4516128897666931   
0.09677419066429138   0.09677419066429138   
0.4838709533214569   0.4838709533214569   
0.25806450843811035   0.25806450843811035   
0.7419354915618896   0.7419354915618896   
0.9677419066429138   0.9677419066429138   
0.8709677457809448   0.8709677457809448   
0.12903225421905518   0.12903225421905518   

14:46:12: local_reinforcement_logger.timestep_report +41: INFO     
 Step 47   Fraction valid SMILES: 100.0   Score: 0.5000   Time elapsed: 39   Time left: 2.4
  Agent     Prior     Target     Score     SMILES
-39.99    -38.51      1.17      0.48      S(CN1C(=O)C(NC(Nc2cccc(NC(OC(C)(C)C)=O)c2)=O)C(=O)N(CC23CC4CC(C2)CC(C4)C3)c2ccccc21)c1ccncc1
-23.66    -23.31     -2.15      0.26      c1c(N=c2[nH]c(=NC(CO)CC)[nH]c3n(C(C)C)cnc32)cn(C)n1
-25.14    -24.40    -16.46      0.10      c1([N+](=O)[O-])cc2c(nc(-c3ccccc3)c(C(F)(F)F)n2)cc1
-22.07    -21.67      7.43      0.35      c1c(N(C(=O)c2ccco2)C2CS(=O)(=O)C=C2)ccc(Cl)c1
-31.90    -33.06     35.72      0.84      Oc1c2c(c(O)n1CCCCCCCCCCCC)CCC1C2N(Cc2ccccc2)C(=O)CN1C(=O)C
-23.06    -24.11     57.89      1.00      N1(c2[nH][nH]c(=N)n2)CCN(c2ccc(C)c(Cl)c2)CC1
-23.39    -23.89     34.30      0.71      c1[nH]c2c(c1CC(N)=O)ccc(C)c2
-24.27    -24.04     -5.52      0.23      O=[N+]([O-])c1oc(C(NCCCOc2ccccc2)=O)cc1
-20.40    -20.31     24.66      0.55      C1(O)C(O)C(Oc2c(=O)c3c(O)cc(O)cc3oc2-c2ccc(O)c(OC)c2)OC(CO)C1O
-38.01    -38.81     -7.06      0.39      c1(=Nc2ccc(OC)cc2)[nH]c2c(cc(-c3c(Cl)cccc3Cl)c(=O)n2C)c(N(COCCO)CCOC)n1
Human-Component   raw_Human-Component
0.4838709533214569   0.4838709533214569   
0.25806450843811035   0.25806450843811035   
0.09677419066429138   0.09677419066429138   
0.35483869910240173   0.35483869910240173   
0.8387096524238586   0.8387096524238586   
1.0   1.0   
0.7096773982048035   0.7096773982048035   
0.22580644488334656   0.22580644488334656   
0.5483871102333069   0.5483871102333069   
0.3870967626571655   0.3870967626571655   

14:46:13: local_reinforcement_logger.timestep_report +41: INFO     
 Step 48   Fraction valid SMILES: 93.8   Score: 0.4688   Time elapsed: 40   Time left: 1.6
  Agent     Prior     Target     Score     SMILES
-20.89    -20.87     -6.73      0.17      c1c(C(=O)N2N=C(C(F)F)CC2(C(F)F)O)ccc(C)c1
-24.10    -24.00     46.69      0.86      c1(C(F)(F)F)ccc2[nH]c(C)cc(=NCCCn3cncc3)c2c1
-26.25    -26.85     -9.88      0.21      N1C(c2ccc(O)cc2)CC(=O)Oc2ccc([N+]([O-])=O)cc21
-34.69    -34.47    -34.47      0.00      c1cc(N=c2[nH]c3onc(C)c3c(-c3cc(O)ccc3)n2)c(OC)cc1OC
-19.26    -19.77     33.95      0.66      c1(Br)ccc(CN(C)CC=Cc2ccccc2)cc1
-27.62    -26.93    -21.28      0.07      C1C(=N)NC(C(F)F)(c2cc(NC(c3cc(Cl)cnc3OC)=O)ccc2F)CO1
-25.24    -24.97    -24.97      0.00      [nH]1c2cc(C)oc3c(cccc3)c-2nc1=O
-37.34    -35.42    -24.11      0.14      c1ccc(C(n2cncc2)c2c(OC)ccc(C(CC)C)c2)c(C(=O)O)c1
-29.16    -29.10    -29.10      0.00      c12c(Br)[nH]c3ccc(OC)cc3c1nn(C)c2
-42.95    -42.84    -17.40      0.31      C(c1n(Cc2c(O)c([N+]#C)ccc2)cc(Cl)c1)(=O)NCc1c(C)cc(C)[nH]c1=O
Human-Component   raw_Human-Component
0.17241379618644714   0.17241379618644714   
0.8620689511299133   0.8620689511299133   
0.2068965584039688   0.2068965584039688   
0.0   0.0   
0.6551724076271057   0.6551724076271057   
0.06896551698446274   0.06896551698446274   
0.0   0.0   
0.13793103396892548   0.13793103396892548   
0.0   0.0   
0.3103448152542114   0.3103448152542114   

14:46:14: local_reinforcement_logger.timestep_report +41: INFO     
 Step 49   Fraction valid SMILES: 100.0   Score: 0.5000   Time elapsed: 42   Time left: 0.8
  Agent     Prior     Target     Score     SMILES
-23.82    -24.24     28.67      0.65      c1(=NCC)c2ncn(C3C(O)C(O)C(COS(NC(c4ccccc4O)=O)(=O)=O)O3)c2nc[nH]1
-20.29    -21.15     50.27      0.87      c1(C(N)=O)ccc(N2CCN(c3ccc(F)cc3)CC2)cc1
-22.49    -23.15     19.17      0.52      n1ccnc(C)c1Oc1cc(F)ccc1
-57.88    -58.47    -32.02      0.32      COC12N3C(=CC1(C(OCC)=O)c1c(ccc(O)c1)N2C)c1c(O)n(-c2ccccc2[N+](=O)[O-])c(O)c1CC3
-22.07    -21.61     -5.74      0.19      [O-][N+](=O)c1ccc(NC(=O)Nc2cc(Cl)c(F)cc2)cc1
-26.72    -26.21      2.89      0.35      c1(-c2cccc(C)c2)c(=O)n(C)n(-c2ccccc2)c1-c1ccc(S(=O)(=O)C)cc1
-27.32    -27.57     35.91      0.77      O(CCC)c1cc(Cl)ccc1C1N(Cc2cccc(-c3ncccn3)c2)C(=O)C(C)C1
-30.02    -29.61    -24.32      0.06      c1(=O)n(CN(C(c2ccccc2)C)S(=O)(=O)c2ccc(C)cc2)nc(C)cc1
-24.33    -25.23     43.55      0.84      c1c(N=Nc2cn(C)nc2C)cc(Cl)cc1
-25.08    -25.01     19.96      0.55      S(c1ccc(N=c2[nH]n(C3C(C#N)CCCC3)cc2C(=O)N)cn1)C
Human-Component   raw_Human-Component
0.6451612710952759   0.6451612710952759   
0.8709677457809448   0.8709677457809448   
0.5161290168762207   0.5161290168762207   
0.32258063554763794   0.32258063554763794   
0.19354838132858276   0.19354838132858276   
0.35483869910240173   0.35483869910240173   
0.774193525314331   0.774193525314331   
0.06451612710952759   0.06451612710952759   
0.8387096524238586   0.8387096524238586   
0.5483871102333069   0.5483871102333069   

