15:23:37: local_reinforcement_logger.log_message +32: INFO     starting an RL run
15:23:38: local_reinforcement_logger.timestep_report +41: INFO     
 Step 0   Fraction valid SMILES: 100.0   Score: 0.5000   Time elapsed: 1   Time left: 50.0
  Agent     Prior     Target     Score     SMILES
-30.76    -30.76    -17.92      0.40      c1cc(-c2ccc(-c3ncc(C(NCCNC(=N)N)=O)cc3)cc2)ccc1
-27.19    -27.19    -17.04      0.32      C1(=Cc2cn(C(C)C)c3ncccc32)C(=O)N(c2ccc(OC)cc2)C(=O)NC1=O
-21.95    -21.95      1.93      0.75      c1(-c2ccccc2)nn(-c2ccccc2O)nn1
-34.15    -34.15    -26.16      0.25      O=C(Nc1ccc(OCCCCC(=O)Nc2ccc3ccccc3c2)cc1)c1ccc(NC(=O)c2ccco2)cc1
-19.82    -19.82      3.44      0.73      c12ccccc1C1c3c(cccc3)C2C(c2ccccc2)N1
-26.23    -26.23    -13.26      0.41      c1cc2[nH]cc(C=NNC(=O)CCC(Nc3c(F)c(F)c(F)cc3)=O)c2cc1
-19.87    -19.87      2.43      0.70      ON=C(c1ccccc1)SC
-27.05    -27.05     -6.44      0.64      C1CN(c2c(C#N)c(C)c(C)nn2)CCN(Cc2ccc(Cl)cc2)C1
-20.02    -20.02     -0.17      0.62      c1c(NC(C2CCC2)=O)ccc(Br)c1
-21.40    -21.40     -6.19      0.48      c1(C=CC(O)=O)ccc(NC(C2(NC(c3cc4c(cc3)c(C3CCCC3)c(-c3ncccc3)n4C)=O)CCCC2)=O)cc1
Human-Component   raw_Human-Component
0.4010752737522125   0.4010752737522125   
0.3172042965888977   0.3172042965888977   
0.7462365627288818   0.7462365627288818   
0.24946236610412598   0.24946236610412598   
0.726881742477417   0.726881742477417   
0.4053763449192047   0.4053763449192047   
0.6967741847038269   0.6967741847038269   
0.6440860033035278   0.6440860033035278   
0.6204301118850708   0.6204301118850708   
0.47526881098747253   0.47526881098747253   

15:23:40: local_reinforcement_logger.timestep_report +41: INFO     
 Step 1   Fraction valid SMILES: 100.0   Score: 0.5000   Time elapsed: 2   Time left: 49.0
  Agent     Prior     Target     Score     SMILES
-32.91    -32.93    -29.90      0.09      c1c(C(C(=O)NCCOC)N(C(CNC(c2sccc2)=O)=O)c2ccc(C3CCCCC3)cc2)cc(OC)c(OC)c1OC
-29.66    -29.72    -17.37      0.39      N(c1ccc2oc(-c3cccc(Cl)c3)nc2c1)S(=O)(c1cccc(C(O)=O)c1)=O
-33.08    -33.03    -12.63      0.64      N1(C(=O)NS(c2ccc3nc(C)sc3c2)(=O)=O)CCN(C2CCCCC2)CC1
-40.62    -40.58    -37.18      0.11      n1cc(C(=O)NC)ccc1C(Nc1ccc(C)c(N=c2c3c(C(=O)C)cccc3[nH]c(CC)c2)c1)=O
-28.31    -28.26     -8.82      0.61      C(N1c2ccc(NC(=O)c3ccccc3OCC)cc2C(C)(C)CC1=O)C
-26.20    -26.26     -2.62      0.74      CSc1n(-c2ccc(Cl)cc2)c2nc3ccccc3nc2n1
-28.27    -28.27     -9.25      0.59      C1CC2Oc3ccc(O)cc3C2(CC2CCCCC2)OC1
-34.02    -33.95    -12.34      0.68      c1(F)ccc(C(=O)n2nnnc2CCCC(O)=NO)cc1F
-17.77    -17.74     -0.95      0.52      c1c2c(=O)n(O)c(-c3ccccc3)nc2ccc1
-23.61    -23.52     -8.56      0.47      S(=O)(c1cc2c(=O)n(C)c(=O)n(C)c2cc1)(=O)N
Human-Component   raw_Human-Component
0.09462365508079529   0.09462365508079529   
0.3860214948654175   0.3860214948654175   
0.6376343965530396   0.6376343965530396   
0.106451615691185   0.106451615691185   
0.6075268983840942   0.6075268983840942   
0.7387096881866455   0.7387096881866455   
0.5946236848831177   0.5946236848831177   
0.675268828868866   0.675268828868866   
0.5247311592102051   0.5247311592102051   
0.4677419364452362   0.4677419364452362   

15:23:40: local_reinforcement_logger.timestep_report +41: INFO     
 Step 2   Fraction valid SMILES: 96.9   Score: 0.4844   Time elapsed: 3   Time left: 48.0
  Agent     Prior     Target     Score     SMILES
-25.86    -25.88    -14.73      0.35      c1ccnc(C(=Nc2cccc(CNC(C)(C)C)c2)N)n1
-41.94    -41.78    -18.61      0.72      c1ccc(CN2CCN(c3nc4nccc(-c5cc(C(C)=O)ccc5)n4c(=O)c3)CC2)s1
-19.70    -19.70      0.71      0.64      c1(NC(=O)C2=CCCCC2C(=O)O)cc(C)cc(C)c1
-29.16    -29.16    -21.18      0.25      c1(C)cc(-c2noc(C3CCCCN3C(C(c3ccccc3)c3ccccc3)=O)n2)no1
-32.96    -33.03    -16.14      0.53      O=C(NCC1N(C(=O)C2CC2)CCC1)N1CCc2[nH]nc(-c3ccccc3)c2C1
-25.28    -25.33     -1.72      0.74      c1(C(c2ccccc2)CCN(CCN2CCN(CCCc3ccccc3)CC2)C)ccc(F)cc1
-27.55    -27.57    -11.75      0.49      C(CC)c1ccc(S(=O)(Nc2c3ccccc3c(NS(c3ccc(OCC)cc3)(=O)=O)cc2)=O)cc1
-25.52    -25.58    -15.31      0.32      c1(F)ccccc1CSCCNc1c([N+]([O-])=O)cc(S(=O)(NC(C)=O)=O)cc1
-35.46    -35.38    -13.98      0.67      C(c1noc(C2CN(C(c3c(F)cccc3)=O)CC2)n1)C1CCNCC1
-23.25    -23.20     -4.59      0.58      C(CNC(c1c2nc3c(nc2ccc1)cccc3)=O)CN1CCOCC1
Human-Component   raw_Human-Component
0.3482758700847626   0.3482758700847626   
0.7241379022598267   0.7241379022598267   
0.6379310488700867   0.6379310488700867   
0.24942529201507568   0.24942529201507568   
0.5275862216949463   0.5275862216949463   
0.7379310131072998   0.7379310131072998   
0.49425286054611206   0.49425286054611206   
0.3206896483898163   0.3206896483898163   
0.6689655184745789   0.6689655184745789   
0.5816091895103455   0.5816091895103455   

15:23:41: local_reinforcement_logger.timestep_report +41: INFO     
 Step 3   Fraction valid SMILES: 96.9   Score: 0.4844   Time elapsed: 3   Time left: 35.2
  Agent     Prior     Target     Score     SMILES
-24.05    -23.94     -3.05      0.65      c1(N(CC)CC)ccc(C=NN=c2c3c(cn[nH]2)cccc3)c(O)c1
-38.07    -37.94    -18.34      0.61      c1(OC)cc(CN(C)Cc2c(NC(=O)C)sc(C(NC(C(=O)O)C(C)C)=O)c2)ccc1
-30.07    -30.06    -20.90      0.29      c1(OC)cc(C=CC(OCCOc2c(C)cc(Cl)cc2C(C)C)=O)ccc1OC
-30.28    -30.53    -14.78      0.49      c12c(nc(CCCCc3nc4c(n3CC(O)=O)CCCC4)n1Cc1ccccc1)cccc2
-20.26    -20.49    -14.39      0.19      O=C(NCc1ccccc1)C1CCN(S(=O)(c2ccc(OCC)cc2)=O)CC1
-26.89    -27.04    -17.48      0.30      C1CCC(Cn2cncn2)N(CC(NCc2ccccc2C)=O)C1
-27.75    -27.89    -14.69      0.41      c1(C(N(C(=O)CCCCCc2n[nH]c(=S)[nH]2)C)C)ccccc1
-25.05    -25.27     -9.41      0.50      C1(O)C2(C)Oc3ccc(O)cc3C(=O)C2CCC1
-38.42    -38.43    -33.62      0.15      O1C(n2cnc3c(=NN4CCCC4)[nH]cnc32)C(O)C(O)C1COS(=O)(NC(=O)C(N)CC(N(C)C)=O)=O
-20.63    -20.82     -8.54      0.38      C1N(S(=O)(=O)c2ccc(Cl)cc2)CCN(C(NCc2ccccc2)=O)C1
Human-Component   raw_Human-Component
0.6528735756874084   0.6528735756874084   
0.6126436591148376   0.6126436591148376   
0.2862069010734558   0.2862069010734558   
0.4919540286064148   0.4919540286064148   
0.1908046007156372   0.1908046007156372   
0.29885056614875793   0.29885056614875793   
0.4126436710357666   0.4126436710357666   
0.4954023063182831   0.4954023063182831   
0.1505747139453888   0.1505747139453888   
0.3839080333709717   0.3839080333709717   

15:23:42: local_reinforcement_logger.timestep_report +41: INFO     
 Step 4   Fraction valid SMILES: 96.9   Score: 0.4844   Time elapsed: 4   Time left: 36.8
  Agent     Prior     Target     Score     SMILES
-37.61    -37.68    -21.75      0.50      C12(C)CCCC(C)(C)C1CCC(C)C2(OC(=O)C)CC(=NO)C(O)C
-22.87    -23.03     -7.48      0.49      c1cc(S(N2CCCCC2)(=O)=O)cc2oc(=O)n(CC(=O)NCCc3ccc(Cl)cc3)c12
-30.28    -29.90    -24.27      0.18      c1(-c2c3c(c(=N)[nH]c2)c(-c2ccc(NC(=O)c4ccc(OC(F)(F)F)cc4)cc2)cs3)cc(OC)c(OC)c(OC)c1
-26.38    -26.51    -20.37      0.19      c1(=Nc2cccc(NS(C)(=O)=O)c2)[nH]cnc2c1cc(NC(=O)Nc1cc(Cl)c(Cl)cc1)cc2
-32.04    -32.26    -13.76      0.58      c1c(-c2nnc(CNC(Cn3nc(C)cc3C)=O)n2C2CC2)ccc(Cl)c1
-36.27    -36.59    -13.60      0.72      c1(Cl)cc(F)c2c(c1)-c1ccnc3cccc(c13)N2CCN1CCCCC1
-30.42    -30.69    -11.96      0.59      C(C(OCC)=O)=C1C=CC=CN2C1=NCC2
-31.90    -31.99    -31.99      0.00      c1(S(c2[nH]cc(-c3cnccc3)cc2=O)(=O)=O)cc(Cl)c(Cl)cc1
-41.79    -41.83    -35.80      0.19      c1cc2c(Cc3ccc4oc(-c5ccccc5NC(C)=O)c(SC#N)c4c3)c(C)n(CC(O)=O)c2cc1
-35.09    -35.02    -16.56      0.58      c1c2c(c3sc4ccccc4sc3cc2N2CCOCC2)c(NCCN(C)C)cc1
Human-Component   raw_Human-Component
0.49770113825798035   0.49770113825798035   
0.48620688915252686   0.48620688915252686   
0.17586207389831543   0.17586207389831543   
0.19195401668548584   0.19195401668548584   
0.5781609416007996   0.5781609416007996   
0.7183908224105835   0.7183908224105835   
0.5850574970245361   0.5850574970245361   
0.0   0.0   
0.18850575387477875   0.18850575387477875   
0.5770114660263062   0.5770114660263062   

15:23:43: local_reinforcement_logger.timestep_report +41: INFO     
 Step 5   Fraction valid SMILES: 100.0   Score: 0.5000   Time elapsed: 6   Time left: 45.0
  Agent     Prior     Target     Score     SMILES
-32.16    -32.33    -20.80      0.36      C(C(=O)N=c1n(-c2ccccc2)[nH]c(-c2ccccc2)c1)n1nnnc1CCC
-30.34    -30.32    -10.02      0.63      c1c(Oc2ccc(C(C3COC4(CCCCC4)OC3)=COC)cc2)ccc(Br)c1
-29.20    -29.22    -12.19      0.53      c1cccc(S(=O)(=O)Nc2c(NCCc3c4c(cccc4)[nH]c3)cccc2)c1
-35.88    -36.11    -26.00      0.32      C1OCCN(CC(C)NC(=O)NCCN(Cc2cocc2)C)C1
-24.02    -24.10     -5.63      0.58      c1c2c(cco2)nc(SCc2cccc(C)c2)n1
-33.35    -33.23    -17.68      0.49      C1C(C)(C)C(O)CCC2(C)C(CCc3c(O)occ3)(C)C(C)C(OC(C=Cc3ccccc3)=O)C(O)C12
-30.93    -30.96    -26.52      0.14      n1n(-c2c(C(N3CC4C(CN(c5ncnc(C(C)C)n5)C4)C3)=O)ccc(C)n2)ncc1
-29.24    -29.07    -14.17      0.47      C(F)(Oc1ccc(C(=O)NCc2c(-n3cncn3)nccc2)cc1)(F)C(F)F
-45.97    -46.46    -33.01      0.42      c12c(nnn1-c1ccc(OC)cc1)C(CCc1ccccc1)=[N+]([O-])C1(N(C)CC2)OCCCO1
-20.96    -21.03     -1.45      0.61      c12[nH]cc(C(=O)C(NCCCC)=O)c1cc(Cl)cc2
Human-Component   raw_Human-Component
0.36021506786346436   0.36021506786346436   
0.6344085931777954   0.6344085931777954   
0.5322580933570862   0.5322580933570862   
0.31612902879714966   0.31612902879714966   
0.5774193406105042   0.5774193406105042   
0.4860215187072754   0.4860215187072754   
0.1387096792459488   0.1387096792459488   
0.4655914008617401   0.4655914008617401   
0.42043009400367737   0.42043009400367737   
0.6118279695510864   0.6118279695510864   

15:23:44: local_reinforcement_logger.timestep_report +41: INFO     
 Step 6   Fraction valid SMILES: 100.0   Score: 0.5000   Time elapsed: 7   Time left: 44.0
  Agent     Prior     Target     Score     SMILES
-38.70    -38.60    -37.09      0.05      O(c1ccc(C(OC(=O)C2N(S(=O)(=O)c3ccc(C)cc3)CC=C2)(C(c2ccccc2)=O)[N+](=O)[O-])cc1)C
-33.90    -34.02     -8.90      0.78      C1=Nc2c(ccc(OCCCCC3NC(=O)C4N(CCC4)C3=O)c2)C(=O)N2C1CCC2
-26.09    -26.01     -1.93      0.75      c1c(Br)ccc(Sc2ccc(-c3ccccc3)cc2O)c1
-26.64    -26.70     -9.01      0.55      N1(CC(=O)c2ccc(F)cc2)C(=S)NCC1C
-20.94    -21.29      0.18      0.67      N1(c2nc(-c3cccc(O)c3)cc(-c3ccncc3)n2)CCNCC1
-22.02    -21.72     -1.73      0.62      c1c(-c2[nH][nH]c(=NC(COc3c(C)cccc3)=O)c2)cccc1
-43.81    -44.05    -25.57      0.58      c1(C[n+]2c(CC)cc(-c3ccccc3)o2)ccc(C[n+]2cn(Cc3ccc(-c4ccccc4)cc3)nn2)cc1
-32.54    -32.50    -13.33      0.60      c12c(=N)nc[nH]c1ccc(-c1ccsc1)c2OC(C)C
-29.27    -29.52    -14.69      0.46      n1c2c(c[nH]c1=NCc1ccc(OC)cc1)C(=O)N(c1cccc(OC)c1)CCC2=O
-30.34    -30.26    -18.90      0.35      CN(c1ccc(C(Oc2ccc(CC(C(=O)O)Nc3ccccc3Oc3ccccc3)cc2)=O)cc1)C
Human-Component   raw_Human-Component
0.047311827540397644   0.047311827540397644   
0.7849462628364563   0.7849462628364563   
0.7526881694793701   0.7526881694793701   
0.5526881814002991   0.5526881814002991   
0.6709677577018738   0.6709677577018738   
0.624731183052063   0.624731183052063   
0.5774193406105042   0.5774193406105042   
0.5989247560501099   0.5989247560501099   
0.463440865278244   0.463440865278244   
0.35483869910240173   0.35483869910240173   

15:23:45: local_reinforcement_logger.timestep_report +41: INFO     
 Step 7   Fraction valid SMILES: 100.0   Score: 0.5000   Time elapsed: 8   Time left: 43.0
  Agent     Prior     Target     Score     SMILES
-27.10    -27.04     -4.88      0.69      N(=c1[nH]c2c(cc(-c3c(OC)cccc3)cc2)[nH]1)CCOC
-19.15    -19.33      1.80      0.66      Clc1cc2cc(C(O)=O)[nH]c2cc1Cl
-22.50    -22.88     -2.06      0.65      c1cc(C)cc2n1cc(CN1CCN(c3ncccn3)CC1)n2
-30.14    -30.37    -10.73      0.61      O(C(N1CCC1c1cc(=NC(=O)c2ncccc2)nc[nH]1)=O)c1ccccc1
-21.28    -21.18     -4.12      0.53      o1c(N(CCO)CCO)c([N+](=O)[O-])c(C)n1
-21.72    -21.75     -4.68      0.53      c12ccc(-c3nc4c(=O)n(CCC)c(=O)[nH]c4[nH]3)cc1OCCO2
-32.99    -33.37    -26.25      0.22      C(CN=c1n(CC)c(=O)c2scc(NC(N=c3[nH]cc(C)cn3)=O)c2[nH]1)O
-32.25    -32.56    -18.18      0.45      c1cc(N)ccc1Cn1c2nc(Cc3ccc(C)nc3)[nH]c(=O)c2nn1
-22.20    -22.06    -11.08      0.34      c1c(-c2cc(N=c3[nH]ccc(C(F)(F)F)n3)cc(C)c2)ccc(C(CO)O)n1
-25.83    -25.83     -9.94      0.50      c1(C(c2ccccc2)NC(CCCCCC(N(C)C)=O)=O)ccccc1
Human-Component   raw_Human-Component
0.6924731135368347   0.6924731135368347   
0.6602150797843933   0.6602150797843933   
0.6505376100540161   0.6505376100540161   
0.6139785051345825   0.6139785051345825   
0.5333333611488342   0.5333333611488342   
0.5333333611488342   0.5333333611488342   
0.22258064150810242   0.22258064150810242   
0.449462354183197   0.449462354183197   
0.3430107533931732   0.3430107533931732   
0.49677419662475586   0.49677419662475586   

15:23:46: local_reinforcement_logger.timestep_report +41: INFO     
 Step 8   Fraction valid SMILES: 96.9   Score: 0.4844   Time elapsed: 9   Time left: 42.0
  Agent     Prior     Target     Score     SMILES
-22.09    -22.11    -14.17      0.25      c1cccc2c1[nH]ccc2=NC(=O)Nc1ccc(N(CCCl)CCCl)cc1
-34.59    -34.70    -11.34      0.73      c1c(F)ccc(-c2c(C3N(C(C)=O)CCC3)sc(N3CCN(S(=O)(=O)CC)CC3)n2)c1
-40.00    -39.96    -36.39      0.11      CC(C)Oc1ccc(NC(=O)Nc2ccc(Nc3c4c(O)cc(NCc5ccccc5)c(O)c4ccc3)cc2)cc1
-32.11    -31.81     -9.27      0.70      c1(OCc2ccccn2)nc(C)c(-c2cc[nH]c(=Nc3ccc4c(c3)CN(C)C4)n2)cc1
-31.91    -32.07    -24.57      0.23      n1n(-c2ccc(C=C3N=C(c4ccccc4)OC3=O)cc2)c(C2CCCCC2)nc1-c1ccccc1
-26.56    -27.11     -6.44      0.65      C1(c2ccc(OCC)c(OC)c2)N2CCCC2C(=O)N1c1sc2ccccc2n1
-30.55    -30.28    -15.38      0.47      C(N1CCC2(CC(C(=O)N3CCCC3)=C(C)O2)CC1)(=O)C1CC1
-38.61    -38.76    -38.76      0.00      c1(=O)c2cccc3ccc4c(c32)c(=O)n(CCCNCCN)c(=O)c4cc1C
-20.89    -20.95     -9.70      0.35      c1(=O)oc2c(c(C)c1Cc1ccccc1)ccc(O)c2
-23.87    -23.64    -11.28      0.39      [nH]1cnc(=N)c(C(OCC)=O)c1N(C)C
Human-Component   raw_Human-Component
0.24827586114406586   0.24827586114406586   
0.7298850417137146   0.7298850417137146   
0.11149425059556961   0.11149425059556961   
0.7045977115631104   0.7045977115631104   
0.2344827651977539   0.2344827651977539   
0.6459770202636719   0.6459770202636719   
0.4655172526836395   0.4655172526836395   
0.0   0.0   
0.35172414779663086   0.35172414779663086   
0.38620689511299133   0.38620689511299133   

15:23:48: local_reinforcement_logger.timestep_report +41: INFO     
 Step 9   Fraction valid SMILES: 100.0   Score: 0.5000   Time elapsed: 10   Time left: 41.0
  Agent     Prior     Target     Score     SMILES
-35.45    -35.23    -16.13      0.60      C(c1c(N=NN(CCCC)C)[nH]c(=S)n1-c1cccc(N)c1)#N
-26.62    -26.43    -18.48      0.25      C(C)N1C(=O)c2c(sc(C(=O)OCC)c2N)C1
-23.62    -24.16     -1.76      0.70      c1c2c(ccc1OC)C1(C#N)CCCCC1CC2
-19.79    -20.14     -8.07      0.38      C1N(CCC(NN=Cc2ccc(C)cc2)=O)CCOC1
-28.71    -28.84     -8.88      0.62      c1c(Cl)cc(N2CCN(C(c3cc4n[nH]cc4cc3)=O)CC2)cc1C
-20.58    -20.75     -0.27      0.64      N1(C(=O)OCC)CCN(C(c2sc3c(c2)COc2c-3cccc2)=O)CC1
-41.14    -41.05    -21.54      0.61      C(CCCCCN1C(=O)c2c(O)cccc2C1=O)CCCOc1c2c(ccc1OC)CC1N(C)CCC23C=CC(OC)CC13
-17.96    -17.91     -5.29      0.39      c1ccccc1Oc1cc(C=C2SC(=S)NC2=O)ccc1
-24.15    -24.07     -4.97      0.60      c1ccc(CN=c2c3c(nc[nH]2)sc(Br)c3)c(OC)c1
-29.60    -29.36    -11.74      0.55      c1ccc(Br)cc1-c1[nH][nH]c(=O)c1NC(c1c(F)cccc1)=O
Human-Component   raw_Human-Component
0.5967742204666138   0.5967742204666138   
0.24838709831237793   0.24838709831237793   
0.699999988079071   0.699999988079071   
0.3774193525314331   0.3774193525314331   
0.6236559152603149   0.6236559152603149   
0.6397849321365356   0.6397849321365356   
0.6096774339675903   0.6096774339675903   
0.39462366700172424   0.39462366700172424   
0.5967742204666138   0.5967742204666138   
0.550537645816803   0.550537645816803   

15:23:49: local_reinforcement_logger.log_message +32: INFO     Resetting Agent
15:23:49: local_reinforcement_logger.log_message +32: INFO     Adjusting sigma to: 82
15:23:49: local_reinforcement_logger.timestep_report +41: INFO     
 Step 10   Fraction valid SMILES: 96.9   Score: 0.4844   Time elapsed: 11   Time left: 40.0
  Agent     Prior     Target     Score     SMILES
-26.81    -26.73     -2.97      0.74      c1c(C2C(C(=O)OC)C3CCC(C2)N3C)ccc(C#CCCN(CC)CC)c1
-23.84    -23.74     -5.05      0.58      c1cc(C(CSc2ccccn2)=O)c(C)s1
-27.87    -27.79    -20.54      0.23      c1c(Sc2ccc(C)cc2)c(C2(C(N)=O)CCOCC2)ccc1
-21.40    -21.22      1.22      0.70      O(c1c(OC)cc2c(c1)C(=O)C(=Cc1ccc(N3CCCCC3)cc1)CC2)C
-23.01    -23.22     -2.07      0.66      c1(C(N2CCN(C)CC2)=O)occ(O)c(=O)c1
-23.00    -23.11     -6.75      0.51      c1(SC(C)C)nc(=O)c(C)c(CN(c2ccccc2)C)[nH]1
-36.89    -37.19    -37.19      0.00      c1(C)c(C(OCC(=NC(N)N)=Nc2ccccc2)C(=O)Nc2ccc(C)cc2)cccc1
-33.88    -33.93    -14.37      0.61      C(=O)(CCCCCCCCCNC(OC(C)(C)C)=O)Nc1ccc2sc(C)nc2c1
-33.45    -33.67    -22.01      0.36      c12ccccc1n(CCCC)c(=O)c1c2cc(C(NC(C(OCC)=O)CCCCN)=O)n1Cc1ccccc1
-27.71    -27.75    -10.76      0.53      O(C)C(C1=C2C(CCCCC2=O)C(=O)O1)=O
Human-Component   raw_Human-Component
0.7425287365913391   0.7425287365913391   
0.5839080214500427   0.5839080214500427   
0.2264367789030075   0.2264367789030075   
0.7011494040489197   0.7011494040489197   
0.6609195470809937   0.6609195470809937   
0.5114942789077759   0.5114942789077759   
0.0   0.0   
0.611494243144989   0.611494243144989   
0.364367812871933   0.364367812871933   
0.5310344696044922   0.5310344696044922   

15:23:51: local_reinforcement_logger.timestep_report +41: INFO     
 Step 11   Fraction valid SMILES: 100.0   Score: 0.5000   Time elapsed: 13   Time left: 42.2
  Agent     Prior     Target     Score     SMILES
-29.79    -29.79     10.15      0.49      c1cc2c(ccc(-c3c4c(cc(O)c3)OC(C)(C)C=C4)c2)cc1
-20.31    -20.31     26.25      0.57      C1(=N)C(C#N)C(c2ccc(O)cc2)C2C(=O)CCC=C2O1
-24.58    -24.58     -5.88      0.23      OC(c1ccc(Oc2ccc(S(=O)(NCC(C)C)=O)cc2)cc1)=O
-33.51    -33.51      3.08      0.45      c1cc(C)c(F)cc1-c1nn(C)cc1CN(C)C(C)CN(C)C
-25.90    -25.90     21.09      0.57      CC(C)Oc1c(N=c2nc3c(c[nH]2)NC(=O)CC3)cncc1
-35.54    -35.54     -6.62      0.35      C(CCCC)CCCCCCC(NC(CCCCN)C(=O)NCC(=O)NC(C(=O)NC(C(N)=O)CC(C)C)C)=O
-23.57    -23.57     -0.12      0.29      Cc1c2c([nH]c1C(NN=CCCc1ccccc1)=O)cccc2
-26.53    -26.53     32.55      0.72      c1ccc2cc(Cn3cnnc3-c3cc(O)c(OC)cc3)ccc2c1
-33.25    -33.25     20.53      0.66      C(C(C(OC)=O)NC1CN(c2c(F)cc(F)cc2)C1)(C)C
-22.48    -22.48     33.07      0.68      O=S1(=O)CC(NC(NCCCOC(C)C)=O)CC1
Human-Component   raw_Human-Component
0.48709678649902344   0.48709678649902344   
0.5677419304847717   0.5677419304847717   
0.22795699536800385   0.22795699536800385   
0.4462365508079529   0.4462365508079529   
0.573118269443512   0.573118269443512   
0.35268816351890564   0.35268816351890564   
0.28602150082588196   0.28602150082588196   
0.7204301357269287   0.7204301357269287   
0.6559139490127563   0.6559139490127563   
0.6774193644523621   0.6774193644523621   

15:23:52: local_reinforcement_logger.timestep_report +41: INFO     
 Step 12   Fraction valid SMILES: 96.9   Score: 0.4844   Time elapsed: 15   Time left: 43.8
  Agent     Prior     Target     Score     SMILES
-54.91    -54.82    -51.81      0.04      c12[n+](C)c(-c3ccc(-c4ccc(C=CC(=O)Nc5ccc(S(=O)(NC(Cc6ccc(S(=O)(C)=O)cc6[N+](=O)[O-])=O)=O)cc5)cc4)cc3)ccc1N(Cc1ccccc1)CCC2
-30.69    -30.72     24.05      0.67      [nH]1c(-c2sccc2)csc1=NN=C(c1ccc2c(occ2)c1)C
-34.74    -34.71     22.59      0.70      c1c(Cl)cc(Br)c(OC(C)C(NN=C2CCC(C(C)(C)C)CCC2)=O)c1
-21.19    -21.17     33.21      0.66      C(CC(=O)Oc1ccc(Cl)cc1)CCCCCCCCCCCCC
-51.21    -51.25    -40.50      0.13      C1OCCN(c2cc(C)c3cc(NC(N4CCN(c5c6c(cc(OC)cc6OC)c(N6CC(C)OC(C)C6)nc5)CC4)=O)ccc3n2)C1
-18.80    -18.77     17.51      0.44      COc1cc(C(=O)C=Cc2cc(C(F)(F)F)ccc2)cc(OC)c1OC
-23.24    -23.29     29.96      0.65      [nH]1[nH]c(=O)c2nc(C)c3c(cc(OC)c(OC)c3)c12
-36.50    -36.51     17.78      0.66      N1(c2[nH]cnc(=N)c2CC)CCC(C(=O)C=NC(c2ccc(C#N)cc2)=O)CC1
-31.85    -31.84     16.60      0.59      c1cc2c(c(F)c1)[nH]cc2C1CCN(C(c2cc(-c3ccccc3)nc3c2cccc3)=O)CC1
-25.87    -25.81     23.39      0.60      c1c(-c2ccccc2)nc2c(cc(C)cc2CN2CCOCC2)n1
Human-Component   raw_Human-Component
0.03678160905838013   0.03678160905838013   
0.6678161025047302   0.6678161025047302   
0.6988505721092224   0.6988505721092224   
0.6632183790206909   0.6632183790206909   
0.1310344785451889   0.1310344785451889   
0.44252872467041016   0.44252872467041016   
0.6494252681732178   0.6494252681732178   
0.6620689630508423   0.6620689630508423   
0.5908045768737793   0.5908045768737793   
0.6000000238418579   0.6000000238418579   

15:23:54: local_reinforcement_logger.timestep_report +41: INFO     
 Step 13   Fraction valid SMILES: 96.9   Score: 0.4844   Time elapsed: 16   Time left: 42.3
  Agent     Prior     Target     Score     SMILES
-28.76    -29.05     30.71      0.73      C1N(c2nc(-n3ncc4c3cc(-c3nc(C5CC5)ncc3)cc4)cnc2)CCCNC1
-25.76    -25.69      2.77      0.35      Cc1cccc(C)c1Nc1c(S(=O)(=O)O)cc([N+]([O-])=O)cc1
-45.48    -45.49    -33.33      0.15      C1N(C(OCC)=O)CCN(c2nc3c(n(C(CC)CC)c2=O)nc(-n2cncn2)nc3)C1C
-22.44    -22.40     37.54      0.73      Clc1ccc(C(c2scc(-c3c(OC)cccc3)n2)(C)O)cc1
-27.44    -27.57     10.60      0.47      C1(=O)OC2(c3c(cccc3)C1)OC(=O)N(C(C)c1ccc(F)cc1)C2
-24.77    -24.70     22.80      0.58      c1ccc(C#N)cc1NC(=O)c1cc(C)n(Cc2ccccc2)n1
-22.20    -22.23     26.03      0.59      Cc1cc(C)n2c(nc(-c3ccc(N4CCOCC4)cc3)c2)n1
-23.43    -23.48     -7.65      0.19      c12n(CC(OCC)=O)c(CNC(c3ccco3)=O)nc1cccc2
-27.60    -27.63     30.33      0.71      c1(C2N(C3CC3)C(=O)c3oc4c(c(=O)c32)cc(Cl)cc4)ccc(O)c(OC)c1
-38.49    -38.47      7.24      0.56      Fc1ccc2n(Cc3ccccc3)c3c(c2c1)C(=O)c1c(cc(OCC(N(C)C)=O)cc1)C3(C)c1ccccc1
Human-Component   raw_Human-Component
0.728735625743866   0.728735625743866   
0.34712642431259155   0.34712642431259155   
0.14827586710453033   0.14827586710453033   
0.7310344576835632   0.7310344576835632   
0.4655172526836395   0.4655172526836395   
0.5793103575706482   0.5793103575706482   
0.588505744934082   0.588505744934082   
0.19310344755649567   0.19310344755649567   
0.7068965435028076   0.7068965435028076   
0.5574712753295898   0.5574712753295898   

15:23:55: local_reinforcement_logger.timestep_report +41: INFO     
 Step 14   Fraction valid SMILES: 100.0   Score: 0.5000   Time elapsed: 18   Time left: 43.2
  Agent     Prior     Target     Score     SMILES
-25.72    -25.76     -5.04      0.25      C(CCCCCCC)CCCCS(Nc1c(C(O)=O)cc(OC)cc1)(=O)=O
-30.66    -30.52    -18.88      0.14      c1c(COc2cc(COc3cc(OC)cc4oc(-c5cn6nc(OC)sc6n5)cc34)ccc2OC)c(OCC)ccc1
-17.74    -17.75     41.85      0.73      c12ccccc1CC(O)C(N1CCC(C(c3ccc(OC)cc3)=O)CC1)C2
-25.83    -25.85     23.70      0.60      c1ccccc1OC(=O)C1CN2CCCC2CO1
-24.58    -24.59     27.87      0.64      c1(N2CCNCC2)ccc2c(c(Sc3nnc(-c4ccccc4)o3)ncn2)c1
-38.59    -38.59     -5.18      0.41      c1(C(NC(N2N=C(c3ccc(Cl)cc3)C(c3ccccc3)C2)=Nc2ccc(C)cc2)=O)cc(Br)ncc1
-29.08    -29.26     25.50      0.67      c1cc(C(=NN=c2c3c(cc(Cl)cc3)[nH]cn2)C)ccn1
-21.69    -21.67     -0.69      0.26      Cc1c(Cl)cc(NS(=O)(c2ccc3c(c2)NC(=O)CO3)=O)cc1
-31.48    -31.30     -5.29      0.32      O=C(c1ccc2c(ccc(-c3c[nH]c(=NCC(C)C)cc3)n2)c1)O
-25.30    -25.17     19.88      0.55      O=C(CC)N=c1cc(-c2ccccc2)c(-c2ccc(F)cc2)n[nH]1
Human-Component   raw_Human-Component
0.2526881694793701   0.2526881694793701   
0.14193548262119293   0.14193548262119293   
0.726881742477417   0.726881742477417   
0.6043010950088501   0.6043010950088501   
0.6397849321365356   0.6397849321365356   
0.4075268805027008   0.4075268805027008   
0.6677419543266296   0.6677419543266296   
0.25591397285461426   0.25591397285461426   
0.3172042965888977   0.3172042965888977   
0.5494623780250549   0.5494623780250549   

15:23:58: local_reinforcement_logger.timestep_report +41: INFO     
 Step 15   Fraction valid SMILES: 100.0   Score: 0.5000   Time elapsed: 20   Time left: 43.8
  Agent     Prior     Target     Score     SMILES
-33.47    -33.44     15.67      0.60      O1C(CCC2C(CC)C(C)CC3C2(C)CCC(=O)C3)C(=C)C(O)C1
-24.26    -24.22     35.39      0.73      c1(C2CC(=O)Oc3ccc4c(cccc4)c32)ccc(F)c(Br)c1
-21.28    -21.29     16.80      0.46      [O-][N+](c1ccc(CC(NN=Cc2ccco2)=O)cc1)=O
-29.17    -29.34     27.27      0.69      O=S1(=O)c2ccc(Cl)cc2C(=O)CCN1Cc1cccs1
-31.03    -30.90     -5.06      0.32      CC(=O)Oc1cc2c(cc1Cl)CC(C(=O)OC)(Cc1ccc(OC)cc1)O2
-29.98    -29.91      8.71      0.47      C(Nc1cccc(CNCc2oc3ccc(C)cc3n2)c1)(C)=O
-24.88    -25.01     28.15      0.65      COc1cc(C2CC(=O)c3c(cc(O)c(CN4C(C)CCCC4)c3)O2)cc(OC)c1OC
-26.95    -26.91     22.99      0.61      c1(O)c2c(c(O)c3cc(C(C)=O)c(O)c(O)c13)cccc2O
-19.82    -19.92     28.58      0.59      c1cc(O)c(O)cc1-c1ccc2c(c1)ccc(O)c2
-35.87    -36.02      6.13      0.51      C(C)(C)(C(NC(=NC)NC#N)C(NC1C2SCC(C[n+]3cccc4[nH]ccc34)=C(C([O-])=O)N2C1=O)=O)O
Human-Component   raw_Human-Component
0.5989247560501099   0.5989247560501099   
0.726881742477417   0.726881742477417   
0.46451613306999207   0.46451613306999207   
0.6903225779533386   0.6903225779533386   
0.3150537610054016   0.3150537610054016   
0.47096773982048035   0.47096773982048035   
0.64838707447052   0.64838707447052   
0.6086021661758423   0.6086021661758423   
0.5913978219032288   0.5913978219032288   
0.5139784812927246   0.5139784812927246   

15:24:00: local_reinforcement_logger.timestep_report +41: INFO     
 Step 16   Fraction valid SMILES: 96.9   Score: 0.4844   Time elapsed: 22   Time left: 44.0
  Agent     Prior     Target     Score     SMILES
-24.37    -24.18     22.57      0.57      Fc1cc2c(cc1N1CC(CNC(C=Cc3cccs3)=O)OC1=O)OCCO2
-25.33    -25.44     26.21      0.63      O=C(CCC(N1CCN(c2sc3ccccc3n2)CC1)=O)Nc1ccccc1C
-39.80    -39.90      3.55      0.53      C(CCCCn1c(-c2[nH]c(=O)c(C(F)(F)F)cn2)nc2c1ncnc2OC)C
-44.63    -44.28      2.75      0.57      c1(-n2c(=O)c(C=c3c(=C)n(-c4ccc(F)cc4)c(C)c3)c(C(C=C)N(C)C)[nH]2)ccc(-c2[nH]c3c(n2)cccc3)cc1
-29.82    -29.59     30.26      0.73      c1ccccc1C(CCCN1CCC(n2c(=O)n(CC(F)(F)F)c3ccccc32)CC1)(C(=O)N)c1ccc(F)cc1
-16.46    -16.47     39.70      0.69      c1c(N)c(C)ccc1Cl
-32.98    -33.35     10.48      0.53      O1CC2C(n3c4c(cc(Cl)[nH]c4=O)c(=N)[nH]3)CC1C2
-32.80    -32.88     18.68      0.63      c1c2c3ccc4c5c(ccc6c5c3ccc6c1O2)ccc4
-25.67    -25.63     10.37      0.44      c1c(Cl)c(-c2[nH]nc(SCC(Nc3ccc(C(=O)O)cc3)=O)n2)c(Cl)cc1
-38.38    -38.48      8.75      0.58      C(C(C(N1CCN(c2c(C(CCN(C)C)O)cccc2)CC1)=O)N=C(N)N)c1cc(Cl)c(C(F)(F)F)cc1
Human-Component   raw_Human-Component
0.5701149702072144   0.5701149702072144   
0.6298850774765015   0.6298850774765015   
0.5298850536346436   0.5298850536346436   
0.5735632181167603   0.5735632181167603   
0.7298850417137146   0.7298850417137146   
0.6850574612617493   0.6850574612617493   
0.5344827771186829   0.5344827771186829   
0.6287356615066528   0.6287356615066528   
0.43908044695854187   0.43908044695854187   
0.5758620500564575   0.5758620500564575   

15:24:02: local_reinforcement_logger.timestep_report +41: INFO     
 Step 17   Fraction valid SMILES: 100.0   Score: 0.5000   Time elapsed: 24   Time left: 44.0
  Agent     Prior     Target     Score     SMILES
-27.79    -27.81     -2.94      0.30      N(S(=O)(=O)c1ccc(F)cc1)C(=O)N=c1[nH]c(-c2ccccc2)c2c(cccc2)n1
-36.79    -36.88      1.30      0.47      [nH]1c(SCCCC)nc(=Nc2[nH]c(=NC3CC3)nc3c2CC3)cc1Cl
-32.05    -32.11     17.27      0.60      Cc1c2c(oc(=O)c1C(c1ccccc1)N1CCCC(N)C1)cccc2
-20.30    -20.23     33.11      0.65      c1c(C(=O)Nc2c(Cl)ccc(Cl)c2)cc(Cl)cc1
-44.98    -44.80     -1.16      0.53      C1SC(c2cc(F)cnc2)N(CC2(c3ccccc3)C(CNC)Cc3c4c(cccc4)[nH]c3C2)CC1
-19.13    -19.05     12.25      0.38      C(c1ccccc1)n1c(=O)c2c(nc1)sc(CC)c2
-27.31    -27.40     -2.18      0.31      O(C)c1c(OC)c(OC)cc(Cc2n3cc(C)ccc3nc2-c2cnccc2)c1
-27.59    -27.94     13.50      0.51      C1N2CCCN(C(=O)c3ccc4c(cc[nH]4)c3)CC2C1
-28.50    -28.91     24.96      0.66      C1N(Cc2cnc(OC)cc2)CC2(CN(CCN(C)C)C2)CC1
-23.77    -23.97     -0.34      0.29      n1(C(C)C)c(-c2c[nH]nc2)nc2cccnc12
Human-Component   raw_Human-Component
0.3032258152961731   0.3032258152961731   
0.4655914008617401   0.4655914008617401   
0.602150559425354   0.602150559425354   
0.6505376100540161   0.6505376100540161   
0.5322580933570862   0.5322580933570862   
0.3817204236984253   0.3817204236984253   
0.3075268864631653   0.3075268864631653   
0.5053763389587402   0.5053763389587402   
0.6569892764091492   0.6569892764091492   
0.28817203640937805   0.28817203640937805   

15:24:04: local_reinforcement_logger.timestep_report +41: INFO     
 Step 18   Fraction valid SMILES: 100.0   Score: 0.5000   Time elapsed: 26   Time left: 43.8
  Agent     Prior     Target     Score     SMILES
-43.47    -43.64    -35.44      0.10      C(C(CN=c1[nH]ccc(Oc2c(C)cc(C)cc2)n1)N=c1c2cc(C)ccc2[nH]c(C)c1)C
-21.50    -21.75     42.44      0.78      c1cc2c(cc1)N=C1CSC(c3ccc(F)cc3)N1C2
-31.11    -31.30     17.46      0.59      ON(C1CCCC1)C(=O)NCCCCc1ccc(Br)cc1
-22.55    -22.63     37.41      0.73      c12c(cc3c(c1)OCO3)c(-c1ccc(OC)cc1)c1c(c2)OCO1
-32.46    -32.51     22.33      0.67      C1C2C(CN(C)C3CCCCC23)C(c2c(Cl)cc(Cl)cc2)C1
-25.74    -25.84     25.30      0.62      c1c(-c2c(-c3ccccn3)n[nH]c2-c2c(O)cc(OCC)cc2)ccc2c1OCO2
-39.72    -39.67     13.41      0.65      C1C2(C(O)CN(c3[nH]c(=O)c(-c4sc5c(n4)cccc5)cn3)CC2)CCN(Cc2c[nH]c3ccccc32)C1
-26.90    -27.02      8.87      0.44      c1ccccc1S(NC1CCC1OC(N(C)C)=O)(=O)=O
-24.10    -24.30     21.99      0.56      Fc1ccc2c(c1)C(N1C(=O)CCC1)CC(C)N2C(c1ccccc1)=O
-25.71    -25.57     10.06      0.43      c1(OCC#C)ccc(C=NNC(=O)c2ccc(NC(=O)c3ccccc3)cc2)cc1OC
Human-Component   raw_Human-Component
0.10000000149011612   0.10000000149011612   
0.7827957272529602   0.7827957272529602   
0.5946236848831177   0.5946236848831177   
0.7322580814361572   0.7322580814361572   
0.6688172221183777   0.6688172221183777   
0.6236559152603149   0.6236559152603149   
0.647311806678772   0.647311806678772   
0.4376344084739685   0.4376344084739685   
0.5645161271095276   0.5645161271095276   
0.43440860509872437   0.43440860509872437   

15:24:06: local_reinforcement_logger.timestep_report +41: INFO     
 Step 19   Fraction valid SMILES: 100.0   Score: 0.5000   Time elapsed: 29   Time left: 45.0
  Agent     Prior     Target     Score     SMILES
-29.61    -30.11     16.27      0.57      c1(=NCCCNCc2cc3c(cc2)NC(=O)C(C)O3)[nH]c2ccccc2[nH]1
-25.36    -25.53     30.20      0.68      CN(CC(Br)c1ccccc1)CC1CC1
-21.94    -21.95     35.54      0.70      C(O)c1c2ccccc2n(Cc2ccc(F)cc2)c1
-24.28    -24.33     14.20      0.47      C12CC3(CC(=O)NNC(=O)c4ccc(OC)cc4)CC(CC(C3)C1)C2
-20.85    -21.44     17.62      0.48      C1N(S(=O)(C)=O)CCN(C(=O)NCc2ccccc2)C1
-35.82    -36.64     14.76      0.63      c1nn(CC2CN(C(C)C)CCC2)cc1-c1cc2c(c(-c3nc(F)ccc3)c1)c(=O)n(C)cn2
-22.69    -22.78      2.08      0.30      C(N1C(=O)c2ccccc2C1=O)C(=O)NN=Cc1c2ccccc2ccc1O
-24.62    -24.81     12.13      0.45      c1cc(S(=O)(=O)N2CCOCC2)ccc1-c1cc2c(c(N3CCN(C)CC3)n1)cccc2
-21.59    -21.42     28.31      0.61      c12c(c(=O)c3ccc(Cl)cc3o1)cc(C(O)=O)cc2
-53.03    -53.34     -2.11      0.62      C1Cc2ccc(O)c3c4c2=CC(C1O)C(=N)CC4=CCN3C
Human-Component   raw_Human-Component
0.5655913949012756   0.5655913949012756   
0.6795699000358582   0.6795699000358582   
0.7010752558708191   0.7010752558708191   
0.4698924720287323   0.4698924720287323   
0.4763440787792206   0.4763440787792206   
0.6268817186355591   0.6268817186355591   
0.3032258152961731   0.3032258152961731   
0.45053762197494507   0.45053762197494507   
0.6064516305923462   0.6064516305923462   
0.624731183052063   0.624731183052063   

15:24:10: local_reinforcement_logger.timestep_report +41: INFO     
 Step 20   Fraction valid SMILES: 100.0   Score: 0.5000   Time elapsed: 32   Time left: 45.7
  Agent     Prior     Target     Score     SMILES
-31.83    -31.85     -2.22      0.36      c1(OCC#CC)ccc(S(=O)(N2CC(OS(=O)(C)=O)C2)=O)cc1-c1cn(C)c(=O)c2[nH]ccc21
-28.92    -28.87     15.74      0.54      C1CCC(NCC(NCc2c(F)ccc(F)c2F)=O)CC1
-31.20    -30.80     31.54      0.76      Cn1c(=O)n(C)c(=O)cc1CN(C)C(=O)c1cccc(S(=O)(N2Cc3ccccc3CC2)=O)c1
-37.95    -38.59     19.96      0.71      OC1CN(C(=O)C2CC2CN2CCc3c2cccc3)CCC1n1c2c([nH]c1=O)cccc2
-47.07    -46.33    -16.44      0.36      C(O)(=O)C(CCC(=O)O)NC(C1N(C(C(NC(=O)C(NC(=O)c2cnccn2)Cc2ccc(O)cc2)C(C)=O)=O)CCCC1)=O
-34.72    -34.58      8.72      0.53      C1(c2ccccc2)ON=C(c2ccc([N+]([O-])=O)o2)N1CC#CC
-24.21    -24.57     -2.70      0.27      c1c(OCC)ccc(S(=O)(N2CCN(C(CNc3ccccc3)=O)CC2)=O)c1
-26.41    -26.29     27.41      0.65      O(c1c2c(ccc1)NC(=O)N(Cc1cccc(C(F)(F)F)c1)C2)C
-34.03    -33.84     15.98      0.61      N(C(C(=O)OC)Cc1ccccc1)C(C(CSCc1ccc(Cl)cc1)CC(C(NC(OC(C)(C)C)=O)Cc1ccccc1)O)=O
-30.09    -30.20     24.65      0.67      CCCCCCCN(CCCCC(O)CS)C
Human-Component   raw_Human-Component
0.3612903356552124   0.3612903356552124   
0.5440860390663147   0.5440860390663147   
0.7602150440216064   0.7602150440216064   
0.7139784693717957   0.7139784693717957   
0.36451613903045654   0.36451613903045654   
0.5279569625854492   0.5279569625854492   
0.2666666805744171   0.2666666805744171   
0.6548386812210083   0.6548386812210083   
0.6075268983840942   0.6075268983840942   
0.6688172221183777   0.6688172221183777   

15:24:12: local_reinforcement_logger.timestep_report +41: INFO     
 Step 21   Fraction valid SMILES: 100.0   Score: 0.5000   Time elapsed: 34   Time left: 44.8
  Agent     Prior     Target     Score     SMILES
-31.82    -31.21    -26.36      0.06      c1(-c2nc3c(Br)cc(OCC(OCC)=O)cc3c(C(O)=O)c2O)ccccc1
-20.48    -20.75     41.85      0.76      OC1C(O)C(O)C(CO)OC1NC(=O)Nc1ccc(Cl)cc1
-23.26    -23.09     18.17      0.50      c1(F)c([N+]([O-])=O)cc(NC(=O)CCn2c(O)c3c(c2O)CC=CC3)cc1
-27.68    -27.81     31.88      0.73      c12c(=Nc3cc(O)c(Br)cc3F)[nH]oc1cncc2
-21.21    -20.96     36.09      0.70      c1(-c2cc(C(F)(F)F)ccc2)n[nH]c(=O)cc1
-31.07    -31.24     22.99      0.66      c1(Cl)cc(Cl)c(-n2c(-c3ccc(Cl)cc3)c(C)c(-c3c(C)[nH]nc3C)nc2=NN)cc1
-29.09    -29.14      3.57      0.40      c12ncccc1c(=O)n1sc(=O)sc1n2
-18.92    -19.22     34.21      0.65      c1c(Cl)c(Cl)ccc1NNC(N)=S
-25.86    -25.96     24.56      0.62      c1(-c2ncc3c(cc(OC)c(OC)c3)c2-c2cc(OC)c(OC)cc2)ccccc1
-31.03    -31.65     18.78      0.62      c1ccc(CCC(NCC(O)CN2C(C)C(c3cc(O)ccc3)(C)CC2)C)cc1
Human-Component   raw_Human-Component
0.059139784425497055   0.059139784425497055   
0.7634408473968506   0.7634408473968506   
0.5032258033752441   0.5032258033752441   
0.727957010269165   0.727957010269165   
0.6956989169120789   0.6956989169120789   
0.6612903475761414   0.6612903475761414   
0.39892473816871643   0.39892473816871643   
0.6516128778457642   0.6516128778457642   
0.6161290407180786   0.6161290407180786   
0.6150537729263306   0.6150537729263306   

15:24:16: local_reinforcement_logger.timestep_report +41: INFO     
 Step 22   Fraction valid SMILES: 100.0   Score: 0.5000   Time elapsed: 38   Time left: 46.3
  Agent     Prior     Target     Score     SMILES
-32.52    -32.46     18.07      0.62      C(N1CCN(c2ccc(C(NCCCNC(=N)N)=O)cc2NC(c2ccc(-c3ccccc3S(=O)(N)=O)cc2)=O)CC1)(OCC)=O
-36.38    -36.40     26.11      0.76      c1(-c2cccc3nc(=Nc4c(O)cccc4)[nH]n23)[nH]cc([N+](=O)[O-])c1
-34.78    -34.81     29.12      0.78      c1c(C2(Cn3cncc3)OCC(Cc3cc(OCCCCC)ccc3)CO2)c(Cl)cc(Cl)c1
-28.50    -28.70     30.90      0.73      Oc1c(O)c(O)cc(C[N+](CCCC)(CCCCC)CCCCC)c1
-36.25    -36.59     20.55      0.70      OC(c1c(OC)ccc(F)c1)CC1C2CCC(N2C)CC1c1ccc(O)cc1
-42.00    -42.25     12.77      0.67      C12(COS(=O)(=O)N)C3CC4C(C5C4C(C5)C1)C(N2)C3
-19.82    -20.07     24.90      0.55      c1cc2c(cc1)N=C(c1c3ccccc3[nH]c1C)C2=O
-23.37    -23.29     29.88      0.65      ON=Cc1n(-c2cccc(C(OCC)=O)c2)ccc1
-36.87    -37.21     12.25      0.60      [nH]1c(C)c(CC)c(CN2CCN(CCCN3C(=O)NC(C)(C)C3=O)CC2)n1
-35.81    -35.86     13.51      0.60      C(CC(O)CCCCCCCCCCCC(O)Cc1c(O)oc(C)c1)CCCCCCC(C(O)C(O)CCCCCCCCCCCC)O
Human-Component   raw_Human-Component
0.6161290407180786   0.6161290407180786   
0.7623655796051025   0.7623655796051025   
0.7795698642730713   0.7795698642730713   
0.726881742477417   0.726881742477417   
0.6967741847038269   0.6967741847038269   
0.6709677577018738   0.6709677577018738   
0.5483871102333069   0.5483871102333069   
0.64838707447052   0.64838707447052   
0.603225827217102   0.603225827217102   
0.602150559425354   0.602150559425354   

15:24:18: local_reinforcement_logger.timestep_report +41: INFO     
 Step 23   Fraction valid SMILES: 96.9   Score: 0.4844   Time elapsed: 41   Time left: 46.1
  Agent     Prior     Target     Score     SMILES
-32.15    -32.11     12.47      0.54      c1([N+]([O-])=O)c(-c2ccc(Cl)cc2)coc1N=c1sc2c([nH]1)cccc2
-37.95    -37.19    -31.91      0.06      S(=O)(c1ccc(C#Cc2c(OCCCC(O)=O)cccc2)cc1)(=O)c1ccc(CC(C)C)cc1
-28.02    -28.21      1.29      0.36      c1c(COc2ccc(OCC=C)cc2)ccc2c(-c3ccoc3)cc(=O)oc12
-22.10    -22.29    -18.61      0.04      O(C)c1c(OC)cc(CNC(c2n(-c3ccccc3)nc(C)c2)=O)cc1OC
-30.53    -30.81     16.97      0.58      c1c(C(NCCNC(=O)C(CCSC)NC(C)=O)=O)[nH]c2ccccc12
-30.52    -30.37     27.50      0.71      c1cc(O)c(OC)cc1CCC(=O)C(C)(O)C1CC=C(C)CC1
-30.42    -30.35     -7.73      0.28      c1c(C2C(N)(C(O)=O)C2)ccc2c1C(=O)c1ccccc1-2
-44.22    -43.57      9.87      0.65      c1c(SCc2ccc(C3=Nn4c(-c5ccc(N)cc5)nnc4c4ccccc34)cc2)ccc(Cl)c1
-44.32    -45.27     13.07      0.71      c1c(C2CNC(c3cn(C)nc3)c3nc(-c4cc(F)cc(Cl)c4)cn32)[nH]c2ccccc12
-26.84    -26.42     -0.88      0.31      O=C(c1c[nH]c(=Nc2ccc(F)cc2)cc1N=c1[nH]c(OC)c(C)cc1)N
Human-Component   raw_Human-Component
0.5436781644821167   0.5436781644821167   
0.06436781585216522   0.06436781585216522   
0.35977011919021606   0.35977011919021606   
0.04482758790254593   0.04482758790254593   
0.5827586054801941   0.5827586054801941   
0.705747127532959   0.705747127532959   
0.27586206793785095   0.27586206793785095   
0.6517241597175598   0.6517241597175598   
0.7114942669868469   0.7114942669868469   
0.31149426102638245   0.31149426102638245   

15:24:20: local_reinforcement_logger.timestep_report +41: INFO     
 Step 24   Fraction valid SMILES: 100.0   Score: 0.5000   Time elapsed: 43   Time left: 44.7
  Agent     Prior     Target     Score     SMILES
-22.08    -22.35     35.49      0.71      C1CN(c2ccc(Cl)cc2)CCN1c1ncnc2n(C3C(O)C(O)C(CO)O3)cnc21
-31.84    -31.97      7.27      0.48      c1(=O)[nH]oc2cc(NC(C)=O)c3c(c12)CC(C)(C)O3
-29.37    -29.71      8.73      0.47      CC12C(=CC(=O)C=C1)C=C(C)C1CCC(O)(C)C21
-22.85    -23.25     24.89      0.59      C1(SC(=S)N2CCN(C)CC2)C(C(C)C)CCC(C)C1
-35.46    -35.64    -12.89      0.28      OC(=NO)CC(C(=O)NC(C(=O)c1nc2ccccc2s1)CC1CCNC1=O)CCCNC(NC)=N
-25.81    -25.77      4.47      0.37      CS(N(c1ccccc1)Cc1cc(=O)oc2ccc(OC)cc12)(=O)=O
-31.92    -32.72     22.04      0.67      Fc1c(F)cc2c(n3c(c2)-c2c(ccc(OC)c2)-c2c(cccc2)C3)c1
-20.19    -20.74     30.40      0.62      c1cc(-c2ccc(C3C4NC3CN(Cc3ccccc3)C4)cc2)cc(C#N)c1
-29.95    -30.01     17.95      0.58      [nH]1c(=Nc2cc3c(cccc3)cc2)[nH]c(=Nc2cc3cc(O)[nH]c3cc2)[nH]c1=NCCN1CCOCC1
-23.06    -22.62      2.60      0.31      c1(C(OCC(=O)Nc2ccccc2)=O)cc(-c2ccccc2)nc2c1cccc2
Human-Component   raw_Human-Component
0.7053763270378113   0.7053763270378113   
0.4784946143627167   0.4784946143627167   
0.46881720423698425   0.46881720423698425   
0.5870967507362366   0.5870967507362366   
0.2774193584918976   0.2774193584918976   
0.36881721019744873   0.36881721019744873   
0.6677419543266296   0.6677419543266296   
0.6236559152603149   0.6236559152603149   
0.5849462151527405   0.5849462151527405   
0.3075268864631653   0.3075268864631653   

15:24:22: local_reinforcement_logger.timestep_report +41: INFO     
 Step 25   Fraction valid SMILES: 96.9   Score: 0.4844   Time elapsed: 45   Time left: 43.3
  Agent     Prior     Target     Score     SMILES
-24.89    -25.19    -19.82      0.07      C12(CN(Cc3nccs3)CCC1)CN(C(c1cscn1)=O)CCC2
-24.62    -24.26     -5.32      0.23      n1ccc(-c2c3ccc(C(F)(F)F)nc3c(OC)cc2OC)cc1
-40.21    -39.51    -31.40      0.10      c1c(OC(C)C)cc2nc(-c3ccc(OC(C)C)c(C#N)c3)ccc2c1OCC(O)CO
-38.42    -38.63      4.35      0.52      n1c(-c2cccc3c2cccc3)n(C)c2[nH]c(=NCC#C)nc(N3CCC(CN(C)C)CC3)c12
-19.25    -19.09     40.19      0.72      c1ccc(C#Cc2ccc3c(cccc3)n2)cc1
-26.16    -26.11     30.44      0.69      c1cc2c(cc1)occ(C(OCC(N1CCCc3ccccc31)=O)=O)c2=O
-25.27    -25.37     25.34      0.62      COc1cc(OC)c(C(=O)C=Cc2ccc(OC(N(C)C)=O)cc2)cc1
-27.57    -27.76      1.74      0.36      O(C(C1=CCCn2c(=O)n(C(C(=O)O)CSC3CCCCC3)c(=O)n21)=O)C
-24.08    -24.17     31.91      0.68      c1(S(N)(=O)=O)c(NS(=O)(C=Cc2ccccc2OC)=O)ccc(Cl)c1
-22.02    -22.55     22.03      0.54      CC(n1c2ccccc2nc1)C1=NCCN1
Human-Component   raw_Human-Component
0.06551723927259445   0.06551723927259445   
0.23103448748588562   0.23103448748588562   
0.09885057806968689   0.09885057806968689   
0.5241379141807556   0.5241379141807556   
0.722988486289978   0.722988486289978   
0.6896551847457886   0.6896551847457886   
0.6183907985687256   0.6183907985687256   
0.35977011919021606   0.35977011919021606   
0.6839080452919006   0.6839080452919006   
0.5436781644821167   0.5436781644821167   

15:24:25: local_reinforcement_logger.timestep_report +41: INFO     
 Step 26   Fraction valid SMILES: 96.9   Score: 0.4844   Time elapsed: 47   Time left: 41.8
  Agent     Prior     Target     Score     SMILES
-21.15    -21.49     26.95      0.59      c1(CCNC(C)=O)ccc(S(=O)(NCC(C)C)=O)cc1
-25.27    -25.98     26.81      0.64      O=S(CCNC(=O)CCC)(N1CCN(c2ccccn2)CC1)=O
-33.37    -32.53     -3.50      0.35      c1(-c2ccccc2F)nc(CC(N(C)Cc2ccc(Cl)c(Cl)c2)=O)c(C)o1
-26.80    -26.57      7.65      0.42      c1ccccc1C=NN=c1cc(NN=C(C)c2ccc(OC)cc2)[nH][nH]1
-25.31    -24.96     -1.78      0.28      c1(-c2c(C#N)c(=NC(=O)C)[nH]c(-c3cc4c(cc3)OCO4)c2)cc(OC)c(OC)c(OC)c1
-36.77    -37.07     19.01      0.68      c1(Cl)cc(C2N(c3ccccc3)OC3(C=C(Br)C(OC)C(Cl)C3)O2)ccc1
-22.01    -22.08     22.78      0.55      O=S(=O)(Nc1ccccc1)Cc1ccc([N+]([O-])=O)cc1
-29.26    -29.17      3.54      0.40      c1nccc2c1c(C(Nc1ccc(C(C)C)cc1)=O)cc(-c1cnccc1)n2
-24.05    -24.82     15.99      0.50      c1c(CN(C)C)ccc(-c2c3n(cc[nH]c3=N)c(C3CN4C(CCC4=O)CC3)n2)c1
-58.51    -58.59    -37.19      0.26      CC(=O)OC1(c2cc3oc(C=NOCC(F)(F)F)c4c3c2c(OC(=O)C)c(OC)c4)CC1
Human-Component   raw_Human-Component
0.5908045768737793   0.5908045768737793   
0.6436781883239746   0.6436781883239746   
0.3540229797363281   0.3540229797363281   
0.4172413647174835   0.4172413647174835   
0.2827586233615875   0.2827586233615875   
0.6839080452919006   0.6839080452919006   
0.5471264123916626   0.5471264123916626   
0.39885056018829346   0.39885056018829346   
0.49770113825798035   0.49770113825798035   
0.2609195411205292   0.2609195411205292   

15:24:26: local_reinforcement_logger.timestep_report +41: INFO     
 Step 27   Fraction valid SMILES: 96.9   Score: 0.4844   Time elapsed: 49   Time left: 40.2
  Agent     Prior     Target     Score     SMILES
-22.28    -22.32     36.02      0.71      c1cccc(C2(c3nnc(-c4cc(Br)ccc4)n3C)CCC2)c1
-24.23    -24.40    -10.74      0.17      O=C1N=C(N=c2[nH]cccn2)SC1=Cc1ccc(CC)o1
-49.34    -49.54    -11.28      0.47      C(CCCC(C(OC)=O)NC(=O)C(Cc1ccccc1)NC(=O)CCCNC(C(C)NC(OC)=O)=O)(C)(C)C
-19.79    -19.61      6.69      0.32      O(C)c1ccc(-c2nc(CCC(=O)NC3CCCCC3)on2)cc1
-22.21    -21.59     13.19      0.42      c1c(C(=O)Oc2ccc(C(OCC)=O)cc2)cccn1
-26.79    -26.74     -0.16      0.32      N(Nc1ccccc1)=CC(=Cc1ccc([N+]([O-])=O)cc1)C(C)=O
-34.01    -34.52      8.65      0.53      c12cc(CNCC(C(=O)C)NC(NC(C)(C)C)=O)ccc1cccc2
-41.73    -42.08    -21.43      0.25      C(c1c(O)[nH]c2sc(C=CC)c(C)c2c1=O)=Nc1c(CC=C)cccc1
-22.72    -22.82     36.66      0.73      O=C(C1CC1)N1C(c2c(O)cccc2)CC(c2ccccc2)=N1
-36.39    -37.41     11.41      0.60      C1N(C(=O)c2cc(Cl)ccc2-c2cc(F)c(Cl)cc2)CCN(C(=O)c2cc3[nH]ccc3cc2)C1
Human-Component   raw_Human-Component
0.7114942669868469   0.7114942669868469   
0.1666666716337204   0.1666666716337204   
0.46666666865348816   0.46666666865348816   
0.3206896483898163   0.3206896483898163   
0.4241379201412201   0.4241379201412201   
0.32413792610168457   0.32413792610168457   
0.5264368057250977   0.5264368057250977   
0.25172412395477295   0.25172412395477295   
0.7252873778343201   0.7252873778343201   
0.5954023003578186   0.5954023003578186   

15:24:28: local_reinforcement_logger.timestep_report +41: INFO     
 Step 28   Fraction valid SMILES: 100.0   Score: 0.5000   Time elapsed: 50   Time left: 37.9
  Agent     Prior     Target     Score     SMILES
-28.90    -28.63     23.48      0.64      C1CN(C(c2ccoc2C)=O)CC(NC(c2cc(C(F)(F)F)nn2C)=O)C1
-22.41    -22.35     27.38      0.61      c1c(C)ccc(S(=O)(N2C(c3ccccc3)c3cccnc3CC2)=O)c1
-26.69    -27.24     19.84      0.57      [nH]1c(C)c(C=NN=C2CC(C)(C)CC(=O)C2)c2c1ccc(Br)c2
-33.54    -33.97      7.82      0.51      Oc1c(OC)cc(-c2c(-c3ccc(C)cc3)n3c(n2)C2CCCN2C3)cc1
-20.79    -20.25     12.11      0.39      n1oc(C)c(CC(=O)NCc2c(Cl)c(F)c(F)cc2)c1C
-28.05    -28.16     -0.74      0.33      Nc1ccc(-c2c(O)oc(-c3c(C)cccc3)cc2=O)cc1
-24.27    -24.61     30.76      0.68      COc1ccc2c(c1)OCC1C2=Nc2ccccc2C1
-35.11    -35.48      6.76      0.52      c1nc(C#CCCN2C(C)CCC2C)sc1C(N)=O
-25.44    -25.16     14.35      0.48      C(N(CCCn1c2c(c3c1ccc(C(OC)=O)c3)CCCC2)CC)C
-33.02    -33.23     -6.43      0.33      c1(C(c2cc(NC(N=c3[nH]c(C(F)(F)F)cs3)=O)ccc2)=O)n(-c2ncccc2Cl)ccn1
Human-Component   raw_Human-Component
0.6354838609695435   0.6354838609695435   
0.6064516305923462   0.6064516305923462   
0.57419353723526   0.57419353723526   
0.5096774101257324   0.5096774101257324   
0.39462366700172424   0.39462366700172424   
0.33440861105918884   0.33440861105918884   
0.675268828868866   0.675268828868866   
0.5150537490844727   0.5150537490844727   
0.4817204177379608   0.4817204177379608   
0.3268817067146301   0.3268817067146301   

15:24:29: local_reinforcement_logger.timestep_report +41: INFO     
 Step 29   Fraction valid SMILES: 96.9   Score: 0.4844   Time elapsed: 51   Time left: 35.7
  Agent     Prior     Target     Score     SMILES
-28.86    -28.64    -28.64      0.00      n1c(CC2CN(C(Cn3nc(C)nc3C)=O)CCO2)cc[nH]1
-24.36    -24.95     -8.74      0.20      COc1cc2sc(=NC(CN3C(=O)NC4(CCCC4)C3=O)=O)[nH]c2cc1C
-20.41    -20.45     -2.63      0.22      c1(Oc2ccc(NC(=O)CCCCCN)cc2)ccccc1
-35.55    -34.86    -30.90      0.05      c1(C)cc(C)c(S(N)(=O)=O)cc1S(=O)(N(c1ccc(C(O)=O)cc1)Cc1ccccc1)=O
-28.36    -28.27    -14.98      0.16      [N+](c1cc(S(=O)(=O)c2sc(=NC(=O)C)[nH]c2)ccc1Cl)([O-])=O
-30.83    -31.13     35.88      0.82      c1(C(C)(C)C)c(N2CN(Cc3ccc(Cl)cc3)CCCC2)cccc1
-26.15    -26.69     31.84      0.71      c1c2nc(N3CCN(C)CCC3)[nH]c(=NCc3ccc(C(F)(F)F)cc3)c2sc1
-34.63    -35.56      2.81      0.47      C(C1C2CCC(C23CC3)C1C=NNC(Nc1ccc(Br)cc1)=O)CN1CCCC1
-31.60    -31.46     26.13      0.70      NC(c1sc(C(NC2CCC(CCN3CCN(c4nccc5c4CCC5)CC3)CC2)=O)cc1)=O
-26.95    -28.12     27.40      0.68      C1N(CCN2C(=O)C3(C)CCC(C3(C)C)C2)CCC1
Human-Component   raw_Human-Component
0.0   0.0   
0.19770115613937378   0.19770115613937378   
0.21724137663841248   0.21724137663841248   
0.04827586188912392   0.04827586188912392   
0.16206896305084229   0.16206896305084229   
0.817241370677948   0.817241370677948   
0.7137930989265442   0.7137930989265442   
0.4678160846233368   0.4678160846233368   
0.7022988796234131   0.7022988796234131   
0.6770114898681641   0.6770114898681641   

15:24:31: local_reinforcement_logger.timestep_report +41: INFO     
 Step 30   Fraction valid SMILES: 100.0   Score: 0.5000   Time elapsed: 53   Time left: 34.2
  Agent     Prior     Target     Score     SMILES
-31.04    -31.35     30.55      0.75      c12sc3c(c(N4CCCC4CO)nc(-c4ccc(F)cc4)n3)c1cccc2
-21.33    -21.52     35.97      0.70      c1c(Cl)ccc(CNC(=O)CCS(=O)(Cc2ccc(Cl)cc2)=O)c1
-30.52    -30.91     19.53      0.62      OC(c1c(OC)cccc1)c1nc2c(cccc2)n1-c1cccc(C)c1
-37.52    -37.99     -3.61      0.42      c1ccc(C2c3n(C(C)C)c(-c4c(OC)ccc(C(=O)N5CCCC5)c4)cc3C=NCC=C2)nc1
-21.42    -21.78     12.61      0.42      c12nnn(Cc3ccccc3)c(=O)c1ncn2C1C(O)C(O)C(CO)O1
-32.46    -32.41      1.98      0.42      COc1c(OC)cc(-c2[nH]c(=O)sc2-c2ccc3c(cc[nH]3)c2)cc1OC
-26.91    -26.15     17.94      0.54      C(CCCCCC(OCOC(c1cccc(O)c1O)=O)=O)C
-30.10    -30.48     15.55      0.56      C1C2CC3CC1C1(C(C3)C2)OOC(C(=C)C2CCCCC2)(C)C1
-30.64    -30.89     22.37      0.65      C1(COC)CCN(Cc2ccc3c(c2)n(-c2ccccc2F)nc3)CC1
-33.19    -33.71      7.56      0.50      C(Oc1ccc2c(oc(=O)c(CC(CN3CCN(C(C)=O)CC3)O)c2C)c1)C
Human-Component   raw_Human-Component
0.7548387050628662   0.7548387050628662   
0.7010752558708191   0.7010752558708191   
0.6150537729263306   0.6150537729263306   
0.4193548262119293   0.4193548262119293   
0.4193548262119293   0.4193548262119293   
0.4193548262119293   0.4193548262119293   
0.5376344323158264   0.5376344323158264   
0.5612903237342834   0.5612903237342834   
0.6494623422622681   0.6494623422622681   
0.5032258033752441   0.5032258033752441   

15:24:32: local_reinforcement_logger.timestep_report +41: INFO     
 Step 31   Fraction valid SMILES: 100.0   Score: 0.5000   Time elapsed: 55   Time left: 32.7
  Agent     Prior     Target     Score     SMILES
-27.49    -27.73     37.87      0.80      C(CN1CCC(CNC(=O)c2cc(Cl)c(Cl)cc2)CC1)CCc1c[nH]c2c1cc(Br)cc2
-22.02    -21.99     -9.30      0.15      c1c(N(C(c2nnsc2)=O)CC(=O)NC2CCCC2)ccc(CC)c1
-27.72    -27.69    -17.64      0.12      c1(-n2c(-c3cc(C)ccc3)cc(C(F)(F)F)n2)ccc(NC(C=C)=O)cc1
-25.15    -25.49     41.87      0.82      C(C)N1CCC(N=c2c3c([nH]cc2C(=O)C)ccc(-c2cc(Cl)c(O)c(F)c2)c3)CC1
-27.25    -27.36     20.08      0.58      O1C(C)(C)OC(=O)C(=N)NC1
-19.33    -19.46     44.64      0.78      COc1c(OC)cc2c(c1)C(=O)C(Br)CC2
-22.77    -22.89     27.55      0.62      c1cc(O)ccc1C=NNC(=O)CNC(=O)c1ncccc1
-25.28    -25.40     12.34      0.46      c1c(-c2ccc(OCC)cc2)c2ccccc2c(SCC(O)=O)n1
-26.03    -26.31     34.44      0.74      c12ccc(Cl)cc1nc(N1CCN(c3nccnc3)CC1)o2
-32.98    -32.23     16.97      0.60      c1(=O)c2c(cc(-c3ccc(C(F)(F)F)nc3)nn2)n(Cc2cc(C)ccc2)cc1
Human-Component   raw_Human-Component
0.800000011920929   0.800000011920929   
0.1548387110233307   0.1548387110233307   
0.1225806474685669   0.1225806474685669   
0.8215053677558899   0.8215053677558899   
0.5784946084022522   0.5784946084022522   
0.7817204594612122   0.7817204594612122   
0.6150537729263306   0.6150537729263306   
0.4602150619029999   0.4602150619029999   
0.7408602237701416   0.7408602237701416   
0.6000000238418579   0.6000000238418579   

15:24:34: local_reinforcement_logger.timestep_report +41: INFO     
 Step 32   Fraction valid SMILES: 96.9   Score: 0.4658   Time elapsed: 56   Time left: 30.5
  Agent     Prior     Target     Score     SMILES
-24.38    -24.78     -7.81      0.21      c1c(C2CN=NC23C(=O)Nc2ccccc23)cccn1
-31.29    -30.94      6.76      0.46      c12c[nH]c(=NCc3ccc(OC)cc3OC)cc1ccc(-c1cc(F)c(F)cc1)n2
-26.45    -27.52     30.35      0.71      C1CN(C)CCN1C(c1ccc(F)cc1)c1c2c(cccc2)c2ccccc2c1
-30.91    -31.59     18.84      0.61      C(O)CNCC(CN(N(C)C)C(Nc1ccccc1)=O)O
-41.70    -41.14    -41.14      0.00      c1(CN=c2nc(C#CCO)[nH]c3n(C4C5CC6(C(=O)NO)C(O5)C4)cnc32)ccc(Oc2ccccc2)cc1
-27.42    -27.60     18.87      0.57      C(CCCCCCC)CCCCCCCCOCC1OCC(COCCOCC(=O)O)C1
-27.31    -27.09     16.64      0.53      c1n(CCC#N)c2c(=O)[nH]c(N(C)C)nc2n1
-29.43    -30.46    -12.27      0.22      O(C)c1cc(NC2CCCN(C(Cn3cc(NC(=O)c4cnn5c4nccc5)c(-c4cc(Cl)ccc4OC(F)F)n3)=O)C2)cc(OC)c1
-34.16    -34.32    -13.40      0.26      O=c1n2c(c(C(=O)C)c3c4c(ccc(C)c4)[nH]c13)CCCCC2
-29.27    -29.19     -7.79      0.26      c1cc(C)sc1CNC(=O)c1c(-c2cc(OC)c(OC)cc2)nc(C)s1
Human-Component   raw_Human-Component
0.2068965584039688   0.2068965584039688   
0.4597701132297516   0.4597701132297516   
0.705747127532959   0.705747127532959   
0.6149425506591797   0.6149425506591797   
0.0   0.0   
0.5666666626930237   0.5666666626930237   
0.5333333611488342   0.5333333611488342   
0.2218390852212906   0.2218390852212906   
0.25517240166664124   0.25517240166664124   
0.2609195411205292   0.2609195411205292   

15:24:36: local_reinforcement_logger.timestep_report +41: INFO     
 Step 33   Fraction valid SMILES: 96.9   Score: 0.4670   Time elapsed: 58   Time left: 29.0
  Agent     Prior     Target     Score     SMILES
-30.03    -30.27     24.30      0.67      o1c2c(CC)cccc2c(=O)cc1Nc1cccc2ccccc12
-34.90    -35.17    -35.17      0.00      Fc1cc2c(cc1)[nH]c1c(=NCCCN)[nH]cnc21C
-31.38    -30.63    -15.08      0.19      N1C(=O)c2cccc(NC(=O)C=Cc3ccc(CCCCCCCCCCCC)cc3)c2OC1C(C)C
-32.52    -32.12      9.73      0.51      c1ccc2c(=NC(CCCN(CC)CC)C)ccn(CCCN=C(C)C(=O)N)c2c1
-45.88    -45.54    -31.60      0.17      CCCCOC(NC(=NCCCC(C=O)NC(=O)C(Cc1ccccc1)NC(=O)OCc1ccccc1)C(=O)NC1C2CC3CC1CC(C3)C2)=O
-32.73    -32.96     30.57      0.77      N(=c1c2c([nH]n1Cc1ccc(F)cc1Cl)cncc2)CC1CC1
-39.30    -38.96     15.90      0.67      C1C(CCC)CCN(C(C(C(CCC)NC(C(C)NC(C(Cc2ccccc2)OC(=O)N2CCC(N)CC2)=O)=O)=O)=O)C1
-29.25    -29.48     28.86      0.71      c1c(NC(=O)N2CCN(c3c(Cl)cccc3)CC2)c(N)cc(Cl)c1
-23.90    -24.52     29.67      0.66      C1(O)C(O)C(C(C)O)OC1CCn1nnc(-c2ccccc2)c1
-42.17    -42.26      7.98      0.61      c1cocc1C1CCC2(C)C(C=CC3=C(C=O)CC(CO)(C)CC3)CCC2C1(CC=C)C
Human-Component   raw_Human-Component
0.665517270565033   0.665517270565033   
0.0   0.0   
0.18965516984462738   0.18965516984462738   
0.5103448033332825   0.5103448033332825   
0.17011494934558868   0.17011494934558868   
0.7747126221656799   0.7747126221656799   
0.6689655184745789   0.6689655184745789   
0.7114942669868469   0.7114942669868469   
0.6609195470809937   0.6609195470809937   
0.6126436591148376   0.6126436591148376   

15:24:37: local_reinforcement_logger.timestep_report +41: INFO     
 Step 34   Fraction valid SMILES: 100.0   Score: 0.5000   Time elapsed: 59   Time left: 27.0
  Agent     Prior     Target     Score     SMILES
-32.05    -31.74     32.09      0.78      C1C(n2c(=O)[nH]c3cc(Cl)ccc32)CC2CCC1N2CCOc1c(Cl)cccc1
-34.95    -34.23     -0.28      0.41      c1c(CCNC(=O)c2nc3c(c(=O)n2C)cc(Br)cc3Cl)cc(OC)c(OC)c1
-23.61    -23.70     31.49      0.67      O=C(c1cccc(Cl)c1)NC(N=c1[nH]c(Cl)cc(Cl)n1)=S
-31.03    -30.95     25.92      0.69      N(CCC)(c1cc(O)[nH]c(=O)c1)CCCN1CCOCC1
-19.12    -19.81     33.89      0.65      N1(c2cccc(C)c2C)CCN(C(N=c2[nH]c(C)cc(C)c2)=S)CC1
-20.70    -21.71     29.95      0.63      C1CSCCN1Cc1ccc(C(Nc2ccc(Cl)cc2)=O)cc1
-32.11    -32.60     16.42      0.60      C1N(c2ccccc2)CCN(c2c(C#N)nc([N+](=O)[O-])[nH]2)C1
-22.83    -23.16     21.64      0.55      Fc1ccc(Cn2c3ccc(OC)cc3c3c2cncc3)cc1
-34.08    -34.02      5.48      0.48      C1N(C(c2ccc(C(NCCN(C)C)=O)cc2)=O)CCC(N(C2CC2)C(c2ccc(OC)c(OCCCOC)c2)=O)C1
-26.00    -25.25      2.17      0.33      c1(C(=O)NNC(c2cccc([N+]([O-])=O)c2)=O)c(=O)c2ccc(C)nc2n(CC)c1
Human-Component   raw_Human-Component
0.7784945964813232   0.7784945964813232   
0.4139784872531891   0.4139784872531891   
0.6731182932853699   0.6731182932853699   
0.6935483813285828   0.6935483813285828   
0.6548386812210083   0.6548386812210083   
0.6301075220108032   0.6301075220108032   
0.5978494882583618   0.5978494882583618   
0.5462365746498108   0.5462365746498108   
0.4817204177379608   0.4817204177379608   
0.33440861105918884   0.33440861105918884   

15:24:39: local_reinforcement_logger.timestep_report +41: INFO     
 Step 35   Fraction valid SMILES: 93.8   Score: 0.4527   Time elapsed: 61   Time left: 25.4
  Agent     Prior     Target     Score     SMILES
-33.77    -33.33     -8.49      0.30      [N+](c1cc2c(cc1)=[N+]([O-])C(C)C=2C(c1cc(Cl)c(Cl)cc1)O)([O-])=O
-31.08    -31.19      4.76      0.44      S(c1ccc(O)c(C(C)=O)c1)c1c2cccnc2ccc1
-25.46    -25.01     29.82      0.67      c1(CCl)cnn(C(=O)C)c1
-28.42    -28.72      1.67      0.37      C(NCC1C(C(O)=O)C2CCC1O2)(=O)CCC
-34.29    -35.31     -2.69      0.40      NC(=O)c1cc2c(n1CC(N1CCN(C)CC1)=O)-c1c(cnc(Cl)c1)S(=O)(=O)C2
-24.49    -24.83     32.94      0.70      C1CC(NC(=O)c2ccccc2)CCN1CCC(Nc1ccc(Cl)cc1)=O
-26.66    -27.76     18.89      0.57      COc1ccc(Cl)cc1C(=O)N1CCN(c2nnc(C(O)=O)cc2)CC1
-30.59    -31.64     20.47      0.64      c1(=O)c(C(C)C)c(Oc2ccc(Cl)cc2)oc2c1CN(C)CC2
-41.71    -41.90    -19.79      0.27      C1N(C(c2ccc(NS(=O)(c3cccc4sc(=NC5CCCOC5)[nH]c34)=O)cc2)=O)CCS1
-32.40    -32.39     17.60      0.61      C1c2ccccc2C(c2cn(-c3ccc(OC)cc3)nc2C)N(C)C1=O
Human-Component   raw_Human-Component
0.30295565724372864   0.30295565724372864   
0.43842363357543945   0.43842363357543945   
0.6687192320823669   0.6687192320823669   
0.37068966031074524   0.37068966031074524   
0.3977832496166229   0.3977832496166229   
0.7044335007667542   0.7044335007667542   
0.568965494632721   0.568965494632721   
0.6354680061340332   0.6354680061340332   
0.2697044312953949   0.2697044312953949   
0.6096059083938599   0.6096059083938599   

15:24:40: local_reinforcement_logger.timestep_report +41: INFO     
 Step 36   Fraction valid SMILES: 100.0   Score: 0.4633   Time elapsed: 63   Time left: 23.8
  Agent     Prior     Target     Score     SMILES
-31.92    -32.53     13.76      0.56      O=C(Cn1[nH]c(=O)c2c(c1=O)nc(C1CC1)nc2)N1CCN(CC)CC1
-33.67    -34.64     26.99      0.75      c1c2n(C)c(C(NCCN3CCN(c4ccc5c(n4)cc(F)cc5)CC3)=O)cc2sc1
-36.10    -37.37      4.07      0.51      Brc1c(O)c(Cl)cc(NC(=O)C2N(C(C)C)C3CC2C3)c1
-22.41    -21.33    -21.33      0.00      C(=O)(OCC(O)CO)c1ccc(C(F)(F)F)cc1
-23.61    -23.29     31.20      0.66      C1CCC(=O)C(=Cc2c[nH]c3c2cc(Br)cc3)C1=O
-35.30    -36.60     16.30      0.65      C1CNCC1c1cc(SC)c(N2CC(S(=O)(=O)C)CC2)cc1
-42.55    -42.10      1.19      0.53      c1[nH]c2c(c(=NC(C)c3n(-c4cccnc4)c(=O)c4c(cccc4C#CCCCCCC#N)n3)ncn2)nc1
-24.33    -24.72     -4.70      0.24      Cn1c(=O)n(C)c(C)c(SCC(=O)Nc2cc3c(cc2)OCCO3)c1=O
-20.17    -20.34     28.50      0.60      Oc1c(NC(C)=O)cc(O)n1Cc1ccc(C)cc1
-23.45    -23.13    -23.13      0.00      c1(CCCCCCC(CC(CC)=O)=O)ccc(O)cc1
Human-Component   raw_Human-Component
0.5645161271095276   0.5645161271095276   
0.7516129016876221   0.7516129016876221   
0.5053763389587402   0.5053763389587402   
0.5946236848831177   0.5946236848831177   
0.6645161509513855   0.6645161509513855   
0.6451612710952759   0.6451612710952759   
0.5279569625854492   0.5279569625854492   
0.24408602714538574   0.24408602714538574   
0.5956989526748657   0.5956989526748657   
0.5795698761940002   0.5795698761940002   

15:24:42: local_reinforcement_logger.timestep_report +41: INFO     
 Step 37   Fraction valid SMILES: 100.0   Score: 0.5000   Time elapsed: 64   Time left: 21.9
  Agent     Prior     Target     Score     SMILES
-35.82    -37.50     -3.47      0.42      c1cc(Cl)c(C(NCCCCCCCCNC(C2CNC=NC2)=O)=O)c(Cl)c1
-21.41    -22.59     -0.37      0.27      C1CN(CCNc2cc3c4c(c2)C(=O)N(CCN(C)C)C(=O)c4ccc3)CCC1
-23.28    -23.49    -17.58      0.07      n1oc(C)c(COc2ccccc2C(Nc2c(C#N)cccc2)=O)c1C
-22.28    -22.27      5.77      0.34      c1nc(C(=N)N)ccc1-c1cnc(-c2ccc(C(N)=N)cc2)cn1
-24.76    -24.41     -5.01      0.24      c12cc(C)c(C)cc1nc(N1CCCCC1)nc2N1CCOCC1
-27.62    -28.74     32.01      0.74      C1N(C(CCC2CCCNC2)=O)CC(Nc2ccc(F)cc2)C1
-26.15    -26.23     29.94      0.68      C1(C(=O)Nc2ccc(Br)cc2)C(C)=NC(C)=C(C(Nc2ccc(Cl)cc2)=O)C1c1cc(Cl)ccc1
-24.83    -25.76      3.16      0.35      O1Cc2c(=NC(C)=O)[nH]sc2C1
-21.70    -21.90     31.97      0.66      Cc1cc(=Nc2cccc(C)n2)[nH]c(-c2ccncc2)c1
-26.44    -25.78     -6.47      0.24      c1ccc(C(F)(F)F)cc1NC(CN(C(c1cc([N+]([O-])=O)c(-n2ncnc2)cc1)=O)C)=O
Human-Component   raw_Human-Component
0.41505375504493713   0.41505375504493713   
0.2709677517414093   0.2709677517414093   
0.07204300910234451   0.07204300910234451   
0.34193548560142517   0.34193548560142517   
0.23655913770198822   0.23655913770198822   
0.7408602237701416   0.7408602237701416   
0.6849462389945984   0.6849462389945984   
0.35268816351890564   0.35268816351890564   
0.6569892764091492   0.6569892764091492   
0.23548386991024017   0.23548386991024017   

15:24:43: local_reinforcement_logger.timestep_report +41: INFO     
 Step 38   Fraction valid SMILES: 96.9   Score: 0.4673   Time elapsed: 65   Time left: 20.0
  Agent     Prior     Target     Score     SMILES
-27.98    -28.21     34.00      0.76      N1(Cc2nc(C)ccc2)CC(N)C(O)C(O)C1CO
-34.00    -35.06      1.61      0.45      [O-][N+](=O)C1CC(=CCCNC(=O)C)c2ccc(F)cc2C1
-19.24    -18.92     40.17      0.72      S=c1[nH]c(=N)nc[nH]1
-33.30    -33.59     14.01      0.58      c1c2c(ncc1)[nH]cc2-c1cc(CNS(=O)(c2ccc(F)cc2F)=O)sc1
-49.98    -50.61      0.39      0.62      C1(c2cncc(-c3c(F)c4c([nH]c(C5CCCN5C(=O)C)c4)cc3)c2)CC1c1nc(C)co1
-33.27    -34.11      7.64      0.51      C1(C)(C)C2CC(N(Cc3c(F)cccc3)C(=O)NCC)C(C)(C1)C2
-21.62    -21.75      9.26      0.38      c1(-c2oc3ccc(S(=O)(=O)CC)cc3n2)ccc(F)cc1
-34.70    -34.72    -34.72      0.00      C1CC2(C)OOC34C(C(C)C(OC(Nc5cccc6cccnc65)=O)OC134)CC2
-25.00    -24.71      3.56      0.34      n1(-c2ccccc2)[nH]c(C)c(C(c2ccc(Br)cc2)c2c(=O)[nH]c(=S)[nH]c2N)c1=O
-25.52    -26.05     22.11      0.59      c1ccc2c(c1)CCN2CC(=O)NN1C(c2ccc(O)cc2)Nc2ccccc2C1=O
Human-Component   raw_Human-Component
0.7586206793785095   0.7586206793785095   
0.44712644815444946   0.44712644815444946   
0.7206896543502808   0.7206896543502808   
0.5804597735404968   0.5804597735404968   
0.6218391060829163   0.6218391060829163   
0.5091953873634338   0.5091953873634338   
0.37816092371940613   0.37816092371940613   
0.0   0.0   
0.3448275923728943   0.3448275923728943   
0.5873563289642334   0.5873563289642334   

15:24:44: local_reinforcement_logger.timestep_report +41: INFO     
 Step 39   Fraction valid SMILES: 96.9   Score: 0.4469   Time elapsed: 66   Time left: 18.2
  Agent     Prior     Target     Score     SMILES
-21.23    -22.37    -22.37      0.00      OC(=NO)CNC(c1ccccc1)C
-25.60    -27.51     25.46      0.65      C1CC2N3C(C1)C(CC)C(=O)CC3CCC2
-31.78    -31.45      2.11      0.41      n1c(-c2cn[nH]c2-c2cc(OC)c(OC)c(OC)c2)cn2nc(-c3ccc(OC)cc3)ccc12
-30.94    -31.65    -24.58      0.09      CC(C(NS(=O)(c1ccc(OC)cc1)=O)C(NC(C#N)COCc1cc(C#N)ccc1)=O)C
-24.60    -24.89     19.88      0.55      c1(O)c(OC)cc(C=C2CCn3c(=O)c4c(nc32)cc(N2CCCCC2)cc4)cc1OC
-35.53    -36.83     13.97      0.62      CN(C)CCCN=C(NC#N)N1CCN(C(=O)NCC2CC(F)(F)C2)CC1
-31.71    -31.50     25.05      0.69      c12c(cc(-c3c4c(ncc(-c5cn(C)nc5)c4)[nH]c3)cc1)[nH]c(O)c2C
-29.63    -29.21      4.72      0.41      CC(C(=O)NCc1ccc(C(O)=O)cc1)NC(NC1CCCCC1)=O
-24.29    -24.47     22.85      0.58      c1c2oc3c(cccc3)c(=O)c2c(O)c(OC)c1OCCCCC
-25.02    -23.55      3.22      0.33      c1(OCCCC(=O)NCC2(c3ccccc3)CCOCC2)ccccc1OC
Human-Component   raw_Human-Component
0.5908045768737793   0.5908045768737793   
0.6459770202636719   0.6459770202636719   
0.4091953933238983   0.4091953933238983   
0.08620689809322357   0.08620689809322357   
0.545976996421814   0.545976996421814   
0.6195402145385742   0.6195402145385742   
0.6896551847457886   0.6896551847457886   
0.4137931168079376   0.4137931168079376   
0.5770114660263062   0.5770114660263062   
0.3264367878437042   0.3264367878437042   

15:24:45: local_reinforcement_logger.timestep_report +41: INFO     
 Step 40   Fraction valid SMILES: 100.0   Score: 0.5000   Time elapsed: 67   Time left: 16.3
  Agent     Prior     Target     Score     SMILES
-25.40    -25.89     21.37      0.58      C1Cc2oc(C)c(C(=O)NCCc3ccccc3)c2C(C)(C)C1
-19.44    -21.02     37.96      0.72      Cc1ccc2c(c1)CCCC2NC
-27.84    -27.55     16.54      0.54      N(C(=O)c1cc(C#N)c(=O)[nH]c1-c1ccccc1)c1c(Cl)cccc1Cl
-31.90    -30.78     11.72      0.52      N1(C(C(=O)c2c3c(F)ccc(C(NC4CCCC4)=O)n3[nH]c2=N)=O)CC(F)CC1
-32.14    -31.49    -16.85      0.18      c1(-c2cc(C)cnc2)cc2c([nH]c(=NC(=O)NCC)[nH]2)c(-c2cnc(C)cc2)c1
-25.09    -25.44     28.70      0.66      C1(C(=O)NCCCCCCC)(C)CCCC1
-19.34    -20.83     32.51      0.65      O1c2ccccc2N(CN2CCN(C)CC2)C(=O)C1
-26.57    -26.45      2.91      0.36      c1(Cl)ccc(-c2c(CC)[nH]c(=N)[nH]c2=N)cc1NS(c1ccccc1F)(=O)=O
-21.46    -21.60     30.33      0.63      c1c(NC(=O)CSc2ccc(Cl)cc2)ccc(CN2CCCCC2)c1
-22.16    -21.08      7.13      0.34      c1(-c2c(C(=O)Nc3c(C)cccc3C)c(C)on2)c(Cl)cccc1
Human-Component   raw_Human-Component
0.5763440728187561   0.5763440728187561   
0.7193548679351807   0.7193548679351807   
0.5376344323158264   0.5376344323158264   
0.5182795524597168   0.5182795524597168   
0.1784946173429489   0.1784946173429489   
0.6602150797843933   0.6602150797843933   
0.6505376100540161   0.6505376100540161   
0.3580645024776459   0.3580645024776459   
0.6333333253860474   0.6333333253860474   
0.34408602118492126   0.34408602118492126   

15:24:48: local_reinforcement_logger.timestep_report +41: INFO     
 Step 41   Fraction valid SMILES: 100.0   Score: 0.4731   Time elapsed: 70   Time left: 15.0
  Agent     Prior     Target     Score     SMILES
-25.82    -25.68     16.11      0.51      O=S(=O)(NC(CC(C)C)c1nnc2ccccn21)c1ccc2ccccc2c1
-26.45    -25.80    -23.68      0.03      C(Nc1cc([N+]([O-])=O)ccc1C)(=O)CSc1[nH]c2c(c(=O)n1)CCCC2
-28.63    -29.50      8.68      0.47      C1C2C(CN(Cc3cccnc3)CC2)CC1NC(=O)COCc1ccccc1
-24.61    -25.01     26.57      0.63      c1(C2CC(c3sccc3)=NN2C(=N)N)ccc(F)cc1
-34.32    -34.00    -34.00      0.00      N(C(C(C)(NC(=O)OC(C)(C)C)Cc1ccccc1)=O)C(CCC)C(=O)C(NC(C(C)C)C(NC)=O)=O
-36.16    -36.72     26.23      0.77      C(CN(CCBr)CCF)n1c2c(c3ccc(Cl)cc31)cccc2
-27.28    -27.58     17.91      0.55      S(c1cccc(Oc2cnccc2)c1)(CC1CCNCC1)(=O)=O
-29.30    -29.15     13.70      0.52      c1cc(-n2c(=O)c3c(cc(OC)c(OC)c3)c(Cc3ccc(Cl)cc3)n2)ccc1O
-35.33    -35.64     22.82      0.71      C(=O)(NCCCN1CCCC(C)C1)c1cn(-c2cccc(F)c2)nc1-c1cc(Cl)ccc1
-63.25    -63.27    -24.03      0.48      c1cc(C=Cc2nc3c(n2CCC)c2n(-c4ccc(C=C(C)C(=O)OCC)cc4)cc(C)[n+]2c(C=C)n3)ccc1
Human-Component   raw_Human-Component
0.5096774101257324   0.5096774101257324   
0.025806451216340065   0.025806451216340065   
0.4655914008617401   0.4655914008617401   
0.6290322542190552   0.6290322542190552   
0.35268816351890564   0.35268816351890564   
0.7677419185638428   0.7677419185638428   
0.5548387169837952   0.5548387169837952   
0.522580623626709   0.522580623626709   
0.7129032015800476   0.7129032015800476   
0.4784946143627167   0.4784946143627167   

15:24:50: local_reinforcement_logger.timestep_report +41: INFO     
 Step 42   Fraction valid SMILES: 100.0   Score: 0.5000   Time elapsed: 72   Time left: 13.4
  Agent     Prior     Target     Score     SMILES
-29.33    -30.80     34.63      0.80      CCN(Cc1oc2ccccc2n1)CC1CCCc2c1cccc2
-22.34    -23.30     36.83      0.73      C1CN(c2ccccc2)CCN1CCCOc1cc([N+](=O)[O-])ccc1
-23.57    -23.48     32.95      0.69      [nH]1c2cc(S(=O)(=O)C)ccc2nc1Cc1ccc(Cl)cc1
-32.22    -31.88    -18.75      0.16      c1c(C)cc(NC(Cn2c(=O)c(Cl)nc(Cl)c2)=O)c([N+](=O)[O-])c1
-25.42    -25.46     34.58      0.73      n1(-c2c(N)cccc2Cl)nnnc1
-28.80    -28.68     28.72      0.70      c1(=O)[nH]c2c(cc3c(c2)N(C)CCC3)n1CCCc1ccccc1
-23.52    -23.90     30.50      0.66      c1ccc2c(nc3n2CCC(=O)C3C(NCc2cccnc2)=O)c1
-28.32    -28.92     11.02      0.49      C(NNC(=O)c1cc2c(cc1O)cccc2)(=O)CNC(C)(C)C
-21.17    -20.78     11.14      0.39      c1cccc2c1C(O)(CC(=O)c1ccc(OC)cc1)c1c(cccc1)C2=O
-32.10    -31.82      7.24      0.48      O=C(N=c1cccc(NC(c2ccc(C(NC)=O)cc2)C)[nH]1)c1cc(OC)c(OC)cc1
Human-Component   raw_Human-Component
0.7978494763374329   0.7978494763374329   
0.7333333492279053   0.7333333492279053   
0.6881720423698425   0.6881720423698425   
0.16021504998207092   0.16021504998207092   
0.7322580814361572   0.7322580814361572   
0.699999988079071   0.699999988079071   
0.6634408831596375   0.6634408831596375   
0.48709678649902344   0.48709678649902344   
0.3892472982406616   0.3892472982406616   
0.4763440787792206   0.4763440787792206   

15:24:51: local_reinforcement_logger.timestep_report +41: INFO     
 Step 43   Fraction valid SMILES: 93.8   Score: 0.4563   Time elapsed: 73   Time left: 11.6
  Agent     Prior     Target     Score     SMILES
-27.79    -27.79     32.20      0.73      C1CN(c2nc(-c3cc(N)ccc3)c3c(n2)n(C(C)(C)C)cc3)CCO1
-23.04    -22.82     35.85      0.72      C=CCC1=Cc2c(cccc2)C(=O)C1=O
-23.14    -23.21     32.43      0.68      C(C1(CO)CC(=C)C(=O)O1)CCO
-35.46    -35.53    -35.53      0.00      c1(C(=O)c2ccccc2)[nH]c(Nc2ccccc2)c2c(O)n(-c3ccc4c(c3)OCCO4)c(O)c12
-36.09    -35.31     -7.33      0.34      CC(OC(NCCCCOn1cnc2c(=N)[nH]ccc12)=O)(CO)C
-17.62    -17.35     37.18      0.67      c1(-c2[nH]c(=N)[nH]c(=O)c2Br)ccc(Cl)cc1
-21.54    -22.81     26.67      0.60      C1OCCN(Cc2cnc(C)n2C2CC2)C1
-27.79    -28.84     21.35      0.61      c1c(C2N(CCC)CNC2=NC(Nc2cc(Cl)ccc2)=O)cccc1
-30.10    -30.09     13.94      0.54      Clc1ccc(CSc2c(O)c3c(cc2)cncn3)cc1
-27.94    -27.47     16.76      0.54      c1(Cl)cc(NC(=O)C(=O)N2CCCCC2)c(OC)cc1F
Human-Component   raw_Human-Component
0.7315270900726318   0.7315270900726318   
0.7155172228813171   0.7155172228813171   
0.6785714030265808   0.6785714030265808   
0.0   0.0   
0.3411329984664917   0.3411329984664917   
0.6650246381759644   0.6650246381759644   
0.6034482717514038   0.6034482717514038   
0.6120689511299133   0.6120689511299133   
0.5369458198547363   0.5369458198547363   
0.5394088625907898   0.5394088625907898   

15:24:52: local_reinforcement_logger.timestep_report +41: INFO     
 Step 44   Fraction valid SMILES: 96.9   Score: 0.4673   Time elapsed: 74   Time left: 9.9
  Agent     Prior     Target     Score     SMILES
-24.23    -25.22     34.35      0.73      FC1(F)CC2=CCC3C(C2(C)CC1)CCC1(C)C3CCC1(C#C)O
-24.45    -24.44     -8.42      0.20      CS(=O)(Nc1cccc(N=c2c(-c3nc(C)nc4c3nc[nH]4)ccc[nH]2)c1)=O
-23.58    -23.87     33.25      0.70      c1c(C(CC(O)=O)N2CCC(c3ccccc3)(O)CC2)ccc(Cl)c1
-29.53    -29.62    -15.95      0.17      C1C(N2CC(NC(CN=c3c4cc(C(F)(F)F)ccc4s[nH]3)=O)C2)CCC(C(COC)(O)C)C1
-33.85    -33.93     -0.57      0.41      C1(C)C(F)(F)CCN1C(=O)c1c(=O)[nH]c(C)c(C(OCC)=O)c1
-32.38    -32.94    -32.94      0.00      C1CN(CCCCCC(NCc2ccccc([N+]([O-])=O)c2)=O)CCN1c1ccccc1-c1ccc(OC)cc1
-21.41    -21.97      1.31      0.28      n1c2sc(C(NCCCC)=O)c(N)c2cc2ccccc12
-35.94    -35.61     23.02      0.71      c1c(F)cc(NC(c2c([N+]([O-])=O)cc3c(c2)OCO3)O)cc1Cl
-26.32    -26.83     28.87      0.68      O1OC2CCC3C(CC=C4C3(C)CCC(=O)C4)C2CC1
-42.14    -39.98     -6.80      0.40      C1(c2c3ncccc3c(F)cc2)C(C(=O)OCc2ccc(OC)cc2)C(=O)NC(=O)N1
Human-Component   raw_Human-Component
0.7264367938041687   0.7264367938041687   
0.19540229439735413   0.19540229439735413   
0.6965517401695251   0.6965517401695251   
0.1666666716337204   0.1666666716337204   
0.40689656138420105   0.40689656138420105   
0.0   0.0   
0.28390803933143616   0.28390803933143616   
0.7149425148963928   0.7149425148963928   
0.6793103218078613   0.6793103218078613   
0.4045976996421814   0.4045976996421814   

15:24:53: local_reinforcement_logger.timestep_report +41: INFO     
 Step 45   Fraction valid SMILES: 100.0   Score: 0.4794   Time elapsed: 75   Time left: 8.2
  Agent     Prior     Target     Score     SMILES
-42.37    -42.65    -39.56      0.04      C(N=C(CC(C)C)C(=O)NNC(COc1c([N+]([O-])=O)cccc1)=O)(CNc1ccc(Cl)cc1)=O
-28.70    -28.58     -2.22      0.32      c1(=Nc2ccc3[nH]c(C)cc(=N)c3c2)[nH]ccc(N(C)c2cccc(C)c2)n1
-31.83    -31.33     -7.61      0.29      C1CC(Oc2cc(O)ccc2N=Nc2ccccc2C(N)=O)CCN1Cc1ccccc1
-27.66    -28.18     33.80      0.76      c1c(-c2cccc(Cl)c2)n2c(n1)Cc1cc(O)ccc1-2
-19.96    -20.36      8.83      0.36      N1(c2ccccc2NC(CCC)=O)CCOCC1
-33.19    -33.65     12.46      0.56      N#Cc1c[nH]c2cc(-c3ccc(S(=O)(N(C)C)=O)cc3)cnc2c1=Nc1cc(C)c(O)cc1
-24.20    -24.04    -14.34      0.12      c1cc(OC)ccc1S(=O)(=O)N(CC1CCCO1)Cc1cc2c([nH]c1=O)ccc(C)c2
-32.77    -33.84     20.30      0.66      c1c2n(ncc1)c(C(NC1CN(C(=O)NC)CC1)=O)cc2C(F)(F)F
-22.79    -22.71      0.39      0.28      C(=Cc1cc(OC)c(OC)c(OC)c1)C(c1c(O)cc2c(c1)C=CC(C)(C)O2)=O
-26.46    -26.41     11.85      0.47      c1c(Cc2ccccc2)ccc2c1nc(-c1occc1)cc2
Human-Component   raw_Human-Component
0.037634409964084625   0.037634409964084625   
0.3215053677558899   0.3215053677558899   
0.2892473042011261   0.2892473042011261   
0.7559139728546143   0.7559139728546143   
0.3559139668941498   0.3559139668941498   
0.5623655915260315   0.5623655915260315   
0.11827956885099411   0.11827956885099411   
0.6602150797843933   0.6602150797843933   
0.28172042965888977   0.28172042965888977   
0.46666666865348816   0.46666666865348816   

15:24:54: local_reinforcement_logger.timestep_report +41: INFO     
 Step 46   Fraction valid SMILES: 100.0   Score: 0.5000   Time elapsed: 77   Time left: 6.6
  Agent     Prior     Target     Score     SMILES
-26.57    -27.22     33.62      0.74      C(F)(F)(c1cc2c(cc1)C(c1cc(Cl)cc(Cl)c1)CC2)F
-35.39    -37.08     -8.78      0.35      n1(-c2cc(Cl)cc(Cl)c2)c2c(c(=O)c(C(=O)O)c3c2OCC2C3CC2)c1
-24.57    -25.51     33.13      0.72      c12c(cccc1)CC(N1CCCC1)C2Oc1c(-c2cncnc2)cccc1
-21.50    -24.47     29.32      0.66      C(NC(C1CCCC1)=O)(C)C(=O)N1CCN(C)CC1
-23.06    -23.86     -1.02      0.28      O(C)c1cc(NC(=O)C2CN(S(=O)(=O)c3ccc4c(c3)CCCN4C(C)=O)CCC2)ccc1
-26.46    -26.70     -6.51      0.25      C(=NOC)(C)c1cccc(S(=O)(=O)N2CCCCCC2)c1
-30.16    -30.33     23.37      0.65      Oc1cc(C(C)(C)c2cccc(Br)c2)cc2c1C1C=C(C)CCC1C(C)(C)O2
-34.53    -34.46    -14.36      0.25      c1(C)cc(C)cc2nc(Oc3ccc(OC)cc3)c(C=C(C(Nc3cccc(OC)c3)=O)C#N)cc12
-29.07    -29.29     26.09      0.68      C1C(c2c3c(ccc2)OCC(c2cc(-c4cnn(C)c4)ccc2)N3)(O)CCC1
-25.37    -26.45     15.61      0.51      Cc1c(F)c(Oc2cc(C(N)=N)ccc2)nc(Oc2cccc(C3=NC(C)(C)C(=O)C3(C)C)c2)c1
Human-Component   raw_Human-Component
0.7419354915618896   0.7419354915618896   
0.3451612889766693   0.3451612889766693   
0.7150537371635437   0.7150537371635437   
0.6559139490127563   0.6559139490127563   
0.27849462628364563   0.27849462628364563   
0.24623656272888184   0.24623656272888184   
0.6548386812210083   0.6548386812210083   
0.2451612949371338   0.2451612949371338   
0.675268828868866   0.675268828868866   
0.5129032135009766   0.5129032135009766   

15:24:55: local_reinforcement_logger.timestep_report +41: INFO     
 Step 47   Fraction valid SMILES: 96.9   Score: 0.4844   Time elapsed: 78   Time left: 4.9
  Agent     Prior     Target     Score     SMILES
-35.19    -34.97      5.56      0.49      C1(C)(C(=O)NC)C2C(C)(C3C(OC)OC=C3CC2)CCC1
-23.49    -24.01     38.20      0.76      C(CC)C=CCC=CCCC=CCC
-21.13    -21.43     36.45      0.71      [nH]1c(=NCCc2ccc(N=C3NCCCS3)cc2)scc1-c1ccc(Cl)cc1
-22.09    -22.00     33.23      0.67      c1cc(-c2csc3ccccc23)cc2c1OCO2
-18.29    -18.02     34.01      0.63      c1cccc(=NCc2cnccc2)[nH]1
-26.84    -27.32     23.85      0.62      c1sc(C2CC(c3ccc(Cl)c(Cl)c3)=NN2c2ccc([N+]([O-])=O)cc2)cc1
-26.78    -28.80     18.43      0.58      C1N(C)CCN(C2C(Oc3ccc(C4Oc5c(ccc(O)c5)-c5ccc(O)cc54)cc3)CCC2)C1
-26.95    -26.36      6.16      0.40      c12cc(NC(CC(C)(C)C)=O)ccc1C(=O)c1c(cc(NC(=O)CCC)cc1)C2=O
-44.25    -44.72    -16.54      0.34      O1CC2CC(OC(=O)CNC(c3ccccc3)=O)CC(C)C2C1C(O)c1c2c(cccc2)ncc1
-42.78    -46.58      1.87      0.59      O=C1NC2(CCCN(C)CC2)CN1C(C1CC(C)(C)C1)COCC(F)(F)F
Human-Component   raw_Human-Component
0.49425286054611206   0.49425286054611206   
0.7586206793785095   0.7586206793785095   
0.705747127532959   0.705747127532959   
0.6735632419586182   0.6735632419586182   
0.634482741355896   0.634482741355896   
0.6241379380226135   0.6241379380226135   
0.5758620500564575   0.5758620500564575   
0.3965517282485962   0.3965517282485962   
0.34367814660072327   0.34367814660072327   
0.5908045768737793   0.5908045768737793   

15:24:57: local_reinforcement_logger.timestep_report +41: INFO     
 Step 48   Fraction valid SMILES: 96.9   Score: 0.4844   Time elapsed: 79   Time left: 3.2
  Agent     Prior     Target     Score     SMILES
-64.40    -65.02     -2.82      0.76      C1(OC(=O)CN2CCN(C)CC2)C=C2C(C)(CCC(OC(CCC(OCC3C(OS(O)(=O)=O)C(OC4OCC(O)C(O)C4O)C(C)O3)C)=O)C2)C2C1C1CCC(O)C1(C)CC2O
-21.03    -22.75     36.91      0.73      C(C)CNCCOCCN(C)C
-36.34    -38.07    -38.07      0.00      c1ccc(NC(NN=c2ncc3ccc(-c4ccc(Cl)cc4)nn3c2)=O)cc1
-42.77    -44.13      1.11      0.55      c12nc(C)ccc1c(OC)cc(N)c2-c1cc(-c2ccc(F)cc2)nc2c1sc1c2cccc1
-36.38    -36.74     13.40      0.61      C1CCN(CCCCc2c3ccccc3n(-c3ccccc3F)c2)C(C(NCc2ccccc2)=O)C1
-25.22    -26.47     12.27      0.47      CCN(CCCN(C)S(=O)(N1CCOCC1)=O)CC
-24.51    -24.39     19.06      0.53      c1(OC)c(-c2ccc(N)cc2)cc(C=CC(=O)O)cc1
-15.08    -15.50     34.45      0.61      O(c1c2c(ccc1)C(=O)C=CC2=O)C
-32.40    -31.35     -8.35      0.28      c1c(Cl)ccc(NS(=O)(=O)c2cc(NC(=O)Nc3cc(C(O)=O)c(Cl)cc3)ccc2C)c1
-34.30    -35.05      9.06      0.54      n12cccc(-c3cc(Cl)nc(=Nc4cc(N5CCNCC5)ccn4)[nH]3)c1ncc2
Human-Component   raw_Human-Component
0.7586206793785095   0.7586206793785095   
0.7275862097740173   0.7275862097740173   
0.0   0.0   
0.5517241358757019   0.5517241358757019   
0.611494243144989   0.611494243144989   
0.4724137783050537   0.4724137783050537   
0.5298850536346436   0.5298850536346436   
0.6091954112052917   0.6091954112052917   
0.28045976161956787   0.28045976161956787   
0.5379310250282288   0.5379310250282288   

15:24:58: local_reinforcement_logger.timestep_report +41: INFO     
 Step 49   Fraction valid SMILES: 96.9   Score: 0.4844   Time elapsed: 80   Time left: 1.6
  Agent     Prior     Target     Score     SMILES
-23.00    -23.77     41.45      0.80      C(N1CCCCC1)c1cc2c(cc1)-c1n(c(=O)nc(OCC3OCCOC3)c1)CC2
-25.57    -27.22     32.82      0.73      c12cc(Cl)ccc1C1(N3CCCCC3C2)C(=O)c2ccccc2C1
-22.72    -22.24      6.79      0.35      N(c1ccccc1C(=O)O)C(c1cc(N)ccc1)=O
-22.42    -23.69     37.10      0.74      c1occc1C1C2(C)C(C3C(CC2)C2(C)CCC(O)CC2=CC3)CC1
-25.52    -25.17     14.32      0.48      CC(Cc1sc(C(=O)C(N(C)C)=O)cc1)C
-25.92    -26.69     24.30      0.62      O=C(NCC)C1CCCN(C(C(CC)CC)=O)C1
-43.42    -42.24      1.02      0.53      OC1(c2n(C)c(=S)[nH]n2)C(C)CC(=O)C1c1cccc(O)c1
-26.41    -27.88     26.40      0.66      C1CN(CCn2c3ccccc3cn2)CCC1n1ccc2ccccc12
-28.29    -28.88     23.43      0.64      c1(C)c(-c2cc(C#N)ccc2)c(=O)c2ccc(OCCN(C)C)cc2o1
-37.83    -38.69    -38.69      0.00      C(Cn1cncc1)N=c1nc2c(c3c(c(F)c(F)c(F)c3)o2)[nH]c1
Human-Component   raw_Human-Component
0.7954022884368896   0.7954022884368896   
0.7321839332580566   0.7321839332580566   
0.3540229797363281   0.3540229797363281   
0.7413793206214905   0.7413793206214905   
0.48160919547080994   0.48160919547080994   
0.6218391060829163   0.6218391060829163   
0.5275862216949463   0.5275862216949463   
0.6620689630508423   0.6620689630508423   
0.6379310488700867   0.6379310488700867   
0.0   0.0   

