22:16:45: local_reinforcement_logger.log_message +32: INFO     starting an RL run
22:16:47: local_reinforcement_logger.timestep_report +41: INFO     
 Step 0   Fraction valid SMILES: 100.0   Score: 0.4619   Time elapsed: 1   Time left: 1.0
  Agent     Prior     Target     Score     SMILES
-29.94    -29.94    -14.95      0.47      c1(C([n+]2ccc(N(c3cc([N+](=O)[O-])ccc3)C)cc2)c2ccccc2)ccccc1
-26.82    -26.82    -12.17      0.46      N(C(=O)c1cc(-c2cc3c(cc2)OCO3)ccc1)c1cc(C(=O)O)ccc1
-22.00    -22.00     -6.99      0.47      c1ccccc1Oc1ccc(-c2ccc(CCC(S(C)(=O)=O)(C(=NO)O)C)cc2)cc1
-29.83    -29.83    -15.04      0.46      COc1c(C=Nn2nc(C)sc2=NC2CCCCCC2)cccc1
-26.95    -26.95    -12.15      0.46      C(O)(COc1ccc(-c2[nH]cc(-c3ccc(-c4ccccc4C(O)=O)cc3)n2)cc1)=O
-22.71    -22.71     -7.59      0.47      FC(F)(c1cc(OCCCNCC)ccc1)F
-32.21    -32.21    -17.25      0.47      CSc1nn(C23CC4CC(C2)CC(C4)C3)cc1CNC(C)=O
-25.45    -25.45    -10.74      0.46      Oc1cc(NC(=O)c2c(=N)n(-c3ccc(Br)cc3)[nH]c2)ccc1
-34.18    -34.18    -19.91      0.45      C1COC(C(N2CCC(NC(c3cc(Cc4c5ccccc5n(C)c4)ccc3)=O)CC2)=O)C1
-25.66    -25.66    -10.85      0.46      COc1ccc(CN2CCC(NC(C=Cc3cc(OC)ccc3)=O)CC2)cc1
Human-Component   raw_Human-Component
0.46837136149406433   0.46837136149406433   
0.4577496349811554   0.4577496349811554   
0.4689236879348755   0.4689236879348755   
0.4620738625526428   0.4620738625526428   
0.46259182691574097   0.46259182691574097   
0.4726794362068176   0.4726794362068176   
0.46756312251091003   0.46756312251091003   
0.45974647998809814   0.45974647998809814   
0.445667564868927   0.445667564868927   
0.4629620611667633   0.4629620611667633   

