15:26:35: local_reinforcement_logger.log_message +32: INFO     starting an RL run
15:26:37: local_reinforcement_logger.timestep_report +41: INFO     
 Step 0   Fraction valid SMILES: 100.0   Score: 0.5000   Time elapsed: 1   Time left: 50.0
  Agent     Prior     Target     Score     SMILES
-25.41    -25.41     -2.39      0.72      c1c(Cc2cc(OC)ccc2OC)c(=O)[nH]c2cc(C(F)(F)F)ccc12
-34.64    -34.64    -18.82      0.49      c1(C(O)O)cc(-c2ccc(Cn3c(CCC)cc(SCC(=O)O)c3O)cc2)n(C)n1
-20.90    -20.90     -5.38      0.48      c1ccc2c(n1)c(NS(c1ccc(N)cc1)(=O)=O)ccc2
-28.24    -28.24    -15.75      0.39      O(c1cc(C=NNc2cc(=O)[nH][nH]2)cc(Br)c1O)c1ccccc1
-34.09    -34.09    -28.41      0.18      CC(c1ccc(CC(C)C)cc1)c1oc(SCC(OC2C3CC4CC(CC2C4)C3)=O)nn1
-28.82    -28.82     -5.53      0.73      C(C)(CCCC(=CCCC=C(C)CCC=C(CCC#C)C)C)=CCOS(=O)(O)=O
-30.58    -30.58    -22.90      0.24      c1(C)cc(Oc2[nH]cnc(=Nc3ccc(C(F)(F)F)cc3)c2)cc(C(=O)O)c1
-20.35    -20.35     -1.74      0.58      c1c(C(NCCCCCC(Nc2c(N)cccc2)=O)=O)cc(O)cc1O
-30.84    -30.84    -10.23      0.64      c1c(F)ccc(-n2c(CCN(C)C(=O)C)nc(C)c2-c2c(OC)cccc2)c1
-18.61    -18.61      1.83      0.64      Cc1cc(=O)oc2cc(O)c(O)cc21
Human-Component   raw_Human-Component
0.7193548679351807   0.7193548679351807   
0.49462366104125977   0.49462366104125977   
0.48494625091552734   0.48494625091552734   
0.39032256603240967   0.39032256603240967   
0.17741934955120087   0.17741934955120087   
0.727957010269165   0.727957010269165   
0.23978494107723236   0.23978494107723236   
0.5817204117774963   0.5817204117774963   
0.6440860033035278   0.6440860033035278   
0.6387096643447876   0.6387096643447876   

15:26:38: local_reinforcement_logger.timestep_report +41: INFO     
 Step 1   Fraction valid SMILES: 96.9   Score: 0.4844   Time elapsed: 2   Time left: 49.0
  Agent     Prior     Target     Score     SMILES
-38.77    -38.78    -16.38      0.70      c1(C)cc(=Nc2c(C#N)c(N3CCc4c3cccc4)nc(=Nc3ccccc3)[nH]2)cc[nH]1
-34.79    -34.76    -28.10      0.21      [N+](=O)([O-])c1ccc(OCc2oc(C)nn2)cc1S(=O)(=O)c1ccccc1
-30.02    -29.98     -8.28      0.68      c1c(-c2c(OC)c(F)c(-c3c[nH]nc3C)cc2)cnn1C
-43.50    -43.56    -36.83      0.21      C=CC(c1cc(-c2ccc(C(=O)O)cc2Br)cc(C(CC)(CC)c2ccc(OCCCC(=O)O)c(C)c2)c1)(CC)CC
-19.84    -19.80      1.38      0.66      C1CN(CC(=O)N=c2scc[nH]2)CCN1c1ccccc1
-28.04    -28.10    -21.81      0.20      C1CN(CCn2c3c(c(SCC(Nc4cc(C)cc(C)c4)=O)nc2=O)CN(C)CC3)CCO1
-21.44    -21.42     -1.12      0.63      c1cccc(C(=O)Nc2sc3c(c2C#N)CCC3)c1F
-31.08    -31.01    -14.31      0.52      O=C(C=C)Nc1cc(N=c2cc(C(NC3CCC(OC)CC3)=O)cc[nH]2)ccc1
-23.02    -23.02     -4.48      0.58      Clc1cccc(CN2C(=O)C(=O)c3c2ccc(Br)c3)c1Cl
-31.87    -31.86    -16.56      0.48      s1c(NC(Nc2c(C)c(Cl)ccc2)=O)c(C(N2CCC(NC)CC2)=O)cc1C(C)(C)C
Human-Component   raw_Human-Component
0.699999988079071   0.699999988079071   
0.20804597437381744   0.20804597437381744   
0.6781609058380127   0.6781609058380127   
0.2103448212146759   0.2103448212146759   
0.6620689630508423   0.6620689630508423   
0.19655172526836395   0.19655172526836395   
0.634482741355896   0.634482741355896   
0.5218390822410583   0.5218390822410583   
0.5793103575706482   0.5793103575706482   
0.47816091775894165   0.47816091775894165   

15:26:39: local_reinforcement_logger.timestep_report +41: INFO     
 Step 2   Fraction valid SMILES: 100.0   Score: 0.5000   Time elapsed: 3   Time left: 48.0
  Agent     Prior     Target     Score     SMILES
-31.96    -31.97    -24.33      0.24      O=C(NCc1cncc2c1cccc2)c1cc2c(cn1)cc1n2CCCNC1=O
-29.72    -29.76     -5.05      0.77      c12c(OC)cccc1C(C1CCN(CCc3ccc(C)cc3)CC1)CC2O
-50.91    -50.87    -36.18      0.46      C(#N)c1n(-c2ccc(S(=O)(=O)C)c(F)c2)c(=O)c(OC)c(-c2nc(C(C)(N)C)[nH]c2-c2ccccc2)c1
-21.53    -21.53     -2.58      0.59      c1c(C(OC(C#N)c2ccccc2)=O)ccnc1
-30.33    -30.32    -22.92      0.23      c1([N+](=O)[O-])ccc(Cl)c(NC(Nc2cc3c(cc2OC)c2ccccc2n3CC)=O)c1
-26.50    -26.51     -4.15      0.70      c1c(C)c(-n2c3n(c4c(ccc(Cl)c4)c2=O)cnn3)c(C)cc1
-39.57    -39.66    -24.07      0.49      C(c1c(=O)n(C(C)(C)C)c(=O)n(C2CCCC2)c1C)C=C(C)CCC=C(CCC=C(C)C)C
-27.02    -27.02    -12.47      0.45      O=C(CCNC(c1ccc(S(=O)(=O)N)cc1)=O)OCC(c1[nH]ccc1)=O
-25.68    -25.67     -3.61      0.69      C(CN1CCOCC1)NC(=O)c1ccc(Cl)c(C(=O)Nc2ccc(Cl)cc2)c1
-37.16    -37.35    -18.32      0.59      C1N2CCCC(NC(=O)c3cccc(F)c3)C2CCC1NC(=O)Nc1c(CC)cccc1CC
Human-Component   raw_Human-Component
0.23870967328548431   0.23870967328548431   
0.772042989730835   0.772042989730835   
0.45913979411125183   0.45913979411125183   
0.5924730896949768   0.5924730896949768   
0.23118279874324799   0.23118279874324799   
0.698924720287323   0.698924720287323   
0.48709678649902344   0.48709678649902344   
0.45483872294425964   0.45483872294425964   
0.6892473101615906   0.6892473101615906   
0.5946236848831177   0.5946236848831177   

15:26:40: local_reinforcement_logger.timestep_report +41: INFO     
 Step 3   Fraction valid SMILES: 96.9   Score: 0.4844   Time elapsed: 4   Time left: 47.0
  Agent     Prior     Target     Score     SMILES
-29.49    -29.48     -3.37      0.82      C12COC(OCC#C)C1(C)CCCC2C
-33.43    -33.63    -10.72      0.72      c1cc(-c2ncc(F)cc2)cc(=O)n1C1CCN(C(=O)NC2CC2)CC1
-26.49    -26.49     -3.39      0.72      C1N(C(=O)C2CCNCC2)CC2CN(C)CC(C1)C2
-27.54    -27.57     -4.61      0.72      c1(COc2ncc(Cl)cc2)c(CCC)onc1-c1c(Cl)cccc1Cl
-31.28    -31.24    -14.39      0.53      COc1c(CNCCS(=O)(NCCCC)=O)cccc1C
-23.64    -23.63     -1.93      0.68      Fc1ccc(C2N(c3ccc(F)cc3)C(=O)C2CCC(=O)N)cc1
-19.23    -19.39      1.24      0.64      c1c(F)ccc(S(=O)(=O)Nc2ccccc2C(=O)O)c1
-31.24    -31.32    -12.71      0.58      N(=c1scc(CC(=O)N2CCN(C)CC2)[nH]1)c1n[nH]c(C)c1CC
-29.18    -29.23    -11.87      0.54      C1(c2ccccc2)CCN(CCN=c2[nH]c(SC)nc(C)c2)CC1
-29.44    -29.47    -11.33      0.57      c1ccc(-c2ccc(OCCCOc3ccc4c(c3CCC)OC(C(=O)O)CC4)c(C)c2C)o1
Human-Component   raw_Human-Component
0.8160919547080994   0.8160919547080994   
0.7160919308662415   0.7160919308662415   
0.7218390703201294   0.7218390703201294   
0.7172414064407349   0.7172414064407349   
0.5264368057250977   0.5264368057250977   
0.6781609058380127   0.6781609058380127   
0.6448276042938232   0.6448276042938232   
0.5816091895103455   0.5816091895103455   
0.5425287485122681   0.5425287485122681   
0.5666666626930237   0.5666666626930237   

15:26:41: local_reinforcement_logger.timestep_report +41: INFO     
 Step 4   Fraction valid SMILES: 100.0   Score: 0.5000   Time elapsed: 5   Time left: 46.0
  Agent     Prior     Target     Score     SMILES
-38.67    -38.63    -20.67      0.56      C(CCCCC(=O)Nc1cc(=O)[nH]c2nc(C(NCc3cccc(Cl)c3)=O)nn21)C
-31.93    -32.02    -14.02      0.56      C1c2c(cccc2)C(Cc2c[nH]cn2)(NC(=O)C2CC2)C1
-51.26    -51.17    -45.87      0.17      c1(COC(NC)=O)oc(C(Oc2cc(C)oc(=O)c2)COC(=O)c2cnc(Cl)c(Cl)c2)cc1
-33.14    -33.30    -31.27      0.06      c12ccc(OCC(=O)OCC)c(CCC)c1C(=O)C(=Cc1ccccc1OC)O2
-19.38    -19.50      4.00      0.73      CCSC1=NC(=O)C2(N1)CCc1c(cccc1)C2
-25.45    -25.67     -7.64      0.56      CC12CCC(O)C(C)(C)C1CCC13CC(=C)C(O)(OC1)CC23
-22.86    -22.79     -3.83      0.59      C(CCNC(Nc1ccccc1)=O)c1ccc(F)cc1
-29.98    -30.03     -9.25      0.65      C1N(C(=O)C2CCN(Cc3ccccc3)CC2)CC(c2ccc(OC)cc2)C1C(O)=O
-26.63    -26.70    -12.45      0.45      n1cc(-c2[nH]c(CNS(CCC)(=O)=O)cc2)ccc1
-23.08    -23.06     -6.06      0.53      CCC=Cc1nc2c(cccc2)o1
Human-Component   raw_Human-Component
0.5612903237342834   0.5612903237342834   
0.5623655915260315   0.5623655915260315   
0.16559140384197235   0.16559140384197235   
0.06344085931777954   0.06344085931777954   
0.7344086170196533   0.7344086170196533   
0.5634408593177795   0.5634408593177795   
0.5924730896949768   0.5924730896949768   
0.6494623422622681   0.6494623422622681   
0.44516128301620483   0.44516128301620483   
0.5311827659606934   0.5311827659606934   

15:26:43: local_reinforcement_logger.timestep_report +41: INFO     
 Step 5   Fraction valid SMILES: 96.9   Score: 0.4844   Time elapsed: 7   Time left: 52.5
  Agent     Prior     Target     Score     SMILES
-34.41    -34.36    -25.90      0.26      c1(C)oc(C)cc1C(N1C2C(C3(CCN(C(COC)=O)CC3)CC2)CC1)=O
-45.49    -45.36    -21.53      0.74      C1CCCCC1OC(C(O)(C(c1cccc(CCBr)c1)O)C)C
-41.31    -41.26    -16.99      0.76      C(CN1CCCC1=O)ON=CCCc1ccc(-c2cc3c(ncs3)cc2)cc1
-31.02    -30.98     -7.84      0.72      c1(CN2CCN(Cc3cc4c(cccc4)o3)CC2)[nH]c2cc(C)c(C)cc2c1
-32.34    -32.19    -13.10      0.60      C(C1CCCN(C(=O)c2cc3[nH]c(O)c(O)c3c(Cl)c2)C1)(=O)OCC
-19.51    -19.46      1.76      0.66      C1(c2[nH]c3cccc(C(=O)N)c3n2)CCCNC1
-34.55    -34.65    -15.48      0.60      C1c2sc3ccccc3c2CCN1CCCOc1ccccc1CCCF
-22.91    -22.72     -7.31      0.48      c1c2c(C(N3CCC4(OCCO4)CC3)=O)cc(-c3occc3)nc2ccc1
-23.00    -23.00     -3.39      0.61      c1c(Cl)c(-n2c(=O)c(N=Nc3c(Cl)cccc3)c(C)[nH]2)ccc1
-27.80    -27.63     -8.79      0.59      C(C1CCN(C(COc2c(OC)cc(C=CC(=NO)O)cc2)=O)CC1)(C)C
Human-Component   raw_Human-Component
0.26436781883239746   0.26436781883239746   
0.7448275685310364   0.7448275685310364   
0.7586206793785095   0.7586206793785095   
0.722988486289978   0.722988486289978   
0.5965517163276672   0.5965517163276672   
0.6632183790206909   0.6632183790206909   
0.5988505482673645   0.5988505482673645   
0.48160919547080994   0.48160919547080994   
0.6126436591148376   0.6126436591148376   
0.588505744934082   0.588505744934082   

15:26:44: local_reinforcement_logger.timestep_report +41: INFO     
 Step 6   Fraction valid SMILES: 100.0   Score: 0.5000   Time elapsed: 8   Time left: 50.3
  Agent     Prior     Target     Score     SMILES
-20.42    -20.49      1.91      0.70      c1c(C2Nc3cccc4cccc(c34)N2)cc(OC)cc1
-28.49    -28.74    -15.53      0.41      O=C(NCCCCNC)C1C(C(=O)Nc2ccc(Br)cc2)C2CCC1C21CC1
-24.76    -24.65    -13.05      0.36      c1ncccc1NC(CN(CC(=O)Nc1c(F)cccc1F)CC)=O
-38.89    -38.96    -27.36      0.36      C1C(C(c2ncc(C)c(O)c2C)=O)CCN1Cc1nc(C(C)C)on1
-24.81    -24.57    -10.67      0.43      C1CC(C(NCc2cc(Cl)c(Cl)cc2)=O)CCN1S(=O)(N1CC(C)CC(C)C1)=O
-31.31    -31.45    -27.87      0.11      c1(-c2nc3n(c(SCC(NCc4occc4)=O)nc4n(C)nc(C)c43)n2)ccccc1
-24.32    -24.37    -15.32      0.28      c1ccc(OC)cc1CNC(=O)CSc1nnc(-c2cccnc2)n1C
-21.94    -22.12     -2.17      0.62      c1ccc2cc(=N)[nH]nc2c1OC
-26.78    -26.83    -19.70      0.22      c1cccc(-n2c(=NC(=O)c3cc(-c4ncccc4F)ccc3Cl)cc(C(NCc3nnn(C)c3)=O)[nH]2)n1
-21.88    -21.97      2.32      0.76      c1cc(CNN2CCN(CCN3C(=O)C(=O)c4cc(Cl)ccc43)CC2)c(F)cc1
Human-Component   raw_Human-Component
0.699999988079071   0.699999988079071   
0.41290321946144104   0.41290321946144104   
0.36236560344696045   0.36236560344696045   
0.36236560344696045   0.36236560344696045   
0.43440860509872437   0.43440860509872437   
0.11182795464992523   0.11182795464992523   
0.2827956974506378   0.2827956974506378   
0.6236559152603149   0.6236559152603149   
0.22258064150810242   0.22258064150810242   
0.7591397762298584   0.7591397762298584   

15:26:45: local_reinforcement_logger.timestep_report +41: INFO     
 Step 7   Fraction valid SMILES: 84.4   Score: 0.4219   Time elapsed: 9   Time left: 48.4
  Agent     Prior     Target     Score     SMILES
-20.65    -20.74     -6.17      0.46      C1(=Cc2ccccc2)C(=O)N(Cc2ccc(C)cc2)C(=S)S1
-33.00    -33.06    -18.74      0.45      FC(F)(F)c1ccc(CC(N)COc2c(C(N)=O)cc(F)cc2)c(F)c1
-22.06    -21.67     -8.77      0.40      c1(C(N=c2n(-c3ccccc3)[nH]c(-c3ccccc3)c2)=O)c(C)nns1
-23.29    -23.25     -3.01      0.63      C1CCCC1n1nnnc1C(N1CCCCCC1)c1cc2c(cc1)OCO2
-43.31    -43.57    -35.45      0.25      C(C)(C)CC(C(CC1CCCCC1)NC(=O)C1C(CNC(C(NC(OC(C)(C)C)=O)CCCNC(=N)N)=O)O1)O
-42.46    -42.23    -33.91      0.26      CN(CCNc1cc2c(c(=O)n1CCCN=[N+]=[N-])nc(N1CCOCC1)[nH]c2=NC(C)c1ccccc1)C
-40.02    -40.11    -28.59      0.36      C(CCCCCCCCCCCOc1cccc(C(O)CC(=O)OCC)c1)CCc1cc(C)oc1O
-34.51    -34.66    -13.20      0.67      C(c1c(-c2ccc(Cl)cc2)n(-c2c(Cl)cccc2)nc1C(N1CCCCC1=O)=O)(=O)c1ccc(Cl)cc1
-31.66    -31.60     -9.05      0.70      c1(OCCCN2CCN(CCCCn3c4c(cccc4)sc3=O)CC2)ccc2c(C)cc(=O)oc2c1C
-23.30    -23.18     -3.69      0.61      c12c(c3c(nc(SCCC(C)C)n(-c4ccccc4)c3=O)s1)CCCC2
Human-Component   raw_Human-Component
0.45538461208343506   0.45538461208343506   
0.44769230484962463   0.44769230484962463   
0.4030769169330597   0.4030769169330597   
0.6323077082633972   0.6323077082633972   
0.2538461685180664   0.2538461685180664   
0.25999999046325684   0.25999999046325684   
0.36000001430511475   0.36000001430511475   
0.670769214630127   0.670769214630127   
0.7046154141426086   0.7046154141426086   
0.6092307567596436   0.6092307567596436   

15:26:47: local_reinforcement_logger.timestep_report +41: INFO     
 Step 8   Fraction valid SMILES: 100.0   Score: 0.5000   Time elapsed: 11   Time left: 51.3
  Agent     Prior     Target     Score     SMILES
-28.15    -28.13    -18.50      0.30      C(COc1ccc(COc2c(-c3ccccc3)c3c(cccc3)cn2)cc1)C
-29.61    -29.60     -6.82      0.71      c1c(Cl)cc(C(CN(Cc2cc(F)cc(F)c2)C)O)c(F)c1
-35.43    -35.43    -33.20      0.07      n1(CC(Nc2cc(F)c(C)cc2)=O)c(=O)c2c(n(Cc3ccco3)c1=O)ncn2CCCOCC
-25.29    -25.51     -6.10      0.61      c12n(C)cc(CCCC(NCCc3cc(OC)c(OC)cc3)=O)c1cc(OC)cc2
-28.54    -28.41     -6.63      0.68      C(N=c1nc(N2CCN(CCOc3ccccc3)CC2)[nH]cc1)(C)C
-20.34    -20.44     -3.06      0.54      c1(CCCC2(C(O)=O)CO2)ccccc1
-22.62    -22.84    -13.65      0.29      c1c(NC(=O)C)ccc(NC(=O)CSCC(=O)Nc2ccc(C)cc2)c1
-21.93    -22.00     -8.24      0.43      O(c1c(=O)cc(C)oc1C)c1cc(C)cc(C)c1
-24.33    -24.18     -3.02      0.66      C(CCCCCCCn1c(=N)sc2cc(OC(F)(F)F)ccc12)CCCC
-27.27    -27.17    -18.84      0.26      C(=O)(NCc1ccccc1OC)CSc1n[nH]c(=NC(COc2ccc(C)cc2)=O)s1
Human-Component   raw_Human-Component
0.301075279712677   0.301075279712677   
0.7118279337882996   0.7118279337882996   
0.06989247351884842   0.06989247351884842   
0.6064516305923462   0.6064516305923462   
0.6806451678276062   0.6806451678276062   
0.5430107712745667   0.5430107712745667   
0.28709676861763   0.28709676861763   
0.4301075339317322   0.4301075339317322   
0.6612903475761414   0.6612903475761414   
0.26021504402160645   0.26021504402160645   

15:26:48: local_reinforcement_logger.timestep_report +41: INFO     
 Step 9   Fraction valid SMILES: 100.0   Score: 0.5000   Time elapsed: 12   Time left: 49.2
  Agent     Prior     Target     Score     SMILES
-21.29    -21.38    -17.60      0.12      C1(C)=NC(C)=C(C(OC)=O)C(c2ccccc2)C1C(Nc1ccccc1)=O
-29.16    -29.22    -20.41      0.28      O1CCC(CN(C(=O)c2c3ccccc3ccc2)C2CCNCC2)C1
-23.54    -23.15     -7.11      0.50      c1c(NC(c2n(C)c3c(c(=O)n4c(cccc4)n3)c2)=O)cc(C(F)(F)F)cc1
-28.24    -28.21     -5.54      0.71      O1CC(N2CCCn3nnc(COCC(=O)N(C)C)c3C2)CCC1
-20.89    -21.10    -10.40      0.33      c1c([N+]([O-])=O)cccc1C=Cc1cccc(OC)c1
-30.55    -30.19    -24.89      0.17      C(NC(=O)Cn1c(-c2ccc(OC)cc2)cc(C(CC)CC)n1)(C)C
-25.43    -25.77     -7.71      0.56      O=C(N1CCCCC1)C1C(O)c2c(cccc2)OC1=N
-25.81    -25.91     -5.75      0.63      OCc1c(Br)c(=O)c2c(ccc(Br)c2)o1
-37.74    -37.22    -15.78      0.67      c1(O)c(O)cc(OCC2(CO)CC(C=C(C)C)C(=O)C2(C)C)cc1
-22.00    -22.04     -3.12      0.59      c1c(S(=O)(N)=O)ccc(CCNC(Nc2cc(Cl)ccc2C)=S)c1
Human-Component   raw_Human-Component
0.11827956885099411   0.11827956885099411   
0.2752688229084015   0.2752688229084015   
0.501075267791748   0.501075267791748   
0.7086021304130554   0.7086021304130554   
0.33440861105918884   0.33440861105918884   
0.16559140384197235   0.16559140384197235   
0.5645161271095276   0.5645161271095276   
0.6301075220108032   0.6301075220108032   
0.6698924899101257   0.6698924899101257   
0.5913978219032288   0.5913978219032288   

15:26:50: local_reinforcement_logger.log_message +32: INFO     Resetting Agent
15:26:50: local_reinforcement_logger.log_message +32: INFO     Adjusting sigma to: 82
15:26:50: local_reinforcement_logger.timestep_report +41: INFO     
 Step 10   Fraction valid SMILES: 100.0   Score: 0.5000   Time elapsed: 14   Time left: 50.9
  Agent     Prior     Target     Score     SMILES
-25.86    -26.09     -2.56      0.74      n1cc(CN2CC(Cc3ccccc3)N(CCC(C)C)CC2)c[nH]1
-42.32    -42.18    -19.75      0.70      C(CN=C1N2CC(c3[nH]c4c(n3)cccc4)CC1CC2)N(c1cc(Cl)c(Cl)cc1)C
-33.56    -33.86    -21.30      0.39      n1c(N2CCCC2)scc1CCC(=O)N1Cc2[nH]c3c(cccc3)c2CC1
-17.33    -17.47     -3.15      0.45      O=C(Nc1ccccc1)C1CCCCC1
-30.98    -30.59     -9.91      0.65      CN(C)c1ccc(CN=c2[nH]cc3c(n2)-c2n(C4CCCC4)nc(C(=O)N)c2CC3)cc1
-25.39    -25.27    -16.40      0.28      c1cc(NC(C)=O)ccc1S(=O)(N1CCN(C(c2n(-c3ccccc3)nnn2)CC)CC1)=O
-30.43    -30.62    -13.79      0.53      c1(C)c2c(n(CCC#N)n1)NC(=N)SC2c1cc(OC)ccc1
-55.41    -54.43    -46.92      0.23      C(CCC(NC(C(C(C)CC)[S+](Cc1cc2c(cccc2)nc1)[O-])=O)C(O)OC)(=O)OC(C)(C)C
-23.07    -22.98     -8.46      0.45      c1cc2c(cc1)n(CC(NCCN(C)C)=O)c(=O)o2
-30.29    -29.99    -19.70      0.32      c1c(N2C(=O)c3cc(C(N(c4c(CC)cccc4)CC)=O)ccc3C2=O)ccc(C)c1C
Human-Component   raw_Human-Component
0.7354838848114014   0.7354838848114014   
0.7010752558708191   0.7010752558708191   
0.39247313141822815   0.39247313141822815   
0.4473118185997009   0.4473118185997009   
0.6462365388870239   0.6462365388870239   
0.2774193584918976   0.2774193584918976   
0.5258064270019531   0.5258064270019531   
0.23440860211849213   0.23440860211849213   
0.4537634551525116   0.4537634551525116   
0.3215053677558899   0.3215053677558899   

15:26:52: local_reinforcement_logger.timestep_report +41: INFO     
 Step 11   Fraction valid SMILES: 96.9   Score: 0.4844   Time elapsed: 16   Time left: 52.0
  Agent     Prior     Target     Score     SMILES
-39.49    -39.49     -7.25      0.39      O(C)c1ccc2c(S(c3cc(C)ccc3)(=O)=O)c(CCC)nn2c1N(CCOC)CCOC
-29.60    -29.60     32.04      0.75      c1c(N2CCN(C)CC2)ccc(N=c2c3c([nH]c(-c4ccncc4)c2-c2ccccc2)cccc3)c1
-24.36    -24.36     33.23      0.70      n1ccn2c1ncc1c2NC(c2ccccc2)CC1
-33.90    -33.90    -20.05      0.17      O(C)c1cc(OC)cc(CNC(Cc2cc(C(N3CCOCC3)O)c(C)n(C(C)(C)C)c2=O)=O)c1
-34.60    -34.60     -5.85      0.35      c1(-c2nc(C3CN(C(C)=O)C3)ccc2)cccc2c(=N)c(C(NCC)=O)n[nH]c12
-28.77    -28.77     30.04      0.72      Clc1ccc(C=CCNC2CCCCN(C)C2=O)cc1
-36.70    -36.70     15.89      0.64      c1c(NC(Cc2c(C(C(F)(F)F)=O)c3cccc(Cl)c3[nH]2)=O)c(Cl)ccc1
-18.44    -18.44     35.85      0.66      c1cccc(-c2[nH]c(=NN)nc(-c3ccccc3)c2)c1
-42.13    -42.13      3.20      0.55      C1N(C(c2ccc(Br)cc2)=O)C(C(F)(F)F)(OC)CC(C(=O)OC)C1c1ccc(F)c(Br)c1
-40.54    -40.54      6.96      0.58      c1c(C(=O)N2C(C)CN(CC3CC3)C(C)C2)c2c3c(c1)CCN3C(=O)C(NC(C(NC)C)=O)COc1ccccc1-2
Human-Component   raw_Human-Component
0.3931034505367279   0.3931034505367279   
0.751724123954773   0.751724123954773   
0.7022988796234131   0.7022988796234131   
0.16896551847457886   0.16896551847457886   
0.35057470202445984   0.35057470202445984   
0.7172414064407349   0.7172414064407349   
0.6413792967796326   0.6413792967796326   
0.6620689630508423   0.6620689630508423   
0.5528735518455505   0.5528735518455505   
0.5793103575706482   0.5793103575706482   

15:26:53: local_reinforcement_logger.timestep_report +41: INFO     
 Step 12   Fraction valid SMILES: 96.9   Score: 0.4844   Time elapsed: 17   Time left: 49.7
  Agent     Prior     Target     Score     SMILES
-20.11    -20.07     23.56      0.53      [O-][N+](=O)c1c(=O)[nH]c(=O)[nH]c1C=Cc1ccc(Cl)cc1
-28.49    -28.52     23.60      0.64      C1(Nc2ccc(OC)cc2)C(c2ccc(OCCN3CCOCC3)cc2)C1
-38.59    -38.63     13.40      0.63      C12C(=O)CCCC1CN(CC(O)C(Oc1ccccc1F)c1ccccc1)CC2
-38.22    -38.12    -11.83      0.32      C1CC23c4c5ccc(O)c4OC2C2(OC)CCC3(CC2C(C)(C)OC5OCC)C(=O)OC1
-18.44    -18.45     29.62      0.59      c12[n+]([O-])c3ccccc3[n+]([O-])c1cc(OC)cc2
-19.67    -19.69      3.21      0.28      c1c(-c2nc3n(ncc3=Cc3c(O)[nH]c(=O)[nH]3)c(=NC3CC3)c2)cccc1
-22.44    -22.43      0.94      0.29      O=C(NN=Cc1ccc(OC)c(OC)c1)c1cc(NC(C)=O)ccc1
-26.91    -26.95     24.04      0.62      C1(CCOc2cccc(CN3CCCC3)c2)CCN(C(C)C)CC1
-30.28    -30.28     -7.28      0.28      c1c(-c2n[nH]nn2)ccc2nc(-c3ccc(OC(C)(C)C(=O)O)cc3)ccc12
-20.81    -20.77      6.19      0.33      c1oc(-c2oc(SC3C(=O)OCC3)nn2)cc1
Human-Component   raw_Human-Component
0.5321838855743408   0.5321838855743408   
0.6356321573257446   0.6356321573257446   
0.634482741355896   0.634482741355896   
0.3206896483898163   0.3206896483898163   
0.5862069129943848   0.5862069129943848   
0.27931034564971924   0.27931034564971924   
0.2850574851036072   0.2850574851036072   
0.6218391060829163   0.6218391060829163   
0.28045976161956787   0.28045976161956787   
0.3287356197834015   0.3287356197834015   

15:26:55: local_reinforcement_logger.timestep_report +41: INFO     
 Step 13   Fraction valid SMILES: 100.0   Score: 0.5000   Time elapsed: 19   Time left: 50.2
  Agent     Prior     Target     Score     SMILES
-53.74    -53.91    -19.53      0.42      CC1(CCc2c(O)cc3occ(CC#N)c(=O)c3c2)Oc2c(c(O)c(C(C(C)C(C)C)=O)c(O)c2CC=C(C)C)CC1
-21.00    -20.99      0.09      0.26      C1(NC(=S)NNC(c2csc(C)c2C)=O)CCCCC1
-20.89    -20.99     33.32      0.66      c1(CCNCc2ccc(OCC)cc2)c2c([nH]c1)cccc2
-25.04    -25.10    -18.93      0.08      c12cccc(NC(=O)Nc3cccc4c3OC(CN(Cc3ccc5c(c3)OCO5)C)C(C)CN(C(C)CO)C4=O)c1cccc2
-25.49    -25.51     31.36      0.69      O=C1NC(=O)C(=Cc2ccc(N3CCN(c4cc(C)ccc4C)CC3)cc2)C(=O)N1C
-27.15    -27.23      7.51      0.42      c1cc2c(cc1)nc(-c1c(OC)cccc1)cc2C(NN=CC=Cc1ccccc1)=O
-27.74    -27.72      8.25      0.44      c1ccc(C(C(N(CCC)Cc2cc(C(F)(F)F)cc(C(F)(F)F)c2)=O)c2ccccc2)cc1
-32.70    -32.61     14.12      0.57      C(O)(=O)C(N=c1[nH]c2c(cc1)cccc2C(N)=O)CCC
-25.78    -25.88     13.98      0.49      O=C(NC12CC3CC(CC(CC)(C3)C1)C2)CN1CCCCC1
-33.59    -33.66     -2.80      0.38      c1c2c(ccc1NC(CCCCCN1C(=O)c3c(cccc3)C1=O)=O)CCc1cc(Nc3ccccc3)ccc1C2=O
Human-Component   raw_Human-Component
0.4193548262119293   0.4193548262119293   
0.2569892406463623   0.2569892406463623   
0.6623656153678894   0.6623656153678894   
0.07526881992816925   0.07526881992816925   
0.6935483813285828   0.6935483813285828   
0.4236559271812439   0.4236559271812439   
0.43870967626571655   0.43870967626571655   
0.5698924660682678   0.5698924660682678   
0.4860215187072754   0.4860215187072754   
0.37634408473968506   0.37634408473968506   

15:26:56: local_reinforcement_logger.timestep_report +41: INFO     
 Step 14   Fraction valid SMILES: 100.0   Score: 0.5000   Time elapsed: 20   Time left: 48.0
  Agent     Prior     Target     Score     SMILES
-35.10    -35.15    -29.06      0.07      O=C(CN1CCCC1)NC(Cc1ccccc1)C(NC(Cc1ccccc1)C(=O)NC(CC1CCCCC1)C(CSc1nccn1C)O)=O
-41.67    -41.65    -14.84      0.33      CC(C)(C)CC(NC(c1c(C)cccc1C)=O)C(NC(CCc1ccccc1)C=Cc1cccc(C(=N)N)c1)=O
-37.68    -37.72     -4.83      0.40      c1(F)ccc(C2c3ccc4c(nn(C)c4)c3OC(=NC(CCCC)=O)C2C(=O)OCC)cc1
-39.23    -39.30     19.77      0.72      C1C(C(c2ccc(Nc3cc4ccccc4cc3)s2)c2c3cc(OC)ccc3[nH]c2)C1
-20.66    -20.78     35.65      0.69      N#CCN1CCN(C(=O)c2ccc(Cl)cc2)CC1
-28.45    -28.28    -14.96      0.16      C1(C(=O)OCC)=C(C)N(c2cc(Cl)cc(Cl)c2)C(=O)N(C)C1c1ccc(C#N)cc1C(NCc1occn1)=O
-23.27    -23.24     11.32      0.42      c1ccc(NC(=O)c2cc3c4c(c(=O)n(CCC)cn4)[nH]c3cc2)cc1
-29.61    -29.50    -18.12      0.14      c1(C(C)NC(=O)C(NC(c2ccc(C=C3C(=O)NC(=O)S3)cc2)=O)CC(=O)O)ccccc1
-30.35    -30.19     29.15      0.72      C1(N2CCN(CC(C(C)(C)C)O)CC2)C(O)(c2ccc(OC(F)F)cc2)CCCC1
-23.46    -23.40     29.68      0.65      c1cc[nH]c(=NN=C(C)c2ccc(-n3ncnc3)cc2)c1
Human-Component   raw_Human-Component
0.0741935446858406   0.0741935446858406   
0.3268817067146301   0.3268817067146301   
0.4010752737522125   0.4010752737522125   
0.7204301357269287   0.7204301357269287   
0.6881720423698425   0.6881720423698425   
0.16236558556556702   0.16236558556556702   
0.4215053617954254   0.4215053617954254   
0.1387096792459488   0.1387096792459488   
0.7236559391021729   0.7236559391021729   
0.647311806678772   0.647311806678772   

15:26:57: local_reinforcement_logger.timestep_report +41: INFO     
 Step 15   Fraction valid SMILES: 96.9   Score: 0.4844   Time elapsed: 21   Time left: 45.9
  Agent     Prior     Target     Score     SMILES
-26.34    -26.63     36.33      0.77      C1CC1(c1cc(Cl)cc(Cl)c1)Cc1ccccc1
-28.79    -28.79     -9.85      0.23      c1cc(C)ccc1C(=O)N1CCN(S(c2c(=O)nc(C)[nH]c2C)(=O)=O)CC1
-28.47    -28.39     25.24      0.65      c1c(F)cc(Nc2ccc(C(=O)O)cc2)c2ccncc12
-22.43    -22.61     35.36      0.71      c1cc2c(c(Br)c1)C(=O)N(CCCCCC)C2=O
-22.50    -22.45     26.47      0.60      c1c(C)oc(C)c1C(Nc1ccc(CN2CCCCC2)cc1)=O
-25.12    -24.99     26.76      0.63      c1c(O)c(O)ccc1C(=O)CSc1n(-c2ccccc2)c(COc2ccc(Cl)cc2)nn1
-29.18    -29.23     19.78      0.60      c1cc(OC(F)(F)F)c(C(N2Cc3c(OCc4ccccc4)cccc3C2)=O)cc1
-39.94    -40.15      8.39      0.59      O=C(N1CCN(Cc2c(F)cccc2Cl)CC1)NC1CC1c1ccc(OCCOc2c(Cl)cc(Cl)cc2Cl)cc1
-35.08    -35.04      9.26      0.54      N(C(=O)Nc1cc(F)ccc1)C1CCCC(NC(=O)Nc2ccc(Br)cc2)C1O
-21.52    -21.41      5.36      0.33      n1nc(SCC(Nc2cc(OC)c(OC)cc2)=O)n(-c2ccc(F)cc2)n1
Human-Component   raw_Human-Component
0.7678160667419434   0.7678160667419434   
0.23103448748588562   0.23103448748588562   
0.6540229916572571   0.6540229916572571   
0.7068965435028076   0.7068965435028076   
0.5965517163276672   0.5965517163276672   
0.6310344934463501   0.6310344934463501   
0.5977011322975159   0.5977011322975159   
0.5919540524482727   0.5919540524482727   
0.540229856967926   0.540229856967926   
0.3264367878437042   0.3264367878437042   

15:26:59: local_reinforcement_logger.timestep_report +41: INFO     
 Step 16   Fraction valid SMILES: 100.0   Score: 0.5000   Time elapsed: 23   Time left: 46.0
  Agent     Prior     Target     Score     SMILES
-26.57    -26.88      2.13      0.35      C(C1OCCC1)(OCc1nc2n(nc(CCC)s2)c(=O)c1)=O
-30.35    -30.35     26.26      0.69      c1c(C=CC(O)=NO)ccc2c1CN(S(=O)(c1c(CO)cc(Cl)cc1)=O)C2
-31.34    -31.32     -9.28      0.27      c12ccccc1COc1c(cc(C=NNC(=O)c3cccnc3)cc1OC)C2=O
-41.16    -41.43    -13.75      0.34      C(C)Oc1ccc(C(c2n3c(c(-c4cscn4)c2C(OCC)=O)ccc(Cl)c3)CC)cc1
-32.09    -32.15    -16.11      0.20      c1cccc2c1[nH]c(=NCCCNS(=O)(=O)c1ccc(C)cc1)c1c2C(=O)c2ccsc2-1
-26.53    -26.67     29.14      0.68      O1COc2cc3c(cc21)C1Cc2c(c(OC)c(OC)c(OC)c2)C(C3)N(C)C1=O
-25.28    -25.30     27.95      0.65      c1cc(C2=Nc3c(cc(Br)cc3)C(c3ccccc3)N2CC(O)=O)c(OC)cc1
-44.14    -43.91    -17.02      0.33      c1c(Cl)c2ccccc2[nH]c1=NS(=O)(c1cc(C(N=c2sc3c(ccc(F)c3)[nH]2)=O)c(O)c(C)c1)=O
-26.40    -26.28     11.19      0.46      FC(c1cn2c(N)c(Cc3ccccc3)c(C)c2c(=N)[nH]1)(F)F
-24.87    -24.85     -5.55      0.24      c12ccc(S(NCC(=O)NCC(NCc3ccc(OC)cc3)=O)(=O)=O)cc1OCCO2
Human-Component   raw_Human-Component
0.3537634313106537   0.3537634313106537   
0.6903225779533386   0.6903225779533386   
0.2688172161579132   0.2688172161579132   
0.337634414434433   0.337634414434433   
0.19569893181324005   0.19569893181324005   
0.6806451678276062   0.6806451678276062   
0.6494623422622681   0.6494623422622681   
0.3279569745063782   0.3279569745063782   
0.45698925852775574   0.45698925852775574   
0.23548386991024017   0.23548386991024017   

15:27:00: local_reinforcement_logger.timestep_report +41: INFO     
 Step 17   Fraction valid SMILES: 93.8   Score: 0.4688   Time elapsed: 24   Time left: 44.0
  Agent     Prior     Target     Score     SMILES
-21.46    -21.34    -21.34      0.00      O=C(c1c(Cl)ccc(S(=O)(=O)N2CCOCC2)c1)NCc1ccncc1
-22.82    -22.98     28.22      0.62      COc1cc(OC)c(C2=NOC(C(=O)NCCCc3ccccc3)C2)cc1
-36.04    -36.08     -6.28      0.36      c1(C(CCC2CCCCC2)=O)cc(OCc2ccc3c(n2)NC(=O)CS3)cs1
-29.52    -29.50     30.18      0.73      c1c(C2CCN(C(N=c3cnc(C(F)(F)F)c[nH]3)=O)CC2)cc(OC)cn1
-19.71    -20.02     36.13      0.68      CCCCCCCCCCn1nnc(C2(O)CCCCC2)c1
-29.61    -29.76     16.19      0.56      c12ccccc1CC(C(NCCCC)=O)N(C(=O)C(C(C)(C)CC)O)C2
-22.82    -22.90      9.62      0.40      C(OCC(=O)NC1CCCCCC1)(=O)c1ccc(SC)cc1OC
-26.10    -26.12     -2.79      0.28      COc1c(OC)cc(-c2cc3oc(C)c(C(OCC)=O)c3cc2)cc1OC
-22.31    -22.26     31.26      0.65      c1(C)cnn(CC2CCCN3C2CCC3)c1
-31.61    -31.45     11.16      0.52      c1(N(C)C)nc2c(=Cc3c(O)[nH]c(=O)[nH]3)cnn2c(=NC(CC)O)n1
Human-Component   raw_Human-Component
0.0   0.0   
0.6243842244148254   0.6243842244148254   
0.36330050230026245   0.36330050230026245   
0.7278324961662292   0.7278324961662292   
0.6847290396690369   0.6847290396690369   
0.5603448152542114   0.5603448152542114   
0.3965517282485962   0.3965517282485962   
0.2844827473163605   0.2844827473163605   
0.6527093648910522   0.6527093648910522   
0.5197044610977173   0.5197044610977173   

15:27:02: local_reinforcement_logger.timestep_report +41: INFO     
 Step 18   Fraction valid SMILES: 96.9   Score: 0.4844   Time elapsed: 26   Time left: 43.8
  Agent     Prior     Target     Score     SMILES
-28.40    -28.48    -28.48      0.00      c1(CC(C(NCc2ccc(CN)cc2)=O)NC(=O)C(Cc2cc(C)ccc2)NC(c2ccccc2)=O)ccc(OCc2ccccc2)cc1
-24.82    -24.95     35.75      0.74      N1(Cc2c3c(ccc2O)occ3C(=O)c2ccccc2)CCCC1
-26.22    -25.97     28.32      0.66      c1(-c2nc(-c3ccsc3)cc(-c3c(=O)oc4c(c3)cccc4)n2)c(O)cccc1
-34.66    -34.99     18.26      0.65      O(C)c1c(OC)cc2c3c4n(c2c1)C(O)CC1C(OC(C)=O)CC4N(C)CCC13
-48.13    -48.44      0.57      0.60      CCOC(C1(CCC(OC)c2c(O)c(Cl)ccc2Cl)OC1)C(C)C
-28.98    -28.75     17.52      0.56      O(c1ccc(Cn2c3c(cnc(N4CCOCC4)n3)nc(C)c2=O)cc1)CCCF
-21.21    -21.29     13.11      0.42      c1(Cl)c(Cl)ccc(NC(N=c2cc(C(C)C)o[nH]2)=O)c1
-23.45    -23.19     17.90      0.50      c1ccccc1Cn1c2c(=O)[nH]c(=O)[nH]c2n(CC(C)C)c1=O
-30.38    -30.42     -9.96      0.25      c12cccc(CN(CCOC)C(c3cc(S(N4CCOCC4)(=O)=O)c(OC)cc3)=O)c1cccc2
-40.31    -39.95    -17.05      0.28      c1(-n2c3ccccc3c(Cn3c(CC)nc4c(C)cc(C)nc43)c2)ncc(C(F)(F)F)cc1N
Human-Component   raw_Human-Component
0.0   0.0   
0.7402299046516418   0.7402299046516418   
0.6620689630508423   0.6620689630508423   
0.6494252681732178   0.6494252681732178   
0.5977011322975159   0.5977011322975159   
0.5643678307533264   0.5643678307533264   
0.4195402264595032   0.4195402264595032   
0.5011494159698486   0.5011494159698486   
0.24942529201507568   0.24942529201507568   
0.27931034564971924   0.27931034564971924   

15:27:02: local_reinforcement_logger.timestep_report +41: INFO     
 Step 19   Fraction valid SMILES: 93.8   Score: 0.4688   Time elapsed: 27   Time left: 41.9
  Agent     Prior     Target     Score     SMILES
-31.33    -30.98     32.44      0.77      O=c1ccn(-c2ccc(N3CC(Cn4cncn4)OC3=O)cc2F)c(=O)n1C
-31.98    -31.99     20.32      0.64      CC1(C(N2CCC(c3cc(-c4c[nH]c(=N)nc4)nc(N4CC5OCC4C5)n3)CC2)=O)COC1
-19.82    -19.80     29.69      0.60      c1(-c2c(C#N)c(=N)[nH]c(SCCO)c2C#N)ccco1
-23.88    -23.69    -13.39      0.13      O=c1nc(SCC(=O)Nc2ccccc2)c2c(n1Cc1sccc1)CCCC2
-32.62    -32.39     27.60      0.73      C1C(CNC(c2ccc(-c3[nH]c4ncnc(-c5ccc(N6CCN(C)CC6)cc5)c4c3)cc2)=O)CCN(C)C1
-22.11    -22.15     24.40      0.57      C1CN(N=Cc2cc(C)n(-c3cc(Cl)ccc3)c2C)CCO1
-21.13    -21.48     31.84      0.65      Clc1ccc(-c2ccnc3c2CC(C(NCC2CC2)=O)O3)cc1
-31.77    -31.53     15.52      0.57      c1c(OC)ncc(C(NC(c2nn(-c3ccc(F)cc3)nc2COC)=O)C)c1
-24.84    -25.19     20.15      0.55      CN(C1CCCC1)C(=O)COC(=O)CNC(=O)c1ccccc1
-37.71    -38.01    -38.01      0.00      O(C)c1c(OC)cc2c(F)c3n(cc2c1)Cc1n(C)c2c(cccc2)c1C3
Human-Component   raw_Human-Component
0.7733989953994751   0.7733989953994751   
0.6379310488700867   0.6379310488700867   
0.6034482717514038   0.6034482717514038   
0.12561576068401337   0.12561576068401337   
0.7315270900726318   0.7315270900726318   
0.5677340030670166   0.5677340030670166   
0.6502463221549988   0.6502463221549988   
0.5738916397094727   0.5738916397094727   
0.552955687046051   0.552955687046051   
0.0   0.0   

15:27:04: local_reinforcement_logger.timestep_report +41: INFO     
 Step 20   Fraction valid SMILES: 96.9   Score: 0.4844   Time elapsed: 28   Time left: 40.0
  Agent     Prior     Target     Score     SMILES
-33.90    -33.81    -14.67      0.23      C(CN1Cc2cc3c(cc2C(c2cc(OC)c(OC)c(OC)c2)C1C=Nc1ccc(S(=O)(=O)N)cc1)OCO3)=C
-26.26    -26.04     36.83      0.77      c1c(Cl)c(Cl)ccc1C(=NO)Nc1cc(F)cc(F)c1
-43.05    -43.19      5.16      0.59      [nH]1c2c(c(=O)c3cc(NC(Cc4ccsc4)=O)ccc13)c(O)cc(OCCn1ccnc1)c2
-31.47    -31.43     28.04      0.73      c1ccc2c(c1)C(CNC(C)=O)N(c1c3c(ccc1)[nH]cc3)CC2
-38.48    -38.88    -22.95      0.19      c1c(CC(NC(=O)OCc2scnc2)CN(C(C(Cc2ccccc2)NC(=O)OCc2ccccc2)C#N)C)cccc1
-24.68    -24.66     31.05      0.68      c1cc(OC)ccc1-c1sc2ccc(-c3ccccc3)cc2n1
-24.64    -24.98     32.05      0.70      C(CN1CCC(=O)N(CC)CC1)c1cc(OC)c(OC)cc1
-19.20    -19.46     24.18      0.53      CCOC(c1cccc(=S)[nH]1)=O
-23.85    -23.83     17.08      0.50      c1cc(OCC(=O)NC2CCCCC2)ccc1C(=O)c1ccccc1Br
-20.11    -20.04     29.44      0.60      c1c(C2c3n(C(C)C)c(-c4c(OC)cccc4)cc3C(=O)N2c2cc(Cl)ccc2C)ccc(Cl)c1
Human-Component   raw_Human-Component
0.23333333432674408   0.23333333432674408   
0.7666666507720947   0.7666666507720947   
0.5896551609039307   0.5896551609039307   
0.7252873778343201   0.7252873778343201   
0.1942528784275055   0.1942528784275055   
0.6793103218078613   0.6793103218078613   
0.6954023241996765   0.6954023241996765   
0.5321838855743408   0.5321838855743408   
0.49885058403015137   0.49885058403015137   
0.6034482717514038   0.6034482717514038   

15:27:06: local_reinforcement_logger.timestep_report +41: INFO     
 Step 21   Fraction valid SMILES: 100.0   Score: 0.5000   Time elapsed: 30   Time left: 39.5
  Agent     Prior     Target     Score     SMILES
-21.24    -21.25     34.12      0.68      C1(=O)c2cnccc2C(=O)c2c1ncnc2
-34.61    -34.29    -17.01      0.21      c1c(C(N(C(=O)CCC(=O)N=c2cc(C)o[nH]2)c2ccc(C)cc2)c2ncccc2)c(OC)cc(OC)c1
-41.89    -41.98     -4.95      0.45      C1C(CNCCCN2CCN(C(C(C)C)C(=O)O)CC2)Oc2c(c(-c3ccccc3)cnc2)C1
-31.34    -31.17     -4.99      0.32      c1(N2CCOCC2)cc2n(cc(C#N)c(=O)c2C(C)C)c(=O)[nH]1
-46.68    -46.71    -25.46      0.26      C1CN(CC(NC(c2ccc3c(CNc4ccc(-c5nc6ccccc6[nH]5)cc4)cccc3c2)=O)C(c2ccccc2)c2ccccc2)Cc2cc(OC)c(OC)cc21
-27.39    -26.95    -14.25      0.15      c1c(Oc2c(CNC)cc(C(=O)N3CC(C)N(C(C)c4ccccc4)CC3)cc2)cccc1
-21.32    -21.12     25.17      0.56      Oc1c(Cc2ccc(N(C)C)cc2)[nH]c(=O)[nH]1
-17.35    -17.55     27.94      0.55      C1CN(c2nc(=NN=CC=Cc3ccccc3)nc(N3CCOCC3)[nH]2)CCO1
-23.10    -23.12     19.37      0.52      c1(N=c2ccc3ccccc3[nH]2)c2ncccc2cc(OC)c1
-17.43    -18.04     40.24      0.71      C1(COc2ccccc2)NCCC1
Human-Component   raw_Human-Component
0.675268828868866   0.675268828868866   
0.2107526808977127   0.2107526808977127   
0.4516128897666931   0.4516128897666931   
0.3193548321723938   0.3193548321723938   
0.2591397762298584   0.2591397762298584   
0.1548387110233307   0.1548387110233307   
0.5645161271095276   0.5645161271095276   
0.5548387169837952   0.5548387169837952   
0.5182795524597168   0.5182795524597168   
0.7107526659965515   0.7107526659965515   

15:27:07: local_reinforcement_logger.timestep_report +41: INFO     
 Step 22   Fraction valid SMILES: 100.0   Score: 0.5000   Time elapsed: 31   Time left: 37.7
  Agent     Prior     Target     Score     SMILES
-18.83    -18.97     25.47      0.54      c12c(c(C)c(C)cc1)C(=O)C=CC2=O
-30.14    -30.00     -6.20      0.29      c1cc(CNC(=O)c2c(C(F)(F)F)nc(=Nc3c4c(ccc3Cl)OC(F)(F)O4)[nH]c2)ccc1F
-45.91    -46.08    -11.34      0.42      OCC(C1NC(CC(F)(F)F)c2ccc(C(N)=O)c(-c3ccccc3C#N)c21)O
-22.18    -21.73    -16.53      0.06      O=S(=O)(N)c1ccc(-n2c(-c3ccc(OC)cc3)cc(C(=O)O)n2)cc1
-25.69    -25.33     12.76      0.46      c1(C(C)(C)C)cc(C(=O)NCC(N2CCC(F)(F)CC2)c2cnc(C(F)(F)F)nc2)c(OC)cc1
-24.24    -24.12     21.55      0.56      C(=O)(OC)NNC(Nc1c(OC)cccc1)=S
-32.96    -33.05    -13.57      0.24      C(NC1CCCCNC1=O)(=O)C(CC(N1CCOCC1)=O)=NC(OC(C)(C)C)=O
-41.09    -41.54    -19.32      0.27      O(C1C(O)C(OC2OC(CO)C(Oc3ccc(OC4CCCCC4)cc3)C2O)C(O)C(CO)O1)C(CCCCCC)=O
-20.41    -20.81     40.64      0.75      c1ccc(C2CCN(Cc3cc(C#N)ccc3)CC2)cc1
-19.89    -20.13     38.68      0.72      C1C(CCN2CCN(c3cccc4c3OCO4)CC2)CCC(NC(=O)C(F)(F)F)C1
Human-Component   raw_Human-Component
0.5419355034828186   0.5419355034828186   
0.29032257199287415   0.29032257199287415   
0.4236559271812439   0.4236559271812439   
0.06344085931777954   0.06344085931777954   
0.46451613306999207   0.46451613306999207   
0.5569892525672913   0.5569892525672913   
0.23763440549373627   0.23763440549373627   
0.2709677517414093   0.2709677517414093   
0.749462366104126   0.749462366104126   
0.7172042727470398   0.7172042727470398   

15:27:09: local_reinforcement_logger.timestep_report +41: INFO     
 Step 23   Fraction valid SMILES: 100.0   Score: 0.5000   Time elapsed: 33   Time left: 37.1
  Agent     Prior     Target     Score     SMILES
-32.05    -32.02     18.85      0.62      Nc1c(C#N)c(N)c2c(-c3sccc3)c(C(=O)CC)sc2n1
-22.27    -22.67     33.06      0.68      c1c(OCC)ccc(NC(CSCc2ccc(Cl)cc2Cl)=O)c1
-28.89    -29.38     -5.49      0.29      c12cc3sc(=NC(NCC)=O)[nH]c3cc1ccc(-c1nn[nH]n1)c2
-22.10    -22.25     22.72      0.55      O=C1c2ccccc2C(=O)C(C)=C1CC(c1ccc(OC)cc1)=O
-32.84    -32.71     24.69      0.70      c1c(Cl)ccc(CCNCc2cc(-c3ccc(CN(Cc4n(C)ccn4)C(=O)C4CCN(C)CC4)cc3)ccc2)c1
-21.98    -21.81     20.34      0.51      o1cc(C(=O)O)c(=O)c2cccc(C(F)(F)F)c12
-34.37    -35.12     -9.38      0.31      c1cc(OCC)ccc1-n1c(O)c2c(c1O)C1N(C(OC)=O)N(C(=O)CC)CC2C1
-34.10    -34.66    -13.85      0.25      C1N(c2ccc(NC(c3nc(C)c(=NC)[nH]c3O)=O)c(F)c2)CCOC1
-19.39    -19.42     26.43      0.56      c1ncccc1C(=O)NC(C)(C)C
-22.09    -21.73     24.29      0.56      C(Nc1ccc(Br)cc1)(c1cn(C)c(=O)cc1)=O
Human-Component   raw_Human-Component
0.6204301118850708   0.6204301118850708   
0.6795699000358582   0.6795699000358582   
0.2913978397846222   0.2913978397846222   
0.5483871102333069   0.5483871102333069   
0.699999988079071   0.699999988079071   
0.5139784812927246   0.5139784812927246   
0.31397849321365356   0.31397849321365356   
0.25376343727111816   0.25376343727111816   
0.5591397881507874   0.5591397881507874   
0.5612903237342834   0.5612903237342834   

15:27:10: local_reinforcement_logger.timestep_report +41: INFO     
 Step 24   Fraction valid SMILES: 93.8   Score: 0.4688   Time elapsed: 34   Time left: 35.4
  Agent     Prior     Target     Score     SMILES
-27.58    -27.82      8.33      0.44      Cc1ccccc1C1Cc2c([nH]c(=N)c(C#N)c2-c2ccc(OC)cc2)C1
-32.63    -34.03     15.96      0.61      C1CC2C(C)CCC3C24C(OC1)OC(OCC(C)C)C(C)(CC3)OO4
-57.60    -57.80    -29.73      0.34      C1(Nc2ccc(C#N)cc2F)N(CCC2CCCCN2S(c2cn(C)cn2)(=O)=O)CCc2c1ccc(OCC)c2-c1c(OC)ccc(F)c1
-31.03    -31.03    -12.35      0.23      Clc1cccc(Cl)c1N(S(=O)(c1ccc(C)cc1)=O)CC(=O)NCCSCc1ccc(F)cc1
-29.42    -29.12    -20.74      0.10      c1c(OC(N(C)C)=O)ccc(CC(N=c2nc(N(CC)CC)[nH]cc2N(C2CCOCC2)C)C(=O)O)c1
-30.06    -30.20     33.32      0.77      c1cc2oc(C(CCS)NC(=O)C=Cc3ccccc3)cc2cc1
-31.80    -32.26     25.00      0.70      CC1CC(OC(C)=O)C=C(C(=O)C(C)C)C1
-25.85    -26.63     22.05      0.59      C1C2CC3CC1CC(C2)C3Oc1cc(F)c(C(=O)NS(C(C)(C)C)(=O)=O)cc1Cl
-26.43    -26.85     29.20      0.68      c1c2nc(-c3c[nH]c4ccc(Br)cc34)c(N(C)C)nc2ccc1
-44.01    -44.69      0.45      0.55      C(C12CC(C)CC1CC(=O)C2=CCc1cc(C)cc(OCCN)c1)(O)=O
Human-Component   raw_Human-Component
0.4408867061138153   0.4408867061138153   
0.6096059083938599   0.6096059083938599   
0.34236451983451843   0.34236451983451843   
0.22783251106739044   0.22783251106739044   
0.10221675038337708   0.10221675038337708   
0.7746305465698242   0.7746305465698242   
0.6982758641242981   0.6982758641242981   
0.5935960412025452   0.5935960412025452   
0.6834975481033325   0.6834975481033325   
0.5504925847053528   0.5504925847053528   

15:27:12: local_reinforcement_logger.timestep_report +41: INFO     
 Step 25   Fraction valid SMILES: 96.9   Score: 0.4844   Time elapsed: 36   Time left: 34.6
  Agent     Prior     Target     Score     SMILES
-18.38    -18.75     43.27      0.76      N12C(=O)C(C)NC(=O)C1CCC2=O
-29.69    -30.02     29.93      0.73      n1c(C)cc(Cc2cc(OC)ccc2)nc1SCCN1CCCC1
-26.89    -26.97     30.25      0.70      c12c(c(OC)c(OC)c(OC)c1)CC(=O)C(c1cc(OC)cc(OC)c1)C2
-42.26    -42.56    -42.56      0.00      C1(C)(C)CC(O)CC(C2CCC3C4CC5C6(C=CC(=O)O5)C4(C)CC(O)C3C2(C)C)OC1O
-24.50    -24.50      4.15      0.35      c1c(=NC(CSc2ncnc3scc(-c4ccccc4)c23)=O)[nH]cc(C)c1
-21.09    -21.39     30.92      0.64      C(CN1C(=O)C(=O)N(CC)C1=S)c1ccccc1
-23.93    -23.98     11.83      0.44      s1c(SCC(=O)N(C)C)nc2c1cc1c(c2)OCCO1
-24.18    -24.11     16.13      0.49      [nH]1c2cc(C(F)(F)F)ccc2c2sc(C(=O)N)cc2c1=O
-33.11    -33.32     16.16      0.60      N(C(Cc1c(Cl)cccc1Cl)=O)CCCc1ccc2[nH]cnc(=N)c2c1
-20.34    -20.64     26.11      0.57      c1c(C)ccc(OCCCn2cncn2)c1C
Human-Component   raw_Human-Component
0.7563218474388123   0.7563218474388123   
0.7310344576835632   0.7310344576835632   
0.6977011561393738   0.6977011561393738   
0.0   0.0   
0.3494252860546112   0.3494252860546112   
0.6379310488700867   0.6379310488700867   
0.4367816150188446   0.4367816150188446   
0.4908045828342438   0.4908045828342438   
0.6034482717514038   0.6034482717514038   
0.5701149702072144   0.5701149702072144   

15:27:13: local_reinforcement_logger.timestep_report +41: INFO     
 Step 26   Fraction valid SMILES: 100.0   Score: 0.5000   Time elapsed: 37   Time left: 32.9
  Agent     Prior     Target     Score     SMILES
-25.68    -26.52      7.07      0.41      C1(OCC2C3(C)CCCC(C)(C)C3CC=C2C)OC(C)C(O)C(OC)C1
-20.07    -20.20     37.90      0.71      c1c(C)cc(OCCCCn2c(=O)[nH]c(=O)cc2)cc1C
-30.76    -30.44    -14.83      0.19      c1(-c2c(C)c(C(NC3CCCCC3C)=O)no2)cnccc1
-24.89    -24.68      4.86      0.36      c1(OC)c(NC(C2CCC(CNS(=O)(c3c4c(nsn4)ccc3)=O)CC2)=O)cc(C)cc1
-27.74    -28.01     30.45      0.71      c1ccccc1C(c1ccccc1)(CC(=O)O)CCN1CCN(C)CC1
-24.82    -25.03     18.96      0.54      c1c(Br)cccc1-c1c(-c2ccc([N+]([O-])=O)cc2)c(O)oc1
-23.52    -24.66     29.30      0.66      c12ccc(OCCOC)cc1CCN(CCC1CCC(NC(C=Cc3ccc(F)cc3)=O)CC1)C2
-25.05    -25.55     20.47      0.56      C1COCCN1C(c1nc(C2CCN(C)CC2)cnc1)=O
-33.79    -33.82     -3.40      0.37      n1c(N2C(=O)c3c(c(OCC)ccc3)CC2)c(C(OCC)=O)nn1-c1ccccc1
-24.33    -24.19     24.13      0.59      n1n(C)c(C(NCCc2ccc(C)cc2)=O)cc1C1CC1
Human-Component   raw_Human-Component
0.4096774160861969   0.4096774160861969   
0.7086021304130554   0.7086021304130554   
0.19032257795333862   0.19032257795333862   
0.36021506786346436   0.36021506786346436   
0.7129032015800476   0.7129032015800476   
0.5365591645240784   0.5365591645240784   
0.6580645442008972   0.6580645442008972   
0.5612903237342834   0.5612903237342834   
0.3709677457809448   0.3709677457809448   
0.5892472863197327   0.5892472863197327   

15:27:15: local_reinforcement_logger.timestep_report +41: INFO     
 Step 27   Fraction valid SMILES: 96.9   Score: 0.4844   Time elapsed: 39   Time left: 32.0
  Agent     Prior     Target     Score     SMILES
-27.40    -27.97      8.60      0.45      C1(O)C(OC)CC(c2ccc(NC(=O)C)cc2)O1
-29.74    -30.14    -12.42      0.22      CC1=Nc2c[nH]c(=Nc3ccc(S(=O)(=O)N)cc3)nc2C(C)(C)C1
-22.22    -22.42     38.84      0.75      c1(C2=CCN(CCO)CC2)onc(-c2ccccc2)n1
-29.57    -30.00      6.10      0.44      O=S1(=O)Cc2c(n(C3CCC3)nc2C(=O)N2CCN(C3CCCCC3)CC2)CC1
-39.73    -39.82     17.58      0.70      C1(n2c3c([nH]c2=NC(=O)c2c(Oc4ccccc4)cccc2)c(F)cc(F)c3)CCNCC1
-49.50    -49.27    -23.35      0.32      c1(C(=c2sc(=S)n(-c3ccc(C(F)(F)F)cc3)c2=C)C(=O)O)n(C)c2c(n1)c(C)c(Cl)cc2
-26.93    -27.11     17.10      0.54      c1(CCCCNC(Oc2cc3c(CCNC(C)=O)c[nH]c3cc2)=O)ccccc1
-29.54    -29.73     24.28      0.66      N=c1[nH]cccc1OCC1(CCc2ccc(Cl)cc2)CC(F)(F)C1
-25.57    -25.88     26.24      0.64      [O-][N+](=O)c1ccc(CN2CCN(c3c(Cl)cccc3)CC2)c([N+]([O-])=O)c1
-26.07    -26.37     14.16      0.49      c1c(-c2[nH]ncc2-c2nc(-c3ccc(F)cc3)c(-c3ccncc3)cn2)cccc1
Human-Component   raw_Human-Component
0.44597700238227844   0.44597700238227844   
0.21609196066856384   0.21609196066856384   
0.7471264600753784   0.7471264600753784   
0.4402298927307129   0.4402298927307129   
0.699999988079071   0.699999988079071   
0.31609195470809937   0.31609195470809937   
0.5390804409980774   0.5390804409980774   
0.6586207151412964   0.6586207151412964   
0.6356321573257446   0.6356321573257446   
0.49425286054611206   0.49425286054611206   

15:27:16: local_reinforcement_logger.timestep_report +41: INFO     
 Step 28   Fraction valid SMILES: 96.9   Score: 0.4844   Time elapsed: 40   Time left: 30.3
  Agent     Prior     Target     Score     SMILES
-28.00    -28.39     21.66      0.61      c12c(C(c3ncc(OC)cc3)C)c[nH]c1cccc2
-34.16    -34.85      7.66      0.52      OCc1oc(C)c(COc2ccc(CCCCCCCCCC)c(O)c2O)c1O
-24.42    -24.21    -12.24      0.15      c1ccc(S(=O)(N)=O)cc1C(=O)Nc1c2c(ccc1)cccc2
-27.99    -28.04     29.64      0.70      Oc1ccc2c(c1)C1c3c(cc(F)cc3)CCC2C1N
-25.06    -24.37      0.52      0.30      C(NC(c1[nH]c(=NC(C)=O)sc1)=O)C(c1ccccc1)N(C)C
-22.16    -21.87     32.51      0.66      c1c(-c2n[nH]c(=N)s2)ccc(Cl)c1N
-23.09    -22.90      5.18      0.34      O=C(NN=Cc1cc([N+](=O)[O-])ccc1)c1oc(-c2ccc([N+]([O-])=O)cc2)cc1
-38.02    -38.12    -21.53      0.20      C(CC)CCCCC(NC(CCCC(=O)OC(C)C)c1ccc(C)cc1C)=O
-30.71    -31.08     24.91      0.68      C1CC2C(N(C(=O)CC3CC3)C1)CCN(C(=O)c1cc(F)ccc1)C2
-28.52    -29.31     13.67      0.52      c1c(OC2CCNCC2)c2c(cc1)c(C(=O)OCC)c[nH]2
Human-Component   raw_Human-Component
0.6103448271751404   0.6103448271751404   
0.5183908343315125   0.5183908343315125   
0.14597700536251068   0.14597700536251068   
0.7034482955932617   0.7034482955932617   
0.30344828963279724   0.30344828963279724   
0.6632183790206909   0.6632183790206909   
0.34252873063087463   0.34252873063087463   
0.2022988498210907   0.2022988498210907   
0.682758629322052   0.682758629322052   
0.5241379141807556   0.5241379141807556   

15:27:18: local_reinforcement_logger.timestep_report +41: INFO     
 Step 29   Fraction valid SMILES: 100.0   Score: 0.5000   Time elapsed: 42   Time left: 29.4
  Agent     Prior     Target     Score     SMILES
-39.74    -40.17      7.26      0.58      C1c2c(Cc3ccc(C(=O)C)cc3)[n+]([O-])c(Cl)cc2CCO1
-49.96    -48.76     -5.74      0.52      c1c(F)ccc(F)c1C(N1CC(CN(C(CC)=O)CCC)C(C(=O)NCc2cccc3c2CCO3)C1)=O
-19.42    -19.25     30.74      0.61      c1cc(C(C)(C)C)ccc1S(N=c1snc[nH]1)(=O)=O
-18.22    -18.46     35.15      0.65      c1ccc(C(=O)c2cn(CC(=O)O)cc2)cc1
-29.28    -29.51      9.55      0.48      N(c1ccc(OCc2cc(F)ccc2)c(Cl)c1)(C(C)=O)CCC#N
-24.20    -24.48     21.72      0.56      CC(C)(C)c1ccc(CCOc2c3c(nc[nH]3)[nH]c(=N)n2)cc1
-26.15    -25.29     24.00      0.60      O=c1c(C(c2nnnn2C(C)(C)C)N2CCc3ccccc32)cc2cc(OC)ccc2o1
-24.03    -23.55     25.65      0.60      c1c(C(c2ccc(N(C)C)cc2)=C(C#N)C#N)ccc(Cl)c1
-26.21    -25.70      1.98      0.34      c1(S(=O)(=O)N2C(C(Nc3cc4c(cc3)OCO4)=O)CCC2)cc2c(cc1)NC(=O)CCC2
-44.82    -45.69      3.42      0.60      C1CC23C4CCC(C(=C)C)C2(CC4)C1CCc1occ(O)c13
Human-Component   raw_Human-Component
0.5784946084022522   0.5784946084022522   
0.5247311592102051   0.5247311592102051   
0.6096774339675903   0.6096774339675903   
0.6537634134292603   0.6537634134292603   
0.4763440787792206   0.4763440787792206   
0.5634408593177795   0.5634408593177795   
0.601075291633606   0.601075291633606   
0.6000000238418579   0.6000000238418579   
0.337634414434433   0.337634414434433   
0.5989247560501099   0.5989247560501099   

15:27:19: local_reinforcement_logger.timestep_report +41: INFO     
 Step 30   Fraction valid SMILES: 96.9   Score: 0.4844   Time elapsed: 43   Time left: 27.7
  Agent     Prior     Target     Score     SMILES
-26.06    -27.10     28.42      0.68      C1C(C)N(Cc2ccc(Cl)cc2)CCC12CCN(C(COC)=O)CC2
-29.02    -28.96     26.93      0.68      c1(S(N2CCN(c3ccccc3C(F)(F)F)CC2)(=O)=O)cc(C(C)(C)C)ccc1
-24.14    -24.49     29.61      0.66      N1(Cc2noc(CC)n2)CCN(c2ncc(O)cn2)CC1
-19.50    -19.57     30.58      0.61      c1(-c2ccc(Cl)cc2)sc(=Nc2c(OC)cccc2)[nH]n1
-36.73    -36.17    -20.81      0.19      c1cc(NC(=O)Nc2cc(-n3ccc4c3nc[nH]c4=NC(C)(C)C)ccc2)ccc1S(N)(=O)=O
-24.59    -24.38      7.58      0.39      S(=O)(=O)(CCC(=O)NCc1ccc(C)cc1)c1sc(Cl)cc1
-27.61    -27.30     -7.60      0.24      c1(-c2c(C)n(Cc3ccccc3)c(C)c2C(=O)c2ccccc2)ccc(OC)cc1
-32.19    -32.28     19.84      0.64      C1C(C2NOC(c3ccccc3)C2)N(C)C(=O)C1
-23.71    -23.62     28.69      0.64      c1(N2CC(C)CCC2)[nH]ccc(=Nc2ccccc2)n1
-24.29    -24.05     14.60      0.47      C1CN(C(=O)Nc2ccccc2Cl)CCN1c1nc(C(F)(F)F)c(C(=O)OCC)cc1C#N
Human-Component   raw_Human-Component
0.6770114898681641   0.6770114898681641   
0.6816092133522034   0.6816092133522034   
0.659770131111145   0.659770131111145   
0.611494243144989   0.611494243144989   
0.18735632300376892   0.18735632300376892   
0.3896551728248596   0.3896551728248596   
0.24022988975048065   0.24022988975048065   
0.6356321573257446   0.6356321573257446   
0.6379310488700867   0.6379310488700867   
0.4712643623352051   0.4712643623352051   

15:27:20: local_reinforcement_logger.timestep_report +41: INFO     
 Step 31   Fraction valid SMILES: 100.0   Score: 0.5000   Time elapsed: 44   Time left: 26.1
  Agent     Prior     Target     Score     SMILES
-33.84    -34.21      9.35      0.53      c12c(CC)nn(C3CCCC3)c1c(N1C(C)COCC1)nc(N1CCSCC1)n2
-20.54    -21.28     37.89      0.72      c1cc(F)ccc1S(=O)(N1CCN(CCOc2ccc(OC)cc2)CC1)=O
-23.24    -23.68     31.43      0.67      C1(Cc2nn3c(C)ccc(O)c3n2)CC1
-32.81    -32.97    -17.10      0.19      c1ccc([N+]([O-])=O)cc1C1=NC(Cc2ccccc2)C(C(OC)=O)(Cc2ccccc2)C(=O)N1
-27.31    -27.17     21.23      0.59      C(Oc1ccc(C#Cc2ccc(CC(NC(C)=O)C)cc2)cn1)COc1c(Cl)cc(C)cc1Cl
-22.14    -21.90     13.98      0.44      CCCn1c(=O)c2[nH]c(-c3ccc(OC)cc3OC)nc2n(CCC)c1=O
-25.34    -25.20      4.08      0.36      C1C(C)(c2nnc(-c3ccc(-n4cc(C)nc4)c(OC)c3)o2)CCOC1
-28.76    -28.79     15.91      0.55      Clc1cc(N=c2c3c(cc(Cl)cc3)[nH]c3cc(OC)ccc32)ccc1OCC
-18.27    -18.58     34.94      0.65      c1ccc(-c2n[nH]nn2)c(Cl)c1
-24.41    -24.58     26.73      0.63      c1c(N=c2c3c(nc[nH]2)cc(OC)c(OC)c3)ccc(CN2CCCCC2)c1
Human-Component   raw_Human-Component
0.5311827659606934   0.5311827659606934   
0.7215054035186768   0.7215054035186768   
0.6720430254936218   0.6720430254936218   
0.19354838132858276   0.19354838132858276   
0.5903225541114807   0.5903225541114807   
0.4376344084739685   0.4376344084739685   
0.3569892346858978   0.3569892346858978   
0.5451613068580627   0.5451613068580627   
0.6526881456375122   0.6526881456375122   
0.625806450843811   0.625806450843811   

15:27:22: local_reinforcement_logger.timestep_report +41: INFO     
 Step 32   Fraction valid SMILES: 100.0   Score: 0.5000   Time elapsed: 46   Time left: 25.1
  Agent     Prior     Target     Score     SMILES
-34.36    -33.98     12.84      0.57      c1cc(NC(=O)C)cc2c1c1c3c(c4c(c1n2C)C(=O)NC4=O)c1cc(F)ccc1o3
-26.12    -26.13     -4.35      0.27      O=C(c1cc(C)ccc1)NCCn1cnc2n(C)c(=O)n(C)c(=O)c21
-23.19    -23.79     21.88      0.56      C1(=O)c2c(C)ccc(Cl)c2C(=O)c2cccc(O)c21
-25.73    -26.27     32.28      0.71      OC1(Cn2cnc3c2cc(F)c(F)c3)CCOCC1
-21.61    -21.52    -11.73      0.12      C1N(S(=O)(c2ccc(-c3[nH]c(=NC(Cc4ccccc4)=O)sc3)cc2)=O)CCOC1
-34.76    -34.43     21.65      0.68      c1c(O)ccc(-c2nc3c(o2)CC(C2C(C)C2C)CC3)c1
-33.72    -33.83     20.40      0.66      c1(C(NC2CC(C(O)=O)(C)CC2)=O)cccc(NC(N2C(C(=O)O)CCC2)=O)c1
-48.21    -48.27      3.31      0.63      CC1(C)C(C(O)=O)CC(O)(c2ccc3n2CCCC3(CC2CC2(Cl)Cl)c2ccc(OC)cc2)CC1
-49.60    -49.40     -7.25      0.51      O(CC)C(=O)C(=CC1(C)C2CC3C(O)(C(=O)C2=C)C1(O)CO)CCC3C
-36.02    -36.19      1.11      0.45      O=[N+](OCc1c2n(cccc2)nc1S(=O)(NC)=O)[O-]
Human-Component   raw_Human-Component
0.5709677338600159   0.5709677338600159   
0.2655913829803467   0.2655913829803467   
0.5569892525672913   0.5569892525672913   
0.7139784693717957   0.7139784693717957   
0.11935483664274216   0.11935483664274216   
0.6838709712028503   0.6838709712028503   
0.6612903475761414   0.6612903475761414   
0.6290322542190552   0.6290322542190552   
0.5139784812927246   0.5139784812927246   
0.45483872294425964   0.45483872294425964   

15:27:23: local_reinforcement_logger.timestep_report +41: INFO     
 Step 33   Fraction valid SMILES: 96.9   Score: 0.4844   Time elapsed: 47   Time left: 23.5
  Agent     Prior     Target     Score     SMILES
-39.79    -39.95      6.99      0.57      c1cccnc1-c1sc(CNC(=O)N2CCC3(N=C(c4cc(F)cc(F)c4)C(=O)N3C)CC2)cc1
-25.28    -25.39     22.96      0.59      c1([N+](=O)[O-])cccc(O)c1NC(c1ccc(Cl)cc1)=O
-28.66    -28.97    -16.43      0.15      O=C(Nc1ccc(C2CCN=c3nc[nH]c(=N)c3=N2)cc1)c1cc(OC)ccn1
-32.62    -33.38     11.77      0.55      c1c(-c2c3c(nccc3O)c(C#N)cc2)ccc(OC)c1
-28.03    -28.77     27.78      0.69      C(C1CC1)NCc1ccc(OC2CCN(C3CCC3)CC2)cc1
-17.64    -18.06     34.91      0.65      c1c(CC(O)=O)cc(Br)cc1
-15.13    -15.22     33.22      0.59      c1ccccc1-n1cnnn1
-27.93    -28.61     11.07      0.48      O(C)c1ccc(-c2ncc(F)n2C)cc1F
-29.33    -29.37     10.12      0.48      c12c(cc(C(C(OC(=O)CN)C)C)cc1)cccc2
-26.79    -26.78      7.81      0.42      n1c(=N)[nH]cc(-c2c3cc(-c4ncc(C)cn4)ccc3[nH]c2)c1
Human-Component   raw_Human-Component
0.5724138021469116   0.5724138021469116   
0.5896551609039307   0.5896551609039307   
0.15287356078624725   0.15287356078624725   
0.5505747199058533   0.5505747199058533   
0.6896551847457886   0.6896551847457886   
0.6459770202636719   0.6459770202636719   
0.5908045768737793   0.5908045768737793   
0.4839080572128296   0.4839080572128296   
0.48160919547080994   0.48160919547080994   
0.4218390882015228   0.4218390882015228   

15:27:24: local_reinforcement_logger.timestep_report +41: INFO     
 Step 34   Fraction valid SMILES: 100.0   Score: 0.5000   Time elapsed: 48   Time left: 21.9
  Agent     Prior     Target     Score     SMILES
-18.90    -19.46     40.85      0.74      c1c(C(OCCN2CCNCC2)c2ccc(Cl)cc2)ccc(Cl)c1
-25.55    -25.31      3.09      0.35      c1c(NS(=O)(c2ccccc2)=O)cc2c(c1)OC(CN(Cc1ccc(F)cc1)C)C(C)CN(C(CO)C)C2=O
-33.91    -34.40     23.44      0.71      C1CCC(CN2CCC(c3cc(-c4ccncc4)c(-c4ccc(F)cc4)[nH]3)C2)(O)CCN1CCC
-30.33    -30.47     21.28      0.63      c1c(N2CCN(C(c3nnnn3C(C)(C)C)c3c(=O)[nH]c4cc(OC)ccc4c3)CC2)ccc2c1OCCO2
-47.41    -46.90    -33.68      0.16      C1N(c2cccc(C(N3CCCCCC3)=O)c2)c2c(cccn2)C2(CCN(C(c3c(C)cccn3)=O)CC2)C1
-32.97    -32.50      8.15      0.50      C1(O)C(O)C(CN(CCCCCC)C(=O)Nc2ccccc2)N(CCC)C1CO
-29.66    -30.21     18.20      0.59      OC(CCCC(OCC1C(OS(=O)(=O)O)CCCC1)=O)=O
-33.37    -33.70      3.87      0.46      C(OCc1ccccc1)CC=CCCOC(=O)c1cccc(C)c1
-23.34    -23.03      8.45      0.38      N(S(=O)(c1ccc(NC(=O)C)cc1)=O)CC(N1CCCCCC1)=O
-27.45    -27.16     -5.56      0.26      c1(C(c2cn(-c3ccccc3)nc2C(C)C)=O)c(=O)c2ccccc2[nH]c1O
Human-Component   raw_Human-Component
0.7354838848114014   0.7354838848114014   
0.34623655676841736   0.34623655676841736   
0.7053763270378113   0.7053763270378113   
0.6311827898025513   0.6311827898025513   
0.16129031777381897   0.16129031777381897   
0.4956989288330078   0.4956989288330078   
0.5903225541114807   0.5903225541114807   
0.4580645263195038   0.4580645263195038   
0.3838709592819214   0.3838709592819214   
0.2634408473968506   0.2634408473968506   

15:27:26: local_reinforcement_logger.timestep_report +41: INFO     
 Step 35   Fraction valid SMILES: 100.0   Score: 0.5000   Time elapsed: 50   Time left: 20.8
  Agent     Prior     Target     Score     SMILES
-35.57    -36.39     21.63      0.71      c1cccc2c1C13CCN4C3C(C)(C4)C1(OC(=O)C)C2
-26.60    -26.67     11.69      0.47      c1c(O)ccc2[nH]c3c(c12)c(C)c(C(OC)=O)cc3
-40.31    -41.50     -1.74      0.48      C(C(C)C)C(C(NC(CO)c1[nH]c(C)c(CCC#N)c1CC)=O)CCC
-28.90    -29.19     20.89      0.61      Cc1c(C)c(OCCCOc2c(CCC)c3c([nH]c(C(=O)O)c3)cc2)ccc1
-30.07    -29.63    -17.02      0.15      N(C(=O)COc1c(F)cccc1)c1cnn(S(=O)(c2ccc(F)cc2)=O)c1
-39.98    -39.40     17.38      0.69      C(CCN1CCN(c2c(Cl)cc(Cl)cc2)CC1)NC(N1Cc2c(c(=O)[nH]nc2C)CC1)=O
-34.89    -35.53     -8.99      0.32      c1cc2c(c(-c3cc(CNCCS(=O)(C)=O)cc(F)c3C)c1)nccc2
-35.79    -34.73    -20.54      0.17      c1(-c2n(C(C)C)c3ccccc3n2)[nH]c2c(-c3ccc(C(=O)O)cc3)nccc2c1
-26.42    -26.39     25.81      0.64      FC(F)(COc1cc2c(cc1OC)c(=Nc1cc(C(F)(F)F)ccc1)[nH]cn2)F
-25.65    -25.90     -0.24      0.31      c1ccc2c3nc(-c4ccccc4)nn3c(=NNC(N)=N)[nH]c2c1
Human-Component   raw_Human-Component
0.7075268626213074   0.7075268626213074   
0.4677419364452362   0.4677419364452362   
0.48494625091552734   0.48494625091552734   
0.6107527017593384   0.6107527017593384   
0.15376344323158264   0.15376344323158264   
0.6924731135368347   0.6924731135368347   
0.323655903339386   0.323655903339386   
0.17311827838420868   0.17311827838420868   
0.6365591287612915   0.6365591287612915   
0.3129032254219055   0.3129032254219055   

15:27:27: local_reinforcement_logger.timestep_report +41: INFO     
 Step 36   Fraction valid SMILES: 93.8   Score: 0.4688   Time elapsed: 51   Time left: 19.3
  Agent     Prior     Target     Score     SMILES
-26.74    -26.54      4.47      0.38      c1c2c(ccc1-n1c(O)c(-c3ccccc3)sc1=Nc1ccc(OC)cc1)OCCO2
-39.02    -39.60    -31.63      0.10      c12c(c(=O)n3cc(C(O)NN=Cc4cc5c(cc4)OCO5)cc(C)c3n1)ccc(Cl)c2
-24.17    -24.03     24.55      0.59      O=C1C(C#N)=C(c2ccccc2)CC(c2ccc(OCC(F)(F)F)cc2)(C(F)(F)F)N1
-25.24    -25.08     16.22      0.50      S(c1oc(C(C)C)nn1)CC(c1cc(O)c(O)cc1)=O
-46.07    -46.00    -36.41      0.12      O1c2c(c3c(OC(C)=O)ccc(OC)c3cc2)Nc2nc3c(c(-c4ccccc4)c21)cccc3
-28.54    -28.29    -28.29      0.00      c12c(cccc1)c(O)c(N=NC(=O)N)c(=C)c2O
-29.66    -29.06     24.77      0.66      n1(CCO)c(=O)sc2c1ccc(S(=O)(N(C)c1ccc(C)cc1)=O)c2
-29.80    -30.52     23.20      0.66      COc1ccc(C2(C)NC(=O)N(CCCCOc3cc(OCCCC)ccc3)C2=O)cc1
-28.36    -28.28      7.17      0.43      c1nc(=NC2CCN(S(=O)(C3CC3)=O)CC2)nc(C#N)[nH]1
-41.49    -41.49      3.85      0.55      CC(CCOc1cc(-n2c3nc(-c4cncc(Cl)c4)cnc3nn2)cnc1CO)(C)C
Human-Component   raw_Human-Component
0.378078818321228   0.378078818321228   
0.09729064255952835   0.09729064255952835   
0.5923645496368408   0.5923645496368408   
0.5036945939064026   0.5036945939064026   
0.11699507385492325   0.11699507385492325   
0.0   0.0   
0.6564039587974548   0.6564039587974548   
0.6551724076271057   0.6551724076271057   
0.4322659969329834   0.4322659969329834   
0.552955687046051   0.552955687046051   

15:27:28: local_reinforcement_logger.timestep_report +41: INFO     
 Step 37   Fraction valid SMILES: 100.0   Score: 0.4801   Time elapsed: 52   Time left: 17.8
  Agent     Prior     Target     Score     SMILES
-23.55    -23.32     32.67      0.68      c1c(Oc2ccc(S(=O)(CC3CS(=O)(=O)CC3)=O)cc2)ccc(C#N)c1
-35.37    -35.88     22.23      0.71      O=C(C1c2c(cccc2)Sc2ccccc21)NCC(=O)N1CCN(CCN(C)C)CC1
-33.05    -33.10     22.01      0.67      Cc1c(Cc2cccc(C3CC3)c2)c(C)c(OC)c(C)c1OC
-34.13    -34.11     10.33      0.54      O=C(O)C(c1ccc(SCC#N)c2ccccc12)[N+](=O)[O-]
-30.37    -29.64      2.46      0.39      C(CCc1ccc(NC(=O)C2CC2(COC)C(=O)O)cc1)CCCCCCC
-27.05    -26.99     -7.15      0.24      Cc1cc(S(=O)(=O)c2c3c([nH]c2C(N)=O)ccc(C)c3)ccc1F
-23.13    -22.36     -1.72      0.25      Cc1onc(-c2cc(C)c(OCC(O)CNC(=O)CO)c(CC)c2)n1
-23.64    -24.64     18.57      0.53      C12(OC1)C1(C)CCC3C(C1CC2)CCC1NC(=O)C=CC13C
-36.84    -35.66    -21.29      0.18      c1(C(N(C(CCC(=O)O)=O)c2ccc(CC)cc2)C(=O)NC2CCCCC2)nc2scc(C)n2c(=O)c1
-27.11    -27.25     32.35      0.73      C(CCN1CC(O)c2cc(OCc3ccccc3)ccc2CC1)c1cccnc1
Human-Component   raw_Human-Component
0.6827957034111023   0.6827957034111023   
0.7086021304130554   0.7086021304130554   
0.6720430254936218   0.6720430254936218   
0.5419355034828186   0.5419355034828186   
0.3913978636264801   0.3913978636264801   
0.24193547666072845   0.24193547666072845   
0.25161290168762207   0.25161290168762207   
0.5268816947937012   0.5268816947937012   
0.17526881396770477   0.17526881396770477   
0.726881742477417   0.726881742477417   

15:27:30: local_reinforcement_logger.timestep_report +41: INFO     
 Step 38   Fraction valid SMILES: 100.0   Score: 0.4855   Time elapsed: 54   Time left: 16.6
  Agent     Prior     Target     Score     SMILES
-34.35    -32.14    -22.53      0.12      N(C(c1ccc(OC)c(OC)c1)=O)C(Cc1ccc(-c2cccc(NC(=O)NC(C)C)c2)cc1)C(=O)OC
-27.81    -28.30     26.28      0.67      C1CCN(CCC(Nc2cc3c(nccn3)cc2)=O)CCN1C
-26.57    -26.21      7.29      0.41      C(NC(=O)c1cc(OC)c(OCC(=O)N(C)C)cc1)Cc1ccccc1
-27.51    -28.22    -23.11      0.06      CCOc1cc2c([nH]c(SCC(Nc3ccc(CC)cc3)=O)n2)cc1Cl
-30.21    -30.48     15.81      0.56      CNC(=O)CN1c2c([nH]c(C(F)(F)F)nc2=O)NC(=O)C1(C)C
-29.82    -28.81     14.83      0.53      c1cc(C(Nc2c(NC(C(Cc3ccccc3)N)=O)c(O)ccc2)=O)ccc1
-41.30    -41.74     17.42      0.72      c12ccc(Cl)cc1cc(CO)c(C1=CCC3C1(C)CCC1C4(C)C(CC1)N(C)C(=O)CC43)n2
-32.10    -31.93    -14.38      0.21      c1c(CNC(Cc2c(COC)n(-c3ncccc3)nc2)=O)ccc(C)c1
-22.96    -23.50     35.75      0.72      c12c(c3cc(F)ccc3[nH]1)CCN1C2CN(C)CC1
-25.92    -26.20     27.59      0.66      OC(c1cn(CCCO)cc1-c1sccc1)=O
Human-Component   raw_Human-Component
0.11720430105924606   0.11720430105924606   
0.6655914187431335   0.6655914187431335   
0.40860214829444885   0.40860214829444885   
0.062365591526031494   0.062365591526031494   
0.5645161271095276   0.5645161271095276   
0.5322580933570862   0.5322580933570862   
0.7215054035186768   0.7215054035186768   
0.21397849917411804   0.21397849917411804   
0.7225806713104248   0.7225806713104248   
0.6559139490127563   0.6559139490127563   

15:27:31: local_reinforcement_logger.timestep_report +41: INFO     
 Step 39   Fraction valid SMILES: 96.9   Score: 0.4626   Time elapsed: 55   Time left: 15.1
  Agent     Prior     Target     Score     SMILES
-31.52    -32.13      5.95      0.46      O(C(=O)C1=C(CSc2nncn2CCC=C)COC1)C
-28.37    -28.27     15.18      0.53      c1c(C(=O)N2CCC2C(=O)N)cnc2ccccc12
-41.67    -42.38     16.63      0.72      C1CCN(C2CC3(OC2)CCCC3)CC1c1nc(C(N(C2CC2)C)=O)co1
-23.77    -24.34      8.83      0.40      c1cc(N=Nc2ccc(S(O)(=O)=O)c3c2cccc3)ccc1[N+]([O-])=O
-29.75    -29.69     22.71      0.64      c1n(C(CC(O)=O)Cc2ccccc2)c2c(c1)ccc(OC)c2
-19.00    -19.32     30.35      0.61      C(Nc1ccc(CN2CCOCC2)cc1)(C)=O
-29.47    -30.37     22.23      0.64      C1CCc2c3ccccc3sc2-c2c1sc(=NCCC)[nH]2
-28.28    -27.98      3.78      0.39      C(C)c1nnc2n1CCN(C(c1ccc(NC(=O)COc3ccc(Cl)cc3)cc1)=O)c1ccccc1-2
-33.55    -34.63      2.13      0.45      O=S(C)(N1CCN(c2ccc(NCC(=CC3CCCCC3)C#N)cc2)CC1)=O
-30.41    -30.23      3.80      0.41      CC(C)C(=O)Cc1cc2ccc(OC)c(OCC(O)=O)c2oc1=O
Human-Component   raw_Human-Component
0.4643678069114685   0.4643678069114685   
0.5298850536346436   0.5298850536346436   
0.7195402383804321   0.7195402383804321   
0.4045976996421814   0.4045976996421814   
0.6390804648399353   0.6390804648399353   
0.6057471036911011   0.6057471036911011   
0.6413792967796326   0.6413792967796326   
0.38735631108283997   0.38735631108283997   
0.4482758641242981   0.4482758641242981   
0.41494253277778625   0.41494253277778625   

15:27:33: local_reinforcement_logger.timestep_report +41: INFO     
 Step 40   Fraction valid SMILES: 100.0   Score: 0.5000   Time elapsed: 57   Time left: 13.9
  Agent     Prior     Target     Score     SMILES
-37.21    -36.94    -29.35      0.09      C(=O)(Nc1ccc(C)cc1)N(CCc1ccc(SC(C)(C(O)=O)C)cc1)Cc1cc2ccccc2s1
-24.48    -24.32     38.02      0.76      c1(O)c2c(oc3c(c2=O)OC(C)(C)C=C3)cc(OC)c1
-25.37    -25.98     32.56      0.71      C1CC1n1c2nc(Cl)ccc2[nH]c1=NC(CC)=O
-25.97    -25.57     20.28      0.56      C(c1ccc([N+]([O-])=O)cc1)(Oc1ccc(C(N2CCN(C)CC2)=S)cc1)=O
-42.25    -42.41      0.79      0.53      C1CCCC(Cn2c(C(O)=O)c(-c3cc(OC)ccc3)nc2-c2nc(-c3ccc(Cl)c(Cl)c3)cs2)C1
-22.20    -22.26     -9.47      0.16      c1c(CNC(CN2c3c(ccc(S(=O)(N4CCCC4)=O)c3)OCC2=O)=O)ccc(OC(C)C)c1
-37.68    -36.15     13.05      0.60      C(Nc1ccc(C(=C)C2COC3(CCC(=O)CC3)OO2)cc1)(=O)c1csc(-c2sccc2)c1
-27.55    -28.74     26.19      0.67      C1C2CC3CC1CC(NCCCOc1ccc(C(N4CCCC4)=O)cc1)(C2)C3
-25.91    -26.49     26.15      0.64      C1CN(C(C)C)CCC1c1n(Cc2ccc(F)cc2)c2ccc(C(F)(F)F)cc2n1
-31.03    -31.79     19.53      0.63      C12C(C3(C)C(C(=O)OC3)CC1)CCC1(C)C(O)CC(F)C12
Human-Component   raw_Human-Component
0.0924731194972992   0.0924731194972992   
0.7602150440216064   0.7602150440216064   
0.7139784693717957   0.7139784693717957   
0.5591397881507874   0.5591397881507874   
0.5268816947937012   0.5268816947937012   
0.15591397881507874   0.15591397881507874   
0.6000000238418579   0.6000000238418579   
0.6698924899101257   0.6698924899101257   
0.6419354677200317   0.6419354677200317   
0.625806450843811   0.625806450843811   

15:27:35: local_reinforcement_logger.timestep_report +41: INFO     
 Step 41   Fraction valid SMILES: 100.0   Score: 0.4692   Time elapsed: 59   Time left: 12.6
  Agent     Prior     Target     Score     SMILES
-31.51    -31.82     16.50      0.59      c1(Cl)ccc(-c2c(CC)cc3c(c2)nc(Oc2ccccc2)s3)cc1
-31.88    -32.03     14.96      0.57      O=C(CNS(=O)(O)=O)OCCc1ccccn1
-21.10    -21.49     36.71      0.71      c1c(O)n(C)cc1-c1ccc(OC)cc1
-33.47    -33.75     20.74      0.66      c1c2c(c(=NC3CCNC3C)c(C(=O)N)c[nH]2)cc(-c2c(Cl)ccc(F)c2)c1
-23.53    -23.44     27.96      0.63      c1(Cl)c(-c2nc(-c3ccc(Cl)cc3)c[nH]2)c(Cl)c(Cl)cc1
-25.84    -26.49     23.24      0.61      c1(Cl)cc(Cl)cc(Cl)c1-n1c(-c2ccccc2)nc(C)c1C
-28.65    -29.34     11.05      0.49      C1OCCC(CNc2ccccc2-c2cn3ncnc3cc2)C1
-28.24    -28.06     18.85      0.57      c12c3c(sc1NC(c1ccccc1)NC(=O)N2C)cc(Cl)cc3
-24.82    -24.93     15.89      0.50      c1cc(-c2c(-c3ccc(F)cc3)nc(C#CCOCC(=O)O)s2)ccn1
-35.48    -34.01     -5.09      0.35      O(CC(NC(c1c2[nH]c3ccccc3c(=O)c2ccc1)=O)C(N1CCC2(CC1)c1ccccc1C=C2)=O)C
Human-Component   raw_Human-Component
0.5892472863197327   0.5892472863197327   
0.573118269443512   0.573118269443512   
0.7096773982048035   0.7096773982048035   
0.6645161509513855   0.6645161509513855   
0.6268817186355591   0.6268817186355591   
0.6064516305923462   0.6064516305923462   
0.49247312545776367   0.49247312545776367   
0.5720430016517639   0.5720430016517639   
0.4978494644165039   0.4978494644165039   
0.35268816351890564   0.35268816351890564   

15:27:36: local_reinforcement_logger.timestep_report +41: INFO     
 Step 42   Fraction valid SMILES: 100.0   Score: 0.4595   Time elapsed: 60   Time left: 11.2
  Agent     Prior     Target     Score     SMILES
-34.04    -34.12      0.18      0.42      C(=O)(CCCc1ccccc1)N1C(C(N2C(C(F)(F)F)(O)CC(CC)=N2)=O)CCC1
-24.95    -24.71     11.18      0.44      c1c(C(NS(=O)(c2ccc(Cl)cc2)=O)=O)cnc(OCC)c1
-28.82    -29.11     28.55      0.70      Oc1ccc2c(c1)C1(C)CCN(C)C(Cc3ccc(OCCN(C)C)cc3)C1CC2
-31.48    -31.24      1.56      0.40      c1cc(OC)c(Cn2c(C(Nc3ccc(C(C)C)cc3)=O)cc(OC)c2O)cc1
-27.16    -26.69    -17.26      0.12      n1c(-n2cnnc2)c2scc(-c3ccc(NC(Nc4ccc(C)cc4)=O)cc3)c2cn1
-30.62    -31.24     26.25      0.70      C1N(C)CC(NC(CN2CCN(c3ccccc3OC)CC2)=O)(C)CC1
-23.62    -22.99     13.25      0.44      C(CCC)n1cc(C(=O)O)c(=O)c2c1C(=O)C=CC2=O
-26.83    -26.81     -7.06      0.24      c1(O)n(Cc2ccc(S(=O)(N3CCOCC3)=O)c(OC)c2)c(=O)sc1
-26.46    -28.17     28.26      0.69      C(C12CCC3C(=O)OCC3C1C2)C
-31.13    -30.40     -6.95      0.29      N1(C(c2ccccc2C(N=c2[nH]c(-c3ccccn3)cs2)=O)=O)CCCCCC1
Human-Component   raw_Human-Component
0.4182795584201813   0.4182795584201813   
0.4376344084739685   0.4376344084739685   
0.7032257914543152   0.7032257914543152   
0.4000000059604645   0.4000000059604645   
0.11505376547574997   0.11505376547574997   
0.7010752558708191   0.7010752558708191   
0.4419354796409607   0.4419354796409607   
0.2408602088689804   0.2408602088689804   
0.6881720423698425   0.6881720423698425   
0.28602150082588196   0.28602150082588196   

15:27:38: local_reinforcement_logger.timestep_report +41: INFO     
 Step 43   Fraction valid SMILES: 100.0   Score: 0.5000   Time elapsed: 62   Time left: 9.9
  Agent     Prior     Target     Score     SMILES
-29.42    -28.91     22.67      0.63      c1(CCNS(=O)(=O)c2cc3c4c(cccc4c2)C(=O)N(CCCN(C)C)C3=O)ccc(OC)c(OC)c1
-26.26    -26.43    -11.62      0.18      Cc1c2c(c(C)c(NC(=O)c3cc(C)ccc3)c1)CCC2
-35.15    -36.02     -2.51      0.41      C1CN2CCC1C(NC(c1c3c(cccc3)n(CCCBr)c1)=O)C2Cc1cnc(OC)cc1
-24.34    -24.65     24.20      0.60      n1(-c2cc(Cl)c(Cl)cc2)c(-c2ccc(Cl)cc2)c(CC#N)c(C(=O)N2CCN(C)CC2)n1
-31.92    -31.50     15.32      0.57      OC(C)(C)C(C(C(CO)(C)C)(C)C)C
-29.43    -29.94     14.94      0.55      c12c(N=Cc3ccccc3Cl)c3cc(Br)ccc3[n+]([O-])c1cccc2
-35.15    -35.86      2.68      0.47      O1CC(C)C2(O)C1(C)Cc1c3ccccc3[nH]c1C2
-24.12    -23.84      7.55      0.38      c1(-c2ccc(O)cc2)nnc(SCc2ccccc2C)n1-c1ccccc1
-24.34    -24.35     27.84      0.64      C1N(Cc2cccc(Cl)n2)C(c2nc(C3CC3)on2)CC1
-46.47    -47.20    -23.66      0.29      C1(C)(C(=O)OC)CC(OC(=O)c2ccc(Cl)c([N+]([O-])=O)c2)C(OC(C)=O)C2(C)CCC3C(C)(C)OC4CC(=O)OC4(C)C132
Human-Component   raw_Human-Component
0.6290322542190552   0.6290322542190552   
0.1806451678276062   0.1806451678276062   
0.40860214829444885   0.40860214829444885   
0.5956989526748657   0.5956989526748657   
0.5709677338600159   0.5709677338600159   
0.5473118424415588   0.5473118424415588   
0.4698924720287323   0.4698924720287323   
0.38279569149017334   0.38279569149017334   
0.6365591287612915   0.6365591287612915   
0.28709676861763   0.28709676861763   

15:27:39: local_reinforcement_logger.timestep_report +41: INFO     
 Step 44   Fraction valid SMILES: 93.8   Score: 0.4388   Time elapsed: 63   Time left: 8.4
  Agent     Prior     Target     Score     SMILES
-35.93    -35.59     20.05      0.68      c1(CC)cc(O)c(Oc2c[nH]c(=N)[nH]c2=N)cc1Cc1cc(O)c(O)cc1
-30.81    -30.92    -25.87      0.06      c1cccc(C(C)NC(=O)c2cn3c(c(=Nc4cc(Cl)c(C(F)(F)F)cc4)[nH]cn3)c2)c1
-20.90    -21.45     32.99      0.66      O=C(O)c1c(=O)c2cc(F)c(N3CCCC3)nc2[nH]c1
-26.95    -27.32     10.45      0.46      O=C(NCC(O)C(O)C1OC(OCCCCCCCCCCCCCC)C(O)C(O)C1O)CCCCCCCCCCCCCCCCCCC
-30.12    -30.01     -4.76      0.31      c1cc(O)ccc1-c1cc(NC2CCNCC2)cc(C(NC(C(=O)N2CCN(C(=O)OCCCCC)CC2)CCC(O)=O)=O)n1
-35.03    -35.39    -35.39      0.00      n1cnc2n1c(=NCCc1ccncc1)cc(=Nc1ccc(Cl)cc1)[nH]2
-28.89    -29.51      4.83      0.42      c1c(-n2c(=O)ccc3cnc4c(cc(-c5cc(F)c(C#N)cc5)cc4)c23)ccc(-c2cnn(C)c2)c1
-26.90    -26.77    -26.77      0.00      c12c3c(ccc(C#N)c3)n(CCCCC)cc-1c1c(c2=O)cccc1
-19.99    -20.36     28.41      0.59      c1cc2cccc(=O)n2cn1
-31.34    -31.37    -31.37      0.00      OC(=O)CNC(=O)C(C)=NC(C(NC(C)=O)Cc1ccccc1)O
Human-Component   raw_Human-Component
0.6785714030265808   0.6785714030265808   
0.06157635524868965   0.06157635524868965   
0.6637930870056152   0.6637930870056152   
0.4605911374092102   0.4605911374092102   
0.30788177251815796   0.30788177251815796   
0.0   0.0   
0.41871920228004456   0.41871920228004456   
0.0   0.0   
0.5948275923728943   0.5948275923728943   
0.5233989953994751   0.5233989953994751   

15:27:40: local_reinforcement_logger.timestep_report +41: INFO     
 Step 45   Fraction valid SMILES: 100.0   Score: 0.5000   Time elapsed: 64   Time left: 7.0
  Agent     Prior     Target     Score     SMILES
-23.45    -23.94     36.63      0.74      C1CC1C(NCC(=O)N1CCc2c1cccc2)=O
-25.60    -25.28     -7.91      0.21      N(C(=O)c1ccc(NC(N2Cc3ccc(F)cc3C2)=O)cc1)=c1o[nH]c(C)c1
-28.01    -29.17     20.21      0.60      CC(OC1CCC2(C)C3CCC4(C)C(NC(=O)OCC)CCC4C3CCC2C1)=O
-32.99    -33.55    -20.68      0.16      COc1cc2c(c(OC)c1)c(-c1c3c(cc4c(c3)OCO4)c(O)c3c1COC3=O)ccc2
-28.90    -29.21     30.04      0.72      c12c(c(F)ccc1)NC(c1ccccc1O)(CC)C(=O)N2
-32.02    -31.71     20.66      0.64      c1(C)sc(C2CC(=CCCCC(=O)OC)COC2=O)cc1
-28.46    -29.24     17.67      0.57      c1(Cl)cc(Cl)cc(Cl)c1OCC(=O)c1ccc(NS(C)(=O)=O)cc1
-33.42    -32.84    -15.20      0.22      o1nc(-c2cc(OC)c(OC)c(OC)c2)c(Nc2ccccc2)c1C(NC)=O
-21.22    -21.85     24.97      0.57      C1N(S(C)(=O)=O)CCC(N=c2cccn[nH]2)C1
-22.05    -22.87     31.70      0.67      c1ccc(CCNC(=O)C2CCN(CCCOc3ccc(F)cc3)CC2)cc1
Human-Component   raw_Human-Component
0.7387096881866455   0.7387096881866455   
0.21182796359062195   0.21182796359062195   
0.602150559425354   0.602150559425354   
0.15698924660682678   0.15698924660682678   
0.7225806713104248   0.7225806713104248   
0.6387096643447876   0.6387096643447876   
0.5720430016517639   0.5720430016517639   
0.2150537669658661   0.2150537669658661   
0.5709677338600159   0.5709677338600159   
0.6655914187431335   0.6655914187431335   

15:27:41: local_reinforcement_logger.timestep_report +41: INFO     
 Step 46   Fraction valid SMILES: 100.0   Score: 0.4819   Time elapsed: 65   Time left: 5.5
  Agent     Prior     Target     Score     SMILES
-29.25    -28.86    -24.28      0.06      c1(C(NCc2ccc(Oc3ccc(F)cc3)cc2)=O)ccc(S(=O)(=O)N2CCOCC2)cc1
-41.60    -43.69      8.24      0.63      O=C1NC(CCC(O)C2(C)CCCCC2)C(C#C)C1CO
-26.65    -26.76     33.73      0.74      c1(C)ccc(NC(CCCCN2CCC(C)CC2)=O)cc1C
-26.02    -26.70     12.72      0.48      c1cc(NCC(C)n2c(=O)c(Cl)c(Cl)cn2)ccc1
-25.34    -25.49     13.40      0.47      n1(-c2ccccc2)c2c(OC)cccc2c(O)n1
-23.22    -22.86     33.84      0.69      C=CC(c1c(O)c(N2CC2)c(C)c(O)c1N1CC1C)=O
-20.93    -20.56     26.88      0.58      N(=c1c2c([nH][nH]1)-c1c(cc(OC)c(OC)c1)C2)c1ccccc1
-32.35    -31.92     16.75      0.59      N1(CCCC)CC(=O)N(CC(Nc2cccc(F)c2)=O)c2c1cccc2
-24.15    -24.04     26.22      0.61      O(c1c(Cl)c2c(c(Cl)c1OC)CC(N)CC2)C
-20.03    -21.22    -21.22      0.00      c1ccc(Br)cc1CCNCCO
Human-Component   raw_Human-Component
0.055913977324962616   0.055913977324962616   
0.6333333253860474   0.6333333253860474   
0.7376344203948975   0.7376344203948975   
0.48064514994621277   0.48064514994621277   
0.4741935431957245   0.4741935431957245   
0.6913978457450867   0.6913978457450867   
0.5784946084022522   0.5784946084022522   
0.5935483574867249   0.5935483574867249   
0.6129032373428345   0.6129032373428345   
0.5806451439857483   0.5806451439857483   

15:27:42: local_reinforcement_logger.timestep_report +41: INFO     
 Step 47   Fraction valid SMILES: 100.0   Score: 0.5000   Time elapsed: 67   Time left: 4.2
  Agent     Prior     Target     Score     SMILES
-20.88    -21.24      8.21      0.36      O=C(NC1CCCCC1)CCNC(c1ccc(OC)cc1)=O
-25.17    -25.69     12.49      0.47      S=C(N)NN=CC1C2C(CC1=O)O2
-34.36    -33.90    -30.46      0.04      c1cccc(CNC(Cn2cc(S(=O)(NC)=O)cc2-c2nc3ccccc3s2)=O)c1OC
-24.56    -24.21     31.51      0.68      n1(-c2cc(OC)ccc2)c(-c2ccc(O)cc2)nnc1SC
-19.59    -19.77     34.81      0.67      C1CN(c2nc(-c3cc(=NC4CCC(N)CC4)[nH]cc3Cl)ccc2)CC1
-39.67    -39.92    -19.99      0.24      C(CC(CCCN=C(N)N)NC(CC1OC(CO)C(NC(=O)c2cccs2)C(O)C1O)=O)C
-31.87    -29.89    -14.54      0.19      C(=CC(=O)NC(=S)Nc1ccc(S(=O)(N(C2CCCCC2)C)=O)cc1)c1cccc(C)c1
-26.54    -27.40     34.14      0.75      C1(O)CCN(CCN2CCN(c3ccc(C(=O)O)cc3)CC2)CC1
-37.80    -38.60     18.45      0.70      C(N=c1[nH]c2ccc(CN3CC(C)NCC3)cc2s1)c1c(C)cc(Cl)cc1Cl
-20.70    -20.30     14.62      0.43      N(C(OCc1ccccc1)=O)C(C(NCC#N)=O)Cc1c2ccccc2[nH]c1
Human-Component   raw_Human-Component
0.3591397702693939   0.3591397702693939   
0.4655914008617401   0.4655914008617401   
0.04193548485636711   0.04193548485636711   
0.6795699000358582   0.6795699000358582   
0.6655914187431335   0.6655914187431335   
0.2430107593536377   0.2430107593536377   
0.18709677457809448   0.18709677457809448   
0.750537633895874   0.750537633895874   
0.6956989169120789   0.6956989169120789   
0.42580646276474   0.42580646276474   

15:27:44: local_reinforcement_logger.timestep_report +41: INFO     
 Step 48   Fraction valid SMILES: 100.0   Score: 0.5000   Time elapsed: 68   Time left: 2.8
  Agent     Prior     Target     Score     SMILES
-25.33    -25.35     25.44      0.62      c1(C=c2c(=O)n3c(s2)=NCC(C)N3C)ccc(OC)cc1
-42.77    -42.41    -10.67      0.39      C(C([n+]1ccc(-c2ocnc2)cc1)c1c2c([nH]c1)ccc(C)c2)O
-39.69    -39.62    -10.52      0.35      O(C)C1Cc2cc3c(c(O)c2C(=NCCOC)C1)c(=O)c1c(cc(O)cc1O)o3
-19.10    -19.99     38.38      0.71      COc1ccccc1C1CCCNC1
-26.43    -25.69    -11.84      0.17      c1(NC(N=c2[nH]cccc2OCc2cc(C)ccc2)=O)cccc([N+](=O)[O-])c1
-27.06    -29.06     25.87      0.67      O=C1CC2=CCC3C4C(C)(CC(O)C3C2(CO)CC1)C(=CC)CC4
-29.05    -28.93     23.35      0.64      [nH]1cc(C(c2c3c(cccc3)c(Br)cc2)=C)c2c1cccc2
-19.55    -19.74     19.40      0.48      c1c(NS(=O)(=O)c2cc(Cl)c(Cl)cc2)ccc(O)c1
-27.00    -26.30      5.18      0.38      c1(O)c(C(=O)OC)c(C=c2c(=C)cc(C)cc2C)[nH]c1C
-26.86    -26.96     -3.60      0.28      O1CCN(S(=O)(=O)c2cccc(C(OCC(=O)N=c3[nH]c4c(cccc4)[nH]3)=O)c2)CC1
Human-Component   raw_Human-Component
0.6193548440933228   0.6193548440933228   
0.3870967626571655   0.3870967626571655   
0.35483869910240173   0.35483869910240173   
0.7118279337882996   0.7118279337882996   
0.1688172072172165   0.1688172072172165   
0.6698924899101257   0.6698924899101257   
0.6376343965530396   0.6376343965530396   
0.47741934657096863   0.47741934657096863   
0.3838709592819214   0.3838709592819214   
0.2849462330341339   0.2849462330341339   

15:27:45: local_reinforcement_logger.timestep_report +41: INFO     
 Step 49   Fraction valid SMILES: 96.9   Score: 0.4844   Time elapsed: 69   Time left: 1.4
  Agent     Prior     Target     Score     SMILES
-33.69    -33.94    -33.94      0.00      O(c1c(C)c(O)c2c(c1O)=C(COC1C(O)C(O)C(CO)O1)CC=C2C)C
-33.35    -31.55      8.23      0.49      c1cncc(C2N(C(=O)c3cc(-c4sccc4)on3)CCNC2=O)c1
-67.76    -68.56    -17.38      0.62      c1c(Cl)cc2c([nH]c3c2CCN2CC4C(C5(OC)CC(C)C4)CC5(C(C=O)=C2[N+]([O-])=O)C3)c1
-21.02    -20.49      6.09      0.32      c12c(ccc(-c3c(C#N)c(Sc4ccc(OC)cc4)[nH]c(=N)c3C#N)c1)OCO2
-22.12    -21.54    -11.74      0.12      C(Nc1ccc(S(=O)(=O)N2CCCCCC2)cc1)(C=Cc1cnccc1)=O
-22.95    -22.05     -1.69      0.25      c1cc(-c2c(C(N)=O)c3n(n2)C(c2ccccc2NC(C=C)=O)CCN3)cc(OC(F)(F)F)c1
-28.30    -28.22     35.21      0.77      c12onc(CN3CC(c4c(OC)cc(OC)cc4)CCC3)c1cccc2
-26.36    -26.06     26.06      0.64      c1(N)ccc(C2(C3CCN(C4CCN(C(c5ccccc5N)=O)CC4)CC3)OCCO2)cc1
-30.04    -30.49     20.13      0.62      C(C)c1nc(SCC(=O)N2CC(C)CCC2)c2c(n1)cc(Cl)cc2
-32.15    -33.13     -1.27      0.39      C(OC1CCN(c2ccc(-c3ccc(OC)cc3C)cn2)C1=O)C
Human-Component   raw_Human-Component
0.0   0.0   
0.4850574731826782   0.4850574731826782   
0.6241379380226135   0.6241379380226135   
0.32413792610168457   0.32413792610168457   
0.11954022943973541   0.11954022943973541   
0.24827586114406586   0.24827586114406586   
0.7735632061958313   0.7735632061958313   
0.6356321573257446   0.6356321573257446   
0.617241382598877   0.617241382598877   
0.388505756855011   0.388505756855011   

