13:27:42: local_reinforcement_logger.log_message +32: INFO     starting an RL run
13:27:42: local_reinforcement_logger.timestep_report +41: INFO     
 Step 0   Fraction valid SMILES: 93.8   Score: 0.3390   Time elapsed: 0   Time left: 0.0
  Agent     Prior     Target     Score     SMILES
-20.56    -20.56     -7.92      0.39      c1(N2CCCCC2)nnc(-c2ccccc2O)cc1
-44.66    -44.66    -32.99      0.36      C1(O)C(c2cc(OC)c(OC)c(OC)c2)Oc2c(c(O)c(CC(=O)C(O)C)o2)C1c1cc(OC)c(OC)c(OC)c1
-19.00    -19.00     -6.69      0.38      c12c(ccc(=O)o1)cc(OC)c(O)c2
-38.60    -38.60    -38.60      0.00      c12c3cc(O)c(O)cc3n(C)c1c1c(c(O)c3cc(O)c(OC)c(O)c3c1O)c2O
-22.15    -22.15    -11.04      0.35      c1cc(F)ccc1C(=O)N=c1[nH]n2c(n1)N=C(c1ccccc1)CC2c1ccc(OC)cc1
-26.09    -26.09    -14.52      0.36      c1cc(C(c2ccccc2)N2CCC3(C(=O)N(c4ccc(N5CCC(O)CC5)cc4)CC3)CC2)ccc1Cl
-19.17    -19.17     -8.21      0.34      c1cc2[nH]c(O)c(Cc3c(C)c(C(=O)N=CCN(CC)CC)c(C)[nH]3)c2cc1C#N
-22.77    -22.77    -10.82      0.37      N(C(=O)c1c(NCc2ccncc2)cccc1)C(C)(C)C
-22.11    -22.11     -9.73      0.39      N(C(Oc1ccc2c(c1)C(=O)N(C)C2=O)=O)(C)C
-23.84    -23.84    -12.37      0.36      c12c(c3c(CN4CCOCC4)cc(=O)oc3cc1)C=CC(C)(C)O2
Human-Component   raw_Human-Component
0.39489346742630005   0.39489346742630005   
0.3646433353424072   0.3646433353424072   
0.38441002368927   0.38441002368927   
0.0   0.0   
0.3472713232040405   0.3472713232040405   
0.3616825044155121   0.3616825044155121   
0.34229812026023865   0.34229812026023865   
0.37346962094306946   0.37346962094306946   
0.3869953453540802   0.3869953453540802   
0.3584667444229126   0.3584667444229126   

13:27:43: local_reinforcement_logger.timestep_report +41: INFO     
 Step 1   Fraction valid SMILES: 100.0   Score: 0.3582   Time elapsed: 1   Time left: 24.5
  Agent     Prior     Target     Score     SMILES
-19.28    -19.23     -5.38      0.43      C(O)CN(CCO)CCCC
-29.44    -29.51    -17.99      0.36      COc1ccc(C2=C(c3ccccc3)C3(N4CSCC4)CCCCC3CC2)cc1
-20.32    -20.33     -7.77      0.39      c1(CN=c2nccc[nH]2)c(Cl)cccc1Cl
-26.04    -26.09    -15.20      0.34      c1ccccc1-c1ccccc1NC(=O)CCc1onc(OCC)c1
-33.77    -33.83    -22.06      0.37      c12c(cc(C(O)=O)cc1[N+]([O-])=O)OC1(C2)Cc2c(cccc2)CC1
-23.39    -23.40    -11.05      0.39      N1(C2=C(Oc3ccc(F)cc3)C(=O)c3c(cccc3)C2=O)CCOCC1
-65.45    -65.66    -55.53      0.32      N(C1C2C(C3(C)C(C1O)OC(C(O)(C=C)CCC=C(C)C)C3)CCC1(C)C2=CC=C1c1cnccc1)=c1cc(Cl)nc(Cl)[nH]1
-43.52    -43.62    -33.44      0.32      c1ccccc1-c1ccccc1N(CC)c1nc(=NC(C)(C)C)[nH]c(=Nc2ccc(S(=O)(C)=NC(=O)OCC)cc2)[nH]1
-31.27    -31.26    -20.52      0.34      C(COC(Nc1c(N(C2CCCCC2)C)cc2c(c1)[nH]c(-c1ccccc1C)n2)=O)OC
-35.08    -35.03    -24.31      0.33      Cc1ccccc1CC(NC1C2N(C(C(O)=O)=C(CSc3c(F)c(F)cc(F)c3F)CS2)C1=O)=O
Human-Component   raw_Human-Component
0.4326969385147095   0.4326969385147095   
0.35975730419158936   0.35975730419158936   
0.3924630880355835   0.3924630880355835   
0.34033989906311035   0.34033989906311035   
0.3677843511104584   0.3677843511104584   
0.38612204790115356   0.38612204790115356   
0.31681641936302185   0.31681641936302185   
0.3181627094745636   0.3181627094745636   
0.33564701676368713   0.33564701676368713   
0.33494484424591064   0.33494484424591064   

13:27:44: local_reinforcement_logger.timestep_report +41: INFO     
 Step 2   Fraction valid SMILES: 100.0   Score: 0.3706   Time elapsed: 2   Time left: 32.0
  Agent     Prior     Target     Score     SMILES
-28.08    -27.98    -15.08      0.40      c1(Cl)c(Cl)c(NN=C2CCN(CCC)CC2)c(Cl)c(Cl)c1
-27.97    -27.97    -16.08      0.37      c1c(N2CCN(C(=O)NCCCOC)CC2C)ccc(F)c1
-35.96    -35.81    -23.98      0.37      c1c(OC(F)F)c(-c2n(CCC)c(CNC(=O)CN)cc2)ccc1
-22.74    -22.70    -11.44      0.35      C(C1CCCO1)NC(=O)CN(CC)S(=O)(c1ccccc1)=O
-27.00    -26.91    -14.49      0.39      C1(N(C(N)=O)O)CCCCC1NC(=O)c1sc(Cl)cc1
-21.61    -21.55     -7.50      0.44      C(OCC=C)COCCF
-29.72    -29.67    -18.08      0.36      N(C1CCN(C(CCCc2ccccc2)=O)CC1)C(=O)C(C)CCC
-25.32    -25.31    -13.88      0.36      c1cc2c(cc1)c1nnc(CCC(NCCc3ccc(Cl)cc3)=O)n1nc2C
-36.93    -37.05    -26.44      0.33      c1(Oc2ccccc2)c(OC)cc(-n2c(=O)cc(C(=O)NCCCN(CC)CC)c3ccccc32)cc1
-28.83    -28.87    -17.47      0.36      O=C1N(CC(c2ccc(NC(c3c(Cl)cccc3)=O)cc2)=O)C(=O)c2cccnc21
Human-Component   raw_Human-Component
0.40311411023139954   0.40311411023139954   
0.37156277894973755   0.37156277894973755   
0.3694707751274109   0.3694707751274109   
0.3519606590270996   0.3519606590270996   
0.3878452181816101   0.3878452181816101   
0.43903782963752747   0.43903782963752747   
0.3621860146522522   0.3621860146522522   
0.35725805163383484   0.35725805163383484   
0.3314838409423828   0.3314838409423828   
0.35620033740997314   0.35620033740997314   

13:27:44: local_reinforcement_logger.timestep_report +41: INFO     
 Step 3   Fraction valid SMILES: 96.9   Score: 0.3560   Time elapsed: 2   Time left: 23.5
  Agent     Prior     Target     Score     SMILES
-20.22    -20.35     -8.45      0.37      C(=O)(O)c1cn(C2CC2)c2c(cc(F)c(N3C(C)C(N)C3)c2)c1=O
-36.25    -36.33    -25.33      0.34      N(c1[nH]c2c(c(=Nc3cc(Br)ccc3)n1)ccc(C#CCCCN(C)C)c2)=c1[nH]oc(C)c1
-19.95    -19.90     -7.82      0.38      S(=O)(c1ccc(C)cc1)(n1nnc2ccccc21)=O
-33.64    -33.42    -21.58      0.37      [nH]1c2c(c(C)c1)CCN(C(NCC=C)=S)C2c1ccc(C)cc1
-20.26    -20.33     -8.76      0.36      c1(-c2ccc(F)cc2)cc2c(cc1)OCCN(Cc1cccnc1)C2=O
-20.98    -21.05     -9.01      0.38      O=c1c2ccccc2[nH]c(=O)n1-c1ccc(S(=O)(N)=O)cc1
-26.56    -26.59    -15.24      0.35      O(C)c1ccccc1C(=O)NCC(=O)N(c1ccc(C)cc1)CC(NC1CCCC1)=O
-26.98    -26.88    -13.89      0.41      O=C(N)NCCN1CCN(c2cc(C)cc(C)c2)CC1
-33.26    -33.16    -21.81      0.35      C(c1cc(C)no1)N(CC(N1CCCCC1)=O)c1cccc(C)c1C
-28.10    -28.15    -15.97      0.38      FC(c1[nH]c(=N)c2c(n1)cc(-c1ccccc1)o2)F
Human-Component   raw_Human-Component
0.3717523515224457   0.3717523515224457   
0.3437599539756775   0.3437599539756775   
0.37775862216949463   0.37775862216949463   
0.3697744905948639   0.3697744905948639   
0.3615204989910126   0.3615204989910126   
0.37632837891578674   0.37632837891578674   
0.3545628786087036   0.3545628786087036   
0.4059746265411377   0.4059746265411377   
0.3548606038093567   0.3548606038093567   
0.380808562040329   0.380808562040329   

13:27:45: local_reinforcement_logger.timestep_report +41: INFO     
 Step 4   Fraction valid SMILES: 96.9   Score: 0.3492   Time elapsed: 3   Time left: 27.6
  Agent     Prior     Target     Score     SMILES
-37.67    -37.56    -26.30      0.35      C1(C)=CC2(C)C(C3=CC(O)C4C5(C)C(C(C)(C)C(NC(=O)C)CC5)CCC4(C)C3(C)CC2)C(C(C)=C)C1
-20.06    -20.12     -8.62      0.36      c1c(-c2noc(CCC(NCCc3ccccc3)=O)n2)ccc(OC)c1
-22.95    -22.84    -10.08      0.40      O=C1CC(C)(C)C=C2SCCC(=O)N12
-20.50    -20.53     -8.02      0.39      Brc1c(CNc2ccc(O)cc2)cccc1
-31.20    -31.38    -19.98      0.36      c12sccc1cc(C(Nc1ccccc1Cc1ccccc1)=O)c(O)c2
-32.03    -32.13    -20.78      0.35      c1c(OC)c(OC)c(OC)cc1Cc1n(CCc2cc(OC)c(OC)cc2)c(=O)n(N=Cc2ccc(OC)cc2)c1O
-45.61    -45.69    -34.95      0.34      C1C2C3(NC(=S)NC3c3ccc(OCC)cc3)C(=O)N(CCc3c[nH]c4ccccc43)C2=NC1C(OC)=O
-22.85    -22.73    -10.77      0.37      c1(-c2ccc(C)cc2)cc2c(c(OC)cc(Br)c2)oc1=O
-22.27    -22.37    -10.97      0.36      N1(c2cc(OC)ccc2)CCN(C(=O)C=Cc2ccc(OC)c(OC)c2)CC1
-25.18    -25.11    -12.61      0.39      C(CCCCCC=CCCCCCCCC)CCCCC(=O)N1CC(O)C(O)C1CO
Human-Component   raw_Human-Component
0.3517453372478485   0.3517453372478485   
0.3596358299255371   0.3596358299255371   
0.39879998564720154   0.39879998564720154   
0.391118586063385   0.391118586063385   
0.35633930563926697   0.35633930563926697   
0.35466015338897705   0.35466015338897705   
0.3358007073402405   0.3358007073402405   
0.37387821078300476   0.37387821078300476   
0.3563133478164673   0.3563133478164673   
0.390709787607193   0.390709787607193   

13:27:46: local_reinforcement_logger.timestep_report +41: INFO     
 Step 5   Fraction valid SMILES: 93.8   Score: 0.3444   Time elapsed: 4   Time left: 30.0
  Agent     Prior     Target     Score     SMILES
-34.32    -34.47    -34.47      0.00      c12[nH]ccc3c1c(c(F)cc2)C1CC(C(N2Cc4ccccc4CC2)=O)N(C)CC13
-26.46    -26.42    -26.42      0.00      [nH]1c(N2CCN(C(c3ccc(-c4ccccc4)cc3)=O)CC2)cc2ccccc2n1
-28.25    -28.28    -17.26      0.34      C(N)(=O)C(NC(=O)C1CCCN1C(C(Cc1ccccc1)NC)=O)Cc1ccc2c(cccc2)c1
-26.00    -26.08    -15.10      0.34      C(OCC)(=O)c1c(O)c(=Cc2oc(-c3ccc(C(=O)O)cc3)cc2)[nH]c1=C
-23.41    -23.65    -11.24      0.39      c1cc(C2C3=C(OC(=N)C2c2ccccc2)CCCC3=O)ccc1
-24.27    -24.35    -12.99      0.35      c1(NC(c2c(=N)o[nH]c2-c2ccccc2)O)ccc(N2CCOCC2)cc1
-29.22    -29.13    -17.04      0.38      c1cc(C(c2cc3c(cc2C)C(C)(C)CCC3(C)C)=O)ccc1C1CCCC1
-34.46    -34.54    -23.84      0.33      N(C(C)=O)C1C(O)C(N=c2[nH]c(=N)c(Cc3cc4ccccc4cc3)c[nH]2)CCC1
-26.43    -26.61    -15.06      0.36      O=C(OCC(=O)N(c1ccccc1)C)c1cc([N+](=O)[O-])cc([N+]([O-])=O)c1
-34.75    -34.86    -23.78      0.35      c1(-c2ccncc2)nc2c(c(-c3ccc(Cl)cc3)c(C#N)cc2C(=O)OCC)cc1
Human-Component   raw_Human-Component
0.0   0.0   
0.0   0.0   
0.3446381986141205   0.3446381986141205   
0.3432867228984833   0.3432867228984833   
0.38804569840431213   0.38804569840431213   
0.3548952043056488   0.3548952043056488   
0.37777388095855713   0.37777388095855713   
0.3344945013523102   0.3344945013523102   
0.3609779477119446   0.3609779477119446   
0.34612998366355896   0.34612998366355896   

13:27:46: local_reinforcement_logger.timestep_report +41: INFO     
 Step 6   Fraction valid SMILES: 96.9   Score: 0.3540   Time elapsed: 4   Time left: 25.1
  Agent     Prior     Target     Score     SMILES
-30.10    -30.15    -18.53      0.36      C(c1n2ccccc2nn1)n1c(=O)c2c(nn(CC)c2)cn1
-21.97    -22.00     -9.73      0.38      O=S(N)(=O)c1c(N2CCN(c3ccc(OC)cc3)CC2)ccnc1
-27.47    -27.41    -16.92      0.33      N(C(CSc1n(C2OC(CN=[N+]=[N-])C(O)C2O)c2nc[nH]c(=N)c2n1)=O)Cc1cccc(Cl)c1
-28.05    -27.94    -16.65      0.35      N(C(Nc1c(C(OC)=O)sc(C(C)(C)C)c1)=O)C(C)C1OCCC1
-26.37    -26.47    -16.04      0.33      c1(-c2ccccc2)oc(C)c(CCOc2cccc(CN(CC(=O)O)C(=O)Oc3ccc(OCCCCCCCCCC)cc3)c2)n1
-23.45    -23.43    -11.18      0.38      O=C(OC(C)C)CNC(Cc1ccc(OC)cc1)=O
-38.10    -38.19    -26.30      0.37      C(C)C1CC(OC(C)=O)C(=O)C2C3(C)C(=CCC3C2C)C1(C)C
-27.94    -28.03    -15.71      0.38      c1(=O)n(-c2n[nH]cc2)nnc2c1cccn2
-44.37    -44.56    -33.00      0.36      CC(O)C1C(NC2CC2)CN(c2c(OC3CCN(C(OC(C)C)=O)CC3)cccn2)C1=O
-35.40    -35.09    -24.32      0.34      O(C)c1cccc(-c2oc(C(=O)Nc3c(C(c4ccc(C(C)(C)C)cc4)=O)cccc3)cc2)c1
Human-Component   raw_Human-Component
0.3631702959537506   0.3631702959537506   
0.3832817077636719   0.3832817077636719   
0.3279881775379181   0.3279881775379181   
0.35294291377067566   0.35294291377067566   
0.3257441520690918   0.3257441520690918   
0.3828068971633911   0.3828068971633911   
0.37145382165908813   0.37145382165908813   
0.3847581744194031   0.3847581744194031   
0.36121079325675964   0.36121079325675964   
0.3367629945278168   0.3367629945278168   

13:27:47: local_reinforcement_logger.timestep_report +41: INFO     
 Step 7   Fraction valid SMILES: 96.9   Score: 0.3556   Time elapsed: 5   Time left: 26.9
  Agent     Prior     Target     Score     SMILES
-24.42    -24.49    -11.51      0.41      [N+](=O)([O-])c1cc([N+]([O-])=O)c(N(N)C)c([N+](=O)[O-])c1
-29.59    -29.56    -18.31      0.35      C(N1CCNCC1)c1cc(-c2cc(S(=O)(=O)Nc3c(OC)cccc3)c(OC)cc2)c(OC)cc1
-23.68    -23.75    -12.66      0.35      O=S(=O)(c1cc2c(cc1Cl)NC(=O)CO2)Oc1cc2oc(=O)cc(C)c2cc1
-25.83    -26.04    -14.12      0.37      c1(O)ccc(C(=O)Nc2cccc3cccnc32)cc1[N+]([O-])=O
-26.39    -26.34    -14.95      0.36      Cc1ccc(C=NNC(c2n[nH]c(-c3ccco3)c2)=O)s1
-24.45    -24.60    -12.35      0.38      C1CCC(N=c2sc(=O)c3nncn3[nH]2)CC1
-37.11    -37.04    -25.45      0.36      O=C(CCC(C)C1C2(C)C(C3C(C4(C)C(CC(=O)CC4)CC3=O)CC2)C=C1)NCCS
-48.31    -47.98    -37.73      0.32      C1(C)(C)c2c(cc(NS(=O)(=O)c3cccs3)cc2)N(C(N=c2[nH]c(OC)c(OC)c(CO)c2)=O)C1
-20.11    -20.08     -7.62      0.39      c1(C(O)=O)sc(C)cc1-c1ccc(Cl)cc1
-19.41    -19.40     -7.32      0.38      c1c(CSc2n(CC)c(=O)c3c(n2)CCS3)cccc1
Human-Component   raw_Human-Component
0.40577906370162964   0.40577906370162964   
0.35167211294174194   0.35167211294174194   
0.346613347530365   0.346613347530365   
0.37244147062301636   0.37244147062301636   
0.35603561997413635   0.35603561997413635   
0.38297173380851746   0.38297173380851746   
0.36218786239624023   0.36218786239624023   
0.32050010561943054   0.32050010561943054   
0.3893778920173645   0.3893778920173645   
0.3774440586566925   0.3774440586566925   

13:27:47: local_reinforcement_logger.timestep_report +41: INFO     
 Step 8   Fraction valid SMILES: 90.6   Score: 0.3259   Time elapsed: 5   Time left: 23.3
  Agent     Prior     Target     Score     SMILES
-33.89    -33.45    -22.97      0.33      O=S(Nc1cc(-c2cc3c(c(=O)n(CCC)c(=O)[nH]3)[nH]2)c(OCC)cc1)(=O)c1cccc(NC(C)=O)c1
-29.48    -29.79    -17.09      0.40      C1CN(CCN2CCN(C)CC2)CC1NC(c1ccc2c(c1)cccc2)=O
-28.85    -28.86    -17.40      0.36      N(O)=C(O)C=Cc1c(NS(=O)(c2cc(Cl)c(F)cc2)=O)cccc1
-23.05    -22.92    -12.00      0.34      c1c2c(cc(S(=O)(N3CCC(C(Nc4cc(OC)cc(OC)c4)=O)CC3)=O)c1)OCCO2
-34.08    -34.02    -22.56      0.36      O1CC2C(C1OC(NC1CCC1)=O)C(CO)N=C(NC#N)N2
-60.62    -60.67    -60.67      0.00      c1ccc2c(c1)C1(OC(C)C(O)C(O)c3c(C)c4c(OC)cc(C(=O)OCC)c-4nc31)C1=C2SCCS1
-26.36    -26.37    -14.93      0.36      c1(C)cc(=Nc2c(=O)n(C)cc(-c3cc(F)cc(N4Cc5c(scc5)CC4)c3)c2)[nH]cc1
-39.69    -40.08    -28.83      0.35      c1cnc2n(ccc2-c2c(F)cc(F)cc2)c1C(=O)Nc1cccc2c1ccnc2
-25.32    -25.45    -14.32      0.35      O=C(NCc1ccc(OCC)c(OC)c1)COC(=O)C=Cc1c(OC)cccc1
-48.52    -48.93    -38.19      0.34      C1N(O)C(=O)CCC1NC(c1cc2c(c(C)c1)nc(CNc1ccc(C(=NCC(=O)O)N)cc1)s2)=O
Human-Component   raw_Human-Component
0.3273302912712097   0.3273302912712097   
0.39698341488838196   0.39698341488838196   
0.3581365644931793   0.3581365644931793   
0.34136465191841125   0.34136465191841125   
0.3578867018222809   0.3578867018222809   
0.0   0.0   
0.3574201464653015   0.3574201464653015   
0.35150259733200073   0.35150259733200073   
0.3479117751121521   0.3479117751121521   
0.33570459485054016   0.33570459485054016   

13:27:48: local_reinforcement_logger.timestep_report +41: INFO     
 Step 9   Fraction valid SMILES: 100.0   Score: 0.3679   Time elapsed: 6   Time left: 24.6
  Agent     Prior     Target     Score     SMILES
-21.57    -21.64     -9.25      0.39      NC1=NC(c2ccc(OC)cc2)C(C(=O)OC)C(C)=N1
-41.60    -41.96    -30.41      0.36      C1CC2C(C)(C)C1(C)C2NCC(CNCCCCCCCNCCCN1C(=O)c2c(cccc2)C1=O)NC
-26.92    -26.64    -14.73      0.37      O(c1ccc(Cl)cc1)CCn1c(CNC(C2CCCCC2)=O)nnn1
-40.43    -39.95    -29.71      0.32      C1(CNC(C(C)N2C(=O)C(=Cc3c(-c4ccccc4F)nn(-c4ccccc4)c3)SC2=O)=O)CCOCC1
-25.46    -25.63    -13.31      0.38      N12C(Cc3ccc(F)cc3)CN=C1SCCC2=O
-24.51    -24.62    -13.03      0.36      c1(N2CCOCC2)nc2n(Cc3ccccc3)ccc(=O)n2c(=O)c1
-35.81    -35.93    -24.48      0.36      c1(=NCc2cc3c(cc2)nccn3)nc(-c2c(C)cnnc2)cc[nH]1
-31.67    -31.69    -19.95      0.37      c1(C)cccc(CN2C(=O)C(O)(C)C(c3ccccc3)(c3ccccc3)N2C)c1
-42.81    -42.65    -30.17      0.39      C(#CCC1N2C(C(O)C(O)C2)C(O)C1O)CCC(O)CCCCC
-20.50    -20.64     -8.38      0.38      O=C(CC=NOCc1ccc(Cl)cc1Cl)O
Human-Component   raw_Human-Component
0.387026309967041   0.387026309967041   
0.3611716032028198   0.3611716032028198   
0.37212952971458435   0.37212952971458435   
0.32009363174438477   0.32009363174438477   
0.3849969208240509   0.3849969208240509   
0.36216941475868225   0.36216941475868225   
0.35756051540374756   0.35756051540374756   
0.366919606924057   0.366919606924057   
0.38978371024131775   0.38978371024131775   
0.3833114206790924   0.3833114206790924   

13:27:49: local_reinforcement_logger.log_message +32: INFO     Resetting Agent
13:27:49: local_reinforcement_logger.log_message +32: INFO     Adjusting sigma to: 82
13:27:49: local_reinforcement_logger.timestep_report +41: INFO     
 Step 10   Fraction valid SMILES: 100.0   Score: 0.3574   Time elapsed: 7   Time left: 25.5
  Agent     Prior     Target     Score     SMILES
-21.32    -21.28     -8.94      0.39      [nH]1c(=O)c(C#N)cn(Cc2c(Cl)cccc2Cl)c1=O
-45.47    -45.47    -34.02      0.36      c1cc2c(cc1)cc(Br)cc2OC=CC(=NC(c1cc(O)ccc1)=O)C
-20.14    -20.36     -7.95      0.39      c1cc(Cc2ccccc2)ccc1OC(N(C)C)=O
-27.17    -27.38    -15.25      0.38      Clc1ccc2c(c1)S(=O)(=O)N(C)c1cccnc1N2CCc1ccc(F)cc1
-34.04    -33.94    -22.90      0.35      O(c1ccc(CCC(C2C(=N)OC3=CCCC(=O)C3C2C2C(=O)CC(C)(C)CC2=O)=O)cc1OC)C
-35.11    -35.02    -23.99      0.34      C(NCC(C(Nc1cc(C(F)(F)F)ccc1)=O)(C)N1CCOCC1)(c1ccccc1)=O
-26.46    -26.33    -14.31      0.38      c1(SC)ccc(-c2nsc(SCC(c3ccccc3)=O)n2)cc1
-36.54    -36.33    -25.17      0.35      C1CCC2C3CCC4C(C)(CCC(OC(NCCNC(C(C(C)C)N)=O)=O)C4)C3CCC2(C)C1OC(C)=O
-23.93    -23.84    -12.69      0.35      c1cc(-c2nn(C)c3c2cc(C(=O)NCc2ccc(OC)cc2)s3)cc(OC)c1OC
-33.40    -33.54    -21.82      0.37      C(OC(=O)C(C#N)C(NCCCCCCOc1ccccc1)=N)(C)C
Human-Component   raw_Human-Component
0.38550716638565063   0.38550716638565063   
0.35773035883903503   0.35773035883903503   
0.3878997266292572   0.3878997266292572   
0.37898367643356323   0.37898367643356323   
0.3451160192489624   0.3451160192489624   
0.3445715606212616   0.3445715606212616   
0.3756026327610016   0.3756026327610016   
0.3487645983695984   0.3487645983695984   
0.348422110080719   0.348422110080719   
0.3664865791797638   0.3664865791797638   

13:27:50: local_reinforcement_logger.timestep_report +41: INFO     
 Step 11   Fraction valid SMILES: 100.0   Score: 0.3658   Time elapsed: 8   Time left: 26.0
  Agent     Prior     Target     Score     SMILES
-18.11    -18.11     15.37      0.41      c12ccc(OC)cc1[n+](C)ccc2
-33.68    -33.68     -1.67      0.39      N(C(C)C)N=Cc1ccc(F)cc1N1CCN(CCO)CC1
-25.26    -25.26      3.96      0.36      C(Oc1c(CC=C)cc(OC)cc1)CCCCCN1CCN(c2ccncc2)C1=O
-22.20    -22.20      8.13      0.37      O(C)c1ccc(C(=S)NCc2ccccc2)cc1OC1CCCC1
-28.35    -28.35      1.64      0.37      c1c2c(oc(=O)c1C(=O)CCl)cccc2OCC
-23.40    -23.40      7.22      0.37      C(Nc1ccc(C(C)=O)cc1)(=O)CCNC(c1ccc(Br)cc1)=O
-30.56    -30.56     -1.61      0.35      n1cc(Cl)c(SCC(Nc2ccc(F)cc2)=O)nc1-c1cnncc1
-28.42    -28.42      2.52      0.38      FC(F)(c1ccc(OC)c(CN(C)CC(=O)O)c1)F
-34.28    -34.28     -1.93      0.39      C(c1cc(O)ccc1O)CCCCCCC(CCCCC(CCCCC)C)O
-25.31    -25.31      5.56      0.38      c1(C=NO)c(O)c(CN2CCOCC2)c(Br)cc1OC
Human-Component   raw_Human-Component
0.4083794057369232   0.4083794057369232   
0.39039671421051025   0.39039671421051025   
0.35624971985816956   0.35624971985816956   
0.36989858746528625   0.36989858746528625   
0.36571645736694336   0.36571645736694336   
0.3734520971775055   0.3734520971775055   
0.3530999422073364   0.3530999422073364   
0.3774131238460541   0.3774131238460541   
0.39443641901016235   0.39443641901016235   
0.3763557970523834   0.3763557970523834   

13:27:50: local_reinforcement_logger.timestep_report +41: INFO     
 Step 12   Fraction valid SMILES: 93.8   Score: 0.3401   Time elapsed: 8   Time left: 23.4
  Agent     Prior     Target     Score     SMILES
-24.84    -24.89      5.60      0.37      c1c(-c2n3nc(OCc4ncnn4C)c(C)nc3nc2)csc1
-38.39    -38.47     -9.23      0.36      C1SCCCN(CCn2c3c(c(=Nc4ccc(O)c(CN(CC)CC)c4)[nH]cn3)nc2)C1
-25.56    -25.53      4.81      0.37      O=C(OC(C[N+](C)(C)C)CC(=O)OC)c1cc(OC)c(OC)c(OC)c1
-42.47    -42.48    -42.48      0.00      C1n2c(nc3c(c(-c4cccnc4)no3)c2)C(C(Nc2ccc(C)cc2C)=O)CS1
-28.63    -28.55      1.99      0.37      c12c(ccc(C3=NN(C(=NO)O)C(C)(C)C3)c1)cccc2
-22.57    -22.56      7.20      0.36      N(C(=O)c1cccc(S(N2CCCC2)(=O)=O)c1)=c1[nH]cc(Cl)cc1
-30.97    -30.92     -0.84      0.37      O=C(C1=C(C(OCC)=O)C(c2ccccc2)N=C(C)C1C(=O)OC)N(CCC)C
-27.47    -27.54      3.94      0.38      N(C(Cn1c(C)ccc1C)C(=O)O)C(c1ccccc1)=O
-30.99    -30.96     -1.20      0.36      N(C(=O)CCSC1OC(CO)C(O)C(O)C1O)=C(Cc1c[nH]cn1)C(=O)O
-26.24    -26.20      1.81      0.34      C(CNC(=O)c1c(C)c2cc(S(N3CC(C)CC(C)C3)(=O)=O)ccc2o1)=C
Human-Component   raw_Human-Component
0.37179863452911377   0.37179863452911377   
0.35660889744758606   0.35660889744758606   
0.3700581192970276   0.3700581192970276   
0.0   0.0   
0.37239789962768555   0.37239789962768555   
0.36285150051116943   0.36285150051116943   
0.3668430745601654   0.3668430745601654   
0.38386717438697815   0.38386717438697815   
0.36289188265800476   0.36289188265800476   
0.3415883481502533   0.3415883481502533   

13:27:51: local_reinforcement_logger.timestep_report +41: INFO     
 Step 13   Fraction valid SMILES: 93.8   Score: 0.3377   Time elapsed: 9   Time left: 23.8
  Agent     Prior     Target     Score     SMILES
-28.88    -28.93     -1.79      0.33      c1(C)c(-c2cccc(COc3ccc(CCC(=O)O)cc3)c2)cc(C)c(OCC(O)CNC(CO)=O)c1C
-24.84    -24.98      5.08      0.37      s1c(-c2ccc(OC)cc2OC)n[nH]c1=Nc1cccc(OC)c1
-36.27    -36.13     -8.29      0.34      c1cc(NC(=O)COCc2cccc(-c3ccc(S(=O)(CC(=O)O)=O)cc3)c2)c(C(=O)C)cc1
-31.44    -31.45     -4.13      0.33      c1cc(OC)c(OC)cc1C#CC(=O)Nc1cccc(S(N2CCOCC2)(=O)=O)c1
-23.30    -23.30      7.87      0.38      c1(OC)ccc(Cl)c(Cc2n(O)c(=O)cc(C)c2)c1
-20.32    -20.39      9.80      0.37      c1(-c2occ(CNCCN3CCOCC3)n2)ccc(OC)c(OC)c1
-22.58    -22.69      4.88      0.34      c1cc(Cl)ccc1-n1c(C)nnc1SCC(=O)Nc1ccc(OC)cc1OC
-34.68    -34.81     -6.49      0.35      CC(C)(C)c1sc(S(=O)(NC2CCN(C(=O)C3CCCN3C(=O)c3sccc3)CC2)=O)c(Cl)c1
-22.83    -22.88      8.06      0.38      S(N1CCCC(C)(O)C1)(=O)(=O)c1ccc(C(C)(C)C)cc1
-27.18    -27.19      3.06      0.37      C(CCN=c1[nH]c(F)nc2c1ncn2Cc1ccccc1)N1CCOCC1
Human-Component   raw_Human-Component
0.3309924006462097   0.3309924006462097   
0.36653685569763184   0.36653685569763184   
0.33953550457954407   0.33953550457954407   
0.3331890404224396   0.3331890404224396   
0.380166232585907   0.380166232585907   
0.36817270517349243   0.36817270517349243   
0.33621782064437866   0.33621782064437866   
0.3454018831253052   0.3454018831253052   
0.3773018419742584   0.3773018419742584   
0.3689117729663849   0.3689117729663849   

13:27:52: local_reinforcement_logger.timestep_report +41: INFO     
 Step 14   Fraction valid SMILES: 100.0   Score: 0.3640   Time elapsed: 10   Time left: 24.0
  Agent     Prior     Target     Score     SMILES
-26.06    -26.13      6.03      0.39      n1cn(CC2CC2)c2c1CN(CCCOc1ccc(C#N)cc1)CC2
-19.99    -20.07     11.40      0.38      c1c(-c2ccccc2[N+](=O)[O-])onc1C
-20.46    -20.69     12.20      0.40      FC(F)(F)c1ccc(C(O)C(C)NC(C)C)cc1
-28.02    -28.26      1.26      0.36      O=C(OC(Cn1cncc1)c1ccc(Cl)cc1Cl)CCCC(=O)OCC
-26.41    -26.46      4.14      0.37      c1c(C)cc(N=c2[nH]nc(-c3c(OC)cccc3OC)c3ccccc32)cc1
-22.91    -22.89      7.93      0.38      C1N(C(c2cc3c(cc2[N+](=O)[O-])OCO3)C#N)CCOC1
-24.35    -24.47      6.66      0.38      c1c2c(OC)c(OC)c(OC)cc2c(=O)c2c(cc(OC)c(OC)c2OC)c1
-37.77    -37.87     -7.67      0.37      c1nc2c(c(C#N)ccc2)c2c1ccn(CCCCC(O)=O)c2=O
-24.78    -24.83      4.69      0.36      c1(N2CCN(c3ccc([N+](=O)[O-])cc3)CC2)c(N)cc2c(c1)n(C)cc(C(=O)O)c2=O
-22.47    -22.43      9.29      0.39      C1C(=O)c2c(cccc2O)C(=O)N1C
Human-Component   raw_Human-Component
0.3921516537666321   0.3921516537666321   
0.3838193416595459   0.3838193416595459   
0.4011005759239197   0.4011005759239197   
0.3599458336830139   0.3599458336830139   
0.3731633722782135   0.3731633722782135   
0.37591123580932617   0.37591123580932617   
0.3796062171459198   0.3796062171459198   
0.3682064116001129   0.3682064116001129   
0.3601059317588806   0.3601059317588806   
0.38690704107284546   0.38690704107284546   

13:27:52: local_reinforcement_logger.timestep_report +41: INFO     
 Step 15   Fraction valid SMILES: 100.0   Score: 0.3588   Time elapsed: 10   Time left: 21.9
  Agent     Prior     Target     Score     SMILES
-24.25    -24.29      6.00      0.37      c1c(C)cc(=NC(Cc2ccc(-c3cc(Cl)ccc3)cc2)=O)[nH]c1
-35.80    -36.05     -8.16      0.34      C(CNC(=O)C(Cc1cc(OC)c(OCCC#C)cc1)NC(=O)c1ccc(OC)cc1)c1ccccc1
-34.45    -33.93     -7.08      0.33      n1nc(-c2c(-n3cccc3)n(-c3c(=O)n(-c4ccccc4)n(C)c3C)c(-c3cnccc3)n2)oc1-c1ccccc1
-25.82    -25.85      3.20      0.35      c1c(Cl)c(Cl)cc(NC(NCCC2CCN(C(=O)c3ccc(Cl)c(Cl)c3)CC2)=O)c1
-26.94    -27.14      2.40      0.36      O=c1n(CCC)c2c(O)cccc2cc1C(=O)NCCc1ccccc1
-39.28    -39.10    -10.70      0.35      c1([S+](c2cn(CCO)c3c2cccc3)[O-])c(=O)c2ccc(OC)c(O)c2oc1
-24.58    -24.53      4.35      0.35      c1(S(=O)(Nc2ccc(C(=O)N=c3cc(C)cc[nH]3)cc2)=O)ccc(OC)cc1
-28.12    -28.05      1.48      0.36      OC(c1ccc(C2C(COc3cc(F)c(S(=O)(N=c4[nH]occ4)=O)cc3F)C2)cc1)(C)C
-25.51    -25.80      6.30      0.39      c1(N2CCN(c3cc(C)ccc3C)CC2)ccc(-c2ccccc2)cc1
-33.19    -33.13     -2.91      0.37      Clc1ccc(C2(c3cc4c(=N)[nH]c(=N)[nH]c4cc3)CCCC2)cc1C#C
Human-Component   raw_Human-Component
0.3693805932998657   0.3693805932998657   
0.34014591574668884   0.34014591574668884   
0.3273610472679138   0.3273610472679138   
0.35424506664276123   0.35424506664276123   
0.36032772064208984   0.36032772064208984   
0.34633609652519226   0.34633609652519226   
0.3522609770298004   0.3522609770298004   
0.3601643443107605   0.3601643443107605   
0.39145877957344055   0.39145877957344055   
0.3685278594493866   0.3685278594493866   

13:27:53: local_reinforcement_logger.timestep_report +41: INFO     
 Step 16   Fraction valid SMILES: 100.0   Score: 0.3661   Time elapsed: 11   Time left: 22.0
  Agent     Prior     Target     Score     SMILES
-24.23    -24.38      5.10      0.36      c1c(CCN2CCCC2)cc(OC)c(N=c2nc3c(c[nH]2)N(C)C(=O)c2ccccc2N3C)c1
-34.87    -34.84     -5.65      0.36      C(Oc1cc2c(cc1O)c(=O)c(-c1ccc(OCCCCN3CCCCC3)c(OC)c1)co2)C=C
-29.47    -29.59     -0.30      0.36      C(Cn1c2ncccc2cn1)NC(Nc1cccc(C)c1)=O
-25.02    -25.16      6.31      0.38      c1c(OS(=O)(C)=O)ccc2c(CC#N)c[nH]c12
-40.36    -40.25     -8.82      0.38      OC(=O)CCC[N+](C)(C(C(c1ccc(-c2ccc(C#N)cc2)cc1)=O)C)C(C)C
-30.77    -30.70     -2.27      0.35      C(O)(=O)CC(NC(c1nc(-c2ccccc2Cl)cc(OC(C)C)c1)=O)c1scc(C)n1
-30.68    -30.35     -0.70      0.36      C1CC(N(C(=O)C)c2nc(-c3ccc(S(=O)(=O)C)cc3)ncc2)CCC1
-22.73    -22.66      7.71      0.37      C1(NC(=O)Nc2cc(Cl)ccc2OC)CCS(=O)(=O)C1
-25.57    -25.71      1.31      0.33      s1cc2c(=O)n(-c3cc(OC)ccc3)c(=O)n(CC(=O)NCC3CCCO3)c2c1
-42.24    -42.23    -13.51      0.35      c1cc(SC(C)C(SC(=O)OCC)CS(=O)(=O)c2ccccc2)c(C(=O)OCC)cc1
Human-Component   raw_Human-Component
0.35945188999176025   0.35945188999176025   
0.35604795813560486   0.35604795813560486   
0.3571663200855255   0.3571663200855255   
0.38383373618125916   0.38383373618125916   
0.38329607248306274   0.38329607248306274   
0.3467801511287689   0.3467801511287689   
0.361599326133728   0.361599326133728   
0.3703506290912628   0.3703506290912628   
0.32949140667915344   0.32949140667915344   
0.3503175675868988   0.3503175675868988   

13:27:54: local_reinforcement_logger.timestep_report +41: INFO     
 Step 17   Fraction valid SMILES: 93.8   Score: 0.3448   Time elapsed: 12   Time left: 22.0
  Agent     Prior     Target     Score     SMILES
-33.15    -32.94     -0.69      0.39      c1cc(F)ccc1S(=O)(=O)N(CC(=CN(C)C)N)C
-48.55    -48.31    -20.31      0.34      C1(NCc2c(C)c(C)cc(NC(=O)C(CC)CC)c2C)CN(c2c3c(c(C)nn2C)nc(C)n3)CC1
-50.42    -50.50    -20.76      0.36      C1N(C)CCN(c2ccc(Nc3cc(OC4CCN(C)C4)c4c5c3CCc3ccccc5-c5c3c(ccc4)c-5cccc2)=O)C1
-30.64    -30.87      2.48      0.41      CCn1c(Br)nc(C(C)Br)c1O
-42.27    -42.28    -14.23      0.34      C12CCCN(C(=O)c3ccccc3)CC1(O)CCC(N(C(=O)c1ccc(C)s1)CC1CCC1)C2
-24.58    -24.51      3.42      0.34      n1(C(C)C)cc(C(=O)c2cc[nH]c(=NC(=O)Cc3cnccn3)c2)c2cnccc12
-19.64    -19.73     11.20      0.38      c1(CCNCc2nc(-c3c(OCC)cccc3)oc2)ccccc1
-23.76    -23.79      8.66      0.40      C(CN(C)C)(Nc1sc2c(c1C(=O)N)CCC2)=O
-28.52    -28.56      2.67      0.38      CN1c2c(cccc2)C(=O)C(C)(C(=O)c2ccccc2)C1=O
-27.09    -27.23      1.65      0.35      c1(OC)c(OC)cc(C=CC(=O)Nc2cc(C)c(C)cc2)c([N+](=O)[O-])c1
Human-Component   raw_Human-Component
0.39327922463417053   0.39327922463417053   
0.34152060747146606   0.34152060747146606   
0.36265963315963745   0.36265963315963745   
0.4066867232322693   0.4066867232322693   
0.3421053886413574   0.3421053886413574   
0.340553879737854   0.340553879737854   
0.3771893382072449   0.3771893382072449   
0.3957465589046478   0.3957465589046478   
0.3808460533618927   0.3808460533618927   
0.35219085216522217   0.35219085216522217   

13:27:55: local_reinforcement_logger.timestep_report +41: INFO     
 Step 18   Fraction valid SMILES: 100.0   Score: 0.3660   Time elapsed: 13   Time left: 21.9
  Agent     Prior     Target     Score     SMILES
-34.31    -34.35     -4.35      0.37      C12(C3CCCC3)CN(Cc3ccccc3)C(CN(C(CCC(O)=O)=O)C1)C2
-25.32    -25.47      5.00      0.37      O=S(N)(c1ccc(-c2c(Cl)c(Cl)cc(CC(=O)O)c2)cc1)=O
-22.14    -22.39      9.50      0.39      c1cccc(C(CC(=O)C)C=C)c1
-29.69    -30.09     -1.60      0.35      FC(F)(F)c1cc2cc(OC)ccc2c(C(=O)N2CCOCC2)c1
-26.45    -26.65      4.03      0.37      O=C1COC(c2cc(OC)c(OC)c(OC)c2)=C(C#N)C1
-37.00    -36.86     -6.30      0.37      C(CCC(=O)O)=CC1CC(C)(CC(=O)NS(=O)(C2CC2)=O)CCC1
-29.34    -29.23      0.47      0.36      c1cc(C2N(C(c3ccc(C(=O)O)cc3)=O)C(C(OCC)=O)CS2)ccc1
-23.77    -23.87      7.92      0.39      N(c1cc(Cl)ccc1O)=Nc1cccc(CC)c1
-35.80    -36.05     -9.12      0.33      C(NC(CC1CCCCC1)C(=O)NC(CCCCN)C(NC(C(N)=O)Cc1cc2c(cccc2)cc1)=O)(NCc1ccccc1)=O
-30.07    -30.33     -0.32      0.37      c1(=O)n(C)c(=O)nc2n(CCCCCC(C)(C)C)c3c(cccc3)nc-2c1=O
Human-Component   raw_Human-Component
0.3658956289291382   0.3658956289291382   
0.37156838178634644   0.37156838178634644   
0.3888344168663025   0.3888344168663025   
0.34748566150665283   0.34748566150665283   
0.37412095069885254   0.37412095069885254   
0.3726588189601898   0.3726588189601898   
0.3621579110622406   0.3621579110622406   
0.3876827359199524   0.3876827359199524   
0.3284526467323303   0.3284526467323303   
0.36597761511802673   0.36597761511802673   

13:27:56: local_reinforcement_logger.timestep_report +41: INFO     
 Step 19   Fraction valid SMILES: 100.0   Score: 0.3676   Time elapsed: 14   Time left: 21.7
  Agent     Prior     Target     Score     SMILES
-58.68    -57.60    -32.63      0.30      C1(N)=NC(C)(C)N(c2ccc(CCC(N=Cc3ccc(C(NC(C(O)=O)CCCC(NS(c4c(C(N)=O)cccc4)(=O)=O)=O)=O)cc3)=O)cc2)S(=O)(=O)N1Cc1c(F)cccc1
-26.40    -26.51      6.04      0.40      n1c(N2CCC(c3ccc(OC)c(OC)c3)(CN)CC2)nccc1
-23.07    -23.38      7.49      0.38      O=c1c(C(NCC(C)C)=O)c[nH]c2cc(Cl)ccc12
-33.12    -33.01     -3.80      0.36      c12cc3c(c(OC)c1cc(O)c(C(=O)c1ccc(O)c(OC)c1)n2)OCO3
-25.84    -25.89      4.15      0.37      C1CC(C(OC)=O)N(C(C(N)Cc2ccccc2)=O)C1=O
-48.55    -48.22    -18.78      0.36      C12C(C)(c3ccc(C(C)C)cc3C(C)(OC(=O)N(C)C)C1OC(C)=O)C(O)C(O)C=C2C
-28.13    -28.38      2.78      0.38      c12cn(CC)nc1[nH]c(=NCC)[nH]c2=Nc1cccc(O)c1
-30.52    -30.58     -0.19      0.37      N(N=C1NCC(C)SC1)CCc1ccc(S(N)(=O)=O)cc1
-35.53    -35.55     -3.32      0.39      N(CC(CSC)SC)Cc1cc(O)c(Cl)cc1F
-46.30    -45.82    -17.99      0.34      C(#N)c1cc2c(cc1)c(-c1c(S(=O)(=O)C(C)C)ccc(F)c1)nn2CC(N1CCN(Cc2ccn(C)n2)CC1)=O
Human-Component   raw_Human-Component
0.30453285574913025   0.30453285574913025   
0.3969959318637848   0.3969959318637848   
0.37649187445640564   0.37649187445640564   
0.3562301695346832   0.3562301695346832   
0.3662891089916229   0.3662891089916229   
0.3591080605983734   0.3591080605983734   
0.38003483414649963   0.38003483414649963   
0.37052032351493835   0.37052032351493835   
0.39314937591552734   0.39314937591552734   
0.3393884301185608   0.3393884301185608   

13:27:57: local_reinforcement_logger.timestep_report +41: INFO     
 Step 20   Fraction valid SMILES: 96.9   Score: 0.3526   Time elapsed: 14   Time left: 20.0
  Agent     Prior     Target     Score     SMILES
-28.38    -28.85      1.09      0.37      c12[nH]c(Cc3ccc(Br)cc3)nc(=NCc3ccccc3)c1c(C)c(C)s2
-25.17    -25.25      6.50      0.39      n1c(C)c(CN2CCN(C3CCCCC3)C(CCO)C2)c(C)n1C(C)C
-21.79    -21.66     10.02      0.39      c1ccccc1CNC(N1c2ccccc2CC1C)=S
-25.02    -25.19      4.97      0.37      c1cc(C)c(NC(=O)c2ccccc2)c(C(Nc2cccc(Cl)c2)=O)c1
-23.71    -24.11     10.04      0.42      c1c(C2C(CO)CN(C)CC2)ccs1
-39.22    -39.28    -10.22      0.35      C(C(C(NCC(NC(C=O)CC)=O)=O)N)CNCc1ccc(C(N)=N)cc1
-30.90    -30.90     -2.81      0.34      N(CC(OC(C(=O)c1ccc(C)c(C)c1)C)=O)=c1n(CC)c2ccccc2[nH]1
-25.21    -25.36      1.17      0.32      c1(OC)c(OC)cc(-c2oc3cc(OCC(O)CNC4CCCCC4)ccc3c(=O)c2)cc1OC
-33.55    -34.25     -4.67      0.36      O=C(c1ncc(OC)c(-c2ccc(OC)cc2)c1)NCC(CC)(CC)CC
-30.02    -29.70     -1.81      0.34      c1cc(Oc2ccc(C(=O)Nc3cc(Br)cn(Cc4ccc(OC)cc4)c3=O)cc2)ccc1F
Human-Component   raw_Human-Component
0.36501720547676086   0.36501720547676086   
0.3872053921222687   0.3872053921222687   
0.3863731622695923   0.3863731622695923   
0.36779236793518066   0.36779236793518066   
0.4164985120296478   0.4164985120296478   
0.3543452024459839   0.3543452024459839   
0.34262317419052124   0.34262317419052124   
0.3236296772956848   0.3236296772956848   
0.3607030510902405   0.3607030510902405   
0.340090811252594   0.340090811252594   

13:27:57: local_reinforcement_logger.timestep_report +41: INFO     
 Step 21   Fraction valid SMILES: 100.0   Score: 0.3534   Time elapsed: 15   Time left: 19.8
  Agent     Prior     Target     Score     SMILES
-28.17    -28.60      1.11      0.36      C1CC2C(CCC3(C)C2CCC3(C#C)O)C2(C)CCC3C(C)OC(=O)CCC3(C)C12
-31.38    -31.70     -3.58      0.34      c12c([nH]c(=NC3CCC(CNS(=O)(C)=O)CC3)nc1)n(CC)nc2-c1ccccc1
-28.52    -28.40      3.31      0.39      c1c(C23c4ccccc4C(=O)C2OC(=O)N3)cccc1
-24.89    -25.09      5.00      0.37      c1(O)ccc2c3c(cc(OCC)cc3)oc(=O)c2c1
-24.98    -24.84      9.85      0.42      C1(Cl)C(=NCCBr)C(Cl)=C(Cl)C1=O
-24.02    -24.15      7.70      0.39      C1C(c2ccc(Br)cc2)NC(c2ccccc2O)CC1=NOC
-23.98    -23.86      7.14      0.38      c1ccc2c(=O)cc(NC(SC)=S)[nH]c2c1
-15.87    -16.09    -16.09      0.00      c1(Cl)c(Cl)c(Cl)c(Cl)c(Cl)c1
-40.27    -40.00    -13.07      0.33      C(N)(=N)c1ccc(NC(C(=O)O)Cc2ccc(-c3c(OC)ccc(S(=O)(=O)C)c3)o2)cc1OC
-23.69    -23.61      6.01      0.36      c1cc(C)c(N=c2[nH]c(N3CCNCC3)nc3c2nc[nH]c3=O)c(C)c1
Human-Component   raw_Human-Component
0.36225929856300354   0.36225929856300354   
0.34289994835853577   0.34289994835853577   
0.3866654634475708   0.3866654634475708   
0.3669601082801819   0.3669601082801819   
0.4230460822582245   0.4230460822582245   
0.3883972764015198   0.3883972764015198   
0.37809309363365173   0.37809309363365173   
0.43634268641471863   0.43634268641471863   
0.32833683490753174   0.32833683490753174   
0.36121347546577454   0.36121347546577454   

13:27:58: local_reinforcement_logger.timestep_report +41: INFO     
 Step 22   Fraction valid SMILES: 100.0   Score: 0.3527   Time elapsed: 16   Time left: 19.5
  Agent     Prior     Target     Score     SMILES
-26.24    -26.36      3.63      0.37      OC(CNC(C)C)COc1ccc(-c2cc(OC3CCOCC3)ccc2)cc1
-26.33    -26.15      7.02      0.40      c1c2cc(CN3CCc4ccccc4C3)[nH]c2cc(F)c1
-24.20    -24.07      7.50      0.38      c1(OC)cc2c(c3c(c4c2cc(OC)c(OC)c4)C(=O)N(C)C3=O)cc1
-27.39    -27.66      2.27      0.37      c1(COc2ncnc3c2CCN3c2c(F)cc(C#N)cc2F)ccc(OC)cc1
-25.93    -26.31      3.57      0.36      CC(CNC(=O)Cc1c(=O)[nH]c2cc(OC)c(OC)cc2n1)C
-35.96    -35.59     -6.31      0.36      C1(Cc2ccc(OC)cc2)C(=O)N(C)C(=O)C(c2cscc2)(NC(=O)C)C1
-28.79    -28.56      0.66      0.36      O=C(COC(c1cc(C)n(-c2ccccc2)c1C)=O)COc1cc2ccccc2cc1
-26.33    -26.32      0.17      0.32      N#CCCN(c1c(N)n(Cc2ccccc2)c(=O)[nH]c1=O)C(c1ccc(S(=O)(N2CCCC2)=O)cc1)=O
-24.88    -25.10    -25.10      0.00      c1(OC)c(NC(=S)NC(C(C)CC)C(O)=O)cccc1
-21.03    -20.74      7.80      0.35      c1ccc(NC(=S)N=Nc2c3c([nH]c2O)ccc([N+](=O)[O-])c3)cc1
Human-Component   raw_Human-Component
0.3657142221927643   0.3657142221927643   
0.4044748544692993   0.4044748544692993   
0.3849419057369232   0.3849419057369232   
0.36502590775489807   0.36502590775489807   
0.36441126465797424   0.36441126465797424   
0.35708698630332947   0.35708698630332947   
0.35632991790771484   0.35632991790771484   
0.3230955898761749   0.3230955898761749   
0.3632030189037323   0.3632030189037323   
0.34809523820877075   0.34809523820877075   

13:27:59: local_reinforcement_logger.timestep_report +41: INFO     
 Step 23   Fraction valid SMILES: 93.8   Score: 0.3476   Time elapsed: 17   Time left: 19.1
  Agent     Prior     Target     Score     SMILES
-27.00    -26.82      2.77      0.36      n1c(=N)[nH]c(Nc2ccc(F)c(Cl)c2)cc1Oc1c(C)cc(C)cc1C
-30.76    -30.63     -0.87      0.36      c12c(c(=O)n(CCCCC(Nc3cc(F)ccc3F)=O)c(C)n1)cccc2
-33.83    -33.79     -3.31      0.37      c1nn(C)c(CN2CC(C)N(Cc3cccc(C#N)n3)CCC2)n1
-26.71    -26.50      3.00      0.36      N1(C(=O)c2c(C)c3c([nH]2)cccc3)C(C)CN(C(c2ccccc2)=O)CC1
-29.01    -28.92     -1.69      0.33      O1CCCC1CNC(=O)Cn1ccc2[nH]cnc(=Nc3ccc4[nH]c(=O)sc4c3)c2c1=O
-27.24    -27.55      5.81      0.41      C(c1cc(O)c(Cl)cc1)(=O)NCCN1CCN(c2cccc(Cl)c2)CC1
-16.87    -17.16     14.27      0.38      C1CCCCC1NC(Nc1ccc(Cl)cc1)=O
-26.79    -26.50      4.83      0.38      c12ccccc1-c1ncc(-c3cn(C)c4ccccc43)n1C2
-18.91    -19.24     12.44      0.39      N(CCCN1CCOCC1)S(=O)(=O)c1ccc(OCC)cc1
-21.31    -21.48     10.45      0.39      c1cc(Cl)ccc1CC(=O)c1c(O)cc(C)cc1O
Human-Component   raw_Human-Component
0.3608250617980957   0.3608250617980957   
0.36298632621765137   0.36298632621765137   
0.37179920077323914   0.37179920077323914   
0.35976073145866394   0.35976073145866394   
0.33211708068847656   0.33211708068847656   
0.4068194329738617   0.4068194329738617   
0.38325631618499756   0.38325631618499756   
0.3820612132549286   0.3820612132549286   
0.386365681886673   0.386365681886673   
0.38934364914894104   0.38934364914894104   

13:28:00: local_reinforcement_logger.timestep_report +41: INFO     
 Step 24   Fraction valid SMILES: 100.0   Score: 0.3533   Time elapsed: 18   Time left: 18.7
  Agent     Prior     Target     Score     SMILES
-20.02    -20.35     13.27      0.41      CN(C)c1nnc(-c2ccc(Cl)cc2)cc1
-27.56    -27.53      1.91      0.36      c12ccccc1CCN2C(N1CCC(C(=O)Nc2ccc(Br)c(C)c2)CC1)=O
-29.31    -29.36      3.12      0.40      c1c(C2(OC)C=CC(C3CCCCCC3)(CCCCN3CCN(C)CC3)O2)cccc1
-21.63    -21.85      7.86      0.36      c1c(C)nc(C)cc1-c1c(F)cc(-c2ccccc2S(=O)(NC(C)(C)C)=O)cc1
-20.82    -20.64      9.02      0.36      C1N(Cc2ccccc2)CCN(S(c2ccc3n(C)c(=O)oc3c2)(=O)=O)C1
-31.42    -31.14     -1.60      0.36      c12cc(Cc3c(=N)[nH]c(=N)[nH]c3)cc(C=C(C)C)c1C(C)CCC2(C)C
-23.06    -23.39      6.52      0.36      c1(OC)ccc(-c2ccc(O)c(CNC3CCCCC3)c2)cc1F
-28.07    -28.35      0.92      0.36      Brc1cc(C)c2sc(N3CCN(C(c4ccc(OC)cc4)=O)CC3)nc(=O)c2c1
-41.78    -41.02    -12.62      0.35      O=C(O)Cc1c2c(c(C)s1)C(C)(C)CC2(COC(C1CCN(c2nc(-c3ccc(Cl)cc3)cs2)CC1)=O)C
-31.85    -31.68     -0.94      0.37      [n+]1(C)c2c(cccc2)n(C2CCCCC2)c1C(=O)CCCCCCCCCCC
Human-Component   raw_Human-Component
0.4100308120250702   0.4100308120250702   
0.3590056300163269   0.3590056300163269   
0.39617007970809937   0.39617007970809937   
0.36237746477127075   0.36237746477127075   
0.36179837584495544   0.36179837584495544   
0.3602901101112366   0.3602901101112366   
0.36469629406929016   0.36469629406929016   
0.35702866315841675   0.35702866315841675   
0.3462488055229187   0.3462488055229187   
0.37487661838531494   0.37487661838531494   

13:28:01: local_reinforcement_logger.timestep_report +41: INFO     
 Step 25   Fraction valid SMILES: 100.0   Score: 0.3571   Time elapsed: 19   Time left: 18.3
  Agent     Prior     Target     Score     SMILES
-26.68    -26.78      2.99      0.36      Cn1c(=O)c([N+]([O-])=O)c(C=Cc2ccccc2OC)n(COCCO)c1=O
-28.58    -28.63      3.28      0.39      O(C)c1c(OCCCN2CCN(C)CC2)cc2c(c1)c(=NCc1c(OC)cccc1)nc[nH]2
-23.14    -23.55    -23.55      0.00      C(CCCCCC)CC=CCCCCCCCC(Oc1cc(O)cc(O)c1)=O
-18.99    -19.22     11.45      0.37      O(c1ccc(C2=NN(C)C(=O)Cc3c2cc(OC)c(OC)c3)cc1OC)C
-18.91    -18.99     12.08      0.38      c1cc(N=C2CC(=O)c3sc(C)nc3C2=O)ccc1
-28.89    -29.13      1.94      0.38      c1(C2NCCC2)nc(COCCc2ccccc2)on1
-23.23    -23.10      6.55      0.36      O=C(O)c1ccc(N=c2nc(-c3cc4c(cc3)OCO4)cc[nH]2)cc1
-43.47    -44.03    -17.04      0.33      c1(OC)ccc(C2=CC(C(O)=O)OC(OCc3ccccc3)C2OCc2ccccc2)cc1OCC(C)(C)OCC
-27.70    -27.11      2.39      0.36      c12c(=O)n(Cc3ccccc3)c(=O)n(Cc3ccc(F)cc3)c1c1cc(C(=O)O)nn1cn2
-22.20    -21.98      7.89      0.36      OC1C(n2cnc3c2[nH]c(C#N)nc3=NC2CC2)OC(CO)C1O
Human-Component   raw_Human-Component
0.3631174564361572   0.3631174564361572   
0.38922446966171265   0.38922446966171265   
0.38421431183815   0.38421431183815   
0.37391218543052673   0.37391218543052673   
0.3788747489452362   0.3788747489452362   
0.37893447279930115   0.37893447279930115   
0.36153271794319153   0.36153271794319153   
0.3290846645832062   0.3290846645832062   
0.35978174209594727   0.35978174209594727   
0.36429381370544434   0.36429381370544434   

13:28:02: local_reinforcement_logger.timestep_report +41: INFO     
 Step 26   Fraction valid SMILES: 90.6   Score: 0.3192   Time elapsed: 20   Time left: 17.8
  Agent     Prior     Target     Score     SMILES
-22.76    -22.58      7.48      0.37      O=C(NCCC1CCN(Cc2ccccc2)CC1)c1cnc2ccccc2n1
-56.28    -56.53    -30.18      0.32      c1(C#N)ccc(COCC(C(NC(C(C)(C)C)=O)C(=O)OC)NC(=O)C(Cc2ccccc2)CC(C(NC(=O)OC(C)(C)C)Cc2ccncc2)O)cc1
-31.20    -31.35     -3.34      0.34      C(SCCNC(=O)C1CCC(CNS(=O)(c2ccccc2)=O)CC1)c1ccc(C(F)(F)F)cc1
-29.69    -29.66      1.26      0.38      C1OCCN(c2c(C(c3ccc(Cl)cc3)O)[nH]nc2-c2ccc(Cl)cc2)C1
-23.50    -23.72    -23.72      0.00      C1CC2(C)C(CC13O)C(=C)C(=O)O2
-22.44    -22.71      8.06      0.38      O(CC)c1ccccc1-c1[nH]c(C)cc(=O)n1
-30.24    -29.97      1.77      0.39      c1(=O)c(Br)c(C(C)(C)c2ccc(Cl)cc2)cc[nH]1
-32.10    -32.21    -32.21      0.00      Fc1ccc(-n2c(=O)c3c(cccc3)nc2)sc1C(O)=O
-26.42    -26.42      5.02      0.38      C1(C(=O)N)CCN=C(c2ccccc2)c2ccccc21
-45.57    -46.33    -18.53      0.34      CN(C)CCCNCCN(Cc1nnn(CCCCn2c(=O)[nH]c3c(c2=O)cccc3)c1)Cc1ccccc1OCC
Human-Component   raw_Human-Component
0.36660081148147583   0.36660081148147583   
0.32141444087028503   0.32141444087028503   
0.34154462814331055   0.34154462814331055   
0.3771238327026367   0.3771238327026367   
0.0   0.0   
0.3753181993961334   0.3753181993961334   
0.38714876770973206   0.38714876770973206   
0.0   0.0   
0.3834085464477539   0.3834085464477539   
0.33896949887275696   0.33896949887275696   

13:28:03: local_reinforcement_logger.timestep_report +41: INFO     
 Step 27   Fraction valid SMILES: 96.9   Score: 0.3411   Time elapsed: 21   Time left: 17.2
  Agent     Prior     Target     Score     SMILES
-27.34    -27.52      2.88      0.37      n1(Cc2c(Cl)cc(Cl)cc2)c(=O)cc(NCCCn2ccnc2)[nH]c1=O
-29.03    -28.57      2.38      0.38      O(C)c1ccccc1N=Nc1c(N2CCN(C)CC2)[nH]c(=N)s1
-45.07    -45.78    -17.78      0.34      O=C(CCc1cccc2c1C(=O)N1C(C(=O)N(Cc3cnccc3)CCC1)C2)NCCNC(C)=O
-27.13    -27.56      2.38      0.37      c1c(Br)ccc(S(N=C(NC2CCCCC2)CCC)(=O)=O)c1
-32.70    -32.19     -2.96      0.36      n1nc2sc3c(c(C)c(C(=O)OCC)c(C)n3)c2c2cc(C)c(C)cc12
-18.69    -18.71     14.15      0.40      C12CC3CC(NC(N4CCOCC4)=O)(CC(C1)C3)C2
-19.71    -20.25      9.88      0.37      Fc1ccc(C=CC(OCC(=O)NC2CCCCCCC2)=O)cc1
-51.40    -51.16    -51.16      0.00      C(=O)(N(CCC)Cc1ccc([N+](=O)[O-])cc1)CNc1cc2c(=O)c3c(cccc3)c(=O)c1=C2
-28.10    -27.70      2.93      0.37      C1(=O)c2c(cc[nH]2)C(=O)C(=NS(=O)(=O)c2ccc(OC)cc2)C1Cl
-37.37    -37.27     -9.79      0.34      C(C(NC(=O)C(N)CCCCN)C(NC(CCCN=C(N)N)C(NC(C(=O)NC(C(=O)N)Cc1ccccc1)CCCCN)=O)=O)C1CCCCC1
Human-Component   raw_Human-Component
0.3707273006439209   0.3707273006439209   
0.37745392322540283   0.37745392322540283   
0.3413819372653961   0.3413819372653961   
0.3651432991027832   0.3651432991027832   
0.3564979135990143   0.3564979135990143   
0.40062230825424194   0.40062230825424194   
0.3674571216106415   0.3674571216106415   
0.0   0.0   
0.37358662486076355   0.37358662486076355   
0.3351573646068573   0.3351573646068573   

13:28:04: local_reinforcement_logger.timestep_report +41: INFO     
 Step 28   Fraction valid SMILES: 100.0   Score: 0.3411   Time elapsed: 22   Time left: 16.7
  Agent     Prior     Target     Score     SMILES
-17.26    -17.24    -17.24      0.00      c1(CC(C(O)=O)=S)ccccc1
-28.69    -28.30      0.78      0.35      c12c(=O)n(CC(=O)NCCC)c(-c3ccc(F)cc3)cc1c1ccccc1n2C
-37.87    -37.03     -8.31      0.35      c1(=O)nc(CCC(c2cc3c(cc2)C(=O)N(c2nc(C)ccc2)C3=O)=O)[nH]c(C)c1O
-29.16    -29.44      4.12      0.41      OC(C(C)(C)CO)C#CC#CC(O)C(C)CO
-32.35    -33.24     -5.33      0.34      C(#N)C(c1cccc(C)c1)C=NN=c1nc(OC)[nH]c(N2CCOCC2)n1
-24.56    -24.79      5.99      0.38      Cc1c(CN(CC)C(=O)c2ccc(-c3ccccc3)cc2)cccc1
-22.98    -23.03      5.27      0.35      c1cccc(-c2cc(NCc3cncn3Cc3ccc(-c4ccccc4)cc3)ccc2Cl)c1C#N
-18.49    -18.63     11.94      0.37      c1cc(F)cc(N2CC(CNC(C)=O)OC2=O)c1
-36.95    -37.05     -6.62      0.37      COCCNC(=O)c1cc2c(cc1)c1c3cnccc3n(CCCCC)c1cc2
-20.12    -20.51     10.57      0.38      c1cc(CNC(CCC(=O)c2ccc(Cl)cc2)=O)ccc1
Human-Component   raw_Human-Component
0.4094293415546417   0.4094293415546417   
0.354605108499527   0.354605108499527   
0.3502158224582672   0.3502158224582672   
0.40924686193466187   0.40924686193466187   
0.3403232991695404   0.3403232991695404   
0.37539029121398926   0.37539029121398926   
0.345090389251709   0.345090389251709   
0.3727911710739136   0.3727911710739136   
0.3711179792881012   0.3711179792881012   
0.37901073694229126   0.37901073694229126   

13:28:05: local_reinforcement_logger.timestep_report +41: INFO     
 Step 29   Fraction valid SMILES: 100.0   Score: 0.3454   Time elapsed: 23   Time left: 16.1
  Agent     Prior     Target     Score     SMILES
-43.41    -43.62    -15.90      0.34      c1ccc(C(CC(NC(C(NC(CCCNC(N)=N)C(=O)N)=O)CCCCNC(C2OC(O)C(O)C(O)C2O)=O)=O)c2ccccc2)cc1
-33.20    -32.93     -3.16      0.36      n12c3c([nH]c1=O)cccc3C(CNC(Nc1ccc(Cl)cc1)=O)N2
-25.59    -25.75      3.68      0.36      Cc1cc2c(cc1)SC(CC(=O)NCCC(C)C)C(=O)N2
-31.74    -31.71     -2.08      0.36      C1N(C)CC(COc2ccc(-c3nc4cc(C(C)(C)C)ccc4[nH]3)c(Cl)c2)CC1
-32.32    -31.74     -2.90      0.35      c1c2n(CC(F)F)c(=O)c3cn[nH]c3c2cc(-c2cn(Cc3ccc(F)cc3)nc2)c1
-30.36    -30.41     -0.86      0.36      c12c(cc(C(C)(C)C)cc1)c1c(-c3cc(OC)c(OC)c(OC)c3)c[nH]c(=N)c1[nH]2
-24.07    -24.59      3.23      0.34      C1(CNC(=O)CN2C(=O)NC(C)(c3ccc(OC)cc3)C2=O)CCCO1
-21.27    -22.22    -22.22      0.00      c1cc(CNC)cc(Cl)c1OCCCCCC
-24.86    -24.53      3.82      0.35      C1(=O)C(=Cc2ccc(OC)c(OC3CCCC3)c2)SC(=Nc2ccc(CC)cc2)N1C
-31.58    -31.24     -1.48      0.36      c1cc2c(NC(=O)CCC(=O)OCCCCC)c(C(=O)O)sc2cc1
Human-Component   raw_Human-Component
0.3381016254425049   0.3381016254425049   
0.3630615174770355   0.3630615174770355   
0.35890302062034607   0.35890302062034607   
0.36133092641830444   0.36133092641830444   
0.35166245698928833   0.35166245698928833   
0.3603636622428894   0.3603636622428894   
0.3392942547798157   0.3392942547798157   
0.388084352016449   0.388084352016449   
0.3456471860408783   0.3456471860408783   
0.3629055321216583   0.3629055321216583   

13:28:07: local_reinforcement_logger.timestep_report +41: INFO     
 Step 30   Fraction valid SMILES: 100.0   Score: 0.3555   Time elapsed: 25   Time left: 16.1
  Agent     Prior     Target     Score     SMILES
-20.60    -21.39     12.20      0.41      c1(O)ccc(CNCCCCNCc2ccc(O)cc2)cc1O
-39.67    -39.04    -11.75      0.33      c1cc(N(c2[nH]c(=NC(C)C)[nH]c(=Nc3cc(NC(C)=O)ccc3Oc3ccccc3)n2)C)ccc1
-23.91    -24.25      7.17      0.38      O=C(c1cncs1)NC1CC(C)(C)NC(C)(C)C1
-31.18    -30.95     -1.15      0.36      C(=O)(CCc1c2c(cccc2)n(S(N(C)C)(=O)=O)c1)N1CCN(Cc2ccc(Cl)cc2)CC1
-22.92    -23.50      8.43      0.39      c1cc(C(=O)OC)ccc1-c1ccc(CN(CCC)CCC)cc1
-34.63    -34.45     -5.07      0.36      c1cc2c(-c3nc(-c4c[nH]c(=NCc5cnccc5)o4)oc3)cccc2cc1
-33.69    -33.91     -3.06      0.38      C1(=O)C2(CC=C(C)C)CC(C(O)=O)=CC1C(C)CC2
-38.55    -38.89     -7.79      0.38      c1(C(C)C)nc(COC2CCC(C(=O)N)=C2)no1
-34.20    -33.65     -2.62      0.38      CN1C(C(c2c(F)cccc2)O)C(c2c(OC)c(OC)ccc2)Sc2c1cccc2
-23.81    -23.35      4.30      0.34      c1(Cn2nnc3c(=NC(c4ccccc4)=O)[nH]c(-c4ccccc4)nc23)ccc(OC)cc1
Human-Component   raw_Human-Component
0.4096033573150635   0.4096033573150635   
0.33281394839286804   0.33281394839286804   
0.38320696353912354   0.38320696353912354   
0.3633935749530792   0.3633935749530792   
0.38934049010276794   0.38934049010276794   
0.3583107590675354   0.3583107590675354   
0.3762390613555908   0.3762390613555908   
0.37929636240005493   0.37929636240005493   
0.378388375043869   0.378388375043869   
0.33720162510871887   0.33720162510871887   

13:28:08: local_reinforcement_logger.timestep_report +41: INFO     
 Step 31   Fraction valid SMILES: 100.0   Score: 0.3448   Time elapsed: 26   Time left: 15.4
  Agent     Prior     Target     Score     SMILES
-22.80    -22.92      6.55      0.36      c1sc(CC(OCC(Nc2c(OC)ccc(OC)c2)=O)=O)cc1
-24.65    -24.77      5.56      0.37      O=c1nc(-n2c(C)cc(C)n2)[nH]c2sc3c(c12)CCCCC3
-35.60    -35.06     -5.56      0.36      C1Cc2c(c(N(CCc3c(OC)cccc3)C)nc(-c3ncccc3)n2)CCC1
-20.39    -20.14      9.46      0.36      O=[N+]([O-])c1ccc(C=NN=c2c3c4c(sc3nc[nH]2)CCCC4)cc1
-26.26    -26.27      5.56      0.39      OC(=O)C(C)N(C(c1[nH]c(=O)ccc1)=O)C
-25.53    -25.58      7.97      0.41      C1(=O)c2cc(F)ccc2C(=O)N1CCN1CCN(c2ccc(F)cc2)CC1
-32.76    -33.24     -1.61      0.39      CC(O)(C(=O)O)CC=C(CCC=C(CC(CC(C)C)O)C)C
-39.52    -38.25     -8.67      0.36      c1ccccc1Oc1ccc(-c2nc3c(o2)ccc2c(C(O)=O)cc(-c4ccc(F)cc4)nc23)cc1
-27.67    -27.12      1.59      0.35      c1c(OC)ccc(S(=O)(=O)Oc2c(NC(=O)c3cnccn3)cccc2)c1
-27.17    -27.19      4.27      0.38      c1ccccc1Oc1c(CCCCCCCCCCCCCCO)c(O)cc(OC)c1
Human-Component   raw_Human-Component
0.3594069480895996   0.3594069480895996   
0.36990153789520264   0.36990153789520264   
0.35978734493255615   0.35978734493255615   
0.3609311282634735   0.3609311282634735   
0.3881491720676422   0.3881491720676422   
0.40908974409103394   0.40908974409103394   
0.38576579093933105   0.38576579093933105   
0.36076271533966064   0.36076271533966064   
0.35004642605781555   0.35004642605781555   
0.3836106061935425   0.3836106061935425   

13:28:09: local_reinforcement_logger.timestep_report +41: INFO     
 Step 32   Fraction valid SMILES: 100.0   Score: 0.3545   Time elapsed: 27   Time left: 14.7
  Agent     Prior     Target     Score     SMILES
-25.17    -25.59      2.95      0.35      C1OCCN(CCCn2c(C)nc3ccc(NCc4ccc(OC)cc4)cc3c2=O)C1
-31.56    -31.27     -3.47      0.34      S(Cc1cccc2c1cccc2)c1nc2ccccc2n1CC(NCC(OCC)=O)=O
-26.36    -26.20      4.18      0.37      c1(C(=O)Oc2cc(F)ccc2)ccc(NC(c2ccc(Cl)cc2)=O)cc1
-17.25    -17.09     14.28      0.38      n1(-c2ccccc2)nc(C)c([N+](=O)[O-])c1C
-20.53    -20.16      9.75      0.36      OC(=O)c1cc(-c2[nH]c(=NC(=N)N)sc2)ccc1
-38.35    -37.71     -9.55      0.34      c1(OC)c(OC)cccc1C(Nc1c(OC(CCc2nn[nH]n2)=O)ccc(C(F)(F)F)c1)=O
-33.70    -33.57     -3.59      0.37      N(=C1C(C#N)C(=O)Nc2c1cc(C)cc2)c1cccc2ccccc12
-24.38    -24.56      4.75      0.36      c1cc2c(nc(SCc3ccc(OCCC)cc3)[nH]c2=O)cc1
-26.93    -27.23      3.10      0.37      c1(C)cccc(CN2CCC3(CCN(Cc4ccsc4)C3=O)CC2)n1
-25.20    -26.08      4.11      0.37      C(C(C)C)n1c(C)nc2cc(NS(=O)(C)=O)ccc12
Human-Component   raw_Human-Component
0.348077654838562   0.348077654838562   
0.3389486074447632   0.3389486074447632   
0.37052324414253235   0.37052324414253235   
0.38258856534957886   0.38258856534957886   
0.36471378803253174   0.36471378803253174   
0.3433101177215576   0.3433101177215576   
0.3655382990837097   0.3655382990837097   
0.35748690366744995   0.35748690366744995   
0.36995068192481995   0.36995068192481995   
0.36819562315940857   0.36819562315940857   

13:28:10: local_reinforcement_logger.timestep_report +41: INFO     
 Step 33   Fraction valid SMILES: 100.0   Score: 0.3245   Time elapsed: 28   Time left: 14.0
  Agent     Prior     Target     Score     SMILES
-28.67    -27.85      4.01      0.39      N12CCC(C(Oc3cc(C#N)ccc3)(C1)CC2)C
-22.41    -23.59    -23.59      0.00      c1(C)c(C)cc(OCC(CO)O)c(CC=C)c1
-25.13    -25.68    -25.68      0.00      C(CS(=O)(=O)C)CNC(Nc1ccc(CCCC)cc1)=S
-25.13    -25.47      5.31      0.38      c1(SCC(O)c2cc(OC)c(OC)cc2)[nH]nc(C)n1
-24.96    -24.50      7.67      0.39      ClC1C(=O)c2c(cccc2)C2=NC(=S)NC(c3ccccc3)C12
-23.83    -24.63      7.90      0.40      C(CC)N(CCC)C1Cc2c(ccc3c2C(=O)OCC3)CC1
-34.88    -34.95     -2.82      0.39      C1(=C)CC2CC(O)CCC2C1(C)CCC(=CCO)CO
-21.97    -22.46      7.88      0.37      c1(C(C)(C)C)cc(C)cc(Cc2c3c(c(=O)[nH]n2)CCCC3)c1
-23.88    -24.18      4.72      0.35      C1(OC(=O)CCCCCCCC=CCCCCCCCC)CCC2(C)C(CCC3C4CCC(C(CCCC(C)C)C)C4(C)CCC32)C1
-23.40    -23.38      4.70      0.34      n1nncn1-c1ccc(S(=O)(N2CCC(C(=O)NCc3ccco3)CC2)=O)cc1
Human-Component   raw_Human-Component
0.38847312331199646   0.38847312331199646   
0.38203996419906616   0.38203996419906616   
0.3796631097793579   0.3796631097793579   
0.37532445788383484   0.37532445788383484   
0.39238110184669495   0.39238110184669495   
0.396730899810791   0.396730899810791   
0.39188724756240845   0.39188724756240845   
0.3700241446495056   0.3700241446495056   
0.35240286588668823   0.35240286588668823   
0.3424822986125946   0.3424822986125946   

13:28:11: local_reinforcement_logger.timestep_report +41: INFO     
 Step 34   Fraction valid SMILES: 96.9   Score: 0.3315   Time elapsed: 29   Time left: 13.3
  Agent     Prior     Target     Score     SMILES
-21.12    -21.17      8.79      0.37      c1cc(CN2C3C(C(OC)=O)=C(c4ccccc4)CC2CC3)ccc1
-20.29    -19.83     12.75      0.40      N1(Cc2coc(-c3ccccc3Cl)n2)CCN(c2ncccn2)CC1
-29.42    -29.29     -0.90      0.35      O=C1N(c2ccccc2)C(=S)N(CC(c2ccc(Cl)cc2)=O)C1=CC(OCC)=O
-21.04    -20.90     10.24      0.38      c1cc(C=C(C#N)C(=O)N2CCCC2)ccc1N(C)C
-30.35    -30.83      0.16      0.38      C(CCNC(c1cnc2c(c1)cccc2)=O)C(N)C
-61.97    -60.65    -33.39      0.33      c1(S(=O)(CCCCCCCC(C(C)C2CC(F)(C)C3C2C2C(C)(C4(C)C(CC2)C2(C)CCC(O)C(C)(C)C2CC4)CC3)=O)=O)cccs1
-33.32    -32.77     -1.60      0.38      [N+](=O)(c1c(SCC(N2CCCC2)=O)sc2c1CC(C(C)(C)C)CC2)[O-]
-25.88    -26.09      4.42      0.37      N1(Cc2ccc(F)cc2)CC(C)N(C(=O)N=c2[nH]cc(-c3ccccc3)cc2)CC1
-19.03    -18.82     12.05      0.38      c1ccccc1-c1[nH]c(=Nc2cccnc2)sc1
-21.78    -22.19      8.37      0.37      O(C)c1c(O)c2c(cc1O)oc(-c1cc(O)cc(O)c1)cc2=O
Human-Component   raw_Human-Component
0.36527135968208313   0.36527135968208313   
0.3972427248954773   0.3972427248954773   
0.34618332982063293   0.34618332982063293   
0.3798324763774872   0.3798324763774872   
0.37790247797966003   0.37790247797966003   
0.3324286937713623   0.3324286937713623   
0.3800162672996521   0.3800162672996521   
0.3719934821128845   0.3719934821128845   
0.37646645307540894   0.37646645307540894   
0.3726297914981842   0.3726297914981842   

13:28:12: local_reinforcement_logger.timestep_report +41: INFO     
 Step 35   Fraction valid SMILES: 96.9   Score: 0.3112   Time elapsed: 30   Time left: 12.5
  Agent     Prior     Target     Score     SMILES
-29.57    -29.62     -0.23      0.36      c1(C)ccc(N=C2N=C(N)N3C2(Cc2ccccc2)CSC3)c(C)c1
-28.22    -29.29    -29.29      0.00      C(OC(C)C)(=O)NCCCCC(NS(=O)(=O)c1ccc(C)cc1)C(O)=NO
-19.12    -19.87    -19.87      0.00      c1(C=NO)c(O)cc(O)c(Cl)c1
-19.65    -19.82     12.20      0.39      C(CC(=O)Nc1cccnc1)C(O)=O
-24.44    -24.71      7.29      0.39      C1(=O)CC(c2ccc(O)cc2)OCC1CCCc1ccc(O)cc1
-35.22    -35.26     -4.41      0.38      C(=CCc1c(O)c(O)c(C=Cc2ccc(O)cc2)c(O)c1-c1c(O)cccc1)C
-22.20    -21.99     11.62      0.41      Clc1cccc(N2CCN(CCCC3Cc4ccccc4C3=O)CC2)c1
-15.02    -15.41     17.64      0.40      c1c(C)n(C)n(-c2ccccc2)c1=O
-31.68    -32.25     -1.88      0.37      c1cccc2c1ccc(Sc1ccc(C(C)C)cc1)c2C1CC(C(=O)O)CCC1
-39.69    -40.15    -11.93      0.34      C(CC(CCCCN(C)C)(C1CCCCC1)C)(=O)Nc1cc2ccn(C)c2cc1
Human-Component   raw_Human-Component
0.3584291934967041   0.3584291934967041   
0.3664219379425049   0.3664219379425049   
0.4130399227142334   0.4130399227142334   
0.3905433118343353   0.3905433118343353   
0.39021074771881104   0.39021074771881104   
0.3762320280075073   0.3762320280075073   
0.4098796248435974   0.4098796248435974   
0.40302377939224243   0.40302377939224243   
0.3703160881996155   0.3703160881996155   
0.3442283570766449   0.3442283570766449   

13:28:13: local_reinforcement_logger.timestep_report +41: INFO     
 Step 36   Fraction valid SMILES: 96.9   Score: 0.3296   Time elapsed: 31   Time left: 11.7
  Agent     Prior     Target     Score     SMILES
-31.12    -31.37     -0.09      0.38      n1c(CCN2C(CO)CCC2)cn(CCCO)c1-c1ccccc1
-35.51    -35.66     -9.09      0.32      N#Cc1ccc2c(c1)CC(N(Cc1cccc(Cl)c1Cl)C(Nc1c(C(C)C)cccc1C(C)C)=O)CN2Cc1cncn1C
-35.47    -35.46     -5.18      0.37      c1cc(C(=O)N(CCCN)CCC)sc1-c1cncn1C
-40.27    -39.91    -10.05      0.36      c1(O)c(-c2cc(C(=O)N)c(C)[nH]2)c2c(cc1)[nH]c1ccc(OC(C)C)cc12
-28.18    -28.62      2.82      0.38      c12c(oc(=O)c3c(C)nn(C)c23)cc(C)cc1C
-27.59    -27.20      2.49      0.36      c1(Cl)cc(NC(N=C2N(C)CCC2)=O)c(N2CCOCC2)cc1
-27.59    -27.25      2.17      0.36      o1c([N+](=O)[O-])ccc1CN(Cc1ncccc1)S(=O)(=O)c1ccccc1
-37.89    -36.70     -6.02      0.37      [nH]1nc(C(C)(C)C)nc1-c1ccc2n[nH]c(-c3cc4ccc(CN(C)C)cc4[nH]3)c2c1
-22.92    -23.28      7.26      0.37      OC(c1ccccc1)C(O)(Cn1ncnc1)c1c(F)cc(F)cc1
-26.00    -26.18      3.84      0.37      c1c(Cl)ccc(Cl)c1NC(NC(=O)c1ccc(CCCC)cc1)=S
Human-Component   raw_Human-Component
0.3814055025577545   0.3814055025577545   
0.3240867257118225   0.3240867257118225   
0.36933210492134094   0.36933210492134094   
0.36403337121009827   0.36403337121009827   
0.3834065794944763   0.3834065794944763   
0.36200058460235596   0.36200058460235596   
0.3588133454322815   0.3588133454322815   
0.3742577135562897   0.3742577135562897   
0.37242889404296875   0.37242889404296875   
0.36607080698013306   0.36607080698013306   

13:28:14: local_reinforcement_logger.timestep_report +41: INFO     
 Step 37   Fraction valid SMILES: 100.0   Score: 0.3377   Time elapsed: 32   Time left: 10.9
  Agent     Prior     Target     Score     SMILES
-28.97    -29.09      1.11      0.37      c12c(cc(OCCCC(NCCCCC)=O)cc1)N(C)C(=O)C(C)(C)C(=O)N2C
-29.84    -29.88      1.69      0.38      C1N(C(c2cc(C(C)C)sc2S(=O)(N)=O)=O)CCN(CCN)C1
-26.04    -26.34      4.49      0.38      N1(Cc2ccccn2)CCCC(C(=O)N(Cc2ccon2)C)C1
-30.03    -30.00     -0.75      0.36      c1(NC(=Nc2ccc(OC)cc2)C2(C)CC2)c2c(cccn2)cc(OC)c1
-24.56    -25.26    -25.26      0.00      CC(C)(C)OC(=O)c1cccc([N+](=O)[O-])c1O
-27.12    -26.89      2.35      0.36      c1(Cl)cc(-c2nnn(CC(=O)NCc3ccccc3)c2)ccc1F
-25.38    -24.63      3.41      0.34      C(Nc1ccc(NC(=O)C=Cc2ccc(-c3ccc([N+]([O-])=O)cc3)o2)cc1)(=N)N
-28.44    -28.42      1.51      0.37      c1ccc2c(n(CCC)c(-c3ncc(NC(=O)C)cc3)n2)c1
-34.94    -34.60     -7.99      0.32      C(C)N(C(=O)c1c(F)ccc(-c2nc(C3CCCCN3C(=O)CCc3ccccc3)no2)c1)CC
-20.06    -20.38      9.80      0.37      [nH]1c(-c2ccccn2)csc1=NC(c1ccc(C)cc1)=O
Human-Component   raw_Human-Component
0.3683241605758667   0.3683241605758667   
0.3848859667778015   0.3848859667778015   
0.37601736187934875   0.37601736187934875   
0.3567144274711609   0.3567144274711609   
0.38518208265304565   0.38518208265304565   
0.3565632402896881   0.3565632402896881   
0.34193289279937744   0.34193289279937744   
0.3650469183921814   0.3650469183921814   
0.32456886768341064   0.32456886768341064   
0.36807191371917725   0.36807191371917725   

13:28:15: local_reinforcement_logger.timestep_report +41: INFO     
 Step 38   Fraction valid SMILES: 100.0   Score: 0.3524   Time elapsed: 33   Time left: 10.2
  Agent     Prior     Target     Score     SMILES
-33.81    -34.17     -6.67      0.34      C(c1cn(Cc2c[nH]nn2)c2ccccc12)C(C)NCC(c1cc(NS(C)(=O)=O)c(O)cc1)O
-20.74    -20.62      6.27      0.33      c1(Cl)cc(-c2cc(OC)c(-n3c(=O)ccc4cc(S(=O)(=O)N=c5[nH]occ5)ccc43)cc2F)cc(Cl)c1
-30.16    -29.38     -0.29      0.35      c1c(OCCCC(Nc2ccc(OC)cc2)=O)ccc(S(N2CCC2)(=O)=O)c1
-28.37    -28.53      3.15      0.39      C1CCCC1C(N=C1CC2(c3ccccc31)CCN(C)CC2)=O
-21.98    -22.15     11.62      0.41      c1cc(C(c2ccccc2)N2CCN(C3CCCC3)CC2)ccc1F
-33.16    -34.07     -1.39      0.40      C1C2C(C(OC)=O)=C(CCCC)CC(C(OC)=O)C2C1
-30.99    -31.78     -0.61      0.38      c1(C(C)(C)C)ccc(C(C)CC(Cc2ccc(C(C)C)cc2)C(O)=O)cc1
-45.98    -45.01    -16.84      0.34      c1(-c2ccc(O)c(O)c2)n(CC2CC3CC2CC3)c(=O)c(N2CCC(C(OCC)=O)CC2)c(Cl)n1
-24.31    -24.36      3.14      0.34      C(=O)(CCc1ccccc1)N=c1cc(-n2nc(C)cc2C)nc(-c2oc(C)cc2)[nH]1
-26.65    -26.61      2.07      0.35      c12c(c(C(NCc3cccc(OCC)c3)=O)cn1C)cccn2
Human-Component   raw_Human-Component
0.33535414934158325   0.33535414934158325   
0.32786738872528076   0.32786738872528076   
0.3547312915325165   0.3547312915325165   
0.38639745116233826   0.38639745116233826   
0.41179895401000977   0.41179895401000977   
0.39851224422454834   0.39851224422454834   
0.3800404667854309   0.3800404667854309   
0.3434540629386902   0.3434540629386902   
0.3353356122970581   0.3353356122970581   
0.34981656074523926   0.34981656074523926   

13:28:17: local_reinforcement_logger.timestep_report +41: INFO     
 Step 39   Fraction valid SMILES: 96.9   Score: 0.3576   Time elapsed: 34   Time left: 9.4
  Agent     Prior     Target     Score     SMILES
-22.32    -22.64      6.87      0.36      COc1cc(C=C2SC(N=c3sc(C)n[nH]3)=NC2=O)cc(OC)c1OC
-21.36    -21.27     10.81      0.39      c1c(NC(N)=NO)cc2c(c1)OCO2
-16.70    -17.70     15.11      0.40      c1(S(N2CCN(C)CC2)(=O)=O)ccc(C)cc1
-16.12    -16.34     14.41      0.38      c1c(C2(COCc3cc(C(F)(F)F)cc(C(F)(F)F)c3)CCNCC2)cccc1
-16.69    -17.35     13.60      0.38      c12c(cc(O)cc1)CCC1C3CCC(=O)C3(C)CCC21
-18.54    -19.71     11.71      0.38      C1CC2(C)C(CCC3C4CCC(C(C)CCCC(C)C)C4(C)CCC32)CC1O
-22.84    -22.76      7.27      0.37      n1c2ccc(-c3ccco3)cn2c(-c2ccc(S(C)(=O)=O)cc2)c1
-23.87    -24.30      5.81      0.37      C(Sc1nc2c([nH]1)cccc2)CNC(c1c(OC)cccc1)=O
-35.49    -34.69     -6.96      0.34      C(N1C(=O)c2cccc3c(C(=O)N=c4[nH]cccc4)c(CC)n(c23)CC1)Cc1ccccc1
-31.63    -31.40     -2.03      0.36      C(C(n1c(=O)[nH]c2c(ccc(OC)c2)c1=O)c1ccncc1)O
Human-Component   raw_Human-Component
0.3598867654800415   0.3598867654800415   
0.39117711782455444   0.39117711782455444   
0.40011879801750183   0.40011879801750183   
0.3750210404396057   0.3750210404396057   
0.3774428367614746   0.3774428367614746   
0.3831889033317566   0.3831889033317566   
0.36625614762306213   0.36625614762306213   
0.36720940470695496   0.36720940470695496   
0.33816421031951904   0.33816421031951904   
0.35827016830444336   0.35827016830444336   

13:28:18: local_reinforcement_logger.timestep_report +41: INFO     
 Step 40   Fraction valid SMILES: 96.9   Score: 0.3444   Time elapsed: 36   Time left: 8.8
  Agent     Prior     Target     Score     SMILES
-32.61    -31.96     -2.74      0.36      c1c(C(N)=N)cc(N=Nc2c(=N)[nH][nH]c2-c2cc(OC)c(O)cc2)cc1
-26.86    -27.50      2.85      0.37      O(C)c1c(OC)c(OC)ccc1C1(c2ccc(OC)cc2)C(=O)N(CC)CC1
-33.56    -33.92     -3.29      0.37      c12ccnc(F)c1OC(C)(C)CC21CNCCCO1
-17.07    -18.08     15.19      0.41      c1cc2c(cc1)CC(C)N2C(C)=O
-26.63    -26.62      4.49      0.38      c1oc(-c2nc(CCC)oc2NC(C)=O)cc1
-39.16    -38.72    -10.29      0.35      c1ccc(N2C(=NC)N(CC)C(=Cc3noc4c3ccc(Cl)c4)C2=O)cc1
-49.11    -49.17    -49.17      0.00      c12cc(OC)cc(OC)c1c(O)c1c(C(OC(C)=O)=C)cc(C(=O)CC)cc1c2=O
-45.09    -44.77    -16.66      0.34      Cc1ccc(C(c2sc3nc(C)c(C(N(CCCOC)C)=O)cc3c2C)c2ccccc2)cc1
-20.09    -20.11     12.89      0.40      C1CN(c2c3c(sc4c3CCC4)ncn2)CCC1
-32.18    -31.41     -3.04      0.35      c1(CCC(=O)N2CCC2(C)C(Nc2ccc3c(ccnc3)c2)=O)occc1
Human-Component   raw_Human-Component
0.35632041096687317   0.35632041096687317   
0.3700120449066162   0.3700120449066162   
0.37357276678085327   0.37357276678085327   
0.4057491719722748   0.4057491719722748   
0.37946274876594543   0.37946274876594543   
0.3467623293399811   0.3467623293399811   
0.0   0.0   
0.34269654750823975   0.34269654750823975   
0.40239211916923523   0.40239211916923523   
0.3459632992744446   0.3459632992744446   

13:28:19: local_reinforcement_logger.timestep_report +41: INFO     
 Step 41   Fraction valid SMILES: 100.0   Score: 0.3668   Time elapsed: 36   Time left: 7.7
  Agent     Prior     Target     Score     SMILES
-29.59    -28.43      1.26      0.36      c1(C(=O)Nc2c(C(Nc3cccc(C)c3)=O)c3c(s2)CCCC3)c(F)c(F)c(F)c(F)c1F
-25.47    -26.64      2.50      0.36      C1CCCCCC1n1c(-c2ccc(OC)cc2)csc1=NNC(C)=O
-21.30    -21.32      8.82      0.37      c1cccc(NC(=O)c2ccc(CCC)cc2)c1C(=O)O
-29.42    -31.14     -1.28      0.36      C1CCC(CCOc2ccc(C(C)=CC(O)=O)cc2)(CC)CCC1
-20.60    -20.68      6.75      0.33      CC(C1COC(=O)N1c1nc(=NC(c2ncc(Oc3ccc(F)cc3F)cn2)C)[nH]cc1)C
-22.03    -21.66      6.35      0.34      [nH]1c2c(=O)n(C)c(SCC(=O)N=c3cc(C)o[nH]3)nc2c2ccccc12
-19.89    -20.14     11.49      0.39      c1(O)cc2oc(=O)c3ccccc3c2cc1
-25.22    -25.44      3.66      0.35      c1(Sc2nc(C)ccn2)c(=O)oc(-c2ccccc2)cc1O
-28.87    -29.76      0.27      0.37      N(C(CC1CCCCC1)C(CNC1CC1)O)C1CSc2ccccc2OC1
-28.40    -28.42     -1.19      0.33      c1(S(=O)(=O)Nc2cc(C)ccc2)cccc(C(=O)NN=Cc2cccc(OCC)c2O)c1
Human-Component   raw_Human-Component
0.36199191212654114   0.36199191212654114   
0.3553530275821686   0.3553530275821686   
0.367609441280365   0.367609441280365   
0.3640391528606415   0.3640391528606415   
0.3346010148525238   0.3346010148525238   
0.34158453345298767   0.34158453345298767   
0.38571155071258545   0.38571155071258545   
0.35480597615242004   0.35480597615242004   
0.3661838173866272   0.3661838173866272   
0.332171231508255   0.332171231508255   

13:28:20: local_reinforcement_logger.timestep_report +41: INFO     
 Step 42   Fraction valid SMILES: 100.0   Score: 0.3659   Time elapsed: 38   Time left: 7.1
  Agent     Prior     Target     Score     SMILES
-27.16    -26.63      2.82      0.36      c1(C)c2c(n3c4c(nc3c1C(=O)OCC)cccc4)cccc2
-36.68    -36.69     -6.64      0.37      O=S(c1cc(C(n2n[n+](C)cc2)=O)ccc1)(=O)OCC
-39.24    -39.14     -9.18      0.37      C(CO)CCN1CCCC1=NC(NC(=O)OC(C)(C)C)=Nc1ccc(C#N)cc1
-26.44    -26.66      5.86      0.40      COc1ccc(N2CC(Cc3ccncc3)CCC2)cn1
-24.47    -25.15      6.25      0.38      c1(=O)c(C(=O)O)c[nH]c(C)c1C(=O)c1ccc(Cl)cc1
-41.37    -42.20    -13.23      0.35      C(O)(c1ncc[nH]c1=N)C(CCOC)NC(c1ccc(N)cc1)=O
-34.40    -34.78     -6.63      0.34      n1sc2c(cccc2)c1C=NNC(=O)c1ccc(C=CC(OCC)=O)cc1
-21.70    -22.12      7.95      0.37      O=S(c1ccc(OCC(=O)O)cc1)(=O)Nc1ccc(OC)cc1
-44.94    -43.67    -16.39      0.33      c1c(-c2c3c([nH]c(C)c3)ccn2)cc2c(nc(C(=O)N(Cc3ccccc3)C)c(OC)c2)c1
-20.79    -21.30     10.94      0.39      c1c(C#Cc2ccc(C)cc2)cc2c(c1)OCCO2
Human-Component   raw_Human-Component
0.3591890037059784   0.3591890037059784   
0.3664815425872803   0.3664815425872803   
0.3652903437614441   0.3652903437614441   
0.3966848850250244   0.3966848850250244   
0.3828860819339752   0.3828860819339752   
0.353304922580719   0.353304922580719   
0.3433918356895447   0.3433918356895447   
0.3666270077228546   0.3666270077228546   
0.3327733278274536   0.3327733278274536   
0.3932688236236572   0.3932688236236572   

13:28:21: local_reinforcement_logger.timestep_report +41: INFO     
 Step 43   Fraction valid SMILES: 100.0   Score: 0.3562   Time elapsed: 39   Time left: 6.2
  Agent     Prior     Target     Score     SMILES
-26.02    -26.04      4.88      0.38      c1c(CCC(=O)OCc2ccncc2)cc(OC)c(OC)c1
-19.92    -20.28     11.16      0.38      c1(OC)c(OC)cc2c(c1)c(N(C)C1CCCCC1)ncn2
-19.93    -19.70     11.74      0.38      c1c(C(=O)NN=C(C)c2ccncc2)ccc(Br)c1
-21.94    -22.06      6.93      0.35      O=C(NNC(=S)NCC1OCCC1)c1ccccc1Cl
-23.76    -25.15      8.25      0.41      Cc1cccc(C)c1C(NCCCCN1CCC(c2ccc(Cl)cc2)CC1)=O
-21.51    -22.07     11.54      0.41      C(C1CCCCC1)C(=O)NC(N)=O
-38.88    -38.86    -12.43      0.32      NC(C(=O)N1CCCC1C(=O)NCc1sc(CCCOc2c(C)cccc2Cl)cc1)Cc1ccccc1
-50.60    -50.10    -24.53      0.31      c1c(OC)c(C(N=c2cc(C)cc(C)[nH]2)=O)cc(F)c1CC(C(O)=O)NC(C(C)(c1c2ccccc2ccc1)C)=O
-29.29    -29.56      2.89      0.40      C1N2C(CC1)Cc1c(C)ccc(F)c1C2
-27.68    -28.45      3.63      0.39      c1(C(C)(N)C)ccc(OC2CCN(Cc3ccccn3)CC2)cc1
Human-Component   raw_Human-Component
0.37696653604507446   0.37696653604507446   
0.383415549993515   0.383415549993515   
0.38347291946411133   0.38347291946411133   
0.3535642623901367   0.3535642623901367   
0.40723398327827454   0.40723398327827454   
0.4098796248435974   0.4098796248435974   
0.32234930992126465   0.32234930992126465   
0.3118620812892914   0.3118620812892914   
0.3957247734069824   0.3957247734069824   
0.39129215478897095   0.39129215478897095   

13:28:22: local_reinforcement_logger.timestep_report +41: INFO     
 Step 44   Fraction valid SMILES: 100.0   Score: 0.3574   Time elapsed: 40   Time left: 5.3
  Agent     Prior     Target     Score     SMILES
-31.42    -30.96      1.76      0.40      C1C(c2cc[nH]c(=O)c2)NNC1C(=O)O
-22.92    -23.77      8.82      0.40      c1c(F)ccc(NC(C)c2ncccc2)c1
-31.65    -31.18     -1.86      0.36      C(CC(C(c1ccc(Cl)cc1)Nc1c(C(c2ccccc2)=O)cc(Br)cc1)O)(O)=O
-30.63    -32.23      0.48      0.40      O=C(C)N(C)CCN(C(=O)CNC(CN)=O)C
-19.80    -20.65     11.58      0.39      C1(=O)C(C)(C)OC(=O)C=C1c1ccccc1
-24.23    -24.76      5.39      0.37      OC(Cc1cc(F)c(NS(=O)(c2ccccc2Cl)=O)cc1)=O
-22.95    -23.60      8.82      0.40      n1(CCc2ccccc2)nc(Cc2ccc(Cl)cc2)nc1
-22.98    -24.56    -24.56      0.00      c1(C(NCCCNC(COC)=O)=O)cccc(OC)c1
-40.24    -39.15     -8.93      0.37      OC1CC(C(=C)C=O)C2(C)CCC3=C4C(C(C)C(CC)C(=O)C4)CCC3(C)C12C
-17.20    -17.62     13.40      0.38      c1(C(Nc2cnccc2)=O)ccc(OC)cc1
Human-Component   raw_Human-Component
0.39905163645744324   0.39905163645744324   
0.3973689377307892   0.3973689377307892   
0.3575529456138611   0.3575529456138611   
0.39880067110061646   0.39880067110061646   
0.39308515191078186   0.39308515191078186   
0.3676622211933136   0.3676622211933136   
0.3953438401222229   0.3953438401222229   
0.3805430829524994   0.3805430829524994   
0.36851924657821655   0.36851924657821655   
0.3783643841743469   0.3783643841743469   

13:28:24: local_reinforcement_logger.timestep_report +41: INFO     
 Step 45   Fraction valid SMILES: 100.0   Score: 0.3219   Time elapsed: 42   Time left: 4.6
  Agent     Prior     Target     Score     SMILES
-36.43    -36.84     -6.77      0.37      C(c1ccccc1-c1c2c(c(O)c3c1cccc3)C(=O)N(C)C2)(C)(C)C=C
-41.71    -41.29    -11.91      0.36      O=C(OCC1=CC2(c3c1cccc3)CCNCC2)C(C(OC)=O)(C)C
-33.52    -34.20     -3.85      0.37      COc1c(OC)ccc(CC(C(=O)O)CC(=O)CC(Cc2ccccc2)CO)c1
-34.20    -33.29     -4.05      0.36      C(C1C(c2ccc(F)cc2)CN(C(CC2CCOCC2)C)C1)(N1CCN(c2ccc(C)cc2C(C(C)C)N)CC1)=O
-30.14    -31.30      2.40      0.41      c1cc(C2C(CCC(Br)C(C)C)C2)ccc1Br
-22.78    -22.91      6.40      0.36      Nc1c(N(C(c2cccnc2OCC)=O)CCCC)c(=O)[nH]c(=O)n1CCCC
-24.22    -24.42      5.00      0.36      Brc1cc(C=NNC(CNc2c(Cl)cccc2)=O)cc(Br)c1O
-24.04    -24.72      4.32      0.35      c1cc(CC(NC(=O)OCc2ccccc2)C(=O)N2CCN(C(c3ccccc3)=O)CC2)ccc1O
-51.39    -52.51    -24.58      0.34      C1CN(CC2CC2)C2Cc3ccc(O)c4c3C13C(C(NC(=O)CCc1ccccc1)CCC3CSCCCOCC)OC4C2
-23.23    -22.84      8.74      0.39      c1(C)nc(SCC(N(CC)CC)=O)nc(N(C)C)c1
Human-Component   raw_Human-Component
0.36668989062309265   0.36668989062309265   
0.3582500219345093   0.3582500219345093   
0.3700861930847168   0.3700861930847168   
0.3566230237483978   0.3566230237483978   
0.41090527176856995   0.41090527176856995   
0.35741350054740906   0.35741350054740906   
0.35877522826194763   0.35877522826194763   
0.35414695739746094   0.35414695739746094   
0.3406926393508911   0.3406926393508911   
0.38509401679039   0.38509401679039   

13:28:25: local_reinforcement_logger.timestep_report +41: INFO     
 Step 46   Fraction valid SMILES: 100.0   Score: 0.3460   Time elapsed: 43   Time left: 3.7
  Agent     Prior     Target     Score     SMILES
-26.24    -26.16      2.48      0.35      c1(C=CC(=NO)O)ccc(OCc2sc(-c3ccc(C)cc3)cn2)c(OC)c1
-27.22    -27.39      3.67      0.38      C(NS(=O)(=O)c1ccc(F)cc1)C(O)CN1CCNCC1
-45.62    -45.03    -15.32      0.36      C(C=CCC1C(C=CC(O)C)C(O)CC1O)C(CCCCCCCC=CCC1C(CC)O1)=O
-32.69    -32.10     -2.06      0.37      C(CCCCC)(C)(O)c1ccc(-c2ccc(C(=O)NCCCCCCC(=NO)O)cc2)cc1
-24.07    -23.40      6.49      0.36      c1cccc(CN2Cc3c(nc(N4CCC(Oc5ccc(F)cc5F)CC4)c(=NC(C)C)[nH]3)CC2)n1
-35.24    -35.17     -6.75      0.35      C1CC(N=c2c3nc(OC)nn3cc(-c3cccc4ncccc34)[nH]2)CC1
-23.44    -23.73      7.19      0.38      c1cc(NCc2ccccc2)ccc1S(=O)(C(C)C)=O
-29.23    -29.18      0.29      0.36      C(=O)(C(C)c1cc2c(cc1)OCC2)Nc1c(C(=O)O)ccc(Cl)c1
-34.29    -34.02     -4.32      0.36      c12c[nH]c(=N)cc1ncc(-c1cc(-c3ccccc3Br)ccc1)n2
-19.54    -20.03    -20.03      0.00      O=C(NCCCCCCCCCCCCCCCCCC)NS(=O)(c1ccc(C)cc1)=O
Human-Component   raw_Human-Component
0.34926143288612366   0.34926143288612366   
0.3788025677204132   0.3788025677204132   
0.36225083470344543   0.36225083470344543   
0.36633291840553284   0.36633291840553284   
0.3644571304321289   0.3644571304321289   
0.34653642773628235   0.34653642773628235   
0.3770160973072052   0.3770160973072052   
0.3593972623348236   0.3593972623348236   
0.3621976673603058   0.3621976673603058   
0.376960426568985   0.376960426568985   

13:28:26: local_reinforcement_logger.timestep_report +41: INFO     
 Step 47   Fraction valid SMILES: 100.0   Score: 0.3568   Time elapsed: 44   Time left: 2.8
  Agent     Prior     Target     Score     SMILES
-20.54    -21.17      9.35      0.37      O=c1[nH]c(=O)n(C)c2c1n(Cc1ccco1)cn2
-27.39    -28.22      4.10      0.39      c1c(F)ccc(-c2ncc(NC)c(CC)n2)c1
-21.55    -21.62     10.73      0.39      Brc1ccc(N=NN2CCCCC2)c(Br)c1
-33.73    -33.43     -4.49      0.35      c1(C(=O)C2CCCN(C(=O)c3oc(COC)c(C)n3)C2)cc(F)c(F)cc1F
-35.64    -36.22     -7.27      0.35      COc1ccc(C(NC(=O)C)C2CCCN2C(=O)Cc2ccc(OCC)cc2)cc1
-23.37    -24.78      6.67      0.38      c1c(N(CCNC2CCCCC2)C)cccc1C
-55.37    -54.39    -26.67      0.34      C1(CO)C(n2cc(COC(=O)COCc3ccccc3)nn2)C2OC3C(C21OC)C(=O)OC(C)C3
-25.18    -26.28      5.04      0.38      c1ccc2c(c1)C(CC(OC)=O)C(CC)(CC)C(=O)C2=O
-37.74    -36.66     -8.30      0.35      c1cc(NC(NC2CCCc3nc(SC)nc(C)c32)=O)cc(OCCCCC)c1
-22.01    -23.02      6.24      0.36      C1(C)CCCCC1NC(=O)Cn1c(=O)c2cccn2c2c1nccc2
Human-Component   raw_Human-Component
0.3722701370716095   0.3722701370716095   
0.39414194226264954   0.39414194226264954   
0.39449846744537354   0.39449846744537354   
0.35289111733436584   0.35289111733436584   
0.3530268967151642   0.3530268967151642   
0.383488267660141   0.383488267660141   
0.33807671070098877   0.33807671070098877   
0.3819713592529297   0.3819713592529297   
0.34580403566360474   0.34580403566360474   
0.35682183504104614   0.35682183504104614   

13:28:26: local_reinforcement_logger.timestep_report +41: INFO     
 Step 48   Fraction valid SMILES: 100.0   Score: 0.3319   Time elapsed: 44   Time left: 1.8
  Agent     Prior     Target     Score     SMILES
-29.20    -29.90      2.04      0.39      O=C(NC1C(C2CCCCC2)CCCC1)C1NC(CO)C(O)C1O
-21.50    -22.31     11.30      0.41      C(=CCCCC(=O)NC)CC=CCC=CCC=CCC=CCC
-25.38    -25.18      2.83      0.34      c1(NCC(O)COc2cc3c(cc2)C(=O)CC2(CCCC2)O3)ccccc1
-23.74    -24.31    -24.31      0.00      FC(F)(c1ccc(SC=CS(C)(=O)=O)cc1)F
-27.55    -27.58      2.31      0.36      N(Cc1ccncc1)C(c1c2c(cccc2)nc2c(C)cccc12)=O
-24.34    -23.23      7.24      0.37      C12CC3(NC(=O)NC4CCC(Oc5cc(F)c(C(=O)O)cc5)CC4)CC(C1)CC(C2)C3
-24.62    -23.47      5.65      0.36      c1cccc(N2C(=O)c3cc(C(Nc4ccc(NC(=O)C)cc4)=O)ccc3C2=O)c1
-18.70    -18.44     10.59      0.35      N1C(=O)C(=Cc2c(-c3ccc(Cl)cc3)nn(-c3ccccc3)c2)SC1=N
-22.28    -22.50      7.21      0.36      C(NN=Cc1cc(O)c(OC)cc1)(=O)c1ccc([N+](=O)[O-])cc1
-21.71    -21.91      5.98      0.34      O=C(NCc1sccc1)C(NCC1OCCN1S(c1ccc(OC)cc1)(=O)=O)=O
Human-Component   raw_Human-Component
0.3895915150642395   0.3895915150642395   
0.4099673628807068   0.4099673628807068   
0.3415600061416626   0.3415600061416626   
0.39323756098747253   0.39323756098747253   
0.3645396828651428   0.3645396828651428   
0.3716543912887573   0.3716543912887573   
0.3552172780036926   0.3552172780036926   
0.3539865016937256   0.3539865016937256   
0.3623204529285431   0.3623204529285431   
0.34008774161338806   0.34008774161338806   

13:28:28: local_reinforcement_logger.timestep_report +41: INFO     
 Step 49   Fraction valid SMILES: 93.8   Score: 0.3292   Time elapsed: 46   Time left: 0.9
  Agent     Prior     Target     Score     SMILES
-22.39    -22.40      4.58      0.33      c1(-c2cc(CN3C(CC(C)C)C(=O)N(Cc4cn(CCC5OCCO5)nn4)CCS3(=O)=O)ccc2)ccc(C#N)cc1
-29.83    -29.77    -29.77      0.00      c1(=NNC(=O)C)sc(C=c2c(=C)n(-c3cccc(C)c3)c(C)c2)[nH]n1
-19.62    -20.15    -20.15      0.00      c1(C(NCCCOC)=O)c(N)cccc1
-35.37    -34.71     -5.51      0.36      c1(NC(=O)C2(C)CCN2[N+](=O)[O-])cc2c(cc1)cncc2
-26.26    -26.07      3.81      0.36      c1cc2c(cc(CN3CCN(C(=O)c4c(Cl)cn(CC)n4)CC3)cc2)cc1
-20.72    -20.79      9.63      0.37      C1COc2cc3c(cc2O1)c(C)[nH]c(=O)n3
-30.03    -30.93      1.80      0.40      n1c(OC(C)C)c(C2CC2)ncc1C1=CCOCC1
-20.45    -20.74      8.72      0.36      C(=O)(Nc1ccccc1)Cn1c(=O)[nH]c(Cc2ccccc2)c1O
-32.18    -32.27     -1.02      0.38      c12cc(S(O)(=O)=O)ccc1C1(CO2)CCCCC1
-33.92    -33.08     -6.99      0.32      c12cc(C#N)ccc1N(Cc1n(C)cnc1)CC(N(S(=O)(c1cccc([N+](=O)[O-])c1)=O)Cc1cc(F)c(OC)cc1)C2
Human-Component   raw_Human-Component
0.32898667454719543   0.32898667454719543   
0.0   0.0   
0.3857450485229492   0.3857450485229492   
0.35607436299324036   0.35607436299324036   
0.3644407093524933   0.3644407093524933   
0.37091246247291565   0.37091246247291565   
0.39907729625701904   0.39907729625701904   
0.3592073619365692   0.3592073619365692   
0.38108155131340027   0.38108155131340027   
0.3181281089782715   0.3181281089782715   

