14:21:53: local_reinforcement_logger.log_message +32: INFO     starting an RL run
14:21:55: local_reinforcement_logger.timestep_report +41: INFO     
 Step 0   Fraction valid SMILES: 100.0   Score: 0.4657   Time elapsed: 2   Time left: 100.0
  Agent     Prior     Target     Score     SMILES
-28.51    -28.51    -13.66      0.46      c1c(Cl)ncc(N=c2nc(-c3cc(C#N)c(N4C(C)(C)COC4=O)cc3)cc[nH]2)c1
-21.59    -21.59     -6.46      0.47      COc1ccc(CNC2CCCC2)c(C)c1
-32.53    -32.53    -17.56      0.47      C(N1C(=O)CCC(N2C(=O)c3c(cccc3)C2=O)C1=O)CCn1cccc1C#N
-34.18    -34.18    -19.14      0.47      [S+](N(C(C)=O)n1c(=O)c2ccc(Br)cc2s1)([O-])=O
-35.75    -35.75    -20.66      0.47      C1C2C(C3C(CO)(C1O)CC(O)C3C(C)C)C(=C)CCC2O
-39.34    -39.34    -24.41      0.47      O(Cc1cnc2c(c1C)C(O)C(=O)CC2C)c1ccccc1C(C)(C)C
-34.16    -34.16    -19.25      0.47      n1(C(C)C)c2c(c(-c3cc4ccccc4o3)n1)c(-c1cncnc1)nc(N(C)C)n2
-29.80    -29.80    -14.91      0.47      c1(=Nc2ccc(C(=O)N3CCNCC3)cc2)ncc2c(S(=O)(=O)C)n[nH]c2[nH]1
-33.33    -33.33    -18.45      0.46      C(Oc1cc2n(CC)c3c(nnc(SCc4ccc(C#N)cc4)n3)c2cc1OC)C
-28.36    -28.36    -13.42      0.47      c1(NS(=O)(=O)C)c(O)ccc(C(=O)C2N3CC(CC2)CC3)c1
Human-Component   raw_Human-Component
0.4638025760650635   0.4638025760650635   
0.4726587235927582   0.4726587235927582   
0.4679419994354248   0.4679419994354248   
0.4699564576148987   0.4699564576148987   
0.4715653359889984   0.4715653359889984   
0.46660271286964417   0.46660271286964417   
0.46567028760910034   0.46567028760910034   
0.46526288986206055   0.46526288986206055   
0.46483945846557617   0.46483945846557617   
0.4666275978088379   0.4666275978088379   

14:21:58: local_reinforcement_logger.timestep_report +41: INFO     
 Step 1   Fraction valid SMILES: 93.8   Score: 0.4377   Time elapsed: 4   Time left: 98.0
  Agent     Prior     Target     Score     SMILES
-43.14    -43.15    -28.28      0.46      c1c(OC(COc2c(F)cc(F)cc2)CCC)cncc1-n1cnc2c1cccc2
-31.26    -31.19    -16.10      0.47      c12c(C)c(C)ccc1oc1ccc(C(O)CCCCCC)cc21
-32.75    -32.77    -18.13      0.46      C(c1ccccc1-c1ccc(Cn2c(=O)c3cc(NC(N(Cc4ccccc4)C)=O)ccc3nc2CCC)cc1)(O)=NO
-19.82    -19.78     -4.84      0.47      C1(C)=C(C(=O)OCC)C(c2cccc([N+]([O-])=O)c2)C(C(=O)OC(C)C)C(C)=N1
-23.03    -23.03     -7.91      0.47      c1cc(S(Nc2ccc(OS(=O)(N)=O)cc2)(=O)=O)ccc1OC
-33.80    -33.91    -19.04      0.46      C(N)C1N(C(c2noc(-c3ccc(-c4ccc(-c5ccccc5)cc4)cc3)c2)=O)CC(CO)C1
-26.16    -26.20    -11.42      0.46      c1c(NC(=O)c2cccc3c2n(Cc2ccc(-c4ccccc4-c4nn[nH]n4)cc2)c(CCC)n3)ccc(OC)c1
-22.94    -22.95     -7.89      0.47      C(N1CCOCC1)(c1ccc(N2CCN(C)CC2)nc1)=O
-100.54    -100.51    -100.51      0.00      O(C1CCC2(O)C34C(C(O)(C56OC7(C67C(O)(CC(C)(C)CC5O)C7)C4(C)CCC(OC(C)=O)C(C6)C32)Cc2c1ccc(O)c2O)=O)C
-36.91    -36.95    -22.00      0.47      C1(c2c(C(F)(F)F)ccc(F)c2)CN=C(c2cc(-n3cncc3)cnc2)N1
Human-Component   raw_Human-Component
0.464817613363266   0.464817613363266   
0.4715193212032318   0.4715193212032318   
0.45756980776786804   0.45756980776786804   
0.4667978286743164   0.4667978286743164   
0.4727463126182556   0.4727463126182556   
0.4648108184337616   0.4648108184337616   
0.4616119861602783   0.4616119861602783   
0.47073906660079956   0.47073906660079956   
0.0   0.0   
0.46704715490341187   0.46704715490341187   

14:21:58: local_reinforcement_logger.timestep_report +41: INFO     
 Step 2   Fraction valid SMILES: 96.9   Score: 0.4527   Time elapsed: 5   Time left: 80.0
  Agent     Prior     Target     Score     SMILES
-21.46    -21.42     -6.40      0.47      S1C(=O)C(=Cc2ccc(OC)cc2)c2ccccc21
-37.30    -37.29    -22.40      0.47      c1(Br)cccc(C2C(C)(C)Oc3ccccc3-n3c2cc2cc(O)ccc32)c1
-27.25    -27.29    -12.58      0.46      O=[N+](c1ccc(C)c(NC(=O)c2coc3c(cc(Cl)cc3)c2=O)c1)[O-]
-43.19    -43.14    -28.15      0.47      s1c(-c2ccccc2)ccc1C1(O)CC2CCC(=O)N3CC1C2CON3C
-22.33    -22.41     -7.45      0.47      c1cc(-n2nccc2-c2ccc(N)cc2)ccc1C(O)=O
-22.52    -22.33     -7.30      0.47      c1c(CCCCCC)ccc(C(C(=O)OC)C)c1
-21.74    -21.71     -6.77      0.47      c1(Cl)ccc2c(c1)[nH]ccc2=Nc1ccc(NS(=O)(=O)C)cc1
-24.04    -23.99     -9.00      0.47      c1c(=O)[nH]c(=Nc2ccc(S(N)(=O)=O)cc2)[nH]c1CC
-31.09    -31.02    -16.01      0.47      C(CNC(=O)N1CCCC1c1nc(CC)on1)c1sc(C)c(C)n1
-24.45    -24.68    -10.00      0.46      c1c(S(=O)(=O)N2CCOCC2)ccc(NC(=O)COC(=O)c2ccc(-n3nc(C)cc3C)cc2)c1
Human-Component   raw_Human-Component
0.469454288482666   0.469454288482666   
0.4653112590312958   0.4653112590312958   
0.45978447794914246   0.45978447794914246   
0.46855658292770386   0.46855658292770386   
0.4674736559391022   0.4674736559391022   
0.46946462988853455   0.46946462988853455   
0.4669171869754791   0.4669171869754791   
0.46859511733055115   0.46859511733055115   
0.4690743088722229   0.4690743088722229   
0.4586813151836395   0.4586813151836395   

14:21:59: local_reinforcement_logger.timestep_report +41: INFO     
 Step 3   Fraction valid SMILES: 96.9   Score: 0.4523   Time elapsed: 6   Time left: 70.5
  Agent     Prior     Target     Score     SMILES
-39.82    -39.65    -24.60      0.47      CCC(C)S(=O)(NC(C(=O)NC)Cc1cc(N)c(OCCCN)cc1)=O
-21.60    -21.64     -6.46      0.47      C(N(C)C)c1cccc(-c2cc(OC)ccc2)c1
-33.51    -33.60    -33.60      0.00      c1c(F)cc(F)c2ncc(-c3cccnc3)n2c1OC
-24.50    -24.44     -9.34      0.47      C1C(Oc2ccc(OCc3ccccc3)cc2)CN(Cc2ccc(Cl)cc2)C1
-35.31    -35.47    -20.47      0.47      C(N)c1cc(Oc2c(F)cc(N=c3cc[nH]cc3)cc2)[nH]c(=N)n1
-45.99    -46.15    -31.27      0.47      c1sc(C(NC(=S)NC(C)=O)C(=CC(C(OCC)=O)C(OCC)=O)C(=O)N)cc1
-22.36    -22.26     -7.27      0.47      C1N(C(C2CCN(S(=O)(=O)c3nc[nH]c3)CC2)=O)CCN(c2c(C)c(C)ccc2)C1
-25.00    -24.88     -9.88      0.47      c1(-c2ccccc2)c2c(n(-c3c(C)c(C)ccc3)n1)CCCC2=O
-23.28    -23.29     -8.07      0.48      C(O)(O)C(N)CSC1CCCCC1
-21.70    -21.70     -6.79      0.47      c1(NC(=O)C=Cc2ccc(C)cc2)cccc(S(=O)(=O)N)c1
Human-Component   raw_Human-Component
0.4703291356563568   0.4703291356563568   
0.4745321273803711   0.4745321273803711   
0.0   0.0   
0.47194817662239075   0.47194817662239075   
0.4688686728477478   0.4688686728477478   
0.46518492698669434   0.46518492698669434   
0.4683566093444824   0.4683566093444824   
0.4687400162220001   0.4687400162220001   
0.47566667199134827   0.47566667199134827   
0.465855211019516   0.465855211019516   

14:22:00: local_reinforcement_logger.timestep_report +41: INFO     
 Step 4   Fraction valid SMILES: 100.0   Score: 0.4658   Time elapsed: 7   Time left: 64.4
  Agent     Prior     Target     Score     SMILES
-28.44    -28.56    -13.55      0.47      c1(N=c2c3c([nH]c4ccc(F)cc42)cccc3)ccccc1C(O)=O
-39.20    -39.15    -24.15      0.47      C1(COc2c(C)cc(CCOCC3CC3)cn2)CCC2N(C(=O)CC2)C1
-24.35    -24.34     -9.23      0.47      C1CN(S(=O)(=O)N(C)C)CCC1COCC1CCCC1
-28.41    -28.49    -13.45      0.47      CN(C)C(c1noc(-c2cccc(O)c2O)c1)=S
-28.94    -29.02    -14.17      0.46      CC1=C(C(=O)O)N2C(=O)C(NC(OCc3cccc4cccnc43)=O)C2SC1
-42.71    -42.77    -27.74      0.47      C(C)(N1N=C2N(c3c(cc(C)c(C)c3)N2C)C(=O)CC1c1ccccc1)=O
-41.13    -41.20    -26.35      0.46      C1(CN(CC)C)CCN(C(=O)c2cc3ccccc3[nH]2)C(Cc2cc(F)c(F)cc2)C1O
-30.20    -30.48    -15.53      0.47      c1c(Oc2c3cc(C(=O)N)sc3cnc2)ccc(NC(=O)c2sccc2-c2ccccc2)c1
-22.19    -22.11     -7.29      0.46      c1(N)c(C(=O)c2ccc(OC)cc2)n2cccc(C)c2n1
-44.15    -44.13    -29.30      0.46      c1(C(C(=O)NC(C)(C)C)N(c2cccc(C)c2C)C(C2Oc3c(O)cccc3C2)=O)nc2c(s1)cccc2
Human-Component   raw_Human-Component
0.4692298471927643   0.4692298471927643   
0.4689520001411438   0.4689520001411438   
0.4721328914165497   0.4721328914165497   
0.470102995634079   0.470102995634079   
0.4642488956451416   0.4642488956451416   
0.4695638120174408   0.4695638120174408   
0.4641975164413452   0.4641975164413452   
0.46702802181243896   0.46702802181243896   
0.46295058727264404   0.46295058727264404   
0.4632417559623718   0.4632417559623718   

14:22:01: local_reinforcement_logger.timestep_report +41: INFO     
 Step 5   Fraction valid SMILES: 96.9   Score: 0.4532   Time elapsed: 8   Time left: 60.0
  Agent     Prior     Target     Score     SMILES
-27.46    -27.57    -12.64      0.47      C(c1ccc(OC(C)=O)cc1)N(C(OC(C)(C)C)=O)CCc1ccccc1
-26.99    -27.07    -12.04      0.47      c1(N)ccc(S(=O)(N(c2ccc(C=Nn3cnnc3)cc2)C)=O)cc1
-29.86    -29.86    -14.83      0.47      C(CCCC(C)n1cc(C#N)cn1)(c1ccccc1)(c1ccccc1)c1ccccc1
-24.88    -24.83    -10.04      0.46      Fc1cc(S(=O)(=O)N=c2scc[nH]2)cc(Cl)c1NCC(F)(F)c1ncccc1
-19.17    -19.21     -4.01      0.47      C(c1ccc(F)cc1)=C1Oc2c(cccc2)C1=O
-22.83    -22.77     -7.72      0.47      c1nc2c(n1C)C(COC)CN(Cc1ccc(OC)cc1)C2
-29.08    -29.16    -14.29      0.46      c1(-n2c(=O)c3c(c4ccc(C)cc4n3C)n(CC(=O)Nc3ccc(OCC)cc3)c2=O)ccc(OC)cc1OC
-18.21    -18.18     -3.05      0.47      c1c(C(n2ccnc2)=C)ccc(Cl)c1
-20.09    -20.19     -5.22      0.47      c1c(NC(=NC(C)C)N=c2nc(C)cc(C)[nH]2)cccc1
-21.57    -21.71     -6.64      0.47      c1cccc(NC(=O)ON=C(Cl)C(C)C)c1CC
Human-Component   raw_Human-Component
0.46656015515327454   0.46656015515327454   
0.46969279646873474   0.46969279646873474   
0.4697548747062683   0.4697548747062683   
0.46219968795776367   0.46219968795776367   
0.4749363958835602   0.4749363958835602   
0.4703606367111206   0.4703606367111206   
0.4648100733757019   0.4648100733757019   
0.47284334897994995   0.47284334897994995   
0.4676438271999359   0.4676438271999359   
0.47088557481765747   0.47088557481765747   

14:22:02: local_reinforcement_logger.timestep_report +41: INFO     
 Step 6   Fraction valid SMILES: 100.0   Score: 0.4674   Time elapsed: 8   Time left: 50.3
  Agent     Prior     Target     Score     SMILES
-20.50    -20.47     -5.38      0.47      c1csc(C(=O)N2CC(C)CCC2)c1
-32.66    -32.82    -18.11      0.46      CCCOc1c(C(O)=O)ccc(NC(=O)Nc2ccccc2C(C)(C)C)c1
-35.63    -35.63    -20.57      0.47      CCN1CC2=C(CC1)C(C(=NO)C)(C)C(=O)C2
-37.79    -37.66    -22.96      0.46      CN(C)CCCNC(Nc1ccc(Nc2ccc(N=C(NC3CCCCC3)N=c3c4c([nH]cc3)cccc4)cc2)cc1)=NC#N
-26.13    -26.10    -11.16      0.47      c1c(O)c(C=Nc2cc(C(NN=Cc3ccc(O)cc3)=O)c(O)cc2)ccc1
-35.95    -36.05    -21.05      0.47      c1nc2c(c(=N)[nH]1)c(C#Cc1ccc(CO)cc1)nc(-c1cccc(C#N)n1)c2
-26.64    -26.59    -11.42      0.47      c1(C2CC(C=O)=CN(C)C2=N)ccccc1
-23.14    -23.02     -8.05      0.47      c1c(Cl)ccc(CNC(Nc2cc3c(C)cc(N4CCN(C)CC4)nc3cc2)=S)c1
-35.19    -35.13    -20.10      0.47      C(CCCCCCCCc1c(Sc2ccc(C(O)=O)cc2)ccc(C(N)=N)c1)(=O)O
-27.44    -27.53    -12.57      0.47      c1(-c2cccnc2)ccc2c(N3C(C)COCC3)nc(N3CCN(C)CC3)nc2c1
Human-Component   raw_Human-Component
0.4712754189968109   0.4712754189968109   
0.45981189608573914   0.45981189608573914   
0.47043368220329285   0.47043368220329285   
0.45950251817703247   0.45950251817703247   
0.4667193293571472   0.4667193293571472   
0.4689692258834839   0.4689692258834839   
0.4739958643913269   0.4739958643913269   
0.46793124079704285   0.46793124079704285   
0.46977612376213074   0.46977612376213074   
0.46749818325042725   0.46749818325042725   

14:22:03: local_reinforcement_logger.timestep_report +41: INFO     
 Step 7   Fraction valid SMILES: 100.0   Score: 0.4665   Time elapsed: 9   Time left: 48.4
  Agent     Prior     Target     Score     SMILES
-22.00    -21.77     -6.88      0.47      COc1c(OC)c(OC)cc(NC(CSc2nnnn2CCC)=O)c1
-26.79    -27.13    -12.39      0.46      COCC12N(C(=O)C(CC(=O)NCc3ccccc3)CC1C(=O)N1CCCCC1)CCC2
-24.99    -24.89     -9.88      0.47      FC(F)(F)c1ccc(S(=O)(=O)N2CCCN(S(c3ccc(C)cc3)(=O)=O)CC2)cc1
-23.67    -23.44     -8.46      0.47      C(c1ccc(C(N(C2CCNCC2)c2ccccc2)=O)cc1)C
-33.54    -34.09    -19.19      0.47      C(#N)c1cnc(N2CCc3c(=Nc4ccc(C(C)(C)C)cc4)[nH]c(N4C(C(O)C)COC4=O)nc3CC2)nc1
-24.85    -24.93     -9.99      0.47      C(C)(NC1C(O)C(O)C(CO)OC1Oc1ccc([N+](=O)[O-])cc1)C
-29.31    -29.05    -14.08      0.47      N(CC1CCCC(CNCc2c(O)cc3c(c2)OCO3)C1)CCc1ccc(Cl)cc1
-28.51    -28.06    -13.21      0.46      CC1(C(=O)Nc2c(OC(F)F)cccc2)N(Cc2c(OC)c(OC)ccc2)CC1
-23.52    -23.42     -8.55      0.46      c1ccc2cc(NC(COc3ccc(C=C4SC(=O)NC4=O)cc3)=O)ccc2c1
-32.47    -32.28    -17.25      0.47      c1(C2SCC(C(Nc3ccccc3)O)N2)ccc(-c2c(C(F)(F)F)cccc2)cc1
Human-Component   raw_Human-Component
0.4655589461326599   0.4655589461326599   
0.4604051113128662   0.4604051113128662   
0.46906498074531555   0.46906498074531555   
0.4679049849510193   0.4679049849510193   
0.4656236171722412   0.4656236171722412   
0.4666636288166046   0.4666636288166046   
0.46754759550094604   0.46754759550094604   
0.46395206451416016   0.46395206451416016   
0.4647975265979767   0.4647975265979767   
0.4696371555328369   0.4696371555328369   

14:22:04: local_reinforcement_logger.timestep_report +41: INFO     
 Step 8   Fraction valid SMILES: 100.0   Score: 0.4664   Time elapsed: 10   Time left: 46.7
  Agent     Prior     Target     Score     SMILES
-38.26    -38.34    -23.36      0.47      C1N(CCOc2cc3c(cc2O)CCN(Cc2ccccc2)C3c2ccc([N+](=O)[O-])cc2)CCC(c2ccccc2)C1
-40.48    -40.96    -26.02      0.47      [O-][n+]1c(=NC(=O)N)n(C(OCCCC)=O)cc(OC)c1
-26.52    -26.84    -11.83      0.47      C(c1cc(O)ccc1)(O)C(NCc1ccccc1)Cc1ccccc1
-26.43    -26.50    -11.55      0.47      CC(=O)c1ccc(N2C(=O)Nc3c(c4c(s3)CCCC4)C2)cc1
-23.36    -23.34     -8.42      0.47      n1c(-c2ccc(OC)cc2)n(C)c(SCC(c2cccc([N+]([O-])=O)c2)=O)n1
-38.09    -38.23    -23.44      0.46      c1cc(NC(=O)c2n3ccccc3nc2)cc(OC2CN(c3ccc4ccsc4n3)C2)c1
-42.54    -42.53    -27.73      0.46      c1c(OC)ccc(C=CC(=O)NC(C(NC(C2OC3C(C2OC)OC(C)(C)C(O)C3O)Cc2ccccc2)=O)C(C)C)c1
-25.75    -25.64    -10.77      0.46      c1(OC)ccc(NC(NC(C2CCCCC2)C(N)=O)=O)cc1
-31.02    -31.14    -16.27      0.46      n1cc(N2CCNCC2)nc(Sc2ccc3oc(=O)cc(N4CCOCC4)c3c2)c1
-32.15    -31.84    -17.01      0.46      O=C(C(NC(=O)OC(C)(C)C)Cc1ccccc1)NCc1noc(C(NCC(C)C)=O)c1
Human-Component   raw_Human-Component
0.46826156973838806   0.46826156973838806   
0.4666920304298401   0.4666920304298401   
0.46905311942100525   0.46905311942100525   
0.4672890305519104   0.4672890305519104   
0.46623048186302185   0.46623048186302185   
0.4621829092502594   0.4621829092502594   
0.462228000164032   0.462228000164032   
0.4649078845977783   0.4649078845977783   
0.4645732641220093   0.4645732641220093   
0.46333786845207214   0.46333786845207214   

14:22:04: local_reinforcement_logger.timestep_report +41: INFO     
 Step 9   Fraction valid SMILES: 96.9   Score: 0.4522   Time elapsed: 11   Time left: 45.1
  Agent     Prior     Target     Score     SMILES
-29.60    -29.98    -15.15      0.46      c1(-c2ccc(C)cc2)c(-c2ccc(Cl)cc2)c(C(NC)=O)c2n1CCOC2C1CC1
-35.06    -34.54    -19.50      0.47      O1CCCC2C1OCC2NCC(N1CCNCC1)=O
-21.57    -21.60     -6.67      0.47      C1CN(C(=O)OCC)CCC1NS(=O)(=O)c1ccc(Cl)cc1
-21.38    -21.49     -6.43      0.47      N#Cc1ccc(OCC(=O)O)c(C#N)c1
-24.39    -24.38     -9.43      0.47      c1cc(CN=c2[nH]c(=N)c3ncn(CCO)c3[nH]2)ccc1
-34.35    -33.81    -19.02      0.46      Brc1c(OCC(O)=O)c(C(NC(CC(C)C)C(=O)NC2CC(=O)OC2O)=O)c(Br)cc1
-23.78    -24.36     -9.41      0.47      C(=O)(Nc1ccc(O)cc1)c1cnc(N2CCOCC2)cc1
-37.31    -37.80    -23.03      0.46      N=C(N)N=c1[nH]c(-c2cccc(NS(C)(=O)=O)c2)nnc1-c1ccc(C)cc1
-30.67    -30.56    -15.68      0.47      c1c(C#N)c(=O)[nH]c(=O)n1COCc1c2c(cccc2)ccn1
-31.34    -31.55    -16.59      0.47      OC(=O)CCn1c(=O)c2c(ccc(N(C(=O)C)c3ccccc3)c2)nc1
Human-Component   raw_Human-Component
0.46332523226737976   0.46332523226737976   
0.46981221437454224   0.46981221437454224   
0.46668344736099243   0.46668344736099243   
0.47064611315727234   0.47064611315727234   
0.4669974148273468   0.4669974148273468   
0.4623858630657196   0.4623858630657196   
0.4671138525009155   0.4671138525009155   
0.46133866906166077   0.46133866906166077   
0.4650075435638428   0.4650075435638428   
0.4674971401691437   0.4674971401691437   

14:22:05: local_reinforcement_logger.log_message +32: INFO     Resetting Agent
14:22:05: local_reinforcement_logger.log_message +32: INFO     Adjusting sigma to: 82
14:22:05: local_reinforcement_logger.timestep_report +41: INFO     
 Step 10   Fraction valid SMILES: 93.8   Score: 0.4370   Time elapsed: 12   Time left: 43.6
  Agent     Prior     Target     Score     SMILES
-19.96    -19.99     -5.14      0.46      c1(N=NC(=S)Nc2ccc(Br)cc2)c(O)[nH]c2ccc(F)cc12
-30.96    -30.88    -30.88      0.00      n1c(N2C(C)COCC2)nc(N2C(C)COCC2)c2c(nc(-c3ccnc(Br)c3)cc2)n1
-21.66    -21.77     -6.68      0.47      c12nnc(-c3ccc(C(C)(C)C)cc3)n1nc(-c1ccccc1)cc2
-26.69    -26.77    -11.82      0.47      FC(F)(F)c1cc(-c2ccc(OC)cc2)nc2c3cn(C)nc3[nH]c(=O)c21
-23.09    -23.28     -8.20      0.47      O=[N+]([O-])CC1=NCCN1N=Cc1cccs1
-20.39    -20.37     -5.27      0.47      O1COc2ccc(C(=O)C3C(C)(C)C3(C)C)cc21
-29.64    -29.48    -14.46      0.47      C(CCCCC(O)C=CC=CC=CCC=CCCCCC)C=CCCCC(=O)O
-25.37    -25.66    -10.72      0.47      C1(=O)C(=Cc2ccc(O)cc2)N=C(SC2CCCC2)N1CC(C)C
-28.12    -28.25    -13.26      0.47      c1cc2c(cnn2-c2ccccc2)cc1C(c1ccccc1Cl)O
-31.52    -31.35    -16.43      0.47      c1(C2CC(=O)C(C(C)C)C(c3ccc(OC)cc3)N2C(Cn2cnc3ccccc32)=O)ccccc1
Human-Component   raw_Human-Component
0.4642292559146881   0.4642292559146881   
0.0   0.0   
0.4716503918170929   0.4716503918170929   
0.4672447144985199   0.4672447144985199   
0.47128012776374817   0.47128012776374817   
0.4720638692378998   0.4720638692378998   
0.4693715274333954   0.4693715274333954   
0.4671493172645569   0.4671493172645569   
0.46826836466789246   0.46826836466789246   
0.4661707282066345   0.4661707282066345   

14:22:07: local_reinforcement_logger.timestep_report +41: INFO     
 Step 11   Fraction valid SMILES: 100.0   Score: 0.4662   Time elapsed: 13   Time left: 42.2
  Agent     Prior     Target     Score     SMILES
-21.99    -21.99     16.36      0.47      CCC1(C)NC(=O)N(CC(=O)N=c2scc[nH]2)C1=O
-24.04    -24.04     14.42      0.47      C1C2(CN(c3ccccn3)CCOC2)CCCN1Cc1ccncc1
-36.80    -36.80      0.89      0.46      C(=O)(C1C(C)=Nc2ncnn2C1c1cc(OCC)c(OCc2ccc(C)cc2)cc1)c1ccc2ccccc2c1
-21.88    -21.88     17.09      0.48      O=C(OCC(C)=CCC=C(C)CCC=C(C)C)C
-30.37    -30.37      8.02      0.47      c1ccc(C2OC(=O)C=C3c4c(cc(OC)c(OC)c4)CCN23)c(OC)c1OC
-17.31    -17.31     21.28      0.47      CCc1c(NC2=NCCN2)c(CC)ccc1
-27.86    -27.86     10.01      0.46      O1CCc2c1ccc(NC(=O)CSc1nnc(-c3ccccn3)cc1)c2
-27.05    -27.05     11.39      0.47      Clc1ccc(S(NC2C(c3ccc(OC)cc3)CN(Cc3ccccc3)C2)(=O)=O)cc1
-28.48    -28.48      9.50      0.46      C(C(Nc1c(C)nn(CC(=O)c2ccc([N+]([O-])=O)cc2)c1C)=O)=C
-37.81    -37.81      0.27      0.46      c1(C)cc(S(=O)(=O)c2ccc(C(=O)O)cc2OCCOCCOCC)ccc1
Human-Component   raw_Human-Component
0.4676998257637024   0.4676998257637024   
0.46903446316719055   0.46903446316719055   
0.4596254825592041   0.4596254825592041   
0.4752053916454315   0.4752053916454315   
0.4682421088218689   0.4682421088218689   
0.470596045255661   0.470596045255661   
0.4618892967700958   0.4618892967700958   
0.46870648860931396   0.46870648860931396   
0.463178426027298   0.463178426027298   
0.46443185210227966   0.46443185210227966   

14:22:08: local_reinforcement_logger.timestep_report +41: INFO     
 Step 12   Fraction valid SMILES: 100.0   Score: 0.4667   Time elapsed: 14   Time left: 40.9
  Agent     Prior     Target     Score     SMILES
-22.53    -22.52     15.92      0.47      C1N(CC(NN=Cc2cc(OC)c(OC)c(OC)c2)=O)CCCC1C
-29.44    -29.45      8.66      0.46      c1ccc(-c2cc(-c3cc(F)ccc3)nc(=NC(=O)C)[nH]2)c(OCC)c1
-28.26    -28.24     10.32      0.47      C(C(CC)CC)(=O)N1C2CS(=O)(=O)CC2N(C(C)=O)CC1
-26.10    -26.02     12.69      0.47      c1(CN(C(=O)COC)C)c(Cl)ccc(Cl)c1
-27.81    -27.83     10.46      0.47      C(Cc1ccccc1)N1CCC(COC(c2c3ccccc3nc3c2CCCC3)=O)CC1
-28.40    -28.46     10.04      0.47      c1cc(-c2n(C)c(=O)c(O)cn2)ccc1-c1c(Cl)cc(C(F)(F)F)cc1
-27.51    -27.60     10.85      0.47      C(C(=Cc1ccc(S(=O)(N2CCc3c2cccc3)=O)cc1)C#N)(=O)N
-20.30    -20.30     18.33      0.47      c1ccc2c(c1)C(N1CCCC1)C(C)(C)O2
-30.50    -30.51      7.70      0.47      c1c(OC)c(OCC(=O)OCC)cc2c1CN1C(=O)CCC12
-25.82    -25.90     11.92      0.46      N(C(C)C)CC(O)COc1ccc(NC(=O)c2ccco2)cc1C(F)(F)F
Human-Component   raw_Human-Component
0.4687458872795105   0.4687458872795105   
0.4647773206233978   0.4647773206233978   
0.47032323479652405   0.47032323479652405   
0.4721522331237793   0.4721522331237793   
0.46694016456604004   0.46694016456604004   
0.46951380372047424   0.46951380372047424   
0.4689478278160095   0.4689478278160095   
0.47120800614356995   0.47120800614356995   
0.4658893644809723   0.4658893644809723   
0.461227685213089   0.461227685213089   

14:22:08: local_reinforcement_logger.timestep_report +41: INFO     
 Step 13   Fraction valid SMILES: 100.0   Score: 0.4684   Time elapsed: 15   Time left: 39.6
  Agent     Prior     Target     Score     SMILES
-37.15    -37.00      1.31      0.47      O=C(c1cc(CN(C)C(c2ccccc2)=S)cc(C(N(C)C)=O)c1)OC
-39.66    -39.57     -1.31      0.47      c1cc(O)ccc1-c1nc(OCC2N(C)CCC2)c2c(C)c(C)n(CC(N(C)C)=O)c2c1
-40.17    -40.22     -2.21      0.46      C(CNCC(=O)N1CCN(c2cccc(Cl)c2)CC1)CCNC(c1ccc2c(c1)c(C)c[nH]2)=O
-41.49    -41.43     -3.41      0.46      C(NC(N(c1nc(-c2ccc(Oc3ccc(F)cc3)cc2)cc(C)n1)CCCF)=O)c1cccs1
-28.63    -28.66      9.86      0.47      OCC1CNc2c(c(=O)n(C)c(=O)n2C)C1C=C(C)C
-35.64    -35.61      2.56      0.47      c1c(C(N2CCN(CCCOc3cc4c([nH]c(C)cc4=N)cc3)CC2)=O)cc2ccn(C)c2c1
-28.00    -27.96     10.85      0.47      c1nc(N2CCN(CCCCOc3ccn4c(c3)cc(C=O)c4)CC2)ncc1
-54.13    -54.19    -15.73      0.47      c1c(CCC(C(C)(C)C)N2C(=O)C3Cc4ccccc4CC3CC2=O)ccc(O)c1CCCC
-22.23    -22.26     16.39      0.47      c1cc2c(n(Cc3ccccc3)cc2CCCC(O)=O)cc1
-23.09    -23.07     15.63      0.47      C(c1ccccc1)CN1C(=O)N=C(Cc2cc3c(cc2)OCO3)C1=O
Human-Component   raw_Human-Component
0.46724632382392883   0.46724632382392883   
0.466585636138916   0.466585636138916   
0.46352148056030273   0.46352148056030273   
0.463623970746994   0.463623970746994   
0.46974992752075195   0.46974992752075195   
0.4654771685600281   0.4654771685600281   
0.47335365414619446   0.47335365414619446   
0.4690304696559906   0.4690304696559906   
0.47137710452079773   0.47137710452079773   
0.4719727039337158   0.4719727039337158   

14:22:09: local_reinforcement_logger.timestep_report +41: INFO     
 Step 14   Fraction valid SMILES: 100.0   Score: 0.4672   Time elapsed: 16   Time left: 38.4
  Agent     Prior     Target     Score     SMILES
-27.25    -27.34     11.58      0.47      c12c3ccc(O)c1CCN(C)C2CC1NCCC13
-36.32    -36.60      1.23      0.46      c1c(-c2cc(OC)ccc2OC)ncc(-c2c(=O)[nH]c(=O)n(C3OC(COC(=O)C)C(OC(C)=O)C3)c2)n1
-41.98    -42.02     -4.09      0.46      N1C(=O)C2(N(CC(=O)c3cc4ccccc4o3)c3ccccc3C2=O)CC1C(OC)=O
-58.42    -58.34    -20.86      0.46      c1c(Cn2c3c(ccc(NC(=O)c4c(Cl)c5ccccc5s4)c3)cc2C(=O)Nc2cc3ccc(OCCCO)cc3oc2=O)cc(C(F)(F)F)cc1C(F)(F)F
-28.73    -28.81     10.05      0.47      CN(C)c1c2ccccc2c(COCC)c(O)c1
-28.61    -28.61      9.75      0.47      c1c(CC(n2ccnc2)c2ccccc2OC)ccc(N(C)C)c1
-18.89    -18.99     19.64      0.47      COc1ccc(Cl)cc1CC(O)=O
-30.71    -30.54      7.79      0.47      c1cc(O)c(O)c(O)c1C(OC1C(O)C(CO)OC(OCCc2cc(O)c(O)cc2)(O)C1OC(=O)C)=O
-27.81    -27.92     10.63      0.47      c1c(C2NCCC2)nc(C)c(CCC(=O)O)c1
-37.02    -36.93      0.83      0.46      c1cc(-c2ccc(N3CCc4c(n(-c5ccc(OC)cc5)nc4N4CCOCC4)C3=O)c(F)c2)ccc1S(=O)(=O)NC(C(F)(F)F)C
Human-Component   raw_Human-Component
0.4746749699115753   0.4746749699115753   
0.4613743722438812   0.4613743722438812   
0.4625009000301361   0.4625009000301361   
0.45710813999176025   0.45710813999176025   
0.4738190472126007   0.4738190472126007   
0.4677574634552002   0.4677574634552002   
0.47109225392341614   0.47109225392341614   
0.4674986004829407   0.4674986004829407   
0.47002896666526794   0.47002896666526794   
0.4605157673358917   0.4605157673358917   

14:22:10: local_reinforcement_logger.timestep_report +41: INFO     
 Step 15   Fraction valid SMILES: 96.9   Score: 0.4521   Time elapsed: 17   Time left: 37.2
  Agent     Prior     Target     Score     SMILES
-31.73    -31.91      6.26      0.47      C(=Cc1cccc(OC(F)(F)F)c1)c1nn(Cc2ccc(C)cc2)cc1
-32.65    -32.59      5.96      0.47      C1NCc2c(cc(OCCCN(C)c3ccc4c(n3)cccc4)cc2)C1
-35.30    -35.45      2.71      0.47      CCCS(=O)(=O)NCCCN(c1nc(C)nc2c1ccs2)Cc1ccc(Cl)c(Cl)c1
-25.35    -25.31     13.16      0.47      c1c2c(cc(OC)c1C)c(CCNC(CC)=O)c[nH]2
-25.00    -25.09     13.10      0.47      Cc1nc(-n2c(-c3cc(OC)c(OC)c(OC)c3)c(C(=O)c3oc(C)cc3)c(O)c2O)nc(C)c1
-23.37    -23.45     14.88      0.47      c1cccc(CCc2nc3ccccc3c(=O)n2N=Cc2c(O)cccc2)c1
-22.26    -22.16     16.33      0.47      S(c1ccc(Br)cc1)(=O)(=O)NC(C(=O)O)Cc1ccccc1
-42.71    -43.02     -5.43      0.46      c1cc(F)c(C(N2CC(C)N(C(Nc3ccc(-c4cc(C)ncc4)cc3)=O)C2)=O)cc1Cl
-37.27    -37.12      0.84      0.46      c1(C)c(OCCCc2c(C(=O)O)[nH]c3ccccc32)c2c(ccc(OCc3ccsc3)c2C)cc1
-25.16    -25.10     13.08      0.47      c1(CN(c2ncnc3n(C4OCCC4)cnc23)c2ccccc2)ccccc1
Human-Component   raw_Human-Component
0.46547645330429077   0.46547645330429077   
0.470096230506897   0.470096230506897   
0.46537449955940247   0.46537449955940247   
0.46919363737106323   0.46919363737106323   
0.465779572725296   0.465779572725296   
0.4675089716911316   0.4675089716911316   
0.4693758487701416   0.4693758487701416   
0.45838290452957153   0.45838290452957153   
0.46288594603538513   0.46288594603538513   
0.4656868278980255   0.4656868278980255   

14:22:11: local_reinforcement_logger.timestep_report +41: INFO     
 Step 16   Fraction valid SMILES: 93.8   Score: 0.4400   Time elapsed: 18   Time left: 36.0
  Agent     Prior     Target     Score     SMILES
-31.25    -31.15      7.29      0.47      Oc1ccc(C=NC(CCCCCCCC=Cc2c(O)c(OC)c(OC)c(O)c2C)=O)cc1O
-22.62    -22.77     16.38      0.48      c1cc(C#N)ccc1-c1ccc(C2NCCNC2c2ccccc2)cc1
-19.18    -19.11     19.76      0.47      c1n(C(C)(C)C)c2ccccc2n1
-21.85    -22.12     16.80      0.47      c1c(C(F)(F)F)ccc2c1N=C(N1CCN(CC)CC1)c1c(cccc1)N2
-25.33    -25.31     12.75      0.46      c1ccc(Cc2[nH]c(Nc3ccc([N+](=O)[O-])cc3)cc(=N)n2)cc1
-26.01    -26.11    -26.11      0.00      c1c2c3n(c(C4CCCCC4)nc3ccc2OC)cn1
-19.38    -19.44     19.03      0.47      c1c(S(N=C2CCCCCN2)(=O)=O)ccc(Br)c1
-33.19    -33.23      5.01      0.47      Cc1cccc(NC(C(=NC(CCC2C(=O)OC(C)C2)=O)Cc2ccccc2)=O)c1
-22.52    -22.49     16.39      0.47      c1(C=O)c(-c2ccc(OC)cc2)[nH]n(C)c1=S
-36.81    -36.72      1.28      0.46      C(c1ccc(C(N(C)C(=O)c2c(F)cc(F)cc2)C(NCC2OCCC2)=O)cc1)(C)(C)C
Human-Component   raw_Human-Component
0.46877533197402954   0.46877533197402954   
0.4774366617202759   0.4774366617202759   
0.4740621745586395   0.4740621745586395   
0.47459280490875244   0.47459280490875244   
0.46411266922950745   0.46411266922950745   
0.0   0.0   
0.4691922664642334   0.4691922664642334   
0.46627283096313477   0.46627283096313477   
0.4742199778556824   0.4742199778556824   
0.46335533261299133   0.46335533261299133   

14:22:12: local_reinforcement_logger.timestep_report +41: INFO     
 Step 17   Fraction valid SMILES: 93.8   Score: 0.4371   Time elapsed: 18   Time left: 33.0
  Agent     Prior     Target     Score     SMILES
-29.52    -29.40      8.71      0.46      c1cc(C(c2ccccc2)OC(C2=C(C)N=C3CC(C)(C)CC(=O)C3C2c2cc([N+]([O-])=O)ccc2)=O)ccc1Br
-38.45    -38.22     -0.21      0.46      n1n(-c2ccc(Br)cc2)c2c(c1C)C(c1ccc(F)cc1)C1C(=O)COC3=CC(C)(C)CC(=O)C3C1=N2
-25.23    -25.51     12.75      0.47      c1c(CC2C(N)CCc3ccc(CNS(=O)(=O)c4ccc(OC)cc4)cc32)ccnc1
-22.35    -22.30     16.14      0.47      c1c(CCC(=O)N=c2[nH]cc(C)s2)occ1
-34.21    -34.34    -34.34      0.00      C(C=CCC=CCCCCC)#NC(=NCC)N
-27.62    -27.94     10.56      0.47      O=C(N1CCC2(COCCN2CC)C1)CCC(F)(F)F
-23.34    -23.36     15.11      0.47      C1CCCC1NC(CN(S(=O)(c1ccccc1)=O)Cc1ccc(F)cc1)=O
-26.96    -27.14     11.09      0.47      C(CCCc1cnccc1)CC(=O)c1oc(-c2ccccc2)c(-c2ccccc2)n1
-28.82    -28.79      9.53      0.47      C1CC(NC(c2ccc3ccccc3c2)=O)C(O)CN1C(=O)Cc1ccncc1
-27.99    -28.05     10.30      0.47      c12[nH]cnc(=N)c1cc(-c1c(F)cc(-c3ccccc3)cc1)s2
Human-Component   raw_Human-Component
0.4647318124771118   0.4647318124771118   
0.4635612368583679   0.4635612368583679   
0.4666133224964142   0.4666133224964142   
0.4687946140766144   0.4687946140766144   
0.0   0.0   
0.46952295303344727   0.46952295303344727   
0.46920233964920044   0.46920233964920044   
0.46619921922683716   0.46619921922683716   
0.4672516882419586   0.4672516882419586   
0.4677687883377075   0.4677687883377075   

14:22:13: local_reinforcement_logger.timestep_report +41: INFO     
 Step 18   Fraction valid SMILES: 96.9   Score: 0.4514   Time elapsed: 19   Time left: 32.0
  Agent     Prior     Target     Score     SMILES
-31.08    -31.02      7.10      0.46      c1c(OC)ccc(SCc2c(C(=O)NC(C)C)oc(-c3ccncc3)n2)c1
-25.40    -25.34     12.64      0.46      [N+]([O-])(=O)c1cccc(C(N(NC(c2ccccc2Cl)=O)C(C)(C)C)=O)c1
-26.02    -26.22     12.09      0.47      n1cn(CC2CCN(CC(C)C)CC2)c(=O)c2ccccc12
-38.05    -38.34     -0.14      0.47      C1CCCC1C(C)c1nnn(C(C(C)CC)C(=O)NC(CC(C)C)C(=O)O)c1
-39.46    -39.61     -1.58      0.46      Fc1cc(OC)cc(Cl)c1-c1ncc2ccc(C(c3cncn3C)(c3ccc(C(F)(F)F)nc3)O)n2c1
-34.59    -34.49      3.54      0.46      CC1=C(C(=O)OCc2ccccc2)C(c2cc(N)c(OC)cc2)N=C(N)N1c1ccc(C)cc1
-31.46    -31.34      6.81      0.47      O=C(c1ccc(CN(Cc2ccccc2)C(C)C)cc1)NC(CCc1ccccc1)C(NCC#N)=O
-33.10    -32.89      5.29      0.47      c1c(S(NCC(OC)COc2ccc(CCC(=O)OC)cc2)(=O)=O)ccc(OC)c1
-24.53    -24.81     14.02      0.47      C1C(C)(C)Oc2ccc3c(c2C1)OCCCC3
-27.46    -27.49     10.90      0.47      Brc1c[nH]c(=Nc2ccc3c(C)noc3c2)nc1N=c1cc(C2CC2)[nH][nH]1
Human-Component   raw_Human-Component
0.46486321091651917   0.46486321091651917   
0.46312227845191956   0.46312227845191956   
0.4671810567378998   0.4671810567378998   
0.46580469608306885   0.46580469608306885   
0.46380123496055603   0.46380123496055603   
0.4637906849384308   0.4637906849384308   
0.465171754360199   0.465171754360199   
0.4656293988227844   0.4656293988227844   
0.47351446747779846   0.47351446747779846   
0.46826887130737305   0.46826887130737305   

14:22:13: local_reinforcement_logger.timestep_report +41: INFO     
 Step 19   Fraction valid SMILES: 100.0   Score: 0.4670   Time elapsed: 20   Time left: 31.0
  Agent     Prior     Target     Score     SMILES
-15.84    -16.10     22.91      0.48      c1ccccc1CN1CCC(Cc2ccccc2)CC1
-23.04    -22.90     15.44      0.47      c1cncc(C(NN=Cc2ccc3c([n+]([O-])on3)c2)=O)c1
-27.36    -27.19     10.80      0.46      Nc1c(C(NCCCN(C)C)=O)c(-c2ccc(Br)cc2)c(C(=O)c2ccccc2)[nH]1
-33.61    -33.45      4.98      0.47      c12cc([S+](c3ccc4c(c3)N(C(=O)c3cccnc3)CC4)[O-])ccc1OCO2
-26.83    -26.71     11.95      0.47      c12c([nH]cc1Cc1nc3ccccc3[nH]c1=O)cc(Cl)cc2
-21.18    -21.34     17.61      0.48      c1ccc2c(c(=NCCCN3CCCCC3)cc[nH]2)c1
-40.78    -40.78     -2.34      0.47      c1c(C(F)(F)F)ccc(-c2cn3c(c2C(C)C)c(SC#N)nc(-c2ccc(C)cc2)n3)c1
-26.16    -26.21     12.05      0.47      c1cc(Nc2c3c(cncc3)ccc2)ccc1NC(=O)Nc1ccccc1
-40.21    -40.35     -2.56      0.46      c1(CCC(C(N)=O)N(C(C=CC(=O)N(CCC(C)C)CC(=O)NC2CCCCC2)=O)C)ccccc1
-30.68    -30.89      6.78      0.46      C(C(=O)NS(c1c(-c2ccc(Cn3c(CCCC)nc4ccc(OC)cc34)cc2)cccc1)(=O)=O)C(C)C
Human-Component   raw_Human-Component
0.4756838083267212   0.4756838083267212   
0.46748286485671997   0.46748286485671997   
0.4633497893810272   0.4633497893810272   
0.46861332654953003   0.46861332654953003   
0.4714135527610779   0.4714135527610779   
0.4750613272190094   0.4750613272190094   
0.46877068281173706   0.46877068281173706   
0.4665262699127197   0.4665262699127197   
0.4607540965080261   0.4607540965080261   
0.4593423902988434   0.4593423902988434   

14:22:14: local_reinforcement_logger.timestep_report +41: INFO     
 Step 20   Fraction valid SMILES: 93.8   Score: 0.4392   Time elapsed: 21   Time left: 30.0
  Agent     Prior     Target     Score     SMILES
-25.79    -25.84     13.03      0.47      c1(C(F)(F)F)cc(C(F)(F)F)cc(C#Cc2ccc(=NC)[nH]c2)c1
-25.40    -25.12     13.33      0.47      c1c(OC)ccc(-c2c(-c3cc(O)c(O)c(O)c3)oc(=O)[nH]2)c1
-21.96    -21.91     16.84      0.47      C1N(Cc2c(=O)c3c(ccc(Cl)c3)[nH]c2)CCOC1
-27.50    -27.26     11.16      0.47      c1(OC)c(OC)cc(-c2[nH]oc(=NC(c3ccc(Br)s3)=O)c2)cc1OC
-28.91    -28.79      9.77      0.47      O=C(CN(CC(O)c1ccc(OC)cc1)O)OCC
-23.40    -23.70     15.36      0.48      C1C2OCC(NC3CC3)C2OCC1
-19.32    -19.61     19.20      0.47      c1(N2CCN(C)CC2)ccc(C=C2Cc3cc(OC)c(OC)cc3C2=O)cc1
-25.87    -26.07     12.28      0.47      c1cccc2c1cncc2-c1n(N=Cc2ccccc2)c(=S)[nH]n1
-35.27    -35.26      3.02      0.47      s1c(Cc2nccc(C)c2)cc2c(O)n(-c3cccc(SC)c3)c(O)c12
-18.70    -18.65     19.77      0.47      c1c2c(nc[nH]c2=Nc2cc(Cl)ccc2)[nH]c1
Human-Component   raw_Human-Component
0.47397202253341675   0.47397202253341675   
0.4688282012939453   0.4688282012939453   
0.47253865003585815   0.47253865003585815   
0.46853742003440857   0.46853742003440857   
0.47019141912460327   0.47019141912460327   
0.4763142168521881   0.4763142168521881   
0.4733506143093109   0.4733506143093109   
0.4675939977169037   0.4675939977169037   
0.46676161885261536   0.46676161885261536   
0.4684835374355316   0.4684835374355316   

14:22:16: local_reinforcement_logger.timestep_report +41: INFO     
 Step 21   Fraction valid SMILES: 100.0   Score: 0.4673   Time elapsed: 22   Time left: 29.0
  Agent     Prior     Target     Score     SMILES
-28.88    -28.71      9.38      0.46      c1cccc2c1c(O)c(C(=O)Nc1ccc(NC(=O)CCCN)cc1)c(=O)n2C
-26.84    -26.81     11.72      0.47      c1cc2c(cc1)c(C#Cc1nn(C(F)F)cc1Cl)ccn2
-30.92    -30.88      7.27      0.47      C(c1sc2c(ccnc2)c1)=CC(N1CC(=O)NCC1)=O
-28.48    -28.22     10.25      0.47      N1CC(OCc2cc(Cl)cc(-c3c(C)cccc3)c2)CC1
-26.69    -26.23     12.44      0.47      C(c1c(CC(O)=NO)c2c([nH]1)cccc2)(=O)O
-24.43    -24.60     13.65      0.47      O(C)c1c(OC)cc2c(c1)nc[nH]c2=Nc1ccccc1C(F)(F)F
-26.45    -26.61     11.40      0.46      c1c(N=c2c3ncn(CC(O)CO)c3[nH]c(=NC(CO)CC)[nH]2)cc(Cl)cc1
-30.50    -30.81      7.56      0.47      c1c(C(c2snc(C)c2)N2CCC(NC(OC)=O)C2)cccc1
-23.92    -24.04     14.75      0.47      C1CCc2cccc(N3CCN(CCC4CCC(NS(C)(=O)=O)CC4)CC3)c21
-35.30    -34.80      3.00      0.46      N(C(CCC(N1CCN(S(=O)(=O)c2ccc(C)cc2C)CC1)=O)=O)NC(NC(CC)C)=S
Human-Component   raw_Human-Component
0.46448013186454773   0.46448013186454773   
0.46985936164855957   0.46985936164855957   
0.4651683568954468   0.4651683568954468   
0.4691285192966461   0.4691285192966461   
0.4716227054595947   0.4716227054595947   
0.46644750237464905   0.46644750237464905   
0.4635753929615021   0.4635753929615021   
0.46794694662094116   0.46794694662094116   
0.47314685583114624   0.47314685583114624   
0.4609760642051697   0.4609760642051697   

14:22:16: local_reinforcement_logger.timestep_report +41: INFO     
 Step 22   Fraction valid SMILES: 96.9   Score: 0.4532   Time elapsed: 23   Time left: 28.0
  Agent     Prior     Target     Score     SMILES
-28.44    -28.44     10.08      0.47      C1CN(C(=O)C(C(C)C)NC(OCC(C)C)=O)CC2(CCCC2)C1
-27.44    -27.49     11.07      0.47      c1(C)c(C)cc(C)c(C(C(=O)C)C#N)c1
-26.29    -26.11     12.08      0.47      C(N(CCC1Oc2ncccc2C(=S)N(C)C1)CCc1ccccc1)C
-28.48    -28.53      9.28      0.46      c1c(F)c(NC(c2ccc(NC(=O)CN(S(=O)(c3ccc(C)cc3)=O)C)cc2)=O)ccc1
-34.05    -33.67      4.54      0.47      C(Nc1c(C(=O)N)sc2c1c(-n1c(=N)[nH]cnc1=N)ccc2)(=O)C
-22.65    -22.76     15.87      0.47      c1c(F)ccc(S(=O)(NN(C)S(c2ccccc2)(=O)=O)=O)c1
-25.91    -25.95     11.82      0.46      c1c(OC)ccc(-n2nc(C(=O)Nc3cc(F)c(Oc4cc(OC)ccc4)cc3)nn2)c1
-21.31    -21.85     16.76      0.47      c1ccccc1-n1c(=O)c2cccn2c2c1cccc2
-29.26    -29.38      9.65      0.48      c1cc(C)ccc1C1C(Br)(Cl)C1
-27.69    -27.35     10.61      0.46      N1(C(c2cnc(SC)nc2C)=O)CCC(c2ccc(F)c(F)c2C(F)(F)F)CC1
Human-Component   raw_Human-Component
0.4696826934814453   0.4696826934814453   
0.470236212015152   0.470236212015152   
0.46564045548439026   0.46564045548439026   
0.4610704481601715   0.4610704481601715   
0.465902715921402   0.465902715921402   
0.47117990255355835   0.47117990255355835   
0.460684210062027   0.460684210062027   
0.4708698093891144   0.4708698093891144   
0.4759286046028137   0.4759286046028137   
0.46288859844207764   0.46288859844207764   

14:22:17: local_reinforcement_logger.timestep_report +41: INFO     
 Step 23   Fraction valid SMILES: 100.0   Score: 0.4670   Time elapsed: 24   Time left: 27.0
  Agent     Prior     Target     Score     SMILES
-32.23    -31.95      5.90      0.46      N(c1ccc(-c2ccccc2S(N)(=O)=O)cc1)=c1nc[nH]n2c1c(CO)c(C(NC(C)C)=O)c2
-27.66    -27.24     10.93      0.47      C1(=O)c2c(ccc3c2c(C(=O)OCC)c(C)n3C)C(=O)C(=O)N1
-18.95    -19.03     19.79      0.47      c1cc(CC2C(=O)C(=O)CC2)ccc1
-35.34    -35.37      2.85      0.47      O=C1CC(Sc2nc(=O)c(C)c(Cc3c4c(ccc3)cccc4)[nH]2)CC(CCN)O1
-31.07    -31.15      7.01      0.47      c1(O)cncc(C2NC(=O)N=C(C)C2C(=O)Oc2ccccc2)c1
-30.44    -30.21      7.69      0.46      C1N(c2c(C)cc(OC)cc2)c2nc3n(Cc4ccccc4)c(=O)n(CC(C)C)c(=O)c3n2C1
-21.40    -21.18     17.10      0.47      c1(CNC(C2COc3ccccc3O2)=O)c(OC)cccc1
-30.02    -30.18      7.94      0.46      c1c(Cl)c(C(=O)Nc2c(OC)cccc2)nc2n1ncc2Br
-20.47    -21.22     17.70      0.47      c1ccccc1C1(CCCN(C)C)c2c(cccc2)CCO1
-22.12    -22.47     15.70      0.47      C(N1CCCCC1C)C(=O)Nc1ccc(CC)cc1
Human-Component   raw_Human-Component
0.4616115391254425   0.4616115391254425   
0.4654960632324219   0.4654960632324219   
0.4734804630279541   0.4734804630279541   
0.46611520648002625   0.46611520648002625   
0.46541157364845276   0.46541157364845276   
0.4621920883655548   0.4621920883655548   
0.4667266011238098   0.4667266011238098   
0.46490979194641113   0.46490979194641113   
0.4746338725090027   0.4746338725090027   
0.4654199481010437   0.4654199481010437   

14:22:18: local_reinforcement_logger.timestep_report +41: INFO     
 Step 24   Fraction valid SMILES: 100.0   Score: 0.4677   Time elapsed: 25   Time left: 26.0
  Agent     Prior     Target     Score     SMILES
-39.02    -39.10     -0.96      0.47      C(CN=C(N)N)CC(C(NC(C(=O)N)Cc1ccc(O)cc1)=O)NC(C(NC(=O)C(CCC)CC)Cc1ccc(O)cc1)=O
-23.49    -23.53     14.95      0.47      c1ccc(S(=O)(n2ccc(CCC(O)=O)c2)=O)cc1
-19.34    -19.31     19.39      0.47      c1ccccc1-c1nn(-c2ccc(S(N)(=O)=O)cc2)c(-c2ccccc2)c1
-28.60    -28.70      9.51      0.47      c1(=NS(=O)(=O)c2cc(F)ccc2F)[nH]sc(Cl)n1
-29.02    -29.16      9.34      0.47      c1ccc(C(O)=O)c(C)c1-c1c(O)ccc(CC(C)C)c1
-39.50    -39.58     -1.21      0.47      S=C(N(CC1CC1)NC(CN1CCN(c2cccc(Cl)c2)CC1)=O)Nc1ccccc1
-25.43    -25.79     12.65      0.47      C(O)CN=c1[nH]c(N)c(C(c2ccc(F)cc2F)=O)s1
-28.54    -28.84      9.49      0.47      c1(C(=CCCCCC)c2cc(C(C)C)c(O)c(C(C)(C)C)c2)ccc(C(CC)(C)C)cc1
-21.20    -21.40     16.87      0.47      c1ccc2c(oc(=O)c(C(OCCOC)=O)c2)c1
-24.37    -23.99     14.25      0.47      O=c1n(CC(=O)Nc2c(C)cccc2C)cc(C(OC)=O)cc1
Human-Component   raw_Human-Component
0.46515092253685   0.46515092253685   
0.4691767990589142   0.4691767990589142   
0.4719947576522827   0.4719947576522827   
0.46599557995796204   0.46599557995796204   
0.46947890520095825   0.46947890520095825   
0.4678323268890381   0.4678323268890381   
0.4687598645687103   0.4687598645687103   
0.4673765003681183   0.4673765003681183   
0.4666541814804077   0.4666541814804077   
0.46629592776298523   0.46629592776298523   

14:22:19: local_reinforcement_logger.timestep_report +41: INFO     
 Step 25   Fraction valid SMILES: 100.0   Score: 0.4673   Time elapsed: 26   Time left: 25.0
  Agent     Prior     Target     Score     SMILES
-29.03    -29.14      9.48      0.47      C(CNN=C(C(c1ccccc1)=O)c1ccccc1)(=O)OC
-44.38    -44.23     -6.32      0.46      c1c2c(cc(CNC3CC(NC(C(c4cccs4)c4ccccc4)=O)C4(C)CCCCC43)cc2)ccc1
-20.19    -20.66     17.80      0.47      C1c2c(cccc2)N(C(CSc2nccn2C)=O)CC1
-33.69    -33.34      4.37      0.46      C(CCN(CC)CC)N=c1c2c(c(C(NCc3ccccc3)=O)c3ccccc3n2)c2c(cccc2)[nH]1
-22.19    -22.41     15.81      0.47      c1(C)c(Cl)cc(S(=O)(=O)N=c2cc[nH]cn2)cc1
-24.89    -25.06     13.32      0.47      Cc1n(C)n(-c2ccccc2)c(=O)c1N(C)C(c1c(F)cccc1Cl)=O
-44.25    -44.86     -6.22      0.47      C12(C)Cc3c(nccc3)C1=C(C)CC1(C)C(C)(C)N1CC2C
-21.68    -21.94     16.20      0.47      c1cc(-n2c(=O)[nH]c(=O)cn2)ccc1OCCCCC
-43.24    -43.83     -6.22      0.46      C1CCCCCN1C(=O)Cn1nc(-c2sc(CC(=O)Nc3c(CC)cccc3C)cc2)cc1
-26.43    -26.74     11.14      0.46      O(C)c1ccccc1-c1cccc2c[nH]c(=Nc3ccc(-n4nc(N5CCOCC5)nc4)cc3)cc21
Human-Component   raw_Human-Component
0.47104841470718384   0.47104841470718384   
0.4622819125652313   0.4622819125652313   
0.4689948558807373   0.4689948558807373   
0.459875226020813   0.459875226020813   
0.4661288559436798   0.4661288559436798   
0.4680284559726715   0.4680284559726715   
0.47120317816734314   0.47120317816734314   
0.4651320278644562   0.4651320278644562   
0.4586551785469055   0.4586551785469055   
0.46193814277648926   0.46193814277648926   

14:22:20: local_reinforcement_logger.timestep_report +41: INFO     
 Step 26   Fraction valid SMILES: 96.9   Score: 0.4527   Time elapsed: 27   Time left: 24.0
  Agent     Prior     Target     Score     SMILES
-24.07    -24.06     14.01      0.46      S(=O)(N=c1o[nH]c(C)c1C)(=O)c1c(-c2ccc(-c3nccs3)cc2)cccc1
-29.05    -29.10      8.98      0.46      Cc1cc(C)c(C)cc1NC(N=c1sc(C#N)c(Cl)[nH]1)=O
-31.17    -30.42      7.63      0.46      c1(C(O)OCC(=O)NC(C(C)C)C(C)C)cc(O)n(Cc2ccc(C)cc2)c1
-30.82    -30.58      7.61      0.47      n1c(SCC(O)c2ccc(F)c([N+]([O-])=O)c2)oc(-c2cc3c(cc2)OCO3)n1
-22.70    -22.89     15.98      0.47      c1ccc(N(C)C)c2c1ccc(Br)c2
-36.28    -36.27      2.16      0.47      c1c2c(nc(C#N)nc2OC2CCCCC2C(=O)O)ccc1N(C)C
-23.73    -23.80     14.38      0.47      c1c(-c2c(C)c(C(NC3CN4CCC3CC4)=O)ccc2)cccc1
-22.74    -22.90     15.95      0.47      c1ccc(C2CC(NCc3ccccc3)c3c(ccc(Cl)c3)N2)cc1
-50.61    -50.29    -12.01      0.47      O(CC1c2c(cccc2)-c2c1cccc2)C(c1ccccc1Cl)c1c(COc2nn(C)c(-c3ccc(C(F)(F)F)cc3)c2)cccc1
-30.39    -30.45      7.62      0.46      c1(C(=O)c2ccccc2OC)c(-c2ccccc2F)[nH]c(=NC(=O)c2ccc(OC)cc2)s1
Human-Component   raw_Human-Component
0.4642030596733093   0.4642030596733093   
0.46442368626594543   0.46442368626594543   
0.4640273153781891   0.4640273153781891   
0.46583905816078186   0.46583905816078186   
0.47400516271591187   0.47400516271591187   
0.4685884714126587   0.4685884714126587   
0.465575248003006   0.465575248003006   
0.47379666566848755   0.47379666566848755   
0.4668276011943817   0.4668276011943817   
0.4642103612422943   0.4642103612422943   

14:22:21: local_reinforcement_logger.timestep_report +41: INFO     
 Step 27   Fraction valid SMILES: 96.9   Score: 0.4522   Time elapsed: 27   Time left: 22.2
  Agent     Prior     Target     Score     SMILES
-31.44    -31.13      6.35      0.46      c1cccc(-n2nc(C(Nc3cc(F)c(Oc4c5c(ncc4)cc(OCCCN4CCN(C)CC4)c(OC)c5)cc3)=O)c3c2csc3)c1
-19.22    -19.28     19.49      0.47      c1(=N)[nH]cc(Cc2cc(OC)c(O)cc2)s1
-23.02    -22.68     15.74      0.47      O=S1(=O)N(Cc2ccc(C)cc2)C(=O)c2ccccc2N1
-24.45    -24.60     14.27      0.47      N(O)(C=C1C(=O)OCC1)CC
-42.87    -42.28     -4.49      0.46      C1=C(c2c3c(cccc3)n(S(=O)(c3c(C)cc(C)cc3)=O)c2C#N)CCN(C(=O)c2ccccc2)C1
-23.58    -23.82     14.66      0.47      c1c(Cn2cc(CC(=O)N)c3cc(-c4cnccc4)ccc23)ccc(F)c1
-25.36    -26.22     11.94      0.47      C1CCCCCN1C(=O)c1cc2c(=O)cc(N3CCOCC3)oc2c(CCC)c1
-19.11    -18.95     19.37      0.47      o1c(C2N(C(C)=O)N=C(c3ccc(Br)cc3)C2)ccc1
-28.70    -28.39    -28.39      0.00      c1(=NNC(=O)C)ssc(SC2C(=O)OCC2)nn1
-27.08    -27.15     10.75      0.46      n1c(-c2cc(C)ccc2)c(-c2ccc3n(cc(NC(=O)c4ccnc(CC)c4)n3)n2)cn1C
Human-Component   raw_Human-Component
0.4571429491043091   0.4571429491043091   
0.4728616774082184   0.4728616774082184   
0.46853429079055786   0.46853429079055786   
0.47398877143859863   0.47398877143859863   
0.46084102988243103   0.46084102988243103   
0.4692745804786682   0.4692745804786682   
0.4652916491031647   0.4652916491031647   
0.4672274887561798   0.4672274887561798   
0.0   0.0   
0.46220293641090393   0.46220293641090393   

14:22:22: local_reinforcement_logger.timestep_report +41: INFO     
 Step 28   Fraction valid SMILES: 100.0   Score: 0.4677   Time elapsed: 28   Time left: 21.2
  Agent     Prior     Target     Score     SMILES
-20.71    -20.94     18.06      0.48      FC(C(N1CCN(CC)CC1)=O)(F)F
-31.59    -31.59      6.46      0.46      n1c(C)n(Cc2ccc(F)cc2)c(=O)c2c1ccc(C(N(C(C)C)C(C)C)=O)c2
-21.19    -21.57     17.44      0.48      O=C1C=C(N2CC2)C(=O)C(OC)=C1C
-27.83    -28.33     10.23      0.47      c1cc(OC)cc2c1CN1CCC23C1CCN(C)C3
-26.41    -26.48     11.85      0.47      C1CCCCN1c1nc2c(cccc2)c(-c2cc([N+](=O)[O-])ccc2)n1
-22.81    -22.86     15.24      0.46      c1(OCC(=O)Nc2cc3c(nc(C)s3)cc2)ccccc1Cl
-32.29    -32.42      5.52      0.46      O=C(C1N(Cc2cc3ccccc3s2)CC2(C1)CCNC2)Nc1ccccc1
-29.65    -29.45      8.36      0.46      c1c(N(C)S(c2c(Cl)cc(C)c(OCC(=O)NCC3OCCC3)c2)(=O)=O)cccc1Cl
-28.33    -28.51      9.58      0.46      c1(-c2[nH]c(=NC(=O)C)c(C#N)cc2-c2ccc(F)cc2)ccc(S(=O)(CC)=O)cc1
-36.62    -36.70      1.52      0.47      CN=c1nc2n(CCc3n[nH]c(=N)s3)cc(C(=O)N(C)C)c(=O)n2cc1
Human-Component   raw_Human-Component
0.4756261110305786   0.4756261110305786   
0.46406757831573486   0.46406757831573486   
0.4757700562477112   0.4757700562477112   
0.470175176858902   0.470175176858902   
0.467351496219635   0.467351496219635   
0.4646267890930176   0.4646267890930176   
0.46275418996810913   0.46275418996810913   
0.4610525667667389   0.4610525667667389   
0.46454063057899475   0.46454063057899475   
0.4661554992198944   0.4661554992198944   

14:22:22: local_reinforcement_logger.timestep_report +41: INFO     
 Step 29   Fraction valid SMILES: 100.0   Score: 0.4534   Time elapsed: 29   Time left: 20.3
  Agent     Prior     Target     Score     SMILES
-32.16    -32.36      5.97      0.47      c1c2c(c(NC(C=CCBr)=O)ccc2OC)ccc1
-23.10    -23.19     16.09      0.48      N#Cc1cc(C#N)c2cc[nH]c2c1
-22.69    -22.66     15.59      0.47      c1c2c(=O)c(C(=O)O)cn(C3CC3)c2cc(N2CC(=NOCC)C(C(N)=NOCC)C2)c1F
-23.77    -23.49     15.04      0.47      C(=O)(N1CCOCC1)NC(C(=NO)O)C(C)C
-22.94    -22.86     15.24      0.46      C1(C)CN(c2c(NC(c3c(N)ccc(-c4c(F)cccc4F)n3)=O)cncc2)CC(C)N1
-29.11    -29.65      8.55      0.47      C(Nc1cccc(C2CCN(CCCCCCCCCCCCCCCCCCC)CC2)c1)(=O)c1c(OC)ccc(Cl)c1
-32.90    -32.29      6.08      0.47      c1c(N2CC3(COC3)C2)c2cc(OC)c(OC)cc2[nH]c1=Nc1cc(OC)c(OC)c(OC)c1
-32.01    -31.97      6.99      0.48      c1(=N)o[nH]c(-c2sc3c(c(F)ccc3)n2)n1
-32.20    -32.14      5.79      0.46      c1c(C)c(NC(c2cc(-c3ccc4[nH][nH]c(=NC(=O)CCC)c4c3)ccc2)=O)c(C)cc1C
-51.72    -51.15    -13.12      0.46      O1CCN(C(=O)CC(C(=O)NC(CC(C)C)C(NC(C(C)C(C#N)NC)=O)=O)NC(=O)CC(C)C)CC1
Human-Component   raw_Human-Component
0.4674704074859619   0.4674704074859619   
0.4790627956390381   0.4790627956390381   
0.46643248200416565   0.46643248200416565   
0.4698871672153473   0.4698871672153473   
0.4646706283092499   0.4646706283092499   
0.4658380150794983   0.4658380150794983   
0.46799713373184204   0.46799713373184204   
0.47501859068870544   0.47501859068870544   
0.4625769853591919   0.4625769853591919   
0.46376293897628784   0.46376293897628784   

14:22:23: local_reinforcement_logger.timestep_report +41: INFO     
 Step 30   Fraction valid SMILES: 100.0   Score: 0.4665   Time elapsed: 30   Time left: 19.4
  Agent     Prior     Target     Score     SMILES
-23.32    -23.79     14.56      0.47      c1ccc(F)c(S(Nc2ccc(F)cc2Cl)(=O)=O)c1
-40.77    -40.41     -2.28      0.46      C1(CC(C(N2CSCC2)=O)NC(=O)OC2CCC3(C)C4CCC5(C)C(CCC5C(CO)=O)C4CCC3C2)CC1
-19.29    -19.79     18.61      0.47      n1(-c2ccc(C)cc2)c(-c2ccccc2)ccc1CCC(=O)O
-21.70    -21.85     16.46      0.47      c1cc(N2CCN(C(CNC(=O)CCc3ccccc3)=O)CC2)ccc1OC
-51.24    -50.50    -12.07      0.47      OC1(C)C(C(O)C(C(C(=CCCCC(C)C)C)O)F)OC2C1(O)CC(O)CC2
-23.90    -24.36     14.20      0.47      O=C(N1CCOCC1)N1CCCC1c1ccc(C)cc1
-29.20    -29.61      8.58      0.47      CCOC(CN=c1[nH]c(=N)c2cc(Cl)cc(Cl)c2[nH]1)c1ccccc1
-20.31    -20.47     18.17      0.47      O(c1ccc(S(=O)(=O)Nc2c3c(ccc2)CCCC3)cc1)C
-24.73    -24.75     13.50      0.47      c1(Cl)ccc(NC(C2C3CCC(C2C(O)=O)N3)=O)cc1
-22.83    -23.65     15.22      0.47      C1CCN=C(c2ccc3c(c2)OCCO3)C1
Human-Component   raw_Human-Component
0.46763667464256287   0.46763667464256287   
0.4649847745895386   0.4649847745895386   
0.46824896335601807   0.46824896335601807   
0.4671754539012909   0.4671754539012909   
0.46872678399086   0.46872678399086   
0.4703092575073242   0.4703092575073242   
0.46574532985687256   0.46574532985687256   
0.4712480306625366   0.4712480306625366   
0.46652737259864807   0.46652737259864807   
0.4739910364151001   0.4739910364151001   

14:22:25: local_reinforcement_logger.timestep_report +41: INFO     
 Step 31   Fraction valid SMILES: 100.0   Score: 0.4231   Time elapsed: 31   Time left: 18.4
  Agent     Prior     Target     Score     SMILES
-28.73    -29.22      9.26      0.47      C(CCOc1cccc(F)c1)CCCCC(c1nncs1)=O
-19.30    -19.21     19.59      0.47      C1(=S)NC(=O)C(Cc2ccc(C)s2)=N1
-19.90    -20.00     18.88      0.47      c1(OC)c2c(ccc1)CC1(CN=CN1)CC2
-28.61    -28.24     10.06      0.47      c1c(OC)cc2c(c1)C1C(CCO1)N(Cc1ccc(Cl)cc1)C2
-18.88    -19.21     19.36      0.47      c1cc(C(=O)c2c(N)scc2C)ccc1F
-21.10    -21.48     16.81      0.47      c1c(F)ccc(C(=O)c2c(N)nc(-c3ccccc3)s2)c1
-19.64    -19.81     18.32      0.47      c1(C(c2ccccc2)CCNC(c2cc(OC)c(OC)c(OC)c2)=O)ccccc1
-22.99    -23.18     15.26      0.47      O=S(N)(c1ccc(CCNC(=O)c2cc(-c3ccccc3)[nH]n2)cc1)=O
-27.06    -27.78     11.20      0.48      C1(CCO)c2c(-c3cccnc3)cccc2CC1
-31.53    -31.89      5.92      0.46      C(=O)(COc1cc(-c2cnc3ccccn23)ccc1-c1ccccc1C)N
Human-Component   raw_Human-Component
0.4693368673324585   0.4693368673324585   
0.4731290340423584   0.4731290340423584   
0.4741381108760834   0.4741381108760834   
0.46714112162590027   0.46714112162590027   
0.4703797698020935   0.4703797698020935   
0.4669642746448517   0.4669642746448517   
0.4650523066520691   0.4650523066520691   
0.46879205107688904   0.46879205107688904   
0.47537338733673096   0.47537338733673096   
0.4611256718635559   0.4611256718635559   

14:22:26: local_reinforcement_logger.timestep_report +41: INFO     
 Step 32   Fraction valid SMILES: 96.9   Score: 0.4105   Time elapsed: 32   Time left: 17.5
  Agent     Prior     Target     Score     SMILES
-23.96    -23.57     14.98      0.47      C(C(C(=O)O)=NC(=O)CCc1c(Cl)cccc1)Cc1ccccc1
-26.10    -26.30     11.82      0.46      Clc1ccc(CNC(c2cc(=O)[nH]c3ccccc32)=O)nc1
-19.90    -20.56     18.36      0.47      O=c1ccc(N2CCN(C)CC2)nn1-c1ccccc1
-19.68    -19.76     18.93      0.47      NS(=O)(=O)c1ccc(N=Cc2ccc(SC)cc2)cc1
-26.84    -27.16     11.76      0.47      OC(=O)CN(C)C(CC=CC=CCC=CCC=CCC=CCC=CCC)=O
-43.05    -43.55     -5.23      0.47      CC12C(=CCC(=O)C1)C1C(CCCCCCCC(=O)OC)C3C(CCC3C1)CC2
-27.44    -28.35     10.68      0.48      N1C(CCC)CN(C2CCC(c3ccccc3)CC2)CC1
-22.80    -23.25     15.32      0.47      c1c(OC)ccc2c1ccc1c2C(=O)C=C(C)C1=O
-22.40    -22.66     16.24      0.47      c1c2c(c3c(c1)NC(CCl)CO3)cccc2
-27.63    -27.43     10.74      0.47      NC(C(C#N)=Cc1c(Oc2cc(O)ccc2)nc2ccccn21)=O
Human-Component   raw_Human-Component
0.47014862298965454   0.47014862298965454   
0.4649175703525543   0.4649175703525543   
0.4746040105819702   0.4746040105819702   
0.4719080924987793   0.4719080924987793   
0.47468480467796326   0.47468480467796326   
0.4673038721084595   0.4673038721084595   
0.47594788670539856   0.47594788670539856   
0.47038957476615906   0.47038957476615906   
0.4743841588497162   0.4743841588497162   
0.4654381275177002   0.4654381275177002   

14:22:26: local_reinforcement_logger.timestep_report +41: INFO     
 Step 33   Fraction valid SMILES: 96.9   Score: 0.4541   Time elapsed: 33   Time left: 16.5
  Agent     Prior     Target     Score     SMILES
-19.34    -19.90     18.45      0.47      c1ccc(CN2CCC(COC(=O)c3ccc(F)cc3)CC2)cc1
-28.39    -28.86      9.36      0.47      CC(C)(C)NC(C(c1cccs1)N(C(=O)c1ccccc1O)Cc1occc1)=O
-23.60    -23.49     14.51      0.46      C1CN(CCNC(=O)c2ccc(Cn3c(=O)n(CC(=O)Nc4c(C)cccc4)c4c(cccc4)c3=O)cc2)CCO1
-19.57    -19.54     19.05      0.47      c1(C2=NCC(=O)N(C)c3cc4c(cc32)OCCO4)ccc(Cl)cc1
-25.54    -25.32     11.96      0.45      c1(S(N2CCCCC2)(=O)=O)cc(NC(COC(=O)c2c(Nc3ccccc3)cccc2)=O)ccc1C
-41.05    -41.50     -3.52      0.46      n12c3c(occ3)c(Cn3c(=O)cc(OC)cc3)nc1c(C)nc2-c1ccccc1Cl
-20.43    -20.93     17.75      0.47      c12cc(C3C(O)CN(C)CC3)ccc1OCCO2
-21.37    -22.22     16.46      0.47      c1c(C)ccc(Oc2c(F)c(F)nc(F)c2F)c1
-27.75    -27.80     10.19      0.46      c1(Cl)cc([N+](=O)[O-])cc(Cl)c1NC(COC(=O)c1ccc(S(N2CCCCC2)(=O)=O)cc1)=O
-39.67    -39.35     -1.07      0.47      C(C1C(O)CC(n2cc(-c3ccc(CCC(NCC(O)=O)=O)cc3)nn2)OC1)O
Human-Component   raw_Human-Component
0.4676409959793091   0.4676409959793091   
0.46610575914382935   0.46610575914382935   
0.46342453360557556   0.46342453360557556   
0.47059550881385803   0.47059550881385803   
0.45458558201789856   0.45458558201789856   
0.4632735848426819   0.4632735848426819   
0.4717482328414917   0.4717482328414917   
0.4717300236225128   0.4717300236225128   
0.4632156789302826   0.4632156789302826   
0.4668852686882019   0.4668852686882019   

14:22:27: local_reinforcement_logger.timestep_report +41: INFO     
 Step 34   Fraction valid SMILES: 100.0   Score: 0.4677   Time elapsed: 34   Time left: 15.5
  Agent     Prior     Target     Score     SMILES
-44.09    -43.90     -5.98      0.46      c1(O)c2c(ccc1)C(=O)c1cc3c([nH]c4c3CC[N+]3(C)CC(F)(F)CC34)cc1S2(=O)=O
-39.80    -39.75     -1.66      0.46      C1(C(=O)N)C(=O)C2(O)C(CC3C=COC3O2)C2=C(C)C(=O)C(OC(Cc3ccccc3)=O)C12
-37.79    -37.11      0.90      0.46      c1ccc(C(C)C)c(NC(=O)NS(=O)(N(S(c2ccc(Cl)cc2)(=O)=O)c2ccc(C(=O)C)cc2)=O)c1C(C)C
-40.51    -41.35     -3.37      0.46      C(c1ccccc1)C(CNC1c2ccc(=O)n(CCN3CCOCC3)c2CCC1)NC(=O)CN1CCc2cc(OC)ccc2C1
-24.99    -25.12     13.29      0.47      n1ccnc2ccc(CCc3[nH]cc(CC(CC)(CC)C)n3)cc12
-32.60    -32.46      5.79      0.47      N(=c1n(Cc2ccccc2)[nH]c2c1C[S+]([O-])C2)C(=O)C1C=CCCC1
-26.55    -26.96     11.31      0.47      c1nnnn1-c1ccc(NCCC2(c3ccccc3)CCCCC2)cc1
-19.87    -19.91     18.18      0.46      c1(C(=O)OCC)sc(=Nc2c(OC)cccc2)[nH]c1C
-19.18    -19.99     19.01      0.48      C1CCCN(C2CCN(c3c(OC)cccc3)CC2)C1
-30.60    -30.88      7.34      0.47      n1c[nH]c2c1c(=NCCc1ccc(NC(=O)N)cc1)[nH]c(N1CCCCC1)n2
Human-Component   raw_Human-Component
0.462430864572525   0.462430864572525   
0.46451708674430847   0.46451708674430847   
0.46354126930236816   0.46354126930236816   
0.4632008373737335   0.4632008373737335   
0.4684230387210846   0.4684230387210846   
0.4664650559425354   0.4664650559425354   
0.46675071120262146   0.46675071120262146   
0.46453261375427246   0.46453261375427246   
0.4756408631801605   0.4756408631801605   
0.46608567237854004   0.46608567237854004   

14:22:28: local_reinforcement_logger.timestep_report +41: INFO     
 Step 35   Fraction valid SMILES: 100.0   Score: 0.4383   Time elapsed: 35   Time left: 14.6
  Agent     Prior     Target     Score     SMILES
-18.62    -18.92     19.89      0.47      n1(C(c2ccc(F)cc2)C)cncc1
-24.97    -25.56     12.94      0.47      C1CCN(C(c2ccccc2Cl)=O)CCC1O
-27.00    -27.21     11.21      0.47      C(NC(c1ccccc1)=O)CCCC(NC(=O)C(N)Cc1ccc(O)cc1)C(=O)O
-28.03    -28.62      9.08      0.46      C(CCCCNC(=O)Cn1c(=O)c(=NCCc2ccccc2)[nH]c(C)c1Cl)N
-29.49    -30.46      7.54      0.46      S(c1ccccc1-c1ccc(Cn2ccc3c2cccc3)cc1)(=O)(=O)N=c1[nH]ccs1
-18.10    -18.72    -18.72      0.00      c1cccc(CC(NCCCO)=O)c1
-25.86    -26.06     12.09      0.47      C(=O)(c1ccccc1-c1nc(-c2cc(OC)c(OC)cc2)no1)NCCCC
-49.68    -48.86    -10.89      0.46      C(CC)N(CCCC)c1cc(C(=O)NC(C(N2CCC(OCOC)CC2)=O)Cc2cc(Br)c(N)c(Br)c2)ccc1
-27.36    -27.40     10.84      0.47      o1c2c(cc(C(N(O)C(C)C)=O)c1=O)CCCC2
-23.18    -22.92     15.66      0.47      c1c2c(ccc1)C(=O)N(Cc1c(C)nn(-c3ccccc3)n1)C2=O
Human-Component   raw_Human-Component
0.47331562638282776   0.47331562638282776   
0.4695521891117096   0.4695521891117096   
0.4684436619281769   0.4684436619281769   
0.4597603380680084   0.4597603380680084   
0.46348923444747925   0.46348923444747925   
0.47170695662498474   0.47170695662498474   
0.4652421474456787   0.4652421474456787   
0.4630089998245239   0.4630089998245239   
0.46633896231651306   0.46633896231651306   
0.47049570083618164   0.47049570083618164   

14:22:29: local_reinforcement_logger.timestep_report +41: INFO     
 Step 36   Fraction valid SMILES: 100.0   Score: 0.4096   Time elapsed: 36   Time left: 13.6
  Agent     Prior     Target     Score     SMILES
-27.18    -27.23     11.30      0.47      N(C(C)(C)C)C(=O)C(NCCc1nc2c(cccc2)[nH]1)=O
-25.21    -25.34     13.23      0.47      N1(C)C(=O)C2(NC1=O)CCCCC2COCc1ccccc1
-33.86    -33.61    -33.61      0.00      C(C(C)C)(NS(=O)(c1ccc(OC)cc1)=O)C(OCCOCCO)=O
-23.02    -23.32    -23.32      0.00      C(C)(C)(O)C(=O)Nc1ccc(OC)cc1
-30.38    -30.92      7.80      0.47      Cc1c(C)c(C#N)c(S(Cc2nnc(C)o2)(=O)=O)s1
-25.02    -25.01     13.70      0.47      CC(n1c2c(c(N(c3ccccc3)CC)ncn2)nc1)C
-22.33    -22.51     16.84      0.48      CCCN(CC1C(C)(C)O1)CCC
-37.93    -37.48      0.31      0.46      N(C(C1C2CCC(N1)C2)c1ccccc1)C(=O)c1c(NC(=O)N)sc(-c2ccccc2)c1
-30.82    -31.96      6.08      0.46      C(CN1CCCCC1)C(C)NC(c1ccc(C)nc1OCc1ccc(F)cc1)=NO
-18.86    -19.21     19.57      0.47      c1(S(=O)(N)=O)sc2cc(OC)ccc2n1
Human-Component   raw_Human-Component
0.46998658776283264   0.46998658776283264   
0.47035908699035645   0.47035908699035645   
0.46525514125823975   0.46525514125823975   
0.4702291488647461   0.4702291488647461   
0.47217509150505066   0.47217509150505066   
0.4720885157585144   0.4720885157585144   
0.4798348844051361   0.4798348844051361   
0.4608021378517151   0.4608021378517151   
0.4639987349510193   0.4639987349510193   
0.472908616065979   0.472908616065979   

14:22:30: local_reinforcement_logger.timestep_report +41: INFO     
 Step 37   Fraction valid SMILES: 93.8   Score: 0.4089   Time elapsed: 37   Time left: 12.7
  Agent     Prior     Target     Score     SMILES
-29.27    -29.26      9.10      0.47      O=C(c1cn2c3c(cc(C)c(NC(C)=O)c3)oc2c1)O
-29.92    -30.10      8.66      0.47      C(c1c(F)cccc1F)[n+]1ccn(CCCCCCCCc2ccccc2)c1CC
-24.33    -25.04     13.41      0.47      c1cc(C)ccc1-c1[nH]c(=N)ncc1-c1ccc(OCC)cc1
-27.32    -27.06     10.65      0.46      C(CNS(C)(=O)=O)Oc1c(OCCOC)cc2c(nc[nH]c2=Nc2cc(Cl)c(F)cc2)c1
-33.77    -32.70      5.08      0.46      c1c(Cl)c(C)cc(S(Nc2cc(NC)c(Nc3ccc(C(O)=O)cc3)cc2)(=O)=O)c1OC
-31.61    -31.68      6.63      0.47      C(C)(C)Cn1c2c(c(=NS(=O)(CC)=O)[nH]1)cccc2OC
-19.48    -19.62     18.70      0.47      c1(-c2nc(-c3ccc(OC(F)F)c(OC)c3)n3c2CCOCC3)cc(C)nc(C)c1
-24.23    -25.61     13.29      0.47      c1cccc(-c2ccnn2C)c1N1CCN(C)CC1
-26.95    -27.89     10.82      0.47      C1Cc2c(cccn2)CN1C(=O)C1NCC(Oc2ccccc2)C1
-23.36    -24.28     14.21      0.47      c1cccc2c1cc(Cc1c(Cl)cccc1)[nH]c2=O
Human-Component   raw_Human-Component
0.4678066074848175   0.4678066074848175   
0.4727265238761902   0.4727265238761902   
0.46886152029037476   0.46886152029037476   
0.45986422896385193   0.45986422896385193   
0.46069270372390747   0.46069270372390747   
0.46719497442245483   0.46719497442245483   
0.46723976731300354   0.46723976731300354   
0.47443369030952454   0.47443369030952454   
0.4721277952194214   0.4721277952194214   
0.46934810280799866   0.46934810280799866   

14:22:31: local_reinforcement_logger.timestep_report +41: INFO     
 Step 38   Fraction valid SMILES: 96.9   Score: 0.4379   Time elapsed: 37   Time left: 11.4
  Agent     Prior     Target     Score     SMILES
-24.91    -25.36     12.74      0.46      O1CCN(c2nc(=Nc3ccc(C)cc3)[nH]c(=NN=Cc3ccccc3Br)[nH]2)CC1
-30.95    -31.36      6.46      0.46      O=[N+](c1ccc(C)c(S(N2C3C2OCC(=O)C3)(=O)=O)c1)[O-]
-21.97    -22.25     16.24      0.47      [N+](c1cc(N=c2c3ccccc3[nH]c3c2cccc3)cc(CO)c1)([O-])=O
-38.79    -39.47     -1.19      0.47      c1ccc2c([nH]c3c2c2c(c4c3n3c5c(cccc53)CCC4)C3C(C)(O3)C(OC)=CC2)c1
-25.73    -26.53     11.63      0.47      C1C2CC3CC(CC1(CCNCc1cc(-c4ccc(-c5[nH]c6cccc(C)c6n5)cc4)ccc1)C3)C2
-41.35    -41.87     -3.51      0.47      C(C=CC1C2C3N(CCCC3CN(S(C)(=O)=O)C2)CC1O)#Cc1ccc(OC)cc1
-34.75    -35.18      3.22      0.47      C(n1c2ccccc2c2c1nc(N1CCCCCC1)nc2)CN1Cc2ccccc2CC1
-32.33    -33.33      4.82      0.47      C1CCCCCN1c1[nH]c2c(c(=NCCNC)n1)COc1ccccc1-2
-33.01    -33.13      5.53      0.47      c1(F)c(F)c(-c2cnc(N3CCCC3)c(O)c2)c(F)c(F)c1
-19.77    -19.74     18.64      0.47      c1cc(C)c(-n2nc(C)n(C(F)F)c2=O)c(C)c1
Human-Component   raw_Human-Component
0.4645371437072754   0.4645371437072754   
0.46122077107429504   0.46122077107429504   
0.4692912995815277   0.4692912995815277   
0.4668042063713074   0.4668042063713074   
0.46531689167022705   0.46531689167022705   
0.46781647205352783   0.46781647205352783   
0.46837344765663147   0.46837344765663147   
0.4652171730995178   0.4652171730995178   
0.4715023636817932   0.4715023636817932   
0.46807506680488586   0.46807506680488586   

14:22:32: local_reinforcement_logger.timestep_report +41: INFO     
 Step 39   Fraction valid SMILES: 100.0   Score: 0.4532   Time elapsed: 38   Time left: 10.5
  Agent     Prior     Target     Score     SMILES
-29.36    -30.30      7.92      0.47      c1(C=CC(=O)OCC)ccccc1N1CC2C(C1)CNC2
-25.23    -25.53     13.10      0.47      C(N1C(c2cccc(F)c2)CCC1)c1ncc(-c2ccccc2)o1
-22.14    -22.23     16.14      0.47      Clc1ccc(C(c2oc3ccc(OC)cc3c2C)=O)cc1
-28.87    -28.83      9.71      0.47      COc1c(OC)ccc(-c2cscc2-c2onc(C)c2)c1O
-18.23    -19.33     19.74      0.48      c1c2ccccc2ccc1C(C)C
-27.51    -27.61    -27.61      0.00      C(C(NCC=CC=CC=O)=O)Cc1ccccc1
-30.90    -30.18      7.81      0.46      O(CC)C(=O)C1(CC=Cc2ccc([N+](=O)[O-])cc2)CCN(Cc2ccc(Cl)cc2)CC1
-28.12    -27.45     11.01      0.47      c1(C#Cc2ccc(CN)cc2)cnc(N2C(=O)OCC2C(O)C)nc1
-31.32    -30.82      7.19      0.46      c1(-c2ccc(-c3c(S(NCC)(=O)=O)cccc3)c3cccnc23)cccc(OC)c1
-25.81    -26.49     11.85      0.47      C1N(S(c2cc(-c3nnc4c5ccccc5c(C)nn34)ccc2)(=O)=O)CCCC1C
Human-Component   raw_Human-Component
0.4661082625389099   0.4661082625389099   
0.47110581398010254   0.47110581398010254   
0.4679531157016754   0.4679531157016754   
0.46999019384384155   0.46999019384384155   
0.47638580203056335   0.47638580203056335   
0.46842315793037415   0.46842315793037415   
0.46337461471557617   0.46337461471557617   
0.469076007604599   0.469076007604599   
0.46358522772789   0.46358522772789   
0.4676162004470825   0.4676162004470825   

14:22:32: local_reinforcement_logger.timestep_report +41: INFO     
 Step 40   Fraction valid SMILES: 100.0   Score: 0.4382   Time elapsed: 39   Time left: 9.5
  Agent     Prior     Target     Score     SMILES
-34.43    -34.43      3.60      0.46      O=C(c1cn(CCCl)c(=O)c(Cc2ccc([N+](=O)[O-])cc2)c1)OCC
-32.64    -32.37      5.68      0.46      FC(c1cc(NC2CNCCC2)ccc1S(=O)(=O)Nc1cc(N2CC(C)NC(C)C2)ccc1)(F)F
-19.68    -20.29     18.53      0.47      C1N2CCC(C(Oc3ccc(C(F)(F)F)cc3)C2)C1
-37.37    -36.59      1.40      0.46      c1(=O)[nH]c(=O)n(C2CC(O)C(C)(O)C2NC(c2cc(Cl)ccc2)=O)cc1N
-21.27    -21.87     16.85      0.47      c1(S(=O)(NCc2ccccc2Cl)=O)ccc(Cl)cc1
-30.95    -30.49      8.02      0.47      n1(-c2nc(C)nc3sc4c(c23)nnn(CCC#N)c4=O)cccc1
-30.99    -30.95      7.65      0.47      c1cc(F)c(Sc2c(OC3C(O)C(O)C(O)CO3)cccc2O)cc1
-37.67    -37.34      0.77      0.46      N(C(C)C1CN2CCC1CC2)C(=O)c1c(Cl)cc(Cl)c(S(N2CCN(C)CC2)(=O)=O)c1
-23.94    -24.59     13.70      0.47      c1(-c2ccccc2)ccc(CN=c2c3ncn(C(C)C)c3[nH]c(=NC(CCC)C)[nH]2)cc1
-40.43    -41.00     -2.36      0.47      C1C(C)CN2c3cc(SC)sc3C(C)CC2N1c1ccccc1
Human-Component   raw_Human-Component
0.46375951170921326   0.46375951170921326   
0.4639756977558136   0.4639756977558136   
0.4733999967575073   0.4733999967575073   
0.4632854759693146   0.4632854759693146   
0.47223421931266785   0.47223421931266785   
0.46964630484580994   0.46964630484580994   
0.47075313329696655   0.47075313329696655   
0.464751273393631   0.464751273393631   
0.4669770300388336   0.4669770300388336   
0.4711592495441437   0.4711592495441437   

14:22:34: local_reinforcement_logger.timestep_report +41: INFO     
 Step 41   Fraction valid SMILES: 100.0   Score: 0.4534   Time elapsed: 40   Time left: 8.6
  Agent     Prior     Target     Score     SMILES
-23.31    -23.84     14.88      0.47      c1(=O)[nH]c(=O)n(OCC)c(=O)n1CCc1ccccc1
-21.94    -21.82     16.40      0.47      c1(=Nc2cc(OC)ccc2)[nH]c(=NC2CCCC2)nc(N2CCOCC2)[nH]1
-22.06    -22.37     15.67      0.46      CC(C)(C)c1ccc(OCc2onc(C(=O)N3CCCCCC3)c2)cc1
-28.80    -28.80      9.53      0.47      c1nc2c(c(OC(=O)C)c1OC)C(=O)c1ccsc1C2=O
-27.98    -28.19     10.31      0.47      c12c3c(c(CCn4nccc4)cc1)CCC(=O)N3CC2
-20.33    -20.48     17.98      0.47      c1([N+]([O-])=O)cc(C(F)(F)F)cc([N+](=O)[O-])c1Oc1cc(C)ccc1
-38.54    -39.38     -0.98      0.47      CCOC(CC1C2CCC(C1C(=O)O)N2C(=O)CNC(C(CC)CC)=O)=O
-35.02    -34.68      3.55      0.47      C(CCN1CCOCC1)Oc1cc2c(C(c3ccc(F)cc3)=O)nn(-c3ccc(F)cc3)c(=O)c2cc1
-26.63    -27.21     11.61      0.47      C1(c2ccncc2)C(C)(C)C(N)(C)CC1
-34.11    -33.51      4.16      0.46      S(CC)(=O)(c1c2nc(C)cc(C)n2nc1SCC(Nc1c(C#N)c2c(s1)CCCC2)=O)=O
Human-Component   raw_Human-Component
0.47226202487945557   0.47226202487945557   
0.4661440849304199   0.4661440849304199   
0.46390649676322937   0.46390649676322937   
0.4674070179462433   0.4674070179462433   
0.46950119733810425   0.46950119733810425   
0.46898698806762695   0.46898698806762695   
0.46820181608200073   0.46820181608200073   
0.46623000502586365   0.46623000502586365   
0.47336524724960327   0.47336524724960327   
0.4593772888183594   0.4593772888183594   

14:22:34: local_reinforcement_logger.timestep_report +41: INFO     
 Step 42   Fraction valid SMILES: 100.0   Score: 0.4667   Time elapsed: 41   Time left: 7.6
  Agent     Prior     Target     Score     SMILES
-36.64    -36.41      1.93      0.47      C1C2NC(=O)N(Cc3cccc(C)n3)CC2CN1S(CCC)(=O)=O
-26.62    -27.06     11.32      0.47      N(c1ccccc1C(=O)NCCO)C(=O)Cc1ccc(F)cc1
-26.65    -27.25     11.11      0.47      C1CNCCN1c1cc(C2NC(=O)N=C(C)C2C(=O)C)ccc1Cl
-26.01    -25.47     12.89      0.47      N(C(c1cnn(C)c1)=O)Cc1c(C)n(CCC)nc1C
-32.33    -33.06      5.62      0.47      C1(C#N)C(c2ccccc2F)c2ccccc2C1CCCN1CCOCC1
-35.04    -34.74      3.40      0.47      Fc1c(N=c2[nH]c(C3COc4ccc([N+](=O)[O-])cc4C3)cs2)cccc1
-31.49    -29.94      8.44      0.47      c1(CCC(=O)NC2C(OC(CC)CC)=CC(C(=O)O)CC2N)ccc(C(=O)N)cc1
-33.93    -33.36      4.93      0.47      CC(c1sc2c(c1)[nH]c(=O)[nH]c2=O)=NOCc1ccc(C(O)=O)cc1
-24.89    -25.16     13.29      0.47      c1(OC)cc2c(cc1)C1CCCN=C1C(C#N)C2=O
-39.42    -38.48     -0.87      0.46      n1(-c2ccccc2)nc(C(=O)Nc2ccc(S(=O)(=O)N3c4ccccc4[N-]C(=O)C3=O)cc2)c2c1-c1ccc(C3CC3)cc1CC2
Human-Component   raw_Human-Component
0.46749934554100037   0.46749934554100037   
0.46808794140815735   0.46808794140815735   
0.46782106161117554   0.46782106161117554   
0.4677502512931824   0.4677502512931824   
0.4717899262905121   0.4717899262905121   
0.4650883972644806   0.4650883972644806   
0.46809959411621094   0.46809959411621094   
0.46699029207229614   0.46699029207229614   
0.4688209593296051   0.4688209593296051   
0.4586571455001831   0.4586571455001831   

14:22:35: local_reinforcement_logger.timestep_report +41: INFO     
 Step 43   Fraction valid SMILES: 100.0   Score: 0.4675   Time elapsed: 42   Time left: 6.7
  Agent     Prior     Target     Score     SMILES
-36.65    -36.89      1.74      0.47      C1C(NCCCCCC(=O)NCCCCCCCCNC(=O)C(CCCNC(N)=N)N)CCC(CCCN)C1
-23.32    -23.42     15.32      0.47      N#Cc1c(=N)n(-c2ccc(OCc3ccccc3)cc2)[nH]c1
-41.34    -41.96     -3.22      0.47      c1(N(C)C)ccc(-c2cc3[nH]cc(-c4cc(OC)c(CC)cc4OC)c3cc2)cc1
-29.86    -29.95      8.36      0.47      c1(SC(=S)Nc2ccccc2)[nH]nc(-c2ccccc2OC)c(=O)n1
-30.37    -30.96      7.30      0.47      c1cncc(C2C3C(=NC(c4ccccc4)=C3C(=O)OC)CC(C)(C)C2)c1
-25.59    -26.72     11.97      0.47      c1cc(-c2ccccc2)ccc1CN(C)CCCCCCN(CCCC)CCCC
-45.20    -46.68     -8.08      0.47      C1C2C(C)(OCC#C)CC3(C)C4CC4C2(C)CNC31
-37.41    -36.56      1.06      0.46      S(=O)(c1cc2sc(=NC(NC(=O)c3sc(Cl)cc3)=O)[nH]c2cc1)(C)=NC(OCC)=O
-30.90    -30.67      7.67      0.47      c1cc2c(c3c(cc2O)C(=O)C(OC(C)=O)C(OC(=O)C)C3(C)C)cc1
-27.39    -27.80     11.00      0.47      N(C(C(CCN)NC(C)=O)=O)C12CC3CC(C1)CC(C2)C3
Human-Component   raw_Human-Component
0.47109946608543396   0.47109946608543396   
0.4724908471107483   0.4724908471107483   
0.47248098254203796   0.47248098254203796   
0.4671529233455658   0.4671529233455658   
0.46661195158958435   0.46661195158958435   
0.47184959053993225   0.47184959053993225   
0.4708094596862793   0.4708094596862793   
0.4587288796901703   0.4587288796901703   
0.46758392453193665   0.46758392453193665   
0.4732215404510498   0.4732215404510498   

14:22:36: local_reinforcement_logger.timestep_report +41: INFO     
 Step 44   Fraction valid SMILES: 100.0   Score: 0.4246   Time elapsed: 43   Time left: 5.7
  Agent     Prior     Target     Score     SMILES
-27.50    -27.67     11.17      0.47      c1(=N)[nH]c(=N)c(C2C(O)C(O)C(O)CO2)c[nH]1
-35.63    -35.25      2.97      0.47      [nH]1c2c(ccc(Cl)c2)c(=Nc2cc(C3N(c4ccc(OC)cc4)CCCC3)cc([N+]([O-])=O)c2)cc1
-23.13    -23.45     14.65      0.46      c1(C#CC2(CN3C(=O)c4cc(OC)ccc4C3)C(=O)NC(=O)N2)ccc(-n2ccnc2CN(C)C)cc1
-25.35    -26.01     12.78      0.47      O=c1cc(-c2ccccc2Cl)c2c(n1C)CCCC2=O
-26.68    -25.94     11.96      0.46      C(=O)(Nc1c(Br)cc(C)cc1)c1c(=O)c2c(ccc(C(C)(C)C)c2)[nH]c1
-31.74    -31.15      6.90      0.46      O=C(c1c(SSc2ccccc2C(=O)Nc2ccc(S(=O)(=O)NC(=O)C(C)C)cc2)cccc1)N
-28.61    -28.91    -28.91      0.00      c1(C(=N)N)cccc(NC(C(NCC)CC(=O)O)=O)c1
-26.61    -26.73     11.85      0.47      C(CCC)CC=CCc1oc(=O)c(CCCCCC)c(O)c1
-31.32    -32.00    -32.00      0.00      C(CCCCCCCCCCCC)CCC[S+](CCCCNCC(c1cccc(F)c1)O)[O-]
-21.93    -22.47     16.16      0.47      c12nc(N3CCOCC3)nc(-c3cncc(OC)c3)c1CCN2c1ccncc1
Human-Component   raw_Human-Component
0.47373902797698975   0.47373902797698975   
0.4660731852054596   0.4660731852054596   
0.4646226763725281   0.4646226763725281   
0.4729909598827362   0.4729909598827362   
0.4622632563114166   0.4622632563114166   
0.46401602029800415   0.46401602029800415   
0.46645089983940125   0.46645089983940125   
0.4705025553703308   0.4705025553703308   
0.46801429986953735   0.46801429986953735   
0.47103893756866455   0.47103893756866455   

14:22:37: local_reinforcement_logger.timestep_report +41: INFO     
 Step 45   Fraction valid SMILES: 96.9   Score: 0.4529   Time elapsed: 44   Time left: 4.8
  Agent     Prior     Target     Score     SMILES
-27.54    -27.13     11.49      0.47      C(N1CCN(c2nc3sc4cc(OCC)ccc4c3nn2)CC1)(=O)C
-21.40    -21.55     17.13      0.47      c1cc2c(cc1)C(=O)c1c(c3c(sc(C)n3)cc1)C2=O
-27.64    -27.52     10.71      0.47      c1(CNCc2c(C)nn(C)c2N(C)C)ccc(-n2cc3c(c(=O)n(C)cc3)c2C)cc1
-34.55    -34.94      3.15      0.46      C(CC1CCCCC1)(NC(O)c1cc(O)n(CCC)c1)C(NC(CC1CCCCC1)C(C(=O)CC(C)C)O)=O
-27.34    -27.70     10.70      0.47      c1cc(-c2c3c(ncnc3N3CCC(CN=c4ccc(-c5ccccc5)n[nH]4)CC3)sc2)ccc1
-21.13    -21.20     17.20      0.47      C(C)(C)c1cc(Cc2c[nH]c(=N)[nH]c2=N)c(C)cc1C
-19.51    -20.64     18.33      0.48      c12ccc(O)cc1OCC1N2CCCC1
-42.43    -43.26     -5.31      0.46      c12ccccc1nc1c(cc(NC(CNCCCN(C(C)=O)C)=O)cc1)c2NNc1ccccc1
-30.61    -30.46      7.24      0.46      N(=c1nc(N2CCN(S(=O)(c3ccc(C)cc3)=O)CC2)[nH]c(N)c1[N+](=O)[O-])c1cc(Cl)ccc1
-38.06    -37.55      0.55      0.46      C(c1c(=N)[nH]c(Nc2c(C(F)(F)F)cccc2)cc1-c1ncccc1Cl)(=O)O
Human-Component   raw_Human-Component
0.4709002673625946   0.4709002673625946   
0.47166281938552856   0.47166281938552856   
0.4662027359008789   0.4662027359008789   
0.4645169675350189   0.4645169675350189   
0.46835464239120483   0.46835464239120483   
0.4682888388633728   0.4682888388633728   
0.4752357006072998   0.4752357006072998   
0.4627223312854767   0.4627223312854767   
0.45980873703956604   0.45980873703956604   
0.4646657407283783   0.4646657407283783   

14:22:38: local_reinforcement_logger.timestep_report +41: INFO     
 Step 46   Fraction valid SMILES: 100.0   Score: 0.4521   Time elapsed: 45   Time left: 3.8
  Agent     Prior     Target     Score     SMILES
-35.33    -36.06      2.36      0.47      C(C)C=Cc1nc2c([nH]1)cccc2CCn1ccnc1
-39.62    -40.69     -2.29      0.47      C12C3(C)C(O)C4C5C(=C)C(O)CC5C(C)(CCC3C(C)(C)CC4)C1OC(=O)C2
-20.74    -20.91     17.29      0.47      O=C(CNC(=O)C12CCC(C)(C)CC1C1=CCC3C4(C)C(C(C)(C)C(O)CC4)CCC3(C)C1(C)CC2)O
-36.02    -36.52      1.08      0.46      c1cc(Cn2c(CNC3CNCCC3)cc3c2cccc3)ccc1C(=O)NC1CN(CC)CC1
-29.11    -28.55      9.54      0.46      OC1C(O)C(CO)OC(OC2C(CO)OC(Oc3cc4c(c(O)c3)C(=O)CC(c3ccc(O)c(O)c3)O4)C(O)C2O)C1OC1C(O)C(O)C(O)C(C)O1
-27.05    -26.48     11.34      0.46      C(=O)(N1CCC1(C)C(NCc1ccc(Cl)cc1)=O)c1c(OCC)cccc1
-28.85    -29.64      8.86      0.47      C(C1CC1)N1CC2(COCC3CC3)COc3ccccc3C2OC1
-25.21    -25.87     12.36      0.47      c1c(OC)ccc(-n2c(=O)cc(OC(C)C)cc2-c2ccc(S(C)(=O)=O)cc2)c1
-27.15    -27.32     10.67      0.46      c1c(-n2c(=O)c3c(ccc(F)c3)s2)c(C)ccc1C(=O)N1CCOCC1
-30.82    -30.38      8.03      0.47      c1cc2c(cc(N=c3cc(C)c4c(ccc(OC)c4)[nH]3)cc2)cn1
Human-Component   raw_Human-Component
0.46854904294013977   0.46854904294013977   
0.468378484249115   0.468378484249115   
0.46592676639556885   0.46592676639556885   
0.4585632085800171   0.4585632085800171   
0.4645122289657593   0.4645122289657593   
0.4611896574497223   0.4611896574497223   
0.4695734679698944   0.4695734679698944   
0.4662605822086334   0.4662605822086334   
0.46326079964637756   0.46326079964637756   
0.4685077667236328   0.4685077667236328   

14:22:39: local_reinforcement_logger.timestep_report +41: INFO     
 Step 47   Fraction valid SMILES: 100.0   Score: 0.4527   Time elapsed: 46   Time left: 2.9
  Agent     Prior     Target     Score     SMILES
-29.92    -29.46      8.99      0.47      c1(-c2cncc(F)c2)ccc2n(c(Cc3cc4ccncc4[nH]3)nn2)n1
-34.31    -34.85      2.85      0.46      c1cc(CN(C)c2c(C#N)cc(-c3cc(=NC4CCCCC4)n4[nH]cc(Cl)c4n3)cc2)ccc1
-20.73    -20.91     17.17      0.46      c1nccc(-c2nnc(SCC(Nc3cccc(OC)c3)=O)cc2)c1
-38.93    -38.52     -0.59      0.46      N1(CCCN(Cc2ccc3c(c2)Cc2c-3cccc2)c2nc3c(cc(OC)cc3)s2)CCCC1C(=O)OC
-24.58    -24.15     14.24      0.47      c1ccc2n(c(NC(C)(C)C)c(-c3c(OC)ccc(Br)c3)n2)c1
-33.29    -33.04      5.06      0.46      c12[nH]c3c(c(OCC(NCCNCCNCCN)=O)ccc3NCCN(CC)CC)c1cccc2
-29.66    -29.97      8.23      0.47      c1cc(C)ccc1-c1nc(CN(C2CCCC2)S(=O)(=O)c2ccc(F)c(C)c2)cs1
-42.95    -42.54     -4.83      0.46      C(CC(Nc1ccc(C#N)cc1)=O)Oc1c(-c2c(Cc3ccccc3)oc3c2cc(F)cc3)cccc1
-26.60    -26.79     11.46      0.47      O=S1(=O)N(CC(=O)N2CCCCC2)C(=O)C(c2ccccc2)(c2ccccc2)C1
-29.85    -29.32      8.89      0.47      C(c1c2c(c(S(=O)(=O)NC3CCCCC3)cc1)cccc2)(O)=O
Human-Component   raw_Human-Component
0.46896985173225403   0.46896985173225403   
0.45976439118385315   0.45976439118385315   
0.46443668007850647   0.46443668007850647   
0.4626343548297882   0.4626343548297882   
0.4680812656879425   0.4680812656879425   
0.4647217094898224   0.4647217094898224   
0.46584293246269226   0.46584293246269226   
0.4598937928676605   0.4598937928676605   
0.4663809835910797   0.4663809835910797   
0.46595290303230286   0.46595290303230286   

14:22:40: local_reinforcement_logger.timestep_report +41: INFO     
 Step 48   Fraction valid SMILES: 100.0   Score: 0.4676   Time elapsed: 46   Time left: 1.9
  Agent     Prior     Target     Score     SMILES
-27.68    -27.51     10.69      0.47      N(=c1cc(C)nc2cc(-c3ccc(OC)cc3)[nH]n21)C(=N)N
-30.49    -30.93      7.24      0.47      C1CCC(C)CN1C(=O)C(Oc1c2c(nccc2)n[nH]1)C
-26.95    -26.16     12.06      0.47      c1cc(C(NC(=S)N2C(=O)OCC2)=O)c(Cl)cc1
-25.37    -25.69     12.88      0.47      C1N(CC(=O)c2ccccc2)C(=O)C(C2CC2)(C)NC1=O
-33.10    -33.86      4.76      0.47      n1cc(OCCOC)ncc1C1C2NC(C)(c3c2cccc3)C1
-26.82    -26.88     11.60      0.47      C1(CO)C(n2cccn2)CCN(C(Cc2ccsc2)=O)C1
-27.24    -28.43      9.46      0.46      Cc1c(C)ccc(NC(=O)Cn2c(=O)n(-c3ccccc3)c3ccccc23)c1
-35.46    -36.08      1.27      0.46      n1c(Oc2ccc(NC(=O)N=c3cc(C)[nH]c4ccccc43)cc2F)ccnc1N1CCCOCC1
-18.18    -18.45     20.16      0.47      C1(=O)CC(C)(C)CC(=O)C1C=NCCN1CCN(Cc2ccccc2)CC1
-26.33    -25.94     12.88      0.47      OC(c1c2c(cc(OC)c(OC)c2)c(OC)nc1)=O
Human-Component   raw_Human-Component
0.4658903479576111   0.4658903479576111   
0.4655234217643738   0.4655234217643738   
0.46611663699150085   0.46611663699150085   
0.47039276361465454   0.47039276361465454   
0.47105830907821655   0.47105830907821655   
0.46928510069847107   0.46928510069847107   
0.4620855152606964   0.4620855152606964   
0.45549097657203674   0.45549097657203674   
0.47086045145988464   0.47086045145988464   
0.47340720891952515   0.47340720891952515   

14:22:41: local_reinforcement_logger.timestep_report +41: INFO     
 Step 49   Fraction valid SMILES: 100.0   Score: 0.4542   Time elapsed: 47   Time left: 0.9
  Agent     Prior     Target     Score     SMILES
-22.30    -22.62     16.41      0.48      [nH]1c(SC)nc(-c2ccc(-c3ccccc3)cc2)c1CCC
-46.54    -46.34     -8.21      0.46      C1C2CC3(CC=C(C)C)C1C(=O)OC3(C=CC=CC(O)=O)CCC2C
-21.84    -22.29     15.95      0.47      c1ccc(NC(NC2CCN(S(=O)(c3ccc(F)cc3)=O)CC2)=O)cc1
-29.13    -28.11      9.94      0.46      CN(C(=O)c1cc(Cn2c(C)cc([N+]([O-])=O)n2)ccc1)C1CCCCC1
-28.67    -27.75     10.83      0.47      c1(OC)cc(C2OC(C=Cc3ccc(OC)c(OC)c3)CO2)cc(OC)c1OC
-22.10    -21.95     16.36      0.47      C(F)(Oc1cccc(COC2Cn3c(nc([N+]([O-])=O)c3)OC2)c1)(F)F
-24.86    -25.30     13.28      0.47      c1c(-c2ccsc2)cccc1N=c1[nH]ccc(=Nc2ccc(F)cc2)[nH]1
-22.70    -23.28     15.13      0.47      c1(Br)ccc(C2N(S(=O)(c3ccccc3)=O)CCC2)cc1
-19.51    -20.03     18.03      0.46      c1cc(CCC(O)C=CC2C(CC=CCCCC(OC)=O)C(O)CC2O)ccc1
-23.72    -23.64     15.00      0.47      C(N=c1cc(C)cc(C)[nH]1)(C1CCN(S(=O)(=O)C)CC1)=O
Human-Component   raw_Human-Component
0.47606736421585083   0.47606736421585083   
0.46492570638656616   0.46492570638656616   
0.466304749250412   0.466304749250412   
0.4640231728553772   0.4640231728553772   
0.47055232524871826   0.47055232524871826   
0.4671727418899536   0.4671727418899536   
0.47045543789863586   0.47045543789863586   
0.46838465332984924   0.46838465332984924   
0.46408846974372864   0.46408846974372864   
0.47132956981658936   0.47132956981658936   

