15:46:11: local_reinforcement_logger.log_message +32: INFO     starting an RL run
15:46:12: local_reinforcement_logger.timestep_report +41: INFO     
 Step 0   Fraction valid SMILES: 100.0   Score: 0.5000   Time elapsed: 1   Time left: 50.0
  Agent     Prior     Target     Score     SMILES
-28.40    -28.40    -28.40      0.00      c1(-c2c(C(OC)=O)cccc2)ccc(C=C2C(=O)N(C(C(C)C)C(=O)O)C(=S)S2)cc1
-24.39    -24.39     -2.44      0.69      O1c2ccc(CN(c3ccccc3)C(c3ccc(O)cc3O)=O)cc2OC1
-17.62    -17.62      1.44      0.60      CC(Oc1ncc(C#Cc2ccc(CC(C)NC(C)=O)cc2)cn1)C
-25.30    -25.30    -11.89      0.42      Cc1ncnc(C)c1C(N1CCN(c2ccncn2)CCC1)=O
-22.72    -22.72     -4.86      0.56      c1c(S(=O)(=O)N=c2cc[nH]cn2)ncn1C
-22.37    -22.37    -11.47      0.34      O(C)c1ccc(NC(=S)NNC(c2ccc(Br)cc2)=O)cc1
-24.97    -24.97     -9.45      0.48      C(Nc1ccc(C2(CN3CCCC3)CC2)cc1)(=O)c1[nH]cc(C#N)n1
-27.89    -27.89    -19.09      0.28      C(C(O)COc1cc(C)ccc1)Oc1ccc(C=C2SC(=O)NC2=O)cc1OC
-29.40    -29.40    -19.80      0.30      c1(=O)n(-c2ccc(OCCCOc3ccc(Oc4ccccc4)cc3C)cc2)c(O)c[nH]c1=O
-23.00    -23.00     -3.69      0.60      Cc1c(O)c(OC)cc(C(CC)C)c1
Human-Component   raw_Human-Component
0.0   0.0   
0.6860215067863464   0.6860215067863464   
0.5956989526748657   0.5956989526748657   
0.4193548262119293   0.4193548262119293   
0.5580645203590393   0.5580645203590393   
0.3408602178096771   0.3408602178096771   
0.48494625091552734   0.48494625091552734   
0.2752688229084015   0.2752688229084015   
0.30000001192092896   0.30000001192092896   
0.603225827217102   0.603225827217102   

15:46:13: local_reinforcement_logger.timestep_report +41: INFO     
 Step 1   Fraction valid SMILES: 100.0   Score: 0.5000   Time elapsed: 2   Time left: 49.0
  Agent     Prior     Target     Score     SMILES
-24.20    -24.24     -3.60      0.65      C1CCCCC1N1C(=O)C(c2ccccc2)=NC12CCN(Cc1ccccc1)CC2
-26.46    -26.50     -8.26      0.57      c1(F)ccc(C(O)N2C(c3onc(C)c3)CCC2)cc1
-24.93    -24.96     -5.18      0.62      C1CCC1c1cc(=Nc2nc(=N)[nH]cc2C(F)(F)F)[nH][nH]1
-55.48    -55.43    -47.93      0.23      N1C2C3(OC(=O)c4ccccc4)C4(C(O)CCC(C3OC(c3ccccc3)=O)C4CO1)C(O)CC2OC(C)=O
-35.45    -35.42    -28.95      0.20      C(C(NC(c1ccc(SCCCCCCc2ccc(C(CC(=O)N)N)cc2)cc1)=O)CCC(=O)O)(O)=O
-63.58    -63.59    -59.46      0.13      C1CCCCC12C1CC34CCCN=C3C(C(=O)OC)C1(C(=O)C4CC)N2C(c1cccnc1)=O
-30.32    -30.23    -25.58      0.15      C(N(CC)C(c1cc(C(=O)NCc2ccccc2)ccc1)=O)C=Cc1ccccc1
-19.10    -19.09      3.41      0.70      C(N1CCCCC1)CN=[N+]=[N-]
-41.56    -41.57    -34.72      0.21      c12cc(Cl)ccc1nccc2-c1ccc(=NC(Cc2c3c(=O)n(C)c(=O)n(C)c3ccc2)=O)oc1
-31.10    -31.11    -17.31      0.43      Cc1noc(C(N=c2[nH]cc(C(C)(C)C)nc2)C)n1
Human-Component   raw_Human-Component
0.6451612710952759   0.6451612710952759   
0.5698924660682678   0.5698924660682678   
0.6182795763015747   0.6182795763015747   
0.23440860211849213   0.23440860211849213   
0.20215053856372833   0.20215053856372833   
0.12903225421905518   0.12903225421905518   
0.14516128599643707   0.14516128599643707   
0.7032257914543152   0.7032257914543152   
0.21397849917411804   0.21397849917411804   
0.4311828017234802   0.4311828017234802   

15:46:14: local_reinforcement_logger.timestep_report +41: INFO     
 Step 2   Fraction valid SMILES: 100.0   Score: 0.5000   Time elapsed: 3   Time left: 48.0
  Agent     Prior     Target     Score     SMILES
-19.93    -19.88    -13.00      0.22      n1(C2OC(CO)C(O)C2O)c(=NCC)[nH]c2c(=O)[nH]c(=N)[nH]c12
-30.43    -30.51     -7.18      0.73      c1c[nH]c(=NCC(COc2ccc(Cl)cc2)O)nc1-n1cnc2c1cccc2
-25.54    -25.54    -20.65      0.15      C(CSc1nnc(CNc2cccc(Cl)c2)o1)(=O)Nc1cc2c(cc1)OCCO2
-41.48    -41.54    -24.06      0.55      C1CCN(CCCCNC(=O)C(NC(=O)CC2CCN(C(=N)N)CC2)Cc2c3c([nH]c2)cccc3)C(=O)C1
-19.02    -19.11      3.19      0.70      C1COCCN1Cc1nc[nH]c1C
-27.63    -27.66    -16.37      0.35      C1c2c(ccc(O)c2N=NC(=S)Nc2ccc(C)cc2)CCC1
-24.24    -24.27     -4.63      0.61      C1CC(C)=CCC1C(=O)c1cnccc1
-20.11    -20.10      0.27      0.64      c1ccc2c(n(Cc3cccc(Cl)c3)c(=O)[nH]2)c1
-24.26    -24.27     -4.93      0.60      N1C(NC2C(C(C)C)CCC(C)C2)=NCC1
-32.37    -32.46    -16.39      0.50      c1(-c2ncc3c(n2)c(NC2CNCCC2)cc(Oc2cnccc2)c3)cccnc1
Human-Component   raw_Human-Component
0.2150537669658661   0.2150537669658661   
0.7290322780609131   0.7290322780609131   
0.1526881754398346   0.1526881754398346   
0.5462365746498108   0.5462365746498108   
0.6967741847038269   0.6967741847038269   
0.35268816351890564   0.35268816351890564   
0.6139785051345825   0.6139785051345825   
0.6365591287612915   0.6365591287612915   
0.6043010950088501   0.6043010950088501   
0.5021505355834961   0.5021505355834961   

15:46:15: local_reinforcement_logger.timestep_report +41: INFO     
 Step 3   Fraction valid SMILES: 100.0   Score: 0.5000   Time elapsed: 4   Time left: 47.0
  Agent     Prior     Target     Score     SMILES
-38.75    -38.74    -15.35      0.73      C([N+]1(C)CCC(C2c3c(cccn3)CCc3cc(Cl)ccc32)CCC1)CC1=CCCCC1
-23.51    -23.54     -5.02      0.58      CC(C)c1ccc(C(Nc2ccccc2C(=O)N=c2ccc(Cl)c[nH]2)=O)cc1
-19.33    -19.39     -7.90      0.36      c1cc(C)ccc1NS(c1cc2c(cc1)OCCO2)(=O)=O
-26.81    -26.82    -10.34      0.52      n1oc(C)cc1CNC(=O)c1onc(-c2ccccc2)c1
-25.86    -25.94     -6.67      0.60      c1[nH]c(CCC)cc1C(c1ccc(Cl)cc1)=O
-19.89    -19.98      0.60      0.64      c1cccc(C2=CC(c3ccc(Cl)cc3)CC(=O)C2)c1
-19.28    -19.37     -4.02      0.48      O=C(C1C(C(Nc2ccc(Br)cc2)=O)C2CCC1O2)O
-40.03    -40.25    -30.61      0.30      C1CCOc2c(cc(C(NC3C(NC(Nc4ccccc4)=O)CN(C(C)c4ccc(F)cc4)C3)=O)cc2)O1
-23.07    -22.98     -6.60      0.51      O=c1c(C(c2c(C)[nH]n(-c3ccccc3)c2=O)c2ccc(-c3ccccc3)cc2)c(C)[nH]n1-c1ccccc1
-30.96    -31.02    -13.89      0.54      C(c1ncncc1)CC1N=C(N)Nc2nc[nH]c21
Human-Component   raw_Human-Component
0.7311828136444092   0.7311828136444092   
0.5784946084022522   0.5784946084022522   
0.3591397702693939   0.3591397702693939   
0.5150537490844727   0.5150537490844727   
0.602150559425354   0.602150559425354   
0.6430107355117798   0.6430107355117798   
0.4795698821544647   0.4795698821544647   
0.301075279712677   0.301075279712677   
0.5118279457092285   0.5118279457092285   
0.5354838967323303   0.5354838967323303   

15:46:17: local_reinforcement_logger.timestep_report +41: INFO     
 Step 4   Fraction valid SMILES: 100.0   Score: 0.5000   Time elapsed: 6   Time left: 55.2
  Agent     Prior     Target     Score     SMILES
-36.96    -36.84    -30.44      0.20      c1c(C)cc(NC(C(CCNC(=O)OC(C)(C)C)N2C(=O)c3ccc(C(O)=O)cc3C2=O)=O)c(C)c1
-30.96    -30.90    -12.32      0.58      c1(S(n2[nH]c(=NCc3ccccc3)cc2)(=O)=O)c(C#N)cccc1
-39.52    -39.56    -35.05      0.14      O=S1(=O)C=CC2C(NS(=O)(=O)c3cccc(OC)c3OC)CCCC2N1S(c1ccc(C)cc1)(=O)=O
-33.78    -33.78    -32.37      0.04      OCc1cccc(NC(=O)c2c3c(sc2NC(=O)c2oc([N+]([O-])=O)cc2)COCC3)c1
-23.56    -23.61    -20.17      0.11      c1ccc(N2CCN(C(=O)c3ccccc3NC(c3cc(OC)ccc3)=O)CC2)cc1
-20.31    -20.25     -2.84      0.54      c1cc(C2=NN(C(=O)C)C(C)(C)O2)ccc1Br
-24.44    -24.42     -5.36      0.60      C(Cc1ccc(OC(N(C)C)=O)cc1)C(N)C
-23.78    -23.57     -7.91      0.49      FC(F)(F)c1nn(-c2ccc(C(C)=NNC(=S)N)cc2)c(C(F)(F)F)c1
-37.14    -36.77    -16.92      0.62      C(NC(c1nn(-c2ccccc2F)nc1C(=O)N(C)C)=O)(C)COC
-19.27    -19.47      2.41      0.68      c1ccccc1OCCOCCN
Human-Component   raw_Human-Component
0.20000000298023224   0.20000000298023224   
0.5806451439857483   0.5806451439857483   
0.14086021482944489   0.14086021482944489   
0.044086020439863205   0.044086020439863205   
0.10752688348293304   0.10752688348293304   
0.5440860390663147   0.5440860390663147   
0.5956989526748657   0.5956989526748657   
0.48924732208251953   0.48924732208251953   
0.6204301118850708   0.6204301118850708   
0.6838709712028503   0.6838709712028503   

15:46:18: local_reinforcement_logger.timestep_report +41: INFO     
 Step 5   Fraction valid SMILES: 100.0   Score: 0.5000   Time elapsed: 7   Time left: 52.5
  Agent     Prior     Target     Score     SMILES
-23.71    -23.98     -0.48      0.73      c1ccccc1C(NC(C1CCN(Cc2ccccc2)CC1)=O)c1ccsc1
-24.62    -24.60     -9.19      0.48      c1(C=Nc2ccc(OCc3ccccc3)cc2)cc(OCC)c(O)cc1
-30.46    -30.31    -22.33      0.25      c1(S(N=c2nccc[nH]2)(=O)=O)ccc(Nc2c[n+]([O-])ccc2)cc1
-23.53    -23.58     -1.59      0.69      c1(N(C)C)cccc(OCc2cc(OC)ccc2)c1
-28.64    -28.22    -22.41      0.18      O(c1cc(C=NN=c2sc(C(N3CCOCC3)=O)c(C)[nH]2)cc(OC)c1OC)C
-23.54    -23.70     -1.20      0.70      N1=C(c2ccc(Cl)cc2)CC(c2cccc(O)c2)N1C(Nc1ccc(Cl)cc1)=S
-24.65    -24.86    -15.47      0.29      c1(=O)c(SCC(=O)Nc2cc(C)ccc2)ncc[nH]1
-35.51    -35.77    -16.92      0.59      O1COc2ccc(CNC(=O)OCCCOC(=O)C(C)c3ccccc3)cc21
-36.28    -36.06    -27.28      0.27      n1(CC)c2c(cccc2NC(=O)c2sccc2C)c(C(N(C)C)=O)n1
-34.09    -33.78    -13.48      0.63      O=S(=O)(C)c1ccc(-n2c(-c3cc4c(cc3)C=CC(C)(C)N4)c(C)cc2)cc1
Human-Component   raw_Human-Component
0.7344086170196533   0.7344086170196533   
0.4817204177379608   0.4817204177379608   
0.24946236610412598   0.24946236610412598   
0.6870967745780945   0.6870967745780945   
0.18172043561935425   0.18172043561935425   
0.7032257914543152   0.7032257914543152   
0.2935483753681183   0.2935483753681183   
0.5892472863197327   0.5892472863197327   
0.27419355511665344   0.27419355511665344   
0.6344085931777954   0.6344085931777954   

15:46:20: local_reinforcement_logger.timestep_report +41: INFO     
 Step 6   Fraction valid SMILES: 100.0   Score: 0.5000   Time elapsed: 8   Time left: 50.3
  Agent     Prior     Target     Score     SMILES
-35.67    -35.65    -12.19      0.73      Oc1c(CN2CCN(C)CC2)cc(NC(c2cccc(-c3c(Cl)con3)c2)=O)cc1
-25.91    -25.82    -10.99      0.46      c1(-c2c(C#N)c(=Nc3cccc(C(F)(F)F)c3)c3c([nH]2)CCC3)ccccc1
-39.44    -39.34    -31.43      0.25      c1(=C(NC2CCCCC2)O)[nH]c(=C2NS(=O)(=O)c3ccncc32)sc1=Cc1ccccc1
-54.93    -54.55    -50.39      0.13      c1c(S(=O)(=O)N2CCN(C)CC2)ccc2c1c(Sc1cc(OC)ccn1)c(O)c1c2sc(C2(C)OCCC2)n1
-30.90    -31.38    -24.57      0.21      C(=O)(Nc1c(NCC)ccc2c(=O)cc(C)oc12)c1ccccc1
-23.76    -23.87     -0.20      0.74      c12c(cccc1)Cn1c(c(O)n(CCCCCC(NCc3ccc(Cl)cc3)=O)c1=O)C2
-34.85    -34.49    -12.16      0.70      c1c2c(ccc1)cc(O)c(C(=O)N1CCCC(C(O)=O)(Cc3cc(Cl)ccc3)C1)c2
-28.33    -28.49     -6.88      0.68      C1CN(CCCNC(C2CCN(S(=O)(c3ccc(C)cc3C)=O)CC2)=O)CCN1c1c(F)cccc1
-40.13    -39.41    -30.74      0.27      o1c(=Nc2cccc(OC)c2)[nH]c2cc(-c3nc(C(Nc4cc(OC)c(OC)c(OC)c4)=O)cs3)ccc12
-28.19    -28.27     -7.17      0.66      n12c(N3CCN(CCc4cc(F)c(F)cc4)CC3)cc(-c3ccccc3)nc1c(C)cc2
Human-Component   raw_Human-Component
0.7333333492279053   0.7333333492279053   
0.463440865278244   0.463440865278244   
0.24731183052062988   0.24731183052062988   
0.13010752201080322   0.13010752201080322   
0.21290323138237   0.21290323138237   
0.7397849559783936   0.7397849559783936   
0.697849452495575   0.697849452495575   
0.675268828868866   0.675268828868866   
0.2709677517414093   0.2709677517414093   
0.6591398119926453   0.6591398119926453   

15:46:21: local_reinforcement_logger.timestep_report +41: INFO     
 Step 7   Fraction valid SMILES: 100.0   Score: 0.5000   Time elapsed: 10   Time left: 53.8
  Agent     Prior     Target     Score     SMILES
-29.84    -29.47     -7.93      0.67      c1cc(O)cc(O)c1C(=O)NCC(=O)N=CCc1cc(O)c(O)cc1
-25.15    -25.30     -6.55      0.59      [nH]1c(=Nc2cc(NC(C=C)=O)ccc2OC)[nH]ccc1=Nc1ccc(N2CCN(C)CC2)cc1
-19.68    -19.81      2.69      0.70      [nH]1[nH]c(=N)c(-c2ccc(Cl)cc2)c1
-20.32    -20.31     -1.52      0.59      c1cccc(O)c1C(NN=Cc1c(O)c(O)ccc1)=O
-20.97    -20.84     -7.97      0.40      c1ccc(C(F)(F)F)cc1NC(Nc1ccc(S(N)(=O)=O)cc1)=S
-32.53    -32.94    -12.33      0.64      CC(C)(c1ccc2c(c1)CCC1C2=NN(C(C)=O)C1c1ccc(F)cc1C)C
-20.02    -20.17    -12.22      0.25      C1CC2(NC(=O)N(CC(Nc3ccc(C(=O)N)cc3)=O)C2=O)CCC1
-30.72    -30.94     -9.81      0.66      N1(CCCc2nc3c(cccc3)o2)CCC(NC(=O)Cc2cccc3ccccc23)CC1
-24.96    -25.07     -6.11      0.59      Clc1cc(Cl)c(OCc2cc(C(=O)N3CCN(CCC)CC3)no2)c(Cl)c1
-42.03    -42.19    -29.56      0.39      C(CCN=[N+]=[N-])(C(C(Nc1ccc(OC(F)(F)F)cc1)=O)C(=O)c1ccccc1)O
Human-Component   raw_Human-Component
0.6731182932853699   0.6731182932853699   
0.5860214829444885   0.5860214829444885   
0.7032257914543152   0.7032257914543152   
0.5870967507362366   0.5870967507362366   
0.40215054154396057   0.40215054154396057   
0.6440860033035278   0.6440860033035278   
0.24838709831237793   0.24838709831237793   
0.6602150797843933   0.6602150797843933   
0.5924730896949768   0.5924730896949768   
0.39462366700172424   0.39462366700172424   

15:46:23: local_reinforcement_logger.timestep_report +41: INFO     
 Step 8   Fraction valid SMILES: 100.0   Score: 0.5000   Time elapsed: 11   Time left: 51.3
  Agent     Prior     Target     Score     SMILES
-35.91    -35.74    -14.34      0.67      C(COC)(O)COc1cc(CN(CCC)C2Cc3ccccc3C2)ccc1
-46.65    -46.77    -39.61      0.22      O=C(c1ccc(C)cc1)Nc1ccc(Cl)cc1-c1[nH]c(=O)c2c(nc3c(c2)cccc3)c1
-26.33    -26.09    -10.91      0.47      C12(C)C=C(Br)C(=O)C=C1N(Cc1sccc1)C(=O)C2
-21.34    -21.27     -7.68      0.42      c1(C(N=c2sc([N+](=O)[O-])c[nH]2)=O)cc(OC)ccc1
-35.93    -35.90    -15.81      0.63      C(C)(CC(C(CO)Cc1cc2c(cc1)OCO2)=Cc1cnc(CC)cc1)C
-32.97    -33.01    -19.18      0.43      c1cc(CCN(S(=O)(c2ccc(C)cc2)=O)CCC(F)(F)F)cc2c1OCO2
-33.21    -33.13    -25.11      0.25      c1(NC(c2[nH]c(-c3cc(OC)c(OC)cc3)nc2-c2cc(OC)c(OC)c(OC)c2)=O)ccc2c(c1)OCCO2
-25.34    -25.40     -8.68      0.52      O1COc2cc(-c3nc(OC(C)C4CC(=O)NC4)c4c(ncn(C)c4=O)c3)ccc21
-31.82    -31.79    -22.43      0.29      c1cc(-c2nn(-c3ccc(C)cc3)c3cc(C)ccc23)oc1
-27.65    -27.46    -16.86      0.33      c1(C(Nc2c(C)cccc2)=O)cc2c(nc(-c3ccccc3)c(-c3ccccc3)n2)s1
Human-Component   raw_Human-Component
0.6688172221183777   0.6688172221183777   
0.22365590929985046   0.22365590929985046   
0.4741935431957245   0.4741935431957245   
0.42473119497299194   0.42473119497299194   
0.6279569864273071   0.6279569864273071   
0.43225806951522827   0.43225806951522827   
0.250537633895874   0.250537633895874   
0.522580623626709   0.522580623626709   
0.29247310757637024   0.29247310757637024   
0.3311828076839447   0.3311828076839447   

15:46:24: local_reinforcement_logger.timestep_report +41: INFO     
 Step 9   Fraction valid SMILES: 100.0   Score: 0.5000   Time elapsed: 13   Time left: 53.3
  Agent     Prior     Target     Score     SMILES
-23.16    -23.35    -13.51      0.31      c1c(C)cc(C)c(NC(=O)c2cc(CCC)nn2C)c1
-24.09    -24.05     -0.31      0.74      c1ccc(C(c2ccccc2)N2CCN(CC(O)COc3ccc(Br)cc3Cl)CC2)cc1
-25.97    -26.28     -3.84      0.70      c1c(NC(c2cc(Cl)c(OCC)cc2)=O)ccc(N2CCN(C)CC2)c1F
-28.93    -28.55    -15.23      0.42      N1(C)C(=O)C2(CCN(C(c3ccc(Br)s3)=O)CC2)N(C)C(=O)C1
-34.21    -34.28    -13.67      0.64      C1(OC)COC2C1C(n1cnc3c1ncnc3N(C1CC1)C)C2
-26.92    -26.90    -17.65      0.29      c1(C)cc(Oc2coc3ccc(OC(C)C)cc3c2=O)ccc1
-28.82    -28.60    -13.49      0.47      c1(N(C(=O)CNS(c2ccccc2)(=O)=O)C(C(=O)NC2CCCCC2)c2ccc(F)cc2)cc(OC)ccc1
-22.81    -22.55     -2.90      0.61      c1(O)c(C=NCC2Oc3c(cccc3)OC2)cc(Br)cc1
-23.83    -23.94    -12.92      0.34      c1c(CSc2ncnc3n(-c4ccc(OCC)cc4)ncc23)cccc1
-26.66    -26.59    -12.52      0.44      c1cc(S(=O)(=O)N(C)C)ccc1C(NNC(c1ccc(NC(CC)=O)cc1)=O)=O
Human-Component   raw_Human-Component
0.3075268864631653   0.3075268864631653   
0.7419354915618896   0.7419354915618896   
0.7010752558708191   0.7010752558708191   
0.4161290228366852   0.4161290228366852   
0.6440860033035278   0.6440860033035278   
0.2892473042011261   0.2892473042011261   
0.4720430076122284   0.4720430076122284   
0.6139785051345825   0.6139785051345825   
0.34408602118492126   0.34408602118492126   
0.4397849440574646   0.4397849440574646   

15:46:27: local_reinforcement_logger.log_message +32: INFO     Resetting Agent
15:46:27: local_reinforcement_logger.log_message +32: INFO     Adjusting sigma to: 82
15:46:27: local_reinforcement_logger.timestep_report +41: INFO     
 Step 10   Fraction valid SMILES: 100.0   Score: 0.5000   Time elapsed: 16   Time left: 58.2
  Agent     Prior     Target     Score     SMILES
-32.73    -32.53    -31.05      0.05      Cc1c2cc(C(OCC(NC(=O)NCc3ccccc3)=O)=O)oc2c2c(cccc2)c1
-54.89    -54.67    -46.51      0.25      c1(Cl)c(C(C#N)c2c(=N)[nH]cc(-c3c[nH]nc3C)c2)cccc1S(NC1(C)CCCCC1)(=O)=O
-22.00    -21.95      2.38      0.76      c1cc(N2CCN(CC(=O)N3CCN(C)CC3)CC2)ccc1Cl
-53.49    -53.14    -46.09      0.22      O=C(N=c1[nH]c(C(=O)O)cs1)c1ccc(ON=Cc2ccc(-c3cc(Cl)ccc3)n2-c2c(C(F)(F)F)cccc2)c(Cl)c1
-22.84    -23.40     -0.80      0.71      C1CCCCCN1C(N=c1cc[nH]cc1)=S
-22.38    -22.43    -11.62      0.34      c1c([N+](=O)[O-])c(Cl)ccc1-c1nnc(SCc2ccccc2)o1
-52.58    -52.04    -36.53      0.48      c1c(N(C)C(=O)CC2(C)C(C3CCc4cc(OC)ccc4C3)C3C(C)(C)OC3(C2=O)OCC)cccc1
-31.86    -31.94     -9.13      0.71      N1(C2Cc3c(cccc3)CC2C(=O)O)C(C)C1
-31.92    -31.74    -24.44      0.23      c1ccc(-c2c(C(=O)OCC)c3c(cc(OCC(N)=O)cc3)oc2=O)cc1Cl
-35.47    -34.89    -17.82      0.53      C1CN(c2ccc(C(NCC(c3occc3)N(C)C)=O)cc2[N+]([O-])=O)CCC1C(Cc1ccccc1)N
Human-Component   raw_Human-Component
0.0462365597486496   0.0462365597486496   
0.2548387050628662   0.2548387050628662   
0.7602150440216064   0.7602150440216064   
0.22043010592460632   0.22043010592460632   
0.7064515948295593   0.7064515948295593   
0.337634414434433   0.337634414434433   
0.48494625091552734   0.48494625091552734   
0.7129032015800476   0.7129032015800476   
0.22795699536800385   0.22795699536800385   
0.5333333611488342   0.5333333611488342   

15:46:30: local_reinforcement_logger.timestep_report +41: INFO     
 Step 11   Fraction valid SMILES: 100.0   Score: 0.5000   Time elapsed: 19   Time left: 61.8
  Agent     Prior     Target     Score     SMILES
-42.66    -42.66    -25.02      0.22      N1(C(c2ccc(-c3cc(CCCOc4c(C)c(C)c(OCC(O)=O)cc4)ccc3)cc2)=O)CCCCC1(C)C
-27.12    -27.12     25.52      0.64      c1c(Oc2ccc(F)cc2)cc(C(=O)N=c2ccc(F)c[nH]2)c(=O)n1-c1ccccc1F
-36.90    -36.90     -9.65      0.33      O=S(Nc1ccc(C(=O)C=Cc2c(Cl)ccc(C(F)(F)F)c2)cc1)(c1c(N)cccc1)=O
-33.13    -33.13     23.39      0.69      C1C2(C1)c1cc(Cl)ccc1NC2=NCC(CN1CCOCC1)O
-25.06    -25.06     27.22      0.64      c1ncccc1-c1nc(CCCC(NC2CCC2)=O)on1
-24.24    -24.24      8.12      0.39      c1(C(OC)=O)cc(NC(=O)c2cccc(S(N(c3ccccc3)C)(=O)=O)c2)ccc1
-24.90    -24.90     23.77      0.59      O=C(N=c1n(C)c2ccccc2[nH]1)c1c(Cl)ccc(C(F)(F)F)c1
-22.65    -22.65     -5.02      0.22      c1cc(NC(=O)CSc2nc3ccccc3c(=O)n2C)cc(C)c1
-22.38    -22.38      5.13      0.34      c1c(NC(CSc2nnc(-c3sccc3)n2CC)=O)cc(OC)cc1
-25.90    -25.90     -4.65      0.26      c12ccccc1SC(CC(NCCc1ccc(OCC)c(OC)c1)=O)C(=O)N2
Human-Component   raw_Human-Component
0.2150537669658661   0.2150537669658661   
0.6419354677200317   0.6419354677200317   
0.33225807547569275   0.33225807547569275   
0.6892473101615906   0.6892473101615906   
0.6376343965530396   0.6376343965530396   
0.39462366700172424   0.39462366700172424   
0.5935483574867249   0.5935483574867249   
0.2150537669658661   0.2150537669658661   
0.3354838788509369   0.3354838788509369   
0.2591397762298584   0.2591397762298584   

15:46:32: local_reinforcement_logger.timestep_report +41: INFO     
 Step 12   Fraction valid SMILES: 100.0   Score: 0.5000   Time elapsed: 21   Time left: 61.4
  Agent     Prior     Target     Score     SMILES
-45.01    -45.00      0.58      0.56      O=C1C2=C(C3CCC(OC(c4ccc(F)cc4)c4ccccc4)C3(C)C1)C(C(C)=C)(O)CC2
-22.06    -22.09     30.90      0.65      C1SC(=Cc2ccccc2)C(=O)C(=Cc2ccccc2)C1
-26.66    -26.62    -11.28      0.19      c1ccc(S(=O)(=O)NNC(=O)Nc2cc(C)ccc2C)c(C)c1
-23.44    -23.42    -10.72      0.15      C1CC(N2CC(=O)N3C(c4ccc(C)cc4)c4[nH]c5c(cccc5)c4CC3C2=O)CCC1
-33.54    -33.49    -23.44      0.12      Fc1c(NNc2c(C(c3ccc(C)cc3)=O)c3ccccc3oc2=O)cccc1
-27.57    -27.55     13.72      0.50      c12c(=O)n(C)c(SCC(=O)Nc3ccc(Cl)cc3)nc1C1(C)CCC2C1(C)C
-37.35    -37.37    -11.45      0.32      CN1C(=O)N2C(C(O)C(NC(C=Cc3ccc(C)cc3)=O)CS2)C1=O
-28.50    -28.47      3.45      0.39      FC(F)(F)c1cc(NC(=O)C(C)(S(=O)(Cc2ccc(C(F)(F)F)cc2)=O)C)c(Cl)cc1
-32.54    -32.51     23.48      0.68      CC(CO)(C)C#Cc1c(F)cc2c(c1)-c1n(c(C(NC3(CO)CC3)=O)c(C(N)=O)n1)C(C)(C)C2
-24.08    -24.07      9.52      0.41      c1(N2CCOCC2)c2c(ncc1S(=O)(=O)c1cc(C(F)(F)F)ccc1)cc(Cl)cc2
Human-Component   raw_Human-Component
0.5559139847755432   0.5559139847755432   
0.6462365388870239   0.6462365388870239   
0.18709677457809448   0.18709677457809448   
0.1548387110233307   0.1548387110233307   
0.1225806474685669   0.1225806474685669   
0.5032258033752441   0.5032258033752441   
0.31612902879714966   0.31612902879714966   
0.3892472982406616   0.3892472982406616   
0.6827957034111023   0.6827957034111023   
0.4096774160861969   0.4096774160861969   

15:46:34: local_reinforcement_logger.timestep_report +41: INFO     
 Step 13   Fraction valid SMILES: 100.0   Score: 0.5000   Time elapsed: 22   Time left: 58.1
  Agent     Prior     Target     Score     SMILES
-35.61    -35.60      5.67      0.50      C(CCCCCN(C)C(CSc1c[nH]nn1)=O)#C
-22.42    -22.45     35.39      0.71      c1c(-c2cc3c(cc2)cc(=NC(=O)C2CC2)[nH]c3)cn(CCOC)n1
-41.99    -41.99     12.41      0.66      CC(C1NCCN(Cc2n3c(nc2)ccc(N2CCN(c4snc(C)c4)CC2)n3)C1)C
-31.42    -31.40     21.07      0.64      C(CCC)(C)N=c1[nH]ccc(-c2c(-c3ccc(F)cc3)ncn2CCc2ccncc2)n1
-18.49    -18.51     18.70      0.45      c1c2c(=O)c(OC)c(-c3ccc(OC)cc3)oc2cc(O)c1
-30.03    -30.02     19.00      0.60      C1CN(c2ccc(N=c3nc4c(c(-c5ccc(F)cc5)ccc4)n[nH]3)cc2)CCN1C(C)=O
-23.22    -23.16      1.88      0.31      [nH]1cnc(=NS(=O)(c2cc3ccnc(-c4c(OC)cc(-c5ccc(C#N)cc5)cc4)c3cc2)=O)cc1
-38.84    -38.81     12.15      0.62      O1c2c(ccc(-c3nc(OCc4ncc(Cl)cc4)nc(N4CCOCC4)c3)c2)OC(F)(F)O1
-27.57    -27.56     12.56      0.49      c1cncc(C(c2cnc3ccc(C)nn32)OC)c1
-33.96    -34.06     13.02      0.57      c1cc(F)ccc1CC1CC(C(c2ccccc2)c2ccccc2)N(c2ccc(F)cc2)C(N)=N1
Human-Component   raw_Human-Component
0.5032258033752441   0.5032258033752441   
0.7053763270378113   0.7053763270378113   
0.6634408831596375   0.6634408831596375   
0.6397849321365356   0.6397849321365356   
0.4537634551525116   0.4537634551525116   
0.5978494882583618   0.5978494882583618   
0.3053763508796692   0.3053763508796692   
0.6215053796768188   0.6215053796768188   
0.48924732208251953   0.48924732208251953   
0.57419353723526   0.57419353723526   

15:46:35: local_reinforcement_logger.timestep_report +41: INFO     
 Step 14   Fraction valid SMILES: 96.9   Score: 0.4844   Time elapsed: 24   Time left: 57.6
  Agent     Prior     Target     Score     SMILES
-34.21    -34.22    -34.22      0.00      n1c2c3c(nc(CCC)n3cc(C(NCc3ccccc3)=O)c2=O)sc1
-19.20    -19.22     24.89      0.54      CC(NC(=S)Nc1ccccc1C)(C)C
-20.13    -20.14     43.96      0.78      C(c1ccc(C)cc1)=Cc1ccc(Cl)cc1
-39.39    -39.18    -21.55      0.21      C(=O)(N(CC)C1CCN(C(C)CC(O)c2ccnc3ccc(OC)cc32)C1)c1c(C)cccn1
-26.88    -26.83     35.85      0.76      C1(c2ccc3c(c2)Cc2c(cccc2)CC3)C(O)C(O)C(O)C(CO)O1
-23.78    -23.88     35.31      0.72      c12cc(OC)c(OC)cc1c(=Nc1ccc(NCCCN3CCN(CC)CC3)c(Cl)c1)nc[nH]2
-23.01    -22.98     31.87      0.67      n1c(OCC2CC2)c2c(nc1)n(C(C)C)cn2
-27.70    -27.67     29.92      0.70      C1(N2CCC(Cc3nc(C)co3)CC2)CCOCC1
-26.92    -26.81     27.95      0.67      N1(C(=O)c2c(F)cccc2)C(=O)SC(=Cc2cc(O)c(O)cc2)C1=O
-30.45    -30.52     20.76      0.63      O1c2cccc(Oc3nc(=Nc4c(OC)cc(C(NC5CCN(C)CC5)=O)cc4)nc(OC)[nH]3)c2NC(=O)C1
Human-Component   raw_Human-Component
0.0   0.0   
0.5379310250282288   0.5379310250282288   
0.7816091775894165   0.7816091775894165   
0.21494252979755402   0.21494252979755402   
0.7643678188323975   0.7643678188323975   
0.7218390703201294   0.7218390703201294   
0.6689655184745789   0.6689655184745789   
0.7022988796234131   0.7022988796234131   
0.6678161025047302   0.6678161025047302   
0.6252873539924622   0.6252873539924622   

15:46:37: local_reinforcement_logger.timestep_report +41: INFO     
 Step 15   Fraction valid SMILES: 96.9   Score: 0.4844   Time elapsed: 25   Time left: 54.7
  Agent     Prior     Target     Score     SMILES
-22.17    -22.18    -17.38      0.06      c1ccoc1CNC(=O)c1ccc(COc2cccc(C)c2)o1
-40.30    -40.08    -40.08      0.00      C(C)[N+](CCCCCCCCCCCC[N+](C)(CCCN1C(=O)c2ccc(C(C[N+](C)(C)C)C)cc2C1=O)(C)C)(CC)CCC
-21.92    -21.95     26.03      0.59      c1c(OC)c(Br)cc(S(O)(=O)=O)c1
-25.67    -25.53     19.72      0.55      C1N(C)CCN(c2nc(-c3ccc(NC(N=c4[nH]occ4)=O)cc3)c3c(n2)OC(C)(C)CN(C)C3=O)C1
-36.86    -36.81     22.38      0.72      C1N(c2ncnc3[nH]ccc32)CCCN(CCc2c3nc(OC4CCCC4)ccc3ccc2)C1
-26.53    -26.63      7.30      0.41      C(CN=c1[nH]c2c(c(=O)c(C(=O)O)cn2CC)cn1)O
-28.15    -28.17     26.59      0.67      n1cn(CCCC)c2nc(SCCC)c(C#N)cc12
-32.82    -32.68    -12.42      0.25      c1(C)c(F)ccc(CNC(COC(=O)c2cc(S(=O)(=O)N(CC)CC)ccc2N2CCCC2)=O)c1
-25.63    -25.60     28.22      0.66      c1c(NC(=O)CNC(c2ccccc2)=O)ccc(C(=O)NC2CC2)c1
-34.17    -34.20     18.67      0.64      C1CCCCC1Cc1[nH]c(=N)c2c(c1)n(C)c(=Nc1c(F)cc(Cl)cc1)[nH]2
Human-Component   raw_Human-Component
0.05862069129943848   0.05862069129943848   
0.0   0.0   
0.5850574970245361   0.5850574970245361   
0.5517241358757019   0.5517241358757019   
0.7218390703201294   0.7218390703201294   
0.4137931168079376   0.4137931168079376   
0.6678161025047302   0.6678161025047302   
0.24712643027305603   0.24712643027305603   
0.6563218235969543   0.6563218235969543   
0.6448276042938232   0.6448276042938232   

15:46:38: local_reinforcement_logger.timestep_report +41: INFO     
 Step 16   Fraction valid SMILES: 93.8   Score: 0.4688   Time elapsed: 27   Time left: 54.0
  Agent     Prior     Target     Score     SMILES
-31.29    -31.26    -12.48      0.23      O=c1[nH]c(Cc2ccc(C(NCC(C(O)=O)NS(=O)(=O)c3ccc(C)cc3)=O)cc2)c[nH]1
-24.83    -25.02     38.50      0.77      [nH]1ccc2c1ncnc2-c1cccc(NCc2ccc(F)cc2)c1
-32.91    -33.05     16.23      0.60      C1CC1c1ccc(-c2[nH]c(=Nc3nn(C)c(=O)c4c3cccc4Cl)sc2)cc1
-34.08    -34.06      9.16      0.53      c1cc(-n2cc[nH]c(=NCCC)c2=O)cnc1N(CCO)C
-29.73    -29.78     12.33      0.51      CC12CCC(OC(C)=O)CC1=CCC1C3CCC(N(C4CCCCC4)C)C3(C)C(O)CC21
-40.94    -41.13    -41.13      0.00      C1C23C(O)C(CO)O1CC2C(O)C(C)(C)CC3
-21.15    -21.08     24.96      0.56      c1(-c2cc3c(nn2)-c2c(cccc2)C3=O)ccc(N)cc1
-25.00    -24.95      9.48      0.42      C(=O)(N=c1ccc(NC(=O)COc2cc(C)cc(C)c2)c[nH]1)C
-22.69    -22.87     13.88      0.45      c1(C)cccc(C)c1NC(CNC(COc1c(C)cccc1)=O)=O
-26.49    -26.48     30.57      0.70      Clc1cc(Cl)c(C(O)(Cn2cncn2)C2CCCC2)cc1Cl
Human-Component   raw_Human-Component
0.22906403243541718   0.22906403243541718   
0.7746305465698242   0.7746305465698242   
0.6009852290153503   0.6009852290153503   
0.5270935893058777   0.5270935893058777   
0.5135468244552612   0.5135468244552612   
0.0   0.0   
0.5615763664245605   0.5615763664245605   
0.4199507534503937   0.4199507534503937   
0.4482758641242981   0.4482758641242981   
0.6958128213882446   0.6958128213882446   

15:46:40: local_reinforcement_logger.timestep_report +41: INFO     
 Step 17   Fraction valid SMILES: 100.0   Score: 0.5000   Time elapsed: 29   Time left: 53.2
  Agent     Prior     Target     Score     SMILES
-27.70    -27.58     29.20      0.69      C1CCCc2c(=NCCCN(CC)CC)[nH]c(-c3cccc(O)c3)cc21
-24.28    -24.32      2.84      0.33      c1(-n2cc(-c3cc([N+](=O)[O-])ccc3)c3c(=N)nc[nH]c32)ccccc1
-19.06    -19.36     35.30      0.67      c1cc2c(cc1)N=C(N1CCN(C)CC1)c1cc(Cl)ccc1N2
-29.51    -29.53     23.02      0.64      c1cc(-c2ncc(-c3ncn(C(C)C)c3)cn2)ccc1C(F)(F)F
-32.09    -32.17     16.68      0.60      c1ccc2c(c1)[nH]c1c(ccc(Br)c1)c2=Nc1ccc(NS(=O)(C)=O)cc1N(C)C1CCN(C)CC1
-30.12    -30.27      3.67      0.41      c1cc(C(NCCCCCC)=O)ccc1Cn1[nH]c(=Nc2ccccc2Cl)ccc1=O
-28.12    -28.06     -7.52      0.25      c1c(Nc2c(O)n(-c3ccccc3OC)c(-c3cc([N+](=O)[O-])ccc3)c2)ccc(C)c1
-30.59    -31.01     15.02      0.56      c1c(Cl)cccc1CNC(CN(c1ccccc1)C(=O)c1c(C)cccc1)=O
-28.80    -28.79      9.39      0.47      n1cn(C=Cc2cc(OC)ccc2OC)c(CO)n1
-74.08    -74.04    -46.00      0.34      CCCC(=O)OC1C(C)(CC(C=CCC)(O)C)C2C(C)(C(O)O1)C(O)CC1=CC(OC(=O)C(C)(C)CCC)CC(C)C21
Human-Component   raw_Human-Component
0.6924731135368347   0.6924731135368347   
0.3311828076839447   0.3311828076839447   
0.6666666865348816   0.6666666865348816   
0.6408601999282837   0.6408601999282837   
0.5956989526748657   0.5956989526748657   
0.4139784872531891   0.4139784872531891   
0.250537633895874   0.250537633895874   
0.5612903237342834   0.5612903237342834   
0.4655914008617401   0.4655914008617401   
0.34193548560142517   0.34193548560142517   

15:46:42: local_reinforcement_logger.timestep_report +41: INFO     
 Step 18   Fraction valid SMILES: 93.8   Score: 0.4688   Time elapsed: 30   Time left: 50.5
  Agent     Prior     Target     Score     SMILES
-19.77    -20.01    -15.46      0.06      c1c2nc(-c3ccccc3)n(NC(Cc3ccccc3)=O)c(=O)c2ccc1
-19.93    -20.04     40.15      0.73      [nH]1c(C)nc(-c2ccccc2)cc1=N
-21.82    -22.13     19.08      0.50      c1(NCc2ccccc2)ccc(N2CCN(C(=O)c3ccccc3)CC2)cc1
-25.75    -25.79      3.20      0.35      C(Oc1ccc(CC2=NC(=S)N(C3CCCCC3)C2=O)cc1OC)C#N
-44.15    -43.73      8.58      0.64      C1C(O)C(OC(C=Cc2cc(O)c(O)cc2)=O)CC2=CCC3(O)C(CCC(=O)C3(C)C)(C(C)=C1)C2(C)C
-28.84    -28.95     25.78      0.67      C1CCC(C)(c2nnc3n2cccc3OCc2c(Cl)cc(Cl)cc2)CC1
-42.88    -42.89      2.76      0.56      n1c(N2CCC(Oc3ccc(=NC(c4sc5c(c4)occ5)=O)[nH]c3)CC2)[nH]c(=N)nc1C
-21.68    -21.87     30.94      0.64      c12ccccc1C(NC(=O)c1cc3sccc3n1C)CCC2
-22.04    -22.22     17.57      0.49      c1cc(C(=O)O)ccc1COc1ccc2c(oc(-c3ccccc3)cc2=O)c1
-26.34    -26.06     -0.11      0.32      C(c1ccc(S(=O)(N(Cc2ccc(CCC(=O)O)cc2)c2ncc3ccccc3c2C)=O)cc1)#N
Human-Component   raw_Human-Component
0.0554187186062336   0.0554187186062336   
0.7339901328086853   0.7339901328086853   
0.5024630427360535   0.5024630427360535   
0.3534482717514038   0.3534482717514038   
0.6379310488700867   0.6379310488700867   
0.6674876809120178   0.6674876809120178   
0.5566502213478088   0.5566502213478088   
0.6440886855125427   0.6440886855125427   
0.4852216839790344   0.4852216839790344   
0.3165024518966675   0.3165024518966675   

15:46:44: local_reinforcement_logger.timestep_report +41: INFO     
 Step 19   Fraction valid SMILES: 100.0   Score: 0.5000   Time elapsed: 33   Time left: 51.1
  Agent     Prior     Target     Score     SMILES
-39.92    -39.65    -39.65      0.00      c1cnc2c(c(NC(C)CCCN(C(=O)c3nnc(-c4c([N+](=O)[O-])cccc4)s3)C)ccc2)c1
-40.70    -40.59    -15.99      0.30      CC(OC1C(OC(C)=O)C(OC(C)=O)C(OC(=O)C)C2(C)OC3OC(CO)C(C)C(OC(=O)C)C3C12)=O
-52.44    -52.16    -36.82      0.19      C(C(NC(=O)c1ccc(CNC(=O)C=Cc2cc3c(cc2)OCO3)cc1-c1c(C)cccc1)CCCCNC(=N)N)(CC(N1C(C(=O)O)CCC1)=O)O
-26.88    -27.10     37.53      0.79      c1c2nccc(N3CCc4c(cccc4)C3)c2cc(C(c2ccc(Cl)cc2)c2nccs2)c1
-44.49    -44.51     12.28      0.69      c12c(cccc1)OCC(=O)N1C2C(c2ccc(Cl)cc2)N(S(=O)(=O)c2ccc(F)cc2)c2c1cc([N+]([O-])=O)cc2
-21.51    -21.63     32.77      0.66      c1n2cc(-c3cccc(NS(C)(=O)=O)c3)nc2ccc1
-57.31    -57.25     -4.79      0.64      CC1(C)C(C)(C(=O)OC)C2C(C)(CC1)C1C34COC(C(OC(C)=O)C3)C(O)C1C(C=2)C(O)C4
-22.76    -22.65     23.91      0.57      n1c(Oc2cc(NS(=O)(c3ccc(Cl)cc3)=O)ccc2)ccc(C(N)=O)c1
-23.42    -23.46      3.79      0.33      c1cc(-c2nccc3nc(=N)[nH]n23)ccc1NC(C)=O
-37.00    -37.08    -13.97      0.28      C(C)(C=CC=C(OC1OC(C)C(OC(C)=O)C(O)C1O)C)=CC=Cc1c(O)occ1
Human-Component   raw_Human-Component
0.0   0.0   
0.30000001192092896   0.30000001192092896   
0.18709677457809448   0.18709677457809448   
0.7881720662117004   0.7881720662117004   
0.6924731135368347   0.6924731135368347   
0.6634408831596375   0.6634408831596375   
0.6397849321365356   0.6397849321365356   
0.5677419304847717   0.5677419304847717   
0.33225807547569275   0.33225807547569275   
0.28172042965888977   0.28172042965888977   

15:46:46: local_reinforcement_logger.timestep_report +41: INFO     
 Step 20   Fraction valid SMILES: 93.8   Score: 0.4688   Time elapsed: 34   Time left: 48.6
  Agent     Prior     Target     Score     SMILES
-41.54    -41.74      0.47      0.51      S(c1ccc(Cl)cc1)CCCCSCC(O)(C(O)=O)CC(c1cnccc1)c1cccc(Cl)c1
-20.82    -21.23      0.08      0.26      c1ccc([N+]([O-])=O)cc1N=NNc1ccccc1
-24.79    -24.73     -8.47      0.20      c12ncnn1C(c1cc(OCC)ccc1)C(C(=O)OCC)C(CCC)=N2
-54.83    -54.67    -29.53      0.31      O=C(O)c1n(Cc2cc3c(c(-c4c(OC)ccc(CC(=O)O)c4)ccc3)c(F)c2)c(CO)c(-n2cc(C(=O)N)cc2)c1
-23.21    -22.82    -11.31      0.14      c1c(C(=O)Nc2cccc3c2OC(CN(C)Cc2ccc(C(=O)Nc4c(N)cccc4)cc2)C(C)CN(C(C)CO)C3=O)ccnc1
-29.46    -29.42      7.55      0.45      N(C(NC(c1c(F)cccc1F)=O)=S)=c1sccn1Cc1ccccc1
-25.72    -25.66     18.17      0.53      C(C(Nc1ccc(C(c2ccccc2)=O)cc1)=O)C=Cc1ccccc1
-35.12    -34.92    -19.77      0.18      c1(CN(C(CNC(=O)CN)=O)CCCCCC)[nH]c2ccccc2c(=O)n1
-32.33    -32.23    -14.35      0.22      c1cc(Cl)c(Cn2c(=O)c(NC(=O)C(NOC)c3[nH]c(C#N)cc3)ccc2)c(Cl)c1
-22.52    -22.83     45.24      0.83      c1ccc(OCCN2CCCCC2)cc1OCCCN
Human-Component   raw_Human-Component
0.5147783160209656   0.5147783160209656   
0.25985223054885864   0.25985223054885864   
0.1982758641242981   0.1982758641242981   
0.3066502511501312   0.3066502511501312   
0.14039409160614014   0.14039409160614014   
0.45073890686035156   0.45073890686035156   
0.5344827771186829   0.5344827771186829   
0.18472906947135925   0.18472906947135925   
0.217980295419693   0.217980295419693   
0.8300492763519287   0.8300492763519287   

15:46:48: local_reinforcement_logger.timestep_report +41: INFO     
 Step 21   Fraction valid SMILES: 100.0   Score: 0.5000   Time elapsed: 37   Time left: 48.8
  Agent     Prior     Target     Score     SMILES
-35.69    -35.88     21.61      0.70      C(C)CCN(CC)S(c1cc(CSCCO)ccc1O)(=O)=O
-25.29    -25.36     34.68      0.73      O(c1ccc(COc2cccc(C=Cc3ccc(N(C)C)cc3)c2)cc1)C
-29.40    -29.54    -13.41      0.20      O=S(N1CN(C(C)=O)Cc2c1[nH]c1ccccc21)(c1ccc(OC)cc1)=O
-34.18    -33.88     -2.14      0.39      n1c(C(=O)O)cn(-c2nc3cc(Cl)c(OC)cc3nc2C)c1
-29.13    -29.12     31.10      0.73      n1(C2CCCCCC2)c(-c2c(C#N)cccc2)nc2cc(F)ccc12
-20.46    -20.35     37.40      0.70      c1c(-c2nc(CN(CC)CC)co2)ccc(C(F)(F)F)c1
-45.14    -45.01    -20.14      0.30      C(C1(OC(=O)COc2ccccc2)CC(COCC(C)C)OC(OC)C1Cc1ccccc1)#C
-26.64    -26.36      4.94      0.38      c1(OCC(=O)O)ccc(S(=O)(=O)Nc2ccc(N3CCCCC3)cc2)cc1
-22.10    -22.44     34.87      0.70      c1c(C2=CCCCC2)ccc2c1CC1(CCC(OC)CC1)C21C(=O)N(C)C(N)=N1
-28.10    -27.89     26.69      0.67      n1c(SCc2cc(=O)n3c(n2)scc3)cc(C)cc1C
Human-Component   raw_Human-Component
0.7010752558708191   0.7010752558708191   
0.7322580814361572   0.7322580814361572   
0.1967741996049881   0.1967741996049881   
0.3870967626571655   0.3870967626571655   
0.7344086170196533   0.7344086170196533   
0.7043010592460632   0.7043010592460632   
0.3032258152961731   0.3032258152961731   
0.3817204236984253   0.3817204236984253   
0.698924720287323   0.698924720287323   
0.6655914187431335   0.6655914187431335   

15:46:51: local_reinforcement_logger.timestep_report +41: INFO     
 Step 22   Fraction valid SMILES: 96.9   Score: 0.4844   Time elapsed: 40   Time left: 48.7
  Agent     Prior     Target     Score     SMILES
-33.93    -33.78    -14.84      0.23      c1oc(C(O)(Cn2cncn2)C(NC(c2c(N)cccc2)=O)C)cc1
-26.86    -26.82      2.58      0.36      O=C(NCc1ccccc1)c1ccc(C=C2Sc3c(cccc3)N(CC(O)=O)C2=O)cc1
-51.58    -51.61    -10.51      0.50      c1c(Cl)ccc(CC2NC(=O)C3Cc4c5c(cccc5c(OC)c(CNc5ccc(Cl)cc5)c4)OC3(CO)C2)c1
-21.09    -21.02     32.71      0.66      c1(C(Nc2cc(OC)ccc2)=O)cc2c(cc1)N(S(=O)(=O)C)CC2
-23.93    -23.96     -9.35      0.18      c1(C(F)(F)F)ccc(CC(N)c2csc(=NC(=O)Nc3c(Cl)cccc3)[nH]2)cc1
-36.24    -35.77     15.98      0.63      c1(C(CC)NC(c2c(C)c(-c3ccc(C)cc3)n(-c3c(Cl)cc(Cl)cc3)n2)=O)c(Br)cc(F)cc1
-38.77    -38.34      4.55      0.52      C1C2SC(=NC(NC(=O)C)=NC)N(c3ccc(OC(F)(F)F)cc3)C1CCC2
-30.39    -30.39     -0.60      0.36      CC(=Nc1ccc(N(C(=O)C)C)cc1)c1ccc(NC(c2ccccc2)=O)cc1
-30.09    -29.85     13.70      0.53      n1(CCCCC)c(=O)[nH]c2c(cc(-c3c(C(F)(F)F)cccc3)[nH]c2=O)c1=O
-61.20    -61.64    -11.88      0.61      N1c2c(cc(Cl)cc2)C23C4(C)CCC(OC)C(=O)C4c4c(c5c(cc4C=O)cccc5)C12C=C3
Human-Component   raw_Human-Component
0.23103448748588562   0.23103448748588562   
0.35862070322036743   0.35862070322036743   
0.5011494159698486   0.5011494159698486   
0.6551724076271057   0.6551724076271057   
0.1781609207391739   0.1781609207391739   
0.6310344934463501   0.6310344934463501   
0.522988498210907   0.522988498210907   
0.36321839690208435   0.36321839690208435   
0.5310344696044922   0.5310344696044922   
0.6068965792655945   0.6068965792655945   

15:46:53: local_reinforcement_logger.timestep_report +41: INFO     
 Step 23   Fraction valid SMILES: 96.9   Score: 0.4844   Time elapsed: 42   Time left: 47.2
  Agent     Prior     Target     Score     SMILES
-24.77    -25.06     21.88      0.57      c1cccc(C(N2CCN(c3ncc(C(=O)Nc4ccccc4)cc3)CC2)c2ccccc2)c1
-17.08    -17.28     25.04      0.52      c1ccc2c(c1)C(=O)C(C)=CC2=O
-29.08    -29.52     30.89      0.74      c1c(-c2ccc(-c3ncc[nH]3)c(Cl)c2)ccc(N2CCN(C)CC2)c1
-36.65    -36.62    -36.62      0.00      c1c(CNCCn2c3[nH]c(=Nc4cc(C)c(C5CCNCC5)cc4)ncc3c(C)cc2)ncc(F)c1
-23.88    -23.79     25.88      0.61      N(N=C(C)Cc1ccc(OC)cc1)=c1ccc(Cl)n[nH]1
-29.85    -29.63      4.02      0.41      c1(C=CC(=O)c2cc(CN(C)C)c3c(c2)cccc3)ccc(OC)cc1O
-25.39    -25.85     24.11      0.61      c1cccc(-n2c3c(c(C)nc(N4CCCC4)n3)nc2)c1
-26.13    -26.23     19.95      0.56      c1cc(C#Cc2cc3c(cc2)c(C)[nH]n3)oc1
-28.13    -28.10     -3.50      0.30      CC(OC(C1=C(C)N=C(C)C(C(=O)OCC)C1c1ccc(C=CC(=O)O)cc1)=O)(C)C
-24.35    -24.37     27.84      0.64      s1c(C2CC2)cc2c(=Nc3cc(Cl)c(OCc4cc(F)ccc4)cc3)[nH]cnc12
Human-Component   raw_Human-Component
0.5724138021469116   0.5724138021469116   
0.5160919427871704   0.5160919427871704   
0.7367815971374512   0.7367815971374512   
0.0   0.0   
0.6057471036911011   0.6057471036911011   
0.41034483909606934   0.41034483909606934   
0.6091954112052917   0.6091954112052917   
0.5632184147834778   0.5632184147834778   
0.30000001192092896   0.30000001192092896   
0.636781632900238   0.636781632900238   

15:46:55: local_reinforcement_logger.timestep_report +41: INFO     
 Step 24   Fraction valid SMILES: 93.8   Score: 0.4688   Time elapsed: 44   Time left: 45.8
  Agent     Prior     Target     Score     SMILES
-35.26    -35.24    -21.70      0.17      N(C)(C)C(C(S)C(NC(Cc1c2ccccc2[nH]c1)C(=O)NCc1ccccc1)=O)Cc1ccccc1
-33.77    -34.70     28.41      0.77      c12[nH]ccc1cccc2C1c2[nH]c3ccc(C#N)cc3c2CCN1C
-40.77    -40.37    -14.32      0.32      c1cc(-c2cc[nH]c(=NC(c3c(C)n(CCn4c5c(nc4)cccc5)nc3)=O)n2)cnc1
-23.54    -23.89     33.57      0.70      c1cncn1CCn1c2ccc(C)cc2cc1
-19.56    -19.86     -5.42      0.18      [N+]([O-])(c1c2nonc2c(Nc2ccccc2)cc1)=O
-26.54    -27.54     31.74      0.72      C12CCN(CC1)C1C2CN(CCCCN)CC1
-33.55    -33.20    -33.20      0.00      c12[nH]c(=N)nc(C)c1=NC(c1c(=O)n(-c3ccccc3)c3c(cccc3)c1O)CC(c1ccc(C)cc1)=N2
-29.23    -29.61     -3.25      0.32      c1cccc2[nH]c(CN(CC(=O)Nc3c(C)cccc3C)Cc3ncccc3)nc(=O)c12
-40.03    -39.90     12.41      0.64      c1c(NC2C3CSC(C(=O)O)C3CC2)cccc1Oc1c(O)cc(CCCCC)cc1
-32.89    -32.59     25.37      0.71      N1(S(=O)(N2C3C(N(C(=O)C(C)(C)C)CC3)CC2)=O)CCc2ccccc21
Human-Component   raw_Human-Component
0.16502462327480316   0.16502462327480316   
0.7697044610977173   0.7697044610977173   
0.3177340030670166   0.3177340030670166   
0.7007389068603516   0.7007389068603516   
0.17610837519168854   0.17610837519168854   
0.7229064106941223   0.7229064106941223   
0.0   0.0   
0.3214285671710968   0.3214285671710968   
0.6379310488700867   0.6379310488700867   
0.7068965435028076   0.7068965435028076   

15:46:58: local_reinforcement_logger.timestep_report +41: INFO     
 Step 25   Fraction valid SMILES: 100.0   Score: 0.5000   Time elapsed: 47   Time left: 45.2
  Agent     Prior     Target     Score     SMILES
-28.34    -28.04    -28.04      0.00      c1(C(NC(=O)COc2ccc(-c3[nH]c4c(n(C)c(=O)n(C)c4=O)c3)cc2)C)cc(C)ccc1
-35.38    -35.25     -9.68      0.31      c1(C(O)=O)c(Cl)cc(N2CCN(C(=O)C(NS(c3ccccc3)(=O)=O)C)CC2)cc1
-28.00    -28.06      0.60      0.35      c1cc(-c2ccccc2)cc2[nH]c(C(NCCc3ccc(NS(=O)(C)=O)cc3)=O)cc12
-38.49    -38.91     14.70      0.65      c1(F)ccc2nn(CCNS(=O)(c3ccc(-c4ccccc4)cn3)=O)nc2c1
-26.77    -27.03    -18.47      0.10      O=C(CSc1nnc(CC)c(C)c1-c1ccccc1)NCc1ccc(C)cc1
-25.81    -26.19     29.36      0.68      c1c(OCCNS(=O)(c2cc3c(cc2)CCNCC3)=O)ccc(Br)c1
-24.25    -24.34     24.95      0.60      O=c1c2ccccc2cc(C(=O)NC2CCC(C)CC2)n1C
-32.69    -32.16     -4.04      0.34      c1(NC(=O)Cc2cc(-n3c4c(cc3C)C(=O)CCC4)ccc2OC)ccccc1N1CCCCC1
-29.20    -29.50      0.40      0.36      c1(C(O)=O)ccc(N2CCN(C(=O)c3cn(-c4ccc(OC)cc4)c(-c4ccc(F)cc4F)n3)CC2)cc1
-27.37    -27.49     26.65      0.66      [nH]1c(=NCC=C)[nH]c(=NC(C)(C)C)nc1N1CCN(c2ccccn2)CC1
Human-Component   raw_Human-Component
0.0   0.0   
0.31182795763015747   0.31182795763015747   
0.3494623601436615   0.3494623601436615   
0.6537634134292603   0.6537634134292603   
0.1043010726571083   0.1043010726571083   
0.6774193644523621   0.6774193644523621   
0.601075291633606   0.601075291633606   
0.3430107533931732   0.3430107533931732   
0.36451613903045654   0.36451613903045654   
0.6602150797843933   0.6602150797843933   

15:47:00: local_reinforcement_logger.timestep_report +41: INFO     
 Step 26   Fraction valid SMILES: 100.0   Score: 0.5000   Time elapsed: 49   Time left: 43.6
  Agent     Prior     Target     Score     SMILES
-34.10    -33.04     20.13      0.65      c1c(-c2[nH]c(=NN=C(C)C(C)C)sc2)sc(-c2ccc(C(F)(F)F)cc2)c1
-23.80    -23.55      9.33      0.40      c1(-c2occ(CNC(c3cccnc3)C)n2)ccccc1OCC
-28.70    -28.49      4.40      0.40      n1c(CNC(=O)CNC(=O)c2c(Br)cccc2)cc(-c2ccccc2)n1C
-21.00    -21.18     -0.99      0.25      c1ccc(C(Nc2ccc3c(C)cc(=O)oc3c2)=O)cc1C
-25.43    -25.77     24.84      0.62      c1(Cl)ccc(CNC)cc1-c1cc(C)c(Cl)cc1
-55.16    -54.59    -29.55      0.31      c1cccc(CN(C(=O)OCC2N(CC=CCC(CC(=O)O)C)C(=O)C(C)OC2C)C)c1OCc1ccccc1
-18.35    -18.44     41.25      0.73      Brc1ccc(C(=O)C=Cc2ccc(F)cc2)cc1
-19.52    -19.72     36.71      0.69      c1ccc(C(NNCc2ccc(O)c(O)c2O)=O)cc1
-30.99    -30.88     22.11      0.65      n1c(=NC(C)C)cc(-c2ccccc2C)[nH]c1N1CCCC1C
-25.55    -25.29     18.89      0.54      OC(CNCCc1ccc(-c2ccc(C(NS(=O)(=O)C)=O)c(OC(C)C)c2)cc1)c1cccc(NS(=O)(=O)C)c1
Human-Component   raw_Human-Component
0.64838707447052   0.64838707447052   
0.4010752737522125   0.4010752737522125   
0.4010752737522125   0.4010752737522125   
0.24623656272888184   0.24623656272888184   
0.6172043085098267   0.6172043085098267   
0.3053763508796692   0.3053763508796692   
0.727957010269165   0.727957010269165   
0.6881720423698425   0.6881720423698425   
0.6462365388870239   0.6462365388870239   
0.5387097001075745   0.5387097001075745   

15:47:02: local_reinforcement_logger.timestep_report +41: INFO     
 Step 27   Fraction valid SMILES: 100.0   Score: 0.5000   Time elapsed: 51   Time left: 41.9
  Agent     Prior     Target     Score     SMILES
-29.07    -28.77     17.88      0.57      O=c1n(C)c2nc(OC)n(Cc3cn(-c4cccc(C(F)(F)F)c4)nn3)c2c(=O)[nH]1
-38.91    -38.41     -3.14      0.43      NCCN1C(=O)N(c2cc(C(=O)N=c3scc[nH]3)ccc2)C2(CCN(Cc3ccc(Oc4ccc(C(=O)NC)nc4)cc3)CC2)C1=O
-25.19    -25.38     24.18      0.60      O=C(C(NS(c1cc2c(cc1)N(C(=O)C)CCC2)(=O)=O)CC(C)C)O
-21.11    -21.93     34.32      0.69      c1[nH]cc(CCCNC(NC#N)=N)n1
-26.97    -26.98     -9.52      0.21      c1cc2cc(C(Nc3ccc(S(=O)(=O)N)cc3)c3ccc(OC)cc3)c(=O)oc2cc1
-20.92    -20.52     19.07      0.48      c1(SCC(=O)c2ccc([N+](=O)[O-])cc2)nnnn1C
-24.55    -24.92     -2.08      0.28      c1(C(Nc2ccccc2F)=O)cc(NC(CCCC)=O)ccc1
-22.15    -22.18     33.19      0.68      c12c(cccc1)Sc1c(cccc1)N2C(CS(=O)(=O)c1ccccc1)=O
-30.79    -31.22    -12.79      0.22      c12ccn(-c3cn(CC)nc3)c1cc(NC(N=c1n(-c3ccc(C)cc3)[nH]c(C(C)(C)C)c1)=O)cc2
-28.23    -27.82     -0.13      0.34      c12cc(N)ccc1[nH]c(=Nc1ccc(C(=O)OC)cc1)c(-n1c(C)cc(C)n1)n2
Human-Component   raw_Human-Component
0.5688171982765198   0.5688171982765198   
0.4301075339317322   0.4301075339317322   
0.6043010950088501   0.6043010950088501   
0.6860215067863464   0.6860215067863464   
0.21290323138237   0.21290323138237   
0.48279568552970886   0.48279568552970886   
0.27849462628364563   0.27849462628364563   
0.675268828868866   0.675268828868866   
0.2247311770915985   0.2247311770915985   
0.337634414434433   0.337634414434433   

15:47:04: local_reinforcement_logger.timestep_report +41: INFO     
 Step 28   Fraction valid SMILES: 96.9   Score: 0.4844   Time elapsed: 52   Time left: 39.4
  Agent     Prior     Target     Score     SMILES
-30.01    -30.09      4.13      0.42      c1(=Nc2c(Cl)cccc2)[nH]c2cc(F)c(C(F)(F)F)cc2nc1C(O)=O
-22.17    -22.25     30.34      0.64      C1OC12C(=O)N(Cc1ccc([N+]([O-])=O)cc1)c1ccccc12
-33.24    -33.33    -14.86      0.23      [O-][n+]1nc2c(C(=O)OCC)c3n(c(=O)c2[nH]1)CCC3
-28.57    -29.11    -29.11      0.00      Cc1sc(CN2CCC3(CCCO3)Cn2ccn1)C
-17.77    -17.85     21.55      0.48      c1cc(C2(C(OCCN(CC)CC)=O)CCCC2)ccc1
-34.99    -34.77     -9.03      0.31      CN(C=C1C(N2CCOCC2)=NC(=O)C1=Cc1ccc(N(CC)CC)o1)C
-18.45    -18.68     41.45      0.73      c1cc(Br)ccc1COc1ccc(CCC(=O)O)cc1
-28.95    -29.21     24.80      0.66      c1c(C)c(NCCCNC(=O)c2ccc([N+]([O-])=O)cc2)ccc1Cl
-23.32    -23.91     32.83      0.69      c1ccc(N2CCCCC2)c(NC(O)c2[nH]c(O)cc2)c1
-25.29    -25.20      5.43      0.37      c1c(N=c2sc3c([nH]2)C(=O)c2c4ccccc4[nH]c2C3=O)cccc1
Human-Component   raw_Human-Component
0.4172413647174835   0.4172413647174835   
0.6413792967796326   0.6413792967796326   
0.22528736293315887   0.22528736293315887   
0.0   0.0   
0.4804597795009613   0.4804597795009613   
0.3137930929660797   0.3137930929660797   
0.7333333492279053   0.7333333492279053   
0.6586207151412964   0.6586207151412964   
0.6919540166854858   0.6919540166854858   
0.3735632300376892   0.3735632300376892   

15:47:05: local_reinforcement_logger.timestep_report +41: INFO     
 Step 29   Fraction valid SMILES: 100.0   Score: 0.5000   Time elapsed: 54   Time left: 37.8
  Agent     Prior     Target     Score     SMILES
-26.13    -25.80     23.40      0.60      O=C(NCC(OCCCCCC)=O)OCCCC
-25.70    -25.92     23.36      0.60      O1C(CO)C(O)C(O)(C)C1n1c2c(nc1)c(=N)nc(Cl)[nH]2
-37.11    -37.07      7.28      0.54      c1ccc2c(c1)SC1=NC(c3c(OCC(C)(C)CN(C)C)cccc3)=NN12
-24.10    -24.00    -12.18      0.14      N(NC(=O)CNc1c(C)cc(C)cc1)=Cc1sccc1
-19.67    -19.95     38.33      0.71      Clc1ccc(S(NC2C3CCC2Cc2c(cccc2)C3)(=O)=O)cc1
-47.90    -47.81     -3.37      0.54      C1(N2CCCn3c4c(nc32)N(c2c(Cl)cccc2)CNC4=O)=NC(=Cc2[n+](C)c3c(ccc(Cl)c3)s2)C(C#N)C1=N
-28.75    -28.46     25.95      0.66      c1nn(Cc2onc(CC3CCCC3)n2)c2ccc(F)cc12
-44.71    -44.66    -10.97      0.41      O1C(=O)C(Cc2ccccc2)C(C(O)=O)N2C1C(N(C(CC)=O)C=O)CS2(=O)=O
-21.76    -22.70     29.68      0.64      c1cccc(CC2c3c(cccc3)C(c3ccccc3)C2)c1
-26.19    -26.14      7.10      0.41      c1cc(CNC(c2cnc3n(c4c(cc(Cl)cc4)s3)c2=O)=O)oc1
Human-Component   raw_Human-Component
0.6000000238418579   0.6000000238418579   
0.601075291633606   0.601075291633606   
0.5408602356910706   0.5408602356910706   
0.14408601820468903   0.14408601820468903   
0.7107526659965515   0.7107526659965515   
0.5419355034828186   0.5419355034828186   
0.6634408831596375   0.6634408831596375   
0.41075268387794495   0.41075268387794495   
0.6387096643447876   0.6387096643447876   
0.4053763449192047   0.4053763449192047   

15:47:07: local_reinforcement_logger.timestep_report +41: INFO     
 Step 30   Fraction valid SMILES: 100.0   Score: 0.5000   Time elapsed: 55   Time left: 35.5
  Agent     Prior     Target     Score     SMILES
-28.77    -29.47    -11.74      0.22      [O-][N+](c1cccc(NS(=O)(c2cc(N)c3ccccc3c2)=O)c1)=O
-30.88    -30.76     30.08      0.74      C1(C(F)(F)F)OC(C(F)(F)F)(C(F)(F)F)N=C(c2ccc(-c3cc(C#N)ccc3)cc2)N1
-36.27    -36.87    -32.02      0.06      c1ccc(-c2cccc3c2occ3-c2ccc(OC)cc2)nc1C=Cc1ccccc1
-25.35    -25.56     35.81      0.75      C(Cn1c(-c2ccccc2Cl)c[n+]2c1CCC2)CCC
-43.82    -44.11     13.29      0.70      C(Cn1nc2c3c(ccc(=CCN4CCN(CCOCCO)CC4)c13)=CC2=O)c1ccccc1
-25.82    -25.45     22.69      0.59      C(c1c(Cl)c(Cl)cc(Cl)c1O)=NNC(c1cc2c(cccc2)cc1O)=O
-50.48    -49.23     -9.47      0.48      [O-][N+](c1cc(C(NC(c2ccccc2C(=O)O)=O)c2cccc(C(=O)N=c3[nH]c4c(s3)CC(NC(c3ccccc3)=O)C4)c2)ccc1)=O
-29.46    -28.88     24.29      0.65      c1ccc(Cn2nc(-c3ccc(C(NCCCCN4CCc5c(cc(OC)cc5)C4)=O)cc3)nn2)cc1
-19.61    -19.84     12.52      0.39      c1cc(S(NN2C(=S)SC(=Cc3ccc(N(C)C)cc3)C2=O)(=O)=O)ccc1
-26.11    -26.09     25.67      0.63      c1ccc2n(c(=O)n(CCCN3CCN(c4ncccn4)CC3)c2O)c1C
Human-Component   raw_Human-Component
0.21612903475761414   0.21612903475761414   
0.7419354915618896   0.7419354915618896   
0.059139784425497055   0.059139784425497055   
0.7483870983123779   0.7483870983123779   
0.699999988079071   0.699999988079071   
0.5870967507362366   0.5870967507362366   
0.48494625091552734   0.48494625091552734   
0.64838707447052   0.64838707447052   
0.39462366700172424   0.39462366700172424   
0.6311827898025513   0.6311827898025513   

15:47:09: local_reinforcement_logger.timestep_report +41: INFO     
 Step 31   Fraction valid SMILES: 100.0   Score: 0.5000   Time elapsed: 57   Time left: 33.8
  Agent     Prior     Target     Score     SMILES
-23.48    -23.10      7.76      0.38      OC(=O)CN(C1CCCCC1)C(=O)Nc1ccc(Oc2ccccc2)cc1
-26.17    -26.04     32.77      0.72      O=C(NC1CN(C2CCC(n3c(=O)[nH]c4cnccc34)CC2)C1)c1ccccc1
-44.39    -43.76    -38.03      0.07      C(c1cccc([N+]([O-])=O)c1)(N=C(NC(c1occc1)=O)CC(c1ccc(C)cc1)=O)C(NN)=O
-34.97    -34.74     -3.88      0.38      c12c(=O)oc(C)cc1c1c(c(COC(C)=O)c2)cc(OC)c(O)c1
-39.13    -38.47    -13.52      0.30      c1c2c(ccc1-c1cc3cc(C4N5CCCC5(C(=O)O)C(=O)N4Cc4c(OC)cccc4)ccc3o1)OCO2
-34.39    -34.31      9.16      0.53      c12sc(=NC(c3ccc(S(=O)(=O)N4Cc5c(cccc5)CC4)cc3)=O)n(C)c1cc1c([nH]c(=O)[nH]1)c2
-27.81    -27.93     30.79      0.72      OC(c1cc(Br)cc(F)c1F)(Cn1cncn1)C
-29.62    -30.04     26.56      0.69      C1NCCN(CCC(C(=NO)O)Nc2cc(F)c(OC)cc2)C1
-28.96    -28.50     25.37      0.66      C(CCCCCC)C(=O)OC1CC(n2ccc(=O)[nH]c2=O)C(O)C1
-22.94    -22.80     20.67      0.53      c1(C)nc(C2N(C(c3c4ccccc4n[nH]3)=O)CCC2)no1
Human-Component   raw_Human-Component
0.37634408473968506   0.37634408473968506   
0.7172042727470398   0.7172042727470398   
0.06989247351884842   0.06989247351884842   
0.37634408473968506   0.37634408473968506   
0.30430108308792114   0.30430108308792114   
0.5301074981689453   0.5301074981689453   
0.7161290049552917   0.7161290049552917   
0.6903225779533386   0.6903225779533386   
0.6569892764091492   0.6569892764091492   
0.5301074981689453   0.5301074981689453   

15:47:10: local_reinforcement_logger.timestep_report +41: INFO     
 Step 32   Fraction valid SMILES: 100.0   Score: 0.5000   Time elapsed: 59   Time left: 32.2
  Agent     Prior     Target     Score     SMILES
-20.02    -20.57     38.77      0.72      c1cccc(C(c2ccccc2)CCNS(=O)(=O)c2ccc(F)cc2)c1
-25.17    -24.85     11.83      0.45      c1c([N+](=O)[O-])ccc(C=C2CCCc3c(-c4ccc(Br)cc4)nc(=O)[nH]c32)c1
-24.08    -23.77     35.13      0.72      C(n1c(=O)n(C2CC2)c2ccncc12)c1cc(C)ccc1
-23.00    -22.96      5.61      0.35      c1cccc(OCC(=O)Nc2scc(-c3sccc3)c2C#N)c1
-21.50    -21.17     29.97      0.62      Cn1nc([N+]([O-])=O)nc1Oc1ccc(C)cc1
-24.28    -24.17     26.35      0.62      C(n1c2cc(C(F)(F)F)[nH]c(=N)c2nc1)c1cccc(OC(F)(F)F)c1
-25.81    -26.04     26.42      0.64      CN(C)c1ncc(C#Cc2ccc(C(NC(C)=O)C)cn2)cc1
-30.33    -30.47     21.46      0.63      c12sc(C(c3cccc(-c4c(O)ccc(Cl)c4)c3)=O)nc1cccc2
-33.12    -34.85     14.17      0.60      C1N(c2ccc(N=c3nc4c(cc[nH]c4=NC4CCCCC4)c[nH]3)[nH]c2=N)CCN(CCO)C1
-25.24    -25.82     20.91      0.57      C1N(CCNC(=O)Nc2cccc(C)c2)CC2CC1CNC2
Human-Component   raw_Human-Component
0.7236559391021729   0.7236559391021729   
0.4473118185997009   0.4473118185997009   
0.7182795405387878   0.7182795405387878   
0.34838709235191345   0.34838709235191345   
0.6236559152603149   0.6236559152603149   
0.6161290407180786   0.6161290407180786   
0.6397849321365356   0.6397849321365356   
0.6333333253860474   0.6333333253860474   
0.5978494882583618   0.5978494882583618   
0.5698924660682678   0.5698924660682678   

15:47:12: local_reinforcement_logger.timestep_report +41: INFO     
 Step 33   Fraction valid SMILES: 96.9   Score: 0.4844   Time elapsed: 60   Time left: 30.0
  Agent     Prior     Target     Score     SMILES
-41.14    -40.70    -11.29      0.36      CC(C)(c1ccc(C(C2=C(c3ccc(-c4occc4)cc3)CCCC2)=O)o1)C
-28.11    -27.88     13.97      0.51      C1OCCC(NC2CCC(n3cc(C(N)=O)c(=Nc4ccc(C(=O)N)cc4)[nH]3)(CC#N)CC2)C1
-37.68    -36.93      4.26      0.50      C(c1ccc(Cl)cc1)(C(=NC(=O)CCc1ccc(S(=O)(N)=O)cc1)CC(C)C)C(=O)O
-41.48    -41.40     12.13      0.65      N(CCCCCCNC(=NC#N)Nc1ccc(Cl)cc1)(C)CCCCN=c1[nH]c(=Nc2ccc(Cl)cc2)cc(Cl)[nH]1
-32.54    -32.60     23.57      0.69      C1N(C)CCN(CCOc2ccc(-c3sc4cc(O)c(Br)cc4n3)c(O)c2)C1
-39.52    -40.32    -23.36      0.21      Cc1ccc(S(Nc2c(C#N)c3c(n2CCSCCNC(=O)CN)cccc3)(=O)=O)cc1
-29.78    -30.47     18.63      0.60      Fc1cc(CC(CC(N2CCC(CCO)C2)=O)N)ccc1F
-26.23    -26.29      0.10      0.32      N(CC)(CC)C(c1cnc(N=c2scc[nH]2)cc1)=O
-22.95    -22.94     24.18      0.57      c1(=NC(=O)c2cccc(O)c2O)nc[nH][nH]1
-26.57    -26.25     23.24      0.60      c1(O)c(C2OC(C(O)CCCCCCCCCCCCCC)CC2)cc(C)o1
Human-Component   raw_Human-Component
0.35862070322036743   0.35862070322036743   
0.5103448033332825   0.5103448033332825   
0.5022988319396973   0.5022988319396973   
0.6528735756874084   0.6528735756874084   
0.6850574612617493   0.6850574612617493   
0.2068965584039688   0.2068965584039688   
0.5988505482673645   0.5988505482673645   
0.3218390941619873   0.3218390941619873   
0.5747126340866089   0.5747126340866089   
0.6034482717514038   0.6034482717514038   

15:47:13: local_reinforcement_logger.timestep_report +41: INFO     
 Step 34   Fraction valid SMILES: 93.8   Score: 0.4688   Time elapsed: 62   Time left: 28.3
  Agent     Prior     Target     Score     SMILES
-18.24    -18.72     22.18      0.50      c1c2c(ccc1)oc(-c1ccc(N)cc1)cc2=O
-26.83    -26.69     31.48      0.71      c1(=O)n(-c2ccc(F)cc2)c(=O)n(C2CCN(C(=O)C3CCN(Cc4cc[nH]c(=N)c4)CC3)CC2)c2ccccc12
-37.06    -36.64    -29.48      0.09      C1CCCC(N=c2cc(-c3cc4c(C)coc4c(NC(CN4CCCC4)=O)c3)[nH]cc2C#N)C1
-32.11    -32.47      6.21      0.47      c1cc(Cc2c(N)cccc2)ccc1C(=Cc1ccccc1)C(O)=O
-30.66    -31.23     26.33      0.70      C(CC)=Nn1c(=S)n(CN2CCN(c3ncccc3)CC2)nc1Cc1c(NCCCC)sc(C)c1C
-29.00    -29.67     19.31      0.60      c1c(C(=O)Nc2ccccc2-c2[nH]c(=N)nc(-c3ccccc3)c2)cccc1Cl
-23.78    -24.33     21.82      0.56      C(NC1CCSCC1)c1nc(COC)sc1
-32.05    -32.45     13.10      0.56      n1(CC=C)cnc(C)c1CCNCC(COc1ccccc1)O
-50.94    -50.55    -17.53      0.40      c1(OCc2cc(COc3cc4c(cc3)nc3cc(OCC)ccc3n4)cs2)cc(C2(O)CC(c3ccc(C#N)cc3)=NO2)c(OC)cc1
-20.83    -21.17     15.99      0.45      N1(C(=O)CN2c3c(cccc3)OCC2=O)CCCCCC1
Human-Component   raw_Human-Component
0.49876847863197327   0.49876847863197327   
0.7093595862388611   0.7093595862388611   
0.0874384269118309   0.0874384269118309   
0.4716748893260956   0.4716748893260956   
0.7019704580307007   0.7019704580307007   
0.5972906351089478   0.5972906351089478   
0.5628078579902649   0.5628078579902649   
0.5554187297821045   0.5554187297821045   
0.40270936489105225   0.40270936489105225   
0.4532019793987274   0.4532019793987274   

15:47:15: local_reinforcement_logger.timestep_report +41: INFO     
 Step 35   Fraction valid SMILES: 90.6   Score: 0.4531   Time elapsed: 63   Time left: 26.2
  Agent     Prior     Target     Score     SMILES
-31.05    -31.40     27.39      0.72      o1c(CNC(=O)c2ccc(N3CCC(NC4c5ccccc5CCc5ccccc54)CC3)nc2)ccc1
-27.59    -28.17     19.56      0.58      c1cc2c(cc1OC)c1c(-c3ccc4c(c3)OCO4)coc1c[n+]2C
-37.22    -37.81    -29.35      0.10      c1c2c(c(=O)n3c1-c1nc4ccccc4c(C)c1C3)COC(=O)C2(OC(=O)CN=C(NCCN1CCOCC1)SCC=C)C
-36.47    -38.04     16.52      0.67      C1N(CCN2Cc3c(cccc3)C2)CCCN2CC(Cc3ccc(F)cc3)C(O)CC12
-27.43    -27.31      4.14      0.38      c1cc(-c2[nH]c(=NC(=O)c3ccc(=O)n(-c4ccccc4)n3)[nH]n2)ccc1
-39.76    -39.15    -20.71      0.22      n1c2ccc(C)cc2c(F)cc1C(=O)OCC(=O)c1ccc(O)cc1O
-52.03    -52.67    -37.16      0.19      c1cccc2c3c(c(-c4nn(S(=O)(=O)c5cccc6c5cccc6)cc4NC(Nc4ccc(Cl)cc4)=O)nc(CO)c3)[nH]c12
-41.45    -41.67    -41.67      0.00      c12nc3n(C)c4c(cccc4)n(C)c-3c1c1c(c(C#N)c2Cl)C(=O)NCC1
-31.89    -31.76     27.03      0.72      c12c(nc3n(CCCOCC)c(C)nc3c1C)cc(C)s2
-21.35    -21.27     26.02      0.58      O=C(NCC)Nc1sc2c(c1C(=O)N)CCCCC2
Human-Component   raw_Human-Component
0.7169312238693237   0.7169312238693237   
0.5820105671882629   0.5820105671882629   
0.1031746044754982   0.1031746044754982   
0.6653439402580261   0.6653439402580261   
0.38359788060188293   0.38359788060188293   
0.22486773133277893   0.22486773133277893   
0.18915343284606934   0.18915343284606934   
0.0   0.0   
0.7169312238693237   0.7169312238693237   
0.5767195820808411   0.5767195820808411   

15:47:16: local_reinforcement_logger.timestep_report +41: INFO     
 Step 36   Fraction valid SMILES: 100.0   Score: 0.5000   Time elapsed: 65   Time left: 24.6
  Agent     Prior     Target     Score     SMILES
-24.44    -25.46     32.02      0.70      c1ccccc1-c1ccc(C#Cc2cnc(Cl)c(OC)c2)cc1
-38.82    -39.34    -35.64      0.05      c12c(cccc1-c1ccccc1)oc(C(NCc1ncc(S(c3cc(N)ccc3)(=O)=O)cc1)=O)n2
-30.31    -30.47     27.19      0.70      c1(CC2COc3cc(C(O)=O)ccc3C2)cc(OC)c(O)cc1
-40.28    -39.79    -10.25      0.36      C1(c2ccccc2)(CCc2ccccc2)ON=C(C(C2CC(=O)NN2)C)C1
-28.28    -27.78     -5.92      0.27      c1(C(=O)c2cccs2)cc2c(nc(-c3ccc(Oc4ccccc4)cc3)[nH]2)cc1
-37.75    -37.48     18.42      0.68      Clc1ccc(C(C)(C)n2cc3cc(C(=O)c4cccc(Cl)c4)oc3c2O)cc1
-36.09    -36.40     16.86      0.65      C(=O)(O)C1CN(CC=Cc2cc(Cl)ccc2F)CCN1C1CCN(C(=O)c2c(C)cccc2C)CC1
-22.45    -23.03     34.37      0.70      c1c(OC)cc(OC)cc1NCCCCCCCCCCC
-35.84    -34.55     11.83      0.57      n1(-c2c(CNC(=O)C3CC3c3ccc(F)cc3)cc(OC)c(F)c2)nccn1
-26.13    -26.79     24.79      0.63      C12CC=C3C4CCC(O)C4(C)CC(O)C3(F)C1(C)CCC(O)C2
Human-Component   raw_Human-Component
0.7010752558708191   0.7010752558708191   
0.04516129195690155   0.04516129195690155   
0.7032257914543152   0.7032257914543152   
0.36021506786346436   0.36021506786346436   
0.2666666805744171   0.2666666805744171   
0.6817204356193542   0.6817204356193542   
0.6494623422622681   0.6494623422622681   
0.699999988079071   0.699999988079071   
0.5655913949012756   0.5655913949012756   
0.6290322542190552   0.6290322542190552   

15:47:18: local_reinforcement_logger.timestep_report +41: INFO     
 Step 37   Fraction valid SMILES: 96.9   Score: 0.4844   Time elapsed: 66   Time left: 22.6
  Agent     Prior     Target     Score     SMILES
-21.95    -21.51    -13.78      0.09      c1cc(COC(=O)NC(CC(C)C)C(NC(C(C(NCc2ccccc2)=O)=O)Cc2ccccc2)=O)ccc1
-19.27    -19.42     -0.38      0.23      c1(C)ccc(C(Nc2cccc(-c3[nH]c4ccccc4n3)c2)=O)cc1
-39.17    -39.14    -38.11      0.01      O=C(C(CCCNC(=N)N)NC(N1CCOCC1)=O)N1CCCC(Cc2ccccc2)(NC(C(C(C)C)NC(=O)C)=O)C1
-23.52    -24.31     -7.53      0.20      O=C(C1CC1)Nc1ccccc1-c1oc2ccccc2n1
-15.30    -16.26     37.84      0.66      c1cc2c(cc1)oc1ccccc1c2=O
-29.51    -30.13     29.53      0.73      Clc1ccccc1-c1scc(CNC(=O)c2cc(CN3CCN(C)CC3)ccc2)n1
-20.66    -21.57     36.21      0.70      N1(Cc2cc3ccccc3[nH]c2=O)CCN(c2ccc(OC)cc2)CC1
-39.35    -38.74    -38.74      0.00      C(=O)(c1c(-c2ccccc2)nccc1)NC(C)(C(c1cccc(C#N)c1)C)=O
-24.98    -24.32     -4.06      0.25      c1(C)c(C2=CN3C(=O)c4cc(OC)c(OC)cc4N=CC3C2)cc([N+](=O)[O-])cc1
-31.98    -32.64     20.43      0.65      n1c2c(c(CCCC)ccc2OC)ccc1CCc1cccc2ccccc21
Human-Component   raw_Human-Component
0.09425287693738937   0.09425287693738937   
0.23218390345573425   0.23218390345573425   
0.012643678113818169   0.012643678113818169   
0.20459769666194916   0.20459769666194916   
0.659770131111145   0.659770131111145   
0.7275862097740173   0.7275862097740173   
0.7045977115631104   0.7045977115631104   
0.0   0.0   
0.24712643027305603   0.24712643027305603   
0.6471264362335205   0.6471264362335205   

15:47:19: local_reinforcement_logger.timestep_report +41: INFO     
 Step 38   Fraction valid SMILES: 96.9   Score: 0.4844   Time elapsed: 68   Time left: 20.9
  Agent     Prior     Target     Score     SMILES
-28.32    -28.33     22.75      0.62      c1(C(NCC2CCN(CC)C2)=O)[nH]c2c(c(C)c(C)cc2)c1
-21.81    -22.79     38.76      0.75      Fc1cccc(F)c1-c1nc2ccccc2n(C)c1=O
-20.67    -20.89     34.82      0.68      c1(OC)ccc2[nH]c3c(c2c1)CCNC3C(OC)=O
-28.20    -28.40     24.95      0.65      c12n([nH]c(=Nc3cc(Cl)c(C#N)cc3)nc1)c(-c1cn(C)nc1)cn2
-29.20    -29.51    -11.98      0.21      C(=O)(Nc1cccc(N=c2[nH]cc(Cl)c(=Nc3c(C(=O)N)cccc3)[nH]2)c1)CCCCCCC(O)=NO
-30.47    -30.69     -7.88      0.28      c1ccc(OC)c(F)c1-c1cccc(-c2c3ccc(S(=O)(=O)N=c4cco[nH]4)cc3ccn2)c1
-26.87    -27.30     -0.43      0.33      Cc1cc([N+]([O-])=O)c2c(ccc(C#Cc3ccccc3)n2)c1
-22.42    -24.21     33.57      0.70      n1c(N2CCC(Cc3ccccc3)CC2)nc2n1cccc2
-28.98    -28.89     26.16      0.67      C(O)(C)CCC1C(C=CCC(C)(CCCCC)O)C(O)CC1=O
-21.41    -22.10     30.21      0.64      FC(F)(F)c1ccccc1-c1nc(=NCCN(C)C)cc[nH]1
Human-Component   raw_Human-Component
0.6229885220527649   0.6229885220527649   
0.7505747079849243   0.7505747079849243   
0.6793103218078613   0.6793103218078613   
0.6505746841430664   0.6505746841430664   
0.2137930989265442   0.2137930989265442   
0.2781609296798706   0.2781609296798706   
0.32758620381355286   0.32758620381355286   
0.7045977115631104   0.7045977115631104   
0.6712643504142761   0.6712643504142761   
0.6379310488700867   0.6379310488700867   

15:47:21: local_reinforcement_logger.timestep_report +41: INFO     
 Step 39   Fraction valid SMILES: 96.9   Score: 0.4844   Time elapsed: 69   Time left: 19.0
  Agent     Prior     Target     Score     SMILES
-28.09    -27.59    -16.47      0.14      O=C(c1sc2c(c(=Nc3ccccc3)c(C(=O)OCC)c[nH]2)c1C)OC
-31.34    -31.16     17.09      0.59      Clc1ccc(N2C(c3ccc([N+](=O)[O-])cc3)C3C=CC(C)(C)CC3O2)cc1
-37.64    -37.16      0.25      0.46      [nH]1c(-n2[nH]c(C)c(Cc3cc(F)ccc3)c2=O)nc(C)c(C(CCC)=O)c1=NC
-20.35    -20.64      7.73      0.35      C(c1cccnc1)NC(=S)Nc1ccccc1C
-33.31    -33.16    -27.22      0.07      c1(S(N2CCOCC2)(=O)=O)cc(C(NNC(Cn2c(O)cn(-c3ccccc3)c2=O)=O)=O)ccc1
-34.87    -36.06    -12.97      0.28      c1c2c(c3c4c(c5c6ccccc6nc5c3n2OC2C(O)C(O)C(O)C(CO)O2)CNC4=O)cc1
-33.49    -33.40      0.72      0.42      c1cc(NC23CC4N(C(c5ccc(C)cc5)=O)C(CC(C2)C4)C3)ccc1OC
-28.95    -27.66    -15.50      0.15      n1(Cc2c(C)onc2C)c2c(C)cc(C)cc2c(=O)c(C(=O)CC(C(=O)OCC)=O)c1
-29.06    -28.43     12.39      0.50      c12c(cc(C(=O)N3CCCCC3)cc1)nc(-c1cc3c(cc1)cc(OC)cc3)[nH]2
-32.22    -34.51     30.43      0.79      c1c(F)ccc2c1N(CCCN1CCN(CCN=C3SC4CS(=O)(=O)CC4N3)C(=O)C1)c1ccccc1NC2=O
Human-Component   raw_Human-Component
0.13563218712806702   0.13563218712806702   
0.588505744934082   0.588505744934082   
0.4563218355178833   0.4563218355178833   
0.3459770083427429   0.3459770083427429   
0.07241379469633102   0.07241379469633102   
0.2816092073917389   0.2816092073917389   
0.4160919487476349   0.4160919487476349   
0.14827586710453033   0.14827586710453033   
0.49770113825798035   0.49770113825798035   
0.7919540405273438   0.7919540405273438   

15:47:22: local_reinforcement_logger.timestep_report +41: INFO     
 Step 40   Fraction valid SMILES: 100.0   Score: 0.5000   Time elapsed: 71   Time left: 17.3
  Agent     Prior     Target     Score     SMILES
-45.89    -45.58     -8.91      0.45      c1cc2cccc(OCC(=O)NC(NCCC(=O)NCC#N)C(=O)N3C(C(=O)O)CCC3)c2cc1
-47.68    -48.46    -36.74      0.14      C1C2(C)OC3C4(C(CCC(C)C4CC2)C2CCc4c(ccc(C(=O)n5nnc(-c6ccc(CCCC)cc6)c5)c4O)C2O3)O1
-22.35    -22.43      9.14      0.38      c1cc(Oc2ccccc2)ccc1C=NNC(C1C(c2ccccc2)CNC1=O)=O
-30.59    -30.44     -1.52      0.35      c1(NC(=O)c2sc3c(c(C)nn3C)c2)cc(OCC)ccc1
-26.80    -28.12     30.51      0.72      C1CC2(CCN1CC1CC1)COC(CN)O2
-25.67    -25.98     27.01      0.65      CC(CC1CC(C(O)=O)N1)=O
-59.69    -59.91    -43.42      0.20      O(C)c1c(C2Oc3c(ccc(-c4c(OC)c(O)c5c(C=CCCC)cc6c(cc(O)c(OC)c6)c5c4OC)c3O)OC2=O)cccc1OC
-24.90    -25.45     30.90      0.69      N1(C2c3ccc(Cl)cc3C(c3ccc(F)cc3)C2)CC(F)CC1
-25.75    -25.94     22.82      0.59      C1C(N2CCOCC2)CC2C(C)(C3CCC4(C)C(CCC4(C)O)C3CC2)C1
-37.95    -37.05      4.74      0.51      n1c(C)cc(C)c2c1c(=O)n(C(C)COC(C)C)nc2C(F)(F)F
Human-Component   raw_Human-Component
0.4473118185997009   0.4473118185997009   
0.14301075041294098   0.14301075041294098   
0.38494622707366943   0.38494622707366943   
0.35268816351890564   0.35268816351890564   
0.7150537371635437   0.7150537371635437   
0.6462365388870239   0.6462365388870239   
0.20107527077198029   0.20107527077198029   
0.6870967745780945   0.6870967745780945   
0.5946236848831177   0.5946236848831177   
0.5096774101257324   0.5096774101257324   

15:47:26: local_reinforcement_logger.timestep_report +41: INFO     
 Step 41   Fraction valid SMILES: 100.0   Score: 0.5000   Time elapsed: 74   Time left: 15.9
  Agent     Prior     Target     Score     SMILES
-21.79    -22.31     37.74      0.73      c1(CCCNCCS(=O)(CCCOCCc2ccccc2)=O)ccccc1
-24.70    -24.73      5.16      0.36      C1C2N(S(=O)(=O)c3ccc(OC)cc3)C(c3c(O)n(-c4ccccc4)c(O)c32)CC1
-29.36    -30.22     29.47      0.73      C1=NCOc2c(N3CCN(C)CC3)nc(=N)[nH]c21
-27.63    -27.34     28.73      0.68      c1ccc(-c2cc(-c3c[nH]c(=N)nc3-c3ccc(F)cc3)c(O)o2)cc1
-26.45    -25.99     12.54      0.47      N(C(O)c1cn(-c2ccc(C)cc2C)c(O)c1)c1c(C(F)(F)F)cccc1
-31.53    -31.66     14.28      0.56      C(=O)(c1c2ccccc2n(C)c1S)N(C)CC
-34.52    -34.17      9.12      0.53      O=C1C=C2C(=CN(c3ccc(Cl)cc3Cl)C(=N)C2C(=O)OCC)SC1
-29.96    -30.22     21.01      0.62      C(#N)CCN(c1ccc2c([nH]c(=O)cc2C)c1)Cc1ccc(F)cc1F
-31.29    -30.40      0.37      0.38      c1c(S(N(c2ccc(C)c(C)c2)CC(=O)Nc2cc(OC)ccc2)(=O)=O)c2c(nsn2)cc1
-31.52    -31.71      9.12      0.50      CCCCCOC=C1C(=O)N2C(=N1)SCC2C#N
Human-Component   raw_Human-Component
0.7322580814361572   0.7322580814361572   
0.36451613903045654   0.36451613903045654   
0.727957010269165   0.727957010269165   
0.6838709712028503   0.6838709712028503   
0.4698924720287323   0.4698924720287323   
0.5602150559425354   0.5602150559425354   
0.5279569625854492   0.5279569625854492   
0.624731183052063   0.624731183052063   
0.375268816947937   0.375268816947937   
0.4978494644165039   0.4978494644165039   

15:47:27: local_reinforcement_logger.timestep_report +41: INFO     
 Step 42   Fraction valid SMILES: 100.0   Score: 0.5000   Time elapsed: 76   Time left: 14.1
  Agent     Prior     Target     Score     SMILES
-28.78    -28.96     -3.13      0.32      O=S(C)(NC1C2CCC1Cc1c(ccc(NC(=O)c3ccc(OC)cc3)c1)C2)=O
-23.26    -22.96     16.99      0.49      O=C(CSc1nnc(-c2ccco2)n1C)c1cc(C)n(C2CC2)c1C
-32.55    -32.55     13.83      0.57      Clc1ccc(N=c2c3cc(OCCCCC(N)=N)c(OC)cc3nc[nH]2)cc1CO
-36.09    -36.31      6.27      0.52      s1c(CCCCCCCCCC)c[nH]c1=NCCSCc1[nH]cnc1C(=O)NC
-27.61    -27.28     -7.00      0.25      c1(F)ccc(S(=O)(=O)N2CCCCC2c2cc(C(=O)N3CCN(C(=O)C)CC3)no2)cc1
-32.65    -32.50      9.39      0.51      N1(CC(N=c2[nH]c3ccccc3s2)=O)C(C(NCc2ccccc2)=O)Cc2c(cccc2)C1
-24.52    -25.61     16.01      0.51      c1c(Oc2ncccc2Cn2cccc2)cccc1
-41.45    -41.82    -11.76      0.37      n1cc(-c2ccc(-c3c(C)cc(F)c(OCCS(=O)(C)=O)c3)cc2C#N)ncc1
-36.68    -36.54     -9.12      0.33      N1C(CC(=O)OC)C(C(OCCOc2c(Cl)cccc2)=O)O1
-21.13    -21.52     28.74      0.61      CN(C=Nc1ncc(N2CCOCC2)cc1)C
Human-Component   raw_Human-Component
0.3150537610054016   0.3150537610054016   
0.48709678649902344   0.48709678649902344   
0.5655913949012756   0.5655913949012756   
0.5193548202514648   0.5193548202514648   
0.24731183052062988   0.24731183052062988   
0.5107526779174805   0.5107526779174805   
0.5075268745422363   0.5075268745422363   
0.36666667461395264   0.36666667461395264   
0.33440861105918884   0.33440861105918884   
0.6129032373428345   0.6129032373428345   

15:47:29: local_reinforcement_logger.timestep_report +41: INFO     
 Step 43   Fraction valid SMILES: 96.9   Score: 0.4844   Time elapsed: 78   Time left: 12.4
  Agent     Prior     Target     Score     SMILES
-25.71    -26.33      0.06      0.32      c1cc(NC(C=Cc2ccc(Cl)cc2)=O)cc2c(C)nc(N(C)CCN(C)C)nc12
-47.42    -47.09    -43.03      0.05      C1CCC1(N=c1c2c([nH]n1-c1ccc(F)cc1)cc(C)cc2)c1nc(=O)c2cc(C(F)(F)F)cc([N+]([O-])=O)c2[nH]1
-54.17    -54.39    -54.39      0.00      C1N(c2[nH]cnc(=Nc3ccc(CCC(N4c5c(cc(N6CCOCC6)cc5CCC4=O)=O)=O)cc3F)c2)CCN(CCc2ccccc2)C1
-28.49    -28.30    -19.16      0.11      C12(C)C(CCC3C4(C)C(C(C)(C)C(OC(=O)c5ccccc5)CC4)CCC13C)C1C(C(=C)C)CCC1(C(n1cncc1)=O)CC2
-35.54    -36.31     -4.82      0.38      c1ccc(NC(N2CC3CCC(N3C)C2)=O)cc1Cn1c(=O)ccc(=Nc2c(Cl)ccc(C)c2Cl)[nH]1
-29.62    -29.60    -26.96      0.03      c1(C)ccc(-c2[nH]c(=NCC3CCC(C(=O)O)CC3)ncc2-c2nc(C)cs2)cc1Cl
-27.99    -29.00     24.54      0.65      c1ccccc1C#Cc1cc(-c2c3c(nc[nH]c3=N)n(C3CCCCC3)n2)ccc1
-27.15    -27.25     12.24      0.48      n1(C2C(O)C(O)C(O)O2)cnc2c(SCc3ccccc3)nc(Cl)nc12
-24.08    -24.53     37.12      0.75      C1C(CNC)CCN(Cc2ccc(F)cc2)C1=O
-20.78    -21.55     37.17      0.72      C1CCCC(CN2CC(O)C(O)C(O)C2)C1
Human-Component   raw_Human-Component
0.3218390941619873   0.3218390941619873   
0.049425289034843445   0.049425289034843445   
0.0   0.0   
0.11149425059556961   0.11149425059556961   
0.3839080333709717   0.3839080333709717   
0.03218390792608261   0.03218390792608261   
0.6528735756874084   0.6528735756874084   
0.48160919547080994   0.48160919547080994   
0.751724123954773   0.751724123954773   
0.7160919308662415   0.7160919308662415   

15:47:30: local_reinforcement_logger.timestep_report +41: INFO     
 Step 44   Fraction valid SMILES: 96.9   Score: 0.4714   Time elapsed: 79   Time left: 10.5
  Agent     Prior     Target     Score     SMILES
-35.22    -34.37     10.59      0.55      C1Cc2[nH]c3c(c(=N)c2CC1)C(c1c2c(c(OC)cc1)OCCO2)CC(C)(C)C3
-29.65    -29.35     33.61      0.77      C1(=O)c2c(cccc2)C(=O)C1(c1c2c([nH]c1)ccc(F)c2)N
-18.05    -18.49     33.82      0.64      Oc1c2c(occ(-c3cc(O)c(O)cc3)c2=O)cc(O)c1
-28.01    -27.83     -5.96      0.27      N(c1ccc(OC)cc1)(CC(NN=Cc1cc(OC)c(OCC=Cc2ccccc2)cc1)=O)C
-26.31    -26.61     27.96      0.67      c1cc[n+](Cc2ccc(-c3ccc(C[n+]4ccc(N(C)C)cc4)cc3)cc2)cc1CCC
-28.25    -28.04     25.68      0.66      c1(S(=O)(=O)NC(N2CC3CCC2CC3)=O)ccc(C#N)cc1
-21.80    -21.50     29.87      0.63      C1CCCCC1CC(C(O)=O)C(=O)O
-40.29    -40.27    -10.77      0.36      C(CC)(C(NC(=O)OC(CCCC)CCCC)C=C(C)CCC=C(C)CCC=C(C)C)C
-25.91    -26.28     22.26      0.59      C(c1ccc2c(-c3ccc(F)cc3)cc(C(=O)N)nc2c1)N(C(=O)N)O
-26.51    -26.45     28.87      0.67      c1ccc(C(=O)OCC2CCN(CC3CC3)CC2)cc1Cl
Human-Component   raw_Human-Component
0.548275887966156   0.548275887966156   
0.7678160667419434   0.7678160667419434   
0.6379310488700867   0.6379310488700867   
0.2666666805744171   0.2666666805744171   
0.665517270565033   0.665517270565033   
0.6551724076271057   0.6551724076271057   
0.6264367699623108   0.6264367699623108   
0.35977011919021606   0.35977011919021606   
0.5919540524482727   0.5919540524482727   
0.6747126579284668   0.6747126579284668   

15:47:32: local_reinforcement_logger.timestep_report +41: INFO     
 Step 45   Fraction valid SMILES: 96.9   Score: 0.4469   Time elapsed: 80   Time left: 8.7
  Agent     Prior     Target     Score     SMILES
-24.31    -24.43     22.70      0.57      c1cc(C(=O)NC2COc3c2cccn3)nc(C)c1
-28.91    -27.82      1.31      0.36      CCCCCCCCC(=O)SCC(=O)NC(c1ccccc1)c1ccccc1
-21.13    -21.39     28.56      0.61      c1c(CNCCCC)cc(OC)c2c1OCO2
-26.60    -27.22     -1.58      0.31      COc1ccc(OC)c2c1C(=O)OC2CCc1ccc(CC)cc1
-19.70    -20.11     35.50      0.68      CN(CCC#N)CC#C
-42.53    -43.43      4.45      0.58      CC12C(CC=C1c1c(C)ccs1)C1C3CC2(CC3)C(=O)C1
-30.01    -29.88     17.91      0.58      c1(CN=c2cc(Cc3c(Cl)cccc3Cl)[nH]n2-c2ccccc2Cl)ccccc1
-28.44    -28.12      6.56      0.42      C(CCN(c1cc(Cl)cc(Cl)c1)Cc1cc(OCC(=O)O)ccc1)C
-31.71    -31.53     -3.92      0.34      O(c1ccc(N2CC(COc3c4c([nH]c(=N)n4)cccc3)OC2=O)cc1)C
-21.65    -21.97     14.60      0.45      c1cccc(-c2ccc(C3C(CO)N4C3CN(C(C3CCC3)=O)CCCC4)cc2)c1
Human-Component   raw_Human-Component
0.5747126340866089   0.5747126340866089   
0.35517242550849915   0.35517242550849915   
0.6091954112052917   0.6091954112052917   
0.3126436769962311   0.3126436769962311   
0.6781609058380127   0.6781609058380127   
0.5839080214500427   0.5839080214500427   
0.5827586054801941   0.5827586054801941   
0.42298850417137146   0.42298850417137146   
0.3367816209793091   0.3367816209793091   
0.44597700238227844   0.44597700238227844   

15:47:33: local_reinforcement_logger.timestep_report +41: INFO     
 Step 46   Fraction valid SMILES: 96.9   Score: 0.4844   Time elapsed: 82   Time left: 7.0
  Agent     Prior     Target     Score     SMILES
-22.02    -22.28    -22.28      0.00      C1CN(S(=O)(=O)c2cc(NC(=O)CSc3n[nH]cn3)c(OC)cc2)CCC1
-30.04    -30.09     26.93      0.70      n1(-c2cc(C)ccc2)c2nc(C)nc(OCc3ccc(Cl)cc3)c2nc1-c1ccccc1
-27.21    -27.98     10.28      0.47      c1(-c2ccccc2)c(-c2ccccc2)nnc(N(N2CCCCC2)C(=O)c2ccccc2)c1
-20.89    -21.56     -6.95      0.18      O=C1c2c3ccccc3nc(-c3ccc(C)cc3)c2-c2ccccc21
-22.06    -21.79      8.09      0.36      c1c(Cl)c(-n2nc(CC)c3c(=O)nc(CC#N)[nH]c23)c(Cl)cc1Cl
-20.69    -20.41     30.20      0.62      c1csc(-c2nc(-c3c(C)cccc3)no2)c1
-24.78    -25.13      9.75      0.43      N1(NC(C2CC2)=O)C(=O)CSC1c1cnccc1
-28.84    -28.32     14.95      0.53      c1c2c(ccc1)N(NC(=O)c1ccc(S(=O)(N(CCC)CCC)=O)cc1)c1c(cc(F)cc1)S2
-39.07    -38.81      9.82      0.59      N(C(C)(C)CO)C=CNC(=O)NC1CC1
-38.39    -38.39     -6.07      0.39      c1c(C)ccc2[n+](C)c(-c3ccc(O)c(C4(C)OC(C)(C)CCC4)c3O)cn12
Human-Component   raw_Human-Component
0.0   0.0   
0.6954023241996765   0.6954023241996765   
0.46666666865348816   0.46666666865348816   
0.1781609207391739   0.1781609207391739   
0.364367812871933   0.364367812871933   
0.617241382598877   0.617241382598877   
0.4252873659133911   0.4252873659133911   
0.5275862216949463   0.5275862216949463   
0.5931034684181213   0.5931034684181213   
0.39425286650657654   0.39425286650657654   

15:47:34: local_reinforcement_logger.timestep_report +41: INFO     
 Step 47   Fraction valid SMILES: 96.9   Score: 0.4446   Time elapsed: 83   Time left: 5.2
  Agent     Prior     Target     Score     SMILES
-21.07    -20.77     13.45      0.42      C(=O)(c1c(O)cccc1)C=Cc1cc([N+]([O-])=O)ccc1
-34.96    -36.32     -1.92      0.42      N1=C(CN2CCC(CCNC(=O)C)CC2)C(C(OCC)=O)C(c2cccc(Cl)c2F)CC1=O
-24.96    -25.50     29.64      0.67      c1ccccc1C(On1c(SCc2ccc(Cl)cc2)nc2c1cccc2)=O
-22.20    -22.15    -22.15      0.00      c1ccc(C=CC=NNC(=S)N)c(C)c1
-22.39    -22.39     14.84      0.45      c1(OC)cc(C)c(S(=O)(NCCc2ccccc2)=O)cc1C
-42.08    -41.44     10.87      0.64      S(=O)(=O)(c1nc2c([nH]1)cc(CN1CCCC1)cc2)NCC(CC)CC
-24.43    -25.34     21.59      0.57      N1=CN(CC)C(O)c2c1scc2
-28.59    -28.85     13.00      0.51      c1(N(C)c2cc(O)ccc2)nc(-n2ccnc2)nc(-c2cccs2)c1
-31.18    -31.04     -2.67      0.35      C1(=CC2(C)C(=O)C(C)C(=Cc3ccco3)C2=O)SCCS1
-27.89    -27.60     14.72      0.52      C(N1CCc2c(cccc2)C1)(=O)c1cc2c([nH]1)ccc(N=c1nc(-c3ccccn3)cc[nH]1)c2
Human-Component   raw_Human-Component
0.4172413647174835   0.4172413647174835   
0.4195402264595032   0.4195402264595032   
0.6724137663841248   0.6724137663841248   
0.4873563349246979   0.4873563349246979   
0.45402297377586365   0.45402297377586365   
0.6379310488700867   0.6379310488700867   
0.5724138021469116   0.5724138021469116   
0.5103448033332825   0.5103448033332825   
0.3459770083427429   0.3459770083427429   
0.5160919427871704   0.5160919427871704   

15:47:36: local_reinforcement_logger.timestep_report +41: INFO     
 Step 48   Fraction valid SMILES: 100.0   Score: 0.4733   Time elapsed: 85   Time left: 3.5
  Agent     Prior     Target     Score     SMILES
-25.68    -26.28     33.67      0.73      c1(F)ccc2c(c1)-c1nc3c(cccc3C)c(=O)n1C2
-29.85    -29.39     18.05      0.58      c1(Br)c2c(ccc1)C(=[N+]=[N-])c1c(cc(OC)cc1OC)O2
-24.58    -24.54    -10.69      0.17      C(NC1CCCCC1)(=O)C(NCc1ccco1)C(C)C
-22.81    -22.64     19.33      0.51      O=C(NS(=O)(=O)c1ccc(Cl)cc1)Cc1cc(OC)c(OC)cc1
-23.25    -23.26     23.56      0.57      O(C)c1cc(CCCOC2(C(=O)O)CC(O)C(O)C=C2)ccc1
-39.10    -38.73    -20.30      0.22      CCN(Cc1ccc(C(F)(F)F)nc1N1c2ccc(S(N=c3scc[nH]3)(=O)=O)cc2OCC1)CC(C)C
-22.82    -22.85     10.04      0.40      o1c(C)ccc1-c1nnc(SCC(=O)NCc2ccc(F)cc2)o1
-20.85    -21.58     32.82      0.66      c1cc(C2=NOC(CC(NC)=O)C2)ccc1Cl
-21.23    -22.03     32.72      0.67      c1(Cl)ccc(CCN2CCCn3c2nc2n(C)c(=O)[nH]c(=O)c32)cc1
-29.13    -27.87     -9.09      0.23      c1(NCC(=O)Nc2ccc(CC)cc2)c(OC)ccc(S(N(CC)CC)(=O)=O)c1
Human-Component   raw_Human-Component
0.7311828136444092   0.7311828136444092   
0.5784946084022522   0.5784946084022522   
0.1688172072172165   0.1688172072172165   
0.5118279457092285   0.5118279457092285   
0.5709677338600159   0.5709677338600159   
0.2247311770915985   0.2247311770915985   
0.4010752737522125   0.4010752737522125   
0.6634408831596375   0.6634408831596375   
0.6677419543266296   0.6677419543266296   
0.2290322631597519   0.2290322631597519   

15:47:37: local_reinforcement_logger.timestep_report +41: INFO     
 Step 49   Fraction valid SMILES: 100.0   Score: 0.5000   Time elapsed: 86   Time left: 1.7
  Agent     Prior     Target     Score     SMILES
-29.50    -30.51     30.16      0.74      [nH]1c(SCc2c3ccccc3ccc2)c2c(nc1=N)N(Cc1ccc(Cl)cc1)CC2
-19.48    -19.42     33.39      0.64      c1c(Cl)ccc2oc(=O)n(CC(=O)O)c12
-20.56    -20.63     36.68      0.70      C1C(Oc2ccc(Br)cc2)CCN(CCc2ccccc2)C1
-37.84    -37.39      1.67      0.48      c1(Cl)c(-c2cnc(Cl)s2)n2[nH]c(C)nc(=O)c2c1CC
-28.41    -28.45     22.52      0.62      N(=c1c(C#N)ccc[nH]1)c1c(Cl)nnc(Cl)c1
-25.94    -26.08     -7.04      0.23      c1cc(NC(CNCc2ccco2)=O)ccc1OCC(=O)OC
-37.46    -36.66     15.80      0.64      C(n1c2c(cc(-c3ccc(N(C)C)cc3)cc2O)c(=O)c2c(OC)cccc21)CCN(C)C
-31.65    -32.42     11.66      0.54      C1NCCN(CC(=O)NCc2c(C)ncc3c2CCN(C(c2ccc(Cl)cc2)=O)C3)C1
-36.11    -35.16     -2.89      0.39      CCC(N(C(=O)CN1CC(c2ccc3c(c2)OCO3)C(C(O)=O)C1CCN(CC)CC)CC)C
-17.40    -18.35     17.54      0.44      c1c2cc([N+](=O)[O-])ccc2ncc1
Human-Component   raw_Human-Component
0.7397849559783936   0.7397849559783936   
0.6440860033035278   0.6440860033035278   
0.698924720287323   0.698924720287323   
0.4763440787792206   0.4763440787792206   
0.6215053796768188   0.6215053796768188   
0.23225806653499603   0.23225806653499603   
0.6397849321365356   0.6397849321365356   
0.5376344323158264   0.5376344323158264   
0.3935483992099762   0.3935483992099762   
0.4376344084739685   0.4376344084739685   

