14:38:46: local_reinforcement_logger.log_message +32: INFO     starting an RL run
14:38:47: local_reinforcement_logger.timestep_report +41: INFO     
 Step 0   Fraction valid SMILES: 100.0   Score: 0.5000   Time elapsed: 1   Time left: 50.0
  Agent     Prior     Target     Score     SMILES
-37.21    -37.21    -31.02      0.19      c12nc[nH]c(=N)c1ncn2C1C(OC(=O)C)C(OC(=O)C)C(Cn2ncc3c(=NCCC)[nH]c(Cl)nc32)O1
-29.34    -29.34    -15.92      0.42      C1CN(C(c2ccc3n2c(=O)c2ccccc2[nH]3)=O)CCN1C
-25.14    -25.14      0.67      0.81      c1(Cl)cc(Cl)cc(NC(CNCCCn2ccnc2)=O)c1
-31.27    -31.27     -0.30      0.97      n1c(-c2ccco2)oc(N2CCCC3(C2)CCN(Cc2cnccc2)CC3)n1
-25.46    -25.46    -20.30      0.16      N(CCCn1ccnc1)C(Cn1c(=O)c2ccccc2c(Cc2cccnc2)n1)=O
-20.00    -20.00     -2.45      0.55      c1cc(C(Cc2c(Cl)cccc2)N)ccc1
-35.23    -35.23    -33.16      0.06      c1cc(S(=O)(NC2C(O)C(O)C(CO)OC2ON=C(N)CC#N)=O)ccc1
-31.30    -31.30    -23.04      0.26      O=C(c1cc(-c2ccncc2)n(C)c1C)N1CCN(C(=O)c2ccc(C(C)(C)C)cc2)CC1
-22.33    -22.33     -0.66      0.68      c1ccnc2sc(-c3ccccc3)c(-c3ccc(F)cc3)c12
-28.80    -28.80    -25.71      0.10      c12c(c3ccc(OCC(OCC)=O)c(C(C)C)c3cc1)CCC(C)(C)O2
Human-Component   raw_Human-Component
0.19354838132858276   0.19354838132858276   
0.4193548262119293   0.4193548262119293   
0.8064516186714172   0.8064516186714172   
0.9677419066429138   0.9677419066429138   
0.16129031777381897   0.16129031777381897   
0.5483871102333069   0.5483871102333069   
0.06451612710952759   0.06451612710952759   
0.25806450843811035   0.25806450843811035   
0.6774193644523621   0.6774193644523621   
0.09677419066429138   0.09677419066429138   

14:38:48: local_reinforcement_logger.timestep_report +41: INFO     
 Step 1   Fraction valid SMILES: 90.6   Score: 0.4531   Time elapsed: 2   Time left: 49.0
  Agent     Prior     Target     Score     SMILES
-36.38    -36.41    -22.69      0.43      c1(-c2noc(-c3cc(C(=N)NOC)cc(-c4ccc(C(=N)NC5CCCC5)o4)c3)c2)ccccc1
-26.52    -26.44     -5.87      0.64      O=C(Nc1c(-c2nn(CC(=O)NCc3ccc(Cl)cc3)nn2)cccc1)c1c(F)cccc1
-18.84    -18.83     -0.54      0.57      c1(C#N)cccc(C(=O)N)c1
-28.22    -28.08    -28.08      0.00      c1c(S(CC)(=O)=O)cc(C[N+](C)(C)C)ccc1
-26.35    -26.36    -25.22      0.04      S(N1CCOCC1)(=O)(=O)c1cc(NC(=O)COC(c2cccc3c2cccc3)=O)ccc1
-29.27    -29.24     -7.52      0.68      C1(=O)NC(c2ccccc2Cl)C(C(=O)N=c2[nH]cc(C)cc2)C(C(F)(F)F)=N1
-31.83    -31.90    -23.90      0.25      C(=O)NCC(N1Cc2c(nc(Cc3ccccc3)o2)CC1)=O
-29.42    -29.32    -29.32      0.00      n1c(SCC(=O)Nc2cc(S(N3CCCCC3)(=O)=O)ccc2)nc(OC)cc1O
-34.25    -34.21    -30.78      0.11      c1(C)c[nH]c(=Nc2cccc(C)n2)c(-c2oc(=Nc3cc(S(=O)(=O)CC)ccc3)[nH]n2)c1
-27.10    -27.13    -15.71      0.36      c1c2[nH]c(=NC(=O)COC(c3c(NC(COc4ccccc4)=O)cccc3)=O)sc2ccc1
Human-Component   raw_Human-Component
0.4285714328289032   0.4285714328289032   
0.6428571343421936   0.6428571343421936   
0.5714285969734192   0.5714285969734192   
0.0   0.0   
0.0357142873108387   0.0357142873108387   
0.6785714030265808   0.6785714030265808   
0.25   0.25   
0.0   0.0   
0.1071428582072258   0.1071428582072258   
0.3571428656578064   0.3571428656578064   

14:38:49: local_reinforcement_logger.timestep_report +41: INFO     
 Step 2   Fraction valid SMILES: 96.9   Score: 0.4844   Time elapsed: 3   Time left: 48.0
  Agent     Prior     Target     Score     SMILES
-33.14    -33.22    -11.89      0.67      O=C(C1=C(COCCN=c2[nH]cnc3[nH]cnc23)N=C(C)C(C(N=c2[nH]cccc2)=O)C1c1ccncc1)OCC
-24.22    -24.17    -20.97      0.10      C1C2CCC1c1c(O)n(CC(OCC(Nc3c(OCC)cccc3)=O)=O)c(O)c12
-21.91    -21.93      5.81      0.87      c1ccccc1C1NC(c2ccccc2)CC(=NOC(=O)c2ccc(Cl)cc2)C1
-27.30    -27.21      1.59      0.90      c12c(ccc(-n3cnnn3)c1)-n1c(ncc1)CCC2
-36.20    -36.35    -10.75      0.80      S(=O)(C1(C(=O)N2CCN(Cc3c(F)nccc3)CC2)CC1)(c1ccc(Cl)cc1)=O
-23.70    -23.73    -14.13      0.30      O=C1CC(C)(C)C=C2ON=C(c3cccnc3)C12
-22.74    -22.70      1.83      0.77      c1cc(C(C)(C)C)cc2c1C1(C3(CCC(OC)CC3)C2)C(=O)N(C)C(N)=N1
-44.62    -44.56    -43.49      0.03      c1cc(OCCN(CC(F)F)C)c(OC)cc1NC(=O)N(CC1C(C)CN(C(C)CO)C(=O)c2cc(NC(=O)c3cnccn3)ccc2O1)C
-28.35    -28.27     -8.01      0.63      Oc1cc(=O)nc(-c2ccccc2)n1N=Cc1cc(Cl)c(O)cc1
-32.21    -32.21    -16.21      0.50      c1c2c(cc(-c3ccccc3)c1)CC(C(=O)OCC)(Sc1ccccc1)CO2
Human-Component   raw_Human-Component
0.6666666865348816   0.6666666865348816   
0.10000000149011612   0.10000000149011612   
0.8666666746139526   0.8666666746139526   
0.8999999761581421   0.8999999761581421   
0.800000011920929   0.800000011920929   
0.30000001192092896   0.30000001192092896   
0.7666666507720947   0.7666666507720947   
0.03333333507180214   0.03333333507180214   
0.6333333253860474   0.6333333253860474   
0.5   0.5   

14:38:50: local_reinforcement_logger.timestep_report +41: INFO     
 Step 3   Fraction valid SMILES: 96.9   Score: 0.4844   Time elapsed: 4   Time left: 47.0
  Agent     Prior     Target     Score     SMILES
-21.48    -21.44    -16.11      0.17      c1c(OC(F)(F)F)ccc(NC(=O)c2cc(-c3ccncc3)cnc2)c1
-33.19    -33.23    -32.17      0.03      O=C(Nc1cc2nc3ccc(S(=O)(NC(C(C)C)C(=O)O)=O)cc3cc2cc1)c1ccc(Cl)c(Cl)c1
-27.94    -27.99      0.81      0.90      C12N(C)C(CC1)CC(NC(c1c3c([nH]cn3)cc(C(N)=O)c1)=O)C2
-20.79    -20.84      1.56      0.70      c1ccc2c([nH]cc2-c2csc(=Nc3ccccc3)[nH]2)c1
-19.70    -19.55    -19.55      0.00      C1OCCN(S(=O)(c2ccc(C)c([N+]([O-])=O)c2)=O)C1
-23.46    -23.27    -15.80      0.23      c1ccc(N(CC)C(=S)SCC(OC)=O)cc1
-29.33    -29.29     -2.63      0.83      OC(c1ccc(Cc2cccc(O)c2C(=O)C)cc1)=O
-39.93    -39.70    -25.83      0.43      C1(C(O)=O)C2C3(CC3)C(C(C)C)CC2C2C1(C)CC(O)C(O)C2
-31.85    -31.77    -10.44      0.67      c1cc2c(cc1-c1ccc(C(F)(F)F)cc1)cc(Sc1cc(OC)c(OC)c(OC)c1)[nH]2
-21.79    -21.86    -10.12      0.37      N(C1CCCC1)C(NN=C(C)c1ccc(OC)cc1)=S
Human-Component   raw_Human-Component
0.1666666716337204   0.1666666716337204   
0.03333333507180214   0.03333333507180214   
0.8999999761581421   0.8999999761581421   
0.699999988079071   0.699999988079071   
0.0   0.0   
0.23333333432674408   0.23333333432674408   
0.8333333134651184   0.8333333134651184   
0.4333333373069763   0.4333333373069763   
0.6666666865348816   0.6666666865348816   
0.36666667461395264   0.36666667461395264   

14:38:51: local_reinforcement_logger.timestep_report +41: INFO     
 Step 4   Fraction valid SMILES: 96.9   Score: 0.4844   Time elapsed: 5   Time left: 46.0
  Agent     Prior     Target     Score     SMILES
-20.79    -20.70    -14.30      0.20      O=S(Nc1ccc(CCN)cc1)(=O)c1ccc(Cl)cc1
-32.63    -32.21     -7.68      0.77      c1(-c2nc(-c3ccc(OC(C)C)c(Cl)c3)nn2C)ccc(SC(CC)CC)nn1
-23.66    -23.91    -22.85      0.03      C(NCc1ccco1)(Cn1c2ccccc2cc1-c1ccccc1)=O
-30.94    -30.97     -7.51      0.73      c1cc(OC)ccc1C(CC1N(C(C)C)CCC1)N1CCN(C)CC1
-19.05    -19.15      2.18      0.67      n1cncc(C2=CC3CNCC(C2)C3)c1
-34.71    -34.95    -30.69      0.13      CN(c1[nH]c2c(n1)cc(Cl)c(Cl)c2)CCNC(Cc1cccnc1)=O
-28.49    -28.73      2.21      0.97      C1CCCN1CCOCCNCc1csc(-c2ccc(Cl)cc2)n1
-21.61    -21.60      7.20      0.90      n1(C)c2nc(N3CCN(C)CC3)n(Cc3ccccc3)c2c(=O)n(CCC)c1=O
-33.49    -33.52    -21.79      0.37      c1cc(F)ccc1COC(=O)NC(CC(C)C)C(N1C(C(=O)NC2(C(O)=O)C(C=C)C2)CC(Oc2cnccc2)C1)=O
-22.64    -22.58     -9.78      0.40      N1(C(=O)C)CCC2(CC(=O)N(c3cc(F)ccc3)C2)CC1
Human-Component   raw_Human-Component
0.20000000298023224   0.20000000298023224   
0.7666666507720947   0.7666666507720947   
0.03333333507180214   0.03333333507180214   
0.7333333492279053   0.7333333492279053   
0.6666666865348816   0.6666666865348816   
0.13333334028720856   0.13333334028720856   
0.9666666388511658   0.9666666388511658   
0.8999999761581421   0.8999999761581421   
0.36666667461395264   0.36666667461395264   
0.4000000059604645   0.4000000059604645   

14:38:52: local_reinforcement_logger.timestep_report +41: INFO     
 Step 5   Fraction valid SMILES: 100.0   Score: 0.5000   Time elapsed: 6   Time left: 45.0
  Agent     Prior     Target     Score     SMILES
-26.69    -26.94    -15.58      0.35      O=C(c1nc2ccccn2c1CN(CC1CC1)CCC)O
-36.13    -36.24    -10.43      0.81      s1c2c(cc1C(N1CCN(C)CC1)C(=O)Nc1c(C)cccc1C)NC(=O)C(CCC(OC)=O)NC2=O
-25.74    -25.41    -24.38      0.03      O(c1ccc(OC(F)(F)F)cc1)CC(NNC(Nc1ccc(C)cc1)=S)=O
-27.11    -27.31    -10.79      0.52      C1(c2ccc(-n3cncc3)cc2)=CC(CC)(CC)Oc2ccccc21
-26.25    -26.14     -4.47      0.68      c1c(C(OC)=O)c(NC(N2CCCC(Cc3ccc(F)cc3)C2)=O)ccc1
-30.79    -30.80     -8.09      0.71      C1N(C(=O)c2ccc(F)cc2)CCC(C(=O)NC2c3c(cc(CNC(C)C)cc3)CCC2)C1
-21.32    -21.22     -0.57      0.65      C(N=c1[nH]c(-c2cc(=NC3CCC(O)CC3)[nH]cc2Cl)ccc1)c1ccccc1
-24.97    -25.00      7.00      1.00      N1(CC(O)Cn2c(=O)c3c(cccc3)nn2)CCN(c2c(OC)cccc2)CC1
-19.48    -19.37    -14.21      0.16      O=S(=O)(c1c(N=c2[nH]c(=Nc3ccc(N4CCOCC4)cc3OC)[nH]c3c2CCN3)cccc1)C
-20.89    -20.81      8.10      0.90      c1ccc(N(c2cccnc2)C2CCN(Cc3ccccc3)CC2)cc1
Human-Component   raw_Human-Component
0.35483869910240173   0.35483869910240173   
0.8064516186714172   0.8064516186714172   
0.032258063554763794   0.032258063554763794   
0.5161290168762207   0.5161290168762207   
0.6774193644523621   0.6774193644523621   
0.7096773982048035   0.7096773982048035   
0.6451612710952759   0.6451612710952759   
1.0   1.0   
0.16129031777381897   0.16129031777381897   
0.9032257795333862   0.9032257795333862   

14:38:53: local_reinforcement_logger.timestep_report +41: INFO     
 Step 6   Fraction valid SMILES: 100.0   Score: 0.5000   Time elapsed: 7   Time left: 44.0
  Agent     Prior     Target     Score     SMILES
-28.72    -28.71      0.19      0.90      c1(C(=O)NC2Cc3cn[nH]c3CC2)c(OC)c(F)ccc1
-21.47    -21.53    -12.24      0.29      c1ccc(C2N(S(=O)(c3ccc(C)cc3)=O)C(CCCCC)=CC2C(O)=O)cc1
-30.74    -30.98    -16.53      0.45      C(F)(F)(F)c1cc(NS(=O)(CC2CCCCC2)=O)c(C(=O)NCC2OCCC2)cc1
-39.10    -39.13    -20.55      0.58      c1cc(Cn2cncc(C(=O)NCc3ccc(C(F)(F)F)cc3)c2=O)cc(Cl)c1C(=O)CCC(=O)N
-25.57    -25.68     -5.04      0.65      O=C(C(=O)C1=Cc2c(cccc2)OC1)OCC
-31.46    -31.83    -18.41      0.42      CC(CCCC(C)C1C2(C)CCC3=C(CCC4C3(C)CCC(OC(C)=O)C4(C)C)C2CC1)(C)NCC
-37.77    -37.55    -25.17      0.39      Clc1c(OCc2cccc(Cl)c2)c(CNc2c(NCc3cnccc3)c(=O)c2=O)cc(Cl)c1
-22.87    -22.74      5.13      0.87      c1cc(CC(C(C)C)N)cc(F)c1
-26.19    -26.11     -6.50      0.61      c1(-c2c(Cl)cc(OC)cc2)c(C)[nH]n2c(=NCC3CCOCC3)cc(C)nc12
-33.87    -33.77     -7.96      0.81      c1(-c2c(C)onc2)c(-c2ccc(OC)cc2)c2c(ccc(Cl)c2)o1
Human-Component   raw_Human-Component
0.9032257795333862   0.9032257795333862   
0.29032257199287415   0.29032257199287415   
0.4516128897666931   0.4516128897666931   
0.5806451439857483   0.5806451439857483   
0.6451612710952759   0.6451612710952759   
0.4193548262119293   0.4193548262119293   
0.3870967626571655   0.3870967626571655   
0.8709677457809448   0.8709677457809448   
0.6129032373428345   0.6129032373428345   
0.8064516186714172   0.8064516186714172   

14:38:54: local_reinforcement_logger.timestep_report +41: INFO     
 Step 7   Fraction valid SMILES: 100.0   Score: 0.5000   Time elapsed: 8   Time left: 43.0
  Agent     Prior     Target     Score     SMILES
-37.91    -38.04    -32.88      0.16      n1c(C(C)C)ncc(C(C2CC2C(NCc2nc(=N)[nH][nH]2)=O)=O)c1
-36.22    -36.43     -6.49      0.94      C1Cc2oc(=O)c(C(CCCCCC(=O)O)c3c(O)cccc3)cc2CC1
-39.51    -39.11    -22.60      0.52      c12c(nc(=NCc3ccc(-c4cccc(F)c4)cc3F)[nH]c1N(C)C(C)C)NC(=O)C(c1ccccc1)C2
-34.86    -34.74    -12.03      0.71      n1n(Cc2ccccc2C(F)(F)F)c(CN(C)C)cc1N1CCCCS1(=O)=O
-30.39    -30.22    -28.15      0.06      O=C(CC(n1c(=O)c2c(cccc2)nc1)C)Nc1ccccc1Br
-25.88    -26.09      5.91      1.00      c1c2c(ccc1C(=O)CCCCCc1ccc(Cl)cc1)OCO2
-33.44    -33.58    -33.58      0.00      N(=Cc1nc(CCC(C)(C)C)n[nH]1)NC(Cc1ccccc1)=O
-35.30    -35.03    -22.64      0.39      n1ccc(-c2c(S(=O)(=O)NC(OCCC3c4ccc(Br)cc4-c4c3cccc4Br)=O)cccc2)cc1
-26.37    -26.27    -20.07      0.19      c1(C(N2CCOC3(CCCN(c4cccnc4)C3)C2)=O)ccccn1
-24.36    -24.22    -15.96      0.26      O=C1C(O)(CC)c2cc3n(c(=O)c2CO1)Cc1c-3nc2ccc3c(c2c1CCNC(=O)C)OCCO3
Human-Component   raw_Human-Component
0.16129031777381897   0.16129031777381897   
0.9354838728904724   0.9354838728904724   
0.5161290168762207   0.5161290168762207   
0.7096773982048035   0.7096773982048035   
0.06451612710952759   0.06451612710952759   
1.0   1.0   
0.0   0.0   
0.3870967626571655   0.3870967626571655   
0.19354838132858276   0.19354838132858276   
0.25806450843811035   0.25806450843811035   

14:38:55: local_reinforcement_logger.timestep_report +41: INFO     
 Step 8   Fraction valid SMILES: 100.0   Score: 0.5000   Time elapsed: 9   Time left: 42.0
  Agent     Prior     Target     Score     SMILES
-22.13    -22.19     -6.70      0.48      C(=O)(C(NNc1ccccc1)=O)c1c2ccccc2[nH]c1
-29.08    -28.83    -17.48      0.35      C(OC)(c1ncc(OC)c(-c2cccc3ccccc32)n1)=O
-33.38    -33.65    -30.55      0.10      c1c(C(C(=O)NCCc2ccccc2)N(C(=O)CCCl)C2CCCCC2)ccnc1
-31.35    -31.44     -0.47      0.97      c1cnccc1Cn1cc(-c2ccccc2Cl)c(=O)c2cc3c(cc12)OCO3
-32.43    -32.51    -20.12      0.39      CCC(CC)n1c2c(cc(-c3cnco3)c(OC)c2)c(=O)c(C(N)=O)c1CC
-35.63    -35.59    -22.17      0.42      O(c1c(-c2[nH]c3c(n2)C2(CC3)CCN(C(C)=O)CC2)cccc1)C
-24.80    -24.83    -15.54      0.29      C1(CS(N2CCC(Oc3cccnc3)CC2)(=O)=O)CCC(N(C)c2c3cc[nH]c3ncn2)CC1
-27.58    -27.85     -5.14      0.71      C1Cc2ccccc2C(=NNC(Nc2cc(C(F)(F)F)ccc2)=O)CC1
-30.44    -30.41    -28.34      0.06      CCOc1ncccc1CN=c1[nH]cccc1-c1nc2c(nc1)[nH]cc2
-34.24    -33.95    -26.72      0.23      C1(N)=NC2(CC(C)(C)Oc3ccc(Br)cc31)C(=O)N(C)C(=O)c1ccccc12
Human-Component   raw_Human-Component
0.4838709533214569   0.4838709533214569   
0.35483869910240173   0.35483869910240173   
0.09677419066429138   0.09677419066429138   
0.9677419066429138   0.9677419066429138   
0.3870967626571655   0.3870967626571655   
0.4193548262119293   0.4193548262119293   
0.29032257199287415   0.29032257199287415   
0.7096773982048035   0.7096773982048035   
0.06451612710952759   0.06451612710952759   
0.22580644488334656   0.22580644488334656   

14:38:56: local_reinforcement_logger.timestep_report +41: INFO     
 Step 9   Fraction valid SMILES: 100.0   Score: 0.5000   Time elapsed: 10   Time left: 41.0
  Agent     Prior     Target     Score     SMILES
-29.70    -29.99      2.01      1.00      O(c1c(=O)n(C)ncc1N1CCN(CCO)CC1)c1c(F)cc(F)cc1
-23.88    -24.26      0.51      0.77      C12C(N(C)CCO1)CN(Cc1oc(C)cc1)C2
-44.71    -44.63    -44.63      0.00      C1(O)C(OCC2(C)C3C(C)(C4Cc5occc5C(OC(=O)c5ccccc5)C4(C)C(O)C3)C(OC(C)=O)C2)OC(CO)C(O)C1O
-35.36    -35.33    -31.20      0.13      [nH]1c2c(c3c1C(CC(C)C)C1C(C3c3cnccc3)C(=O)N(C(C(=O)OC)CC)CC1)cccc2
-25.51    -25.61      2.26      0.87      c1c(N(CC(O)C(F)(F)F)c2cccc(Cl)c2)cc2nc(-c3cn(C)nc3)cnc2c1
-24.70    -24.70     -7.15      0.55      [nH]1c(=NC(Cc2ccccc2)=O)sc(Cl)c1-c1ccc(C(F)(F)F)cc1
-25.19    -24.79    -17.56      0.23      OC(=O)c1ccc(OS(=O)(=O)c2ccc(-c3ccc(C#N)cc3)cc2)cc1
-26.32    -26.38    -17.09      0.29      c1(=O)n(N)c(SCCN(CC)CC)nn2c1nnc2C
-31.22    -30.57    -25.41      0.16      c1ccccc1CCCN(C1CCN(C(c2c(C)cc[n+]([O-])c2C)=O)CC1)C(c1ccc(C#N)cc1)=O
-32.12    -32.26     -9.55      0.71      n1(CC(=O)NCc2cc(C(Nc3cc4c(cc3)CCN(C)C4)=O)ccc2)c(=O)n(Cc2ccccc2)ccc1=O
Human-Component   raw_Human-Component
1.0   1.0   
0.774193525314331   0.774193525314331   
0.0   0.0   
0.12903225421905518   0.12903225421905518   
0.8709677457809448   0.8709677457809448   
0.5483871102333069   0.5483871102333069   
0.22580644488334656   0.22580644488334656   
0.29032257199287415   0.29032257199287415   
0.16129031777381897   0.16129031777381897   
0.7096773982048035   0.7096773982048035   

14:38:58: local_reinforcement_logger.log_message +32: INFO     Resetting Agent
14:38:58: local_reinforcement_logger.log_message +32: INFO     Adjusting sigma to: 82
14:38:58: local_reinforcement_logger.timestep_report +41: INFO     
 Step 10   Fraction valid SMILES: 96.9   Score: 0.4844   Time elapsed: 11   Time left: 40.0
  Agent     Prior     Target     Score     SMILES
-38.70    -39.05    -39.05      0.00      N12CCC(CC1)C(n1c(=O)c3c(n(C4CCCC4)n1)nc(-c1ccc(OC)c(C#N)c1)c3)C2
-26.84    -27.05    -24.91      0.07      N1(C(c2c(C)[nH]c(C)c2S(=O)(NCCC)=O)=O)CCC2(CC1)OCCO2
-45.75    -46.35    -36.75      0.30      C12CC=C3CC(C(=O)N4CCOCC4)(C)CCC3(C)C1CCC1(C)C(SCC#Cc3ccccc3)CCC12O
-27.24    -26.89     -6.62      0.63      C1CC(c2cc(OC)ccc2)(O)CC[N+]1(C)Cc1ccccc1
-38.28    -37.89    -32.55      0.17      c1(F)cc(SC(NC(N=c2nc(C)c3cc(C)cc(C)c3[nH]2)=O)=S)ccc1
-19.64    -19.96     -2.89      0.53      [nH]1c2ccccc2nc1C1C2CCN(C1)CC2
-28.63    -28.76     -1.02      0.87      c1c(F)cc2c(nc(Oc3c(F)cccc3F)c3n2nnn3)c1
-40.60    -40.35     -8.35      1.00      c1(F)ccc(F)c(C(C)c2nn(CCF)cc2-c2cc3oc(C)nc3cc2)c1
-24.44    -24.32    -15.78      0.27      c1cc(C)c(=NC(=O)c2ccc(-c3ncccc3C)cc2)[nH]c1
-27.00    -27.29      1.51      0.90      C1CCCC1COc1cc(N=c2[nH]cc(C(=NO)O)cn2)ccc1
Human-Component   raw_Human-Component
0.0   0.0   
0.06666667014360428   0.06666667014360428   
0.30000001192092896   0.30000001192092896   
0.6333333253860474   0.6333333253860474   
0.1666666716337204   0.1666666716337204   
0.5333333611488342   0.5333333611488342   
0.8666666746139526   0.8666666746139526   
1.0   1.0   
0.2666666805744171   0.2666666805744171   
0.8999999761581421   0.8999999761581421   

14:39:00: local_reinforcement_logger.timestep_report +41: INFO     
 Step 11   Fraction valid SMILES: 96.9   Score: 0.4844   Time elapsed: 13   Time left: 42.2
  Agent     Prior     Target     Score     SMILES
-32.14    -32.14    -32.14      0.00      c1c(C2OC(C)(C)OC2)nc2cnncc12
-20.62    -20.62     61.38      1.00      c1cc(O)c2c(O)c3c(c(O)ccc3O)c(O)c2c1O
-22.60    -22.60     -0.73      0.27      c1(NS(c2c(C)n(C)c(C)c2C(=O)N2CCCCC2)(=O)=O)cc(OC)ccc1OC
-32.51    -32.51     24.89      0.70      c1c(C(=O)N2C(CN3CCOCC3)Cc3c(cccc3)C2)c(-c2cc(C(N(c3cnn(C)c3C)c3ccc(O)cc3)=O)c(C)n2C)cc(CC)c1
-20.02    -20.02     34.65      0.67      c1cc(-c2cccc3c2C(=O)NC3)cnc1
-51.50    -51.50    -37.84      0.17      O(CCN(C)C)C(=O)COc1cc(NCc2coc3ccc(C(C)C)cc3c2=O)cnc1C(=O)NCC
-27.14    -27.14    -27.14      0.00      c1(OC)ccc(-c2nc(SCC(=O)Nc3ccc(Oc4ccccc4)cc3)[nH]c2)cc1
-36.15    -36.15    -17.01      0.23      O=S(C)(=O)CC(C)(C)CNCC1CCn2c(nc([N+]([O-])=O)c2)O1
-37.95    -37.95    -13.35      0.30      C(=O)(C)NC(C(NCCCCCCNC(CCCC(N(C)OC)=O)=O)=O)c1ccccc1
-46.14    -46.14    -37.94      0.10      C(C(OCC1(O)OC(C)C(C)CC1)=O)CC(SC1=CC(=O)c2c(OC)ccc(OC)c2C1=O)OC(C)=O
Human-Component   raw_Human-Component
0.0   0.0   
1.0   1.0   
0.2666666805744171   0.2666666805744171   
0.699999988079071   0.699999988079071   
0.6666666865348816   0.6666666865348816   
0.1666666716337204   0.1666666716337204   
0.0   0.0   
0.23333333432674408   0.23333333432674408   
0.30000001192092896   0.30000001192092896   
0.10000000149011612   0.10000000149011612   

14:39:01: local_reinforcement_logger.timestep_report +41: INFO     
 Step 12   Fraction valid SMILES: 100.0   Score: 0.5000   Time elapsed: 15   Time left: 43.8
  Agent     Prior     Target     Score     SMILES
-22.94    -23.00    -15.07      0.10      O=C(Nc1ccc(N2CCOCC2)cc1)C1CCN(S(=O)(=O)c2cccc3nsnc32)CC1
-23.37    -23.36      8.38      0.39      S(c1c([N+]([O-])=O)cc(C(=O)O)cc1)CC
-39.76    -39.74    -34.45      0.06      OCC(C(Nc1c(OCc2cccc(OCc3c(C)noc3C)c2)cc2c(c1)OCO2)=O)O
-21.90    -21.89     46.89      0.84      c1(C(F)(F)F)[nH]c(=NC(=N)N)sc1C
-28.62    -28.58     16.38      0.55      c1c2c(ccc1OC(C)C)n(-c1sc(C(=O)N)c(OC(C)c3ccccc3Cl)c1)cn2
-24.32    -24.26    -24.26      0.00      C(C)C(NC(=O)COC(=O)CCC(c1cccs1)=O)c1ccccc1
-24.89    -24.82     -1.02      0.29      c1(COC(C(Cl)(Cl)Cl)NC(C(C)(C)C)=O)ccccc1
-22.93    -22.92     56.43      0.97      c1(C2SCC(=O)N2CCN(C)C)cccc(Cl)c1
-34.59    -34.57     -8.12      0.32      c1cnccc1CCNC(c1csc(=NC(=O)C(OCC)=O)[nH]1)c1ccc(Cl)cc1
-30.97    -30.96     43.10      0.90      c1c2c(c(F)cc1F)N1C(NC2=O)CC(C)(C)C1
Human-Component   raw_Human-Component
0.09677419066429138   0.09677419066429138   
0.3870967626571655   0.3870967626571655   
0.06451612710952759   0.06451612710952759   
0.8387096524238586   0.8387096524238586   
0.5483871102333069   0.5483871102333069   
0.0   0.0   
0.29032257199287415   0.29032257199287415   
0.9677419066429138   0.9677419066429138   
0.32258063554763794   0.32258063554763794   
0.9032257795333862   0.9032257795333862   

14:39:02: local_reinforcement_logger.timestep_report +41: INFO     
 Step 13   Fraction valid SMILES: 100.0   Score: 0.5000   Time elapsed: 16   Time left: 42.3
  Agent     Prior     Target     Score     SMILES
-32.03    -32.21     33.92      0.81      C(O)(CNC)c1c(F)c(OC)c(-c2n(C)ncc2)cc1
-34.15    -34.06     -2.32      0.39      COC(=O)C(=COC)c1cccc2c1N(Cc1c(Cl)c(C(F)(F)F)ccc1)C(=O)C2=O
-31.26    -31.29     29.55      0.74      c1c(N(CC)C2CCCCC2)nc(CN(C)C)cc1
-31.58    -31.47    -31.47      0.00      S(N1CCC(C(=O)OCc2cccc([N+](=O)[O-])c2)CC1)(=O)(c1c2c(cccc2)ccc1)=O
-31.35    -31.20     26.99      0.71      Clc1c(C(Nc2cc(C(=O)C(c3c[nH]c4ccccc43)=O)ccc2)=O)ccc(Cl)c1
-24.35    -24.46     20.51      0.55      c1c(C)c(CN2CCC(Oc3ccc(C(=O)N4CCCC4)cc3)CC2)no1
-43.04    -42.98      4.63      0.58      c1c(Oc2cccc(N(C(C3CC3(C)C)=O)CC(C)(C)C)c2)ncnc1-c1n(CCN(C)C)cc(O)n1
-21.61    -21.63      2.18      0.29      O(c1cc2c(cc1)OC(=N)C(C#N)C2c1ccsc1)CC
-22.60    -22.53     -4.02      0.23      c1c(-c2csc(=Nc3cccnc3)[nH]2)ccc(F)c1F
-29.09    -29.23     42.19      0.87      Fc1cc(N2CC(CNC(C3CCCN3)=O)OC2=O)ccc1N1CCN(c2ccc(OC(F)F)cc2)CC1
Human-Component   raw_Human-Component
0.8064516186714172   0.8064516186714172   
0.3870967626571655   0.3870967626571655   
0.7419354915618896   0.7419354915618896   
0.0   0.0   
0.7096773982048035   0.7096773982048035   
0.5483871102333069   0.5483871102333069   
0.5806451439857483   0.5806451439857483   
0.29032257199287415   0.29032257199287415   
0.22580644488334656   0.22580644488334656   
0.8709677457809448   0.8709677457809448   

14:39:03: local_reinforcement_logger.timestep_report +41: INFO     
 Step 14   Fraction valid SMILES: 93.8   Score: 0.4688   Time elapsed: 17   Time left: 40.8
  Agent     Prior     Target     Score     SMILES
-23.37    -23.27      2.17      0.31      c1ccc(CC2CCN(C(c3c([N+]([O-])=O)cccc3)=S)CC2)cc1
-20.27    -20.36     36.19      0.69      c12c(ccc(O)c1)C(C)(c1ccc(O)cc1)C(C)(C)O2
-57.48    -57.52     -9.45      0.59      CC(OC(N1C2CN3C(OCC)(C(O)C2O)C(O)C(O)(C3)CC1=O)=O)(C)CC
-38.18    -38.11    -38.11      0.00      c1c(C(C)C)ccc(N(C(c2c3c4c(c(=O)[nH]c3c(-c3ccccc3)n2)cccc4)=O)C)c1
-33.53    -33.63      3.13      0.45      O=C(C)NC(C=O)C(=O)NC1CC(C(NCC)=O)N(Cc2ccccc2)C1
-35.65    -35.56     -7.28      0.34      C1CC(c2nc(-c3cnccc3)cnc2)CCN1C(C(NC(c1ccc(OC)cc1)=O)CC(C)C)=O
-21.32    -21.33     12.60      0.41      C(c1ccccc1)N=c1[nH]cnc2n(C3OC(C)C(O)C3O)cnc21
-25.05    -25.00     34.37      0.72      C(CCn1c(=O)[nH]c(O)c(C(=NCCc2ncccc2)C)c1=O)C
-31.20    -31.23    -22.75      0.10      c1(OC(=O)C)ccc(-n2cnc3c(sc4nccc(N(CC)CC)c43)c2=O)cc1OCC
-22.64    -22.56    -19.73      0.03      c1(OCC)c(Cl)cc(S(=O)(NCc2cccs2)=O)cc1
Human-Component   raw_Human-Component
0.3103448152542114   0.3103448152542114   
0.6896551847457886   0.6896551847457886   
0.5862069129943848   0.5862069129943848   
0.0   0.0   
0.4482758641242981   0.4482758641242981   
0.3448275923728943   0.3448275923728943   
0.4137931168079376   0.4137931168079376   
0.7241379022598267   0.7241379022598267   
0.1034482792019844   0.1034482792019844   
0.03448275849223137   0.03448275849223137   

14:39:05: local_reinforcement_logger.timestep_report +41: INFO     
 Step 15   Fraction valid SMILES: 96.9   Score: 0.4844   Time elapsed: 18   Time left: 39.4
  Agent     Prior     Target     Score     SMILES
-26.85    -26.65     28.02      0.67      C(=CC(c1c(O)cc(OC(=O)c2ccccc2)cc1)=O)c1c(OC)cccc1
-29.01    -29.01    -29.01      0.00      Cc1c(C(=O)NC(C(C)C)C(=O)NCc2ccco2)cn[nH]1
-19.31    -19.28     -0.15      0.23      N(Cc1ccccc1)C(=O)CCCCCCC
-24.85    -24.92      7.88      0.40      CN(C)c1ccc(C(N2CC(n3ccnc3)CCC2)=O)nc1
-18.66    -18.66     -2.26      0.20      c1(NC(=O)C2CCCCC2)ccc2c(c1)OCCO2
-21.03    -21.26     49.81      0.87      N1(CCOC2CCN(c3ncnc4c3c(-c3ccccc3)cs4)CC2)CCCC1
-26.59    -26.61     17.13      0.53      c1(C)c(C)cc(OCC(=O)NN=Cc2c(N3CCN(C)CC3)cccc2)cc1
-25.41    -25.49     56.51      1.00      C1C(CN(Cc2ccc(Cl)cc2)C)CCCN1Cc1ccc(F)cc1
-48.35    -47.92    -36.98      0.13      c1(Cn2c3c(cc(-c4c(C)cccn4)c(C#N)c3)c(Sc3ccc([N+](=O)[O-])cc3)c2)ccc(F)cc1
-23.97    -23.99     52.55      0.93      C(CCC[N+](C)(C)CCCN1C(=O)c2ccccc2C1=O)(C)C
Human-Component   raw_Human-Component
0.6666666865348816   0.6666666865348816   
0.0   0.0   
0.23333333432674408   0.23333333432674408   
0.4000000059604645   0.4000000059604645   
0.20000000298023224   0.20000000298023224   
0.8666666746139526   0.8666666746139526   
0.5333333611488342   0.5333333611488342   
1.0   1.0   
0.13333334028720856   0.13333334028720856   
0.9333333373069763   0.9333333373069763   

14:39:06: local_reinforcement_logger.timestep_report +41: INFO     
 Step 16   Fraction valid SMILES: 100.0   Score: 0.5000   Time elapsed: 20   Time left: 40.0
  Agent     Prior     Target     Score     SMILES
-25.53    -25.45     38.03      0.77      O1c2c3c(cc(CC=C(C)C)c2OC1)OCO3
-22.04    -22.10     38.74      0.74      c1c(S(N)(=O)=O)cc(CCS)cc1
-22.94    -22.89    -22.89      0.00      c1ccc(NC(CSc2nc3n(c(C)cc(C)n3)n2)=O)cc1C(OCC)=O
-29.76    -29.77    -13.90      0.19      c1(CCNC(C)=O)c2ccccc2[nH]c1COc1ccc(C(OC)=O)cc1
-26.91    -26.99     47.08      0.90      N1=C(C(C)C)N(O)C(CC)c2cc(O)c(O)cc21
-23.14    -23.02      6.07      0.35      C(c1ccccc1)(=O)NC(=O)COC(Cn1c(O)c2c(c1O)CCCC2)=O
-28.81    -28.73     47.98      0.94      c1cc(C(C)C)ccc1N=C1Nc2ccccc2C2C(Cl)C(=O)NN=C12
-35.50    -35.30    -22.08      0.16      c1nc2c(ccc(C(=O)C=Cc3c(OC)cc(OC)c(Br)c3OC)c2)n1C(=O)OC(C)(C)C
-29.47    -29.45     36.68      0.81      O(c1ccccc1F)CCOCCNC(=O)NCCCCCc1ccccc1
-22.98    -22.97     21.99      0.55      c1cc(=NCC(C)N)nc(-c2ccccc2)[nH]1
Human-Component   raw_Human-Component
0.774193525314331   0.774193525314331   
0.7419354915618896   0.7419354915618896   
0.0   0.0   
0.19354838132858276   0.19354838132858276   
0.9032257795333862   0.9032257795333862   
0.35483869910240173   0.35483869910240173   
0.9354838728904724   0.9354838728904724   
0.16129031777381897   0.16129031777381897   
0.8064516186714172   0.8064516186714172   
0.5483871102333069   0.5483871102333069   

14:39:07: local_reinforcement_logger.timestep_report +41: INFO     
 Step 17   Fraction valid SMILES: 100.0   Score: 0.5000   Time elapsed: 21   Time left: 38.5
  Agent     Prior     Target     Score     SMILES
-20.12    -20.14     48.64      0.84      c1c(Cl)c(-c2c(C(O)=O)cc(-c3nc(-c4ccc(Cl)c(Cl)c4)cs3)cc2)ccc1
-39.18    -38.97     -1.94      0.45      c1c(Cl)cc(Cl)cc1C(=NOCc1c(C(C(OC)=O)=COC)cccc1)OC(C#N)c1ccccc1
-22.04    -22.01     57.35      0.97      c1(C(N2CCC(N3CCC(n4c(=O)[nH]c5c4cc(F)cc5)CC3)CC2)=O)ccccc1
-28.96    -28.75     18.86      0.58      Cc1c(Br)c(=O)oc2cc(OCC(=O)NC(C(O)=O)CC(C)C)c(Br)cc21
-31.51    -31.45     -7.65      0.29      O=C(NOC)C(=NNc1cccc2ccccc21)N(CC)CC
-31.24    -31.45     32.03      0.77      C(C)C(c1ccc(OCCCCCCOc2ccc(C(=O)OC)cc2)c(O)c1)=O
-27.84    -27.55      1.55      0.35      c1(S(=O)(c2cc(S(=O)(NC3CCCCC3)=O)c(C)c(C)c2)=O)ccccc1
-38.14    -38.07     20.13      0.71      N(C)C(=O)NC(n1c2c(cc1)cc(Oc1ccc(F)cc1)cc2)C
-31.52    -31.55    -20.97      0.13      c1(C(C)C)ccc(COC(Cn2c(=O)c3c(-c4ccc(C)cc4)csc3nc2)=O)cc1
-28.68    -28.70    -23.41      0.06      c1(C(C(OC)=O)NC(=O)CCCCc2nnc3ccccn23)ccccc1
Human-Component   raw_Human-Component
0.8387096524238586   0.8387096524238586   
0.4516128897666931   0.4516128897666931   
0.9677419066429138   0.9677419066429138   
0.5806451439857483   0.5806451439857483   
0.29032257199287415   0.29032257199287415   
0.774193525314331   0.774193525314331   
0.35483869910240173   0.35483869910240173   
0.7096773982048035   0.7096773982048035   
0.12903225421905518   0.12903225421905518   
0.06451612710952759   0.06451612710952759   

14:39:08: local_reinforcement_logger.timestep_report +41: INFO     
 Step 18   Fraction valid SMILES: 96.9   Score: 0.4844   Time elapsed: 22   Time left: 37.1
  Agent     Prior     Target     Score     SMILES
-27.55    -27.54     35.32      0.77      c1c2c(c(Cl)c(Cl)c1)NS(=O)(=O)NC2(c1ccc(O)cc1)C
-35.49    -35.55      2.72      0.47      C1C2C3(C)CCC(OC)C=C3C(=O)CC2C2CCC(C(=O)CC(O)=O)C2(C)C1
-25.00    -25.08     32.32      0.70      C1(O)C2(C)C(O)(C(=O)CC1)C(=C)CCC2
-36.15    -36.50     18.17      0.67      c1c2c3c4cc(O)ccc4n(C)c3c(O)c3c(=O)c4c(cc(O)cc4)oc(=O)c1c23
-35.77    -35.80      5.20      0.50      c1c[nH]c(=NC(=O)C(=NO)Cc2ccc3[nH]cnc3c2)s1
-38.10    -38.15     -2.61      0.43      c1cccc(NC(=O)c2c(Oc3c(OC)cc(CO)cc3Cl)cnn2C)c1C
-40.85    -41.12    -27.45      0.17      C1C2N(C(=O)Cc3ccccn3)CC13CCCCC3C(C(NC)=O)C2CO
-30.72    -30.38      2.42      0.40      n1c2c(ccc1)[nH]cc2C(NCC(=O)Nc1ccc(F)cc1)=O
-51.49    -51.82    -29.96      0.27      c1nc(C)ccc1CN=c1nc(-n2c(Cc3ccc(OC)c(OC)c3)cc(S(C)(=O)=O)n2)[nH]c(C)n1
-33.65    -33.70     26.44      0.73      CC(O)CC1CCC(C(C)(C)CC(O)=NO)CC1
Human-Component   raw_Human-Component
0.7666666507720947   0.7666666507720947   
0.46666666865348816   0.46666666865348816   
0.699999988079071   0.699999988079071   
0.6666666865348816   0.6666666865348816   
0.5   0.5   
0.4333333373069763   0.4333333373069763   
0.1666666716337204   0.1666666716337204   
0.4000000059604645   0.4000000059604645   
0.2666666805744171   0.2666666805744171   
0.7333333492279053   0.7333333492279053   

14:39:09: local_reinforcement_logger.timestep_report +41: INFO     
 Step 19   Fraction valid SMILES: 100.0   Score: 0.5000   Time elapsed: 23   Time left: 35.6
  Agent     Prior     Target     Score     SMILES
-18.91    -19.08     41.76      0.74      c1c(-c2nnn(-c3cccc(O)c3)c2)cccc1
-28.47    -28.54     13.78      0.52      n1cn(C2OC(CO)C(O)C2)c2nc[nH]c(=NC(c3cc4c(cccc4)[nH]3)=O)c12
-24.71    -24.48      7.26      0.39      C(C(C(=NO)O)N(Cc1ccc(C(C)(C)C)cc1)S(=O)(=O)c1ccc(OC)cc1)Cc1ccccc1
-36.59    -36.74     -2.35      0.42      c1c(CC(NC(=O)C(NC(CCc2ccc(O)c(O)c2)=O)Cc2nc[nH]c2)C(OC)=O)ccc(C)c1
-24.73    -24.59     44.18      0.84      c1c2c(ccc1)CC(C)N2C(=O)C(C)Sc1[nH]c(=O)cc(CCC)n1
-24.85    -25.06     49.01      0.90      n1c(Cl)nc(-c2ccc(O)cc2)cc1N1CCC(C)CC1
-34.11    -33.81    -33.81      0.00      O(c1ccc(CNC(=O)CCc2c(C)c3cc4c(oc5c4cccc5)cc3oc2=O)cc1)CC(=O)O
-34.30    -34.58     36.84      0.87      Cn1cc(-c2ccc(C3CCC3)c(Oc3ncccc3C3=CCNCC3)c2)sc1=O
-22.51    -22.52     22.44      0.55      c1c(S(NCc2ccc(Br)cc2)(=O)=O)ccc2c1OCCO2
-31.36    -31.48     34.65      0.81      c1c(-c2ccc(C(C)C)cc2)ccc(C(=O)N(C)C2CN(C3CCC(C(CO)O)CC3)CC2)c1
Human-Component   raw_Human-Component
0.7419354915618896   0.7419354915618896   
0.5161290168762207   0.5161290168762207   
0.3870967626571655   0.3870967626571655   
0.4193548262119293   0.4193548262119293   
0.8387096524238586   0.8387096524238586   
0.9032257795333862   0.9032257795333862   
0.0   0.0   
0.8709677457809448   0.8709677457809448   
0.5483871102333069   0.5483871102333069   
0.8064516186714172   0.8064516186714172   

14:39:10: local_reinforcement_logger.timestep_report +41: INFO     
 Step 20   Fraction valid SMILES: 100.0   Score: 0.5000   Time elapsed: 24   Time left: 34.3
  Agent     Prior     Target     Score     SMILES
-27.92    -27.95     32.89      0.74      Cc1c(C(N2CCC(N3CCCC3=O)CC2)=O)oc2c1cc(C)cc2Cl
-26.95    -26.87     44.55      0.87      n1c(F)c(-c2nc(C)nc(N3CC(c4nc5ccccc5n4C)C3)c2)ccc1
-30.61    -30.59     -1.49      0.35      O(c1ccc(C)nc1N1CCOCC1)CC(CNC(C)(C)Cc1cc2ccccc2cc1)O
-31.47    -31.35     45.36      0.94      C1N(c2nc(-c3ccc(O)cc3)c(Sc3ccc(Cl)cc3)cc2)CC(C)N(C)C1C
-22.68    -22.65    -20.01      0.03      Cc1ccc(NC(=O)c2sccn2)cc1C
-28.16    -28.05     -1.60      0.32      O1c2c(ccc(C(C(NC3CCCCC3)=O)N(C(=O)CCC(N=c3[nH]oc(C)c3)=O)Cc3occc3)c2)OC1
-23.26    -23.29     56.07      0.97      c1ccccc1N1CCN(CCC2CCC(N=c3nc[nH]cc3)CC2)CC1
-23.59    -23.44    -23.44      0.00      C(C)OC(C(=O)Nc1ccc(S(=O)(=O)N=c2[nH]cccn2)cc1)=O
-27.93    -28.11     24.79      0.65      c12c([nH]c(C)nc1=NCCOc1ccccc1)n(Cc1ccc(OC)cc1)nn2
-45.83    -45.48      2.14      0.58      c12c(c(-c3cc4c(cccc4)cc3)nn1-c1cc(N(C)CCO)ccc1)c1ncccc1cc2
Human-Component   raw_Human-Component
0.7419354915618896   0.7419354915618896   
0.8709677457809448   0.8709677457809448   
0.35483869910240173   0.35483869910240173   
0.9354838728904724   0.9354838728904724   
0.032258063554763794   0.032258063554763794   
0.32258063554763794   0.32258063554763794   
0.9677419066429138   0.9677419066429138   
0.0   0.0   
0.6451612710952759   0.6451612710952759   
0.5806451439857483   0.5806451439857483   

14:39:12: local_reinforcement_logger.timestep_report +41: INFO     
 Step 21   Fraction valid SMILES: 100.0   Score: 0.5000   Time elapsed: 26   Time left: 34.3
  Agent     Prior     Target     Score     SMILES
-18.64    -18.89     52.53      0.87      c1cc(N)ccc1C1CCCCC1
-48.19    -47.80    -47.80      0.00      Clc1ccc2oc(=NCCCC(=O)N3CCN(c4nc5c(c6c4C(=O)CCC6)ccc(OC)c5)CCC3)[nH]c2c1
-31.25    -31.62     18.63      0.61      C(c1cc(OC)c(OC)cc1)C(N1CCN(CC2CC2)c2n(C)nc(C(C)C)c2C1)=O
-35.65    -35.60     -1.21      0.42      CN1C2(CC=C(C)C)C3(C)C(=CC(=O)O2)OC(C)(C)OC3=CC1=O
-26.24    -26.45    -10.58      0.19      O=C(c1cc(OCC)c(OS(=O)(C)=O)cc1)NCCc1ccc(Cl)cc1
-26.68    -26.74     52.61      0.97      c1cccc2n(C3CCN(CCCn4nc(-c5ccc(C(F)(F)F)cc5)c5c4CCN(S(=O)(C)=O)C5)CC3)ncc12
-25.23    -25.19     17.13      0.52      O(C)c1cc2cccc(C=Cc3ccc(OC)c(O)c3)c2cc1OC
-23.29    -23.32     40.17      0.77      c1cc(OC)ccc1CN=c1nc(N2CCCCC2)[nH]c(=Nc2ccc(OC)cc2)[nH]1
-31.48    -31.18    -25.88      0.06      c1(Cc2c3c(ccc(C(=O)OC)c3)[nH]c2)c(C)cc(OCC(O)=O)c(C)c1
-17.67    -17.52      6.29      0.29      c1cc(S(=O)(=O)c2ccc(N)cc2)ccc1
Human-Component   raw_Human-Component
0.8709677457809448   0.8709677457809448   
0.0   0.0   
0.6129032373428345   0.6129032373428345   
0.4193548262119293   0.4193548262119293   
0.19354838132858276   0.19354838132858276   
0.9677419066429138   0.9677419066429138   
0.5161290168762207   0.5161290168762207   
0.774193525314331   0.774193525314331   
0.06451612710952759   0.06451612710952759   
0.29032257199287415   0.29032257199287415   

14:39:13: local_reinforcement_logger.timestep_report +41: INFO     
 Step 22   Fraction valid SMILES: 96.9   Score: 0.4844   Time elapsed: 27   Time left: 32.9
  Agent     Prior     Target     Score     SMILES
-20.34    -20.55    -15.08      0.07      C1(NC(=O)COC(CNC(=O)c2ccc(C)cc2)=O)CCCC1
-32.33    -32.19     25.21      0.70      c1(O)ccc2c3c1OC1C34C3(CC(C(=O)CCC)C1(O)C4)C(C2)N(CC1CC1)CC3
-21.63    -21.97     54.57      0.93      C1C(N(C(Nc2ccc(F)cc2)=O)Cc2ccco2)CCN(CCc2ccccc2)C1
-32.23    -31.69    -31.69      0.00      N(=c1nc2c(c[nH]1)c1cc(Oc3c(F)cc(F)cc3)ncc1n2)c1ccccc1
-20.31    -20.46     23.28      0.53      [nH]1c(=NCCc2cc(OC)c(OC)cc2)nc[nH]1
-19.84    -20.10     59.16      0.97      c1cc(C(=O)OCCN2CCN(c3ncccn3)CC2)ccc1
-44.41    -44.52     18.34      0.77      c1(C(F)(F)F)c(C2CCCCC2)ccc(N=c2nc(N(CC)CCc3nc[nH]c3)[nH]c(=NCc3cc(-c4ccccc4)no3)[nH]2)c1
-26.32    -26.06     -4.19      0.27      O=C(c1c(N=c2[nH]c(=Nc3ccc(F)cc3)[nH]cc2Br)cccc1)NCCN(CC)CC
-28.81    -28.63     17.84      0.57      N(C(=O)c1cc(NC(=O)c2n(C)cc(-c3ccccc3)c2)cn1C)c1cn(C)c(C(NCCC(N)=N)=O)c1
-27.91    -27.80     40.53      0.83      c1(N2CCC(NCCCC(=O)O)CC2)c(F)cc2c(n(C3CC3)cc(C(=O)O)c2=O)c1F
Human-Component   raw_Human-Component
0.06666667014360428   0.06666667014360428   
0.699999988079071   0.699999988079071   
0.9333333373069763   0.9333333373069763   
0.0   0.0   
0.5333333611488342   0.5333333611488342   
0.9666666388511658   0.9666666388511658   
0.7666666507720947   0.7666666507720947   
0.2666666805744171   0.2666666805744171   
0.5666666626930237   0.5666666626930237   
0.8333333134651184   0.8333333134651184   

14:39:14: local_reinforcement_logger.timestep_report +41: INFO     
 Step 23   Fraction valid SMILES: 100.0   Score: 0.5000   Time elapsed: 28   Time left: 31.5
  Agent     Prior     Target     Score     SMILES
-41.75    -41.64    -33.70      0.10      c1cc(C)c(N2CCN(c3c(S(=O)(=O)C)cc(N)c(Nc4cccc(N)c4)c3)CC2)cc1NC(C)=O
-24.99    -24.97    -22.32      0.03      c1cc(NC(=O)N(CC2Oc3cc(C#Cc4ccc(OC)cc4)ccc3S(=O)(=O)N(C(C)CO)CC2C)C)ccc1C
-34.22    -34.46     36.96      0.87      c1ccc(Cl)c(-c2c3c(nn2C)n(CC)c(=O)c(C)c3C)c1Cl
-26.74    -27.07     41.71      0.84      C1CN(C(C)C)CCC1N=c1[nH]c2c(s1)cc(Br)cc2
-29.74    -30.01     -6.20      0.29      C(c1n(Cc2ccc(Br)cc2)c2nc(C)cc(C)c2n1)C(C)O
-25.53    -25.67     51.04      0.94      C1C(N)(C)C1Oc1ccc(Cl)cc1
-27.15    -27.13     52.23      0.97      N(CCN1CCCC1)=c1nc2n(C(C)C)c3ccccc3c2c[nH]1
-22.22    -22.50     40.99      0.77      n1nc(C)cn1C1COCC1
-21.69    -21.60     -8.37      0.16      O=C1C(=Cc2ccc(SC)cc2)CCC1=Cc1ccc([N+](=O)[O-])cc1
-25.24    -25.22      1.23      0.32      c12c(n(C)c(=O)n(C)c1=O)[nH]c(-c1cc([N+]([O-])=O)ccc1O)n2
Human-Component   raw_Human-Component
0.09677419066429138   0.09677419066429138   
0.032258063554763794   0.032258063554763794   
0.8709677457809448   0.8709677457809448   
0.8387096524238586   0.8387096524238586   
0.29032257199287415   0.29032257199287415   
0.9354838728904724   0.9354838728904724   
0.9677419066429138   0.9677419066429138   
0.774193525314331   0.774193525314331   
0.16129031777381897   0.16129031777381897   
0.32258063554763794   0.32258063554763794   

14:39:16: local_reinforcement_logger.timestep_report +41: INFO     
 Step 24   Fraction valid SMILES: 96.9   Score: 0.4844   Time elapsed: 29   Time left: 30.2
  Agent     Prior     Target     Score     SMILES
-34.81    -34.75    -12.88      0.27      c1(N)cccc(-c2cc3c(ccn3S(c3c(Cl)ccc([N+](=O)[O-])c3)(=O)=O)cc2)c1
-23.76    -23.82     22.65      0.57      c1cc2cc(NC(N)=O)cnc2cc1Cl
-20.32    -20.30     31.63      0.63      c1cccc(C(c2c(O)[nH]c(=O)s2)=O)c1
-25.26    -25.34    -25.34      0.00      C1COCCN1C(=O)c1c(C)[nH]c(C)c1S(=O)(=O)NCc1c(F)cccc1
-31.34    -32.13     38.93      0.87      O(CC1C2(OOC3(OO2)C2CC4CC(C2)CC3C4)CCCC1)CCc1c[nH]c2ccccc21
-20.22    -20.47     58.80      0.97      N1(CC#CCN(C)C(=O)CCCCC)CCCCC1
-29.32    -29.33     33.53      0.77      O=C(c1cc2ccc(O)c(F)c2[nH]1)C(=O)N1CCC(Cc2ccc(F)cc2)CC1
-20.29    -20.47    -15.00      0.07      C1CCCc2c1c(=O)nc(SCC(=O)Nc1ccc(C)cc1)[nH]2
-26.53    -27.00    -27.00      0.00      c1(Cl)c(Cl)ccc(Sc2c3n(c(C)n2)ccc3)c1
-25.64    -25.84     56.16      1.00      c1c(OC)cccc1C(=O)NNC(=O)CCN1CCCCC1
Human-Component   raw_Human-Component
0.2666666805744171   0.2666666805744171   
0.5666666626930237   0.5666666626930237   
0.6333333253860474   0.6333333253860474   
0.0   0.0   
0.8666666746139526   0.8666666746139526   
0.9666666388511658   0.9666666388511658   
0.7666666507720947   0.7666666507720947   
0.06666667014360428   0.06666667014360428   
0.0   0.0   
1.0   1.0   

14:39:17: local_reinforcement_logger.timestep_report +41: INFO     
 Step 25   Fraction valid SMILES: 93.8   Score: 0.4688   Time elapsed: 30   Time left: 28.8
  Agent     Prior     Target     Score     SMILES
-33.74    -34.13     -0.20      0.41      c1(-c2ccnnc2)cc(COc2nn3c(-c4occc4)nnc3cc2)cnc1
-28.60    -28.25    -28.25      0.00      C(Cl)C(=O)Nc1ccc(NC(Cc2ccccc2)=S)cc1
-28.73    -29.21     16.04      0.55      C1CC(NC(NCC)=O)(C(NCC#N)=O)COC1
-25.42    -25.53     31.02      0.69      Cc1c(O)ccc(-c2n[nH]c3c(O)n(C)c(O)c23)c1
-21.71    -21.43     -4.47      0.21      c1(=NC(=S)NN=Cc2cc(C)ccc2)cccc[nH]1
-29.96    -30.48     20.42      0.62      c1(F)c(COc2c(Cl)cc(C(O)=O)cc2NC(C)=O)ccc(F)c1
-24.18    -23.74     24.33      0.59      c1cccc(CN=c2c3cc(C(=O)OC)sc3[nH]cn2)c1
-28.52    -28.35    -28.35      0.00      c12c3c(c4c(ccnc4)c1nc1c2Cn2c(=O)c4c(cc2-3)C(CC)(O)C(=O)OC4)OCO1
-24.04    -23.90    -18.24      0.07      COc1cc(-c2nc(-c3cc(OC)c(OCC)cc3)on2)c(OC)cc1
-25.78    -25.96      2.32      0.34      O=C(NC1CCCCC1)C(OC(c1ccco1)=O)c1ccccn1
Human-Component   raw_Human-Component
0.4137931168079376   0.4137931168079376   
0.0   0.0   
0.5517241358757019   0.5517241358757019   
0.6896551847457886   0.6896551847457886   
0.2068965584039688   0.2068965584039688   
0.6206896305084229   0.6206896305084229   
0.5862069129943848   0.5862069129943848   
0.0   0.0   
0.06896551698446274   0.06896551698446274   
0.3448275923728943   0.3448275923728943   

14:39:18: local_reinforcement_logger.timestep_report +41: INFO     
 Step 26   Fraction valid SMILES: 100.0   Score: 0.5000   Time elapsed: 31   Time left: 27.6
  Agent     Prior     Target     Score     SMILES
-37.25    -38.16      9.45      0.58      c1(C(F)(F)F)[nH]c(-c2c(O)ccc(O)c2)c(-c2cnc(N3CCC(C)CC3)nc2)n1
-28.99    -28.69    -28.69      0.00      n1(CC(=O)Nc2ccc(C)cc2)c2nc[nH]c(=NCc3cccnc3)c2cn1
-24.33    -24.25     10.13      0.42      c1(C(F)(F)F)nonc1-c1ccccc1
-43.30    -42.85    -40.20      0.03      c1(NC(c2ccc(C(=O)Nc3ccc(-c4cccc[n+]4CC)cc3[N+](=O)[O-])c3c2cccc3)=O)ccc2c(c1)OCO2
-26.72    -26.83     31.37      0.71      O=C1N(C)C2(C(=O)Nc3ccc(Br)cc32)C2(CCCCC2)C1=O
-26.85    -26.84     -0.39      0.32      C(c1scnc1C)(NCC1CN(CCc2ccccc2)CC1)=O
-25.96    -25.54     -4.38      0.26      OC(C(Cc1ccccc1)C(C)NC(=O)OC(C)(C)C)=NO
-24.13    -24.27    -18.98      0.06      N(C(=O)CN1CCCC1)c1ccc(S(=O)(NC(C)CC)=O)cc1
-25.36    -25.60     -1.80      0.29      o1c(C)c(C(=O)N2CC(CCc3ccccc3F)CCC2)nc1C
-32.01    -31.86    -23.92      0.10      c1cccc(CCc2nc3ccccc3c3c4c(ccc32)OC(C)(C)C=C4)c1
Human-Component   raw_Human-Component
0.5806451439857483   0.5806451439857483   
0.0   0.0   
0.4193548262119293   0.4193548262119293   
0.032258063554763794   0.032258063554763794   
0.7096773982048035   0.7096773982048035   
0.32258063554763794   0.32258063554763794   
0.25806450843811035   0.25806450843811035   
0.06451612710952759   0.06451612710952759   
0.29032257199287415   0.29032257199287415   
0.09677419066429138   0.09677419066429138   

14:39:19: local_reinforcement_logger.timestep_report +41: INFO     
 Step 27   Fraction valid SMILES: 100.0   Score: 0.5000   Time elapsed: 33   Time left: 27.1
  Agent     Prior     Target     Score     SMILES
-25.54    -25.15     33.05      0.71      c1cccc2c1C(=O)N(CCc1c(=O)[nH]c3c(c(C)cc(C)c3)c1)C2=O
-22.04    -21.85     33.69      0.68      C1(c2ccc(Br)cc2)Oc2ccccc2-n2cccc21
-27.75    -27.93     -6.77      0.26      O=S(Nc1cc(Cl)c(OC)cc1OC)(c1c(=O)n2c(C)cc(C)nc2nc1C)=O
-33.81    -33.50     -4.40      0.35      c12c(cc(OCc3ccc(N4CCOCC4)nc3)cc1)ccc(C(n1ccnc1)C(C)N(C)C)c2
-36.62    -36.39     27.10      0.77      c1(Oc2ccc(-c3nc4c5c(ccc4[nH]3)CCC5)c(Cl)c2)cccc(C(F)(F)F)c1
-24.85    -24.67     44.10      0.84      Clc1cc(OCC(N2CCN(S(=O)(=O)N(C)C)CC2)=O)ccc1
-31.47    -31.44    -15.57      0.19      c1c(C(c2ccc(OC)cc2)(OCC2OC(OCc3cc(OC)c(OC)c(OC)c3)C3OCOC32)c2ccccc2)cccc1
-25.77    -26.25     -2.44      0.29      c1(C(NC(C)=O)(C)C)nn(-c2ccc(OC)cc2)c2c1CC1CC21
-39.09    -38.91    -20.39      0.23      c1cc(NC(=O)Nc2c(F)cc(F)cc2)cc(-c2nc(N3C(=O)CCCC3)c(F)c(=O)n2C)c1
-21.93    -22.01     54.70      0.94      C(CN=c1cc(-c2ccccc2)[nH]c2ccccc12)CCCN
Human-Component   raw_Human-Component
0.7096773982048035   0.7096773982048035   
0.6774193644523621   0.6774193644523621   
0.25806450843811035   0.25806450843811035   
0.35483869910240173   0.35483869910240173   
0.774193525314331   0.774193525314331   
0.8387096524238586   0.8387096524238586   
0.19354838132858276   0.19354838132858276   
0.29032257199287415   0.29032257199287415   
0.22580644488334656   0.22580644488334656   
0.9354838728904724   0.9354838728904724   

14:39:20: local_reinforcement_logger.timestep_report +41: INFO     
 Step 28   Fraction valid SMILES: 100.0   Score: 0.5000   Time elapsed: 34   Time left: 25.8
  Agent     Prior     Target     Score     SMILES
-40.11    -39.86    -29.28      0.13      C1(=O)c2c(c(F)ccc2)OCc2c1cc(NC(=O)c1ccc(OC)cc1)cc2NC(c1ccccc1)=O
-23.89    -24.16    -18.87      0.06      c1cnc(OC2CCN(C(=O)c3cn(CC)nc3)CC2)c(C2CCOCC2)c1
-30.18    -30.50    -14.63      0.19      s1c2cc(C(OC)=O)n(CC3OCCO3)c2nc1C
-25.15    -25.17      3.93      0.35      CC(C)C=NNC(=O)CCn1c(C)nc2c1cccc2
-27.06    -26.95     41.83      0.84      O1C2(CCN(c3scnn3)CC2)C(OC)C(=O)N(C)C1
-48.23    -47.99     -3.02      0.55      N#CC(=C1C=C2CC(=O)CCC2(C)C2C1C1CC(C)C(C(CCl)=O)(OC(=O)C)C1(C)CC2)C(Nc1ccc(Cl)cc1)=O
-27.70    -28.20     22.05      0.61      C(OCC)(N(Cc1ccco1)CCC1CCN(Cc2ccccc2)CC1)=O
-21.40    -22.17     36.03      0.71      C1CCCCC1CC(C=CC1CCC(=O)C1CC=CCCCC(=O)O)O
-29.21    -29.13      7.90      0.45      O=C(Nc1ccc(C2CCCN2)cc1)C=Cc1cccc(OC)c1OC
-30.43    -29.99    -29.99      0.00      O=C(CN(C)C(=O)C(SCC(=O)Nc1ccc(C)cc1)c1ccccc1)O
Human-Component   raw_Human-Component
0.12903225421905518   0.12903225421905518   
0.06451612710952759   0.06451612710952759   
0.19354838132858276   0.19354838132858276   
0.35483869910240173   0.35483869910240173   
0.8387096524238586   0.8387096524238586   
0.5483871102333069   0.5483871102333069   
0.6129032373428345   0.6129032373428345   
0.7096773982048035   0.7096773982048035   
0.4516128897666931   0.4516128897666931   
0.0   0.0   

14:39:21: local_reinforcement_logger.timestep_report +41: INFO     
 Step 29   Fraction valid SMILES: 96.9   Score: 0.4844   Time elapsed: 35   Time left: 24.5
  Agent     Prior     Target     Score     SMILES
-23.09    -22.73    -17.27      0.07      c1ccc(-c2oc(SCC(=O)Nc3c(C(F)(F)F)cccc3)nn2)cn1
-42.60    -42.69      6.51      0.60      C1C(O)(C#Cc2ccc(C(=O)N3CC(O)CC3C(N3CCN(CC4CCCO4)CC3)=O)cc2)C2CC1CNC2
-30.00    -30.08    -21.88      0.10      c1ccc2cccc(CNC(CC3CCCN(S(=O)(=O)c4ccccc4)C3)=O)c2n1
-25.41    -25.25    -11.59      0.17      c1cc(Cl)ccc1CCC(OC(C)C(=O)NCc1ccccc1)=O
-28.75    -28.78     50.48      0.97      O=C(O)c1c(=Nc2ccc(OCCCCN(C)C)cc2)c2c(ccc(-c3cc(Cl)c(O)c(F)c3)c2)[nH]c1
-25.53    -25.60     56.40      1.00      c1c(C)cc2c(C3CCN(CCOc4c(C(N)=O)cccc4)CC3)noc2c1
-47.90    -48.25    -48.25      0.00      c1c(O)c2c(c(O)c1)=CC1C(O)C3C(=NOC)C(O)CC(=N2)C(C#N)N13
-32.51    -32.62      2.91      0.43      Fc1ccc(COc2ccc3c(sc(S(NC4CCCCC4)(=O)=O)n3)c2)cc1
-36.65    -35.34     19.33      0.67      C1CNC(C(=O)N2CC(c3ccc(Cl)cc3)C(C(=O)O)C2)C(c2ccc(-c3ccccc3OC)cc2)C1
-38.84    -38.67     29.67      0.83      C(COc1[nH]c2c(c(=O)n1)c(CCC)c(-c1ccc(-c3ccccc3)cc1)s2)CN1CCN(C)CC1
Human-Component   raw_Human-Component
0.06666667014360428   0.06666667014360428   
0.6000000238418579   0.6000000238418579   
0.10000000149011612   0.10000000149011612   
0.1666666716337204   0.1666666716337204   
0.9666666388511658   0.9666666388511658   
1.0   1.0   
0.0   0.0   
0.4333333373069763   0.4333333373069763   
0.6666666865348816   0.6666666865348816   
0.8333333134651184   0.8333333134651184   

14:39:22: local_reinforcement_logger.timestep_report +41: INFO     
 Step 30   Fraction valid SMILES: 100.0   Score: 0.5000   Time elapsed: 36   Time left: 23.2
  Agent     Prior     Target     Score     SMILES
-26.12    -26.98     52.38      0.97      C1N(c2c(Cl)c(Cl)ccc2)CCN(CCCC(NC2CCCCCC2)=O)C1
-33.16    -33.29    -20.06      0.16      N1C(SCC(=O)N=c2o[nH]c(C(C)(C)C)c2)=NC(=O)C1(CC)CC
-35.70    -35.19    -14.03      0.26      c12c(cccc1)c(COc1ccccc1C(N1CCOCC1)=O)cc(CN(C)CC(O)=O)n2
-28.87    -29.52     39.25      0.84      C(CCC(O)CCCCCC)#Cc1ccc(C(N)=O)cc1
-21.87    -21.55     39.29      0.74      C1[S+]([O-])Sc2ccccc2O1
-24.78    -24.87    -24.87      0.00      FC1CN(C(c2ccc(S(=O)(=O)Nc3ccc(C)cc3)cc2)=O)CC1
-21.81    -21.67    -11.09      0.13      n1ccc(CNC(c2cnc3n(cccc3)c2=O)=O)cc1
-34.56    -35.31     46.69      1.00      c1cccc(N2CCN(CCCCC3N(CCCCCCC)C(=N)NCC3C(CCC)C)CC2)c1Cl
-35.59    -35.04     39.02      0.90      C(n1nccc1-c1cc2c([nH]cc2-c2[nH]c3ccccc3n2)cc1)CCN(C)C
-30.07    -30.04    -14.16      0.19      c1c2nc(C(C#N)=Cc3cc(OC)c(OCC(=O)OC)cc3)n(CC)c2ccc1Cl
Human-Component   raw_Human-Component
0.9677419066429138   0.9677419066429138   
0.16129031777381897   0.16129031777381897   
0.25806450843811035   0.25806450843811035   
0.8387096524238586   0.8387096524238586   
0.7419354915618896   0.7419354915618896   
0.0   0.0   
0.12903225421905518   0.12903225421905518   
1.0   1.0   
0.9032257795333862   0.9032257795333862   
0.19354838132858276   0.19354838132858276   

14:39:24: local_reinforcement_logger.timestep_report +41: INFO     
 Step 31   Fraction valid SMILES: 96.9   Score: 0.4844   Time elapsed: 38   Time left: 22.6
  Agent     Prior     Target     Score     SMILES
-35.27    -35.48      5.52      0.50      C1CCC(c2ccc(-c3nc(=NCc4ccc(-c5cccnc5-c5n[nH]nn5)cc4)[nH]cc3)cc2)CC1
-27.08    -27.16     46.64      0.90      c1(Cl)ccc(C2CCN(C(=O)C(C#N)=NO)CC2)cc1
-28.78    -29.02     22.91      0.63      c1(F)cc(C(=O)COC(=O)c2cc(O)c(O)c(O)c2)c(F)cc1
-25.18    -25.30    -22.56      0.03      c1ccc(CCn2c(SCC(c3cccs3)=O)n[nH]c2=O)cc1
-35.44    -34.91    -18.51      0.20      C1C(OC(C(C(=O)OC)CC(=O)OC)=O)C2(C)OC(C)(C=C)CC(=O)C2(O)C2(C)C(O)CCC(C)(C)C12
-26.82    -27.80     54.20      1.00      c1(C2CNCCN2C(=O)Cc2ccc(Cl)cc2Cl)c(Cl)cccc1
-21.42    -21.74    -21.74      0.00      C1CCCCC12C(=O)N(CC(=O)Nc1ccc(C)cc1[N+](=O)[O-])C(=O)N2
-22.11    -22.05     13.48      0.43      c1cccc(Oc2ccc(C(Nc3ccc(F)c(F)c3)=O)cc2)c1
-20.87    -21.05     44.55      0.80      c1ccc2c(c1)OCC2N
-39.96    -39.86    -26.19      0.17      c12n(CC(C)C)c(Cn3nc(-c4cc(OC)c(=O)n(C)c4)c4c(=N)[nH]cnc43)cc1cc(CNC)c(F)c2
Human-Component   raw_Human-Component
0.5   0.5   
0.8999999761581421   0.8999999761581421   
0.6333333253860474   0.6333333253860474   
0.03333333507180214   0.03333333507180214   
0.20000000298023224   0.20000000298023224   
1.0   1.0   
0.0   0.0   
0.4333333373069763   0.4333333373069763   
0.800000011920929   0.800000011920929   
0.1666666716337204   0.1666666716337204   

14:39:26: local_reinforcement_logger.timestep_report +41: INFO     
 Step 32   Fraction valid SMILES: 100.0   Score: 0.5000   Time elapsed: 39   Time left: 21.3
  Agent     Prior     Target     Score     SMILES
-29.12    -29.68      2.06      0.39      OC1CCCC1N=c1[nH]nc2n1ccs2
-41.77    -42.27     10.63      0.65      C1OCCN(CCON=Cc2cnc(-c3ccc(C(=O)C[N+](C)(CCCCCCCC)C)cc3)o2)C1
-26.30    -25.98     11.06      0.45      c1cc(SC)cc(NC(=O)Nc2cc(OCCC)c(OC)cc2)c1
-31.41    -31.74      2.65      0.42      O=C(Cn1c(=O)c(C(N)=O)ccc1C1CC1)Nc1c(F)cc(-c2cc(OC)ccc2)cc1F
-24.95    -25.46     40.67      0.81      CN(CC)C1CCC(N=c2ccc3ccccc3[nH]2)CC1
-26.89    -26.62     36.86      0.77      c12cc(CN(C(=S)NCCC(C)C)Cc3ccc(F)cc3)c(=O)[nH]c1cc1c(c2)OCCO1
-27.83    -28.57     32.27      0.74      n1c(-c2c(-c3ccc(Cn4c(CCCC)nc5c(c4=O)c(OCCCCC)ccc5)cc3)cccc2)n[nH]n1
-26.32    -26.50     52.85      0.97      N1(CCCCCCn2c3c(cccc3)sc2=O)C(=O)c2ccccc2C1
-25.19    -24.76     33.43      0.71      C(c1n(CC2CC2)c2c(cccc2)c1)(=O)O
-31.26    -31.64     10.68      0.52      c1(=NC(Cc2cccc(OCC)c2OCCC)C)[nH]c(C)cc(C)c1
Human-Component   raw_Human-Component
0.3870967626571655   0.3870967626571655   
0.6451612710952759   0.6451612710952759   
0.4516128897666931   0.4516128897666931   
0.4193548262119293   0.4193548262119293   
0.8064516186714172   0.8064516186714172   
0.774193525314331   0.774193525314331   
0.7419354915618896   0.7419354915618896   
0.9677419066429138   0.9677419066429138   
0.7096773982048035   0.7096773982048035   
0.5161290168762207   0.5161290168762207   

14:39:26: local_reinforcement_logger.timestep_report +41: INFO     
 Step 33   Fraction valid SMILES: 100.0   Score: 0.5000   Time elapsed: 40   Time left: 20.0
  Agent     Prior     Target     Score     SMILES
-27.67    -28.66     53.34      1.00      c12c(cc(OC)cc1)C1(CCN(CCCC(c3ccc(F)cc3)=O)CC1)CN2C(c1ccc(F)cc1)=O
-24.03    -25.18     48.89      0.90      C1C(NCCCCCCCCCCCCCCCCCCCCC)C[N+](C)(C)CC1
-30.83    -31.40     13.57      0.55      C1(O)C(O)C(CO)OC1Oc1c(COC2OC(C)C(O)C(O)C2O)ccc(O)c1O
-20.05    -20.10    -12.17      0.10      O=C(N=CC1C(=O)OC(C)(C)OC1=O)Cc1ccccc1
-19.28    -20.18     19.50      0.48      C1CC1C(N1CCCC(n2nc(C)cc2C)C1)=O
-26.41    -26.47     29.08      0.68      c1c(OC)c(OC)c(OC)cc1C(=O)c1nc(-c2c(Cl)c(Cl)ccc2)[nH]c1
-29.97    -31.07     45.64      0.94      C1CCN2C(CN(Cc3c(C)ncs3)C2)C1OCC1CCCC1
-25.89    -25.95     42.83      0.84      C1c2cc(CN3CCN(C(c4c(OC)ccc(OC)c4)=O)CC3)ccc2OC1
-30.37    -29.97    -14.10      0.19      c1(-c2nc(-c3c(NC(=O)Cc4ccccc4)cc(C)cc3)sc2)ccccc1
-20.93    -21.22     -0.06      0.26      n1n(C2CCCC2)c(SCC(=O)NC2CCCCC2)nn1
Human-Component   raw_Human-Component
1.0   1.0   
0.9032257795333862   0.9032257795333862   
0.5483871102333069   0.5483871102333069   
0.09677419066429138   0.09677419066429138   
0.4838709533214569   0.4838709533214569   
0.6774193644523621   0.6774193644523621   
0.9354838728904724   0.9354838728904724   
0.8387096524238586   0.8387096524238586   
0.19354838132858276   0.19354838132858276   
0.25806450843811035   0.25806450843811035   

14:39:27: local_reinforcement_logger.timestep_report +41: INFO     
 Step 34   Fraction valid SMILES: 100.0   Score: 0.4758   Time elapsed: 41   Time left: 18.7
  Agent     Prior     Target     Score     SMILES
-22.49    -22.27    -16.97      0.06      c1c(NC(C)=O)c(OC(=O)c2occc2)ccc1
-35.03    -35.43    -24.85      0.13      c1cc2c(C3CCCCC3)c3n(c2cc1C(=O)NS(=O)(C1CC1)=O)ccnc3N1CC2CC2CO1
-40.98    -41.81     24.32      0.81      C1CC2(C)C(CCC3C2CCC(C(C)CCCl)(O)C3)C2C1C1(C)CCC(OC)CC1CC2O
-29.38    -29.25     44.81      0.90      c1(-c2c3c([nH]n2)ccc(C(NC2CC2c2cc(Cl)ccc2)=O)c3)ccncc1
-33.19    -32.81    -32.81      0.00      c1cc(C)ccc1NC(Nc1ccc(-c2nn3ccnc3c(=NCC(Cc3ccccc3)N)[nH]2)cc1)=O
-30.14    -29.57    -16.34      0.16      c12cc(OC)ccc1[nH]c(C(N(Cc1ccccc1)C1CS(=O)(=O)CC1)=O)c2C
-26.52    -26.82     -8.30      0.23      c1c(C(N)=O)c(=NC2CCC(C)C2)c2n(c(C#N)cn2)[nH]1
-18.93    -19.29     57.42      0.94      c1ncn(Cc2ccc(OCCCN3CCCCC3)cc2)c1
-40.20    -40.14      4.82      0.55      C1(C(CCCC(C)C)C)C2(C)C(C(=CC=C3CC(O)C(C=C)(C)CC3)CCC2=C)C(C)(C)C=C1
-26.61    -26.96      7.42      0.42      Oc1c(C=CC(N2CCCCC2)=O)cc(O)c2c1cccc2
Human-Component   raw_Human-Component
0.06451612710952759   0.06451612710952759   
0.12903225421905518   0.12903225421905518   
0.8064516186714172   0.8064516186714172   
0.9032257795333862   0.9032257795333862   
0.0   0.0   
0.16129031777381897   0.16129031777381897   
0.22580644488334656   0.22580644488334656   
0.9354838728904724   0.9354838728904724   
0.5483871102333069   0.5483871102333069   
0.4193548262119293   0.4193548262119293   

14:39:28: local_reinforcement_logger.timestep_report +41: INFO     
 Step 35   Fraction valid SMILES: 96.9   Score: 0.4688   Time elapsed: 42   Time left: 17.5
  Agent     Prior     Target     Score     SMILES
-27.07    -27.14     -2.54      0.30      N1(CC(O)COC(C)C)CC(C)NCC1Cc1ccccc1
-24.67    -25.04     21.43      0.57      c1ccccc1CC(NC(=O)OCc1ccccc1)CN1CCC(n2c3ccccc3[nH]c2=O)CC1
-36.32    -36.30    -36.30      0.00      C1C(C(C(NC(C)=O)Cc2oc(CNS(=O)(=O)c3ccccc3)nn2)O)CCCC1
-44.06    -44.50     37.50      1.00      n1c[nH]nc1C1C2c3c(cc(F)cc3C1)Nc1c2c(CCN(CC)CC)ccc1
-26.66    -26.41      6.39      0.40      c1c(C(C)C2NC(=O)c3c(cccc3)OC2)cccc1
-22.86    -23.29     53.24      0.93      c1(-c2n(-c3ccccc3Cl)nc(C(NN3CCCCC3)=O)c2C)ccc(CCCC)cc1
-28.64    -28.54     37.06      0.80      N(CCC(=O)c1c(Cl)cccc1)CCN=c1c2c([nH]cc1)cc(Cl)cc2
-34.17    -33.70      4.57      0.47      OCCC1=CC(OC(C)=O)CC2(C)C1CCC(=O)C2C=O
-39.33    -40.17     -4.64      0.43      c1(F)ccccc1NC(=O)Cn1cc(CCCCCc2[nH]c(=N)n(C(C)C)c2CCCCC)c2ccccc12
-23.24    -22.92    -17.46      0.07      c1c(NC(C(NC(C)(C)C)=O)=O)cccc1Oc1ccccc1
Human-Component   raw_Human-Component
0.30000001192092896   0.30000001192092896   
0.5666666626930237   0.5666666626930237   
0.0   0.0   
1.0   1.0   
0.4000000059604645   0.4000000059604645   
0.9333333373069763   0.9333333373069763   
0.800000011920929   0.800000011920929   
0.46666666865348816   0.46666666865348816   
0.4333333373069763   0.4333333373069763   
0.06666667014360428   0.06666667014360428   

14:39:29: local_reinforcement_logger.timestep_report +41: INFO     
 Step 36   Fraction valid SMILES: 100.0   Score: 0.4708   Time elapsed: 43   Time left: 16.3
  Agent     Prior     Target     Score     SMILES
-27.83    -28.32    -28.32      0.00      c1ccc(Br)cc1OCCNCCCOCCN
-24.79    -24.54      9.84      0.42      CC(=O)NC1C(=O)CCCC1S
-26.82    -26.49     44.93      0.87      O(C)c1cc(-n2c(=O)c3c(cc(C(=O)NCCN4C(C)CCCC4)cc3)[nH]c2=O)cc(OC)c1OC
-27.49    -27.22     25.69      0.65      C(OC(=O)c1cn(-c2c(O)cc(O)c(Cl)c2)nn1)C
-22.63    -23.16     19.16      0.52      N(C(=O)CCCC)CCCCC(C(O)=O)N
-24.55    -24.04     -8.17      0.19      c1(OC(CCC)C(=O)O)cc2oc(-c3ccccc3)cc(=O)c2cc1
-23.81    -23.33      3.13      0.32      c12c(ccc(S(=O)(N3C(C(=O)NC4CC4)CCC3)=O)c1)OCCO2
-26.77    -27.40     33.44      0.74      COc1c(OC)c(OC)cc(C2CCc3c(cc(C4Oc5cc(O)cc(O)c5C(=O)C4O)cc3)O2)c1
-32.58    -32.36    -21.78      0.13      N(c1ccc([N+](=O)[O-])cc1C(F)(F)F)C(c1cccc(C)c1OC(C)=O)=O
-23.12    -22.98     21.99      0.55      c1c(Br)ccc(-c2nc(Cc3ccc(F)cc3)on2)c1
Human-Component   raw_Human-Component
0.9354838728904724   0.9354838728904724   
0.4193548262119293   0.4193548262119293   
0.8709677457809448   0.8709677457809448   
0.6451612710952759   0.6451612710952759   
0.5161290168762207   0.5161290168762207   
0.19354838132858276   0.19354838132858276   
0.32258063554763794   0.32258063554763794   
0.7419354915618896   0.7419354915618896   
0.12903225421905518   0.12903225421905518   
0.5483871102333069   0.5483871102333069   

14:39:30: local_reinforcement_logger.timestep_report +41: INFO     
 Step 37   Fraction valid SMILES: 96.9   Score: 0.4771   Time elapsed: 44   Time left: 15.1
  Agent     Prior     Target     Score     SMILES
-25.57    -25.65     45.42      0.87      c12c(O)n(-c3cc(C(=O)Nc4ccc(C)cc4O)ccc3)c(O)c1CCCC2
-28.44    -28.12    -28.12      0.00      C(Sc1n(Cc2ccc(C)cc2)c2cnccc2n1)C(=O)Nc1cccc(C(=O)OC)c1
-25.33    -24.87     27.07      0.63      N(C(=S)NCCc1c2ccccc2[nH]c1)c1ccccc1CC
-25.20    -24.82    -16.62      0.10      C(c1ccc(F)cc1)=CC(OCC(NC(=O)C)=O)=O
-22.27    -23.70     58.30      1.00      C1CN(CCN(C2Cc3cccc(O)c3CC2)CCC)CCN1CCOC(c1ccc(F)cc1)c1ccc(F)cc1
-23.47    -24.14     38.73      0.77      [nH]1c(-c2ccccc2)nn(CCCC)c1=O
-37.75    -38.10      0.16      0.47      Clc1cc(Cl)cc(Cn2c(=O)n(CCCC)c(=O)c3nc(-c4ccc(S(N5CCC5)(=O)=O)cc4)[nH]c23)c1
-35.14    -35.41      5.59      0.50      c1(F)cccc(F)c1C12N(CCC1)C(=O)c1ccc(C(C)=O)cc12
-20.47    -20.49     -6.83      0.17      O=c1n(C2COC(CO)O2)cc(OCC#C)c(=O)[nH]1
-48.87    -48.39    -48.39      0.00      C(CCCCCCCCC)CCCc1cc(C(O)(CC(CC)(CC)C(O)=O)SCCC(=O)O)c(C)cc1
Human-Component   raw_Human-Component
0.8666666746139526   0.8666666746139526   
0.0   0.0   
0.6333333253860474   0.6333333253860474   
0.10000000149011612   0.10000000149011612   
1.0   1.0   
0.7666666507720947   0.7666666507720947   
0.46666666865348816   0.46666666865348816   
0.5   0.5   
0.1666666716337204   0.1666666716337204   
0.23333333432674408   0.23333333432674408   

14:39:32: local_reinforcement_logger.timestep_report +41: INFO     
 Step 38   Fraction valid SMILES: 100.0   Score: 0.4698   Time elapsed: 45   Time left: 13.8
  Agent     Prior     Target     Score     SMILES
-23.63    -24.12     18.21      0.52      C1CCCCC1N(C)C(c1cccc2c1-c1c(cccc1)C2=O)=O
-24.11    -25.38      3.72      0.35      C12(CCCN1CC)CCN(c1c3cc[nH]c3ncn1)CC2
-24.32    -23.99     42.14      0.81      c1c(OCc2sc3nnc(Cc4c5ccccc5ccc4)n3n2)ccc(F)c1
-27.88    -27.04    -16.46      0.13      C(N=c1scc(-c2cc(Cl)ccc2)[nH]1)(=O)CN1C(=O)NC2(C1=O)CCCC2
-21.37    -21.13     26.48      0.58      c1(F)cccc(F)c1NC(c1cc(C#N)ccc1)=O
-17.64    -18.61    -18.61      0.00      COc1cc(CCCCCCCC)ccc1O
-25.22    -25.53     -4.37      0.26      n1c(COC2C3C(COC3)N(c3cc(C)nc(C)n3)C2)cncc1
-26.70    -26.99     55.01      1.00      C12(Cc3c(cccc3)-c3ncn(Cc4ccc(F)cc4)c(=O)c31)CCCC2
-22.73    -23.51     37.32      0.74      C1NC(=O)C(CC(=O)Nc2ccc(Cl)cc2Cl)N(CC)C1
-40.63    -42.06     10.84      0.65      c12c([nH]c(C(=O)NCCCCCCCCCCOc3cc(C)c(Cl)cc3C(C)C)c1)ccnc2
Human-Component   raw_Human-Component
0.5161290168762207   0.5161290168762207   
0.35483869910240173   0.35483869910240173   
0.8064516186714172   0.8064516186714172   
0.12903225421905518   0.12903225421905518   
0.5806451439857483   0.5806451439857483   
0.9677419066429138   0.9677419066429138   
0.25806450843811035   0.25806450843811035   
1.0   1.0   
0.7419354915618896   0.7419354915618896   
0.6451612710952759   0.6451612710952759   

14:39:33: local_reinforcement_logger.timestep_report +41: INFO     
 Step 39   Fraction valid SMILES: 100.0   Score: 0.4718   Time elapsed: 46   Time left: 12.7
  Agent     Prior     Target     Score     SMILES
-20.33    -20.08     14.31      0.42      C(NC(NC#N)=NC(C)(C)C)(C)C
-42.59    -42.11    -18.31      0.29      n1cc(C(=O)Oc2c(NCc3ccc(C(F)(F)F)cc3)cc3[nH]c(C4C5CC(CC5)C4)nc3c2)ccc1
-26.58    -26.73     26.17      0.65      c1cc2c(cc1)C(=O)C(=Cc1ccc(Cl)cc1)CN2CC1CO1
-17.70    -17.42    -17.42      0.00      c1c([N+](=O)[O-])ccc(CON)c1
-23.50    -23.71    -23.71      0.00      C(C)Oc1ccccc1OCCCCCCN=C(N)N
-30.26    -30.67     38.10      0.84      OCC1C2c3cccc4c3c(cnc4)CC2CCN1
-20.96    -20.42     -7.20      0.16      C(=O)(Nc1c(C)n(C)n(-c2ccccc2)c1=O)CSc1[nH]c(N)cc(=O)n1
-22.56    -22.46      6.63      0.35      c1cc(Cl)ccc1CN(C1CS(=O)(=O)CC1)C(c1ccc(C)cc1)=O
-31.07    -31.51    -13.00      0.23      c1(NC(C2CCN(C(=O)Cn3c4cc(Cl)ccc4sc3=O)CC2)=O)cc(OC)ccc1C
-24.41    -24.16     36.68      0.74      N(=c1[nH]cnc2c1cc[nH]2)C1CCc2ccccc21
Human-Component   raw_Human-Component
0.4193548262119293   0.4193548262119293   
0.29032257199287415   0.29032257199287415   
0.6451612710952759   0.6451612710952759   
0.3870967626571655   0.3870967626571655   
0.5161290168762207   0.5161290168762207   
0.8387096524238586   0.8387096524238586   
0.16129031777381897   0.16129031777381897   
0.35483869910240173   0.35483869910240173   
0.22580644488334656   0.22580644488334656   
0.7419354915618896   0.7419354915618896   

14:39:34: local_reinforcement_logger.timestep_report +41: INFO     
 Step 40   Fraction valid SMILES: 100.0   Score: 0.5000   Time elapsed: 48   Time left: 11.7
  Agent     Prior     Target     Score     SMILES
-23.56    -23.08     -9.85      0.16      c1c(CNC(=O)Oc2ccc(F)cc2)ccc(OC(F)(F)F)c1
-20.32    -20.25     61.75      1.00      c1c(N2CCN(CCC(O)c3c4ccccc4sc3)CC2)ccc(Cl)c1
-28.49    -28.72     13.60      0.52      COc1c2c3c(c(C(F)(F)F)nc2c(C)cc1OC)CCC3
-27.74    -27.12    -21.83      0.06      c12c(c(C=NNS(=O)(c3ccc4ccccc4c3)=O)ccc1)[n+]([O-])on2
-33.55    -33.70    -17.83      0.19      c1cc2c(c3c([nH]2)C(CC)(CC(O)=O)CCC3)cc1C(=O)Nc1ccc(C(=O)NC)cc1
-35.76    -34.88      2.15      0.45      o1c(-c2nc3n(c2)cc(Cl)cc3)nc(COC(c2c(Cl)sc(Cl)c2)=O)n1
-28.23    -28.22     37.91      0.81      S(=O)(c1cc(F)ccc1)(=O)NC1CCN(c2ncc(Br)cn2)CC1
-35.72    -35.11     12.50      0.58      c1c2c(ccc1)C(=O)N(CC(=O)N1C(C)CC(=O)c3cc(C)ccc31)C2=O
-34.13    -35.24      9.73      0.55      C1C(C)(C)C(CCC2C3(C)CCCC(C)(CNC(c4ccc(F)cc4)=O)C3CC2)C(=C)C(=O)O1
-26.50    -26.58      5.17      0.39      Fc1c(Cl)cccc1C=C1CC(CO)(COC(=O)C(C)C)OC1=O
Human-Component   raw_Human-Component
0.16129031777381897   0.16129031777381897   
1.0   1.0   
0.5161290168762207   0.5161290168762207   
0.06451612710952759   0.06451612710952759   
0.19354838132858276   0.19354838132858276   
0.4516128897666931   0.4516128897666931   
0.8064516186714172   0.8064516186714172   
0.5806451439857483   0.5806451439857483   
0.5483871102333069   0.5483871102333069   
0.3870967626571655   0.3870967626571655   

14:39:35: local_reinforcement_logger.timestep_report +41: INFO     
 Step 41   Fraction valid SMILES: 100.0   Score: 0.5000   Time elapsed: 49   Time left: 10.5
  Agent     Prior     Target     Score     SMILES
-20.91    -20.92     13.47      0.42      C1N(c2nc(=O)c3cc(C(F)(F)F)cc([N+](=O)[O-])c3s2)CC(C)CC1C
-24.18    -25.64     56.36      1.00      c1(OCCCN2CCN(Cc3ccc(Cl)cc3)CC2)ccc2c(C)c(Br)c(=O)oc2c1
-34.50    -35.23     30.90      0.81      c1c(C2CCN(C(=O)CN)CC2)cc(-c2ccc(Cl)cc2Cl)[nH]c1=NCC(c1ncccc1)O
-36.61    -36.49    -23.26      0.16      [nH]1c(-c2cc(Cn3ccnc3)ccc2)cc(OCc2ccccc2C(=O)OC)n1
-41.97    -41.49     29.93      0.87      S(=O)(=O)(C1(F)CC(CCC)OC2(C1)CCN(Cc1ccccc1)C2)N(C)C
-27.24    -26.33      2.76      0.35      S(n1cc(CO)nc1)(=O)(=O)C
-28.84    -29.36    -13.49      0.19      c1(CN2CCC(=Cc3ncccc3C(F)(F)F)CC2)ccc(S(C)(=O)=O)cc1
-25.23    -24.66     17.66      0.52      c12ccc(S(=O)(Nc3ccc4c(c(C5CCN(C)CC5)c[nH]4)c3)=O)cc1cccc2
-21.63    -23.20     56.15      0.97      O=C(C1CCN(C2CCN(Cc3ccc4c(c3)OCCO4)CC2)CC1)c1ccc(F)cc1
-19.09    -19.42     30.84      0.61      C1c2ccc(OC)cc2C(=O)C(C)C1
Human-Component   raw_Human-Component
0.4193548262119293   0.4193548262119293   
1.0   1.0   
0.8064516186714172   0.8064516186714172   
0.16129031777381897   0.16129031777381897   
0.8709677457809448   0.8709677457809448   
0.35483869910240173   0.35483869910240173   
0.19354838132858276   0.19354838132858276   
0.5161290168762207   0.5161290168762207   
0.9677419066429138   0.9677419066429138   
0.6129032373428345   0.6129032373428345   

14:39:36: local_reinforcement_logger.timestep_report +41: INFO     
 Step 42   Fraction valid SMILES: 100.0   Score: 0.4708   Time elapsed: 50   Time left: 9.3
  Agent     Prior     Target     Score     SMILES
-19.56    -19.24     -6.01      0.16      c1(-c2ccccc2)cc(=NC(C)c2ccccc2)[nH]c(C)n1
-29.84    -29.44     18.17      0.58      C(OC)C(NCc1ccc2c(c1)c(=O)[nH]c1ccccc21)C
-39.23    -38.36     33.06      0.87      c1(N(c2cccc3c2cccc3)CCN=c2cc[nH]c(N3CCN(C)CC3)n2)cc(O)ccc1
-30.30    -30.19     12.13      0.52      c12cc(OCCOC)c(C)cc1c(CC#N)cn2C
-28.66    -29.19     23.71      0.65      C1N(S(=O)(c2c3ncccc3ccc2)=O)C2CN(CC3CC3)CC1C2
-35.50    -36.50    -15.34      0.26      C(CCCCCCCCCCC)CCCCCC[n+]1cc(C2=CC(=CC(C(F)(F)F)=O)CCC2)ccc1
-28.10    -27.87     17.09      0.55      [nH]1c(=Nc2ccc(Cl)cc2)c2c(scn2)nc1COCC
-27.62    -26.88    -24.24      0.03      O=S(c1c(C)c2cc(OC)ccc2s1)(=O)Nc1cc(Cl)c(C)cc1
-35.77    -35.61     -6.51      0.35      n1(C)c(O)c(C(C=CC(=O)OCC(C)C)=O)c(C(C)C)c1O
-28.63    -28.81    -12.94      0.19      OC(C1CC(N=C(N)N)C(C(NC(=O)C2CCCN2C(C)=O)C)C1)=O
Human-Component   raw_Human-Component
0.16129031777381897   0.16129031777381897   
0.5806451439857483   0.5806451439857483   
0.8709677457809448   0.8709677457809448   
0.5161290168762207   0.5161290168762207   
0.6451612710952759   0.6451612710952759   
0.25806450843811035   0.25806450843811035   
0.5483871102333069   0.5483871102333069   
0.032258063554763794   0.032258063554763794   
0.35483869910240173   0.35483869910240173   
0.19354838132858276   0.19354838132858276   

14:39:37: local_reinforcement_logger.timestep_report +41: INFO     
 Step 43   Fraction valid SMILES: 96.9   Score: 0.4469   Time elapsed: 51   Time left: 8.1
  Agent     Prior     Target     Score     SMILES
-26.59    -27.05    -10.65      0.20      c1cc(F)ccc1S(=O)(NC(CCCN=C(N)N)C(N1CCC(CCNC(=O)C)CC1)=O)=O
-18.73    -18.05     -4.38      0.17      c1ccccc1CC(=O)N=c1cc(C)o[nH]1
-20.16    -20.10     34.57      0.67      C(C)COc1ccc2c(c1)CCn1c(=O)nc(OCC3COCCO3)cc1-2
-21.73    -21.84      0.02      0.27      n1c(C(C)(C)C)nc(-c2ccc(OCC)cc2)o1
-20.10    -21.41     44.19      0.80      C1N(CCCCn2c(O)c3c(c2O)CCCC3)C(C)CCC1
-27.09    -27.50     43.57      0.87      N1(Cc2ccc(OC)nc2)CCN(CCC(F)(F)F)CC1
-28.47    -29.32     52.68      1.00      c12c(CN(CC)CC)cn(C3CCN(CCCCN4C(=O)c5ccccc5C4=O)CC3)c1cccc2
-30.10    -29.93      2.87      0.40      c1(C=C(C#N)C(c2ccc[nH]2)=O)ccc(SCCCCCC)cc1
-28.10    -27.79     24.14      0.63      C1(NC(=O)Cc2ccc(Cl)cn2)CN(CC2CC2)C(=O)CC1
-26.74    -26.41     20.06      0.57      Cc1c(CN=c2[nH]cc3[nH]c4ccccc4c3c2)ccc(F)c1
Human-Component   raw_Human-Component
0.20000000298023224   0.20000000298023224   
0.1666666716337204   0.1666666716337204   
0.6666666865348816   0.6666666865348816   
0.2666666805744171   0.2666666805744171   
0.800000011920929   0.800000011920929   
0.8666666746139526   0.8666666746139526   
1.0   1.0   
0.4000000059604645   0.4000000059604645   
0.6333333253860474   0.6333333253860474   
0.5666666626930237   0.5666666626930237   

14:39:38: local_reinforcement_logger.timestep_report +41: INFO     
 Step 44   Fraction valid SMILES: 100.0   Score: 0.4768   Time elapsed: 52   Time left: 6.9
  Agent     Prior     Target     Score     SMILES
-26.43    -27.14     28.41      0.68      c1c(C(C)C)c(OC(=O)NCCc2c[nH]c3ccccc23)ccc1
-19.01    -18.72    -18.72      0.00      Nc1cc(N)ccc1Br
-25.09    -26.16     45.26      0.87      FC(Oc1ccc(C(CCCC)N2CCN(C3CCCC3)CC2)cc1)(F)F
-27.33    -29.09     10.59      0.48      C(CCNCCCC)Cc1ccc(NCc2cc(O)ccc2O)cc1
-35.13    -36.93     21.27      0.71      C1C(CN=c2ccc(Cl)c(-c3ccc(OC)nc3)[nH]2)CCC(N=c2[nH]c3c(cccc3)s2)C1
-20.83    -21.03     42.45      0.77      O(Cc1cc(Cl)ccc1)C1=CC(C(O)=O)(O)CC(O)C1O
-25.43    -25.14     27.76      0.65      FC(c1cc(Cl)c(N(N=Cc2ccc(OC)cc2O)C)nc1)(F)F
-42.91    -43.10      7.16      0.61      c1(Cl)cc(OCC(CC)CC)c(Cl)cc1-n1cc(O)n(C(CC)C(Nc2cccc(OC)c2)=O)c1=O
-19.62    -19.94     46.19      0.81      C1N(C2CCCCC2)CCSC1
-34.50    -34.27    -15.75      0.23      O=C1c2cc(OC)c(N)cc2-c2c1c(Cc1ccc(C)cc1)c[nH]2
Human-Component   raw_Human-Component
0.6774193644523621   0.6774193644523621   
0.7419354915618896   0.7419354915618896   
0.8709677457809448   0.8709677457809448   
0.4838709533214569   0.4838709533214569   
0.7096773982048035   0.7096773982048035   
0.774193525314331   0.774193525314331   
0.6451612710952759   0.6451612710952759   
0.6129032373428345   0.6129032373428345   
0.8064516186714172   0.8064516186714172   
0.22580644488334656   0.22580644488334656   

14:39:39: local_reinforcement_logger.timestep_report +41: INFO     
 Step 45   Fraction valid SMILES: 100.0   Score: 0.4768   Time elapsed: 53   Time left: 5.8
  Agent     Prior     Target     Score     SMILES
-30.01    -29.65     -5.84      0.29      c1(Oc2nc3c(nc(-c4cc(F)ccc4)c(=O)n3Cc3ccc(O)cc3)cn2)ccc(OC)cc1
-58.12    -59.78     11.64      0.87      O1OCC2(CCC(CNCc3c4c(ccc3OC)cccc4)O2)c2c3c(ccc21)C(CO)N(Cc1ccc(F)cc1)CC3
-31.33    -31.01    -23.07      0.10      O=C(c1cc(Oc2c(Br)cc(CC(=O)O)cc2Br)ccc1N)NC(CCC(=O)O)C(O)=O
-28.61    -28.22     -7.05      0.26      n1(C)c(C(NCCc2[nH]c3ccccc3n2)=O)c(C(=O)N2CCOCC2)cn1
-29.80    -29.65     25.90      0.68      c1cccc(Cl)c1-c1nc2c(c(C(=O)O)c1)cnn2Cc1c(F)c(F)cc(F)c1
-24.56    -25.18     25.07      0.61      C1CCCCC1=NNC(c1ccc(N)c(C(F)(F)F)c1)=O
-31.99    -31.64     13.32      0.55      c1(C2Oc3ccc(Oc4ncc(CCC(C)=O)s4)cc3C2)ccccc1
-25.85    -26.21     13.47      0.48      O=C1N(C)c2c(ccc(Br)c2)C(c2ccccc2)=NCC1C
-41.34    -41.66     32.40      0.90      c12c(cc(C(Nc3cc(C(=O)O)ccc3CNC(c3ncccc3)=O)=O)cc1)CCN(CCC)C2
-28.07    -27.76    -11.89      0.19      O=c1c2c([nH]c(C(NCCc3ccc(O)cc3)=O)n1)CC(C)(C)OC2
Human-Component   raw_Human-Component
0.29032257199287415   0.29032257199287415   
0.8709677457809448   0.8709677457809448   
0.09677419066429138   0.09677419066429138   
0.25806450843811035   0.25806450843811035   
0.6774193644523621   0.6774193644523621   
0.6129032373428345   0.6129032373428345   
0.5483871102333069   0.5483871102333069   
0.4838709533214569   0.4838709533214569   
0.9032257795333862   0.9032257795333862   
0.19354838132858276   0.19354838132858276   

14:39:40: local_reinforcement_logger.timestep_report +41: INFO     
 Step 46   Fraction valid SMILES: 100.0   Score: 0.5000   Time elapsed: 54   Time left: 4.6
  Agent     Prior     Target     Score     SMILES
-25.51    -26.22     34.61      0.74      c1(Cl)cccc(Cl)c1CCc1nc2c(C)nn(C)c2c(=O)[nH]1
-31.14    -32.51     38.91      0.87      C(CNc1cc2c(cc1)NC(=O)CC2)Oc1ccc(CCCCCC)cc1
-26.66    -26.07     18.90      0.55      c1(CN2CCN(C(C(=O)NC(Nc3ccccc3)=O)CCSC)CC2)ccccc1
-23.09    -23.00     -1.84      0.26      c1(O)c(C(=O)C=Cc2cc(Cl)c(Cl)cc2)ccc(OCc2ccccc2)c1
-20.72    -20.96     61.04      1.00      c1c(-c2ccc(C(=O)NCCCN3CCCCC3)cc2)cccc1
-29.85    -31.42     45.29      0.94      C1CCCCN1CCNC(=O)c1cc(Cl)c(NC2Cn3nc(C(F)(F)F)nc3CC2)cc1
-20.73    -20.53    -15.24      0.06      c1c(OCC(=O)NN)ccc(OC)c1
-21.28    -20.55     37.64      0.71      C(=Cc1ccc(OC)cc1)c1c(C=Cc2ccc(OC)cc2)cccc1
-17.05    -17.63      0.89      0.23      c1(Oc2ccc(F)cc2)ccc(-c2nc(-c3ccc(O)cc3)on2)cc1
-25.99    -28.66     50.70      0.97      c1c(C2N(CCCCCCCC)CCNC2)c(Cl)ccc1
Human-Component   raw_Human-Component
0.7419354915618896   0.7419354915618896   
0.8709677457809448   0.8709677457809448   
0.5483871102333069   0.5483871102333069   
0.25806450843811035   0.25806450843811035   
1.0   1.0   
0.9354838728904724   0.9354838728904724   
0.06451612710952759   0.06451612710952759   
0.7096773982048035   0.7096773982048035   
0.22580644488334656   0.22580644488334656   
0.9677419066429138   0.9677419066429138   

14:39:41: local_reinforcement_logger.timestep_report +41: INFO     
 Step 47   Fraction valid SMILES: 100.0   Score: 0.5000   Time elapsed: 55   Time left: 3.4
  Agent     Prior     Target     Score     SMILES
-21.71    -21.91    -16.62      0.06      COc1ccc(C(C)=NNC(C2COc3c(cccc3)O2)=O)cc1
-29.42    -29.40     -0.31      0.35      C(Oc1ccc(CSc2ccccc2C(NCC)=O)cc1)C
-23.38    -23.40     -2.24      0.26      C(NCCc1ccc(OC)cc1)(=O)c1c(=O)c2c(cccc2)[nH]c1O
-31.08    -32.63     38.79      0.87      c1cccc(CCN(CCCCCCN2C(=O)c3c(ccc([N+]([O-])=O)c3)C2=O)CCCN2CCCC2)c1
-27.14    -28.04     38.09      0.81      c1cccc(OCCCCCC(=O)N2CCN(Cc3ccc(OC)c(OC)c3OC)CC2)c1
-22.83    -22.65     30.25      0.65      [nH]1c2ccc(OCC)cc2c2c(c1=O)CCC=N2
-21.27    -21.54     18.14      0.48      C1N(C(CSc2nc(-c3ccc(F)cc3)[nH]n2)=O)CCCCC1
-28.19    -30.33     14.64      0.55      C1CC(N(CCCCNC2=Nc3ccccc3C(CC)(C)NC2=O)C)CC1
-22.95    -23.42      3.03      0.32      c1c(Br)cc(CC(NCC2(N3CCCCC3)CCCCC2)=O)c(OC)c1
-20.22    -19.90     27.72      0.58      c1(CC(NC(=O)C)C(=O)O)c2ccccc2[nH]c1
Human-Component   raw_Human-Component
0.06451612710952759   0.06451612710952759   
0.35483869910240173   0.35483869910240173   
0.25806450843811035   0.25806450843811035   
0.8709677457809448   0.8709677457809448   
0.8064516186714172   0.8064516186714172   
0.6451612710952759   0.6451612710952759   
0.4838709533214569   0.4838709533214569   
0.5483871102333069   0.5483871102333069   
0.32258063554763794   0.32258063554763794   
0.5806451439857483   0.5806451439857483   

14:39:42: local_reinforcement_logger.timestep_report +41: INFO     
 Step 48   Fraction valid SMILES: 100.0   Score: 0.4889   Time elapsed: 56   Time left: 2.3
  Agent     Prior     Target     Score     SMILES
-23.52    -24.42     54.93      0.97      c1cc(N2CCN(CCCCN3C(=O)C4C(N3)CCCC4)CC2)ccc1
-17.40    -18.15     50.63      0.84      Fc1ccc(C(NCCCn2ccnc2)=O)cc1
-20.41    -20.52     24.45      0.55      c1ccccc1C[n+]1ccc(-c2nnc3n2CCC3)cc1
-20.63    -21.36    -21.36      0.00      c1(O)cccc(CCNC(=O)CCCCCCCC=CCCCCCCCC)c1
-36.09    -36.98    -23.76      0.16      C(F)(c1cc(NC(=O)OCCC2CCC(CNC(CCc3ccccc3)=O)CC2)ccc1)(F)F
-35.19    -35.90     14.35      0.61      c1cc(C(O)c2ccc(Cl)cc2)cc2n3c(c(=N)[nH]c12)cc(-c1ccc(Cl)cc1)n3
-40.15    -39.71    -21.19      0.23      O1CCOC12C(OC(CC)=O)CC(C)C(C(OC(=O)C)CC(C)C)(C)C2
-34.04    -34.06      2.98      0.45      c1(=O)n(C)c2c(c(=O)[nH]c(=O)[nH]2)n1CCN(Cc1ccccc1)Cc1ccc(F)cc1
-23.16    -23.42     34.78      0.71      C1CN(c2ccccc2OCC)CCN1C(=O)c1n(-c2c(C)cccc2C)nnn1
-23.08    -23.91     50.16      0.90      C1N(Cc2cc3c(cc2)OCO3)CCC1Oc1ccc(C#N)cc1
Human-Component   raw_Human-Component
0.9677419066429138   0.9677419066429138   
0.8387096524238586   0.8387096524238586   
0.5483871102333069   0.5483871102333069   
0.35483869910240173   0.35483869910240173   
0.16129031777381897   0.16129031777381897   
0.6129032373428345   0.6129032373428345   
0.22580644488334656   0.22580644488334656   
0.4516128897666931   0.4516128897666931   
0.7096773982048035   0.7096773982048035   
0.9032257795333862   0.9032257795333862   

14:39:43: local_reinforcement_logger.timestep_report +41: INFO     
 Step 49   Fraction valid SMILES: 96.9   Score: 0.4573   Time elapsed: 57   Time left: 1.1
  Agent     Prior     Target     Score     SMILES
-27.28    -27.55     18.92      0.57      C1N(Cc2ccccc2)CCC2(OC(CCNCc3ccccc3)CCO2)C1
-33.80    -33.29     21.38      0.67      C(CCCN(C(C)Cc1ccc(Cl)cc1)C)OC(=S)Nc1ccccc1
-31.18    -30.93    -17.27      0.17      C(C(=O)NC1C(CNC(=N)N)OC(C)(C)S1)OC
-27.17    -27.35    -10.95      0.20      c1nncn1Cc1n(CC(c2ccccc2)=O)c2ccccc2n1
-25.05    -25.21      2.12      0.33      c1c2cc(CNC(CO)(C)CO)cnc2cc(Oc2ncc(C(F)(F)F)cc2)c1
-20.69    -21.45     49.62      0.87      C1CN(c2c(O)n(-c3cccc(C)c3)c(O)c2)CCC1C
-29.85    -29.69     -7.82      0.27      c1c(NC(C2C3C4(CC4)C(CC3)C2C(=O)N=CCN(C)C)=O)cc2c([nH]cn2)c1
-34.64    -33.65    -33.65      0.00      NCCCC(CC(=O)C(=O)O)C(=O)N=C(Cc1ccc(OCCC(C)C)cc1)C(O)=O
-36.05    -36.84    -25.91      0.13      c1(F)cc(CNC(c2n(Cc3cc(-c4ccc(Cl)s4)on3)c(O)c(O)c2C(=O)OCC)C)c(F)cc1
-20.25    -20.95      3.65      0.30      N(C1CC1)C(Cn1c(C)c([N+]([O-])=O)c(C)n1)=O
Human-Component   raw_Human-Component
0.5666666626930237   0.5666666626930237   
0.6666666865348816   0.6666666865348816   
0.1666666716337204   0.1666666716337204   
0.20000000298023224   0.20000000298023224   
0.3333333432674408   0.3333333432674408   
0.8666666746139526   0.8666666746139526   
0.2666666805744171   0.2666666805744171   
0.5   0.5   
0.13333334028720856   0.13333334028720856   
0.30000001192092896   0.30000001192092896   

