14:59:33: local_reinforcement_logger.log_message +32: INFO     starting an RL run
14:59:34: local_reinforcement_logger.timestep_report +41: INFO     
 Step 0   Fraction valid SMILES: 100.0   Score: 0.5000   Time elapsed: 0   Time left: 0.0
  Agent     Prior     Target     Score     SMILES
-33.79    -33.79    -20.37      0.42      c1ccc(C(=O)c2cc(Cl)ccc2N(C(CNc2ccc(C)cc2C)=O)CC(NC2CCCC2)=O)cc1
-22.05    -22.05    -14.83      0.23      n1o[nH]c(=N)c1C(Nc1ccccc1)=S
-17.03    -17.03      4.65      0.68      n1nc(=NC(=O)c2ccccc2)[nH][nH]1
-23.09    -23.09    -14.83      0.26      S=C1N=C(C)C(C(OCC)=O)C(CCc2ccccc2)=N1
-31.41    -31.41    -12.83      0.58      C1CC(Cn2ncc(C=O)c2)N(C(c2cnoc2C)=O)CC1
-25.89    -25.89    -10.41      0.48      c1cc(C(N(C)Cc2cc(F)c(F)cc2)=O)ccc1-c1cn[nH]c1
-23.49    -23.49      6.45      0.94      N(C(NCCCCC)=O)C1N=C(c2ccccc2)c2ccccc2N(C)C1=O
-25.46    -25.46     -7.91      0.55      N(c1ccc(C(=O)N2CCCC3CCCCC3C2)cc1)C(=O)N1Cc2ccccc2C1
-28.06    -28.06    -22.90      0.16      C(=O)(O)c1cc(CNC(=O)COCC)on1
-23.51    -23.51      1.26      0.77      O=c1n2nc(CCC)cc2[nH]c(-c2occc2)c1
Human-Component   raw_Human-Component
0.4193548262119293   0.4193548262119293   
0.22580644488334656   0.22580644488334656   
0.6774193644523621   0.6774193644523621   
0.25806450843811035   0.25806450843811035   
0.5806451439857483   0.5806451439857483   
0.4838709533214569   0.4838709533214569   
0.9354838728904724   0.9354838728904724   
0.5483871102333069   0.5483871102333069   
0.16129031777381897   0.16129031777381897   
0.774193525314331   0.774193525314331   

14:59:35: local_reinforcement_logger.timestep_report +41: INFO     
 Step 1   Fraction valid SMILES: 96.9   Score: 0.4844   Time elapsed: 1   Time left: 24.5
  Agent     Prior     Target     Score     SMILES
-27.82    -27.81     -5.41      0.70      c1(-c2oc3c(ccc4c3C(=O)c3c(cccc3O)C4=O)n2)ccc(O)cc1
-28.47    -28.46     -1.80      0.83      C1(=O)CCCCC1C[N+](C)(C)CCCCN(C)C
-36.64    -36.60     -5.67      0.97      N#Cc1cnc(CN2CC(Cc3n(-c4ccc(F)cc4)c(=O)c4c(cccc4)n3)CC2)cc1
-27.74    -27.78    -16.05      0.37      C1C(C(=O)NC2CCCC2)CCCN1C(=O)Nc1cc(C(F)(F)F)c(Cl)cc1
-32.88    -32.85     -4.05      0.90      C(CCC)CCC#Cc1c(C#CCCCCCCC)sc(N)c1C(=O)c1ccc(Cl)cc1
-30.28    -30.30    -28.17      0.07      c1(CN(C(C(C)C)=O)C)ccc(NC(NCc2cnccc2)=O)cc1
-35.00    -35.03    -29.70      0.17      c12[nH]c(C(NC(c3c4cc(CC)ccc4ncc3)=O)c3ccccc3)cc1cccc2
-22.24    -22.22     -1.96      0.63      c1(CC(C)(C(=O)O)C)ccc(C(F)(F)F)cc1
-24.44    -24.43      3.30      0.87      c1(-n2c3n(C)c(=O)[nH]c(=O)c3nn2)c(C)cccc1
-21.02    -21.00     -8.20      0.40      c1(CCN(CCc2ccccc2)C)ccc(OC)cc1
Human-Component   raw_Human-Component
0.699999988079071   0.699999988079071   
0.8333333134651184   0.8333333134651184   
0.9666666388511658   0.9666666388511658   
0.36666667461395264   0.36666667461395264   
0.8999999761581421   0.8999999761581421   
0.06666667014360428   0.06666667014360428   
0.1666666716337204   0.1666666716337204   
0.6333333253860474   0.6333333253860474   
0.8666666746139526   0.8666666746139526   
0.4000000059604645   0.4000000059604645   

14:59:35: local_reinforcement_logger.timestep_report +41: INFO     
 Step 2   Fraction valid SMILES: 100.0   Score: 0.5000   Time elapsed: 2   Time left: 32.0
  Agent     Prior     Target     Score     SMILES
-20.88    -20.96    -10.63      0.32      O(C(c1snnc1-c1ccc(F)cc1)=O)CC
-20.55    -20.58    -18.52      0.06      N#Cc1ccc(OC(=O)c2oc(Br)cc2)cc1
-29.60    -29.62     -2.78      0.84      C(=O)(OC1CCCN(C)C1)C(Cc1c[nH]c2c1cccc2)NC(c1ccccc1)=O
-23.01    -23.09     -0.38      0.71      c1c(Cl)cc(Cl)cc1NC(=O)c1[nH]c(=O)oc1
-24.64    -24.67      3.20      0.87      O=C1NC(=O)SC1=Cc1ccc(Sc2cccc(Cl)c2)cc1
-27.18    -27.18     -6.54      0.65      c1(OC)cc(NC(=O)NC2C(=O)N(c3ccccc3)c3c(cccc3)N(CCC(C)C)C2=O)c(OC)cc1
-33.81    -33.88     -1.88      1.00      C1CN(CCOc2c[nH]c3c2cc2c(c3)-c3ccccc3C2)CCN1C
-31.07    -31.23     -9.55      0.68      c1(C2CCN(C(c3cccc(Cl)c3)=O)CC2)c2scnc2[nH]n1
-21.60    -21.62     -6.14      0.48      c1ccc(Cc2cn(COCCO)c(=S)[nH]c2=O)cc1
-26.19    -26.14     -7.56      0.58      N(C(c1c(C(Nc2ccc(F)cc2)=O)cccc1)=O)=c1scc(C)[nH]1
Human-Component   raw_Human-Component
0.32258063554763794   0.32258063554763794   
0.06451612710952759   0.06451612710952759   
0.8387096524238586   0.8387096524238586   
0.7096773982048035   0.7096773982048035   
0.8709677457809448   0.8709677457809448   
0.6451612710952759   0.6451612710952759   
1.0   1.0   
0.6774193644523621   0.6774193644523621   
0.4838709533214569   0.4838709533214569   
0.5806451439857483   0.5806451439857483   

14:59:36: local_reinforcement_logger.timestep_report +41: INFO     
 Step 3   Fraction valid SMILES: 100.0   Score: 0.5000   Time elapsed: 2   Time left: 23.5
  Agent     Prior     Target     Score     SMILES
-19.11    -19.17    -15.04      0.13      N(c1ccc(S(c2ccccc2)(=O)=O)cc1)C(C)=O
-19.92    -20.01     -6.59      0.42      [nH]1c(=O)n(C2COC(CO)C2)ccc1=N
-22.41    -22.42    -22.42      0.00      N(C(=O)C)c1ccc(S(=O)(Nc2cc(C)ccc2OC)=O)cc1
-25.57    -25.58    -20.42      0.16      FC(F)(c1[nH]c(=NC(=O)CNc2c(OC)cccc2)sc1)F
-37.34    -37.13    -12.35      0.77      n1(N=Cc2ccc(-c3c(Cl)cc(Cl)cc3)o2)c(=O)c2c(C)c(-c3ccccc3)[nH]c2nc1SC
-24.47    -24.53     -9.04      0.48      C1(n2cnc3c2nc[nH]c3=N)OC(COCOC)C(O)C1O
-20.78    -20.63    -13.41      0.23      c1ccc(C)c(-c2nc(CNC3(C#C)CCCCC3)co2)c1
-17.58    -17.61      8.20      0.81      C1C2C(C)(CCC3C2CCc2cc(OC)ccc23)C(O)C1
-22.28    -22.32    -20.26      0.06      c1(-n2[nH]c(C(C)(C)C)cc2=NC(Nc2cccc(Oc3c4[nH]c(=O)[nH]c4ccc3)c2)=O)ccccc1
-26.40    -26.60      4.36      0.97      C1Cc2n[nH]c(CN(CCc3ccc(F)cc3)C)c2CN1
Human-Component   raw_Human-Component
0.12903225421905518   0.12903225421905518   
0.4193548262119293   0.4193548262119293   
0.0   0.0   
0.16129031777381897   0.16129031777381897   
0.774193525314331   0.774193525314331   
0.4838709533214569   0.4838709533214569   
0.22580644488334656   0.22580644488334656   
0.8064516186714172   0.8064516186714172   
0.06451612710952759   0.06451612710952759   
0.9677419066429138   0.9677419066429138   

14:59:37: local_reinforcement_logger.timestep_report +41: INFO     
 Step 4   Fraction valid SMILES: 100.0   Score: 0.5000   Time elapsed: 3   Time left: 27.6
  Agent     Prior     Target     Score     SMILES
-24.57    -24.53      3.34      0.87      O(C)c1ccc(C(=O)CN2CC(C(O)=O)CCC2)cc1
-24.84    -24.87    -19.71      0.16      C(C(=O)Nc1c(CC)cccc1)C1=C(C)C(=Cc2ccc([S+]([O-])C)cc2)c2c1cc(F)cc2
-25.25    -25.23      6.77      1.00      C(C(CCC)N1C(=O)CCN(Cc2ccccc2)CC1)N1CCN(c2ccccc2)CC1
-30.05    -30.18    -29.14      0.03      c1(OC)ccc(CCNC(=O)CCCCCOC(=O)COc2ccc(Br)cc2)cc1
-24.41    -24.38     -6.83      0.55      s1c(=Cc2ccc(O)c(OCC)c2)c(=O)n2c3c(nc12)CCCC3
-20.51    -20.67      3.07      0.74      c1cccc2c1NC(=O)CC(C)(C)N2C(=O)C
-28.04    -28.02    -12.54      0.48      c1(C)c(C(=O)Cn2c(=O)n(C3CCCC3)c(=O)cc2)c(C)[nH]c1C(=O)OCC
-32.99    -32.78    -29.68      0.10      c1(=S)sc(C2C(C(=O)Nc3ccccc3C)=C(C)N=C(C)C2C(Nc2ccc(OC)cc2)=O)c(C)n1C
-40.39    -40.20    -17.49      0.71      C(c1ccc(Cl)cc1)N(C)c1c(C)c(-c2nc3c(cc2)[nH]cc3)nc(=NCCCN(C)C)[nH]1
-36.71    -36.44    -21.99      0.45      C(CN(C1CCc2c(OC)c(N(S(=O)(c3ccccc3)=O)c3ccccc3)ccc21)C(=O)C)C
Human-Component   raw_Human-Component
0.8709677457809448   0.8709677457809448   
0.16129031777381897   0.16129031777381897   
1.0   1.0   
0.032258063554763794   0.032258063554763794   
0.5483871102333069   0.5483871102333069   
0.7419354915618896   0.7419354915618896   
0.4838709533214569   0.4838709533214569   
0.09677419066429138   0.09677419066429138   
0.7096773982048035   0.7096773982048035   
0.4516128897666931   0.4516128897666931   

14:59:37: local_reinforcement_logger.timestep_report +41: INFO     
 Step 5   Fraction valid SMILES: 96.9   Score: 0.4844   Time elapsed: 4   Time left: 30.0
  Agent     Prior     Target     Score     SMILES
-24.16    -24.23     -6.10      0.57      O(C(c1cc([N+]([O-])=O)ccc1)=O)c1cccc2c1C(=O)C(N1CC1)=C(N1CC1)C2=O
-32.54    -32.59    -11.26      0.67      O=C(N1CCC2(CCN(c3ccc(C#N)cc3)CC2)CC1)C1CN(C(C)(C)C)CC1c1ccc(F)c(F)c1
-37.57    -37.29    -29.83      0.23      c1cc(C(F)(F)F)cc(Oc2cc(C=NNC(=O)c3ccccc3OCC(=O)O)ccc2C#N)c1
-42.60    -42.48    -42.48      0.00      [nH]1cc2c(nc1=Nc1c(OC)cc(S(=O)(N)=O)cc1)cc(=O)n(-c1c(OC)cnc(OC)c1)c2
-24.59    -24.53    -18.13      0.20      O=S1(=O)CCC(N(Cc2occc2)C(Cn2nc(-c3cccs3)nn2)=O)C1
-37.38    -37.33     -9.59      0.87      c1c(N2C(=C)c3nc4c(ccc(Br)c4)n3C(c3ccc(Cl)cc3)=C2)ccc(C)c1
-29.16    -29.30    -28.23      0.03      c1(OCC)ccc(C(=O)OCC(=O)N2CCN(C(c3ccccc3)=O)CC2)cc1
-24.87    -24.90     -7.83      0.53      c1c(-c2nc3cc(C)ccn3c2Nc2ccccc2)ccc(O)c1OC
-24.50    -24.51    -19.17      0.17      N(C(N(CCC#N)Cc1ccccc1)=S)c1cc(Cl)c(Cl)cc1
-24.11    -24.19     -4.99      0.60      c1cc(-n2c(=O)c3c(nc2SCC(=O)NC2CC2)sc(C)c3C)cc(Cl)c1
Human-Component   raw_Human-Component
0.5666666626930237   0.5666666626930237   
0.6666666865348816   0.6666666865348816   
0.23333333432674408   0.23333333432674408   
0.0   0.0   
0.20000000298023224   0.20000000298023224   
0.8666666746139526   0.8666666746139526   
0.03333333507180214   0.03333333507180214   
0.5333333611488342   0.5333333611488342   
0.1666666716337204   0.1666666716337204   
0.6000000238418579   0.6000000238418579   

14:59:38: local_reinforcement_logger.timestep_report +41: INFO     
 Step 6   Fraction valid SMILES: 100.0   Score: 0.5000   Time elapsed: 5   Time left: 31.4
  Agent     Prior     Target     Score     SMILES
-21.65    -21.80      5.04      0.84      c1cc2nc(COc3ccc(-c4c(-c5ccc(F)cc5)nc(=N)[nH]c4)cc3)ccc2cc1
-33.20    -33.16    -33.16      0.00      c1ccccc1C(=O)C(c1scc(-c2cc(OC)ccc2)n1)NC(CCc1ccccc1)=O
-22.23    -22.29    -18.16      0.13      CN(C)CCn1c2c(c(SCC(=O)Nc3cccc(F)c3)nc1=O)CCCC2
-24.76    -24.88    -18.68      0.19      CCC1(C)C(=O)NC(=NC(c2ccc(C)cc2)C)O1
-23.73    -23.61     -9.15      0.45      c1cccc2nc(C(F)(F)F)c(N3CCC(C(=O)NCc4ccc(CC)cc4)CC3)nc12
-34.21    -34.34    -14.73      0.61      CN(c1nc2ccc(Cl)cn2c(=O)c1C=Nc1ccccc1CCO)CC
-36.68    -36.87    -33.77      0.10      c1cc(NC(=O)NCC(O)c2ccccc2)cc2c1C(=O)c1ccc(N=C(NC(C)C)N)cc1S2
-27.00    -27.29    -17.99      0.29      c1cc(CNC(C2CN(c3cccnn3)CC2)=O)oc1
-34.83    -34.72    -32.65      0.06      C1C(=O)C(C(=O)OCC)C2=C(C(=O)OC)CC3(SCCS3)C2(C)C1
-40.41    -40.51    -19.86      0.65      O1CCC2C=CC1(C1CC3CC1C=C3)C2NC
Human-Component   raw_Human-Component
0.8387096524238586   0.8387096524238586   
0.0   0.0   
0.12903225421905518   0.12903225421905518   
0.19354838132858276   0.19354838132858276   
0.4516128897666931   0.4516128897666931   
0.6129032373428345   0.6129032373428345   
0.09677419066429138   0.09677419066429138   
0.29032257199287415   0.29032257199287415   
0.06451612710952759   0.06451612710952759   
0.6451612710952759   0.6451612710952759   

14:59:39: local_reinforcement_logger.timestep_report +41: INFO     
 Step 7   Fraction valid SMILES: 93.8   Score: 0.4688   Time elapsed: 5   Time left: 26.9
  Agent     Prior     Target     Score     SMILES
-34.01    -34.06    -19.72      0.45      c1(C(O)=O)cnn(CCN(C)C)c1-c1cc(C)on1
-34.52    -34.54    -19.10      0.48      C(Cc1ccc(OC)c(OC)c1)(c1c2c(c(O)c(C)c1)C(C)(C)CCC2)=O
-39.74    -39.50    -19.63      0.62      c1cc(Cl)c([S+]([O-])C)cc1C(=O)NC(C1C(Br)(Cl)C1(C)C)=O
-30.36    -30.21     -3.73      0.83      c1(=O)c(O)c(Cc2c3ccccc3c(=O)n(C)n2)nc2ccccn12
-27.91    -27.84    -20.11      0.24      O=C(N1CCCC1)C(C)n1nc(CC(O)=O)c2ccccc2c1=O
-26.51    -26.51     -1.13      0.79      c1(Cl)cc(C(=O)NCc2nnnn2CC(C)C)cc(Cl)c1
-29.48    -29.44     -0.75      0.90      c1cc(C)nc(Oc2c(F)cccc2F)c1-c1noc(CC)n1
-21.13    -21.23     -7.99      0.41      O=C(OCc1ccccc1)CC(=O)CSCc1ccccc1
-31.39    -31.27     -1.48      0.93      c1c(NC(=O)C2(C)C3C(C)(CCC2)c2c(cc(C(C)C)c(O)c2)CC3)cc(C(=O)N)cc1
-47.08    -47.07    -41.55      0.17      S(=O)(=O)(C)NCCCCC(C(NC(C(=O)NCC)CCC(=O)NC(C(=O)O)C(C)C)=O)NC(=O)C(C)(C)C
Human-Component   raw_Human-Component
0.4482758641242981   0.4482758641242981   
0.48275861144065857   0.48275861144065857   
0.6206896305084229   0.6206896305084229   
0.8275862336158752   0.8275862336158752   
0.24137930572032928   0.24137930572032928   
0.7931034564971924   0.7931034564971924   
0.8965517282485962   0.8965517282485962   
0.4137931168079376   0.4137931168079376   
0.931034505367279   0.931034505367279   
0.17241379618644714   0.17241379618644714   

14:59:40: local_reinforcement_logger.timestep_report +41: INFO     
 Step 8   Fraction valid SMILES: 90.6   Score: 0.4531   Time elapsed: 6   Time left: 28.0
  Agent     Prior     Target     Score     SMILES
-29.54    -29.58    -18.15      0.36      C1C(Nc2cc([N+]([O-])=O)ccc2)C=CC(CO)C1
-24.14    -24.18    -21.89      0.07      n12c(C)c(CCC(Nc3cccc(F)c3)=O)c(C)nc1nc(CC)n2
-42.60    -42.79    -35.94      0.21      CC(OC(NCCc1ccc2c(c1)n(-c1cc(OCCN=[N+]=[N-])ncc1)cc2)=O)(C)C
-34.23    -34.24    -26.24      0.25      C(#N)c1ccc(CN(N)c2c3c(ccc2)ccc(OC)n3)cc1
-19.66    -19.84      4.16      0.75      c1(=O)c2c(cc3n1Cc1c-3nc3c(c1)ccc(O)c3)C(CC)(O)C(=O)OC2
-24.57    -24.41     -3.84      0.64      O(C)c1cc2c(cc1)n(C)c(C)c2-c1cc(OC)c(OC)c(OC)c1
-40.14    -40.11    -40.11      0.00      C(=O)(c1ccc(-c2ccc(C(C)C(=O)O)cc2)cc1F)N=c1c(Cl)c(Cl)ccc1Cl
-38.83    -38.50    -22.50      0.50      C(CN1C2CCC1C(C(=O)OC)=C(c1cc(C)ccc1OC)C2)SCC(=O)c1ccccc1
-23.02    -23.01      8.99      1.00      c1ccc(-c2cc(=O)n(CCCN3CCN(c4ccc(C)cc4)CC3)cc2)cc1
-24.88    -25.25    -14.96      0.32      FCCOc1c(C2CC2)cnc(C(=O)NC(c2nc(C)on2)(CC2CC2)C)c1
Human-Component   raw_Human-Component
0.3571428656578064   0.3571428656578064   
0.0714285746216774   0.0714285746216774   
0.2142857164144516   0.2142857164144516   
0.25   0.25   
0.75   0.75   
0.6428571343421936   0.6428571343421936   
0.0   0.0   
0.5   0.5   
1.0   1.0   
0.3214285671710968   0.3214285671710968   

14:59:41: local_reinforcement_logger.timestep_report +41: INFO     
 Step 9   Fraction valid SMILES: 96.9   Score: 0.4844   Time elapsed: 7   Time left: 28.7
  Agent     Prior     Target     Score     SMILES
-26.20    -26.44     -4.04      0.70      c1ccc(CCCN2C(=O)C(=O)N(CCc3c(C)cccc3)C2=O)cc1
-25.87    -25.87    -22.67      0.10      N1(C(C(O)=O)c2ccccc2)CCN(S(=O)(c2ccc(C(C)(C)C)cc2)=O)CC1
-27.25    -27.65    -27.65      0.00      c12c3c(C#N)c(=O)nc-3c3cccc(c(=O)n(-c4ccccc4)c13)cc2
-25.74    -25.76    -17.23      0.27      N1(S(=O)(=O)c2cc3c(cc2)NC(=O)C(C)C(=NNC(C)(C)C)C3)CCCCC1
-18.81    -18.86    -18.86      0.00      c1(-c2ccccc2)nn(-c2ccccc2)cc1C1NC(=S)N=C(C)C1C(OCC)=O
-42.64    -42.33    -16.73      0.80      c1c2c(CN(CC(=O)O)C)cccc2cc(-c2n(C)ncc2Cl)c1
-27.98    -28.12      1.75      0.93      C1CC(O)CCN1c1nc(C2CN(C3CCC3)C2)ccc1
-21.57    -21.34    -19.21      0.07      O=C(CSc1nnc(-c2ccco2)cc1)Nc1ccc(OC)c(OC)c1
-37.19    -37.49    -30.02      0.23      O=C(CCC1C(=O)OC(C2CCCC2)(CCC2CCCCC2)C1c1ccc(F)cc1)O
-28.10    -28.03     -8.83      0.60      O=S(c1cc(C(O)=O)ccc1)(=O)N1CCN(C(c2sc3c(c2)COc2c-3cccc2)=O)CC1
Human-Component   raw_Human-Component
0.699999988079071   0.699999988079071   
0.10000000149011612   0.10000000149011612   
0.0   0.0   
0.2666666805744171   0.2666666805744171   
0.0   0.0   
0.800000011920929   0.800000011920929   
0.9333333373069763   0.9333333373069763   
0.06666667014360428   0.06666667014360428   
0.23333333432674408   0.23333333432674408   
0.6000000238418579   0.6000000238418579   

14:59:41: local_reinforcement_logger.log_message +32: INFO     Resetting Agent
14:59:41: local_reinforcement_logger.log_message +32: INFO     Adjusting sigma to: 82
14:59:41: local_reinforcement_logger.timestep_report +41: INFO     
 Step 10   Fraction valid SMILES: 100.0   Score: 0.5000   Time elapsed: 8   Time left: 29.1
  Agent     Prior     Target     Score     SMILES
-19.29    -19.64     11.33      0.97      C1CN(C)CCN1c1ncnc2ccsc21
-26.95    -26.99    -21.83      0.16      n1c(C(=O)Nc2c(C)cccc2)c(=N)[nH]cc1-c1ccc(Cl)c(Cl)c1
-22.95    -23.13      5.77      0.90      c12c(n(CCCN=C=S)c3c1cccc3)cccc2
-20.84    -20.83     -0.19      0.65      c1c(N2C(=S)NC(C)(C)C=C2C)ccc(CC)c1
-31.01    -31.19    -18.80      0.39      C1N(C(C2CCN(c3nn4c(nc5ccccc5c4=O)n3Cc3ccc(F)cc3)CC2)=O)CCOC1
-25.52    -25.49    -21.36      0.13      c1cnc([N+]([O-])=O)c(OC2OC(CO)C(O)C2O)c1
-20.77    -20.88     -1.27      0.61      C1CCN(Cc2nc(Cc3ccc(OC)c(OC)c3)no2)CC1
-23.18    -23.40     -6.89      0.52      n1c(-c2ccncc2)c2c([nH]1)CCN(c1ccccc1)C2
-32.93    -32.80    -18.35      0.45      c1c2c(c3c([nH]2)CS(=O)(=O)c2cc(Cl)c(Cl)cc2-3)ncc1
-26.09    -25.88    -12.46      0.42      c1(OC)c(OC)cc(-c2nc(=NCc3nc(C)ccc3)cc[nH]2)cc1OC
Human-Component   raw_Human-Component
0.9677419066429138   0.9677419066429138   
0.16129031777381897   0.16129031777381897   
0.9032257795333862   0.9032257795333862   
0.6451612710952759   0.6451612710952759   
0.3870967626571655   0.3870967626571655   
0.12903225421905518   0.12903225421905518   
0.6129032373428345   0.6129032373428345   
0.5161290168762207   0.5161290168762207   
0.4516128897666931   0.4516128897666931   
0.4193548262119293   0.4193548262119293   

14:59:42: local_reinforcement_logger.timestep_report +41: INFO     
 Step 11   Fraction valid SMILES: 96.9   Score: 0.4844   Time elapsed: 8   Time left: 26.0
  Agent     Prior     Target     Score     SMILES
-33.53    -33.53     -0.73      0.40      C(NCCc1nc2cc3c(cc2nc1)OCO3)(=O)CNC(=O)c1ccc(C)cc1
-38.34    -38.34    -38.34      0.00      O=c1n(-c2cc(Cl)ccc2)c(=O)c(C=NN2C(=O)c3c(c(Cl)c(Cl)c(Cl)c3Cl)C2=O)cc1C(C)(C)C
-34.63    -34.63     11.84      0.57      c12ncc(C)cc1c(Oc1ccc(C)cc1)c(-c1ccccc1)c(N1CCOCC1)n2
-24.66    -24.66    -13.73      0.13      c1c(-c2oc(=O)c3c(ccc(O)c3)n2)cc(OC)c(OC)c1
-25.05    -25.05      5.02      0.37      CC(OCCCNC(c1onc(CSc2cc(C)cc(C)c2)c1C(O)=O)=O)C
-42.85    -42.85    -23.72      0.23      c1ccc2c(n(C(=O)C)c3c2c(Cl)c2c(n3)C(SCCC)=C(C(OC)=O)C2=O)c1
-27.36    -27.36    -21.90      0.07      c1cc([N+]([O-])=O)c(O)c(C(=O)Nc2ccc(S(N=c3[nH]c(OC)nc(OC)c3)(=O)=O)cc2)c1
-29.49    -29.49    -26.76      0.03      c1c(S(N(Cc2c(F)cccc2)CC(Nc2ccc(OC)cc2OC)=O)(=O)=O)ccc(F)c1
-32.06    -32.06     22.61      0.67      c1(N2CC(c3ncccc3C)CC2C)nccnc1OC
-23.54    -23.54      3.80      0.33      C12C(C)(COC(C)=O)CCCC1(C)c1cc(Br)c(C(C)C)cc1C(=O)C2
Human-Component   raw_Human-Component
0.4000000059604645   0.4000000059604645   
0.0   0.0   
0.5666666626930237   0.5666666626930237   
0.13333334028720856   0.13333334028720856   
0.36666667461395264   0.36666667461395264   
0.23333333432674408   0.23333333432674408   
0.06666667014360428   0.06666667014360428   
0.03333333507180214   0.03333333507180214   
0.6666666865348816   0.6666666865348816   
0.3333333432674408   0.3333333432674408   

14:59:43: local_reinforcement_logger.timestep_report +41: INFO     
 Step 12   Fraction valid SMILES: 100.0   Score: 0.5000   Time elapsed: 10   Time left: 29.2
  Agent     Prior     Target     Score     SMILES
-24.08    -24.13     47.29      0.87      C(NC1CCCC1)c1c[nH]c2c1cc(C)cc2
-27.49    -27.48     49.23      0.94      N(c1c2c(ccc1)c(=O)cc(-c1ccc(Cl)cc1Cl)o2)C1CCCCC1
-31.90    -31.86    -13.35      0.23      [nH]1c(=O)c2c(c(OCCCNC(NC#N)=Nc3ccc(OC)cc3)c1)cccc2
-26.71    -26.74     18.23      0.55      c1c2nc(C=Cc3ccccc3)c(-c3ccccc3)c(OCCN(C)C)c2ccc1
-26.45    -26.44    -13.21      0.16      c1nn(C)cc1-c1cc(C(=O)Nc2ccc(OC(Cl)(F)F)cc2)cnc1N(CC1CC1)CCOC
-22.80    -22.83     59.17      1.00      c1cccc2c(C3=CCN4CCC3CC4)c[nH]c12
-22.72    -22.72    -12.14      0.13      C(NC(=O)c1cc(-c2ccc(N=C(N)N)cc2)on1)Cc1ccccc1
-21.32    -21.32     42.16      0.77      N(=c1[nH]c2ccccc2[nH]1)N=Cc1c(C)cccc1
-20.83    -20.85     58.50      0.97      C(CN1CCOCC1)CSc1[nH]c2ccccc2c(=O)n1
-45.55    -45.47     23.31      0.84      Fc1c(O)c(F)cc(-c2ccc3[nH]c4c(c3c2)CCN2CCN(C(=O)C(C)(C)C)CCC24)c1F
Human-Component   raw_Human-Component
0.8709677457809448   0.8709677457809448   
0.9354838728904724   0.9354838728904724   
0.22580644488334656   0.22580644488334656   
0.5483871102333069   0.5483871102333069   
0.16129031777381897   0.16129031777381897   
1.0   1.0   
0.12903225421905518   0.12903225421905518   
0.774193525314331   0.774193525314331   
0.9677419066429138   0.9677419066429138   
0.8387096524238586   0.8387096524238586   

14:59:44: local_reinforcement_logger.timestep_report +41: INFO     
 Step 13   Fraction valid SMILES: 100.0   Score: 0.5000   Time elapsed: 10   Time left: 26.4
  Agent     Prior     Target     Score     SMILES
-37.09    -36.99    -21.12      0.19      c1(CCO)c(Cc2ccsc2)nc(SCC(=O)O)[nH]c1=O
-21.98    -22.00     15.03      0.45      c1ccc(NC(=O)C2CCN(C(Cc3ccccc3)=O)CC2)c(Cl)c1
-22.95    -22.84     32.71      0.68      c1(=NC(=O)C(CC)CC)sc(SCc2cccc(Cl)c2)n[nH]1
-18.42    -18.66     50.11      0.84      c1ccccc1-n1c(N)cc(=O)[nH]c1=S
-35.28    -35.34     30.79      0.81      COc1cc(CCN2C(=O)CC3(CCN(C(Nc4c(OC)cccc4)=O)CC3)C2c2ccccc2)ccc1
-25.29    -25.19     19.78      0.55      n1n(-c2cc(C)[nH]n2)c(C)c(C(C)=O)c1
-29.92    -29.98     -6.18      0.29      c1(N)cc(C)c(NC(=O)C)c(OC)c1C
-25.59    -25.52    -14.94      0.13      [nH]1cc(CCNC(COC(=O)c2cc(NC(C)=O)ccc2)=O)c2ccccc12
-25.41    -25.45      6.29      0.39      c1(-n2c(=NC(C(C)OCC3CC3)=O)cc(-c3ccccc3)[nH]2)ccccc1
-19.89    -19.88      1.29      0.26      O=C(CCc1c([N+]([O-])=O)cccc1)O
Human-Component   raw_Human-Component
0.19354838132858276   0.19354838132858276   
0.4516128897666931   0.4516128897666931   
0.6774193644523621   0.6774193644523621   
0.8387096524238586   0.8387096524238586   
0.8064516186714172   0.8064516186714172   
0.5483871102333069   0.5483871102333069   
0.29032257199287415   0.29032257199287415   
0.12903225421905518   0.12903225421905518   
0.3870967626571655   0.3870967626571655   
0.25806450843811035   0.25806450843811035   

14:59:45: local_reinforcement_logger.timestep_report +41: INFO     
 Step 14   Fraction valid SMILES: 100.0   Score: 0.5000   Time elapsed: 11   Time left: 26.4
  Agent     Prior     Target     Score     SMILES
-27.36    -27.60     35.89      0.77      c1cc2[nH]cc(CCC(=O)NCCCCCNC(Cc3ccccc3)=O)c2cc1
-29.99    -29.98      7.05      0.45      N(C(c1ccc(C(Nc2ccc(F)cc2)=O)cc1)=O)C(C(=O)N1CCCC1)c1ccccc1
-20.73    -20.92     45.21      0.81      C(c1c(-c2ccc(C)cc2)c2c(ccc(Cl)c2)[nH]c1=O)#N
-39.21    -39.11      3.21      0.52      c1(Cl)cc2c(n(CCOc3ccc(Cl)cc3)c(OCCCC(C(=O)OC)(C)C)n2)cc1Cl
-19.36    -19.52     54.55      0.90      c12nc(N3CCN(C)CC3)ncc1nc(-c1ccccc1)c(=O)n2CCC#N
-21.94    -21.99     54.72      0.94      FC(F)(C(O)(C(F)(F)F)c1ccc(NC2CCCCC2)cc1)F
-56.24    -56.15    -24.41      0.39      O=C(N1Cc2cc(C(=O)NCc3ccc(C)o3)ccc2C(C(NC(c2sccc2)=O)c2ccc(OCC(C)CCC)cc2)C1O)C
-24.56    -24.75     30.80      0.68      c12cc(C)ccc1nc(-c1ccccc1)nc2OC(C)C
-31.78    -31.81     47.54      0.97      c1c(CNC(CCN(CC)CC)=O)c2c(cc1)C(c1ccc(C(F)(F)F)cc1)CN(C)C2
-25.36    -25.38     -6.86      0.23      c1(C)ccc(CCNC(COC(=O)c2cc(O)c(O)cc2)=O)cc1
Human-Component   raw_Human-Component
0.774193525314331   0.774193525314331   
0.4516128897666931   0.4516128897666931   
0.8064516186714172   0.8064516186714172   
0.5161290168762207   0.5161290168762207   
0.9032257795333862   0.9032257795333862   
0.9354838728904724   0.9354838728904724   
0.3870967626571655   0.3870967626571655   
0.6774193644523621   0.6774193644523621   
0.9677419066429138   0.9677419066429138   
0.22580644488334656   0.22580644488334656   

14:59:46: local_reinforcement_logger.timestep_report +41: INFO     
 Step 15   Fraction valid SMILES: 100.0   Score: 0.5000   Time elapsed: 12   Time left: 26.2
  Agent     Prior     Target     Score     SMILES
-36.11    -36.00     43.36      0.97      C(C(CCCCn1nc2c3c(cccc31)CCC2)C(=O)O)C
-28.28    -28.45     45.62      0.90      Cc1ccccc1C(Nc1ccc2c(oc(=O)n2CCC)c1)=O
-46.29    -45.88    -35.30      0.13      N(c1ccc(OC)cc1)(C(=O)N=c1sc2c(ccc(OC)n2)[nH]1)C1CCC2(OC(C(N)=O)CO2)CC1
-23.42    -23.25    -15.32      0.10      c1(C(NC(=O)C2NCc3c(ccc(OC)c3)C2)C)ccccc1
-26.41    -26.57    -10.70      0.19      c1c2c(cc(Oc3ccccc3)c1)ccc(C(=O)NC(C(=O)O)C)c2
-18.64    -18.71     47.42      0.81      c1cc(Cl)ccc1OCC(CNC)O
-37.21    -37.00     45.00      1.00      C1(=O)N(Cc2nc(-c3cc(C(Nc4ccc5c(c4)CCN(C)C5)=O)ccc3)on2)CCCCC1
-24.83    -25.01      9.37      0.42      c1cccc(CNC(c2cc(S(=O)(NC3CC3)=O)ccc2Cl)=O)c1
-27.09    -27.26     15.06      0.52      C(C=Cc1cccc(F)c1)=NNC(O)c1cc(O)n(-c2ccccc2)c1
-20.94    -21.12     39.72      0.74      c1c[nH]c(=N)c2c(-c3ccc(CO)cc3)c[nH]c12
Human-Component   raw_Human-Component
0.9677419066429138   0.9677419066429138   
0.9032257795333862   0.9032257795333862   
0.12903225421905518   0.12903225421905518   
0.09677419066429138   0.09677419066429138   
0.19354838132858276   0.19354838132858276   
0.8064516186714172   0.8064516186714172   
1.0   1.0   
0.4193548262119293   0.4193548262119293   
0.5161290168762207   0.5161290168762207   
0.7419354915618896   0.7419354915618896   

14:59:47: local_reinforcement_logger.timestep_report +41: INFO     
 Step 16   Fraction valid SMILES: 96.9   Score: 0.4844   Time elapsed: 13   Time left: 26.0
  Agent     Prior     Target     Score     SMILES
-29.75    -29.76     49.51      0.97      C1(C)N(C(c2c(C)c3cccc(F)c3o2)=O)CCN(Cc2ccncc2)C1
-21.66    -21.91    -19.18      0.03      c1c(OC)ccc(NC(CN2CCN(c3nnc(Cc4ccccc4)c4ccccc43)CC2)=O)c1
-24.37    -24.49      2.85      0.33      c1(OC2CCN(C3CCN(C(NS(=O)(c4ccc(NC(=O)C)cc4)=O)=O)CC3)CC2)ccc(Cl)c(Cl)c1
-20.28    -20.25     45.35      0.80      c1cc(C(=O)NN=C2CCCCC2)c(O)cc1
-26.04    -25.99     15.01      0.50      O=S1(=O)c2c(c(C(NCC)=O)ccc2)N(Cc2ccccc2)C1=O
-20.75    -20.86     50.20      0.87      C1C(N2CCN(C(Nc3ccc(F)cc3)=O)CC2)CCCC1
-30.54    -30.62     -0.55      0.37      C(Cn1c2ccccc2c(=O)c2c1ccc(OC)c2)(=O)NN=Cc1occc1
-24.15    -24.23     19.50      0.53      o1c(C)ccc1C=C1C(=O)N(CC(CC)CC)C(=S)S1
-28.06    -28.04     34.83      0.77      C(C(C=C)(CCC=C(C)C)C)=CC(C)=CC
-37.64    -37.58    -37.58      0.00      c1nn2c(nc(NC(OC)=O)c2CC(=O)N(C)C)c1-c1cc(Cl)ccc1
Human-Component   raw_Human-Component
0.9666666388511658   0.9666666388511658   
0.03333333507180214   0.03333333507180214   
0.3333333432674408   0.3333333432674408   
0.800000011920929   0.800000011920929   
0.5   0.5   
0.8666666746139526   0.8666666746139526   
0.36666667461395264   0.36666667461395264   
0.5333333611488342   0.5333333611488342   
0.7666666507720947   0.7666666507720947   
0.0   0.0   

14:59:47: local_reinforcement_logger.timestep_report +41: INFO     
 Step 17   Fraction valid SMILES: 100.0   Score: 0.5000   Time elapsed: 14   Time left: 25.7
  Agent     Prior     Target     Score     SMILES
-19.11    -19.27      9.83      0.35      C(Nc1cc(C2(C)NC(=N)COC2)ccc1)(c1ncc(Cl)cc1)=O
-24.60    -24.45    -13.86      0.13      Brc1[nH]c(=N)[nH]c(=NCc2onc(C(C)C)c2)c1
-16.39    -16.70     57.36      0.90      c1cccc(C#Cc2ccccc2)c1
-24.65    -24.52     33.68      0.71      C1CN(c2c3cc(OC)c(OC)cc3ncn2)CC1CC
-29.37    -29.35     34.14      0.77      c1cc(-c2ccccn2)ccc1OCc1nnn(-c2c(Br)cccc2)c1
-26.18    -26.23      5.51      0.39      c1(OC)cc(O)c(CN=c2[nH]c3cc(OC)ccc3[nH]2)cc1
-27.67    -27.71    -11.84      0.19      FC(F)(F)C(C(=O)C(C)=NNc1ccc(C)cc1)(F)F
-26.89    -26.72     39.41      0.81      c12c(cc(C(O)=O)s1)CSC(c1ccc(O)cc1)S2
-36.25    -36.20     14.06      0.61      O=c1n(C2CCN(Cc3cc4cc(C)ccc4[nH]3)CC2)c2nc(-c3cn(C)nc3)cnc2[nH]c1=NCC
-21.98    -22.17    -16.88      0.06      c1cc(C#N)ccc1S(N1CCC(C(NC2CCCCCC2)=O)CC1)(=O)=O
Human-Component   raw_Human-Component
0.35483869910240173   0.35483869910240173   
0.12903225421905518   0.12903225421905518   
0.9032257795333862   0.9032257795333862   
0.7096773982048035   0.7096773982048035   
0.774193525314331   0.774193525314331   
0.3870967626571655   0.3870967626571655   
0.19354838132858276   0.19354838132858276   
0.8064516186714172   0.8064516186714172   
0.6129032373428345   0.6129032373428345   
0.06451612710952759   0.06451612710952759   

14:59:48: local_reinforcement_logger.timestep_report +41: INFO     
 Step 18   Fraction valid SMILES: 96.9   Score: 0.4844   Time elapsed: 14   Time left: 23.6
  Agent     Prior     Target     Score     SMILES
-23.54    -23.83      3.51      0.33      FC(F)(c1cccc(N=c2[nH]nc(-c3cnccc3)cc2)c1)F
-31.98    -31.72    -12.59      0.23      CC1CC23C(=C(C(OCC)=O)C(C(=O)OC)N=C2N(CCOC)C1=O)N(CC)C3=O
-23.03    -22.81     -9.14      0.17      O=C(OC)c1c(-c2ccc(Cl)cc2)nn(-c2ccccc2)c1C
-28.10    -28.32     48.22      0.93      C1COCCN1c1nc(CC)nc(-c2ccc(Cl)cc2Cl)c1C
-35.45    -35.41    -35.41      0.00      C1(N=c2nc(CCCCNC(NCCc3cc(F)ccc3)=S)[nH]n2)CCCCC1
-23.63    -23.52    -20.79      0.03      O=C(CN(C)C(=O)CCNC(=O)OCc1ccccc1)O
-35.97    -35.65    -11.05      0.30      C1C(CN(S(c2ccc(C(F)(F)F)cc2)(=O)=O)C(CO)CC(C)C)CCC(c2c3c(ncc2)cccc3)C1
-35.45    -35.35     -5.28      0.37      CC(CCC(C)C)=CCC(OC1C(C)C2C34C(O1)OC(C)(OO3)CCC4C(C)CC2)=O
-22.92    -23.16     26.04      0.60      c1cc(S(=O)(=O)N=c2cco[nH]2)cc2c1N(c1ccc(C(C)(C)C)cc1)CCO2
-38.03    -37.82      8.65      0.57      NC1=NC(C)(C)N(c2cccc(CCNC(CC=Cc3ccccc3)=O)c2)C(=O)N1C
Human-Component   raw_Human-Component
0.3333333432674408   0.3333333432674408   
0.23333333432674408   0.23333333432674408   
0.1666666716337204   0.1666666716337204   
0.9333333373069763   0.9333333373069763   
0.0   0.0   
0.03333333507180214   0.03333333507180214   
0.30000001192092896   0.30000001192092896   
0.36666667461395264   0.36666667461395264   
0.6000000238418579   0.6000000238418579   
0.5666666626930237   0.5666666626930237   

14:59:49: local_reinforcement_logger.timestep_report +41: INFO     
 Step 19   Fraction valid SMILES: 100.0   Score: 0.5000   Time elapsed: 15   Time left: 23.2
  Agent     Prior     Target     Score     SMILES
-16.32    -16.60     49.53      0.81      c1cccc(CN2S(=O)(=O)NCC2)c1
-25.26    -25.33      1.12      0.32      n1nc(CCC)n2c(Cc3cc4cccnc4cc3)cnc(C)c12
-31.52    -31.63     23.91      0.68      Oc1c(O)n(C2CC2)c(-c2cc(F)c(Cl)cc2)c1C(=O)c1cccnc1
-27.57    -27.44      9.59      0.45      c1(CONC(=O)c2oc3ccc(Cl)cc3c(=O)c2)ccccc1
-27.48    -27.25      1.85      0.35      C1(C(F)(F)F)(O)c2[nH]c3c(ccc(Oc4ccccc4)c3)c2C(=O)NC1
-25.53    -25.67     14.01      0.48      C1OCCN(CC2CCCCC2)C1CN=c1cccc[nH]1
-27.34    -27.86     51.49      0.97      C(C)(C)c1sc(SC)c(CN2CCN(C)CC2)c1
-45.08    -44.70    -36.76      0.10      n1(N=Cc2ccc(C(=O)C)s2)c2c(c3ccccc31)ccs2
-33.68    -33.58     27.26      0.74      c1c(C=C2CCCc3c2cc(C(NC(CO)CO)=O)cc3)ccc(-c2ccccc2)c1
-18.66    -18.78     55.29      0.90      C(CC)CCCCCCCCBr
Human-Component   raw_Human-Component
0.8064516186714172   0.8064516186714172   
0.32258063554763794   0.32258063554763794   
0.6774193644523621   0.6774193644523621   
0.4516128897666931   0.4516128897666931   
0.35483869910240173   0.35483869910240173   
0.4838709533214569   0.4838709533214569   
0.9677419066429138   0.9677419066429138   
0.09677419066429138   0.09677419066429138   
0.7419354915618896   0.7419354915618896   
0.9032257795333862   0.9032257795333862   

14:59:50: local_reinforcement_logger.timestep_report +41: INFO     
 Step 20   Fraction valid SMILES: 93.8   Score: 0.4688   Time elapsed: 16   Time left: 22.9
  Agent     Prior     Target     Score     SMILES
-36.26    -36.28    -16.48      0.24      c12ccccc1nc(C=C1c3nc4ccccc4c(=O)n3-c3c(cc(N4CCOCC4)cc3)C1)cc2
-33.34    -32.60    -32.60      0.00      FC(F)(F)c1cc(NC(c2c(O)n(-c3ccc(OCC(=O)OCC)cc3)c3ccccc23)=O)ccc1
-46.77    -46.91    -38.42      0.10      c1cc2c(CC(NC(=O)OC3C(C)(C)CN(C4CCCC4)C3)C(NC(CC(=O)O)C(=O)CCc3ccccc3)=O)cccc2cc1
-45.32    -44.92      0.33      0.55      C1COCCN1c1ccc(NC(C#N)(CCO)COc2ccc(-c3[nH]c4c(n(CCC)c(=O)n(C)c4=O)c3)cc2)cc1
-22.96    -23.22     16.36      0.48      c1cc(C(c2ccccc2)CNC(=O)Nc2cc(Cl)ccc2OC)ccc1
-15.59    -15.99     43.39      0.72      c1cc(C#N)ccc1N=NN(C)C
-17.00    -17.07     16.86      0.41      C[N+](CCOC(=O)C=C)(C)C
-36.27    -36.29     28.75      0.79      C(C(C(C(O)CO)O)O)CNc1c2c(c(O)c3c(O)ccc(O)c3c2O)ccc1
-65.54    -64.78    -64.78      0.00      C(C)(C1c2c3c(c(C(CC)CC)[nH]c3c3c(=O)[nH]c(=O)c2o3)C(O)(C)C1=O)CCC
-25.13    -25.56     30.99      0.69      C(NC1C2CCN(CC2)C1)(=O)c1cc2ccccc2n1CCCC
Human-Component   raw_Human-Component
0.24137930572032928   0.24137930572032928   
0.0   0.0   
0.1034482792019844   0.1034482792019844   
0.5517241358757019   0.5517241358757019   
0.48275861144065857   0.48275861144065857   
0.7241379022598267   0.7241379022598267   
0.4137931168079376   0.4137931168079376   
0.7931034564971924   0.7931034564971924   
0.0   0.0   
0.6896551847457886   0.6896551847457886   

14:59:51: local_reinforcement_logger.timestep_report +41: INFO     
 Step 21   Fraction valid SMILES: 96.9   Score: 0.4844   Time elapsed: 18   Time left: 23.7
  Agent     Prior     Target     Score     SMILES
-27.45    -27.94      2.13      0.37      c1c2c(=O)c(C)c(-c3ccc(N)cc3)[nH]c2cc(OCc2ccccc2)c1
-20.84    -21.49     35.91      0.70      C(CCCCCC)CCCCNC(CCl)=O
-16.44    -16.34     27.39      0.53      c1(C=[N+]([O-])C(C)(C)C)ccccc1
-29.56    -29.74    -27.00      0.03      N(OC)=Cc1cc([N+]([O-])=O)ccc1Oc1ccccc1C(=O)O
-24.31    -24.17    -24.17      0.00      c1(Oc2nc(=Nc3ccc(C#N)cc3)[nH]cc2)cc2sc(C(OCC)=O)c(C)c2cc1
-36.51    -36.39    -36.39      0.00      Oc1c(C=c2[nH]c3cccc(=C(O)O)c3c2=CCO)oc2cc(O)cc(O)c21
-27.22    -27.30     38.30      0.80      c1c(NCC(C)(C)C)cc(N2CCNCC2)c2nonc12
-22.45    -23.11     37.02      0.73      C1CCCN1c1c2c(C)c(C)oc2ncn1
-44.95    -44.07      7.86      0.63      c1(O)c(N2CC(C(N)=NO)(O)Cc3cccnc32)c(=O)c1=O
-49.84    -50.04     26.50      0.93      FC(F)(CCN1CC2(C#N)C(c3ccc(F)cc3)N(c3ccncc3)N=C2C(Cl)=C1)C
Human-Component   raw_Human-Component
0.36666667461395264   0.36666667461395264   
0.699999988079071   0.699999988079071   
0.5333333611488342   0.5333333611488342   
0.03333333507180214   0.03333333507180214   
0.0   0.0   
0.0   0.0   
0.800000011920929   0.800000011920929   
0.7333333492279053   0.7333333492279053   
0.6333333253860474   0.6333333253860474   
0.9333333373069763   0.9333333373069763   

14:59:53: local_reinforcement_logger.timestep_report +41: INFO     
 Step 22   Fraction valid SMILES: 100.0   Score: 0.5000   Time elapsed: 19   Time left: 23.1
  Agent     Prior     Target     Score     SMILES
-35.04    -34.51    -34.51      0.00      c1c(NC(=O)c2cc(=O)c3c(ccc(C)c3)o2)c(OC)ccc1S(=O)(Nc1cc(OC)ccc1OC)=O
-32.74    -33.40     32.72      0.81      c1ccc(NC2CCN(CCn3c(=O)ccc4ncc(Oc5c(C)cccc5F)cc43)CC2)cc1F
-28.33    -28.36     19.25      0.58      c1cc(C=Cc2nc(=O)c3cc(N)ccc3[nH]2)cc2c1OCO2
-21.88    -21.42      5.03      0.32      c1(NC(=O)CN2C(=O)C(=O)N(CC(C)C)C2=O)ccc(C(=O)OC)cc1
-21.00    -21.15    -15.86      0.06      c1c(NS(C)(=O)=O)cc(N=c2c3c([nH]c4ccccc42)cccc3)cc1
-25.64    -25.27     19.69      0.55      C1C2C(CN1C(=O)C1CC1)CN(Cc1ccc(C#N)cc1)C2=O
-53.51    -55.55    -34.38      0.26      c1c(N)cc(N)cc1NC(=O)CN1c2ccccc2C2(C1)C1CN(CC3CCCC3)CC(C)(C)C21
-18.28    -18.70      5.10      0.29      CC(NCC(COc1ccc(NC(=O)NCC)cc1)O)C
-20.67    -20.86     39.97      0.74      C1CCN(C(=O)c2cc3c(C)c(C)n(CC)c3cc2)C1
-30.46    -30.60     11.72      0.52      c1c2[nH]c3c(c(=Nc4ccc(NS(C)(=O)=O)cc4)c2cc(C)c1N1CCN(C)CC1)cccc3
Human-Component   raw_Human-Component
0.0   0.0   
0.8064516186714172   0.8064516186714172   
0.5806451439857483   0.5806451439857483   
0.32258063554763794   0.32258063554763794   
0.06451612710952759   0.06451612710952759   
0.5483871102333069   0.5483871102333069   
0.25806450843811035   0.25806450843811035   
0.29032257199287415   0.29032257199287415   
0.7419354915618896   0.7419354915618896   
0.5161290168762207   0.5161290168762207   

14:59:54: local_reinforcement_logger.timestep_report +41: INFO     
 Step 23   Fraction valid SMILES: 100.0   Score: 0.5000   Time elapsed: 20   Time left: 22.5
  Agent     Prior     Target     Score     SMILES
-23.33    -23.50     29.40      0.65      c1c(Br)cc2c(c1)C(=O)C(OC)CC2=O
-31.32    -30.68    -25.39      0.06      c1(NC(=O)OC(C(F)(F)F)C(F)(F)F)cc(-c2nc3cc(C)cc(C)c3o2)c(C)cc1
-25.50    -25.60     -4.44      0.26      c1(N(S(=O)(=O)C)C)ccc(NC(=O)Cc2cc(C)ccc2)cc1
-26.49    -26.59     -0.14      0.32      C(=O)(OCc1ccccc1)N(c1ccc(-c2ccccc2)cc1)CC(O)=O
-18.73    -19.18     62.82      1.00      c1c(F)ccc(C2(O)CCN(CCCC(c3ccccc3)(C#N)c3ccccc3)CC2)c1
-23.58    -23.44    -20.79      0.03      c1(=NC(=O)CSc2nnc(Cc3ccccc3)n2-c2ccccc2)sc(CC)n[nH]1
-32.73    -32.41      4.62      0.45      c12c(cccc1)c(CC(N1CCC(N(C)C)C1)=O)c(C(=O)OCC)[nH]2
-29.99    -30.01     41.41      0.87      c1c(=O)c2c(O)cc(OCCCCCCCCCCCCCC)cc2oc1-c1oc(C)cc1
-20.37    -20.66     58.69      0.97      C1N(c2ccc(N=c3c4ccccc4[nH]cc3)cc2)CCCC1
-29.18    -28.85     26.70      0.68      C(C=C1C2(C)CCC3C(CC(O)C4C3(C)CCC(=O)C4)C2CC1)(=O)O
Human-Component   raw_Human-Component
0.6451612710952759   0.6451612710952759   
0.06451612710952759   0.06451612710952759   
0.25806450843811035   0.25806450843811035   
0.32258063554763794   0.32258063554763794   
1.0   1.0   
0.032258063554763794   0.032258063554763794   
0.4516128897666931   0.4516128897666931   
0.8709677457809448   0.8709677457809448   
0.9677419066429138   0.9677419066429138   
0.6774193644523621   0.6774193644523621   

14:59:55: local_reinforcement_logger.timestep_report +41: INFO     
 Step 24   Fraction valid SMILES: 100.0   Score: 0.5000   Time elapsed: 21   Time left: 21.8
  Agent     Prior     Target     Score     SMILES
-20.47    -20.78      8.31      0.35      c1ccccc1CCC(O)C=CC1C(CC=CCCCC(=O)O)C2OC1CC2
-26.17    -26.23     -2.42      0.29      c1ccc2c(c1)c(=NC1CCOC1)[nH]c(=Nc1ccc(C#N)cc1)[nH]2
-31.27    -31.49     37.29      0.84      c1(CNC(N2C(NCC)Cc3ccccc3C2)=S)occc1
-35.28    -35.51     -9.06      0.32      c1c(CN)nc(N(c2c(C)ccc(COC)c2)C)cc1C(F)(F)F
-20.44    -20.96      0.20      0.26      C1S(=O)(=O)CC(N(Cc2ccccc2)C(c2cc(OC)ccc2)=O)C1
-32.86    -32.61    -29.97      0.03      C(C1CCOCC1)n1cc(-c2coc3c(C(=O)NCc4cccc(F)c4F)cccc23)cn1
-27.43    -28.32     48.39      0.94      C1(N)=NC2(C3(CCc4c(cccc4)CC3)Cc3ccc(OCCOC)cc32)CN1C
-32.35    -32.54     41.53      0.90      c1(C#CCCN2CCNCC2)ccc(-c2ccc(-c3ccccc3)cc2)[nH]1
-38.82    -39.04     42.96      1.00      n1c(F)cccc1N1CCC(c2c[n+]([O-])c3c(ccc(F)c3)c2)CC1
-25.57    -25.44     19.53      0.55      c1cccc2c(OC(=O)Nc3ccc(Cl)cc3)c(OC)c(OC)cc12
Human-Component   raw_Human-Component
0.35483869910240173   0.35483869910240173   
0.29032257199287415   0.29032257199287415   
0.8387096524238586   0.8387096524238586   
0.32258063554763794   0.32258063554763794   
0.25806450843811035   0.25806450843811035   
0.032258063554763794   0.032258063554763794   
0.9354838728904724   0.9354838728904724   
0.9032257795333862   0.9032257795333862   
1.0   1.0   
0.5483871102333069   0.5483871102333069   

14:59:56: local_reinforcement_logger.timestep_report +41: INFO     
 Step 25   Fraction valid SMILES: 100.0   Score: 0.5000   Time elapsed: 22   Time left: 21.2
  Agent     Prior     Target     Score     SMILES
-23.38    -22.91    -17.62      0.06      N(C(CSc1nnnn1-c1c(C)cc(C)cc1)=O)Cc1ccc(F)cc1
-23.95    -24.20    -16.26      0.10      [nH]1c2ccccc2cc1C(=O)CSc1nnc(-c2cccnc2)n1-c1ccccc1
-28.65    -28.65     45.41      0.90      c1(=Nc2ccc(Cl)cc2F)c2cc(OCCN(CC)CC)c(OCCOC)cc2[nH]cn1
-19.54    -19.55     30.71      0.61      c1cc(C(C)C(C(N2CC(F)CC2)=O)N)ccc1
-27.33    -27.31      7.07      0.42      [nH]1c2ccc(C#N)cc2c(-c2ccccc2)c1C(=O)Nc1c(C)n(C)n(-c2ccccc2)c1=O
-26.51    -27.22      4.53      0.39      c12ccc(NC(OC)=O)cc1NC(=O)C2=Cc1c[nH]cc1
-27.60    -27.93    -25.29      0.03      c1(C)c(NC(C)=O)cc(Nc2c(O)[nH]c(O)c2)cc1
-23.57    -24.16     39.32      0.77      CCN=c1cc[nH]c2cccc(C(F)(F)F)c21
-26.06    -27.00     52.36      0.97      N1C(=O)c2ccc(O)c(C3=CCN(C)CC3)c2CC1
-22.48    -22.61     19.72      0.52      C1CCCN(S(=O)(c2cn(C)c(C(=O)Nc3ccc(OC)c(Cl)c3)c2)=O)C1
Human-Component   raw_Human-Component
0.06451612710952759   0.06451612710952759   
0.09677419066429138   0.09677419066429138   
0.9032257795333862   0.9032257795333862   
0.6129032373428345   0.6129032373428345   
0.4193548262119293   0.4193548262119293   
0.3870967626571655   0.3870967626571655   
0.032258063554763794   0.032258063554763794   
0.774193525314331   0.774193525314331   
0.9677419066429138   0.9677419066429138   
0.5161290168762207   0.5161290168762207   

14:59:57: local_reinforcement_logger.timestep_report +41: INFO     
 Step 26   Fraction valid SMILES: 100.0   Score: 0.4798   Time elapsed: 23   Time left: 20.4
  Agent     Prior     Target     Score     SMILES
-23.06    -22.87     11.52      0.42      C1c2sc(C(N3CCOCC3)=O)cc2C(C)(C)O1
-22.17    -22.46     22.51      0.55      O=C(CCCN1C(=O)c2ccccc2C1=O)OCC(Nc1cc2c(cc1)OCO2)=O
-31.17    -31.74     37.03      0.84      N1=C2N(Cc3ccccc3)c3ccccc3C2(N2CCCC2)Oc2c(O)cccc21
-41.69    -41.57    -17.77      0.29      O(C(C)=O)CC1(O)C2C(C)(C3OC(=O)C(=C)C3CC1)C(OC(CCC)=O)CC2(C)C
-31.52    -31.41     45.30      0.94      N1(c2cccc(C(N(C)c3c(Cl)cnc(C#N)n3)=O)c2)CCCCC1
-27.67    -27.07     39.06      0.81      c1(C(=O)NCC(NC(=O)OC(C)(C)C)C(=O)O)c2ccccc2ccc1
-28.17    -28.89     26.66      0.68      c12c(C(OCC)=O)c(-c3ccccc3)c3cc(Cl)ccc3c1C(=O)OC2
-41.43    -41.62     -9.87      0.39      C(C=O)(C)CC(O)C1OC2C(C(C3(C)OC(C)(C)C(Br)CC3)CC2)CC1
-23.79    -23.66    -13.08      0.13      c1(-c2[nH]c3c(c2CCNC(=O)Cc2ccccc2)cccc3)ccccc1
-35.83    -35.20     44.16      0.97      C(=O)(C(C(=O)c1ccccc1C=Cc1ccccc1)C(c1ccccc1)=O)c1ccc(Cl)cc1
Human-Component   raw_Human-Component
0.4193548262119293   0.4193548262119293   
0.5483871102333069   0.5483871102333069   
0.8387096524238586   0.8387096524238586   
0.29032257199287415   0.29032257199287415   
0.9354838728904724   0.9354838728904724   
0.8064516186714172   0.8064516186714172   
0.6774193644523621   0.6774193644523621   
0.3870967626571655   0.3870967626571655   
0.12903225421905518   0.12903225421905518   
0.9677419066429138   0.9677419066429138   

14:59:59: local_reinforcement_logger.timestep_report +41: INFO     
 Step 27   Fraction valid SMILES: 96.9   Score: 0.4844   Time elapsed: 25   Time left: 20.5
  Agent     Prior     Target     Score     SMILES
-26.49    -26.34     14.66      0.50      [nH]1c2cc(-c3c(N)cccc3)oc2c(=O)c(C(O)=O)c1
-24.64    -25.01     35.12      0.73      S(=O)(N(C)C)(=O)c1cc(-c2nc(C)on2)ccc1
-21.46    -21.92     57.34      0.97      c1cc(CCN2CCC(c3c4ccccc4[nH]c3)CC2)ccc1-c1ccccc1
-39.02    -38.26    -35.53      0.03      c12scnc1cc(N1C(=O)C(=Cc3ccc(OCC(N=c4[nH]c(C)ccc4)=O)cc3)SC1=O)cc2
-30.60    -30.69    -14.29      0.20      C(=CC(NS(=O)(c1cc(Cl)c(N)c(Cl)c1)=O)=O)(c1cccc2ccccc12)C
-29.91    -29.92      0.15      0.37      C(CN=c1[nH]n2c(CCC(=O)N3c4c(cccc4)CC3)csc2n1)N(C)C
-23.23    -22.96      9.84      0.40      C(=CC(=O)N=c1[nH]c(-c2ccccc2)cs1)c1ccc(C(O)=O)cc1
-51.85    -51.54    -43.34      0.10      c1(O)c(N)cnc2c1[nH]c(-c1c(C)c(NC(=O)C(CCC(O)O)=O)ccc1)c2F
-22.29    -22.22    -16.75      0.07      S(CC(OCC)=O)c1n[nH]c(-c2ccc(OC)cc2)n1
-27.25    -26.83    -26.83      0.00      O=C(OCC)c1c(NC(=O)CSc2nc3c(nn2)c2ccccc2[nH]3)sc(C)c1
Human-Component   raw_Human-Component
0.5   0.5   
0.7333333492279053   0.7333333492279053   
0.9666666388511658   0.9666666388511658   
0.03333333507180214   0.03333333507180214   
0.20000000298023224   0.20000000298023224   
0.36666667461395264   0.36666667461395264   
0.4000000059604645   0.4000000059604645   
0.10000000149011612   0.10000000149011612   
0.06666667014360428   0.06666667014360428   
0.0   0.0   

15:00:00: local_reinforcement_logger.timestep_report +41: INFO     
 Step 28   Fraction valid SMILES: 96.9   Score: 0.4844   Time elapsed: 26   Time left: 19.7
  Agent     Prior     Target     Score     SMILES
-29.24    -29.25     44.55      0.90      c12c([nH]c(C)cc1=NCCC)nn(-c1ccc(F)cc1)c2
-36.00    -35.86     -8.52      0.33      n1c(-c2cc(C(NC(COC)c3ccccc3)=O)cc(-c3nnnn3C)c2)cc(C)o1
-20.93    -21.39     60.61      1.00      c12ccccc1n(C)c(=O)c1cc(C(=O)NCCCN3CCCCC3)sc21
-23.10    -23.80      9.00      0.40      N(C)(C)C(c1ccc(-c2cc[nH]c(=NC)n2)s1)=O
-24.69    -24.89     10.64      0.43      C(CNC(Cn1ncnc1)=O)c1ccccc1C
-22.74    -22.65     18.35      0.50      n1nn(C=CC(OCC)=O)cc1-c1ccc(C)cc1
-21.54    -21.56    -18.83      0.03      c1cccc(CCNC(C(=O)NCC2OCCN2S(c2ccc(Br)cc2)(=O)=O)=O)c1
-23.88    -23.28    -12.35      0.13      c1c(-c2sc(=NC(c3ccc([N+](=O)[O-])o3)=O)[nH]n2)ccc(C)c1
-26.83    -26.83     44.24      0.87      Cc1[nH]c(=O)c(N(C(C2CC2)=O)CC)c(O)c1
-41.99    -41.50    -33.30      0.10      C1CC(NCCCNC2=NCCCN2)CC(C(=O)O)N1S(c1ccc(NC(=O)Nc2ccccc2C)cc1)(=O)=O
Human-Component   raw_Human-Component
0.8999999761581421   0.8999999761581421   
0.3333333432674408   0.3333333432674408   
1.0   1.0   
0.4000000059604645   0.4000000059604645   
0.4333333373069763   0.4333333373069763   
0.5   0.5   
0.03333333507180214   0.03333333507180214   
0.13333334028720856   0.13333334028720856   
0.8666666746139526   0.8666666746139526   
0.10000000149011612   0.10000000149011612   

15:00:01: local_reinforcement_logger.timestep_report +41: INFO     
 Step 29   Fraction valid SMILES: 100.0   Score: 0.4587   Time elapsed: 28   Time left: 19.6
  Agent     Prior     Target     Score     SMILES
-30.66    -30.57      1.17      0.39      C1CCC2(CCN(CCOC)C2)CCN1C(CCc1sccn1)=O
-40.86    -42.11    -23.60      0.23      C1(NC2CCN(Cc3ccc(Br)cc3)C(=O)C(CCN)N2)(C)CCN(S(c2ccccc2C(F)(F)F)(=O)=O)CC1
-22.75    -23.73     55.63      0.97      O=C1N(C2CCN(CCCn3cnc(-c4ccccc4)c3-c3ccccc3)CC2)CCC1
-22.17    -22.37    -14.44      0.10      c1(OC)ccc(N=c2[nH]cc3c(n(C4CCCC4)c(C(N(C)C)=O)c3)n2)cc1
-32.91    -32.62      9.70      0.52      c1(-c2occc2)nn2c(n1)c1cnn(-c3ccc(F)cc3)c1nc2CSc1ccccc1
-30.58    -30.86    -17.63      0.16      c1c(S(=O)(Nc2ccc(-c3c(C)occ3)cc2)=O)ccc(N(C)C)c1
-17.56    -17.44    -17.44      0.00      c1(Cl)c(C)cc(OCC(=O)O)cc1C
-18.73    -18.93     52.49      0.87      c1(-c2nc3n(cc(Cl)cc3)c2NC2CCCCC2)ccc(C)cc1
-35.15    -34.66    -34.66      0.00      C(C(C(=O)OCC)CCCC)(NC(C(OC)=O)Cc1cccc(C)c1)=O
-22.09    -22.31     -6.44      0.19      c1nccc(CNC(=O)c2cccc(OCc3c(C)noc3C)c2)c1
Human-Component   raw_Human-Component
0.3870967626571655   0.3870967626571655   
0.22580644488334656   0.22580644488334656   
0.9677419066429138   0.9677419066429138   
0.09677419066429138   0.09677419066429138   
0.5161290168762207   0.5161290168762207   
0.16129031777381897   0.16129031777381897   
0.4193548262119293   0.4193548262119293   
0.8709677457809448   0.8709677457809448   
0.35483869910240173   0.35483869910240173   
0.19354838132858276   0.19354838132858276   

15:00:03: local_reinforcement_logger.timestep_report +41: INFO     
 Step 30   Fraction valid SMILES: 100.0   Score: 0.5000   Time elapsed: 29   Time left: 18.7
  Agent     Prior     Target     Score     SMILES
-25.23    -25.55     16.77      0.52      c1cc(-n2c(=O)[nH]c3c2[nH]c(=N)nc3-c2ccccc2)ccc1O
-27.34    -27.49      1.61      0.35      C(OC)(N1CCC(c2c(C)ncnc2C)CC1)=O
-24.72    -26.07     37.42      0.77      C1CN(C(=O)c2ccc(-c3cnccc3)cc2)CCN1C1CCC1
-24.54    -25.01     25.25      0.61      C1CCC(C)N(C2=NC(=O)C(Cc3occc3)=N2)C1
-28.31    -27.98     -9.47      0.23      O(C)c1c(C=O)c2sccc2c(Br)c1O
-30.84    -30.25      4.14      0.42      c1ccc(C(C(=O)N(C(C)C)C(C)C)CCN2C3CC(n4c5ccccc5nc4C)CC2CC3)cc1C
-44.74    -44.71      2.90      0.58      CC(O)C1C23C(C(O)(CO)C14C(O2)CC(C)(C=C)CC4)C(O)CC3
-25.12    -25.39     35.44      0.74      NCCNNC(=O)NC1CCCCC1
-27.56    -27.25     -3.44      0.29      C(N1CC(C(=O)NCCc2ncccc2)CCC1=O)c1scc(C)n1
-20.99    -21.02     34.52      0.68      c1c(Cl)c(Cn2cc(Cl)cc(C(=O)N)c2=N)ccc1
Human-Component   raw_Human-Component
0.5161290168762207   0.5161290168762207   
0.35483869910240173   0.35483869910240173   
0.774193525314331   0.774193525314331   
0.6129032373428345   0.6129032373428345   
0.22580644488334656   0.22580644488334656   
0.4193548262119293   0.4193548262119293   
0.5806451439857483   0.5806451439857483   
0.7419354915618896   0.7419354915618896   
0.29032257199287415   0.29032257199287415   
0.6774193644523621   0.6774193644523621   

15:00:05: local_reinforcement_logger.timestep_report +41: INFO     
 Step 31   Fraction valid SMILES: 96.9   Score: 0.4688   Time elapsed: 31   Time left: 18.4
  Agent     Prior     Target     Score     SMILES
-38.22    -38.58    -27.64      0.13      C(CC(O)=O)(C)NC(=O)C1C(=O)CCN1C(C(CN)N)=O
-27.02    -26.61    -23.88      0.03      C(C(O)=O)Oc1cc(C2=NN(C(C)=O)C(c3cccs3)C2)ccc1
-25.58    -26.09     17.64      0.53      CC12C3CCC4C5(CCC(O)C4(C)C)CC35CCC1(C)C(C(C)CCC(C(C)(O)C)O)CC2
-24.62    -25.03     32.37      0.70      c1c(CN2C3CCC2CC(NC(c2cc(C)cc(C)c2)=O)C3)ccc(C)c1
-29.98    -29.85     24.81      0.67      c1(C)ccc2c(n1)N(C)C(=O)c1cc(CNC(CCC)=O)ccc1O2
-30.06    -31.47    -12.33      0.23      Clc1ccc(OC)cc1-c1csc2c1c(N1CCN(c3ccccc3)CC1)nc(N1CCN(C)CC1)n2
-23.92    -24.61     49.19      0.90      O=c1oc(-c2ccccc2)cc(N2CCN(c3c(F)cccc3)CC2)c1
-28.89    -29.20      9.07      0.47      O=c1c2ccc(Cl)cc2n(-c2ccccc2)c(CN2CCSCC2)c1[N+](=O)[O-]
-48.28    -48.69    -48.69      0.00      Oc1cc(C=O)c2c(ccc3c(O)c4c5c(c(O)c4c(O)c23)C(CCO)C=CC5)c1O
-41.33    -40.95      8.25      0.60      c1(C)cc(CN2C(=O)C3C(C=CN2CC2CC2)COc2ccccc23)ccc1
Human-Component   raw_Human-Component
0.13333334028720856   0.13333334028720856   
0.03333333507180214   0.03333333507180214   
0.5333333611488342   0.5333333611488342   
0.699999988079071   0.699999988079071   
0.6666666865348816   0.6666666865348816   
0.23333333432674408   0.23333333432674408   
0.8999999761581421   0.8999999761581421   
0.46666666865348816   0.46666666865348816   
0.0   0.0   
0.6000000238418579   0.6000000238418579   

15:00:07: local_reinforcement_logger.timestep_report +41: INFO     
 Step 32   Fraction valid SMILES: 93.8   Score: 0.4687   Time elapsed: 33   Time left: 18.0
  Agent     Prior     Target     Score     SMILES
-25.47    -25.09     56.91      1.00      C(c1ccc(F)cc1)(C1CN(Cc2cc(OC(C)C)ccc2)CCC1)=O
-30.21    -31.39     -3.11      0.34      C1N(CC2CN(C(C3CCC(F)(F)CC3)=O)CCN2c2cccnc2)CCC1
-24.65    -25.75     30.80      0.69      c1cc(Cc2ccc(OC)cc2)cc2[nH]cc(CCNC)c12
-33.20    -33.54     -2.44      0.38      n1cccc(-n2c(=O)c3cccc(OC)c3c(-c3ccccc3)c2CN)c1
-23.21    -23.38     21.86      0.55      c1cc(CC=Cc2ccc(C3CNCCO3)cc2)ccc1
-18.98    -19.22     45.81      0.79      C1OCCN(c2cc(=O)c3c(c(CC)ccc3)o2)C1
-28.10    -27.78      6.16      0.41      c1c(-c2sc3c(c2)[nH]c(=NCC2CC2)nc3N2CCOCC2)cccc1OC
-23.06    -23.41    -12.10      0.14      c1(Cc2nc(N=Cc3cccs3)[nH]c2)ccccc1
-24.93    -24.53    -18.87      0.07      C(N1c2ccccc2OC(C)C1=O)C(=O)NCCc1cc(OCC)c(OCC)cc1
-30.75    -30.23     29.15      0.72      c1c2c(snn2)c(-c2ccc(Cl)cc2)nc1C(=O)N=c1[nH][nH]nn1
Human-Component   raw_Human-Component
1.0   1.0   
0.3448275923728943   0.3448275923728943   
0.6896551847457886   0.6896551847457886   
0.37931033968925476   0.37931033968925476   
0.5517241358757019   0.5517241358757019   
0.7931034564971924   0.7931034564971924   
0.4137931168079376   0.4137931168079376   
0.13793103396892548   0.13793103396892548   
0.06896551698446274   0.06896551698446274   
0.7241379022598267   0.7241379022598267   

15:00:09: local_reinforcement_logger.timestep_report +41: INFO     
 Step 33   Fraction valid SMILES: 96.9   Score: 0.4656   Time elapsed: 35   Time left: 17.5
  Agent     Prior     Target     Score     SMILES
-31.96    -31.82     47.45      0.97      c1c(C2CCN(CC3CC(=O)c4n(C)c5cc(F)ccc5c4C3)CC2)c2c(cccc2)[nH]1
-29.24    -29.04      6.49      0.43      C12(C)CCC(O)C(C(O)=O)(C)C1CCC13CC(CO)(CCC21)C(=C)C3
-38.71    -37.28    -20.88      0.20      c1(-n2nc(-c3ccccc3)n[n+]2Cc2c(S(=O)(=O)CC)scc2)ccccc1
-29.51    -29.90     24.76      0.67      FC1(F)C(c2ccncc2)=CC=C2C(C)(C1)CCC2
-27.36    -27.72     32.41      0.73      c1(-c2ccccc2)c2nc(C)c3c(n2nc1C)N(c1ccccc1C)CC3
-17.55    -17.25     34.69      0.63      c1(C)c(CC)nccn1
-24.39    -24.44    -18.97      0.07      c1c(OC)c(OC)cc2c1c(=Nc1nc(-c3ccccc3)cs1)[nH]cn2
-23.61    -24.47     49.33      0.90      C1N(c2c(C#N)cccc2)CCN(Cc2cc3c(non3)cc2)C1
-25.95    -26.76     49.77      0.93      c1cc(O)c([N+]([O-])=O)cc1CCN1CCN(c2cccc3c2OCCO3)CC1
-30.73    -29.85     27.55      0.70      c1c(CN2CCN(Cc3ccc(OCCC4CC4)cc3)CC2CCO)cccc1C(F)(F)F
Human-Component   raw_Human-Component
0.9666666388511658   0.9666666388511658   
0.4333333373069763   0.4333333373069763   
0.20000000298023224   0.20000000298023224   
0.6666666865348816   0.6666666865348816   
0.7333333492279053   0.7333333492279053   
0.6333333253860474   0.6333333253860474   
0.06666667014360428   0.06666667014360428   
0.8999999761581421   0.8999999761581421   
0.9333333373069763   0.9333333373069763   
0.699999988079071   0.699999988079071   

15:00:11: local_reinforcement_logger.timestep_report +41: INFO     
 Step 34   Fraction valid SMILES: 93.8   Score: 0.4688   Time elapsed: 37   Time left: 16.9
  Agent     Prior     Target     Score     SMILES
-25.23    -25.60    -11.46      0.17      c1ncccc1C(C)NC(=O)c1c2n(c(C(NC(C3CC3)C)=O)c1)CCOC2
-17.14    -18.12     29.95      0.59      [nH]1c2c(cccc2)[nH]c1=NN=Cc1ccccc1
-18.74    -18.92     37.64      0.69      O1C(CCN(C)C)COc2ccccc21
-32.80    -32.05     -6.60      0.31      C1(CS(Nc2c(C)cc(C)cc2C)(=O)=O)CC(CO)CC1
-29.34    -29.09    -29.09      0.00      O=C(Nc1cccc(C)c1)CSc1nnc(CC)n(N)c1=O
-39.99    -39.50    -39.50      0.00      c1cc2c(n(CCCC)nc2-c2cccc3c2OCO3)c2c(O)[nH]c(=O)c12
-30.74    -30.11     -7.49      0.28      C(CN1C(C(NCCOc2ccccc2OC)=O)CCC1)(=Cc1ccccc1)C
-29.64    -30.67     45.68      0.93      O=C1NCCN1CCCN1CCC(n2c3cccc(F)c3cc2)CC1
-21.55    -22.74     -2.95      0.24      C1CN(c2ncccn2)CCN1C(=O)C1CC2(CCNCC2)CN1
-22.15    -21.69     15.07      0.45      c1cc(-n2c(-c3cnccc3)n[nH]c2=S)c(C)cc1C
Human-Component   raw_Human-Component
0.17241379618644714   0.17241379618644714   
0.5862069129943848   0.5862069129943848   
0.6896551847457886   0.6896551847457886   
0.3103448152542114   0.3103448152542114   
0.0   0.0   
0.0   0.0   
0.27586206793785095   0.27586206793785095   
0.931034505367279   0.931034505367279   
0.24137930572032928   0.24137930572032928   
0.4482758641242981   0.4482758641242981   

15:00:13: local_reinforcement_logger.timestep_report +41: INFO     
 Step 35   Fraction valid SMILES: 100.0   Score: 0.4718   Time elapsed: 39   Time left: 16.2
  Agent     Prior     Target     Score     SMILES
-44.21    -44.21    -36.27      0.10      C(=O)(O)C(C)(C)Cc1n(CCc2ccccc2)c2ccc(OCc3nn4c(c(-c5ccccc5)nc4C)cc3)cc2n1
-21.99    -22.52      1.28      0.29      C1(C(NCc2ccccc2OC)=O)CCN(c2sc3nc(-c4ccc(F)cc4)cn3n2)CC1
-31.66    -32.88     35.89      0.84      C(Nc1ccc2c(c1)C1CC(CCO)CN(C)C1CC2)(CC)=O
-26.70    -26.57    -15.99      0.13      CCN(c1ncc2c(n1)n(C(C)C)c(=O)c(-c1ccc(OC)cc1)n2)CC
-23.13    -23.08     21.88      0.55      c1c(-c2c(F)cc(-c3ccccn3)cc2)c[nH]c(=N)c1
-28.57    -29.35     52.65      1.00      C1CC2=CC(=O)C=CC2(C)C2C1c1c(c(O)n(CCCCN3CCN(c4ccccc4)CC3)c1O)CC2
-32.26    -32.79      6.89      0.48      CC12CCC3(C)OC(C(O)(C)C)CC3C1CCC1C3CC(C)(C)CCC3(C(=O)O)CCC21C
-20.76    -20.74    -20.74      0.00      OC(=O)c1c(F)cc(F)cc1N
-23.15    -23.91     52.80      0.94      c1(O)cc2c(cc1)CC1N(C)CCC23CC(=O)C(=Cc2ccccc2)CC31
-26.69    -27.01     47.05      0.90      c12c(ccc(Cl)c1)sc1c2COc2c(Cl)cccc2C1
Human-Component   raw_Human-Component
0.09677419066429138   0.09677419066429138   
0.29032257199287415   0.29032257199287415   
0.8387096524238586   0.8387096524238586   
0.12903225421905518   0.12903225421905518   
0.5483871102333069   0.5483871102333069   
1.0   1.0   
0.4838709533214569   0.4838709533214569   
0.6774193644523621   0.6774193644523621   
0.9354838728904724   0.9354838728904724   
0.9032257795333862   0.9032257795333862   

15:00:14: local_reinforcement_logger.timestep_report +41: INFO     
 Step 36   Fraction valid SMILES: 96.9   Score: 0.4844   Time elapsed: 41   Time left: 15.5
  Agent     Prior     Target     Score     SMILES
-31.95    -31.47     -1.41      0.37      n1(C(n2c3cccc(C)c3cn2)=O)ncc(C)c1
-33.49    -34.26    -23.33      0.13      c1(C)ccc2c(c(=N)nc(CNc3cc(OCCN(C)C)ccc3)[nH]2)c1
-28.68    -28.04     32.10      0.73      O=C1C2(CCc3cc(C#CC4CC4)ccc32)N=C(N)N1CC(C)C
-25.54    -25.62    -22.89      0.03      c1(C)ccccc1CNC(=O)COC(=O)CCNS(=O)(c1ccc(C)cc1)=O
-24.05    -24.34     41.26      0.80      CN1CCC(CNS(=O)(c2cc(Cl)ccc2OC)=O)CC1
-23.82    -24.16     -5.03      0.23      C(NC(C1OC(n2ccc(=O)[nH]c2=O)C(O)C1O)=O)c1cccc(C)c1
-23.87    -24.42      2.91      0.33      N1=C(C)c2c(c(C)c(C)cc2)S(=O)(=O)NC1=N
-23.22    -23.23      9.57      0.40      C(OC)(c1ccccc1)C1=CC(=C(Br)Br)OC1=O
-27.14    -27.58     46.22      0.90      C1C(CO)(c2ccccc2)CCN(c2c(F)cccn2)C1
-23.94    -25.11     21.35      0.57      Oc1ccc2c(c1)CN(C(=O)C(c1ccccc1)c1ccccc1)CCN2C
Human-Component   raw_Human-Component
0.36666667461395264   0.36666667461395264   
0.13333334028720856   0.13333334028720856   
0.7333333492279053   0.7333333492279053   
0.03333333507180214   0.03333333507180214   
0.800000011920929   0.800000011920929   
0.23333333432674408   0.23333333432674408   
0.3333333432674408   0.3333333432674408   
0.4000000059604645   0.4000000059604645   
0.8999999761581421   0.8999999761581421   
0.5666666626930237   0.5666666626930237   

15:00:16: local_reinforcement_logger.timestep_report +41: INFO     
 Step 37   Fraction valid SMILES: 100.0   Score: 0.5000   Time elapsed: 42   Time left: 14.4
  Agent     Prior     Target     Score     SMILES
-26.45    -26.94     12.74      0.48      O=C1C(C)(C)C2C(C)(C3=CCC(C)(C=C)OC3CC2)C=C1
-22.91    -23.76     58.24      1.00      C(CN1CCN(c2ccccc2OC)CC1)CCNC(c1ccccc1Nc1ccc2c(C=Cc3ncccc3)[nH]nc2c1)=O
-43.22    -41.95    -18.15      0.29      C1(CC=CCCC(OC)=O)C(c2ccc(O)cc2)OC(c2ccc(O)cc2)C(c2ccc(O)c(Cc3cc(O)ccc3)c2)O1
-31.15    -30.52     17.10      0.58      n1c(-c2ccc(Cl)c3c2nc(N2CCC(N4CCCCC4)CC2)o3)cc[nH]c1=N
-41.08    -40.02    -37.37      0.03      c1cc(COC2CC3C(C2C(Nc2ccc(OC)cc2)=O)C(=O)N(CC(O)=O)C(=O)N3)ccc1-c1ccccc1
-27.68    -28.80     50.55      0.97      c1c(N=c2[nH]nc(N3CCN(CC)CC3)c3cc(Cl)ccc23)cccc1Cl
-20.70    -21.09     23.87      0.55      O=C(Cc1ccccc1)C12CC3CC(C1)CC(C3)C2
-24.26    -25.95     50.76      0.94      c1cc(O)c(O)cc1C=NNC(=O)c1ccc(CN2CCc3ccccc3C2)cc1
-37.96    -40.06    -40.06      0.00      c1ccc(CN(CCCC)c2cc(C)c(NN=Cc3ccc(OC)cc3)cc2[N+](=O)[O-])cc1
-29.66    -29.88     25.67      0.68      N1(c2ccc(F)cc2)CCN(C(=O)C2C(c3ccc(F)cc3)CN(C(C)(C)C#N)C2)CC1
Human-Component   raw_Human-Component
0.4838709533214569   0.4838709533214569   
1.0   1.0   
0.29032257199287415   0.29032257199287415   
0.5806451439857483   0.5806451439857483   
0.032258063554763794   0.032258063554763794   
0.9677419066429138   0.9677419066429138   
0.5483871102333069   0.5483871102333069   
0.9354838728904724   0.9354838728904724   
0.0   0.0   
0.6774193644523621   0.6774193644523621   

15:00:17: local_reinforcement_logger.timestep_report +41: INFO     
 Step 38   Fraction valid SMILES: 100.0   Score: 0.5000   Time elapsed: 43   Time left: 13.2
  Agent     Prior     Target     Score     SMILES
-22.38    -23.97    -10.75      0.16      C1COCCN1C(c1ccc(N=c2[nH]cc(Cl)c(=NC)[nH]2)cc1OC)=O
-23.45    -23.76     55.60      0.97      c12c(c(C(CN3CCN(c4c(F)cccc4)CC3)=O)cn1C)cccc2
-38.57    -38.07    -38.07      0.00      c1cc(N(S(=O)(c2ccccc2)=O)CC(Cn2cc([N+]([O-])=O)ccc2=O)O)c(OC)nc1
-22.78    -23.20    -12.62      0.13      c1c2c(ccc1)ncc(N=c1scc(O)[nH]1)n2
-25.48    -25.78     35.05      0.74      c1(CC)n2c(nc(C(C)(C)C)c2)ccc1
-26.86    -27.46     -6.30      0.26      C1(c2ccc(O)cc2)=NN(C(Nc2ccc(OC)cc2)=O)C(CCCC)=NC1c1ccccc1
-25.16    -26.55     55.45      1.00      C1CCc2c(cccc2)N1CC(=O)NNC(c1cccc(F)c1)=O
-28.86    -29.23     -5.42      0.29      C1CCN(c2ccc(OC)cc2)CCN1C(=O)c1oc(CS(c2c(OC)cccc2)(=O)=O)cc1
-28.06    -28.05      1.05      0.35      c12ccccc1ccc([S+](c1c(Cl)ccc([N+]([O-])=O)c1)[O-])n2
-34.97    -34.47     21.08      0.68      C1c2cc(CC(C(=O)O)N)ccc2CCC1NC(c1ccc(OC2CCCC2)cc1)=O
Human-Component   raw_Human-Component
0.16129031777381897   0.16129031777381897   
0.9677419066429138   0.9677419066429138   
0.0   0.0   
0.12903225421905518   0.12903225421905518   
0.7419354915618896   0.7419354915618896   
0.25806450843811035   0.25806450843811035   
1.0   1.0   
0.29032257199287415   0.29032257199287415   
0.35483869910240173   0.35483869910240173   
0.6774193644523621   0.6774193644523621   

15:00:18: local_reinforcement_logger.timestep_report +41: INFO     
 Step 39   Fraction valid SMILES: 100.0   Score: 0.5000   Time elapsed: 44   Time left: 12.1
  Agent     Prior     Target     Score     SMILES
-25.30    -26.38     15.94      0.52      N(C(=O)c1ccc(-c2cc(C(F)(F)F)ccc2)cc1)c1ccc(Cl)cc1C(=O)N=c1ccc(Cl)c[nH]1
-20.34    -20.94    -10.36      0.13      N(Cc1ccccc1)C(C1CCN(S(=O)(c2cccc3nonc32)=O)CC1)=O
-44.47    -44.97    -39.68      0.06      C1C(CNC(CC2OC(CN(CC=CCN)C)C3Oc4nc(=N)ccn4C23)=O)C1
-20.16    -20.48     45.65      0.81      C1CC(O)CC2CCC3C(CCC4(C)C(n5ccnc5)=CCC34)C12C
-38.51    -39.20     37.51      0.94      O(C)c1cc(-c2ccc3c(c2OC)C(=O)N(C)C2CCC(CCCC)N2C3=O)ccc1O
-29.30    -29.78      7.25      0.45      C12OC(CC1)C(NC(Nc1ccc(F)cc1)=O)CCC2
-37.70    -37.38      2.30      0.48      c1(OC)cc(Cn2c3c(cc(C4CCCCO4)c(=O)[nH]3)ccc2=O)cc(OC)c1
-22.93    -22.76      6.34      0.35      O=C(N1CCC2(N(CCC(C)C)C(=O)N(CC)C2=O)CC1)CC
-21.46    -20.70    -20.70      0.00      c1(OC)ccc(OCC(=O)NN=C2CC(C)(C)CC(=O)C2)cc1
-25.33    -26.09     45.33      0.87      FC(F)(F)c1cc(COC2c3ccccc3Oc3ccccc32)cc(C(F)(F)F)c1
Human-Component   raw_Human-Component
0.5161290168762207   0.5161290168762207   
0.12903225421905518   0.12903225421905518   
0.06451612710952759   0.06451612710952759   
0.8064516186714172   0.8064516186714172   
0.9354838728904724   0.9354838728904724   
0.4516128897666931   0.4516128897666931   
0.4838709533214569   0.4838709533214569   
0.35483869910240173   0.35483869910240173   
0.0   0.0   
0.8709677457809448   0.8709677457809448   

15:00:19: local_reinforcement_logger.timestep_report +41: INFO     
 Step 40   Fraction valid SMILES: 96.9   Score: 0.4760   Time elapsed: 45   Time left: 11.0
  Agent     Prior     Target     Score     SMILES
-24.54    -25.21     34.92      0.73      c1(OC)cccc(C2N(CC3CC3)C(=O)CN(C3CCCCC3)C2=O)c1
-26.89    -26.51    -10.11      0.20      c1c(NC(=O)c2ccc(OC)cc2)cc2c(n(CCC)c(SCc3c(F)cccc3)n2)c1
-22.45    -22.70     21.04      0.53      C1N(c2cc(OC)ccc2)CCN(S(c2cc(-c3noc(C)n3)ccc2C)(=O)=O)C1
-24.73    -24.44    -10.77      0.17      C(C)C1(CC)CC(NC(Nc2cc3c(cc2)OCC(=O)N3)=O)CCO1
-24.98    -25.92      6.88      0.40      OC1C2CCC3C4C(C)(C(C(CCCC(C)C)C)CC4)CCC3C2(C)CCC1OC(C)=O
-23.68    -24.63     38.23      0.77      n12c(-c3cc(Cl)ccc3)cccc1nc(C(O)=O)c2
-31.36    -31.24    -20.31      0.13      c1c[nH]c(=NC(=O)C)cc1-c1n(-c2ccc3c(scc3)c2)c(=O)[nH]n1
-31.01    -30.57     -5.97      0.30      C1(c2c(Cl)cccc2Cl)N(c2ccc(C(=O)O)cc2)N=C(c2cc(OC)c(OCc3ccccc3)cc2)C1
-23.22    -23.69     25.51      0.60      n1n(Cc2cc(C)ccc2)ccc1OC
-31.71    -32.10     25.30      0.70      c1(N2C=CN(Cc3ccccc3)C=C2C(N(C)C)=O)cc(Cl)c(C)cc1
Human-Component   raw_Human-Component
0.7333333492279053   0.7333333492279053   
0.20000000298023224   0.20000000298023224   
0.5333333611488342   0.5333333611488342   
0.1666666716337204   0.1666666716337204   
0.4000000059604645   0.4000000059604645   
0.7666666507720947   0.7666666507720947   
0.13333334028720856   0.13333334028720856   
0.30000001192092896   0.30000001192092896   
0.6000000238418579   0.6000000238418579   
0.699999988079071   0.699999988079071   

15:00:21: local_reinforcement_logger.timestep_report +41: INFO     
 Step 41   Fraction valid SMILES: 100.0   Score: 0.5000   Time elapsed: 47   Time left: 10.1
  Agent     Prior     Target     Score     SMILES
-24.64    -25.69     51.02      0.94      Clc1cccc(-c2ccc(C=CCN(C)Cc3cccc4c3cccc4)cc2)c1
-20.44    -21.36     18.31      0.48      c12c(c(Cc3cc(N)ccc3)cn1C)cccc2
-24.29    -24.32     23.29      0.58      c1cc(C(C)=NN=c2n(Cc3ccccc3)c(-c3ccc(Cl)cc3)cs2)ccc1
-22.03    -22.28    -22.28      0.00      C(n1c(SCC(=O)N2CCN(c3ccccc3)CC2)nc2ccsc2c1=O)c1ccco1
-36.26    -35.44    -24.86      0.13      c12c3c(cccc3)nc[n+]1c([O-])c(C#N)[n+]([O-])c2-c1cc(OC)c(OC)c(OC)c1
-36.92    -35.80      9.17      0.55      c1(C)ccc(O)c(C(=NNc2cc(C(O)=O)c(Br)cc2)CCC)c1
-28.10    -29.18    -13.31      0.19      c1c2ccccc2c(Cn2c(=O)c3c(cc(OC)c(OC)c3)c3c2-c2cnccc2C3=O)cc1
-28.07    -29.22     34.26      0.77      c1c(C2CCCCC2)ccc(CN(C)CC2CN(C)CCO2)c1F
-17.22    -18.24     53.18      0.87      C1CCc2[n+]([O-])c(C)c(-c3ccccc3)[n+]([O-])c2C1
-24.24    -23.88    -10.65      0.16      c1(CON=C(C)c2scnc2C)ccccc1
Human-Component   raw_Human-Component
0.9354838728904724   0.9354838728904724   
0.4838709533214569   0.4838709533214569   
0.5806451439857483   0.5806451439857483   
0.0   0.0   
0.12903225421905518   0.12903225421905518   
0.5483871102333069   0.5483871102333069   
0.19354838132858276   0.19354838132858276   
0.774193525314331   0.774193525314331   
0.8709677457809448   0.8709677457809448   
0.16129031777381897   0.16129031777381897   

15:00:22: local_reinforcement_logger.timestep_report +41: INFO     
 Step 42   Fraction valid SMILES: 96.9   Score: 0.4573   Time elapsed: 49   Time left: 9.1
  Agent     Prior     Target     Score     SMILES
-25.17    -26.55     44.52      0.87      c1oc2cc3c(CN4CCN(c5ccccc5)CC4)cc(=O)oc3cc2c1
-20.44    -19.55     29.65      0.60      c1c(-c2nn(C(C)C)c(C3C4CN(C5COC5)CC43)c2)cc(C(F)(F)F)c(=N)[nH]1
-22.39    -22.67     56.60      0.97      C(CNC(=O)C)CN1CCC(c2cccc[n+]2[O-])CC1
-16.96    -17.41     39.99      0.70      CC1(C)CC(=O)C(=NNc2ccc(Cl)cc2)C(=O)C1
-21.61    -21.27     25.19      0.57      C(c1ccc(C2C(CC=CCCCC(=O)O)C(=O)CC2)cc1)CC
-29.83    -29.57     -2.24      0.33      N(CCNCc1cccc(N2CCOCC2)n1)C(=O)OC(C)(C)C
-32.15    -30.98    -22.78      0.10      O=C(O)CCc1cc(CN(C(=O)C2CC2c2ccccc2)CC(C)C)cc(C(NC(C)c2ccccc2)=O)c1
-27.02    -28.21    -17.28      0.13      c1ccccc1-c1onc(-c2ccccc2F)c1NC(=O)CCl
-28.13    -29.19     47.34      0.93      O1COc2c1cc1c(c2)Cn2c([n+](-c3ccccc3)cn2)N1
-26.54    -26.86    -21.39      0.07      N(CCCNCc1ccc(OC)c2c1cccc2)c1cccc2c1cccn2
Human-Component   raw_Human-Component
0.8666666746139526   0.8666666746139526   
0.6000000238418579   0.6000000238418579   
0.9666666388511658   0.9666666388511658   
0.699999988079071   0.699999988079071   
0.5666666626930237   0.5666666626930237   
0.3333333432674408   0.3333333432674408   
0.10000000149011612   0.10000000149011612   
0.13333334028720856   0.13333334028720856   
0.9333333373069763   0.9333333373069763   
0.06666667014360428   0.06666667014360428   

15:00:24: local_reinforcement_logger.timestep_report +41: INFO     
 Step 43   Fraction valid SMILES: 100.0   Score: 0.4657   Time elapsed: 50   Time left: 8.0
  Agent     Prior     Target     Score     SMILES
-25.20    -25.57     51.14      0.94      c1ccc2c(c1)CC(C(Nc1cccc(Nc3cc4c(cc3)C(=O)CCCC4)c1)=O)O2
-24.99    -25.26    -12.03      0.16      c1c(C)c(-n2cc(O)c(C(NCCc3ccccc3)=O)n2)c(C)cc1
-25.73    -26.34     13.34      0.48      C1=C(c2cccnc2)C2(C)C(C3CCc4cc(OS(=O)(N)=O)c(O)cc4C3CC2)C1
-32.00    -33.12     27.72      0.74      C1CCc2cc(Cc3ccc(-n4ccnc4C)cc3)c(CC)cc21
-34.34    -33.71    -33.71      0.00      O(c1cc(CCCCC)oc(=O)c1C(=Cc1ccccc1)c1ccccc1)C
-23.36    -22.64    -20.00      0.03      c1c2c(cc(NS(=O)(=O)c3ccc(C)cc3)c1C(=O)O)OCCCO2
-25.89    -27.30     20.31      0.58      c1ccc2c(cccc2)c1NCc1oc2c(OC)cccc2c1
-21.64    -22.57      9.17      0.39      c1c(-c2cc(C(N(C)C)=O)ccc2)cc2c(C)[nH]nc2c1
-19.61    -20.10     35.44      0.68      c1cc[nH]c(=NC(N2CCN(c3ccc(Cl)c(Cl)c3)CC2)=S)c1
-23.80    -23.95     47.47      0.87      c1c(OC)c(O)cc2c1CCN(Cc1c(OC)ccc(OC)c1)C2
Human-Component   raw_Human-Component
0.9354838728904724   0.9354838728904724   
0.16129031777381897   0.16129031777381897   
0.4838709533214569   0.4838709533214569   
0.7419354915618896   0.7419354915618896   
0.0   0.0   
0.032258063554763794   0.032258063554763794   
0.5806451439857483   0.5806451439857483   
0.3870967626571655   0.3870967626571655   
0.6774193644523621   0.6774193644523621   
0.8709677457809448   0.8709677457809448   

15:00:25: local_reinforcement_logger.timestep_report +41: INFO     
 Step 44   Fraction valid SMILES: 100.0   Score: 0.5000   Time elapsed: 51   Time left: 6.8
  Agent     Prior     Target     Score     SMILES
-22.55    -24.39     49.68      0.90      c1(OC)ccc(N=c2[nH]cc(CN3CCN(c4ccccc4)CC3)cc2)cc1
-25.95    -25.23     40.90      0.81      c1(C2=C(c3cccc(OC)c3)CCC2)c(C(=O)O)cccc1
-26.36    -26.70     -5.54      0.26      c1ccc(C)c(NC(=O)NC2c3c(ccc(NC=O)c3)OC(C)(C)C2)c1C
-24.40    -24.76     36.07      0.74      c1ccc(C(=O)c2ccc(Cl)cc2)c(N(C)C(CNC2CCCCC2)=O)c1
-27.63    -27.92     -9.40      0.23      c1c(C)ccc(-c2sc(C(C=Nc3ccccc3)C#N)nn2)c1
-29.36    -29.06     26.48      0.68      O(CC=C)c1ccc(CC(NC(=O)c2ccc(O)c(-c3cc(Cl)c(Cl)cc3)c2)C(=O)O)cc1
-25.09    -25.36      3.74      0.35      C(NC(C)c1nnc2n1CCN(Cc1cccnc1)C2)(C1CC1)=O
-30.71    -30.66     11.66      0.52      c1(C#CC#CC=CC(O)=NO)cc(F)cc2c1OCOC2
-36.75    -36.41    -25.83      0.13      c1c(C(N2CCOCC2)CNC(C(CC(=O)N2CCN(Cc3c(C)cccc3)CC2)(C)C)=O)cccc1
-22.02    -22.62     17.06      0.48      c1cc(F)c(C)cc1NC(=O)Nc1ccc(Cl)cc1
Human-Component   raw_Human-Component
0.9032257795333862   0.9032257795333862   
0.8064516186714172   0.8064516186714172   
0.25806450843811035   0.25806450843811035   
0.7419354915618896   0.7419354915618896   
0.22580644488334656   0.22580644488334656   
0.6774193644523621   0.6774193644523621   
0.35483869910240173   0.35483869910240173   
0.5161290168762207   0.5161290168762207   
0.12903225421905518   0.12903225421905518   
0.4838709533214569   0.4838709533214569   

15:00:25: local_reinforcement_logger.timestep_report +41: INFO     
 Step 45   Fraction valid SMILES: 100.0   Score: 0.5000   Time elapsed: 52   Time left: 5.7
  Agent     Prior     Target     Score     SMILES
-19.27    -20.25     53.82      0.90      c1(-c2cc(CN3CCCCC3)ccc2)ccc(CN2CCCCC2)cc1
-28.76    -28.61     29.58      0.71      Clc1ccccc1-n1c(O)cc(C(Nc2cc(S(=O)(N3CCCCC3)=O)c(F)cc2)O)c1
-34.87    -35.47      6.85      0.52      C1(O)OCC(O)C(O)C1NCc1cc(Cl)c(OCc2ccccc2F)c(F)c1
-33.68    -33.41     -9.61      0.29      c1cc2c(c(=NC(C(Nc3c(C(=O)N)cccc3)O)C)cc[nH]2)cc1
-35.16    -35.81     19.73      0.68      c1(NC)c(O)c(-c2c3cc(Cl)ccc3ccc2O)ccc1N
-33.57    -33.55    -33.55      0.00      C(C)(C)C1C(=O)OC1CC(C)C(NCCc1ccc(OC)cc1)=O
-23.59    -24.20    -16.27      0.10      c1cc(-n2c(=O)n(Cc3cc(C)ccc3)c3c(cccn3)c2=O)ccc1OC
-22.98    -23.13      5.96      0.35      s1cccc1-c1[nH]c(N2CCOCC2)nc(=NCCO)n1
-23.59    -24.87     54.49      0.97      c1(N2CCN(Cc3ccc4c(c3)OCO4)CC2)c2ccccc2c2nc3c(n2c1)cccc3
-20.59    -20.96     16.08      0.45      c1c(Oc2ccccc2)cccc1C(=O)NCC
Human-Component   raw_Human-Component
0.9032257795333862   0.9032257795333862   
0.7096773982048035   0.7096773982048035   
0.5161290168762207   0.5161290168762207   
0.29032257199287415   0.29032257199287415   
0.6774193644523621   0.6774193644523621   
0.0   0.0   
0.09677419066429138   0.09677419066429138   
0.35483869910240173   0.35483869910240173   
0.9677419066429138   0.9677419066429138   
0.4516128897666931   0.4516128897666931   

15:00:27: local_reinforcement_logger.timestep_report +41: INFO     
 Step 46   Fraction valid SMILES: 100.0   Score: 0.5000   Time elapsed: 53   Time left: 4.5
  Agent     Prior     Target     Score     SMILES
-22.71    -23.38     26.88      0.61      c1cc2c(cc1)C(C1CCCCC1)=NN(C(=O)c1ccccc1)C(=O)N2C
-28.48    -28.05    -20.12      0.10      C(O)C1C(O)C(O)C(NC(Nc2c(OC)cc(OC)cc2)=S)O1
-22.81    -23.27    -10.04      0.16      NCC(Nc1ccc2c(c1)c(=Nc1cccc(Br)c1)nc[nH]2)=O
-38.17    -37.60     39.11      0.94      O=C(N1CC2C(C1)N(C)CCN2c1ccccn1)c1ccc(C(N(C)C)=O)cc1
-27.45    -27.86     43.56      0.87      N(CC1CC1)C1CCC(C(N2CCc3ccc(C(F)(F)F)cc3C2C)=O)(C(C)C)C1
-25.96    -27.49     20.12      0.58      C1N2CCC(C(NC(c3cccc(OC)c3OCc3ccccc3)=O)C2)C1
-25.65    -25.31     19.65      0.55      c1c(C(c2ccc(O)cc2)=C2CCCCC2)ccc(NC(=O)CCl)c1
-20.49    -20.50     42.98      0.77      N(CCCC)C(=O)C(=O)c1c[nH]c2ccccc21
-18.88    -19.70      1.46      0.26      Cc1[nH]c(=NCc2ccccc2)cc(C)n1
-40.85    -40.25     -8.51      0.39      Cc1nc(CF)cn2c(-c3[nH]c(=NC(c4ccccc4)C)ccc3F)c(C)nc12
Human-Component   raw_Human-Component
0.6129032373428345   0.6129032373428345   
0.09677419066429138   0.09677419066429138   
0.16129031777381897   0.16129031777381897   
0.9354838728904724   0.9354838728904724   
0.8709677457809448   0.8709677457809448   
0.5806451439857483   0.5806451439857483   
0.5483871102333069   0.5483871102333069   
0.774193525314331   0.774193525314331   
0.25806450843811035   0.25806450843811035   
0.3870967626571655   0.3870967626571655   

15:00:27: local_reinforcement_logger.timestep_report +41: INFO     
 Step 47   Fraction valid SMILES: 100.0   Score: 0.4698   Time elapsed: 54   Time left: 3.4
  Agent     Prior     Target     Score     SMILES
-32.18    -31.77    -31.77      0.00      c1ccc(C2CCc3c(ccc(Oc4sc(CNC(Cn5ncc(C)c5)=O)cc4)c3)O2)c(C(F)(F)F)c1
-20.64    -22.37     59.63      1.00      c1cccc(COCCN2CCN(c3cccc(OC)c3)CC2)c1
-17.21    -17.75     45.73      0.77      c12ccccc1c(CCC(O)=O)c[nH]2
-25.79    -26.23     -5.07      0.26      c1c2cccc(NC(Nc3c(C)nc4c(nc[nH]4)c3)=O)c2ccc1
-25.61    -26.51     39.62      0.81      c1(F)ccc(-c2ncc3ccccc3c2-c2ccc(F)cc2)c(F)c1
-41.79    -42.23    -18.42      0.29      Oc1ccc(CC(OC2C3(O)C(C)(C)CC(O)C3C3(C)C(C4(C)C=CC(=O)C(C)C4CC3)C2)=O)cc1
-23.70    -24.70    -19.41      0.06      c1(N2CCOCC2)c([N+](=O)[O-])cc(C=NOCC)cn1
-32.10    -32.90      6.77      0.48      N(=c1[nH]c2cc(Cl)ccc2c(=Nc2c(C)cc(C)cc2)[nH]1)c1cccc(N)c1
-32.49    -32.55    -16.68      0.19      c1cccc2n(CC(O)CN=c3cc(C)c(-c4ccccc4)n[nH]3)c3ccccc3c12
-23.45    -24.56      7.19      0.39      c1cc(NC(c2ccccn2)=O)cc2cc(O)[nH]c12
Human-Component   raw_Human-Component
0.0   0.0   
1.0   1.0   
0.774193525314331   0.774193525314331   
0.25806450843811035   0.25806450843811035   
0.8064516186714172   0.8064516186714172   
0.29032257199287415   0.29032257199287415   
0.06451612710952759   0.06451612710952759   
0.4838709533214569   0.4838709533214569   
0.19354838132858276   0.19354838132858276   
0.3870967626571655   0.3870967626571655   

15:00:28: local_reinforcement_logger.timestep_report +41: INFO     
 Step 48   Fraction valid SMILES: 100.0   Score: 0.5000   Time elapsed: 55   Time left: 2.2
  Agent     Prior     Target     Score     SMILES
-21.80    -23.23     56.13      0.97      COc1cc(N2CCN(C)CC2)ccc1N=c1[nH]cc2c(n1)-c1c(nn(C)c1-c1ccccc1OC)CC2
-29.37    -30.22     33.27      0.77      C1CC=C2C1C(C)(C)Oc1cc(C3OCCO3)cc(O)c12
-35.81    -35.20     -0.82      0.42      c1cccc2c1c(CC(NC(=O)C(NC(=O)OCC(C)C)CC(=O)OCC)C(NCCc1ccccc1)=O)c[nH]2
-50.10    -48.34    -32.47      0.19      C(NC(=O)c1cc(Cl)ccc1NC(=O)c1oc(Br)cc1)CCNC(CN(N)CC(OCC)=O)=O
-25.25    -25.35     11.68      0.45      C1C(C(=O)Nc2c(C)ccc(F)c2)CN(S(N2CCN(C(=O)OCC)CC2)(=O)=O)CC1
-21.05    -21.35     10.40      0.39      N1(C(COc2ccc3c(c2)oc(=O)cc3C)=O)CCC(C)CC1
-26.43    -26.43     31.76      0.71      c1(N2CCC3CC(C(O)=O)NC3C2)cc(C)ncn1
-29.83    -29.18     44.88      0.90      c1nc(C#N)cc(N2C(=O)N(C3CCN(Cc4ccc5c(c4)OCO5)CC3)CC2)c1
-22.48    -23.16    -15.23      0.10      O1CCN(C(=O)CCc2ncc(-c3ccccc3)o2)CC1
-27.75    -28.82     -2.36      0.32      c1c(C#N)c(-c2ccccc2)ccc1C(C)=Cc1ccc(C(O)=O)cc1
Human-Component   raw_Human-Component
0.9677419066429138   0.9677419066429138   
0.774193525314331   0.774193525314331   
0.4193548262119293   0.4193548262119293   
0.19354838132858276   0.19354838132858276   
0.4516128897666931   0.4516128897666931   
0.3870967626571655   0.3870967626571655   
0.7096773982048035   0.7096773982048035   
0.9032257795333862   0.9032257795333862   
0.09677419066429138   0.09677419066429138   
0.32258063554763794   0.32258063554763794   

15:00:29: local_reinforcement_logger.timestep_report +41: INFO     
 Step 49   Fraction valid SMILES: 100.0   Score: 0.5000   Time elapsed: 56   Time left: 1.1
  Agent     Prior     Target     Score     SMILES
-23.94    -25.01     38.48      0.77      c1ccc2n1-c1ccc(Cl)cc1C(=O)N1CCCN12
-23.93    -23.49    -20.85      0.03      O1COc2c(OC)cc(CC(OCC)=O)cc21
-22.14    -22.98      0.83      0.29      N1=c2ccc(=C(C#N)C#N)cc2-c2ccccc2C1=O
-22.02    -24.84     33.35      0.71      C(CCCCC)CC[N+](CCCCCCCCCCCCCCCC)(C)CCC[N+](CCCCCCCCCCCC)(C)C
-23.31    -24.47     17.85      0.52      C1CN(c2ncccc2)CCN1C(=O)C(Cc1c(F)cccc1)C
-15.95    -16.96     20.07      0.45      C1N(c2nc3ccccc3nc2)CCOC1
-27.10    -26.24    -26.24      0.00      N(CC(Nc1ccc(C)cc1)=O)(S(c1ccccc1)(=O)=O)Cc1ccc(C(OCC)=O)cc1
-28.85    -29.42     -0.32      0.35      c1c(Oc2ccc(CN3CCC4(CCN(C(CNC)=O)CC4)CC3)cc2)nccc1
-30.85    -31.14      3.24      0.42      c12n(CC)c3c(ccc(C)c3)c1oc(C(=O)N1CCCC1)c2C
-25.99    -27.01     17.96      0.55      C1CC2(OC(NCCOC)=O)CN(CC2)C1
Human-Component   raw_Human-Component
0.774193525314331   0.774193525314331   
0.032258063554763794   0.032258063554763794   
0.29032257199287415   0.29032257199287415   
0.7096773982048035   0.7096773982048035   
0.5161290168762207   0.5161290168762207   
0.4516128897666931   0.4516128897666931   
0.0   0.0   
0.35483869910240173   0.35483869910240173   
0.4193548262119293   0.4193548262119293   
0.5483871102333069   0.5483871102333069   

